#0 building with "default" instance using docker driver

#1 [internal] load build definition from v1_Dockerfile
#1 ...

#2 [internal] load .dockerignore
#2 transferring context: 2B done
#2 DONE 0.4s

#1 [internal] load build definition from v1_Dockerfile
#1 transferring dockerfile: 800B done
#1 DONE 0.5s

#3 [auth] library/node:pull token for registry-1.docker.io
#3 DONE 0.0s

#4 [internal] load metadata for docker.io/library/node:14-alpine
#4 DONE 1.4s

#5 [ 1/11] FROM docker.io/library/node:14-alpine@sha256:434215b487a329c9e867202ff89e704d3a75e554822e07f3e0c0f9e606121b33
#5 resolve docker.io/library/node:14-alpine@sha256:434215b487a329c9e867202ff89e704d3a75e554822e07f3e0c0f9e606121b33
#5 resolve docker.io/library/node:14-alpine@sha256:434215b487a329c9e867202ff89e704d3a75e554822e07f3e0c0f9e606121b33 0.1s done
#5 sha256:4e84c956cd276af9ed14a8b2939a734364c2b0042485e90e1b97175e73dfd548 1.16kB / 1.16kB done
#5 sha256:0dac3dc27b1ad570e6c3a7f7cd29e88e7130ff0cad31b2ec5a0f222fbe971bdb 6.44kB / 6.44kB done
#5 sha256:434215b487a329c9e867202ff89e704d3a75e554822e07f3e0c0f9e606121b33 1.43kB / 1.43kB done
#5 sha256:f56be85fc22e46face30e2c3de3f7fe7c15f8fd7c4e5add29d7f64b87abdaa09 0B / 3.37MB 0.2s
#5 sha256:8f665685b215c7daf9164545f1bbdd74d800af77d0d267db31fe0345c0c8fb8b 0B / 37.17MB 0.2s
#5 sha256:f56be85fc22e46face30e2c3de3f7fe7c15f8fd7c4e5add29d7f64b87abdaa09 3.37MB / 3.37MB 0.3s done
#5 sha256:e5fca6c395a62ec277102af9e5283f6edb43b3e4f20f798e3ce7e425be226ba6 0B / 2.37MB 0.3s
#5 sha256:8f665685b215c7daf9164545f1bbdd74d800af77d0d267db31fe0345c0c8fb8b 3.15MB / 37.17MB 0.5s
#5 sha256:e5fca6c395a62ec277102af9e5283f6edb43b3e4f20f798e3ce7e425be226ba6 1.05MB / 2.37MB 0.5s
#5 extracting sha256:f56be85fc22e46face30e2c3de3f7fe7c15f8fd7c4e5add29d7f64b87abdaa09
#5 sha256:561cb69653d56a9725be56e02128e4e96fb434a8b4b4decf2bdeb479a225feaf 0B / 448B 0.5s
#5 sha256:8f665685b215c7daf9164545f1bbdd74d800af77d0d267db31fe0345c0c8fb8b 7.34MB / 37.17MB 0.6s
#5 sha256:e5fca6c395a62ec277102af9e5283f6edb43b3e4f20f798e3ce7e425be226ba6 2.37MB / 2.37MB 0.6s
#5 sha256:561cb69653d56a9725be56e02128e4e96fb434a8b4b4decf2bdeb479a225feaf 448B / 448B 0.6s
#5 sha256:8f665685b215c7daf9164545f1bbdd74d800af77d0d267db31fe0345c0c8fb8b 9.44MB / 37.17MB 0.6s
#5 sha256:e5fca6c395a62ec277102af9e5283f6edb43b3e4f20f798e3ce7e425be226ba6 2.37MB / 2.37MB 0.6s done
#5 sha256:561cb69653d56a9725be56e02128e4e96fb434a8b4b4decf2bdeb479a225feaf 448B / 448B 0.6s done
#5 sha256:8f665685b215c7daf9164545f1bbdd74d800af77d0d267db31fe0345c0c8fb8b 11.53MB / 37.17MB 0.8s
#5 sha256:8f665685b215c7daf9164545f1bbdd74d800af77d0d267db31fe0345c0c8fb8b 15.73MB / 37.17MB 0.9s
#5 sha256:8f665685b215c7daf9164545f1bbdd74d800af77d0d267db31fe0345c0c8fb8b 19.92MB / 37.17MB 1.0s
#5 sha256:8f665685b215c7daf9164545f1bbdd74d800af77d0d267db31fe0345c0c8fb8b 25.17MB / 37.17MB 1.0s
#5 sha256:8f665685b215c7daf9164545f1bbdd74d800af77d0d267db31fe0345c0c8fb8b 34.60MB / 37.17MB 1.3s
#5 extracting sha256:f56be85fc22e46face30e2c3de3f7fe7c15f8fd7c4e5add29d7f64b87abdaa09 0.9s done
#5 sha256:8f665685b215c7daf9164545f1bbdd74d800af77d0d267db31fe0345c0c8fb8b 37.17MB / 37.17MB 1.4s
#5 sha256:8f665685b215c7daf9164545f1bbdd74d800af77d0d267db31fe0345c0c8fb8b 37.17MB / 37.17MB 1.9s done
#5 extracting sha256:8f665685b215c7daf9164545f1bbdd74d800af77d0d267db31fe0345c0c8fb8b
#5 extracting sha256:8f665685b215c7daf9164545f1bbdd74d800af77d0d267db31fe0345c0c8fb8b 5.1s
#5 extracting sha256:8f665685b215c7daf9164545f1bbdd74d800af77d0d267db31fe0345c0c8fb8b 6.0s done
#5 extracting sha256:e5fca6c395a62ec277102af9e5283f6edb43b3e4f20f798e3ce7e425be226ba6
#5 extracting sha256:e5fca6c395a62ec277102af9e5283f6edb43b3e4f20f798e3ce7e425be226ba6 0.6s done
#5 extracting sha256:561cb69653d56a9725be56e02128e4e96fb434a8b4b4decf2bdeb479a225feaf done
#5 DONE 10.8s

#6 [ 2/11] RUN adduser -D -s /bin/bash hubot-matteruser
#6 DONE 4.8s

#7 [ 3/11] RUN mkdir -p /usr/src/hubot-matteruser
#7 DONE 2.1s

#8 [ 4/11] RUN chown hubot-matteruser:hubot-matteruser /usr/src/hubot-matteruser
#8 DONE 1.9s

#9 [ 5/11] RUN chown hubot-matteruser:hubot-matteruser /usr/local/lib/node_modules/
#9 DONE 2.2s

#10 [ 6/11] RUN chown hubot-matteruser:hubot-matteruser /usr/local/bin/
#10 DONE 2.1s

#11 [ 7/11] WORKDIR /usr/src/hubot-matteruser
#11 DONE 0.5s

#12 [ 8/11] RUN npm install -g yo
#12 35.88 npm WARN deprecated npmlog@2.0.4: This package is no longer supported.
#12 39.11 npm WARN deprecated are-we-there-yet@1.1.7: This package is no longer supported.
#12 39.11 npm WARN deprecated gauge@1.2.7: This package is no longer supported.
#12 126.9 /usr/local/bin/yo -> /usr/local/lib/node_modules/yo/lib/cli.js
#12 126.9 /usr/local/bin/yo-complete -> /usr/local/lib/node_modules/yo/lib/completion/index.js
#12 127.7 
#12 127.7 > core-js@3.37.1 postinstall /usr/local/lib/node_modules/yo/node_modules/core-js
#12 127.7 > node -e "try{require('./postinstall')}catch(e){}"
#12 127.7 
#12 128.2 [96mThank you for using core-js ([94m https://github.com/zloirock/core-js [96m) for polyfilling JavaScript standard library![0m
#12 128.2 
#12 128.2 [96mThe project needs your help! Please consider supporting core-js:[0m
#12 128.2 [96m>[94m https://opencollective.com/core-js [0m
#12 128.2 [96m>[94m https://patreon.com/zloirock [0m
#12 128.2 [96m>[94m https://boosty.to/zloirock [0m
#12 128.2 [96m>[94m bitcoin: bc1qlea7544qtsmj2rayg0lthvza9fau63ux0fstcz [0m
#12 128.2 
#12 128.2 [96mI highly recommend reading this:[94m https://github.com/zloirock/core-js/blob/master/docs/2023-02-14-so-whats-next.md [96m[0m
#12 128.2 
#12 128.7 
#12 128.7 > spawn-sync@1.0.15 postinstall /usr/local/lib/node_modules/yo/node_modules/spawn-sync
#12 128.7 > node postinstall
#12 128.7 
#12 129.4 
#12 129.4 > yo@5.0.0 postinstall /usr/local/lib/node_modules/yo
#12 129.4 > yodoctor
#12 129.4 
#12 130.2 
#12 130.2 Yeoman Doctor
#12 130.2 Running sanity checks on your system
#12 130.2 
#12 131.1 ✔ No .bowerrc file in home directory
#12 131.1 ✔ Global configuration file is valid
#12 131.1 ✔ NODE_PATH matches the npm root
#12 131.1 ✔ No .yo-rc.json file in home directory
#12 131.1 ✔ Node.js version
#12 131.2 ✔ npm version
#12 133.4 ✔ yo version
#12 133.4 
#12 133.4 Everything looks all right!
#12 133.7 npm WARN notsup Unsupported engine for yo@5.0.0: wanted: {"node":"^18.17.0 || >=20.5.0"} (current: {"node":"14.21.3","npm":"6.14.18"})
#12 133.7 npm WARN notsup Not compatible with your version of node/npm: yo@5.0.0
#12 133.7 npm WARN notsup Unsupported engine for yeoman-environment@4.4.1: wanted: {"node":"^18.17.0 || >=20.5.0"} (current: {"node":"14.21.3","npm":"6.14.18"})
#12 133.7 npm WARN notsup Not compatible with your version of node/npm: yeoman-environment@4.4.1
#12 133.7 npm WARN notsup Unsupported engine for execa@8.0.1: wanted: {"node":">=16.17"} (current: {"node":"14.21.3","npm":"6.14.18"})
#12 133.7 npm WARN notsup Not compatible with your version of node/npm: execa@8.0.1
#12 133.8 npm WARN notsup Unsupported engine for @yeoman/namespace@1.0.0: wanted: {"node":"^16.13.0 || >=18.12.0"} (current: {"node":"14.21.3","npm":"6.14.18"})
#12 133.8 npm WARN notsup Not compatible with your version of node/npm: @yeoman/namespace@1.0.0
#12 133.8 npm WARN notsup Unsupported engine for @yeoman/transform@1.2.0: wanted: {"node":"^16.13.0 || >=18.12.0"} (current: {"node":"14.21.3","npm":"6.14.18"})
#12 133.8 npm WARN notsup Not compatible with your version of node/npm: @yeoman/transform@1.2.0
#12 133.9 npm WARN notsup Unsupported engine for commander@11.1.0: wanted: {"node":">=16"} (current: {"node":"14.21.3","npm":"6.14.18"})
#12 133.9 npm WARN notsup Not compatible with your version of node/npm: commander@11.1.0
#12 133.9 npm WARN notsup Unsupported engine for @yeoman/adapter@1.4.0: wanted: {"node":"^16.13.0 || >=18.12.0"} (current: {"node":"14.21.3","npm":"6.14.18"})
#12 133.9 npm WARN notsup Not compatible with your version of node/npm: @yeoman/adapter@1.4.0
#12 134.0 npm WARN notsup Unsupported engine for @yeoman/conflicter@2.0.0: wanted: {"node":">=18.12.0"} (current: {"node":"14.21.3","npm":"6.14.18"})
#12 134.0 npm WARN notsup Not compatible with your version of node/npm: @yeoman/conflicter@2.0.0
#12 134.1 npm WARN notsup Unsupported engine for @yeoman/types@1.2.0: wanted: {"node":"^16.13.0 || >=18.12.0"} (current: {"node":"14.21.3","npm":"6.14.18"})
#12 134.1 npm WARN notsup Not compatible with your version of node/npm: @yeoman/types@1.2.0
#12 134.2 npm WARN notsup Unsupported engine for fly-import@0.4.0: wanted: {"node":"^16.14.0 || >=18.0.0"} (current: {"node":"14.21.3","npm":"6.14.18"})
#12 134.2 npm WARN notsup Not compatible with your version of node/npm: fly-import@0.4.0
#12 134.2 npm WARN notsup Unsupported engine for globby@14.0.2: wanted: {"node":">=18"} (current: {"node":"14.21.3","npm":"6.14.18"})
#12 134.2 npm WARN notsup Not compatible with your version of node/npm: globby@14.0.2
#12 134.3 npm WARN notsup Unsupported engine for mem-fs@4.1.0: wanted: {"node":">=18.0.0"} (current: {"node":"14.21.3","npm":"6.14.18"})
#12 134.3 npm WARN notsup Not compatible with your version of node/npm: mem-fs@4.1.0
#12 134.4 npm WARN notsup Unsupported engine for mem-fs-editor@11.0.1: wanted: {"node":">=18.0.0"} (current: {"node":"14.21.3","npm":"6.14.18"})
#12 134.4 npm WARN notsup Not compatible with your version of node/npm: mem-fs-editor@11.0.1
#12 134.4 npm WARN notsup Unsupported engine for which-package-manager@0.0.1: wanted: {"node":"^16.13.0 || >=18.12.0"} (current: {"node":"14.21.3","npm":"6.14.18"})
#12 134.4 npm WARN notsup Not compatible with your version of node/npm: which-package-manager@0.0.1
#12 134.5 npm WARN notsup Unsupported engine for untildify@5.0.0: wanted: {"node":">=16"} (current: {"node":"14.21.3","npm":"6.14.18"})
#12 134.5 npm WARN notsup Not compatible with your version of node/npm: untildify@5.0.0
#12 134.5 npm WARN notsup Unsupported engine for inquirer@9.3.6: wanted: {"node":">=18"} (current: {"node":"14.21.3","npm":"6.14.18"})
#12 134.5 npm WARN notsup Not compatible with your version of node/npm: inquirer@9.3.6
#12 134.5 npm WARN notsup Unsupported engine for yoctocolors-cjs@2.1.2: wanted: {"node":">=18"} (current: {"node":"14.21.3","npm":"6.14.18"})
#12 134.5 npm WARN notsup Not compatible with your version of node/npm: yoctocolors-cjs@2.1.2
#12 134.5 npm WARN notsup Unsupported engine for @inquirer/figures@1.0.5: wanted: {"node":">=18"} (current: {"node":"14.21.3","npm":"6.14.18"})
#12 134.5 npm WARN notsup Not compatible with your version of node/npm: @inquirer/figures@1.0.5
#12 134.6 npm WARN notsup Unsupported engine for p-transform@4.1.5: wanted: {"node":">=16.13.0"} (current: {"node":"14.21.3","npm":"6.14.18"})
#12 134.6 npm WARN notsup Not compatible with your version of node/npm: p-transform@4.1.5
#12 134.6 npm WARN notsup Unsupported engine for isbinaryfile@5.0.2: wanted: {"node":">= 18.0.0"} (current: {"node":"14.21.3","npm":"6.14.18"})
#12 134.6 npm WARN notsup Not compatible with your version of node/npm: isbinaryfile@5.0.2
#12 134.6 npm WARN notsup Unsupported engine for get-stream@8.0.1: wanted: {"node":">=16"} (current: {"node":"14.21.3","npm":"6.14.18"})
#12 134.6 npm WARN notsup Not compatible with your version of node/npm: get-stream@8.0.1
#12 134.6 npm WARN notsup Unsupported engine for human-signals@5.0.0: wanted: {"node":">=16.17.0"} (current: {"node":"14.21.3","npm":"6.14.18"})
#12 134.6 npm WARN notsup Not compatible with your version of node/npm: human-signals@5.0.0
#12 134.7 npm WARN notsup Unsupported engine for @npmcli/arborist@7.5.4: wanted: {"node":"^16.14.0 || >=18.0.0"} (current: {"node":"14.21.3","npm":"6.14.18"})
#12 134.7 npm WARN notsup Not compatible with your version of node/npm: @npmcli/arborist@7.5.4
#12 134.7 npm WARN notsup Unsupported engine for @npmcli/metavuln-calculator@7.1.1: wanted: {"node":"^16.14.0 || >=18.0.0"} (current: {"node":"14.21.3","npm":"6.14.18"})
#12 134.7 npm WARN notsup Not compatible with your version of node/npm: @npmcli/metavuln-calculator@7.1.1
#12 134.7 npm WARN notsup Unsupported engine for @npmcli/package-json@5.2.0: wanted: {"node":"^16.14.0 || >=18.0.0"} (current: {"node":"14.21.3","npm":"6.14.18"})
#12 134.7 npm WARN notsup Not compatible with your version of node/npm: @npmcli/package-json@5.2.0
#12 134.8 npm WARN notsup Unsupported engine for @npmcli/redact@2.0.1: wanted: {"node":"^16.14.0 || >=18.0.0"} (current: {"node":"14.21.3","npm":"6.14.18"})
#12 134.8 npm WARN notsup Not compatible with your version of node/npm: @npmcli/redact@2.0.1
#12 134.8 npm WARN notsup Unsupported engine for hosted-git-info@7.0.2: wanted: {"node":"^16.14.0 || >=18.0.0"} (current: {"node":"14.21.3","npm":"6.14.18"})
#12 134.8 npm WARN notsup Not compatible with your version of node/npm: hosted-git-info@7.0.2
#12 134.8 npm WARN notsup Unsupported engine for @npmcli/run-script@8.1.0: wanted: {"node":"^16.14.0 || >=18.0.0"} (current: {"node":"14.21.3","npm":"6.14.18"})
#12 134.8 npm WARN notsup Not compatible with your version of node/npm: @npmcli/run-script@8.1.0
#12 134.9 npm WARN notsup Unsupported engine for cacache@18.0.4: wanted: {"node":"^16.14.0 || >=18.0.0"} (current: {"node":"14.21.3","npm":"6.14.18"})
#12 134.9 npm WARN notsup Not compatible with your version of node/npm: cacache@18.0.4
#12 134.9 npm WARN notsup Unsupported engine for npm-package-arg@11.0.3: wanted: {"node":"^16.14.0 || >=18.0.0"} (current: {"node":"14.21.3","npm":"6.14.18"})
#12 134.9 npm WARN notsup Not compatible with your version of node/npm: npm-package-arg@11.0.3
#12 134.9 npm WARN notsup Unsupported engine for npm-pick-manifest@9.1.0: wanted: {"node":"^16.14.0 || >=18.0.0"} (current: {"node":"14.21.3","npm":"6.14.18"})
#12 134.9 npm WARN notsup Not compatible with your version of node/npm: npm-pick-manifest@9.1.0
#12 135.0 npm WARN notsup Unsupported engine for npm-registry-fetch@17.1.0: wanted: {"node":"^16.14.0 || >=18.0.0"} (current: {"node":"14.21.3","npm":"6.14.18"})
#12 135.0 npm WARN notsup Not compatible with your version of node/npm: npm-registry-fetch@17.1.0
#12 135.0 npm WARN notsup Unsupported engine for pacote@18.0.6: wanted: {"node":"^16.14.0 || >=18.0.0"} (current: {"node":"14.21.3","npm":"6.14.18"})
#12 135.0 npm WARN notsup Not compatible with your version of node/npm: pacote@18.0.6
#12 135.1 npm WARN notsup Unsupported engine for sigstore@2.3.1: wanted: {"node":"^16.14.0 || >=18.0.0"} (current: {"node":"14.21.3","npm":"6.14.18"})
#12 135.1 npm WARN notsup Not compatible with your version of node/npm: sigstore@2.3.1
#12 135.1 npm WARN notsup Unsupported engine for @npmcli/promise-spawn@7.0.2: wanted: {"node":"^16.14.0 || >=18.0.0"} (current: {"node":"14.21.3","npm":"6.14.18"})
#12 135.1 npm WARN notsup Not compatible with your version of node/npm: @npmcli/promise-spawn@7.0.2
#12 135.2 npm WARN notsup Unsupported engine for @npmcli/git@5.0.8: wanted: {"node":"^16.14.0 || >=18.0.0"} (current: {"node":"14.21.3","npm":"6.14.18"})
#12 135.2 npm WARN notsup Not compatible with your version of node/npm: @npmcli/git@5.0.8
#12 135.2 npm WARN notsup Unsupported engine for which@4.0.0: wanted: {"node":"^16.13.0 || >=18.0.0"} (current: {"node":"14.21.3","npm":"6.14.18"})
#12 135.2 npm WARN notsup Not compatible with your version of node/npm: which@4.0.0
#12 135.2 npm WARN notsup Unsupported engine for which@4.0.0: wanted: {"node":"^16.13.0 || >=18.0.0"} (current: {"node":"14.21.3","npm":"6.14.18"})
#12 135.2 npm WARN notsup Not compatible with your version of node/npm: which@4.0.0
#12 135.3 npm WARN notsup Unsupported engine for isexe@3.1.1: wanted: {"node":">=16"} (current: {"node":"14.21.3","npm":"6.14.18"})
#12 135.3 npm WARN notsup Not compatible with your version of node/npm: isexe@3.1.1
#12 135.3 npm WARN notsup Unsupported engine for hosted-git-info@7.0.2: wanted: {"node":"^16.14.0 || >=18.0.0"} (current: {"node":"14.21.3","npm":"6.14.18"})
#12 135.3 npm WARN notsup Not compatible with your version of node/npm: hosted-git-info@7.0.2
#12 135.3 npm WARN notsup Unsupported engine for isexe@3.1.1: wanted: {"node":">=16"} (current: {"node":"14.21.3","npm":"6.14.18"})
#12 135.3 npm WARN notsup Not compatible with your version of node/npm: isexe@3.1.1
#12 135.3 npm WARN notsup Unsupported engine for hosted-git-info@7.0.2: wanted: {"node":"^16.14.0 || >=18.0.0"} (current: {"node":"14.21.3","npm":"6.14.18"})
#12 135.3 npm WARN notsup Not compatible with your version of node/npm: hosted-git-info@7.0.2
#12 135.4 npm WARN notsup Unsupported engine for normalize-package-data@6.0.2: wanted: {"node":"^16.14.0 || >=18.0.0"} (current: {"node":"14.21.3","npm":"6.14.18"})
#12 135.4 npm WARN notsup Not compatible with your version of node/npm: normalize-package-data@6.0.2
#12 135.4 npm WARN notsup Unsupported engine for which@4.0.0: wanted: {"node":"^16.13.0 || >=18.0.0"} (current: {"node":"14.21.3","npm":"6.14.18"})
#12 135.4 npm WARN notsup Not compatible with your version of node/npm: which@4.0.0
#12 135.5 npm WARN notsup Unsupported engine for node-gyp@10.2.0: wanted: {"node":"^16.14.0 || >=18.0.0"} (current: {"node":"14.21.3","npm":"6.14.18"})
#12 135.5 npm WARN notsup Not compatible with your version of node/npm: node-gyp@10.2.0
#12 135.5 npm WARN notsup Unsupported engine for which@4.0.0: wanted: {"node":"^16.13.0 || >=18.0.0"} (current: {"node":"14.21.3","npm":"6.14.18"})
#12 135.5 npm WARN notsup Not compatible with your version of node/npm: which@4.0.0
#12 135.5 npm WARN notsup Unsupported engine for make-fetch-happen@13.0.1: wanted: {"node":"^16.14.0 || >=18.0.0"} (current: {"node":"14.21.3","npm":"6.14.18"})
#12 135.5 npm WARN notsup Not compatible with your version of node/npm: make-fetch-happen@13.0.1
#12 135.6 npm WARN notsup Unsupported engine for @npmcli/agent@2.2.2: wanted: {"node":"^16.14.0 || >=18.0.0"} (current: {"node":"14.21.3","npm":"6.14.18"})
#12 135.6 npm WARN notsup Not compatible with your version of node/npm: @npmcli/agent@2.2.2
#12 135.6 npm WARN notsup Unsupported engine for isexe@3.1.1: wanted: {"node":">=16"} (current: {"node":"14.21.3","npm":"6.14.18"})
#12 135.6 npm WARN notsup Not compatible with your version of node/npm: isexe@3.1.1
#12 135.7 npm WARN notsup Unsupported engine for isexe@3.1.1: wanted: {"node":">=16"} (current: {"node":"14.21.3","npm":"6.14.18"})
#12 135.7 npm WARN notsup Not compatible with your version of node/npm: isexe@3.1.1
#12 135.7 npm WARN notsup Unsupported engine for @sigstore/tuf@2.3.4: wanted: {"node":"^16.14.0 || >=18.0.0"} (current: {"node":"14.21.3","npm":"6.14.18"})
#12 135.7 npm WARN notsup Not compatible with your version of node/npm: @sigstore/tuf@2.3.4
#12 135.8 npm WARN notsup Unsupported engine for @sigstore/sign@2.3.2: wanted: {"node":"^16.14.0 || >=18.0.0"} (current: {"node":"14.21.3","npm":"6.14.18"})
#12 135.8 npm WARN notsup Not compatible with your version of node/npm: @sigstore/sign@2.3.2
#12 135.8 npm WARN notsup Unsupported engine for @sigstore/core@1.1.0: wanted: {"node":"^16.14.0 || >=18.0.0"} (current: {"node":"14.21.3","npm":"6.14.18"})
#12 135.8 npm WARN notsup Not compatible with your version of node/npm: @sigstore/core@1.1.0
#12 135.8 npm WARN notsup Unsupported engine for @sigstore/verify@1.2.1: wanted: {"node":"^16.14.0 || >=18.0.0"} (current: {"node":"14.21.3","npm":"6.14.18"})
#12 135.8 npm WARN notsup Not compatible with your version of node/npm: @sigstore/verify@1.2.1
#12 135.9 npm WARN notsup Unsupported engine for @sigstore/protobuf-specs@0.3.2: wanted: {"node":"^16.14.0 || >=18.0.0"} (current: {"node":"14.21.3","npm":"6.14.18"})
#12 135.9 npm WARN notsup Not compatible with your version of node/npm: @sigstore/protobuf-specs@0.3.2
#12 135.9 npm WARN notsup Unsupported engine for @sigstore/bundle@2.3.2: wanted: {"node":"^16.14.0 || >=18.0.0"} (current: {"node":"14.21.3","npm":"6.14.18"})
#12 135.9 npm WARN notsup Not compatible with your version of node/npm: @sigstore/bundle@2.3.2
#12 135.9 npm WARN notsup Unsupported engine for tuf-js@2.2.1: wanted: {"node":"^16.14.0 || >=18.0.0"} (current: {"node":"14.21.3","npm":"6.14.18"})
#12 135.9 npm WARN notsup Not compatible with your version of node/npm: tuf-js@2.2.1
#12 136.0 npm WARN notsup Unsupported engine for @tufjs/models@2.0.1: wanted: {"node":"^16.14.0 || >=18.0.0"} (current: {"node":"14.21.3","npm":"6.14.18"})
#12 136.0 npm WARN notsup Not compatible with your version of node/npm: @tufjs/models@2.0.1
#12 136.0 npm WARN notsup Unsupported engine for @tufjs/canonical-json@2.0.0: wanted: {"node":"^16.14.0 || >=18.0.0"} (current: {"node":"14.21.3","npm":"6.14.18"})
#12 136.0 npm WARN notsup Not compatible with your version of node/npm: @tufjs/canonical-json@2.0.0
#12 136.0 npm WARN notsup Unsupported engine for unicorn-magic@0.1.0: wanted: {"node":">=18"} (current: {"node":"14.21.3","npm":"6.14.18"})
#12 136.0 npm WARN notsup Not compatible with your version of node/npm: unicorn-magic@0.1.0
#12 136.1 npm WARN notsup Unsupported engine for @sindresorhus/merge-streams@2.3.0: wanted: {"node":">=18"} (current: {"node":"14.21.3","npm":"6.14.18"})
#12 136.1 npm WARN notsup Not compatible with your version of node/npm: @sindresorhus/merge-streams@2.3.0
#12 136.1 
#12 136.1 + yo@5.0.0
#12 136.1 added 794 packages from 316 contributors in 132.47s
#12 DONE 137.9s

#13 [ 9/11] RUN npm install -g generator-hubot
#13 36.08 npm WARN notsup Unsupported engine for generator-hubot@2.0.3: wanted: {"node":">= 18.0.0"} (current: {"node":"14.21.3","npm":"6.14.18"})
#13 36.08 npm WARN notsup Not compatible with your version of node/npm: generator-hubot@2.0.3
#13 36.12 npm WARN notsup Unsupported engine for yeoman-generator@7.3.2: wanted: {"node":"^18.17.0 || >=20.5.0"} (current: {"node":"14.21.3","npm":"6.14.18"})
#13 36.12 npm WARN notsup Not compatible with your version of node/npm: yeoman-generator@7.3.2
#13 36.14 npm WARN notsup Unsupported engine for execa@8.0.1: wanted: {"node":">=16.17"} (current: {"node":"14.21.3","npm":"6.14.18"})
#13 36.14 npm WARN notsup Not compatible with your version of node/npm: execa@8.0.1
#13 36.16 npm WARN notsup Unsupported engine for mem-fs-editor@11.0.1: wanted: {"node":">=18.0.0"} (current: {"node":"14.21.3","npm":"6.14.18"})
#13 36.16 npm WARN notsup Not compatible with your version of node/npm: mem-fs-editor@11.0.1
#13 36.24 npm WARN notsup Unsupported engine for @yeoman/namespace@1.0.0: wanted: {"node":"^16.13.0 || >=18.12.0"} (current: {"node":"14.21.3","npm":"6.14.18"})
#13 36.24 npm WARN notsup Not compatible with your version of node/npm: @yeoman/namespace@1.0.0
#13 36.28 npm WARN notsup Unsupported engine for read-package-up@11.0.0: wanted: {"node":">=18"} (current: {"node":"14.21.3","npm":"6.14.18"})
#13 36.28 npm WARN notsup Not compatible with your version of node/npm: read-package-up@11.0.0
#13 36.31 npm WARN notsup Unsupported engine for get-stream@8.0.1: wanted: {"node":">=16"} (current: {"node":"14.21.3","npm":"6.14.18"})
#13 36.31 npm WARN notsup Not compatible with your version of node/npm: get-stream@8.0.1
#13 36.34 npm WARN notsup Unsupported engine for human-signals@5.0.0: wanted: {"node":">=16.17.0"} (current: {"node":"14.21.3","npm":"6.14.18"})
#13 36.34 npm WARN notsup Not compatible with your version of node/npm: human-signals@5.0.0
#13 36.37 npm WARN notsup Unsupported engine for isbinaryfile@5.0.2: wanted: {"node":">= 18.0.0"} (current: {"node":"14.21.3","npm":"6.14.18"})
#13 36.37 npm WARN notsup Not compatible with your version of node/npm: isbinaryfile@5.0.2
#13 36.41 npm WARN notsup Unsupported engine for type-fest@4.23.0: wanted: {"node":">=16"} (current: {"node":"14.21.3","npm":"6.14.18"})
#13 36.41 npm WARN notsup Not compatible with your version of node/npm: type-fest@4.23.0
#13 36.44 npm WARN notsup Unsupported engine for find-up-simple@1.0.0: wanted: {"node":">=18"} (current: {"node":"14.21.3","npm":"6.14.18"})
#13 36.44 npm WARN notsup Not compatible with your version of node/npm: find-up-simple@1.0.0
#13 36.47 npm WARN notsup Unsupported engine for read-pkg@9.0.1: wanted: {"node":">=18"} (current: {"node":"14.21.3","npm":"6.14.18"})
#13 36.47 npm WARN notsup Not compatible with your version of node/npm: read-pkg@9.0.1
#13 36.51 npm WARN notsup Unsupported engine for normalize-package-data@6.0.2: wanted: {"node":"^16.14.0 || >=18.0.0"} (current: {"node":"14.21.3","npm":"6.14.18"})
#13 36.51 npm WARN notsup Not compatible with your version of node/npm: normalize-package-data@6.0.2
#13 36.54 npm WARN notsup Unsupported engine for parse-json@8.1.0: wanted: {"node":">=18"} (current: {"node":"14.21.3","npm":"6.14.18"})
#13 36.54 npm WARN notsup Not compatible with your version of node/npm: parse-json@8.1.0
#13 36.56 npm WARN notsup Unsupported engine for unicorn-magic@0.1.0: wanted: {"node":">=18"} (current: {"node":"14.21.3","npm":"6.14.18"})
#13 36.56 npm WARN notsup Not compatible with your version of node/npm: unicorn-magic@0.1.0
#13 36.59 npm WARN notsup Unsupported engine for hosted-git-info@7.0.2: wanted: {"node":"^16.14.0 || >=18.0.0"} (current: {"node":"14.21.3","npm":"6.14.18"})
#13 36.59 npm WARN notsup Not compatible with your version of node/npm: hosted-git-info@7.0.2
#13 36.62 npm WARN notsup Unsupported engine for index-to-position@0.1.2: wanted: {"node":">=18"} (current: {"node":"14.21.3","npm":"6.14.18"})
#13 36.62 npm WARN notsup Not compatible with your version of node/npm: index-to-position@0.1.2
#13 36.72 npm WARN yeoman-generator@7.3.2 requires a peer of @yeoman/types@^1.1.1 but none is installed. You must install peer dependencies yourself.
#13 36.81 npm WARN yeoman-generator@7.3.2 requires a peer of mem-fs@^4.0.0 but none is installed. You must install peer dependencies yourself.
#13 36.84 npm WARN mem-fs-editor@11.0.1 requires a peer of mem-fs@^4.0.0 but none is installed. You must install peer dependencies yourself.
#13 36.84 
#13 36.84 + generator-hubot@2.0.3
#13 36.84 added 190 packages from 183 contributors in 33.288s
#13 DONE 37.9s

#14 [10/11] RUN echo "No" | yo hubot --adapter matteruser --owner="${hubot_owner}" --name="${hubot_name}" --description="${hubot_description}" --defaults && sed -i '/heroku/d' external-scripts.json
#14 8.632 Error [ERR_MODULE_NOT_FOUND]: Cannot find package 'stream' imported from /usr/local/lib/node_modules/yo/node_modules/mem-fs/dist/index.js
#14 8.632     at new NodeError (internal/errors.js:322:7)
#14 8.632     at packageResolve (internal/modules/esm/resolve.js:732:9)
#14 8.632     at moduleResolve (internal/modules/esm/resolve.js:773:18)
#14 8.632     at Loader.defaultResolve [as _resolve] (internal/modules/esm/resolve.js:887:11)
#14 8.632     at Loader.resolve (internal/modules/esm/loader.js:89:40)
#14 8.632     at Loader.getModuleJob (internal/modules/esm/loader.js:242:28)
#14 8.632     at ModuleWrap.<anonymous> (internal/modules/esm/module_job.js:76:40)
#14 8.632     at link (internal/modules/esm/module_job.js:75:36)
#14 ERROR: process "/bin/sh -c echo \"No\" | yo hubot --adapter matteruser --owner=\"${hubot_owner}\" --name=\"${hubot_name}\" --description=\"${hubot_description}\" --defaults && sed -i '/heroku/d' external-scripts.json" did not complete successfully: exit code: 1
------
 > [10/11] RUN echo "No" | yo hubot --adapter matteruser --owner="${hubot_owner}" --name="${hubot_name}" --description="${hubot_description}" --defaults && sed -i '/heroku/d' external-scripts.json:
8.632 Error [ERR_MODULE_NOT_FOUND]: Cannot find package 'stream' imported from /usr/local/lib/node_modules/yo/node_modules/mem-fs/dist/index.js
8.632     at new NodeError (internal/errors.js:322:7)
8.632     at packageResolve (internal/modules/esm/resolve.js:732:9)
8.632     at moduleResolve (internal/modules/esm/resolve.js:773:18)
8.632     at Loader.defaultResolve [as _resolve] (internal/modules/esm/resolve.js:887:11)
8.632     at Loader.resolve (internal/modules/esm/loader.js:89:40)
8.632     at Loader.getModuleJob (internal/modules/esm/loader.js:242:28)
8.632     at ModuleWrap.<anonymous> (internal/modules/esm/module_job.js:76:40)
8.632     at link (internal/modules/esm/module_job.js:75:36)
------
v1_Dockerfile:19
--------------------
  18 |     
  19 | >>> RUN echo "No" | yo hubot --adapter matteruser --owner="${hubot_owner}" --name="${hubot_name}" --description="${hubot_description}" --defaults \
  20 | >>> && sed -i '/heroku/d' external-scripts.json
  21 |     
--------------------
ERROR: failed to solve: process "/bin/sh -c echo \"No\" | yo hubot --adapter matteruser --owner=\"${hubot_owner}\" --name=\"${hubot_name}\" --description=\"${hubot_description}\" --defaults && sed -i '/heroku/d' external-scripts.json" did not complete successfully: exit code: 1
Duration: 3:32.65