#0 building with "default" instance using docker driver

#1 [internal] load .dockerignore
#1 transferring context:
#1 transferring context: 147B done
#1 DONE 0.3s

#2 [internal] load build definition from v1_Dockerfile
#2 transferring dockerfile: 920B done
#2 DONE 0.4s

#3 [internal] load metadata for docker.io/library/ruby:2.7.5
#3 DONE 1.2s

#4 [internal] load build context
#4 DONE 0.0s

#5 [1/8] FROM docker.io/library/ruby:2.7.5@sha256:365df8a52b0cb34939e59c69136f7488aa8d7a8f4c2711af0a1bc25b8e8e6471
#5 resolve docker.io/library/ruby:2.7.5@sha256:365df8a52b0cb34939e59c69136f7488aa8d7a8f4c2711af0a1bc25b8e8e6471
#5 resolve docker.io/library/ruby:2.7.5@sha256:365df8a52b0cb34939e59c69136f7488aa8d7a8f4c2711af0a1bc25b8e8e6471 0.2s done
#5 sha256:365df8a52b0cb34939e59c69136f7488aa8d7a8f4c2711af0a1bc25b8e8e6471 1.86kB / 1.86kB done
#5 sha256:be21dca200ab4fe84635075c00c983d2f6908eda7765bb20fb6c9d1d6f43f6d4 2.00kB / 2.00kB done
#5 sha256:e7c13114124cf17427e1f909e20aea6abc62b0037c3b382908b16cadb568a956 7.29kB / 7.29kB done
#5 sha256:dbba69284b2786013fe94fefe0c2e66a7d3cecbb20f6d691d71dac891ee37be5 0B / 54.94MB 0.2s
#5 sha256:9baf437a1badb6aad2dae5f2cd4a7b53a6c7ab6c14cba1ed1ecb42b4822b0e87 0B / 5.16MB 0.2s
#5 ...

#4 [internal] load build context
#4 transferring context: 105.42kB 0.0s done
#4 DONE 0.3s

#5 [1/8] FROM docker.io/library/ruby:2.7.5@sha256:365df8a52b0cb34939e59c69136f7488aa8d7a8f4c2711af0a1bc25b8e8e6471
#5 sha256:dbba69284b2786013fe94fefe0c2e66a7d3cecbb20f6d691d71dac891ee37be5 6.29MB / 54.94MB 0.3s
#5 sha256:6ade5c59e324bd7cf369c72ad781c23d37e8fb48c9bbb4abbecafafd9be4cc35 0B / 10.87MB 0.3s
#5 sha256:dbba69284b2786013fe94fefe0c2e66a7d3cecbb20f6d691d71dac891ee37be5 9.44MB / 54.94MB 0.4s
#5 sha256:9baf437a1badb6aad2dae5f2cd4a7b53a6c7ab6c14cba1ed1ecb42b4822b0e87 5.16MB / 5.16MB 0.4s
#5 sha256:dbba69284b2786013fe94fefe0c2e66a7d3cecbb20f6d691d71dac891ee37be5 20.97MB / 54.94MB 0.6s
#5 sha256:9baf437a1badb6aad2dae5f2cd4a7b53a6c7ab6c14cba1ed1ecb42b4822b0e87 5.16MB / 5.16MB 0.5s done
#5 sha256:6ade5c59e324bd7cf369c72ad781c23d37e8fb48c9bbb4abbecafafd9be4cc35 9.44MB / 10.87MB 0.6s
#5 sha256:b19a994f6d4cdbb620339bd2e4ad47b229f14276b542060622ae447649294e5d 0B / 54.58MB 0.6s
#5 sha256:dbba69284b2786013fe94fefe0c2e66a7d3cecbb20f6d691d71dac891ee37be5 29.36MB / 54.94MB 0.7s
#5 sha256:6ade5c59e324bd7cf369c72ad781c23d37e8fb48c9bbb4abbecafafd9be4cc35 10.87MB / 10.87MB 0.7s
#5 sha256:dbba69284b2786013fe94fefe0c2e66a7d3cecbb20f6d691d71dac891ee37be5 36.70MB / 54.94MB 0.8s
#5 sha256:b19a994f6d4cdbb620339bd2e4ad47b229f14276b542060622ae447649294e5d 4.19MB / 54.58MB 0.8s
#5 sha256:dbba69284b2786013fe94fefe0c2e66a7d3cecbb20f6d691d71dac891ee37be5 42.99MB / 54.94MB 0.9s
#5 sha256:6ade5c59e324bd7cf369c72ad781c23d37e8fb48c9bbb4abbecafafd9be4cc35 10.87MB / 10.87MB 0.8s done
#5 sha256:b19a994f6d4cdbb620339bd2e4ad47b229f14276b542060622ae447649294e5d 10.49MB / 54.58MB 0.9s
#5 sha256:8fc2294f89de5e20d0ae12149d6136444bcb8c775ea745f06f2eb775ab4504cd 0B / 196.55MB 0.9s
#5 sha256:dbba69284b2786013fe94fefe0c2e66a7d3cecbb20f6d691d71dac891ee37be5 52.43MB / 54.94MB 1.1s
#5 sha256:b19a994f6d4cdbb620339bd2e4ad47b229f14276b542060622ae447649294e5d 17.83MB / 54.58MB 1.1s
#5 sha256:b19a994f6d4cdbb620339bd2e4ad47b229f14276b542060622ae447649294e5d 25.17MB / 54.58MB 1.3s
#5 sha256:8fc2294f89de5e20d0ae12149d6136444bcb8c775ea745f06f2eb775ab4504cd 18.87MB / 196.55MB 1.3s
#5 sha256:b19a994f6d4cdbb620339bd2e4ad47b229f14276b542060622ae447649294e5d 30.41MB / 54.58MB 1.4s
#5 sha256:b19a994f6d4cdbb620339bd2e4ad47b229f14276b542060622ae447649294e5d 41.94MB / 54.58MB 1.6s
#5 sha256:8fc2294f89de5e20d0ae12149d6136444bcb8c775ea745f06f2eb775ab4504cd 37.75MB / 196.55MB 1.6s
#5 sha256:b19a994f6d4cdbb620339bd2e4ad47b229f14276b542060622ae447649294e5d 52.43MB / 54.58MB 1.8s
#5 sha256:8fc2294f89de5e20d0ae12149d6136444bcb8c775ea745f06f2eb775ab4504cd 50.33MB / 196.55MB 1.8s
#5 sha256:8fc2294f89de5e20d0ae12149d6136444bcb8c775ea745f06f2eb775ab4504cd 60.82MB / 196.55MB 1.9s
#5 sha256:dbba69284b2786013fe94fefe0c2e66a7d3cecbb20f6d691d71dac891ee37be5 54.94MB / 54.94MB 2.0s done
#5 sha256:8fc2294f89de5e20d0ae12149d6136444bcb8c775ea745f06f2eb775ab4504cd 73.40MB / 196.55MB 2.1s
#5 sha256:8fc2294f89de5e20d0ae12149d6136444bcb8c775ea745f06f2eb775ab4504cd 83.89MB / 196.55MB 2.2s
#5 extracting sha256:dbba69284b2786013fe94fefe0c2e66a7d3cecbb20f6d691d71dac891ee37be5 0.1s
#5 sha256:8fc2294f89de5e20d0ae12149d6136444bcb8c775ea745f06f2eb775ab4504cd 103.81MB / 196.55MB 2.5s
#5 sha256:8fc2294f89de5e20d0ae12149d6136444bcb8c775ea745f06f2eb775ab4504cd 119.54MB / 196.55MB 2.7s
#5 sha256:8fc2294f89de5e20d0ae12149d6136444bcb8c775ea745f06f2eb775ab4504cd 139.46MB / 196.55MB 2.9s
#5 sha256:b19a994f6d4cdbb620339bd2e4ad47b229f14276b542060622ae447649294e5d 54.58MB / 54.58MB 3.0s done
#5 sha256:8fc2294f89de5e20d0ae12149d6136444bcb8c775ea745f06f2eb775ab4504cd 158.33MB / 196.55MB 3.1s
#5 sha256:26e7ceebb0b46999ab07630803680603213e4d63c622a1c2ff6efaf4cf86cbc6 0B / 200B 3.1s
#5 sha256:26e7ceebb0b46999ab07630803680603213e4d63c622a1c2ff6efaf4cf86cbc6 200B / 200B 3.2s
#5 sha256:c8f524f16a068a0f55c941654dc16c5d1ec91917c36541c3de6a523fcc3cc5a8 0B / 14.55MB 3.2s
#5 sha256:8fc2294f89de5e20d0ae12149d6136444bcb8c775ea745f06f2eb775ab4504cd 181.40MB / 196.55MB 3.4s
#5 sha256:26e7ceebb0b46999ab07630803680603213e4d63c622a1c2ff6efaf4cf86cbc6 200B / 200B 3.2s done
#5 sha256:c8f524f16a068a0f55c941654dc16c5d1ec91917c36541c3de6a523fcc3cc5a8 7.34MB / 14.55MB 3.4s
#5 sha256:9a9ba15b18086dad0de8d3da908331504622b4a2fcd2e0f5ae168dd125951684 0B / 175B 3.4s
#5 sha256:c8f524f16a068a0f55c941654dc16c5d1ec91917c36541c3de6a523fcc3cc5a8 14.55MB / 14.55MB 3.5s
#5 sha256:9a9ba15b18086dad0de8d3da908331504622b4a2fcd2e0f5ae168dd125951684 175B / 175B 3.4s done
#5 sha256:8fc2294f89de5e20d0ae12149d6136444bcb8c775ea745f06f2eb775ab4504cd 195.04MB / 196.55MB 3.6s
#5 sha256:c8f524f16a068a0f55c941654dc16c5d1ec91917c36541c3de6a523fcc3cc5a8 14.55MB / 14.55MB 3.7s done
#5 extracting sha256:dbba69284b2786013fe94fefe0c2e66a7d3cecbb20f6d691d71dac891ee37be5 3.1s done
#5 sha256:8fc2294f89de5e20d0ae12149d6136444bcb8c775ea745f06f2eb775ab4504cd 196.55MB / 196.55MB 6.8s done
#5 extracting sha256:9baf437a1badb6aad2dae5f2cd4a7b53a6c7ab6c14cba1ed1ecb42b4822b0e87
#5 extracting sha256:9baf437a1badb6aad2dae5f2cd4a7b53a6c7ab6c14cba1ed1ecb42b4822b0e87 0.3s done
#5 extracting sha256:6ade5c59e324bd7cf369c72ad781c23d37e8fb48c9bbb4abbecafafd9be4cc35
#5 extracting sha256:6ade5c59e324bd7cf369c72ad781c23d37e8fb48c9bbb4abbecafafd9be4cc35 0.4s done
#5 extracting sha256:b19a994f6d4cdbb620339bd2e4ad47b229f14276b542060622ae447649294e5d
#5 extracting sha256:b19a994f6d4cdbb620339bd2e4ad47b229f14276b542060622ae447649294e5d 3.5s done
#5 extracting sha256:8fc2294f89de5e20d0ae12149d6136444bcb8c775ea745f06f2eb775ab4504cd
#5 extracting sha256:8fc2294f89de5e20d0ae12149d6136444bcb8c775ea745f06f2eb775ab4504cd 5.1s
#5 extracting sha256:8fc2294f89de5e20d0ae12149d6136444bcb8c775ea745f06f2eb775ab4504cd 10.2s
#5 extracting sha256:8fc2294f89de5e20d0ae12149d6136444bcb8c775ea745f06f2eb775ab4504cd 10.9s done
#5 extracting sha256:26e7ceebb0b46999ab07630803680603213e4d63c622a1c2ff6efaf4cf86cbc6
#5 extracting sha256:26e7ceebb0b46999ab07630803680603213e4d63c622a1c2ff6efaf4cf86cbc6 done
#5 extracting sha256:c8f524f16a068a0f55c941654dc16c5d1ec91917c36541c3de6a523fcc3cc5a8
#5 extracting sha256:c8f524f16a068a0f55c941654dc16c5d1ec91917c36541c3de6a523fcc3cc5a8 0.7s done
#5 extracting sha256:9a9ba15b18086dad0de8d3da908331504622b4a2fcd2e0f5ae168dd125951684
#5 extracting sha256:9a9ba15b18086dad0de8d3da908331504622b4a2fcd2e0f5ae168dd125951684 done
#5 DONE 27.4s

#6 [2/8] RUN mkdir /app
#6 DONE 19.9s

#7 [3/8] WORKDIR /app
#7 DONE 0.3s

#8 [4/8] COPY Gemfile Gemfile.lock ./
#8 DONE 0.4s

#9 [5/8] RUN gem install bundler -v 2.4.22 --no-document && bundle _2.4.22_ install --jobs 20 --retry 5
#9 25.85 Successfully installed bundler-2.4.22
#9 25.85 1 gem installed
#9 27.12 Fetching gem metadata from https://rubygems.org/.........
#9 29.09 Fetching rake 13.0.6
#9 29.15 Installing rake 13.0.6
#9 29.25 Fetching concurrent-ruby 1.1.10
#9 29.25 Fetching minitest 5.16.2
#9 29.25 Fetching zeitwerk 2.6.0
#9 29.26 Fetching erubi 1.10.0
#9 29.26 Fetching racc 1.6.0
#9 29.27 Fetching rack 2.2.4
#9 29.27 Fetching marcel 1.0.2
#9 29.27 Fetching multi_json 1.15.0
#9 29.27 Fetching excon 0.76.0
#9 29.27 Fetching childprocess 4.1.0
#9 29.27 Fetching nio4r 2.5.8
#9 29.27 Fetching websocket-extensions 0.1.5
#9 29.27 Fetching diff-lcs 1.4.4
#9 29.27 Fetching docile 1.3.2
#9 29.27 Fetching thread_safe 0.3.6
#9 29.27 Fetching builder 3.2.4
#9 29.27 Fetching crass 1.0.6
#9 29.27 Fetching mini_mime 1.1.2
#9 29.27 Fetching ast 2.4.2
#9 29.27 Fetching msgpack 1.3.3
#9 29.39 Installing erubi 1.10.0
#9 29.40 Installing websocket-extensions 0.1.5
#9 29.43 Installing zeitwerk 2.6.0
#9 29.44 Installing crass 1.0.6
#9 29.44 Installing docile 1.3.2
#9 29.45 Installing ast 2.4.2
#9 29.45 Installing mini_mime 1.1.2
#9 29.51 Installing childprocess 4.1.0
#9 29.52 Installing multi_json 1.15.0
#9 29.53 Installing builder 3.2.4
#9 29.53 Installing marcel 1.0.2
#9 29.53 Installing racc 1.6.0 with native extensions
#9 29.54 Installing diff-lcs 1.4.4
#9 29.56 Installing minitest 5.16.2
#9 29.57 Installing nio4r 2.5.8 with native extensions
#9 29.57 Installing msgpack 1.3.3 with native extensions
#9 29.58 Installing thread_safe 0.3.6
#9 29.61 Installing excon 0.76.0
#9 29.61 Installing rack 2.2.4
#9 29.62 Fetching dotenv 2.7.6
#9 29.62 Fetching method_source 1.0.0
#9 29.65 Fetching thor 1.2.1
#9 29.68 Installing method_source 1.0.0
#9 29.68 Installing dotenv 2.7.6
#9 29.73 Installing thor 1.2.1
#9 29.76 Installing concurrent-ruby 1.1.10
#9 29.76 Fetching dry-equalizer 0.3.0
#9 29.77 Fetching dry-inflector 0.2.0
#9 29.79 Fetching ffi 1.15.5
#9 29.80 Fetching ruby2_keywords 0.0.2
#9 29.83 Installing dry-inflector 0.2.0
#9 29.83 Installing dry-equalizer 0.3.0
#9 29.86 Fetching private_attr 1.1.0
#9 29.86 Installing ruby2_keywords 0.0.2
#9 29.98 Fetching iniparse 1.5.0
#9 29.98 Fetching rb-fsevent 0.11.1
#9 29.98 Fetching rspec-support 3.9.3
#9 29.98 Fetching newrelic_rpm 6.11.0.365
#9 29.99 Installing private_attr 1.1.0
#9 30.01 Fetching rexml 3.2.5
#9 30.05 Fetching parallel 1.21.0
#9 30.07 Installing iniparse 1.5.0
#9 30.26 Installing rspec-support 3.9.3
#9 30.26 Installing parallel 1.21.0
#9 30.28 Installing rb-fsevent 0.11.1
#9 30.30 Fetching pg 1.2.3
#9 30.32 Installing rexml 3.2.5
#9 30.36 Fetching procto 0.0.3
#9 30.41 Installing procto 0.0.3
#9 30.45 Fetching rainbow 3.0.0
#9 30.46 Fetching regexp_parser 2.1.1
#9 30.46 Fetching ruby-progressbar 1.11.0
#9 30.50 Installing pg 1.2.3 with native extensions
#9 30.50 Installing rainbow 3.0.0
#9 30.52 Installing ruby-progressbar 1.11.0
#9 30.52 Fetching unicode-display_width 2.1.0
#9 30.53 Fetching simplecov-html 0.12.2
#9 30.55 Fetching spring 2.1.0
#9 30.58 Installing newrelic_rpm 6.11.0.365
#9 30.59 Installing unicode-display_width 2.1.0
#9 30.61 Installing regexp_parser 2.1.1
#9 30.63 Installing spring 2.1.0
#9 30.66 Fetching websocket-driver 0.7.5
#9 30.72 Installing websocket-driver 0.7.5 with native extensions
#9 30.75 Installing ffi 1.15.5 with native extensions
#9 30.80 Installing simplecov-html 0.12.2
#9 31.07 Fetching parser 3.0.2.0
#9 31.07 Fetching mail 2.7.1
#9 31.09 Fetching avro 1.10.2
#9 31.10 Fetching rspec-expectations 3.9.2
#9 31.10 Fetching mustermann 1.1.1
#9 31.10 Fetching rspec-core 3.9.3
#9 31.22 Installing avro 1.10.2
#9 31.23 Installing mustermann 1.1.1
#9 31.24 Fetching rspec-mocks 3.9.1
#9 31.26 Installing rspec-expectations 3.9.2
#9 31.32 Installing rspec-core 3.9.3
#9 31.34 Installing rspec-mocks 3.9.1
#9 31.36 Fetching tzinfo 1.2.10
#9 31.36 Fetching rack-test 2.0.2
#9 31.42 Installing rack-test 2.0.2
#9 31.47 Installing mail 2.7.1
#9 31.50 Fetching rack-accept 0.4.5
#9 31.55 Installing rack-accept 0.4.5
#9 31.56 Installing tzinfo 1.2.10
#9 31.59 Fetching i18n 1.12.0
#9 31.61 Fetching bugsnag 6.13.1
#9 31.64 Fetching dry-core 0.4.9
#9 31.68 Installing dry-core 0.4.9
#9 31.69 Installing i18n 1.12.0
#9 31.72 Installing parser 3.0.2.0
#9 31.78 Installing bugsnag 6.13.1
#9 31.79 Fetching sprockets 4.1.1
#9 31.87 Installing sprockets 4.1.1
#9 31.93 Fetching spring-commands-rspec 1.0.4
#9 31.97 Installing spring-commands-rspec 1.0.4
#9 32.06 Fetching spring-commands-rubocop 0.2.0
#9 32.09 Installing spring-commands-rubocop 0.2.0
#9 32.11 Fetching nokogiri 1.13.7 (x86_64-linux)
#9 32.11 Fetching overcommit 0.58.0
#9 32.11 Fetching avro-patches 1.0.2
#9 32.13 Fetching avro_turf 1.3.0
#9 32.15 Fetching dry-configurable 0.11.6
#9 32.17 Installing avro-patches 1.0.2
#9 32.23 Installing avro_turf 1.3.0
#9 32.23 Installing dry-configurable 0.11.6
#9 32.27 Installing overcommit 0.58.0
#9 32.30 Fetching dry-logic 1.0.6
#9 32.35 Installing dry-logic 1.0.6
#9 32.42 Fetching mustermann-grape 1.0.1
#9 32.44 Fetching simplecov 0.18.5
#9 32.48 Installing mustermann-grape 1.0.1
#9 32.52 Installing simplecov 0.18.5
#9 32.60 Fetching avro-resolution_canonical_form 0.3.0
#9 32.63 Installing avro-resolution_canonical_form 0.3.0
#9 32.65 Fetching dry-container 0.7.2
#9 32.69 Installing dry-container 0.7.2
#9 32.79 Fetching rspec 3.9.0
#9 32.81 Fetching rspec_junit_formatter 0.4.1
#9 32.84 Installing rspec 3.9.0
#9 32.87 Installing rspec_junit_formatter 0.4.1
#9 32.95 Fetching json_spec 1.1.5
#9 33.15 Installing json_spec 1.1.5
#9 33.30 Fetching dry-types 1.4.0
#9 33.34 Fetching rubocop-ast 1.12.0
#9 33.36 Installing dry-types 1.4.0
#9 33.38 Installing rubocop-ast 1.12.0
#9 33.41 Fetching activesupport 6.0.5.1
#9 33.51 Installing activesupport 6.0.5.1
#9 34.22 Fetching rubocop 1.13.0
#9 34.30 Installing nokogiri 1.13.7 (x86_64-linux)
#9 34.38 Installing rubocop 1.13.0
#9 35.68 Fetching puma 5.6.4
#9 35.68 Fetching factory_bot 6.2.0
#9 35.69 Fetching globalid 1.0.0
#9 35.69 Fetching activemodel 6.0.5.1
#9 35.69 Fetching grape 1.3.3
#9 35.74 Installing globalid 1.0.0
#9 35.75 Installing factory_bot 6.2.0
#9 35.76 Installing activemodel 6.0.5.1
#9 35.80 Installing puma 5.6.4 with native extensions
#9 35.81 Installing grape 1.3.3
#9 35.83 Fetching rails-dom-testing 2.0.3
#9 35.83 Fetching loofah 2.18.0
#9 35.86 Fetching activejob 6.0.5.1
#9 35.87 Installing rails-dom-testing 2.0.3
#9 35.88 Installing loofah 2.18.0
#9 35.90 Installing activejob 6.0.5.1
#9 36.05 Fetching rails-html-sanitizer 1.4.3
#9 36.08 Installing rails-html-sanitizer 1.4.3
#9 36.18 Fetching actionview 6.0.5.1
#9 36.24 Fetching activerecord 6.0.5.1
#9 36.30 Installing actionview 6.0.5.1
#9 36.36 Installing activerecord 6.0.5.1
#9 36.75 Fetching actionpack 6.0.5.1
#9 36.81 Installing actionpack 6.0.5.1
#9 37.24 Fetching rubocop-performance 1.5.2
#9 37.24 Fetching rubocop-rails 2.4.2
#9 37.24 Fetching rubocop-rspec 2.0.1
#9 37.28 Installing rubocop-performance 1.5.2
#9 37.28 Installing rubocop-rails 2.4.2
#9 37.29 Installing rubocop-rspec 2.0.1
#9 37.41 Fetching actionmailer 6.0.5.1
#9 37.41 Fetching railties 6.0.5.1
#9 37.42 Fetching actioncable 6.0.5.1
#9 37.42 Fetching sprockets-rails 3.4.2
#9 37.42 Fetching rails-controller-testing 1.0.5
#9 37.47 Installing sprockets-rails 3.4.2
#9 37.48 Installing actionmailer 6.0.5.1
#9 37.49 Installing actioncable 6.0.5.1
#9 37.49 Installing rails-controller-testing 1.0.5
#9 37.60 Installing railties 6.0.5.1
#9 37.65 Fetching activestorage 6.0.5.1
#9 37.65 Fetching annotate 3.1.1
#9 37.69 Installing annotate 3.1.1
#9 37.70 Installing activestorage 6.0.5.1
#9 37.94 Fetching salsify_rubocop 1.1.0
#9 37.96 Installing salsify_rubocop 1.1.0
#9 38.01 Fetching actiontext 6.0.5.1
#9 38.01 Fetching actionmailbox 6.0.5.1
#9 38.03 Installing actiontext 6.0.5.1
#9 38.04 Installing actionmailbox 6.0.5.1
#9 38.29 Fetching factory_bot_rails 6.2.0
#9 38.29 Fetching rspec-rails 4.0.1
#9 38.29 Fetching dotenv-rails 2.7.6
#9 38.29 Fetching rails 6.0.5.1
#9 38.33 Installing factory_bot_rails 6.2.0
#9 38.33 Installing dotenv-rails 2.7.6
#9 38.33 Installing rails 6.0.5.1
#9 38.35 Installing rspec-rails 4.0.1
#9 38.38 Fetching heroku_rails_deploy 0.4.5
#9 38.41 Installing heroku_rails_deploy 0.4.5
#9 48.20 Fetching bootsnap 1.4.6
#9 48.22 Installing bootsnap 1.4.6 with native extensions
#9 54.97 Fetching rb-inotify 0.10.1
#9 54.99 Installing rb-inotify 0.10.1
#9 55.02 Fetching listen 3.7.1
#9 55.04 Installing listen 3.7.1
#9 55.09 Fetching spring-watcher-listen 2.0.1
#9 55.11 Installing spring-watcher-listen 2.0.1
#9 58.17 Bundle complete! 27 Gemfile dependencies, 112 gems now installed.
#9 58.17 Use `bundle info [gemname]` to see where a bundled gem is installed.
#9 58.17 Post-install message from avro-resolution_canonical_form:
#9 58.17 
#9 58.17 avro-resolution_canonical_form now requires Avro v1.10.
#9 58.17 
#9 58.17 New features in Avro Ruby v1.10 are now included in the canonical form:
#9 58.17   - aliases
#9 58.17   - enum defaults
#9 58.17   - decimal logical types
#9 58.17 
#9 58.17 Schemas that use any of these features will get a different fingerprint with
#9 58.17 this version. For projects that only use Ruby, use of these features is unlikely
#9 58.17 as they were previously unsupported.
#9 58.17 Post-install message from avro_turf:
#9 58.17 
#9 58.17 avro_turf v0.8.0 deprecates the names AvroTurf::SchemaRegistry,
#9 58.17 AvroTurf::CachedSchemaRegistry, and FakeSchemaRegistryServer.
#9 58.17 
#9 58.17 Use AvroTurf::ConfluentSchemaRegistry, AvroTurf::CachedConfluentSchemaRegistry,
#9 58.17 and FakeConfluentSchemaRegistryServer instead.
#9 58.17 
#9 58.17 See https://github.com/dasch/avro_turf#deprecation-notice
#9 58.17 Post-install message from overcommit:
#9 58.17 Install hooks by running `overcommit --install` in your Git repository
#9 DONE 59.6s

#10 [6/8] COPY . /app
#10 DONE 0.5s

#11 [7/8] RUN mkdir /app/tmp /app/log
#11 DONE 1.7s

#12 [8/8] RUN groupadd --system avro &&     useradd --no-log-init --system --create-home --gid avro avro &&     chown -R avro:avro /app/tmp /app/log
#12 DONE 1.0s

#13 exporting to image
#13 exporting layers
#13 exporting layers 2.7s done
#13 writing image sha256:1f1f9d8d7c74f208159302ef3a5ccadd9260f7fd5c3d77cb9c2c5dd8278198f6 0.0s done
#13 naming to docker.io/library/image_name_v1_1 0.0s done
#13 DONE 2.7s
Duration: 1:55.97