#0 building with "default" instance using docker driver

#1 [internal] load .dockerignore
#1 transferring context:
#1 transferring context: 2B done
#1 DONE 0.4s

#2 [internal] load build definition from v1_Dockerfile
#2 transferring dockerfile: 1.21kB done
#2 DONE 0.3s

#3 [internal] load metadata for docker.io/library/node:6
#3 DONE 0.5s

#4 [internal] load build context
#4 DONE 0.0s

#5 [1/8] FROM docker.io/library/node:6@sha256:e133e66ec3bfc98da0440e552f452e5cdf6413319d27a2db3b01ac4b319759b3
#5 resolve docker.io/library/node:6@sha256:e133e66ec3bfc98da0440e552f452e5cdf6413319d27a2db3b01ac4b319759b3
#5 resolve docker.io/library/node:6@sha256:e133e66ec3bfc98da0440e552f452e5cdf6413319d27a2db3b01ac4b319759b3 0.3s done
#5 DONE 0.3s

#5 [1/8] FROM docker.io/library/node:6@sha256:e133e66ec3bfc98da0440e552f452e5cdf6413319d27a2db3b01ac4b319759b3
#5 sha256:e133e66ec3bfc98da0440e552f452e5cdf6413319d27a2db3b01ac4b319759b3 2.04kB / 2.04kB done
#5 sha256:92a780ce4191097a1470be20a40a590ac9601e53811c518effeb152ecd41548a 2.01kB / 2.01kB done
#5 sha256:ab290b853066caedc75778bd4839da568ecb2a6b8e27442e0b1ce3c4741f1184 7.34kB / 7.34kB done
#5 ...

#4 [internal] load build context
#4 transferring context: 1.43kB done
#4 DONE 0.3s

#5 [1/8] FROM docker.io/library/node:6@sha256:e133e66ec3bfc98da0440e552f452e5cdf6413319d27a2db3b01ac4b319759b3
#5 sha256:c5e155d5a1d130a7f8a3e24cee0d9e1349bff13f90ec6a941478e558fde53c14 0B / 45.34MB 0.3s
#5 sha256:4250b3117dca5e14edc32ebf1366cd54e4cda91f17610b76c504a86917ff8b95 0B / 4.34MB 0.3s
#5 sha256:221d80d00ae9675aad24913aacbadfac1ce8b7084f9765a6c0813486082c5c69 0B / 10.78MB 0.3s
#5 sha256:221d80d00ae9675aad24913aacbadfac1ce8b7084f9765a6c0813486082c5c69 2.10MB / 10.78MB 0.4s
#5 sha256:4250b3117dca5e14edc32ebf1366cd54e4cda91f17610b76c504a86917ff8b95 3.15MB / 4.34MB 0.5s
#5 sha256:221d80d00ae9675aad24913aacbadfac1ce8b7084f9765a6c0813486082c5c69 8.39MB / 10.78MB 0.5s
#5 sha256:c5e155d5a1d130a7f8a3e24cee0d9e1349bff13f90ec6a941478e558fde53c14 11.53MB / 45.34MB 0.7s
#5 sha256:4250b3117dca5e14edc32ebf1366cd54e4cda91f17610b76c504a86917ff8b95 4.34MB / 4.34MB 0.6s done
#5 sha256:221d80d00ae9675aad24913aacbadfac1ce8b7084f9765a6c0813486082c5c69 10.78MB / 10.78MB 0.7s
#5 sha256:c5e155d5a1d130a7f8a3e24cee0d9e1349bff13f90ec6a941478e558fde53c14 16.78MB / 45.34MB 0.8s
#5 sha256:3b7ca19181b24b87e24423c01b490633bc1e47d2fcdc1987bf2e37949d6789b5 0B / 50.07MB 0.8s
#5 sha256:c5e155d5a1d130a7f8a3e24cee0d9e1349bff13f90ec6a941478e558fde53c14 27.26MB / 45.34MB 1.0s
#5 sha256:221d80d00ae9675aad24913aacbadfac1ce8b7084f9765a6c0813486082c5c69 10.78MB / 10.78MB 0.9s done
#5 sha256:3b7ca19181b24b87e24423c01b490633bc1e47d2fcdc1987bf2e37949d6789b5 6.29MB / 50.07MB 1.0s
#5 sha256:c5e155d5a1d130a7f8a3e24cee0d9e1349bff13f90ec6a941478e558fde53c14 33.55MB / 45.34MB 1.1s
#5 sha256:3b7ca19181b24b87e24423c01b490633bc1e47d2fcdc1987bf2e37949d6789b5 12.58MB / 50.07MB 1.1s
#5 sha256:425d7b2a5bcc7e8df5041d66655cd6173c16799afefb1645ca0e0b3fa8a1043d 0B / 215.08MB 1.1s
#5 sha256:c5e155d5a1d130a7f8a3e24cee0d9e1349bff13f90ec6a941478e558fde53c14 44.04MB / 45.34MB 1.3s
#5 sha256:3b7ca19181b24b87e24423c01b490633bc1e47d2fcdc1987bf2e37949d6789b5 23.07MB / 50.07MB 1.3s
#5 sha256:3b7ca19181b24b87e24423c01b490633bc1e47d2fcdc1987bf2e37949d6789b5 28.31MB / 50.07MB 1.4s
#5 sha256:3b7ca19181b24b87e24423c01b490633bc1e47d2fcdc1987bf2e37949d6789b5 33.55MB / 50.07MB 1.5s
#5 sha256:425d7b2a5bcc7e8df5041d66655cd6173c16799afefb1645ca0e0b3fa8a1043d 14.68MB / 215.08MB 1.5s
#5 sha256:3b7ca19181b24b87e24423c01b490633bc1e47d2fcdc1987bf2e37949d6789b5 46.14MB / 50.07MB 1.7s
#5 sha256:425d7b2a5bcc7e8df5041d66655cd6173c16799afefb1645ca0e0b3fa8a1043d 26.21MB / 215.08MB 1.7s
#5 sha256:3b7ca19181b24b87e24423c01b490633bc1e47d2fcdc1987bf2e37949d6789b5 50.07MB / 50.07MB 1.8s
#5 sha256:425d7b2a5bcc7e8df5041d66655cd6173c16799afefb1645ca0e0b3fa8a1043d 41.94MB / 215.08MB 2.0s
#5 sha256:c5e155d5a1d130a7f8a3e24cee0d9e1349bff13f90ec6a941478e558fde53c14 45.34MB / 45.34MB 2.0s done
#5 sha256:425d7b2a5bcc7e8df5041d66655cd6173c16799afefb1645ca0e0b3fa8a1043d 53.48MB / 215.08MB 2.2s
#5 sha256:425d7b2a5bcc7e8df5041d66655cd6173c16799afefb1645ca0e0b3fa8a1043d 65.01MB / 215.08MB 2.4s
#5 sha256:425d7b2a5bcc7e8df5041d66655cd6173c16799afefb1645ca0e0b3fa8a1043d 76.55MB / 215.08MB 2.6s
#5 extracting sha256:c5e155d5a1d130a7f8a3e24cee0d9e1349bff13f90ec6a941478e558fde53c14
#5 sha256:425d7b2a5bcc7e8df5041d66655cd6173c16799afefb1645ca0e0b3fa8a1043d 88.08MB / 215.08MB 2.8s
#5 sha256:3b7ca19181b24b87e24423c01b490633bc1e47d2fcdc1987bf2e37949d6789b5 50.07MB / 50.07MB 2.9s done
#5 sha256:ea2f5386a42d42ff9729d1cb357ca3741edc32be894150e5024a85655b8523ec 0B / 14.58MB 3.0s
#5 sha256:425d7b2a5bcc7e8df5041d66655cd6173c16799afefb1645ca0e0b3fa8a1043d 102.02MB / 215.08MB 3.1s
#5 sha256:69df12c70287cf403446724e92cae1e0aa1c74713e27106525e433037c43a087 0B / 4.16kB 3.1s
#5 sha256:425d7b2a5bcc7e8df5041d66655cd6173c16799afefb1645ca0e0b3fa8a1043d 114.29MB / 215.08MB 3.3s
#5 sha256:ea2f5386a42d42ff9729d1cb357ca3741edc32be894150e5024a85655b8523ec 9.44MB / 14.58MB 3.3s
#5 sha256:69df12c70287cf403446724e92cae1e0aa1c74713e27106525e433037c43a087 4.16kB / 4.16kB 3.2s done
#5 sha256:ea2f5386a42d42ff9729d1cb357ca3741edc32be894150e5024a85655b8523ec 14.58MB / 14.58MB 3.4s
#5 sha256:d421d2b3c5eb9a47f42f42f82356e2f63b493c49c8bbcc0c070ab4a06446a972 0B / 1.32MB 3.4s
#5 sha256:425d7b2a5bcc7e8df5041d66655cd6173c16799afefb1645ca0e0b3fa8a1043d 130.02MB / 215.08MB 3.6s
#5 sha256:d421d2b3c5eb9a47f42f42f82356e2f63b493c49c8bbcc0c070ab4a06446a972 1.32MB / 1.32MB 3.6s
#5 sha256:ea2f5386a42d42ff9729d1cb357ca3741edc32be894150e5024a85655b8523ec 14.58MB / 14.58MB 3.7s done
#5 sha256:425d7b2a5bcc7e8df5041d66655cd6173c16799afefb1645ca0e0b3fa8a1043d 143.65MB / 215.08MB 3.9s
#5 sha256:d421d2b3c5eb9a47f42f42f82356e2f63b493c49c8bbcc0c070ab4a06446a972 1.32MB / 1.32MB 3.7s done
#5 sha256:425d7b2a5bcc7e8df5041d66655cd6173c16799afefb1645ca0e0b3fa8a1043d 164.63MB / 215.08MB 4.3s
#5 sha256:425d7b2a5bcc7e8df5041d66655cd6173c16799afefb1645ca0e0b3fa8a1043d 181.40MB / 215.08MB 4.6s
#5 sha256:425d7b2a5bcc7e8df5041d66655cd6173c16799afefb1645ca0e0b3fa8a1043d 197.13MB / 215.08MB 4.9s
#5 sha256:425d7b2a5bcc7e8df5041d66655cd6173c16799afefb1645ca0e0b3fa8a1043d 212.86MB / 215.08MB 5.2s
#5 extracting sha256:c5e155d5a1d130a7f8a3e24cee0d9e1349bff13f90ec6a941478e558fde53c14 5.1s
#5 sha256:425d7b2a5bcc7e8df5041d66655cd6173c16799afefb1645ca0e0b3fa8a1043d 215.08MB / 215.08MB 8.7s done
#5 extracting sha256:c5e155d5a1d130a7f8a3e24cee0d9e1349bff13f90ec6a941478e558fde53c14 7.1s done
#5 extracting sha256:221d80d00ae9675aad24913aacbadfac1ce8b7084f9765a6c0813486082c5c69
#5 extracting sha256:221d80d00ae9675aad24913aacbadfac1ce8b7084f9765a6c0813486082c5c69 1.5s done
#5 extracting sha256:4250b3117dca5e14edc32ebf1366cd54e4cda91f17610b76c504a86917ff8b95
#5 extracting sha256:4250b3117dca5e14edc32ebf1366cd54e4cda91f17610b76c504a86917ff8b95 0.8s done
#5 extracting sha256:3b7ca19181b24b87e24423c01b490633bc1e47d2fcdc1987bf2e37949d6789b5
#5 extracting sha256:3b7ca19181b24b87e24423c01b490633bc1e47d2fcdc1987bf2e37949d6789b5 5.0s
#5 extracting sha256:3b7ca19181b24b87e24423c01b490633bc1e47d2fcdc1987bf2e37949d6789b5 10.1s
#5 extracting sha256:3b7ca19181b24b87e24423c01b490633bc1e47d2fcdc1987bf2e37949d6789b5 11.3s done
#5 extracting sha256:425d7b2a5bcc7e8df5041d66655cd6173c16799afefb1645ca0e0b3fa8a1043d 0.1s
#5 extracting sha256:425d7b2a5bcc7e8df5041d66655cd6173c16799afefb1645ca0e0b3fa8a1043d 5.2s
#5 extracting sha256:425d7b2a5bcc7e8df5041d66655cd6173c16799afefb1645ca0e0b3fa8a1043d 10.2s
#5 extracting sha256:425d7b2a5bcc7e8df5041d66655cd6173c16799afefb1645ca0e0b3fa8a1043d 15.4s
#5 extracting sha256:425d7b2a5bcc7e8df5041d66655cd6173c16799afefb1645ca0e0b3fa8a1043d 20.5s
#5 extracting sha256:425d7b2a5bcc7e8df5041d66655cd6173c16799afefb1645ca0e0b3fa8a1043d 25.7s
#5 extracting sha256:425d7b2a5bcc7e8df5041d66655cd6173c16799afefb1645ca0e0b3fa8a1043d 29.2s done
#5 extracting sha256:69df12c70287cf403446724e92cae1e0aa1c74713e27106525e433037c43a087
#5 extracting sha256:69df12c70287cf403446724e92cae1e0aa1c74713e27106525e433037c43a087 0.2s done
#5 extracting sha256:ea2f5386a42d42ff9729d1cb357ca3741edc32be894150e5024a85655b8523ec 0.1s
#5 extracting sha256:ea2f5386a42d42ff9729d1cb357ca3741edc32be894150e5024a85655b8523ec 2.6s done
#5 extracting sha256:d421d2b3c5eb9a47f42f42f82356e2f63b493c49c8bbcc0c070ab4a06446a972
#5 extracting sha256:d421d2b3c5eb9a47f42f42f82356e2f63b493c49c8bbcc0c070ab4a06446a972 0.5s done
#5 DONE 73.0s

#6 [2/8] RUN curl -sS https://dl.yarnpkg.com/debian/pubkey.gpg | apt-key add -
#6 1.805 Warning: apt-key output should not be parsed (stdout is not a terminal)
#6 7.990 OK
#6 DONE 11.0s

#7 [3/8] RUN echo "deb https://dl.yarnpkg.com/debian/ stable main" | tee /etc/apt/sources.list.d/yarn.list
#7 1.921 deb https://dl.yarnpkg.com/debian/ stable main
#7 DONE 2.2s

#8 [4/8] RUN apt-get update && apt-get install -y yarn net-tools
#8 1.816 Ign:1 http://security.debian.org/debian-security stretch/updates InRelease
#8 1.816 Ign:2 http://deb.debian.org/debian stretch InRelease
#8 1.832 Ign:3 http://deb.debian.org/debian stretch-updates InRelease
#8 1.847 Ign:4 http://deb.debian.org/debian stretch Release
#8 1.859 Ign:5 http://security.debian.org/debian-security stretch/updates Release
#8 1.873 Ign:6 http://deb.debian.org/debian stretch-updates Release
#8 2.029 Ign:7 http://security.debian.org/debian-security stretch/updates/main all Packages
#8 2.036 Ign:8 http://deb.debian.org/debian stretch/main amd64 Packages
#8 2.041 Ign:9 http://security.debian.org/debian-security stretch/updates/main amd64 Packages
#8 2.047 Ign:10 http://deb.debian.org/debian stretch/main all Packages
#8 2.211 Ign:11 http://deb.debian.org/debian stretch-updates/main amd64 Packages
#8 2.221 Ign:7 http://security.debian.org/debian-security stretch/updates/main all Packages
#8 2.229 Ign:12 http://deb.debian.org/debian stretch-updates/main all Packages
#8 2.232 Ign:9 http://security.debian.org/debian-security stretch/updates/main amd64 Packages
#8 2.387 Ign:8 http://deb.debian.org/debian stretch/main amd64 Packages
#8 2.398 Ign:10 http://deb.debian.org/debian stretch/main all Packages
#8 2.402 Ign:7 http://security.debian.org/debian-security stretch/updates/main all Packages
#8 2.414 Ign:9 http://security.debian.org/debian-security stretch/updates/main amd64 Packages
#8 2.562 Ign:11 http://deb.debian.org/debian stretch-updates/main amd64 Packages
#8 2.579 Ign:12 http://deb.debian.org/debian stretch-updates/main all Packages
#8 2.584 Ign:7 http://security.debian.org/debian-security stretch/updates/main all Packages
#8 2.597 Ign:9 http://security.debian.org/debian-security stretch/updates/main amd64 Packages
#8 2.738 Ign:8 http://deb.debian.org/debian stretch/main amd64 Packages
#8 2.749 Ign:10 http://deb.debian.org/debian stretch/main all Packages
#8 2.768 Ign:7 http://security.debian.org/debian-security stretch/updates/main all Packages
#8 2.779 Ign:9 http://security.debian.org/debian-security stretch/updates/main amd64 Packages
#8 2.914 Ign:11 http://deb.debian.org/debian stretch-updates/main amd64 Packages
#8 2.932 Ign:12 http://deb.debian.org/debian stretch-updates/main all Packages
#8 2.957 Ign:7 http://security.debian.org/debian-security stretch/updates/main all Packages
#8 2.970 Err:9 http://security.debian.org/debian-security stretch/updates/main amd64 Packages
#8 2.970   404  Not Found
#8 3.099 Ign:8 http://deb.debian.org/debian stretch/main amd64 Packages
#8 3.116 Ign:10 http://deb.debian.org/debian stretch/main all Packages
#8 3.274 Ign:11 http://deb.debian.org/debian stretch-updates/main amd64 Packages
#8 3.284 Ign:12 http://deb.debian.org/debian stretch-updates/main all Packages
#8 3.452 Ign:8 http://deb.debian.org/debian stretch/main amd64 Packages
#8 3.463 Ign:10 http://deb.debian.org/debian stretch/main all Packages
#8 3.620 Ign:11 http://deb.debian.org/debian stretch-updates/main amd64 Packages
#8 3.630 Ign:12 http://deb.debian.org/debian stretch-updates/main all Packages
#8 3.788 Err:8 http://deb.debian.org/debian stretch/main amd64 Packages
#8 3.788   404  Not Found
#8 3.807 Ign:10 http://deb.debian.org/debian stretch/main all Packages
#8 3.972 Err:11 http://deb.debian.org/debian stretch-updates/main amd64 Packages
#8 3.972   404  Not Found
#8 3.988 Ign:12 http://deb.debian.org/debian stretch-updates/main all Packages
#8 4.014 Reading package lists...
#8 4.089 E: The method driver /usr/lib/apt/methods/https could not be found.
#8 4.089 W: The repository 'http://deb.debian.org/debian stretch Release' does not have a Release file.
#8 4.089 W: The repository 'http://security.debian.org/debian-security stretch/updates Release' does not have a Release file.
#8 4.089 W: The repository 'http://deb.debian.org/debian stretch-updates Release' does not have a Release file.
#8 4.089 E: Failed to fetch https://dl.yarnpkg.com/debian/dists/stable/InRelease  
#8 4.089 E: Failed to fetch http://deb.debian.org/debian/dists/stretch/main/binary-amd64/Packages  404  Not Found
#8 4.089 E: Failed to fetch http://security.debian.org/debian-security/dists/stretch/updates/main/binary-amd64/Packages  404  Not Found
#8 4.089 E: Failed to fetch http://deb.debian.org/debian/dists/stretch-updates/main/binary-amd64/Packages  404  Not Found
#8 4.089 E: Some index files failed to download. They have been ignored, or old ones used instead.
#8 ERROR: process "/bin/sh -c apt-get update && apt-get install -y yarn net-tools" did not complete successfully: exit code: 100
------
 > [4/8] RUN apt-get update && apt-get install -y yarn net-tools:
4.014 Reading package lists...
4.089 E: The method driver /usr/lib/apt/methods/https could not be found.
4.089 W: The repository 'http://deb.debian.org/debian stretch Release' does not have a Release file.
4.089 W: The repository 'http://security.debian.org/debian-security stretch/updates Release' does not have a Release file.
4.089 W: The repository 'http://deb.debian.org/debian stretch-updates Release' does not have a Release file.
4.089 E: Failed to fetch https://dl.yarnpkg.com/debian/dists/stable/InRelease  
4.089 E: Failed to fetch http://deb.debian.org/debian/dists/stretch/main/binary-amd64/Packages  404  Not Found
4.089 E: Failed to fetch http://security.debian.org/debian-security/dists/stretch/updates/main/binary-amd64/Packages  404  Not Found
4.089 E: Failed to fetch http://deb.debian.org/debian/dists/stretch-updates/main/binary-amd64/Packages  404  Not Found
4.089 E: Some index files failed to download. They have been ignored, or old ones used instead.
------
v1_Dockerfile:8
--------------------
   6 |     RUN curl -sS https://dl.yarnpkg.com/debian/pubkey.gpg | apt-key add -
   7 |     RUN echo "deb https://dl.yarnpkg.com/debian/ stable main" | tee /etc/apt/sources.list.d/yarn.list
   8 | >>> RUN apt-get update && apt-get install -y yarn net-tools
   9 |     
  10 |     RUN mkdir -p /code
--------------------
ERROR: failed to solve: process "/bin/sh -c apt-get update && apt-get install -y yarn net-tools" did not complete successfully: exit code: 100
Duration: 1:33.17