#0 building with "default" instance using docker driver

#1 [internal] load .dockerignore
#1 transferring context:
#1 transferring context: 2B done
#1 ...

#2 [internal] load build definition from Dockerfile
#2 transferring dockerfile: 572B done
#2 DONE 0.5s

#1 [internal] load .dockerignore
#1 DONE 0.6s

#3 [internal] load metadata for docker.io/library/ruby:2.5.0
#3 ...

#4 [auth] library/ruby:pull token for registry-1.docker.io
#4 DONE 0.0s

#3 [internal] load metadata for docker.io/library/ruby:2.5.0
#3 DONE 1.5s

#5 [1/6] FROM docker.io/library/ruby:2.5.0@sha256:cde5649ea901f6b36714b69a0ad8717ddaffa42131343dba30a02b61f3177fca
#5 resolve docker.io/library/ruby:2.5.0@sha256:cde5649ea901f6b36714b69a0ad8717ddaffa42131343dba30a02b61f3177fca
#5 resolve docker.io/library/ruby:2.5.0@sha256:cde5649ea901f6b36714b69a0ad8717ddaffa42131343dba30a02b61f3177fca 0.3s done
#5 sha256:cde5649ea901f6b36714b69a0ad8717ddaffa42131343dba30a02b61f3177fca 2.37kB / 2.37kB done
#5 sha256:4947ec4b29a808d17901bbf117fb02004b59da22e2613306f9734d95bc0da0f2 2.00kB / 2.00kB done
#5 sha256:213a086149f6b857c21f0e968fabaa11349613ba43339022d98bad90a3d390eb 7.54kB / 7.54kB done
#5 ...

#6 [internal] load build context
#6 transferring context: 5.28MB 0.1s done
#6 DONE 0.5s

#5 [1/6] FROM docker.io/library/ruby:2.5.0@sha256:cde5649ea901f6b36714b69a0ad8717ddaffa42131343dba30a02b61f3177fca
#5 sha256:c73ab1c6897bf5c11da3c95cab103e7ca8cf10a6d041eda2ff836f45a40e3d3b 0B / 45.14MB 0.3s
#5 sha256:b542772b417703c0311c0b90136091369bcd9c2176c0e3ceed5a0114d743ee3c 0B / 4.34MB 0.3s
#5 sha256:1ab373b3deaed929a15574ac1912afc6e173f80d400aba0e96c89f6a58961f2d 0B / 11.11MB 0.3s
#5 sha256:c73ab1c6897bf5c11da3c95cab103e7ca8cf10a6d041eda2ff836f45a40e3d3b 4.19MB / 45.14MB 0.4s
#5 sha256:c73ab1c6897bf5c11da3c95cab103e7ca8cf10a6d041eda2ff836f45a40e3d3b 7.34MB / 45.14MB 0.6s
#5 sha256:b542772b417703c0311c0b90136091369bcd9c2176c0e3ceed5a0114d743ee3c 4.34MB / 4.34MB 0.6s
#5 sha256:1ab373b3deaed929a15574ac1912afc6e173f80d400aba0e96c89f6a58961f2d 3.15MB / 11.11MB 0.6s
#5 sha256:c73ab1c6897bf5c11da3c95cab103e7ca8cf10a6d041eda2ff836f45a40e3d3b 12.58MB / 45.14MB 0.8s
#5 sha256:b542772b417703c0311c0b90136091369bcd9c2176c0e3ceed5a0114d743ee3c 4.34MB / 4.34MB 0.6s done
#5 sha256:1ab373b3deaed929a15574ac1912afc6e173f80d400aba0e96c89f6a58961f2d 11.11MB / 11.11MB 0.8s
#5 sha256:57c8de432dbe337bb6cb1ad328e6c564303a3d3fd05b5e872fd9c47c16fdd02c 0B / 50.02MB 0.8s
#5 sha256:c73ab1c6897bf5c11da3c95cab103e7ca8cf10a6d041eda2ff836f45a40e3d3b 15.73MB / 45.14MB 1.0s
#5 sha256:1ab373b3deaed929a15574ac1912afc6e173f80d400aba0e96c89f6a58961f2d 11.11MB / 11.11MB 1.0s done
#5 sha256:57c8de432dbe337bb6cb1ad328e6c564303a3d3fd05b5e872fd9c47c16fdd02c 4.19MB / 50.02MB 1.0s
#5 sha256:57c8de432dbe337bb6cb1ad328e6c564303a3d3fd05b5e872fd9c47c16fdd02c 7.34MB / 50.02MB 1.1s
#5 sha256:1785850988c5179b2b83fc5877b21c5d95fd9b769561956798b83cb4c86d7de1 0B / 213.16MB 1.1s
#5 sha256:57c8de432dbe337bb6cb1ad328e6c564303a3d3fd05b5e872fd9c47c16fdd02c 11.53MB / 50.02MB 1.2s
#5 sha256:57c8de432dbe337bb6cb1ad328e6c564303a3d3fd05b5e872fd9c47c16fdd02c 14.68MB / 50.02MB 1.3s
#5 sha256:c73ab1c6897bf5c11da3c95cab103e7ca8cf10a6d041eda2ff836f45a40e3d3b 22.02MB / 45.14MB 1.5s
#5 sha256:57c8de432dbe337bb6cb1ad328e6c564303a3d3fd05b5e872fd9c47c16fdd02c 17.83MB / 50.02MB 1.5s
#5 sha256:c73ab1c6897bf5c11da3c95cab103e7ca8cf10a6d041eda2ff836f45a40e3d3b 25.17MB / 45.14MB 1.7s
#5 sha256:c73ab1c6897bf5c11da3c95cab103e7ca8cf10a6d041eda2ff836f45a40e3d3b 28.31MB / 45.14MB 1.9s
#5 sha256:57c8de432dbe337bb6cb1ad328e6c564303a3d3fd05b5e872fd9c47c16fdd02c 22.02MB / 50.02MB 1.9s
#5 sha256:c73ab1c6897bf5c11da3c95cab103e7ca8cf10a6d041eda2ff836f45a40e3d3b 32.51MB / 45.14MB 2.1s
#5 sha256:c73ab1c6897bf5c11da3c95cab103e7ca8cf10a6d041eda2ff836f45a40e3d3b 35.65MB / 45.14MB 2.3s
#5 sha256:57c8de432dbe337bb6cb1ad328e6c564303a3d3fd05b5e872fd9c47c16fdd02c 25.17MB / 50.02MB 2.3s
#5 sha256:c73ab1c6897bf5c11da3c95cab103e7ca8cf10a6d041eda2ff836f45a40e3d3b 39.85MB / 45.14MB 2.6s
#5 sha256:c73ab1c6897bf5c11da3c95cab103e7ca8cf10a6d041eda2ff836f45a40e3d3b 42.99MB / 45.14MB 3.0s
#5 sha256:57c8de432dbe337bb6cb1ad328e6c564303a3d3fd05b5e872fd9c47c16fdd02c 28.31MB / 50.02MB 3.2s
#5 sha256:1785850988c5179b2b83fc5877b21c5d95fd9b769561956798b83cb4c86d7de1 11.53MB / 213.16MB 3.5s
#5 sha256:57c8de432dbe337bb6cb1ad328e6c564303a3d3fd05b5e872fd9c47c16fdd02c 33.55MB / 50.02MB 4.0s
#5 sha256:c73ab1c6897bf5c11da3c95cab103e7ca8cf10a6d041eda2ff836f45a40e3d3b 45.14MB / 45.14MB 4.0s done
#5 sha256:57c8de432dbe337bb6cb1ad328e6c564303a3d3fd05b5e872fd9c47c16fdd02c 36.70MB / 50.02MB 4.1s
#5 sha256:953e617a9c219c94b8de48800e0f9a918162365fe012481cbbd44f43b2940b03 0B / 207B 4.1s
#5 extracting sha256:c73ab1c6897bf5c11da3c95cab103e7ca8cf10a6d041eda2ff836f45a40e3d3b
#5 sha256:57c8de432dbe337bb6cb1ad328e6c564303a3d3fd05b5e872fd9c47c16fdd02c 39.85MB / 50.02MB 4.3s
#5 sha256:1785850988c5179b2b83fc5877b21c5d95fd9b769561956798b83cb4c86d7de1 25.17MB / 213.16MB 4.3s
#5 sha256:953e617a9c219c94b8de48800e0f9a918162365fe012481cbbd44f43b2940b03 207B / 207B 4.3s
#5 sha256:953e617a9c219c94b8de48800e0f9a918162365fe012481cbbd44f43b2940b03 207B / 207B 4.3s done
#5 sha256:aa1f26029ba5253e256c4afec7533ac7ef450056866818643e750d7c92770484 0B / 21.49MB 4.4s
#5 sha256:57c8de432dbe337bb6cb1ad328e6c564303a3d3fd05b5e872fd9c47c16fdd02c 44.04MB / 50.02MB 4.5s
#5 sha256:1785850988c5179b2b83fc5877b21c5d95fd9b769561956798b83cb4c86d7de1 39.85MB / 213.16MB 4.5s
#5 sha256:57c8de432dbe337bb6cb1ad328e6c564303a3d3fd05b5e872fd9c47c16fdd02c 50.02MB / 50.02MB 4.8s
#5 sha256:1785850988c5179b2b83fc5877b21c5d95fd9b769561956798b83cb4c86d7de1 61.87MB / 213.16MB 4.8s
#5 sha256:aa1f26029ba5253e256c4afec7533ac7ef450056866818643e750d7c92770484 2.10MB / 21.49MB 4.8s
#5 sha256:aa1f26029ba5253e256c4afec7533ac7ef450056866818643e750d7c92770484 8.39MB / 21.49MB 4.9s
#5 sha256:aa1f26029ba5253e256c4afec7533ac7ef450056866818643e750d7c92770484 14.68MB / 21.49MB 5.0s
#5 sha256:1785850988c5179b2b83fc5877b21c5d95fd9b769561956798b83cb4c86d7de1 77.59MB / 213.16MB 5.1s
#5 sha256:aa1f26029ba5253e256c4afec7533ac7ef450056866818643e750d7c92770484 20.97MB / 21.49MB 5.1s
#5 sha256:1785850988c5179b2b83fc5877b21c5d95fd9b769561956798b83cb4c86d7de1 106.95MB / 213.16MB 5.5s
#5 sha256:1785850988c5179b2b83fc5877b21c5d95fd9b769561956798b83cb4c86d7de1 135.27MB / 213.16MB 5.8s
#5 sha256:1785850988c5179b2b83fc5877b21c5d95fd9b769561956798b83cb4c86d7de1 161.48MB / 213.16MB 6.1s
#5 sha256:1785850988c5179b2b83fc5877b21c5d95fd9b769561956798b83cb4c86d7de1 178.26MB / 213.16MB 6.3s
#5 sha256:57c8de432dbe337bb6cb1ad328e6c564303a3d3fd05b5e872fd9c47c16fdd02c 50.02MB / 50.02MB 6.3s done
#5 sha256:1785850988c5179b2b83fc5877b21c5d95fd9b769561956798b83cb4c86d7de1 201.33MB / 213.16MB 6.7s
#5 sha256:aa1f26029ba5253e256c4afec7533ac7ef450056866818643e750d7c92770484 21.49MB / 21.49MB 6.7s done
#5 sha256:1785850988c5179b2b83fc5877b21c5d95fd9b769561956798b83cb4c86d7de1 213.16MB / 213.16MB 6.9s
#5 sha256:0ee3623a364d614e28b2a3f1ac2ec793dd27b5f0990981d43704ea8e86e3a299 0B / 164B 6.9s
#5 sha256:0ee3623a364d614e28b2a3f1ac2ec793dd27b5f0990981d43704ea8e86e3a299 164B / 164B 7.2s
#5 extracting sha256:c73ab1c6897bf5c11da3c95cab103e7ca8cf10a6d041eda2ff836f45a40e3d3b 3.2s done
#5 sha256:1785850988c5179b2b83fc5877b21c5d95fd9b769561956798b83cb4c86d7de1 213.16MB / 213.16MB 10.1s done
#5 sha256:0ee3623a364d614e28b2a3f1ac2ec793dd27b5f0990981d43704ea8e86e3a299 164B / 164B 10.2s done
#5 extracting sha256:1ab373b3deaed929a15574ac1912afc6e173f80d400aba0e96c89f6a58961f2d 0.1s
#5 extracting sha256:1ab373b3deaed929a15574ac1912afc6e173f80d400aba0e96c89f6a58961f2d 0.5s done
#5 extracting sha256:b542772b417703c0311c0b90136091369bcd9c2176c0e3ceed5a0114d743ee3c
#5 extracting sha256:b542772b417703c0311c0b90136091369bcd9c2176c0e3ceed5a0114d743ee3c 0.2s done
#5 extracting sha256:57c8de432dbe337bb6cb1ad328e6c564303a3d3fd05b5e872fd9c47c16fdd02c
#5 extracting sha256:57c8de432dbe337bb6cb1ad328e6c564303a3d3fd05b5e872fd9c47c16fdd02c 3.3s done
#5 extracting sha256:1785850988c5179b2b83fc5877b21c5d95fd9b769561956798b83cb4c86d7de1
#5 extracting sha256:1785850988c5179b2b83fc5877b21c5d95fd9b769561956798b83cb4c86d7de1 5.8s
#5 extracting sha256:1785850988c5179b2b83fc5877b21c5d95fd9b769561956798b83cb4c86d7de1 10.9s
#5 extracting sha256:1785850988c5179b2b83fc5877b21c5d95fd9b769561956798b83cb4c86d7de1 14.2s done
#5 extracting sha256:953e617a9c219c94b8de48800e0f9a918162365fe012481cbbd44f43b2940b03
#5 extracting sha256:953e617a9c219c94b8de48800e0f9a918162365fe012481cbbd44f43b2940b03 done
#5 extracting sha256:aa1f26029ba5253e256c4afec7533ac7ef450056866818643e750d7c92770484
#5 extracting sha256:aa1f26029ba5253e256c4afec7533ac7ef450056866818643e750d7c92770484 1.0s done
#5 extracting sha256:0ee3623a364d614e28b2a3f1ac2ec793dd27b5f0990981d43704ea8e86e3a299
#5 extracting sha256:0ee3623a364d614e28b2a3f1ac2ec793dd27b5f0990981d43704ea8e86e3a299 done
#5 DONE 33.2s

#7 [2/6] RUN apt-get update -qq &&     apt-get install -y       build-essential       libpq-dev       nodejs
#7 4.609 W: The repository 'http://deb.debian.org/debian stretch Release' does not have a Release file.
#7 4.609 W: The repository 'http://deb.debian.org/debian stretch-updates Release' does not have a Release file.
#7 4.609 W: The repository 'http://security.debian.org stretch/updates Release' does not have a Release file.
#7 4.609 E: Failed to fetch http://deb.debian.org/debian/dists/stretch/main/binary-amd64/Packages  404  Not Found
#7 4.609 E: Failed to fetch http://deb.debian.org/debian/dists/stretch-updates/main/binary-amd64/Packages  404  Not Found
#7 4.609 E: Failed to fetch http://security.debian.org/dists/stretch/updates/main/binary-amd64/Packages  404  Not Found
#7 4.609 E: Some index files failed to download. They have been ignored, or old ones used instead.
#7 ERROR: process "/bin/sh -c apt-get update -qq &&     apt-get install -y       build-essential       libpq-dev       nodejs" did not complete successfully: exit code: 100
------
 > [2/6] RUN apt-get update -qq &&     apt-get install -y       build-essential       libpq-dev       nodejs:
4.609 W: The repository 'http://deb.debian.org/debian stretch Release' does not have a Release file.
4.609 W: The repository 'http://deb.debian.org/debian stretch-updates Release' does not have a Release file.
4.609 W: The repository 'http://security.debian.org stretch/updates Release' does not have a Release file.
4.609 E: Failed to fetch http://deb.debian.org/debian/dists/stretch/main/binary-amd64/Packages  404  Not Found
4.609 E: Failed to fetch http://deb.debian.org/debian/dists/stretch-updates/main/binary-amd64/Packages  404  Not Found
4.609 E: Failed to fetch http://security.debian.org/dists/stretch/updates/main/binary-amd64/Packages  404  Not Found
4.609 E: Some index files failed to download. They have been ignored, or old ones used instead.
------
Dockerfile:12
--------------------
  11 |     
  12 | >>> RUN apt-get update -qq && \
  13 | >>>     apt-get install -y \
  14 | >>>       build-essential \
  15 | >>>       libpq-dev \
  16 | >>>       nodejs
  17 |     
--------------------
ERROR: failed to solve: process "/bin/sh -c apt-get update -qq &&     apt-get install -y       build-essential       libpq-dev       nodejs" did not complete successfully: exit code: 100
Duration: 1:2.05