#0 building with "default" instance using docker driver

#1 [internal] load .dockerignore
#1 transferring context:
#1 transferring context: 2B done
#1 DONE 0.6s

#2 [internal] load build definition from v1_Dockerfile
#2 transferring dockerfile: 1.66kB done
#2 DONE 0.7s

#3 [internal] load metadata for docker.io/library/php:7.0-fpm
#3 DONE 0.5s

#4 [internal] load build context
#4 DONE 0.0s

#5 [ 1/11] FROM docker.io/library/php:7.0-fpm@sha256:8e8644c0fd61424939fff072ca617469550bbb659158301a2dcadf334746a1c2
#5 resolve docker.io/library/php:7.0-fpm@sha256:8e8644c0fd61424939fff072ca617469550bbb659158301a2dcadf334746a1c2
#5 resolve docker.io/library/php:7.0-fpm@sha256:8e8644c0fd61424939fff072ca617469550bbb659158301a2dcadf334746a1c2 0.3s done
#5 sha256:8e8644c0fd61424939fff072ca617469550bbb659158301a2dcadf334746a1c2 2.37kB / 2.37kB done
#5 sha256:b2acefa34619a2ea8bf03c3c147f15dfff83923acdf61298162d32626781fa56 2.41kB / 2.41kB done
#5 sha256:29e9a8718c7b68bf3cd9400d0009e4be425784511c2a36a727f53aa2ee84a617 11.01kB / 11.01kB done
#5 sha256:177e7ef0df6987e0c5738a1fb5aba98b6b6e7a5fef992e481977dbb5ba3f91be 0B / 22.49MB 0.2s
#5 ...

#4 [internal] load build context
#4 transferring context: 5.56kB done
#4 DONE 0.6s

#5 [ 1/11] FROM docker.io/library/php:7.0-fpm@sha256:8e8644c0fd61424939fff072ca617469550bbb659158301a2dcadf334746a1c2
#5 sha256:177e7ef0df6987e0c5738a1fb5aba98b6b6e7a5fef992e481977dbb5ba3f91be 3.15MB / 22.49MB 0.5s
#5 sha256:350207dcf1b7e69d73ee5e688ec3f1bb6576481773105b8635193dc7fe5010bb 0B / 67.44MB 0.4s
#5 sha256:177e7ef0df6987e0c5738a1fb5aba98b6b6e7a5fef992e481977dbb5ba3f91be 10.49MB / 22.49MB 0.6s
#5 sha256:9bf89f2eda244c750e106e9751aa6714e8002accc9ebc4efe784800ff424e2a8 0B / 225B 0.6s
#5 sha256:177e7ef0df6987e0c5738a1fb5aba98b6b6e7a5fef992e481977dbb5ba3f91be 22.49MB / 22.49MB 0.8s
#5 sha256:350207dcf1b7e69d73ee5e688ec3f1bb6576481773105b8635193dc7fe5010bb 5.24MB / 67.44MB 0.8s
#5 sha256:9bf89f2eda244c750e106e9751aa6714e8002accc9ebc4efe784800ff424e2a8 225B / 225B 0.7s done
#5 sha256:a8a33d96b4e7acb10a1e637ccc316d5e823debfa5c64704b4935af982bd79926 0B / 183B 0.8s
#5 sha256:350207dcf1b7e69d73ee5e688ec3f1bb6576481773105b8635193dc7fe5010bb 13.63MB / 67.44MB 0.9s
#5 sha256:a8a33d96b4e7acb10a1e637ccc316d5e823debfa5c64704b4935af982bd79926 183B / 183B 0.9s
#5 sha256:350207dcf1b7e69d73ee5e688ec3f1bb6576481773105b8635193dc7fe5010bb 36.70MB / 67.44MB 1.1s
#5 sha256:177e7ef0df6987e0c5738a1fb5aba98b6b6e7a5fef992e481977dbb5ba3f91be 22.49MB / 22.49MB 1.1s done
#5 sha256:350207dcf1b7e69d73ee5e688ec3f1bb6576481773105b8635193dc7fe5010bb 53.48MB / 67.44MB 1.3s
#5 sha256:a8a33d96b4e7acb10a1e637ccc316d5e823debfa5c64704b4935af982bd79926 183B / 183B 1.2s done
#5 extracting sha256:177e7ef0df6987e0c5738a1fb5aba98b6b6e7a5fef992e481977dbb5ba3f91be
#5 sha256:8069cdba34b57cf2698bf9085fca561f815d34e91a6192e9ee96bf525fcaf07f 0B / 12.36MB 1.3s
#5 sha256:350207dcf1b7e69d73ee5e688ec3f1bb6576481773105b8635193dc7fe5010bb 61.87MB / 67.44MB 1.4s
#5 sha256:8069cdba34b57cf2698bf9085fca561f815d34e91a6192e9ee96bf525fcaf07f 1.05MB / 12.36MB 1.4s
#5 sha256:25ae788babab2686772df6df80382e6f588cedd7da616ed65dda6a1c5f4902c1 0B / 500B 1.4s
#5 sha256:350207dcf1b7e69d73ee5e688ec3f1bb6576481773105b8635193dc7fe5010bb 67.44MB / 67.44MB 1.5s
#5 sha256:8069cdba34b57cf2698bf9085fca561f815d34e91a6192e9ee96bf525fcaf07f 6.29MB / 12.36MB 1.5s
#5 sha256:8069cdba34b57cf2698bf9085fca561f815d34e91a6192e9ee96bf525fcaf07f 9.44MB / 12.36MB 1.6s
#5 sha256:25ae788babab2686772df6df80382e6f588cedd7da616ed65dda6a1c5f4902c1 500B / 500B 1.5s done
#5 sha256:8069cdba34b57cf2698bf9085fca561f815d34e91a6192e9ee96bf525fcaf07f 12.36MB / 12.36MB 1.7s
#5 sha256:350207dcf1b7e69d73ee5e688ec3f1bb6576481773105b8635193dc7fe5010bb 67.44MB / 67.44MB 2.5s done
#5 sha256:4c66f054f3223cfd1d428c5076dac954950cb3070c5c6756f8218767b88471bb 0B / 2.19kB 2.7s
#5 extracting sha256:177e7ef0df6987e0c5738a1fb5aba98b6b6e7a5fef992e481977dbb5ba3f91be 1.5s done
#5 sha256:4c66f054f3223cfd1d428c5076dac954950cb3070c5c6756f8218767b88471bb 2.19kB / 2.19kB 2.8s
#5 sha256:1df95586682bf73e9a360188068a394c133b4bfbbdeea35649c5559ef67b7702 0B / 27.23MB 2.8s
#5 sha256:1df95586682bf73e9a360188068a394c133b4bfbbdeea35649c5559ef67b7702 5.24MB / 27.23MB 2.9s
#5 sha256:8069cdba34b57cf2698bf9085fca561f815d34e91a6192e9ee96bf525fcaf07f 12.36MB / 12.36MB 3.0s done
#5 sha256:4c66f054f3223cfd1d428c5076dac954950cb3070c5c6756f8218767b88471bb 2.19kB / 2.19kB 3.0s done
#5 sha256:1df95586682bf73e9a360188068a394c133b4bfbbdeea35649c5559ef67b7702 11.53MB / 27.23MB 3.1s
#5 sha256:1df95586682bf73e9a360188068a394c133b4bfbbdeea35649c5559ef67b7702 15.73MB / 27.23MB 3.2s
#5 extracting sha256:9bf89f2eda244c750e106e9751aa6714e8002accc9ebc4efe784800ff424e2a8 done
#5 sha256:b7221dc910cfe17a8201f0d7fcec62a1ecbb64cb15537e3d4c9af0ec7e063441 0B / 128B 3.2s
#5 sha256:1df95586682bf73e9a360188068a394c133b4bfbbdeea35649c5559ef67b7702 27.23MB / 27.23MB 3.4s
#5 sha256:b7221dc910cfe17a8201f0d7fcec62a1ecbb64cb15537e3d4c9af0ec7e063441 128B / 128B 3.3s done
#5 sha256:71b3dbdbc6f4757dce54e6bb2154f9a7b24b4111d1686e4cc9baea32f1d60c1a 0B / 7.76kB 3.3s
#5 sha256:71b3dbdbc6f4757dce54e6bb2154f9a7b24b4111d1686e4cc9baea32f1d60c1a 7.76kB / 7.76kB 3.4s done
#5 extracting sha256:350207dcf1b7e69d73ee5e688ec3f1bb6576481773105b8635193dc7fe5010bb 0.1s
#5 sha256:1df95586682bf73e9a360188068a394c133b4bfbbdeea35649c5559ef67b7702 27.23MB / 27.23MB 3.9s done
#5 extracting sha256:350207dcf1b7e69d73ee5e688ec3f1bb6576481773105b8635193dc7fe5010bb 4.3s done
#5 extracting sha256:a8a33d96b4e7acb10a1e637ccc316d5e823debfa5c64704b4935af982bd79926
#5 extracting sha256:a8a33d96b4e7acb10a1e637ccc316d5e823debfa5c64704b4935af982bd79926 done
#5 extracting sha256:8069cdba34b57cf2698bf9085fca561f815d34e91a6192e9ee96bf525fcaf07f
#5 extracting sha256:8069cdba34b57cf2698bf9085fca561f815d34e91a6192e9ee96bf525fcaf07f 0.1s done
#5 extracting sha256:25ae788babab2686772df6df80382e6f588cedd7da616ed65dda6a1c5f4902c1
#5 extracting sha256:25ae788babab2686772df6df80382e6f588cedd7da616ed65dda6a1c5f4902c1 done
#5 extracting sha256:1df95586682bf73e9a360188068a394c133b4bfbbdeea35649c5559ef67b7702
#5 extracting sha256:1df95586682bf73e9a360188068a394c133b4bfbbdeea35649c5559ef67b7702 1.5s done
#5 extracting sha256:4c66f054f3223cfd1d428c5076dac954950cb3070c5c6756f8218767b88471bb
#5 extracting sha256:4c66f054f3223cfd1d428c5076dac954950cb3070c5c6756f8218767b88471bb done
#5 extracting sha256:b7221dc910cfe17a8201f0d7fcec62a1ecbb64cb15537e3d4c9af0ec7e063441
#5 extracting sha256:b7221dc910cfe17a8201f0d7fcec62a1ecbb64cb15537e3d4c9af0ec7e063441 done
#5 extracting sha256:71b3dbdbc6f4757dce54e6bb2154f9a7b24b4111d1686e4cc9baea32f1d60c1a
#5 extracting sha256:71b3dbdbc6f4757dce54e6bb2154f9a7b24b4111d1686e4cc9baea32f1d60c1a done
#5 DONE 15.3s

#6 [ 2/11] RUN mkdir /opt/php-pubsub
#6 DONE 9.6s

#7 [ 3/11] WORKDIR /opt/php-pubsub
#7 DONE 0.4s

#8 [ 4/11] RUN apt-get update     && DEBIAN_FRONTEND=noninteractive apt-get install -y         git         zlib1g-dev         unzip         python         && (             cd /tmp             && mkdir librdkafka             && cd librdkafka             && git clone https://github.com/edenhill/librdkafka.git .             && ./configure             && make             && make install         )     && rm -r /var/lib/apt/lists/*
#8 0.782 Ign:1 http://security.debian.org/debian-security stretch/updates InRelease
#8 0.785 Ign:2 http://security.debian.org/debian-security stretch/updates Release
#8 0.787 Ign:3 http://security.debian.org/debian-security stretch/updates/main all Packages
#8 0.790 Ign:4 http://security.debian.org/debian-security stretch/updates/main amd64 Packages
#8 0.792 Ign:3 http://security.debian.org/debian-security stretch/updates/main all Packages
#8 0.794 Ign:4 http://security.debian.org/debian-security stretch/updates/main amd64 Packages
#8 0.796 Ign:3 http://security.debian.org/debian-security stretch/updates/main all Packages
#8 0.798 Ign:4 http://security.debian.org/debian-security stretch/updates/main amd64 Packages
#8 0.802 Ign:3 http://security.debian.org/debian-security stretch/updates/main all Packages
#8 0.804 Ign:4 http://security.debian.org/debian-security stretch/updates/main amd64 Packages
#8 0.807 Ign:3 http://security.debian.org/debian-security stretch/updates/main all Packages
#8 0.809 Ign:4 http://security.debian.org/debian-security stretch/updates/main amd64 Packages
#8 0.812 Ign:3 http://security.debian.org/debian-security stretch/updates/main all Packages
#8 0.815 Err:4 http://security.debian.org/debian-security stretch/updates/main amd64 Packages
#8 0.815   404  Not Found [IP: 151.101.66.132 80]
#8 0.945 Ign:5 http://deb.debian.org/debian stretch InRelease
#8 1.103 Ign:6 http://deb.debian.org/debian stretch-updates InRelease
#8 1.260 Ign:7 http://deb.debian.org/debian stretch Release
#8 1.417 Ign:8 http://deb.debian.org/debian stretch-updates Release
#8 1.428 Ign:9 http://deb.debian.org/debian stretch/main amd64 Packages
#8 1.438 Ign:10 http://deb.debian.org/debian stretch/main all Packages
#8 1.447 Ign:11 http://deb.debian.org/debian stretch-updates/main amd64 Packages
#8 1.457 Ign:12 http://deb.debian.org/debian stretch-updates/main all Packages
#8 1.467 Ign:9 http://deb.debian.org/debian stretch/main amd64 Packages
#8 1.477 Ign:10 http://deb.debian.org/debian stretch/main all Packages
#8 1.487 Ign:11 http://deb.debian.org/debian stretch-updates/main amd64 Packages
#8 1.497 Ign:12 http://deb.debian.org/debian stretch-updates/main all Packages
#8 1.507 Ign:9 http://deb.debian.org/debian stretch/main amd64 Packages
#8 1.517 Ign:10 http://deb.debian.org/debian stretch/main all Packages
#8 1.527 Ign:11 http://deb.debian.org/debian stretch-updates/main amd64 Packages
#8 1.536 Ign:12 http://deb.debian.org/debian stretch-updates/main all Packages
#8 1.546 Ign:9 http://deb.debian.org/debian stretch/main amd64 Packages
#8 1.558 Ign:10 http://deb.debian.org/debian stretch/main all Packages
#8 1.568 Ign:11 http://deb.debian.org/debian stretch-updates/main amd64 Packages
#8 1.578 Ign:12 http://deb.debian.org/debian stretch-updates/main all Packages
#8 1.587 Ign:9 http://deb.debian.org/debian stretch/main amd64 Packages
#8 1.597 Ign:10 http://deb.debian.org/debian stretch/main all Packages
#8 1.607 Ign:11 http://deb.debian.org/debian stretch-updates/main amd64 Packages
#8 1.617 Ign:12 http://deb.debian.org/debian stretch-updates/main all Packages
#8 1.629 Err:9 http://deb.debian.org/debian stretch/main amd64 Packages
#8 1.629   404  Not Found
#8 1.647 Ign:10 http://deb.debian.org/debian stretch/main all Packages
#8 1.657 Err:11 http://deb.debian.org/debian stretch-updates/main amd64 Packages
#8 1.657   404  Not Found
#8 1.666 Ign:12 http://deb.debian.org/debian stretch-updates/main all Packages
#8 1.670 Reading package lists...
#8 1.680 W: The repository 'http://security.debian.org/debian-security stretch/updates Release' does not have a Release file.
#8 1.680 W: The repository 'http://deb.debian.org/debian stretch Release' does not have a Release file.
#8 1.680 W: The repository 'http://deb.debian.org/debian stretch-updates Release' does not have a Release file.
#8 1.680 E: Failed to fetch http://security.debian.org/debian-security/dists/stretch/updates/main/binary-amd64/Packages  404  Not Found [IP: 151.101.66.132 80]
#8 1.680 E: Failed to fetch http://deb.debian.org/debian/dists/stretch/main/binary-amd64/Packages  404  Not Found
#8 1.680 E: Failed to fetch http://deb.debian.org/debian/dists/stretch-updates/main/binary-amd64/Packages  404  Not Found
#8 1.680 E: Some index files failed to download. They have been ignored, or old ones used instead.
#8 ERROR: process "/bin/sh -c apt-get update     && DEBIAN_FRONTEND=noninteractive apt-get install -y         git         zlib1g-dev         unzip         python         && (             cd /tmp             && mkdir librdkafka             && cd librdkafka             && git clone https://github.com/edenhill/librdkafka.git .             && ./configure             && make             && make install         )     && rm -r /var/lib/apt/lists/*" did not complete successfully: exit code: 100
------
 > [ 4/11] RUN apt-get update     && DEBIAN_FRONTEND=noninteractive apt-get install -y         git         zlib1g-dev         unzip         python         && (             cd /tmp             && mkdir librdkafka             && cd librdkafka             && git clone https://github.com/edenhill/librdkafka.git .             && ./configure             && make             && make install         )     && rm -r /var/lib/apt/lists/*:
1.657   404  Not Found
1.666 Ign:12 http://deb.debian.org/debian stretch-updates/main all Packages
1.670 Reading package lists...
1.680 W: The repository 'http://security.debian.org/debian-security stretch/updates Release' does not have a Release file.
1.680 W: The repository 'http://deb.debian.org/debian stretch Release' does not have a Release file.
1.680 W: The repository 'http://deb.debian.org/debian stretch-updates Release' does not have a Release file.
1.680 E: Failed to fetch http://security.debian.org/debian-security/dists/stretch/updates/main/binary-amd64/Packages  404  Not Found [IP: 151.101.66.132 80]
1.680 E: Failed to fetch http://deb.debian.org/debian/dists/stretch/main/binary-amd64/Packages  404  Not Found
1.680 E: Failed to fetch http://deb.debian.org/debian/dists/stretch-updates/main/binary-amd64/Packages  404  Not Found
1.680 E: Some index files failed to download. They have been ignored, or old ones used instead.
------
v1_Dockerfile:8
--------------------
   7 |     # Packages
   8 | >>> RUN apt-get update \
   9 | >>>     && DEBIAN_FRONTEND=noninteractive apt-get install -y \
  10 | >>>         git \
  11 | >>>         zlib1g-dev \
  12 | >>>         unzip \
  13 | >>>         python \
  14 | >>>         && ( \
  15 | >>>             cd /tmp \
  16 | >>>             && mkdir librdkafka \
  17 | >>>             && cd librdkafka \
  18 | >>>             && git clone https://github.com/edenhill/librdkafka.git . \
  19 | >>>             && ./configure \
  20 | >>>             && make \
  21 | >>>             && make install \
  22 | >>>         ) \
  23 | >>>     && rm -r /var/lib/apt/lists/*
  24 |     
--------------------
ERROR: failed to solve: process "/bin/sh -c apt-get update     && DEBIAN_FRONTEND=noninteractive apt-get install -y         git         zlib1g-dev         unzip         python         && (             cd /tmp             && mkdir librdkafka             && cd librdkafka             && git clone https://github.com/edenhill/librdkafka.git .             && ./configure             && make             && make install         )     && rm -r /var/lib/apt/lists/*" did not complete successfully: exit code: 100
Duration: 0:29.05