#0 building with "default" instance using docker driver

#1 [internal] load .dockerignore
#1 ...

#2 [internal] load build definition from Dockerfile
#2 transferring dockerfile: 141B 0.0s done
#2 DONE 0.4s

#1 [internal] load .dockerignore
#1 transferring context: 2B done
#1 DONE 0.4s

#3 [internal] load metadata for docker.io/library/node:6
#3 ...

#4 [auth] library/node:pull token for registry-1.docker.io
#4 DONE 0.0s

#3 [internal] load metadata for docker.io/library/node:6
#3 DONE 1.6s

#5 [1/5] FROM docker.io/library/node:6@sha256:e133e66ec3bfc98da0440e552f452e5cdf6413319d27a2db3b01ac4b319759b3
#5 resolve docker.io/library/node:6@sha256:e133e66ec3bfc98da0440e552f452e5cdf6413319d27a2db3b01ac4b319759b3
#5 resolve docker.io/library/node:6@sha256:e133e66ec3bfc98da0440e552f452e5cdf6413319d27a2db3b01ac4b319759b3 1.1s done
#5 sha256:e133e66ec3bfc98da0440e552f452e5cdf6413319d27a2db3b01ac4b319759b3 2.04kB / 2.04kB done
#5 sha256:92a780ce4191097a1470be20a40a590ac9601e53811c518effeb152ecd41548a 2.01kB / 2.01kB done
#5 sha256:ab290b853066caedc75778bd4839da568ecb2a6b8e27442e0b1ce3c4741f1184 7.34kB / 7.34kB done
#5 ...

#6 [internal] load build context
#6 transferring context: 25.14MB 1.4s done
#6 DONE 1.8s

#5 [1/5] FROM docker.io/library/node:6@sha256:e133e66ec3bfc98da0440e552f452e5cdf6413319d27a2db3b01ac4b319759b3
#5 sha256:c5e155d5a1d130a7f8a3e24cee0d9e1349bff13f90ec6a941478e558fde53c14 0B / 45.34MB 0.2s
#5 sha256:c5e155d5a1d130a7f8a3e24cee0d9e1349bff13f90ec6a941478e558fde53c14 4.19MB / 45.34MB 0.4s
#5 sha256:221d80d00ae9675aad24913aacbadfac1ce8b7084f9765a6c0813486082c5c69 0B / 10.78MB 0.4s
#5 sha256:c5e155d5a1d130a7f8a3e24cee0d9e1349bff13f90ec6a941478e558fde53c14 10.49MB / 45.34MB 0.5s
#5 sha256:221d80d00ae9675aad24913aacbadfac1ce8b7084f9765a6c0813486082c5c69 2.10MB / 10.78MB 0.5s
#5 sha256:4250b3117dca5e14edc32ebf1366cd54e4cda91f17610b76c504a86917ff8b95 0B / 4.34MB 0.5s
#5 sha256:c5e155d5a1d130a7f8a3e24cee0d9e1349bff13f90ec6a941478e558fde53c14 16.78MB / 45.34MB 0.6s
#5 sha256:221d80d00ae9675aad24913aacbadfac1ce8b7084f9765a6c0813486082c5c69 8.39MB / 10.78MB 0.6s
#5 sha256:c5e155d5a1d130a7f8a3e24cee0d9e1349bff13f90ec6a941478e558fde53c14 28.31MB / 45.34MB 0.8s
#5 sha256:221d80d00ae9675aad24913aacbadfac1ce8b7084f9765a6c0813486082c5c69 10.78MB / 10.78MB 0.8s
#5 sha256:4250b3117dca5e14edc32ebf1366cd54e4cda91f17610b76c504a86917ff8b95 4.34MB / 4.34MB 0.8s
#5 sha256:c5e155d5a1d130a7f8a3e24cee0d9e1349bff13f90ec6a941478e558fde53c14 34.60MB / 45.34MB 0.9s
#5 sha256:221d80d00ae9675aad24913aacbadfac1ce8b7084f9765a6c0813486082c5c69 10.78MB / 10.78MB 0.9s done
#5 sha256:c5e155d5a1d130a7f8a3e24cee0d9e1349bff13f90ec6a941478e558fde53c14 45.34MB / 45.34MB 1.1s
#5 sha256:4250b3117dca5e14edc32ebf1366cd54e4cda91f17610b76c504a86917ff8b95 4.34MB / 4.34MB 1.0s done
#5 sha256:3b7ca19181b24b87e24423c01b490633bc1e47d2fcdc1987bf2e37949d6789b5 3.15MB / 50.07MB 1.1s
#5 sha256:3b7ca19181b24b87e24423c01b490633bc1e47d2fcdc1987bf2e37949d6789b5 8.39MB / 50.07MB 1.2s
#5 sha256:425d7b2a5bcc7e8df5041d66655cd6173c16799afefb1645ca0e0b3fa8a1043d 0B / 215.08MB 1.2s
#5 sha256:3b7ca19181b24b87e24423c01b490633bc1e47d2fcdc1987bf2e37949d6789b5 17.83MB / 50.07MB 1.4s
#5 sha256:3b7ca19181b24b87e24423c01b490633bc1e47d2fcdc1987bf2e37949d6789b5 25.50MB / 50.07MB 1.5s
#5 sha256:425d7b2a5bcc7e8df5041d66655cd6173c16799afefb1645ca0e0b3fa8a1043d 15.73MB / 215.08MB 1.5s
#5 sha256:3b7ca19181b24b87e24423c01b490633bc1e47d2fcdc1987bf2e37949d6789b5 31.46MB / 50.07MB 1.6s
#5 sha256:3b7ca19181b24b87e24423c01b490633bc1e47d2fcdc1987bf2e37949d6789b5 36.70MB / 50.07MB 1.7s
#5 sha256:c5e155d5a1d130a7f8a3e24cee0d9e1349bff13f90ec6a941478e558fde53c14 45.34MB / 45.34MB 1.9s done
#5 sha256:3b7ca19181b24b87e24423c01b490633bc1e47d2fcdc1987bf2e37949d6789b5 48.23MB / 50.07MB 1.9s
#5 sha256:425d7b2a5bcc7e8df5041d66655cd6173c16799afefb1645ca0e0b3fa8a1043d 37.75MB / 215.08MB 1.9s
#5 sha256:69df12c70287cf403446724e92cae1e0aa1c74713e27106525e433037c43a087 0B / 4.16kB 2.0s
#5 sha256:425d7b2a5bcc7e8df5041d66655cd6173c16799afefb1645ca0e0b3fa8a1043d 50.33MB / 215.08MB 2.1s
#5 sha256:69df12c70287cf403446724e92cae1e0aa1c74713e27106525e433037c43a087 4.16kB / 4.16kB 2.1s
#5 extracting sha256:c5e155d5a1d130a7f8a3e24cee0d9e1349bff13f90ec6a941478e558fde53c14
#5 sha256:425d7b2a5bcc7e8df5041d66655cd6173c16799afefb1645ca0e0b3fa8a1043d 61.87MB / 215.08MB 2.3s
#5 sha256:425d7b2a5bcc7e8df5041d66655cd6173c16799afefb1645ca0e0b3fa8a1043d 73.40MB / 215.08MB 2.5s
#5 sha256:425d7b2a5bcc7e8df5041d66655cd6173c16799afefb1645ca0e0b3fa8a1043d 84.93MB / 215.08MB 2.7s
#5 sha256:3b7ca19181b24b87e24423c01b490633bc1e47d2fcdc1987bf2e37949d6789b5 50.07MB / 50.07MB 2.9s done
#5 sha256:69df12c70287cf403446724e92cae1e0aa1c74713e27106525e433037c43a087 4.16kB / 4.16kB 3.0s done
#5 sha256:ea2f5386a42d42ff9729d1cb357ca3741edc32be894150e5024a85655b8523ec 0B / 14.58MB 3.0s
#5 sha256:425d7b2a5bcc7e8df5041d66655cd6173c16799afefb1645ca0e0b3fa8a1043d 105.91MB / 215.08MB 3.2s
#5 sha256:ea2f5386a42d42ff9729d1cb357ca3741edc32be894150e5024a85655b8523ec 7.34MB / 14.58MB 3.2s
#5 sha256:d421d2b3c5eb9a47f42f42f82356e2f63b493c49c8bbcc0c070ab4a06446a972 1.32MB / 1.32MB 3.2s
#5 sha256:ea2f5386a42d42ff9729d1cb357ca3741edc32be894150e5024a85655b8523ec 12.58MB / 14.58MB 3.3s
#5 sha256:d421d2b3c5eb9a47f42f42f82356e2f63b493c49c8bbcc0c070ab4a06446a972 1.32MB / 1.32MB 3.3s done
#5 sha256:425d7b2a5bcc7e8df5041d66655cd6173c16799afefb1645ca0e0b3fa8a1043d 117.44MB / 215.08MB 3.4s
#5 sha256:ea2f5386a42d42ff9729d1cb357ca3741edc32be894150e5024a85655b8523ec 14.58MB / 14.58MB 3.4s
#5 sha256:425d7b2a5bcc7e8df5041d66655cd6173c16799afefb1645ca0e0b3fa8a1043d 128.97MB / 215.08MB 3.6s
#5 sha256:425d7b2a5bcc7e8df5041d66655cd6173c16799afefb1645ca0e0b3fa8a1043d 140.51MB / 215.08MB 3.8s
#5 sha256:ea2f5386a42d42ff9729d1cb357ca3741edc32be894150e5024a85655b8523ec 14.58MB / 14.58MB 3.6s done
#5 sha256:425d7b2a5bcc7e8df5041d66655cd6173c16799afefb1645ca0e0b3fa8a1043d 156.24MB / 215.08MB 4.1s
#5 sha256:425d7b2a5bcc7e8df5041d66655cd6173c16799afefb1645ca0e0b3fa8a1043d 171.97MB / 215.08MB 4.4s
#5 sha256:425d7b2a5bcc7e8df5041d66655cd6173c16799afefb1645ca0e0b3fa8a1043d 183.50MB / 215.08MB 4.6s
#5 sha256:425d7b2a5bcc7e8df5041d66655cd6173c16799afefb1645ca0e0b3fa8a1043d 199.23MB / 215.08MB 4.9s
#5 sha256:425d7b2a5bcc7e8df5041d66655cd6173c16799afefb1645ca0e0b3fa8a1043d 215.08MB / 215.08MB 5.2s
#5 extracting sha256:c5e155d5a1d130a7f8a3e24cee0d9e1349bff13f90ec6a941478e558fde53c14 5.3s
#5 sha256:425d7b2a5bcc7e8df5041d66655cd6173c16799afefb1645ca0e0b3fa8a1043d 215.08MB / 215.08MB 10.0s done
#5 extracting sha256:c5e155d5a1d130a7f8a3e24cee0d9e1349bff13f90ec6a941478e558fde53c14 10.4s
#5 extracting sha256:c5e155d5a1d130a7f8a3e24cee0d9e1349bff13f90ec6a941478e558fde53c14 11.6s done
#5 extracting sha256:221d80d00ae9675aad24913aacbadfac1ce8b7084f9765a6c0813486082c5c69
#5 extracting sha256:221d80d00ae9675aad24913aacbadfac1ce8b7084f9765a6c0813486082c5c69 1.1s done
#5 extracting sha256:4250b3117dca5e14edc32ebf1366cd54e4cda91f17610b76c504a86917ff8b95
#5 extracting sha256:4250b3117dca5e14edc32ebf1366cd54e4cda91f17610b76c504a86917ff8b95 0.7s done
#5 extracting sha256:3b7ca19181b24b87e24423c01b490633bc1e47d2fcdc1987bf2e37949d6789b5
#5 extracting sha256:3b7ca19181b24b87e24423c01b490633bc1e47d2fcdc1987bf2e37949d6789b5 5.0s
#5 extracting sha256:3b7ca19181b24b87e24423c01b490633bc1e47d2fcdc1987bf2e37949d6789b5 8.8s done
#5 extracting sha256:425d7b2a5bcc7e8df5041d66655cd6173c16799afefb1645ca0e0b3fa8a1043d
#5 extracting sha256:425d7b2a5bcc7e8df5041d66655cd6173c16799afefb1645ca0e0b3fa8a1043d 5.1s
#5 extracting sha256:425d7b2a5bcc7e8df5041d66655cd6173c16799afefb1645ca0e0b3fa8a1043d 10.1s
#5 extracting sha256:425d7b2a5bcc7e8df5041d66655cd6173c16799afefb1645ca0e0b3fa8a1043d 15.2s
#5 extracting sha256:425d7b2a5bcc7e8df5041d66655cd6173c16799afefb1645ca0e0b3fa8a1043d 20.2s
#5 extracting sha256:425d7b2a5bcc7e8df5041d66655cd6173c16799afefb1645ca0e0b3fa8a1043d 25.3s
#5 extracting sha256:425d7b2a5bcc7e8df5041d66655cd6173c16799afefb1645ca0e0b3fa8a1043d 29.4s done
#5 extracting sha256:69df12c70287cf403446724e92cae1e0aa1c74713e27106525e433037c43a087
#5 extracting sha256:69df12c70287cf403446724e92cae1e0aa1c74713e27106525e433037c43a087 0.3s done
#5 extracting sha256:ea2f5386a42d42ff9729d1cb357ca3741edc32be894150e5024a85655b8523ec 0.1s
#5 extracting sha256:ea2f5386a42d42ff9729d1cb357ca3741edc32be894150e5024a85655b8523ec 2.6s done
#5 extracting sha256:d421d2b3c5eb9a47f42f42f82356e2f63b493c49c8bbcc0c070ab4a06446a972
#5 extracting sha256:d421d2b3c5eb9a47f42f42f82356e2f63b493c49c8bbcc0c070ab4a06446a972 0.4s done
#5 DONE 63.5s

#7 [2/5] WORKDIR /app
#7 DONE 14.3s

#8 [3/5] COPY package.json /app
#8 DONE 0.4s

#9 [4/5] RUN npm install
#9 8.393 npm WARN deprecated loopback-component-explorer@2.7.0: This version is no longer supported, please upgrade to 6.x
#9 8.804 npm WARN deprecated loopback-boot@2.28.0: This version is no longer supported, please upgrade to 3.x
#9 9.077 npm WARN deprecated loopback-explorer@1.8.0: This version is no longer supported, please upgrade to 6.x
#9 9.616 npm WARN deprecated rimraf@2.7.1: Rimraf versions prior to v4 are no longer supported
#9 10.53 npm WARN deprecated react-range@0.0.6: This module is now under the @mapbox namespace: install @mapbox/react-range instead
#9 10.66 npm WARN deprecated babel-eslint@7.2.3: babel-eslint is now @babel/eslint-parser. This package will no longer receive updates.
#9 10.85 npm WARN deprecated json2csv@3.11.5: Package no longer supported. Contact Support at https://www.npmjs.com/support for more info.
#9 12.72 npm WARN deprecated loopback@2.42.0: LoopBack 2 is no longer maintained, please upgrade to a newer version. Learn more at https://loopback.io
#9 13.80 npm WARN deprecated loopback-datasource-juggler@2.59.3: LoopBack 2 is no longer maintained, please upgrade to a newer version. Learn more at https://loopback.io
#9 15.41 npm WARN deprecated html-webpack-plugin@2.30.1: out of support
#9 52.92 npm WARN deprecated core-js@2.6.12: core-js@<3.23.3 is no longer maintained and not recommended for usage due to the number of issues. Because of the V8 engine whims, feature detection in old core-js versions could cause a slowdown up to 100x even if nothing is polyfilled. Some versions have web compatibility issues. Please, upgrade your dependencies to the actual version of core-js.
#9 76.52 npm WARN deprecated glob@7.2.3: Glob versions prior to v9 are no longer supported
#9 80.19 npm WARN deprecated rimraf@2.6.3: Rimraf versions prior to v4 are no longer supported
#9 80.26 npm WARN deprecated circular-json@0.3.3: CircularJSON is in maintenance only, flatted is its successor.
#9 80.46 npm WARN deprecated inflight@1.0.6: This module is not supported, and leaks memory. Do not use it. Check out lru-cache if you want a good and tested way to coalesce async requests by a key value, which is much more comprehensive and powerful.
#9 102.5 npm WARN deprecated stable@0.1.8: Modern JS already guarantees Array#sort() is a stable sort, so this library is deprecated. See the compatibility table on MDN: https://developer.mozilla.org/en-US/docs/Web/JavaScript/Reference/Global_Objects/Array/sort#browser_compatibility
#9 103.7 npm WARN deprecated nodemailer@2.7.2: All versions below 4.0.1 of Nodemailer are deprecated. See https://nodemailer.com/status/
#9 103.8 npm WARN deprecated strong-remoting@2.36.1: LoopBack 2 is no longer maintained, please upgrade to a newer version. Learn more at https://loopback.io
#9 108.5 npm WARN deprecated shortid@2.2.16: Package no longer supported. Contact Support at https://www.npmjs.com/support for more info.
#9 108.7 npm WARN deprecated uuid@3.4.0: Please upgrade  to version 7 or higher.  Older versions may use Math.random() in certain circumstances, which is known to be problematic.  See https://v8.dev/blog/math-random for details.
#9 133.7 npm WARN deprecated rimraf@2.2.8: Rimraf versions prior to v4 are no longer supported
#9 137.2 npm WARN deprecated request@2.88.2: request has been deprecated, see https://github.com/request/request/issues/3142
#9 144.8 npm WARN deprecated har-validator@5.1.5: this library is no longer supported
#9 150.2 npm WARN deprecated socks@1.1.9: If using 2.x branch, please upgrade to at least 2.1.6 to avoid a serious bug with socket data flow and an import issue introduced in 2.1.0
#9 150.2 npm WARN deprecated mailcomposer@4.0.1: This project is unmaintained
#9 150.9 npm WARN deprecated buildmail@4.0.1: This project is unmaintained
#9 156.8 npm WARN deprecated mailcomposer@3.12.0: This project is unmaintained
#9 157.1 npm WARN deprecated mailgun-js@0.7.15: Package no longer supported. Contact Support at https://www.npmjs.com/support for more info.
#9 157.6 npm WARN deprecated buildmail@3.10.0: This project is unmaintained
#9 158.8 npm WARN deprecated q@1.4.1: You or someone you depend on is using Q, the JavaScript Promise library that gave JavaScript developers strong feelings about promises. They can almost certainly migrate to the native JavaScript promise now. Thank you literally everyone for joining me in this bet against the odds. Be excellent to each other.
#9 158.8 npm WARN deprecated 
#9 158.8 npm WARN deprecated (For a CapTP with native promises, see @endo/eventual-send and @endo/captp)
#9 165.8 npm WARN deprecated bson@1.0.9: Fixed a critical issue with BSON serialization documented in CVE-2019-2391, see https://bit.ly/2KcpXdo for more details
#9 168.8 npm WARN deprecated swagger-ui@2.0.24: No longer maintained, please upgrade to swagger-ui@3.
#9 170.4 npm WARN deprecated mkdirp@0.5.1: Legacy versions of mkdirp are no longer supported. Please update to mkdirp 1.x. (Note that the API surface has changed to use Promises in 1.x.)
#9 170.5 npm WARN deprecated connect@2.30.2: connect 2.x series is deprecated
#9 180.4 npm WARN deprecated swagger-client@2.0.36: No longer maintained, please upgrade to swagger-client@3.
#9 180.4 npm WARN deprecated coffee-script@1.6.3: CoffeeScript on NPM has moved to "coffeescript" (no hyphen)
#9 182.8 npm WARN deprecated mkdirp@0.3.5: Legacy versions of mkdirp are no longer supported. Please update to mkdirp 1.x. (Note that the API surface has changed to use Promises in 1.x.)
#9 183.7 npm WARN deprecated sprintf@0.1.1: The sprintf package is deprecated in favor of sprintf-js.
#9 186.4 npm WARN deprecated glob@5.0.15: Glob versions prior to v9 are no longer supported
#9 187.7 npm WARN deprecated core-js@1.2.7: core-js@<3.23.3 is no longer maintained and not recommended for usage due to the number of issues. Because of the V8 engine whims, feature detection in old core-js versions could cause a slowdown up to 100x even if nothing is polyfilled. Some versions have web compatibility issues. Please, upgrade your dependencies to the actual version of core-js.
#9 194.6 npm WARN deprecated acorn-dynamic-import@2.0.2: This is probably built in to whatever tool you're using. If you still need it... idk
#9 207.2 npm WARN deprecated chokidar@2.1.8: Chokidar 2 does not receive security updates since 2019. Upgrade to chokidar 3 with 15x fewer dependencies
#9 210.7 npm WARN deprecated source-map-resolve@0.5.3: See https://github.com/lydell/source-map-resolve#deprecated
#9 214.7 npm WARN deprecated source-map-url@0.4.1: See https://github.com/lydell/source-map-url#deprecated
#9 214.7 npm WARN deprecated urix@0.1.0: Please see https://github.com/lydell/urix#deprecated
#9 214.7 npm WARN deprecated resolve-url@0.2.1: https://github.com/lydell/resolve-url#deprecated
#9 425.3 bifrost@1.0.0 /app
#9 425.3 +-- async@0.9.2 
#9 425.3 +-- babel-core@6.26.3 
#9 425.3 | +-- babel-code-frame@6.26.0 
#9 425.3 | | `-- js-tokens@3.0.2 
#9 425.3 | +-- babel-generator@6.26.1 
#9 425.3 | | +-- detect-indent@4.0.0 
#9 425.3 | | | `-- repeating@2.0.1 
#9 425.3 | | |   `-- is-finite@1.1.0 
#9 425.3 | | +-- jsesc@1.3.0 
#9 425.3 | | `-- trim-right@1.0.1 
#9 425.3 | +-- babel-helpers@6.24.1 
#9 425.3 | +-- babel-messages@6.23.0 
#9 425.3 | +-- babel-register@6.26.0 
#9 425.3 | | +-- core-js@2.6.12 
#9 425.3 | | +-- home-or-tmp@2.0.0 
#9 425.3 | | | `-- os-tmpdir@1.0.2 
#9 425.3 | | `-- source-map-support@0.4.18 
#9 425.3 | +-- babel-runtime@6.26.0 
#9 425.3 | | `-- regenerator-runtime@0.11.1 
#9 425.3 | +-- babel-template@6.26.0 
#9 425.3 | +-- babel-traverse@6.26.0 
#9 425.3 | +-- babel-types@6.26.0 
#9 425.3 | | `-- to-fast-properties@1.0.3 
#9 425.3 | +-- babylon@6.18.0 
#9 425.3 | +-- convert-source-map@1.9.0 
#9 425.3 | +-- json5@0.5.1 
#9 425.3 | +-- lodash@4.17.21 
#9 425.3 | +-- minimatch@3.1.2 
#9 425.3 | | `-- brace-expansion@1.1.11 
#9 425.3 | |   +-- balanced-match@1.0.2 
#9 425.3 | |   `-- concat-map@0.0.1 
#9 425.3 | +-- path-is-absolute@1.0.1 
#9 425.3 | +-- private@0.1.8 
#9 425.3 | +-- slash@1.0.0 
#9 425.3 | `-- source-map@0.5.7 
#9 425.3 +-- babel-eslint@7.2.3 
#9 425.3 +-- babel-loader@6.4.1 
#9 425.3 | +-- find-cache-dir@0.1.1 
#9 425.3 | | `-- pkg-dir@1.0.0 
#9 425.3 | |   `-- find-up@1.1.2 
#9 425.3 | |     +-- path-exists@2.1.0 
#9 425.3 | |     `-- pinkie-promise@2.0.1 
#9 425.3 | |       `-- pinkie@2.0.4 
#9 425.3 | +-- loader-utils@0.2.17 
#9 425.3 | | +-- big.js@3.2.0 
#9 425.3 | | `-- emojis-list@2.1.0 
#9 425.3 | +-- mkdirp@0.5.6 
#9 425.3 | | `-- minimist@1.2.8 
#9 425.3 | `-- object-assign@4.1.1 
#9 425.3 +-- babel-plugin-transform-class-properties@6.24.1 
#9 425.3 | +-- babel-helper-function-name@6.24.1 
#9 425.3 | | `-- babel-helper-get-function-arity@6.24.1 
#9 425.3 | `-- babel-plugin-syntax-class-properties@6.13.0 
#9 425.3 +-- babel-preset-env@1.7.0 
#9 425.3 | +-- babel-plugin-check-es2015-constants@6.22.0 
#9 425.3 | +-- babel-plugin-syntax-trailing-function-commas@6.22.0 
#9 425.3 | +-- babel-plugin-transform-async-to-generator@6.24.1 
#9 425.3 | | +-- babel-helper-remap-async-to-generator@6.24.1 
#9 425.3 | | `-- babel-plugin-syntax-async-functions@6.13.0 
#9 425.3 | +-- babel-plugin-transform-es2015-arrow-functions@6.22.0 
#9 425.3 | +-- babel-plugin-transform-es2015-block-scoped-functions@6.22.0 
#9 425.3 | +-- babel-plugin-transform-es2015-block-scoping@6.26.0 
#9 425.3 | +-- babel-plugin-transform-es2015-classes@6.24.1 
#9 425.3 | | +-- babel-helper-define-map@6.26.0 
#9 425.3 | | +-- babel-helper-optimise-call-expression@6.24.1 
#9 425.3 | | `-- babel-helper-replace-supers@6.24.1 
#9 425.3 | +-- babel-plugin-transform-es2015-computed-properties@6.24.1 
#9 425.3 | +-- babel-plugin-transform-es2015-destructuring@6.23.0 
#9 425.3 | +-- babel-plugin-transform-es2015-duplicate-keys@6.24.1 
#9 425.3 | +-- babel-plugin-transform-es2015-for-of@6.23.0 
#9 425.3 | +-- babel-plugin-transform-es2015-function-name@6.24.1 
#9 425.3 | +-- babel-plugin-transform-es2015-literals@6.22.0 
#9 425.3 | +-- babel-plugin-transform-es2015-modules-amd@6.24.1 
#9 425.3 | +-- babel-plugin-transform-es2015-modules-commonjs@6.26.2 
#9 425.3 | | `-- babel-plugin-transform-strict-mode@6.24.1 
#9 425.3 | +-- babel-plugin-transform-es2015-modules-systemjs@6.24.1 
#9 425.3 | | `-- babel-helper-hoist-variables@6.24.1 
#9 425.3 | +-- babel-plugin-transform-es2015-modules-umd@6.24.1 
#9 425.3 | +-- babel-plugin-transform-es2015-object-super@6.24.1 
#9 425.3 | +-- babel-plugin-transform-es2015-parameters@6.24.1 
#9 425.3 | | `-- babel-helper-call-delegate@6.24.1 
#9 425.3 | +-- babel-plugin-transform-es2015-shorthand-properties@6.24.1 
#9 425.3 | +-- babel-plugin-transform-es2015-spread@6.22.0 
#9 425.3 | +-- babel-plugin-transform-es2015-sticky-regex@6.24.1 
#9 425.3 | | `-- babel-helper-regex@6.26.0 
#9 425.3 | +-- babel-plugin-transform-es2015-template-literals@6.22.0 
#9 425.3 | +-- babel-plugin-transform-es2015-typeof-symbol@6.23.0 
#9 425.3 | +-- babel-plugin-transform-es2015-unicode-regex@6.24.1 
#9 425.3 | | `-- regexpu-core@2.0.0 
#9 425.3 | |   +-- regenerate@1.4.2 
#9 425.3 | |   +-- regjsgen@0.2.0 
#9 425.3 | |   `-- regjsparser@0.1.5 
#9 425.3 | |     `-- jsesc@0.5.0 
#9 425.3 | +-- babel-plugin-transform-exponentiation-operator@6.24.1 
#9 425.3 | | +-- babel-helper-builder-binary-assignment-operator-visitor@6.24.1 
#9 425.3 | | | `-- babel-helper-explode-assignable-expression@6.24.1 
#9 425.3 | | `-- babel-plugin-syntax-exponentiation-operator@6.13.0 
#9 425.3 | +-- babel-plugin-transform-regenerator@6.26.0 
#9 425.3 | | `-- regenerator-transform@0.10.1 
#9 425.3 | +-- browserslist@3.2.8 
#9 425.3 | | +-- caniuse-lite@1.0.30001645 
#9 425.3 | | `-- electron-to-chromium@1.5.4 
#9 425.3 | +-- invariant@2.2.4 
#9 425.3 | `-- semver@5.7.2 
#9 425.3 +-- babel-preset-react@6.24.1 
#9 425.3 | +-- babel-plugin-syntax-jsx@6.18.0 
#9 425.3 | +-- babel-plugin-transform-react-display-name@6.25.0 
#9 425.3 | +-- babel-plugin-transform-react-jsx@6.24.1 
#9 425.3 | | `-- babel-helper-builder-react-jsx@6.26.0 
#9 425.3 | +-- babel-plugin-transform-react-jsx-self@6.22.0 
#9 425.3 | +-- babel-plugin-transform-react-jsx-source@6.22.0 
#9 425.3 | `-- babel-preset-flow@6.23.0 
#9 425.3 |   `-- babel-plugin-transform-flow-strip-types@6.22.0 
#9 425.3 |     `-- babel-plugin-syntax-flow@6.18.0 
#9 425.3 +-- babel-preset-stage-0@6.24.1 
#9 425.3 | +-- babel-plugin-transform-do-expressions@6.22.0 
#9 425.3 | | `-- babel-plugin-syntax-do-expressions@6.13.0 
#9 425.3 | +-- babel-plugin-transform-function-bind@6.22.0 
#9 425.3 | | `-- babel-plugin-syntax-function-bind@6.13.0 
#9 425.3 | `-- babel-preset-stage-1@6.24.1 
#9 425.3 |   +-- babel-plugin-transform-class-constructor-call@6.24.1 
#9 425.3 |   | `-- babel-plugin-syntax-class-constructor-call@6.18.0 
#9 425.3 |   +-- babel-plugin-transform-export-extensions@6.22.0 
#9 425.3 |   | `-- babel-plugin-syntax-export-extensions@6.13.0 
#9 425.3 |   `-- babel-preset-stage-2@6.24.1 
#9 425.3 |     +-- babel-plugin-syntax-dynamic-import@6.18.0 
#9 425.3 |     +-- babel-plugin-transform-decorators@6.24.1 
#9 425.3 |     | +-- babel-helper-explode-class@6.24.1 
#9 425.3 |     | | `-- babel-helper-bindify-decorators@6.24.1 
#9 425.3 |     | `-- babel-plugin-syntax-decorators@6.13.0 
#9 425.3 |     `-- babel-preset-stage-3@6.24.1 
#9 425.3 |       +-- babel-plugin-transform-async-generator-functions@6.24.1 
#9 425.3 |       | `-- babel-plugin-syntax-async-generators@6.13.0 
#9 425.3 |       `-- babel-plugin-transform-object-rest-spread@6.26.0 
#9 425.3 |         `-- babel-plugin-syntax-object-rest-spread@6.13.0 
#9 425.3 +-- colors@1.4.0 
#9 425.3 +-- compression@1.7.4 
#9 425.3 | +-- accepts@1.3.8 
#9 425.3 | | +-- mime-types@2.1.35 
#9 425.3 | | `-- negotiator@0.6.3 
#9 425.3 | +-- bytes@3.0.0 
#9 425.3 | +-- compressible@2.0.18 
#9 425.3 | | `-- mime-db@1.52.0 
#9 425.3 | +-- on-headers@1.0.2 
#9 425.3 | +-- safe-buffer@5.1.2 
#9 425.3 | `-- vary@1.1.2 
#9 425.3 +-- cors@2.8.5 
#9 425.3 +-- debug@2.6.9 
#9 425.3 | `-- ms@2.0.0 
#9 425.3 +-- dotenv@4.0.0 
#9 425.3 +-- errorhandler@1.5.1 
#9 425.3 | `-- escape-html@1.0.3 
#9 425.3 +-- eslint@3.19.0 
#9 425.3 | +-- chalk@1.1.3 
#9 425.3 | | +-- ansi-styles@2.2.1 
#9 425.3 | | +-- escape-string-regexp@1.0.5 
#9 425.3 | | +-- has-ansi@2.0.0 
#9 425.3 | | +-- strip-ansi@3.0.1 
#9 425.3 | | `-- supports-color@2.0.0 
#9 425.3 | +-- concat-stream@1.6.2 
#9 425.3 | | +-- buffer-from@1.1.2 
#9 425.3 | | +-- inherits@2.0.4 
#9 425.3 | | +-- readable-stream@2.3.8 
#9 425.3 | | | +-- core-util-is@1.0.3 
#9 425.3 | | | +-- process-nextick-args@2.0.1 
#9 425.3 | | | `-- util-deprecate@1.0.2 
#9 425.3 | | `-- typedarray@0.0.6 
#9 425.3 | +-- doctrine@2.1.0 
#9 425.3 | +-- escope@3.6.0 
#9 425.3 | | +-- es6-map@0.1.5 
#9 425.3 | | | +-- d@1.0.2 
#9 425.3 | | | | `-- type@2.7.3 
#9 425.3 | | | +-- es5-ext@0.10.64 
#9 425.3 | | | | +-- esniff@2.0.1 
#9 425.3 | | | | `-- next-tick@1.1.0 
#9 425.3 | | | +-- es6-iterator@2.0.3 
#9 425.3 | | | +-- es6-set@0.1.6 
#9 425.3 | | | +-- es6-symbol@3.1.4 
#9 425.3 | | | | `-- ext@1.7.0 
#9 425.3 | | | `-- event-emitter@0.3.5 
#9 425.3 | | +-- es6-weak-map@2.0.3 
#9 425.3 | | `-- esrecurse@4.3.0 
#9 425.3 | |   `-- estraverse@5.3.0 
#9 425.3 | +-- espree@3.5.4 
#9 425.3 | | `-- acorn-jsx@3.0.1 
#9 425.3 | |   `-- acorn@3.3.0 
#9 425.3 | +-- esquery@1.6.0 
#9 425.3 | | `-- estraverse@5.3.0 
#9 425.3 | +-- estraverse@4.3.0 
#9 425.3 | +-- esutils@2.0.3 
#9 425.3 | +-- file-entry-cache@2.0.0 
#9 425.3 | | `-- flat-cache@1.3.4 
#9 425.3 | |   +-- circular-json@0.3.3 
#9 425.3 | |   +-- rimraf@2.6.3 
#9 425.3 | |   `-- write@0.2.1 
#9 425.3 | +-- glob@7.2.3 
#9 425.3 | | +-- fs.realpath@1.0.0 
#9 425.3 | | +-- inflight@1.0.6 
#9 425.3 | | | `-- wrappy@1.0.2 
#9 425.3 | | `-- once@1.4.0 
#9 425.3 | +-- globals@9.18.0 
#9 425.3 | +-- ignore@3.3.10 
#9 425.3 | +-- imurmurhash@0.1.4 
#9 425.3 | +-- inquirer@0.12.0 
#9 425.3 | | +-- ansi-escapes@1.4.0 
#9 425.3 | | +-- ansi-regex@2.1.1 
#9 425.3 | | +-- cli-cursor@1.0.2 
#9 425.3 | | | `-- restore-cursor@1.0.1 
#9 425.3 | | |   +-- exit-hook@1.1.1 
#9 425.3 | | |   `-- onetime@1.1.0 
#9 425.3 | | +-- cli-width@2.2.1 
#9 425.3 | | +-- figures@1.7.0 
#9 425.3 | | +-- readline2@1.0.1 
#9 425.3 | | | +-- code-point-at@1.1.0 
#9 425.3 | | | +-- is-fullwidth-code-point@1.0.0 
#9 425.3 | | | | `-- number-is-nan@1.0.1 
#9 425.3 | | | `-- mute-stream@0.0.5 
#9 425.3 | | +-- run-async@0.1.0 
#9 425.3 | | +-- rx-lite@3.1.2 
#9 425.3 | | +-- string-width@1.0.2 
#9 425.3 | | `-- through@2.3.8 
#9 425.3 | +-- is-my-json-valid@2.20.6 
#9 425.3 | | +-- generate-function@2.3.1 
#9 425.3 | | | `-- is-property@1.0.2 
#9 425.3 | | +-- generate-object-property@1.2.0 
#9 425.3 | | +-- is-my-ip-valid@1.0.1 
#9 425.3 | | +-- jsonpointer@5.0.1 
#9 425.3 | | `-- xtend@4.0.2 
#9 425.3 | +-- is-resolvable@1.1.0 
#9 425.3 | +-- js-yaml@3.14.1 
#9 425.3 | | +-- argparse@1.0.10 
#9 425.3 | | | `-- sprintf-js@1.0.3 
#9 425.3 | | `-- esprima@4.0.1 
#9 425.3 | +-- json-stable-stringify@1.1.1 
#9 425.3 | | +-- call-bind@1.0.7 
#9 425.3 | | | +-- es-define-property@1.0.0 
#9 425.3 | | | +-- es-errors@1.3.0 
#9 425.3 | | | +-- function-bind@1.1.2 
#9 425.3 | | | +-- get-intrinsic@1.2.4 
#9 425.3 | | | `-- set-function-length@1.2.2 
#9 425.3 | | +-- isarray@2.0.5 
#9 425.3 | | +-- jsonify@0.0.1 
#9 425.3 | | `-- object-keys@1.1.1 
#9 425.3 | +-- levn@0.3.0 
#9 425.3 | | +-- prelude-ls@1.1.2 
#9 425.3 | | `-- type-check@0.3.2 
#9 425.3 | +-- natural-compare@1.4.0 
#9 425.3 | +-- optionator@0.8.3 
#9 425.3 | | +-- deep-is@0.1.4 
#9 425.3 | | +-- fast-levenshtein@2.0.6 
#9 425.3 | | `-- word-wrap@1.2.5 
#9 425.3 | +-- path-is-inside@1.0.2 
#9 425.3 | +-- pluralize@1.2.1 
#9 425.3 | +-- progress@1.1.8 
#9 425.3 | +-- require-uncached@1.0.3 
#9 425.3 | | +-- caller-path@0.1.0 
#9 425.3 | | | `-- callsites@0.2.0 
#9 425.3 | | `-- resolve-from@1.0.1 
#9 425.3 | +-- shelljs@0.7.8 
#9 425.3 | | `-- rechoir@0.6.2 
#9 425.3 | |   `-- resolve@1.22.8 
#9 425.3 | |     +-- is-core-module@2.15.0 
#9 425.3 | |     +-- path-parse@1.0.7 
#9 425.3 | |     `-- supports-preserve-symlinks-flag@1.0.0 
#9 425.3 | +-- strip-bom@3.0.0 
#9 425.3 | +-- strip-json-comments@2.0.1 
#9 425.3 | +-- table@3.8.3 
#9 425.3 | | +-- slice-ansi@0.0.4 
#9 425.3 | | `-- string-width@2.1.1 
#9 425.3 | |   +-- is-fullwidth-code-point@2.0.0 
#9 425.3 | |   `-- strip-ansi@4.0.0 
#9 425.3 | |     `-- ansi-regex@3.0.1 
#9 425.3 | +-- text-table@0.2.0 
#9 425.3 | `-- user-home@2.0.0 
#9 425.3 |   `-- os-homedir@1.0.2 
#9 425.3 +-- eslint-plugin-react@6.10.3 
#9 425.3 | +-- array.prototype.find@2.2.3 
#9 425.3 | | +-- define-properties@1.2.1 
#9 425.3 | | | +-- define-data-property@1.1.4 
#9 425.3 | | | `-- has-property-descriptors@1.0.2 
#9 425.3 | | +-- es-abstract@1.23.3 
#9 425.3 | | | +-- array-buffer-byte-length@1.0.1 
#9 425.3 | | | +-- arraybuffer.prototype.slice@1.0.3 
#9 425.3 | | | +-- available-typed-arrays@1.0.7 
#9 425.3 | | | | `-- possible-typed-array-names@1.0.0 
#9 425.3 | | | +-- data-view-buffer@1.0.1 
#9 425.3 | | | +-- data-view-byte-length@1.0.1 
#9 425.3 | | | +-- data-view-byte-offset@1.0.0 
#9 425.3 | | | +-- es-set-tostringtag@2.0.3 
#9 425.3 | | | +-- es-to-primitive@1.2.1 
#9 425.3 | | | | `-- is-symbol@1.0.4 
#9 425.3 | | | +-- function.prototype.name@1.1.6 
#9 425.3 | | | | `-- functions-have-names@1.2.3 
#9 425.3 | | | +-- get-symbol-description@1.0.2 
#9 425.3 | | | +-- globalthis@1.0.4 
#9 425.3 | | | +-- has-proto@1.0.3 
#9 425.3 | | | +-- hasown@2.0.2 
#9 425.3 | | | +-- internal-slot@1.0.7 
#9 425.3 | | | +-- is-array-buffer@3.0.4 
#9 425.3 | | | +-- is-callable@1.2.7 
#9 425.3 | | | +-- is-data-view@1.0.1 
#9 425.3 | | | +-- is-negative-zero@2.0.3 
#9 425.3 | | | +-- is-regex@1.1.4 
#9 425.3 | | | +-- is-shared-array-buffer@1.0.3 
#9 425.3 | | | +-- is-string@1.0.7 
#9 425.3 | | | +-- is-typed-array@1.1.13 
#9 425.3 | | | +-- is-weakref@1.0.2 
#9 425.3 | | | +-- object-inspect@1.13.2 
#9 425.3 | | | +-- regexp.prototype.flags@1.5.2 
#9 425.3 | | | | `-- set-function-name@2.0.2 
#9 425.3 | | | +-- safe-array-concat@1.1.2 
#9 425.3 | | | | `-- isarray@2.0.5 
#9 425.3 | | | +-- safe-regex-test@1.0.3 
#9 425.3 | | | +-- string.prototype.trim@1.2.9 
#9 425.3 | | | +-- string.prototype.trimend@1.0.8 
#9 425.3 | | | +-- string.prototype.trimstart@1.0.8 
#9 425.3 | | | +-- typed-array-buffer@1.0.2 
#9 425.3 | | | +-- typed-array-byte-length@1.0.1 
#9 425.3 | | | +-- typed-array-byte-offset@1.0.2 
#9 425.3 | | | +-- typed-array-length@1.0.6 
#9 425.3 | | | `-- unbox-primitive@1.0.2 
#9 425.3 | | |   +-- has-bigints@1.0.2 
#9 425.3 | | |   `-- which-boxed-primitive@1.0.2 
#9 425.3 | | |     +-- is-bigint@1.0.4 
#9 425.3 | | |     +-- is-boolean-object@1.1.2 
#9 425.3 | | |     `-- is-number-object@1.0.7 
#9 425.3 | | +-- es-object-atoms@1.0.0 
#9 425.3 | | `-- es-shim-unscopables@1.0.2 
#9 425.3 | +-- doctrine@1.5.0 
#9 425.3 | | `-- isarray@1.0.0 
#9 425.3 | +-- has@1.0.4 
#9 425.3 | +-- jsx-ast-utils@1.4.1 
#9 425.3 | `-- object.assign@4.1.5 
#9 425.3 |   `-- has-symbols@1.0.3 
#9 425.3 +-- file-saver@1.3.8 
#9 425.3 +-- google-maps@3.3.0 
#9 425.3 +-- html-webpack-plugin@2.30.1 
#9 425.3 | +-- bluebird@3.7.2 
#9 425.3 | +-- html-minifier@3.5.21 
#9 425.3 | | +-- camel-case@3.0.0 
#9 425.3 | | | +-- no-case@2.3.2 
#9 425.3 | | | | `-- lower-case@1.1.4 
#9 425.3 | | | `-- upper-case@1.1.3 
#9 425.3 | | +-- clean-css@4.2.4 
#9 425.3 | | | `-- source-map@0.6.1 
#9 425.3 | | +-- he@1.2.0 
#9 425.3 | | +-- param-case@2.1.1 
#9 425.3 | | +-- relateurl@0.2.7 
#9 425.3 | | `-- uglify-js@3.4.10 
#9 425.3 | |   +-- commander@2.19.0 
#9 425.3 | |   `-- source-map@0.6.1 
#9 425.3 | +-- pretty-error@2.1.2 
#9 425.3 | | `-- renderkid@2.0.7 
#9 425.3 | |   +-- css-select@4.3.0 
#9 425.3 | |   | +-- boolbase@1.0.0 
#9 425.3 | |   | +-- css-what@6.1.0 
#9 425.3 | |   | +-- domhandler@4.3.1 
#9 425.3 | |   | +-- domutils@2.8.0 
#9 425.3 | |   | | `-- dom-serializer@1.4.1 
#9 425.3 | |   | `-- nth-check@2.1.1 
#9 425.3 | |   +-- dom-converter@0.2.0 
#9 425.3 | |   | `-- utila@0.4.0 
#9 425.3 | |   `-- htmlparser2@6.1.0 
#9 425.3 | |     +-- domelementtype@2.3.0 
#9 425.3 | |     `-- entities@2.2.0 
#9 425.3 | `-- toposort@1.0.7 
#9 425.3 +-- isomorphic-fetch@2.2.1 
#9 425.3 | +-- node-fetch@1.7.3 
#9 425.3 | | +-- encoding@0.1.13 
#9 425.3 | | | `-- iconv-lite@0.6.3 
#9 425.3 | | |   `-- safer-buffer@2.1.2 
#9 425.3 | | `-- is-stream@1.1.0 
#9 425.3 | `-- whatwg-fetch@3.6.20 
#9 425.3 +-- json2csv@3.11.5 
#9 425.3 | +-- cli-table@0.3.11 
#9 425.3 | | `-- colors@1.0.3 
#9 425.3 | +-- commander@2.17.1 
#9 425.3 | +-- debug@3.2.7 
#9 425.3 | | `-- ms@2.1.3 
#9 425.3 | +-- flat@4.1.1 
#9 425.3 | | `-- is-buffer@2.0.5 
#9 425.3 | +-- lodash.clonedeep@4.5.0 
#9 425.3 | +-- lodash.flatten@4.4.0 
#9 425.3 | +-- lodash.get@4.4.2 
#9 425.3 | +-- lodash.set@4.3.2 
#9 425.3 | `-- lodash.uniq@4.5.0 
#9 425.3 +-- leaflet@0.7.7 
#9 425.3 +-- loopback-boot@2.28.0 
#9 425.3 | +-- commondir@1.0.1 
#9 425.3 | +-- debug@3.2.7 
#9 425.3 | | `-- ms@2.1.3 
#9 425.3 | +-- strong-globalize@4.1.3 
#9 425.3 | | +-- accept-language@3.0.18 
#9 425.3 | | | +-- bcp47@1.1.2 
#9 425.3 | | | `-- stable@0.1.8 
#9 425.3 | | +-- debug@4.3.6 
#9 425.3 | | | `-- ms@2.1.2 
#9 425.3 | | +-- globalize@1.7.0 
#9 425.3 | | | `-- cldrjs@0.5.5 
#9 425.3 | | +-- md5@2.3.0 
#9 425.3 | | | +-- charenc@0.0.2 
#9 425.3 | | | +-- crypt@0.0.2 
#9 425.3 | | | `-- is-buffer@1.1.6 
#9 425.3 | | +-- os-locale@3.1.0 
#9 425.3 | | | +-- execa@1.0.0 
#9 425.3 | | | | +-- cross-spawn@6.0.5 
#9 425.3 | | | | | +-- nice-try@1.0.5 
#9 425.3 | | | | | +-- path-key@2.0.1 
#9 425.3 | | | | | +-- shebang-command@1.2.0 
#9 425.3 | | | | | | `-- shebang-regex@1.0.0 
#9 425.3 | | | | | `-- which@1.3.1 
#9 425.3 | | | | |   `-- isexe@2.0.0 
#9 425.3 | | | | +-- get-stream@4.1.0 
#9 425.3 | | | | | `-- pump@3.0.0 
#9 425.3 | | | | |   `-- end-of-stream@1.4.4 
#9 425.3 | | | | +-- npm-run-path@2.0.2 
#9 425.3 | | | | +-- p-finally@1.0.0 
#9 425.3 | | | | +-- signal-exit@3.0.7 
#9 425.3 | | | | `-- strip-eof@1.0.0 
#9 425.3 | | | +-- lcid@2.0.0 
#9 425.3 | | | | `-- invert-kv@2.0.0 
#9 425.3 | | | `-- mem@4.3.0 
#9 425.3 | | |   +-- map-age-cleaner@0.1.3 
#9 425.3 | | |   | `-- p-defer@1.0.0 
#9 425.3 | | |   +-- mimic-fn@2.1.0 
#9 425.3 | | |   `-- p-is-promise@2.1.0 
#9 425.3 | | `-- yamljs@0.3.0 
#9 425.3 | `-- toposort@2.0.2 
#9 425.3 +-- loopback-component-explorer@2.7.0 
#9 425.3 | +-- depd@1.1.2 
#9 425.3 | +-- lodash@3.10.1 
#9 425.3 | +-- loopback-swagger@2.9.0 
#9 425.3 | | +-- async@1.5.2 
#9 425.3 | | +-- ejs@2.7.4 
#9 425.3 | | +-- lodash@3.10.1 
#9 425.3 | | `-- underscore.string@2.3.3 
#9 425.3 | `-- strong-swagger-ui@21.0.2 
#9 425.3 +-- loopback-connector-mailgun@0.0.7 
#9 425.3 | +-- mailcomposer@3.12.0 
#9 425.3 | | +-- buildmail@3.10.0 
#9 425.3 | | | +-- addressparser@1.0.1 
#9 425.3 | | | +-- libbase64@0.1.0 
#9 425.3 | | | +-- libqp@1.1.0 
#9 425.3 | | | +-- nodemailer-fetch@1.6.0 
#9 425.3 | | | `-- nodemailer-shared@1.1.0 
#9 425.3 | | `-- libmime@2.1.0 
#9 425.3 | |   `-- iconv-lite@0.4.13 
#9 425.3 | +-- mailgun-js@0.7.15 
#9 425.3 | | +-- async@2.1.5 
#9 425.3 | | +-- debug@2.2.0 
#9 425.3 | | | `-- ms@0.7.1 
#9 425.3 | | +-- form-data@2.1.4 
#9 425.3 | | | +-- asynckit@0.4.0 
#9 425.3 | | | `-- combined-stream@1.0.8 
#9 425.3 | | |   `-- delayed-stream@1.0.0 
#9 425.3 | | +-- inflection@1.10.0 
#9 425.3 | | +-- path-proxy@1.0.0 
#9 425.3 | | | `-- inflection@1.3.8 
#9 425.3 | | +-- proxy-agent@2.0.0 
#9 425.3 | | | +-- agent-base@2.1.1 
#9 425.3 | | | | `-- semver@5.0.3 
#9 425.3 | | | +-- extend@3.0.2 
#9 425.3 | | | +-- http-proxy-agent@1.0.0 
#9 425.3 | | | +-- https-proxy-agent@1.0.0 
#9 425.3 | | | +-- lru-cache@2.6.5 
#9 425.3 | | | +-- pac-proxy-agent@1.1.0 
#9 425.3 | | | | +-- get-uri@2.0.4 
#9 425.3 | | | | | +-- data-uri-to-buffer@1.2.0 
#9 425.3 | | | | | +-- file-uri-to-path@1.0.0 
#9 425.3 | | | | | `-- ftp@0.3.10 
#9 425.3 | | | | |   +-- readable-stream@1.1.14 
#9 425.3 | | | | |   | +-- isarray@0.0.1 
#9 425.3 | | | | |   | `-- string_decoder@0.10.31 
#9 425.3 | | | | |   `-- xregexp@2.0.0 
#9 425.3 | | | | +-- pac-resolver@2.0.0 
#9 425.3 | | | | | +-- co@3.0.6 
#9 425.3 | | | | | +-- degenerator@1.0.4 
#9 425.3 | | | | | | +-- ast-types@0.14.2 
#9 425.3 | | | | | | | `-- tslib@2.6.3 
#9 425.3 | | | | | | +-- escodegen@1.14.3 
#9 425.3 | | | | | | | `-- source-map@0.6.1 
#9 425.3 | | | | | | `-- esprima@3.1.3 
#9 425.3 | | | | | +-- ip@1.0.1 
#9 425.3 | | | | | +-- netmask@1.0.6 
#9 425.3 | | | | | `-- thunkify@2.1.2 
#9 425.3 | | | | `-- raw-body@2.5.2 
#9 425.3 | | | |   +-- bytes@3.1.2 
#9 425.3 | | | |   +-- http-errors@2.0.0 
#9 425.3 | | | |   | +-- depd@2.0.0 
#9 425.3 | | | |   | +-- setprototypeof@1.2.0 
#9 425.3 | | | |   | +-- statuses@2.0.1 
#9 425.3 | | | |   | `-- toidentifier@1.0.1 
#9 425.3 | | | |   `-- iconv-lite@0.4.24 
#9 425.3 | | | `-- socks-proxy-agent@2.1.1 
#9 425.3 | | |   `-- socks@1.1.9 
#9 425.3 | | |     +-- ip@1.1.9 
#9 425.3 | | |     `-- smart-buffer@1.1.15 
#9 425.3 | | +-- q@1.4.1 
#9 425.3 | | `-- tsscmp@1.0.6 
#9 425.3 | `-- mime@1.6.0 
#9 425.3 +-- loopback-connector-mongodb@1.18.1 
#9 425.3 | +-- async@1.5.2 
#9 425.3 | +-- loopback-connector@2.7.1 
#9 425.3 | | +-- async@1.5.2 
#9 425.3 | | `-- msgpack5@3.6.1 
#9 425.3 | |   `-- bl@1.2.3 
#9 425.3 | `-- mongodb@2.2.36 
#9 425.3 |   +-- es6-promise@3.2.1 
#9 425.3 |   +-- mongodb-core@2.1.20 
#9 425.3 |   | +-- bson@1.0.9 
#9 425.3 |   | `-- require_optional@1.0.1 
#9 425.3 |   |   `-- resolve-from@2.0.0 
#9 425.3 |   `-- readable-stream@2.2.7 
#9 425.3 |     +-- buffer-shims@1.0.0 
#9 425.3 |     +-- process-nextick-args@1.0.7 
#9 425.3 |     `-- string_decoder@1.0.3 
#9 425.3 +-- loopback-datasource-juggler@2.59.3 
#9 425.3 | +-- async@1.0.0 
#9 425.3 | +-- inflection@1.13.4 
#9 425.3 | +-- qs@6.11.0 
#9 425.3 | | `-- side-channel@1.0.6 
#9 425.3 | +-- shortid@2.2.16 
#9 425.3 | | `-- nanoid@2.1.11 
#9 425.3 | +-- traverse@0.6.9 
#9 425.3 | | +-- gopd@1.0.1 
#9 425.3 | | +-- typedarray.prototype.slice@1.0.3 
#9 425.3 | | `-- which-typed-array@1.1.15 
#9 425.3 | |   +-- for-each@0.3.3 
#9 425.3 | |   `-- has-tostringtag@1.0.2 
#9 425.3 | `-- uuid@3.4.0 
#9 425.3 +-- loopback-explorer@1.8.0 
#9 425.3 | +-- debug@1.0.5 
#9 425.3 | +-- express@3.21.2 
#9 425.3 | | +-- basic-auth@1.0.4 
#9 425.3 | | +-- commander@2.6.0 
#9 425.3 | | +-- connect@2.30.2 
#9 425.3 | | | +-- basic-auth-connect@1.0.0 
#9 425.3 | | | +-- body-parser@1.13.3 
#9 425.3 | | | | +-- iconv-lite@0.4.11 
#9 425.3 | | | | +-- on-finished@2.3.0 
#9 425.3 | | | | `-- raw-body@2.1.7 
#9 425.3 | | | |   +-- bytes@2.4.0 
#9 425.3 | | | |   `-- iconv-lite@0.4.13 
#9 425.3 | | | +-- bytes@2.1.0 
#9 425.3 | | | +-- compression@1.5.2 
#9 425.3 | | | | +-- accepts@1.2.13 
#9 425.3 | | | | | `-- negotiator@0.5.3 
#9 425.3 | | | | `-- vary@1.0.1 
#9 425.3 | | | +-- connect-timeout@1.6.2 
#9 425.3 | | | | +-- debug@2.2.0 
#9 425.3 | | | | +-- http-errors@1.3.1 
#9 425.3 | | | | | `-- statuses@1.5.0 
#9 425.3 | | | | `-- ms@0.7.1 
#9 425.3 | | | +-- cookie@0.1.3 
#9 425.3 | | | +-- cookie-parser@1.3.5 
#9 425.3 | | | +-- csurf@1.8.3 
#9 425.3 | | | | +-- cookie@0.1.3 
#9 425.3 | | | | +-- csrf@3.0.6 
#9 425.3 | | | | | +-- rndm@1.2.0 
#9 425.3 | | | | | +-- tsscmp@1.0.5 
#9 425.3 | | | | | `-- uid-safe@2.1.4 
#9 425.3 | | | | |   `-- random-bytes@1.0.0 
#9 425.3 | | | | `-- http-errors@1.3.1 
#9 425.3 | | | |   `-- statuses@1.5.0 
#9 425.3 | | | +-- debug@2.2.0 
#9 425.3 | | | | `-- ms@0.7.1 
#9 425.3 | | | +-- depd@1.0.1 
#9 425.3 | | | +-- errorhandler@1.4.3 
#9 425.3 | | | | `-- accepts@1.3.8 
#9 425.3 | | | |   `-- negotiator@0.6.3 
#9 425.3 | | | +-- express-session@1.11.3 
#9 425.3 | | | | +-- cookie@0.1.3 
#9 425.3 | | | | +-- crc@3.3.0 
#9 425.3 | | | | +-- debug@2.2.0 
#9 425.3 | | | | | `-- ms@0.7.1 
#9 425.3 | | | | +-- depd@1.0.1 
#9 425.3 | | | | +-- uid-safe@2.0.0 
#9 425.3 | | | | | `-- base64-url@1.2.1 
#9 425.3 | | | | `-- utils-merge@1.0.0 
#9 425.3 | | | +-- finalhandler@0.4.0 
#9 425.3 | | | | +-- escape-html@1.0.2 
#9 425.3 | | | | `-- unpipe@1.0.0 
#9 425.3 | | | +-- fresh@0.3.0 
#9 425.3 | | | +-- http-errors@1.3.1 
#9 425.3 | | | | `-- statuses@1.5.0 
#9 425.3 | | | +-- method-override@2.3.10 
#9 425.3 | | | +-- morgan@1.6.1 
#9 425.3 | | | | +-- debug@2.2.0 
#9 425.3 | | | | | `-- ms@0.7.1 
#9 425.3 | | | | +-- depd@1.0.1 
#9 425.3 | | | | `-- on-finished@2.3.0 
#9 425.3 | | | +-- multiparty@3.3.2 
#9 425.3 | | | | +-- readable-stream@1.1.14 
#9 425.3 | | | | | +-- isarray@0.0.1 
#9 425.3 | | | | | `-- string_decoder@0.10.31 
#9 425.3 | | | | `-- stream-counter@0.2.0 
#9 425.3 | | | |   `-- readable-stream@1.1.14 
#9 425.3 | | | |     +-- isarray@0.0.1 
#9 425.3 | | | |     `-- string_decoder@0.10.31 
#9 425.3 | | | +-- pause@0.1.0 
#9 425.3 | | | +-- qs@4.0.0 
#9 425.3 | | | +-- response-time@2.3.2 
#9 425.3 | | | +-- serve-favicon@2.3.2 
#9 425.3 | | | | +-- etag@1.7.0 
#9 425.3 | | | | `-- ms@0.7.2 
#9 425.3 | | | +-- serve-index@1.7.3 
#9 425.3 | | | | +-- accepts@1.2.13 
#9 425.3 | | | | | `-- negotiator@0.5.3 
#9 425.3 | | | | +-- batch@0.5.3 
#9 425.3 | | | | +-- debug@2.2.0 
#9 425.3 | | | | | `-- ms@0.7.1 
#9 425.3 | | | | `-- http-errors@1.3.1 
#9 425.3 | | | |   `-- statuses@1.5.0 
#9 425.3 | | | +-- serve-static@1.10.3 
#9 425.3 | | | | `-- send@0.13.2 
#9 425.3 | | | |   +-- depd@1.1.2 
#9 425.3 | | | |   +-- destroy@1.0.4 
#9 425.3 | | | |   +-- mime@1.3.4 
#9 425.3 | | | |   +-- range-parser@1.0.3 
#9 425.3 | | | |   `-- statuses@1.2.1 
#9 425.3 | | | +-- type-is@1.6.18 
#9 425.3 | | | | `-- media-typer@0.3.0 
#9 425.3 | | | +-- utils-merge@1.0.0 
#9 425.3 | | | `-- vhost@3.0.2 
#9 425.3 | | +-- content-disposition@0.5.0 
#9 425.3 | | +-- content-type@1.0.5 
#9 425.3 | | +-- cookie@0.1.3 
#9 425.3 | | +-- cookie-signature@1.0.6 
#9 425.3 | | +-- debug@2.2.0 
#9 425.3 | | | `-- ms@0.7.1 
#9 425.3 | | +-- depd@1.0.1 
#9 425.3 | | +-- escape-html@1.0.2 
#9 425.3 | | +-- etag@1.7.0 
#9 425.3 | | +-- fresh@0.3.0 
#9 425.3 | | +-- merge-descriptors@1.0.0 
#9 425.3 | | +-- methods@1.1.2 
#9 425.3 | | +-- mkdirp@0.5.1 
#9 425.3 | | | `-- minimist@0.0.8 
#9 425.3 | | +-- proxy-addr@1.0.10 
#9 425.3 | | | +-- forwarded@0.1.2 
#9 425.3 | | | `-- ipaddr.js@1.0.5 
#9 425.3 | | +-- range-parser@1.0.3 
#9 425.3 | | +-- send@0.13.0 
#9 425.3 | | | +-- debug@2.2.0 
#9 425.3 | | | +-- destroy@1.0.3 
#9 425.3 | | | +-- http-errors@1.3.1 
#9 425.3 | | | +-- mime@1.3.4 
#9 425.3 | | | +-- ms@0.7.1 
#9 425.3 | | | +-- on-finished@2.3.0 
#9 425.3 | | | | `-- ee-first@1.1.1 
#9 425.3 | | | `-- statuses@1.2.1 
#9 425.3 | | +-- utils-merge@1.0.0 
#9 425.3 | | `-- vary@1.0.1 
#9 425.3 | +-- lodash@2.4.2 
#9 425.3 | `-- swagger-ui@2.0.24 
#9 425.3 |   +-- coffee-script@1.6.3 
#9 425.3 |   +-- handlebars@1.0.12 
#9 425.3 |   | +-- optimist@0.3.7 
#9 425.3 |   | | `-- wordwrap@0.0.3 
#9 425.3 |   | `-- uglify-js@2.3.6 
#9 425.3 |   |   +-- async@0.2.10 
#9 425.3 |   |   `-- source-map@0.1.43 
#9 425.3 |   +-- less@1.4.2 
#9 425.3 |   | +-- mime@1.2.11 
#9 425.3 |   | +-- mkdirp@0.3.5 
#9 425.3 |   | +-- request@2.88.2 
#9 425.3 |   | | +-- aws-sign2@0.7.0 
#9 425.3 |   | | +-- aws4@1.13.0 
#9 425.3 |   | | +-- caseless@0.12.0 
#9 425.3 |   | | +-- forever-agent@0.6.1 
#9 425.3 |   | | +-- form-data@2.3.3 
#9 425.3 |   | | +-- har-validator@5.1.5 
#9 425.3 |   | | | +-- ajv@6.12.6 
#9 425.3 |   | | | | +-- fast-deep-equal@3.1.3 
#9 425.3 |   | | | | +-- fast-json-stable-stringify@2.1.0 
#9 425.3 |   | | | | +-- json-schema-traverse@0.4.1 
#9 425.3 |   | | | | `-- uri-js@4.4.1 
#9 425.3 |   | | | `-- har-schema@2.0.0 
#9 425.3 |   | | +-- http-signature@1.2.0 
#9 425.3 |   | | | +-- assert-plus@1.0.0 
#9 425.3 |   | | | +-- jsprim@1.4.2 
#9 425.3 |   | | | | +-- extsprintf@1.3.0 
#9 425.3 |   | | | | +-- json-schema@0.4.0 
#9 425.3 |   | | | | `-- verror@1.10.0 
#9 425.3 |   | | | |   `-- core-util-is@1.0.2 
#9 425.3 |   | | | `-- sshpk@1.18.0 
#9 425.3 |   | | |   +-- asn1@0.2.6 
#9 425.3 |   | | |   +-- bcrypt-pbkdf@1.0.2 
#9 425.3 |   | | |   +-- dashdash@1.14.1 
#9 425.3 |   | | |   +-- ecc-jsbn@0.1.2 
#9 425.3 |   | | |   +-- getpass@0.1.7 
#9 425.3 |   | | |   +-- jsbn@0.1.1 
#9 425.3 |   | | |   `-- tweetnacl@0.14.5 
#9 425.3 |   | | +-- is-typedarray@1.0.0 
#9 425.3 |   | | +-- isstream@0.1.2 
#9 425.3 |   | | +-- json-stringify-safe@5.0.1 
#9 425.3 |   | | +-- oauth-sign@0.9.0 
#9 425.3 |   | | +-- performance-now@2.1.0 
#9 425.3 |   | | +-- qs@6.5.3 
#9 425.3 |   | | +-- tough-cookie@2.5.0 
#9 425.3 |   | | | +-- psl@1.9.0 
#9 425.3 |   | | | `-- punycode@2.3.1 
#9 425.3 |   | | `-- tunnel-agent@0.6.0 
#9 425.3 |   | `-- ycssmin@1.0.1 
#9 425.3 |   `-- swagger-client@2.0.36 
#9 425.3 |     +-- btoa@1.1.1 
#9 425.3 |     `-- shred@0.8.10 
#9 425.3 |       +-- ax@0.1.8 
#9 425.3 |       +-- cookiejar@1.3.1 
#9 425.3 |       `-- sprintf@0.1.1 
#9 425.3 +-- moment@2.30.1 
#9 425.3 +-- npm@3.10.10 
#9 425.3 | +-- abbrev@1.0.9 
#9 425.3 | +-- ansi-regex@2.0.0 
#9 425.3 | +-- ansicolors@0.3.2 
#9 425.3 | +-- ansistyles@0.1.3 
#9 425.3 | +-- aproba@1.0.4 
#9 425.3 | +-- archy@1.0.0 
#9 425.3 | +-- asap@2.0.5 
#9 425.3 | +-- chownr@1.0.1 
#9 425.3 | +-- cmd-shim@2.0.2 
#9 425.3 | +-- columnify@1.5.4 
#9 425.3 | | `-- wcwidth@1.0.0 
#9 425.3 | |   `-- defaults@1.0.3 
#9 425.3 | |     `-- clone@1.0.2 
#9 425.3 | +-- config-chain@1.1.11 
#9 425.3 | | `-- proto-list@1.2.4 
#9 425.3 | +-- debuglog@1.0.1 
#9 425.3 | +-- dezalgo@1.0.3 
#9 425.3 | +-- editor@1.0.0 
#9 425.3 | +-- fs-vacuum@1.2.9 
#9 425.3 | +-- fs-write-stream-atomic@1.0.8 
#9 425.3 | +-- fstream@1.0.10 
#9 425.3 | +-- fstream-npm@1.2.0 
#9 425.3 | | `-- fstream-ignore@1.0.5 
#9 425.3 | |   `-- minimatch@3.0.3 
#9 425.3 | |     `-- brace-expansion@1.1.6 
#9 425.3 | |       +-- balanced-match@0.4.2 
#9 425.3 | |       `-- concat-map@0.0.1 
#9 425.3 | +-- glob@7.1.0 
#9 425.3 | | +-- fs.realpath@1.0.0 
#9 425.3 | | +-- minimatch@3.0.3 
#9 425.3 | | | `-- brace-expansion@1.1.6 
#9 425.3 | | |   +-- balanced-match@0.4.2 
#9 425.3 | | |   `-- concat-map@0.0.1 
#9 425.3 | | `-- path-is-absolute@1.0.1 
#9 425.3 | +-- graceful-fs@4.1.9 
#9 425.3 | +-- has-unicode@2.0.1 
#9 425.3 | +-- hosted-git-info@2.1.5 
#9 425.3 | +-- iferr@0.1.5 
#9 425.3 | +-- imurmurhash@0.1.4 
#9 425.3 | +-- inflight@1.0.5 
#9 425.3 | +-- inherits@2.0.3 
#9 425.3 | +-- ini@1.3.4 
#9 425.3 | +-- init-package-json@1.9.4 
#9 425.3 | | +-- glob@6.0.4 
#9 425.3 | | | +-- minimatch@3.0.3 
#9 425.3 | | | | `-- brace-expansion@1.1.6 
#9 425.3 | | | |   +-- balanced-match@0.4.2 
#9 425.3 | | | |   `-- concat-map@0.0.1 
#9 425.3 | | | `-- path-is-absolute@1.0.0 
#9 425.3 | | `-- promzard@0.3.0 
#9 425.3 | +-- lockfile@1.0.2 
#9 425.3 | +-- lodash._baseindexof@3.1.0 
#9 425.3 | +-- lodash._baseuniq@4.6.0 
#9 425.3 | | +-- lodash._createset@4.0.3 
#9 425.3 | | `-- lodash._root@3.0.1 
#9 425.3 | +-- lodash._bindcallback@3.0.1 
#9 425.3 | +-- lodash._cacheindexof@3.0.2 
#9 425.3 | +-- lodash._createcache@3.1.2 
#9 425.3 | +-- lodash._getnative@3.9.1 
#9 425.3 | +-- lodash.clonedeep@4.5.0 
#9 425.3 | +-- lodash.restparam@3.6.1 
#9 425.3 | +-- lodash.union@4.6.0 
#9 425.3 | +-- lodash.uniq@4.5.0 
#9 425.3 | +-- lodash.without@4.4.0 
#9 425.3 | +-- mkdirp@0.5.1 
#9 425.3 | | `-- minimist@0.0.8 
#9 425.3 | +-- node-gyp@3.4.0 
#9 425.3 | | +-- minimatch@3.0.3 
#9 425.3 | | | `-- brace-expansion@1.1.6 
#9 425.3 | | |   +-- balanced-match@0.4.2 
#9 425.3 | | |   `-- concat-map@0.0.1 
#9 425.3 | | +-- npmlog@3.1.2 
#9 425.3 | | | +-- are-we-there-yet@1.1.2 
#9 425.3 | | | | `-- delegates@1.0.0 
#9 425.3 | | | +-- console-control-strings@1.1.0 
#9 425.3 | | | +-- gauge@2.6.0 
#9 425.3 | | | | +-- has-color@0.1.7 
#9 425.3 | | | | +-- object-assign@4.1.0 
#9 425.3 | | | | +-- signal-exit@3.0.0 
#9 425.3 | | | | +-- string-width@1.0.2 
#9 425.3 | | | | | +-- code-point-at@1.0.0 
#9 425.3 | | | | | | `-- number-is-nan@1.0.0 
#9 425.3 | | | | | `-- is-fullwidth-code-point@1.0.0 
#9 425.3 | | | | |   `-- number-is-nan@1.0.0 
#9 425.3 | | | | `-- wide-align@1.1.0 
#9 425.3 | | | `-- set-blocking@2.0.0 
#9 425.3 | | `-- path-array@1.0.1 
#9 425.3 | |   `-- array-index@1.0.0 
#9 425.3 | |     +-- debug@2.2.0 
#9 425.3 | |     | `-- ms@0.7.1 
#9 425.3 | |     `-- es6-symbol@3.1.0 
#9 425.3 | |       +-- d@0.1.1 
#9 425.3 | |       `-- es5-ext@0.10.12 
#9 425.3 | |         `-- es6-iterator@2.0.0 
#9 425.3 | +-- nopt@3.0.6 
#9 425.3 | +-- normalize-git-url@3.0.2 
#9 425.3 | +-- normalize-package-data@2.3.5 
#9 425.3 | | `-- is-builtin-module@1.0.0 
#9 425.3 | |   `-- builtin-modules@1.1.1 
#9 425.3 | +-- npm-cache-filename@1.0.2 
#9 425.3 | +-- npm-install-checks@3.0.0 
#9 425.3 | +-- npm-package-arg@4.2.0 
#9 425.3 | +-- npm-registry-client@7.2.1 
#9 425.3 | | +-- concat-stream@1.5.2 
#9 425.3 | | | +-- readable-stream@2.0.6 
#9 425.3 | | | | +-- core-util-is@1.0.2 
#9 425.3 | | | | +-- isarray@1.0.0 
#9 425.3 | | | | +-- process-nextick-args@1.0.7 
#9 425.3 | | | | +-- string_decoder@0.10.31 
#9 425.3 | | | | `-- util-deprecate@1.0.2 
#9 425.3 | | | `-- typedarray@0.0.6 
#9 425.3 | | +-- npmlog@3.1.2 
#9 425.3 | | | +-- are-we-there-yet@1.1.2 
#9 425.3 | | | | `-- delegates@1.0.0 
#9 425.3 | | | +-- console-control-strings@1.1.0 
#9 425.3 | | | +-- gauge@2.6.0 
#9 425.3 | | | | +-- has-color@0.1.7 
#9 425.3 | | | | +-- object-assign@4.1.0 
#9 425.3 | | | | +-- signal-exit@3.0.0 
#9 425.3 | | | | +-- string-width@1.0.2 
#9 425.3 | | | | | +-- code-point-at@1.0.0 
#9 425.3 | | | | | | `-- number-is-nan@1.0.0 
#9 425.3 | | | | | `-- is-fullwidth-code-point@1.0.0 
#9 425.3 | | | | |   `-- number-is-nan@1.0.0 
#9 425.3 | | | | `-- wide-align@1.1.0 
#9 425.3 | | | `-- set-blocking@2.0.0 
#9 425.3 | | `-- retry@0.10.0 
#9 425.3 | +-- npm-user-validate@0.1.5 
#9 425.3 | +-- npmlog@4.0.0 
#9 425.3 | | +-- are-we-there-yet@1.1.2 
#9 425.3 | | | `-- delegates@1.0.0 
#9 425.3 | | +-- console-control-strings@1.1.0 
#9 425.3 | | +-- gauge@2.6.0 
#9 425.3 | | | +-- has-color@0.1.7 
#9 425.3 | | | +-- object-assign@4.1.0 
#9 425.3 | | | +-- signal-exit@3.0.0 
#9 425.3 | | | +-- string-width@1.0.2 
#9 425.3 | | | | +-- code-point-at@1.0.0 
#9 425.3 | | | | | `-- number-is-nan@1.0.0 
#9 425.3 | | | | `-- is-fullwidth-code-point@1.0.0 
#9 425.3 | | | |   `-- number-is-nan@1.0.0 
#9 425.3 | | | `-- wide-align@1.1.0 
#9 425.3 | | `-- set-blocking@2.0.0 
#9 425.3 | +-- once@1.4.0 
#9 425.3 | +-- opener@1.4.2 
#9 425.3 | +-- osenv@0.1.3 
#9 425.3 | | +-- os-homedir@1.0.1 
#9 425.3 | | `-- os-tmpdir@1.0.1 
#9 425.3 | +-- path-is-inside@1.0.2 
#9 425.3 | +-- read@1.0.7 
#9 425.3 | | `-- mute-stream@0.0.5 
#9 425.3 | +-- read-cmd-shim@1.0.1 
#9 425.3 | +-- read-installed@4.0.3 
#9 425.3 | | `-- util-extend@1.0.3 
#9 425.3 | +-- read-package-json@2.0.4 
#9 425.3 | | +-- glob@6.0.4 
#9 425.3 | | | +-- minimatch@3.0.3 
#9 425.3 | | | | `-- brace-expansion@1.1.6 
#9 425.3 | | | |   +-- balanced-match@0.4.2 
#9 425.3 | | | |   `-- concat-map@0.0.1 
#9 425.3 | | | `-- path-is-absolute@1.0.0 
#9 425.3 | | `-- json-parse-helpfulerror@1.0.3 
#9 425.3 | |   `-- jju@1.3.0 
#9 425.3 | +-- read-package-tree@5.1.5 
#9 425.3 | +-- readable-stream@2.1.5 
#9 425.3 | | +-- buffer-shims@1.0.0 
#9 425.3 | | +-- core-util-is@1.0.2 
#9 425.3 | | +-- isarray@1.0.0 
#9 425.3 | | +-- process-nextick-args@1.0.7 
#9 425.3 | | +-- string_decoder@0.10.31 
#9 425.3 | | `-- util-deprecate@1.0.2 
#9 425.3 | +-- readdir-scoped-modules@1.0.2 
#9 425.3 | +-- realize-package-specifier@3.0.3 
#9 425.3 | +-- request@2.75.0 
#9 425.3 | | +-- aws-sign2@0.6.0 
#9 425.3 | | +-- aws4@1.4.1 
#9 425.3 | | +-- bl@1.1.2 
#9 425.3 | | | `-- readable-stream@2.0.6 
#9 425.3 | | |   +-- core-util-is@1.0.2 
#9 425.3 | | |   +-- isarray@1.0.0 
#9 425.3 | | |   +-- process-nextick-args@1.0.7 
#9 425.3 | | |   +-- string_decoder@0.10.31 
#9 425.3 | | |   `-- util-deprecate@1.0.2 
#9 425.3 | | +-- caseless@0.11.0 
#9 425.3 | | +-- combined-stream@1.0.5 
#9 425.3 | | | `-- delayed-stream@1.0.0 
#9 425.3 | | +-- extend@3.0.0 
#9 425.3 | | +-- forever-agent@0.6.1 
#9 425.3 | | +-- form-data@2.0.0 
#9 425.3 | | | `-- asynckit@0.4.0 
#9 425.3 | | +-- har-validator@2.0.6 
#9 425.3 | | | +-- chalk@1.1.3 
#9 425.3 | | | | +-- ansi-styles@2.2.1 
#9 425.3 | | | | +-- escape-string-regexp@1.0.5 
#9 425.3 | | | | +-- has-ansi@2.0.0 
#9 425.3 | | | | `-- supports-color@2.0.0 
#9 425.3 | | | +-- commander@2.9.0 
#9 425.3 | | | | `-- graceful-readlink@1.0.1 
#9 425.3 | | | +-- is-my-json-valid@2.15.0 
#9 425.3 | | | | +-- generate-function@2.0.0 
#9 425.3 | | | | +-- generate-object-property@1.2.0 
#9 425.3 | | | | | `-- is-property@1.0.2 
#9 425.3 | | | | +-- jsonpointer@4.0.0 
#9 425.3 | | | | `-- xtend@4.0.1 
#9 425.3 | | | `-- pinkie-promise@2.0.1 
#9 425.3 | | |   `-- pinkie@2.0.4 
#9 425.3 | | +-- hawk@3.1.3 
#9 425.3 | | | +-- boom@2.10.1 
#9 425.3 | | | +-- cryptiles@2.0.5 
#9 425.3 | | | +-- hoek@2.16.3 
#9 425.3 | | | `-- sntp@1.0.9 
#9 425.3 | | +-- http-signature@1.1.1 
#9 425.3 | | | +-- assert-plus@0.2.0 
#9 425.3 | | | +-- jsprim@1.3.1 
#9 425.3 | | | | +-- extsprintf@1.0.2 
#9 425.3 | | | | +-- json-schema@0.2.3 
#9 425.3 | | | | `-- verror@1.3.6 
#9 425.3 | | | `-- sshpk@1.10.1 
#9 425.3 | | |   +-- asn1@0.2.3 
#9 425.3 | | |   +-- assert-plus@1.0.0 
#9 425.3 | | |   +-- bcrypt-pbkdf@1.0.0 
#9 425.3 | | |   +-- dashdash@1.14.0 
#9 425.3 | | |   +-- ecc-jsbn@0.1.1 
#9 425.3 | | |   +-- getpass@0.1.6 
#9 425.3 | | |   +-- jodid25519@1.0.2 
#9 425.3 | | |   +-- jsbn@0.1.0 
#9 425.3 | | |   `-- tweetnacl@0.14.3 
#9 425.3 | | +-- is-typedarray@1.0.0 
#9 425.3 | | +-- isstream@0.1.2 
#9 425.3 | | +-- json-stringify-safe@5.0.1 
#9 425.3 | | +-- mime-types@2.1.12 
#9 425.3 | | | `-- mime-db@1.24.0 
#9 425.3 | | +-- node-uuid@1.4.7 
#9 425.3 | | +-- oauth-sign@0.8.2 
#9 425.3 | | +-- qs@6.2.1 
#9 425.3 | | +-- stringstream@0.0.5 
#9 425.3 | | +-- tough-cookie@2.3.1 
#9 425.3 | | `-- tunnel-agent@0.4.3 
#9 425.3 | +-- retry@0.10.0 
#9 425.3 | +-- rimraf@2.5.4 
#9 425.3 | +-- semver@5.3.0 
#9 425.3 | +-- sha@2.0.1 
#9 425.3 | +-- slide@1.1.6 
#9 425.3 | +-- sorted-object@2.0.1 
#9 425.3 | +-- strip-ansi@3.0.1 
#9 425.3 | +-- tar@2.2.1 
#9 425.3 | | `-- block-stream@0.0.8 
#9 425.3 | +-- text-table@0.2.0 
#9 425.3 | +-- uid-number@0.0.6 
#9 425.3 | +-- umask@1.1.0 
#9 425.3 | +-- unique-filename@1.1.0 
#9 425.3 | | `-- unique-slug@2.0.0 
#9 425.3 | +-- unpipe@1.0.0 
#9 425.3 | +-- validate-npm-package-license@3.0.1 
#9 425.3 | | +-- spdx-correct@1.0.2 
#9 425.3 | | | `-- spdx-license-ids@1.2.0 
#9 425.3 | | `-- spdx-expression-parse@1.0.2 
#9 425.3 | |   +-- spdx-exceptions@1.0.4 
#9 425.3 | |   `-- spdx-license-ids@1.2.0 
#9 425.3 | +-- validate-npm-package-name@2.2.2 
#9 425.3 | | `-- builtins@0.0.7 
#9 425.3 | +-- which@1.2.11 
#9 425.3 | | `-- isexe@1.1.2 
#9 425.3 | +-- wrappy@1.0.2 
#9 425.3 | `-- write-file-atomic@1.2.0 
#9 425.3 +-- papaparse@4.6.3 
#9 425.3 +-- react@0.14.10 
#9 425.3 | +-- envify@3.4.1 
#9 425.3 | | `-- jstransform@11.0.3 
#9 425.3 | |   +-- base62@1.2.8 
#9 425.3 | |   +-- commoner@0.10.8 
#9 425.3 | |   | +-- detective@4.7.1 
#9 425.3 | |   | | `-- defined@1.0.1 
#9 425.3 | |   | +-- glob@5.0.15 
#9 425.3 | |   | +-- iconv-lite@0.4.24 
#9 425.3 | |   | `-- recast@0.11.23 
#9 425.3 | |   |   +-- ast-types@0.9.6 
#9 425.3 | |   |   `-- esprima@3.1.3 
#9 425.3 | |   +-- esprima-fb@15001.1.0-dev-harmony-fb 
#9 425.3 | |   +-- object-assign@2.1.1 
#9 425.3 | |   `-- source-map@0.4.4 
#9 425.3 | |     `-- amdefine@1.0.1 
#9 425.3 | `-- fbjs@0.6.1 
#9 425.3 |   +-- core-js@1.2.7 
#9 425.3 |   +-- promise@7.3.1 
#9 425.3 |   | `-- asap@2.0.6 
#9 425.3 |   +-- ua-parser-js@0.7.38 
#9 425.3 |   `-- whatwg-fetch@0.9.0 
#9 425.3 +-- react-bootstrap@0.28.5 
#9 425.3 | +-- babel-runtime@5.8.38 
#9 425.3 | | `-- core-js@1.2.7 
#9 425.3 | +-- classnames@2.5.1 
#9 425.3 | +-- dom-helpers@2.4.0 
#9 425.3 | +-- keycode@2.2.1 
#9 425.3 | +-- lodash-compat@3.10.2 
#9 425.3 | +-- react-overlays@0.6.12 
#9 425.3 | | +-- dom-helpers@3.4.0 
#9 425.3 | | | `-- @babel/runtime@7.25.0 
#9 425.3 | | |   `-- regenerator-runtime@0.14.1 
#9 425.3 | | +-- react-prop-types@0.4.0 
#9 425.3 | | `-- warning@3.0.0 
#9 425.3 | +-- react-prop-types@0.3.2 
#9 425.3 | +-- uncontrollable@3.3.1 
#9 425.3 | `-- warning@2.1.0 
#9 425.3 +-- react-dom@0.14.10 
#9 425.3 +-- react-leaflet@0.10.2 
#9 425.3 +-- react-range@0.0.6 
#9 425.3 +-- react-router@2.8.1 
#9 425.3 | +-- history@2.1.2 
#9 425.3 | | +-- deep-equal@1.1.2 
#9 425.3 | | | +-- is-arguments@1.1.1 
#9 425.3 | | | +-- is-date-object@1.0.5 
#9 425.3 | | | `-- object-is@1.1.6 
#9 425.3 | | `-- query-string@3.0.3 
#9 425.3 | |   `-- strict-uri-encode@1.1.0 
#9 425.3 | +-- hoist-non-react-statics@1.2.0 
#9 425.3 | +-- loose-envify@1.4.0 
#9 425.3 | `-- warning@3.0.0 
#9 425.3 +-- rimraf@2.7.1 
#9 425.3 +-- serve-favicon@2.5.0 
#9 425.3 | +-- etag@1.8.1 
#9 425.3 | +-- fresh@0.5.2 
#9 425.3 | +-- ms@2.1.1 
#9 425.3 | +-- parseurl@1.3.3 
#9 425.3 | `-- safe-buffer@5.1.1 
#9 425.3 +-- shelljs@0.3.0 
#9 425.3 +-- validator@5.7.0 
#9 425.3 +-- webpack@2.7.0 
#9 425.3 | +-- acorn@5.7.4 
#9 425.3 | +-- acorn-dynamic-import@2.0.2 
#9 425.3 | | `-- acorn@4.0.13 
#9 425.3 | +-- ajv@4.11.8 
#9 425.3 | | `-- co@4.6.0 
#9 425.3 | +-- ajv-keywords@1.5.1 
#9 425.3 | +-- async@2.6.4 
#9 425.3 | +-- enhanced-resolve@3.4.1 
#9 425.3 | | `-- graceful-fs@4.2.11 
#9 425.3 | +-- interpret@1.4.0 
#9 425.3 | +-- json-loader@0.5.7 
#9 425.3 | +-- loader-runner@2.4.0 
#9 425.3 | +-- memory-fs@0.4.1 
#9 425.3 | | `-- errno@0.1.8 
#9 425.3 | |   `-- prr@1.0.1 
#9 425.3 | +-- node-libs-browser@2.2.1 
#9 425.3 | | +-- assert@1.5.1 
#9 425.3 | | | `-- util@0.10.4 
#9 425.3 | | |   `-- inherits@2.0.3 
#9 425.3 | | +-- browserify-zlib@0.2.0 
#9 425.3 | | | `-- pako@1.0.11 
#9 425.3 | | +-- buffer@4.9.2 
#9 425.3 | | | +-- base64-js@1.5.1 
#9 425.3 | | | `-- ieee754@1.2.1 
#9 425.3 | | +-- console-browserify@1.2.0 
#9 425.3 | | +-- constants-browserify@1.0.0 
#9 425.3 | | +-- crypto-browserify@3.12.0 
#9 425.3 | | | +-- browserify-cipher@1.0.1 
#9 425.3 | | | | +-- browserify-aes@1.2.0 
#9 425.3 | | | | | `-- buffer-xor@1.0.3 
#9 425.3 | | | | +-- browserify-des@1.0.2 
#9 425.3 | | | | | `-- des.js@1.1.0 
#9 425.3 | | | | `-- evp_bytestokey@1.0.3 
#9 425.3 | | | +-- browserify-sign@4.2.3 
#9 425.3 | | | | +-- bn.js@5.2.1 
#9 425.3 | | | | +-- browserify-rsa@4.1.0 
#9 425.3 | | | | +-- elliptic@6.5.6 
#9 425.3 | | | | | +-- bn.js@4.12.0 
#9 425.3 | | | | | +-- brorand@1.1.0 
#9 425.3 | | | | | +-- hash.js@1.1.7 
#9 425.3 | | | | | +-- hmac-drbg@1.0.1 
#9 425.3 | | | | | +-- minimalistic-assert@1.0.1 
#9 425.3 | | | | | `-- minimalistic-crypto-utils@1.0.1 
#9 425.3 | | | | +-- hash-base@3.0.4 
#9 425.3 | | | | +-- parse-asn1@5.1.7 
#9 425.3 | | | | | +-- asn1.js@4.10.1 
#9 425.3 | | | | | | `-- bn.js@4.12.0 
#9 425.3 | | | | | +-- hash-base@3.0.4 
#9 425.3 | | | | | `-- safe-buffer@5.2.1 
#9 425.3 | | | | `-- safe-buffer@5.2.1 
#9 425.3 | | | +-- create-ecdh@4.0.4 
#9 425.3 | | | | `-- bn.js@4.12.0 
#9 425.3 | | | +-- create-hash@1.2.0 
#9 425.3 | | | | +-- cipher-base@1.0.4 
#9 425.3 | | | | +-- md5.js@1.3.5 
#9 425.3 | | | | | `-- hash-base@3.1.0 
#9 425.3 | | | | |   +-- readable-stream@3.6.2 
#9 425.3 | | | | |   `-- safe-buffer@5.2.1 
#9 425.3 | | | | +-- ripemd160@2.0.2 
#9 425.3 | | | | `-- sha.js@2.4.11 
#9 425.3 | | | +-- create-hmac@1.1.7 
#9 425.3 | | | +-- diffie-hellman@5.0.3 
#9 425.3 | | | | +-- bn.js@4.12.0 
#9 425.3 | | | | `-- miller-rabin@4.0.1 
#9 425.3 | | | |   `-- bn.js@4.12.0 
#9 425.3 | | | +-- pbkdf2@3.1.2 
#9 425.3 | | | +-- public-encrypt@4.0.3 
#9 425.3 | | | | `-- bn.js@4.12.0 
#9 425.3 | | | +-- randombytes@2.1.0 
#9 425.3 | | | `-- randomfill@1.0.4 
#9 425.3 | | +-- domain-browser@1.2.0 
#9 425.3 | | +-- events@3.3.0 
#9 425.3 | | +-- https-browserify@1.0.0 
#9 425.3 | | +-- os-browserify@0.3.0 
#9 425.3 | | +-- path-browserify@0.0.1 
#9 425.3 | | +-- process@0.11.10 
#9 425.3 | | +-- punycode@1.4.1 
#9 425.3 | | +-- querystring-es3@0.2.1 
#9 425.3 | | +-- stream-browserify@2.0.2 
#9 425.3 | | +-- stream-http@2.8.3 
#9 425.3 | | | +-- builtin-status-codes@3.0.0 
#9 425.3 | | | `-- to-arraybuffer@1.0.1 
#9 425.3 | | +-- string_decoder@1.1.1 
#9 425.3 | | +-- timers-browserify@2.0.12 
#9 425.3 | | | `-- setimmediate@1.0.5 
#9 425.3 | | +-- tty-browserify@0.0.0 
#9 425.3 | | +-- url@0.11.4 
#9 425.3 | | | +-- punycode@1.4.1 
#9 425.3 | | | `-- qs@6.12.3 
#9 425.3 | | +-- util@0.11.1 
#9 425.3 | | | `-- inherits@2.0.3 
#9 425.3 | | `-- vm-browserify@1.1.2 
#9 425.3 | +-- supports-color@3.2.3 
#9 425.3 | | `-- has-flag@1.0.0 
#9 425.3 | +-- tapable@0.2.9 
#9 425.3 | +-- uglify-js@2.8.29 
#9 425.3 | | +-- uglify-to-browserify@1.0.2 
#9 425.3 | | `-- yargs@3.10.0 
#9 425.3 | |   +-- camelcase@1.2.1 
#9 425.3 | |   +-- cliui@2.1.0 
#9 425.3 | |   | +-- center-align@0.1.3 
#9 425.3 | |   | | +-- align-text@0.1.4 
#9 425.3 | |   | | | +-- kind-of@3.2.2 
#9 425.3 | |   | | | | `-- is-buffer@1.1.6 
#9 425.3 | |   | | | `-- longest@1.0.1 
#9 425.3 | |   | | `-- lazy-cache@1.0.4 
#9 425.3 | |   | +-- right-align@0.1.3 
#9 425.3 | |   | `-- wordwrap@0.0.2 
#9 425.3 | |   `-- window-size@0.1.0 
#9 425.3 | +-- watchpack@1.7.5 
#9 425.3 | | +-- chokidar@3.6.0 
#9 425.3 | | | +-- anymatch@3.1.3 
#9 425.3 | | | | `-- picomatch@2.3.1 
#9 425.3 | | | +-- braces@3.0.3 
#9 425.3 | | | | `-- fill-range@7.1.1 
#9 425.3 | | | |   `-- to-regex-range@5.0.1 
#9 425.3 | | | |     `-- is-number@7.0.0 
#9 425.3 | | | +-- glob-parent@5.1.2 
#9 425.3 | | | +-- is-binary-path@2.1.0 
#9 425.3 | | | | `-- binary-extensions@2.3.0 
#9 425.3 | | | +-- is-glob@4.0.3 
#9 425.3 | | | | `-- is-extglob@2.1.1 
#9 425.3 | | | +-- normalize-path@3.0.0 
#9 425.3 | | | `-- readdirp@3.6.0 
#9 425.3 | | +-- neo-async@2.6.2 
#9 425.3 | | `-- watchpack-chokidar2@2.0.1 
#9 425.3 | |   `-- chokidar@2.1.8 
#9 425.3 | |     +-- anymatch@2.0.0 
#9 425.3 | |     | +-- micromatch@3.1.10 
#9 425.3 | |     | | +-- arr-diff@4.0.0 
#9 425.3 | |     | | +-- braces@2.3.2 
#9 425.3 | |     | | | +-- extend-shallow@2.0.1 
#9 425.3 | |     | | | `-- fill-range@4.0.0 
#9 425.3 | |     | | |   +-- extend-shallow@2.0.1 
#9 425.3 | |     | | |   +-- is-number@3.0.0 
#9 425.3 | |     | | |   | `-- kind-of@3.2.2 
#9 425.3 | |     | | |   |   `-- is-buffer@1.1.6 
#9 425.3 | |     | | |   `-- to-regex-range@2.1.1 
#9 425.3 | |     | | +-- define-property@2.0.2 
#9 425.3 | |     | | | `-- is-descriptor@1.0.3 
#9 425.3 | |     | | |   +-- is-accessor-descriptor@1.0.1 
#9 425.3 | |     | | |   `-- is-data-descriptor@1.0.1 
#9 425.3 | |     | | +-- extend-shallow@3.0.2 
#9 425.3 | |     | | | +-- assign-symbols@1.0.0 
#9 425.3 | |     | | | `-- is-extendable@1.0.1 
#9 425.3 | |     | | |   `-- is-plain-object@2.0.4 
#9 425.3 | |     | | +-- extglob@2.0.4 
#9 425.3 | |     | | | +-- define-property@1.0.0 
#9 425.3 | |     | | | | `-- is-descriptor@1.0.3 
#9 425.3 | |     | | | +-- expand-brackets@2.1.4 
#9 425.3 | |     | | | | +-- define-property@0.2.5 
#9 425.3 | |     | | | | +-- extend-shallow@2.0.1 
#9 425.3 | |     | | | | `-- posix-character-classes@0.1.1 
#9 425.3 | |     | | | `-- extend-shallow@2.0.1 
#9 425.3 | |     | | +-- fragment-cache@0.2.1 
#9 425.3 | |     | | +-- kind-of@6.0.3 
#9 425.3 | |     | | +-- nanomatch@1.2.13 
#9 425.3 | |     | | | +-- is-windows@1.0.2 
#9 425.3 | |     | | | `-- kind-of@6.0.3 
#9 425.3 | |     | | +-- object.pick@1.3.0 
#9 425.3 | |     | | `-- regex-not@1.0.2 
#9 425.3 | |     | `-- normalize-path@2.1.1 
#9 425.3 | |     |   `-- remove-trailing-separator@1.1.0 
#9 425.3 | |     +-- async-each@1.0.6 
#9 425.3 | |     +-- braces@2.3.2 
#9 425.3 | |     | +-- arr-flatten@1.1.0 
#9 425.3 | |     | +-- array-unique@0.3.2 
#9 425.3 | |     | +-- extend-shallow@2.0.1 
#9 425.3 | |     | | `-- is-extendable@0.1.1 
#9 425.3 | |     | +-- fill-range@4.0.0 
#9 425.3 | |     | | +-- is-number@3.0.0 
#9 425.3 | |     | | +-- repeat-string@1.6.1 
#9 425.3 | |     | | `-- to-regex-range@2.1.1 
#9 425.3 | |     | +-- isobject@3.0.1 
#9 425.3 | |     | +-- repeat-element@1.1.4 
#9 425.3 | |     | +-- snapdragon@0.8.2 
#9 425.3 | |     | | +-- base@0.11.2 
#9 425.3 | |     | | | +-- cache-base@1.0.1 
#9 425.3 | |     | | | | +-- collection-visit@1.0.0 
#9 425.3 | |     | | | | | +-- map-visit@1.0.0 
#9 425.3 | |     | | | | | `-- object-visit@1.0.1 
#9 425.3 | |     | | | | +-- get-value@2.0.6 
#9 425.3 | |     | | | | +-- has-value@1.0.0 
#9 425.3 | |     | | | | | `-- has-values@1.0.0 
#9 425.3 | |     | | | | |   +-- is-number@3.0.0 
#9 425.3 | |     | | | | |   | `-- kind-of@3.2.2 
#9 425.3 | |     | | | | |   `-- kind-of@4.0.0 
#9 425.3 | |     | | | | |     `-- is-buffer@1.1.6 
#9 425.3 | |     | | | | +-- set-value@2.0.1 
#9 425.3 | |     | | | | | `-- extend-shallow@2.0.1 
#9 425.3 | |     | | | | +-- to-object-path@0.3.0 
#9 425.3 | |     | | | | +-- union-value@1.0.1 
#9 425.3 | |     | | | | `-- unset-value@1.0.0 
#9 425.3 | |     | | | |   `-- has-value@0.3.1 
#9 425.3 | |     | | | |     +-- has-values@0.1.4 
#9 425.3 | |     | | | |     `-- isobject@2.1.0 
#9 425.3 | |     | | | +-- class-utils@0.3.6 
#9 425.3 | |     | | | | +-- arr-union@3.1.0 
#9 425.3 | |     | | | | +-- define-property@0.2.5 
#9 425.3 | |     | | | | `-- static-extend@0.1.2 
#9 425.3 | |     | | | |   +-- define-property@0.2.5 
#9 425.3 | |     | | | |   `-- object-copy@0.1.0 
#9 425.3 | |     | | | |     +-- copy-descriptor@0.1.1 
#9 425.3 | |     | | | |     `-- define-property@0.2.5 
#9 425.3 | |     | | | +-- component-emitter@1.3.1 
#9 425.3 | |     | | | +-- define-property@1.0.0 
#9 425.3 | |     | | | | `-- is-descriptor@1.0.3 
#9 425.3 | |     | | | +-- mixin-deep@1.3.2 
#9 425.3 | |     | | | | +-- for-in@1.0.2 
#9 425.3 | |     | | | | `-- is-extendable@1.0.1 
#9 425.3 | |     | | | `-- pascalcase@0.1.1 
#9 425.3 | |     | | +-- define-property@0.2.5 
#9 425.3 | |     | | | `-- is-descriptor@0.1.7 
#9 425.3 | |     | | +-- extend-shallow@2.0.1 
#9 425.3 | |     | | +-- map-cache@0.2.2 
#9 425.3 | |     | | +-- source-map-resolve@0.5.3 
#9 425.3 | |     | | | +-- atob@2.1.2 
#9 425.3 | |     | | | +-- decode-uri-component@0.2.2 
#9 425.3 | |     | | | +-- resolve-url@0.2.1 
#9 425.3 | |     | | | +-- source-map-url@0.4.1 
#9 425.3 | |     | | | `-- urix@0.1.0 
#9 425.3 | |     | | `-- use@3.1.1 
#9 425.3 | |     | +-- snapdragon-node@2.1.1 
#9 425.3 | |     | | +-- define-property@1.0.0 
#9 425.3 | |     | | | `-- is-descriptor@1.0.3 
#9 425.3 | |     | | `-- snapdragon-util@3.0.1 
#9 425.3 | |     | +-- split-string@3.1.0 
#9 425.3 | |     | `-- to-regex@3.0.2 
#9 425.3 | |     |   `-- safe-regex@1.1.0 
#9 425.3 | |     |     `-- ret@0.1.15 
#9 425.3 | |     +-- glob-parent@3.1.0 
#9 425.3 | |     | +-- is-glob@3.1.0 
#9 425.3 | |     | `-- path-dirname@1.0.2 
#9 425.3 | |     +-- is-binary-path@1.0.1 
#9 425.3 | |     | `-- binary-extensions@1.13.1 
#9 425.3 | |     +-- readdirp@2.2.1 
#9 425.3 | |     `-- upath@1.2.0 
#9 425.3 | +-- webpack-sources@1.4.3 
#9 425.3 | | +-- source-list-map@2.0.1 
#9 425.3 | | `-- source-map@0.6.1 
#9 425.3 | `-- yargs@6.6.0 
#9 425.3 |   +-- camelcase@3.0.0 
#9 425.3 |   +-- cliui@3.2.0 
#9 425.3 |   | `-- wrap-ansi@2.1.0 
#9 425.3 |   +-- decamelize@1.2.0 
#9 425.3 |   +-- get-caller-file@1.0.3 
#9 425.3 |   +-- os-locale@1.4.0 
#9 425.3 |   | `-- lcid@1.0.0 
#9 425.3 |   |   `-- invert-kv@1.0.0 
#9 425.3 |   +-- read-pkg-up@1.0.1 
#9 425.3 |   | `-- read-pkg@1.1.0 
#9 425.3 |   |   +-- load-json-file@1.1.0 
#9 425.3 |   |   | +-- parse-json@2.2.0 
#9 425.3 |   |   | | `-- error-ex@1.3.2 
#9 425.3 |   |   | |   `-- is-arrayish@0.2.1 
#9 425.3 |   |   | +-- pify@2.3.0 
#9 425.3 |   |   | `-- strip-bom@2.0.0 
#9 425.3 |   |   |   `-- is-utf8@0.2.1 
#9 425.3 |   |   +-- normalize-package-data@2.5.0 
#9 425.3 |   |   | +-- hosted-git-info@2.8.9 
#9 425.3 |   |   | `-- validate-npm-package-license@3.0.4 
#9 425.3 |   |   |   +-- spdx-correct@3.2.0 
#9 425.3 |   |   |   | `-- spdx-license-ids@3.0.18 
#9 425.3 |   |   |   `-- spdx-expression-parse@3.0.1 
#9 425.3 |   |   |     `-- spdx-exceptions@2.5.0 
#9 425.3 |   |   `-- path-type@1.1.0 
#9 425.3 |   +-- require-directory@2.1.1 
#9 425.3 |   +-- require-main-filename@1.0.1 
#9 425.3 |   +-- set-blocking@2.0.0 
#9 425.3 |   +-- which-module@1.0.0 
#9 425.3 |   +-- y18n@3.2.2 
#9 425.3 |   `-- yargs-parser@4.2.1 
#9 425.3 |     `-- camelcase@3.0.0 
#9 425.3 `-- webpack-dev-middleware@1.12.2 
#9 425.3   +-- range-parser@1.2.1 
#9 425.3   `-- time-stamp@2.2.0 
#9 425.3 
#9 425.3 npm WARN optional SKIPPING OPTIONAL DEPENDENCY: fsevents@~2.3.2 (node_modules/chokidar/node_modules/fsevents):
#9 425.4 npm WARN notsup SKIPPING OPTIONAL DEPENDENCY: Unsupported platform for fsevents@2.3.3: wanted {"os":"darwin","arch":"any"} (current: {"os":"linux","arch":"x64"})
#9 425.4 npm WARN optional SKIPPING OPTIONAL DEPENDENCY: fsevents@^1.2.7 (node_modules/watchpack-chokidar2/node_modules/chokidar/node_modules/fsevents):
#9 425.4 npm WARN notsup SKIPPING OPTIONAL DEPENDENCY: Unsupported platform for fsevents@1.2.13: wanted {"os":"darwin","arch":"any"} (current: {"os":"linux","arch":"x64"})
#9 425.4 npm WARN bifrost@1.0.0 No license field.
#9 425.4 npm ERR! Linux 3.10.0-1127.10.1.el7.x86_64
#9 425.4 npm ERR! argv "/usr/local/bin/node" "/usr/local/bin/npm" "install"
#9 425.4 npm ERR! node v6.17.1
#9 425.4 npm ERR! npm  v3.10.10
#9 425.4 npm ERR! path /app/node_modules/.staging/@types/ramda-af690b7b/package.json
#9 425.4 npm ERR! code ENOTDIR
#9 425.4 npm ERR! errno -20
#9 425.4 npm ERR! syscall open
#9 425.4 
#9 425.4 npm ERR! ENOTDIR: not a directory, open '/app/node_modules/.staging/@types/ramda-af690b7b/package.json'
#9 425.4 npm ERR! 
#9 425.4 npm ERR! If you need help, you may report this error at:
#9 425.4 npm ERR!     <https://github.com/npm/npm/issues>
#9 425.7 
#9 425.7 npm ERR! Please include the following file with any support request:
#9 425.7 npm ERR!     /app/npm-debug.log
#9 ERROR: process "/bin/sh -c npm install" did not complete successfully: exit code: 236
------
 > [4/5] RUN npm install:
425.4 npm ERR! errno -20
425.4 npm ERR! syscall open
425.4 
425.4 npm ERR! ENOTDIR: not a directory, open '/app/node_modules/.staging/@types/ramda-af690b7b/package.json'
425.4 npm ERR! 
425.4 npm ERR! If you need help, you may report this error at:
425.4 npm ERR!     <https://github.com/npm/npm/issues>
425.7 
425.7 npm ERR! Please include the following file with any support request:
425.7 npm ERR!     /app/npm-debug.log
------
Dockerfile:5
--------------------
   3 |     WORKDIR /app
   4 |     COPY package.json /app
   5 | >>> RUN npm install
   6 |     COPY . /app
   7 |     
--------------------
ERROR: failed to solve: process "/bin/sh -c npm install" did not complete successfully: exit code: 236
Duration: 8:29.97