#0 building with "default" instance using docker driver

#1 [internal] load build definition from Dockerfile
#1 ...

#2 [internal] load .dockerignore
#2 transferring context: 95B done
#2 DONE 0.9s

#1 [internal] load build definition from Dockerfile
#1 transferring dockerfile: 1.80kB done
#1 DONE 0.9s

#3 [internal] load metadata for docker.io/library/node:15.3.0
#3 ...

#4 [auth] library/node:pull token for registry-1.docker.io
#4 DONE 0.0s

#5 [internal] load metadata for docker.io/library/node:15.3.0-alpine3.12
#5 DONE 1.4s

#3 [internal] load metadata for docker.io/library/node:15.3.0
#3 DONE 1.5s

#6 [internal] load build context
#6 DONE 0.0s

#7 [builder  1/10] FROM docker.io/library/node:15.3.0@sha256:60a3bda0eb90be8fa78830f284671d4c231e91878bbe5bd1c953aedda141014a
#7 resolve docker.io/library/node:15.3.0@sha256:60a3bda0eb90be8fa78830f284671d4c231e91878bbe5bd1c953aedda141014a
#7 resolve docker.io/library/node:15.3.0@sha256:60a3bda0eb90be8fa78830f284671d4c231e91878bbe5bd1c953aedda141014a 0.2s done
#7 sha256:60a3bda0eb90be8fa78830f284671d4c231e91878bbe5bd1c953aedda141014a 776B / 776B done
#7 sha256:43478852038accc605831f4e1e2954ec1b48297d9eee0771e76fb861edef1ced 2.21kB / 2.21kB done
#7 sha256:2d840844f8e7594a542b30eaed0a3451f5d84b9f85d091d09abc8e0ae75c48e4 7.81kB / 7.81kB done
#7 ...

#6 [internal] load build context
#6 transferring context: 216.94kB 0.3s done
#6 DONE 0.6s

#8 [stage-1 1/5] FROM docker.io/library/node:15.3.0-alpine3.12@sha256:8a13c9a70240477d86967e3210dbacc0d52a83d19af150e32d160ca3ec98bcae
#8 resolve docker.io/library/node:15.3.0-alpine3.12@sha256:8a13c9a70240477d86967e3210dbacc0d52a83d19af150e32d160ca3ec98bcae 0.2s done
#8 sha256:8a13c9a70240477d86967e3210dbacc0d52a83d19af150e32d160ca3ec98bcae 1.43kB / 1.43kB done
#8 sha256:ef59ec90488721c328840859aea0d6992601f8767d5772985026fbcf648a7a41 1.16kB / 1.16kB done
#8 sha256:ca0587643090c4be7a3cb0e4b0d7d0533c525572b58f5bc817316caefbf1facc 6.73kB / 6.73kB done
#8 sha256:188c0c94c7c576fff0792aca7ec73d67a2f7f4cb3a6e53a84559337260b36964 2.10MB / 2.80MB 0.3s
#8 sha256:72ca247b7b48d826d7cc4520b431ed41ebac5218fb27dfe3e3de6ae4a6b96dfd 0B / 34.76MB 0.3s
#8 sha256:188c0c94c7c576fff0792aca7ec73d67a2f7f4cb3a6e53a84559337260b36964 2.80MB / 2.80MB 0.4s done
#8 sha256:72ca247b7b48d826d7cc4520b431ed41ebac5218fb27dfe3e3de6ae4a6b96dfd 4.19MB / 34.76MB 0.5s
#8 extracting sha256:188c0c94c7c576fff0792aca7ec73d67a2f7f4cb3a6e53a84559337260b36964
#8 sha256:7c715cbb0aa6da93eb3642eb6a9de96510c9f20dcaa7664f80994969fc2b7fc8 0B / 2.36MB 0.5s
#8 sha256:dbfd4474241db93921eb9352eb89321d9710b69c576edbadbbca84eace24a8b8 0B / 282B 0.5s
#8 sha256:72ca247b7b48d826d7cc4520b431ed41ebac5218fb27dfe3e3de6ae4a6b96dfd 9.44MB / 34.76MB 0.6s
#8 sha256:72ca247b7b48d826d7cc4520b431ed41ebac5218fb27dfe3e3de6ae4a6b96dfd 13.63MB / 34.76MB 0.7s
#8 extracting sha256:188c0c94c7c576fff0792aca7ec73d67a2f7f4cb3a6e53a84559337260b36964 0.2s done
#8 sha256:72ca247b7b48d826d7cc4520b431ed41ebac5218fb27dfe3e3de6ae4a6b96dfd 16.78MB / 34.76MB 0.8s
#8 sha256:7c715cbb0aa6da93eb3642eb6a9de96510c9f20dcaa7664f80994969fc2b7fc8 1.05MB / 2.36MB 0.8s
#8 sha256:dbfd4474241db93921eb9352eb89321d9710b69c576edbadbbca84eace24a8b8 282B / 282B 0.7s done
#8 sha256:72ca247b7b48d826d7cc4520b431ed41ebac5218fb27dfe3e3de6ae4a6b96dfd 19.92MB / 34.76MB 0.9s
#8 sha256:7c715cbb0aa6da93eb3642eb6a9de96510c9f20dcaa7664f80994969fc2b7fc8 2.36MB / 2.36MB 0.9s
#8 sha256:72ca247b7b48d826d7cc4520b431ed41ebac5218fb27dfe3e3de6ae4a6b96dfd 27.26MB / 34.76MB 1.0s
#8 sha256:7c715cbb0aa6da93eb3642eb6a9de96510c9f20dcaa7664f80994969fc2b7fc8 2.36MB / 2.36MB 0.9s done
#8 sha256:72ca247b7b48d826d7cc4520b431ed41ebac5218fb27dfe3e3de6ae4a6b96dfd 34.76MB / 34.76MB 1.1s
#8 sha256:72ca247b7b48d826d7cc4520b431ed41ebac5218fb27dfe3e3de6ae4a6b96dfd 34.76MB / 34.76MB 1.6s done
#8 extracting sha256:72ca247b7b48d826d7cc4520b431ed41ebac5218fb27dfe3e3de6ae4a6b96dfd 0.1s
#8 extracting sha256:72ca247b7b48d826d7cc4520b431ed41ebac5218fb27dfe3e3de6ae4a6b96dfd 2.3s done
#8 extracting sha256:7c715cbb0aa6da93eb3642eb6a9de96510c9f20dcaa7664f80994969fc2b7fc8
#8 extracting sha256:7c715cbb0aa6da93eb3642eb6a9de96510c9f20dcaa7664f80994969fc2b7fc8 0.2s done
#8 extracting sha256:dbfd4474241db93921eb9352eb89321d9710b69c576edbadbbca84eace24a8b8 done
#8 ...

#7 [builder  1/10] FROM docker.io/library/node:15.3.0@sha256:60a3bda0eb90be8fa78830f284671d4c231e91878bbe5bd1c953aedda141014a
#7 sha256:7919f5b7d60254cafc73c0d097b8ccffb72e0b6472957ece4dd5b378c5ca7cc1 45.38MB / 45.38MB 2.6s done
#7 sha256:0e107167dcc5392ce7b34cb6af6bcfe1cf99f76f9e632d6c321526666558ab50 10.75MB / 10.75MB 1.8s done
#7 sha256:66a456bba435b99e4c17dd5da957e63bef2c43ae5291b055ce82bd26d9153259 4.34MB / 4.34MB 2.7s done
#7 sha256:5435318a0426be8944e8142c90c8501d9f27e23cbd27e1094311e292dcfbc926 50.11MB / 50.11MB 3.9s done
#7 extracting sha256:7919f5b7d60254cafc73c0d097b8ccffb72e0b6472957ece4dd5b378c5ca7cc1 2.7s done
#7 sha256:8494dd3284650baec0f038af6bec4db4ddbcf520c80f88d690d5e0327e3f4d80 168.82MB / 214.32MB 6.1s
#7 sha256:3b01939c65060e98dcf4b23f8fd6b94ec5638cc32c35301aeed7f422c7d543da 4.16kB / 4.16kB 3.1s done
#7 sha256:5caada2abfdf81185a9204fcdabc7719b1b647ff8fd4399ee481ef91c17fa78e 33.44MB / 33.44MB 5.4s done
#7 sha256:97297040d40f1047a1cb233b9d31772a3b1bbb76310df4ea55a6b47f194ef621 2.37MB / 2.37MB 4.4s done
#7 sha256:538838247bdb13ea900d492a5cd9a0b3900464a9296111328cf85fa4d7a30414 294B / 294B 4.7s done
#7 extracting sha256:0e107167dcc5392ce7b34cb6af6bcfe1cf99f76f9e632d6c321526666558ab50 0.3s
#7 ...

#8 [stage-1 1/5] FROM docker.io/library/node:15.3.0-alpine3.12@sha256:8a13c9a70240477d86967e3210dbacc0d52a83d19af150e32d160ca3ec98bcae
#8 DONE 6.9s

#7 [builder  1/10] FROM docker.io/library/node:15.3.0@sha256:60a3bda0eb90be8fa78830f284671d4c231e91878bbe5bd1c953aedda141014a
#7 ...

#9 [stage-1 2/5] RUN apk add --no-cache gnupg ca-certificates
#9 0.509 fetch http://dl-cdn.alpinelinux.org/alpine/v3.12/main/x86_64/APKINDEX.tar.gz
#9 0.745 fetch http://dl-cdn.alpinelinux.org/alpine/v3.12/community/x86_64/APKINDEX.tar.gz
#9 1.255 (1/29) Installing ca-certificates (20220614-r0)
#9 1.459 (2/29) Installing libgpg-error (1.37-r0)
#9 1.924 (3/29) Installing libassuan (2.5.3-r0)
#9 2.314 (4/29) Installing libcap (2.27-r0)
#9 3.393 (5/29) Installing libffi (3.3-r2)
#9 3.742 (6/29) Installing libintl (0.20.2-r0)
#9 4.317 (7/29) Installing libblkid (2.37.4-r0)
#9 4.534 (8/29) Installing libmount (2.37.4-r0)
#9 4.795 (9/29) Installing pcre (8.44-r0)
#9 5.055 (10/29) Installing glib (2.64.6-r0)
#9 5.419 (11/29) Installing ncurses-terminfo-base (6.2_p20200523-r1)
#9 5.648 (12/29) Installing ncurses-libs (6.2_p20200523-r1)
#9 5.855 (13/29) Installing libgcrypt (1.8.8-r1)
#9 ...

#7 [builder  1/10] FROM docker.io/library/node:15.3.0@sha256:60a3bda0eb90be8fa78830f284671d4c231e91878bbe5bd1c953aedda141014a
#7 sha256:8494dd3284650baec0f038af6bec4db4ddbcf520c80f88d690d5e0327e3f4d80 214.32MB / 214.32MB 10.0s done
#7 extracting sha256:0e107167dcc5392ce7b34cb6af6bcfe1cf99f76f9e632d6c321526666558ab50 0.5s done
#7 extracting sha256:66a456bba435b99e4c17dd5da957e63bef2c43ae5291b055ce82bd26d9153259 0.2s done
#7 extracting sha256:5435318a0426be8944e8142c90c8501d9f27e23cbd27e1094311e292dcfbc926 2.3s
#7 extracting sha256:5435318a0426be8944e8142c90c8501d9f27e23cbd27e1094311e292dcfbc926 3.2s done
#7 extracting sha256:8494dd3284650baec0f038af6bec4db4ddbcf520c80f88d690d5e0327e3f4d80
#7 extracting sha256:8494dd3284650baec0f038af6bec4db4ddbcf520c80f88d690d5e0327e3f4d80 5.2s
#7 ...

#9 [stage-1 2/5] RUN apk add --no-cache gnupg ca-certificates
#9 6.505 (14/29) Installing libsecret (0.20.3-r0)
#9 7.346 (15/29) Installing pinentry (1.1.0-r2)
#9 7.986 Executing pinentry-1.1.0-r2.post-install
#9 7.989 (16/29) Installing libbz2 (1.0.8-r1)
#9 8.251 (17/29) Installing gmp (6.2.1-r1)
#9 8.475 (18/29) Installing nettle (3.5.1-r2)
#9 8.786 (19/29) Installing p11-kit (0.23.22-r0)
#9 9.058 (20/29) Installing libtasn1 (4.16.0-r1)
#9 9.255 (21/29) Installing libunistring (0.9.10-r0)
#9 9.545 (22/29) Installing gnutls (3.6.15-r1)
#9 9.787 (23/29) Installing libksba (1.4.0-r0)
#9 10.73 (24/29) Installing db (5.3.28-r1)
#9 11.88 (25/29) Installing libsasl (2.1.28-r0)
#9 12.50 (26/29) Installing libldap (2.4.58-r0)
#9 12.93 (27/29) Installing npth (1.6-r0)
#9 13.72 (28/29) Installing sqlite-libs (3.32.1-r1)
#9 14.02 (29/29) Installing gnupg (2.2.23-r1)
#9 15.06 Executing busybox-1.31.1-r19.trigger
#9 15.06 Executing ca-certificates-20220614-r0.trigger
#9 15.11 OK: 28 MiB in 45 packages
#9 ...

#7 [builder  1/10] FROM docker.io/library/node:15.3.0@sha256:60a3bda0eb90be8fa78830f284671d4c231e91878bbe5bd1c953aedda141014a
#7 extracting sha256:8494dd3284650baec0f038af6bec4db4ddbcf520c80f88d690d5e0327e3f4d80 10.2s
#7 extracting sha256:8494dd3284650baec0f038af6bec4db4ddbcf520c80f88d690d5e0327e3f4d80 12.6s done
#7 ...

#9 [stage-1 2/5] RUN apk add --no-cache gnupg ca-certificates
#9 DONE 34.6s

#7 [builder  1/10] FROM docker.io/library/node:15.3.0@sha256:60a3bda0eb90be8fa78830f284671d4c231e91878bbe5bd1c953aedda141014a
#7 extracting sha256:3b01939c65060e98dcf4b23f8fd6b94ec5638cc32c35301aeed7f422c7d543da 0.1s done
#7 extracting sha256:5caada2abfdf81185a9204fcdabc7719b1b647ff8fd4399ee481ef91c17fa78e
#7 extracting sha256:5caada2abfdf81185a9204fcdabc7719b1b647ff8fd4399ee481ef91c17fa78e 2.1s done
#7 extracting sha256:97297040d40f1047a1cb233b9d31772a3b1bbb76310df4ea55a6b47f194ef621
#7 extracting sha256:97297040d40f1047a1cb233b9d31772a3b1bbb76310df4ea55a6b47f194ef621 0.2s done
#7 extracting sha256:538838247bdb13ea900d492a5cd9a0b3900464a9296111328cf85fa4d7a30414
#7 extracting sha256:538838247bdb13ea900d492a5cd9a0b3900464a9296111328cf85fa4d7a30414 done
#7 DONE 46.2s

#10 [builder  2/10] RUN apt-get -y update && apt-get -y install curl gzip tar unzip
#10 0.534 Ign:1 http://security.debian.org/debian-security stretch/updates InRelease
#10 0.544 Ign:2 http://security.debian.org/debian-security stretch/updates Release
#10 0.889 Ign:3 http://security.debian.org/debian-security stretch/updates/main amd64 Packages
#10 0.905 Ign:4 http://deb.debian.org/debian stretch InRelease
#10 0.915 Ign:5 http://deb.debian.org/debian stretch-updates InRelease
#10 1.069 Ign:6 http://security.debian.org/debian-security stretch/updates/main all Packages
#10 1.202 Ign:7 http://deb.debian.org/debian stretch Release
#10 1.212 Ign:8 http://deb.debian.org/debian stretch-updates Release
#10 1.415 Ign:3 http://security.debian.org/debian-security stretch/updates/main amd64 Packages
#10 1.598 Ign:6 http://security.debian.org/debian-security stretch/updates/main all Packages
#10 1.607 Ign:9 http://deb.debian.org/debian stretch/main all Packages
#10 1.767 Ign:10 http://deb.debian.org/debian stretch/main amd64 Packages
#10 1.777 Ign:11 http://deb.debian.org/debian stretch-updates/main all Packages
#10 1.787 Ign:12 http://deb.debian.org/debian stretch-updates/main amd64 Packages
#10 2.231 Ign:9 http://deb.debian.org/debian stretch/main all Packages
#10 2.437 Ign:3 http://security.debian.org/debian-security stretch/updates/main amd64 Packages
#10 2.558 Ign:10 http://deb.debian.org/debian stretch/main amd64 Packages
#10 2.568 Ign:11 http://deb.debian.org/debian stretch-updates/main all Packages
#10 2.578 Ign:12 http://deb.debian.org/debian stretch-updates/main amd64 Packages
#10 2.588 Ign:9 http://deb.debian.org/debian stretch/main all Packages
#10 2.620 Ign:6 http://security.debian.org/debian-security stretch/updates/main all Packages
#10 2.745 Ign:10 http://deb.debian.org/debian stretch/main amd64 Packages
#10 2.759 Ign:11 http://deb.debian.org/debian stretch-updates/main all Packages
#10 2.770 Ign:12 http://deb.debian.org/debian stretch-updates/main amd64 Packages
#10 2.780 Ign:9 http://deb.debian.org/debian stretch/main all Packages
#10 2.937 Ign:10 http://deb.debian.org/debian stretch/main amd64 Packages
#10 2.948 Ign:11 http://deb.debian.org/debian stretch-updates/main all Packages
#10 2.958 Ign:12 http://deb.debian.org/debian stretch-updates/main amd64 Packages
#10 2.969 Ign:9 http://deb.debian.org/debian stretch/main all Packages
#10 2.972 Ign:3 http://security.debian.org/debian-security stretch/updates/main amd64 Packages
#10 3.154 Ign:6 http://security.debian.org/debian-security stretch/updates/main all Packages
#10 3.269 Ign:10 http://deb.debian.org/debian stretch/main amd64 Packages
#10 3.279 Ign:11 http://deb.debian.org/debian stretch-updates/main all Packages
#10 3.289 Ign:12 http://deb.debian.org/debian stretch-updates/main amd64 Packages
#10 3.299 Ign:9 http://deb.debian.org/debian stretch/main all Packages
#10 3.504 Ign:3 http://security.debian.org/debian-security stretch/updates/main amd64 Packages
#10 3.682 Ign:6 http://security.debian.org/debian-security stretch/updates/main all Packages
#10 3.684 Err:10 http://deb.debian.org/debian stretch/main amd64 Packages
#10 3.684   404  Not Found
#10 3.694 Ign:11 http://deb.debian.org/debian stretch-updates/main all Packages
#10 3.704 Err:12 http://deb.debian.org/debian stretch-updates/main amd64 Packages
#10 3.704   404  Not Found
#10 4.030 Err:3 http://security.debian.org/debian-security stretch/updates/main amd64 Packages
#10 4.030   404  Not Found
#10 4.213 Ign:6 http://security.debian.org/debian-security stretch/updates/main all Packages
#10 4.217 Reading package lists...
#10 4.230 W: The repository 'http://security.debian.org/debian-security stretch/updates Release' does not have a Release file.
#10 4.230 W: The repository 'http://deb.debian.org/debian stretch Release' does not have a Release file.
#10 4.230 W: The repository 'http://deb.debian.org/debian stretch-updates Release' does not have a Release file.
#10 4.230 E: Failed to fetch http://security.debian.org/debian-security/dists/stretch/updates/main/binary-amd64/Packages  404  Not Found
#10 4.230 E: Failed to fetch http://deb.debian.org/debian/dists/stretch/main/binary-amd64/Packages  404  Not Found
#10 4.230 E: Failed to fetch http://deb.debian.org/debian/dists/stretch-updates/main/binary-amd64/Packages  404  Not Found
#10 4.230 E: Some index files failed to download. They have been ignored, or old ones used instead.
#10 ERROR: process "/bin/sh -c apt-get -y update && apt-get -y install curl gzip tar unzip" did not complete successfully: exit code: 100
------
 > [builder  2/10] RUN apt-get -y update && apt-get -y install curl gzip tar unzip:
4.030   404  Not Found
4.213 Ign:6 http://security.debian.org/debian-security stretch/updates/main all Packages
4.217 Reading package lists...
4.230 W: The repository 'http://security.debian.org/debian-security stretch/updates Release' does not have a Release file.
4.230 W: The repository 'http://deb.debian.org/debian stretch Release' does not have a Release file.
4.230 W: The repository 'http://deb.debian.org/debian stretch-updates Release' does not have a Release file.
4.230 E: Failed to fetch http://security.debian.org/debian-security/dists/stretch/updates/main/binary-amd64/Packages  404  Not Found
4.230 E: Failed to fetch http://deb.debian.org/debian/dists/stretch/main/binary-amd64/Packages  404  Not Found
4.230 E: Failed to fetch http://deb.debian.org/debian/dists/stretch-updates/main/binary-amd64/Packages  404  Not Found
4.230 E: Some index files failed to download. They have been ignored, or old ones used instead.
------
Dockerfile:2
--------------------
   1 |     FROM node:15.3.0 as builder
   2 | >>> RUN apt-get -y update && apt-get -y install curl gzip tar unzip
   3 |     ARG HELM_DOWNLOAD_URL="https://get.helm.sh/helm-v3.4.1-linux-amd64.tar.gz"
   4 |     RUN curl -s -j -k -L "${HELM_DOWNLOAD_URL}" > /tmp/helm.tar.gz
--------------------
ERROR: failed to solve: process "/bin/sh -c apt-get -y update && apt-get -y install curl gzip tar unzip" did not complete successfully: exit code: 100
Duration: 0:56.11