#0 building with "default" instance using docker driver

#1 [internal] load build definition from Dockerfile
#1 transferring dockerfile:
#1 transferring dockerfile: 340B done
#1 DONE 0.4s

#2 [internal] load .dockerignore
#2 transferring context: 234B done
#2 DONE 0.5s

#3 [auth] library/python:pull token for registry-1.docker.io
#3 DONE 0.0s

#4 [internal] load metadata for docker.io/library/python:3.7
#4 DONE 1.4s

#5 [internal] load build context
#5 DONE 0.0s

#6 [1/9] FROM docker.io/library/python:3.7@sha256:eedf63967cdb57d8214db38ce21f105003ed4e4d0358f02bedc057341bcf92a0
#6 resolve docker.io/library/python:3.7@sha256:eedf63967cdb57d8214db38ce21f105003ed4e4d0358f02bedc057341bcf92a0 0.1s done
#6 sha256:eedf63967cdb57d8214db38ce21f105003ed4e4d0358f02bedc057341bcf92a0 1.86kB / 1.86kB done
#6 sha256:2011a37d2a08fe83dd9ff923e0f83bfd7290152e2e6afe359bde1453170d9bdc 2.01kB / 2.01kB done
#6 sha256:16d93ae3411be3db255b6b52fdfc155a0dff0f697c2e4e3d862caf8d978830b2 8.13kB / 8.13kB done
#6 sha256:b47a222d28fa95680198398973d0a29b82a968f03e7ef361cc8ded562e4d84a3 0B / 24.03MB 0.1s
#6 sha256:b47a222d28fa95680198398973d0a29b82a968f03e7ef361cc8ded562e4d84a3 2.10MB / 24.03MB 0.2s
#6 sha256:debce5f9f3a9709885f7f2ad3cf41f036a3b57b406b27ba3a883928315787042 0B / 64.11MB 0.2s
#6 ...

#5 [internal] load build context
#5 transferring context: 139.05kB done
#5 DONE 0.5s

#6 [1/9] FROM docker.io/library/python:3.7@sha256:eedf63967cdb57d8214db38ce21f105003ed4e4d0358f02bedc057341bcf92a0
#6 sha256:b47a222d28fa95680198398973d0a29b82a968f03e7ef361cc8ded562e4d84a3 7.34MB / 24.03MB 0.3s
#6 sha256:167b8a53ca4504bc6aa3182e336fa96f4ef76875d158c1933d3e2fa19c57e0c3 0B / 49.56MB 0.3s
#6 sha256:b47a222d28fa95680198398973d0a29b82a968f03e7ef361cc8ded562e4d84a3 14.68MB / 24.03MB 0.5s
#6 sha256:debce5f9f3a9709885f7f2ad3cf41f036a3b57b406b27ba3a883928315787042 10.49MB / 64.11MB 0.5s
#6 sha256:b47a222d28fa95680198398973d0a29b82a968f03e7ef361cc8ded562e4d84a3 18.87MB / 24.03MB 0.6s
#6 sha256:debce5f9f3a9709885f7f2ad3cf41f036a3b57b406b27ba3a883928315787042 16.78MB / 64.11MB 0.6s
#6 sha256:b47a222d28fa95680198398973d0a29b82a968f03e7ef361cc8ded562e4d84a3 24.03MB / 24.03MB 0.8s
#6 sha256:debce5f9f3a9709885f7f2ad3cf41f036a3b57b406b27ba3a883928315787042 27.26MB / 64.11MB 0.8s
#6 sha256:167b8a53ca4504bc6aa3182e336fa96f4ef76875d158c1933d3e2fa19c57e0c3 10.49MB / 49.56MB 0.8s
#6 sha256:debce5f9f3a9709885f7f2ad3cf41f036a3b57b406b27ba3a883928315787042 36.70MB / 64.11MB 1.0s
#6 sha256:167b8a53ca4504bc6aa3182e336fa96f4ef76875d158c1933d3e2fa19c57e0c3 22.02MB / 49.56MB 1.0s
#6 sha256:b47a222d28fa95680198398973d0a29b82a968f03e7ef361cc8ded562e4d84a3 24.03MB / 24.03MB 1.1s done
#6 sha256:debce5f9f3a9709885f7f2ad3cf41f036a3b57b406b27ba3a883928315787042 48.23MB / 64.11MB 1.2s
#6 sha256:167b8a53ca4504bc6aa3182e336fa96f4ef76875d158c1933d3e2fa19c57e0c3 30.41MB / 49.56MB 1.2s
#6 sha256:1d7ca7cd2e066ae77ac6284a9d027f72a31a02a18bfc2a249ef2e7b01074338b 0B / 211.04MB 1.2s
#6 sha256:debce5f9f3a9709885f7f2ad3cf41f036a3b57b406b27ba3a883928315787042 55.57MB / 64.11MB 1.3s
#6 sha256:167b8a53ca4504bc6aa3182e336fa96f4ef76875d158c1933d3e2fa19c57e0c3 33.55MB / 49.56MB 1.3s
#6 sha256:debce5f9f3a9709885f7f2ad3cf41f036a3b57b406b27ba3a883928315787042 61.87MB / 64.11MB 1.4s
#6 sha256:167b8a53ca4504bc6aa3182e336fa96f4ef76875d158c1933d3e2fa19c57e0c3 36.70MB / 49.56MB 1.4s
#6 sha256:167b8a53ca4504bc6aa3182e336fa96f4ef76875d158c1933d3e2fa19c57e0c3 46.14MB / 49.56MB 1.6s
#6 sha256:167b8a53ca4504bc6aa3182e336fa96f4ef76875d158c1933d3e2fa19c57e0c3 49.56MB / 49.56MB 1.8s
#6 sha256:1d7ca7cd2e066ae77ac6284a9d027f72a31a02a18bfc2a249ef2e7b01074338b 15.73MB / 211.04MB 1.8s
#6 sha256:1d7ca7cd2e066ae77ac6284a9d027f72a31a02a18bfc2a249ef2e7b01074338b 35.65MB / 211.04MB 2.2s
#6 sha256:debce5f9f3a9709885f7f2ad3cf41f036a3b57b406b27ba3a883928315787042 64.11MB / 64.11MB 2.4s done
#6 sha256:1d7ca7cd2e066ae77ac6284a9d027f72a31a02a18bfc2a249ef2e7b01074338b 58.72MB / 211.04MB 2.6s
#6 sha256:1d7ca7cd2e066ae77ac6284a9d027f72a31a02a18bfc2a249ef2e7b01074338b 74.45MB / 211.04MB 2.9s
#6 sha256:167b8a53ca4504bc6aa3182e336fa96f4ef76875d158c1933d3e2fa19c57e0c3 49.56MB / 49.56MB 3.2s done
#6 sha256:1d7ca7cd2e066ae77ac6284a9d027f72a31a02a18bfc2a249ef2e7b01074338b 87.03MB / 211.04MB 3.2s
#6 extracting sha256:167b8a53ca4504bc6aa3182e336fa96f4ef76875d158c1933d3e2fa19c57e0c3 0.1s
#6 sha256:ff3119008f58beef8f336fa833707b0fe914db94ca6b7bb55abe3e1bf2b1ad56 0B / 6.39MB 3.3s
#6 sha256:c2423a76a32b7ffb2ee7bb6d1e0c74bb1811237eddcb3200594daf7a52d4f378 0B / 14.70MB 3.3s
#6 sha256:1d7ca7cd2e066ae77ac6284a9d027f72a31a02a18bfc2a249ef2e7b01074338b 100.66MB / 211.04MB 3.4s
#6 sha256:ff3119008f58beef8f336fa833707b0fe914db94ca6b7bb55abe3e1bf2b1ad56 3.15MB / 6.39MB 3.4s
#6 sha256:ff3119008f58beef8f336fa833707b0fe914db94ca6b7bb55abe3e1bf2b1ad56 6.39MB / 6.39MB 3.6s done
#6 sha256:c2423a76a32b7ffb2ee7bb6d1e0c74bb1811237eddcb3200594daf7a52d4f378 10.49MB / 14.70MB 3.6s
#6 sha256:1d7ca7cd2e066ae77ac6284a9d027f72a31a02a18bfc2a249ef2e7b01074338b 112.20MB / 211.04MB 3.7s
#6 sha256:c2423a76a32b7ffb2ee7bb6d1e0c74bb1811237eddcb3200594daf7a52d4f378 14.70MB / 14.70MB 3.7s
#6 sha256:e1c98ca4926a91839805ce76d76a70225e303007331ee60f45dfabbbf55fd8c8 0B / 244B 3.7s
#6 sha256:e1c98ca4926a91839805ce76d76a70225e303007331ee60f45dfabbbf55fd8c8 244B / 244B 3.8s
#6 sha256:1d7ca7cd2e066ae77ac6284a9d027f72a31a02a18bfc2a249ef2e7b01074338b 125.83MB / 211.04MB 4.0s
#6 sha256:c2423a76a32b7ffb2ee7bb6d1e0c74bb1811237eddcb3200594daf7a52d4f378 14.70MB / 14.70MB 3.9s done
#6 sha256:e1c98ca4926a91839805ce76d76a70225e303007331ee60f45dfabbbf55fd8c8 244B / 244B 4.0s done
#6 sha256:3b62c8e1d79b6554a8bffcf196ff5dd822858c179f1f8dc6f0c74a288859a6fb 0B / 2.85MB 4.1s
#6 sha256:3b62c8e1d79b6554a8bffcf196ff5dd822858c179f1f8dc6f0c74a288859a6fb 2.85MB / 2.85MB 4.2s
#6 sha256:1d7ca7cd2e066ae77ac6284a9d027f72a31a02a18bfc2a249ef2e7b01074338b 147.85MB / 211.04MB 4.4s
#6 sha256:3b62c8e1d79b6554a8bffcf196ff5dd822858c179f1f8dc6f0c74a288859a6fb 2.85MB / 2.85MB 4.3s done
#6 sha256:1d7ca7cd2e066ae77ac6284a9d027f72a31a02a18bfc2a249ef2e7b01074338b 161.48MB / 211.04MB 4.7s
#6 sha256:1d7ca7cd2e066ae77ac6284a9d027f72a31a02a18bfc2a249ef2e7b01074338b 173.02MB / 211.04MB 4.9s
#6 sha256:1d7ca7cd2e066ae77ac6284a9d027f72a31a02a18bfc2a249ef2e7b01074338b 185.60MB / 211.04MB 5.2s
#6 sha256:1d7ca7cd2e066ae77ac6284a9d027f72a31a02a18bfc2a249ef2e7b01074338b 198.18MB / 211.04MB 5.6s
#6 extracting sha256:167b8a53ca4504bc6aa3182e336fa96f4ef76875d158c1933d3e2fa19c57e0c3 2.8s done
#6 sha256:1d7ca7cd2e066ae77ac6284a9d027f72a31a02a18bfc2a249ef2e7b01074338b 209.72MB / 211.04MB 6.2s
#6 extracting sha256:b47a222d28fa95680198398973d0a29b82a968f03e7ef361cc8ded562e4d84a3
#6 extracting sha256:b47a222d28fa95680198398973d0a29b82a968f03e7ef361cc8ded562e4d84a3 1.1s done
#6 sha256:1d7ca7cd2e066ae77ac6284a9d027f72a31a02a18bfc2a249ef2e7b01074338b 211.04MB / 211.04MB 9.7s done
#6 extracting sha256:debce5f9f3a9709885f7f2ad3cf41f036a3b57b406b27ba3a883928315787042
#6 extracting sha256:debce5f9f3a9709885f7f2ad3cf41f036a3b57b406b27ba3a883928315787042 4.0s done
#6 extracting sha256:1d7ca7cd2e066ae77ac6284a9d027f72a31a02a18bfc2a249ef2e7b01074338b
#6 extracting sha256:1d7ca7cd2e066ae77ac6284a9d027f72a31a02a18bfc2a249ef2e7b01074338b 5.1s
#6 extracting sha256:1d7ca7cd2e066ae77ac6284a9d027f72a31a02a18bfc2a249ef2e7b01074338b 10.2s
#6 extracting sha256:1d7ca7cd2e066ae77ac6284a9d027f72a31a02a18bfc2a249ef2e7b01074338b 12.1s done
#6 extracting sha256:ff3119008f58beef8f336fa833707b0fe914db94ca6b7bb55abe3e1bf2b1ad56
#6 extracting sha256:ff3119008f58beef8f336fa833707b0fe914db94ca6b7bb55abe3e1bf2b1ad56 0.4s done
#6 extracting sha256:c2423a76a32b7ffb2ee7bb6d1e0c74bb1811237eddcb3200594daf7a52d4f378
#6 extracting sha256:c2423a76a32b7ffb2ee7bb6d1e0c74bb1811237eddcb3200594daf7a52d4f378 0.8s done
#6 extracting sha256:e1c98ca4926a91839805ce76d76a70225e303007331ee60f45dfabbbf55fd8c8
#6 extracting sha256:e1c98ca4926a91839805ce76d76a70225e303007331ee60f45dfabbbf55fd8c8 done
#6 extracting sha256:3b62c8e1d79b6554a8bffcf196ff5dd822858c179f1f8dc6f0c74a288859a6fb
#6 extracting sha256:3b62c8e1d79b6554a8bffcf196ff5dd822858c179f1f8dc6f0c74a288859a6fb 0.3s done
#6 DONE 31.9s

#7 [2/9] RUN mkdir /code
#7 DONE 24.5s

#8 [3/9] ADD ./examples/ /code/examples
#8 DONE 0.5s

#9 [4/9] WORKDIR /code
#9 DONE 0.4s

#10 [5/9] RUN pip install git+https://github.com/toluaina/pgsync.git
#10 2.565 Collecting git+https://github.com/toluaina/pgsync.git
#10 2.566   Cloning https://github.com/toluaina/pgsync.git to /tmp/pip-req-build-sgc5tb4i
#10 2.571   Running command git clone --filter=blob:none --quiet https://github.com/toluaina/pgsync.git /tmp/pip-req-build-sgc5tb4i
#10 4.110   Resolved https://github.com/toluaina/pgsync.git to commit 800073967eb03a33d8a3d4902f9df8ebc836d96e
#10 4.121   Installing build dependencies: started
#10 6.944   Installing build dependencies: finished with status 'done'
#10 6.946   Getting requirements to build wheel: started
#10 7.187   Getting requirements to build wheel: finished with status 'done'
#10 7.193   Installing backend dependencies: started
#10 8.182   Installing backend dependencies: finished with status 'done'
#10 8.185   Preparing metadata (pyproject.toml): started
#10 8.506   Preparing metadata (pyproject.toml): finished with status 'done'
#10 8.684 ERROR: Ignored the following versions that require a different python version: 0.10.0 Requires-Python >= 3.8; 0.10.1 Requires-Python >= 3.8; 0.10.2 Requires-Python >=3.8; 0.9.0 Requires-Python >= 3.8
#10 8.684 ERROR: Could not find a version that satisfies the requirement s3transfer==0.10.2 (from pgsync) (from versions: 0.0.1, 0.1.0, 0.1.1, 0.1.2, 0.1.3, 0.1.4, 0.1.5, 0.1.6, 0.1.7, 0.1.8, 0.1.9, 0.1.10, 0.1.11, 0.1.12, 0.1.13, 0.2.0, 0.2.1, 0.3.0, 0.3.1, 0.3.2, 0.3.3, 0.3.4, 0.3.5, 0.3.6, 0.3.7, 0.4.0, 0.4.1, 0.4.2, 0.5.0, 0.5.1, 0.5.2, 0.6.0, 0.6.1, 0.6.2, 0.7.0, 0.8.0, 0.8.1, 0.8.2)
#10 8.685 ERROR: No matching distribution found for s3transfer==0.10.2
#10 8.691 
#10 8.691 [notice] A new release of pip is available: 23.0.1 -> 24.0
#10 8.691 [notice] To update, run: pip install --upgrade pip
#10 ERROR: process "/bin/sh -c pip install git+https://github.com/toluaina/pgsync.git" did not complete successfully: exit code: 1
------
 > [5/9] RUN pip install git+https://github.com/toluaina/pgsync.git:
7.193   Installing backend dependencies: started
8.182   Installing backend dependencies: finished with status 'done'
8.185   Preparing metadata (pyproject.toml): started
8.506   Preparing metadata (pyproject.toml): finished with status 'done'
8.684 ERROR: Ignored the following versions that require a different python version: 0.10.0 Requires-Python >= 3.8; 0.10.1 Requires-Python >= 3.8; 0.10.2 Requires-Python >=3.8; 0.9.0 Requires-Python >= 3.8
8.684 ERROR: Could not find a version that satisfies the requirement s3transfer==0.10.2 (from pgsync) (from versions: 0.0.1, 0.1.0, 0.1.1, 0.1.2, 0.1.3, 0.1.4, 0.1.5, 0.1.6, 0.1.7, 0.1.8, 0.1.9, 0.1.10, 0.1.11, 0.1.12, 0.1.13, 0.2.0, 0.2.1, 0.3.0, 0.3.1, 0.3.2, 0.3.3, 0.3.4, 0.3.5, 0.3.6, 0.3.7, 0.4.0, 0.4.1, 0.4.2, 0.5.0, 0.5.1, 0.5.2, 0.6.0, 0.6.1, 0.6.2, 0.7.0, 0.8.0, 0.8.1, 0.8.2)
8.685 ERROR: No matching distribution found for s3transfer==0.10.2
8.691 
8.691 [notice] A new release of pip is available: 23.0.1 -> 24.0
8.691 [notice] To update, run: pip install --upgrade pip
------
Dockerfile:6
--------------------
   4 |     ADD ./examples/ $WORKDIR/examples
   5 |     WORKDIR $WORKDIR
   6 | >>> RUN pip install git+https://github.com/toluaina/pgsync.git
   7 |     COPY ./docker/wait-for-it.sh wait-for-it.sh
   8 |     COPY ./docker/runserver.sh runserver.sh
--------------------
ERROR: failed to solve: process "/bin/sh -c pip install git+https://github.com/toluaina/pgsync.git" did not complete successfully: exit code: 1
Duration: 1:8.92