#0 building with "default" instance using docker driver

#1 [internal] load build definition from v1_Dockerfile
#1 transferring dockerfile:
#1 transferring dockerfile: 342B done
#1 ...

#2 [internal] load .dockerignore
#2 transferring context: 234B done
#2 DONE 0.5s

#1 [internal] load build definition from v1_Dockerfile
#1 DONE 0.6s

#3 [internal] load metadata for docker.io/library/python:3.9
#3 DONE 1.1s

#4 [internal] load build context
#4 DONE 0.0s

#5 [1/9] FROM docker.io/library/python:3.9@sha256:70dce00379744edb10d8c7ee8339bbf964dcbcadc1da862bdc59dc746513c04c
#5 resolve docker.io/library/python:3.9@sha256:70dce00379744edb10d8c7ee8339bbf964dcbcadc1da862bdc59dc746513c04c 0.1s done
#5 sha256:1a31a1694020fecdd5401eb998b939b9a5d9aacc9d56638308aa040a7e04420b 2.52kB / 2.52kB done
#5 sha256:c83186e947098d28b60a75d38fcb49830d8facbab7a61821c80522aa5cef0125 7.26kB / 7.26kB done
#5 sha256:70dce00379744edb10d8c7ee8339bbf964dcbcadc1da862bdc59dc746513c04c 10.35kB / 10.35kB done
#5 sha256:30b93c12a9c9326732b35d9e3ebe57148abe33f8fa6e25ab76867410b0ccf876 0B / 24.05MB 0.2s
#5 ...

#4 [internal] load build context
#4 transferring context: 139.05kB 0.0s done
#4 DONE 0.4s

#5 [1/9] FROM docker.io/library/python:3.9@sha256:70dce00379744edb10d8c7ee8339bbf964dcbcadc1da862bdc59dc746513c04c
#5 sha256:ca4e5d6727252f0dbc207fbf283cb95e278bf562bda42d35ce6c919583a110a0 0B / 49.55MB 0.3s
#5 sha256:30b93c12a9c9326732b35d9e3ebe57148abe33f8fa6e25ab76867410b0ccf876 8.39MB / 24.05MB 0.5s
#5 sha256:ca4e5d6727252f0dbc207fbf283cb95e278bf562bda42d35ce6c919583a110a0 6.29MB / 49.55MB 0.5s
#5 sha256:10d643a5fa823cd013a108b2076f4d2edf1b2a921f863b533e83ea5ed8d09bd4 0B / 64.14MB 0.5s
#5 sha256:30b93c12a9c9326732b35d9e3ebe57148abe33f8fa6e25ab76867410b0ccf876 13.63MB / 24.05MB 0.7s
#5 sha256:ca4e5d6727252f0dbc207fbf283cb95e278bf562bda42d35ce6c919583a110a0 13.63MB / 49.55MB 0.7s
#5 sha256:10d643a5fa823cd013a108b2076f4d2edf1b2a921f863b533e83ea5ed8d09bd4 10.49MB / 64.14MB 0.7s
#5 sha256:30b93c12a9c9326732b35d9e3ebe57148abe33f8fa6e25ab76867410b0ccf876 15.73MB / 24.05MB 0.8s
#5 sha256:ca4e5d6727252f0dbc207fbf283cb95e278bf562bda42d35ce6c919583a110a0 16.78MB / 49.55MB 0.8s
#5 sha256:10d643a5fa823cd013a108b2076f4d2edf1b2a921f863b533e83ea5ed8d09bd4 16.97MB / 64.14MB 0.8s
#5 sha256:30b93c12a9c9326732b35d9e3ebe57148abe33f8fa6e25ab76867410b0ccf876 23.07MB / 24.05MB 1.0s
#5 sha256:ca4e5d6727252f0dbc207fbf283cb95e278bf562bda42d35ce6c919583a110a0 27.26MB / 49.55MB 1.0s
#5 sha256:10d643a5fa823cd013a108b2076f4d2edf1b2a921f863b533e83ea5ed8d09bd4 23.07MB / 64.14MB 1.0s
#5 sha256:ca4e5d6727252f0dbc207fbf283cb95e278bf562bda42d35ce6c919583a110a0 35.65MB / 49.55MB 1.2s
#5 sha256:10d643a5fa823cd013a108b2076f4d2edf1b2a921f863b533e83ea5ed8d09bd4 36.70MB / 64.14MB 1.2s
#5 sha256:ca4e5d6727252f0dbc207fbf283cb95e278bf562bda42d35ce6c919583a110a0 46.14MB / 49.55MB 1.4s
#5 sha256:10d643a5fa823cd013a108b2076f4d2edf1b2a921f863b533e83ea5ed8d09bd4 48.23MB / 64.14MB 1.4s
#5 sha256:30b93c12a9c9326732b35d9e3ebe57148abe33f8fa6e25ab76867410b0ccf876 24.05MB / 24.05MB 1.4s done
#5 sha256:ca4e5d6727252f0dbc207fbf283cb95e278bf562bda42d35ce6c919583a110a0 49.55MB / 49.55MB 1.6s
#5 sha256:10d643a5fa823cd013a108b2076f4d2edf1b2a921f863b533e83ea5ed8d09bd4 64.13MB / 64.14MB 1.6s
#5 sha256:d6dc1019d7935fe82827434da11bf96cf14e24979f8155e73b794286f10b7f05 0B / 211.24MB 1.6s
#5 sha256:d6dc1019d7935fe82827434da11bf96cf14e24979f8155e73b794286f10b7f05 14.68MB / 211.24MB 1.8s
#5 sha256:d6dc1019d7935fe82827434da11bf96cf14e24979f8155e73b794286f10b7f05 45.09MB / 211.24MB 2.1s
#5 sha256:ca4e5d6727252f0dbc207fbf283cb95e278bf562bda42d35ce6c919583a110a0 49.55MB / 49.55MB 2.2s done
#5 sha256:d6dc1019d7935fe82827434da11bf96cf14e24979f8155e73b794286f10b7f05 62.91MB / 211.24MB 2.3s
#5 extracting sha256:ca4e5d6727252f0dbc207fbf283cb95e278bf562bda42d35ce6c919583a110a0 0.1s
#5 sha256:d6dc1019d7935fe82827434da11bf96cf14e24979f8155e73b794286f10b7f05 75.50MB / 211.24MB 2.5s
#5 sha256:d6dc1019d7935fe82827434da11bf96cf14e24979f8155e73b794286f10b7f05 88.08MB / 211.24MB 2.7s
#5 sha256:d6dc1019d7935fe82827434da11bf96cf14e24979f8155e73b794286f10b7f05 104.86MB / 211.24MB 2.9s
#5 sha256:d6dc1019d7935fe82827434da11bf96cf14e24979f8155e73b794286f10b7f05 117.44MB / 211.24MB 3.1s
#5 sha256:10d643a5fa823cd013a108b2076f4d2edf1b2a921f863b533e83ea5ed8d09bd4 64.14MB / 64.14MB 3.3s done
#5 sha256:d6dc1019d7935fe82827434da11bf96cf14e24979f8155e73b794286f10b7f05 130.02MB / 211.24MB 3.3s
#5 sha256:c387064957b7c6410118524b9ea38586f5c8a9977652336787ca17993d2932c6 0B / 6.16MB 3.4s
#5 sha256:d6dc1019d7935fe82827434da11bf96cf14e24979f8155e73b794286f10b7f05 144.70MB / 211.24MB 3.5s
#5 sha256:26766ebde4817068b187ab3f6f8d0c6989bc685d0deddc34c0e36731c7cfe317 0B / 15.82MB 3.5s
#5 sha256:c387064957b7c6410118524b9ea38586f5c8a9977652336787ca17993d2932c6 6.16MB / 6.16MB 3.7s
#5 sha256:26766ebde4817068b187ab3f6f8d0c6989bc685d0deddc34c0e36731c7cfe317 3.15MB / 15.82MB 3.7s
#5 sha256:d6dc1019d7935fe82827434da11bf96cf14e24979f8155e73b794286f10b7f05 159.38MB / 211.24MB 3.8s
#5 sha256:c387064957b7c6410118524b9ea38586f5c8a9977652336787ca17993d2932c6 6.16MB / 6.16MB 3.8s done
#5 sha256:26766ebde4817068b187ab3f6f8d0c6989bc685d0deddc34c0e36731c7cfe317 5.48MB / 15.82MB 3.8s
#5 sha256:26766ebde4817068b187ab3f6f8d0c6989bc685d0deddc34c0e36731c7cfe317 9.44MB / 15.82MB 3.9s
#5 sha256:8a42d17fd0e28f72659a82ca54de4b3820cdbedf4fb3b5e2a802701386abcee9 0B / 232B 3.9s
#5 sha256:26766ebde4817068b187ab3f6f8d0c6989bc685d0deddc34c0e36731c7cfe317 15.82MB / 15.82MB 4.1s
#5 sha256:8a42d17fd0e28f72659a82ca54de4b3820cdbedf4fb3b5e2a802701386abcee9 232B / 232B 4.0s done
#5 sha256:79eda865cc8a5f78a43ee16910c4d7f4d63957fbf913a0d7059ce99f4b69bb26 0B / 2.70MB 4.1s
#5 sha256:79eda865cc8a5f78a43ee16910c4d7f4d63957fbf913a0d7059ce99f4b69bb26 2.10MB / 2.70MB 4.2s
#5 sha256:d6dc1019d7935fe82827434da11bf96cf14e24979f8155e73b794286f10b7f05 178.26MB / 211.24MB 4.4s
#5 sha256:79eda865cc8a5f78a43ee16910c4d7f4d63957fbf913a0d7059ce99f4b69bb26 2.70MB / 2.70MB 4.4s
#5 sha256:d6dc1019d7935fe82827434da11bf96cf14e24979f8155e73b794286f10b7f05 193.99MB / 211.24MB 4.8s
#5 sha256:d6dc1019d7935fe82827434da11bf96cf14e24979f8155e73b794286f10b7f05 211.24MB / 211.24MB 5.1s
#5 sha256:26766ebde4817068b187ab3f6f8d0c6989bc685d0deddc34c0e36731c7cfe317 15.82MB / 15.82MB 5.4s done
#5 sha256:79eda865cc8a5f78a43ee16910c4d7f4d63957fbf913a0d7059ce99f4b69bb26 2.70MB / 2.70MB 5.6s done
#5 extracting sha256:ca4e5d6727252f0dbc207fbf283cb95e278bf562bda42d35ce6c919583a110a0 4.0s done
#5 sha256:d6dc1019d7935fe82827434da11bf96cf14e24979f8155e73b794286f10b7f05 211.24MB / 211.24MB 8.9s done
#5 extracting sha256:30b93c12a9c9326732b35d9e3ebe57148abe33f8fa6e25ab76867410b0ccf876
#5 extracting sha256:30b93c12a9c9326732b35d9e3ebe57148abe33f8fa6e25ab76867410b0ccf876 1.1s done
#5 extracting sha256:10d643a5fa823cd013a108b2076f4d2edf1b2a921f863b533e83ea5ed8d09bd4
#5 extracting sha256:10d643a5fa823cd013a108b2076f4d2edf1b2a921f863b533e83ea5ed8d09bd4 4.0s done
#5 extracting sha256:d6dc1019d7935fe82827434da11bf96cf14e24979f8155e73b794286f10b7f05
#5 extracting sha256:d6dc1019d7935fe82827434da11bf96cf14e24979f8155e73b794286f10b7f05 5.0s
#5 extracting sha256:d6dc1019d7935fe82827434da11bf96cf14e24979f8155e73b794286f10b7f05 10.1s
#5 extracting sha256:d6dc1019d7935fe82827434da11bf96cf14e24979f8155e73b794286f10b7f05 12.1s done
#5 extracting sha256:c387064957b7c6410118524b9ea38586f5c8a9977652336787ca17993d2932c6
#5 extracting sha256:c387064957b7c6410118524b9ea38586f5c8a9977652336787ca17993d2932c6 0.4s done
#5 extracting sha256:26766ebde4817068b187ab3f6f8d0c6989bc685d0deddc34c0e36731c7cfe317
#5 extracting sha256:26766ebde4817068b187ab3f6f8d0c6989bc685d0deddc34c0e36731c7cfe317 0.9s done
#5 extracting sha256:8a42d17fd0e28f72659a82ca54de4b3820cdbedf4fb3b5e2a802701386abcee9
#5 extracting sha256:8a42d17fd0e28f72659a82ca54de4b3820cdbedf4fb3b5e2a802701386abcee9 done
#5 extracting sha256:79eda865cc8a5f78a43ee16910c4d7f4d63957fbf913a0d7059ce99f4b69bb26
#5 extracting sha256:79eda865cc8a5f78a43ee16910c4d7f4d63957fbf913a0d7059ce99f4b69bb26 0.3s done
#5 DONE 32.9s

#6 [2/9] RUN mkdir /code
#6 DONE 24.9s

#7 [3/9] ADD ./examples/ /code/examples
#7 DONE 0.5s

#8 [4/9] WORKDIR /code
#8 DONE 0.4s

#9 [5/9] RUN pip install git+https://github.com/toluaina/pgsync.git
#9 2.895 Collecting git+https://github.com/toluaina/pgsync.git
#9 2.896   Cloning https://github.com/toluaina/pgsync.git to /tmp/pip-req-build-9c4hfg9g
#9 2.902   Running command git clone --filter=blob:none --quiet https://github.com/toluaina/pgsync.git /tmp/pip-req-build-9c4hfg9g
#9 4.431   Resolved https://github.com/toluaina/pgsync.git to commit 800073967eb03a33d8a3d4902f9df8ebc836d96e
#9 4.443   Installing build dependencies: started
#9 7.966   Installing build dependencies: finished with status 'done'
#9 7.968   Getting requirements to build wheel: started
#9 8.237   Getting requirements to build wheel: finished with status 'done'
#9 8.242   Installing backend dependencies: started
#9 9.212   Installing backend dependencies: finished with status 'done'
#9 9.214   Preparing metadata (pyproject.toml): started
#9 9.551   Preparing metadata (pyproject.toml): finished with status 'done'
#9 9.806 Collecting redis==5.0.7
#9 9.873   Downloading redis-5.0.7-py3-none-any.whl (252 kB)
#9 9.935      ━━━━━━━━━━━━━━━━━━━━━━━━━━━━━━━━━━━━━━━ 252.1/252.1 kB 4.3 MB/s eta 0:00:00
#9 11.31 Collecting botocore==1.34.142
#9 11.32   Downloading botocore-1.34.142-py3-none-any.whl (12.4 MB)
#9 11.88      ━━━━━━━━━━━━━━━━━━━━━━━━━━━━━━━━━━━━━━━━ 12.4/12.4 MB 23.1 MB/s eta 0:00:00
#9 12.07 Collecting s3transfer==0.10.2
#9 12.08   Downloading s3transfer-0.10.2-py3-none-any.whl (82 kB)
#9 12.10      ━━━━━━━━━━━━━━━━━━━━━━━━━━━━━━━━━━━━━━━━ 82.7/82.7 kB 4.4 MB/s eta 0:00:00
#9 12.18 Collecting typing-extensions==4.12.2
#9 12.18   Downloading typing_extensions-4.12.2-py3-none-any.whl (37 kB)
#9 12.27 Collecting elasticsearch-dsl==8.14.0
#9 12.28   Downloading elasticsearch_dsl-8.14.0-py3-none-any.whl (92 kB)
#9 12.31      ━━━━━━━━━━━━━━━━━━━━━━━━━━━━━━━━━━━━━━━━ 92.3/92.3 kB 3.3 MB/s eta 0:00:00
#9 12.38 Collecting certifi==2024.7.4
#9 12.39   Downloading certifi-2024.7.4-py3-none-any.whl (162 kB)
#9 12.41      ━━━━━━━━━━━━━━━━━━━━━━━━━━━━━━━━━━━━━━━ 163.0/163.0 kB 7.7 MB/s eta 0:00:00
#9 12.46 Collecting events==0.5
#9 12.47   Downloading Events-0.5-py3-none-any.whl (6.8 kB)
#9 12.54 Collecting opensearch-py==2.6.0
#9 12.55   Downloading opensearch_py-2.6.0-py2.py3-none-any.whl (311 kB)
#9 12.59      ━━━━━━━━━━━━━━━━━━━━━━━━━━━━━━━━━━━━━━ 311.2/311.2 kB 10.1 MB/s eta 0:00:00
#9 12.66 Collecting python-dotenv==1.0.1
#9 12.67   Downloading python_dotenv-1.0.1-py3-none-any.whl (19 kB)
#9 12.85 Collecting elasticsearch==8.14.0
#9 12.87   Downloading elasticsearch-8.14.0-py3-none-any.whl (480 kB)
#9 12.91      ━━━━━━━━━━━━━━━━━━━━━━━━━━━━━━━━━━━━━━ 480.2/480.2 kB 12.7 MB/s eta 0:00:00
#9 13.03 Collecting urllib3==1.26.19
#9 13.04   Downloading urllib3-1.26.19-py2.py3-none-any.whl (143 kB)
#9 13.07      ━━━━━━━━━━━━━━━━━━━━━━━━━━━━━━━━━━━━━━━ 143.9/143.9 kB 6.5 MB/s eta 0:00:00
#9 14.32 Collecting sqlalchemy==2.0.31
#9 14.33   Downloading SQLAlchemy-2.0.31-cp39-cp39-manylinux_2_17_x86_64.manylinux2014_x86_64.whl (3.1 MB)
#9 14.46      ━━━━━━━━━━━━━━━━━━━━━━━━━━━━━━━━━━━━━━━━ 3.1/3.1 MB 24.5 MB/s eta 0:00:00
#9 14.54 Collecting python-dateutil==2.9.0.post0
#9 14.55   Downloading python_dateutil-2.9.0.post0-py2.py3-none-any.whl (229 kB)
#9 14.58      ━━━━━━━━━━━━━━━━━━━━━━━━━━━━━━━━━━━━━━ 229.9/229.9 kB 11.1 MB/s eta 0:00:00
#9 14.72 Collecting marshmallow==3.21.3
#9 14.73   Downloading marshmallow-3.21.3-py3-none-any.whl (49 kB)
#9 14.75      ━━━━━━━━━━━━━━━━━━━━━━━━━━━━━━━━━━━━━━━━ 49.2/49.2 kB 2.3 MB/s eta 0:00:00
#9 15.06 Collecting psycopg2-binary==2.9.9
#9 15.08   Downloading psycopg2_binary-2.9.9-cp39-cp39-manylinux_2_17_x86_64.manylinux2014_x86_64.whl (3.0 MB)
#9 15.20      ━━━━━━━━━━━━━━━━━━━━━━━━━━━━━━━━━━━━━━━━ 3.0/3.0 MB 26.6 MB/s eta 0:00:00
#9 15.28 Collecting elastic-transport==8.13.1
#9 15.29   Downloading elastic_transport-8.13.1-py3-none-any.whl (64 kB)
#9 15.32      ━━━━━━━━━━━━━━━━━━━━━━━━━━━━━━━━━━━━━━━━ 64.5/64.5 kB 2.6 MB/s eta 0:00:00
#9 15.37 Collecting requests-aws4auth==1.2.3
#9 15.38   Downloading requests_aws4auth-1.2.3-py2.py3-none-any.whl (24 kB)
#9 15.47 Collecting click==8.1.7
#9 15.48   Downloading click-8.1.7-py3-none-any.whl (97 kB)
#9 15.51      ━━━━━━━━━━━━━━━━━━━━━━━━━━━━━━━━━━━━━━━━ 97.9/97.9 kB 3.2 MB/s eta 0:00:00
#9 15.56 Collecting opensearch-dsl==2.1.0
#9 15.57   Downloading opensearch_dsl-2.1.0-py2.py3-none-any.whl (63 kB)
#9 15.60      ━━━━━━━━━━━━━━━━━━━━━━━━━━━━━━━━━━━━━━━━ 63.8/63.8 kB 2.4 MB/s eta 0:00:00
#9 15.65 Collecting sqlparse==0.5.0
#9 15.66   Downloading sqlparse-0.5.0-py3-none-any.whl (43 kB)
#9 15.69      ━━━━━━━━━━━━━━━━━━━━━━━━━━━━━━━━━━━━━━━━ 44.0/44.0 kB 1.6 MB/s eta 0:00:00
#9 16.26 Collecting greenlet==3.0.3
#9 16.27   Downloading greenlet-3.0.3-cp39-cp39-manylinux_2_24_x86_64.manylinux_2_28_x86_64.whl (614 kB)
#9 16.31      ━━━━━━━━━━━━━━━━━━━━━━━━━━━━━━━━━━━━━━ 614.3/614.3 kB 14.4 MB/s eta 0:00:00
#9 16.61 Collecting charset-normalizer==3.3.2
#9 16.62   Downloading charset_normalizer-3.3.2-cp39-cp39-manylinux_2_17_x86_64.manylinux2014_x86_64.whl (142 kB)
#9 16.66      ━━━━━━━━━━━━━━━━━━━━━━━━━━━━━━━━━━━━━━━ 142.3/142.3 kB 4.6 MB/s eta 0:00:00
#9 16.71 Collecting async-timeout==4.0.3
#9 16.72   Downloading async_timeout-4.0.3-py3-none-any.whl (5.7 kB)
#9 16.82 Collecting environs==11.0.0
#9 16.83   Downloading environs-11.0.0-py3-none-any.whl (12 kB)
#9 16.90 Collecting idna==3.7
#9 16.91   Downloading idna-3.7-py3-none-any.whl (66 kB)
#9 16.93      ━━━━━━━━━━━━━━━━━━━━━━━━━━━━━━━━━━━━━━━━ 66.8/66.8 kB 2.7 MB/s eta 0:00:00
#9 17.01 Collecting packaging==24.1
#9 17.02   Downloading packaging-24.1-py3-none-any.whl (53 kB)
#9 17.05      ━━━━━━━━━━━━━━━━━━━━━━━━━━━━━━━━━━━━━━━━ 54.0/54.0 kB 1.8 MB/s eta 0:00:00
#9 17.11 Collecting six==1.16.0
#9 17.12   Downloading six-1.16.0-py2.py3-none-any.whl (11 kB)
#9 17.18 Collecting jmespath==1.0.1
#9 17.19   Downloading jmespath-1.0.1-py3-none-any.whl (20 kB)
#9 17.31 Collecting requests==2.32.3
#9 17.32   Downloading requests-2.32.3-py3-none-any.whl (64 kB)
#9 17.34      ━━━━━━━━━━━━━━━━━━━━━━━━━━━━━━━━━━━━━━━━ 64.9/64.9 kB 3.0 MB/s eta 0:00:00
#9 18.55 Collecting boto3==1.34.142
#9 18.56   Downloading boto3-1.34.142-py3-none-any.whl (139 kB)
#9 18.59      ━━━━━━━━━━━━━━━━━━━━━━━━━━━━━━━━━━━━━━━ 139.2/139.2 kB 5.0 MB/s eta 0:00:00
#9 20.03 Building wheels for collected packages: pgsync
#9 20.04   Building wheel for pgsync (pyproject.toml): started
#9 20.43   Building wheel for pgsync (pyproject.toml): finished with status 'done'
#9 20.44   Created wheel for pgsync: filename=pgsync-3.2.0-py3-none-any.whl size=60638 sha256=cfd9f9280e71fefe3664a3955dfc08c1aba5881a01f47a7af9506e992990b2c4
#9 20.44   Stored in directory: /tmp/pip-ephem-wheel-cache-8je5gbyz/wheels/2c/9d/8a/987d5ad013e15f70dbd642fea2a72b60217fa6bf6168c5e22b
#9 20.44 Successfully built pgsync
#9 20.85 Installing collected packages: events, urllib3, typing-extensions, sqlparse, six, python-dotenv, psycopg2-binary, packaging, jmespath, idna, greenlet, click, charset-normalizer, certifi, async-timeout, sqlalchemy, requests, redis, python-dateutil, marshmallow, elastic-transport, requests-aws4auth, opensearch-py, environs, elasticsearch, botocore, s3transfer, opensearch-dsl, elasticsearch-dsl, boto3, pgsync
#9 29.02 Successfully installed async-timeout-4.0.3 boto3-1.34.142 botocore-1.34.142 certifi-2024.7.4 charset-normalizer-3.3.2 click-8.1.7 elastic-transport-8.13.1 elasticsearch-8.14.0 elasticsearch-dsl-8.14.0 environs-11.0.0 events-0.5 greenlet-3.0.3 idna-3.7 jmespath-1.0.1 marshmallow-3.21.3 opensearch-dsl-2.1.0 opensearch-py-2.6.0 packaging-24.1 pgsync-3.2.0 psycopg2-binary-2.9.9 python-dateutil-2.9.0.post0 python-dotenv-1.0.1 redis-5.0.7 requests-2.32.3 requests-aws4auth-1.2.3 s3transfer-0.10.2 six-1.16.0 sqlalchemy-2.0.31 sqlparse-0.5.0 typing-extensions-4.12.2 urllib3-1.26.19
#9 29.02 WARNING: Running pip as the 'root' user can result in broken permissions and conflicting behaviour with the system package manager. It is recommended to use a virtual environment instead: https://pip.pypa.io/warnings/venv
#9 29.03 
#9 29.03 [notice] A new release of pip is available: 23.0.1 -> 24.2
#9 29.03 [notice] To update, run: pip install --upgrade pip
#9 DONE 31.6s

#10 [6/9] COPY ./docker/wait-for-it.sh wait-for-it.sh
#10 DONE 0.4s

#11 [7/9] COPY ./docker/runserver.sh runserver.sh
#11 DONE 0.4s

#12 [8/9] RUN chmod +x wait-for-it.sh
#12 DONE 0.8s

#13 [9/9] RUN chmod +x runserver.sh
#13 DONE 1.0s

#14 exporting to image
#14 exporting layers
#14 exporting layers 2.1s done
#14 writing image sha256:61a24663cf076a605c9ed399367f49540dc8925088f6a521adb31adde07204f5 0.0s done
#14 naming to docker.io/library/image_name_v1_1 0.0s done
#14 DONE 2.1s
Duration: 1:37.81