#0 building with "default" instance using docker driver

#1 [internal] load .dockerignore
#1 transferring context: 2B 0.0s done
#1 DONE 0.5s

#2 [internal] load build definition from Dockerfile
#2 transferring dockerfile: 594B 0.0s done
#2 DONE 0.5s

#3 [internal] load metadata for docker.io/library/node:carbon
#3 DONE 1.2s

#4 [1/7] FROM docker.io/library/node:carbon@sha256:a681bf74805b80d03eb21a6c0ef168a976108a287a74167ab593fc953aac34df
#4 resolve docker.io/library/node:carbon@sha256:a681bf74805b80d03eb21a6c0ef168a976108a287a74167ab593fc953aac34df
#4 resolve docker.io/library/node:carbon@sha256:a681bf74805b80d03eb21a6c0ef168a976108a287a74167ab593fc953aac34df 0.6s done
#4 sha256:ee25271e00572cb09d095f6b35880a284eac570c17452644bc67fd1d8dc7f9f7 2.21kB / 2.21kB done
#4 sha256:a681bf74805b80d03eb21a6c0ef168a976108a287a74167ab593fc953aac34df 1.42kB / 1.42kB done
#4 sha256:8eeadf3757f41ffbde6fbb4bbbe14f9f5b9ce33cc1aa88bb5c0b4d6e9467509d 7.76kB / 7.76kB done
#4 sha256:146bd6a886182fde06fbf747470b1c89814bc8ab1c96fdf1aef6107171959fe6 0B / 45.38MB 0.5s
#4 sha256:146bd6a886182fde06fbf747470b1c89814bc8ab1c96fdf1aef6107171959fe6 5.24MB / 45.38MB 0.6s
#4 sha256:146bd6a886182fde06fbf747470b1c89814bc8ab1c96fdf1aef6107171959fe6 16.78MB / 45.38MB 0.8s
#4 sha256:9935d0c62ace92b388be202275e222007d6cac10b9c1f2c1ea63af38c09ea7ab 0B / 10.80MB 0.8s
#4 sha256:146bd6a886182fde06fbf747470b1c89814bc8ab1c96fdf1aef6107171959fe6 23.07MB / 45.38MB 0.9s
#4 sha256:db0efb86e80601b5bbdbb7c406426982c4202d339687c14c3941b364527e2249 0B / 4.34MB 0.9s
#4 sha256:146bd6a886182fde06fbf747470b1c89814bc8ab1c96fdf1aef6107171959fe6 28.31MB / 45.38MB 1.0s
#4 sha256:146bd6a886182fde06fbf747470b1c89814bc8ab1c96fdf1aef6107171959fe6 33.55MB / 45.38MB 1.1s
#4 sha256:9935d0c62ace92b388be202275e222007d6cac10b9c1f2c1ea63af38c09ea7ab 757.76kB / 10.80MB 1.1s
#4 sha256:146bd6a886182fde06fbf747470b1c89814bc8ab1c96fdf1aef6107171959fe6 37.75MB / 45.38MB 1.2s
#4 sha256:9935d0c62ace92b388be202275e222007d6cac10b9c1f2c1ea63af38c09ea7ab 3.15MB / 10.80MB 1.2s
#4 sha256:146bd6a886182fde06fbf747470b1c89814bc8ab1c96fdf1aef6107171959fe6 41.94MB / 45.38MB 1.3s
#4 sha256:9935d0c62ace92b388be202275e222007d6cac10b9c1f2c1ea63af38c09ea7ab 6.29MB / 10.80MB 1.3s
#4 sha256:db0efb86e80601b5bbdbb7c406426982c4202d339687c14c3941b364527e2249 1.76MB / 4.34MB 1.3s
#4 sha256:146bd6a886182fde06fbf747470b1c89814bc8ab1c96fdf1aef6107171959fe6 45.38MB / 45.38MB 1.5s
#4 sha256:9935d0c62ace92b388be202275e222007d6cac10b9c1f2c1ea63af38c09ea7ab 10.80MB / 10.80MB 1.5s
#4 sha256:db0efb86e80601b5bbdbb7c406426982c4202d339687c14c3941b364527e2249 4.34MB / 4.34MB 1.5s
#4 ...

#5 [internal] load build context
#5 transferring context: 10.24MB 2.0s done
#5 DONE 2.4s

#4 [1/7] FROM docker.io/library/node:carbon@sha256:a681bf74805b80d03eb21a6c0ef168a976108a287a74167ab593fc953aac34df
#4 sha256:db0efb86e80601b5bbdbb7c406426982c4202d339687c14c3941b364527e2249 4.34MB / 4.34MB 1.5s done
#4 sha256:e705a4c4fd310b96bfb3d7928428e65f0d3f5bad0cd0bda1434aee1d89418468 0B / 50.07MB 1.7s
#4 sha256:e705a4c4fd310b96bfb3d7928428e65f0d3f5bad0cd0bda1434aee1d89418468 8.39MB / 50.07MB 2.0s
#4 sha256:e705a4c4fd310b96bfb3d7928428e65f0d3f5bad0cd0bda1434aee1d89418468 12.58MB / 50.07MB 2.1s
#4 sha256:e705a4c4fd310b96bfb3d7928428e65f0d3f5bad0cd0bda1434aee1d89418468 18.87MB / 50.07MB 2.3s
#4 sha256:146bd6a886182fde06fbf747470b1c89814bc8ab1c96fdf1aef6107171959fe6 45.38MB / 45.38MB 2.2s done
#4 sha256:e705a4c4fd310b96bfb3d7928428e65f0d3f5bad0cd0bda1434aee1d89418468 27.26MB / 50.07MB 2.5s
#4 sha256:9935d0c62ace92b388be202275e222007d6cac10b9c1f2c1ea63af38c09ea7ab 10.80MB / 10.80MB 2.5s done
#4 sha256:e705a4c4fd310b96bfb3d7928428e65f0d3f5bad0cd0bda1434aee1d89418468 31.46MB / 50.07MB 2.6s
#4 sha256:645c20ec82147f2bdc182280ac02b60687cfac33c4231059051bbdcf60e31035 0B / 4.16kB 2.6s
#4 sha256:e705a4c4fd310b96bfb3d7928428e65f0d3f5bad0cd0bda1434aee1d89418468 35.65MB / 50.07MB 2.7s
#4 sha256:c877b722db6f4d4297c21f07162d21fa6ac6f51d03360f75e24cfa3bcaefe57d 0B / 214.84MB 2.7s
#4 sha256:e705a4c4fd310b96bfb3d7928428e65f0d3f5bad0cd0bda1434aee1d89418468 39.85MB / 50.07MB 2.8s
#4 sha256:645c20ec82147f2bdc182280ac02b60687cfac33c4231059051bbdcf60e31035 4.16kB / 4.16kB 2.7s done
#4 extracting sha256:146bd6a886182fde06fbf747470b1c89814bc8ab1c96fdf1aef6107171959fe6
#4 sha256:e705a4c4fd310b96bfb3d7928428e65f0d3f5bad0cd0bda1434aee1d89418468 45.09MB / 50.07MB 3.0s
#4 sha256:db8fbd9db2fe6382804432552a60f85b0e292cdb34b8a5c751c4a3061f68df29 2.10MB / 19.40MB 3.0s
#4 sha256:e705a4c4fd310b96bfb3d7928428e65f0d3f5bad0cd0bda1434aee1d89418468 49.28MB / 50.07MB 3.1s
#4 sha256:c877b722db6f4d4297c21f07162d21fa6ac6f51d03360f75e24cfa3bcaefe57d 12.58MB / 214.84MB 3.1s
#4 sha256:db8fbd9db2fe6382804432552a60f85b0e292cdb34b8a5c751c4a3061f68df29 4.19MB / 19.40MB 3.1s
#4 sha256:db8fbd9db2fe6382804432552a60f85b0e292cdb34b8a5c751c4a3061f68df29 7.34MB / 19.40MB 3.2s
#4 sha256:c877b722db6f4d4297c21f07162d21fa6ac6f51d03360f75e24cfa3bcaefe57d 26.21MB / 214.84MB 3.4s
#4 sha256:db8fbd9db2fe6382804432552a60f85b0e292cdb34b8a5c751c4a3061f68df29 11.53MB / 19.40MB 3.4s
#4 sha256:db8fbd9db2fe6382804432552a60f85b0e292cdb34b8a5c751c4a3061f68df29 15.73MB / 19.40MB 3.6s
#4 sha256:c877b722db6f4d4297c21f07162d21fa6ac6f51d03360f75e24cfa3bcaefe57d 41.94MB / 214.84MB 3.7s
#4 sha256:db8fbd9db2fe6382804432552a60f85b0e292cdb34b8a5c751c4a3061f68df29 19.40MB / 19.40MB 3.7s
#4 sha256:e705a4c4fd310b96bfb3d7928428e65f0d3f5bad0cd0bda1434aee1d89418468 50.07MB / 50.07MB 3.9s done
#4 sha256:c877b722db6f4d4297c21f07162d21fa6ac6f51d03360f75e24cfa3bcaefe57d 58.72MB / 214.84MB 4.0s
#4 sha256:1c151cd1b3eabced84742529489b3c8c344181b4cbcdcfccdb1f4a7c7d0239ec 0B / 1.40MB 4.0s
#4 sha256:c877b722db6f4d4297c21f07162d21fa6ac6f51d03360f75e24cfa3bcaefe57d 70.25MB / 214.84MB 4.2s
#4 sha256:1c151cd1b3eabced84742529489b3c8c344181b4cbcdcfccdb1f4a7c7d0239ec 1.40MB / 1.40MB 4.2s
#4 sha256:db8fbd9db2fe6382804432552a60f85b0e292cdb34b8a5c751c4a3061f68df29 19.40MB / 19.40MB 4.3s done
#4 sha256:c877b722db6f4d4297c21f07162d21fa6ac6f51d03360f75e24cfa3bcaefe57d 91.23MB / 214.84MB 4.6s
#4 sha256:1c151cd1b3eabced84742529489b3c8c344181b4cbcdcfccdb1f4a7c7d0239ec 1.40MB / 1.40MB 4.4s done
#4 sha256:fbd993995f407f3681fc8399ae67c04bba8e15c7f754b1af8b37f50b35f4a11e 292B / 292B 4.5s done
#4 sha256:c877b722db6f4d4297c21f07162d21fa6ac6f51d03360f75e24cfa3bcaefe57d 104.86MB / 214.84MB 4.9s
#4 sha256:c877b722db6f4d4297c21f07162d21fa6ac6f51d03360f75e24cfa3bcaefe57d 118.49MB / 214.84MB 5.1s
#4 sha256:c877b722db6f4d4297c21f07162d21fa6ac6f51d03360f75e24cfa3bcaefe57d 132.12MB / 214.84MB 5.4s
#4 sha256:c877b722db6f4d4297c21f07162d21fa6ac6f51d03360f75e24cfa3bcaefe57d 146.80MB / 214.84MB 5.9s
#4 sha256:c877b722db6f4d4297c21f07162d21fa6ac6f51d03360f75e24cfa3bcaefe57d 160.43MB / 214.84MB 6.3s
#4 sha256:c877b722db6f4d4297c21f07162d21fa6ac6f51d03360f75e24cfa3bcaefe57d 174.06MB / 214.84MB 6.7s
#4 sha256:c877b722db6f4d4297c21f07162d21fa6ac6f51d03360f75e24cfa3bcaefe57d 188.74MB / 214.84MB 7.0s
#4 sha256:c877b722db6f4d4297c21f07162d21fa6ac6f51d03360f75e24cfa3bcaefe57d 206.57MB / 214.84MB 7.3s
#4 extracting sha256:146bd6a886182fde06fbf747470b1c89814bc8ab1c96fdf1aef6107171959fe6 7.0s
#4 sha256:c877b722db6f4d4297c21f07162d21fa6ac6f51d03360f75e24cfa3bcaefe57d 214.84MB / 214.84MB 11.6s done
#4 extracting sha256:146bd6a886182fde06fbf747470b1c89814bc8ab1c96fdf1aef6107171959fe6 10.0s done
#4 extracting sha256:9935d0c62ace92b388be202275e222007d6cac10b9c1f2c1ea63af38c09ea7ab
#4 extracting sha256:9935d0c62ace92b388be202275e222007d6cac10b9c1f2c1ea63af38c09ea7ab 1.2s done
#4 extracting sha256:db0efb86e80601b5bbdbb7c406426982c4202d339687c14c3941b364527e2249
#4 extracting sha256:db0efb86e80601b5bbdbb7c406426982c4202d339687c14c3941b364527e2249 0.9s done
#4 extracting sha256:e705a4c4fd310b96bfb3d7928428e65f0d3f5bad0cd0bda1434aee1d89418468
#4 extracting sha256:e705a4c4fd310b96bfb3d7928428e65f0d3f5bad0cd0bda1434aee1d89418468 5.1s
#4 extracting sha256:e705a4c4fd310b96bfb3d7928428e65f0d3f5bad0cd0bda1434aee1d89418468 8.5s done
#4 extracting sha256:c877b722db6f4d4297c21f07162d21fa6ac6f51d03360f75e24cfa3bcaefe57d
#4 extracting sha256:c877b722db6f4d4297c21f07162d21fa6ac6f51d03360f75e24cfa3bcaefe57d 5.1s
#4 extracting sha256:c877b722db6f4d4297c21f07162d21fa6ac6f51d03360f75e24cfa3bcaefe57d 10.2s
#4 extracting sha256:c877b722db6f4d4297c21f07162d21fa6ac6f51d03360f75e24cfa3bcaefe57d 15.3s
#4 extracting sha256:c877b722db6f4d4297c21f07162d21fa6ac6f51d03360f75e24cfa3bcaefe57d 20.3s
#4 extracting sha256:c877b722db6f4d4297c21f07162d21fa6ac6f51d03360f75e24cfa3bcaefe57d 25.4s
#4 extracting sha256:c877b722db6f4d4297c21f07162d21fa6ac6f51d03360f75e24cfa3bcaefe57d 29.9s done
#4 extracting sha256:645c20ec82147f2bdc182280ac02b60687cfac33c4231059051bbdcf60e31035
#4 extracting sha256:645c20ec82147f2bdc182280ac02b60687cfac33c4231059051bbdcf60e31035 0.4s done
#4 extracting sha256:db8fbd9db2fe6382804432552a60f85b0e292cdb34b8a5c751c4a3061f68df29
#4 extracting sha256:db8fbd9db2fe6382804432552a60f85b0e292cdb34b8a5c751c4a3061f68df29 3.9s done
#4 extracting sha256:1c151cd1b3eabced84742529489b3c8c344181b4cbcdcfccdb1f4a7c7d0239ec
#4 extracting sha256:1c151cd1b3eabced84742529489b3c8c344181b4cbcdcfccdb1f4a7c7d0239ec 0.5s done
#4 extracting sha256:fbd993995f407f3681fc8399ae67c04bba8e15c7f754b1af8b37f50b35f4a11e done
#4 DONE 65.2s

#6 [2/7] WORKDIR /usr/src/app
#6 DONE 19.9s

#7 [3/7] COPY src/package*.json ./
#7 DONE 0.4s

#8 [4/7] RUN apt-get update && apt-get install -y mysql-client default-libmysqlclient-dev mysql-common
#8 1.726 Ign:1 http://deb.debian.org/debian stretch InRelease
#8 1.726 Ign:2 http://security.debian.org/debian-security stretch/updates InRelease
#8 1.733 Ign:3 http://deb.debian.org/debian stretch-updates InRelease
#8 1.745 Ign:4 http://security.debian.org/debian-security stretch/updates Release
#8 1.757 Ign:5 http://deb.debian.org/debian stretch Release
#8 1.767 Ign:6 http://security.debian.org/debian-security stretch/updates/main all Packages
#8 1.779 Ign:7 http://deb.debian.org/debian stretch-updates Release
#8 1.797 Ign:8 http://deb.debian.org/debian stretch/main all Packages
#8 1.814 Ign:9 http://deb.debian.org/debian stretch/main amd64 Packages
#8 1.830 Ign:10 http://deb.debian.org/debian stretch-updates/main all Packages
#8 1.846 Ign:11 http://deb.debian.org/debian stretch-updates/main amd64 Packages
#8 1.858 Ign:8 http://deb.debian.org/debian stretch/main all Packages
#8 1.868 Ign:9 http://deb.debian.org/debian stretch/main amd64 Packages
#8 1.878 Ign:10 http://deb.debian.org/debian stretch-updates/main all Packages
#8 1.888 Ign:11 http://deb.debian.org/debian stretch-updates/main amd64 Packages
#8 1.899 Ign:8 http://deb.debian.org/debian stretch/main all Packages
#8 1.910 Ign:9 http://deb.debian.org/debian stretch/main amd64 Packages
#8 1.920 Ign:10 http://deb.debian.org/debian stretch-updates/main all Packages
#8 1.930 Ign:11 http://deb.debian.org/debian stretch-updates/main amd64 Packages
#8 1.948 Ign:8 http://deb.debian.org/debian stretch/main all Packages
#8 1.952 Ign:12 http://security.debian.org/debian-security stretch/updates/main amd64 Packages
#8 1.958 Ign:9 http://deb.debian.org/debian stretch/main amd64 Packages
#8 1.964 Ign:6 http://security.debian.org/debian-security stretch/updates/main all Packages
#8 1.967 Ign:10 http://deb.debian.org/debian stretch-updates/main all Packages
#8 1.978 Ign:11 http://deb.debian.org/debian stretch-updates/main amd64 Packages
#8 1.989 Ign:8 http://deb.debian.org/debian stretch/main all Packages
#8 1.999 Ign:9 http://deb.debian.org/debian stretch/main amd64 Packages
#8 2.009 Ign:10 http://deb.debian.org/debian stretch-updates/main all Packages
#8 2.018 Ign:11 http://deb.debian.org/debian stretch-updates/main amd64 Packages
#8 2.029 Ign:8 http://deb.debian.org/debian stretch/main all Packages
#8 2.051 Err:9 http://deb.debian.org/debian stretch/main amd64 Packages
#8 2.051   404  Not Found
#8 2.070 Ign:10 http://deb.debian.org/debian stretch-updates/main all Packages
#8 2.079 Err:11 http://deb.debian.org/debian stretch-updates/main amd64 Packages
#8 2.079   404  Not Found
#8 2.151 Ign:12 http://security.debian.org/debian-security stretch/updates/main amd64 Packages
#8 2.168 Ign:6 http://security.debian.org/debian-security stretch/updates/main all Packages
#8 2.356 Ign:12 http://security.debian.org/debian-security stretch/updates/main amd64 Packages
#8 2.367 Ign:6 http://security.debian.org/debian-security stretch/updates/main all Packages
#8 2.548 Ign:12 http://security.debian.org/debian-security stretch/updates/main amd64 Packages
#8 2.569 Ign:6 http://security.debian.org/debian-security stretch/updates/main all Packages
#8 2.752 Ign:12 http://security.debian.org/debian-security stretch/updates/main amd64 Packages
#8 2.766 Ign:6 http://security.debian.org/debian-security stretch/updates/main all Packages
#8 2.954 Err:12 http://security.debian.org/debian-security stretch/updates/main amd64 Packages
#8 2.954   404  Not Found
#8 2.981 Reading package lists...
#8 3.067 W: The repository 'http://security.debian.org/debian-security stretch/updates Release' does not have a Release file.
#8 3.067 W: The repository 'http://deb.debian.org/debian stretch Release' does not have a Release file.
#8 3.067 W: The repository 'http://deb.debian.org/debian stretch-updates Release' does not have a Release file.
#8 3.067 E: Failed to fetch http://security.debian.org/debian-security/dists/stretch/updates/main/binary-amd64/Packages  404  Not Found
#8 3.067 E: Failed to fetch http://deb.debian.org/debian/dists/stretch/main/binary-amd64/Packages  404  Not Found
#8 3.067 E: Failed to fetch http://deb.debian.org/debian/dists/stretch-updates/main/binary-amd64/Packages  404  Not Found
#8 3.067 E: Some index files failed to download. They have been ignored, or old ones used instead.
#8 ERROR: process "/bin/sh -c apt-get update && apt-get install -y mysql-client default-libmysqlclient-dev mysql-common" did not complete successfully: exit code: 100
------
 > [4/7] RUN apt-get update && apt-get install -y mysql-client default-libmysqlclient-dev mysql-common:
2.752 Ign:12 http://security.debian.org/debian-security stretch/updates/main amd64 Packages
2.766 Ign:6 http://security.debian.org/debian-security stretch/updates/main all Packages

3.067 W: The repository 'http://security.debian.org/debian-security stretch/updates Release' does not have a Release file.
3.067 W: The repository 'http://deb.debian.org/debian stretch Release' does not have a Release file.
3.067 W: The repository 'http://deb.debian.org/debian stretch-updates Release' does not have a Release file.
3.067 E: Failed to fetch http://security.debian.org/debian-security/dists/stretch/updates/main/binary-amd64/Packages  404  Not Found
3.067 E: Failed to fetch http://deb.debian.org/debian/dists/stretch/main/binary-amd64/Packages  404  Not Found
3.067 E: Failed to fetch http://deb.debian.org/debian/dists/stretch-updates/main/binary-amd64/Packages  404  Not Found
3.067 E: Some index files failed to download. They have been ignored, or old ones used instead.
------
Dockerfile:11
--------------------
   9 |     COPY src/package*.json ./
  10 |     
  11 | >>> RUN apt-get update && apt-get install -y mysql-client default-libmysqlclient-dev mysql-common
  12 |     
  13 |     
--------------------
ERROR: failed to solve: process "/bin/sh -c apt-get update && apt-get install -y mysql-client default-libmysqlclient-dev mysql-common" did not complete successfully: exit code: 100
Duration: 1:32.15