#0 building with "default" instance using docker driver

#1 [internal] load build definition from v3_Dockerfile
#1 transferring dockerfile:
#1 transferring dockerfile: 896B done
#1 DONE 0.3s

#2 [internal] load .dockerignore
#2 transferring context: 2B done
#2 DONE 0.4s

#3 [auth] ekidd/rust-musl-builder:pull token for registry-1.docker.io
#3 DONE 0.0s

#4 [internal] load metadata for docker.io/ekidd/rust-musl-builder:latest
#4 ...

#5 [internal] load metadata for docker.io/library/alpine:latest
#5 DONE 1.2s

#4 [internal] load metadata for docker.io/ekidd/rust-musl-builder:latest
#4 DONE 1.3s

#6 [internal] load build context
#6 DONE 0.0s

#7 [builder 1/3] FROM docker.io/ekidd/rust-musl-builder:latest@sha256:f9dcff1c3ec683e2ccdd3c9c1771d12590b7c4d64505bac89aa8e552a038aeaf
#7 resolve docker.io/ekidd/rust-musl-builder:latest@sha256:f9dcff1c3ec683e2ccdd3c9c1771d12590b7c4d64505bac89aa8e552a038aeaf 0.1s done
#7 sha256:f9dcff1c3ec683e2ccdd3c9c1771d12590b7c4d64505bac89aa8e552a038aeaf 3.46kB / 3.46kB done
#7 sha256:6d1d997f786d7e966de056cbff7c97868b47f0cb7834720a19507d755ff705e4 14.49kB / 14.49kB done
#7 sha256:46f56320f9ce91c4fa9e4497db9323a99d0d64e10bb2cdd0acc37f2480287589 0B / 25.02MB 0.2s
#7 sha256:68e7bb398b9ff421236990bfeaf5c1feab26c590eed93489e245375c23551e2a 0B / 26.71MB 0.2s
#7 ...

#6 [internal] load build context
#6 transferring context: 7.75MB 0.1s done
#6 DONE 0.5s

#7 [builder 1/3] FROM docker.io/ekidd/rust-musl-builder:latest@sha256:f9dcff1c3ec683e2ccdd3c9c1771d12590b7c4d64505bac89aa8e552a038aeaf
#7 sha256:46f56320f9ce91c4fa9e4497db9323a99d0d64e10bb2cdd0acc37f2480287589 2.10MB / 25.02MB 0.3s
#7 sha256:3d6a97170cd5f5b8792474cf227001fc1580fe39a5308e15d1cd2dce89206361 0B / 142.87MB 0.3s
#7 sha256:46f56320f9ce91c4fa9e4497db9323a99d0d64e10bb2cdd0acc37f2480287589 5.24MB / 25.02MB 0.4s
#7 sha256:46f56320f9ce91c4fa9e4497db9323a99d0d64e10bb2cdd0acc37f2480287589 9.44MB / 25.02MB 0.5s
#7 sha256:68e7bb398b9ff421236990bfeaf5c1feab26c590eed93489e245375c23551e2a 4.19MB / 26.71MB 0.5s
#7 ...

#8 [stage-1 1/5] FROM docker.io/library/alpine@sha256:0a4eaa0eecf5f8c050e5bba433f58c052be7587ee8af3e8b3910ef9ab5fbe9f5
#8 resolve docker.io/library/alpine@sha256:0a4eaa0eecf5f8c050e5bba433f58c052be7587ee8af3e8b3910ef9ab5fbe9f5 0.4s done
#8 sha256:324bc02ae1231fd9255658c128086395d3fa0aedd5a41ab6b034fd649d1a9260 1.47kB / 1.47kB done
#8 sha256:0a4eaa0eecf5f8c050e5bba433f58c052be7587ee8af3e8b3910ef9ab5fbe9f5 1.85kB / 1.85kB done
#8 sha256:eddacbc7e24bf8799a4ed3cdcfa50d4b88a323695ad80f317b6629883b2c2a78 528B / 528B done
#8 DONE 1.0s

#7 [builder 1/3] FROM docker.io/ekidd/rust-musl-builder:latest@sha256:f9dcff1c3ec683e2ccdd3c9c1771d12590b7c4d64505bac89aa8e552a038aeaf
#7 sha256:46f56320f9ce91c4fa9e4497db9323a99d0d64e10bb2cdd0acc37f2480287589 16.78MB / 25.02MB 0.7s
#7 sha256:68e7bb398b9ff421236990bfeaf5c1feab26c590eed93489e245375c23551e2a 7.34MB / 26.71MB 0.7s
#7 sha256:3d6a97170cd5f5b8792474cf227001fc1580fe39a5308e15d1cd2dce89206361 7.34MB / 142.87MB 0.7s
#7 sha256:46f56320f9ce91c4fa9e4497db9323a99d0d64e10bb2cdd0acc37f2480287589 24.12MB / 25.02MB 0.9s
#7 sha256:68e7bb398b9ff421236990bfeaf5c1feab26c590eed93489e245375c23551e2a 12.58MB / 26.71MB 0.9s
#7 sha256:3d6a97170cd5f5b8792474cf227001fc1580fe39a5308e15d1cd2dce89206361 14.68MB / 142.87MB 0.9s
#7 sha256:68e7bb398b9ff421236990bfeaf5c1feab26c590eed93489e245375c23551e2a 15.73MB / 26.71MB 1.0s
#7 sha256:68e7bb398b9ff421236990bfeaf5c1feab26c590eed93489e245375c23551e2a 24.12MB / 26.71MB 1.3s
#7 sha256:3d6a97170cd5f5b8792474cf227001fc1580fe39a5308e15d1cd2dce89206361 31.46MB / 142.87MB 1.3s
#7 sha256:68e7bb398b9ff421236990bfeaf5c1feab26c590eed93489e245375c23551e2a 26.71MB / 26.71MB 1.4s
#7 sha256:3d6a97170cd5f5b8792474cf227001fc1580fe39a5308e15d1cd2dce89206361 39.85MB / 142.87MB 1.4s
#7 sha256:3d6a97170cd5f5b8792474cf227001fc1580fe39a5308e15d1cd2dce89206361 50.38MB / 142.87MB 1.6s
#7 sha256:46f56320f9ce91c4fa9e4497db9323a99d0d64e10bb2cdd0acc37f2480287589 25.02MB / 25.02MB 1.7s done
#7 sha256:3d6a97170cd5f5b8792474cf227001fc1580fe39a5308e15d1cd2dce89206361 57.67MB / 142.87MB 1.7s
#7 sha256:3d6a97170cd5f5b8792474cf227001fc1580fe39a5308e15d1cd2dce89206361 65.01MB / 142.87MB 1.8s
#7 sha256:3d6a97170cd5f5b8792474cf227001fc1580fe39a5308e15d1cd2dce89206361 78.64MB / 142.87MB 2.0s
#7 ...

#9 [stage-1 2/5] COPY  /etc/ssl/certs/
#9 DONE 1.5s

#7 [builder 1/3] FROM docker.io/ekidd/rust-musl-builder:latest@sha256:f9dcff1c3ec683e2ccdd3c9c1771d12590b7c4d64505bac89aa8e552a038aeaf
#7 sha256:68e7bb398b9ff421236990bfeaf5c1feab26c590eed93489e245375c23551e2a 26.71MB / 26.71MB 2.1s done
#7 extracting sha256:68e7bb398b9ff421236990bfeaf5c1feab26c590eed93489e245375c23551e2a
#7 sha256:3d6a97170cd5f5b8792474cf227001fc1580fe39a5308e15d1cd2dce89206361 89.13MB / 142.87MB 2.2s
#7 sha256:ec9380afcabfdc52e72179688befee7eea7dff9e232e2896431ac094ff1d5b02 0B / 150B 2.2s
#7 sha256:0ae7f17d4af5e7dda74a981efbf4ab08e2a8481c1431a2af0df7b65e30917160 0B / 5.94MB 2.2s
#7 sha256:ec9380afcabfdc52e72179688befee7eea7dff9e232e2896431ac094ff1d5b02 150B / 150B 2.3s done
#7 sha256:3d6a97170cd5f5b8792474cf227001fc1580fe39a5308e15d1cd2dce89206361 100.66MB / 142.87MB 2.4s
#7 sha256:0ae7f17d4af5e7dda74a981efbf4ab08e2a8481c1431a2af0df7b65e30917160 3.15MB / 5.94MB 2.4s
#7 sha256:bc514681c88f2036f6e1610e8c67b812ca67bd09f6aa27e32ffced62fe77d069 0B / 102.17kB 2.4s
#7 sha256:0ae7f17d4af5e7dda74a981efbf4ab08e2a8481c1431a2af0df7b65e30917160 5.94MB / 5.94MB 2.5s
#7 sha256:bc514681c88f2036f6e1610e8c67b812ca67bd09f6aa27e32ffced62fe77d069 102.17kB / 102.17kB 2.5s
#7 sha256:3d6a97170cd5f5b8792474cf227001fc1580fe39a5308e15d1cd2dce89206361 110.10MB / 142.87MB 2.6s
#7 sha256:0ae7f17d4af5e7dda74a981efbf4ab08e2a8481c1431a2af0df7b65e30917160 5.94MB / 5.94MB 2.6s done
#7 sha256:bc514681c88f2036f6e1610e8c67b812ca67bd09f6aa27e32ffced62fe77d069 102.17kB / 102.17kB 2.6s done
#7 sha256:073d431edceb2dcda96d544b99e7e1419ef6db8576de5624aa70b39219318212 0B / 1.44kB 2.7s
#7 sha256:3d6a97170cd5f5b8792474cf227001fc1580fe39a5308e15d1cd2dce89206361 119.54MB / 142.87MB 2.8s
#7 sha256:86e7606d03f8d528ef9dd6e2eae330f6d06d059fb91a4761252e8d4f893723c5 0B / 157.80kB 2.8s
#7 sha256:3d6a97170cd5f5b8792474cf227001fc1580fe39a5308e15d1cd2dce89206361 132.12MB / 142.87MB 3.0s
#7 sha256:073d431edceb2dcda96d544b99e7e1419ef6db8576de5624aa70b39219318212 1.44kB / 1.44kB 2.9s done
#7 sha256:86e7606d03f8d528ef9dd6e2eae330f6d06d059fb91a4761252e8d4f893723c5 157.80kB / 157.80kB 3.0s done
#7 sha256:04656ab977e2bcde13e0f721034239243f8487c24b3add76e2494dcf1230568e 0B / 182B 3.0s
#7 sha256:04656ab977e2bcde13e0f721034239243f8487c24b3add76e2494dcf1230568e 182B / 182B 3.1s done
#7 sha256:00207b4d38753b35b4bf64e7e28c0dde8d6b260eb9bd3c797fb412601c56ce46 0B / 214.71MB 3.1s
#7 sha256:d4b48ad78f5a9cf54030d64956134f0b35b02c05a6396d4036b6dd60714ae3c6 0B / 293B 3.2s
#7 sha256:3d6a97170cd5f5b8792474cf227001fc1580fe39a5308e15d1cd2dce89206361 141.56MB / 142.87MB 3.3s
#7 sha256:00207b4d38753b35b4bf64e7e28c0dde8d6b260eb9bd3c797fb412601c56ce46 11.53MB / 214.71MB 3.4s
#7 sha256:d4b48ad78f5a9cf54030d64956134f0b35b02c05a6396d4036b6dd60714ae3c6 293B / 293B 3.4s
#7 sha256:d4b48ad78f5a9cf54030d64956134f0b35b02c05a6396d4036b6dd60714ae3c6 293B / 293B 3.5s done
#7 extracting sha256:68e7bb398b9ff421236990bfeaf5c1feab26c590eed93489e245375c23551e2a 1.6s done
#7 sha256:00207b4d38753b35b4bf64e7e28c0dde8d6b260eb9bd3c797fb412601c56ce46 30.41MB / 214.71MB 3.8s
#7 sha256:00207b4d38753b35b4bf64e7e28c0dde8d6b260eb9bd3c797fb412601c56ce46 45.09MB / 214.71MB 4.2s
#7 sha256:00207b4d38753b35b4bf64e7e28c0dde8d6b260eb9bd3c797fb412601c56ce46 66.06MB / 214.71MB 4.6s
#7 sha256:00207b4d38753b35b4bf64e7e28c0dde8d6b260eb9bd3c797fb412601c56ce46 80.74MB / 214.71MB 4.9s
#7 sha256:00207b4d38753b35b4bf64e7e28c0dde8d6b260eb9bd3c797fb412601c56ce46 96.47MB / 214.71MB 5.3s
#7 sha256:3d6a97170cd5f5b8792474cf227001fc1580fe39a5308e15d1cd2dce89206361 142.87MB / 142.87MB 5.6s done
#7 sha256:00207b4d38753b35b4bf64e7e28c0dde8d6b260eb9bd3c797fb412601c56ce46 117.44MB / 214.71MB 5.7s
#7 sha256:57a89ae650c7b537c0e4d100a3c9293ea0baf80d16af8db5c1b8ead859519f6c 0B / 1.66MB 5.7s
#7 sha256:57a89ae650c7b537c0e4d100a3c9293ea0baf80d16af8db5c1b8ead859519f6c 1.66MB / 1.66MB 5.8s
#7 extracting sha256:3d6a97170cd5f5b8792474cf227001fc1580fe39a5308e15d1cd2dce89206361
#7 sha256:d6d5940fd417be2ee0b239acd20109b1279d4615506d0eaa8cbc3ced1d6b5dbf 0B / 239B 5.8s
#7 sha256:57a89ae650c7b537c0e4d100a3c9293ea0baf80d16af8db5c1b8ead859519f6c 1.66MB / 1.66MB 5.9s done
#7 sha256:d6d5940fd417be2ee0b239acd20109b1279d4615506d0eaa8cbc3ced1d6b5dbf 239B / 239B 5.9s done
#7 sha256:5f836c41d490ca2d31f44ca70554fdd00e6d81a2e690973442bbdd62f741c614 0B / 289B 6.0s
#7 sha256:00207b4d38753b35b4bf64e7e28c0dde8d6b260eb9bd3c797fb412601c56ce46 130.02MB / 214.71MB 6.1s
#7 sha256:4f4fb700ef54461cfa02571ae0db9a0dc1e0cdb5577484a6d75e68dc38e8acc1 0B / 32B 6.1s
#7 sha256:5f836c41d490ca2d31f44ca70554fdd00e6d81a2e690973442bbdd62f741c614 289B / 289B 6.1s done
#7 sha256:4f4fb700ef54461cfa02571ae0db9a0dc1e0cdb5577484a6d75e68dc38e8acc1 32B / 32B 6.2s done
#7 sha256:00207b4d38753b35b4bf64e7e28c0dde8d6b260eb9bd3c797fb412601c56ce46 141.56MB / 214.71MB 6.4s
#7 sha256:00207b4d38753b35b4bf64e7e28c0dde8d6b260eb9bd3c797fb412601c56ce46 155.19MB / 214.71MB 6.8s
#7 sha256:00207b4d38753b35b4bf64e7e28c0dde8d6b260eb9bd3c797fb412601c56ce46 169.87MB / 214.71MB 7.4s
#7 sha256:00207b4d38753b35b4bf64e7e28c0dde8d6b260eb9bd3c797fb412601c56ce46 186.65MB / 214.71MB 7.7s
#7 sha256:00207b4d38753b35b4bf64e7e28c0dde8d6b260eb9bd3c797fb412601c56ce46 202.38MB / 214.71MB 8.0s
#7 sha256:00207b4d38753b35b4bf64e7e28c0dde8d6b260eb9bd3c797fb412601c56ce46 214.71MB / 214.71MB 8.3s
#7 extracting sha256:3d6a97170cd5f5b8792474cf227001fc1580fe39a5308e15d1cd2dce89206361 5.0s
#7 sha256:00207b4d38753b35b4bf64e7e28c0dde8d6b260eb9bd3c797fb412601c56ce46 214.71MB / 214.71MB 11.5s done
#7 extracting sha256:3d6a97170cd5f5b8792474cf227001fc1580fe39a5308e15d1cd2dce89206361 8.3s done
#7 extracting sha256:46f56320f9ce91c4fa9e4497db9323a99d0d64e10bb2cdd0acc37f2480287589
#7 extracting sha256:46f56320f9ce91c4fa9e4497db9323a99d0d64e10bb2cdd0acc37f2480287589 1.4s done
#7 extracting sha256:ec9380afcabfdc52e72179688befee7eea7dff9e232e2896431ac094ff1d5b02
#7 extracting sha256:ec9380afcabfdc52e72179688befee7eea7dff9e232e2896431ac094ff1d5b02 done
#7 extracting sha256:0ae7f17d4af5e7dda74a981efbf4ab08e2a8481c1431a2af0df7b65e30917160
#7 extracting sha256:0ae7f17d4af5e7dda74a981efbf4ab08e2a8481c1431a2af0df7b65e30917160 0.9s done
#7 extracting sha256:bc514681c88f2036f6e1610e8c67b812ca67bd09f6aa27e32ffced62fe77d069
#7 extracting sha256:bc514681c88f2036f6e1610e8c67b812ca67bd09f6aa27e32ffced62fe77d069 0.1s done
#7 extracting sha256:86e7606d03f8d528ef9dd6e2eae330f6d06d059fb91a4761252e8d4f893723c5
#7 extracting sha256:86e7606d03f8d528ef9dd6e2eae330f6d06d059fb91a4761252e8d4f893723c5 0.1s done
#7 extracting sha256:073d431edceb2dcda96d544b99e7e1419ef6db8576de5624aa70b39219318212
#7 extracting sha256:073d431edceb2dcda96d544b99e7e1419ef6db8576de5624aa70b39219318212 done
#7 extracting sha256:04656ab977e2bcde13e0f721034239243f8487c24b3add76e2494dcf1230568e
#7 extracting sha256:04656ab977e2bcde13e0f721034239243f8487c24b3add76e2494dcf1230568e done
#7 extracting sha256:00207b4d38753b35b4bf64e7e28c0dde8d6b260eb9bd3c797fb412601c56ce46
#7 extracting sha256:00207b4d38753b35b4bf64e7e28c0dde8d6b260eb9bd3c797fb412601c56ce46 5.1s
#7 extracting sha256:00207b4d38753b35b4bf64e7e28c0dde8d6b260eb9bd3c797fb412601c56ce46 10.1s
#7 extracting sha256:00207b4d38753b35b4bf64e7e28c0dde8d6b260eb9bd3c797fb412601c56ce46 12.7s done
#7 extracting sha256:d4b48ad78f5a9cf54030d64956134f0b35b02c05a6396d4036b6dd60714ae3c6
#7 extracting sha256:d4b48ad78f5a9cf54030d64956134f0b35b02c05a6396d4036b6dd60714ae3c6 done
#7 extracting sha256:57a89ae650c7b537c0e4d100a3c9293ea0baf80d16af8db5c1b8ead859519f6c
#7 extracting sha256:57a89ae650c7b537c0e4d100a3c9293ea0baf80d16af8db5c1b8ead859519f6c 0.1s done
#7 extracting sha256:d6d5940fd417be2ee0b239acd20109b1279d4615506d0eaa8cbc3ced1d6b5dbf
#7 extracting sha256:d6d5940fd417be2ee0b239acd20109b1279d4615506d0eaa8cbc3ced1d6b5dbf done
#7 extracting sha256:5f836c41d490ca2d31f44ca70554fdd00e6d81a2e690973442bbdd62f741c614
#7 extracting sha256:5f836c41d490ca2d31f44ca70554fdd00e6d81a2e690973442bbdd62f741c614 done
#7 extracting sha256:4f4fb700ef54461cfa02571ae0db9a0dc1e0cdb5577484a6d75e68dc38e8acc1
#7 extracting sha256:4f4fb700ef54461cfa02571ae0db9a0dc1e0cdb5577484a6d75e68dc38e8acc1 done
#7 DONE 34.9s

#10 [builder 2/3] COPY . /home/rust/src
#10 DONE 20.9s

#11 [builder 3/3] RUN sudo chown -R rust . &&    rustup update stable &&    cargo build --release --verbose
#11 1.507 info: syncing channel updates for 'stable-x86_64-unknown-linux-gnu'
#11 1.508 error: could not create temp file /opt/rust/rustup/tmp/qujv_mff77ravxxc_file: Permission denied (os error 13)
#11 ERROR: process "/bin/sh -c sudo chown -R rust . &&    rustup update stable &&    cargo build --release --verbose" did not complete successfully: exit code: 1
------
 > [builder 3/3] RUN sudo chown -R rust . &&    rustup update stable &&    cargo build --release --verbose:
1.507 info: syncing channel updates for 'stable-x86_64-unknown-linux-gnu'
1.508 error: could not create temp file /opt/rust/rustup/tmp/qujv_mff77ravxxc_file: Permission denied (os error 13)
------
v3_Dockerfile:8
--------------------
   7 |     # Need to have the rust user own our copied source files
   8 | >>> RUN sudo chown -R rust . &&\
   9 | >>>     rustup update stable &&\
  10 | >>>     cargo build --release --verbose
  11 |     
--------------------
ERROR: failed to solve: process "/bin/sh -c sudo chown -R rust . &&    rustup update stable &&    cargo build --release --verbose" did not complete successfully: exit code: 1
Duration: 0:59.75