#0 building with "default" instance using docker driver

#1 [internal] load .dockerignore
#1 transferring context:
#1 transferring context: 147B done
#1 DONE 0.5s

#2 [internal] load build definition from Dockerfile
#2 transferring dockerfile: 1.10kB done
#2 DONE 0.6s

#3 [internal] load metadata for docker.io/library/ruby:2.4-stretch
#3 ...

#4 [auth] library/ruby:pull token for registry-1.docker.io
#4 DONE 0.0s

#3 [internal] load metadata for docker.io/library/ruby:2.4-stretch
#3 DONE 1.6s

#5 [internal] load build context
#5 DONE 0.0s

#6 [1/9] FROM docker.io/library/ruby:2.4-stretch@sha256:0a73ceb6a8bad89caa384fe189c9fbf0ed5ba4be13af158b07d04c3b95662219
#6 resolve docker.io/library/ruby:2.4-stretch@sha256:0a73ceb6a8bad89caa384fe189c9fbf0ed5ba4be13af158b07d04c3b95662219
#6 resolve docker.io/library/ruby:2.4-stretch@sha256:0a73ceb6a8bad89caa384fe189c9fbf0ed5ba4be13af158b07d04c3b95662219 0.3s done
#6 sha256:e932ae985bce29c1e1b845332af331fbc7b2cc9a7cb5477b1727f665c78aba0a 2.00kB / 2.00kB done
#6 sha256:0a73ceb6a8bad89caa384fe189c9fbf0ed5ba4be13af158b07d04c3b95662219 1.65kB / 1.65kB done
#6 sha256:d77326d44b2f4320bcaf441d0f12ab739ff9f0fb1dd8326702b8823b476b132c 7.50kB / 7.50kB done
#6 sha256:fbfe0f13ac4531fb6d077fda0e94ced4b9ed8a354c54b4efced9b7755d3f39d1 0B / 10.80MB 0.2s
#6 ...

#5 [internal] load build context
#5 transferring context: 808.60kB 0.0s done
#5 DONE 0.5s

#6 [1/9] FROM docker.io/library/ruby:2.4-stretch@sha256:0a73ceb6a8bad89caa384fe189c9fbf0ed5ba4be13af158b07d04c3b95662219
#6 sha256:fbfe0f13ac4531fb6d077fda0e94ced4b9ed8a354c54b4efced9b7755d3f39d1 7.34MB / 10.80MB 0.4s
#6 sha256:56da78ce36e97a8ba1f860575bb1422d1cb6ab4dade70b06ddf1651302dde955 0B / 45.38MB 0.4s
#6 sha256:6254ff6d0e6052b7bead70e37703002eda28ac40f9a1167ea9bf813bf9c17d7f 0B / 4.34MB 0.4s
#6 sha256:fbfe0f13ac4531fb6d077fda0e94ced4b9ed8a354c54b4efced9b7755d3f39d1 10.80MB / 10.80MB 0.6s
#6 sha256:56da78ce36e97a8ba1f860575bb1422d1cb6ab4dade70b06ddf1651302dde955 6.29MB / 45.38MB 0.6s
#6 sha256:6254ff6d0e6052b7bead70e37703002eda28ac40f9a1167ea9bf813bf9c17d7f 4.34MB / 4.34MB 0.6s
#6 sha256:fbfe0f13ac4531fb6d077fda0e94ced4b9ed8a354c54b4efced9b7755d3f39d1 10.80MB / 10.80MB 0.7s done
#6 sha256:56da78ce36e97a8ba1f860575bb1422d1cb6ab4dade70b06ddf1651302dde955 12.58MB / 45.38MB 0.8s
#6 sha256:6254ff6d0e6052b7bead70e37703002eda28ac40f9a1167ea9bf813bf9c17d7f 4.34MB / 4.34MB 0.8s done
#6 sha256:56da78ce36e97a8ba1f860575bb1422d1cb6ab4dade70b06ddf1651302dde955 15.73MB / 45.38MB 0.9s
#6 sha256:e0e1e13bd9f6c381f158a5366b3eff242e8b4a4decfa940e915b1d5705ef4a28 0B / 50.07MB 0.9s
#6 sha256:56da78ce36e97a8ba1f860575bb1422d1cb6ab4dade70b06ddf1651302dde955 19.92MB / 45.38MB 1.0s
#6 sha256:b86b38b40a24c042077b816eebfc5356bf938c6aed3069e102175ef1720416b8 0B / 214.91MB 1.0s
#6 sha256:56da78ce36e97a8ba1f860575bb1422d1cb6ab4dade70b06ddf1651302dde955 28.31MB / 45.38MB 1.2s
#6 sha256:e0e1e13bd9f6c381f158a5366b3eff242e8b4a4decfa940e915b1d5705ef4a28 8.39MB / 50.07MB 1.2s
#6 sha256:56da78ce36e97a8ba1f860575bb1422d1cb6ab4dade70b06ddf1651302dde955 31.46MB / 45.38MB 1.4s
#6 sha256:e0e1e13bd9f6c381f158a5366b3eff242e8b4a4decfa940e915b1d5705ef4a28 12.58MB / 50.07MB 1.4s
#6 sha256:56da78ce36e97a8ba1f860575bb1422d1cb6ab4dade70b06ddf1651302dde955 34.60MB / 45.38MB 1.6s
#6 sha256:b86b38b40a24c042077b816eebfc5356bf938c6aed3069e102175ef1720416b8 14.68MB / 214.91MB 1.6s
#6 sha256:e0e1e13bd9f6c381f158a5366b3eff242e8b4a4decfa940e915b1d5705ef4a28 15.73MB / 50.07MB 1.7s
#6 sha256:b86b38b40a24c042077b816eebfc5356bf938c6aed3069e102175ef1720416b8 27.26MB / 214.91MB 1.8s
#6 sha256:b86b38b40a24c042077b816eebfc5356bf938c6aed3069e102175ef1720416b8 48.23MB / 214.91MB 2.1s
#6 sha256:56da78ce36e97a8ba1f860575bb1422d1cb6ab4dade70b06ddf1651302dde955 37.75MB / 45.38MB 2.3s
#6 sha256:e0e1e13bd9f6c381f158a5366b3eff242e8b4a4decfa940e915b1d5705ef4a28 18.87MB / 50.07MB 2.3s
#6 sha256:b86b38b40a24c042077b816eebfc5356bf938c6aed3069e102175ef1720416b8 65.01MB / 214.91MB 2.3s
#6 sha256:b86b38b40a24c042077b816eebfc5356bf938c6aed3069e102175ef1720416b8 91.23MB / 214.91MB 2.6s
#6 sha256:b86b38b40a24c042077b816eebfc5356bf938c6aed3069e102175ef1720416b8 120.59MB / 214.91MB 2.9s
#6 sha256:e0e1e13bd9f6c381f158a5366b3eff242e8b4a4decfa940e915b1d5705ef4a28 22.02MB / 50.07MB 3.0s
#6 sha256:56da78ce36e97a8ba1f860575bb1422d1cb6ab4dade70b06ddf1651302dde955 40.89MB / 45.38MB 3.1s
#6 sha256:b86b38b40a24c042077b816eebfc5356bf938c6aed3069e102175ef1720416b8 138.41MB / 214.91MB 3.1s
#6 sha256:56da78ce36e97a8ba1f860575bb1422d1cb6ab4dade70b06ddf1651302dde955 44.04MB / 45.38MB 3.4s
#6 sha256:b86b38b40a24c042077b816eebfc5356bf938c6aed3069e102175ef1720416b8 166.72MB / 214.91MB 3.4s
#6 sha256:e0e1e13bd9f6c381f158a5366b3eff242e8b4a4decfa940e915b1d5705ef4a28 25.17MB / 50.07MB 3.6s
#6 sha256:b86b38b40a24c042077b816eebfc5356bf938c6aed3069e102175ef1720416b8 185.60MB / 214.91MB 3.6s
#6 sha256:b86b38b40a24c042077b816eebfc5356bf938c6aed3069e102175ef1720416b8 205.52MB / 214.91MB 3.8s
#6 sha256:e0e1e13bd9f6c381f158a5366b3eff242e8b4a4decfa940e915b1d5705ef4a28 36.70MB / 50.07MB 4.1s
#6 sha256:e0e1e13bd9f6c381f158a5366b3eff242e8b4a4decfa940e915b1d5705ef4a28 41.94MB / 50.07MB 4.2s
#6 sha256:56da78ce36e97a8ba1f860575bb1422d1cb6ab4dade70b06ddf1651302dde955 45.38MB / 45.38MB 4.3s done
#6 sha256:e0e1e13bd9f6c381f158a5366b3eff242e8b4a4decfa940e915b1d5705ef4a28 46.14MB / 50.07MB 4.3s
#6 extracting sha256:56da78ce36e97a8ba1f860575bb1422d1cb6ab4dade70b06ddf1651302dde955
#6 sha256:e0e1e13bd9f6c381f158a5366b3eff242e8b4a4decfa940e915b1d5705ef4a28 50.07MB / 50.07MB 4.5s
#6 extracting sha256:56da78ce36e97a8ba1f860575bb1422d1cb6ab4dade70b06ddf1651302dde955 2.5s done
#6 sha256:b86b38b40a24c042077b816eebfc5356bf938c6aed3069e102175ef1720416b8 214.91MB / 214.91MB 7.8s done
#6 sha256:959fdd9d24bb8e2be6fdac2aee8a2f1761bbfad64bfc02f840d5edbf71579b47 0B / 206B 8.0s
#6 sha256:959fdd9d24bb8e2be6fdac2aee8a2f1761bbfad64bfc02f840d5edbf71579b47 206B / 206B 8.3s
#6 sha256:e0e1e13bd9f6c381f158a5366b3eff242e8b4a4decfa940e915b1d5705ef4a28 50.07MB / 50.07MB 8.7s done
#6 extracting sha256:fbfe0f13ac4531fb6d077fda0e94ced4b9ed8a354c54b4efced9b7755d3f39d1
#6 sha256:959fdd9d24bb8e2be6fdac2aee8a2f1761bbfad64bfc02f840d5edbf71579b47 206B / 206B 8.8s done
#6 sha256:04ffcbde4d5e2e23d9d54166068411df993eb24c4ba9efcd5331f3b66b651c85 0B / 20.54MB 8.9s
#6 sha256:e6350c368754459f593683bbaa2cfe59e23475d128c4c3fa4e029e8fec7f523b 0B / 147B 9.0s
#6 sha256:04ffcbde4d5e2e23d9d54166068411df993eb24c4ba9efcd5331f3b66b651c85 5.24MB / 20.54MB 9.1s
#6 sha256:e6350c368754459f593683bbaa2cfe59e23475d128c4c3fa4e029e8fec7f523b 147B / 147B 9.1s
#6 sha256:04ffcbde4d5e2e23d9d54166068411df993eb24c4ba9efcd5331f3b66b651c85 18.87MB / 20.54MB 9.3s
#6 sha256:04ffcbde4d5e2e23d9d54166068411df993eb24c4ba9efcd5331f3b66b651c85 20.54MB / 20.54MB 9.5s
#6 extracting sha256:fbfe0f13ac4531fb6d077fda0e94ced4b9ed8a354c54b4efced9b7755d3f39d1 2.8s done
#6 sha256:e6350c368754459f593683bbaa2cfe59e23475d128c4c3fa4e029e8fec7f523b 147B / 147B 11.5s done
#6 sha256:04ffcbde4d5e2e23d9d54166068411df993eb24c4ba9efcd5331f3b66b651c85 20.54MB / 20.54MB 11.9s done
#6 extracting sha256:6254ff6d0e6052b7bead70e37703002eda28ac40f9a1167ea9bf813bf9c17d7f
#6 extracting sha256:6254ff6d0e6052b7bead70e37703002eda28ac40f9a1167ea9bf813bf9c17d7f 0.2s done
#6 extracting sha256:e0e1e13bd9f6c381f158a5366b3eff242e8b4a4decfa940e915b1d5705ef4a28
#6 extracting sha256:e0e1e13bd9f6c381f158a5366b3eff242e8b4a4decfa940e915b1d5705ef4a28 3.2s done
#6 extracting sha256:b86b38b40a24c042077b816eebfc5356bf938c6aed3069e102175ef1720416b8
#6 extracting sha256:b86b38b40a24c042077b816eebfc5356bf938c6aed3069e102175ef1720416b8 5.0s
#6 extracting sha256:b86b38b40a24c042077b816eebfc5356bf938c6aed3069e102175ef1720416b8 10.1s
#6 extracting sha256:b86b38b40a24c042077b816eebfc5356bf938c6aed3069e102175ef1720416b8 11.8s done
#6 extracting sha256:959fdd9d24bb8e2be6fdac2aee8a2f1761bbfad64bfc02f840d5edbf71579b47
#6 extracting sha256:959fdd9d24bb8e2be6fdac2aee8a2f1761bbfad64bfc02f840d5edbf71579b47 done
#6 extracting sha256:04ffcbde4d5e2e23d9d54166068411df993eb24c4ba9efcd5331f3b66b651c85
#6 extracting sha256:04ffcbde4d5e2e23d9d54166068411df993eb24c4ba9efcd5331f3b66b651c85 0.9s done
#6 extracting sha256:e6350c368754459f593683bbaa2cfe59e23475d128c4c3fa4e029e8fec7f523b
#6 extracting sha256:e6350c368754459f593683bbaa2cfe59e23475d128c4c3fa4e029e8fec7f523b done
#6 DONE 32.0s

#7 [2/9] WORKDIR /opt/duckrails
#7 DONE 24.5s

#8 [3/9] RUN apt-get update 	  && apt-get install -y --no-install-recommends nodejs libpq-dev libxml2-dev default-libmysqlclient-dev libsqlite3-dev     && rm -rf /var/lib/apt/lists/*
#8 0.727 Ign:1 http://deb.debian.org/debian stretch InRelease
#8 0.728 Ign:2 http://security.debian.org/debian-security stretch/updates InRelease
#8 0.736 Ign:3 http://deb.debian.org/debian stretch-updates InRelease
#8 0.738 Ign:4 http://security.debian.org/debian-security stretch/updates Release
#8 0.749 Ign:5 http://security.debian.org/debian-security stretch/updates/main all Packages
#8 0.759 Ign:6 http://security.debian.org/debian-security stretch/updates/main amd64 Packages
#8 0.762 Ign:7 http://deb.debian.org/debian stretch Release
#8 0.770 Ign:5 http://security.debian.org/debian-security stretch/updates/main all Packages
#8 0.772 Ign:8 http://deb.debian.org/debian stretch-updates Release
#8 0.780 Ign:6 http://security.debian.org/debian-security stretch/updates/main amd64 Packages
#8 0.782 Ign:9 http://deb.debian.org/debian stretch/main all Packages
#8 0.791 Ign:5 http://security.debian.org/debian-security stretch/updates/main all Packages
#8 0.792 Ign:10 http://deb.debian.org/debian stretch/main amd64 Packages
#8 0.801 Ign:11 http://deb.debian.org/debian stretch-updates/main all Packages
#8 0.801 Ign:6 http://security.debian.org/debian-security stretch/updates/main amd64 Packages
#8 0.810 Ign:12 http://deb.debian.org/debian stretch-updates/main amd64 Packages
#8 0.812 Ign:5 http://security.debian.org/debian-security stretch/updates/main all Packages
#8 0.821 Ign:9 http://deb.debian.org/debian stretch/main all Packages
#8 0.823 Ign:6 http://security.debian.org/debian-security stretch/updates/main amd64 Packages
#8 0.830 Ign:10 http://deb.debian.org/debian stretch/main amd64 Packages
#8 0.833 Ign:5 http://security.debian.org/debian-security stretch/updates/main all Packages
#8 0.840 Ign:11 http://deb.debian.org/debian stretch-updates/main all Packages
#8 0.844 Ign:6 http://security.debian.org/debian-security stretch/updates/main amd64 Packages
#8 0.850 Ign:12 http://deb.debian.org/debian stretch-updates/main amd64 Packages
#8 0.854 Ign:5 http://security.debian.org/debian-security stretch/updates/main all Packages
#8 0.860 Ign:9 http://deb.debian.org/debian stretch/main all Packages
#8 0.864 Err:6 http://security.debian.org/debian-security stretch/updates/main amd64 Packages
#8 0.864   404  Not Found
#8 0.870 Ign:10 http://deb.debian.org/debian stretch/main amd64 Packages
#8 0.880 Ign:11 http://deb.debian.org/debian stretch-updates/main all Packages
#8 0.889 Ign:12 http://deb.debian.org/debian stretch-updates/main amd64 Packages
#8 0.899 Ign:9 http://deb.debian.org/debian stretch/main all Packages
#8 0.910 Ign:10 http://deb.debian.org/debian stretch/main amd64 Packages
#8 0.920 Ign:11 http://deb.debian.org/debian stretch-updates/main all Packages
#8 0.931 Ign:12 http://deb.debian.org/debian stretch-updates/main amd64 Packages
#8 0.940 Ign:9 http://deb.debian.org/debian stretch/main all Packages
#8 0.950 Ign:10 http://deb.debian.org/debian stretch/main amd64 Packages
#8 0.960 Ign:11 http://deb.debian.org/debian stretch-updates/main all Packages
#8 0.969 Ign:12 http://deb.debian.org/debian stretch-updates/main amd64 Packages
#8 0.979 Ign:9 http://deb.debian.org/debian stretch/main all Packages
#8 0.998 Err:10 http://deb.debian.org/debian stretch/main amd64 Packages
#8 0.998   404  Not Found
#8 1.008 Ign:11 http://deb.debian.org/debian stretch-updates/main all Packages
#8 1.018 Err:12 http://deb.debian.org/debian stretch-updates/main amd64 Packages
#8 1.018   404  Not Found
#8 1.021 Reading package lists...
#8 1.035 W: The repository 'http://security.debian.org/debian-security stretch/updates Release' does not have a Release file.
#8 1.035 W: The repository 'http://deb.debian.org/debian stretch Release' does not have a Release file.
#8 1.035 W: The repository 'http://deb.debian.org/debian stretch-updates Release' does not have a Release file.
#8 1.035 E: Failed to fetch http://security.debian.org/debian-security/dists/stretch/updates/main/binary-amd64/Packages  404  Not Found
#8 1.035 E: Failed to fetch http://deb.debian.org/debian/dists/stretch/main/binary-amd64/Packages  404  Not Found
#8 1.035 E: Failed to fetch http://deb.debian.org/debian/dists/stretch-updates/main/binary-amd64/Packages  404  Not Found
#8 1.035 E: Some index files failed to download. They have been ignored, or old ones used instead.
#8 ERROR: process "/bin/sh -c apt-get update \t  && apt-get install -y --no-install-recommends nodejs libpq-dev libxml2-dev default-libmysqlclient-dev libsqlite3-dev     && rm -rf /var/lib/apt/lists/*" did not complete successfully: exit code: 100
------
 > [3/9] RUN apt-get update 	  && apt-get install -y --no-install-recommends nodejs libpq-dev libxml2-dev default-libmysqlclient-dev libsqlite3-dev     && rm -rf /var/lib/apt/lists/*:
1.018 Err:12 http://deb.debian.org/debian stretch-updates/main amd64 Packages
1.018   404  Not Found
1.021 Reading package lists...
1.035 W: The repository 'http://security.debian.org/debian-security stretch/updates Release' does not have a Release file.
1.035 W: The repository 'http://deb.debian.org/debian stretch Release' does not have a Release file.
1.035 W: The repository 'http://deb.debian.org/debian stretch-updates Release' does not have a Release file.
1.035 E: Failed to fetch http://security.debian.org/debian-security/dists/stretch/updates/main/binary-amd64/Packages  404  Not Found
1.035 E: Failed to fetch http://deb.debian.org/debian/dists/stretch/main/binary-amd64/Packages  404  Not Found
1.035 E: Failed to fetch http://deb.debian.org/debian/dists/stretch-updates/main/binary-amd64/Packages  404  Not Found
1.035 E: Some index files failed to download. They have been ignored, or old ones used instead.
------
Dockerfile:15
--------------------
  14 |     # Add Required Packages
  15 | >>> RUN apt-get update \
  16 | >>> 	  && apt-get install -y --no-install-recommends nodejs libpq-dev libxml2-dev default-libmysqlclient-dev libsqlite3-dev \
  17 | >>>     && rm -rf /var/lib/apt/lists/*
  18 |     
--------------------
ERROR: failed to solve: process "/bin/sh -c apt-get update \t  && apt-get install -y --no-install-recommends nodejs libpq-dev libxml2-dev default-libmysqlclient-dev libsqlite3-dev     && rm -rf /var/lib/apt/lists/*" did not complete successfully: exit code: 100
Duration: 1:0.64