#0 building with "default" instance using docker driver

#1 [internal] load build definition from Dockerfile
#1 transferring dockerfile:
#1 ...

#2 [internal] load .dockerignore
#2 transferring context: 2B done
#2 DONE 0.5s

#1 [internal] load build definition from Dockerfile
#1 transferring dockerfile: 1.12kB done
#1 DONE 0.6s

#3 [auth] library/debian:pull token for registry-1.docker.io
#3 DONE 0.0s

#4 [internal] load metadata for docker.io/library/debian:stretch
#4 DONE 1.5s

#5 [internal] load build context
#5 DONE 0.0s

#6 [1/7] FROM docker.io/library/debian:stretch@sha256:c5c5200ff1e9c73ffbf188b4a67eb1c91531b644856b4aefe86a58d2f0cb05be
#6 resolve docker.io/library/debian:stretch@sha256:c5c5200ff1e9c73ffbf188b4a67eb1c91531b644856b4aefe86a58d2f0cb05be
#6 resolve docker.io/library/debian:stretch@sha256:c5c5200ff1e9c73ffbf188b4a67eb1c91531b644856b4aefe86a58d2f0cb05be 0.2s done
#6 sha256:c5c5200ff1e9c73ffbf188b4a67eb1c91531b644856b4aefe86a58d2f0cb05be 1.21kB / 1.21kB done
#6 sha256:16ee3e11da473f6565ef94a715f1a38b3079e0664913be78869c336a71cb6085 529B / 529B done
#6 sha256:662c05203bab4c59568d24689fa5c3955439360a35c483178598d226b9a5ad10 1.46kB / 1.46kB done
#6 sha256:8372a04f222be82bf67eb0010a59644b1e52f1246b3da9034edaa98f3d591cae 0B / 45.43MB 0.2s
#6 ...

#5 [internal] load build context
#5 transferring context: 47B done
#5 DONE 0.5s

#6 [1/7] FROM docker.io/library/debian:stretch@sha256:c5c5200ff1e9c73ffbf188b4a67eb1c91531b644856b4aefe86a58d2f0cb05be
#6 sha256:8372a04f222be82bf67eb0010a59644b1e52f1246b3da9034edaa98f3d591cae 23.07MB / 45.43MB 0.4s
#6 sha256:8372a04f222be82bf67eb0010a59644b1e52f1246b3da9034edaa98f3d591cae 42.99MB / 45.43MB 0.7s
#6 sha256:8372a04f222be82bf67eb0010a59644b1e52f1246b3da9034edaa98f3d591cae 45.43MB / 45.43MB 0.8s
#6 sha256:8372a04f222be82bf67eb0010a59644b1e52f1246b3da9034edaa98f3d591cae 45.43MB / 45.43MB 1.4s done
#6 extracting sha256:8372a04f222be82bf67eb0010a59644b1e52f1246b3da9034edaa98f3d591cae 0.1s
#6 extracting sha256:8372a04f222be82bf67eb0010a59644b1e52f1246b3da9034edaa98f3d591cae 2.6s done
#6 DONE 5.0s

#7 [2/7] RUN apt-get update
#7 0.584 Ign:1 http://deb.debian.org/debian stretch InRelease
#7 0.743 Ign:2 http://deb.debian.org/debian stretch-updates InRelease
#7 0.755 Ign:3 http://deb.debian.org/debian stretch Release
#7 0.856 Ign:4 http://security.debian.org/debian-security stretch/updates InRelease
#7 0.913 Ign:5 http://deb.debian.org/debian stretch-updates Release
#7 1.165 Ign:6 http://security.debian.org/debian-security stretch/updates Release
#7 1.227 Ign:7 http://deb.debian.org/debian stretch/main amd64 Packages
#7 1.385 Ign:8 http://deb.debian.org/debian stretch/main all Packages
#7 1.467 Ign:9 http://security.debian.org/debian-security stretch/updates/main amd64 Packages
#7 1.693 Ign:10 http://deb.debian.org/debian stretch-updates/main amd64 Packages
#7 1.770 Ign:11 http://security.debian.org/debian-security stretch/updates/main all Packages
#7 1.850 Ign:12 http://deb.debian.org/debian stretch-updates/main all Packages
#7 2.070 Ign:9 http://security.debian.org/debian-security stretch/updates/main amd64 Packages
#7 2.157 Ign:7 http://deb.debian.org/debian stretch/main amd64 Packages
#7 2.315 Ign:8 http://deb.debian.org/debian stretch/main all Packages
#7 2.375 Ign:11 http://security.debian.org/debian-security stretch/updates/main all Packages
#7 2.473 Ign:10 http://deb.debian.org/debian stretch-updates/main amd64 Packages
#7 2.632 Ign:12 http://deb.debian.org/debian stretch-updates/main all Packages
#7 2.673 Ign:9 http://security.debian.org/debian-security stretch/updates/main amd64 Packages
#7 2.939 Ign:7 http://deb.debian.org/debian stretch/main amd64 Packages
#7 2.970 Ign:11 http://security.debian.org/debian-security stretch/updates/main all Packages
#7 3.097 Ign:8 http://deb.debian.org/debian stretch/main all Packages
#7 3.124 Ign:9 http://security.debian.org/debian-security stretch/updates/main amd64 Packages
#7 3.404 Ign:10 http://deb.debian.org/debian stretch-updates/main amd64 Packages
#7 3.422 Ign:11 http://security.debian.org/debian-security stretch/updates/main all Packages
#7 3.561 Ign:12 http://deb.debian.org/debian stretch-updates/main all Packages
#7 3.721 Ign:9 http://security.debian.org/debian-security stretch/updates/main amd64 Packages
#7 3.869 Ign:7 http://deb.debian.org/debian stretch/main amd64 Packages
#7 4.018 Ign:11 http://security.debian.org/debian-security stretch/updates/main all Packages
#7 4.027 Ign:8 http://deb.debian.org/debian stretch/main all Packages
#7 4.185 Ign:10 http://deb.debian.org/debian stretch-updates/main amd64 Packages
#7 4.313 Err:9 http://security.debian.org/debian-security stretch/updates/main amd64 Packages
#7 4.313   404  Not Found [IP: 151.101.194.132 80]
#7 4.343 Ign:12 http://deb.debian.org/debian stretch-updates/main all Packages
#7 4.613 Ign:11 http://security.debian.org/debian-security stretch/updates/main all Packages
#7 4.650 Ign:7 http://deb.debian.org/debian stretch/main amd64 Packages
#7 4.807 Ign:8 http://deb.debian.org/debian stretch/main all Packages
#7 5.112 Ign:10 http://deb.debian.org/debian stretch-updates/main amd64 Packages
#7 5.271 Ign:12 http://deb.debian.org/debian stretch-updates/main all Packages
#7 5.578 Err:7 http://deb.debian.org/debian stretch/main amd64 Packages
#7 5.578   404  Not Found
#7 5.745 Ign:8 http://deb.debian.org/debian stretch/main all Packages
#7 5.903 Err:10 http://deb.debian.org/debian stretch-updates/main amd64 Packages
#7 5.903   404  Not Found
#7 6.062 Ign:12 http://deb.debian.org/debian stretch-updates/main all Packages
#7 6.065 Reading package lists...
#7 6.075 W: The repository 'http://deb.debian.org/debian stretch Release' does not have a Release file.
#7 6.075 W: The repository 'http://deb.debian.org/debian stretch-updates Release' does not have a Release file.
#7 6.075 W: The repository 'http://security.debian.org/debian-security stretch/updates Release' does not have a Release file.
#7 6.075 E: Failed to fetch http://deb.debian.org/debian/dists/stretch/main/binary-amd64/Packages  404  Not Found
#7 6.075 E: Failed to fetch http://deb.debian.org/debian/dists/stretch-updates/main/binary-amd64/Packages  404  Not Found
#7 6.075 E: Failed to fetch http://security.debian.org/debian-security/dists/stretch/updates/main/binary-amd64/Packages  404  Not Found [IP: 151.101.194.132 80]
#7 6.075 E: Some index files failed to download. They have been ignored, or old ones used instead.
#7 ERROR: process "/bin/sh -c apt-get update" did not complete successfully: exit code: 100
------
 > [2/7] RUN apt-get update:
5.903   404  Not Found
6.062 Ign:12 http://deb.debian.org/debian stretch-updates/main all Packages
6.065 Reading package lists...
6.075 W: The repository 'http://deb.debian.org/debian stretch Release' does not have a Release file.
6.075 W: The repository 'http://deb.debian.org/debian stretch-updates Release' does not have a Release file.
6.075 W: The repository 'http://security.debian.org/debian-security stretch/updates Release' does not have a Release file.
6.075 E: Failed to fetch http://deb.debian.org/debian/dists/stretch/main/binary-amd64/Packages  404  Not Found
6.075 E: Failed to fetch http://deb.debian.org/debian/dists/stretch-updates/main/binary-amd64/Packages  404  Not Found
6.075 E: Failed to fetch http://security.debian.org/debian-security/dists/stretch/updates/main/binary-amd64/Packages  404  Not Found [IP: 151.101.194.132 80]
6.075 E: Some index files failed to download. They have been ignored, or old ones used instead.
------
Dockerfile:5
--------------------
   3 |     MAINTAINER Tristan Teufel <info@teufel-it.de>
   4 |     
   5 | >>> RUN apt-get update
   6 |     RUN apt-get install sqlite3 libcrypto++6 libcurl3 libfuse2 wget btrfs-tools -y
   7 |     
--------------------
ERROR: failed to solve: process "/bin/sh -c apt-get update" did not complete successfully: exit code: 100
Duration: 0:19.19