#0 building with "default" instance using docker driver

#1 [internal] load build definition from v1_Dockerfile
#1 transferring dockerfile: 974B done
#1 DONE 0.0s

#2 [internal] load metadata for docker.io/library/openjdk:8u222-stretch
#2 ...

#3 [auth] library/openjdk:pull token for registry-1.docker.io
#3 DONE 0.0s

#2 [internal] load metadata for docker.io/library/openjdk:8u222-stretch
#2 DONE 1.1s

#4 [internal] load .dockerignore
#4 transferring context: 107B done
#4 DONE 0.0s

#5 [1/4] FROM docker.io/library/openjdk:8u222-stretch@sha256:78b98e5bbeb148a9f46960945da8050da88624d204399dc6f74567ddf72cbd04
#5 resolve docker.io/library/openjdk:8u222-stretch@sha256:78b98e5bbeb148a9f46960945da8050da88624d204399dc6f74567ddf72cbd04 0.0s done
#5 ...

#6 [internal] load build context
#6 transferring context: 875.08kB 0.1s done
#6 DONE 0.1s

#5 [1/4] FROM docker.io/library/openjdk:8u222-stretch@sha256:78b98e5bbeb148a9f46960945da8050da88624d204399dc6f74567ddf72cbd04
#5 sha256:f8f0759202953be4b156f44bba90b682b61f985f9bbc60e7262b216f70dabb96 0B / 4.34MB 0.2s
#5 sha256:9a0b0ce99936ce4861d44ce1f193e881e5b40b5bf1847627061205b092fa7f1d 0B / 45.38MB 0.2s
#5 sha256:db3b6004c61a0e86fbf910b9b4a6611ae79e238a336011a1b5f9b177d85cbf9d 0B / 10.80MB 0.2s
#5 sha256:78b98e5bbeb148a9f46960945da8050da88624d204399dc6f74567ddf72cbd04 320B / 320B done
#5 sha256:c9170435c6535402241fc24cd9b426aa3db527be345231147775ad83ba145705 1.79kB / 1.79kB done
#5 sha256:fcb6c0ce31f9dab3cb3e0230e3b59c1984f443a9ed8b0699bdc08c538bb37732 9.00kB / 9.00kB done
#5 sha256:f8f0759202953be4b156f44bba90b682b61f985f9bbc60e7262b216f70dabb96 4.34MB / 4.34MB 0.3s done
#5 sha256:9a0b0ce99936ce4861d44ce1f193e881e5b40b5bf1847627061205b092fa7f1d 4.19MB / 45.38MB 0.4s
#5 sha256:db3b6004c61a0e86fbf910b9b4a6611ae79e238a336011a1b5f9b177d85cbf9d 6.29MB / 10.80MB 0.4s
#5 sha256:6ef14aff1139e1065ec0928ae1c07f2cff8c2b35e760f4b463df5c64e6ea1101 0B / 50.07MB 0.4s
#5 sha256:db3b6004c61a0e86fbf910b9b4a6611ae79e238a336011a1b5f9b177d85cbf9d 8.39MB / 10.80MB 0.5s
#5 sha256:6ef14aff1139e1065ec0928ae1c07f2cff8c2b35e760f4b463df5c64e6ea1101 4.19MB / 50.07MB 0.5s
#5 sha256:9a0b0ce99936ce4861d44ce1f193e881e5b40b5bf1847627061205b092fa7f1d 15.73MB / 45.38MB 0.7s
#5 sha256:db3b6004c61a0e86fbf910b9b4a6611ae79e238a336011a1b5f9b177d85cbf9d 10.80MB / 10.80MB 0.5s done
#5 sha256:6ef14aff1139e1065ec0928ae1c07f2cff8c2b35e760f4b463df5c64e6ea1101 14.68MB / 50.07MB 0.7s
#5 sha256:962785d3b7f9bd4442aa6df1862d8ad64e0ee1d57ec02d7d82aeecc0a8b0f4d2 1.05MB / 4.94MB 0.7s
#5 sha256:9a0b0ce99936ce4861d44ce1f193e881e5b40b5bf1847627061205b092fa7f1d 25.17MB / 45.38MB 0.9s
#5 sha256:6ef14aff1139e1065ec0928ae1c07f2cff8c2b35e760f4b463df5c64e6ea1101 27.26MB / 50.07MB 0.9s
#5 sha256:962785d3b7f9bd4442aa6df1862d8ad64e0ee1d57ec02d7d82aeecc0a8b0f4d2 4.94MB / 4.94MB 0.8s done
#5 sha256:631589572f9b44b8d0b6c2c6c1fc656fc4ae1669367888bfe622bbea1ca9cc83 0B / 220B 0.9s
#5 sha256:9a0b0ce99936ce4861d44ce1f193e881e5b40b5bf1847627061205b092fa7f1d 33.55MB / 45.38MB 1.1s
#5 sha256:6ef14aff1139e1065ec0928ae1c07f2cff8c2b35e760f4b463df5c64e6ea1101 39.85MB / 50.07MB 1.1s
#5 sha256:631589572f9b44b8d0b6c2c6c1fc656fc4ae1669367888bfe622bbea1ca9cc83 220B / 220B 1.0s done
#5 sha256:faf49cff1a28765cde1767c6c160c8a803b6c32f548b24623ae714e711d164b8 0B / 104.20MB 1.1s
#5 sha256:9a0b0ce99936ce4861d44ce1f193e881e5b40b5bf1847627061205b092fa7f1d 36.70MB / 45.38MB 1.2s
#5 sha256:6ef14aff1139e1065ec0928ae1c07f2cff8c2b35e760f4b463df5c64e6ea1101 47.19MB / 50.07MB 1.2s
#5 sha256:9a0b0ce99936ce4861d44ce1f193e881e5b40b5bf1847627061205b092fa7f1d 41.94MB / 45.38MB 1.3s
#5 sha256:6ef14aff1139e1065ec0928ae1c07f2cff8c2b35e760f4b463df5c64e6ea1101 50.07MB / 50.07MB 1.3s
#5 sha256:9a0b0ce99936ce4861d44ce1f193e881e5b40b5bf1847627061205b092fa7f1d 45.38MB / 45.38MB 1.5s
#5 sha256:6ef14aff1139e1065ec0928ae1c07f2cff8c2b35e760f4b463df5c64e6ea1101 50.07MB / 50.07MB 1.4s done
#5 sha256:faf49cff1a28765cde1767c6c160c8a803b6c32f548b24623ae714e711d164b8 9.44MB / 104.20MB 1.5s
#5 sha256:9a0b0ce99936ce4861d44ce1f193e881e5b40b5bf1847627061205b092fa7f1d 45.38MB / 45.38MB 1.5s done
#5 extracting sha256:9a0b0ce99936ce4861d44ce1f193e881e5b40b5bf1847627061205b092fa7f1d 0.1s
#5 sha256:faf49cff1a28765cde1767c6c160c8a803b6c32f548b24623ae714e711d164b8 16.78MB / 104.20MB 1.7s
#5 sha256:faf49cff1a28765cde1767c6c160c8a803b6c32f548b24623ae714e711d164b8 36.70MB / 104.20MB 2.0s
#5 sha256:faf49cff1a28765cde1767c6c160c8a803b6c32f548b24623ae714e711d164b8 47.19MB / 104.20MB 2.1s
#5 sha256:faf49cff1a28765cde1767c6c160c8a803b6c32f548b24623ae714e711d164b8 56.62MB / 104.20MB 2.2s
#5 sha256:faf49cff1a28765cde1767c6c160c8a803b6c32f548b24623ae714e711d164b8 66.06MB / 104.20MB 2.3s
#5 sha256:faf49cff1a28765cde1767c6c160c8a803b6c32f548b24623ae714e711d164b8 75.50MB / 104.20MB 2.4s
#5 sha256:faf49cff1a28765cde1767c6c160c8a803b6c32f548b24623ae714e711d164b8 94.37MB / 104.20MB 2.6s
#5 sha256:faf49cff1a28765cde1767c6c160c8a803b6c32f548b24623ae714e711d164b8 104.20MB / 104.20MB 2.7s
#5 sha256:faf49cff1a28765cde1767c6c160c8a803b6c32f548b24623ae714e711d164b8 104.20MB / 104.20MB 2.9s done
#5 extracting sha256:9a0b0ce99936ce4861d44ce1f193e881e5b40b5bf1847627061205b092fa7f1d 3.0s done
#5 extracting sha256:db3b6004c61a0e86fbf910b9b4a6611ae79e238a336011a1b5f9b177d85cbf9d
#5 extracting sha256:db3b6004c61a0e86fbf910b9b4a6611ae79e238a336011a1b5f9b177d85cbf9d 0.6s done
#5 extracting sha256:f8f0759202953be4b156f44bba90b682b61f985f9bbc60e7262b216f70dabb96 0.1s
#5 extracting sha256:f8f0759202953be4b156f44bba90b682b61f985f9bbc60e7262b216f70dabb96 0.1s done
#5 extracting sha256:6ef14aff1139e1065ec0928ae1c07f2cff8c2b35e760f4b463df5c64e6ea1101
#5 extracting sha256:6ef14aff1139e1065ec0928ae1c07f2cff8c2b35e760f4b463df5c64e6ea1101 3.3s done
#5 extracting sha256:962785d3b7f9bd4442aa6df1862d8ad64e0ee1d57ec02d7d82aeecc0a8b0f4d2
#5 extracting sha256:962785d3b7f9bd4442aa6df1862d8ad64e0ee1d57ec02d7d82aeecc0a8b0f4d2 0.2s done
#5 extracting sha256:631589572f9b44b8d0b6c2c6c1fc656fc4ae1669367888bfe622bbea1ca9cc83 done
#5 extracting sha256:faf49cff1a28765cde1767c6c160c8a803b6c32f548b24623ae714e711d164b8
#5 extracting sha256:faf49cff1a28765cde1767c6c160c8a803b6c32f548b24623ae714e711d164b8 2.4s done
#5 DONE 12.0s

#7 [2/4] RUN apt-get update &&     apt-get install --no-install-suggests --no-install-recommends -y sudo less zip xxd jq wget unzip &&     apt-get clean -y && rm -rf /var/lib/apt/lists/* &&     wget https://github.com/mikefarah/yq/releases/download/2.4.0/yq_linux_amd64 -O /usr/local/bin/yq &&     chmod +x /usr/local/bin/yq &&     wget https://dl.google.com/android/repository/sdk-tools-linux-4333796.zip -O sdk.zip &&     mkdir -p /root/Android/Sdk /root/.implant &&     unzip sdk.zip -d /root/Android/Sdk &&     rm sdk.zip &&     yes | /root/Android/Sdk/tools/bin/sdkmanager --licenses &&     /root/Android/Sdk/tools/bin/sdkmanager "platform-tools"
#7 0.219 Ign:1 http://security.debian.org/debian-security stretch/updates InRelease
#7 0.221 Ign:2 http://deb.debian.org/debian stretch InRelease
#7 0.233 Ign:3 http://security.debian.org/debian-security stretch/updates Release
#7 0.233 Ign:4 http://deb.debian.org/debian stretch-updates InRelease
#7 0.244 Ign:5 http://security.debian.org/debian-security stretch/updates/main all Packages
#7 0.245 Ign:6 http://deb.debian.org/debian stretch Release
#7 0.256 Ign:7 http://security.debian.org/debian-security stretch/updates/main amd64 Packages
#7 0.259 Ign:8 http://deb.debian.org/debian stretch-updates Release
#7 0.268 Ign:5 http://security.debian.org/debian-security stretch/updates/main all Packages
#7 0.273 Ign:9 http://deb.debian.org/debian stretch/main amd64 Packages
#7 0.279 Ign:7 http://security.debian.org/debian-security stretch/updates/main amd64 Packages
#7 0.285 Ign:10 http://deb.debian.org/debian stretch/main all Packages
#7 0.291 Ign:5 http://security.debian.org/debian-security stretch/updates/main all Packages
#7 0.297 Ign:11 http://deb.debian.org/debian stretch-updates/main amd64 Packages
#7 0.303 Ign:7 http://security.debian.org/debian-security stretch/updates/main amd64 Packages
#7 0.310 Ign:12 http://deb.debian.org/debian stretch-updates/main all Packages
#7 0.316 Ign:5 http://security.debian.org/debian-security stretch/updates/main all Packages
#7 0.329 Ign:7 http://security.debian.org/debian-security stretch/updates/main amd64 Packages
#7 0.342 Ign:5 http://security.debian.org/debian-security stretch/updates/main all Packages
#7 0.355 Ign:7 http://security.debian.org/debian-security stretch/updates/main amd64 Packages
#7 0.365 Ign:5 http://security.debian.org/debian-security stretch/updates/main all Packages
#7 0.378 Err:7 http://security.debian.org/debian-security stretch/updates/main amd64 Packages
#7 0.378   404  Not Found
#7 0.460 Ign:9 http://deb.debian.org/debian stretch/main amd64 Packages
#7 0.476 Ign:10 http://deb.debian.org/debian stretch/main all Packages
#7 0.488 Ign:11 http://deb.debian.org/debian stretch-updates/main amd64 Packages
#7 0.499 Ign:12 http://deb.debian.org/debian stretch-updates/main all Packages
#7 0.512 Ign:9 http://deb.debian.org/debian stretch/main amd64 Packages
#7 0.524 Ign:10 http://deb.debian.org/debian stretch/main all Packages
#7 0.537 Ign:11 http://deb.debian.org/debian stretch-updates/main amd64 Packages
#7 0.550 Ign:12 http://deb.debian.org/debian stretch-updates/main all Packages
#7 0.706 Ign:9 http://deb.debian.org/debian stretch/main amd64 Packages
#7 0.717 Ign:10 http://deb.debian.org/debian stretch/main all Packages
#7 0.729 Ign:11 http://deb.debian.org/debian stretch-updates/main amd64 Packages
#7 0.741 Ign:12 http://deb.debian.org/debian stretch-updates/main all Packages
#7 0.753 Ign:9 http://deb.debian.org/debian stretch/main amd64 Packages
#7 0.765 Ign:10 http://deb.debian.org/debian stretch/main all Packages
#7 0.777 Ign:11 http://deb.debian.org/debian stretch-updates/main amd64 Packages
#7 0.790 Ign:12 http://deb.debian.org/debian stretch-updates/main all Packages
#7 0.801 Err:9 http://deb.debian.org/debian stretch/main amd64 Packages
#7 0.801   404  Not Found
#7 0.824 Ign:10 http://deb.debian.org/debian stretch/main all Packages
#7 0.836 Err:11 http://deb.debian.org/debian stretch-updates/main amd64 Packages
#7 0.836   404  Not Found
#7 0.849 Ign:12 http://deb.debian.org/debian stretch-updates/main all Packages
#7 0.853 Reading package lists...
#7 0.863 W: The repository 'http://security.debian.org/debian-security stretch/updates Release' does not have a Release file.
#7 0.863 W: The repository 'http://deb.debian.org/debian stretch Release' does not have a Release file.
#7 0.863 W: The repository 'http://deb.debian.org/debian stretch-updates Release' does not have a Release file.
#7 0.863 E: Failed to fetch http://security.debian.org/debian-security/dists/stretch/updates/main/binary-amd64/Packages  404  Not Found
#7 0.863 E: Failed to fetch http://deb.debian.org/debian/dists/stretch/main/binary-amd64/Packages  404  Not Found
#7 0.863 E: Failed to fetch http://deb.debian.org/debian/dists/stretch-updates/main/binary-amd64/Packages  404  Not Found
#7 0.863 E: Some index files failed to download. They have been ignored, or old ones used instead.
#7 ERROR: process "/bin/sh -c apt-get update &&     apt-get install --no-install-suggests --no-install-recommends -y sudo less zip xxd jq wget unzip &&     apt-get clean -y && rm -rf /var/lib/apt/lists/* &&     wget $YQ -O /usr/local/bin/yq &&     chmod +x /usr/local/bin/yq &&     wget $SDK -O sdk.zip &&     mkdir -p $ANDROID_HOME /root/.implant &&     unzip sdk.zip -d $ANDROID_HOME &&     rm sdk.zip &&     yes | $ANDROID_HOME/tools/bin/sdkmanager --licenses &&     $ANDROID_HOME/tools/bin/sdkmanager \"platform-tools\"" did not complete successfully: exit code: 100
------
 > [2/4] RUN apt-get update &&     apt-get install --no-install-suggests --no-install-recommends -y sudo less zip xxd jq wget unzip &&     apt-get clean -y && rm -rf /var/lib/apt/lists/* &&     wget https://github.com/mikefarah/yq/releases/download/2.4.0/yq_linux_amd64 -O /usr/local/bin/yq &&     chmod +x /usr/local/bin/yq &&     wget https://dl.google.com/android/repository/sdk-tools-linux-4333796.zip -O sdk.zip &&     mkdir -p /root/Android/Sdk /root/.implant &&     unzip sdk.zip -d /root/Android/Sdk &&     rm sdk.zip &&     yes | /root/Android/Sdk/tools/bin/sdkmanager --licenses &&     /root/Android/Sdk/tools/bin/sdkmanager "platform-tools":
0.836   404  Not Found
0.849 Ign:12 http://deb.debian.org/debian stretch-updates/main all Packages
0.853 Reading package lists...
0.863 W: The repository 'http://security.debian.org/debian-security stretch/updates Release' does not have a Release file.
0.863 W: The repository 'http://deb.debian.org/debian stretch Release' does not have a Release file.
0.863 W: The repository 'http://deb.debian.org/debian stretch-updates Release' does not have a Release file.
0.863 E: Failed to fetch http://security.debian.org/debian-security/dists/stretch/updates/main/binary-amd64/Packages  404  Not Found
0.863 E: Failed to fetch http://deb.debian.org/debian/dists/stretch/main/binary-amd64/Packages  404  Not Found
0.863 E: Failed to fetch http://deb.debian.org/debian/dists/stretch-updates/main/binary-amd64/Packages  404  Not Found
0.863 E: Some index files failed to download. They have been ignored, or old ones used instead.
------
v1_Dockerfile:10
--------------------
   9 |     
  10 | >>> RUN apt-get update && \
  11 | >>>     apt-get install --no-install-suggests --no-install-recommends -y sudo less zip xxd jq wget unzip && \
  12 | >>>     apt-get clean -y && rm -rf /var/lib/apt/lists/* && \
  13 | >>>     wget $YQ -O /usr/local/bin/yq && \
  14 | >>>     chmod +x /usr/local/bin/yq && \
  15 | >>>     wget $SDK -O sdk.zip && \
  16 | >>>     mkdir -p $ANDROID_HOME /root/.implant && \
  17 | >>>     unzip sdk.zip -d $ANDROID_HOME && \
  18 | >>>     rm sdk.zip && \
  19 | >>>     yes | $ANDROID_HOME/tools/bin/sdkmanager --licenses && \
  20 | >>>     $ANDROID_HOME/tools/bin/sdkmanager "platform-tools"
  21 |     
--------------------
ERROR: failed to solve: process "/bin/sh -c apt-get update &&     apt-get install --no-install-suggests --no-install-recommends -y sudo less zip xxd jq wget unzip &&     apt-get clean -y && rm -rf /var/lib/apt/lists/* &&     wget $YQ -O /usr/local/bin/yq &&     chmod +x /usr/local/bin/yq &&     wget $SDK -O sdk.zip &&     mkdir -p $ANDROID_HOME /root/.implant &&     unzip sdk.zip -d $ANDROID_HOME &&     rm sdk.zip &&     yes | $ANDROID_HOME/tools/bin/sdkmanager --licenses &&     $ANDROID_HOME/tools/bin/sdkmanager \"platform-tools\"" did not complete successfully: exit code: 100
Duration: 0:17.31