#0 building with "default" instance using docker driver

#1 [internal] load .dockerignore
#1 transferring context:
#1 transferring context: 2B done
#1 DONE 0.3s

#2 [internal] load build definition from Dockerfile
#2 transferring dockerfile: 361B done
#2 DONE 0.4s

#3 [internal] load metadata for docker.io/library/golang:1.8.1
#3 ...

#4 [auth] library/alpine:pull token for registry-1.docker.io
#4 DONE 0.0s

#5 [auth] library/golang:pull token for registry-1.docker.io
#5 DONE 0.0s

#6 [internal] load metadata for docker.io/library/alpine:3.6
#6 ...

#3 [internal] load metadata for docker.io/library/golang:1.8.1
#3 DONE 1.2s

#6 [internal] load metadata for docker.io/library/alpine:3.6
#6 DONE 1.6s

#7 [internal] load build context
#7 DONE 0.0s

#8 [build 1/5] FROM docker.io/library/golang:1.8.1@sha256:fbc08ed49ead169a4e921192f739af69cb45871af3a51f1334e477482816e34e
#8 resolve docker.io/library/golang:1.8.1@sha256:fbc08ed49ead169a4e921192f739af69cb45871af3a51f1334e477482816e34e 0.1s done
#8 sha256:fbc08ed49ead169a4e921192f739af69cb45871af3a51f1334e477482816e34e 1.79kB / 1.79kB done
#8 sha256:fcef75ee6be1e97a41e5add13be92c4ca4c07c6e2cb31d3a94f8386595476f30 5.34kB / 5.34kB done
#8 sha256:fb5937da9414eeab6d68ce06a7ff60d8be1e2c1518ac2588d5df135ab54a9801 0B / 19.27MB 0.3s
#8 sha256:10a267c67f423630f3afe5e04bbbc93d578861ddcc54283526222f3ad5e895b9 0B / 52.58MB 0.5s
#8 sha256:fb5937da9414eeab6d68ce06a7ff60d8be1e2c1518ac2588d5df135ab54a9801 3.15MB / 19.27MB 0.6s
#8 ...

#7 [internal] load build context
#7 transferring context: 105.63kB 0.4s done
#7 DONE 0.9s

#8 [build 1/5] FROM docker.io/library/golang:1.8.1@sha256:fbc08ed49ead169a4e921192f739af69cb45871af3a51f1334e477482816e34e
#8 sha256:fb5937da9414eeab6d68ce06a7ff60d8be1e2c1518ac2588d5df135ab54a9801 16.78MB / 19.27MB 0.8s
#8 sha256:10a267c67f423630f3afe5e04bbbc93d578861ddcc54283526222f3ad5e895b9 5.24MB / 52.58MB 0.8s
#8 sha256:9021b2326a1e3a942223c7e349a92203df184f2dcca45f5be7b0b80ac50e2ccf 0B / 43.23MB 0.8s
#8 sha256:fb5937da9414eeab6d68ce06a7ff60d8be1e2c1518ac2588d5df135ab54a9801 19.27MB / 19.27MB 1.0s
#8 sha256:10a267c67f423630f3afe5e04bbbc93d578861ddcc54283526222f3ad5e895b9 12.58MB / 52.58MB 1.0s
#8 sha256:9021b2326a1e3a942223c7e349a92203df184f2dcca45f5be7b0b80ac50e2ccf 5.24MB / 43.23MB 1.0s
#8 sha256:fb5937da9414eeab6d68ce06a7ff60d8be1e2c1518ac2588d5df135ab54a9801 19.27MB / 19.27MB 1.2s done
#8 sha256:10a267c67f423630f3afe5e04bbbc93d578861ddcc54283526222f3ad5e895b9 20.97MB / 52.58MB 1.2s
#8 sha256:9021b2326a1e3a942223c7e349a92203df184f2dcca45f5be7b0b80ac50e2ccf 15.73MB / 43.23MB 1.2s
#8 sha256:10a267c67f423630f3afe5e04bbbc93d578861ddcc54283526222f3ad5e895b9 29.36MB / 52.58MB 1.4s
#8 sha256:9021b2326a1e3a942223c7e349a92203df184f2dcca45f5be7b0b80ac50e2ccf 27.26MB / 43.23MB 1.4s
#8 sha256:96109dbc0c87efa909696eecf0f13ae03eb8c777638a5593f49652f718ae27a1 0B / 60.65MB 1.4s
#8 sha256:10a267c67f423630f3afe5e04bbbc93d578861ddcc54283526222f3ad5e895b9 33.55MB / 52.58MB 1.5s
#8 sha256:9021b2326a1e3a942223c7e349a92203df184f2dcca45f5be7b0b80ac50e2ccf 31.46MB / 43.23MB 1.5s
#8 sha256:10a267c67f423630f3afe5e04bbbc93d578861ddcc54283526222f3ad5e895b9 39.85MB / 52.58MB 1.7s
#8 sha256:9021b2326a1e3a942223c7e349a92203df184f2dcca45f5be7b0b80ac50e2ccf 41.94MB / 43.23MB 1.7s
#8 sha256:96109dbc0c87efa909696eecf0f13ae03eb8c777638a5593f49652f718ae27a1 8.39MB / 60.65MB 1.7s
#8 sha256:10a267c67f423630f3afe5e04bbbc93d578861ddcc54283526222f3ad5e895b9 42.99MB / 52.58MB 1.9s
#8 sha256:96109dbc0c87efa909696eecf0f13ae03eb8c777638a5593f49652f718ae27a1 17.83MB / 60.65MB 1.9s
#8 sha256:10a267c67f423630f3afe5e04bbbc93d578861ddcc54283526222f3ad5e895b9 46.14MB / 52.58MB 2.1s
#8 sha256:96109dbc0c87efa909696eecf0f13ae03eb8c777638a5593f49652f718ae27a1 24.12MB / 60.65MB 2.1s
#8 sha256:10a267c67f423630f3afe5e04bbbc93d578861ddcc54283526222f3ad5e895b9 50.33MB / 52.58MB 2.2s
#8 sha256:96109dbc0c87efa909696eecf0f13ae03eb8c777638a5593f49652f718ae27a1 28.31MB / 60.65MB 2.2s
#8 sha256:9021b2326a1e3a942223c7e349a92203df184f2dcca45f5be7b0b80ac50e2ccf 43.23MB / 43.23MB 2.4s done
#8 sha256:96109dbc0c87efa909696eecf0f13ae03eb8c777638a5593f49652f718ae27a1 33.55MB / 60.65MB 2.4s
#8 sha256:96109dbc0c87efa909696eecf0f13ae03eb8c777638a5593f49652f718ae27a1 39.85MB / 60.65MB 2.6s
#8 sha256:96109dbc0c87efa909696eecf0f13ae03eb8c777638a5593f49652f718ae27a1 48.23MB / 60.65MB 2.7s
#8 sha256:96109dbc0c87efa909696eecf0f13ae03eb8c777638a5593f49652f718ae27a1 56.62MB / 60.65MB 2.9s
#8 sha256:96109dbc0c87efa909696eecf0f13ae03eb8c777638a5593f49652f718ae27a1 60.65MB / 60.65MB 3.0s
#8 sha256:10a267c67f423630f3afe5e04bbbc93d578861ddcc54283526222f3ad5e895b9 52.58MB / 52.58MB 3.2s done
#8 sha256:57d8fbf72ff869cf8d6c135135f89f96f54f0fc42e95bee36907e9c0f07aacbe 0B / 91.28MB 3.3s
#8 extracting sha256:10a267c67f423630f3afe5e04bbbc93d578861ddcc54283526222f3ad5e895b9 0.1s
#8 sha256:38d6884234558835c2b01deca20f22e961be0093d11d7930b2d65aa1a848b1ae 0B / 126B 3.4s
#8 sha256:38d6884234558835c2b01deca20f22e961be0093d11d7930b2d65aa1a848b1ae 126B / 126B 3.6s
#8 sha256:57d8fbf72ff869cf8d6c135135f89f96f54f0fc42e95bee36907e9c0f07aacbe 5.24MB / 91.28MB 3.7s
#8 sha256:57d8fbf72ff869cf8d6c135135f89f96f54f0fc42e95bee36907e9c0f07aacbe 11.53MB / 91.28MB 3.9s
#8 sha256:57d8fbf72ff869cf8d6c135135f89f96f54f0fc42e95bee36907e9c0f07aacbe 22.02MB / 91.28MB 4.1s
#8 sha256:96109dbc0c87efa909696eecf0f13ae03eb8c777638a5593f49652f718ae27a1 60.65MB / 60.65MB 4.3s done
#8 sha256:57d8fbf72ff869cf8d6c135135f89f96f54f0fc42e95bee36907e9c0f07aacbe 30.41MB / 91.28MB 4.3s
#8 sha256:57d8fbf72ff869cf8d6c135135f89f96f54f0fc42e95bee36907e9c0f07aacbe 35.65MB / 91.28MB 4.4s
#8 sha256:38d6884234558835c2b01deca20f22e961be0093d11d7930b2d65aa1a848b1ae 126B / 126B 4.4s done
#8 sha256:c9ade847cc747b6b7d0e6612f230243108b524d878d0c7cb28609a150e4f7b71 0B / 1.36kB 4.5s
#8 sha256:57d8fbf72ff869cf8d6c135135f89f96f54f0fc42e95bee36907e9c0f07aacbe 44.04MB / 91.28MB 4.6s
#8 sha256:c9ade847cc747b6b7d0e6612f230243108b524d878d0c7cb28609a150e4f7b71 1.36kB / 1.36kB 4.7s done
#8 sha256:57d8fbf72ff869cf8d6c135135f89f96f54f0fc42e95bee36907e9c0f07aacbe 57.67MB / 91.28MB 4.9s
#8 sha256:57d8fbf72ff869cf8d6c135135f89f96f54f0fc42e95bee36907e9c0f07aacbe 64.54MB / 91.28MB 5.0s
#8 sha256:57d8fbf72ff869cf8d6c135135f89f96f54f0fc42e95bee36907e9c0f07aacbe 72.35MB / 91.28MB 5.1s
#8 sha256:57d8fbf72ff869cf8d6c135135f89f96f54f0fc42e95bee36907e9c0f07aacbe 77.59MB / 91.28MB 5.2s
#8 sha256:57d8fbf72ff869cf8d6c135135f89f96f54f0fc42e95bee36907e9c0f07aacbe 83.89MB / 91.28MB 5.3s
#8 ...

#9 [stage-1 1/3] FROM docker.io/library/alpine:3.6@sha256:66790a2b79e1ea3e1dabac43990c54aca5d1ddf268d9a5a0285e4167c8b24475
#9 resolve docker.io/library/alpine:3.6@sha256:66790a2b79e1ea3e1dabac43990c54aca5d1ddf268d9a5a0285e4167c8b24475 0.5s done
#9 sha256:43773d1dba76c4d537b494a8454558a41729b92aa2ad0feb23521c3e58cd0440 1.51kB / 1.51kB done
#9 sha256:66790a2b79e1ea3e1dabac43990c54aca5d1ddf268d9a5a0285e4167c8b24475 1.41kB / 1.41kB done
#9 sha256:36c3a913e62f77a82582eb7ce30d255f805c3d1e11d58e1f805e14d33c2bc5a5 528B / 528B done
#9 sha256:5a3ea8efae5d0abb93d2a04be0a4870087042b8ecab8001f613cdc2a9440616a 2.02MB / 2.02MB 4.0s done
#9 extracting sha256:5a3ea8efae5d0abb93d2a04be0a4870087042b8ecab8001f613cdc2a9440616a 0.2s done
#9 DONE 5.8s

#8 [build 1/5] FROM docker.io/library/golang:1.8.1@sha256:fbc08ed49ead169a4e921192f739af69cb45871af3a51f1334e477482816e34e
#8 sha256:57d8fbf72ff869cf8d6c135135f89f96f54f0fc42e95bee36907e9c0f07aacbe 91.28MB / 91.28MB 5.5s
#8 extracting sha256:10a267c67f423630f3afe5e04bbbc93d578861ddcc54283526222f3ad5e895b9 3.1s done
#8 sha256:57d8fbf72ff869cf8d6c135135f89f96f54f0fc42e95bee36907e9c0f07aacbe 91.28MB / 91.28MB 7.1s done
#8 extracting sha256:fb5937da9414eeab6d68ce06a7ff60d8be1e2c1518ac2588d5df135ab54a9801
#8 extracting sha256:fb5937da9414eeab6d68ce06a7ff60d8be1e2c1518ac2588d5df135ab54a9801 1.0s done
#8 extracting sha256:9021b2326a1e3a942223c7e349a92203df184f2dcca45f5be7b0b80ac50e2ccf
#8 extracting sha256:9021b2326a1e3a942223c7e349a92203df184f2dcca45f5be7b0b80ac50e2ccf 2.8s done
#8 extracting sha256:96109dbc0c87efa909696eecf0f13ae03eb8c777638a5593f49652f718ae27a1
#8 extracting sha256:96109dbc0c87efa909696eecf0f13ae03eb8c777638a5593f49652f718ae27a1 2.7s done
#8 extracting sha256:57d8fbf72ff869cf8d6c135135f89f96f54f0fc42e95bee36907e9c0f07aacbe
#8 extracting sha256:57d8fbf72ff869cf8d6c135135f89f96f54f0fc42e95bee36907e9c0f07aacbe 5.0s
#8 extracting sha256:57d8fbf72ff869cf8d6c135135f89f96f54f0fc42e95bee36907e9c0f07aacbe 6.8s done
#8 extracting sha256:38d6884234558835c2b01deca20f22e961be0093d11d7930b2d65aa1a848b1ae
#8 extracting sha256:38d6884234558835c2b01deca20f22e961be0093d11d7930b2d65aa1a848b1ae done
#8 extracting sha256:c9ade847cc747b6b7d0e6612f230243108b524d878d0c7cb28609a150e4f7b71
#8 extracting sha256:c9ade847cc747b6b7d0e6612f230243108b524d878d0c7cb28609a150e4f7b71 done
#8 DONE 23.5s

#10 [build 2/5] COPY . /go/src/relevant-xkcd
#10 DONE 20.2s

#11 [build 3/5] WORKDIR /go/src/relevant-xkcd
#11 DONE 0.4s

#12 [build 4/5] RUN go get -v .
#12 0.772 github.com/PuerkitoBio/goquery (download)
#12 3.889 github.com/andybalholm/cascadia (download)
#12 4.752 Fetching https://golang.org/x/net/html?go-get=1
#12 4.904 Parsing meta tags from https://golang.org/x/net/html?go-get=1 (status code 200)
#12 4.904 get "golang.org/x/net/html": found meta tag main.metaImport{Prefix:"golang.org/x/net", VCS:"git", RepoRoot:"https://go.googlesource.com/net"} at https://golang.org/x/net/html?go-get=1
#12 4.904 get "golang.org/x/net/html": verifying non-authoritative meta tag
#12 4.904 Fetching https://golang.org/x/net?go-get=1
#12 4.966 Parsing meta tags from https://golang.org/x/net?go-get=1 (status code 200)
#12 4.966 golang.org/x/net (download)
#12 7.818 Fetching https://golang.org/x/net/html/atom?go-get=1
#12 7.880 Parsing meta tags from https://golang.org/x/net/html/atom?go-get=1 (status code 200)
#12 7.880 get "golang.org/x/net/html/atom": found meta tag main.metaImport{Prefix:"golang.org/x/net", VCS:"git", RepoRoot:"https://go.googlesource.com/net"} at https://golang.org/x/net/html/atom?go-get=1
#12 7.880 get "golang.org/x/net/html/atom": verifying non-authoritative meta tag
#12 7.881 package golang.org/x/net/html/atom: found packages atom (atom.go) and main (gen.go) in /go/src/golang.org/x/net/html/atom
#12 ERROR: process "/bin/sh -c go get -v ." did not complete successfully: exit code: 1
------
 > [build 4/5] RUN go get -v .:
4.904 get "golang.org/x/net/html": found meta tag main.metaImport{Prefix:"golang.org/x/net", VCS:"git", RepoRoot:"https://go.googlesource.com/net"} at https://golang.org/x/net/html?go-get=1
4.904 get "golang.org/x/net/html": verifying non-authoritative meta tag
4.904 Fetching https://golang.org/x/net?go-get=1
4.966 Parsing meta tags from https://golang.org/x/net?go-get=1 (status code 200)
4.966 golang.org/x/net (download)
7.818 Fetching https://golang.org/x/net/html/atom?go-get=1
7.880 Parsing meta tags from https://golang.org/x/net/html/atom?go-get=1 (status code 200)
7.880 get "golang.org/x/net/html/atom": found meta tag main.metaImport{Prefix:"golang.org/x/net", VCS:"git", RepoRoot:"https://go.googlesource.com/net"} at https://golang.org/x/net/html/atom?go-get=1
7.880 get "golang.org/x/net/html/atom": verifying non-authoritative meta tag
7.881 package golang.org/x/net/html/atom: found packages atom (atom.go) and main (gen.go) in /go/src/golang.org/x/net/html/atom
------
Dockerfile:6
--------------------
   4 |     WORKDIR /go/src/relevant-xkcd
   5 |     
   6 | >>> RUN go get -v .
   7 |     RUN go build -ldflags '-linkmode external -extldflags -static -w'
   8 |     
--------------------
ERROR: failed to solve: process "/bin/sh -c go get -v ." did not complete successfully: exit code: 1
Duration: 0:54.91