#0 building with "default" instance using docker driver

#1 [internal] load .dockerignore
#1 transferring context:
#1 transferring context: 2B done
#1 DONE 0.3s

#2 [internal] load build definition from v1_Dockerfile
#2 transferring dockerfile: 400B done
#2 DONE 0.4s

#3 [internal] load metadata for docker.io/library/golang:1.18
#3 DONE 1.4s

#4 [internal] load metadata for docker.io/library/alpine:3.6
#4 DONE 1.5s

#5 [internal] load build context
#5 DONE 0.0s

#6 [build 1/6] FROM docker.io/library/golang:1.18@sha256:50c889275d26f816b5314fc99f55425fa76b18fcaf16af255f5d57f09e1f48da
#6 resolve docker.io/library/golang:1.18@sha256:50c889275d26f816b5314fc99f55425fa76b18fcaf16af255f5d57f09e1f48da
#6 resolve docker.io/library/golang:1.18@sha256:50c889275d26f816b5314fc99f55425fa76b18fcaf16af255f5d57f09e1f48da 0.5s done
#6 sha256:50c889275d26f816b5314fc99f55425fa76b18fcaf16af255f5d57f09e1f48da 2.36kB / 2.36kB done
#6 sha256:740324e52de766f230ad7113fac9028399d6e03af34883de625dc2230ef7927e 1.80kB / 1.80kB done
#6 sha256:c37a56a6d65476eabfb50e74421f16f415093e2d1bdd7f83e8bbb4b1a3eb2109 7.12kB / 7.12kB done
#6 ...

#5 [internal] load build context
#5 transferring context: 106.03kB done
#5 DONE 0.3s

#6 [build 1/6] FROM docker.io/library/golang:1.18@sha256:50c889275d26f816b5314fc99f55425fa76b18fcaf16af255f5d57f09e1f48da
#6 sha256:bbeef03cda1f5d6c9e20c310c1c91382a6b0a1a2501c3436b28152f13896f082 0B / 55.03MB 0.1s
#6 sha256:bbeef03cda1f5d6c9e20c310c1c91382a6b0a1a2501c3436b28152f13896f082 6.29MB / 55.03MB 0.4s
#6 sha256:56261d0e6b05ece42650b14830960db5b42a9f23479d868256f91d96869ac0c2 4.19MB / 10.88MB 0.4s
#6 sha256:f049f75f014ee8fec2d4728b203c9cbee0502ce142aec030f874aa28359e25f1 0B / 5.16MB 0.4s
#6 sha256:bbeef03cda1f5d6c9e20c310c1c91382a6b0a1a2501c3436b28152f13896f082 10.49MB / 55.03MB 0.5s
#6 sha256:56261d0e6b05ece42650b14830960db5b42a9f23479d868256f91d96869ac0c2 9.44MB / 10.88MB 0.5s
#6 sha256:f049f75f014ee8fec2d4728b203c9cbee0502ce142aec030f874aa28359e25f1 1.05MB / 5.16MB 0.5s
#6 sha256:bbeef03cda1f5d6c9e20c310c1c91382a6b0a1a2501c3436b28152f13896f082 17.83MB / 55.03MB 0.6s
#6 sha256:56261d0e6b05ece42650b14830960db5b42a9f23479d868256f91d96869ac0c2 10.88MB / 10.88MB 0.6s
#6 sha256:f049f75f014ee8fec2d4728b203c9cbee0502ce142aec030f874aa28359e25f1 4.42MB / 5.16MB 0.6s
#6 sha256:bbeef03cda1f5d6c9e20c310c1c91382a6b0a1a2501c3436b28152f13896f082 25.17MB / 55.03MB 0.7s
#6 sha256:f049f75f014ee8fec2d4728b203c9cbee0502ce142aec030f874aa28359e25f1 5.16MB / 5.16MB 0.7s
#6 sha256:bbeef03cda1f5d6c9e20c310c1c91382a6b0a1a2501c3436b28152f13896f082 31.46MB / 55.03MB 0.8s
#6 sha256:56261d0e6b05ece42650b14830960db5b42a9f23479d868256f91d96869ac0c2 10.88MB / 10.88MB 0.7s done
#6 sha256:bbeef03cda1f5d6c9e20c310c1c91382a6b0a1a2501c3436b28152f13896f082 40.89MB / 55.03MB 1.0s
#6 sha256:f049f75f014ee8fec2d4728b203c9cbee0502ce142aec030f874aa28359e25f1 5.16MB / 5.16MB 0.9s done
#6 sha256:9bd150679dbdb02d9d4df4457d54211d6ee719ca7bc77747a7be4cd99ae03988 0B / 54.58MB 1.0s
#6 sha256:bfcb68b5bd105d3f88a2c15354cff6c253bedc41d83c1da28b3d686c37cd9103 0B / 85.98MB 1.0s
#6 sha256:bbeef03cda1f5d6c9e20c310c1c91382a6b0a1a2501c3436b28152f13896f082 49.28MB / 55.03MB 1.2s
#6 sha256:9bd150679dbdb02d9d4df4457d54211d6ee719ca7bc77747a7be4cd99ae03988 3.15MB / 54.58MB 1.2s
#6 sha256:bbeef03cda1f5d6c9e20c310c1c91382a6b0a1a2501c3436b28152f13896f082 55.03MB / 55.03MB 1.4s
#6 sha256:9bd150679dbdb02d9d4df4457d54211d6ee719ca7bc77747a7be4cd99ae03988 11.53MB / 54.58MB 1.4s
#6 sha256:bfcb68b5bd105d3f88a2c15354cff6c253bedc41d83c1da28b3d686c37cd9103 8.39MB / 85.98MB 1.4s
#6 sha256:9bd150679dbdb02d9d4df4457d54211d6ee719ca7bc77747a7be4cd99ae03988 20.97MB / 54.58MB 1.6s
#6 sha256:9bd150679dbdb02d9d4df4457d54211d6ee719ca7bc77747a7be4cd99ae03988 27.26MB / 54.58MB 1.7s
#6 sha256:bfcb68b5bd105d3f88a2c15354cff6c253bedc41d83c1da28b3d686c37cd9103 17.83MB / 85.98MB 1.7s
#6 sha256:9bd150679dbdb02d9d4df4457d54211d6ee719ca7bc77747a7be4cd99ae03988 34.60MB / 54.58MB 1.9s
#6 sha256:bfcb68b5bd105d3f88a2c15354cff6c253bedc41d83c1da28b3d686c37cd9103 29.36MB / 85.98MB 1.9s
#6 sha256:bfcb68b5bd105d3f88a2c15354cff6c253bedc41d83c1da28b3d686c37cd9103 37.83MB / 85.98MB 2.0s
#6 sha256:9bd150679dbdb02d9d4df4457d54211d6ee719ca7bc77747a7be4cd99ae03988 44.04MB / 54.58MB 2.2s
#6 sha256:bfcb68b5bd105d3f88a2c15354cff6c253bedc41d83c1da28b3d686c37cd9103 49.28MB / 85.98MB 2.2s
#6 sha256:bbeef03cda1f5d6c9e20c310c1c91382a6b0a1a2501c3436b28152f13896f082 55.03MB / 55.03MB 2.2s done
#6 sha256:9bd150679dbdb02d9d4df4457d54211d6ee719ca7bc77747a7be4cd99ae03988 47.74MB / 54.58MB 2.3s
#6 sha256:bfcb68b5bd105d3f88a2c15354cff6c253bedc41d83c1da28b3d686c37cd9103 55.57MB / 85.98MB 2.3s
#6 sha256:06d0c5d18ef41fa1c2382bd2afd189a01ebfff4910b868879b6dcfeef46bc003 0B / 141.98MB 2.3s
#6 extracting sha256:bbeef03cda1f5d6c9e20c310c1c91382a6b0a1a2501c3436b28152f13896f082
#6 sha256:9bd150679dbdb02d9d4df4457d54211d6ee719ca7bc77747a7be4cd99ae03988 52.43MB / 54.58MB 2.4s
#6 sha256:bfcb68b5bd105d3f88a2c15354cff6c253bedc41d83c1da28b3d686c37cd9103 60.82MB / 85.98MB 2.4s
#6 sha256:bfcb68b5bd105d3f88a2c15354cff6c253bedc41d83c1da28b3d686c37cd9103 69.21MB / 85.98MB 2.6s
#6 sha256:06d0c5d18ef41fa1c2382bd2afd189a01ebfff4910b868879b6dcfeef46bc003 8.39MB / 141.98MB 2.6s
#6 sha256:bfcb68b5bd105d3f88a2c15354cff6c253bedc41d83c1da28b3d686c37cd9103 79.69MB / 85.98MB 2.8s
#6 sha256:06d0c5d18ef41fa1c2382bd2afd189a01ebfff4910b868879b6dcfeef46bc003 15.73MB / 141.98MB 2.8s
#6 sha256:bfcb68b5bd105d3f88a2c15354cff6c253bedc41d83c1da28b3d686c37cd9103 85.98MB / 85.98MB 3.0s
#6 sha256:06d0c5d18ef41fa1c2382bd2afd189a01ebfff4910b868879b6dcfeef46bc003 27.26MB / 141.98MB 3.0s
#6 sha256:06d0c5d18ef41fa1c2382bd2afd189a01ebfff4910b868879b6dcfeef46bc003 39.85MB / 141.98MB 3.3s
#6 sha256:9bd150679dbdb02d9d4df4457d54211d6ee719ca7bc77747a7be4cd99ae03988 54.58MB / 54.58MB 3.3s done
#6 sha256:06d0c5d18ef41fa1c2382bd2afd189a01ebfff4910b868879b6dcfeef46bc003 47.19MB / 141.98MB 3.5s
#6 sha256:06d0c5d18ef41fa1c2382bd2afd189a01ebfff4910b868879b6dcfeef46bc003 57.67MB / 141.98MB 3.7s
#6 sha256:06d0c5d18ef41fa1c2382bd2afd189a01ebfff4910b868879b6dcfeef46bc003 65.01MB / 141.98MB 3.8s
#6 sha256:06d0c5d18ef41fa1c2382bd2afd189a01ebfff4910b868879b6dcfeef46bc003 81.79MB / 141.98MB 4.1s
#6 sha256:06d0c5d18ef41fa1c2382bd2afd189a01ebfff4910b868879b6dcfeef46bc003 90.18MB / 141.98MB 4.3s
#6 sha256:06d0c5d18ef41fa1c2382bd2afd189a01ebfff4910b868879b6dcfeef46bc003 103.81MB / 141.98MB 4.6s
#6 sha256:06d0c5d18ef41fa1c2382bd2afd189a01ebfff4910b868879b6dcfeef46bc003 112.20MB / 141.98MB 4.7s
#6 sha256:bfcb68b5bd105d3f88a2c15354cff6c253bedc41d83c1da28b3d686c37cd9103 85.98MB / 85.98MB 4.8s done
#6 sha256:06d0c5d18ef41fa1c2382bd2afd189a01ebfff4910b868879b6dcfeef46bc003 121.63MB / 141.98MB 4.8s
#6 sha256:06d0c5d18ef41fa1c2382bd2afd189a01ebfff4910b868879b6dcfeef46bc003 132.12MB / 141.98MB 5.0s
#6 sha256:cc7973a07a5b4a44399c5d36fa142f37bb343bb123a3736357365fd9040ca38a 156B / 156B 5.0s
#6 sha256:cc7973a07a5b4a44399c5d36fa142f37bb343bb123a3736357365fd9040ca38a 156B / 156B 5.0s done
#6 sha256:06d0c5d18ef41fa1c2382bd2afd189a01ebfff4910b868879b6dcfeef46bc003 141.98MB / 141.98MB 5.2s
#6 extracting sha256:bbeef03cda1f5d6c9e20c310c1c91382a6b0a1a2501c3436b28152f13896f082 3.0s done
#6 sha256:06d0c5d18ef41fa1c2382bd2afd189a01ebfff4910b868879b6dcfeef46bc003 141.98MB / 141.98MB 7.4s done
#6 extracting sha256:f049f75f014ee8fec2d4728b203c9cbee0502ce142aec030f874aa28359e25f1
#6 ...

#7 [stage-1 1/3] FROM docker.io/library/alpine:3.6@sha256:66790a2b79e1ea3e1dabac43990c54aca5d1ddf268d9a5a0285e4167c8b24475
#7 resolve docker.io/library/alpine:3.6@sha256:66790a2b79e1ea3e1dabac43990c54aca5d1ddf268d9a5a0285e4167c8b24475 0.5s done
#7 sha256:66790a2b79e1ea3e1dabac43990c54aca5d1ddf268d9a5a0285e4167c8b24475 1.41kB / 1.41kB done
#7 sha256:36c3a913e62f77a82582eb7ce30d255f805c3d1e11d58e1f805e14d33c2bc5a5 528B / 528B done
#7 sha256:43773d1dba76c4d537b494a8454558a41729b92aa2ad0feb23521c3e58cd0440 1.51kB / 1.51kB done
#7 sha256:5a3ea8efae5d0abb93d2a04be0a4870087042b8ecab8001f613cdc2a9440616a 2.02MB / 2.02MB 5.2s done
#7 extracting sha256:5a3ea8efae5d0abb93d2a04be0a4870087042b8ecab8001f613cdc2a9440616a 0.2s done
#7 DONE 8.5s

#6 [build 1/6] FROM docker.io/library/golang:1.18@sha256:50c889275d26f816b5314fc99f55425fa76b18fcaf16af255f5d57f09e1f48da
#6 extracting sha256:f049f75f014ee8fec2d4728b203c9cbee0502ce142aec030f874aa28359e25f1 0.3s done
#6 extracting sha256:56261d0e6b05ece42650b14830960db5b42a9f23479d868256f91d96869ac0c2
#6 extracting sha256:56261d0e6b05ece42650b14830960db5b42a9f23479d868256f91d96869ac0c2 0.4s done
#6 extracting sha256:9bd150679dbdb02d9d4df4457d54211d6ee719ca7bc77747a7be4cd99ae03988
#6 extracting sha256:9bd150679dbdb02d9d4df4457d54211d6ee719ca7bc77747a7be4cd99ae03988 4.0s done
#6 extracting sha256:bfcb68b5bd105d3f88a2c15354cff6c253bedc41d83c1da28b3d686c37cd9103
#6 extracting sha256:bfcb68b5bd105d3f88a2c15354cff6c253bedc41d83c1da28b3d686c37cd9103 5.1s
#6 extracting sha256:bfcb68b5bd105d3f88a2c15354cff6c253bedc41d83c1da28b3d686c37cd9103 6.0s done
#6 extracting sha256:06d0c5d18ef41fa1c2382bd2afd189a01ebfff4910b868879b6dcfeef46bc003
#6 extracting sha256:06d0c5d18ef41fa1c2382bd2afd189a01ebfff4910b868879b6dcfeef46bc003 5.0s
#6 extracting sha256:06d0c5d18ef41fa1c2382bd2afd189a01ebfff4910b868879b6dcfeef46bc003 8.5s done
#6 extracting sha256:cc7973a07a5b4a44399c5d36fa142f37bb343bb123a3736357365fd9040ca38a
#6 extracting sha256:cc7973a07a5b4a44399c5d36fa142f37bb343bb123a3736357365fd9040ca38a done
#6 DONE 30.7s

#8 [build 2/6] COPY . /go/src/relevant-xkcd
#8 DONE 26.1s

#9 [build 3/6] WORKDIR /go/src/relevant-xkcd
#9 DONE 0.7s

#10 [build 4/6] RUN go mod init relevant-xkcd || true
#10 3.062 go: creating new go.mod: module relevant-xkcd
#10 3.063 go: to add module requirements and sums:
#10 3.063 	go mod tidy
#10 DONE 3.3s

#11 [build 5/6] RUN go mod tidy
#11 0.745 go: finding module for package github.com/PuerkitoBio/goquery
#11 0.929 go: downloading github.com/PuerkitoBio/goquery v1.9.2
#11 0.973 go: found github.com/PuerkitoBio/goquery in github.com/PuerkitoBio/goquery v1.9.2
#11 0.986 go: downloading github.com/andybalholm/cascadia v1.3.2
#11 0.986 go: downloading golang.org/x/net v0.24.0
#11 DONE 2.2s

#12 [build 6/6] RUN go build -ldflags '-linkmode external -extldflags -static -w'
#12 2.664 # relevant-xkcd
#12 2.664 /usr/bin/ld: /tmp/go-link-3224578419/000004.o: in function `_cgo_6cc2654a8ed3_C2func_getaddrinfo':
#12 2.664 /tmp/go-build/cgo-gcc-prolog:58: warning: Using 'getaddrinfo' in statically linked applications requires at runtime the shared libraries from the glibc version used for linking
#12 DONE 3.1s

#13 [stage-1 2/3] COPY --from=build /go/src/relevant-xkcd/relevant-xkcd /relevant-xkcd/
#13 DONE 0.4s

#14 [stage-1 3/3] WORKDIR /relevant-xkcd
#14 DONE 0.4s

#15 exporting to image
#15 exporting layers
#15 exporting layers 0.4s done
#15 writing image sha256:c31eddc224b19d52cd43125ea724d90427ac2a6326ccd6e1e7080b0ff9b93b44 0.0s done
#15 naming to docker.io/library/image_name_v1_1 0.0s done
#15 DONE 0.4s
Duration: 1:10.07