#0 building with "default" instance using docker driver

#1 [internal] load .dockerignore
#1 transferring context:
#1 transferring context: 2B done
#1 DONE 0.3s

#2 [internal] load build definition from Dockerfile
#2 transferring dockerfile: 1.02kB done
#2 DONE 0.4s

#3 [internal] load metadata for docker.io/library/node:6
#3 ...

#4 [auth] library/node:pull token for registry-1.docker.io
#4 DONE 0.0s

#3 [internal] load metadata for docker.io/library/node:6
#3 DONE 1.4s

#5 [ 1/10] FROM docker.io/library/node:6@sha256:e133e66ec3bfc98da0440e552f452e5cdf6413319d27a2db3b01ac4b319759b3
#5 resolve docker.io/library/node:6@sha256:e133e66ec3bfc98da0440e552f452e5cdf6413319d27a2db3b01ac4b319759b3
#5 resolve docker.io/library/node:6@sha256:e133e66ec3bfc98da0440e552f452e5cdf6413319d27a2db3b01ac4b319759b3 0.2s done
#5 sha256:e133e66ec3bfc98da0440e552f452e5cdf6413319d27a2db3b01ac4b319759b3 2.04kB / 2.04kB done
#5 sha256:92a780ce4191097a1470be20a40a590ac9601e53811c518effeb152ecd41548a 2.01kB / 2.01kB done
#5 sha256:ab290b853066caedc75778bd4839da568ecb2a6b8e27442e0b1ce3c4741f1184 7.34kB / 7.34kB done
#5 sha256:4250b3117dca5e14edc32ebf1366cd54e4cda91f17610b76c504a86917ff8b95 0B / 4.34MB 0.2s
#5 sha256:221d80d00ae9675aad24913aacbadfac1ce8b7084f9765a6c0813486082c5c69 0B / 10.78MB 0.2s
#5 sha256:4250b3117dca5e14edc32ebf1366cd54e4cda91f17610b76c504a86917ff8b95 4.34MB / 4.34MB 0.3s
#5 sha256:221d80d00ae9675aad24913aacbadfac1ce8b7084f9765a6c0813486082c5c69 10.78MB / 10.78MB 0.3s
#5 sha256:c5e155d5a1d130a7f8a3e24cee0d9e1349bff13f90ec6a941478e558fde53c14 4.19MB / 45.34MB 0.3s
#5 sha256:c5e155d5a1d130a7f8a3e24cee0d9e1349bff13f90ec6a941478e558fde53c14 15.73MB / 45.34MB 0.4s
#5 sha256:221d80d00ae9675aad24913aacbadfac1ce8b7084f9765a6c0813486082c5c69 10.78MB / 10.78MB 0.5s done
#5 sha256:c5e155d5a1d130a7f8a3e24cee0d9e1349bff13f90ec6a941478e558fde53c14 26.21MB / 45.34MB 0.6s
#5 sha256:4250b3117dca5e14edc32ebf1366cd54e4cda91f17610b76c504a86917ff8b95 4.34MB / 4.34MB 0.6s done
#5 sha256:c5e155d5a1d130a7f8a3e24cee0d9e1349bff13f90ec6a941478e558fde53c14 45.34MB / 45.34MB 0.8s
#5 sha256:3b7ca19181b24b87e24423c01b490633bc1e47d2fcdc1987bf2e37949d6789b5 0B / 50.07MB 0.8s
#5 sha256:3b7ca19181b24b87e24423c01b490633bc1e47d2fcdc1987bf2e37949d6789b5 18.87MB / 50.07MB 1.0s
#5 sha256:425d7b2a5bcc7e8df5041d66655cd6173c16799afefb1645ca0e0b3fa8a1043d 2.10MB / 215.08MB 1.0s
#5 sha256:3b7ca19181b24b87e24423c01b490633bc1e47d2fcdc1987bf2e37949d6789b5 26.21MB / 50.07MB 1.1s
#5 sha256:3b7ca19181b24b87e24423c01b490633bc1e47d2fcdc1987bf2e37949d6789b5 37.75MB / 50.07MB 1.3s
#5 sha256:425d7b2a5bcc7e8df5041d66655cd6173c16799afefb1645ca0e0b3fa8a1043d 17.83MB / 215.08MB 1.3s
#5 sha256:3b7ca19181b24b87e24423c01b490633bc1e47d2fcdc1987bf2e37949d6789b5 45.09MB / 50.07MB 1.4s
#5 sha256:c5e155d5a1d130a7f8a3e24cee0d9e1349bff13f90ec6a941478e558fde53c14 45.34MB / 45.34MB 1.5s done
#5 sha256:3b7ca19181b24b87e24423c01b490633bc1e47d2fcdc1987bf2e37949d6789b5 50.07MB / 50.07MB 1.5s
#5 sha256:425d7b2a5bcc7e8df5041d66655cd6173c16799afefb1645ca0e0b3fa8a1043d 39.85MB / 215.08MB 1.5s
#5 extracting sha256:c5e155d5a1d130a7f8a3e24cee0d9e1349bff13f90ec6a941478e558fde53c14
#5 sha256:425d7b2a5bcc7e8df5041d66655cd6173c16799afefb1645ca0e0b3fa8a1043d 58.72MB / 215.08MB 1.7s
#5 sha256:425d7b2a5bcc7e8df5041d66655cd6173c16799afefb1645ca0e0b3fa8a1043d 78.64MB / 215.08MB 1.9s
#5 sha256:425d7b2a5bcc7e8df5041d66655cd6173c16799afefb1645ca0e0b3fa8a1043d 109.05MB / 215.08MB 2.2s
#5 sha256:425d7b2a5bcc7e8df5041d66655cd6173c16799afefb1645ca0e0b3fa8a1043d 127.93MB / 215.08MB 2.4s
#5 sha256:3b7ca19181b24b87e24423c01b490633bc1e47d2fcdc1987bf2e37949d6789b5 50.07MB / 50.07MB 2.6s done
#5 sha256:425d7b2a5bcc7e8df5041d66655cd6173c16799afefb1645ca0e0b3fa8a1043d 157.29MB / 215.08MB 2.8s
#5 sha256:425d7b2a5bcc7e8df5041d66655cd6173c16799afefb1645ca0e0b3fa8a1043d 178.26MB / 215.08MB 2.9s
#5 sha256:425d7b2a5bcc7e8df5041d66655cd6173c16799afefb1645ca0e0b3fa8a1043d 198.18MB / 215.08MB 3.1s
#5 sha256:425d7b2a5bcc7e8df5041d66655cd6173c16799afefb1645ca0e0b3fa8a1043d 215.08MB / 215.08MB 3.3s
#5 sha256:69df12c70287cf403446724e92cae1e0aa1c74713e27106525e433037c43a087 0B / 4.16kB 4.4s
#5 sha256:69df12c70287cf403446724e92cae1e0aa1c74713e27106525e433037c43a087 4.16kB / 4.16kB 4.5s
#5 sha256:ea2f5386a42d42ff9729d1cb357ca3741edc32be894150e5024a85655b8523ec 3.10MB / 14.58MB 4.7s
#5 sha256:ea2f5386a42d42ff9729d1cb357ca3741edc32be894150e5024a85655b8523ec 12.58MB / 14.58MB 4.8s
#5 sha256:ea2f5386a42d42ff9729d1cb357ca3741edc32be894150e5024a85655b8523ec 14.58MB / 14.58MB 4.9s
#5 extracting sha256:c5e155d5a1d130a7f8a3e24cee0d9e1349bff13f90ec6a941478e558fde53c14 4.2s done
#5 sha256:425d7b2a5bcc7e8df5041d66655cd6173c16799afefb1645ca0e0b3fa8a1043d 215.08MB / 215.08MB 7.8s done
#5 sha256:69df12c70287cf403446724e92cae1e0aa1c74713e27106525e433037c43a087 4.16kB / 4.16kB 7.9s done
#5 sha256:ea2f5386a42d42ff9729d1cb357ca3741edc32be894150e5024a85655b8523ec 14.58MB / 14.58MB 8.2s done
#5 extracting sha256:221d80d00ae9675aad24913aacbadfac1ce8b7084f9765a6c0813486082c5c69
#5 sha256:d421d2b3c5eb9a47f42f42f82356e2f63b493c49c8bbcc0c070ab4a06446a972 0B / 1.32MB 8.4s
#5 sha256:d421d2b3c5eb9a47f42f42f82356e2f63b493c49c8bbcc0c070ab4a06446a972 1.32MB / 1.32MB 8.4s
#5 sha256:d421d2b3c5eb9a47f42f42f82356e2f63b493c49c8bbcc0c070ab4a06446a972 1.32MB / 1.32MB 8.5s done
#5 extracting sha256:221d80d00ae9675aad24913aacbadfac1ce8b7084f9765a6c0813486082c5c69 0.5s done
#5 extracting sha256:4250b3117dca5e14edc32ebf1366cd54e4cda91f17610b76c504a86917ff8b95
#5 extracting sha256:4250b3117dca5e14edc32ebf1366cd54e4cda91f17610b76c504a86917ff8b95 0.2s done
#5 extracting sha256:3b7ca19181b24b87e24423c01b490633bc1e47d2fcdc1987bf2e37949d6789b5
#5 extracting sha256:3b7ca19181b24b87e24423c01b490633bc1e47d2fcdc1987bf2e37949d6789b5 3.3s done
#5 extracting sha256:425d7b2a5bcc7e8df5041d66655cd6173c16799afefb1645ca0e0b3fa8a1043d
#5 extracting sha256:425d7b2a5bcc7e8df5041d66655cd6173c16799afefb1645ca0e0b3fa8a1043d 5.0s
#5 extracting sha256:425d7b2a5bcc7e8df5041d66655cd6173c16799afefb1645ca0e0b3fa8a1043d 10.0s
#5 extracting sha256:425d7b2a5bcc7e8df5041d66655cd6173c16799afefb1645ca0e0b3fa8a1043d 12.1s done
#5 extracting sha256:69df12c70287cf403446724e92cae1e0aa1c74713e27106525e433037c43a087
#5 extracting sha256:69df12c70287cf403446724e92cae1e0aa1c74713e27106525e433037c43a087 0.1s done
#5 extracting sha256:ea2f5386a42d42ff9729d1cb357ca3741edc32be894150e5024a85655b8523ec
#5 extracting sha256:ea2f5386a42d42ff9729d1cb357ca3741edc32be894150e5024a85655b8523ec 1.1s done
#5 extracting sha256:d421d2b3c5eb9a47f42f42f82356e2f63b493c49c8bbcc0c070ab4a06446a972
#5 extracting sha256:d421d2b3c5eb9a47f42f42f82356e2f63b493c49c8bbcc0c070ab4a06446a972 0.1s done
#5 DONE 29.0s

#6 [ 2/10] RUN apt-get update && apt-get install -y --no-install-recommends     git     unzip     cmake     libv4l-dev     beignet-dev     opencl-headers       && rm -rf /var/lib/apt/lists/*
#6 0.460 Ign:1 http://security.debian.org/debian-security stretch/updates InRelease
#6 0.471 Ign:2 http://security.debian.org/debian-security stretch/updates Release
#6 0.605 Ign:3 http://deb.debian.org/debian stretch InRelease
#6 0.640 Ign:4 http://security.debian.org/debian-security stretch/updates/main all Packages
#6 0.651 Ign:5 http://security.debian.org/debian-security stretch/updates/main amd64 Packages
#6 0.764 Ign:6 http://deb.debian.org/debian stretch-updates InRelease
#6 0.824 Ign:4 http://security.debian.org/debian-security stretch/updates/main all Packages
#6 0.835 Ign:5 http://security.debian.org/debian-security stretch/updates/main amd64 Packages
#6 0.921 Ign:7 http://deb.debian.org/debian stretch Release
#6 1.004 Ign:4 http://security.debian.org/debian-security stretch/updates/main all Packages
#6 1.014 Ign:5 http://security.debian.org/debian-security stretch/updates/main amd64 Packages
#6 1.079 Ign:8 http://deb.debian.org/debian stretch-updates Release
#6 1.183 Ign:4 http://security.debian.org/debian-security stretch/updates/main all Packages
#6 1.194 Ign:5 http://security.debian.org/debian-security stretch/updates/main amd64 Packages
#6 1.237 Ign:9 http://deb.debian.org/debian stretch/main all Packages
#6 1.366 Ign:4 http://security.debian.org/debian-security stretch/updates/main all Packages
#6 1.376 Ign:5 http://security.debian.org/debian-security stretch/updates/main amd64 Packages
#6 1.394 Ign:10 http://deb.debian.org/debian stretch/main amd64 Packages
#6 1.545 Ign:4 http://security.debian.org/debian-security stretch/updates/main all Packages
#6 1.552 Ign:11 http://deb.debian.org/debian stretch-updates/main amd64 Packages
#6 1.555 Err:5 http://security.debian.org/debian-security stretch/updates/main amd64 Packages
#6 1.555   404  Not Found
#6 1.709 Ign:12 http://deb.debian.org/debian stretch-updates/main all Packages
#6 1.867 Ign:9 http://deb.debian.org/debian stretch/main all Packages
#6 2.025 Ign:10 http://deb.debian.org/debian stretch/main amd64 Packages
#6 2.183 Ign:11 http://deb.debian.org/debian stretch-updates/main amd64 Packages
#6 2.340 Ign:12 http://deb.debian.org/debian stretch-updates/main all Packages
#6 2.497 Ign:9 http://deb.debian.org/debian stretch/main all Packages
#6 2.655 Ign:10 http://deb.debian.org/debian stretch/main amd64 Packages
#6 2.813 Ign:11 http://deb.debian.org/debian stretch-updates/main amd64 Packages
#6 2.970 Ign:12 http://deb.debian.org/debian stretch-updates/main all Packages
#6 3.128 Ign:9 http://deb.debian.org/debian stretch/main all Packages
#6 3.287 Ign:10 http://deb.debian.org/debian stretch/main amd64 Packages
#6 3.445 Ign:11 http://deb.debian.org/debian stretch-updates/main amd64 Packages
#6 3.602 Ign:12 http://deb.debian.org/debian stretch-updates/main all Packages
#6 3.759 Ign:9 http://deb.debian.org/debian stretch/main all Packages
#6 3.917 Ign:10 http://deb.debian.org/debian stretch/main amd64 Packages
#6 4.074 Ign:11 http://deb.debian.org/debian stretch-updates/main amd64 Packages
#6 4.231 Ign:12 http://deb.debian.org/debian stretch-updates/main all Packages
#6 4.389 Ign:9 http://deb.debian.org/debian stretch/main all Packages
#6 4.556 Err:10 http://deb.debian.org/debian stretch/main amd64 Packages
#6 4.556   404  Not Found
#6 4.713 Err:11 http://deb.debian.org/debian stretch-updates/main amd64 Packages
#6 4.713   404  Not Found
#6 4.871 Ign:12 http://deb.debian.org/debian stretch-updates/main all Packages
#6 4.875 Reading package lists...
#6 4.888 W: The repository 'http://security.debian.org/debian-security stretch/updates Release' does not have a Release file.
#6 4.888 W: The repository 'http://deb.debian.org/debian stretch Release' does not have a Release file.
#6 4.888 W: The repository 'http://deb.debian.org/debian stretch-updates Release' does not have a Release file.
#6 4.888 E: Failed to fetch http://security.debian.org/debian-security/dists/stretch/updates/main/binary-amd64/Packages  404  Not Found
#6 4.888 E: Failed to fetch http://deb.debian.org/debian/dists/stretch/main/binary-amd64/Packages  404  Not Found
#6 4.888 E: Failed to fetch http://deb.debian.org/debian/dists/stretch-updates/main/binary-amd64/Packages  404  Not Found
#6 4.888 E: Some index files failed to download. They have been ignored, or old ones used instead.
#6 ERROR: process "/bin/sh -c apt-get update && apt-get install -y --no-install-recommends     git     unzip     cmake     libv4l-dev     beignet-dev     opencl-headers       && rm -rf /var/lib/apt/lists/*" did not complete successfully: exit code: 100
------
 > [ 2/10] RUN apt-get update && apt-get install -y --no-install-recommends     git     unzip     cmake     libv4l-dev     beignet-dev     opencl-headers       && rm -rf /var/lib/apt/lists/*:
4.713   404  Not Found
4.871 Ign:12 http://deb.debian.org/debian stretch-updates/main all Packages
4.875 Reading package lists...
4.888 W: The repository 'http://security.debian.org/debian-security stretch/updates Release' does not have a Release file.
4.888 W: The repository 'http://deb.debian.org/debian stretch Release' does not have a Release file.
4.888 W: The repository 'http://deb.debian.org/debian stretch-updates Release' does not have a Release file.
4.888 E: Failed to fetch http://security.debian.org/debian-security/dists/stretch/updates/main/binary-amd64/Packages  404  Not Found
4.888 E: Failed to fetch http://deb.debian.org/debian/dists/stretch/main/binary-amd64/Packages  404  Not Found
4.888 E: Failed to fetch http://deb.debian.org/debian/dists/stretch-updates/main/binary-amd64/Packages  404  Not Found
4.888 E: Some index files failed to download. They have been ignored, or old ones used instead.
------
Dockerfile:7
--------------------
   6 |     
   7 | >>> RUN apt-get update && apt-get install -y --no-install-recommends \
   8 | >>>     git \
   9 | >>>     unzip \
  10 | >>>     cmake \
  11 | >>>     libv4l-dev \
  12 | >>>     beignet-dev \
  13 | >>>     opencl-headers \
  14 | >>>     \
  15 | >>>   && rm -rf /var/lib/apt/lists/*
  16 |     
--------------------
ERROR: failed to solve: process "/bin/sh -c apt-get update && apt-get install -y --no-install-recommends     git     unzip     cmake     libv4l-dev     beignet-dev     opencl-headers       && rm -rf /var/lib/apt/lists/*" did not complete successfully: exit code: 100
Duration: 0:56.89