#0 building with "default" instance using docker driver

#1 [internal] load build definition from Dockerfile
#1 transferring dockerfile:
#1 transferring dockerfile: 625B done
#1 DONE 0.4s

#2 [internal] load .dockerignore
#2 transferring context: 116B done
#2 DONE 0.3s

#3 [internal] load metadata for docker.io/library/python:3.7-slim-stretch
#3 ...

#4 [auth] library/python:pull token for registry-1.docker.io
#4 DONE 0.0s

#3 [internal] load metadata for docker.io/library/python:3.7-slim-stretch
#3 DONE 1.5s

#5 [1/6] FROM docker.io/library/python:3.7-slim-stretch@sha256:649b13bc3e6a70f7722d5eba4d78afbf4e9cec63193a29148271124840013286
#5 resolve docker.io/library/python:3.7-slim-stretch@sha256:649b13bc3e6a70f7722d5eba4d78afbf4e9cec63193a29148271124840013286
#5 ...

#6 [internal] load build context
#6 transferring context: 62.98kB done
#6 DONE 0.2s

#5 [1/6] FROM docker.io/library/python:3.7-slim-stretch@sha256:649b13bc3e6a70f7722d5eba4d78afbf4e9cec63193a29148271124840013286
#5 resolve docker.io/library/python:3.7-slim-stretch@sha256:649b13bc3e6a70f7722d5eba4d78afbf4e9cec63193a29148271124840013286 0.4s done
#5 sha256:649b13bc3e6a70f7722d5eba4d78afbf4e9cec63193a29148271124840013286 1.22kB / 1.22kB done
#5 sha256:ed44d2c71dfbef1b1750b809acaab7242f367dee79c9ea650ad469467b37e548 1.37kB / 1.37kB done
#5 sha256:80b07211911eba00ca32c3004f39973501a2e2126a379d90c7f9f02477f41ead 8.31kB / 8.31kB done
#5 sha256:778066204fb734c2fb80cb8127cb35d67d742806a4eaf1aba0b5393c4ae6f2a4 0B / 22.53MB 0.2s
#5 sha256:0036158cfada887e9e472c44b22307e0b37f084c2ab602660a4cf0d12ca8003c 0B / 2.51MB 0.2s
#5 sha256:0036158cfada887e9e472c44b22307e0b37f084c2ab602660a4cf0d12ca8003c 2.51MB / 2.51MB 0.3s
#5 sha256:4641e3c54218af3381125ac68b20f61e549f2806036b497cd046a6d99ae2d48f 0B / 10.00MB 0.3s
#5 sha256:778066204fb734c2fb80cb8127cb35d67d742806a4eaf1aba0b5393c4ae6f2a4 16.78MB / 22.53MB 0.4s
#5 sha256:0036158cfada887e9e472c44b22307e0b37f084c2ab602660a4cf0d12ca8003c 2.51MB / 2.51MB 0.3s done
#5 sha256:4641e3c54218af3381125ac68b20f61e549f2806036b497cd046a6d99ae2d48f 5.24MB / 10.00MB 0.4s
#5 sha256:d63de095ae3f46f99183b10d1c1518c7d55565bf70d7d1065ef4b403f4cb05b7 0B / 240B 0.4s
#5 sha256:778066204fb734c2fb80cb8127cb35d67d742806a4eaf1aba0b5393c4ae6f2a4 22.53MB / 22.53MB 0.6s
#5 sha256:4641e3c54218af3381125ac68b20f61e549f2806036b497cd046a6d99ae2d48f 10.00MB / 10.00MB 0.6s
#5 sha256:d63de095ae3f46f99183b10d1c1518c7d55565bf70d7d1065ef4b403f4cb05b7 240B / 240B 0.6s done
#5 sha256:778066204fb734c2fb80cb8127cb35d67d742806a4eaf1aba0b5393c4ae6f2a4 22.53MB / 22.53MB 0.9s done
#5 extracting sha256:778066204fb734c2fb80cb8127cb35d67d742806a4eaf1aba0b5393c4ae6f2a4
#5 sha256:4641e3c54218af3381125ac68b20f61e549f2806036b497cd046a6d99ae2d48f 10.00MB / 10.00MB 1.1s done
#5 sha256:a638abaa6c1a9eefdbea898053b4f18de3641beee2f30d632944036278582c42 0B / 2.63MB 1.2s
#5 sha256:a638abaa6c1a9eefdbea898053b4f18de3641beee2f30d632944036278582c42 2.63MB / 2.63MB 1.4s
#5 sha256:a638abaa6c1a9eefdbea898053b4f18de3641beee2f30d632944036278582c42 2.63MB / 2.63MB 1.5s done
#5 extracting sha256:778066204fb734c2fb80cb8127cb35d67d742806a4eaf1aba0b5393c4ae6f2a4 1.5s done
#5 extracting sha256:0036158cfada887e9e472c44b22307e0b37f084c2ab602660a4cf0d12ca8003c
#5 extracting sha256:0036158cfada887e9e472c44b22307e0b37f084c2ab602660a4cf0d12ca8003c 0.2s done
#5 extracting sha256:4641e3c54218af3381125ac68b20f61e549f2806036b497cd046a6d99ae2d48f
#5 extracting sha256:4641e3c54218af3381125ac68b20f61e549f2806036b497cd046a6d99ae2d48f 1.7s done
#5 extracting sha256:d63de095ae3f46f99183b10d1c1518c7d55565bf70d7d1065ef4b403f4cb05b7
#5 extracting sha256:d63de095ae3f46f99183b10d1c1518c7d55565bf70d7d1065ef4b403f4cb05b7 done
#5 extracting sha256:a638abaa6c1a9eefdbea898053b4f18de3641beee2f30d632944036278582c42
#5 extracting sha256:a638abaa6c1a9eefdbea898053b4f18de3641beee2f30d632944036278582c42 0.3s done
#5 DONE 6.9s

#7 [2/6] WORKDIR /app
#7 DONE 2.8s

#8 [3/6] RUN set -x && apt-get update && apt-get -y --no-install-recommends install dumb-init libsodium18 && apt-get -y autoremove && apt-get -y clean && rm -rf /var/lib/apt/lists/* && rm -rf /tmp/* && rm -rf /var/tmp/* && useradd -M --home-dir /app tellstick   ;
#8 0.527 + apt-get update
#8 0.569 Ign:1 http://deb.debian.org/debian stretch InRelease
#8 0.570 Ign:2 http://security.debian.org/debian-security stretch/updates InRelease
#8 0.579 Ign:3 http://deb.debian.org/debian stretch-updates InRelease
#8 0.580 Ign:4 http://security.debian.org/debian-security stretch/updates Release
#8 0.589 Ign:5 http://deb.debian.org/debian stretch Release
#8 0.591 Ign:6 http://security.debian.org/debian-security stretch/updates/main all Packages
#8 0.599 Ign:7 http://deb.debian.org/debian stretch-updates Release
#8 0.602 Ign:8 http://security.debian.org/debian-security stretch/updates/main amd64 Packages
#8 0.609 Ign:9 http://deb.debian.org/debian stretch/main all Packages
#8 0.613 Ign:6 http://security.debian.org/debian-security stretch/updates/main all Packages
#8 0.620 Ign:10 http://deb.debian.org/debian stretch/main amd64 Packages
#8 0.623 Ign:8 http://security.debian.org/debian-security stretch/updates/main amd64 Packages
#8 0.630 Ign:11 http://deb.debian.org/debian stretch-updates/main all Packages
#8 0.633 Ign:6 http://security.debian.org/debian-security stretch/updates/main all Packages
#8 0.640 Ign:12 http://deb.debian.org/debian stretch-updates/main amd64 Packages
#8 0.643 Ign:8 http://security.debian.org/debian-security stretch/updates/main amd64 Packages
#8 0.650 Ign:9 http://deb.debian.org/debian stretch/main all Packages
#8 0.653 Ign:6 http://security.debian.org/debian-security stretch/updates/main all Packages
#8 0.660 Ign:10 http://deb.debian.org/debian stretch/main amd64 Packages
#8 0.664 Ign:8 http://security.debian.org/debian-security stretch/updates/main amd64 Packages
#8 0.669 Ign:11 http://deb.debian.org/debian stretch-updates/main all Packages
#8 0.674 Ign:6 http://security.debian.org/debian-security stretch/updates/main all Packages
#8 0.680 Ign:12 http://deb.debian.org/debian stretch-updates/main amd64 Packages
#8 0.684 Ign:8 http://security.debian.org/debian-security stretch/updates/main amd64 Packages
#8 0.690 Ign:9 http://deb.debian.org/debian stretch/main all Packages
#8 0.694 Ign:6 http://security.debian.org/debian-security stretch/updates/main all Packages
#8 0.700 Ign:10 http://deb.debian.org/debian stretch/main amd64 Packages
#8 0.705 Err:8 http://security.debian.org/debian-security stretch/updates/main amd64 Packages
#8 0.705   404  Not Found
#8 0.709 Ign:11 http://deb.debian.org/debian stretch-updates/main all Packages
#8 0.719 Ign:12 http://deb.debian.org/debian stretch-updates/main amd64 Packages
#8 0.730 Ign:9 http://deb.debian.org/debian stretch/main all Packages
#8 0.739 Ign:10 http://deb.debian.org/debian stretch/main amd64 Packages
#8 0.749 Ign:11 http://deb.debian.org/debian stretch-updates/main all Packages
#8 0.760 Ign:12 http://deb.debian.org/debian stretch-updates/main amd64 Packages
#8 0.770 Ign:9 http://deb.debian.org/debian stretch/main all Packages
#8 0.780 Ign:10 http://deb.debian.org/debian stretch/main amd64 Packages
#8 0.790 Ign:11 http://deb.debian.org/debian stretch-updates/main all Packages
#8 0.800 Ign:12 http://deb.debian.org/debian stretch-updates/main amd64 Packages
#8 0.810 Ign:9 http://deb.debian.org/debian stretch/main all Packages
#8 0.829 Err:10 http://deb.debian.org/debian stretch/main amd64 Packages
#8 0.829   404  Not Found
#8 0.840 Ign:11 http://deb.debian.org/debian stretch-updates/main all Packages
#8 0.850 Err:12 http://deb.debian.org/debian stretch-updates/main amd64 Packages
#8 0.850   404  Not Found
#8 0.854 Reading package lists...
#8 0.864 W: The repository 'http://security.debian.org/debian-security stretch/updates Release' does not have a Release file.
#8 0.864 W: The repository 'http://deb.debian.org/debian stretch Release' does not have a Release file.
#8 0.864 W: The repository 'http://deb.debian.org/debian stretch-updates Release' does not have a Release file.
#8 0.864 E: Failed to fetch http://security.debian.org/debian-security/dists/stretch/updates/main/binary-amd64/Packages  404  Not Found
#8 0.864 E: Failed to fetch http://deb.debian.org/debian/dists/stretch/main/binary-amd64/Packages  404  Not Found
#8 0.864 E: Failed to fetch http://deb.debian.org/debian/dists/stretch-updates/main/binary-amd64/Packages  404  Not Found
#8 0.864 E: Some index files failed to download. They have been ignored, or old ones used instead.
#8 ERROR: process "/bin/sh -c set -x && apt-get update && apt-get -y --no-install-recommends install dumb-init libsodium18 && apt-get -y autoremove && apt-get -y clean && rm -rf /var/lib/apt/lists/* && rm -rf /tmp/* && rm -rf /var/tmp/* && useradd -M --home-dir /app tellstick   ;" did not complete successfully: exit code: 100
------
 > [3/6] RUN set -x && apt-get update && apt-get -y --no-install-recommends install dumb-init libsodium18 && apt-get -y autoremove && apt-get -y clean && rm -rf /var/lib/apt/lists/* && rm -rf /tmp/* && rm -rf /var/tmp/* && useradd -M --home-dir /app tellstick   ;:
0.850 Err:12 http://deb.debian.org/debian stretch-updates/main amd64 Packages
0.850   404  Not Found
0.854 Reading package lists...
0.864 W: The repository 'http://security.debian.org/debian-security stretch/updates Release' does not have a Release file.
0.864 W: The repository 'http://deb.debian.org/debian stretch Release' does not have a Release file.
0.864 W: The repository 'http://deb.debian.org/debian stretch-updates Release' does not have a Release file.
0.864 E: Failed to fetch http://security.debian.org/debian-security/dists/stretch/updates/main/binary-amd64/Packages  404  Not Found
0.864 E: Failed to fetch http://deb.debian.org/debian/dists/stretch/main/binary-amd64/Packages  404  Not Found
0.864 E: Failed to fetch http://deb.debian.org/debian/dists/stretch-updates/main/binary-amd64/Packages  404  Not Found
0.864 E: Some index files failed to download. They have been ignored, or old ones used instead.
------
Dockerfile:5
--------------------
   4 |     
   5 | >>> RUN set -x \
   6 | >>> && apt-get update \
   7 | >>> && apt-get -y --no-install-recommends install dumb-init libsodium18 \
   8 | >>> && apt-get -y autoremove \
   9 | >>> && apt-get -y clean \
  10 | >>> && rm -rf /var/lib/apt/lists/* \
  11 | >>> && rm -rf /tmp/* \
  12 | >>> && rm -rf /var/tmp/* \
  13 | >>> && useradd -M --home-dir /app tellstick \
  14 | >>>   ;
  15 |     
--------------------
ERROR: failed to solve: process "/bin/sh -c set -x && apt-get update && apt-get -y --no-install-recommends install dumb-init libsodium18 && apt-get -y autoremove && apt-get -y clean && rm -rf /var/lib/apt/lists/* && rm -rf /tmp/* && rm -rf /var/tmp/* && useradd -M --home-dir /app tellstick   ;" did not complete successfully: exit code: 100
Duration: 0:13.16