#0 building with "default" instance using docker driver

#1 [internal] load .dockerignore
#1 transferring context: 2B done
#1 DONE 0.4s

#2 [internal] load build definition from v1_Dockerfile
#2 transferring dockerfile: 151B 0.0s done
#2 DONE 0.3s

#3 [auth] library/node:pull token for registry-1.docker.io
#3 DONE 0.0s

#4 [internal] load metadata for docker.io/library/node:14
#4 DONE 1.4s

#5 [1/5] FROM docker.io/library/node:14@sha256:a158d3b9b4e3fa813fa6c8c590b8f0a860e015ad4e59bbce5744d2f6fd8461aa
#5 resolve docker.io/library/node:14@sha256:a158d3b9b4e3fa813fa6c8c590b8f0a860e015ad4e59bbce5744d2f6fd8461aa
#5 resolve docker.io/library/node:14@sha256:a158d3b9b4e3fa813fa6c8c590b8f0a860e015ad4e59bbce5744d2f6fd8461aa 1.5s done
#5 ...

#6 [internal] load build context
#6 transferring context: 25.14MB 1.7s done
#6 DONE 2.0s

#5 [1/5] FROM docker.io/library/node:14@sha256:a158d3b9b4e3fa813fa6c8c590b8f0a860e015ad4e59bbce5744d2f6fd8461aa
#5 sha256:1d12470fa662a2a5cb50378dcdc8ea228c1735747db410bbefb8e2d9144b5452 7.51kB / 7.51kB done
#5 sha256:a158d3b9b4e3fa813fa6c8c590b8f0a860e015ad4e59bbce5744d2f6fd8461aa 776B / 776B done
#5 sha256:2cafa3fbb0b6529ee4726b4f599ec27ee557ea3dea7019182323b3779959927f 2.21kB / 2.21kB done
#5 sha256:2ff1d7c41c74a25258bfa6f0b8adb0a727f84518f55f65ca845ebc747976c408 2.10MB / 50.45MB 0.3s
#5 sha256:b253aeafeaa7e0671bb60008df01de101a38a045ff7bc656e3b0fbfc7c05cca5 0B / 7.86MB 0.3s
#5 sha256:3d2201bd995cccf12851a50820de03d34a17011dcbb9ac9fdf3a50c952cbb131 0B / 10.00MB 0.3s
#5 sha256:2ff1d7c41c74a25258bfa6f0b8adb0a727f84518f55f65ca845ebc747976c408 8.39MB / 50.45MB 0.4s
#5 sha256:b253aeafeaa7e0671bb60008df01de101a38a045ff7bc656e3b0fbfc7c05cca5 1.05MB / 7.86MB 0.4s
#5 sha256:2ff1d7c41c74a25258bfa6f0b8adb0a727f84518f55f65ca845ebc747976c408 15.73MB / 50.45MB 0.5s
#5 sha256:b253aeafeaa7e0671bb60008df01de101a38a045ff7bc656e3b0fbfc7c05cca5 5.26MB / 7.86MB 0.5s
#5 sha256:2ff1d7c41c74a25258bfa6f0b8adb0a727f84518f55f65ca845ebc747976c408 27.26MB / 50.45MB 0.7s
#5 sha256:b253aeafeaa7e0671bb60008df01de101a38a045ff7bc656e3b0fbfc7c05cca5 7.86MB / 7.86MB 0.7s
#5 sha256:3d2201bd995cccf12851a50820de03d34a17011dcbb9ac9fdf3a50c952cbb131 8.39MB / 10.00MB 0.7s
#5 sha256:2ff1d7c41c74a25258bfa6f0b8adb0a727f84518f55f65ca845ebc747976c408 32.51MB / 50.45MB 0.8s
#5 sha256:3d2201bd995cccf12851a50820de03d34a17011dcbb9ac9fdf3a50c952cbb131 10.00MB / 10.00MB 0.8s
#5 sha256:2ff1d7c41c74a25258bfa6f0b8adb0a727f84518f55f65ca845ebc747976c408 38.80MB / 50.45MB 0.9s
#5 sha256:b253aeafeaa7e0671bb60008df01de101a38a045ff7bc656e3b0fbfc7c05cca5 7.86MB / 7.86MB 0.7s done
#5 sha256:1de76e268b103d05fa8960e0f77951ff54b912b63429c34f5d6adfd09f5f9ee2 0B / 51.88MB 0.9s
#5 sha256:2ff1d7c41c74a25258bfa6f0b8adb0a727f84518f55f65ca845ebc747976c408 49.28MB / 50.45MB 1.1s
#5 sha256:3d2201bd995cccf12851a50820de03d34a17011dcbb9ac9fdf3a50c952cbb131 10.00MB / 10.00MB 1.0s done
#5 sha256:1de76e268b103d05fa8960e0f77951ff54b912b63429c34f5d6adfd09f5f9ee2 6.29MB / 51.88MB 1.1s
#5 sha256:1de76e268b103d05fa8960e0f77951ff54b912b63429c34f5d6adfd09f5f9ee2 11.53MB / 51.88MB 1.2s
#5 sha256:d9a8df5894511ce28a05e2925a75e8a4acbd0634c39ad734fdfba8e23d1b1569 0B / 191.85MB 1.2s
#5 sha256:1de76e268b103d05fa8960e0f77951ff54b912b63429c34f5d6adfd09f5f9ee2 23.07MB / 51.88MB 1.4s
#5 sha256:1de76e268b103d05fa8960e0f77951ff54b912b63429c34f5d6adfd09f5f9ee2 36.70MB / 51.88MB 1.6s
#5 sha256:d9a8df5894511ce28a05e2925a75e8a4acbd0634c39ad734fdfba8e23d1b1569 18.87MB / 191.85MB 1.6s
#5 sha256:1de76e268b103d05fa8960e0f77951ff54b912b63429c34f5d6adfd09f5f9ee2 40.89MB / 51.88MB 1.7s
#5 sha256:1de76e268b103d05fa8960e0f77951ff54b912b63429c34f5d6adfd09f5f9ee2 50.33MB / 51.88MB 1.9s
#5 sha256:d9a8df5894511ce28a05e2925a75e8a4acbd0634c39ad734fdfba8e23d1b1569 31.46MB / 191.85MB 1.9s
#5 sha256:2ff1d7c41c74a25258bfa6f0b8adb0a727f84518f55f65ca845ebc747976c408 50.45MB / 50.45MB 1.8s done
#5 sha256:6f51ee005deac0d99898e41b8ce60ebf250ebe1a31a0b03f613aec6bbc9b83d8 0B / 4.19kB 2.0s
#5 sha256:d9a8df5894511ce28a05e2925a75e8a4acbd0634c39ad734fdfba8e23d1b1569 49.28MB / 191.85MB 2.2s
#5 sha256:6f51ee005deac0d99898e41b8ce60ebf250ebe1a31a0b03f613aec6bbc9b83d8 4.19kB / 4.19kB 2.2s
#5 sha256:d9a8df5894511ce28a05e2925a75e8a4acbd0634c39ad734fdfba8e23d1b1569 60.82MB / 191.85MB 2.4s
#5 extracting sha256:2ff1d7c41c74a25258bfa6f0b8adb0a727f84518f55f65ca845ebc747976c408 0.1s
#5 sha256:d9a8df5894511ce28a05e2925a75e8a4acbd0634c39ad734fdfba8e23d1b1569 71.30MB / 191.85MB 2.6s
#5 sha256:d9a8df5894511ce28a05e2925a75e8a4acbd0634c39ad734fdfba8e23d1b1569 84.93MB / 191.85MB 2.9s
#5 sha256:d9a8df5894511ce28a05e2925a75e8a4acbd0634c39ad734fdfba8e23d1b1569 96.47MB / 191.85MB 3.1s
#5 sha256:d9a8df5894511ce28a05e2925a75e8a4acbd0634c39ad734fdfba8e23d1b1569 108.00MB / 191.85MB 3.3s
#5 sha256:d9a8df5894511ce28a05e2925a75e8a4acbd0634c39ad734fdfba8e23d1b1569 120.59MB / 191.85MB 3.5s
#5 sha256:d9a8df5894511ce28a05e2925a75e8a4acbd0634c39ad734fdfba8e23d1b1569 131.07MB / 191.85MB 3.7s
#5 sha256:d9a8df5894511ce28a05e2925a75e8a4acbd0634c39ad734fdfba8e23d1b1569 143.65MB / 191.85MB 3.9s
#5 sha256:d9a8df5894511ce28a05e2925a75e8a4acbd0634c39ad734fdfba8e23d1b1569 161.48MB / 191.85MB 4.2s
#5 sha256:1de76e268b103d05fa8960e0f77951ff54b912b63429c34f5d6adfd09f5f9ee2 51.88MB / 51.88MB 3.3s done
#5 sha256:d9a8df5894511ce28a05e2925a75e8a4acbd0634c39ad734fdfba8e23d1b1569 179.31MB / 191.85MB 4.5s
#5 sha256:d9a8df5894511ce28a05e2925a75e8a4acbd0634c39ad734fdfba8e23d1b1569 191.85MB / 191.85MB 4.8s
#5 sha256:5f32ed3c3f278edda4fc571c880b5277355a29ae8f52b52cdf865f058378a590 0B / 35.24MB 6.1s
#5 sha256:6f51ee005deac0d99898e41b8ce60ebf250ebe1a31a0b03f613aec6bbc9b83d8 4.19kB / 4.19kB 6.1s done
#5 sha256:5f32ed3c3f278edda4fc571c880b5277355a29ae8f52b52cdf865f058378a590 4.19MB / 35.24MB 6.3s
#5 sha256:5f32ed3c3f278edda4fc571c880b5277355a29ae8f52b52cdf865f058378a590 14.68MB / 35.24MB 6.5s
#5 sha256:5f32ed3c3f278edda4fc571c880b5277355a29ae8f52b52cdf865f058378a590 18.87MB / 35.24MB 6.6s
#5 sha256:5f32ed3c3f278edda4fc571c880b5277355a29ae8f52b52cdf865f058378a590 24.12MB / 35.24MB 6.7s
#5 sha256:5f32ed3c3f278edda4fc571c880b5277355a29ae8f52b52cdf865f058378a590 28.31MB / 35.24MB 6.8s
#5 sha256:5f32ed3c3f278edda4fc571c880b5277355a29ae8f52b52cdf865f058378a590 35.24MB / 35.24MB 7.0s
#5 extracting sha256:2ff1d7c41c74a25258bfa6f0b8adb0a727f84518f55f65ca845ebc747976c408 5.3s
#5 sha256:d9a8df5894511ce28a05e2925a75e8a4acbd0634c39ad734fdfba8e23d1b1569 191.85MB / 191.85MB 9.0s done
#5 sha256:0d27a8e861329007574c6766fba946d48e20d2c8e964e873de352603f22c4ceb 0B / 450B 9.1s
#5 sha256:0d27a8e861329007574c6766fba946d48e20d2c8e964e873de352603f22c4ceb 450B / 450B 9.3s
#5 sha256:5f32ed3c3f278edda4fc571c880b5277355a29ae8f52b52cdf865f058378a590 35.24MB / 35.24MB 9.6s done
#5 sha256:0d27a8e861329007574c6766fba946d48e20d2c8e964e873de352603f22c4ceb 450B / 450B 9.7s done
#5 sha256:0c8cc2f24a4dcb64e602e086fc9446b0a541e8acd9ad72d2e90df3ba22f158b3 0B / 2.29MB 9.8s
#5 sha256:0c8cc2f24a4dcb64e602e086fc9446b0a541e8acd9ad72d2e90df3ba22f158b3 2.29MB / 2.29MB 9.9s
#5 sha256:0c8cc2f24a4dcb64e602e086fc9446b0a541e8acd9ad72d2e90df3ba22f158b3 2.29MB / 2.29MB 9.9s done
#5 extracting sha256:2ff1d7c41c74a25258bfa6f0b8adb0a727f84518f55f65ca845ebc747976c408 8.8s done
#5 extracting sha256:b253aeafeaa7e0671bb60008df01de101a38a045ff7bc656e3b0fbfc7c05cca5 0.1s
#5 extracting sha256:b253aeafeaa7e0671bb60008df01de101a38a045ff7bc656e3b0fbfc7c05cca5 0.9s done
#5 extracting sha256:3d2201bd995cccf12851a50820de03d34a17011dcbb9ac9fdf3a50c952cbb131
#5 extracting sha256:3d2201bd995cccf12851a50820de03d34a17011dcbb9ac9fdf3a50c952cbb131 0.8s done
#5 extracting sha256:1de76e268b103d05fa8960e0f77951ff54b912b63429c34f5d6adfd09f5f9ee2
#5 extracting sha256:1de76e268b103d05fa8960e0f77951ff54b912b63429c34f5d6adfd09f5f9ee2 5.2s
#5 extracting sha256:1de76e268b103d05fa8960e0f77951ff54b912b63429c34f5d6adfd09f5f9ee2 8.7s done
#5 extracting sha256:d9a8df5894511ce28a05e2925a75e8a4acbd0634c39ad734fdfba8e23d1b1569
#5 extracting sha256:d9a8df5894511ce28a05e2925a75e8a4acbd0634c39ad734fdfba8e23d1b1569 5.2s
#5 extracting sha256:d9a8df5894511ce28a05e2925a75e8a4acbd0634c39ad734fdfba8e23d1b1569 11.2s
#5 extracting sha256:d9a8df5894511ce28a05e2925a75e8a4acbd0634c39ad734fdfba8e23d1b1569 16.2s
#5 extracting sha256:d9a8df5894511ce28a05e2925a75e8a4acbd0634c39ad734fdfba8e23d1b1569 21.3s
#5 extracting sha256:d9a8df5894511ce28a05e2925a75e8a4acbd0634c39ad734fdfba8e23d1b1569 26.4s
#5 extracting sha256:d9a8df5894511ce28a05e2925a75e8a4acbd0634c39ad734fdfba8e23d1b1569 27.6s done
#5 extracting sha256:6f51ee005deac0d99898e41b8ce60ebf250ebe1a31a0b03f613aec6bbc9b83d8
#5 extracting sha256:6f51ee005deac0d99898e41b8ce60ebf250ebe1a31a0b03f613aec6bbc9b83d8 0.3s done
#5 extracting sha256:5f32ed3c3f278edda4fc571c880b5277355a29ae8f52b52cdf865f058378a590
#5 extracting sha256:5f32ed3c3f278edda4fc571c880b5277355a29ae8f52b52cdf865f058378a590 5.3s
#5 extracting sha256:5f32ed3c3f278edda4fc571c880b5277355a29ae8f52b52cdf865f058378a590 6.1s done
#5 extracting sha256:0c8cc2f24a4dcb64e602e086fc9446b0a541e8acd9ad72d2e90df3ba22f158b3
#5 extracting sha256:0c8cc2f24a4dcb64e602e086fc9446b0a541e8acd9ad72d2e90df3ba22f158b3 0.6s done
#5 extracting sha256:0d27a8e861329007574c6766fba946d48e20d2c8e964e873de352603f22c4ceb done
#5 DONE 63.5s

#7 [2/5] WORKDIR /app
#7 DONE 16.8s

#8 [3/5] COPY package.json /app
#8 DONE 0.4s

#9 [4/5] RUN npm install
#9 6.891 npm WARN deprecated babel-eslint@7.2.3: babel-eslint is now @babel/eslint-parser. This package will no longer receive updates.
#9 8.431 npm WARN deprecated html-webpack-plugin@2.30.1: out of support
#9 9.303 npm WARN deprecated json2csv@3.11.5: Package no longer supported. Contact Support at https://www.npmjs.com/support for more info.
#9 9.357 npm WARN deprecated loopback-component-explorer@2.7.0: This version is no longer supported, please upgrade to 6.x
#9 9.368 npm WARN deprecated loopback-boot@2.28.0: This version is no longer supported, please upgrade to 3.x
#9 9.974 npm WARN deprecated loopback@2.42.0: LoopBack 2 is no longer maintained, please upgrade to a newer version. Learn more at https://loopback.io
#9 11.21 npm WARN deprecated loopback-datasource-juggler@2.59.3: LoopBack 2 is no longer maintained, please upgrade to a newer version. Learn more at https://loopback.io
#9 12.29 npm WARN deprecated react-range@0.0.6: This module is now under the @mapbox namespace: install @mapbox/react-range instead
#9 12.52 npm WARN deprecated rimraf@2.7.1: Rimraf versions prior to v4 are no longer supported
#9 13.35 npm WARN deprecated loopback-explorer@1.8.0: This version is no longer supported, please upgrade to 6.x
#9 22.83 npm WARN deprecated mailgun-js@0.7.15: Package no longer supported. Contact Support at https://www.npmjs.com/support for more info.
#9 22.86 npm WARN deprecated mailcomposer@3.12.0: This project is unmaintained
#9 23.05 npm WARN deprecated stable@0.1.8: Modern JS already guarantees Array#sort() is a stable sort, so this library is deprecated. See the compatibility table on MDN: https://developer.mozilla.org/en-US/docs/Web/JavaScript/Reference/Global_Objects/Array/sort#browser_compatibility
#9 23.39 npm WARN deprecated nodemailer@2.7.2: All versions below 4.0.1 of Nodemailer are deprecated. See https://nodemailer.com/status/
#9 23.55 npm WARN deprecated strong-remoting@2.36.1: LoopBack 2 is no longer maintained, please upgrade to a newer version. Learn more at https://loopback.io
#9 23.71 npm WARN deprecated glob@7.2.3: Glob versions prior to v9 are no longer supported
#9 25.35 npm WARN deprecated uuid@3.4.0: Please upgrade  to version 7 or higher.  Older versions may use Math.random() in certain circumstances, which is known to be problematic.  See https://v8.dev/blog/math-random for details.
#9 26.16 npm WARN deprecated shortid@2.2.16: Package no longer supported. Contact Support at https://www.npmjs.com/support for more info.
#9 27.51 npm WARN deprecated glob@7.1.7: Glob versions prior to v9 are no longer supported
#9 27.53 npm WARN deprecated tar@2.2.2: This version of tar is no longer supported, and will not receive security updates. Please upgrade asap.
#9 27.80 npm WARN deprecated osenv@0.1.5: This package is no longer supported.
#9 27.98 npm WARN deprecated swagger-ui@2.0.24: No longer maintained, please upgrade to swagger-ui@3.
#9 28.00 npm WARN deprecated rimraf@2.5.4: Rimraf versions prior to v4 are no longer supported
#9 28.14 npm WARN deprecated npmlog@4.0.2: This package is no longer supported.
#9 28.27 npm WARN deprecated inflight@1.0.6: This module is not supported, and leaks memory. Do not use it. Check out lru-cache if you want a good and tested way to coalesce async requests by a key value, which is much more comprehensive and powerful.
#9 28.29 npm WARN deprecated request@2.75.0: request has been deprecated, see https://github.com/request/request/issues/3142
#9 28.31 npm WARN deprecated fstream@1.0.12: This package is no longer supported.
#9 28.33 npm WARN deprecated debuglog@1.0.1: Package no longer supported. Contact Support at https://www.npmjs.com/support for more info.
#9 28.61 npm WARN deprecated fs-vacuum@1.2.10: This module is no longer maintained
#9 28.69 npm WARN deprecated uid-number@0.0.6: This package is no longer supported.
#9 28.72 npm WARN deprecated fstream-npm@1.2.1: This package is no longer supported.
#9 29.14 npm WARN deprecated read-installed@4.0.3: This package is no longer supported.
#9 29.64 npm WARN deprecated normalize-git-url@3.0.2: This package is no longer supported.
#9 29.79 npm WARN deprecated read-package-tree@5.1.6: The functionality that this package provided is now in @npmcli/arborist
#9 29.84 npm WARN deprecated read-package-json@2.0.13: This package is no longer supported. Please use @npmcli/package-json instead.
#9 29.99 npm WARN deprecated npm-cache-filename@1.0.2: This package is no longer supported.
#9 30.45 npm WARN deprecated fs-write-stream-atomic@1.0.10: This package is no longer supported.
#9 30.50 npm WARN deprecated npm-registry-client@7.2.1: This package is no longer supported.
#9 30.60 npm WARN deprecated readdir-scoped-modules@1.1.0: This functionality has been moved to @npmcli/fs
#9 30.66 npm WARN deprecated realize-package-specifier@3.0.3: This package is no longer supported.
#9 33.46 npm WARN deprecated acorn-dynamic-import@2.0.2: This is probably built in to whatever tool you're using. If you still need it... idk
#9 34.35 npm WARN deprecated core-js@2.6.12: core-js@<3.23.3 is no longer maintained and not recommended for usage due to the number of issues. Because of the V8 engine whims, feature detection in old core-js versions could cause a slowdown up to 100x even if nothing is polyfilled. Some versions have web compatibility issues. Please, upgrade your dependencies to the actual version of core-js.
#9 37.80 npm WARN deprecated q@1.4.1: You or someone you depend on is using Q, the JavaScript Promise library that gave JavaScript developers strong feelings about promises. They can almost certainly migrate to the native JavaScript promise now. Thank you literally everyone for joining me in this bet against the odds. Be excellent to each other.
#9 37.80 npm WARN deprecated 
#9 37.80 npm WARN deprecated (For a CapTP with native promises, see @endo/eventual-send and @endo/captp)
#9 37.82 npm WARN deprecated buildmail@3.10.0: This project is unmaintained
#9 38.51 npm WARN deprecated mailcomposer@4.0.1: This project is unmaintained
#9 38.58 npm WARN deprecated socks@1.1.9: If using 2.x branch, please upgrade to at least 2.1.6 to avoid a serious bug with socket data flow and an import issue introduced in 2.1.0
#9 38.69 npm WARN deprecated request@2.88.2: request has been deprecated, see https://github.com/request/request/issues/3142
#9 40.58 npm WARN deprecated core-js@1.2.7: core-js@<3.23.3 is no longer maintained and not recommended for usage due to the number of issues. Because of the V8 engine whims, feature detection in old core-js versions could cause a slowdown up to 100x even if nothing is polyfilled. Some versions have web compatibility issues. Please, upgrade your dependencies to the actual version of core-js.
#9 41.58 npm WARN deprecated mkdirp@0.5.1: Legacy versions of mkdirp are no longer supported. Please update to mkdirp 1.x. (Note that the API surface has changed to use Promises in 1.x.)
#9 41.89 npm WARN deprecated connect@2.30.2: connect 2.x series is deprecated
#9 42.80 npm WARN deprecated coffee-script@1.6.3: CoffeeScript on NPM has moved to "coffeescript" (no hyphen)
#9 43.41 npm WARN deprecated gauge@2.7.4: This package is no longer supported.
#9 43.48 npm WARN deprecated are-we-there-yet@1.1.7: This package is no longer supported.
#9 43.52 npm WARN deprecated swagger-client@2.0.36: No longer maintained, please upgrade to swagger-client@3.
#9 43.94 npm WARN deprecated hawk@3.1.3: This module moved to @hapi/hawk. Please make sure to switch over as this distribution is no longer supported and may contain bugs and critical security issues.
#9 44.02 npm WARN deprecated har-validator@2.0.6: this library is no longer supported
#9 44.33 npm WARN deprecated node-uuid@1.4.8: Use uuid module instead
#9 44.66 npm WARN deprecated npmlog@3.1.2: This package is no longer supported.
#9 45.04 npm WARN deprecated read-package-json@2.1.2: This package is no longer supported. Please use @npmcli/package-json instead.
#9 45.11 npm WARN deprecated fstream-ignore@1.0.5: This package is no longer supported.
#9 52.29 npm WARN deprecated rimraf@2.2.8: Rimraf versions prior to v4 are no longer supported
#9 53.51 npm WARN deprecated buildmail@4.0.1: This project is unmaintained
#9 53.83 npm WARN deprecated har-validator@5.1.5: this library is no longer supported
#9 56.01 npm WARN deprecated rimraf@2.6.3: Rimraf versions prior to v4 are no longer supported
#9 56.34 npm WARN deprecated circular-json@0.3.3: CircularJSON is in maintenance only, flatted is its successor.
#9 57.71 npm WARN deprecated bson@1.0.9: Fixed a critical issue with BSON serialization documented in CVE-2019-2391, see https://bit.ly/2KcpXdo for more details
#9 59.08 npm WARN deprecated mkdirp@0.3.5: Legacy versions of mkdirp are no longer supported. Please update to mkdirp 1.x. (Note that the API surface has changed to use Promises in 1.x.)
#9 59.59 npm WARN deprecated hoek@2.16.3: This version has been deprecated in accordance with the hapi support policy (hapi.im/support). Please upgrade to the latest version to get the best features, bug fixes, and security patches. If you are unable to upgrade at this time, paid support is available for older versions (hapi.im/commercial).
#9 59.59 npm WARN deprecated sntp@1.0.9: This module moved to @hapi/sntp. Please make sure to switch over as this distribution is no longer supported and may contain bugs and critical security issues.
#9 59.59 npm WARN deprecated boom@2.10.1: This version has been deprecated in accordance with the hapi support policy (hapi.im/support). Please upgrade to the latest version to get the best features, bug fixes, and security patches. If you are unable to upgrade at this time, paid support is available for older versions (hapi.im/commercial).
#9 59.61 npm WARN deprecated cryptiles@2.0.5: This version has been deprecated in accordance with the hapi support policy (hapi.im/support). Please upgrade to the latest version to get the best features, bug fixes, and security patches. If you are unable to upgrade at this time, paid support is available for older versions (hapi.im/commercial).
#9 60.04 npm WARN deprecated gauge@2.6.0: This package is no longer supported.
#9 60.93 npm WARN deprecated chokidar@2.1.8: Chokidar 2 does not receive security updates since 2019. Upgrade to chokidar 3 with 15x fewer dependencies
#9 65.82 npm WARN deprecated socks@1.1.10: If using 2.x branch, please upgrade to at least 2.1.6 to avoid a serious bug with socket data flow and an import issue introduced in 2.1.0
#9 68.40 npm WARN deprecated sprintf@0.1.1: The sprintf package is deprecated in favor of sprintf-js.
#9 69.21 npm WARN deprecated glob@5.0.15: Glob versions prior to v9 are no longer supported
#9 69.36 npm WARN deprecated q@1.5.1: You or someone you depend on is using Q, the JavaScript Promise library that gave JavaScript developers strong feelings about promises. They can almost certainly migrate to the native JavaScript promise now. Thank you literally everyone for joining me in this bet against the odds. Be excellent to each other.
#9 69.36 npm WARN deprecated 
#9 69.36 npm WARN deprecated (For a CapTP with native promises, see @endo/eventual-send and @endo/captp)
#9 69.79 npm WARN deprecated fsevents@1.2.13: The v1 package contains DANGEROUS / INSECURE binaries. Upgrade to safe fsevents v2
#9 81.00 npm WARN deprecated source-map-resolve@0.5.3: See https://github.com/lydell/source-map-resolve#deprecated
#9 82.44 npm WARN deprecated resolve-url@0.2.1: https://github.com/lydell/resolve-url#deprecated
#9 82.51 npm WARN deprecated source-map-url@0.4.1: See https://github.com/lydell/source-map-url#deprecated
#9 82.61 npm WARN deprecated urix@0.1.0: Please see https://github.com/lydell/urix#deprecated
#9 257.2 
#9 257.2 > tree-sitter-json@0.20.2 install /app/node_modules/tree-sitter-json
#9 257.2 > node-gyp rebuild
#9 257.2 
#9 266.2 make: Entering directory '/app/node_modules/tree-sitter-json/build'
#9 266.2   CC(target) Release/obj.target/tree_sitter_json_binding/src/parser.o
#9 267.1   CXX(target) Release/obj.target/tree_sitter_json_binding/bindings/node/binding.o
#9 269.1 In file included from ../bindings/node/binding.cc:2:
#9 269.1 /root/.cache/node-gyp/14.21.3/include/node/node.h:793:43: warning: cast between incompatible function types from 'void (*)(v8::Local<v8::Object>, v8::Local<v8::Object>)' to 'node::addon_register_func' {aka 'void (*)(v8::Local<v8::Object>, v8::Local<v8::Value>, void*)'} [-Wcast-function-type]
#9 269.1        (node::addon_register_func) (regfunc),                          \
#9 269.1                                            ^
#9 269.1 /root/.cache/node-gyp/14.21.3/include/node/node.h:827:3: note: in expansion of macro 'NODE_MODULE_X'
#9 269.1    NODE_MODULE_X(modname, regfunc, NULL, 0)  // NOLINT (readability/null_usage)
#9 269.1    ^~~~~~~~~~~~~
#9 269.1 ../bindings/node/binding.cc:26:1: note: in expansion of macro 'NODE_MODULE'
#9 269.1  NODE_MODULE(tree_sitter_json_binding, Init)
#9 269.1  ^~~~~~~~~~~
#9 269.4   SOLINK_MODULE(target) Release/obj.target/tree_sitter_json_binding.node
#9 269.6   COPY Release/tree_sitter_json_binding.node
#9 269.7 make: Leaving directory '/app/node_modules/tree-sitter-json/build'
#9 269.7 
#9 269.7 > tree-sitter-yaml@0.5.0 install /app/node_modules/tree-sitter-yaml
#9 269.7 > node-gyp rebuild
#9 269.7 
#9 272.3 make: Entering directory '/app/node_modules/tree-sitter-yaml/build'
#9 272.3   CXX(target) Release/obj.target/tree_sitter_yaml_binding/bindings/node/binding.o
#9 273.7 In file included from ../bindings/node/binding.cc:2:
#9 273.7 /root/.cache/node-gyp/14.21.3/include/node/node.h:793:43: warning: cast between incompatible function types from 'void (*)(v8::Local<v8::Object>, v8::Local<v8::Object>)' to 'node::addon_register_func' {aka 'void (*)(v8::Local<v8::Object>, v8::Local<v8::Value>, void*)'} [-Wcast-function-type]
#9 273.7        (node::addon_register_func) (regfunc),                          \
#9 273.7                                            ^
#9 273.7 /root/.cache/node-gyp/14.21.3/include/node/node.h:827:3: note: in expansion of macro 'NODE_MODULE_X'
#9 273.7    NODE_MODULE_X(modname, regfunc, NULL, 0)  // NOLINT (readability/null_usage)
#9 273.7    ^~~~~~~~~~~~~
#9 273.7 ../bindings/node/binding.cc:26:1: note: in expansion of macro 'NODE_MODULE'
#9 273.7  NODE_MODULE(tree_sitter_yaml_binding, Init)
#9 273.7  ^~~~~~~~~~~
#9 274.4   CC(target) Release/obj.target/tree_sitter_yaml_binding/src/parser.o
#9 274.5 In file included from ../src/parser.c:1:
#9 274.5 ../src/parser.c: In function 'ts_lex':
#9 274.5 ../src/tree_sitter/parser.h:136:11: warning: variable 'lookahead' set but not used [-Wunused-but-set-variable]
#9 274.5    int32_t lookahead;            \
#9 274.5            ^~~~~~~~~
#9 274.5 ../src/parser.c:2182:3: note: in expansion of macro 'START_LEXER'
#9 274.5    START_LEXER();
#9 274.5    ^~~~~~~~~~~
#9 275.3   CXX(target) Release/obj.target/tree_sitter_yaml_binding/src/scanner.o
#9 275.9 ../src/scanner.cc: In member function 'char {anonymous}::Scanner::scn_pln_cnt(TSLexer*, bool ({anonymous}::Scanner::*)(int32_t))':
#9 275.9 ../src/scanner.cc:619:10: warning: variable 'is_cur_wsp' set but not used [-Wunused-but-set-variable]
#9 275.9      bool is_cur_wsp = is_wsp(cur_chr);
#9 275.9           ^~~~~~~~~~
#9 276.0 ../src/scanner.cc: In member function 'bool {anonymous}::Scanner::scn_dir_tag_pfx(TSLexer*, TSSymbol)':
#9 276.0 ../src/scanner.cc:66:26: warning: this statement may fall through [-Wimplicit-fallthrough=]
#9 276.0  #define MRK_END() mrk_end(lexer)
#9 276.0                    ~~~~~~~^~~~~~~
#9 276.0 ../src/scanner.cc:429:11: note: in expansion of macro 'MRK_END'
#9 276.0            MRK_END();
#9 276.0            ^~~~~~~
#9 276.0 ../src/scanner.cc:430:9: note: here
#9 276.0          case SCN_FAIL:
#9 276.0          ^~~~
#9 276.0 ../src/scanner.cc: In member function 'bool {anonymous}::Scanner::scn_tag(TSLexer*, TSSymbol)':
#9 276.0 ../src/scanner.cc:454:13: warning: this statement may fall through [-Wimplicit-fallthrough=]
#9 276.0              if (LKA == '>') {
#9 276.0              ^~
#9 276.0 ../src/scanner.cc:459:11: note: here
#9 276.0            case SCN_FAIL:
#9 276.0            ^~~~
#9 276.0 ../src/scanner.cc:66:26: warning: this statement may fall through [-Wimplicit-fallthrough=]
#9 276.0  #define MRK_END() mrk_end(lexer)
#9 276.0                    ~~~~~~~^~~~~~~
#9 276.0 ../src/scanner.cc:468:13: note: in expansion of macro 'MRK_END'
#9 276.0              MRK_END();
#9 276.0              ^~~~~~~
#9 276.0 ../src/scanner.cc:469:11: note: here
#9 276.0            case SCN_FAIL:
#9 276.0            ^~~~
#9 278.7   SOLINK_MODULE(target) Release/obj.target/tree_sitter_yaml_binding.node
#9 279.1   COPY Release/tree_sitter_yaml_binding.node
#9 279.2 make: Leaving directory '/app/node_modules/tree-sitter-yaml/build'
#9 279.3 
#9 279.3 > tree-sitter@0.20.4 install /app/node_modules/tree-sitter
#9 279.3 > prebuild-install || node-gyp rebuild
#9 279.3 
#9 280.7 prebuild-install warn install No prebuilt binaries found (target=14.21.3 runtime=node arch=x64 libc= platform=linux)
#9 282.8 make: Entering directory '/app/node_modules/tree-sitter/build'
#9 282.8   CC(target) Release/obj.target/tree_sitter/vendor/tree-sitter/lib/src/lib.o
#9 297.0   AR(target) Release/obj.target/tree_sitter.a
#9 297.1   COPY Release/tree_sitter.a
#9 297.2   CXX(target) Release/obj.target/tree_sitter_runtime_binding/src/binding.o
#9 299.6 In file included from ../src/binding.cc:1:
#9 299.6 /root/.cache/node-gyp/14.21.3/include/node/node.h:793:43: warning: cast between incompatible function types from 'void (*)(v8::Local<v8::Object>)' to 'node::addon_register_func' {aka 'void (*)(v8::Local<v8::Object>, v8::Local<v8::Value>, void*)'} [-Wcast-function-type]
#9 299.6        (node::addon_register_func) (regfunc),                          \
#9 299.6                                            ^
#9 299.6 /root/.cache/node-gyp/14.21.3/include/node/node.h:827:3: note: in expansion of macro 'NODE_MODULE_X'
#9 299.6    NODE_MODULE_X(modname, regfunc, NULL, 0)  // NOLINT (readability/null_usage)
#9 299.6    ^~~~~~~~~~~~~
#9 299.6 ../src/binding.cc:25:1: note: in expansion of macro 'NODE_MODULE'
#9 299.6  NODE_MODULE(tree_sitter_runtime_binding, InitAll)
#9 299.6  ^~~~~~~~~~~
#9 300.1   CXX(target) Release/obj.target/tree_sitter_runtime_binding/src/conversions.o
#9 302.6   CXX(target) Release/obj.target/tree_sitter_runtime_binding/src/language.o
#9 306.2   CXX(target) Release/obj.target/tree_sitter_runtime_binding/src/logger.o
#9 308.1 In file included from ../src/./logger.h:4,
#9 308.1                  from ../src/logger.cc:1:
#9 308.1 /root/.cache/node-gyp/14.21.3/include/node/v8.h: In instantiation of 'void v8::PersistentBase<T>::SetWeak(P*, typename v8::WeakCallbackInfo<P>::Callback, v8::WeakCallbackType) [with P = node::ObjectWrap; T = v8::Object; typename v8::WeakCallbackInfo<P>::Callback = void (*)(const v8::WeakCallbackInfo<node::ObjectWrap>&)]':
#9 308.1 /root/.cache/node-gyp/14.21.3/include/node/node_object_wrap.h:85:78:   required from here
#9 308.1 /root/.cache/node-gyp/14.21.3/include/node/v8.h:10886:16: warning: cast between incompatible function types from 'v8::WeakCallbackInfo<node::ObjectWrap>::Callback' {aka 'void (*)(const v8::WeakCallbackInfo<node::ObjectWrap>&)'} to 'Callback' {aka 'void (*)(const v8::WeakCallbackInfo<void>&)'} [-Wcast-function-type]
#9 308.1                 reinterpret_cast<Callback>(callback), type);
#9 308.1                 ^~~~~~~~~~~~~~~~~~~~~~~~~~~~~~~~~~~~
#9 308.2 /root/.cache/node-gyp/14.21.3/include/node/v8.h: In instantiation of 'void v8::PersistentBase<T>::SetWeak(P*, typename v8::WeakCallbackInfo<P>::Callback, v8::WeakCallbackType) [with P = Nan::ObjectWrap; T = v8::Object; typename v8::WeakCallbackInfo<P>::Callback = void (*)(const v8::WeakCallbackInfo<Nan::ObjectWrap>&)]':
#9 308.2 ../../nan/nan_object_wrap.h:65:61:   required from here
#9 308.2 /root/.cache/node-gyp/14.21.3/include/node/v8.h:10886:16: warning: cast between incompatible function types from 'v8::WeakCallbackInfo<Nan::ObjectWrap>::Callback' {aka 'void (*)(const v8::WeakCallbackInfo<Nan::ObjectWrap>&)'} to 'Callback' {aka 'void (*)(const v8::WeakCallbackInfo<void>&)'} [-Wcast-function-type]
#9 309.1   CXX(target) Release/obj.target/tree_sitter_runtime_binding/src/node.o
#9 313.2   CXX(target) Release/obj.target/tree_sitter_runtime_binding/src/parser.o
#9 316.7 In file included from ../src/./parser.h:4,
#9 316.7                  from ../src/parser.cc:1:
#9 316.7 /root/.cache/node-gyp/14.21.3/include/node/v8.h: In instantiation of 'void v8::PersistentBase<T>::SetWeak(P*, typename v8::WeakCallbackInfo<P>::Callback, v8::WeakCallbackType) [with P = node::ObjectWrap; T = v8::Object; typename v8::WeakCallbackInfo<P>::Callback = void (*)(const v8::WeakCallbackInfo<node::ObjectWrap>&)]':
#9 316.7 /root/.cache/node-gyp/14.21.3/include/node/node_object_wrap.h:85:78:   required from here
#9 316.7 /root/.cache/node-gyp/14.21.3/include/node/v8.h:10886:16: warning: cast between incompatible function types from 'v8::WeakCallbackInfo<node::ObjectWrap>::Callback' {aka 'void (*)(const v8::WeakCallbackInfo<node::ObjectWrap>&)'} to 'Callback' {aka 'void (*)(const v8::WeakCallbackInfo<void>&)'} [-Wcast-function-type]
#9 316.7                 reinterpret_cast<Callback>(callback), type);
#9 316.7                 ^~~~~~~~~~~~~~~~~~~~~~~~~~~~~~~~~~~~
#9 316.8 /root/.cache/node-gyp/14.21.3/include/node/v8.h: In instantiation of 'void v8::PersistentBase<T>::SetWeak(P*, typename v8::WeakCallbackInfo<P>::Callback, v8::WeakCallbackType) [with P = Nan::ObjectWrap; T = v8::Object; typename v8::WeakCallbackInfo<P>::Callback = void (*)(const v8::WeakCallbackInfo<Nan::ObjectWrap>&)]':
#9 316.8 ../../nan/nan_object_wrap.h:65:61:   required from here
#9 316.8 /root/.cache/node-gyp/14.21.3/include/node/v8.h:10886:16: warning: cast between incompatible function types from 'v8::WeakCallbackInfo<Nan::ObjectWrap>::Callback' {aka 'void (*)(const v8::WeakCallbackInfo<Nan::ObjectWrap>&)'} to 'Callback' {aka 'void (*)(const v8::WeakCallbackInfo<void>&)'} [-Wcast-function-type]
#9 318.4   CXX(target) Release/obj.target/tree_sitter_runtime_binding/src/query.o
#9 320.3 In file included from ../src/./query.h:4,
#9 320.3                  from ../src/query.cc:1:
#9 320.3 /root/.cache/node-gyp/14.21.3/include/node/v8.h: In instantiation of 'void v8::PersistentBase<T>::SetWeak(P*, typename v8::WeakCallbackInfo<P>::Callback, v8::WeakCallbackType) [with P = node::ObjectWrap; T = v8::Object; typename v8::WeakCallbackInfo<P>::Callback = void (*)(const v8::WeakCallbackInfo<node::ObjectWrap>&)]':
#9 320.3 /root/.cache/node-gyp/14.21.3/include/node/node_object_wrap.h:85:78:   required from here
#9 320.3 /root/.cache/node-gyp/14.21.3/include/node/v8.h:10886:16: warning: cast between incompatible function types from 'v8::WeakCallbackInfo<node::ObjectWrap>::Callback' {aka 'void (*)(const v8::WeakCallbackInfo<node::ObjectWrap>&)'} to 'Callback' {aka 'void (*)(const v8::WeakCallbackInfo<void>&)'} [-Wcast-function-type]
#9 320.3                 reinterpret_cast<Callback>(callback), type);
#9 320.3                 ^~~~~~~~~~~~~~~~~~~~~~~~~~~~~~~~~~~~
#9 320.3 /root/.cache/node-gyp/14.21.3/include/node/v8.h: In instantiation of 'void v8::PersistentBase<T>::SetWeak(P*, typename v8::WeakCallbackInfo<P>::Callback, v8::WeakCallbackType) [with P = Nan::ObjectWrap; T = v8::Object; typename v8::WeakCallbackInfo<P>::Callback = void (*)(const v8::WeakCallbackInfo<Nan::ObjectWrap>&)]':
#9 320.3 ../../nan/nan_object_wrap.h:65:61:   required from here
#9 320.3 /root/.cache/node-gyp/14.21.3/include/node/v8.h:10886:16: warning: cast between incompatible function types from 'v8::WeakCallbackInfo<Nan::ObjectWrap>::Callback' {aka 'void (*)(const v8::WeakCallbackInfo<Nan::ObjectWrap>&)'} to 'Callback' {aka 'void (*)(const v8::WeakCallbackInfo<void>&)'} [-Wcast-function-type]
#9 321.5   CXX(target) Release/obj.target/tree_sitter_runtime_binding/src/tree.o
#9 323.9 In file included from ../src/./tree.h:4,
#9 323.9                  from ../src/tree.cc:1:
#9 323.9 /root/.cache/node-gyp/14.21.3/include/node/v8.h: In instantiation of 'void v8::PersistentBase<T>::SetWeak(P*, typename v8::WeakCallbackInfo<P>::Callback, v8::WeakCallbackType) [with P = node::ObjectWrap; T = v8::Object; typename v8::WeakCallbackInfo<P>::Callback = void (*)(const v8::WeakCallbackInfo<node::ObjectWrap>&)]':
#9 323.9 /root/.cache/node-gyp/14.21.3/include/node/node_object_wrap.h:85:78:   required from here
#9 323.9 /root/.cache/node-gyp/14.21.3/include/node/v8.h:10886:16: warning: cast between incompatible function types from 'v8::WeakCallbackInfo<node::ObjectWrap>::Callback' {aka 'void (*)(const v8::WeakCallbackInfo<node::ObjectWrap>&)'} to 'Callback' {aka 'void (*)(const v8::WeakCallbackInfo<void>&)'} [-Wcast-function-type]
#9 323.9                 reinterpret_cast<Callback>(callback), type);
#9 323.9                 ^~~~~~~~~~~~~~~~~~~~~~~~~~~~~~~~~~~~
#9 323.9 /root/.cache/node-gyp/14.21.3/include/node/v8.h: In instantiation of 'void v8::PersistentBase<T>::SetWeak(P*, typename v8::WeakCallbackInfo<P>::Callback, v8::WeakCallbackType) [with P = Nan::ObjectWrap; T = v8::Object; typename v8::WeakCallbackInfo<P>::Callback = void (*)(const v8::WeakCallbackInfo<Nan::ObjectWrap>&)]':
#9 323.9 ../../nan/nan_object_wrap.h:65:61:   required from here
#9 323.9 /root/.cache/node-gyp/14.21.3/include/node/v8.h:10886:16: warning: cast between incompatible function types from 'v8::WeakCallbackInfo<Nan::ObjectWrap>::Callback' {aka 'void (*)(const v8::WeakCallbackInfo<Nan::ObjectWrap>&)'} to 'Callback' {aka 'void (*)(const v8::WeakCallbackInfo<void>&)'} [-Wcast-function-type]
#9 323.9 /root/.cache/node-gyp/14.21.3/include/node/v8.h: In instantiation of 'void v8::PersistentBase<T>::SetWeak(P*, typename v8::WeakCallbackInfo<P>::Callback, v8::WeakCallbackType) [with P = node_tree_sitter::Tree::NodeCacheEntry; T = v8::Object; typename v8::WeakCallbackInfo<P>::Callback = void (*)(const v8::WeakCallbackInfo<node_tree_sitter::Tree::NodeCacheEntry>&)]':
#9 323.9 ../src/tree.cc:226:90:   required from here
#9 323.9 /root/.cache/node-gyp/14.21.3/include/node/v8.h:10886:16: warning: cast between incompatible function types from 'v8::WeakCallbackInfo<node_tree_sitter::Tree::NodeCacheEntry>::Callback' {aka 'void (*)(const v8::WeakCallbackInfo<node_tree_sitter::Tree::NodeCacheEntry>&)'} to 'Callback' {aka 'void (*)(const v8::WeakCallbackInfo<void>&)'} [-Wcast-function-type]
#9 325.3   CXX(target) Release/obj.target/tree_sitter_runtime_binding/src/tree_cursor.o
#9 327.5 In file included from ../src/./tree_cursor.h:4,
#9 327.5                  from ../src/tree_cursor.cc:1:
#9 327.5 /root/.cache/node-gyp/14.21.3/include/node/v8.h: In instantiation of 'void v8::PersistentBase<T>::SetWeak(P*, typename v8::WeakCallbackInfo<P>::Callback, v8::WeakCallbackType) [with P = node::ObjectWrap; T = v8::Object; typename v8::WeakCallbackInfo<P>::Callback = void (*)(const v8::WeakCallbackInfo<node::ObjectWrap>&)]':
#9 327.5 /root/.cache/node-gyp/14.21.3/include/node/node_object_wrap.h:85:78:   required from here
#9 327.5 /root/.cache/node-gyp/14.21.3/include/node/v8.h:10886:16: warning: cast between incompatible function types from 'v8::WeakCallbackInfo<node::ObjectWrap>::Callback' {aka 'void (*)(const v8::WeakCallbackInfo<node::ObjectWrap>&)'} to 'Callback' {aka 'void (*)(const v8::WeakCallbackInfo<void>&)'} [-Wcast-function-type]
#9 327.5                 reinterpret_cast<Callback>(callback), type);
#9 327.5                 ^~~~~~~~~~~~~~~~~~~~~~~~~~~~~~~~~~~~
#9 327.5 /root/.cache/node-gyp/14.21.3/include/node/v8.h: In instantiation of 'void v8::PersistentBase<T>::SetWeak(P*, typename v8::WeakCallbackInfo<P>::Callback, v8::WeakCallbackType) [with P = Nan::ObjectWrap; T = v8::Object; typename v8::WeakCallbackInfo<P>::Callback = void (*)(const v8::WeakCallbackInfo<Nan::ObjectWrap>&)]':
#9 327.5 ../../nan/nan_object_wrap.h:65:61:   required from here
#9 327.5 /root/.cache/node-gyp/14.21.3/include/node/v8.h:10886:16: warning: cast between incompatible function types from 'v8::WeakCallbackInfo<Nan::ObjectWrap>::Callback' {aka 'void (*)(const v8::WeakCallbackInfo<Nan::ObjectWrap>&)'} to 'Callback' {aka 'void (*)(const v8::WeakCallbackInfo<void>&)'} [-Wcast-function-type]
#9 328.8   CXX(target) Release/obj.target/tree_sitter_runtime_binding/src/util.o
#9 330.7 In file included from ../src/util.cc:1:
#9 330.7 /root/.cache/node-gyp/14.21.3/include/node/v8.h: In instantiation of 'void v8::PersistentBase<T>::SetWeak(P*, typename v8::WeakCallbackInfo<P>::Callback, v8::WeakCallbackType) [with P = node::ObjectWrap; T = v8::Object; typename v8::WeakCallbackInfo<P>::Callback = void (*)(const v8::WeakCallbackInfo<node::ObjectWrap>&)]':
#9 330.7 /root/.cache/node-gyp/14.21.3/include/node/node_object_wrap.h:85:78:   required from here
#9 330.7 /root/.cache/node-gyp/14.21.3/include/node/v8.h:10886:16: warning: cast between incompatible function types from 'v8::WeakCallbackInfo<node::ObjectWrap>::Callback' {aka 'void (*)(const v8::WeakCallbackInfo<node::ObjectWrap>&)'} to 'Callback' {aka 'void (*)(const v8::WeakCallbackInfo<void>&)'} [-Wcast-function-type]
#9 330.7                 reinterpret_cast<Callback>(callback), type);
#9 330.7                 ^~~~~~~~~~~~~~~~~~~~~~~~~~~~~~~~~~~~
#9 330.7 /root/.cache/node-gyp/14.21.3/include/node/v8.h: In instantiation of 'void v8::PersistentBase<T>::SetWeak(P*, typename v8::WeakCallbackInfo<P>::Callback, v8::WeakCallbackType) [with P = Nan::ObjectWrap; T = v8::Object; typename v8::WeakCallbackInfo<P>::Callback = void (*)(const v8::WeakCallbackInfo<Nan::ObjectWrap>&)]':
#9 330.7 ../../nan/nan_object_wrap.h:65:61:   required from here
#9 330.7 /root/.cache/node-gyp/14.21.3/include/node/v8.h:10886:16: warning: cast between incompatible function types from 'v8::WeakCallbackInfo<Nan::ObjectWrap>::Callback' {aka 'void (*)(const v8::WeakCallbackInfo<Nan::ObjectWrap>&)'} to 'Callback' {aka 'void (*)(const v8::WeakCallbackInfo<void>&)'} [-Wcast-function-type]
#9 331.1   SOLINK_MODULE(target) Release/obj.target/tree_sitter_runtime_binding.node
#9 331.5   COPY Release/tree_sitter_runtime_binding.node
#9 331.5 make: Leaving directory '/app/node_modules/tree-sitter/build'
#9 332.0 
#9 332.0 > core-js@2.6.12 postinstall /app/node_modules/core-js
#9 332.0 > node -e "try{require('./postinstall')}catch(e){}"
#9 332.0 
#9 332.3 [96mThank you for using core-js ([94m https://github.com/zloirock/core-js [96m) for polyfilling JavaScript standard library![0m
#9 332.3 
#9 332.3 [96mThe project needs your help! Please consider supporting of core-js on Open Collective or Patreon: [0m
#9 332.3 [96m>[94m https://opencollective.com/core-js [0m
#9 332.3 [96m>[94m https://www.patreon.com/zloirock [0m
#9 332.3 
#9 332.3 [96mAlso, the author of core-js ([94m https://github.com/zloirock [96m) is looking for a good job -)[0m
#9 332.3 
#9 332.4 
#9 332.4 > core-js-pure@3.37.1 postinstall /app/node_modules/core-js-pure
#9 332.4 > node -e "try{require('./postinstall')}catch(e){}"
#9 332.4 
#9 332.5 [96mThank you for using core-js ([94m https://github.com/zloirock/core-js [96m) for polyfilling JavaScript standard library![0m
#9 332.5 
#9 332.5 [96mThe project needs your help! Please consider supporting core-js:[0m
#9 332.5 [96m>[94m https://opencollective.com/core-js [0m
#9 332.5 [96m>[94m https://patreon.com/zloirock [0m
#9 332.5 [96m>[94m https://boosty.to/zloirock [0m
#9 332.5 [96m>[94m bitcoin: bc1qlea7544qtsmj2rayg0lthvza9fau63ux0fstcz [0m
#9 332.5 
#9 332.5 [96mI highly recommend reading this:[94m https://github.com/zloirock/core-js/blob/master/docs/2023-02-14-so-whats-next.md [96m[0m
#9 332.5 
#9 332.5 
#9 332.5 > ejs@2.7.4 postinstall /app/node_modules/ejs
#9 332.5 > node ./postinstall.js
#9 332.5 
#9 333.0 Thank you for installing [35mEJS[0m: built with the [32mJake[0m JavaScript build tool ([32mhttps://jakejs.com/[0m)
#9 333.0 
#9 334.0 
#9 334.0 > es5-ext@0.10.64 postinstall /app/node_modules/es5-ext
#9 334.0 >  node -e "try{require('./_postinstall')}catch(e){}" || exit 0
#9 334.0 
#9 334.5 npm WARN lifecycle bifrost@1.0.0~postinstall: cannot run in wd bifrost@1.0.0 node bin/postinstall.js (wd=/app)
#9 339.5 npm notice created a lockfile as package-lock.json. You should commit this file.
#9 339.5 npm WARN optional SKIPPING OPTIONAL DEPENDENCY: fsevents@~2.3.2 (node_modules/chokidar/node_modules/fsevents):
#9 339.5 npm WARN notsup SKIPPING OPTIONAL DEPENDENCY: Unsupported platform for fsevents@2.3.3: wanted {"os":"darwin","arch":"any"} (current: {"os":"linux","arch":"x64"})
#9 339.6 npm WARN optional SKIPPING OPTIONAL DEPENDENCY: fsevents@^1.2.7 (node_modules/watchpack-chokidar2/node_modules/chokidar/node_modules/fsevents):
#9 339.6 npm WARN notsup SKIPPING OPTIONAL DEPENDENCY: Unsupported platform for fsevents@1.2.13: wanted {"os":"darwin","arch":"any"} (current: {"os":"linux","arch":"x64"})
#9 339.6 npm WARN bifrost@1.0.0 No license field.
#9 339.6 
#9 339.7 added 1521 packages from 1358 contributors and audited 1526 packages in 335.757s
#9 342.8 
#9 342.8 103 packages are looking for funding
#9 342.8   run `npm fund` for details
#9 342.8 
#9 342.8 found 273 vulnerabilities (17 low, 97 moderate, 122 high, 37 critical)
#9 342.8   run `npm audit fix` to fix them, or `npm audit` for details
#9 DONE 343.6s

#10 [5/5] COPY . /app
#10 DONE 1.1s

#11 exporting to image
#11 exporting layers
#11 exporting layers 13.7s done
#11 writing image sha256:5192ab9df5461ed7d1e39fdd7137d924d68248901f15f25da154531a8fa781ae 0.0s done
#11 naming to docker.io/library/image_name_v1_1 0.0s done
#11 DONE 13.8s
Duration: 7:22.40