#0 building with "default" instance using docker driver

#1 [internal] load .dockerignore
#1 transferring context:
#1 transferring context: 2B done
#1 DONE 0.4s

#2 [internal] load build definition from v1_Dockerfile
#2 transferring dockerfile: 2.28kB 0.0s done
#2 DONE 0.3s

#3 [internal] load metadata for docker.io/library/node:8
#3 DONE 0.5s

#4 [1/4] FROM docker.io/library/node:8@sha256:a681bf74805b80d03eb21a6c0ef168a976108a287a74167ab593fc953aac34df
#4 resolve docker.io/library/node:8@sha256:a681bf74805b80d03eb21a6c0ef168a976108a287a74167ab593fc953aac34df
#4 resolve docker.io/library/node:8@sha256:a681bf74805b80d03eb21a6c0ef168a976108a287a74167ab593fc953aac34df 0.2s done
#4 sha256:a681bf74805b80d03eb21a6c0ef168a976108a287a74167ab593fc953aac34df 1.42kB / 1.42kB done
#4 sha256:ee25271e00572cb09d095f6b35880a284eac570c17452644bc67fd1d8dc7f9f7 2.21kB / 2.21kB done
#4 sha256:8eeadf3757f41ffbde6fbb4bbbe14f9f5b9ce33cc1aa88bb5c0b4d6e9467509d 7.76kB / 7.76kB done
#4 sha256:146bd6a886182fde06fbf747470b1c89814bc8ab1c96fdf1aef6107171959fe6 0B / 45.38MB 0.2s
#4 sha256:9935d0c62ace92b388be202275e222007d6cac10b9c1f2c1ea63af38c09ea7ab 0B / 10.80MB 0.2s
#4 sha256:146bd6a886182fde06fbf747470b1c89814bc8ab1c96fdf1aef6107171959fe6 3.15MB / 45.38MB 0.3s
#4 sha256:db0efb86e80601b5bbdbb7c406426982c4202d339687c14c3941b364527e2249 0B / 4.34MB 0.3s
#4 sha256:146bd6a886182fde06fbf747470b1c89814bc8ab1c96fdf1aef6107171959fe6 7.34MB / 45.38MB 0.4s
#4 sha256:9935d0c62ace92b388be202275e222007d6cac10b9c1f2c1ea63af38c09ea7ab 4.19MB / 10.80MB 0.4s
#4 sha256:146bd6a886182fde06fbf747470b1c89814bc8ab1c96fdf1aef6107171959fe6 10.49MB / 45.38MB 0.5s
#4 sha256:9935d0c62ace92b388be202275e222007d6cac10b9c1f2c1ea63af38c09ea7ab 6.29MB / 10.80MB 0.5s
#4 sha256:db0efb86e80601b5bbdbb7c406426982c4202d339687c14c3941b364527e2249 2.10MB / 4.34MB 0.5s
#4 sha256:146bd6a886182fde06fbf747470b1c89814bc8ab1c96fdf1aef6107171959fe6 20.97MB / 45.38MB 0.7s
#4 sha256:9935d0c62ace92b388be202275e222007d6cac10b9c1f2c1ea63af38c09ea7ab 10.80MB / 10.80MB 0.7s
#4 sha256:db0efb86e80601b5bbdbb7c406426982c4202d339687c14c3941b364527e2249 4.34MB / 4.34MB 0.7s
#4 sha256:146bd6a886182fde06fbf747470b1c89814bc8ab1c96fdf1aef6107171959fe6 26.21MB / 45.38MB 0.8s
#4 sha256:9935d0c62ace92b388be202275e222007d6cac10b9c1f2c1ea63af38c09ea7ab 10.80MB / 10.80MB 0.7s done
#4 sha256:146bd6a886182fde06fbf747470b1c89814bc8ab1c96fdf1aef6107171959fe6 37.75MB / 45.38MB 1.0s
#4 sha256:db0efb86e80601b5bbdbb7c406426982c4202d339687c14c3941b364527e2249 4.34MB / 4.34MB 0.9s done
#4 sha256:e705a4c4fd310b96bfb3d7928428e65f0d3f5bad0cd0bda1434aee1d89418468 0B / 50.07MB 1.0s
#4 sha256:146bd6a886182fde06fbf747470b1c89814bc8ab1c96fdf1aef6107171959fe6 42.99MB / 45.38MB 1.1s
#4 sha256:c877b722db6f4d4297c21f07162d21fa6ac6f51d03360f75e24cfa3bcaefe57d 0B / 214.84MB 1.1s
#4 sha256:146bd6a886182fde06fbf747470b1c89814bc8ab1c96fdf1aef6107171959fe6 45.38MB / 45.38MB 1.2s
#4 sha256:e705a4c4fd310b96bfb3d7928428e65f0d3f5bad0cd0bda1434aee1d89418468 5.24MB / 50.07MB 1.2s
#4 sha256:e705a4c4fd310b96bfb3d7928428e65f0d3f5bad0cd0bda1434aee1d89418468 8.39MB / 50.07MB 1.3s
#4 sha256:e705a4c4fd310b96bfb3d7928428e65f0d3f5bad0cd0bda1434aee1d89418468 15.73MB / 50.07MB 1.5s
#4 sha256:c877b722db6f4d4297c21f07162d21fa6ac6f51d03360f75e24cfa3bcaefe57d 12.58MB / 214.84MB 1.5s
#4 sha256:e705a4c4fd310b96bfb3d7928428e65f0d3f5bad0cd0bda1434aee1d89418468 26.21MB / 50.07MB 1.7s
#4 sha256:e705a4c4fd310b96bfb3d7928428e65f0d3f5bad0cd0bda1434aee1d89418468 30.41MB / 50.07MB 1.8s
#4 sha256:c877b722db6f4d4297c21f07162d21fa6ac6f51d03360f75e24cfa3bcaefe57d 26.21MB / 214.84MB 1.8s
#4 sha256:146bd6a886182fde06fbf747470b1c89814bc8ab1c96fdf1aef6107171959fe6 45.38MB / 45.38MB 1.8s done
#4 sha256:e705a4c4fd310b96bfb3d7928428e65f0d3f5bad0cd0bda1434aee1d89418468 34.64MB / 50.07MB 1.9s
#4 sha256:e705a4c4fd310b96bfb3d7928428e65f0d3f5bad0cd0bda1434aee1d89418468 37.75MB / 50.07MB 2.0s
#4 sha256:645c20ec82147f2bdc182280ac02b60687cfac33c4231059051bbdcf60e31035 0B / 4.16kB 2.0s
#4 sha256:e705a4c4fd310b96bfb3d7928428e65f0d3f5bad0cd0bda1434aee1d89418468 40.89MB / 50.07MB 2.1s
#4 sha256:645c20ec82147f2bdc182280ac02b60687cfac33c4231059051bbdcf60e31035 4.16kB / 4.16kB 2.1s
#4 extracting sha256:146bd6a886182fde06fbf747470b1c89814bc8ab1c96fdf1aef6107171959fe6
#4 sha256:e705a4c4fd310b96bfb3d7928428e65f0d3f5bad0cd0bda1434aee1d89418468 46.14MB / 50.07MB 2.2s
#4 sha256:c877b722db6f4d4297c21f07162d21fa6ac6f51d03360f75e24cfa3bcaefe57d 40.89MB / 214.84MB 2.2s
#4 sha256:645c20ec82147f2bdc182280ac02b60687cfac33c4231059051bbdcf60e31035 4.16kB / 4.16kB 2.1s done
#4 sha256:db8fbd9db2fe6382804432552a60f85b0e292cdb34b8a5c751c4a3061f68df29 0B / 19.40MB 2.2s
#4 sha256:e705a4c4fd310b96bfb3d7928428e65f0d3f5bad0cd0bda1434aee1d89418468 50.07MB / 50.07MB 2.4s
#4 sha256:db8fbd9db2fe6382804432552a60f85b0e292cdb34b8a5c751c4a3061f68df29 3.15MB / 19.40MB 2.4s
#4 sha256:db8fbd9db2fe6382804432552a60f85b0e292cdb34b8a5c751c4a3061f68df29 8.39MB / 19.40MB 2.5s
#4 sha256:db8fbd9db2fe6382804432552a60f85b0e292cdb34b8a5c751c4a3061f68df29 13.63MB / 19.40MB 2.6s
#4 sha256:db8fbd9db2fe6382804432552a60f85b0e292cdb34b8a5c751c4a3061f68df29 18.87MB / 19.40MB 2.7s
#4 sha256:c877b722db6f4d4297c21f07162d21fa6ac6f51d03360f75e24cfa3bcaefe57d 52.43MB / 214.84MB 2.8s
#4 sha256:e705a4c4fd310b96bfb3d7928428e65f0d3f5bad0cd0bda1434aee1d89418468 50.07MB / 50.07MB 3.2s done
#4 sha256:c877b722db6f4d4297c21f07162d21fa6ac6f51d03360f75e24cfa3bcaefe57d 63.96MB / 214.84MB 3.4s
#4 sha256:1c151cd1b3eabced84742529489b3c8c344181b4cbcdcfccdb1f4a7c7d0239ec 0B / 1.40MB 3.4s
#4 sha256:1c151cd1b3eabced84742529489b3c8c344181b4cbcdcfccdb1f4a7c7d0239ec 1.40MB / 1.40MB 3.5s
#4 sha256:db8fbd9db2fe6382804432552a60f85b0e292cdb34b8a5c751c4a3061f68df29 19.40MB / 19.40MB 3.6s done
#4 sha256:1c151cd1b3eabced84742529489b3c8c344181b4cbcdcfccdb1f4a7c7d0239ec 1.40MB / 1.40MB 3.8s done
#4 sha256:fbd993995f407f3681fc8399ae67c04bba8e15c7f754b1af8b37f50b35f4a11e 292B / 292B 3.8s done
#4 sha256:c877b722db6f4d4297c21f07162d21fa6ac6f51d03360f75e24cfa3bcaefe57d 78.64MB / 214.84MB 4.0s
#4 sha256:c877b722db6f4d4297c21f07162d21fa6ac6f51d03360f75e24cfa3bcaefe57d 93.32MB / 214.84MB 4.3s
#4 sha256:c877b722db6f4d4297c21f07162d21fa6ac6f51d03360f75e24cfa3bcaefe57d 104.86MB / 214.84MB 4.5s
#4 sha256:c877b722db6f4d4297c21f07162d21fa6ac6f51d03360f75e24cfa3bcaefe57d 116.39MB / 214.84MB 4.7s
#4 sha256:c877b722db6f4d4297c21f07162d21fa6ac6f51d03360f75e24cfa3bcaefe57d 136.31MB / 214.84MB 5.1s
#4 sha256:c877b722db6f4d4297c21f07162d21fa6ac6f51d03360f75e24cfa3bcaefe57d 150.99MB / 214.84MB 5.5s
#4 sha256:c877b722db6f4d4297c21f07162d21fa6ac6f51d03360f75e24cfa3bcaefe57d 164.63MB / 214.84MB 5.9s
#4 sha256:c877b722db6f4d4297c21f07162d21fa6ac6f51d03360f75e24cfa3bcaefe57d 176.16MB / 214.84MB 6.2s
#4 sha256:c877b722db6f4d4297c21f07162d21fa6ac6f51d03360f75e24cfa3bcaefe57d 193.99MB / 214.84MB 6.6s
#4 sha256:c877b722db6f4d4297c21f07162d21fa6ac6f51d03360f75e24cfa3bcaefe57d 207.62MB / 214.84MB 7.0s
#4 extracting sha256:146bd6a886182fde06fbf747470b1c89814bc8ab1c96fdf1aef6107171959fe6 5.0s
#4 extracting sha256:146bd6a886182fde06fbf747470b1c89814bc8ab1c96fdf1aef6107171959fe6 7.0s done
#4 sha256:c877b722db6f4d4297c21f07162d21fa6ac6f51d03360f75e24cfa3bcaefe57d 214.84MB / 214.84MB 10.5s done
#4 extracting sha256:9935d0c62ace92b388be202275e222007d6cac10b9c1f2c1ea63af38c09ea7ab
#4 extracting sha256:9935d0c62ace92b388be202275e222007d6cac10b9c1f2c1ea63af38c09ea7ab 1.3s done
#4 extracting sha256:db0efb86e80601b5bbdbb7c406426982c4202d339687c14c3941b364527e2249
#4 extracting sha256:db0efb86e80601b5bbdbb7c406426982c4202d339687c14c3941b364527e2249 0.7s done
#4 extracting sha256:e705a4c4fd310b96bfb3d7928428e65f0d3f5bad0cd0bda1434aee1d89418468
#4 extracting sha256:e705a4c4fd310b96bfb3d7928428e65f0d3f5bad0cd0bda1434aee1d89418468 5.0s
#4 extracting sha256:e705a4c4fd310b96bfb3d7928428e65f0d3f5bad0cd0bda1434aee1d89418468 8.1s done
#4 extracting sha256:c877b722db6f4d4297c21f07162d21fa6ac6f51d03360f75e24cfa3bcaefe57d
#4 extracting sha256:c877b722db6f4d4297c21f07162d21fa6ac6f51d03360f75e24cfa3bcaefe57d 5.1s
#4 extracting sha256:c877b722db6f4d4297c21f07162d21fa6ac6f51d03360f75e24cfa3bcaefe57d 10.1s
#4 extracting sha256:c877b722db6f4d4297c21f07162d21fa6ac6f51d03360f75e24cfa3bcaefe57d 15.2s
#4 extracting sha256:c877b722db6f4d4297c21f07162d21fa6ac6f51d03360f75e24cfa3bcaefe57d 20.3s
#4 extracting sha256:c877b722db6f4d4297c21f07162d21fa6ac6f51d03360f75e24cfa3bcaefe57d 25.3s
#4 extracting sha256:c877b722db6f4d4297c21f07162d21fa6ac6f51d03360f75e24cfa3bcaefe57d 29.2s done
#4 extracting sha256:645c20ec82147f2bdc182280ac02b60687cfac33c4231059051bbdcf60e31035
#4 extracting sha256:645c20ec82147f2bdc182280ac02b60687cfac33c4231059051bbdcf60e31035 0.3s done
#4 extracting sha256:db8fbd9db2fe6382804432552a60f85b0e292cdb34b8a5c751c4a3061f68df29
#4 extracting sha256:db8fbd9db2fe6382804432552a60f85b0e292cdb34b8a5c751c4a3061f68df29 3.7s done
#4 extracting sha256:1c151cd1b3eabced84742529489b3c8c344181b4cbcdcfccdb1f4a7c7d0239ec
#4 extracting sha256:1c151cd1b3eabced84742529489b3c8c344181b4cbcdcfccdb1f4a7c7d0239ec 0.5s done
#4 extracting sha256:fbd993995f407f3681fc8399ae67c04bba8e15c7f754b1af8b37f50b35f4a11e done
#4 DONE 68.8s

#5 [2/4] RUN apt-get update && apt-get install -y zip build-essential curl openjdk-8-jdk memcached jq && apt-get clean
#5 11.69 Ign:1 http://security.debian.org/debian-security stretch/updates InRelease
#5 11.70 Ign:2 http://deb.debian.org/debian stretch InRelease
#5 11.70 Ign:3 http://security.debian.org/debian-security stretch/updates Release
#5 11.71 Ign:4 http://deb.debian.org/debian stretch-updates InRelease
#5 11.72 Ign:5 http://deb.debian.org/debian stretch Release
#5 11.72 Ign:6 http://security.debian.org/debian-security stretch/updates/main all Packages
#5 11.74 Ign:7 http://deb.debian.org/debian stretch-updates Release
#5 11.75 Ign:8 http://deb.debian.org/debian stretch/main amd64 Packages
#5 11.75 Ign:9 http://security.debian.org/debian-security stretch/updates/main amd64 Packages
#5 11.76 Ign:10 http://deb.debian.org/debian stretch/main all Packages
#5 11.77 Ign:11 http://deb.debian.org/debian stretch-updates/main amd64 Packages
#5 11.77 Ign:6 http://security.debian.org/debian-security stretch/updates/main all Packages
#5 11.78 Ign:12 http://deb.debian.org/debian stretch-updates/main all Packages
#5 11.80 Ign:8 http://deb.debian.org/debian stretch/main amd64 Packages
#5 11.81 Ign:10 http://deb.debian.org/debian stretch/main all Packages
#5 11.81 Ign:9 http://security.debian.org/debian-security stretch/updates/main amd64 Packages
#5 11.82 Ign:11 http://deb.debian.org/debian stretch-updates/main amd64 Packages
#5 11.83 Ign:12 http://deb.debian.org/debian stretch-updates/main all Packages
#5 11.83 Ign:6 http://security.debian.org/debian-security stretch/updates/main all Packages
#5 11.84 Ign:9 http://security.debian.org/debian-security stretch/updates/main amd64 Packages
#5 11.84 Ign:8 http://deb.debian.org/debian stretch/main amd64 Packages
#5 11.85 Ign:10 http://deb.debian.org/debian stretch/main all Packages
#5 11.85 Ign:6 http://security.debian.org/debian-security stretch/updates/main all Packages
#5 11.87 Ign:11 http://deb.debian.org/debian stretch-updates/main amd64 Packages
#5 11.87 Ign:9 http://security.debian.org/debian-security stretch/updates/main amd64 Packages
#5 11.88 Ign:12 http://deb.debian.org/debian stretch-updates/main all Packages
#5 11.89 Ign:6 http://security.debian.org/debian-security stretch/updates/main all Packages
#5 11.90 Ign:8 http://deb.debian.org/debian stretch/main amd64 Packages
#5 11.90 Ign:9 http://security.debian.org/debian-security stretch/updates/main amd64 Packages
#5 11.91 Ign:6 http://security.debian.org/debian-security stretch/updates/main all Packages
#5 11.91 Ign:10 http://deb.debian.org/debian stretch/main all Packages
#5 11.92 Err:9 http://security.debian.org/debian-security stretch/updates/main amd64 Packages
#5 11.92   404  Not Found
#5 11.93 Ign:11 http://deb.debian.org/debian stretch-updates/main amd64 Packages
#5 11.94 Ign:12 http://deb.debian.org/debian stretch-updates/main all Packages
#5 11.95 Ign:8 http://deb.debian.org/debian stretch/main amd64 Packages
#5 11.96 Ign:10 http://deb.debian.org/debian stretch/main all Packages
#5 11.99 Ign:11 http://deb.debian.org/debian stretch-updates/main amd64 Packages
#5 12.01 Ign:12 http://deb.debian.org/debian stretch-updates/main all Packages
#5 12.02 Err:8 http://deb.debian.org/debian stretch/main amd64 Packages
#5 12.02   404  Not Found
#5 12.04 Ign:10 http://deb.debian.org/debian stretch/main all Packages
#5 12.05 Err:11 http://deb.debian.org/debian stretch-updates/main amd64 Packages
#5 12.05   404  Not Found
#5 12.07 Ign:12 http://deb.debian.org/debian stretch-updates/main all Packages
#5 12.10 Reading package lists...
#5 12.17 W: The repository 'http://security.debian.org/debian-security stretch/updates Release' does not have a Release file.
#5 12.17 W: The repository 'http://deb.debian.org/debian stretch Release' does not have a Release file.
#5 12.17 W: The repository 'http://deb.debian.org/debian stretch-updates Release' does not have a Release file.
#5 12.17 E: Failed to fetch http://security.debian.org/debian-security/dists/stretch/updates/main/binary-amd64/Packages  404  Not Found
#5 12.17 E: Failed to fetch http://deb.debian.org/debian/dists/stretch/main/binary-amd64/Packages  404  Not Found
#5 12.17 E: Failed to fetch http://deb.debian.org/debian/dists/stretch-updates/main/binary-amd64/Packages  404  Not Found
#5 12.17 E: Some index files failed to download. They have been ignored, or old ones used instead.
#5 ERROR: process "/bin/sh -c apt-get update && apt-get install -y zip build-essential curl openjdk-8-jdk memcached jq && apt-get clean" did not complete successfully: exit code: 100
------
 > [2/4] RUN apt-get update && apt-get install -y zip build-essential curl openjdk-8-jdk memcached jq && apt-get clean:
12.05   404  Not Found
12.07 Ign:12 http://deb.debian.org/debian stretch-updates/main all Packages
12.10 Reading package lists...
12.17 W: The repository 'http://security.debian.org/debian-security stretch/updates Release' does not have a Release file.
12.17 W: The repository 'http://deb.debian.org/debian stretch Release' does not have a Release file.
12.17 W: The repository 'http://deb.debian.org/debian stretch-updates Release' does not have a Release file.
12.17 E: Failed to fetch http://security.debian.org/debian-security/dists/stretch/updates/main/binary-amd64/Packages  404  Not Found
12.17 E: Failed to fetch http://deb.debian.org/debian/dists/stretch/main/binary-amd64/Packages  404  Not Found
12.17 E: Failed to fetch http://deb.debian.org/debian/dists/stretch-updates/main/binary-amd64/Packages  404  Not Found
12.17 E: Some index files failed to download. They have been ignored, or old ones used instead.
------
v1_Dockerfile:5
--------------------
   3 |     
   4 |     # Install system programs
   5 | >>> RUN apt-get update && apt-get install -y zip build-essential curl openjdk-8-jdk memcached jq && apt-get clean
   6 |     
   7 |     # Install Redis
--------------------
ERROR: failed to solve: process "/bin/sh -c apt-get update && apt-get install -y zip build-essential curl openjdk-8-jdk memcached jq && apt-get clean" did not complete successfully: exit code: 100
Duration: 1:23.65