#0 building with "default" instance using docker driver

#1 [internal] load build definition from Dockerfile
#1 transferring dockerfile: 304B done
#1 DONE 0.5s

#2 [internal] load .dockerignore
#2 transferring context: 2B done
#2 DONE 0.4s

#3 [internal] load metadata for docker.io/library/node:9.3.0-stretch
#3 ...

#4 [auth] library/node:pull token for registry-1.docker.io
#4 DONE 0.0s

#3 [internal] load metadata for docker.io/library/node:9.3.0-stretch
#3 DONE 1.7s

#5 [1/6] FROM docker.io/library/node:9.3.0-stretch@sha256:df493f03ce097e7b39a6058ee42d4d064919e009b62d0bb7438c786622cf17f7
#5 resolve docker.io/library/node:9.3.0-stretch@sha256:df493f03ce097e7b39a6058ee42d4d064919e009b62d0bb7438c786622cf17f7
#5 resolve docker.io/library/node:9.3.0-stretch@sha256:df493f03ce097e7b39a6058ee42d4d064919e009b62d0bb7438c786622cf17f7 0.2s done
#5 DONE 0.2s

#5 [1/6] FROM docker.io/library/node:9.3.0-stretch@sha256:df493f03ce097e7b39a6058ee42d4d064919e009b62d0bb7438c786622cf17f7
#5 sha256:df493f03ce097e7b39a6058ee42d4d064919e009b62d0bb7438c786622cf17f7 2.04kB / 2.04kB done
#5 sha256:bb07515b656cc4787b727307759f4d124f21da188bf54683c3144421d433ce7c 2.22kB / 2.22kB done
#5 sha256:0d6ea1b4d2e23db827f3353bc2f8b8e7fcbd638412252805a60b4715dbc90377 7.14kB / 7.14kB done
#5 sha256:723254a2c089166d4bcfa917be0181ddbecd94971ebfe85792d96e7e29be9c68 0B / 45.12MB 0.1s
#5 sha256:abe15a44e12f84b4aac20d4f2b450ec8638cc0b176c9130d1802cb4fed17d953 0B / 11.11MB 0.2s
#5 sha256:723254a2c089166d4bcfa917be0181ddbecd94971ebfe85792d96e7e29be9c68 3.15MB / 45.12MB 0.3s
#5 sha256:409a28e3cc3de08700c9d37c809a6d3aa43dc076402943919f4a78c286c60a0b 0B / 4.34MB 0.3s
#5 sha256:723254a2c089166d4bcfa917be0181ddbecd94971ebfe85792d96e7e29be9c68 12.58MB / 45.12MB 0.5s
#5 sha256:abe15a44e12f84b4aac20d4f2b450ec8638cc0b176c9130d1802cb4fed17d953 9.44MB / 11.11MB 0.5s
#5 sha256:409a28e3cc3de08700c9d37c809a6d3aa43dc076402943919f4a78c286c60a0b 2.10MB / 4.34MB 0.5s
#5 sha256:723254a2c089166d4bcfa917be0181ddbecd94971ebfe85792d96e7e29be9c68 24.12MB / 45.12MB 0.7s
#5 sha256:abe15a44e12f84b4aac20d4f2b450ec8638cc0b176c9130d1802cb4fed17d953 11.11MB / 11.11MB 0.7s
#5 sha256:409a28e3cc3de08700c9d37c809a6d3aa43dc076402943919f4a78c286c60a0b 4.34MB / 4.34MB 0.7s
#5 sha256:723254a2c089166d4bcfa917be0181ddbecd94971ebfe85792d96e7e29be9c68 29.36MB / 45.12MB 0.8s
#5 sha256:abe15a44e12f84b4aac20d4f2b450ec8638cc0b176c9130d1802cb4fed17d953 11.11MB / 11.11MB 0.7s done
#5 sha256:50316693559041b3c6895bce352b10c302f31c074495671a820b689d2ce12baa 0B / 50.02MB 0.9s
#5 sha256:723254a2c089166d4bcfa917be0181ddbecd94971ebfe85792d96e7e29be9c68 36.70MB / 45.12MB 1.1s
#5 sha256:409a28e3cc3de08700c9d37c809a6d3aa43dc076402943919f4a78c286c60a0b 4.34MB / 4.34MB 0.9s done
#5 sha256:50316693559041b3c6895bce352b10c302f31c074495671a820b689d2ce12baa 5.24MB / 50.02MB 1.1s
#5 sha256:0f46f97746e4df5959e8c821ca69fdd6c0bedd611c1e0ab3b6970f7202b9bb10 0B / 213.09MB 1.1s
#5 sha256:723254a2c089166d4bcfa917be0181ddbecd94971ebfe85792d96e7e29be9c68 41.94MB / 45.12MB 1.3s
#5 sha256:50316693559041b3c6895bce352b10c302f31c074495671a820b689d2ce12baa 12.58MB / 50.02MB 1.3s
#5 sha256:723254a2c089166d4bcfa917be0181ddbecd94971ebfe85792d96e7e29be9c68 45.12MB / 45.12MB 1.4s
#5 sha256:50316693559041b3c6895bce352b10c302f31c074495671a820b689d2ce12baa 15.73MB / 50.02MB 1.4s
#5 sha256:50316693559041b3c6895bce352b10c302f31c074495671a820b689d2ce12baa 26.21MB / 50.02MB 1.6s
#5 sha256:50316693559041b3c6895bce352b10c302f31c074495671a820b689d2ce12baa 30.41MB / 50.02MB 1.7s
#5 sha256:0f46f97746e4df5959e8c821ca69fdd6c0bedd611c1e0ab3b6970f7202b9bb10 14.68MB / 213.09MB 1.7s
#5 sha256:50316693559041b3c6895bce352b10c302f31c074495671a820b689d2ce12baa 38.80MB / 50.02MB 2.0s
#5 sha256:0f46f97746e4df5959e8c821ca69fdd6c0bedd611c1e0ab3b6970f7202b9bb10 30.41MB / 213.09MB 2.0s
#5 sha256:50316693559041b3c6895bce352b10c302f31c074495671a820b689d2ce12baa 44.04MB / 50.02MB 2.1s
#5 sha256:723254a2c089166d4bcfa917be0181ddbecd94971ebfe85792d96e7e29be9c68 45.12MB / 45.12MB 2.1s done
#5 sha256:50316693559041b3c6895bce352b10c302f31c074495671a820b689d2ce12baa 50.02MB / 50.02MB 2.3s
#5 sha256:0f46f97746e4df5959e8c821ca69fdd6c0bedd611c1e0ab3b6970f7202b9bb10 44.04MB / 213.09MB 2.3s
#5 sha256:c9cc354259c2dfc6607cae6c8090b62b15bffff4ac9d836ae65e283ec49841a9 0B / 4.16kB 2.5s
#5 sha256:0f46f97746e4df5959e8c821ca69fdd6c0bedd611c1e0ab3b6970f7202b9bb10 58.72MB / 213.09MB 2.6s
#5 sha256:c9cc354259c2dfc6607cae6c8090b62b15bffff4ac9d836ae65e283ec49841a9 4.16kB / 4.16kB 2.6s
#5 extracting sha256:723254a2c089166d4bcfa917be0181ddbecd94971ebfe85792d96e7e29be9c68
#5 sha256:0f46f97746e4df5959e8c821ca69fdd6c0bedd611c1e0ab3b6970f7202b9bb10 74.45MB / 213.09MB 2.9s
#5 sha256:50316693559041b3c6895bce352b10c302f31c074495671a820b689d2ce12baa 50.02MB / 50.02MB 3.0s done
#5 sha256:0f46f97746e4df5959e8c821ca69fdd6c0bedd611c1e0ab3b6970f7202b9bb10 85.98MB / 213.09MB 3.1s
#5 sha256:c9cc354259c2dfc6607cae6c8090b62b15bffff4ac9d836ae65e283ec49841a9 4.16kB / 4.16kB 3.1s done
#5 sha256:b8f9127e295aed4e4dc02e60f576c0ed29863bfa086018f272697dd5e66ffa90 0B / 114.72kB 3.2s
#5 sha256:0f46f97746e4df5959e8c821ca69fdd6c0bedd611c1e0ab3b6970f7202b9bb10 98.90MB / 213.09MB 3.4s
#5 sha256:b8f9127e295aed4e4dc02e60f576c0ed29863bfa086018f272697dd5e66ffa90 114.72kB / 114.72kB 3.4s
#5 sha256:4c5a7dc144d93e32581cbfde276abec723959def8d6059237a62241bde6f8603 0B / 18.36MB 3.4s
#5 sha256:b8f9127e295aed4e4dc02e60f576c0ed29863bfa086018f272697dd5e66ffa90 114.72kB / 114.72kB 3.4s done
#5 sha256:7f1f66f897e79a38e26a17a327f8b98cfd1c81fa527587077adeaf2457df088d 0B / 1.01MB 3.5s
#5 sha256:0f46f97746e4df5959e8c821ca69fdd6c0bedd611c1e0ab3b6970f7202b9bb10 111.15MB / 213.09MB 3.6s
#5 sha256:4c5a7dc144d93e32581cbfde276abec723959def8d6059237a62241bde6f8603 1.05MB / 18.36MB 3.6s
#5 sha256:4c5a7dc144d93e32581cbfde276abec723959def8d6059237a62241bde6f8603 11.53MB / 18.36MB 3.8s
#5 sha256:0f46f97746e4df5959e8c821ca69fdd6c0bedd611c1e0ab3b6970f7202b9bb10 124.78MB / 213.09MB 4.0s
#5 sha256:4c5a7dc144d93e32581cbfde276abec723959def8d6059237a62241bde6f8603 18.36MB / 18.36MB 4.0s
#5 sha256:7f1f66f897e79a38e26a17a327f8b98cfd1c81fa527587077adeaf2457df088d 1.01MB / 1.01MB 4.1s
#5 sha256:0f46f97746e4df5959e8c821ca69fdd6c0bedd611c1e0ab3b6970f7202b9bb10 139.46MB / 213.09MB 4.3s
#5 sha256:4c5a7dc144d93e32581cbfde276abec723959def8d6059237a62241bde6f8603 18.36MB / 18.36MB 4.2s done
#5 sha256:7f1f66f897e79a38e26a17a327f8b98cfd1c81fa527587077adeaf2457df088d 1.01MB / 1.01MB 4.3s done
#5 sha256:0f46f97746e4df5959e8c821ca69fdd6c0bedd611c1e0ab3b6970f7202b9bb10 159.38MB / 213.09MB 4.7s
#5 sha256:0f46f97746e4df5959e8c821ca69fdd6c0bedd611c1e0ab3b6970f7202b9bb10 174.06MB / 213.09MB 5.0s
#5 sha256:0f46f97746e4df5959e8c821ca69fdd6c0bedd611c1e0ab3b6970f7202b9bb10 188.74MB / 213.09MB 5.3s
#5 sha256:0f46f97746e4df5959e8c821ca69fdd6c0bedd611c1e0ab3b6970f7202b9bb10 200.28MB / 213.09MB 5.7s
#5 sha256:0f46f97746e4df5959e8c821ca69fdd6c0bedd611c1e0ab3b6970f7202b9bb10 212.86MB / 213.09MB 6.1s
#5 extracting sha256:723254a2c089166d4bcfa917be0181ddbecd94971ebfe85792d96e7e29be9c68 5.1s
#5 extracting sha256:723254a2c089166d4bcfa917be0181ddbecd94971ebfe85792d96e7e29be9c68 6.8s done
#5 sha256:0f46f97746e4df5959e8c821ca69fdd6c0bedd611c1e0ab3b6970f7202b9bb10 213.09MB / 213.09MB 9.5s done
#5 extracting sha256:abe15a44e12f84b4aac20d4f2b450ec8638cc0b176c9130d1802cb4fed17d953 0.1s
#5 extracting sha256:abe15a44e12f84b4aac20d4f2b450ec8638cc0b176c9130d1802cb4fed17d953 1.3s done
#5 extracting sha256:409a28e3cc3de08700c9d37c809a6d3aa43dc076402943919f4a78c286c60a0b
#5 extracting sha256:409a28e3cc3de08700c9d37c809a6d3aa43dc076402943919f4a78c286c60a0b 0.8s done
#5 extracting sha256:50316693559041b3c6895bce352b10c302f31c074495671a820b689d2ce12baa
#5 extracting sha256:50316693559041b3c6895bce352b10c302f31c074495671a820b689d2ce12baa 5.1s
#5 extracting sha256:50316693559041b3c6895bce352b10c302f31c074495671a820b689d2ce12baa 8.5s done
#5 extracting sha256:0f46f97746e4df5959e8c821ca69fdd6c0bedd611c1e0ab3b6970f7202b9bb10 0.1s
#5 extracting sha256:0f46f97746e4df5959e8c821ca69fdd6c0bedd611c1e0ab3b6970f7202b9bb10 5.1s
#5 extracting sha256:0f46f97746e4df5959e8c821ca69fdd6c0bedd611c1e0ab3b6970f7202b9bb10 10.3s
#5 extracting sha256:0f46f97746e4df5959e8c821ca69fdd6c0bedd611c1e0ab3b6970f7202b9bb10 15.4s
#5 extracting sha256:0f46f97746e4df5959e8c821ca69fdd6c0bedd611c1e0ab3b6970f7202b9bb10 20.4s
#5 extracting sha256:0f46f97746e4df5959e8c821ca69fdd6c0bedd611c1e0ab3b6970f7202b9bb10 25.6s
#5 extracting sha256:0f46f97746e4df5959e8c821ca69fdd6c0bedd611c1e0ab3b6970f7202b9bb10 29.1s done
#5 extracting sha256:c9cc354259c2dfc6607cae6c8090b62b15bffff4ac9d836ae65e283ec49841a9
#5 extracting sha256:c9cc354259c2dfc6607cae6c8090b62b15bffff4ac9d836ae65e283ec49841a9 0.4s done
#5 extracting sha256:b8f9127e295aed4e4dc02e60f576c0ed29863bfa086018f272697dd5e66ffa90
#5 extracting sha256:b8f9127e295aed4e4dc02e60f576c0ed29863bfa086018f272697dd5e66ffa90 0.3s done
#5 extracting sha256:4c5a7dc144d93e32581cbfde276abec723959def8d6059237a62241bde6f8603
#5 extracting sha256:4c5a7dc144d93e32581cbfde276abec723959def8d6059237a62241bde6f8603 4.1s done
#5 extracting sha256:7f1f66f897e79a38e26a17a327f8b98cfd1c81fa527587077adeaf2457df088d
#5 extracting sha256:7f1f66f897e79a38e26a17a327f8b98cfd1c81fa527587077adeaf2457df088d 0.7s done
#5 DONE 65.4s

#6 [2/6] RUN apt-get update
#6 1.697 Ign:1 http://deb.debian.org/debian stretch InRelease
#6 1.697 Ign:2 http://security.debian.org stretch/updates InRelease
#6 1.711 Ign:3 http://deb.debian.org/debian stretch-updates InRelease
#6 1.711 Ign:4 http://security.debian.org stretch/updates Release
#6 1.726 Ign:5 http://deb.debian.org/debian stretch Release
#6 1.726 Ign:6 http://security.debian.org stretch/updates/main all Packages
#6 1.741 Ign:7 http://deb.debian.org/debian stretch-updates Release
#6 1.741 Ign:8 http://security.debian.org stretch/updates/main amd64 Packages
#6 1.755 Ign:9 http://deb.debian.org/debian stretch/main all Packages
#6 1.755 Ign:6 http://security.debian.org stretch/updates/main all Packages
#6 1.770 Ign:8 http://security.debian.org stretch/updates/main amd64 Packages
#6 1.785 Ign:6 http://security.debian.org stretch/updates/main all Packages
#6 1.801 Ign:8 http://security.debian.org stretch/updates/main amd64 Packages
#6 1.816 Ign:6 http://security.debian.org stretch/updates/main all Packages
#6 1.832 Ign:8 http://security.debian.org stretch/updates/main amd64 Packages
#6 1.848 Ign:6 http://security.debian.org stretch/updates/main all Packages
#6 1.864 Ign:8 http://security.debian.org stretch/updates/main amd64 Packages
#6 1.880 Ign:6 http://security.debian.org stretch/updates/main all Packages
#6 1.896 Err:8 http://security.debian.org stretch/updates/main amd64 Packages
#6 1.896   404  Not Found
#6 1.914 Ign:10 http://deb.debian.org/debian stretch/main amd64 Packages
#6 1.930 Ign:11 http://deb.debian.org/debian stretch-updates/main all Packages
#6 2.094 Ign:12 http://deb.debian.org/debian stretch-updates/main amd64 Packages
#6 2.110 Ign:9 http://deb.debian.org/debian stretch/main all Packages
#6 2.269 Ign:10 http://deb.debian.org/debian stretch/main amd64 Packages
#6 2.284 Ign:11 http://deb.debian.org/debian stretch-updates/main all Packages
#6 2.448 Ign:12 http://deb.debian.org/debian stretch-updates/main amd64 Packages
#6 2.457 Ign:9 http://deb.debian.org/debian stretch/main all Packages
#6 2.621 Ign:10 http://deb.debian.org/debian stretch/main amd64 Packages
#6 2.632 Ign:11 http://deb.debian.org/debian stretch-updates/main all Packages
#6 2.794 Ign:12 http://deb.debian.org/debian stretch-updates/main amd64 Packages
#6 2.805 Ign:9 http://deb.debian.org/debian stretch/main all Packages
#6 2.966 Ign:10 http://deb.debian.org/debian stretch/main amd64 Packages
#6 2.976 Ign:11 http://deb.debian.org/debian stretch-updates/main all Packages
#6 3.135 Ign:12 http://deb.debian.org/debian stretch-updates/main amd64 Packages
#6 3.150 Ign:9 http://deb.debian.org/debian stretch/main all Packages
#6 3.310 Ign:10 http://deb.debian.org/debian stretch/main amd64 Packages
#6 3.326 Ign:11 http://deb.debian.org/debian stretch-updates/main all Packages
#6 3.485 Ign:12 http://deb.debian.org/debian stretch-updates/main amd64 Packages
#6 3.496 Ign:9 http://deb.debian.org/debian stretch/main all Packages
#6 3.662 Err:10 http://deb.debian.org/debian stretch/main amd64 Packages
#6 3.662   404  Not Found
#6 3.672 Ign:11 http://deb.debian.org/debian stretch-updates/main all Packages
#6 3.831 Err:12 http://deb.debian.org/debian stretch-updates/main amd64 Packages
#6 3.831   404  Not Found
#6 3.862 Reading package lists...
#6 3.930 W: The repository 'http://security.debian.org stretch/updates Release' does not have a Release file.
#6 3.930 W: The repository 'http://deb.debian.org/debian stretch Release' does not have a Release file.
#6 3.930 W: The repository 'http://deb.debian.org/debian stretch-updates Release' does not have a Release file.
#6 3.930 E: Failed to fetch http://security.debian.org/dists/stretch/updates/main/binary-amd64/Packages  404  Not Found
#6 3.930 E: Failed to fetch http://deb.debian.org/debian/dists/stretch/main/binary-amd64/Packages  404  Not Found
#6 3.930 E: Failed to fetch http://deb.debian.org/debian/dists/stretch-updates/main/binary-amd64/Packages  404  Not Found
#6 3.930 E: Some index files failed to download. They have been ignored, or old ones used instead.
#6 ERROR: process "/bin/sh -c apt-get update" did not complete successfully: exit code: 100
------
 > [2/6] RUN apt-get update:
3.831 Err:12 http://deb.debian.org/debian stretch-updates/main amd64 Packages
3.831   404  Not Found
3.862 Reading package lists...
3.930 W: The repository 'http://security.debian.org stretch/updates Release' does not have a Release file.
3.930 W: The repository 'http://deb.debian.org/debian stretch Release' does not have a Release file.
3.930 W: The repository 'http://deb.debian.org/debian stretch-updates Release' does not have a Release file.
3.930 E: Failed to fetch http://security.debian.org/dists/stretch/updates/main/binary-amd64/Packages  404  Not Found
3.930 E: Failed to fetch http://deb.debian.org/debian/dists/stretch/main/binary-amd64/Packages  404  Not Found
3.930 E: Failed to fetch http://deb.debian.org/debian/dists/stretch-updates/main/binary-amd64/Packages  404  Not Found
3.930 E: Some index files failed to download. They have been ignored, or old ones used instead.
------
Dockerfile:6
--------------------
   4 |     FROM node:9.3.0-stretch
   5 |     
   6 | >>> RUN apt-get update
   7 |     
   8 |     RUN apt-get install -y python3-pip python3-dev
--------------------
ERROR: failed to solve: process "/bin/sh -c apt-get update" did not complete successfully: exit code: 100
Duration: 1:25.63