#0 building with "default" instance using docker driver

#1 [internal] load build definition from v1_Dockerfile
#1 transferring dockerfile: 527B done
#1 DONE 0.0s

#2 [internal] load metadata for docker.io/library/python:3.7.3
#2 DONE 0.6s

#3 [internal] load .dockerignore
#3 transferring context: 2B done
#3 DONE 0.0s

#4 [1/7] FROM docker.io/library/python:3.7.3@sha256:9e0b4f32487ca1863b45383420b8db77990debae748e2e875d2f86fa9510d4a5
#4 resolve docker.io/library/python:3.7.3@sha256:9e0b4f32487ca1863b45383420b8db77990debae748e2e875d2f86fa9510d4a5 0.0s done
#4 ...

#5 [internal] load build context
#5 transferring context: 2.29MB 0.0s done
#5 DONE 0.1s

#4 [1/7] FROM docker.io/library/python:3.7.3@sha256:9e0b4f32487ca1863b45383420b8db77990debae748e2e875d2f86fa9510d4a5
#4 sha256:494c27a8a6b820f9167ec7e368b3a9bb47d7029f4dc8c97c67091f3757a5bc4e 0B / 10.79MB 0.2s
#4 sha256:7596bb83081b6c8410df557d538a0ae45922cbf81e469c6f4cfa835247cb24ab 0B / 4.34MB 0.2s
#4 sha256:9e0b4f32487ca1863b45383420b8db77990debae748e2e875d2f86fa9510d4a5 2.38kB / 2.38kB done
#4 sha256:e3e087ca7fe013554b3a8b8d4088ab33a9f13af85b5c3f37cd4e69a8e53f14e1 2.22kB / 2.22kB done
#4 sha256:34a518642c76e77f0cace72bd993352ac99802c3295931f70a407b735ecb6e27 7.39kB / 7.39kB done
#4 sha256:6f2f362378c5a6fd915d96d11dda1e0223ccf213bf121ace56ae0f6616ea1dc8 7.34MB / 45.34MB 0.2s
#4 sha256:494c27a8a6b820f9167ec7e368b3a9bb47d7029f4dc8c97c67091f3757a5bc4e 7.34MB / 10.79MB 0.4s
#4 sha256:6f2f362378c5a6fd915d96d11dda1e0223ccf213bf121ace56ae0f6616ea1dc8 17.83MB / 45.34MB 0.4s
#4 sha256:494c27a8a6b820f9167ec7e368b3a9bb47d7029f4dc8c97c67091f3757a5bc4e 10.79MB / 10.79MB 0.5s done
#4 sha256:7596bb83081b6c8410df557d538a0ae45922cbf81e469c6f4cfa835247cb24ab 4.34MB / 4.34MB 0.4s done
#4 sha256:6f2f362378c5a6fd915d96d11dda1e0223ccf213bf121ace56ae0f6616ea1dc8 31.46MB / 45.34MB 0.6s
#4 sha256:372744b62d49eba993652ee4a1201801fe278b687d85489101e07e7b9a4900e0 3.15MB / 50.07MB 0.6s
#4 sha256:615db220d76c063138a2e6c5849703a7a80d682a682f7e1a841e6e7ed5f43879 0B / 215.08MB 0.6s
#4 sha256:6f2f362378c5a6fd915d96d11dda1e0223ccf213bf121ace56ae0f6616ea1dc8 40.89MB / 45.34MB 0.8s
#4 sha256:372744b62d49eba993652ee4a1201801fe278b687d85489101e07e7b9a4900e0 12.58MB / 50.07MB 0.8s
#4 sha256:6f2f362378c5a6fd915d96d11dda1e0223ccf213bf121ace56ae0f6616ea1dc8 45.34MB / 45.34MB 0.9s
#4 sha256:372744b62d49eba993652ee4a1201801fe278b687d85489101e07e7b9a4900e0 17.83MB / 50.07MB 1.0s
#4 sha256:615db220d76c063138a2e6c5849703a7a80d682a682f7e1a841e6e7ed5f43879 11.53MB / 215.08MB 1.0s
#4 extracting sha256:6f2f362378c5a6fd915d96d11dda1e0223ccf213bf121ace56ae0f6616ea1dc8
#4 sha256:6f2f362378c5a6fd915d96d11dda1e0223ccf213bf121ace56ae0f6616ea1dc8 45.34MB / 45.34MB 1.0s done
#4 sha256:372744b62d49eba993652ee4a1201801fe278b687d85489101e07e7b9a4900e0 24.12MB / 50.07MB 1.1s
#4 sha256:39aa0c89bda1ee16e94ab7039cb0b9a9fce8a390769c2194aaf5fdf0ae1a2bdd 0B / 5.83MB 1.1s
#4 sha256:372744b62d49eba993652ee4a1201801fe278b687d85489101e07e7b9a4900e0 28.31MB / 50.07MB 1.2s
#4 sha256:39aa0c89bda1ee16e94ab7039cb0b9a9fce8a390769c2194aaf5fdf0ae1a2bdd 3.15MB / 5.83MB 1.2s
#4 sha256:372744b62d49eba993652ee4a1201801fe278b687d85489101e07e7b9a4900e0 33.55MB / 50.07MB 1.3s
#4 sha256:39aa0c89bda1ee16e94ab7039cb0b9a9fce8a390769c2194aaf5fdf0ae1a2bdd 5.83MB / 5.83MB 1.2s done
#4 sha256:ac275157d894bedd09171a43b2b24ee6e7587a9544a1eae42ef2ea6b60584100 0B / 22.48MB 1.3s
#4 sha256:372744b62d49eba993652ee4a1201801fe278b687d85489101e07e7b9a4900e0 38.80MB / 50.07MB 1.4s
#4 sha256:615db220d76c063138a2e6c5849703a7a80d682a682f7e1a841e6e7ed5f43879 24.12MB / 215.08MB 1.4s
#4 sha256:ac275157d894bedd09171a43b2b24ee6e7587a9544a1eae42ef2ea6b60584100 6.29MB / 22.48MB 1.5s
#4 sha256:372744b62d49eba993652ee4a1201801fe278b687d85489101e07e7b9a4900e0 43.87MB / 50.07MB 1.6s
#4 sha256:ac275157d894bedd09171a43b2b24ee6e7587a9544a1eae42ef2ea6b60584100 11.53MB / 22.48MB 1.6s
#4 sha256:372744b62d49eba993652ee4a1201801fe278b687d85489101e07e7b9a4900e0 50.07MB / 50.07MB 1.8s
#4 sha256:615db220d76c063138a2e6c5849703a7a80d682a682f7e1a841e6e7ed5f43879 40.89MB / 215.08MB 1.8s
#4 sha256:ac275157d894bedd09171a43b2b24ee6e7587a9544a1eae42ef2ea6b60584100 20.97MB / 22.48MB 1.8s
#4 sha256:372744b62d49eba993652ee4a1201801fe278b687d85489101e07e7b9a4900e0 50.07MB / 50.07MB 1.9s done
#4 sha256:615db220d76c063138a2e6c5849703a7a80d682a682f7e1a841e6e7ed5f43879 59.77MB / 215.08MB 2.0s
#4 sha256:ac275157d894bedd09171a43b2b24ee6e7587a9544a1eae42ef2ea6b60584100 22.48MB / 22.48MB 2.0s done
#4 sha256:98d16dec829a865dcb9bad110c7f1fc04ceecb52cb00f4b37f85b592aa68089d 0B / 239B 2.0s
#4 sha256:98d16dec829a865dcb9bad110c7f1fc04ceecb52cb00f4b37f85b592aa68089d 239B / 239B 2.0s done
#4 sha256:c8514b1c6524ef491c388ca3114b7f7e969e0e7507ea9efac08e663b982ec5d1 0B / 1.82MB 2.1s
#4 sha256:615db220d76c063138a2e6c5849703a7a80d682a682f7e1a841e6e7ed5f43879 77.59MB / 215.08MB 2.2s
#4 sha256:c8514b1c6524ef491c388ca3114b7f7e969e0e7507ea9efac08e663b982ec5d1 1.82MB / 1.82MB 2.1s done
#4 sha256:615db220d76c063138a2e6c5849703a7a80d682a682f7e1a841e6e7ed5f43879 96.47MB / 215.08MB 2.4s
#4 sha256:615db220d76c063138a2e6c5849703a7a80d682a682f7e1a841e6e7ed5f43879 115.34MB / 215.08MB 2.6s
#4 sha256:615db220d76c063138a2e6c5849703a7a80d682a682f7e1a841e6e7ed5f43879 136.31MB / 215.08MB 2.8s
#4 sha256:615db220d76c063138a2e6c5849703a7a80d682a682f7e1a841e6e7ed5f43879 147.14MB / 215.08MB 2.9s
#4 sha256:615db220d76c063138a2e6c5849703a7a80d682a682f7e1a841e6e7ed5f43879 158.33MB / 215.08MB 3.0s
#4 sha256:615db220d76c063138a2e6c5849703a7a80d682a682f7e1a841e6e7ed5f43879 176.16MB / 215.08MB 3.2s
#4 sha256:615db220d76c063138a2e6c5849703a7a80d682a682f7e1a841e6e7ed5f43879 194.50MB / 215.08MB 3.4s
#4 sha256:615db220d76c063138a2e6c5849703a7a80d682a682f7e1a841e6e7ed5f43879 205.52MB / 215.08MB 3.5s
#4 extracting sha256:6f2f362378c5a6fd915d96d11dda1e0223ccf213bf121ace56ae0f6616ea1dc8 2.8s done
#4 extracting sha256:494c27a8a6b820f9167ec7e368b3a9bb47d7029f4dc8c97c67091f3757a5bc4e
#4 sha256:615db220d76c063138a2e6c5849703a7a80d682a682f7e1a841e6e7ed5f43879 215.08MB / 215.08MB 4.2s done
#4 extracting sha256:494c27a8a6b820f9167ec7e368b3a9bb47d7029f4dc8c97c67091f3757a5bc4e 0.5s done
#4 extracting sha256:7596bb83081b6c8410df557d538a0ae45922cbf81e469c6f4cfa835247cb24ab
#4 extracting sha256:7596bb83081b6c8410df557d538a0ae45922cbf81e469c6f4cfa835247cb24ab 0.1s done
#4 extracting sha256:372744b62d49eba993652ee4a1201801fe278b687d85489101e07e7b9a4900e0 0.1s
#4 extracting sha256:372744b62d49eba993652ee4a1201801fe278b687d85489101e07e7b9a4900e0 2.8s done
#4 extracting sha256:615db220d76c063138a2e6c5849703a7a80d682a682f7e1a841e6e7ed5f43879
#4 extracting sha256:615db220d76c063138a2e6c5849703a7a80d682a682f7e1a841e6e7ed5f43879 5.0s
#4 extracting sha256:615db220d76c063138a2e6c5849703a7a80d682a682f7e1a841e6e7ed5f43879 10.0s done
#4 extracting sha256:39aa0c89bda1ee16e94ab7039cb0b9a9fce8a390769c2194aaf5fdf0ae1a2bdd
#4 extracting sha256:39aa0c89bda1ee16e94ab7039cb0b9a9fce8a390769c2194aaf5fdf0ae1a2bdd 0.3s done
#4 extracting sha256:ac275157d894bedd09171a43b2b24ee6e7587a9544a1eae42ef2ea6b60584100 0.1s
#4 extracting sha256:ac275157d894bedd09171a43b2b24ee6e7587a9544a1eae42ef2ea6b60584100 0.9s done
#4 extracting sha256:98d16dec829a865dcb9bad110c7f1fc04ceecb52cb00f4b37f85b592aa68089d
#4 extracting sha256:98d16dec829a865dcb9bad110c7f1fc04ceecb52cb00f4b37f85b592aa68089d done
#4 extracting sha256:c8514b1c6524ef491c388ca3114b7f7e969e0e7507ea9efac08e663b982ec5d1 0.1s
#4 extracting sha256:c8514b1c6524ef491c388ca3114b7f7e969e0e7507ea9efac08e663b982ec5d1 0.2s done
#4 DONE 19.9s

#6 [2/7] WORKDIR /usr/local/app
#6 DONE 6.7s

#7 [3/7] RUN apt-get update && apt-get install -y --no-install-recommends     groff-base     && rm -rf /var/lib/apt/lists/*
#7 0.259 Ign:1 http://security.debian.org/debian-security stretch/updates InRelease
#7 0.263 Ign:2 http://deb.debian.org/debian stretch InRelease
#7 0.269 Ign:3 http://security.debian.org/debian-security stretch/updates Release
#7 0.273 Ign:4 http://deb.debian.org/debian stretch-updates InRelease
#7 0.278 Ign:5 http://security.debian.org/debian-security stretch/updates/main amd64 Packages
#7 0.286 Ign:6 http://deb.debian.org/debian stretch Release
#7 0.289 Ign:7 http://security.debian.org/debian-security stretch/updates/main all Packages
#7 0.298 Ign:8 http://deb.debian.org/debian stretch-updates Release
#7 0.299 Ign:5 http://security.debian.org/debian-security stretch/updates/main amd64 Packages
#7 0.308 Ign:7 http://security.debian.org/debian-security stretch/updates/main all Packages
#7 0.311 Ign:9 http://deb.debian.org/debian stretch/main all Packages
#7 0.320 Ign:5 http://security.debian.org/debian-security stretch/updates/main amd64 Packages
#7 0.324 Ign:10 http://deb.debian.org/debian stretch/main amd64 Packages
#7 0.330 Ign:7 http://security.debian.org/debian-security stretch/updates/main all Packages
#7 0.336 Ign:11 http://deb.debian.org/debian stretch-updates/main amd64 Packages
#7 0.340 Ign:5 http://security.debian.org/debian-security stretch/updates/main amd64 Packages
#7 0.348 Ign:12 http://deb.debian.org/debian stretch-updates/main all Packages
#7 0.348 Ign:7 http://security.debian.org/debian-security stretch/updates/main all Packages
#7 0.359 Ign:5 http://security.debian.org/debian-security stretch/updates/main amd64 Packages
#7 0.360 Ign:9 http://deb.debian.org/debian stretch/main all Packages
#7 0.369 Ign:7 http://security.debian.org/debian-security stretch/updates/main all Packages
#7 0.374 Ign:10 http://deb.debian.org/debian stretch/main amd64 Packages
#7 0.379 Err:5 http://security.debian.org/debian-security stretch/updates/main amd64 Packages
#7 0.379   404  Not Found
#7 0.387 Ign:11 http://deb.debian.org/debian stretch-updates/main amd64 Packages
#7 0.389 Ign:7 http://security.debian.org/debian-security stretch/updates/main all Packages
#7 0.398 Ign:12 http://deb.debian.org/debian stretch-updates/main all Packages
#7 0.410 Ign:9 http://deb.debian.org/debian stretch/main all Packages
#7 0.423 Ign:10 http://deb.debian.org/debian stretch/main amd64 Packages
#7 0.435 Ign:11 http://deb.debian.org/debian stretch-updates/main amd64 Packages
#7 0.447 Ign:12 http://deb.debian.org/debian stretch-updates/main all Packages
#7 0.460 Ign:9 http://deb.debian.org/debian stretch/main all Packages
#7 0.472 Ign:10 http://deb.debian.org/debian stretch/main amd64 Packages
#7 0.485 Ign:11 http://deb.debian.org/debian stretch-updates/main amd64 Packages
#7 0.498 Ign:12 http://deb.debian.org/debian stretch-updates/main all Packages
#7 0.510 Ign:9 http://deb.debian.org/debian stretch/main all Packages
#7 0.523 Ign:10 http://deb.debian.org/debian stretch/main amd64 Packages
#7 0.535 Ign:11 http://deb.debian.org/debian stretch-updates/main amd64 Packages
#7 0.549 Ign:12 http://deb.debian.org/debian stretch-updates/main all Packages
#7 0.563 Ign:9 http://deb.debian.org/debian stretch/main all Packages
#7 0.587 Err:10 http://deb.debian.org/debian stretch/main amd64 Packages
#7 0.587   404  Not Found
#7 0.599 Err:11 http://deb.debian.org/debian stretch-updates/main amd64 Packages
#7 0.599   404  Not Found
#7 0.612 Ign:12 http://deb.debian.org/debian stretch-updates/main all Packages
#7 0.615 Reading package lists...
#7 0.627 W: The repository 'http://security.debian.org/debian-security stretch/updates Release' does not have a Release file.
#7 0.627 W: The repository 'http://deb.debian.org/debian stretch Release' does not have a Release file.
#7 0.627 W: The repository 'http://deb.debian.org/debian stretch-updates Release' does not have a Release file.
#7 0.627 E: Failed to fetch http://security.debian.org/debian-security/dists/stretch/updates/main/binary-amd64/Packages  404  Not Found
#7 0.627 E: Failed to fetch http://deb.debian.org/debian/dists/stretch/main/binary-amd64/Packages  404  Not Found
#7 0.627 E: Failed to fetch http://deb.debian.org/debian/dists/stretch-updates/main/binary-amd64/Packages  404  Not Found
#7 0.627 E: Some index files failed to download. They have been ignored, or old ones used instead.
#7 ERROR: process "/bin/sh -c apt-get update && apt-get install -y --no-install-recommends     groff-base     && rm -rf /var/lib/apt/lists/*" did not complete successfully: exit code: 100
------
 > [3/7] RUN apt-get update && apt-get install -y --no-install-recommends     groff-base     && rm -rf /var/lib/apt/lists/*:
0.599   404  Not Found
0.612 Ign:12 http://deb.debian.org/debian stretch-updates/main all Packages
0.615 Reading package lists...
0.627 W: The repository 'http://security.debian.org/debian-security stretch/updates Release' does not have a Release file.
0.627 W: The repository 'http://deb.debian.org/debian stretch Release' does not have a Release file.
0.627 W: The repository 'http://deb.debian.org/debian stretch-updates Release' does not have a Release file.
0.627 E: Failed to fetch http://security.debian.org/debian-security/dists/stretch/updates/main/binary-amd64/Packages  404  Not Found
0.627 E: Failed to fetch http://deb.debian.org/debian/dists/stretch/main/binary-amd64/Packages  404  Not Found
0.627 E: Failed to fetch http://deb.debian.org/debian/dists/stretch-updates/main/binary-amd64/Packages  404  Not Found
0.627 E: Some index files failed to download. They have been ignored, or old ones used instead.
------
v1_Dockerfile:7
--------------------
   6 |     # Install dependencies
   7 | >>> RUN apt-get update && apt-get install -y --no-install-recommends \
   8 | >>>     groff-base \
   9 | >>>     && rm -rf /var/lib/apt/lists/*
  10 |     
--------------------
ERROR: failed to solve: process "/bin/sh -c apt-get update && apt-get install -y --no-install-recommends     groff-base     && rm -rf /var/lib/apt/lists/*" did not complete successfully: exit code: 100
Duration: 0:28.25