#0 building with "default" instance using docker driver

#1 [internal] load build definition from Dockerfile
#1 transferring dockerfile:
#1 transferring dockerfile: 814B done
#1 DONE 0.4s

#2 [internal] load .dockerignore
#2 transferring context: 430B 0.0s done
#2 DONE 0.4s

#3 [internal] load metadata for docker.io/library/ruby:2.5.8
#3 ...

#4 [auth] library/ruby:pull token for registry-1.docker.io
#4 DONE 0.0s

#5 [internal] load metadata for docker.io/library/ruby:2.5.8-slim
#5 ...

#3 [internal] load metadata for docker.io/library/ruby:2.5.8
#3 DONE 1.9s

#5 [internal] load metadata for docker.io/library/ruby:2.5.8-slim
#5 DONE 2.1s

#6 [internal] load build context
#6 DONE 0.0s

#7 [builder 1/9] FROM docker.io/library/ruby:2.5.8@sha256:1ac0062aab5e2193c11d350fcc8c7ba5c452d41e3bbb6ea663062e73e2eabd77
#7 resolve docker.io/library/ruby:2.5.8@sha256:1ac0062aab5e2193c11d350fcc8c7ba5c452d41e3bbb6ea663062e73e2eabd77
#7 resolve docker.io/library/ruby:2.5.8@sha256:1ac0062aab5e2193c11d350fcc8c7ba5c452d41e3bbb6ea663062e73e2eabd77 0.4s done
#7 sha256:1ac0062aab5e2193c11d350fcc8c7ba5c452d41e3bbb6ea663062e73e2eabd77 1.86kB / 1.86kB done
#7 sha256:9a100fe2d34dc988e64c093819ec576d6180644ab7a536015d648d372d662130 2.00kB / 2.00kB done
#7 sha256:fc5e02c64ca41425bf813f7249d43d4d1cf0a49c01ff10ac7731a7b924c9436a 7.59kB / 7.59kB done
#7 ...

#6 [internal] load build context
#6 transferring context: 10.59MB 1.0s done
#6 DONE 2.0s

#8 [stage-1 1/4] FROM docker.io/library/ruby:2.5.8-slim@sha256:65e713beb69e7c8ff47bc90ab66b338fd9fb9d5864629c6cdb374548dbeacf74
#8 resolve docker.io/library/ruby:2.5.8-slim@sha256:65e713beb69e7c8ff47bc90ab66b338fd9fb9d5864629c6cdb374548dbeacf74 0.3s done
#8 sha256:65e713beb69e7c8ff47bc90ab66b338fd9fb9d5864629c6cdb374548dbeacf74 1.86kB / 1.86kB done
#8 sha256:fa810e7ead7a461ce1b3972b98f2196f9dea4dc1342a304249b2644b90914970 1.37kB / 1.37kB done
#8 sha256:ef94b501cb4338839db85974eb276d4aaa2837b6d4bd28b40208bc36714e903e 6.10kB / 6.10kB done
#8 sha256:75646c2fb4101d306585c9b106be1dfa7d82720baabe1c75b64d759ea8adf341 27.14MB / 27.14MB 1.5s done
#8 sha256:e16df641547448e59edffbaa61470a9198c2a707bdb87082a5e5a06eba7f889e 12.56MB / 12.56MB 1.7s done
#8 sha256:1fc9849ece33d85b0a419e8eb0562951873d2dc0b12b30d06f1e7831b9d804ee 199B / 199B 1.7s
#8 extracting sha256:75646c2fb4101d306585c9b106be1dfa7d82720baabe1c75b64d759ea8adf341 0.3s
#8 sha256:1fc9849ece33d85b0a419e8eb0562951873d2dc0b12b30d06f1e7831b9d804ee 199B / 199B 1.8s done
#8 sha256:c27ce94dda208631f24ec1299bc6778eadc678a14d5f2f91400a135bf7b7d896 0B / 22.49MB 1.9s
#8 sha256:388d9d704b8e1f9bc3b2ff1f2dc0190faae5efcc0042571060d4b83e038679fd 0B / 174B 2.0s
#8 sha256:c27ce94dda208631f24ec1299bc6778eadc678a14d5f2f91400a135bf7b7d896 8.39MB / 22.49MB 2.1s
#8 sha256:388d9d704b8e1f9bc3b2ff1f2dc0190faae5efcc0042571060d4b83e038679fd 174B / 174B 2.1s done
#8 sha256:c27ce94dda208631f24ec1299bc6778eadc678a14d5f2f91400a135bf7b7d896 17.83MB / 22.49MB 2.2s
#8 sha256:c27ce94dda208631f24ec1299bc6778eadc678a14d5f2f91400a135bf7b7d896 22.49MB / 22.49MB 2.4s
#8 sha256:c27ce94dda208631f24ec1299bc6778eadc678a14d5f2f91400a135bf7b7d896 22.49MB / 22.49MB 2.6s done
#8 extracting sha256:75646c2fb4101d306585c9b106be1dfa7d82720baabe1c75b64d759ea8adf341 1.7s done
#8 extracting sha256:e16df641547448e59edffbaa61470a9198c2a707bdb87082a5e5a06eba7f889e 0.1s
#8 extracting sha256:e16df641547448e59edffbaa61470a9198c2a707bdb87082a5e5a06eba7f889e 3.5s done
#8 extracting sha256:1fc9849ece33d85b0a419e8eb0562951873d2dc0b12b30d06f1e7831b9d804ee
#8 extracting sha256:1fc9849ece33d85b0a419e8eb0562951873d2dc0b12b30d06f1e7831b9d804ee done
#8 extracting sha256:c27ce94dda208631f24ec1299bc6778eadc678a14d5f2f91400a135bf7b7d896
#8 ...

#7 [builder 1/9] FROM docker.io/library/ruby:2.5.8@sha256:1ac0062aab5e2193c11d350fcc8c7ba5c452d41e3bbb6ea663062e73e2eabd77
#7 sha256:58332fca8db6a88e41e06dc97947101be61bd2e0a82cbed3dc0647c6416b679a 22.52MB / 22.52MB 2.9s done
#7 sha256:0d2b6095406d5c74d8940534b90a756a0c191c2ae7c3986877951c2c9897c82e 175B / 175B 2.5s done
#7 extracting sha256:58332fca8db6a88e41e06dc97947101be61bd2e0a82cbed3dc0647c6416b679a 3.4s done
#7 extracting sha256:0d2b6095406d5c74d8940534b90a756a0c191c2ae7c3986877951c2c9897c82e done
#7 DONE 9.2s

#8 [stage-1 1/4] FROM docker.io/library/ruby:2.5.8-slim@sha256:65e713beb69e7c8ff47bc90ab66b338fd9fb9d5864629c6cdb374548dbeacf74
#8 ...

#9 [builder 2/9] WORKDIR /app
#9 DONE 1.7s

#8 [stage-1 1/4] FROM docker.io/library/ruby:2.5.8-slim@sha256:65e713beb69e7c8ff47bc90ab66b338fd9fb9d5864629c6cdb374548dbeacf74
#8 extracting sha256:c27ce94dda208631f24ec1299bc6778eadc678a14d5f2f91400a135bf7b7d896 1.0s done
#8 extracting sha256:388d9d704b8e1f9bc3b2ff1f2dc0190faae5efcc0042571060d4b83e038679fd done
#8 ...

#10 [builder 3/9] COPY . .
#10 DONE 0.8s

#11 [builder 4/9] RUN git describe --always --dirty --tags | tee VERSION
#11 0.937 v10.0.0-1510-gd5a52d76-dirty
#11 DONE 1.2s

#8 [stage-1 1/4] FROM docker.io/library/ruby:2.5.8-slim@sha256:65e713beb69e7c8ff47bc90ab66b338fd9fb9d5864629c6cdb374548dbeacf74
#8 DONE 13.0s

#12 [stage-1 2/4] WORKDIR /app
#12 DONE 0.5s

#13 [builder 5/9] RUN git rev-parse --short HEAD | tee BUILD_SLUG_COMMIT
#13 0.916 d5a52d76
#13 DONE 1.1s

#14 [builder 6/9] RUN rm -rf .git
#14 DONE 1.0s

#15 [builder 7/9] RUN bundle install --frozen --deployment --without='development test' --clean
#15 1.890 Fetching gem metadata from https://rubygems.org/..........
#15 3.205 Fetching https://github.com/joshk/jemalloc-rb
#15 3.596 fatal: could not read Username for 'https://github.com': No such device or address
#15 3.596 
#15 3.596 Retrying `git clone 'https://github.com/joshk/jemalloc-rb' "/app/vendor/bundle/ruby/2.5.0/cache/bundler/git/jemalloc-rb-a5d47c559439ea2733f6d38ba816713b433f99f4" --bare --no-hardlinks --quiet` due to error (2/4): Bundler::Source::Git::GitCommandError Git error: command `git clone 'https://github.com/joshk/jemalloc-rb' "/app/vendor/bundle/ruby/2.5.0/cache/bundler/git/jemalloc-rb-a5d47c559439ea2733f6d38ba816713b433f99f4" --bare --no-hardlinks --quiet` in directory /app has failed.fatal: could not read Username for 'https://github.com': No such device or address
#15 3.975 
#15 3.975 Retrying `git clone 'https://github.com/joshk/jemalloc-rb' "/app/vendor/bundle/ruby/2.5.0/cache/bundler/git/jemalloc-rb-a5d47c559439ea2733f6d38ba816713b433f99f4" --bare --no-hardlinks --quiet` due to error (3/4): Bundler::Source::Git::GitCommandError Git error: command `git clone 'https://github.com/joshk/jemalloc-rb' "/app/vendor/bundle/ruby/2.5.0/cache/bundler/git/jemalloc-rb-a5d47c559439ea2733f6d38ba816713b433f99f4" --bare --no-hardlinks --quiet` in directory /app has failed.fatal: could not read Username for 'https://github.com': No such device or address
#15 4.352 
#15 4.352 Retrying `git clone 'https://github.com/joshk/jemalloc-rb' "/app/vendor/bundle/ruby/2.5.0/cache/bundler/git/jemalloc-rb-a5d47c559439ea2733f6d38ba816713b433f99f4" --bare --no-hardlinks --quiet` due to error (4/4): Bundler::Source::Git::GitCommandError Git error: command `git clone 'https://github.com/joshk/jemalloc-rb' "/app/vendor/bundle/ruby/2.5.0/cache/bundler/git/jemalloc-rb-a5d47c559439ea2733f6d38ba816713b433f99f4" --bare --no-hardlinks --quiet` in directory /app has failed.fatal: could not read Username for 'https://github.com': No such device or address
#15 4.731 
#15 4.745 Git error: command `git clone 'https://github.com/joshk/jemalloc-rb'
#15 4.745 "/app/vendor/bundle/ruby/2.5.0/cache/bundler/git/jemalloc-rb-a5d47c559439ea2733f6d38ba816713b433f99f4"
#15 4.745 --bare --no-hardlinks --quiet` in directory /app has failed.
#15 ERROR: process "/bin/sh -c bundle install --frozen --deployment --without='development test' --clean" did not complete successfully: exit code: 11
------
 > [builder 7/9] RUN bundle install --frozen --deployment --without='development test' --clean:

3.205 Fetching https://github.com/joshk/jemalloc-rb
3.596 fatal: could not read Username for 'https://github.com': No such device or address
fatal: could not read Username for 'https://github.com': No such device or address
fatal: could not read Username for 'https://github.com': No such device or address
fatal: could not read Username for 'https://github.com': No such device or address
4.731 
4.745 Git error: command `git clone 'https://github.com/joshk/jemalloc-rb'
4.745 "/app/vendor/bundle/ruby/2.5.0/cache/bundler/git/jemalloc-rb-a5d47c559439ea2733f6d38ba816713b433f99f4"
4.745 --bare --no-hardlinks --quiet` in directory /app has failed.
------
Dockerfile:11
--------------------
   9 |     RUN git rev-parse --short HEAD | tee BUILD_SLUG_COMMIT
  10 |     RUN rm -rf .git
  11 | >>> RUN bundle install --frozen --deployment --without='development test' --clean
  12 |     RUN bundle exec rake assets:precompile GITHUB_OAUTH_TOKEN=$GITHUB_OAUTH_TOKEN
  13 |     RUN tar -cjf public.tar.bz2 public && rm -rf public
--------------------
ERROR: failed to solve: process "/bin/sh -c bundle install --frozen --deployment --without='development test' --clean" did not complete successfully: exit code: 11
Duration: 0:23.60