#0 building with "default" instance using docker driver

#1 [internal] load build definition from v2_Dockerfile
#1 transferring dockerfile:
#1 transferring dockerfile: 927B done
#1 DONE 0.3s

#2 [internal] load .dockerignore
#2 transferring context: 430B done
#2 DONE 0.4s

#3 [internal] load metadata for docker.io/library/ruby:2.5.8
#3 ...

#4 [internal] load metadata for docker.io/library/ruby:2.5.8-slim
#4 DONE 1.5s

#3 [internal] load metadata for docker.io/library/ruby:2.5.8
#3 DONE 1.5s

#5 [internal] load build context
#5 DONE 0.0s

#6 [stage-1 1/4] FROM docker.io/library/ruby:2.5.8-slim@sha256:65e713beb69e7c8ff47bc90ab66b338fd9fb9d5864629c6cdb374548dbeacf74
#6 resolve docker.io/library/ruby:2.5.8-slim@sha256:65e713beb69e7c8ff47bc90ab66b338fd9fb9d5864629c6cdb374548dbeacf74
#6 resolve docker.io/library/ruby:2.5.8-slim@sha256:65e713beb69e7c8ff47bc90ab66b338fd9fb9d5864629c6cdb374548dbeacf74 0.4s done
#6 sha256:65e713beb69e7c8ff47bc90ab66b338fd9fb9d5864629c6cdb374548dbeacf74 1.86kB / 1.86kB done
#6 sha256:fa810e7ead7a461ce1b3972b98f2196f9dea4dc1342a304249b2644b90914970 1.37kB / 1.37kB done
#6 sha256:ef94b501cb4338839db85974eb276d4aaa2837b6d4bd28b40208bc36714e903e 6.10kB / 6.10kB done
#6 sha256:e16df641547448e59edffbaa61470a9198c2a707bdb87082a5e5a06eba7f889e 0B / 12.56MB 0.2s
#6 ...

#5 [internal] load build context
#5 transferring context: 10.59MB 0.1s done
#5 DONE 0.6s

#6 [stage-1 1/4] FROM docker.io/library/ruby:2.5.8-slim@sha256:65e713beb69e7c8ff47bc90ab66b338fd9fb9d5864629c6cdb374548dbeacf74
#6 sha256:e16df641547448e59edffbaa61470a9198c2a707bdb87082a5e5a06eba7f889e 12.56MB / 12.56MB 0.4s
#6 sha256:75646c2fb4101d306585c9b106be1dfa7d82720baabe1c75b64d759ea8adf341 0B / 27.14MB 0.4s
#6 sha256:75646c2fb4101d306585c9b106be1dfa7d82720baabe1c75b64d759ea8adf341 10.49MB / 27.14MB 0.5s
#6 sha256:1fc9849ece33d85b0a419e8eb0562951873d2dc0b12b30d06f1e7831b9d804ee 0B / 199B 0.5s
#6 sha256:75646c2fb4101d306585c9b106be1dfa7d82720baabe1c75b64d759ea8adf341 23.07MB / 27.14MB 0.6s
#6 sha256:1fc9849ece33d85b0a419e8eb0562951873d2dc0b12b30d06f1e7831b9d804ee 199B / 199B 0.6s
#6 sha256:e16df641547448e59edffbaa61470a9198c2a707bdb87082a5e5a06eba7f889e 12.56MB / 12.56MB 0.6s done
#6 sha256:75646c2fb4101d306585c9b106be1dfa7d82720baabe1c75b64d759ea8adf341 27.14MB / 27.14MB 0.8s
#6 sha256:1fc9849ece33d85b0a419e8eb0562951873d2dc0b12b30d06f1e7831b9d804ee 199B / 199B 0.7s done
#6 sha256:75646c2fb4101d306585c9b106be1dfa7d82720baabe1c75b64d759ea8adf341 27.14MB / 27.14MB 1.1s done
#6 extracting sha256:75646c2fb4101d306585c9b106be1dfa7d82720baabe1c75b64d759ea8adf341
#6 sha256:388d9d704b8e1f9bc3b2ff1f2dc0190faae5efcc0042571060d4b83e038679fd 0B / 174B 1.4s
#6 sha256:c27ce94dda208631f24ec1299bc6778eadc678a14d5f2f91400a135bf7b7d896 0B / 22.49MB 1.5s
#6 sha256:388d9d704b8e1f9bc3b2ff1f2dc0190faae5efcc0042571060d4b83e038679fd 174B / 174B 1.4s done
#6 sha256:c27ce94dda208631f24ec1299bc6778eadc678a14d5f2f91400a135bf7b7d896 6.29MB / 22.49MB 1.7s
#6 sha256:c27ce94dda208631f24ec1299bc6778eadc678a14d5f2f91400a135bf7b7d896 12.58MB / 22.49MB 1.8s
#6 sha256:c27ce94dda208631f24ec1299bc6778eadc678a14d5f2f91400a135bf7b7d896 22.49MB / 22.49MB 2.0s
#6 sha256:c27ce94dda208631f24ec1299bc6778eadc678a14d5f2f91400a135bf7b7d896 22.49MB / 22.49MB 2.6s done
#6 extracting sha256:75646c2fb4101d306585c9b106be1dfa7d82720baabe1c75b64d759ea8adf341 1.8s done
#6 extracting sha256:e16df641547448e59edffbaa61470a9198c2a707bdb87082a5e5a06eba7f889e 0.1s
#6 extracting sha256:e16df641547448e59edffbaa61470a9198c2a707bdb87082a5e5a06eba7f889e 3.4s done
#6 extracting sha256:1fc9849ece33d85b0a419e8eb0562951873d2dc0b12b30d06f1e7831b9d804ee
#6 extracting sha256:1fc9849ece33d85b0a419e8eb0562951873d2dc0b12b30d06f1e7831b9d804ee done
#6 extracting sha256:c27ce94dda208631f24ec1299bc6778eadc678a14d5f2f91400a135bf7b7d896
#6 ...

#7 [builder  1/11] FROM docker.io/library/ruby:2.5.8@sha256:1ac0062aab5e2193c11d350fcc8c7ba5c452d41e3bbb6ea663062e73e2eabd77
#7 resolve docker.io/library/ruby:2.5.8@sha256:1ac0062aab5e2193c11d350fcc8c7ba5c452d41e3bbb6ea663062e73e2eabd77 0.3s done
#7 sha256:9a100fe2d34dc988e64c093819ec576d6180644ab7a536015d648d372d662130 2.00kB / 2.00kB done
#7 sha256:1ac0062aab5e2193c11d350fcc8c7ba5c452d41e3bbb6ea663062e73e2eabd77 1.86kB / 1.86kB done
#7 sha256:fc5e02c64ca41425bf813f7249d43d4d1cf0a49c01ff10ac7731a7b924c9436a 7.59kB / 7.59kB done
#7 sha256:58332fca8db6a88e41e06dc97947101be61bd2e0a82cbed3dc0647c6416b679a 22.52MB / 22.52MB 2.3s done
#7 sha256:0d2b6095406d5c74d8940534b90a756a0c191c2ae7c3986877951c2c9897c82e 175B / 175B 1.9s done
#7 extracting sha256:58332fca8db6a88e41e06dc97947101be61bd2e0a82cbed3dc0647c6416b679a 1.0s done
#7 extracting sha256:0d2b6095406d5c74d8940534b90a756a0c191c2ae7c3986877951c2c9897c82e done
#7 DONE 8.7s

#6 [stage-1 1/4] FROM docker.io/library/ruby:2.5.8-slim@sha256:65e713beb69e7c8ff47bc90ab66b338fd9fb9d5864629c6cdb374548dbeacf74
#6 ...

#8 [builder  2/11] WORKDIR /app
#8 DONE 1.4s

#6 [stage-1 1/4] FROM docker.io/library/ruby:2.5.8-slim@sha256:65e713beb69e7c8ff47bc90ab66b338fd9fb9d5864629c6cdb374548dbeacf74
#6 extracting sha256:c27ce94dda208631f24ec1299bc6778eadc678a14d5f2f91400a135bf7b7d896 0.9s done
#6 extracting sha256:388d9d704b8e1f9bc3b2ff1f2dc0190faae5efcc0042571060d4b83e038679fd
#6 extracting sha256:388d9d704b8e1f9bc3b2ff1f2dc0190faae5efcc0042571060d4b83e038679fd done
#6 ...

#9 [builder  3/11] COPY . .
#9 DONE 1.2s

#10 [builder  4/11] RUN git describe --always --dirty --tags | tee VERSION
#10 ...

#6 [stage-1 1/4] FROM docker.io/library/ruby:2.5.8-slim@sha256:65e713beb69e7c8ff47bc90ab66b338fd9fb9d5864629c6cdb374548dbeacf74
#6 DONE 12.4s

#11 [stage-1 2/4] WORKDIR /app
#11 DONE 0.3s

#10 [builder  4/11] RUN git describe --always --dirty --tags | tee VERSION
#10 1.219 v10.0.0-1510-gd5a52d76-dirty
#10 DONE 1.5s

#12 [builder  5/11] RUN git rev-parse --short HEAD | tee BUILD_SLUG_COMMIT
#12 0.630 d5a52d76
#12 DONE 0.8s

#13 [builder  6/11] RUN rm -rf .git
#13 DONE 0.8s

#14 [builder  7/11] RUN bundle config set --local github.https true
#14 DONE 1.0s

#15 [builder  8/11] RUN bundle config set --local github.token notset
#15 0.794 You are replacing the current global value of set, which is currently "--local github.https true"
#15 DONE 1.0s

#16 [builder  9/11] RUN bundle install --frozen --deployment --without='development test' --clean
#16 1.924 Fetching gem metadata from https://rubygems.org/..........
#16 2.925 Fetching https://github.com/joshk/jemalloc-rb
#16 3.313 fatal: could not read Username for 'https://github.com': No such device or address
#16 3.313 
#16 3.314 Retrying `git clone 'https://github.com/joshk/jemalloc-rb' "/app/vendor/bundle/ruby/2.5.0/cache/bundler/git/jemalloc-rb-a5d47c559439ea2733f6d38ba816713b433f99f4" --bare --no-hardlinks --quiet` due to error (2/4): Bundler::Source::Git::GitCommandError Git error: command `git clone 'https://github.com/joshk/jemalloc-rb' "/app/vendor/bundle/ruby/2.5.0/cache/bundler/git/jemalloc-rb-a5d47c559439ea2733f6d38ba816713b433f99f4" --bare --no-hardlinks --quiet` in directory /app has failed.fatal: could not read Username for 'https://github.com': No such device or address
#16 3.692 
#16 3.693 Retrying `git clone 'https://github.com/joshk/jemalloc-rb' "/app/vendor/bundle/ruby/2.5.0/cache/bundler/git/jemalloc-rb-a5d47c559439ea2733f6d38ba816713b433f99f4" --bare --no-hardlinks --quiet` due to error (3/4): Bundler::Source::Git::GitCommandError Git error: command `git clone 'https://github.com/joshk/jemalloc-rb' "/app/vendor/bundle/ruby/2.5.0/cache/bundler/git/jemalloc-rb-a5d47c559439ea2733f6d38ba816713b433f99f4" --bare --no-hardlinks --quiet` in directory /app has failed.fatal: could not read Username for 'https://github.com': No such device or address
#16 4.071 
#16 4.071 Retrying `git clone 'https://github.com/joshk/jemalloc-rb' "/app/vendor/bundle/ruby/2.5.0/cache/bundler/git/jemalloc-rb-a5d47c559439ea2733f6d38ba816713b433f99f4" --bare --no-hardlinks --quiet` due to error (4/4): Bundler::Source::Git::GitCommandError Git error: command `git clone 'https://github.com/joshk/jemalloc-rb' "/app/vendor/bundle/ruby/2.5.0/cache/bundler/git/jemalloc-rb-a5d47c559439ea2733f6d38ba816713b433f99f4" --bare --no-hardlinks --quiet` in directory /app has failed.fatal: could not read Username for 'https://github.com': No such device or address
#16 4.448 
#16 4.461 Git error: command `git clone 'https://github.com/joshk/jemalloc-rb'
#16 4.461 "/app/vendor/bundle/ruby/2.5.0/cache/bundler/git/jemalloc-rb-a5d47c559439ea2733f6d38ba816713b433f99f4"
#16 4.461 --bare --no-hardlinks --quiet` in directory /app has failed.
#16 ERROR: process "/bin/sh -c bundle install --frozen --deployment --without='development test' --clean" did not complete successfully: exit code: 11
------
 > [builder  9/11] RUN bundle install --frozen --deployment --without='development test' --clean:

2.925 Fetching https://github.com/joshk/jemalloc-rb
3.313 fatal: could not read Username for 'https://github.com': No such device or address
fatal: could not read Username for 'https://github.com': No such device or address
fatal: could not read Username for 'https://github.com': No such device or address
fatal: could not read Username for 'https://github.com': No such device or address
4.448 
4.461 Git error: command `git clone 'https://github.com/joshk/jemalloc-rb'
4.461 "/app/vendor/bundle/ruby/2.5.0/cache/bundler/git/jemalloc-rb-a5d47c559439ea2733f6d38ba816713b433f99f4"
4.461 --bare --no-hardlinks --quiet` in directory /app has failed.
------
v2_Dockerfile:13
--------------------
  11 |     RUN bundle config set --local github.https true
  12 |     RUN bundle config set --local github.token $GITHUB_OAUTH_TOKEN
  13 | >>> RUN bundle install --frozen --deployment --without='development test' --clean
  14 |     RUN bundle exec rake assets:precompile GITHUB_OAUTH_TOKEN=$GITHUB_OAUTH_TOKEN
  15 |     RUN tar -cjf public.tar.bz2 public && rm -rf public
--------------------
ERROR: failed to solve: process "/bin/sh -c bundle install --frozen --deployment --without='development test' --clean" did not complete successfully: exit code: 11
Duration: 0:23.97