#0 building with "default" instance using docker driver

#1 [internal] load build definition from Dockerfile
#1 transferring dockerfile:
#1 transferring dockerfile: 756B done
#1 DONE 0.6s

#2 [internal] load .dockerignore
#2 transferring context: 2B 0.0s done
#2 DONE 0.5s

#3 [internal] load metadata for docker.io/library/debian:9
#3 DONE 1.0s

#4 [1/5] FROM docker.io/library/debian:9@sha256:c5c5200ff1e9c73ffbf188b4a67eb1c91531b644856b4aefe86a58d2f0cb05be
#4 resolve docker.io/library/debian:9@sha256:c5c5200ff1e9c73ffbf188b4a67eb1c91531b644856b4aefe86a58d2f0cb05be
#4 resolve docker.io/library/debian:9@sha256:c5c5200ff1e9c73ffbf188b4a67eb1c91531b644856b4aefe86a58d2f0cb05be 2.2s done
#4 sha256:c5c5200ff1e9c73ffbf188b4a67eb1c91531b644856b4aefe86a58d2f0cb05be 1.21kB / 1.21kB done
#4 sha256:16ee3e11da473f6565ef94a715f1a38b3079e0664913be78869c336a71cb6085 529B / 529B done
#4 sha256:662c05203bab4c59568d24689fa5c3955439360a35c483178598d226b9a5ad10 1.46kB / 1.46kB done
#4 DONE 4.1s

#5 [2/5] RUN apt-get update && apt-get install --no-install-recommends -y     avr-libc     avrdude     binutils-arm-none-eabi     binutils-avr     build-essential     dfu-programmer     dfu-util     gcc     gcc-avr     git     libnewlib-arm-none-eabi     software-properties-common     unzip     wget     zip     && rm -rf /var/lib/apt/lists/*
#5 1.662 Ign:1 http://security.debian.org/debian-security stretch/updates InRelease
#5 1.664 Ign:2 http://security.debian.org/debian-security stretch/updates Release
#5 1.666 Ign:3 http://security.debian.org/debian-security stretch/updates/main all Packages
#5 1.669 Ign:4 http://security.debian.org/debian-security stretch/updates/main amd64 Packages
#5 1.671 Ign:3 http://security.debian.org/debian-security stretch/updates/main all Packages
#5 1.674 Ign:4 http://security.debian.org/debian-security stretch/updates/main amd64 Packages
#5 1.677 Ign:3 http://security.debian.org/debian-security stretch/updates/main all Packages
#5 1.677 Ign:5 http://deb.debian.org/debian stretch InRelease
#5 1.679 Ign:4 http://security.debian.org/debian-security stretch/updates/main amd64 Packages
#5 1.681 Ign:3 http://security.debian.org/debian-security stretch/updates/main all Packages
#5 1.684 Ign:4 http://security.debian.org/debian-security stretch/updates/main amd64 Packages
#5 1.687 Ign:6 http://deb.debian.org/debian stretch-updates InRelease
#5 1.687 Ign:3 http://security.debian.org/debian-security stretch/updates/main all Packages
#5 1.697 Ign:7 http://deb.debian.org/debian stretch Release
#5 1.708 Ign:8 http://deb.debian.org/debian stretch-updates Release
#5 1.740 Ign:4 http://security.debian.org/debian-security stretch/updates/main amd64 Packages
#5 1.755 Ign:3 http://security.debian.org/debian-security stretch/updates/main all Packages
#5 1.763 Err:4 http://security.debian.org/debian-security stretch/updates/main amd64 Packages
#5 1.763   404  Not Found [IP: 151.101.66.132 80]
#5 1.865 Ign:9 http://deb.debian.org/debian stretch/main amd64 Packages
#5 1.876 Ign:10 http://deb.debian.org/debian stretch/main all Packages
#5 1.886 Ign:11 http://deb.debian.org/debian stretch-updates/main all Packages
#5 2.328 Ign:12 http://deb.debian.org/debian stretch-updates/main amd64 Packages
#5 2.807 Ign:9 http://deb.debian.org/debian stretch/main amd64 Packages
#5 2.816 Ign:10 http://deb.debian.org/debian stretch/main all Packages
#5 2.834 Ign:11 http://deb.debian.org/debian stretch-updates/main all Packages
#5 3.370 Ign:12 http://deb.debian.org/debian stretch-updates/main amd64 Packages
#5 3.671 Ign:9 http://deb.debian.org/debian stretch/main amd64 Packages
#5 3.681 Ign:10 http://deb.debian.org/debian stretch/main all Packages
#5 3.691 Ign:11 http://deb.debian.org/debian stretch-updates/main all Packages
#5 ...

#6 [internal] load build context
#6 transferring context: 214.63MB 7.6s done
#6 DONE 8.1s

#5 [2/5] RUN apt-get update && apt-get install --no-install-recommends -y     avr-libc     avrdude     binutils-arm-none-eabi     binutils-avr     build-essential     dfu-programmer     dfu-util     gcc     gcc-avr     git     libnewlib-arm-none-eabi     software-properties-common     unzip     wget     zip     && rm -rf /var/lib/apt/lists/*
#5 4.171 Ign:12 http://deb.debian.org/debian stretch-updates/main amd64 Packages
#5 4.330 Ign:9 http://deb.debian.org/debian stretch/main amd64 Packages
#5 4.341 Ign:10 http://deb.debian.org/debian stretch/main all Packages
#5 4.351 Ign:11 http://deb.debian.org/debian stretch-updates/main all Packages
#5 4.508 Ign:12 http://deb.debian.org/debian stretch-updates/main amd64 Packages
#5 4.859 Ign:9 http://deb.debian.org/debian stretch/main amd64 Packages
#5 4.869 Ign:10 http://deb.debian.org/debian stretch/main all Packages
#5 4.879 Ign:11 http://deb.debian.org/debian stretch-updates/main all Packages
#5 5.043 Ign:12 http://deb.debian.org/debian stretch-updates/main amd64 Packages
#5 5.201 Err:9 http://deb.debian.org/debian stretch/main amd64 Packages
#5 5.201   404  Not Found
#5 5.220 Ign:10 http://deb.debian.org/debian stretch/main all Packages
#5 5.230 Ign:11 http://deb.debian.org/debian stretch-updates/main all Packages
#5 5.589 Err:12 http://deb.debian.org/debian stretch-updates/main amd64 Packages
#5 5.589   404  Not Found
#5 5.594 Reading package lists...
#5 5.603 W: The repository 'http://security.debian.org/debian-security stretch/updates Release' does not have a Release file.
#5 5.603 W: The repository 'http://deb.debian.org/debian stretch Release' does not have a Release file.
#5 5.603 W: The repository 'http://deb.debian.org/debian stretch-updates Release' does not have a Release file.
#5 5.603 E: Failed to fetch http://security.debian.org/debian-security/dists/stretch/updates/main/binary-amd64/Packages  404  Not Found [IP: 151.101.66.132 80]
#5 5.603 E: Failed to fetch http://deb.debian.org/debian/dists/stretch/main/binary-amd64/Packages  404  Not Found
#5 5.603 E: Failed to fetch http://deb.debian.org/debian/dists/stretch-updates/main/binary-amd64/Packages  404  Not Found
#5 5.603 E: Some index files failed to download. They have been ignored, or old ones used instead.
#5 ERROR: process "/bin/sh -c apt-get update && apt-get install --no-install-recommends -y     avr-libc     avrdude     binutils-arm-none-eabi     binutils-avr     build-essential     dfu-programmer     dfu-util     gcc     gcc-avr     git     libnewlib-arm-none-eabi     software-properties-common     unzip     wget     zip     && rm -rf /var/lib/apt/lists/*" did not complete successfully: exit code: 100
------
 > [2/5] RUN apt-get update && apt-get install --no-install-recommends -y     avr-libc     avrdude     binutils-arm-none-eabi     binutils-avr     build-essential     dfu-programmer     dfu-util     gcc     gcc-avr     git     libnewlib-arm-none-eabi     software-properties-common     unzip     wget     zip     && rm -rf /var/lib/apt/lists/*:
5.589 Err:12 http://deb.debian.org/debian stretch-updates/main amd64 Packages
5.589   404  Not Found
5.594 Reading package lists...
5.603 W: The repository 'http://security.debian.org/debian-security stretch/updates Release' does not have a Release file.
5.603 W: The repository 'http://deb.debian.org/debian stretch Release' does not have a Release file.
5.603 W: The repository 'http://deb.debian.org/debian stretch-updates Release' does not have a Release file.
5.603 E: Failed to fetch http://security.debian.org/debian-security/dists/stretch/updates/main/binary-amd64/Packages  404  Not Found [IP: 151.101.66.132 80]
5.603 E: Failed to fetch http://deb.debian.org/debian/dists/stretch/main/binary-amd64/Packages  404  Not Found
5.603 E: Failed to fetch http://deb.debian.org/debian/dists/stretch-updates/main/binary-amd64/Packages  404  Not Found
5.603 E: Some index files failed to download. They have been ignored, or old ones used instead.
------
Dockerfile:3
--------------------
   2 |     
   3 | >>> RUN apt-get update && apt-get install --no-install-recommends -y \
   4 | >>>     avr-libc \
   5 | >>>     avrdude \
   6 | >>>     binutils-arm-none-eabi \
   7 | >>>     binutils-avr \
   8 | >>>     build-essential \
   9 | >>>     dfu-programmer \
  10 | >>>     dfu-util \
  11 | >>>     gcc \
  12 | >>>     gcc-avr \
  13 | >>>     git \
  14 | >>>     libnewlib-arm-none-eabi \
  15 | >>>     software-properties-common \
  16 | >>>     unzip \
  17 | >>>     wget \
  18 | >>>     zip \
  19 | >>>     && rm -rf /var/lib/apt/lists/*
  20 |     
--------------------
ERROR: failed to solve: process "/bin/sh -c apt-get update && apt-get install --no-install-recommends -y     avr-libc     avrdude     binutils-arm-none-eabi     binutils-avr     build-essential     dfu-programmer     dfu-util     gcc     gcc-avr     git     libnewlib-arm-none-eabi     software-properties-common     unzip     wget     zip     && rm -rf /var/lib/apt/lists/*" did not complete successfully: exit code: 100
Duration: 0:17.40