#0 building with "default" instance using docker driver

#1 [internal] load build definition from Dockerfile
#1 ...

#2 [internal] load .dockerignore
#2 transferring context: 2B done
#2 DONE 0.3s

#1 [internal] load build definition from Dockerfile
#1 transferring dockerfile: 343B 0.0s done
#1 DONE 0.4s

#3 [internal] load metadata for docker.io/library/python:3.9
#3 DONE 1.2s

#4 [1/7] FROM docker.io/library/python:3.9@sha256:70dce00379744edb10d8c7ee8339bbf964dcbcadc1da862bdc59dc746513c04c
#4 resolve docker.io/library/python:3.9@sha256:70dce00379744edb10d8c7ee8339bbf964dcbcadc1da862bdc59dc746513c04c
#4 resolve docker.io/library/python:3.9@sha256:70dce00379744edb10d8c7ee8339bbf964dcbcadc1da862bdc59dc746513c04c 0.3s done
#4 ...

#5 [internal] load build context
#5 transferring context: 1.50MB 0.1s done
#5 DONE 0.5s

#4 [1/7] FROM docker.io/library/python:3.9@sha256:70dce00379744edb10d8c7ee8339bbf964dcbcadc1da862bdc59dc746513c04c
#4 sha256:c83186e947098d28b60a75d38fcb49830d8facbab7a61821c80522aa5cef0125 7.26kB / 7.26kB done
#4 sha256:70dce00379744edb10d8c7ee8339bbf964dcbcadc1da862bdc59dc746513c04c 10.35kB / 10.35kB done
#4 sha256:1a31a1694020fecdd5401eb998b939b9a5d9aacc9d56638308aa040a7e04420b 2.52kB / 2.52kB done
#4 sha256:ca4e5d6727252f0dbc207fbf283cb95e278bf562bda42d35ce6c919583a110a0 0B / 49.55MB 0.2s
#4 sha256:30b93c12a9c9326732b35d9e3ebe57148abe33f8fa6e25ab76867410b0ccf876 0B / 24.05MB 0.2s
#4 sha256:ca4e5d6727252f0dbc207fbf283cb95e278bf562bda42d35ce6c919583a110a0 9.44MB / 49.55MB 0.4s
#4 sha256:10d643a5fa823cd013a108b2076f4d2edf1b2a921f863b533e83ea5ed8d09bd4 0B / 64.14MB 0.4s
#4 sha256:ca4e5d6727252f0dbc207fbf283cb95e278bf562bda42d35ce6c919583a110a0 13.63MB / 49.55MB 0.5s
#4 sha256:30b93c12a9c9326732b35d9e3ebe57148abe33f8fa6e25ab76867410b0ccf876 3.15MB / 24.05MB 0.5s
#4 sha256:ca4e5d6727252f0dbc207fbf283cb95e278bf562bda42d35ce6c919583a110a0 19.92MB / 49.55MB 0.6s
#4 sha256:30b93c12a9c9326732b35d9e3ebe57148abe33f8fa6e25ab76867410b0ccf876 7.34MB / 24.05MB 0.6s
#4 sha256:10d643a5fa823cd013a108b2076f4d2edf1b2a921f863b533e83ea5ed8d09bd4 7.34MB / 64.14MB 0.6s
#4 sha256:ca4e5d6727252f0dbc207fbf283cb95e278bf562bda42d35ce6c919583a110a0 27.26MB / 49.55MB 0.8s
#4 sha256:30b93c12a9c9326732b35d9e3ebe57148abe33f8fa6e25ab76867410b0ccf876 15.73MB / 24.05MB 0.8s
#4 sha256:10d643a5fa823cd013a108b2076f4d2edf1b2a921f863b533e83ea5ed8d09bd4 16.78MB / 64.14MB 0.8s
#4 sha256:ca4e5d6727252f0dbc207fbf283cb95e278bf562bda42d35ce6c919583a110a0 30.41MB / 49.55MB 0.9s
#4 sha256:30b93c12a9c9326732b35d9e3ebe57148abe33f8fa6e25ab76867410b0ccf876 20.97MB / 24.05MB 0.9s
#4 sha256:10d643a5fa823cd013a108b2076f4d2edf1b2a921f863b533e83ea5ed8d09bd4 20.97MB / 64.14MB 0.9s
#4 sha256:ca4e5d6727252f0dbc207fbf283cb95e278bf562bda42d35ce6c919583a110a0 33.55MB / 49.55MB 1.0s
#4 sha256:30b93c12a9c9326732b35d9e3ebe57148abe33f8fa6e25ab76867410b0ccf876 24.05MB / 24.05MB 1.0s
#4 sha256:ca4e5d6727252f0dbc207fbf283cb95e278bf562bda42d35ce6c919583a110a0 48.23MB / 49.55MB 1.3s
#4 sha256:10d643a5fa823cd013a108b2076f4d2edf1b2a921f863b533e83ea5ed8d09bd4 38.80MB / 64.14MB 1.3s
#4 sha256:30b93c12a9c9326732b35d9e3ebe57148abe33f8fa6e25ab76867410b0ccf876 24.05MB / 24.05MB 1.4s done
#4 sha256:10d643a5fa823cd013a108b2076f4d2edf1b2a921f863b533e83ea5ed8d09bd4 50.33MB / 64.14MB 1.5s
#4 sha256:d6dc1019d7935fe82827434da11bf96cf14e24979f8155e73b794286f10b7f05 0B / 211.24MB 1.5s
#4 sha256:10d643a5fa823cd013a108b2076f4d2edf1b2a921f863b533e83ea5ed8d09bd4 62.91MB / 64.14MB 1.7s
#4 sha256:d6dc1019d7935fe82827434da11bf96cf14e24979f8155e73b794286f10b7f05 16.78MB / 211.24MB 1.9s
#4 sha256:d6dc1019d7935fe82827434da11bf96cf14e24979f8155e73b794286f10b7f05 33.44MB / 211.24MB 2.2s
#4 sha256:ca4e5d6727252f0dbc207fbf283cb95e278bf562bda42d35ce6c919583a110a0 49.55MB / 49.55MB 2.3s done
#4 sha256:d6dc1019d7935fe82827434da11bf96cf14e24979f8155e73b794286f10b7f05 44.04MB / 211.24MB 2.4s
#4 extracting sha256:ca4e5d6727252f0dbc207fbf283cb95e278bf562bda42d35ce6c919583a110a0
#4 sha256:d6dc1019d7935fe82827434da11bf96cf14e24979f8155e73b794286f10b7f05 59.77MB / 211.24MB 2.7s
#4 sha256:d6dc1019d7935fe82827434da11bf96cf14e24979f8155e73b794286f10b7f05 75.50MB / 211.24MB 3.0s
#4 sha256:d6dc1019d7935fe82827434da11bf96cf14e24979f8155e73b794286f10b7f05 88.08MB / 211.24MB 3.2s
#4 sha256:10d643a5fa823cd013a108b2076f4d2edf1b2a921f863b533e83ea5ed8d09bd4 64.14MB / 64.14MB 3.2s done
#4 sha256:d6dc1019d7935fe82827434da11bf96cf14e24979f8155e73b794286f10b7f05 105.91MB / 211.24MB 3.5s
#4 sha256:c387064957b7c6410118524b9ea38586f5c8a9977652336787ca17993d2932c6 0B / 6.16MB 3.5s
#4 sha256:26766ebde4817068b187ab3f6f8d0c6989bc685d0deddc34c0e36731c7cfe317 2.10MB / 15.82MB 3.5s
#4 sha256:c387064957b7c6410118524b9ea38586f5c8a9977652336787ca17993d2932c6 4.19MB / 6.16MB 3.6s
#4 sha256:26766ebde4817068b187ab3f6f8d0c6989bc685d0deddc34c0e36731c7cfe317 7.34MB / 15.82MB 3.6s
#4 sha256:c387064957b7c6410118524b9ea38586f5c8a9977652336787ca17993d2932c6 6.16MB / 6.16MB 3.7s
#4 sha256:26766ebde4817068b187ab3f6f8d0c6989bc685d0deddc34c0e36731c7cfe317 11.97MB / 15.82MB 3.7s
#4 sha256:d6dc1019d7935fe82827434da11bf96cf14e24979f8155e73b794286f10b7f05 120.59MB / 211.24MB 3.8s
#4 sha256:c387064957b7c6410118524b9ea38586f5c8a9977652336787ca17993d2932c6 6.16MB / 6.16MB 3.8s done
#4 sha256:26766ebde4817068b187ab3f6f8d0c6989bc685d0deddc34c0e36731c7cfe317 15.82MB / 15.82MB 3.8s
#4 sha256:d6dc1019d7935fe82827434da11bf96cf14e24979f8155e73b794286f10b7f05 132.12MB / 211.24MB 4.0s
#4 sha256:8a42d17fd0e28f72659a82ca54de4b3820cdbedf4fb3b5e2a802701386abcee9 0B / 232B 4.0s
#4 sha256:8a42d17fd0e28f72659a82ca54de4b3820cdbedf4fb3b5e2a802701386abcee9 232B / 232B 4.1s
#4 sha256:d6dc1019d7935fe82827434da11bf96cf14e24979f8155e73b794286f10b7f05 143.65MB / 211.24MB 4.2s
#4 sha256:26766ebde4817068b187ab3f6f8d0c6989bc685d0deddc34c0e36731c7cfe317 15.82MB / 15.82MB 4.1s done
#4 sha256:d6dc1019d7935fe82827434da11bf96cf14e24979f8155e73b794286f10b7f05 155.19MB / 211.24MB 4.4s
#4 sha256:8a42d17fd0e28f72659a82ca54de4b3820cdbedf4fb3b5e2a802701386abcee9 232B / 232B 4.3s done
#4 sha256:79eda865cc8a5f78a43ee16910c4d7f4d63957fbf913a0d7059ce99f4b69bb26 2.10MB / 2.70MB 4.4s
#4 sha256:79eda865cc8a5f78a43ee16910c4d7f4d63957fbf913a0d7059ce99f4b69bb26 2.70MB / 2.70MB 4.5s done
#4 sha256:d6dc1019d7935fe82827434da11bf96cf14e24979f8155e73b794286f10b7f05 167.77MB / 211.24MB 4.6s
#4 sha256:d6dc1019d7935fe82827434da11bf96cf14e24979f8155e73b794286f10b7f05 179.31MB / 211.24MB 4.8s
#4 sha256:d6dc1019d7935fe82827434da11bf96cf14e24979f8155e73b794286f10b7f05 195.04MB / 211.24MB 5.1s
#4 sha256:d6dc1019d7935fe82827434da11bf96cf14e24979f8155e73b794286f10b7f05 208.67MB / 211.24MB 5.3s
#4 extracting sha256:ca4e5d6727252f0dbc207fbf283cb95e278bf562bda42d35ce6c919583a110a0 5.1s
#4 sha256:d6dc1019d7935fe82827434da11bf96cf14e24979f8155e73b794286f10b7f05 211.24MB / 211.24MB 8.6s done
#4 extracting sha256:ca4e5d6727252f0dbc207fbf283cb95e278bf562bda42d35ce6c919583a110a0 7.2s done
#4 extracting sha256:30b93c12a9c9326732b35d9e3ebe57148abe33f8fa6e25ab76867410b0ccf876
#4 extracting sha256:30b93c12a9c9326732b35d9e3ebe57148abe33f8fa6e25ab76867410b0ccf876 2.7s done
#4 extracting sha256:10d643a5fa823cd013a108b2076f4d2edf1b2a921f863b533e83ea5ed8d09bd4
#4 extracting sha256:10d643a5fa823cd013a108b2076f4d2edf1b2a921f863b533e83ea5ed8d09bd4 5.0s
#4 extracting sha256:10d643a5fa823cd013a108b2076f4d2edf1b2a921f863b533e83ea5ed8d09bd4 10.4s
#4 extracting sha256:10d643a5fa823cd013a108b2076f4d2edf1b2a921f863b533e83ea5ed8d09bd4 11.5s done
#4 extracting sha256:d6dc1019d7935fe82827434da11bf96cf14e24979f8155e73b794286f10b7f05
#4 extracting sha256:d6dc1019d7935fe82827434da11bf96cf14e24979f8155e73b794286f10b7f05 5.1s
#4 extracting sha256:d6dc1019d7935fe82827434da11bf96cf14e24979f8155e73b794286f10b7f05 10.1s
#4 extracting sha256:d6dc1019d7935fe82827434da11bf96cf14e24979f8155e73b794286f10b7f05 15.3s
#4 extracting sha256:d6dc1019d7935fe82827434da11bf96cf14e24979f8155e73b794286f10b7f05 20.4s
#4 extracting sha256:d6dc1019d7935fe82827434da11bf96cf14e24979f8155e73b794286f10b7f05 25.7s
#4 extracting sha256:d6dc1019d7935fe82827434da11bf96cf14e24979f8155e73b794286f10b7f05 30.9s
#4 extracting sha256:d6dc1019d7935fe82827434da11bf96cf14e24979f8155e73b794286f10b7f05 31.4s done
#4 extracting sha256:c387064957b7c6410118524b9ea38586f5c8a9977652336787ca17993d2932c6
#4 extracting sha256:c387064957b7c6410118524b9ea38586f5c8a9977652336787ca17993d2932c6 0.9s done
#4 extracting sha256:26766ebde4817068b187ab3f6f8d0c6989bc685d0deddc34c0e36731c7cfe317
#4 extracting sha256:26766ebde4817068b187ab3f6f8d0c6989bc685d0deddc34c0e36731c7cfe317 2.3s done
#4 extracting sha256:8a42d17fd0e28f72659a82ca54de4b3820cdbedf4fb3b5e2a802701386abcee9 done
#4 extracting sha256:79eda865cc8a5f78a43ee16910c4d7f4d63957fbf913a0d7059ce99f4b69bb26
#4 extracting sha256:79eda865cc8a5f78a43ee16910c4d7f4d63957fbf913a0d7059ce99f4b69bb26 1.0s done
#4 DONE 70.1s

#6 [2/7] RUN mkdir /code
#6 DONE 11.8s

#7 [3/7] WORKDIR /code
#7 DONE 0.5s

#8 [4/7] COPY requirements.txt /code/
#8 DONE 0.5s

#9 [5/7] RUN apt-get update && apt-get -y install postgresql libpq-dev postgresql-client postgresql-client-common python3-pip git netcat
#9 3.933 Get:1 http://deb.debian.org/debian bookworm InRelease [151 kB]
#9 4.020 Get:2 http://deb.debian.org/debian bookworm-updates InRelease [55.4 kB]
#9 4.020 Get:3 http://deb.debian.org/debian-security bookworm-security InRelease [48.0 kB]
#9 4.674 Get:4 http://deb.debian.org/debian bookworm/main amd64 Packages [8788 kB]
#9 5.294 Get:5 http://deb.debian.org/debian bookworm-updates/main amd64 Packages [13.8 kB]
#9 6.002 Get:6 http://deb.debian.org/debian-security bookworm-security/main amd64 Packages [169 kB]
#9 9.128 Fetched 9225 kB in 5s (1748 kB/s)
#9 9.128 Reading package lists...
#9 11.16 Reading package lists...
#9 13.29 Building dependency tree...
#9 13.56 Reading state information...
#9 13.57 Package netcat is a virtual package provided by:
#9 13.57   netcat-openbsd 1.219-1
#9 13.57   netcat-traditional 1.10-47
#9 13.57 
#9 13.58 E: Package 'netcat' has no installation candidate
#9 ERROR: process "/bin/sh -c apt-get update && apt-get -y install postgresql libpq-dev postgresql-client postgresql-client-common python3-pip git netcat" did not complete successfully: exit code: 100
------
 > [5/7] RUN apt-get update && apt-get -y install postgresql libpq-dev postgresql-client postgresql-client-common python3-pip git netcat:
5.294 Get:5 http://deb.debian.org/debian bookworm-updates/main amd64 Packages [13.8 kB]
6.002 Get:6 http://deb.debian.org/debian-security bookworm-security/main amd64 Packages [169 kB]



13.57 Package netcat is a virtual package provided by:
13.57   netcat-openbsd 1.219-1
13.57   netcat-traditional 1.10-47
13.57 
13.58 E: Package 'netcat' has no installation candidate
------
Dockerfile:7
--------------------
   5 |     WORKDIR /code
   6 |     COPY requirements.txt /code/
   7 | >>> RUN apt-get update && apt-get -y install postgresql libpq-dev postgresql-client postgresql-client-common python3-pip git netcat
   8 |     RUN pip install --no-cache-dir -r requirements.txt
   9 |     COPY . /code/
--------------------
ERROR: failed to solve: process "/bin/sh -c apt-get update && apt-get -y install postgresql libpq-dev postgresql-client postgresql-client-common python3-pip git netcat" did not complete successfully: exit code: 100
Duration: 1:40.63