#0 building with "default" instance using docker driver

#1 [internal] load build definition from v1_Dockerfile
#1 transferring dockerfile:
#1 transferring dockerfile: 799B done
#1 DONE 0.3s

#2 [internal] load .dockerignore
#2 transferring context: 2B done
#2 DONE 0.4s

#3 [internal] load metadata for docker.io/library/alpine:latest
#3 DONE 1.0s

#4 [1/4] FROM docker.io/library/alpine@sha256:0a4eaa0eecf5f8c050e5bba433f58c052be7587ee8af3e8b3910ef9ab5fbe9f5
#4 resolve docker.io/library/alpine@sha256:0a4eaa0eecf5f8c050e5bba433f58c052be7587ee8af3e8b3910ef9ab5fbe9f5
#4 resolve docker.io/library/alpine@sha256:0a4eaa0eecf5f8c050e5bba433f58c052be7587ee8af3e8b3910ef9ab5fbe9f5 0.2s done
#4 sha256:0a4eaa0eecf5f8c050e5bba433f58c052be7587ee8af3e8b3910ef9ab5fbe9f5 1.85kB / 1.85kB done
#4 sha256:eddacbc7e24bf8799a4ed3cdcfa50d4b88a323695ad80f317b6629883b2c2a78 528B / 528B done
#4 sha256:324bc02ae1231fd9255658c128086395d3fa0aedd5a41ab6b034fd649d1a9260 1.47kB / 1.47kB done
#4 DONE 0.5s

#5 [2/4] WORKDIR /tmp
#5 DONE 0.3s

#6 [3/4] RUN wget https://github.com/fonoster/astive/archive/refs/tags/v1.0.9.tar.gz     && apk update     && apk add openjdk8     && apk add maven     && tar xvf v1.0.9.tar.gz     && cd astive-1.0.9     && ./assembly     && cd dist     && tar xvf astive-server-1.0.9.tar.gz     && mkdir -p /opt/astive     && mv astive-server-1.0.9/* /opt/astive     && apk del maven     && apk del openjdk8     && apk add openjdk8-jre-base     && rm -rf /var/cache/apk/* /tmp/astive*
#6 0.567 Connecting to github.com (140.82.112.4:443)
#6 0.924 wget: server returned error: HTTP/1.1 404 Not Found
#6 ERROR: process "/bin/sh -c wget https://github.com/fonoster/astive/archive/refs/tags/v$ASTIVE_VERSION.tar.gz     && apk update     && apk add openjdk8     && apk add maven     && tar xvf v$ASTIVE_VERSION.tar.gz     && cd astive-$ASTIVE_VERSION     && ./assembly     && cd dist     && tar xvf astive-server-$ASTIVE_VERSION.tar.gz     && mkdir -p $ASTIVE_HOME     && mv astive-server-$ASTIVE_VERSION/* /opt/astive     && apk del maven     && apk del openjdk8     && apk add openjdk8-jre-base     && rm -rf /var/cache/apk/* /tmp/astive*" did not complete successfully: exit code: 1
------
 > [3/4] RUN wget https://github.com/fonoster/astive/archive/refs/tags/v1.0.9.tar.gz     && apk update     && apk add openjdk8     && apk add maven     && tar xvf v1.0.9.tar.gz     && cd astive-1.0.9     && ./assembly     && cd dist     && tar xvf astive-server-1.0.9.tar.gz     && mkdir -p /opt/astive     && mv astive-server-1.0.9/* /opt/astive     && apk del maven     && apk del openjdk8     && apk add openjdk8-jre-base     && rm -rf /var/cache/apk/* /tmp/astive*:
0.567 Connecting to github.com (140.82.112.4:443)
0.924 wget: server returned error: HTTP/1.1 404 Not Found
------
v1_Dockerfile:9
--------------------
   8 |     
   9 | >>> RUN wget https://github.com/fonoster/astive/archive/refs/tags/v$ASTIVE_VERSION.tar.gz \
  10 | >>>     && apk update \
  11 | >>>     && apk add openjdk8 \
  12 | >>>     && apk add maven \
  13 | >>>     && tar xvf v$ASTIVE_VERSION.tar.gz \
  14 | >>>     && cd astive-$ASTIVE_VERSION \
  15 | >>>     && ./assembly \
  16 | >>>     && cd dist \
  17 | >>>     && tar xvf astive-server-$ASTIVE_VERSION.tar.gz \
  18 | >>>     && mkdir -p $ASTIVE_HOME \
  19 | >>>     && mv astive-server-$ASTIVE_VERSION/* /opt/astive \
  20 | >>>     && apk del maven \
  21 | >>>     && apk del openjdk8 \
  22 | >>>     && apk add openjdk8-jre-base \
  23 | >>>     && rm -rf /var/cache/apk/* /tmp/astive*
  24 |     
--------------------
ERROR: failed to solve: process "/bin/sh -c wget https://github.com/fonoster/astive/archive/refs/tags/v$ASTIVE_VERSION.tar.gz     && apk update     && apk add openjdk8     && apk add maven     && tar xvf v$ASTIVE_VERSION.tar.gz     && cd astive-$ASTIVE_VERSION     && ./assembly     && cd dist     && tar xvf astive-server-$ASTIVE_VERSION.tar.gz     && mkdir -p $ASTIVE_HOME     && mv astive-server-$ASTIVE_VERSION/* /opt/astive     && apk del maven     && apk del openjdk8     && apk add openjdk8-jre-base     && rm -rf /var/cache/apk/* /tmp/astive*" did not complete successfully: exit code: 1
Duration: 0:3.73