#0 building with "default" instance using docker driver

#1 [internal] load .dockerignore
#1 transferring context: 32B
#1 transferring context: 149B done
#1 DONE 0.5s

#2 [internal] load build definition from Dockerfile
#2 transferring dockerfile: 664B done
#2 DONE 0.4s

#3 [internal] load metadata for docker.io/library/debian:9.6-slim
#3 ...

#4 [auth] library/debian:pull token for registry-1.docker.io
#4 DONE 0.0s

#3 [internal] load metadata for docker.io/library/debian:9.6-slim
#3 DONE 3.4s

#5 [1/3] FROM docker.io/library/debian:9.6-slim@sha256:15ff3a968745e30585ddd28bb9707139d91a215ba3d2730e9036dba513c5dc77
#5 resolve docker.io/library/debian:9.6-slim@sha256:15ff3a968745e30585ddd28bb9707139d91a215ba3d2730e9036dba513c5dc77
#5 resolve docker.io/library/debian:9.6-slim@sha256:15ff3a968745e30585ddd28bb9707139d91a215ba3d2730e9036dba513c5dc77 0.3s done
#5 ...

#6 [internal] load build context
#6 transferring context: 1.18kB 0.0s done
#6 DONE 0.4s

#5 [1/3] FROM docker.io/library/debian:9.6-slim@sha256:15ff3a968745e30585ddd28bb9707139d91a215ba3d2730e9036dba513c5dc77
#5 sha256:be22c581af9fc12a8df55cef79a7f535ea12996ed956beccd0d34f960a35f02c 529B / 529B done
#5 sha256:3a08df3c763e9e2c5d61aa672208e7ea2cf68b7dafc940ce24b6280f0a97cfcb 1.50kB / 1.50kB done
#5 sha256:15ff3a968745e30585ddd28bb9707139d91a215ba3d2730e9036dba513c5dc77 2.36kB / 2.36kB done
#5 sha256:5e6ec7f28fb77f84f64b8c29fcb0a746260563f5858315e3e9fcc4aee2844840 0B / 22.50MB 0.1s
#5 sha256:5e6ec7f28fb77f84f64b8c29fcb0a746260563f5858315e3e9fcc4aee2844840 5.24MB / 22.50MB 0.5s
#5 sha256:5e6ec7f28fb77f84f64b8c29fcb0a746260563f5858315e3e9fcc4aee2844840 9.44MB / 22.50MB 0.6s
#5 sha256:5e6ec7f28fb77f84f64b8c29fcb0a746260563f5858315e3e9fcc4aee2844840 14.68MB / 22.50MB 0.8s
#5 sha256:5e6ec7f28fb77f84f64b8c29fcb0a746260563f5858315e3e9fcc4aee2844840 22.02MB / 22.50MB 1.0s
#5 sha256:5e6ec7f28fb77f84f64b8c29fcb0a746260563f5858315e3e9fcc4aee2844840 22.50MB / 22.50MB 1.4s done
#5 extracting sha256:5e6ec7f28fb77f84f64b8c29fcb0a746260563f5858315e3e9fcc4aee2844840 0.1s
#5 extracting sha256:5e6ec7f28fb77f84f64b8c29fcb0a746260563f5858315e3e9fcc4aee2844840 1.5s done
#5 DONE 3.8s

#7 [2/3] RUN apt-get update && apt-get install -y     curl     jq
#7 0.533 Ign:1 http://deb.debian.org/debian stretch InRelease
#7 0.544 Ign:2 http://deb.debian.org/debian stretch-updates InRelease
#7 0.554 Ign:3 http://deb.debian.org/debian stretch Release
#7 0.565 Ign:4 http://deb.debian.org/debian stretch-updates Release
#7 0.575 Ign:5 http://deb.debian.org/debian stretch/main all Packages
#7 0.630 Ign:6 http://security.debian.org/debian-security stretch/updates InRelease
#7 0.733 Ign:7 http://deb.debian.org/debian stretch/main amd64 Packages
#7 0.742 Ign:8 http://deb.debian.org/debian stretch-updates/main all Packages
#7 0.780 Ign:9 http://security.debian.org/debian-security stretch/updates Release
#7 1.047 Ign:10 http://deb.debian.org/debian stretch-updates/main amd64 Packages
#7 1.057 Ign:5 http://deb.debian.org/debian stretch/main all Packages
#7 1.083 Ign:11 http://security.debian.org/debian-security stretch/updates/main amd64 Packages
#7 1.214 Ign:7 http://deb.debian.org/debian stretch/main amd64 Packages
#7 1.224 Ign:8 http://deb.debian.org/debian stretch-updates/main all Packages
#7 1.382 Ign:10 http://deb.debian.org/debian stretch-updates/main amd64 Packages
#7 1.392 Ign:5 http://deb.debian.org/debian stretch/main all Packages
#7 1.396 Ign:12 http://security.debian.org/debian-security stretch/updates/main all Packages
#7 1.554 Ign:11 http://security.debian.org/debian-security stretch/updates/main amd64 Packages
#7 1.699 Ign:7 http://deb.debian.org/debian stretch/main amd64 Packages
#7 1.707 Ign:12 http://security.debian.org/debian-security stretch/updates/main all Packages
#7 1.708 Ign:8 http://deb.debian.org/debian stretch-updates/main all Packages
#7 1.860 Ign:11 http://security.debian.org/debian-security stretch/updates/main amd64 Packages
#7 1.866 Ign:10 http://deb.debian.org/debian stretch-updates/main amd64 Packages
#7 1.876 Ign:5 http://deb.debian.org/debian stretch/main all Packages
#7 2.033 Ign:7 http://deb.debian.org/debian stretch/main amd64 Packages
#7 2.045 Ign:8 http://deb.debian.org/debian stretch-updates/main all Packages
#7 2.163 Ign:12 http://security.debian.org/debian-security stretch/updates/main all Packages
#7 2.352 Ign:10 http://deb.debian.org/debian stretch-updates/main amd64 Packages
#7 2.362 Ign:5 http://deb.debian.org/debian stretch/main all Packages
#7 2.467 Ign:11 http://security.debian.org/debian-security stretch/updates/main amd64 Packages
#7 2.521 Ign:7 http://deb.debian.org/debian stretch/main amd64 Packages
#7 2.531 Ign:8 http://deb.debian.org/debian stretch-updates/main all Packages
#7 2.688 Ign:10 http://deb.debian.org/debian stretch-updates/main amd64 Packages
#7 2.699 Ign:5 http://deb.debian.org/debian stretch/main all Packages
#7 2.780 Ign:12 http://security.debian.org/debian-security stretch/updates/main all Packages
#7 2.865 Err:7 http://deb.debian.org/debian stretch/main amd64 Packages
#7 2.865   404  Not Found
#7 2.877 Ign:8 http://deb.debian.org/debian stretch-updates/main all Packages
#7 3.036 Err:10 http://deb.debian.org/debian stretch-updates/main amd64 Packages
#7 3.036   404  Not Found
#7 3.085 Ign:11 http://security.debian.org/debian-security stretch/updates/main amd64 Packages
#7 3.385 Ign:12 http://security.debian.org/debian-security stretch/updates/main all Packages
#7 3.685 Err:11 http://security.debian.org/debian-security stretch/updates/main amd64 Packages
#7 3.685   404  Not Found [IP: 151.101.194.132 80]
#7 3.998 Ign:12 http://security.debian.org/debian-security stretch/updates/main all Packages
#7 4.001 Reading package lists...
#7 4.011 W: The repository 'http://deb.debian.org/debian stretch Release' does not have a Release file.
#7 4.011 W: The repository 'http://deb.debian.org/debian stretch-updates Release' does not have a Release file.
#7 4.011 W: The repository 'http://security.debian.org/debian-security stretch/updates Release' does not have a Release file.
#7 4.011 E: Failed to fetch http://deb.debian.org/debian/dists/stretch/main/binary-amd64/Packages  404  Not Found
#7 4.011 E: Failed to fetch http://deb.debian.org/debian/dists/stretch-updates/main/binary-amd64/Packages  404  Not Found
#7 4.011 E: Failed to fetch http://security.debian.org/debian-security/dists/stretch/updates/main/binary-amd64/Packages  404  Not Found [IP: 151.101.194.132 80]
#7 4.011 E: Some index files failed to download. They have been ignored, or old ones used instead.
#7 ERROR: process "/bin/sh -c apt-get update && apt-get install -y     curl     jq" did not complete successfully: exit code: 100
------
 > [2/3] RUN apt-get update && apt-get install -y     curl     jq:
3.685   404  Not Found [IP: 151.101.194.132 80]
3.998 Ign:12 http://security.debian.org/debian-security stretch/updates/main all Packages
4.001 Reading package lists...
4.011 W: The repository 'http://deb.debian.org/debian stretch Release' does not have a Release file.
4.011 W: The repository 'http://deb.debian.org/debian stretch-updates Release' does not have a Release file.
4.011 W: The repository 'http://security.debian.org/debian-security stretch/updates Release' does not have a Release file.
4.011 E: Failed to fetch http://deb.debian.org/debian/dists/stretch/main/binary-amd64/Packages  404  Not Found
4.011 E: Failed to fetch http://deb.debian.org/debian/dists/stretch-updates/main/binary-amd64/Packages  404  Not Found
4.011 E: Failed to fetch http://security.debian.org/debian-security/dists/stretch/updates/main/binary-amd64/Packages  404  Not Found [IP: 151.101.194.132 80]
4.011 E: Some index files failed to download. They have been ignored, or old ones used instead.
------
Dockerfile:13
--------------------
  12 |     
  13 | >>> RUN apt-get update && apt-get install -y \
  14 | >>>     curl \
  15 | >>>     jq
  16 |     
--------------------
ERROR: failed to solve: process "/bin/sh -c apt-get update && apt-get install -y     curl     jq" did not complete successfully: exit code: 100
Duration: 0:14.10