#0 building with "default" instance using docker driver

#1 [internal] load build definition from v1_Dockerfile
#1 transferring dockerfile:
#1 transferring dockerfile: 833B done
#1 DONE 0.4s

#2 [internal] load .dockerignore
#2 transferring context: 2B done
#2 DONE 0.5s

#3 [internal] load metadata for docker.io/library/python:3
#3 DONE 1.7s

#4 [internal] load build context
#4 DONE 0.0s

#5 [1/5] FROM docker.io/library/python:3@sha256:b40b4e5c86136e5400e9347459a9366315ff129e07175fdde8e221147ec5d541
#5 resolve docker.io/library/python:3@sha256:b40b4e5c86136e5400e9347459a9366315ff129e07175fdde8e221147ec5d541 0.1s done
#5 sha256:b40b4e5c86136e5400e9347459a9366315ff129e07175fdde8e221147ec5d541 9.72kB / 9.72kB done
#5 sha256:c826de9e0ee3db708138161cc1d0efb61bb2a48dc7320d5eb02235a39375c3e8 2.52kB / 2.52kB done
#5 sha256:89cae5f42a4d7611fb518de30622ec93f4095c722d04dafb209e3c00c41e6ebf 7.05kB / 7.05kB done
#5 ...

#4 [internal] load build context
#4 transferring context: 122.14kB done
#4 DONE 0.5s

#5 [1/5] FROM docker.io/library/python:3@sha256:b40b4e5c86136e5400e9347459a9366315ff129e07175fdde8e221147ec5d541
#5 sha256:a620f0f174f1a761e84c4140503f31bb28ea9d75b6e28ec64872cf99f19c72a2 0B / 6.16MB 0.5s
#5 sha256:d22f40fe2848777052f59dff579a1954a8c382eef71724b118abb88d9709c8ea 0B / 232B 0.5s
#5 sha256:a620f0f174f1a761e84c4140503f31bb28ea9d75b6e28ec64872cf99f19c72a2 6.16MB / 6.16MB 0.7s
#5 sha256:d22f40fe2848777052f59dff579a1954a8c382eef71724b118abb88d9709c8ea 232B / 232B 0.6s done
#5 sha256:ad8837c5b819f173d8d9000d3f913102e8f6189c6203fe64be152d8ab11ed1f7 3.15MB / 22.72MB 0.7s
#5 sha256:25faddfd0b6bfdcb79de65b8438b6dd1fb4a2d3f9ba8e3db93e19e013e5f4d16 0B / 4.16MB 0.7s
#5 sha256:ad8837c5b819f173d8d9000d3f913102e8f6189c6203fe64be152d8ab11ed1f7 8.39MB / 22.72MB 0.8s
#5 sha256:25faddfd0b6bfdcb79de65b8438b6dd1fb4a2d3f9ba8e3db93e19e013e5f4d16 1.05MB / 4.16MB 0.8s
#5 extracting sha256:a620f0f174f1a761e84c4140503f31bb28ea9d75b6e28ec64872cf99f19c72a2
#5 sha256:a620f0f174f1a761e84c4140503f31bb28ea9d75b6e28ec64872cf99f19c72a2 6.16MB / 6.16MB 0.8s done
#5 sha256:ad8837c5b819f173d8d9000d3f913102e8f6189c6203fe64be152d8ab11ed1f7 13.63MB / 22.72MB 0.9s
#5 sha256:25faddfd0b6bfdcb79de65b8438b6dd1fb4a2d3f9ba8e3db93e19e013e5f4d16 4.16MB / 4.16MB 0.9s
#5 sha256:ad8837c5b819f173d8d9000d3f913102e8f6189c6203fe64be152d8ab11ed1f7 19.92MB / 22.72MB 1.0s
#5 sha256:25faddfd0b6bfdcb79de65b8438b6dd1fb4a2d3f9ba8e3db93e19e013e5f4d16 4.16MB / 4.16MB 1.0s done
#5 sha256:ad8837c5b819f173d8d9000d3f913102e8f6189c6203fe64be152d8ab11ed1f7 22.72MB / 22.72MB 1.1s
#5 extracting sha256:a620f0f174f1a761e84c4140503f31bb28ea9d75b6e28ec64872cf99f19c72a2 0.4s done
#5 sha256:ad8837c5b819f173d8d9000d3f913102e8f6189c6203fe64be152d8ab11ed1f7 22.72MB / 22.72MB 1.4s done
#5 extracting sha256:ad8837c5b819f173d8d9000d3f913102e8f6189c6203fe64be152d8ab11ed1f7
#5 extracting sha256:ad8837c5b819f173d8d9000d3f913102e8f6189c6203fe64be152d8ab11ed1f7 1.3s done
#5 extracting sha256:d22f40fe2848777052f59dff579a1954a8c382eef71724b118abb88d9709c8ea
#5 extracting sha256:d22f40fe2848777052f59dff579a1954a8c382eef71724b118abb88d9709c8ea 0.0s done
#5 extracting sha256:25faddfd0b6bfdcb79de65b8438b6dd1fb4a2d3f9ba8e3db93e19e013e5f4d16
#5 extracting sha256:25faddfd0b6bfdcb79de65b8438b6dd1fb4a2d3f9ba8e3db93e19e013e5f4d16 0.4s done
#5 DONE 5.6s

#6 [2/5] WORKDIR /app
#6 DONE 2.1s

#7 [3/5] RUN wget https://raw.githubusercontent.com/qbittorrent/qBittorrent/master/src/searchengine/nova3/helpers.py &&     wget https://raw.githubusercontent.com/qbittorrent/qBittorrent/master/src/searchengine/nova3/nova2.py &&     wget https://raw.githubusercontent.com/qbittorrent/qBittorrent/master/src/searchengine/nova3/nova2dl.py &&     wget https://raw.githubusercontent.com/qbittorrent/qBittorrent/master/src/searchengine/nova3/novaprinter.py &&     wget https://raw.githubusercontent.com/qbittorrent/qBittorrent/master/src/searchengine/nova3/sgmllib3.py || echo "File not found, skipping sgmllib3.py" &&     wget https://raw.githubusercontent.com/qbittorrent/qBittorrent/master/src/searchengine/nova3/socks.py
#7 0.622 --2024-07-31 02:13:53--  https://raw.githubusercontent.com/qbittorrent/qBittorrent/master/src/searchengine/nova3/helpers.py
#7 0.635 Resolving raw.githubusercontent.com (raw.githubusercontent.com)... 185.199.110.133, 185.199.109.133, 185.199.108.133, ...
#7 0.636 Connecting to raw.githubusercontent.com (raw.githubusercontent.com)|185.199.110.133|:443... connected.
#7 0.644 HTTP request sent, awaiting response... 200 OK
#7 0.647 Length: 5467 (5.3K) [text/plain]
#7 0.647 Saving to: ‘helpers.py’
#7 0.647 
#7 0.647      0K .....                                                 100% 37.5M=0s
#7 0.647 
#7 0.647 2024-07-31 02:13:53 (37.5 MB/s) - ‘helpers.py’ saved [5467/5467]
#7 0.647 
#7 0.669 --2024-07-31 02:13:53--  https://raw.githubusercontent.com/qbittorrent/qBittorrent/master/src/searchengine/nova3/nova2.py
#7 0.682 Resolving raw.githubusercontent.com (raw.githubusercontent.com)... 185.199.108.133, 185.199.111.133, 185.199.110.133, ...
#7 0.683 Connecting to raw.githubusercontent.com (raw.githubusercontent.com)|185.199.108.133|:443... connected.
#7 0.690 HTTP request sent, awaiting response... 200 OK
#7 0.692 Length: 8508 (8.3K) [text/plain]
#7 0.692 Saving to: ‘nova2.py’
#7 0.692 
#7 0.692      0K ........                                              100% 33.3M=0s
#7 0.692 
#7 0.693 2024-07-31 02:13:53 (33.3 MB/s) - ‘nova2.py’ saved [8508/8508]
#7 0.693 
#7 0.697 --2024-07-31 02:13:53--  https://raw.githubusercontent.com/qbittorrent/qBittorrent/master/src/searchengine/nova3/nova2dl.py
#7 0.709 Resolving raw.githubusercontent.com (raw.githubusercontent.com)... 185.199.111.133, 185.199.108.133, 185.199.109.133, ...
#7 0.711 Connecting to raw.githubusercontent.com (raw.githubusercontent.com)|185.199.111.133|:443... connected.
#7 0.717 HTTP request sent, awaiting response... 200 OK
#7 0.719 Length: 2569 (2.5K) [text/plain]
#7 0.720 Saving to: ‘nova2dl.py’
#7 0.720 
#7 0.720      0K ..                                                    100% 26.2M=0s
#7 0.720 
#7 0.720 2024-07-31 02:13:53 (26.2 MB/s) - ‘nova2dl.py’ saved [2569/2569]
#7 0.720 
#7 0.724 --2024-07-31 02:13:53--  https://raw.githubusercontent.com/qbittorrent/qBittorrent/master/src/searchengine/nova3/novaprinter.py
#7 0.736 Resolving raw.githubusercontent.com (raw.githubusercontent.com)... 185.199.109.133, 185.199.111.133, 185.199.108.133, ...
#7 0.737 Connecting to raw.githubusercontent.com (raw.githubusercontent.com)|185.199.109.133|:443... connected.
#7 0.745 HTTP request sent, awaiting response... 200 OK
#7 0.747 Length: 3494 (3.4K) [text/plain]
#7 0.748 Saving to: ‘novaprinter.py’
#7 0.748 
#7 0.748      0K ...                                                   100% 33.9M=0s
#7 0.748 
#7 0.748 2024-07-31 02:13:53 (33.9 MB/s) - ‘novaprinter.py’ saved [3494/3494]
#7 0.748 
#7 0.752 --2024-07-31 02:13:53--  https://raw.githubusercontent.com/qbittorrent/qBittorrent/master/src/searchengine/nova3/sgmllib3.py
#7 0.764 Resolving raw.githubusercontent.com (raw.githubusercontent.com)... 185.199.109.133, 185.199.110.133, 185.199.111.133, ...
#7 0.766 Connecting to raw.githubusercontent.com (raw.githubusercontent.com)|185.199.109.133|:443... connected.
#7 0.772 HTTP request sent, awaiting response... 404 Not Found
#7 0.775 2024-07-31 02:13:53 ERROR 404: Not Found.
#7 0.775 
#7 0.776 File not found, skipping sgmllib3.py
#7 0.779 --2024-07-31 02:13:53--  https://raw.githubusercontent.com/qbittorrent/qBittorrent/master/src/searchengine/nova3/socks.py
#7 0.791 Resolving raw.githubusercontent.com (raw.githubusercontent.com)... 185.199.111.133, 185.199.110.133, 185.199.108.133, ...
#7 0.793 Connecting to raw.githubusercontent.com (raw.githubusercontent.com)|185.199.111.133|:443... connected.
#7 0.800 HTTP request sent, awaiting response... 200 OK
#7 0.968 Length: 15812 (15K) [text/plain]
#7 0.969 Saving to: ‘socks.py’
#7 0.969 
#7 0.969      0K .......... .....                                      100% 12.4M=0.001s
#7 0.970 
#7 0.970 2024-07-31 02:13:53 (12.4 MB/s) - ‘socks.py’ saved [15812/15812]
#7 0.970 
#7 DONE 1.2s

#8 [4/5] COPY . /app
#8 DONE 0.4s

#9 [5/5] RUN chmod -R 777 /app/tests
#9 DONE 0.9s

#10 exporting to image
#10 exporting layers
#10 exporting layers 0.7s done
#10 writing image sha256:f3f24e074c36a58768df6353334650d2c02ef00552b79b63f4bdd672adcad4c2 0.0s done
#10 naming to docker.io/library/image_name_v1_1 0.0s done
#10 DONE 0.7s
Duration: 0:13.80