#0 building with "default" instance using docker driver

#1 [internal] load build definition from Dockerfile
#1 ...

#2 [internal] load .dockerignore
#2 transferring context: 53B done
#2 DONE 0.3s

#1 [internal] load build definition from Dockerfile
#1 transferring dockerfile: 254B done
#1 DONE 0.4s

#3 [internal] load metadata for docker.io/library/node:13.12
#3 DONE 1.1s

#4 [internal] load build context
#4 DONE 0.0s

#5 [1/8] FROM docker.io/library/node:13.12@sha256:c9f3ef4453d9f528c7e35261ad68935867ab524f9f735c457141dc8efb3dfd14
#5 resolve docker.io/library/node:13.12@sha256:c9f3ef4453d9f528c7e35261ad68935867ab524f9f735c457141dc8efb3dfd14 0.1s done
#5 sha256:7921beca7c2d5ba543c52a0baa5e6368a282c0dfaf6a8d12115026cde4dcb556 2.21kB / 2.21kB done
#5 sha256:c31fbeb964cc6f21fe01325e6df615f350c7918ddc83635c1fcd86785fd08302 7.85kB / 7.85kB done
#5 sha256:c9f3ef4453d9f528c7e35261ad68935867ab524f9f735c457141dc8efb3dfd14 1.21kB / 1.21kB done
#5 sha256:56da78ce36e97a8ba1f860575bb1422d1cb6ab4dade70b06ddf1651302dde955 0B / 45.38MB 0.1s
#5 ...

#4 [internal] load build context
#4 transferring context: 1.85MB 0.0s done
#4 DONE 0.3s

#5 [1/8] FROM docker.io/library/node:13.12@sha256:c9f3ef4453d9f528c7e35261ad68935867ab524f9f735c457141dc8efb3dfd14
#5 sha256:fbfe0f13ac4531fb6d077fda0e94ced4b9ed8a354c54b4efced9b7755d3f39d1 0B / 10.80MB 0.2s
#5 sha256:56da78ce36e97a8ba1f860575bb1422d1cb6ab4dade70b06ddf1651302dde955 9.44MB / 45.38MB 0.4s
#5 sha256:fbfe0f13ac4531fb6d077fda0e94ced4b9ed8a354c54b4efced9b7755d3f39d1 3.15MB / 10.80MB 0.4s
#5 sha256:6254ff6d0e6052b7bead70e37703002eda28ac40f9a1167ea9bf813bf9c17d7f 0B / 4.34MB 0.4s
#5 sha256:56da78ce36e97a8ba1f860575bb1422d1cb6ab4dade70b06ddf1651302dde955 12.58MB / 45.38MB 0.5s
#5 sha256:fbfe0f13ac4531fb6d077fda0e94ced4b9ed8a354c54b4efced9b7755d3f39d1 8.39MB / 10.80MB 0.5s
#5 sha256:6254ff6d0e6052b7bead70e37703002eda28ac40f9a1167ea9bf813bf9c17d7f 2.96MB / 4.34MB 0.5s
#5 sha256:56da78ce36e97a8ba1f860575bb1422d1cb6ab4dade70b06ddf1651302dde955 18.87MB / 45.38MB 0.7s
#5 sha256:fbfe0f13ac4531fb6d077fda0e94ced4b9ed8a354c54b4efced9b7755d3f39d1 10.80MB / 10.80MB 0.7s
#5 sha256:6254ff6d0e6052b7bead70e37703002eda28ac40f9a1167ea9bf813bf9c17d7f 4.34MB / 4.34MB 0.7s
#5 sha256:56da78ce36e97a8ba1f860575bb1422d1cb6ab4dade70b06ddf1651302dde955 28.31MB / 45.38MB 0.8s
#5 sha256:6254ff6d0e6052b7bead70e37703002eda28ac40f9a1167ea9bf813bf9c17d7f 4.34MB / 4.34MB 0.7s done
#5 sha256:56da78ce36e97a8ba1f860575bb1422d1cb6ab4dade70b06ddf1651302dde955 33.55MB / 45.38MB 0.9s
#5 sha256:fbfe0f13ac4531fb6d077fda0e94ced4b9ed8a354c54b4efced9b7755d3f39d1 10.80MB / 10.80MB 0.9s done
#5 sha256:56da78ce36e97a8ba1f860575bb1422d1cb6ab4dade70b06ddf1651302dde955 42.99MB / 45.38MB 1.1s
#5 sha256:e0e1e13bd9f6c381f158a5366b3eff242e8b4a4decfa940e915b1d5705ef4a28 2.10MB / 50.07MB 1.1s
#5 sha256:b86b38b40a24c042077b816eebfc5356bf938c6aed3069e102175ef1720416b8 0B / 214.91MB 1.1s
#5 sha256:56da78ce36e97a8ba1f860575bb1422d1cb6ab4dade70b06ddf1651302dde955 45.38MB / 45.38MB 1.2s
#5 sha256:e0e1e13bd9f6c381f158a5366b3eff242e8b4a4decfa940e915b1d5705ef4a28 9.44MB / 50.07MB 1.2s
#5 sha256:e0e1e13bd9f6c381f158a5366b3eff242e8b4a4decfa940e915b1d5705ef4a28 22.02MB / 50.07MB 1.4s
#5 sha256:e0e1e13bd9f6c381f158a5366b3eff242e8b4a4decfa940e915b1d5705ef4a28 28.31MB / 50.07MB 1.7s
#5 sha256:b86b38b40a24c042077b816eebfc5356bf938c6aed3069e102175ef1720416b8 14.68MB / 214.91MB 1.7s
#5 sha256:e0e1e13bd9f6c381f158a5366b3eff242e8b4a4decfa940e915b1d5705ef4a28 32.51MB / 50.07MB 1.8s
#5 sha256:56da78ce36e97a8ba1f860575bb1422d1cb6ab4dade70b06ddf1651302dde955 45.38MB / 45.38MB 1.9s done
#5 sha256:e0e1e13bd9f6c381f158a5366b3eff242e8b4a4decfa940e915b1d5705ef4a28 40.89MB / 50.07MB 1.9s
#5 sha256:e0e1e13bd9f6c381f158a5366b3eff242e8b4a4decfa940e915b1d5705ef4a28 46.14MB / 50.07MB 2.0s
#5 sha256:b86b38b40a24c042077b816eebfc5356bf938c6aed3069e102175ef1720416b8 26.21MB / 214.91MB 2.0s
#5 extracting sha256:56da78ce36e97a8ba1f860575bb1422d1cb6ab4dade70b06ddf1651302dde955
#5 sha256:e357e1a6c1b29f52bc8b0c8e41bef237c9b54ee65b15c826fe38ebb8bec579a8 0B / 4.16kB 2.0s
#5 sha256:e0e1e13bd9f6c381f158a5366b3eff242e8b4a4decfa940e915b1d5705ef4a28 50.07MB / 50.07MB 2.1s
#5 sha256:b86b38b40a24c042077b816eebfc5356bf938c6aed3069e102175ef1720416b8 39.85MB / 214.91MB 2.2s
#5 sha256:e357e1a6c1b29f52bc8b0c8e41bef237c9b54ee65b15c826fe38ebb8bec579a8 4.16kB / 4.16kB 2.2s
#5 sha256:b86b38b40a24c042077b816eebfc5356bf938c6aed3069e102175ef1720416b8 52.43MB / 214.91MB 2.4s
#5 sha256:b86b38b40a24c042077b816eebfc5356bf938c6aed3069e102175ef1720416b8 65.01MB / 214.91MB 2.6s
#5 sha256:e0e1e13bd9f6c381f158a5366b3eff242e8b4a4decfa940e915b1d5705ef4a28 50.07MB / 50.07MB 2.9s done
#5 sha256:b86b38b40a24c042077b816eebfc5356bf938c6aed3069e102175ef1720416b8 85.98MB / 214.91MB 2.9s
#5 sha256:e357e1a6c1b29f52bc8b0c8e41bef237c9b54ee65b15c826fe38ebb8bec579a8 4.16kB / 4.16kB 2.9s done
#5 sha256:f388b7dd520c1b69f1dccff6f878656d257b49da63f0ba91e0b5d291cb21e5f2 0B / 34.43MB 3.0s
#5 sha256:fd75ebfa3fbd804593fc400087c27745cfb10e4cbd22bb7a4b4b629e47b5ebf7 0B / 2.37MB 3.1s
#5 sha256:fd75ebfa3fbd804593fc400087c27745cfb10e4cbd22bb7a4b4b629e47b5ebf7 2.37MB / 2.37MB 3.3s
#5 sha256:b86b38b40a24c042077b816eebfc5356bf938c6aed3069e102175ef1720416b8 105.91MB / 214.91MB 3.5s
#5 sha256:f388b7dd520c1b69f1dccff6f878656d257b49da63f0ba91e0b5d291cb21e5f2 3.15MB / 34.43MB 3.5s
#5 sha256:fd75ebfa3fbd804593fc400087c27745cfb10e4cbd22bb7a4b4b629e47b5ebf7 2.37MB / 2.37MB 3.4s done
#5 sha256:f388b7dd520c1b69f1dccff6f878656d257b49da63f0ba91e0b5d291cb21e5f2 6.29MB / 34.43MB 3.7s
#5 sha256:b86b38b40a24c042077b816eebfc5356bf938c6aed3069e102175ef1720416b8 120.59MB / 214.91MB 3.8s
#5 sha256:f388b7dd520c1b69f1dccff6f878656d257b49da63f0ba91e0b5d291cb21e5f2 8.39MB / 34.43MB 3.8s
#5 sha256:f388b7dd520c1b69f1dccff6f878656d257b49da63f0ba91e0b5d291cb21e5f2 13.63MB / 34.43MB 4.1s
#5 sha256:b86b38b40a24c042077b816eebfc5356bf938c6aed3069e102175ef1720416b8 134.22MB / 214.91MB 4.2s
#5 sha256:f388b7dd520c1b69f1dccff6f878656d257b49da63f0ba91e0b5d291cb21e5f2 16.78MB / 34.43MB 4.2s
#5 sha256:e71a5faa678a705bb5930d55b488d4c09a2e8251a962d920b827e54e66a15ed9 0B / 294B 4.3s
#5 sha256:f388b7dd520c1b69f1dccff6f878656d257b49da63f0ba91e0b5d291cb21e5f2 18.87MB / 34.43MB 4.4s
#5 sha256:b86b38b40a24c042077b816eebfc5356bf938c6aed3069e102175ef1720416b8 155.19MB / 214.91MB 4.6s
#5 sha256:f388b7dd520c1b69f1dccff6f878656d257b49da63f0ba91e0b5d291cb21e5f2 23.07MB / 34.43MB 4.6s
#5 sha256:e71a5faa678a705bb5930d55b488d4c09a2e8251a962d920b827e54e66a15ed9 294B / 294B 4.5s done
#5 sha256:f388b7dd520c1b69f1dccff6f878656d257b49da63f0ba91e0b5d291cb21e5f2 25.17MB / 34.43MB 4.7s
#5 sha256:f388b7dd520c1b69f1dccff6f878656d257b49da63f0ba91e0b5d291cb21e5f2 28.31MB / 34.43MB 4.8s
#5 sha256:f388b7dd520c1b69f1dccff6f878656d257b49da63f0ba91e0b5d291cb21e5f2 32.51MB / 34.43MB 4.9s
#5 sha256:b86b38b40a24c042077b816eebfc5356bf938c6aed3069e102175ef1720416b8 170.92MB / 214.91MB 5.1s
#5 sha256:f388b7dd520c1b69f1dccff6f878656d257b49da63f0ba91e0b5d291cb21e5f2 34.43MB / 34.43MB 5.1s
#5 extracting sha256:56da78ce36e97a8ba1f860575bb1422d1cb6ab4dade70b06ddf1651302dde955 3.3s done
#5 sha256:b86b38b40a24c042077b816eebfc5356bf938c6aed3069e102175ef1720416b8 188.74MB / 214.91MB 5.6s
#5 sha256:f388b7dd520c1b69f1dccff6f878656d257b49da63f0ba91e0b5d291cb21e5f2 34.43MB / 34.43MB 5.6s done
#5 extracting sha256:fbfe0f13ac4531fb6d077fda0e94ced4b9ed8a354c54b4efced9b7755d3f39d1 0.1s
#5 sha256:b86b38b40a24c042077b816eebfc5356bf938c6aed3069e102175ef1720416b8 201.33MB / 214.91MB 6.1s
#5 extracting sha256:fbfe0f13ac4531fb6d077fda0e94ced4b9ed8a354c54b4efced9b7755d3f39d1 0.5s done
#5 extracting sha256:6254ff6d0e6052b7bead70e37703002eda28ac40f9a1167ea9bf813bf9c17d7f 0.1s
#5 sha256:b86b38b40a24c042077b816eebfc5356bf938c6aed3069e102175ef1720416b8 213.91MB / 214.91MB 6.7s
#5 extracting sha256:6254ff6d0e6052b7bead70e37703002eda28ac40f9a1167ea9bf813bf9c17d7f 0.2s done
#5 sha256:b86b38b40a24c042077b816eebfc5356bf938c6aed3069e102175ef1720416b8 214.91MB / 214.91MB 9.8s done
#5 extracting sha256:e0e1e13bd9f6c381f158a5366b3eff242e8b4a4decfa940e915b1d5705ef4a28
#5 extracting sha256:e0e1e13bd9f6c381f158a5366b3eff242e8b4a4decfa940e915b1d5705ef4a28 3.2s done
#5 extracting sha256:b86b38b40a24c042077b816eebfc5356bf938c6aed3069e102175ef1720416b8
#5 extracting sha256:b86b38b40a24c042077b816eebfc5356bf938c6aed3069e102175ef1720416b8 5.1s
#5 extracting sha256:b86b38b40a24c042077b816eebfc5356bf938c6aed3069e102175ef1720416b8 10.2s
#5 extracting sha256:b86b38b40a24c042077b816eebfc5356bf938c6aed3069e102175ef1720416b8 12.3s done
#5 extracting sha256:e357e1a6c1b29f52bc8b0c8e41bef237c9b54ee65b15c826fe38ebb8bec579a8
#5 extracting sha256:e357e1a6c1b29f52bc8b0c8e41bef237c9b54ee65b15c826fe38ebb8bec579a8 0.1s done
#5 extracting sha256:f388b7dd520c1b69f1dccff6f878656d257b49da63f0ba91e0b5d291cb21e5f2
#5 extracting sha256:f388b7dd520c1b69f1dccff6f878656d257b49da63f0ba91e0b5d291cb21e5f2 2.3s done
#5 extracting sha256:fd75ebfa3fbd804593fc400087c27745cfb10e4cbd22bb7a4b4b629e47b5ebf7
#5 extracting sha256:fd75ebfa3fbd804593fc400087c27745cfb10e4cbd22bb7a4b4b629e47b5ebf7 0.2s done
#5 extracting sha256:e71a5faa678a705bb5930d55b488d4c09a2e8251a962d920b827e54e66a15ed9
#5 extracting sha256:e71a5faa678a705bb5930d55b488d4c09a2e8251a962d920b827e54e66a15ed9 done
#5 DONE 31.5s

#6 [2/8] RUN apt-get update && apt-get install -yq make
#6 0.511 Ign:1 http://security.debian.org/debian-security stretch/updates InRelease
#6 0.521 Ign:2 http://security.debian.org/debian-security stretch/updates Release
#6 0.533 Ign:3 http://security.debian.org/debian-security stretch/updates/main all Packages
#6 0.544 Ign:4 http://security.debian.org/debian-security stretch/updates/main amd64 Packages
#6 0.554 Ign:3 http://security.debian.org/debian-security stretch/updates/main all Packages
#6 0.568 Ign:4 http://security.debian.org/debian-security stretch/updates/main amd64 Packages
#6 0.594 Ign:3 http://security.debian.org/debian-security stretch/updates/main all Packages
#6 0.603 Ign:4 http://security.debian.org/debian-security stretch/updates/main amd64 Packages
#6 0.614 Ign:3 http://security.debian.org/debian-security stretch/updates/main all Packages
#6 0.625 Ign:4 http://security.debian.org/debian-security stretch/updates/main amd64 Packages
#6 0.635 Ign:3 http://security.debian.org/debian-security stretch/updates/main all Packages
#6 0.646 Ign:4 http://security.debian.org/debian-security stretch/updates/main amd64 Packages
#6 0.657 Ign:3 http://security.debian.org/debian-security stretch/updates/main all Packages
#6 0.666 Ign:5 http://deb.debian.org/debian stretch InRelease
#6 0.668 Err:4 http://security.debian.org/debian-security stretch/updates/main amd64 Packages
#6 0.668   404  Not Found
#6 0.825 Ign:6 http://deb.debian.org/debian stretch-updates InRelease
#6 0.982 Ign:7 http://deb.debian.org/debian stretch Release
#6 1.139 Ign:8 http://deb.debian.org/debian stretch-updates Release
#6 1.298 Ign:9 http://deb.debian.org/debian stretch/main all Packages
#6 1.455 Ign:10 http://deb.debian.org/debian stretch/main amd64 Packages
#6 1.613 Ign:11 http://deb.debian.org/debian stretch-updates/main amd64 Packages
#6 1.772 Ign:12 http://deb.debian.org/debian stretch-updates/main all Packages
#6 1.931 Ign:9 http://deb.debian.org/debian stretch/main all Packages
#6 2.089 Ign:10 http://deb.debian.org/debian stretch/main amd64 Packages
#6 2.247 Ign:11 http://deb.debian.org/debian stretch-updates/main amd64 Packages
#6 2.405 Ign:12 http://deb.debian.org/debian stretch-updates/main all Packages
#6 2.563 Ign:9 http://deb.debian.org/debian stretch/main all Packages
#6 2.720 Ign:10 http://deb.debian.org/debian stretch/main amd64 Packages
#6 2.879 Ign:11 http://deb.debian.org/debian stretch-updates/main amd64 Packages
#6 3.037 Ign:12 http://deb.debian.org/debian stretch-updates/main all Packages
#6 3.197 Ign:9 http://deb.debian.org/debian stretch/main all Packages
#6 3.356 Ign:10 http://deb.debian.org/debian stretch/main amd64 Packages
#6 3.516 Ign:11 http://deb.debian.org/debian stretch-updates/main amd64 Packages
#6 3.676 Ign:12 http://deb.debian.org/debian stretch-updates/main all Packages
#6 3.833 Ign:9 http://deb.debian.org/debian stretch/main all Packages
#6 3.992 Ign:10 http://deb.debian.org/debian stretch/main amd64 Packages
#6 4.151 Ign:11 http://deb.debian.org/debian stretch-updates/main amd64 Packages
#6 4.309 Ign:12 http://deb.debian.org/debian stretch-updates/main all Packages
#6 4.466 Ign:9 http://deb.debian.org/debian stretch/main all Packages
#6 4.633 Err:10 http://deb.debian.org/debian stretch/main amd64 Packages
#6 4.633   404  Not Found
#6 4.791 Err:11 http://deb.debian.org/debian stretch-updates/main amd64 Packages
#6 4.791   404  Not Found
#6 4.950 Ign:12 http://deb.debian.org/debian stretch-updates/main all Packages
#6 4.954 Reading package lists...
#6 4.967 W: The repository 'http://security.debian.org/debian-security stretch/updates Release' does not have a Release file.
#6 4.967 W: The repository 'http://deb.debian.org/debian stretch Release' does not have a Release file.
#6 4.967 W: The repository 'http://deb.debian.org/debian stretch-updates Release' does not have a Release file.
#6 4.967 E: Failed to fetch http://security.debian.org/debian-security/dists/stretch/updates/main/binary-amd64/Packages  404  Not Found
#6 4.967 E: Failed to fetch http://deb.debian.org/debian/dists/stretch/main/binary-amd64/Packages  404  Not Found
#6 4.967 E: Failed to fetch http://deb.debian.org/debian/dists/stretch-updates/main/binary-amd64/Packages  404  Not Found
#6 4.967 E: Some index files failed to download. They have been ignored, or old ones used instead.
#6 ERROR: process "/bin/sh -c apt-get update && apt-get install -yq make" did not complete successfully: exit code: 100
------
 > [2/8] RUN apt-get update && apt-get install -yq make:
4.791   404  Not Found
4.950 Ign:12 http://deb.debian.org/debian stretch-updates/main all Packages
4.954 Reading package lists...
4.967 W: The repository 'http://security.debian.org/debian-security stretch/updates Release' does not have a Release file.
4.967 W: The repository 'http://deb.debian.org/debian stretch Release' does not have a Release file.
4.967 W: The repository 'http://deb.debian.org/debian stretch-updates Release' does not have a Release file.
4.967 E: Failed to fetch http://security.debian.org/debian-security/dists/stretch/updates/main/binary-amd64/Packages  404  Not Found
4.967 E: Failed to fetch http://deb.debian.org/debian/dists/stretch/main/binary-amd64/Packages  404  Not Found
4.967 E: Failed to fetch http://deb.debian.org/debian/dists/stretch-updates/main/binary-amd64/Packages  404  Not Found
4.967 E: Some index files failed to download. They have been ignored, or old ones used instead.
------
Dockerfile:3
--------------------
   1 |     FROM node:13.12
   2 |     
   3 | >>> RUN apt-get update && apt-get install -yq make
   4 |     
   5 |     WORKDIR /app
--------------------
ERROR: failed to solve: process "/bin/sh -c apt-get update && apt-get install -yq make" did not complete successfully: exit code: 100
Duration: 0:59.42