#0 building with "default" instance using docker driver

#1 [internal] load .dockerignore
#1 transferring context:
#1 transferring context: 108B done
#1 DONE 0.3s

#2 [internal] load build definition from v2_Dockerfile
#2 transferring dockerfile: 458B done
#2 DONE 0.4s

#3 [auth] library/ubuntu:pull token for registry-1.docker.io
#3 DONE 0.0s

#4 [internal] load metadata for ghcr.io/hyperledger/solang-llvm:ci
#4 DONE 1.2s

#5 [internal] load metadata for docker.io/library/ubuntu:20.04
#5 DONE 1.5s

#6 [internal] load build context
#6 DONE 0.0s

#7 [builder 1/8] FROM ghcr.io/hyperledger/solang-llvm:ci@sha256:d0c6b532e9d47135b3cb2b721a5b9164a3b5f0c11a9a5e533be1fbe9f61c0173
#7 resolve ghcr.io/hyperledger/solang-llvm:ci@sha256:d0c6b532e9d47135b3cb2b721a5b9164a3b5f0c11a9a5e533be1fbe9f61c0173
#7 resolve ghcr.io/hyperledger/solang-llvm:ci@sha256:d0c6b532e9d47135b3cb2b721a5b9164a3b5f0c11a9a5e533be1fbe9f61c0173 0.3s done
#7 sha256:1d770fa590300bb64b4817301c8bb408d7e4df0fe2ed01ea90cef19050d3d085 1.30kB / 1.30kB done
#7 sha256:42dd7dc2f161ae3481f6fb56ac7e4afb23e443dc070cb3424f3ede6a7055ca5b 3.54kB / 3.54kB done
#7 sha256:d0c6b532e9d47135b3cb2b721a5b9164a3b5f0c11a9a5e533be1fbe9f61c0173 685B / 685B done
#7 sha256:20246b0b67ca9f2612acc6553039d1710b4c3ec28786d3c5011ea1c5136f6656 0B / 157.92MB 0.2s
#7 sha256:06d39c85623a79eb68b6cac39f4c4aba8834873ee5fc27be9d9d7655e6313c26 0B / 27.50MB 0.2s
#7 ...

#6 [internal] load build context
#6 transferring context: 23.23MB 0.5s done
#6 DONE 0.8s

#7 [builder 1/8] FROM ghcr.io/hyperledger/solang-llvm:ci@sha256:d0c6b532e9d47135b3cb2b721a5b9164a3b5f0c11a9a5e533be1fbe9f61c0173
#7 sha256:06d39c85623a79eb68b6cac39f4c4aba8834873ee5fc27be9d9d7655e6313c26 3.28MB / 27.50MB 0.5s
#7 sha256:20246b0b67ca9f2612acc6553039d1710b4c3ec28786d3c5011ea1c5136f6656 8.39MB / 157.92MB 0.7s
#7 sha256:06d39c85623a79eb68b6cac39f4c4aba8834873ee5fc27be9d9d7655e6313c26 14.68MB / 27.50MB 0.7s
#7 sha256:06d39c85623a79eb68b6cac39f4c4aba8834873ee5fc27be9d9d7655e6313c26 22.02MB / 27.50MB 0.8s
#7 sha256:06d39c85623a79eb68b6cac39f4c4aba8834873ee5fc27be9d9d7655e6313c26 26.21MB / 27.50MB 0.9s
#7 sha256:20246b0b67ca9f2612acc6553039d1710b4c3ec28786d3c5011ea1c5136f6656 19.92MB / 157.92MB 1.1s
#7 sha256:20246b0b67ca9f2612acc6553039d1710b4c3ec28786d3c5011ea1c5136f6656 30.41MB / 157.92MB 1.4s
#7 sha256:20246b0b67ca9f2612acc6553039d1710b4c3ec28786d3c5011ea1c5136f6656 38.80MB / 157.92MB 1.6s
#7 sha256:06d39c85623a79eb68b6cac39f4c4aba8834873ee5fc27be9d9d7655e6313c26 27.50MB / 27.50MB 1.4s done
#7 sha256:8a5f3d7c17b28f972f40c07a77d43430624eb5e26f766c58d9f7b3d4c16452c7 0B / 158.44MB 1.6s
#7 extracting sha256:06d39c85623a79eb68b6cac39f4c4aba8834873ee5fc27be9d9d7655e6313c26
#7 sha256:2c1093ca6cea409cc6d2503ab8de095d4cc2418802bcdc64c4e8e7405c85cb26 0B / 570.75MB 1.6s
#7 sha256:20246b0b67ca9f2612acc6553039d1710b4c3ec28786d3c5011ea1c5136f6656 50.33MB / 157.92MB 1.9s
#7 sha256:20246b0b67ca9f2612acc6553039d1710b4c3ec28786d3c5011ea1c5136f6656 59.77MB / 157.92MB 2.2s
#7 sha256:8a5f3d7c17b28f972f40c07a77d43430624eb5e26f766c58d9f7b3d4c16452c7 8.39MB / 158.44MB 2.2s
#7 sha256:8a5f3d7c17b28f972f40c07a77d43430624eb5e26f766c58d9f7b3d4c16452c7 18.87MB / 158.44MB 2.4s
#7 sha256:20246b0b67ca9f2612acc6553039d1710b4c3ec28786d3c5011ea1c5136f6656 74.45MB / 157.92MB 2.6s
#7 sha256:8a5f3d7c17b28f972f40c07a77d43430624eb5e26f766c58d9f7b3d4c16452c7 28.31MB / 158.44MB 2.6s
#7 sha256:8a5f3d7c17b28f972f40c07a77d43430624eb5e26f766c58d9f7b3d4c16452c7 37.75MB / 158.44MB 2.8s
#7 sha256:2c1093ca6cea409cc6d2503ab8de095d4cc2418802bcdc64c4e8e7405c85cb26 31.46MB / 570.75MB 2.8s
#7 sha256:20246b0b67ca9f2612acc6553039d1710b4c3ec28786d3c5011ea1c5136f6656 82.84MB / 157.92MB 2.9s
#7 sha256:8a5f3d7c17b28f972f40c07a77d43430624eb5e26f766c58d9f7b3d4c16452c7 50.33MB / 158.44MB 3.1s
#7 sha256:20246b0b67ca9f2612acc6553039d1710b4c3ec28786d3c5011ea1c5136f6656 91.23MB / 157.92MB 3.2s
#7 sha256:8a5f3d7c17b28f972f40c07a77d43430624eb5e26f766c58d9f7b3d4c16452c7 60.82MB / 158.44MB 3.3s
#7 ...

#8 [stage-1 1/2] FROM docker.io/library/ubuntu:20.04@sha256:0b897358ff6624825fb50d20ffb605ab0eaea77ced0adb8c6a4b756513dec6fc
#8 resolve docker.io/library/ubuntu:20.04@sha256:0b897358ff6624825fb50d20ffb605ab0eaea77ced0adb8c6a4b756513dec6fc 0.2s done
#8 sha256:0b897358ff6624825fb50d20ffb605ab0eaea77ced0adb8c6a4b756513dec6fc 1.13kB / 1.13kB done
#8 sha256:d86db849e59626d94f768c679aba441163c996caf7a3426f44924d0239ffe03f 424B / 424B done
#8 sha256:5f5250218d28ad6612bf653eced407165dd6475a4daf9210b299fed991e172e9 2.30kB / 2.30kB done
#8 sha256:9ea8908f47652b59b8055316d9c0e16b365e2b5cee15d3efcb79e2957e3e7cad 27.51MB / 27.51MB 1.1s done
#8 extracting sha256:9ea8908f47652b59b8055316d9c0e16b365e2b5cee15d3efcb79e2957e3e7cad 1.9s done
#8 DONE 3.9s

#7 [builder 1/8] FROM ghcr.io/hyperledger/solang-llvm:ci@sha256:d0c6b532e9d47135b3cb2b721a5b9164a3b5f0c11a9a5e533be1fbe9f61c0173
#7 sha256:20246b0b67ca9f2612acc6553039d1710b4c3ec28786d3c5011ea1c5136f6656 99.61MB / 157.92MB 3.5s
#7 extracting sha256:06d39c85623a79eb68b6cac39f4c4aba8834873ee5fc27be9d9d7655e6313c26 1.9s done
#7 sha256:8a5f3d7c17b28f972f40c07a77d43430624eb5e26f766c58d9f7b3d4c16452c7 75.50MB / 158.44MB 3.7s
#7 sha256:2c1093ca6cea409cc6d2503ab8de095d4cc2418802bcdc64c4e8e7405c85cb26 62.91MB / 570.75MB 3.7s
#7 sha256:20246b0b67ca9f2612acc6553039d1710b4c3ec28786d3c5011ea1c5136f6656 108.00MB / 157.92MB 3.8s
#7 sha256:8a5f3d7c17b28f972f40c07a77d43430624eb5e26f766c58d9f7b3d4c16452c7 84.93MB / 158.44MB 4.0s
#7 sha256:20246b0b67ca9f2612acc6553039d1710b4c3ec28786d3c5011ea1c5136f6656 120.59MB / 157.92MB 4.2s
#7 sha256:8a5f3d7c17b28f972f40c07a77d43430624eb5e26f766c58d9f7b3d4c16452c7 96.47MB / 158.44MB 4.4s
#7 sha256:20246b0b67ca9f2612acc6553039d1710b4c3ec28786d3c5011ea1c5136f6656 135.27MB / 157.92MB 4.6s
#7 sha256:2c1093ca6cea409cc6d2503ab8de095d4cc2418802bcdc64c4e8e7405c85cb26 95.42MB / 570.75MB 4.6s
#7 sha256:8a5f3d7c17b28f972f40c07a77d43430624eb5e26f766c58d9f7b3d4c16452c7 110.10MB / 158.44MB 4.8s
#7 sha256:20246b0b67ca9f2612acc6553039d1710b4c3ec28786d3c5011ea1c5136f6656 147.85MB / 157.92MB 5.0s
#7 sha256:8a5f3d7c17b28f972f40c07a77d43430624eb5e26f766c58d9f7b3d4c16452c7 119.54MB / 158.44MB 5.1s
#7 sha256:20246b0b67ca9f2612acc6553039d1710b4c3ec28786d3c5011ea1c5136f6656 157.92MB / 157.92MB 5.4s
#7 sha256:8a5f3d7c17b28f972f40c07a77d43430624eb5e26f766c58d9f7b3d4c16452c7 128.97MB / 158.44MB 5.4s
#7 sha256:2c1093ca6cea409cc6d2503ab8de095d4cc2418802bcdc64c4e8e7405c85cb26 127.93MB / 570.75MB 5.4s
#7 sha256:8a5f3d7c17b28f972f40c07a77d43430624eb5e26f766c58d9f7b3d4c16452c7 142.61MB / 158.44MB 5.8s
#7 sha256:2c1093ca6cea409cc6d2503ab8de095d4cc2418802bcdc64c4e8e7405c85cb26 160.43MB / 570.75MB 6.0s
#7 sha256:8a5f3d7c17b28f972f40c07a77d43430624eb5e26f766c58d9f7b3d4c16452c7 152.04MB / 158.44MB 6.1s
#7 sha256:2c1093ca6cea409cc6d2503ab8de095d4cc2418802bcdc64c4e8e7405c85cb26 191.89MB / 570.75MB 6.5s
#7 sha256:2c1093ca6cea409cc6d2503ab8de095d4cc2418802bcdc64c4e8e7405c85cb26 227.54MB / 570.75MB 7.0s
#7 sha256:2c1093ca6cea409cc6d2503ab8de095d4cc2418802bcdc64c4e8e7405c85cb26 265.29MB / 570.75MB 7.5s
#7 sha256:20246b0b67ca9f2612acc6553039d1710b4c3ec28786d3c5011ea1c5136f6656 157.92MB / 157.92MB 7.7s done
#7 extracting sha256:20246b0b67ca9f2612acc6553039d1710b4c3ec28786d3c5011ea1c5136f6656 0.1s
#7 sha256:2c1093ca6cea409cc6d2503ab8de095d4cc2418802bcdc64c4e8e7405c85cb26 294.65MB / 570.75MB 7.9s
#7 sha256:2c1093ca6cea409cc6d2503ab8de095d4cc2418802bcdc64c4e8e7405c85cb26 323.69MB / 570.75MB 8.3s
#7 sha256:2c1093ca6cea409cc6d2503ab8de095d4cc2418802bcdc64c4e8e7405c85cb26 352.32MB / 570.75MB 8.8s
#7 sha256:2c1093ca6cea409cc6d2503ab8de095d4cc2418802bcdc64c4e8e7405c85cb26 381.68MB / 570.75MB 9.6s
#7 sha256:8a5f3d7c17b28f972f40c07a77d43430624eb5e26f766c58d9f7b3d4c16452c7 158.44MB / 158.44MB 10.1s done
#7 sha256:a881b475562db3adaacc3d5e7bd5dbb3e977e3ee697eed82ad552a6bd5bec550 0B / 310.68MB 10.2s
#7 sha256:2c1093ca6cea409cc6d2503ab8de095d4cc2418802bcdc64c4e8e7405c85cb26 413.14MB / 570.75MB 10.3s
#7 sha256:a881b475562db3adaacc3d5e7bd5dbb3e977e3ee697eed82ad552a6bd5bec550 17.83MB / 310.68MB 10.7s
#7 sha256:2c1093ca6cea409cc6d2503ab8de095d4cc2418802bcdc64c4e8e7405c85cb26 445.64MB / 570.75MB 11.0s
#7 sha256:a881b475562db3adaacc3d5e7bd5dbb3e977e3ee697eed82ad552a6bd5bec550 43.02MB / 310.68MB 11.2s
#7 sha256:a881b475562db3adaacc3d5e7bd5dbb3e977e3ee697eed82ad552a6bd5bec550 60.82MB / 310.68MB 11.5s
#7 sha256:2c1093ca6cea409cc6d2503ab8de095d4cc2418802bcdc64c4e8e7405c85cb26 476.05MB / 570.75MB 11.7s
#7 sha256:a881b475562db3adaacc3d5e7bd5dbb3e977e3ee697eed82ad552a6bd5bec550 77.59MB / 310.68MB 11.8s
#7 sha256:a881b475562db3adaacc3d5e7bd5dbb3e977e3ee697eed82ad552a6bd5bec550 95.42MB / 310.68MB 12.1s
#7 sha256:2c1093ca6cea409cc6d2503ab8de095d4cc2418802bcdc64c4e8e7405c85cb26 507.51MB / 570.75MB 12.3s
#7 sha256:a881b475562db3adaacc3d5e7bd5dbb3e977e3ee697eed82ad552a6bd5bec550 113.25MB / 310.68MB 12.4s
#7 sha256:a881b475562db3adaacc3d5e7bd5dbb3e977e3ee697eed82ad552a6bd5bec550 128.97MB / 310.68MB 12.7s
#7 sha256:2c1093ca6cea409cc6d2503ab8de095d4cc2418802bcdc64c4e8e7405c85cb26 536.87MB / 570.75MB 12.9s
#7 extracting sha256:20246b0b67ca9f2612acc6553039d1710b4c3ec28786d3c5011ea1c5136f6656 5.2s
#7 sha256:a881b475562db3adaacc3d5e7bd5dbb3e977e3ee697eed82ad552a6bd5bec550 146.80MB / 310.68MB 13.0s
#7 sha256:2c1093ca6cea409cc6d2503ab8de095d4cc2418802bcdc64c4e8e7405c85cb26 566.23MB / 570.75MB 13.4s
#7 sha256:a881b475562db3adaacc3d5e7bd5dbb3e977e3ee697eed82ad552a6bd5bec550 169.87MB / 310.68MB 13.4s
#7 sha256:a881b475562db3adaacc3d5e7bd5dbb3e977e3ee697eed82ad552a6bd5bec550 190.84MB / 310.68MB 13.7s
#7 sha256:a881b475562db3adaacc3d5e7bd5dbb3e977e3ee697eed82ad552a6bd5bec550 211.81MB / 310.68MB 14.0s
#7 sha256:a881b475562db3adaacc3d5e7bd5dbb3e977e3ee697eed82ad552a6bd5bec550 234.88MB / 310.68MB 14.3s
#7 sha256:a881b475562db3adaacc3d5e7bd5dbb3e977e3ee697eed82ad552a6bd5bec550 255.85MB / 310.68MB 14.6s
#7 sha256:a881b475562db3adaacc3d5e7bd5dbb3e977e3ee697eed82ad552a6bd5bec550 275.78MB / 310.68MB 14.9s
#7 sha256:a881b475562db3adaacc3d5e7bd5dbb3e977e3ee697eed82ad552a6bd5bec550 295.70MB / 310.68MB 15.2s
#7 extracting sha256:20246b0b67ca9f2612acc6553039d1710b4c3ec28786d3c5011ea1c5136f6656 9.3s done
#7 sha256:2c1093ca6cea409cc6d2503ab8de095d4cc2418802bcdc64c4e8e7405c85cb26 570.75MB / 570.75MB 18.4s
#7 sha256:a881b475562db3adaacc3d5e7bd5dbb3e977e3ee697eed82ad552a6bd5bec550 310.68MB / 310.68MB 20.3s
#7 sha256:2c1093ca6cea409cc6d2503ab8de095d4cc2418802bcdc64c4e8e7405c85cb26 570.75MB / 570.75MB 22.6s done
#7 sha256:a881b475562db3adaacc3d5e7bd5dbb3e977e3ee697eed82ad552a6bd5bec550 310.68MB / 310.68MB 25.3s
#7 sha256:a881b475562db3adaacc3d5e7bd5dbb3e977e3ee697eed82ad552a6bd5bec550 310.68MB / 310.68MB 27.5s done
#7 extracting sha256:8a5f3d7c17b28f972f40c07a77d43430624eb5e26f766c58d9f7b3d4c16452c7
#7 extracting sha256:8a5f3d7c17b28f972f40c07a77d43430624eb5e26f766c58d9f7b3d4c16452c7 5.1s
#7 extracting sha256:8a5f3d7c17b28f972f40c07a77d43430624eb5e26f766c58d9f7b3d4c16452c7 9.1s done
#7 extracting sha256:2c1093ca6cea409cc6d2503ab8de095d4cc2418802bcdc64c4e8e7405c85cb26
#7 extracting sha256:2c1093ca6cea409cc6d2503ab8de095d4cc2418802bcdc64c4e8e7405c85cb26 5.0s
#7 extracting sha256:2c1093ca6cea409cc6d2503ab8de095d4cc2418802bcdc64c4e8e7405c85cb26 10.2s
#7 extracting sha256:2c1093ca6cea409cc6d2503ab8de095d4cc2418802bcdc64c4e8e7405c85cb26 15.2s
#7 extracting sha256:2c1093ca6cea409cc6d2503ab8de095d4cc2418802bcdc64c4e8e7405c85cb26 20.3s
#7 extracting sha256:2c1093ca6cea409cc6d2503ab8de095d4cc2418802bcdc64c4e8e7405c85cb26 25.4s
#7 extracting sha256:2c1093ca6cea409cc6d2503ab8de095d4cc2418802bcdc64c4e8e7405c85cb26 30.5s
#7 extracting sha256:2c1093ca6cea409cc6d2503ab8de095d4cc2418802bcdc64c4e8e7405c85cb26 35.0s done
#7 extracting sha256:a881b475562db3adaacc3d5e7bd5dbb3e977e3ee697eed82ad552a6bd5bec550
#7 extracting sha256:a881b475562db3adaacc3d5e7bd5dbb3e977e3ee697eed82ad552a6bd5bec550 5.0s
#7 extracting sha256:a881b475562db3adaacc3d5e7bd5dbb3e977e3ee697eed82ad552a6bd5bec550 10.0s
#7 extracting sha256:a881b475562db3adaacc3d5e7bd5dbb3e977e3ee697eed82ad552a6bd5bec550 11.5s done
#7 DONE 89.7s

#9 [builder 2/8] COPY . src
#9 DONE 24.5s

#10 [builder 3/8] WORKDIR /src/stdlib/
#10 DONE 0.4s

#11 [builder 4/8] RUN make
#11 0.545 clang -c --target=sbf -march=bpfel+solana -emit-llvm -O3 -ffreestanding -fno-builtin -Wall -Wno-unused-function -Xclang -fexperimental-max-bitint-width=512 solana.c -o bpf/solana.bc
#11 0.974 clang -c --target=sbf -march=bpfel+solana -emit-llvm -O3 -ffreestanding -fno-builtin -Wall -Wno-unused-function -Xclang -fexperimental-max-bitint-width=512 format.c -o bpf/format.bc
#11 1.212 clang -c --target=sbf -march=bpfel+solana -emit-llvm -O3 -ffreestanding -fno-builtin -Wall -Wno-unused-function -Xclang -fexperimental-max-bitint-width=512 stdlib.c -o bpf/stdlib.bc
#11 1.238 stdlib.c:141:6: warning: cast to smaller integer type 'int' from 'uint8_t *' (aka 'unsigned char *') [-Wpointer-to-int-cast]
#11 1.238         if ((int)initial != -1)
#11 1.238             ^~~~~~~~~~~~
#11 1.349 1 warning generated.
#11 1.351 clang -c --target=sbf -march=bpfel+solana -emit-llvm -O3 -ffreestanding -fno-builtin -Wall -Wno-unused-function -Xclang -fexperimental-max-bitint-width=512 ripemd160.c -o bpf/ripemd160.bc
#11 1.516 clang -c --target=sbf -march=bpfel+solana -emit-llvm -O3 -ffreestanding -fno-builtin -Wall -Wno-unused-function -Xclang -fexperimental-max-bitint-width=512 heap.c -o bpf/heap.bc
#11 DONE 1.8s

#12 [builder 5/8] RUN rustup default 1.64.0
#12 0.604 info: syncing channel updates for '1.64.0-x86_64-unknown-linux-gnu'
#12 0.814 info: latest update on 2022-09-22, rust version 1.64.0 (a55dd71d5 2022-09-19)
#12 0.814 info: downloading component 'cargo'
#12 0.995 info: downloading component 'rust-std'
#12 1.671 info: downloading component 'rustc'
#12 3.521 info: installing component 'cargo'
#12 4.331 info: installing component 'rust-std'
#12 7.314 info: installing component 'rustc'
#12 12.46 info: default toolchain set to '1.64.0-x86_64-unknown-linux-gnu'
#12 12.46 
#12 12.49   1.64.0-x86_64-unknown-linux-gnu installed - rustc 1.64.0 (a55dd71d5 2022-09-19)
#12 12.49 
#12 DONE 19.8s

#13 [builder 6/8] RUN rustup update stable
#13 0.574 info: syncing channel updates for 'stable-x86_64-unknown-linux-gnu'
#13 0.754 info: latest update on 2024-07-25, rust version 1.80.0 (051478957 2024-07-21)
#13 0.754 info: downloading component 'cargo'
#13 1.050 info: downloading component 'rust-std'
#13 1.950 info: downloading component 'rustc'
#13 3.733 info: installing component 'cargo'
#13 4.653 info: installing component 'rust-std'
#13 7.345 info: installing component 'rustc'
#13 13.77 
#13 13.79   stable-x86_64-unknown-linux-gnu installed - rustc 1.80.0 (051478957 2024-07-21)
#13 13.79 
#13 13.79 info: checking for self-updates
#13 13.80 info: downloading self-update
#13 DONE 22.7s

#14 [builder 7/8] WORKDIR /src
#14 DONE 0.5s

#15 [builder 8/8] RUN cargo build --release
#15 0.761     Updating crates.io index
#15 187.0  Downloading crates ...
#15 187.2   Downloaded byte-slice-cast v1.2.2
#15 187.2   Downloaded crypto-common v0.1.6
#15 187.2   Downloaded cpufeatures v0.2.12
#15 187.2   Downloaded contract-metadata v1.5.1
#15 187.2   Downloaded colorchoice v1.0.2
#15 187.2   Downloaded phf_shared v0.10.0
#15 187.2   Downloaded is-terminal v0.4.12
#15 187.2   Downloaded anstyle v1.0.8
#15 187.2   Downloaded inkwell_internals v0.7.0
#15 187.2   Downloaded is_terminal_polyfill v1.70.1
#15 187.2   Downloaded opaque-debug v0.3.1
#15 187.2   Downloaded parse-display v0.8.2
#15 187.2   Downloaded ident_case v1.0.1
#15 187.2   Downloaded arrayref v0.3.8
#15 187.2   Downloaded bit-set v0.5.3
#15 187.2   Downloaded clap_lex v0.7.2
#15 187.2   Downloaded cfg-if v1.0.0
#15 187.2   Downloaded block-buffer v0.10.4
#15 187.2   Downloaded proc-macro-crate v1.3.1
#15 187.2   Downloaded anstyle-query v1.1.1
#15 187.2   Downloaded blake2-rfc v0.2.18
#15 187.3   Downloaded anstyle-parse v0.2.5
#15 187.3   Downloaded lalrpop-util v0.19.12
#15 187.3   Downloaded new_debug_unreachable v1.0.6
#15 187.3   Downloaded async-trait v0.1.81
#15 187.3   Downloaded itoa v1.0.11
#15 187.3   Downloaded scale-decode-derive v0.9.0
#15 187.3   Downloaded autocfg v1.3.0
#15 187.3   Downloaded bitflags v1.3.2
#15 187.3   Downloaded ink_metadata v4.3.0
#15 187.3   Downloaded phf_generator v0.11.2
#15 187.3   Downloaded futures-core v0.3.30
#15 187.3   Downloaded dirs-sys-next v0.1.2
#15 187.3   Downloaded nodrop v0.1.14
#15 187.3   Downloaded proc-macro-crate v3.1.0
#15 187.3   Downloaded tap v1.0.1
#15 187.3   Downloaded pest_generator v2.7.11
#15 187.3   Downloaded ink_storage_traits v4.3.0
#15 187.3   Downloaded ink_allocator v4.3.0
#15 187.3   Downloaded generic-array v0.14.7
#15 187.3   Downloaded futures-task v0.3.30
#15 187.3   Downloaded anstream v0.6.15
#15 187.3   Downloaded arrayvec v0.7.4
#15 187.3   Downloaded digest v0.10.7
#15 187.3   Downloaded anyhow v1.0.86
#15 187.3   Downloaded anchor-syn v0.26.0
#15 187.3   Downloaded parity-scale-codec-derive v3.6.12
#15 187.4   Downloaded strsim v0.10.0
#15 187.4   Downloaded scale-encode v0.5.0
#15 187.4   Downloaded scopeguard v1.2.0
#15 187.4   Downloaded errno v0.3.9
#15 187.4   Downloaded slab v0.4.9
#15 187.4   Downloaded httparse v1.9.4
#15 187.4   Downloaded env_logger v0.10.2
#15 187.4   Downloaded sha2 v0.9.9
#15 187.4   Downloaded bytes v1.6.1
#15 187.4   Downloaded pin-project-lite v0.2.14
#15 187.4   Downloaded ink_engine v4.3.0
#15 187.4   Downloaded structmeta v0.2.0
#15 187.4   Downloaded proc-macro2-diagnostics v0.9.1
#15 187.4   Downloaded array-init v2.1.0
#15 187.4   Downloaded llvm-sys v150.2.0
#15 187.4   Downloaded byteorder v1.5.0
#15 187.4   Downloaded log v0.4.22
#15 187.4   Downloaded keccak v0.1.5
#15 187.4   Downloaded futures v0.3.30
#15 187.4   Downloaded phf_macros v0.11.2
#15 187.4   Downloaded bs58 v0.3.1
#15 187.5   Downloaded block-buffer v0.9.0
#15 187.5   Downloaded bit-vec v0.6.3
#15 187.5   Downloaded convert_case v0.6.0
#15 187.5   Downloaded darling_core v0.14.4
#15 187.5   Downloaded diff v0.1.13
#15 187.5   Downloaded impl-serde v0.3.2
#15 187.5   Downloaded base58 v0.2.0
#15 187.5   Downloaded phf_shared v0.11.2
#15 187.5   Downloaded clap v4.5.11
#15 187.5   Downloaded blake2 v0.10.6
#15 187.5   Downloaded indexmap v2.2.6
#15 187.5   Downloaded precomputed-hash v0.1.1
#15 187.5   Downloaded ink_ir v4.3.0
#15 187.5   Downloaded scale-encode-derive v0.5.0
#15 187.5   Downloaded constant_time_eq v0.1.5
#15 187.5   Downloaded crunchy v0.2.2
#15 187.5   Downloaded bitflags v2.6.0
#15 187.5   Downloaded auto_impl v1.2.0
#15 187.6   Downloaded darling_macro v0.14.4
#15 187.6   Downloaded static_assertions v1.1.0
#15 187.6   Downloaded lock_api v0.4.12
#15 187.6   Downloaded equivalent v1.0.1
#15 187.6   Downloaded ascii-canvas v3.0.0
#15 187.6   Downloaded form_urlencoded v1.2.1
#15 187.6   Downloaded dashmap v5.5.3
#15 187.6   Downloaded dirs-next v2.0.0
#15 187.6   Downloaded pin-project v1.1.5
#15 187.6   Downloaded tinyvec_macros v0.1.1
#15 187.6   Downloaded parking_lot v0.12.3
#15 187.6   Downloaded heck v0.3.3
#15 187.6   Downloaded ripemd v0.1.3
#15 187.6   Downloaded digest v0.9.0
#15 187.6   Downloaded tower-layer v0.3.2
#15 187.6   Downloaded thiserror-impl v1.0.63
#15 187.6   Downloaded handlebars v4.5.0
#15 187.6   Downloaded ink_primitives v4.3.0
#15 187.6   Downloaded fixedbitset v0.4.2
#15 187.6   Downloaded percent-encoding v2.3.1
#15 187.6   Downloaded num-integer v0.1.46
#15 187.7   Downloaded paste v1.0.15
#15 187.7   Downloaded lazy_static v1.5.0
#15 187.7   Downloaded num-traits v0.2.19
#15 187.7   Downloaded ink_prelude v4.3.0
#15 187.7   Downloaded futures-sink v0.3.30
#15 187.7   Downloaded ena v0.14.3
#15 187.7   Downloaded humantime v2.1.0
#15 187.7   Downloaded fnv v1.0.7
#15 187.7   Downloaded funty v2.0.0
#15 187.7   Downloaded futures-io v0.3.30
#15 187.7   Downloaded phf v0.11.2
#15 187.7   Downloaded parse-display-derive v0.8.2
#15 187.7   Downloaded pin-utils v0.1.0
#15 187.7   Downloaded rand_core v0.6.4
#15 187.7   Downloaded fastrand v2.1.0
#15 187.7   Downloaded impl-trait-for-tuples v0.2.2
#15 187.7   Downloaded subtle v2.6.1
#15 187.7   Downloaded tower-service v0.3.2
#15 187.7   Downloaded xxhash-rust v0.8.12
#15 187.7   Downloaded termcolor v1.4.1
#15 187.7   Downloaded version_check v0.9.5
#15 187.7   Downloaded strsim v0.11.1
#15 187.7   Downloaded serde_repr v0.1.19
#15 187.7   Downloaded unicode-xid v0.2.4
#15 187.7   Downloaded synstructure v0.13.1
#15 187.7   Downloaded darling v0.14.4
#15 187.7   Downloaded tempfile v3.10.1
#15 187.7   Downloaded term v0.7.0
#15 187.8   Downloaded ink_macro v4.3.0
#15 187.8   Downloaded utf8parse v0.2.2
#15 187.8   Downloaded tokio-macros v2.4.0
#15 187.8   Downloaded tiny-keccak v2.0.2
#15 187.8   Downloaded ink v4.3.0
#15 187.8   Downloaded pest_meta v2.7.11
#15 187.8   Downloaded num-rational v0.4.2
#15 187.8   Downloaded typenum v1.17.0
#15 187.8   Downloaded semver v1.0.23
#15 187.8   Downloaded string_cache v0.8.7
#15 187.8   Downloaded scale-info-derive v2.11.3
#15 187.8   Downloaded tracing-attributes v0.1.27
#15 187.8   Downloaded toml_datetime v0.6.8
#15 187.8   Downloaded getrandom v0.2.15
#15 187.8   Downloaded lsp-types v0.93.2
#15 187.8   Downloaded tower-lsp-macros v0.7.0
#15 187.8   Downloaded tinyvec v1.8.0
#15 187.8   Downloaded quote v1.0.36
#15 187.8   Downloaded pest_derive v2.7.11
#15 187.8   Downloaded pin-project-internal v1.1.5
#15 187.8   Downloaded once_cell v1.19.0
#15 187.8   Downloaded ink_codegen v4.3.0
#15 187.8   Downloaded thiserror v1.0.63
#15 187.9   Downloaded yansi v0.5.1
#15 187.9   Downloaded wyz v0.5.1
#15 187.9   Downloaded indexmap v1.9.3
#15 187.9   Downloaded codespan-reporting v0.11.1
#15 187.9   Downloaded scale-info v2.11.3
#15 187.9   Downloaded tracing-core v0.1.32
#15 187.9   Downloaded clap_builder v4.5.11
#15 187.9   Downloaded ink_env v4.3.0
#15 187.9   Downloaded clap_complete v4.5.11
#15 187.9   Downloaded sha2 v0.10.8
#15 187.9   Downloaded structmeta-derive v0.2.0
#15 187.9   Downloaded ucd-trie v0.1.6
#15 187.9   Downloaded unicode-ident v1.0.12
#15 187.9   Downloaded parking_lot_core v0.9.10
#15 187.9   Downloaded siphasher v0.3.11
#15 187.9   Downloaded hashbrown v0.14.5
#15 188.0   Downloaded smallvec v1.13.2
#15 188.0   Downloaded memchr v2.7.4
#15 188.0   Downloaded serde v1.0.204
#15 188.0   Downloaded impl-serde v0.4.0
#15 188.0   Downloaded derive_more v0.99.18
#15 188.0   Downloaded futures-channel v0.3.30
#15 188.0   Downloaded arrayvec v0.4.12
#15 188.0   Downloaded radium v0.7.0
#15 188.0   Downloaded scale-decode v0.9.0
#15 188.0   Downloaded ryu v1.0.18
#15 188.0   Downloaded zerocopy-derive v0.7.35
#15 188.0   Downloaded hashbrown v0.12.3
#15 188.0   Downloaded rust-lapper v1.1.0
#15 188.0   Downloaded proc-macro2 v1.0.86
#15 188.0   Downloaded rand_chacha v0.3.1
#15 188.0   Downloaded parity-wasm v0.45.0
#15 188.1   Downloaded ppv-lite86 v0.2.19
#15 188.1   Downloaded unicode-bidi v0.3.15
#15 188.1   Downloaded tower v0.4.13
#15 188.1   Downloaded serde_derive v1.0.204
#15 188.1   Downloaded aho-corasick v1.1.3
#15 188.1   Downloaded ink_storage v4.3.0
#15 188.1   Downloaded toml_edit v0.21.1
#15 188.2   Downloaded parity-scale-codec v3.6.12
#15 188.2   Downloaded hex v0.4.3
#15 188.2   Downloaded cc v1.1.7
#15 188.2   Downloaded scale-bits v0.4.0
#15 188.2   Downloaded num-bigint v0.4.6
#15 188.2   Downloaded bitvec v1.0.1
#15 188.2   Downloaded futures-macro v0.3.30
#15 188.2   Downloaded unicode-normalization v0.1.23
#15 188.2   Downloaded heck v0.4.1
#15 188.2   Downloaded winnow v0.5.40
#15 188.2   Downloaded url v2.5.2
#15 188.3   Downloaded futures-util v0.3.30
#15 188.3   Downloaded secp256k1 v0.27.0
#15 188.3   Downloaded tokio-util v0.7.11
#15 188.3   Downloaded zerocopy v0.7.35
#15 188.3   Downloaded rand v0.8.5
#15 188.3   Downloaded itertools v0.10.5
#15 188.4   Downloaded either v1.13.0
#15 188.4   Downloaded tracing v0.1.40
#15 188.4   Downloaded tower-lsp v0.18.0
#15 188.4   Downloaded idna v0.5.0
#15 188.4   Downloaded toml_edit v0.19.15
#15 188.4   Downloaded unicode-segmentation v1.11.0
#15 188.4   Downloaded unicode-width v0.1.13
#15 188.5   Downloaded tokio v1.39.2
#15 188.5   Downloaded serde_json v1.0.121
#15 188.6   Downloaded pest v2.7.11
#15 188.6   Downloaded inkwell v0.1.1
#15 188.6   Downloaded lalrpop v0.19.12
#15 188.6   Downloaded syn v2.0.72
#15 188.6   Downloaded syn v1.0.109
#15 188.7   Downloaded regex v1.10.5
#15 188.7   Downloaded regex-syntax v0.6.29
#15 188.7   Downloaded regex-syntax v0.7.5
#15 188.7   Downloaded rustix v0.38.34
#15 188.8   Downloaded regex-syntax v0.8.4
#15 188.8   Downloaded regex-automata v0.4.7
#15 188.8   Downloaded libc v0.2.155
#15 188.9   Downloaded petgraph v0.6.5
#15 188.9   Downloaded sha3 v0.10.8
#15 188.9   Downloaded linux-raw-sys v0.4.14
#15 189.0   Downloaded secp256k1-sys v0.8.1
#15 189.2 error: package `toml_edit v0.19.15` cannot be built because it requires rustc 1.66.0 or newer, while the currently active rustc version is 1.64.0
#15 ERROR: process "/bin/sh -c cargo build --release" did not complete successfully: exit code: 101
------
 > [builder 8/8] RUN cargo build --release:
188.7   Downloaded regex-syntax v0.7.5
188.7   Downloaded rustix v0.38.34
188.8   Downloaded regex-syntax v0.8.4
188.8   Downloaded regex-automata v0.4.7
188.8   Downloaded libc v0.2.155
188.9   Downloaded petgraph v0.6.5
188.9   Downloaded sha3 v0.10.8
188.9   Downloaded linux-raw-sys v0.4.14
189.0   Downloaded secp256k1-sys v0.8.1
189.2 error: package `toml_edit v0.19.15` cannot be built because it requires rustc 1.66.0 or newer, while the currently active rustc version is 1.64.0
------
v2_Dockerfile:11
--------------------
   9 |     
  10 |     WORKDIR /src
  11 | >>> RUN cargo build --release
  12 |     
  13 |     FROM ubuntu:20.04
--------------------
ERROR: failed to solve: process "/bin/sh -c cargo build --release" did not complete successfully: exit code: 101
Duration: 5:54.17