#0 building with "default" instance using docker driver

#1 [internal] load build definition from v1_Dockerfile
#1 ...

#2 [internal] load .dockerignore
#2 transferring context: 67B done
#2 DONE 0.3s

#1 [internal] load build definition from v1_Dockerfile
#1 transferring dockerfile: 284B done
#1 DONE 0.4s

#3 [internal] load metadata for docker.io/library/node:18
#3 DONE 1.1s

#4 [1/6] FROM docker.io/library/node:18@sha256:11b742eda0142d9ea809fad8c506cbcadb2802c7d4b32e044e6b976691df36b1
#4 resolve docker.io/library/node:18@sha256:11b742eda0142d9ea809fad8c506cbcadb2802c7d4b32e044e6b976691df36b1
#4 resolve docker.io/library/node:18@sha256:11b742eda0142d9ea809fad8c506cbcadb2802c7d4b32e044e6b976691df36b1 0.2s done
#4 sha256:11b742eda0142d9ea809fad8c506cbcadb2802c7d4b32e044e6b976691df36b1 6.41kB / 6.41kB done
#4 sha256:f3ca8be52c6d31bebc2b2def223b67c19c538f6eacbf7b55a0e6bff1360b4e93 2.49kB / 2.49kB done
#4 sha256:15babc4ad7bdaf6527a23f986ddcf88373728a1bb33afd0f1fc23bda1693f009 6.55kB / 6.55kB done
#4 sha256:ca4e5d6727252f0dbc207fbf283cb95e278bf562bda42d35ce6c919583a110a0 0B / 49.55MB 0.1s
#4 sha256:30b93c12a9c9326732b35d9e3ebe57148abe33f8fa6e25ab76867410b0ccf876 0B / 24.05MB 0.1s
#4 sha256:ca4e5d6727252f0dbc207fbf283cb95e278bf562bda42d35ce6c919583a110a0 6.29MB / 49.55MB 0.3s
#4 sha256:10d643a5fa823cd013a108b2076f4d2edf1b2a921f863b533e83ea5ed8d09bd4 0B / 64.14MB 0.3s
#4 sha256:ca4e5d6727252f0dbc207fbf283cb95e278bf562bda42d35ce6c919583a110a0 10.49MB / 49.55MB 0.5s
#4 sha256:30b93c12a9c9326732b35d9e3ebe57148abe33f8fa6e25ab76867410b0ccf876 2.10MB / 24.05MB 0.5s
#4 sha256:30b93c12a9c9326732b35d9e3ebe57148abe33f8fa6e25ab76867410b0ccf876 5.24MB / 24.05MB 0.5s
#4 sha256:10d643a5fa823cd013a108b2076f4d2edf1b2a921f863b533e83ea5ed8d09bd4 7.34MB / 64.14MB 0.5s
#4 sha256:ca4e5d6727252f0dbc207fbf283cb95e278bf562bda42d35ce6c919583a110a0 14.68MB / 49.55MB 0.6s
#4 sha256:30b93c12a9c9326732b35d9e3ebe57148abe33f8fa6e25ab76867410b0ccf876 10.49MB / 24.05MB 0.6s
#4 sha256:10d643a5fa823cd013a108b2076f4d2edf1b2a921f863b533e83ea5ed8d09bd4 12.58MB / 64.14MB 0.6s
#4 sha256:ca4e5d6727252f0dbc207fbf283cb95e278bf562bda42d35ce6c919583a110a0 19.92MB / 49.55MB 0.8s
#4 sha256:30b93c12a9c9326732b35d9e3ebe57148abe33f8fa6e25ab76867410b0ccf876 17.83MB / 24.05MB 0.8s
#4 sha256:10d643a5fa823cd013a108b2076f4d2edf1b2a921f863b533e83ea5ed8d09bd4 23.07MB / 64.14MB 0.8s
#4 sha256:30b93c12a9c9326732b35d9e3ebe57148abe33f8fa6e25ab76867410b0ccf876 20.97MB / 24.05MB 1.0s
#4 sha256:ca4e5d6727252f0dbc207fbf283cb95e278bf562bda42d35ce6c919583a110a0 29.36MB / 49.55MB 1.2s
#4 sha256:30b93c12a9c9326732b35d9e3ebe57148abe33f8fa6e25ab76867410b0ccf876 24.05MB / 24.05MB 1.2s
#4 sha256:10d643a5fa823cd013a108b2076f4d2edf1b2a921f863b533e83ea5ed8d09bd4 35.65MB / 64.14MB 1.2s
#4 sha256:ca4e5d6727252f0dbc207fbf283cb95e278bf562bda42d35ce6c919583a110a0 33.55MB / 49.55MB 1.3s
#4 sha256:10d643a5fa823cd013a108b2076f4d2edf1b2a921f863b533e83ea5ed8d09bd4 42.99MB / 64.14MB 1.3s
#4 sha256:ca4e5d6727252f0dbc207fbf283cb95e278bf562bda42d35ce6c919583a110a0 40.17MB / 49.55MB 1.4s
#4 sha256:30b93c12a9c9326732b35d9e3ebe57148abe33f8fa6e25ab76867410b0ccf876 24.05MB / 24.05MB 1.4s done
#4 sha256:10d643a5fa823cd013a108b2076f4d2edf1b2a921f863b533e83ea5ed8d09bd4 53.48MB / 64.14MB 1.4s
#4 ...

#5 [internal] load build context
#5 transferring context: 99.12MB 1.1s done
#5 DONE 1.8s

#4 [1/6] FROM docker.io/library/node:18@sha256:11b742eda0142d9ea809fad8c506cbcadb2802c7d4b32e044e6b976691df36b1
#4 sha256:ca4e5d6727252f0dbc207fbf283cb95e278bf562bda42d35ce6c919583a110a0 47.19MB / 49.55MB 1.6s
#4 sha256:10d643a5fa823cd013a108b2076f4d2edf1b2a921f863b533e83ea5ed8d09bd4 64.14MB / 64.14MB 1.6s
#4 sha256:d6dc1019d7935fe82827434da11bf96cf14e24979f8155e73b794286f10b7f05 0B / 211.24MB 1.6s
#4 sha256:d6dc1019d7935fe82827434da11bf96cf14e24979f8155e73b794286f10b7f05 20.97MB / 211.24MB 2.0s
#4 sha256:d6dc1019d7935fe82827434da11bf96cf14e24979f8155e73b794286f10b7f05 41.94MB / 211.24MB 2.3s
#4 sha256:d6dc1019d7935fe82827434da11bf96cf14e24979f8155e73b794286f10b7f05 53.48MB / 211.24MB 2.7s
#4 sha256:10d643a5fa823cd013a108b2076f4d2edf1b2a921f863b533e83ea5ed8d09bd4 64.14MB / 64.14MB 2.7s done
#4 sha256:d6dc1019d7935fe82827434da11bf96cf14e24979f8155e73b794286f10b7f05 68.16MB / 211.24MB 3.0s
#4 sha256:d6dc1019d7935fe82827434da11bf96cf14e24979f8155e73b794286f10b7f05 80.74MB / 211.24MB 3.3s
#4 sha256:ca4e5d6727252f0dbc207fbf283cb95e278bf562bda42d35ce6c919583a110a0 49.55MB / 49.55MB 3.5s done
#4 sha256:d6dc1019d7935fe82827434da11bf96cf14e24979f8155e73b794286f10b7f05 92.27MB / 211.24MB 3.6s
#4 extracting sha256:ca4e5d6727252f0dbc207fbf283cb95e278bf562bda42d35ce6c919583a110a0 0.1s
#4 sha256:fbd00590c34c61e801fe6341654a1ab480240f474c5df6722be6398aec81b29a 0B / 3.32kB 3.6s
#4 sha256:fbd00590c34c61e801fe6341654a1ab480240f474c5df6722be6398aec81b29a 3.32kB / 3.32kB 3.8s done
#4 sha256:e07d5c9729b7d4fe2d55cac8d3400a6f1ce12093cf24e352fde3c8c93fb4fa7f 2.10MB / 45.64MB 3.8s
#4 sha256:e07d5c9729b7d4fe2d55cac8d3400a6f1ce12093cf24e352fde3c8c93fb4fa7f 7.34MB / 45.64MB 3.9s
#4 sha256:13816e9c8051f4fd87f62f825f00e6a15a4a4fa487b93e7174c6336dc831dcfe 0B / 1.25MB 3.9s
#4 sha256:d6dc1019d7935fe82827434da11bf96cf14e24979f8155e73b794286f10b7f05 106.95MB / 211.24MB 4.0s
#4 sha256:e07d5c9729b7d4fe2d55cac8d3400a6f1ce12093cf24e352fde3c8c93fb4fa7f 11.53MB / 45.64MB 4.0s
#4 sha256:e07d5c9729b7d4fe2d55cac8d3400a6f1ce12093cf24e352fde3c8c93fb4fa7f 15.73MB / 45.64MB 4.1s
#4 sha256:13816e9c8051f4fd87f62f825f00e6a15a4a4fa487b93e7174c6336dc831dcfe 1.25MB / 1.25MB 4.1s done
#4 sha256:d6dc1019d7935fe82827434da11bf96cf14e24979f8155e73b794286f10b7f05 119.54MB / 211.24MB 4.2s
#4 sha256:e07d5c9729b7d4fe2d55cac8d3400a6f1ce12093cf24e352fde3c8c93fb4fa7f 20.97MB / 45.64MB 4.2s
#4 sha256:845e69c60859f917267a9f374205ea5ebd486943595be92dcc75accab6c98164 0B / 445B 4.2s
#4 sha256:e07d5c9729b7d4fe2d55cac8d3400a6f1ce12093cf24e352fde3c8c93fb4fa7f 25.17MB / 45.64MB 4.3s
#4 sha256:845e69c60859f917267a9f374205ea5ebd486943595be92dcc75accab6c98164 445B / 445B 4.3s
#4 sha256:d6dc1019d7935fe82827434da11bf96cf14e24979f8155e73b794286f10b7f05 139.46MB / 211.24MB 4.5s
#4 sha256:e07d5c9729b7d4fe2d55cac8d3400a6f1ce12093cf24e352fde3c8c93fb4fa7f 33.55MB / 45.64MB 4.5s
#4 sha256:845e69c60859f917267a9f374205ea5ebd486943595be92dcc75accab6c98164 445B / 445B 4.4s done
#4 sha256:e07d5c9729b7d4fe2d55cac8d3400a6f1ce12093cf24e352fde3c8c93fb4fa7f 36.70MB / 45.64MB 4.6s
#4 sha256:d6dc1019d7935fe82827434da11bf96cf14e24979f8155e73b794286f10b7f05 152.04MB / 211.24MB 4.7s
#4 sha256:e07d5c9729b7d4fe2d55cac8d3400a6f1ce12093cf24e352fde3c8c93fb4fa7f 41.94MB / 45.64MB 4.8s
#4 sha256:d6dc1019d7935fe82827434da11bf96cf14e24979f8155e73b794286f10b7f05 175.11MB / 211.24MB 5.0s
#4 sha256:e07d5c9729b7d4fe2d55cac8d3400a6f1ce12093cf24e352fde3c8c93fb4fa7f 45.64MB / 45.64MB 5.0s
#4 sha256:d6dc1019d7935fe82827434da11bf96cf14e24979f8155e73b794286f10b7f05 187.70MB / 211.24MB 5.2s
#4 sha256:d6dc1019d7935fe82827434da11bf96cf14e24979f8155e73b794286f10b7f05 204.47MB / 211.24MB 5.4s
#4 sha256:e07d5c9729b7d4fe2d55cac8d3400a6f1ce12093cf24e352fde3c8c93fb4fa7f 45.64MB / 45.64MB 6.8s done
#4 extracting sha256:ca4e5d6727252f0dbc207fbf283cb95e278bf562bda42d35ce6c919583a110a0 3.4s done
#4 sha256:d6dc1019d7935fe82827434da11bf96cf14e24979f8155e73b794286f10b7f05 211.24MB / 211.24MB 10.1s done
#4 extracting sha256:30b93c12a9c9326732b35d9e3ebe57148abe33f8fa6e25ab76867410b0ccf876
#4 extracting sha256:30b93c12a9c9326732b35d9e3ebe57148abe33f8fa6e25ab76867410b0ccf876 1.1s done
#4 extracting sha256:10d643a5fa823cd013a108b2076f4d2edf1b2a921f863b533e83ea5ed8d09bd4
#4 extracting sha256:10d643a5fa823cd013a108b2076f4d2edf1b2a921f863b533e83ea5ed8d09bd4 3.9s done
#4 extracting sha256:d6dc1019d7935fe82827434da11bf96cf14e24979f8155e73b794286f10b7f05
#4 extracting sha256:d6dc1019d7935fe82827434da11bf96cf14e24979f8155e73b794286f10b7f05 5.0s
#4 extracting sha256:d6dc1019d7935fe82827434da11bf96cf14e24979f8155e73b794286f10b7f05 10.0s
#4 extracting sha256:d6dc1019d7935fe82827434da11bf96cf14e24979f8155e73b794286f10b7f05 11.9s done
#4 extracting sha256:fbd00590c34c61e801fe6341654a1ab480240f474c5df6722be6398aec81b29a
#4 extracting sha256:fbd00590c34c61e801fe6341654a1ab480240f474c5df6722be6398aec81b29a done
#4 extracting sha256:e07d5c9729b7d4fe2d55cac8d3400a6f1ce12093cf24e352fde3c8c93fb4fa7f
#4 extracting sha256:e07d5c9729b7d4fe2d55cac8d3400a6f1ce12093cf24e352fde3c8c93fb4fa7f 3.2s done
#4 extracting sha256:13816e9c8051f4fd87f62f825f00e6a15a4a4fa487b93e7174c6336dc831dcfe
#4 extracting sha256:13816e9c8051f4fd87f62f825f00e6a15a4a4fa487b93e7174c6336dc831dcfe 0.2s done
#4 extracting sha256:845e69c60859f917267a9f374205ea5ebd486943595be92dcc75accab6c98164
#4 extracting sha256:845e69c60859f917267a9f374205ea5ebd486943595be92dcc75accab6c98164 done
#4 DONE 42.0s

#6 [2/6] RUN mkdir -p /usr/src/app
#6 DONE 22.8s

#7 [3/6] WORKDIR /usr/src/app
#7 DONE 0.5s

#8 [4/6] COPY package.json /usr/src/app/
#8 DONE 0.4s

#9 [5/6] RUN yarn install
#9 1.051 yarn install v1.22.19
#9 1.081 info No lockfile found.
#9 1.092 [1/4] Resolving packages...
#9 10.29 warning @google-cloud/translate > google-gax > protobufjs-cli > glob@8.1.0: Glob versions prior to v9 are no longer supported
#9 10.45 warning @google-cloud/translate > google-gax > protobufjs-cli > glob > inflight@1.0.6: This module is not supported, and leaks memory. Do not use it. Check out lru-cache if you want a good and tested way to coalesce async requests by a key value, which is much more comprehensive and powerful.
#9 10.64 warning @google-cloud/translate > google-gax > google-auth-library > gtoken > google-p12-pem@4.0.1: Package is no longer maintained
#9 15.48 warning cssnano > cssnano-preset-default > postcss-svgo > svgo > stable@0.1.8: Modern JS already guarantees Array#sort() is a stable sort, so this library is deprecated. See the compatibility table on MDN: https://developer.mozilla.org/en-US/docs/Web/JavaScript/Reference/Global_Objects/Array/sort#browser_compatibility
#9 16.08 warning eslint > @humanwhocodes/config-array@0.11.14: Use @eslint/config-array instead
#9 16.18 warning eslint > file-entry-cache > flat-cache > rimraf@3.0.2: Rimraf versions prior to v4 are no longer supported
#9 16.18 warning eslint > file-entry-cache > flat-cache > rimraf > glob@7.2.3: Glob versions prior to v9 are no longer supported
#9 16.18 warning eslint > file-entry-cache > flat-cache > rimraf > glob > inflight@1.0.6: This module is not supported, and leaks memory. Do not use it. Check out lru-cache if you want a good and tested way to coalesce async requests by a key value, which is much more comprehensive and powerful.
#9 16.23 warning eslint > @humanwhocodes/config-array > @humanwhocodes/object-schema@2.0.3: Use @eslint/object-schema instead
#9 19.11 warning fork-ts-checker-webpack-plugin > glob@7.2.3: Glob versions prior to v9 are no longer supported
#9 19.16 warning fork-ts-checker-webpack-plugin > memfs@3.6.0: this will be v4
#9 19.35 warning gulp > glob-watcher > chokidar@2.1.8: Chokidar 2 does not receive security updates since 2019. Upgrade to chokidar 3 with 15x fewer dependencies
#9 19.36 warning gulp > glob-watcher > chokidar > fsevents@1.2.13: The v1 package contains DANGEROUS / INSECURE binaries. Upgrade to safe fsevents v2
#9 19.65 warning gulp > vinyl-fs > glob-stream > glob@7.2.3: Glob versions prior to v9 are no longer supported
#9 19.96 warning gulp > glob-watcher > anymatch > micromatch > snapdragon > source-map-resolve@0.5.3: See https://github.com/lydell/source-map-resolve#deprecated
#9 20.30 warning gulp > glob-watcher > anymatch > micromatch > snapdragon > source-map-resolve > source-map-url@0.4.1: See https://github.com/lydell/source-map-url#deprecated
#9 20.30 warning gulp > glob-watcher > anymatch > micromatch > snapdragon > source-map-resolve > resolve-url@0.2.1: https://github.com/lydell/resolve-url#deprecated
#9 20.31 warning gulp > vinyl-fs > glob-stream > unique-stream > through2-filter@3.1.0: this package has been deprecated for breaking semver major
#9 20.31 warning gulp > glob-watcher > anymatch > micromatch > snapdragon > source-map-resolve > urix@0.1.0: Please see https://github.com/lydell/urix#deprecated
#9 21.41 warning gulp-postcss@9.1.0: Republished as 10.0.0 to follow the semver spec
#9 21.60 warning gulp-sourcemaps > css > source-map-resolve@0.5.3: See https://github.com/lydell/source-map-resolve#deprecated
#9 21.60 warning gulp-sourcemaps > css > urix@0.1.0: Please see https://github.com/lydell/urix#deprecated
#9 21.79 warning gulp-stylus > accord > glob@7.2.3: Glob versions prior to v9 are no longer supported
#9 21.81 warning gulp-stylus > stylus > glob@7.2.3: Glob versions prior to v9 are no longer supported
#9 22.50 warning jest > @jest/core > rimraf@3.0.2: Rimraf versions prior to v4 are no longer supported
#9 22.54 warning jest > jest-cli > jest-config > glob@7.2.3: Glob versions prior to v9 are no longer supported
#9 22.64 warning jest > @jest/core > jest-runtime > glob@7.2.3: Glob versions prior to v9 are no longer supported
#9 22.68 warning jest > @jest/core > @jest/reporters > glob@7.2.3: Glob versions prior to v9 are no longer supported
#9 22.89 warning jest > @jest/core > jest-haste-map > sane@4.1.0: some dependency vulnerabilities fixed, support for node < 10 dropped, and newer ECMAScript syntax/features added
#9 23.44 warning jest > @jest/core > @jest/transform > babel-plugin-istanbul > test-exclude > glob@7.2.3: Glob versions prior to v9 are no longer supported
#9 23.52 warning jest > jest-cli > jest-config > jest-environment-jsdom > jsdom > abab@2.0.6: Use your platform's native atob() and btoa() methods instead
#9 23.53 warning jest > jest-cli > jest-config > jest-environment-jsdom > jsdom > data-urls > abab@2.0.6: Use your platform's native atob() and btoa() methods instead
#9 23.55 warning jest > jest-cli > jest-config > jest-environment-jsdom > jsdom > w3c-hr-time@1.0.2: Use your platform's native performance.now() and performance.timeOrigin.
#9 23.58 warning jest > jest-cli > jest-config > jest-environment-jsdom > jsdom > domexception@2.0.1: Use your platform's native DOMException instead
#9 24.81 warning stylus > glob@7.2.3: Glob versions prior to v9 are no longer supported
#9 25.51 warning tslint@6.1.3: TSLint has been deprecated in favor of ESLint. Please see https://github.com/palantir/tslint/issues/4534 for more information.
#9 25.52 warning tslint > glob@7.2.3: Glob versions prior to v9 are no longer supported
#9 26.79 [2/4] Fetching packages...
#9 52.97 [3/4] Linking dependencies...
#9 52.98 warning " > react-number-format@3.6.2" has incorrect peer dependency "@types/react@^0.14 || ^15.0.0-rc || ^15.0.0 || ^16.0.0-rc || ^16.0.0".
#9 52.98 warning " > react-number-format@3.6.2" has incorrect peer dependency "react@^0.14 || ^15.0.0-rc || ^15.0.0 || ^16.0.0-rc || ^16.0.0".
#9 52.98 warning " > react-number-format@3.6.2" has incorrect peer dependency "react-dom@^0.14 || ^15.0.0-rc || ^15.0.0 || ^16.0.0-rc || ^16.0.0".
#9 52.98 warning " > react-switch@5.0.1" has incorrect peer dependency "react@^15.3.0 || ^16.0.0".
#9 52.98 warning " > react-switch@5.0.1" has incorrect peer dependency "react-dom@^15.3.0 || ^16.0.0".
#9 52.98 warning " > react-table@6.11.5" has incorrect peer dependency "react@^16.x.x".
#9 52.98 warning " > react-table@6.11.5" has incorrect peer dependency "react-dom@^16.x.x".
#9 78.35 [4/4] Building fresh packages...
#9 79.10 success Saved lockfile.
#9 79.11 Done in 78.07s.
#9 DONE 98.0s

#10 [6/6] COPY . /usr/src/app
#10 DONE 4.6s

#11 exporting to image
#11 exporting layers
#11 exporting layers 14.1s done
#11 writing image sha256:7bdb17d76936fc530a72446b8a67b969f7726cc442456c32826f020198b20aa4 0.0s done
#11 naming to docker.io/library/image_name_v1_1 0.0s done
#11 DONE 14.2s
Duration: 3:4.66