#0 building with "default" instance using docker driver

#1 [internal] load build definition from v1_Dockerfile
#1 transferring dockerfile: 657B done
#1 DONE 0.0s

#2 [internal] load metadata for docker.io/klokantech/tileserver-gl:v2.3.0
#2 ...

#3 [auth] klokantech/tileserver-gl:pull token for registry-1.docker.io
#3 DONE 0.0s

#2 [internal] load metadata for docker.io/klokantech/tileserver-gl:v2.3.0
#2 DONE 0.9s

#4 [internal] load .dockerignore
#4 transferring context: 146B done
#4 DONE 0.0s

#5 [internal] load build context
#5 transferring context: 1.31kB done
#5 DONE 0.0s

#6 [1/7] FROM docker.io/klokantech/tileserver-gl:v2.3.0@sha256:3fbb96894769495f498db1e84b6eaa8eae7556fdee1da4e980412ed5279c53d8
#6 resolve docker.io/klokantech/tileserver-gl:v2.3.0@sha256:3fbb96894769495f498db1e84b6eaa8eae7556fdee1da4e980412ed5279c53d8 0.0s done
#6 sha256:fdfb54153de72cf4a3cc0efc63ce86aadbf20ce22441eca2cc9aa395b91e3cf1 0B / 11.11MB 0.1s
#6 sha256:a4ca6e73242a7c306a8175afdd4a7d648b35a5dd19523401e6ebb8f903fa0edc 0B / 4.34MB 0.1s
#6 sha256:3e17c6eae66cd23c59751c8d8f5eaf7044e0611dc5cebb12b1273be07cdac242 0B / 45.13MB 0.1s
#6 sha256:3fbb96894769495f498db1e84b6eaa8eae7556fdee1da4e980412ed5279c53d8 3.27kB / 3.27kB done
#6 sha256:600f715e04bf4f8c156dce1d3fe8a9e138a75cdb86f0b31f94d360a55d5e47fc 9.85kB / 9.85kB done
#6 sha256:fdfb54153de72cf4a3cc0efc63ce86aadbf20ce22441eca2cc9aa395b91e3cf1 6.29MB / 11.11MB 0.4s
#6 sha256:a4ca6e73242a7c306a8175afdd4a7d648b35a5dd19523401e6ebb8f903fa0edc 1.05MB / 4.34MB 0.4s
#6 sha256:3e17c6eae66cd23c59751c8d8f5eaf7044e0611dc5cebb12b1273be07cdac242 3.15MB / 45.13MB 0.4s
#6 sha256:fdfb54153de72cf4a3cc0efc63ce86aadbf20ce22441eca2cc9aa395b91e3cf1 11.11MB / 11.11MB 0.5s done
#6 sha256:a4ca6e73242a7c306a8175afdd4a7d648b35a5dd19523401e6ebb8f903fa0edc 4.34MB / 4.34MB 0.5s done
#6 sha256:3e17c6eae66cd23c59751c8d8f5eaf7044e0611dc5cebb12b1273be07cdac242 8.39MB / 45.13MB 0.6s
#6 sha256:93bd198d0a5f34c083f529767ffc7052e2754810db4a258db1c560ac4c523730 0B / 50.02MB 0.6s
#6 sha256:e0e31c1862427cfb8d8a464c7a91b059e914f511a2901cbf26ed269d0154ed6c 0B / 213.07MB 0.6s
#6 sha256:3e17c6eae66cd23c59751c8d8f5eaf7044e0611dc5cebb12b1273be07cdac242 11.53MB / 45.13MB 0.7s
#6 sha256:93bd198d0a5f34c083f529767ffc7052e2754810db4a258db1c560ac4c523730 6.29MB / 50.02MB 0.7s
#6 sha256:3e17c6eae66cd23c59751c8d8f5eaf7044e0611dc5cebb12b1273be07cdac242 15.73MB / 45.13MB 0.8s
#6 sha256:93bd198d0a5f34c083f529767ffc7052e2754810db4a258db1c560ac4c523730 9.44MB / 50.02MB 0.8s
#6 sha256:3e17c6eae66cd23c59751c8d8f5eaf7044e0611dc5cebb12b1273be07cdac242 25.17MB / 45.13MB 1.0s
#6 sha256:93bd198d0a5f34c083f529767ffc7052e2754810db4a258db1c560ac4c523730 17.83MB / 50.02MB 1.0s
#6 sha256:e0e31c1862427cfb8d8a464c7a91b059e914f511a2901cbf26ed269d0154ed6c 11.53MB / 213.07MB 1.0s
#6 sha256:3e17c6eae66cd23c59751c8d8f5eaf7044e0611dc5cebb12b1273be07cdac242 32.51MB / 45.13MB 1.2s
#6 sha256:93bd198d0a5f34c083f529767ffc7052e2754810db4a258db1c560ac4c523730 26.21MB / 50.02MB 1.2s
#6 sha256:3e17c6eae66cd23c59751c8d8f5eaf7044e0611dc5cebb12b1273be07cdac242 36.70MB / 45.13MB 1.3s
#6 sha256:93bd198d0a5f34c083f529767ffc7052e2754810db4a258db1c560ac4c523730 30.41MB / 50.02MB 1.3s
#6 sha256:3e17c6eae66cd23c59751c8d8f5eaf7044e0611dc5cebb12b1273be07cdac242 45.13MB / 45.13MB 1.5s
#6 sha256:93bd198d0a5f34c083f529767ffc7052e2754810db4a258db1c560ac4c523730 39.85MB / 50.02MB 1.5s
#6 sha256:e0e31c1862427cfb8d8a464c7a91b059e914f511a2901cbf26ed269d0154ed6c 29.36MB / 213.07MB 1.5s
#6 sha256:3e17c6eae66cd23c59751c8d8f5eaf7044e0611dc5cebb12b1273be07cdac242 45.13MB / 45.13MB 1.6s done
#6 sha256:93bd198d0a5f34c083f529767ffc7052e2754810db4a258db1c560ac4c523730 47.19MB / 50.02MB 1.6s
#6 sha256:93bd198d0a5f34c083f529767ffc7052e2754810db4a258db1c560ac4c523730 50.02MB / 50.02MB 1.7s
#6 extracting sha256:3e17c6eae66cd23c59751c8d8f5eaf7044e0611dc5cebb12b1273be07cdac242 0.1s
#6 sha256:a2569e3b80c072af7e7d52b006121b3d4afe7ab2455955948572d9fb92ee1cbb 0B / 4.17kB 1.7s
#6 sha256:93bd198d0a5f34c083f529767ffc7052e2754810db4a258db1c560ac4c523730 50.02MB / 50.02MB 1.8s done
#6 sha256:e0e31c1862427cfb8d8a464c7a91b059e914f511a2901cbf26ed269d0154ed6c 46.14MB / 213.07MB 1.8s
#6 sha256:a2569e3b80c072af7e7d52b006121b3d4afe7ab2455955948572d9fb92ee1cbb 4.17kB / 4.17kB 1.8s
#6 sha256:a2569e3b80c072af7e7d52b006121b3d4afe7ab2455955948572d9fb92ee1cbb 4.17kB / 4.17kB 1.8s done
#6 sha256:c2ea0931335383f8bd0e415840d96888abc8a24539acc09704f61ab9db61f986 0B / 113.58kB 1.9s
#6 sha256:ecb7f9b4a6aca31f617bdd03000c55e8a9b52014757c6df48699ebd7c31e2086 0B / 14.43MB 1.9s
#6 sha256:e0e31c1862427cfb8d8a464c7a91b059e914f511a2901cbf26ed269d0154ed6c 67.11MB / 213.07MB 2.1s
#6 sha256:c2ea0931335383f8bd0e415840d96888abc8a24539acc09704f61ab9db61f986 113.58kB / 113.58kB 1.9s done
#6 sha256:ecb7f9b4a6aca31f617bdd03000c55e8a9b52014757c6df48699ebd7c31e2086 7.34MB / 14.43MB 2.1s
#6 sha256:926ee460120897abee8ce1a3a18cc93793d0f3221cd91077486d8bd8f67039e1 1.01MB / 1.01MB 2.1s done
#6 sha256:9c118857f5884e912e5b016073442718e5c8f3d3a5cf1e4771437337a9492183 0B / 93B 2.1s
#6 sha256:ecb7f9b4a6aca31f617bdd03000c55e8a9b52014757c6df48699ebd7c31e2086 11.53MB / 14.43MB 2.2s
#6 sha256:9c118857f5884e912e5b016073442718e5c8f3d3a5cf1e4771437337a9492183 93B / 93B 2.2s done
#6 sha256:cee74f1524f59c66c1da50256a12b4b87ac8b5256aea78e07513a159b24c656b 0B / 58.34MB 2.2s
#6 sha256:e0e31c1862427cfb8d8a464c7a91b059e914f511a2901cbf26ed269d0154ed6c 81.79MB / 213.07MB 2.3s
#6 sha256:ecb7f9b4a6aca31f617bdd03000c55e8a9b52014757c6df48699ebd7c31e2086 14.43MB / 14.43MB 2.3s done
#6 sha256:cee74f1524f59c66c1da50256a12b4b87ac8b5256aea78e07513a159b24c656b 5.24MB / 58.34MB 2.4s
#6 sha256:61fd08aa6d623c5bb9fe0dcc713eb649cfd842943221c549f77a362b9b39827e 0B / 125B 2.4s
#6 sha256:cee74f1524f59c66c1da50256a12b4b87ac8b5256aea78e07513a159b24c656b 10.49MB / 58.34MB 2.5s
#6 sha256:61fd08aa6d623c5bb9fe0dcc713eb649cfd842943221c549f77a362b9b39827e 125B / 125B 2.4s done
#6 sha256:3657159c48351c4bf45a5f1e4be8d3d716e2a0e7f934a321e35b7e2419910772 0B / 1.71MB 2.5s
#6 sha256:e0e31c1862427cfb8d8a464c7a91b059e914f511a2901cbf26ed269d0154ed6c 98.57MB / 213.07MB 2.7s
#6 sha256:cee74f1524f59c66c1da50256a12b4b87ac8b5256aea78e07513a159b24c656b 22.02MB / 58.34MB 2.7s
#6 sha256:3657159c48351c4bf45a5f1e4be8d3d716e2a0e7f934a321e35b7e2419910772 1.71MB / 1.71MB 2.6s done
#6 sha256:ca67d11e1b156aacfce973e23d3f6c0e4d9678120e4da142ce54e968f57575b8 0B / 66.77MB 2.7s
#6 sha256:cee74f1524f59c66c1da50256a12b4b87ac8b5256aea78e07513a159b24c656b 26.21MB / 58.34MB 2.8s
#6 sha256:cee74f1524f59c66c1da50256a12b4b87ac8b5256aea78e07513a159b24c656b 30.41MB / 58.34MB 2.9s
#6 sha256:ca67d11e1b156aacfce973e23d3f6c0e4d9678120e4da142ce54e968f57575b8 7.34MB / 66.77MB 2.9s
#6 sha256:e0e31c1862427cfb8d8a464c7a91b059e914f511a2901cbf26ed269d0154ed6c 113.25MB / 213.07MB 3.0s
#6 sha256:cee74f1524f59c66c1da50256a12b4b87ac8b5256aea78e07513a159b24c656b 34.60MB / 58.34MB 3.0s
#6 sha256:cee74f1524f59c66c1da50256a12b4b87ac8b5256aea78e07513a159b24c656b 37.75MB / 58.34MB 3.1s
#6 sha256:ca67d11e1b156aacfce973e23d3f6c0e4d9678120e4da142ce54e968f57575b8 14.68MB / 66.77MB 3.1s
#6 sha256:cee74f1524f59c66c1da50256a12b4b87ac8b5256aea78e07513a159b24c656b 41.94MB / 58.34MB 3.2s
#6 sha256:e0e31c1862427cfb8d8a464c7a91b059e914f511a2901cbf26ed269d0154ed6c 126.88MB / 213.07MB 3.3s
#6 sha256:cee74f1524f59c66c1da50256a12b4b87ac8b5256aea78e07513a159b24c656b 45.09MB / 58.34MB 3.3s
#6 sha256:ca67d11e1b156aacfce973e23d3f6c0e4d9678120e4da142ce54e968f57575b8 20.97MB / 66.77MB 3.3s
#6 sha256:cee74f1524f59c66c1da50256a12b4b87ac8b5256aea78e07513a159b24c656b 49.28MB / 58.34MB 3.4s
#6 sha256:ca67d11e1b156aacfce973e23d3f6c0e4d9678120e4da142ce54e968f57575b8 25.17MB / 66.77MB 3.4s
#6 sha256:cee74f1524f59c66c1da50256a12b4b87ac8b5256aea78e07513a159b24c656b 52.43MB / 58.34MB 3.5s
#6 sha256:e0e31c1862427cfb8d8a464c7a91b059e914f511a2901cbf26ed269d0154ed6c 139.46MB / 213.07MB 3.6s
#6 sha256:cee74f1524f59c66c1da50256a12b4b87ac8b5256aea78e07513a159b24c656b 56.62MB / 58.34MB 3.6s
#6 sha256:ca67d11e1b156aacfce973e23d3f6c0e4d9678120e4da142ce54e968f57575b8 32.51MB / 66.77MB 3.6s
#6 sha256:cee74f1524f59c66c1da50256a12b4b87ac8b5256aea78e07513a159b24c656b 58.34MB / 58.34MB 3.8s done
#6 sha256:ca67d11e1b156aacfce973e23d3f6c0e4d9678120e4da142ce54e968f57575b8 44.04MB / 66.77MB 3.8s
#6 sha256:e0e31c1862427cfb8d8a464c7a91b059e914f511a2901cbf26ed269d0154ed6c 156.24MB / 213.07MB 3.9s
#6 sha256:ca67d11e1b156aacfce973e23d3f6c0e4d9678120e4da142ce54e968f57575b8 50.33MB / 66.77MB 3.9s
#6 sha256:ca67d11e1b156aacfce973e23d3f6c0e4d9678120e4da142ce54e968f57575b8 57.67MB / 66.77MB 4.0s
#6 sha256:e0e31c1862427cfb8d8a464c7a91b059e914f511a2901cbf26ed269d0154ed6c 171.97MB / 213.07MB 4.2s
#6 sha256:ca67d11e1b156aacfce973e23d3f6c0e4d9678120e4da142ce54e968f57575b8 66.77MB / 66.77MB 4.2s
#6 sha256:e0e31c1862427cfb8d8a464c7a91b059e914f511a2901cbf26ed269d0154ed6c 185.60MB / 213.07MB 4.4s
#6 sha256:ca67d11e1b156aacfce973e23d3f6c0e4d9678120e4da142ce54e968f57575b8 66.77MB / 66.77MB 4.3s done
#6 sha256:e0e31c1862427cfb8d8a464c7a91b059e914f511a2901cbf26ed269d0154ed6c 197.13MB / 213.07MB 4.5s
#6 sha256:e0e31c1862427cfb8d8a464c7a91b059e914f511a2901cbf26ed269d0154ed6c 213.07MB / 213.07MB 4.7s
#6 extracting sha256:3e17c6eae66cd23c59751c8d8f5eaf7044e0611dc5cebb12b1273be07cdac242 3.2s done
#6 extracting sha256:fdfb54153de72cf4a3cc0efc63ce86aadbf20ce22441eca2cc9aa395b91e3cf1
#6 sha256:e0e31c1862427cfb8d8a464c7a91b059e914f511a2901cbf26ed269d0154ed6c 213.07MB / 213.07MB 5.4s done
#6 extracting sha256:fdfb54153de72cf4a3cc0efc63ce86aadbf20ce22441eca2cc9aa395b91e3cf1 0.7s done
#6 extracting sha256:a4ca6e73242a7c306a8175afdd4a7d648b35a5dd19523401e6ebb8f903fa0edc 0.1s
#6 extracting sha256:a4ca6e73242a7c306a8175afdd4a7d648b35a5dd19523401e6ebb8f903fa0edc 0.1s done
#6 extracting sha256:93bd198d0a5f34c083f529767ffc7052e2754810db4a258db1c560ac4c523730
#6 extracting sha256:93bd198d0a5f34c083f529767ffc7052e2754810db4a258db1c560ac4c523730 3.0s done
#6 extracting sha256:e0e31c1862427cfb8d8a464c7a91b059e914f511a2901cbf26ed269d0154ed6c
#6 extracting sha256:e0e31c1862427cfb8d8a464c7a91b059e914f511a2901cbf26ed269d0154ed6c 5.0s
#6 extracting sha256:e0e31c1862427cfb8d8a464c7a91b059e914f511a2901cbf26ed269d0154ed6c 10.1s
#6 extracting sha256:e0e31c1862427cfb8d8a464c7a91b059e914f511a2901cbf26ed269d0154ed6c 10.3s done
#6 extracting sha256:a2569e3b80c072af7e7d52b006121b3d4afe7ab2455955948572d9fb92ee1cbb
#6 extracting sha256:a2569e3b80c072af7e7d52b006121b3d4afe7ab2455955948572d9fb92ee1cbb done
#6 extracting sha256:c2ea0931335383f8bd0e415840d96888abc8a24539acc09704f61ab9db61f986 done
#6 extracting sha256:ecb7f9b4a6aca31f617bdd03000c55e8a9b52014757c6df48699ebd7c31e2086 0.1s
#6 extracting sha256:ecb7f9b4a6aca31f617bdd03000c55e8a9b52014757c6df48699ebd7c31e2086 1.6s done
#6 extracting sha256:926ee460120897abee8ce1a3a18cc93793d0f3221cd91077486d8bd8f67039e1
#6 extracting sha256:926ee460120897abee8ce1a3a18cc93793d0f3221cd91077486d8bd8f67039e1 0.0s done
#6 extracting sha256:9c118857f5884e912e5b016073442718e5c8f3d3a5cf1e4771437337a9492183 done
#6 extracting sha256:cee74f1524f59c66c1da50256a12b4b87ac8b5256aea78e07513a159b24c656b
#6 extracting sha256:cee74f1524f59c66c1da50256a12b4b87ac8b5256aea78e07513a159b24c656b 1.9s done
#6 extracting sha256:61fd08aa6d623c5bb9fe0dcc713eb649cfd842943221c549f77a362b9b39827e done
#6 extracting sha256:3657159c48351c4bf45a5f1e4be8d3d716e2a0e7f934a321e35b7e2419910772
#6 extracting sha256:3657159c48351c4bf45a5f1e4be8d3d716e2a0e7f934a321e35b7e2419910772 0.1s done
#6 extracting sha256:ca67d11e1b156aacfce973e23d3f6c0e4d9678120e4da142ce54e968f57575b8
#6 extracting sha256:ca67d11e1b156aacfce973e23d3f6c0e4d9678120e4da142ce54e968f57575b8 4.6s done
#6 DONE 29.0s

#7 [2/7] RUN set -x     && rm -rf /var/lib/apt/lists/*     && apt-get update     && apt-get install --no-install-recommends -y jq curl && rm -rf /var/lib/apt/lists/*;
#7 0.176 + rm -rf /var/lib/apt/lists/deb.debian.org_debian_dists_stretch-updates_InRelease /var/lib/apt/lists/deb.debian.org_debian_dists_stretch-updates_main_binary-amd64_Packages.lz4 /var/lib/apt/lists/deb.debian.org_debian_dists_stretch_Release /var/lib/apt/lists/deb.debian.org_debian_dists_stretch_Release.gpg /var/lib/apt/lists/deb.debian.org_debian_dists_stretch_main_binary-amd64_Packages.lz4 /var/lib/apt/lists/lock /var/lib/apt/lists/partial /var/lib/apt/lists/security.debian.org_dists_stretch_updates_InRelease /var/lib/apt/lists/security.debian.org_dists_stretch_updates_main_binary-amd64_Packages.lz4
#7 0.177 + apt-get update
#7 0.216 Ign:1 http://security.debian.org stretch/updates InRelease
#7 0.226 Ign:2 http://security.debian.org stretch/updates Release
#7 0.238 Ign:3 http://deb.debian.org/debian stretch InRelease
#7 0.239 Ign:4 http://security.debian.org stretch/updates/main all Packages
#7 0.248 Ign:5 http://deb.debian.org/debian stretch-updates InRelease
#7 0.248 Ign:6 http://security.debian.org stretch/updates/main amd64 Packages
#7 0.257 Ign:4 http://security.debian.org stretch/updates/main all Packages
#7 0.258 Ign:7 http://deb.debian.org/debian stretch Release
#7 0.269 Ign:6 http://security.debian.org stretch/updates/main amd64 Packages
#7 0.269 Ign:8 http://deb.debian.org/debian stretch-updates Release
#7 0.280 Ign:4 http://security.debian.org stretch/updates/main all Packages
#7 0.280 Ign:9 http://deb.debian.org/debian stretch/main amd64 Packages
#7 0.291 Ign:10 http://deb.debian.org/debian stretch/main all Packages
#7 0.294 Ign:6 http://security.debian.org stretch/updates/main amd64 Packages
#7 0.300 Ign:11 http://deb.debian.org/debian stretch-updates/main amd64 Packages
#7 0.304 Ign:4 http://security.debian.org stretch/updates/main all Packages
#7 0.310 Ign:12 http://deb.debian.org/debian stretch-updates/main all Packages
#7 0.315 Ign:6 http://security.debian.org stretch/updates/main amd64 Packages
#7 0.323 Ign:9 http://deb.debian.org/debian stretch/main amd64 Packages
#7 0.323 Ign:4 http://security.debian.org stretch/updates/main all Packages
#7 0.332 Ign:6 http://security.debian.org stretch/updates/main amd64 Packages
#7 0.336 Ign:10 http://deb.debian.org/debian stretch/main all Packages
#7 0.341 Ign:4 http://security.debian.org stretch/updates/main all Packages
#7 0.345 Ign:11 http://deb.debian.org/debian stretch-updates/main amd64 Packages
#7 0.351 Err:6 http://security.debian.org stretch/updates/main amd64 Packages
#7 0.351   404  Not Found
#7 0.357 Ign:12 http://deb.debian.org/debian stretch-updates/main all Packages
#7 0.369 Ign:9 http://deb.debian.org/debian stretch/main amd64 Packages
#7 0.380 Ign:10 http://deb.debian.org/debian stretch/main all Packages
#7 0.391 Ign:11 http://deb.debian.org/debian stretch-updates/main amd64 Packages
#7 0.403 Ign:12 http://deb.debian.org/debian stretch-updates/main all Packages
#7 0.415 Ign:9 http://deb.debian.org/debian stretch/main amd64 Packages
#7 0.425 Ign:10 http://deb.debian.org/debian stretch/main all Packages
#7 0.436 Ign:11 http://deb.debian.org/debian stretch-updates/main amd64 Packages
#7 0.447 Ign:12 http://deb.debian.org/debian stretch-updates/main all Packages
#7 0.459 Ign:9 http://deb.debian.org/debian stretch/main amd64 Packages
#7 0.604 Ign:10 http://deb.debian.org/debian stretch/main all Packages
#7 0.617 Ign:11 http://deb.debian.org/debian stretch-updates/main amd64 Packages
#7 0.770 Ign:12 http://deb.debian.org/debian stretch-updates/main all Packages
#7 0.781 Err:9 http://deb.debian.org/debian stretch/main amd64 Packages
#7 0.781   404  Not Found
#7 0.940 Ign:10 http://deb.debian.org/debian stretch/main all Packages
#7 0.950 Err:11 http://deb.debian.org/debian stretch-updates/main amd64 Packages
#7 0.950   404  Not Found
#7 1.100 Ign:12 http://deb.debian.org/debian stretch-updates/main all Packages
#7 1.103 Reading package lists...
#7 1.113 W: The repository 'http://security.debian.org stretch/updates Release' does not have a Release file.
#7 1.113 W: The repository 'http://deb.debian.org/debian stretch Release' does not have a Release file.
#7 1.113 W: The repository 'http://deb.debian.org/debian stretch-updates Release' does not have a Release file.
#7 1.113 E: Failed to fetch http://security.debian.org/dists/stretch/updates/main/binary-amd64/Packages  404  Not Found
#7 1.113 E: Failed to fetch http://deb.debian.org/debian/dists/stretch/main/binary-amd64/Packages  404  Not Found
#7 1.113 E: Failed to fetch http://deb.debian.org/debian/dists/stretch-updates/main/binary-amd64/Packages  404  Not Found
#7 1.113 E: Some index files failed to download. They have been ignored, or old ones used instead.
#7 ERROR: process "/bin/sh -c set -x     && rm -rf /var/lib/apt/lists/*     && apt-get update     && apt-get install --no-install-recommends -y jq curl && rm -rf /var/lib/apt/lists/*;" did not complete successfully: exit code: 100
------
 > [2/7] RUN set -x     && rm -rf /var/lib/apt/lists/*     && apt-get update     && apt-get install --no-install-recommends -y jq curl && rm -rf /var/lib/apt/lists/*;:
0.950   404  Not Found
1.100 Ign:12 http://deb.debian.org/debian stretch-updates/main all Packages
1.103 Reading package lists...
1.113 W: The repository 'http://security.debian.org stretch/updates Release' does not have a Release file.
1.113 W: The repository 'http://deb.debian.org/debian stretch Release' does not have a Release file.
1.113 W: The repository 'http://deb.debian.org/debian stretch-updates Release' does not have a Release file.
1.113 E: Failed to fetch http://security.debian.org/dists/stretch/updates/main/binary-amd64/Packages  404  Not Found
1.113 E: Failed to fetch http://deb.debian.org/debian/dists/stretch/main/binary-amd64/Packages  404  Not Found
1.113 E: Failed to fetch http://deb.debian.org/debian/dists/stretch-updates/main/binary-amd64/Packages  404  Not Found
1.113 E: Some index files failed to download. They have been ignored, or old ones used instead.
------
v1_Dockerfile:3
--------------------
   2 |     
   3 | >>> RUN set -x \
   4 | >>>     && rm -rf /var/lib/apt/lists/* \
   5 | >>>     && apt-get update \
   6 | >>>     && apt-get install --no-install-recommends -y jq curl && rm -rf /var/lib/apt/lists/*;
   7 |     
--------------------
ERROR: failed to solve: process "/bin/sh -c set -x     && rm -rf /var/lib/apt/lists/*     && apt-get update     && apt-get install --no-install-recommends -y jq curl && rm -rf /var/lib/apt/lists/*;" did not complete successfully: exit code: 100
Duration: 0:40.02