#0 building with "default" instance using docker driver

#1 [internal] load build definition from Dockerfile
#1 transferring dockerfile:
#1 transferring dockerfile: 331B done
#1 ...

#2 [internal] load .dockerignore
#2 transferring context: 107B done
#2 DONE 0.6s

#1 [internal] load build definition from Dockerfile
#1 DONE 0.7s

#3 [auth] library/node:pull token for registry-1.docker.io
#3 DONE 0.0s

#4 [internal] load metadata for docker.io/library/node:6-onbuild
#4 DONE 1.5s

#5 [internal] load build context
#5 DONE 0.0s

#6 [1/2] FROM docker.io/library/node:6-onbuild@sha256:80428f1c53495856f8ed63040092402e9849b70a0e32a962de5f63938b39c4c6
#6 resolve docker.io/library/node:6-onbuild@sha256:80428f1c53495856f8ed63040092402e9849b70a0e32a962de5f63938b39c4c6
#6 resolve docker.io/library/node:6-onbuild@sha256:80428f1c53495856f8ed63040092402e9849b70a0e32a962de5f63938b39c4c6 0.2s done
#6 sha256:80428f1c53495856f8ed63040092402e9849b70a0e32a962de5f63938b39c4c6 2.04kB / 2.04kB done
#6 sha256:0ac2512883a73965de88c0154ca66f1a12d3ec01af4ae3d4f33d40740b1bcb4e 2.21kB / 2.21kB done
#6 sha256:a5ecd9d1422d6f2986f477c1b9caf64332f1ddf67f2a8eda1dfdb20bd0cf191c 8.75kB / 8.75kB done
#6 ...

#5 [internal] load build context
#5 transferring context: 1.78MB 0.0s done
#5 DONE 0.5s

#6 [1/2] FROM docker.io/library/node:6-onbuild@sha256:80428f1c53495856f8ed63040092402e9849b70a0e32a962de5f63938b39c4c6
#6 sha256:4250b3117dca5e14edc32ebf1366cd54e4cda91f17610b76c504a86917ff8b95 0B / 4.34MB 0.2s
#6 sha256:4250b3117dca5e14edc32ebf1366cd54e4cda91f17610b76c504a86917ff8b95 4.34MB / 4.34MB 0.4s
#6 sha256:c5e155d5a1d130a7f8a3e24cee0d9e1349bff13f90ec6a941478e558fde53c14 0B / 45.34MB 0.4s
#6 sha256:c5e155d5a1d130a7f8a3e24cee0d9e1349bff13f90ec6a941478e558fde53c14 4.19MB / 45.34MB 0.5s
#6 sha256:221d80d00ae9675aad24913aacbadfac1ce8b7084f9765a6c0813486082c5c69 0B / 10.78MB 0.5s
#6 sha256:4250b3117dca5e14edc32ebf1366cd54e4cda91f17610b76c504a86917ff8b95 4.34MB / 4.34MB 0.5s done
#6 sha256:c5e155d5a1d130a7f8a3e24cee0d9e1349bff13f90ec6a941478e558fde53c14 12.58MB / 45.34MB 0.7s
#6 sha256:221d80d00ae9675aad24913aacbadfac1ce8b7084f9765a6c0813486082c5c69 5.24MB / 10.78MB 0.7s
#6 sha256:3b7ca19181b24b87e24423c01b490633bc1e47d2fcdc1987bf2e37949d6789b5 0B / 50.07MB 0.7s
#6 sha256:c5e155d5a1d130a7f8a3e24cee0d9e1349bff13f90ec6a941478e558fde53c14 18.87MB / 45.34MB 0.8s
#6 sha256:221d80d00ae9675aad24913aacbadfac1ce8b7084f9765a6c0813486082c5c69 9.44MB / 10.78MB 0.8s
#6 sha256:c5e155d5a1d130a7f8a3e24cee0d9e1349bff13f90ec6a941478e558fde53c14 24.12MB / 45.34MB 0.9s
#6 sha256:221d80d00ae9675aad24913aacbadfac1ce8b7084f9765a6c0813486082c5c69 10.78MB / 10.78MB 0.9s
#6 sha256:3b7ca19181b24b87e24423c01b490633bc1e47d2fcdc1987bf2e37949d6789b5 6.29MB / 50.07MB 0.9s
#6 sha256:c5e155d5a1d130a7f8a3e24cee0d9e1349bff13f90ec6a941478e558fde53c14 34.60MB / 45.34MB 1.1s
#6 sha256:3b7ca19181b24b87e24423c01b490633bc1e47d2fcdc1987bf2e37949d6789b5 15.73MB / 50.07MB 1.0s
#6 sha256:c5e155d5a1d130a7f8a3e24cee0d9e1349bff13f90ec6a941478e558fde53c14 45.34MB / 45.34MB 1.2s
#6 sha256:221d80d00ae9675aad24913aacbadfac1ce8b7084f9765a6c0813486082c5c69 10.78MB / 10.78MB 1.1s done
#6 sha256:3b7ca19181b24b87e24423c01b490633bc1e47d2fcdc1987bf2e37949d6789b5 23.07MB / 50.07MB 1.2s
#6 sha256:425d7b2a5bcc7e8df5041d66655cd6173c16799afefb1645ca0e0b3fa8a1043d 0B / 215.08MB 1.2s
#6 sha256:3b7ca19181b24b87e24423c01b490633bc1e47d2fcdc1987bf2e37949d6789b5 30.41MB / 50.07MB 1.4s
#6 sha256:3b7ca19181b24b87e24423c01b490633bc1e47d2fcdc1987bf2e37949d6789b5 40.89MB / 50.07MB 1.5s
#6 sha256:3b7ca19181b24b87e24423c01b490633bc1e47d2fcdc1987bf2e37949d6789b5 44.04MB / 50.07MB 1.6s
#6 sha256:425d7b2a5bcc7e8df5041d66655cd6173c16799afefb1645ca0e0b3fa8a1043d 13.63MB / 215.08MB 1.6s
#6 sha256:3b7ca19181b24b87e24423c01b490633bc1e47d2fcdc1987bf2e37949d6789b5 50.07MB / 50.07MB 1.9s
#6 sha256:c5e155d5a1d130a7f8a3e24cee0d9e1349bff13f90ec6a941478e558fde53c14 45.34MB / 45.34MB 1.9s done
#6 sha256:425d7b2a5bcc7e8df5041d66655cd6173c16799afefb1645ca0e0b3fa8a1043d 27.26MB / 215.08MB 2.0s
#6 extracting sha256:c5e155d5a1d130a7f8a3e24cee0d9e1349bff13f90ec6a941478e558fde53c14
#6 sha256:425d7b2a5bcc7e8df5041d66655cd6173c16799afefb1645ca0e0b3fa8a1043d 41.94MB / 215.08MB 2.4s
#6 sha256:3b7ca19181b24b87e24423c01b490633bc1e47d2fcdc1987bf2e37949d6789b5 50.07MB / 50.07MB 2.8s done
#6 sha256:425d7b2a5bcc7e8df5041d66655cd6173c16799afefb1645ca0e0b3fa8a1043d 55.57MB / 215.08MB 2.8s
#6 sha256:ea2f5386a42d42ff9729d1cb357ca3741edc32be894150e5024a85655b8523ec 0B / 14.58MB 2.9s
#6 sha256:69df12c70287cf403446724e92cae1e0aa1c74713e27106525e433037c43a087 0B / 4.16kB 2.9s
#6 sha256:69df12c70287cf403446724e92cae1e0aa1c74713e27106525e433037c43a087 4.16kB / 4.16kB 3.0s done
#6 sha256:425d7b2a5bcc7e8df5041d66655cd6173c16799afefb1645ca0e0b3fa8a1043d 69.21MB / 215.08MB 3.1s
#6 sha256:ea2f5386a42d42ff9729d1cb357ca3741edc32be894150e5024a85655b8523ec 3.15MB / 14.58MB 3.1s
#6 sha256:d421d2b3c5eb9a47f42f42f82356e2f63b493c49c8bbcc0c070ab4a06446a972 0B / 1.32MB 3.1s
#6 sha256:ea2f5386a42d42ff9729d1cb357ca3741edc32be894150e5024a85655b8523ec 11.53MB / 14.58MB 3.3s
#6 sha256:d421d2b3c5eb9a47f42f42f82356e2f63b493c49c8bbcc0c070ab4a06446a972 1.32MB / 1.32MB 3.3s
#6 sha256:425d7b2a5bcc7e8df5041d66655cd6173c16799afefb1645ca0e0b3fa8a1043d 84.93MB / 215.08MB 3.4s
#6 sha256:ea2f5386a42d42ff9729d1cb357ca3741edc32be894150e5024a85655b8523ec 14.58MB / 14.58MB 3.4s
#6 sha256:d421d2b3c5eb9a47f42f42f82356e2f63b493c49c8bbcc0c070ab4a06446a972 1.32MB / 1.32MB 3.4s done
#6 sha256:825b9367d6be4e31caf194d69b4506ee0bc6ab9cddb3dc3d6169b23a0a4a1b44 0B / 132B 3.5s
#6 sha256:825b9367d6be4e31caf194d69b4506ee0bc6ab9cddb3dc3d6169b23a0a4a1b44 132B / 132B 3.6s
#6 sha256:ea2f5386a42d42ff9729d1cb357ca3741edc32be894150e5024a85655b8523ec 14.58MB / 14.58MB 3.7s done
#6 sha256:825b9367d6be4e31caf194d69b4506ee0bc6ab9cddb3dc3d6169b23a0a4a1b44 132B / 132B 3.8s done
#6 sha256:425d7b2a5bcc7e8df5041d66655cd6173c16799afefb1645ca0e0b3fa8a1043d 103.81MB / 215.08MB 4.1s
#6 sha256:425d7b2a5bcc7e8df5041d66655cd6173c16799afefb1645ca0e0b3fa8a1043d 124.78MB / 215.08MB 4.5s
#6 extracting sha256:c5e155d5a1d130a7f8a3e24cee0d9e1349bff13f90ec6a941478e558fde53c14 2.5s done
#6 sha256:425d7b2a5bcc7e8df5041d66655cd6173c16799afefb1645ca0e0b3fa8a1043d 144.70MB / 215.08MB 4.7s
#6 sha256:425d7b2a5bcc7e8df5041d66655cd6173c16799afefb1645ca0e0b3fa8a1043d 158.33MB / 215.08MB 4.9s
#6 extracting sha256:221d80d00ae9675aad24913aacbadfac1ce8b7084f9765a6c0813486082c5c69 0.1s
#6 sha256:425d7b2a5bcc7e8df5041d66655cd6173c16799afefb1645ca0e0b3fa8a1043d 170.92MB / 215.08MB 5.1s
#6 sha256:425d7b2a5bcc7e8df5041d66655cd6173c16799afefb1645ca0e0b3fa8a1043d 191.89MB / 215.08MB 5.5s
#6 extracting sha256:221d80d00ae9675aad24913aacbadfac1ce8b7084f9765a6c0813486082c5c69 0.5s done
#6 extracting sha256:4250b3117dca5e14edc32ebf1366cd54e4cda91f17610b76c504a86917ff8b95
#6 sha256:425d7b2a5bcc7e8df5041d66655cd6173c16799afefb1645ca0e0b3fa8a1043d 207.62MB / 215.08MB 5.7s
#6 extracting sha256:4250b3117dca5e14edc32ebf1366cd54e4cda91f17610b76c504a86917ff8b95 0.2s done
#6 extracting sha256:3b7ca19181b24b87e24423c01b490633bc1e47d2fcdc1987bf2e37949d6789b5
#6 sha256:425d7b2a5bcc7e8df5041d66655cd6173c16799afefb1645ca0e0b3fa8a1043d 215.08MB / 215.08MB 9.0s done
#6 extracting sha256:3b7ca19181b24b87e24423c01b490633bc1e47d2fcdc1987bf2e37949d6789b5 3.2s done
#6 extracting sha256:425d7b2a5bcc7e8df5041d66655cd6173c16799afefb1645ca0e0b3fa8a1043d
#6 extracting sha256:425d7b2a5bcc7e8df5041d66655cd6173c16799afefb1645ca0e0b3fa8a1043d 5.0s
#6 extracting sha256:425d7b2a5bcc7e8df5041d66655cd6173c16799afefb1645ca0e0b3fa8a1043d 10.1s
#6 extracting sha256:425d7b2a5bcc7e8df5041d66655cd6173c16799afefb1645ca0e0b3fa8a1043d 12.4s done
#6 extracting sha256:69df12c70287cf403446724e92cae1e0aa1c74713e27106525e433037c43a087
#6 extracting sha256:69df12c70287cf403446724e92cae1e0aa1c74713e27106525e433037c43a087 0.1s done
#6 extracting sha256:ea2f5386a42d42ff9729d1cb357ca3741edc32be894150e5024a85655b8523ec
#6 extracting sha256:ea2f5386a42d42ff9729d1cb357ca3741edc32be894150e5024a85655b8523ec 1.1s done
#6 extracting sha256:d421d2b3c5eb9a47f42f42f82356e2f63b493c49c8bbcc0c070ab4a06446a972
#6 extracting sha256:d421d2b3c5eb9a47f42f42f82356e2f63b493c49c8bbcc0c070ab4a06446a972 0.2s done
#6 extracting sha256:825b9367d6be4e31caf194d69b4506ee0bc6ab9cddb3dc3d6169b23a0a4a1b44
#6 extracting sha256:825b9367d6be4e31caf194d69b4506ee0bc6ab9cddb3dc3d6169b23a0a4a1b44 done
#6 DONE 30.1s

#7 [2/2] COPY package.json /usr/src/app/
#7 DONE 24.8s

#8 [3/2] RUN npm install && npm cache clean --force
#8 2.454 npm WARN deprecated request@2.88.2: request has been deprecated, see https://github.com/request/request/issues/3142
#8 2.628 npm WARN deprecated elasticsearch@12.1.3: Package no longer supported. Contact Support at https://www.npmjs.com/support for more info.
#8 3.146 npm WARN deprecated newrelic@4.13.1: This version of the New Relic Node Agent has reached the end of life.
#8 3.837 npm WARN deprecated glob@7.2.3: Glob versions prior to v9 are no longer supported
#8 4.146 npm WARN deprecated inflight@1.0.6: This module is not supported, and leaks memory. Do not use it. Check out lru-cache if you want a good and tested way to coalesce async requests by a key value, which is much more comprehensive and powerful.
#8 8.068 npm WARN deprecated rimraf@2.4.5: Rimraf versions prior to v4 are no longer supported
#8 8.300 npm WARN deprecated glob@6.0.4: Glob versions prior to v9 are no longer supported
#8 12.89 npm WARN deprecated glob@7.0.6: Glob versions prior to v9 are no longer supported
#8 13.27 npm WARN deprecated uuid@2.0.3: Please upgrade  to version 7 or higher.  Older versions may use Math.random() in certain circumstances, which is known to be problematic.  See https://v8.dev/blog/math-random for details.
#8 14.33 npm WARN deprecated core-js@2.6.12: core-js@<3.23.3 is no longer maintained and not recommended for usage due to the number of issues. Because of the V8 engine whims, feature detection in old core-js versions could cause a slowdown up to 100x even if nothing is polyfilled. Some versions have web compatibility issues. Please, upgrade your dependencies to the actual version of core-js.
#8 17.98 npm WARN deprecated urix@0.1.0: Please see https://github.com/lydell/urix#deprecated
#8 18.02 npm WARN deprecated source-map-resolve@0.5.3: See https://github.com/lydell/source-map-resolve#deprecated
#8 18.11 npm WARN deprecated source-map-url@0.4.1: See https://github.com/lydell/source-map-url#deprecated
#8 18.11 npm WARN deprecated resolve-url@0.2.1: https://github.com/lydell/resolve-url#deprecated
#8 21.18 npm WARN deprecated bson@1.0.9: Fixed a critical issue with BSON serialization documented in CVE-2019-2391, see https://bit.ly/2KcpXdo for more details
#8 23.33 npm WARN deprecated request@2.40.0: request has been deprecated, see https://github.com/request/request/issues/3142
#8 25.06 npm WARN deprecated uuid@3.4.0: Please upgrade  to version 7 or higher.  Older versions may use Math.random() in certain circumstances, which is known to be problematic.  See https://v8.dev/blog/math-random for details.
#8 25.12 npm WARN deprecated har-validator@5.1.5: this library is no longer supported
#8 26.84 npm WARN deprecated node-uuid@1.4.8: Use uuid module instead
#8 26.89 npm WARN deprecated hawk@1.1.1: This module moved to @hapi/hawk. Please make sure to switch over as this distribution is no longer supported and may contain bugs and critical security issues.
#8 27.24 npm WARN deprecated cryptiles@0.2.2: This version has been deprecated in accordance with the hapi support policy (hapi.im/support). Please upgrade to the latest version to get the best features, bug fixes, and security patches. If you are unable to upgrade at this time, paid support is available for older versions (hapi.im/commercial).
#8 27.26 npm WARN deprecated boom@0.4.2: This version has been deprecated in accordance with the hapi support policy (hapi.im/support). Please upgrade to the latest version to get the best features, bug fixes, and security patches. If you are unable to upgrade at this time, paid support is available for older versions (hapi.im/commercial).
#8 27.28 npm WARN deprecated sntp@0.2.4: This module moved to @hapi/sntp. Please make sure to switch over as this distribution is no longer supported and may contain bugs and critical security issues.
#8 27.32 npm WARN deprecated hoek@0.9.1: This version has been deprecated in accordance with the hapi support policy (hapi.im/support). Please upgrade to the latest version to get the best features, bug fixes, and security patches. If you are unable to upgrade at this time, paid support is available for older versions (hapi.im/commercial).
#8 27.73 npm WARN deprecated chokidar@2.1.8: Chokidar 2 does not receive security updates since 2019. Upgrade to chokidar 3 with 15x fewer dependencies
#8 32.45 npm WARN deprecated swagger-methods@1.0.8: This package is no longer being maintained.
#8 32.54 npm WARN deprecated json-schema-ref-parser@1.4.1: Please switch to @apidevtools/json-schema-ref-parser
#8 33.24 npm WARN deprecated phantomjs-prebuilt@2.1.16: this package is now deprecated
#8 33.43 npm WARN deprecated natives@1.1.6: This module relies on Node.js's internals and will break at some point. Do not use it, and update to graceful-fs@4.x.
#8 34.65 npm WARN deprecated cucumber@1.3.3: Cucumber is publishing new releases under @cucumber/cucumber
#8 35.35 npm WARN deprecated gherkin@4.1.3: This package is now published under @cucumber/gherkin
#8 37.38 npm WARN deprecated gulp-util@3.0.8: gulp-util is deprecated - replace it, following the guidelines at https://medium.com/gulpjs/gulp-util-ca3b1f9f9ac5
#8 41.87 npm WARN deprecated glob@4.5.3: Glob versions prior to v9 are no longer supported
#8 41.89 npm WARN deprecated minimatch@2.0.10: Please update to minimatch 3.0.2 or higher to avoid a RegExp DoS issue
#8 42.61 npm WARN deprecated minimatch@0.2.14: Please update to minimatch 3.0.2 or higher to avoid a RegExp DoS issue
#8 42.63 npm WARN deprecated glob@3.1.21: Glob versions prior to v9 are no longer supported
#8 42.74 npm WARN deprecated graceful-fs@1.2.3: please upgrade to graceful-fs 4 for compatibility with current and future versions of Node.js
#8 43.70 npm WARN deprecated glob@3.2.11: Glob versions prior to v9 are no longer supported
#8 43.87 npm WARN deprecated minimatch@0.3.0: Please update to minimatch 3.0.2 or higher to avoid a RegExp DoS issue
#8 46.09 npm WARN deprecated rimraf@2.6.3: Rimraf versions prior to v4 are no longer supported
#8 46.13 npm WARN deprecated circular-json@0.3.3: CircularJSON is in maintenance only, flatted is its successor.
#8 48.56 npm WARN deprecated glob@5.0.15: Glob versions prior to v9 are no longer supported
#8 50.53 npm WARN deprecated superagent@1.8.5: Please upgrade to v9.0.0+ as we have fixed a public vulnerability with formidable dependency. Note that v9.0.0+ requires Node.js v14.18.0+. See https://github.com/ladjs/superagent/pull/1800 for insight. This project is supported and maintained by the team at Forward Email @ https://forwardemail.net
#8 50.91 npm WARN deprecated formidable@1.0.17: Please upgrade to latest, formidable@v2 or formidable@v3! Check these notes: https://bit.ly/2ZEqIau
#8 74.45 keeper-core-api@2.0.0-beta /usr/src/app
#8 74.45 +-- adm-zip@0.4.16 
#8 74.45 +-- archiver@1.3.0 
#8 74.45 | +-- archiver-utils@1.3.0 
#8 74.45 | | +-- lazystream@1.0.1 
#8 74.45 | | `-- normalize-path@2.1.1 
#8 74.45 | |   `-- remove-trailing-separator@1.1.0 
#8 74.45 | +-- async@2.6.4 
#8 74.45 | +-- buffer-crc32@0.2.13 
#8 74.45 | +-- glob@7.2.3 
#8 74.45 | | +-- fs.realpath@1.0.0 
#8 74.45 | | +-- inflight@1.0.6 
#8 74.45 | | +-- inherits@2.0.4 
#8 74.45 | | `-- minimatch@3.1.2 
#8 74.45 | |   `-- brace-expansion@1.1.11 
#8 74.45 | |     +-- balanced-match@1.0.2 
#8 74.45 | |     `-- concat-map@0.0.1 
#8 74.45 | +-- readable-stream@2.3.8 
#8 74.45 | | +-- core-util-is@1.0.3 
#8 74.45 | | +-- isarray@1.0.0 
#8 74.45 | | +-- process-nextick-args@2.0.1 
#8 74.45 | | +-- string_decoder@1.1.1 
#8 74.45 | | `-- util-deprecate@1.0.2 
#8 74.45 | +-- tar-stream@1.6.2 
#8 74.45 | | +-- bl@1.2.3 
#8 74.45 | | +-- buffer-alloc@1.2.0 
#8 74.45 | | | +-- buffer-alloc-unsafe@1.1.0 
#8 74.45 | | | `-- buffer-fill@1.0.0 
#8 74.45 | | +-- end-of-stream@1.4.4 
#8 74.45 | | +-- fs-constants@1.0.0 
#8 74.45 | | +-- to-buffer@1.1.1 
#8 74.45 | | `-- xtend@4.0.2 
#8 74.45 | +-- walkdir@0.0.11 
#8 74.45 | `-- zip-stream@1.2.0 
#8 74.45 |   `-- compress-commons@1.2.2 
#8 74.45 |     `-- crc32-stream@2.0.0 
#8 74.45 |       `-- crc@3.8.0 
#8 74.45 |         `-- buffer@5.7.1 
#8 74.45 |           +-- base64-js@1.5.1 
#8 74.45 |           `-- ieee754@1.2.1 
#8 74.45 +-- body-parser@1.20.2 
#8 74.45 | +-- bytes@3.1.2 
#8 74.45 | +-- content-type@1.0.5 
#8 74.45 | +-- debug@2.6.9 
#8 74.45 | | `-- ms@2.0.0 
#8 74.45 | +-- depd@2.0.0 
#8 74.45 | +-- destroy@1.2.0 
#8 74.45 | +-- http-errors@2.0.0 
#8 74.45 | | `-- toidentifier@1.0.1 
#8 74.45 | +-- iconv-lite@0.4.24 
#8 74.45 | | `-- safer-buffer@2.1.2 
#8 74.45 | +-- on-finished@2.4.1 
#8 74.45 | | `-- ee-first@1.1.1 
#8 74.45 | +-- qs@6.11.0 
#8 74.45 | | `-- side-channel@1.0.6 
#8 74.45 | |   +-- call-bind@1.0.7 
#8 74.45 | |   | +-- es-define-property@1.0.0 
#8 74.45 | |   | +-- function-bind@1.1.2 
#8 74.45 | |   | `-- set-function-length@1.2.2 
#8 74.45 | |   |   +-- define-data-property@1.1.4 
#8 74.45 | |   |   +-- gopd@1.0.1 
#8 74.45 | |   |   `-- has-property-descriptors@1.0.2 
#8 74.45 | |   +-- es-errors@1.3.0 
#8 74.45 | |   +-- get-intrinsic@1.2.4 
#8 74.45 | |   | +-- has-proto@1.0.3 
#8 74.45 | |   | +-- has-symbols@1.0.3 
#8 74.45 | |   | `-- hasown@2.0.2 
#8 74.45 | |   `-- object-inspect@1.13.2 
#8 74.45 | +-- raw-body@2.5.2 
#8 74.45 | +-- type-is@1.6.18 
#8 74.45 | | `-- media-typer@0.3.0 
#8 74.45 | `-- unpipe@1.0.0 
#8 74.45 +-- bodybuilder@1.25.0 
#8 74.45 | `-- lodash@4.9.0 
#8 74.45 +-- bunyan@1.8.15 
#8 74.45 | +-- dtrace-provider@0.8.8 
#8 74.45 | | `-- nan@2.20.0 
#8 74.45 | +-- moment@2.30.1 
#8 74.45 | +-- mv@2.1.1 
#8 74.45 | | +-- mkdirp@0.5.6 
#8 74.45 | | `-- ncp@2.0.0 
#8 74.45 | `-- safe-json-stringify@1.2.0 
#8 74.45 +-- chai@3.5.0 
#8 74.45 | +-- assertion-error@1.1.0 
#8 74.45 | +-- deep-eql@0.1.3 
#8 74.45 | | `-- type-detect@0.1.1 
#8 74.45 | `-- type-detect@1.0.0 
#8 74.45 +-- chance@1.1.12 
#8 74.45 +-- commander@2.20.3 
#8 74.45 +-- compression@1.7.4 
#8 74.45 | +-- accepts@1.3.8 
#8 74.45 | | `-- negotiator@0.6.3 
#8 74.45 | +-- bytes@3.0.0 
#8 74.45 | +-- compressible@2.0.18 
#8 74.45 | | `-- mime-db@1.52.0 
#8 74.45 | +-- on-headers@1.0.2 
#8 74.45 | +-- safe-buffer@5.1.2 
#8 74.45 | `-- vary@1.1.2 
#8 74.45 +-- cookies@0.6.2 
#8 74.45 | +-- depd@1.1.2 
#8 74.45 | `-- keygrip@1.0.3 
#8 74.45 +-- cucumber@1.3.3 
#8 74.45 | +-- camel-case@3.0.0 
#8 74.45 | | +-- no-case@2.3.2 
#8 74.45 | | | `-- lower-case@1.1.4 
#8 74.45 | | `-- upper-case@1.1.3 
#8 74.45 | +-- cli-table@0.3.11 
#8 74.45 | | `-- colors@1.0.3 
#8 74.45 | +-- co@4.6.0 
#8 74.45 | +-- colors@1.4.0 
#8 74.45 | +-- duration@0.2.2 
#8 74.45 | | +-- d@1.0.2 
#8 74.45 | | | `-- type@2.7.3 
#8 74.45 | | `-- es5-ext@0.10.64 
#8 74.45 | |   +-- es6-iterator@2.0.3 
#8 74.45 | |   +-- es6-symbol@3.1.4 
#8 74.45 | |   | `-- ext@1.7.0 
#8 74.45 | |   +-- esniff@2.0.1 
#8 74.45 | |   | `-- event-emitter@0.3.5 
#8 74.45 | |   `-- next-tick@1.1.0 
#8 74.45 | +-- figures@1.7.0 
#8 74.45 | | +-- escape-string-regexp@1.0.5 
#8 74.45 | | `-- object-assign@4.1.1 
#8 74.45 | +-- gherkin@4.1.3 
#8 74.45 | +-- is-generator@1.0.3 
#8 74.45 | +-- stack-chain@1.3.7 
#8 74.45 | `-- stacktrace-js@1.3.1 
#8 74.45 |   +-- error-stack-parser@1.3.6 
#8 74.45 |   | `-- stackframe@0.3.1 
#8 74.45 |   +-- stack-generator@1.1.0 
#8 74.45 |   | `-- stackframe@1.3.4 
#8 74.45 |   `-- stacktrace-gps@2.4.4 
#8 74.45 |     `-- source-map@0.5.6 
#8 74.45 +-- elasticsearch@12.1.3 
#8 74.45 | +-- chalk@1.1.3 
#8 74.45 | | +-- ansi-styles@2.2.1 
#8 74.45 | | +-- has-ansi@2.0.0 
#8 74.45 | | | `-- ansi-regex@2.1.1 
#8 74.45 | | +-- strip-ansi@3.0.1 
#8 74.45 | | `-- supports-color@2.0.0 
#8 74.45 | +-- forever-agent@0.6.1 
#8 74.45 | `-- promise@7.3.1 
#8 74.45 |   `-- asap@2.0.6 
#8 74.45 +-- elasticsearch-streams@0.0.9 
#8 74.45 +-- eslint-config-standard@5.3.5 
#8 74.45 +-- eslint-plugin-promise@1.3.2 
#8 74.45 +-- eslint-plugin-standard@1.3.3 
#8 74.45 +-- express@4.19.2 
#8 74.45 | +-- array-flatten@1.1.1 
#8 74.45 | +-- content-disposition@0.5.4 
#8 74.45 | | `-- safe-buffer@5.2.1 
#8 74.45 | +-- cookie@0.6.0 
#8 74.45 | +-- cookie-signature@1.0.6 
#8 74.45 | +-- encodeurl@1.0.2 
#8 74.45 | +-- escape-html@1.0.3 
#8 74.45 | +-- etag@1.8.1 
#8 74.45 | +-- finalhandler@1.2.0 
#8 74.45 | +-- fresh@0.5.2 
#8 74.45 | +-- merge-descriptors@1.0.1 
#8 74.45 | +-- methods@1.1.2 
#8 74.45 | +-- parseurl@1.3.3 
#8 74.45 | +-- path-to-regexp@0.1.7 
#8 74.45 | +-- proxy-addr@2.0.7 
#8 74.45 | | +-- forwarded@0.2.0 
#8 74.45 | | `-- ipaddr.js@1.9.1 
#8 74.45 | +-- range-parser@1.2.1 
#8 74.45 | +-- safe-buffer@5.2.1 
#8 74.45 | +-- send@0.18.0 
#8 74.45 | | `-- ms@2.1.3 
#8 74.45 | +-- serve-static@1.15.0 
#8 74.45 | +-- setprototypeof@1.2.0 
#8 74.45 | +-- statuses@2.0.1 
#8 74.45 | `-- utils-merge@1.0.1 
#8 74.45 +-- express-validator@2.21.0 
#8 74.45 | +-- bluebird@3.4.7 
#8 74.45 | +-- lodash@4.16.6 
#8 74.45 | `-- validator@5.7.0 
#8 74.45 +-- fs-extra@0.30.0 
#8 74.45 | +-- graceful-fs@4.2.11 
#8 74.45 | +-- jsonfile@2.4.0 
#8 74.45 | +-- klaw@1.3.1 
#8 74.45 | +-- path-is-absolute@1.0.1 
#8 74.45 | `-- rimraf@2.4.5 
#8 74.45 |   `-- glob@6.0.4 
#8 74.45 +-- gm@1.25.0 
#8 74.45 | +-- array-parallel@0.1.3 
#8 74.45 | +-- array-series@0.1.5 
#8 74.45 | +-- cross-spawn@4.0.2 
#8 74.45 | | +-- lru-cache@4.1.5 
#8 74.45 | | | +-- pseudomap@1.0.2 
#8 74.45 | | | `-- yallist@2.1.2 
#8 74.45 | | `-- which@1.3.1 
#8 74.45 | |   `-- isexe@2.0.0 
#8 74.45 | `-- debug@3.2.7 
#8 74.45 |   `-- ms@2.1.3 
#8 74.45 +-- gulp@3.9.1 
#8 74.45 | +-- archy@1.0.0 
#8 74.45 | +-- deprecated@0.0.1 
#8 74.45 | +-- gulp-util@3.0.8 
#8 74.45 | | +-- array-differ@1.0.0 
#8 74.45 | | +-- array-uniq@1.0.3 
#8 74.45 | | +-- beeper@1.1.1 
#8 74.45 | | +-- dateformat@2.2.0 
#8 74.45 | | +-- fancy-log@1.3.3 
#8 74.45 | | | +-- ansi-gray@0.1.1 
#8 74.45 | | | | `-- ansi-wrap@0.1.0 
#8 74.45 | | | +-- color-support@1.1.3 
#8 74.45 | | | +-- parse-node-version@1.0.1 
#8 74.45 | | | `-- time-stamp@1.1.0 
#8 74.45 | | +-- gulplog@1.0.0 
#8 74.45 | | | `-- glogg@1.0.2 
#8 74.45 | | +-- has-gulplog@0.1.0 
#8 74.45 | | | `-- sparkles@1.0.1 
#8 74.45 | | +-- lodash._reescape@3.0.0 
#8 74.45 | | +-- lodash._reevaluate@3.0.0 
#8 74.45 | | +-- lodash._reinterpolate@3.0.0 
#8 74.45 | | +-- lodash.template@3.6.2 
#8 74.45 | | | +-- lodash._basecopy@3.0.1 
#8 74.45 | | | +-- lodash._basetostring@3.0.1 
#8 74.45 | | | +-- lodash._basevalues@3.0.0 
#8 74.45 | | | +-- lodash._isiterateecall@3.0.9 
#8 74.45 | | | +-- lodash.escape@3.2.0 
#8 74.45 | | | | `-- lodash._root@3.0.1 
#8 74.45 | | | +-- lodash.keys@3.1.2 
#8 74.45 | | | `-- lodash.templatesettings@3.1.1 
#8 74.45 | | +-- multipipe@0.1.2 
#8 74.45 | | | `-- duplexer2@0.0.2 
#8 74.45 | | |   `-- readable-stream@1.1.14 
#8 74.45 | | |     +-- isarray@0.0.1 
#8 74.45 | | |     `-- string_decoder@0.10.31 
#8 74.45 | | +-- object-assign@3.0.0 
#8 74.45 | | +-- replace-ext@0.0.1 
#8 74.45 | | `-- vinyl@0.5.3 
#8 74.45 | |   +-- clone@1.0.4 
#8 74.45 | |   `-- clone-stats@0.0.1 
#8 74.45 | +-- interpret@1.4.0 
#8 74.45 | +-- liftoff@2.5.0 
#8 74.45 | | +-- extend@3.0.2 
#8 74.45 | | +-- findup-sync@2.0.0 
#8 74.45 | | | +-- detect-file@1.0.0 
#8 74.45 | | | +-- is-glob@3.1.0 
#8 74.45 | | | +-- micromatch@3.1.10 
#8 74.45 | | | | +-- arr-diff@4.0.0 
#8 74.45 | | | | +-- define-property@2.0.2 
#8 74.45 | | | | | `-- is-descriptor@1.0.3 
#8 74.45 | | | | |   +-- is-accessor-descriptor@1.0.1 
#8 74.45 | | | | |   `-- is-data-descriptor@1.0.1 
#8 74.45 | | | | +-- extend-shallow@3.0.2 
#8 74.45 | | | | | +-- assign-symbols@1.0.0 
#8 74.45 | | | | | `-- is-extendable@1.0.1 
#8 74.45 | | | | +-- extglob@2.0.4 
#8 74.45 | | | | | +-- define-property@1.0.0 
#8 74.45 | | | | | | `-- is-descriptor@1.0.3 
#8 74.45 | | | | | +-- expand-brackets@2.1.4 
#8 74.45 | | | | | | +-- define-property@0.2.5 
#8 74.45 | | | | | | +-- extend-shallow@2.0.1 
#8 74.45 | | | | | | `-- posix-character-classes@0.1.1 
#8 74.45 | | | | | `-- extend-shallow@2.0.1 
#8 74.45 | | | | +-- fragment-cache@0.2.1 
#8 74.45 | | | | +-- kind-of@6.0.3 
#8 74.45 | | | | +-- nanomatch@1.2.13 
#8 74.45 | | | | | +-- is-windows@1.0.2 
#8 74.45 | | | | | `-- kind-of@6.0.3 
#8 74.45 | | | | `-- regex-not@1.0.2 
#8 74.45 | | | `-- resolve-dir@1.0.1 
#8 74.45 | | |   `-- global-modules@1.0.0 
#8 74.45 | | |     `-- global-prefix@1.0.2 
#8 74.45 | | |       `-- ini@1.3.8 
#8 74.45 | | +-- fined@1.2.0 
#8 74.45 | | | +-- expand-tilde@2.0.2 
#8 74.45 | | | | `-- homedir-polyfill@1.0.3 
#8 74.45 | | | |   `-- parse-passwd@1.0.0 
#8 74.45 | | | +-- object.defaults@1.1.0 
#8 74.45 | | | | +-- array-each@1.0.1 
#8 74.45 | | | | `-- array-slice@1.1.0 
#8 74.45 | | | +-- object.pick@1.3.0 
#8 74.45 | | | `-- parse-filepath@1.0.2 
#8 74.45 | | |   +-- is-absolute@1.0.0 
#8 74.45 | | |   | `-- is-relative@1.0.0 
#8 74.45 | | |   |   `-- is-unc-path@1.0.0 
#8 74.45 | | |   |     `-- unc-path-regex@0.1.2 
#8 74.45 | | |   +-- map-cache@0.2.2 
#8 74.45 | | |   `-- path-root@0.1.1 
#8 74.45 | | |     `-- path-root-regex@0.1.2 
#8 74.45 | | +-- flagged-respawn@1.0.1 
#8 74.45 | | +-- is-plain-object@2.0.4 
#8 74.45 | | | `-- isobject@3.0.1 
#8 74.45 | | +-- object.map@1.0.1 
#8 74.45 | | | +-- for-own@1.0.0 
#8 74.45 | | | | `-- for-in@1.0.2 
#8 74.45 | | | `-- make-iterator@1.0.1 
#8 74.45 | | |   `-- kind-of@6.0.3 
#8 74.45 | | +-- rechoir@0.6.2 
#8 74.45 | | `-- resolve@1.22.8 
#8 74.45 | |   +-- is-core-module@2.15.0 
#8 74.45 | |   +-- path-parse@1.0.7 
#8 74.45 | |   `-- supports-preserve-symlinks-flag@1.0.0 
#8 74.45 | +-- minimist@1.2.8 
#8 74.45 | +-- orchestrator@0.3.8 
#8 74.45 | | +-- end-of-stream@0.1.5 
#8 74.45 | | | `-- once@1.3.3 
#8 74.45 | | +-- sequencify@0.0.7 
#8 74.45 | | `-- stream-consume@0.1.1 
#8 74.45 | +-- pretty-hrtime@1.0.3 
#8 74.45 | +-- semver@4.3.6 
#8 74.45 | +-- tildify@1.2.0 
#8 74.45 | | `-- os-homedir@1.0.2 
#8 74.45 | +-- v8flags@2.1.1 
#8 74.45 | | `-- user-home@1.1.1 
#8 74.45 | `-- vinyl-fs@0.3.14 
#8 74.45 |   +-- defaults@1.0.4 
#8 74.45 |   +-- glob-stream@3.1.18 
#8 74.45 |   | +-- glob@4.5.3 
#8 74.45 |   | +-- glob2base@0.0.12 
#8 74.45 |   | | `-- find-index@0.1.1 
#8 74.45 |   | +-- minimatch@2.0.10 
#8 74.45 |   | +-- ordered-read-streams@0.1.0 
#8 74.45 |   | +-- through2@0.6.5 
#8 74.45 |   | | `-- readable-stream@1.0.34 
#8 74.45 |   | |   +-- isarray@0.0.1 
#8 74.45 |   | |   `-- string_decoder@0.10.31 
#8 74.45 |   | `-- unique-stream@1.0.0 
#8 74.45 |   +-- glob-watcher@0.0.6 
#8 74.45 |   | `-- gaze@0.5.2 
#8 74.45 |   |   `-- globule@0.1.0 
#8 74.45 |   |     +-- glob@3.1.21 
#8 74.45 |   |     | +-- graceful-fs@1.2.3 
#8 74.45 |   |     | `-- inherits@1.0.2 
#8 74.45 |   |     +-- lodash@1.0.2 
#8 74.45 |   |     `-- minimatch@0.2.14 
#8 74.45 |   |       `-- lru-cache@2.7.3 
#8 74.45 |   +-- graceful-fs@3.0.12 
#8 74.45 |   +-- strip-bom@1.0.0 
#8 74.45 |   | +-- first-chunk-stream@1.0.0 
#8 74.45 |   | `-- is-utf8@0.2.1 
#8 74.45 |   +-- through2@0.6.5 
#8 74.45 |   | `-- readable-stream@1.0.34 
#8 74.45 |   |   +-- isarray@0.0.1 
#8 74.45 |   |   `-- string_decoder@0.10.31 
#8 74.45 |   `-- vinyl@0.4.6 
#8 74.45 |     `-- clone@0.2.0 
#8 74.45 +-- gulp-cucumber@0.0.21 
#8 74.45 | +-- simple-glob@0.1.1 
#8 74.45 | | +-- glob@3.2.11 
#8 74.45 | | | `-- minimatch@0.3.0 
#8 74.45 | | +-- lodash@2.4.2 
#8 74.45 | | `-- minimatch@0.2.14 
#8 74.45 | |   +-- lru-cache@2.7.3 
#8 74.45 | |   `-- sigmund@1.0.1 
#8 74.45 | `-- through2@0.6.5 
#8 74.45 |   `-- readable-stream@1.0.34 
#8 74.45 |     +-- isarray@0.0.1 
#8 74.45 |     `-- string_decoder@0.10.31 
#8 74.45 +-- gulp-eslint@3.0.1 
#8 74.45 | +-- bufferstreams@1.1.3 
#8 74.45 | `-- eslint@3.19.0 
#8 74.45 |   +-- babel-code-frame@6.26.0 
#8 74.45 |   | `-- js-tokens@3.0.2 
#8 74.45 |   +-- escope@3.6.0 
#8 74.45 |   | +-- es6-map@0.1.5 
#8 74.45 |   | | `-- es6-set@0.1.6 
#8 74.45 |   | +-- es6-weak-map@2.0.3 
#8 74.45 |   | `-- esrecurse@4.3.0 
#8 74.45 |   |   `-- estraverse@5.3.0 
#8 74.45 |   +-- espree@3.5.4 
#8 74.45 |   | +-- acorn@5.7.4 
#8 74.45 |   | `-- acorn-jsx@3.0.1 
#8 74.45 |   |   `-- acorn@3.3.0 
#8 74.45 |   +-- esquery@1.6.0 
#8 74.45 |   | `-- estraverse@5.3.0 
#8 74.45 |   +-- estraverse@4.3.0 
#8 74.45 |   +-- esutils@2.0.3 
#8 74.45 |   +-- file-entry-cache@2.0.0 
#8 74.45 |   | `-- flat-cache@1.3.4 
#8 74.45 |   |   +-- circular-json@0.3.3 
#8 74.45 |   |   +-- rimraf@2.6.3 
#8 74.45 |   |   `-- write@0.2.1 
#8 74.45 |   +-- globals@9.18.0 
#8 74.45 |   +-- ignore@3.3.10 
#8 74.45 |   +-- imurmurhash@0.1.4 
#8 74.45 |   +-- inquirer@0.12.0 
#8 74.45 |   | +-- ansi-escapes@1.4.0 
#8 74.45 |   | +-- cli-cursor@1.0.2 
#8 74.45 |   | | `-- restore-cursor@1.0.1 
#8 74.45 |   | |   +-- exit-hook@1.1.1 
#8 74.45 |   | |   `-- onetime@1.1.0 
#8 74.45 |   | +-- cli-width@2.2.1 
#8 74.45 |   | +-- readline2@1.0.1 
#8 74.45 |   | | +-- code-point-at@1.1.0 
#8 74.45 |   | | +-- is-fullwidth-code-point@1.0.0 
#8 74.45 |   | | | `-- number-is-nan@1.0.1 
#8 74.45 |   | | `-- mute-stream@0.0.5 
#8 74.45 |   | +-- run-async@0.1.0 
#8 74.45 |   | +-- rx-lite@3.1.2 
#8 74.45 |   | `-- string-width@1.0.2 
#8 74.45 |   +-- is-my-json-valid@2.20.6 
#8 74.45 |   | +-- generate-function@2.3.1 
#8 74.45 |   | | `-- is-property@1.0.2 
#8 74.45 |   | +-- generate-object-property@1.2.0 
#8 74.45 |   | +-- is-my-ip-valid@1.0.1 
#8 74.45 |   | `-- jsonpointer@5.0.1 
#8 74.45 |   +-- is-resolvable@1.1.0 
#8 74.45 |   +-- json-stable-stringify@1.1.1 
#8 74.45 |   | +-- isarray@2.0.5 
#8 74.45 |   | +-- jsonify@0.0.1 
#8 74.45 |   | `-- object-keys@1.1.1 
#8 74.45 |   +-- levn@0.3.0 
#8 74.45 |   | +-- prelude-ls@1.1.2 
#8 74.45 |   | `-- type-check@0.3.2 
#8 74.45 |   +-- natural-compare@1.4.0 
#8 74.45 |   +-- optionator@0.8.3 
#8 74.45 |   | +-- deep-is@0.1.4 
#8 74.45 |   | +-- fast-levenshtein@2.0.6 
#8 74.45 |   | `-- word-wrap@1.2.5 
#8 74.45 |   +-- path-is-inside@1.0.2 
#8 74.45 |   +-- pluralize@1.2.1 
#8 74.45 |   +-- progress@1.1.8 
#8 74.45 |   +-- require-uncached@1.0.3 
#8 74.45 |   | +-- caller-path@0.1.0 
#8 74.45 |   | | `-- callsites@0.2.0 
#8 74.45 |   | `-- resolve-from@1.0.1 
#8 74.45 |   +-- shelljs@0.7.8 
#8 74.45 |   +-- strip-bom@3.0.0 
#8 74.45 |   +-- strip-json-comments@2.0.1 
#8 74.45 |   +-- table@3.8.3 
#8 74.45 |   | +-- ajv@4.11.8 
#8 74.45 |   | +-- ajv-keywords@1.5.1 
#8 74.45 |   | +-- slice-ansi@0.0.4 
#8 74.45 |   | `-- string-width@2.1.1 
#8 74.45 |   |   +-- is-fullwidth-code-point@2.0.0 
#8 74.45 |   |   `-- strip-ansi@4.0.0 
#8 74.45 |   |     `-- ansi-regex@3.0.1 
#8 74.45 |   +-- text-table@0.2.0 
#8 74.45 |   `-- user-home@2.0.0 
#8 74.45 +-- gulp-todo@4.1.0 
#8 74.45 | +-- leasot@3.2.2 
#8 74.45 | | +-- get-line-from-pos@1.0.0 
#8 74.45 | | +-- get-stdin@5.0.1 
#8 74.45 | | +-- glob@5.0.15 
#8 74.45 | | +-- json2xml@0.1.3 
#8 74.45 | | +-- lodash.compact@3.0.1 
#8 74.45 | | +-- lodash.uniq@3.2.2 
#8 74.45 | | | +-- lodash._basecallback@3.3.1 
#8 74.45 | | | | +-- lodash._baseisequal@3.0.7 
#8 74.45 | | | | | `-- lodash.istypedarray@3.0.6 
#8 74.45 | | | | `-- lodash.pairs@3.0.1 
#8 74.45 | | | +-- lodash._baseuniq@3.0.3 
#8 74.45 | | | +-- lodash._getnative@3.9.1 
#8 74.45 | | | `-- lodash.isarray@3.0.4 
#8 74.45 | | +-- log-symbols@1.0.2 
#8 74.45 | | `-- map-async@0.1.1 
#8 74.45 | +-- lodash.defaults@3.1.2 
#8 74.45 | | +-- lodash.assign@3.2.0 
#8 74.45 | | | +-- lodash._baseassign@3.2.0 
#8 74.45 | | | `-- lodash._createassigner@3.1.1 
#8 74.45 | | `-- lodash.restparam@3.6.1 
#8 74.45 | +-- lodash.omit@3.1.0 
#8 74.45 | | +-- lodash._arraymap@3.0.0 
#8 74.45 | | +-- lodash._basedifference@3.0.3 
#8 74.45 | | | +-- lodash._baseindexof@3.1.0 
#8 74.45 | | | +-- lodash._cacheindexof@3.0.2 
#8 74.45 | | | `-- lodash._createcache@3.1.2 
#8 74.45 | | +-- lodash._baseflatten@3.1.4 
#8 74.45 | | | `-- lodash.isarguments@3.1.0 
#8 74.45 | | +-- lodash._bindcallback@3.0.1 
#8 74.45 | | +-- lodash._pickbyarray@3.0.2 
#8 74.45 | | +-- lodash._pickbycallback@3.0.0 
#8 74.45 | | | `-- lodash._basefor@3.0.3 
#8 74.45 | | `-- lodash.keysin@3.0.8 
#8 74.45 | `-- through2@2.0.5 
#8 74.45 +-- hal@0.1.0 
#8 74.45 +-- JSONStream@1.3.5 
#8 74.45 | +-- jsonparse@1.3.1 
#8 74.45 | `-- through@2.3.8 
#8 74.45 +-- jsonwebtoken@8.5.1 
#8 74.45 | +-- jws@3.2.2 
#8 74.45 | | `-- jwa@1.4.1 
#8 74.45 | |   +-- buffer-equal-constant-time@1.0.1 
#8 74.45 | |   `-- ecdsa-sig-formatter@1.0.11 
#8 74.45 | +-- lodash.includes@4.3.0 
#8 74.45 | +-- lodash.isboolean@3.0.3 
#8 74.45 | +-- lodash.isinteger@4.0.4 
#8 74.45 | +-- lodash.isnumber@3.0.3 
#8 74.45 | +-- lodash.isplainobject@4.0.6 
#8 74.45 | +-- lodash.isstring@4.0.1 
#8 74.45 | +-- lodash.once@4.1.1 
#8 74.45 | +-- ms@2.1.3 
#8 74.45 | `-- semver@5.7.2 
#8 74.45 +-- knox@0.9.2 
#8 74.45 | +-- debug@1.0.5 
#8 74.45 | +-- once@1.4.0 
#8 74.45 | | `-- wrappy@1.0.2 
#8 74.45 | +-- stream-counter@1.0.0 
#8 74.45 | `-- xml2js@0.4.23 
#8 74.45 |   +-- sax@1.4.1 
#8 74.45 |   `-- xmlbuilder@11.0.1 
#8 74.45 +-- lodash@4.17.21 
#8 74.45 +-- lynx@0.2.0 
#8 74.45 | +-- mersenne@0.0.4 
#8 74.45 | `-- statsd-parser@0.0.4 
#8 74.45 +-- method-override@2.3.10 
#8 74.45 +-- mime@1.6.0 
#8 74.45 +-- mongodb@2.2.36 
#8 74.45 | +-- es6-promise@3.2.1 
#8 74.45 | +-- mongodb-core@2.1.20 
#8 74.45 | | +-- bson@1.0.9 
#8 74.45 | | `-- require_optional@1.0.1 
#8 74.45 | |   `-- resolve-from@2.0.0 
#8 74.45 | `-- readable-stream@2.2.7 
#8 74.45 |   +-- buffer-shims@1.0.0 
#8 74.45 |   +-- process-nextick-args@1.0.7 
#8 74.45 |   `-- string_decoder@1.0.3 
#8 74.45 +-- multiparty@4.2.3 
#8 74.45 | +-- http-errors@1.8.1 
#8 74.45 | | +-- depd@1.1.2 
#8 74.45 | | `-- statuses@1.5.0 
#8 74.45 | +-- safe-buffer@5.2.1 
#8 74.45 | `-- uid-safe@2.1.5 
#8 74.45 |   `-- random-bytes@1.0.0 
#8 74.45 +-- newrelic@4.13.1 
#8 74.45 | +-- @newrelic/koa@1.0.8 
#8 74.45 | +-- @newrelic/native-metrics@3.1.2 
#8 74.45 | +-- @newrelic/superagent@1.0.3 
#8 74.45 | +-- @tyriar/fibonacci-heap@2.0.9 
#8 74.45 | +-- concat-stream@1.6.2 
#8 74.45 | | +-- buffer-from@1.1.2 
#8 74.45 | | `-- typedarray@0.0.6 
#8 74.45 | +-- https-proxy-agent@2.2.4 
#8 74.45 | | +-- agent-base@4.3.0 
#8 74.45 | | | `-- es6-promisify@5.0.0 
#8 74.45 | | |   `-- es6-promise@4.2.8 
#8 74.45 | | `-- debug@3.2.7 
#8 74.45 | |   `-- ms@2.1.3 
#8 74.45 | `-- json-stringify-safe@5.0.1 
#8 74.45 +-- node-readability@2.2.0 
#8 74.45 | +-- encoding@0.1.13 
#8 74.45 | | `-- iconv-lite@0.6.3 
#8 74.45 | +-- jsdom@6.5.1 
#8 74.45 | | +-- acorn@2.7.0 
#8 74.45 | | +-- acorn-globals@1.0.9 
#8 74.45 | | +-- browser-request@0.3.3 
#8 74.45 | | +-- cssom@0.3.8 
#8 74.45 | | +-- cssstyle@0.2.37 
#8 74.45 | | +-- escodegen@1.14.3 
#8 74.45 | | | `-- source-map@0.6.1 
#8 74.45 | | +-- htmlparser2@3.10.1 
#8 74.45 | | | +-- domelementtype@1.3.1 
#8 74.45 | | | +-- domhandler@2.4.2 
#8 74.45 | | | +-- domutils@1.7.0 
#8 74.45 | | | | `-- dom-serializer@0.2.2 
#8 74.45 | | | |   +-- domelementtype@2.3.0 
#8 74.45 | | | |   `-- entities@2.2.0 
#8 74.45 | | | +-- entities@1.1.2 
#8 74.45 | | | `-- readable-stream@3.6.2 
#8 74.45 | | +-- nwmatcher@1.4.4 
#8 74.45 | | +-- parse5@1.5.1 
#8 74.45 | | +-- symbol-tree@3.2.4 
#8 74.45 | | +-- whatwg-url-compat@0.6.5 
#8 74.45 | | | `-- tr46@0.0.3 
#8 74.45 | | +-- xml-name-validator@2.0.1 
#8 74.45 | | `-- xmlhttprequest@1.8.0 
#8 74.45 | `-- request@2.40.0 
#8 74.45 |   +-- aws-sign2@0.5.0 
#8 74.45 |   +-- forever-agent@0.5.2 
#8 74.45 |   +-- form-data@0.1.4 
#8 74.45 |   | +-- async@0.9.2 
#8 74.45 |   | +-- combined-stream@0.0.7 
#8 74.45 |   | | `-- delayed-stream@0.0.5 
#8 74.45 |   | `-- mime@1.2.11 
#8 74.45 |   +-- hawk@1.1.1 
#8 74.45 |   | +-- boom@0.4.2 
#8 74.45 |   | +-- cryptiles@0.2.2 
#8 74.45 |   | +-- hoek@0.9.1 
#8 74.45 |   | `-- sntp@0.2.4 
#8 74.45 |   +-- http-signature@0.10.1 
#8 74.45 |   | +-- asn1@0.1.11 
#8 74.45 |   | +-- assert-plus@0.1.5 
#8 74.45 |   | `-- ctype@0.5.3 
#8 74.45 |   +-- mime-types@1.0.2 
#8 74.45 |   +-- node-uuid@1.4.8 
#8 74.45 |   +-- oauth-sign@0.3.0 
#8 74.45 |   +-- qs@1.0.2 
#8 74.45 |   +-- stringstream@0.0.6 
#8 74.45 |   `-- tunnel-agent@0.4.3 
#8 74.45 +-- redis@2.8.0 
#8 74.45 | +-- double-ended-queue@2.1.0-0 
#8 74.45 | +-- redis-commands@1.7.0 
#8 74.45 | `-- redis-parser@2.6.0 
#8 74.45 +-- request@2.88.2 
#8 74.45 | +-- aws-sign2@0.7.0 
#8 74.45 | +-- aws4@1.13.0 
#8 74.45 | +-- caseless@0.12.0 
#8 74.45 | +-- combined-stream@1.0.8 
#8 74.45 | | `-- delayed-stream@1.0.0 
#8 74.45 | +-- extend@3.0.2 
#8 74.45 | +-- form-data@2.3.3 
#8 74.45 | | `-- asynckit@0.4.0 
#8 74.45 | +-- har-validator@5.1.5 
#8 74.45 | | +-- ajv@6.12.6 
#8 74.45 | | | +-- fast-deep-equal@3.1.3 
#8 74.45 | | | +-- fast-json-stable-stringify@2.1.0 
#8 74.45 | | | +-- json-schema-traverse@0.4.1 
#8 74.45 | | | `-- uri-js@4.4.1 
#8 74.45 | | `-- har-schema@2.0.0 
#8 74.45 | +-- http-signature@1.2.0 
#8 74.45 | | +-- assert-plus@1.0.0 
#8 74.45 | | +-- jsprim@1.4.2 
#8 74.45 | | | +-- extsprintf@1.3.0 
#8 74.45 | | | +-- json-schema@0.4.0 
#8 74.45 | | | `-- verror@1.10.0 
#8 74.45 | | |   `-- core-util-is@1.0.2 
#8 74.45 | | `-- sshpk@1.18.0 
#8 74.45 | |   +-- asn1@0.2.6 
#8 74.45 | |   +-- bcrypt-pbkdf@1.0.2 
#8 74.45 | |   +-- dashdash@1.14.1 
#8 74.45 | |   +-- ecc-jsbn@0.1.2 
#8 74.45 | |   +-- getpass@0.1.7 
#8 74.45 | |   +-- jsbn@0.1.1 
#8 74.45 | |   `-- tweetnacl@0.14.5 
#8 74.45 | +-- is-typedarray@1.0.0 
#8 74.45 | +-- isstream@0.1.2 
#8 74.45 | +-- mime-types@2.1.35 
#8 74.45 | +-- oauth-sign@0.9.0 
#8 74.45 | +-- performance-now@2.1.0 
#8 74.45 | +-- qs@6.5.3 
#8 74.45 | +-- tough-cookie@2.5.0 
#8 74.45 | | +-- psl@1.9.0 
#8 74.45 | | `-- punycode@2.3.1 
#8 74.45 | +-- tunnel-agent@0.6.0 
#8 74.45 | `-- uuid@3.4.0 
#8 74.45 +-- supertest@1.2.0 
#8 74.45 | `-- superagent@1.8.5 
#8 74.45 |   +-- component-emitter@1.2.1 
#8 74.45 |   +-- cookiejar@2.0.6 
#8 74.45 |   +-- extend@3.0.0 
#8 74.45 |   +-- form-data@1.0.0-rc3 
#8 74.45 |   | `-- async@1.5.2 
#8 74.45 |   +-- formidable@1.0.17 
#8 74.45 |   +-- mime@1.3.4 
#8 74.45 |   +-- qs@2.3.3 
#8 74.45 |   +-- readable-stream@1.0.27-1 
#8 74.45 |   | +-- isarray@0.0.1 
#8 74.45 |   | `-- string_decoder@0.10.31 
#8 74.45 |   `-- reduce-component@1.0.1 
#8 74.45 +-- swagger-jsdoc@1.10.3 
#8 74.45 | +-- chokidar@2.1.8 
#8 74.45 | | +-- anymatch@2.0.0 
#8 74.45 | | +-- async-each@1.0.6 
#8 74.45 | | +-- braces@2.3.2 
#8 74.45 | | | +-- arr-flatten@1.1.0 
#8 74.45 | | | +-- array-unique@0.3.2 
#8 74.45 | | | +-- extend-shallow@2.0.1 
#8 74.45 | | | | `-- is-extendable@0.1.1 
#8 74.45 | | | +-- fill-range@4.0.0 
#8 74.45 | | | | +-- extend-shallow@2.0.1 
#8 74.45 | | | | +-- is-number@3.0.0 
#8 74.45 | | | | | `-- kind-of@3.2.2 
#8 74.45 | | | | |   `-- is-buffer@1.1.6 
#8 74.45 | | | | +-- repeat-string@1.6.1 
#8 74.45 | | | | `-- to-regex-range@2.1.1 
#8 74.45 | | | +-- repeat-element@1.1.4 
#8 74.45 | | | +-- snapdragon@0.8.2 
#8 74.45 | | | | +-- base@0.11.2 
#8 74.45 | | | | | +-- cache-base@1.0.1 
#8 74.45 | | | | | | +-- collection-visit@1.0.0 
#8 74.45 | | | | | | | +-- map-visit@1.0.0 
#8 74.45 | | | | | | | `-- object-visit@1.0.1 
#8 74.45 | | | | | | +-- get-value@2.0.6 
#8 74.45 | | | | | | +-- has-value@1.0.0 
#8 74.45 | | | | | | | `-- has-values@1.0.0 
#8 74.45 | | | | | | |   `-- kind-of@4.0.0 
#8 74.45 | | | | | | +-- set-value@2.0.1 
#8 74.45 | | | | | | | `-- extend-shallow@2.0.1 
#8 74.45 | | | | | | +-- to-object-path@0.3.0 
#8 74.45 | | | | | | +-- union-value@1.0.1 
#8 74.45 | | | | | | `-- unset-value@1.0.0 
#8 74.45 | | | | | |   `-- has-value@0.3.1 
#8 74.45 | | | | | |     +-- has-values@0.1.4 
#8 74.45 | | | | | |     `-- isobject@2.1.0 
#8 74.45 | | | | | +-- class-utils@0.3.6 
#8 74.45 | | | | | | +-- arr-union@3.1.0 
#8 74.45 | | | | | | +-- define-property@0.2.5 
#8 74.45 | | | | | | `-- static-extend@0.1.2 
#8 74.45 | | | | | |   +-- define-property@0.2.5 
#8 74.45 | | | | | |   `-- object-copy@0.1.0 
#8 74.45 | | | | | |     +-- copy-descriptor@0.1.1 
#8 74.45 | | | | | |     `-- define-property@0.2.5 
#8 74.45 | | | | | +-- component-emitter@1.3.1 
#8 74.45 | | | | | +-- define-property@1.0.0 
#8 74.45 | | | | | | `-- is-descriptor@1.0.3 
#8 74.45 | | | | | +-- mixin-deep@1.3.2 
#8 74.45 | | | | | | `-- is-extendable@1.0.1 
#8 74.45 | | | | | `-- pascalcase@0.1.1 
#8 74.45 | | | | +-- define-property@0.2.5 
#8 74.45 | | | | | `-- is-descriptor@0.1.7 
#8 74.45 | | | | +-- extend-shallow@2.0.1 
#8 74.45 | | | | +-- source-map@0.5.7 
#8 74.45 | | | | +-- source-map-resolve@0.5.3 
#8 74.45 | | | | | +-- atob@2.1.2 
#8 74.45 | | | | | +-- decode-uri-component@0.2.2 
#8 74.45 | | | | | +-- resolve-url@0.2.1 
#8 74.45 | | | | | +-- source-map-url@0.4.1 
#8 74.45 | | | | | `-- urix@0.1.0 
#8 74.45 | | | | `-- use@3.1.1 
#8 74.45 | | | +-- snapdragon-node@2.1.1 
#8 74.45 | | | | +-- define-property@1.0.0 
#8 74.45 | | | | | `-- is-descriptor@1.0.3 
#8 74.45 | | | | `-- snapdragon-util@3.0.1 
#8 74.45 | | | +-- split-string@3.1.0 
#8 74.45 | | | `-- to-regex@3.0.2 
#8 74.45 | | |   `-- safe-regex@1.1.0 
#8 74.45 | | |     `-- ret@0.1.15 
#8 74.45 | | +-- glob-parent@3.1.0 
#8 74.45 | | | +-- is-glob@3.1.0 
#8 74.45 | | | `-- path-dirname@1.0.2 
#8 74.45 | | +-- is-binary-path@1.0.1 
#8 74.45 | | | `-- binary-extensions@1.13.1 
#8 74.45 | | +-- is-glob@4.0.3 
#8 74.45 | | | `-- is-extglob@2.1.1 
#8 74.45 | | +-- normalize-path@3.0.0 
#8 74.45 | | +-- readdirp@2.2.1 
#8 74.45 | | `-- upath@1.2.0 
#8 74.45 | +-- doctrine@2.1.0 
#8 74.45 | +-- js-yaml@3.14.1 
#8 74.45 | | +-- argparse@1.0.10 
#8 74.45 | | | `-- sprintf-js@1.0.3 
#8 74.45 | | `-- esprima@4.0.1 
#8 74.45 | +-- recursive-iterator@2.0.3 
#8 74.45 | `-- swagger-parser@3.4.2 
#8 74.45 |   +-- call-me-maybe@1.0.2 
#8 74.45 |   +-- debug@3.2.7 
#8 74.45 |   | `-- ms@2.1.3 
#8 74.45 |   +-- es6-promise@4.2.8 
#8 74.45 |   +-- json-schema-ref-parser@1.4.1 
#8 74.45 |   | `-- ono@2.2.5 
#8 74.45 |   +-- ono@4.0.11 
#8 74.45 |   | `-- format-util@1.0.5 
#8 74.45 |   +-- swagger-methods@1.0.8 
#8 74.45 |   +-- swagger-schema-official@2.0.0-bab6bed 
#8 74.45 |   `-- z-schema@3.25.1 
#8 74.45 |     +-- core-js@2.6.12 
#8 74.45 |     +-- lodash.get@4.4.2 
#8 74.45 |     +-- lodash.isequal@4.5.0 
#8 74.45 |     `-- validator@10.11.0 
#8 74.45 +-- webshot@0.18.0 
#8 74.45 | +-- cross-spawn@0.2.9 
#8 74.45 | | `-- lru-cache@2.7.3 
#8 74.45 | +-- graceful-fs@3.0.12 
#8 74.45 | | `-- natives@1.1.6 
#8 74.45 | +-- phantomjs-prebuilt@2.1.16 
#8 74.45 | | +-- es6-promise@4.2.8 
#8 74.45 | | +-- extract-zip@1.7.0 
#8 74.45 | | | `-- yauzl@2.10.0 
#8 74.45 | | |   `-- fd-slicer@1.1.0 
#8 74.45 | | |     `-- pend@1.2.0 
#8 74.45 | | +-- fs-extra@1.0.0 
#8 74.45 | | +-- hasha@2.2.0 
#8 74.45 | | | +-- is-stream@1.1.0 
#8 74.45 | | | `-- pinkie-promise@2.0.1 
#8 74.45 | | |   `-- pinkie@2.0.4 
#8 74.45 | | +-- kew@0.7.0 
#8 74.45 | | `-- request-progress@2.0.1 
#8 74.45 | |   `-- throttleit@1.0.1 
#8 74.45 | `-- tmp@0.0.33 
#8 74.45 |   `-- os-tmpdir@1.0.2 
#8 74.45 `-- when@3.7.8 
#8 74.45 
#8 74.45 npm WARN optional SKIPPING OPTIONAL DEPENDENCY: fsevents@^1.2.7 (node_modules/chokidar/node_modules/fsevents):
#8 74.45 npm WARN notsup SKIPPING OPTIONAL DEPENDENCY: Unsupported platform for fsevents@1.2.13: wanted {"os":"darwin","arch":"any"} (current: {"os":"linux","arch":"x64"})
#8 74.46 npm ERR! Linux 3.10.0-1160.88.1.el7.x86_64
#8 74.46 npm ERR! argv "/usr/local/bin/node" "/usr/local/bin/npm" "install"
#8 74.46 npm ERR! node v6.17.1
#8 74.46 npm ERR! npm  v3.10.10
#8 74.46 npm ERR! path /usr/src/app/node_modules/.staging/@types/babylon-34a7a879/package.json
#8 74.46 npm ERR! code ENOTDIR
#8 74.46 npm ERR! errno -20
#8 74.46 npm ERR! syscall open
#8 74.46 
#8 74.46 npm ERR! ENOTDIR: not a directory, open '/usr/src/app/node_modules/.staging/@types/babylon-34a7a879/package.json'
#8 74.46 npm ERR! 
#8 74.46 npm ERR! If you need help, you may report this error at:
#8 74.46 npm ERR!     <https://github.com/npm/npm/issues>
#8 74.57 
#8 74.57 npm ERR! Please include the following file with any support request:
#8 74.57 npm ERR!     /usr/src/app/npm-debug.log
#8 ERROR: process "/bin/sh -c npm install && npm cache clean --force" did not complete successfully: exit code: 236
------
 > [3/2] RUN npm install && npm cache clean --force:
74.46 npm ERR! errno -20
74.46 npm ERR! syscall open
74.46 
74.46 npm ERR! ENOTDIR: not a directory, open '/usr/src/app/node_modules/.staging/@types/babylon-34a7a879/package.json'
74.46 npm ERR! 
74.46 npm ERR! If you need help, you may report this error at:
74.46 npm ERR!     <https://github.com/npm/npm/issues>
74.57 
74.57 npm ERR! Please include the following file with any support request:
74.57 npm ERR!     /usr/src/app/npm-debug.log
------
Dockerfile:1
--------------------
   1 | >>> # Nunux Keeper core API server.
   2 |     #
   3 |     # VERSION 2.0
--------------------
ERROR: failed to solve: process "/bin/sh -c npm install && npm cache clean --force" did not complete successfully: exit code: 236
Duration: 2:12.54