#0 building with "default" instance using docker driver

#1 [internal] load .dockerignore
#1 transferring context:
#1 transferring context: 97B 0.0s done
#1 DONE 0.4s

#2 [internal] load build definition from Dockerfile
#2 transferring dockerfile: 638B done
#2 DONE 0.3s

#3 [auth] library/ruby:pull token for registry-1.docker.io
#3 DONE 0.0s

#4 [internal] load metadata for docker.io/library/ruby:2.3
#4 DONE 1.5s

#5 [internal] load build context
#5 DONE 0.0s

#6 [ 1/14] FROM docker.io/library/ruby:2.3@sha256:78cc821d95c48621e577b6b0d44c9d509f0f2a4e089b9fd0ca2ae86f274773a8
#6 resolve docker.io/library/ruby:2.3@sha256:78cc821d95c48621e577b6b0d44c9d509f0f2a4e089b9fd0ca2ae86f274773a8
#6 resolve docker.io/library/ruby:2.3@sha256:78cc821d95c48621e577b6b0d44c9d509f0f2a4e089b9fd0ca2ae86f274773a8 0.2s done
#6 sha256:78cc821d95c48621e577b6b0d44c9d509f0f2a4e089b9fd0ca2ae86f274773a8 2.37kB / 2.37kB done
#6 sha256:79c9f9a430a66c7e307573c8220d0a83a834fdcf4f5034a91730b7015742c75b 2.00kB / 2.00kB done
#6 sha256:c0d23ebb3ed63af928b7c4a954de87a5d3c1fe98a2dfcb2a44e685a3e65c3c61 7.50kB / 7.50kB done
#6 sha256:e79bb959ec00faf01da52437df4fad4537ec669f60455a38ad583ec2b8f00498 0B / 45.34MB 0.2s
#6 sha256:e79bb959ec00faf01da52437df4fad4537ec669f60455a38ad583ec2b8f00498 4.19MB / 45.34MB 0.3s
#6 sha256:d4b7902036fe0cefdfe9ccf0404fe13322ecbd552f132be73d3e840f95538838 0B / 10.78MB 0.3s
#6 ...

#5 [internal] load build context
#5 transferring context: 435.18kB 0.1s done
#5 DONE 0.4s

#6 [ 1/14] FROM docker.io/library/ruby:2.3@sha256:78cc821d95c48621e577b6b0d44c9d509f0f2a4e089b9fd0ca2ae86f274773a8
#6 sha256:e79bb959ec00faf01da52437df4fad4537ec669f60455a38ad583ec2b8f00498 10.49MB / 45.34MB 0.4s
#6 sha256:d4b7902036fe0cefdfe9ccf0404fe13322ecbd552f132be73d3e840f95538838 1.05MB / 10.78MB 0.4s
#6 sha256:1b2a72d4e03052566e99130108071fc4eca4942c62923e3e5cf19666a23088ef 0B / 4.34MB 0.4s
#6 sha256:e79bb959ec00faf01da52437df4fad4537ec669f60455a38ad583ec2b8f00498 14.68MB / 45.34MB 0.5s
#6 sha256:d4b7902036fe0cefdfe9ccf0404fe13322ecbd552f132be73d3e840f95538838 6.29MB / 10.78MB 0.5s
#6 sha256:e79bb959ec00faf01da52437df4fad4537ec669f60455a38ad583ec2b8f00498 27.26MB / 45.34MB 0.7s
#6 sha256:d4b7902036fe0cefdfe9ccf0404fe13322ecbd552f132be73d3e840f95538838 10.78MB / 10.78MB 0.7s
#6 sha256:1b2a72d4e03052566e99130108071fc4eca4942c62923e3e5cf19666a23088ef 4.34MB / 4.34MB 0.7s
#6 sha256:e79bb959ec00faf01da52437df4fad4537ec669f60455a38ad583ec2b8f00498 32.51MB / 45.34MB 0.8s
#6 sha256:d4b7902036fe0cefdfe9ccf0404fe13322ecbd552f132be73d3e840f95538838 10.78MB / 10.78MB 0.8s done
#6 sha256:e79bb959ec00faf01da52437df4fad4537ec669f60455a38ad583ec2b8f00498 38.80MB / 45.34MB 0.9s
#6 sha256:d54db43011fd116b8cb6d9e49e268cee1fa6212f152b30cbfa7f3c4c684427c3 0B / 50.07MB 0.9s
#6 sha256:e79bb959ec00faf01da52437df4fad4537ec669f60455a38ad583ec2b8f00498 45.34MB / 45.34MB 1.0s
#6 sha256:1b2a72d4e03052566e99130108071fc4eca4942c62923e3e5cf19666a23088ef 4.34MB / 4.34MB 1.0s done
#6 sha256:d54db43011fd116b8cb6d9e49e268cee1fa6212f152b30cbfa7f3c4c684427c3 7.34MB / 50.07MB 1.1s
#6 sha256:d54db43011fd116b8cb6d9e49e268cee1fa6212f152b30cbfa7f3c4c684427c3 13.63MB / 50.07MB 1.2s
#6 sha256:69d473365bb390367b7a54a3e890ca28c4640a56dfe4f53a0036130c964a1e52 0B / 215.05MB 1.2s
#6 sha256:e79bb959ec00faf01da52437df4fad4537ec669f60455a38ad583ec2b8f00498 45.34MB / 45.34MB 1.8s done
#6 sha256:d54db43011fd116b8cb6d9e49e268cee1fa6212f152b30cbfa7f3c4c684427c3 50.07MB / 50.07MB 1.9s
#6 sha256:69d473365bb390367b7a54a3e890ca28c4640a56dfe4f53a0036130c964a1e52 35.65MB / 215.05MB 1.9s
#6 sha256:69d473365bb390367b7a54a3e890ca28c4640a56dfe4f53a0036130c964a1e52 47.19MB / 215.05MB 2.1s
#6 sha256:69d473365bb390367b7a54a3e890ca28c4640a56dfe4f53a0036130c964a1e52 61.87MB / 215.05MB 2.4s
#6 extracting sha256:e79bb959ec00faf01da52437df4fad4537ec669f60455a38ad583ec2b8f00498
#6 sha256:d54db43011fd116b8cb6d9e49e268cee1fa6212f152b30cbfa7f3c4c684427c3 50.07MB / 50.07MB 2.6s done
#6 sha256:69d473365bb390367b7a54a3e890ca28c4640a56dfe4f53a0036130c964a1e52 81.79MB / 215.05MB 2.8s
#6 sha256:8952ca0665c56358d62b13871b6a1cb62be5ea173bfa53bfc3a21efa96ca10d8 0B / 33.62MB 2.8s
#6 sha256:8952ca0665c56358d62b13871b6a1cb62be5ea173bfa53bfc3a21efa96ca10d8 4.19MB / 33.62MB 2.9s
#6 sha256:84ed2a0dc034bbdc8a28dfb592e5176338052ada31aa748ce78170876a8a0a84 0B / 204B 2.9s
#6 sha256:69d473365bb390367b7a54a3e890ca28c4640a56dfe4f53a0036130c964a1e52 93.32MB / 215.05MB 3.0s
#6 sha256:8952ca0665c56358d62b13871b6a1cb62be5ea173bfa53bfc3a21efa96ca10d8 9.44MB / 33.62MB 3.0s
#6 sha256:84ed2a0dc034bbdc8a28dfb592e5176338052ada31aa748ce78170876a8a0a84 204B / 204B 2.9s done
#6 sha256:69d473365bb390367b7a54a3e890ca28c4640a56dfe4f53a0036130c964a1e52 104.96MB / 215.05MB 3.2s
#6 sha256:8952ca0665c56358d62b13871b6a1cb62be5ea173bfa53bfc3a21efa96ca10d8 18.87MB / 33.62MB 3.2s
#6 sha256:ef485f36c62492911d22d57cdb485fc295f58e37451fef4a7e8208ca56c36401 149B / 149B 3.2s done
#6 sha256:8952ca0665c56358d62b13871b6a1cb62be5ea173bfa53bfc3a21efa96ca10d8 24.12MB / 33.62MB 3.3s
#6 sha256:69d473365bb390367b7a54a3e890ca28c4640a56dfe4f53a0036130c964a1e52 117.44MB / 215.05MB 3.4s
#6 sha256:8952ca0665c56358d62b13871b6a1cb62be5ea173bfa53bfc3a21efa96ca10d8 28.31MB / 33.62MB 3.4s
#6 sha256:69d473365bb390367b7a54a3e890ca28c4640a56dfe4f53a0036130c964a1e52 130.02MB / 215.05MB 3.6s
#6 sha256:8952ca0665c56358d62b13871b6a1cb62be5ea173bfa53bfc3a21efa96ca10d8 33.62MB / 33.62MB 3.6s
#6 sha256:69d473365bb390367b7a54a3e890ca28c4640a56dfe4f53a0036130c964a1e52 146.80MB / 215.05MB 3.9s
#6 sha256:69d473365bb390367b7a54a3e890ca28c4640a56dfe4f53a0036130c964a1e52 158.17MB / 215.05MB 4.1s
#6 sha256:69d473365bb390367b7a54a3e890ca28c4640a56dfe4f53a0036130c964a1e52 169.87MB / 215.05MB 4.3s
#6 sha256:8952ca0665c56358d62b13871b6a1cb62be5ea173bfa53bfc3a21efa96ca10d8 33.62MB / 33.62MB 4.1s done
#6 sha256:69d473365bb390367b7a54a3e890ca28c4640a56dfe4f53a0036130c964a1e52 182.45MB / 215.05MB 4.5s
#6 sha256:69d473365bb390367b7a54a3e890ca28c4640a56dfe4f53a0036130c964a1e52 193.99MB / 215.05MB 4.7s
#6 sha256:69d473365bb390367b7a54a3e890ca28c4640a56dfe4f53a0036130c964a1e52 205.52MB / 215.05MB 4.9s
#6 extracting sha256:e79bb959ec00faf01da52437df4fad4537ec669f60455a38ad583ec2b8f00498 6.1s
#6 sha256:69d473365bb390367b7a54a3e890ca28c4640a56dfe4f53a0036130c964a1e52 215.05MB / 215.05MB 10.1s
#6 sha256:69d473365bb390367b7a54a3e890ca28c4640a56dfe4f53a0036130c964a1e52 215.05MB / 215.05MB 10.9s done
#6 extracting sha256:e79bb959ec00faf01da52437df4fad4537ec669f60455a38ad583ec2b8f00498 11.3s
#6 extracting sha256:e79bb959ec00faf01da52437df4fad4537ec669f60455a38ad583ec2b8f00498 12.6s done
#6 extracting sha256:d4b7902036fe0cefdfe9ccf0404fe13322ecbd552f132be73d3e840f95538838
#6 extracting sha256:d4b7902036fe0cefdfe9ccf0404fe13322ecbd552f132be73d3e840f95538838 1.4s done
#6 extracting sha256:1b2a72d4e03052566e99130108071fc4eca4942c62923e3e5cf19666a23088ef
#6 extracting sha256:1b2a72d4e03052566e99130108071fc4eca4942c62923e3e5cf19666a23088ef 0.7s done
#6 extracting sha256:d54db43011fd116b8cb6d9e49e268cee1fa6212f152b30cbfa7f3c4c684427c3
#6 extracting sha256:d54db43011fd116b8cb6d9e49e268cee1fa6212f152b30cbfa7f3c4c684427c3 5.1s
#6 extracting sha256:d54db43011fd116b8cb6d9e49e268cee1fa6212f152b30cbfa7f3c4c684427c3 7.9s done
#6 extracting sha256:69d473365bb390367b7a54a3e890ca28c4640a56dfe4f53a0036130c964a1e52
#6 extracting sha256:69d473365bb390367b7a54a3e890ca28c4640a56dfe4f53a0036130c964a1e52 5.2s
#6 extracting sha256:69d473365bb390367b7a54a3e890ca28c4640a56dfe4f53a0036130c964a1e52 10.3s
#6 extracting sha256:69d473365bb390367b7a54a3e890ca28c4640a56dfe4f53a0036130c964a1e52 15.3s
#6 extracting sha256:69d473365bb390367b7a54a3e890ca28c4640a56dfe4f53a0036130c964a1e52 20.3s
#6 extracting sha256:69d473365bb390367b7a54a3e890ca28c4640a56dfe4f53a0036130c964a1e52 27.0s
#6 extracting sha256:69d473365bb390367b7a54a3e890ca28c4640a56dfe4f53a0036130c964a1e52 32.3s done
#6 extracting sha256:84ed2a0dc034bbdc8a28dfb592e5176338052ada31aa748ce78170876a8a0a84 done
#6 extracting sha256:8952ca0665c56358d62b13871b6a1cb62be5ea173bfa53bfc3a21efa96ca10d8
#6 extracting sha256:8952ca0665c56358d62b13871b6a1cb62be5ea173bfa53bfc3a21efa96ca10d8 5.1s
#6 extracting sha256:8952ca0665c56358d62b13871b6a1cb62be5ea173bfa53bfc3a21efa96ca10d8 5.5s done
#6 extracting sha256:ef485f36c62492911d22d57cdb485fc295f58e37451fef4a7e8208ca56c36401 done
#6 DONE 79.1s

#7 [ 2/14] RUN apt-get update     && apt-get install -y --no-install-recommends         nodejs     && rm -rf /var/lib/apt/lists/*
#7 1.718 Ign:1 http://security.debian.org/debian-security stretch/updates InRelease
#7 1.743 Ign:2 http://security.debian.org/debian-security stretch/updates Release
#7 1.856 Ign:3 http://deb.debian.org/debian stretch InRelease
#7 1.914 Ign:4 http://security.debian.org/debian-security stretch/updates/main all Packages
#7 1.925 Ign:5 http://security.debian.org/debian-security stretch/updates/main amd64 Packages
#7 2.013 Ign:6 http://deb.debian.org/debian stretch-updates InRelease
#7 2.106 Ign:4 http://security.debian.org/debian-security stretch/updates/main all Packages
#7 2.117 Ign:5 http://security.debian.org/debian-security stretch/updates/main amd64 Packages
#7 2.172 Ign:7 http://deb.debian.org/debian stretch Release
#7 2.288 Ign:4 http://security.debian.org/debian-security stretch/updates/main all Packages
#7 2.298 Ign:5 http://security.debian.org/debian-security stretch/updates/main amd64 Packages
#7 2.348 Ign:8 http://deb.debian.org/debian stretch-updates Release
#7 2.468 Ign:4 http://security.debian.org/debian-security stretch/updates/main all Packages
#7 2.479 Ign:5 http://security.debian.org/debian-security stretch/updates/main amd64 Packages
#7 2.506 Ign:9 http://deb.debian.org/debian stretch/main amd64 Packages
#7 2.649 Ign:4 http://security.debian.org/debian-security stretch/updates/main all Packages
#7 2.661 Ign:5 http://security.debian.org/debian-security stretch/updates/main amd64 Packages
#7 2.665 Ign:10 http://deb.debian.org/debian stretch/main all Packages
#7 2.824 Ign:11 http://deb.debian.org/debian stretch-updates/main amd64 Packages
#7 2.836 Ign:4 http://security.debian.org/debian-security stretch/updates/main all Packages
#7 2.848 Err:5 http://security.debian.org/debian-security stretch/updates/main amd64 Packages
#7 2.848   404  Not Found
#7 2.982 Ign:12 http://deb.debian.org/debian stretch-updates/main all Packages
#7 3.141 Ign:9 http://deb.debian.org/debian stretch/main amd64 Packages
#7 3.299 Ign:10 http://deb.debian.org/debian stretch/main all Packages
#7 3.457 Ign:11 http://deb.debian.org/debian stretch-updates/main amd64 Packages
#7 3.614 Ign:12 http://deb.debian.org/debian stretch-updates/main all Packages
#7 3.772 Ign:9 http://deb.debian.org/debian stretch/main amd64 Packages
#7 3.930 Ign:10 http://deb.debian.org/debian stretch/main all Packages
#7 4.088 Ign:11 http://deb.debian.org/debian stretch-updates/main amd64 Packages
#7 4.255 Ign:12 http://deb.debian.org/debian stretch-updates/main all Packages
#7 4.424 Ign:9 http://deb.debian.org/debian stretch/main amd64 Packages
#7 4.589 Ign:10 http://deb.debian.org/debian stretch/main all Packages
#7 4.752 Ign:11 http://deb.debian.org/debian stretch-updates/main amd64 Packages
#7 4.921 Ign:12 http://deb.debian.org/debian stretch-updates/main all Packages
#7 5.083 Ign:9 http://deb.debian.org/debian stretch/main amd64 Packages
#7 5.242 Ign:10 http://deb.debian.org/debian stretch/main all Packages
#7 5.401 Ign:11 http://deb.debian.org/debian stretch-updates/main amd64 Packages
#7 5.559 Ign:12 http://deb.debian.org/debian stretch-updates/main all Packages
#7 5.718 Err:9 http://deb.debian.org/debian stretch/main amd64 Packages
#7 5.718   404  Not Found
#7 5.888 Ign:10 http://deb.debian.org/debian stretch/main all Packages
#7 6.048 Err:11 http://deb.debian.org/debian stretch-updates/main amd64 Packages
#7 6.048   404  Not Found
#7 6.206 Ign:12 http://deb.debian.org/debian stretch-updates/main all Packages
#7 6.248 Reading package lists...
#7 6.320 W: The repository 'http://security.debian.org/debian-security stretch/updates Release' does not have a Release file.
#7 6.320 W: The repository 'http://deb.debian.org/debian stretch Release' does not have a Release file.
#7 6.320 W: The repository 'http://deb.debian.org/debian stretch-updates Release' does not have a Release file.
#7 6.320 E: Failed to fetch http://security.debian.org/debian-security/dists/stretch/updates/main/binary-amd64/Packages  404  Not Found
#7 6.320 E: Failed to fetch http://deb.debian.org/debian/dists/stretch/main/binary-amd64/Packages  404  Not Found
#7 6.320 E: Failed to fetch http://deb.debian.org/debian/dists/stretch-updates/main/binary-amd64/Packages  404  Not Found
#7 6.320 E: Some index files failed to download. They have been ignored, or old ones used instead.
#7 ERROR: process "/bin/sh -c apt-get update     && apt-get install -y --no-install-recommends         nodejs     && rm -rf /var/lib/apt/lists/*" did not complete successfully: exit code: 100
------
 > [ 2/14] RUN apt-get update     && apt-get install -y --no-install-recommends         nodejs     && rm -rf /var/lib/apt/lists/*:
6.048   404  Not Found
6.206 Ign:12 http://deb.debian.org/debian stretch-updates/main all Packages
6.248 Reading package lists...
6.320 W: The repository 'http://security.debian.org/debian-security stretch/updates Release' does not have a Release file.
6.320 W: The repository 'http://deb.debian.org/debian stretch Release' does not have a Release file.
6.320 W: The repository 'http://deb.debian.org/debian stretch-updates Release' does not have a Release file.
6.320 E: Failed to fetch http://security.debian.org/debian-security/dists/stretch/updates/main/binary-amd64/Packages  404  Not Found
6.320 E: Failed to fetch http://deb.debian.org/debian/dists/stretch/main/binary-amd64/Packages  404  Not Found
6.320 E: Failed to fetch http://deb.debian.org/debian/dists/stretch-updates/main/binary-amd64/Packages  404  Not Found
6.320 E: Some index files failed to download. They have been ignored, or old ones used instead.
------
Dockerfile:3
--------------------
   2 |     
   3 | >>> RUN apt-get update \
   4 | >>>     && apt-get install -y --no-install-recommends \
   5 | >>>         nodejs \
   6 | >>>     && rm -rf /var/lib/apt/lists/*
   7 |     
--------------------
ERROR: failed to solve: process "/bin/sh -c apt-get update     && apt-get install -y --no-install-recommends         nodejs     && rm -rf /var/lib/apt/lists/*" did not complete successfully: exit code: 100
Duration: 1:34.80