#0 building with "default" instance using docker driver

#1 [internal] load build definition from v1_Dockerfile
#1 transferring dockerfile: 602B done
#1 DONE 0.0s

#2 [auth] library/node:pull token for registry-1.docker.io
#2 DONE 0.0s

#3 [internal] load metadata for docker.io/library/node:10
#3 DONE 1.0s

#4 [internal] load .dockerignore
#4 transferring context: 126B done
#4 DONE 0.0s

#5 [1/7] FROM docker.io/library/node:10@sha256:59531d2835edd5161c8f9512f9e095b1836f7a1fcb0ab73e005ec46047384911
#5 resolve docker.io/library/node:10@sha256:59531d2835edd5161c8f9512f9e095b1836f7a1fcb0ab73e005ec46047384911 0.0s done
#5 sha256:28dca6642db82aaecbed18101d9966f001e8de6691e1a1718c2927c124d81262 7.83kB / 7.83kB done
#5 sha256:b53ce1fd2746e8d2037f1b0b91ddea0cc7411eb3e5949fe10c0320aca8f7392b 0B / 4.34MB 0.1s
#5 sha256:2e2bafe8a0f40509cc10249087268e66a662e437f10e9598a09abb5687038a57 0B / 11.29MB 0.1s
#5 sha256:59531d2835edd5161c8f9512f9e095b1836f7a1fcb0ab73e005ec46047384911 776B / 776B done
#5 sha256:686e0e859358f28bfe1641e1627549b9cd0ad74f222b953d74209213488c6858 2.21kB / 2.21kB done
#5 sha256:76b8ef87096fa726adbe8f073ef69bb5664bac19474c5cce4dd69e08a234903b 0B / 45.38MB 0.1s
#5 ...

#6 [internal] load build context
#6 transferring context: 12.63MB 0.1s done
#6 DONE 0.1s

#5 [1/7] FROM docker.io/library/node:10@sha256:59531d2835edd5161c8f9512f9e095b1836f7a1fcb0ab73e005ec46047384911
#5 sha256:2e2bafe8a0f40509cc10249087268e66a662e437f10e9598a09abb5687038a57 5.24MB / 11.29MB 0.4s
#5 sha256:76b8ef87096fa726adbe8f073ef69bb5664bac19474c5cce4dd69e08a234903b 7.34MB / 45.38MB 0.4s
#5 sha256:b53ce1fd2746e8d2037f1b0b91ddea0cc7411eb3e5949fe10c0320aca8f7392b 4.34MB / 4.34MB 0.5s done
#5 sha256:2e2bafe8a0f40509cc10249087268e66a662e437f10e9598a09abb5687038a57 11.29MB / 11.29MB 0.6s done
#5 sha256:76b8ef87096fa726adbe8f073ef69bb5664bac19474c5cce4dd69e08a234903b 19.92MB / 45.38MB 0.6s
#5 sha256:84a8c1bd5887cc4a89e1f286fed9ee31ce12dba9f6813cf14082ada3e9ab6f63 0B / 49.79MB 0.6s
#5 sha256:76b8ef87096fa726adbe8f073ef69bb5664bac19474c5cce4dd69e08a234903b 26.21MB / 45.38MB 0.7s
#5 sha256:7a803dc0b40fcd10faee3fb3ebb2d7aaa88500520e6295295f5163c4bb48548b 0B / 214.35MB 0.7s
#5 sha256:76b8ef87096fa726adbe8f073ef69bb5664bac19474c5cce4dd69e08a234903b 29.36MB / 45.38MB 0.8s
#5 sha256:84a8c1bd5887cc4a89e1f286fed9ee31ce12dba9f6813cf14082ada3e9ab6f63 5.24MB / 49.79MB 0.8s
#5 sha256:76b8ef87096fa726adbe8f073ef69bb5664bac19474c5cce4dd69e08a234903b 36.70MB / 45.38MB 1.0s
#5 sha256:84a8c1bd5887cc4a89e1f286fed9ee31ce12dba9f6813cf14082ada3e9ab6f63 12.58MB / 49.79MB 1.0s
#5 sha256:76b8ef87096fa726adbe8f073ef69bb5664bac19474c5cce4dd69e08a234903b 39.85MB / 45.38MB 1.1s
#5 sha256:84a8c1bd5887cc4a89e1f286fed9ee31ce12dba9f6813cf14082ada3e9ab6f63 16.78MB / 49.79MB 1.1s
#5 sha256:7a803dc0b40fcd10faee3fb3ebb2d7aaa88500520e6295295f5163c4bb48548b 13.63MB / 214.35MB 1.1s
#5 sha256:76b8ef87096fa726adbe8f073ef69bb5664bac19474c5cce4dd69e08a234903b 42.99MB / 45.38MB 1.2s
#5 sha256:84a8c1bd5887cc4a89e1f286fed9ee31ce12dba9f6813cf14082ada3e9ab6f63 20.97MB / 49.79MB 1.2s
#5 sha256:76b8ef87096fa726adbe8f073ef69bb5664bac19474c5cce4dd69e08a234903b 45.38MB / 45.38MB 1.4s
#5 sha256:84a8c1bd5887cc4a89e1f286fed9ee31ce12dba9f6813cf14082ada3e9ab6f63 31.46MB / 49.79MB 1.4s
#5 sha256:7a803dc0b40fcd10faee3fb3ebb2d7aaa88500520e6295295f5163c4bb48548b 27.26MB / 214.35MB 1.4s
#5 sha256:84a8c1bd5887cc4a89e1f286fed9ee31ce12dba9f6813cf14082ada3e9ab6f63 36.70MB / 49.79MB 1.5s
#5 extracting sha256:76b8ef87096fa726adbe8f073ef69bb5664bac19474c5cce4dd69e08a234903b
#5 sha256:76b8ef87096fa726adbe8f073ef69bb5664bac19474c5cce4dd69e08a234903b 45.38MB / 45.38MB 1.5s done
#5 sha256:84a8c1bd5887cc4a89e1f286fed9ee31ce12dba9f6813cf14082ada3e9ab6f63 41.94MB / 49.79MB 1.6s
#5 sha256:b800e94e7303e276b8fb4911a40bfe28f46180d997022c69bf1ee02fb7b86721 0B / 4.19kB 1.6s
#5 sha256:84a8c1bd5887cc4a89e1f286fed9ee31ce12dba9f6813cf14082ada3e9ab6f63 49.79MB / 49.79MB 1.8s
#5 sha256:7a803dc0b40fcd10faee3fb3ebb2d7aaa88500520e6295295f5163c4bb48548b 50.33MB / 214.35MB 1.8s
#5 sha256:b800e94e7303e276b8fb4911a40bfe28f46180d997022c69bf1ee02fb7b86721 4.19kB / 4.19kB 1.7s done
#5 sha256:0da9fbf60d485c74d153bfc7562f34533550e3dd8aa78f5e8c2476ed500e0e73 0B / 21.42MB 1.8s
#5 sha256:84a8c1bd5887cc4a89e1f286fed9ee31ce12dba9f6813cf14082ada3e9ab6f63 49.79MB / 49.79MB 1.9s done
#5 sha256:0da9fbf60d485c74d153bfc7562f34533550e3dd8aa78f5e8c2476ed500e0e73 3.15MB / 21.42MB 1.9s
#5 sha256:04dccde934cf0d6ab9d303fe73b36bc4ed84329d9d562049a69a5d38afb83f14 0B / 2.48MB 1.9s
#5 sha256:7a803dc0b40fcd10faee3fb3ebb2d7aaa88500520e6295295f5163c4bb48548b 61.87MB / 214.35MB 2.0s
#5 sha256:0da9fbf60d485c74d153bfc7562f34533550e3dd8aa78f5e8c2476ed500e0e73 7.34MB / 21.42MB 2.0s
#5 sha256:0da9fbf60d485c74d153bfc7562f34533550e3dd8aa78f5e8c2476ed500e0e73 12.58MB / 21.42MB 2.1s
#5 sha256:04dccde934cf0d6ab9d303fe73b36bc4ed84329d9d562049a69a5d38afb83f14 2.48MB / 2.48MB 2.1s done
#5 sha256:73269890f6fdf96184d0fdb0afe3cf697b0c8dbe1e7a077f0fab445d74372c78 0B / 294B 2.1s
#5 sha256:7a803dc0b40fcd10faee3fb3ebb2d7aaa88500520e6295295f5163c4bb48548b 73.40MB / 214.35MB 2.2s
#5 sha256:0da9fbf60d485c74d153bfc7562f34533550e3dd8aa78f5e8c2476ed500e0e73 16.78MB / 21.42MB 2.2s
#5 sha256:73269890f6fdf96184d0fdb0afe3cf697b0c8dbe1e7a077f0fab445d74372c78 294B / 294B 2.2s done
#5 sha256:0da9fbf60d485c74d153bfc7562f34533550e3dd8aa78f5e8c2476ed500e0e73 21.42MB / 21.42MB 2.3s
#5 sha256:7a803dc0b40fcd10faee3fb3ebb2d7aaa88500520e6295295f5163c4bb48548b 98.57MB / 214.35MB 2.5s
#5 sha256:0da9fbf60d485c74d153bfc7562f34533550e3dd8aa78f5e8c2476ed500e0e73 21.42MB / 21.42MB 2.3s done
#5 sha256:7a803dc0b40fcd10faee3fb3ebb2d7aaa88500520e6295295f5163c4bb48548b 119.54MB / 214.35MB 2.7s
#5 sha256:7a803dc0b40fcd10faee3fb3ebb2d7aaa88500520e6295295f5163c4bb48548b 139.46MB / 214.35MB 2.9s
#5 sha256:7a803dc0b40fcd10faee3fb3ebb2d7aaa88500520e6295295f5163c4bb48548b 160.43MB / 214.35MB 3.1s
#5 sha256:7a803dc0b40fcd10faee3fb3ebb2d7aaa88500520e6295295f5163c4bb48548b 179.31MB / 214.35MB 3.3s
#5 sha256:7a803dc0b40fcd10faee3fb3ebb2d7aaa88500520e6295295f5163c4bb48548b 199.23MB / 214.35MB 3.5s
#5 sha256:7a803dc0b40fcd10faee3fb3ebb2d7aaa88500520e6295295f5163c4bb48548b 214.35MB / 214.35MB 3.7s
#5 sha256:7a803dc0b40fcd10faee3fb3ebb2d7aaa88500520e6295295f5163c4bb48548b 214.35MB / 214.35MB 4.3s done
#5 extracting sha256:76b8ef87096fa726adbe8f073ef69bb5664bac19474c5cce4dd69e08a234903b 2.9s done
#5 extracting sha256:2e2bafe8a0f40509cc10249087268e66a662e437f10e9598a09abb5687038a57 0.1s
#5 extracting sha256:2e2bafe8a0f40509cc10249087268e66a662e437f10e9598a09abb5687038a57 0.5s done
#5 extracting sha256:b53ce1fd2746e8d2037f1b0b91ddea0cc7411eb3e5949fe10c0320aca8f7392b 0.1s
#5 extracting sha256:b53ce1fd2746e8d2037f1b0b91ddea0cc7411eb3e5949fe10c0320aca8f7392b 0.1s done
#5 extracting sha256:84a8c1bd5887cc4a89e1f286fed9ee31ce12dba9f6813cf14082ada3e9ab6f63
#5 extracting sha256:84a8c1bd5887cc4a89e1f286fed9ee31ce12dba9f6813cf14082ada3e9ab6f63 3.0s done
#5 extracting sha256:7a803dc0b40fcd10faee3fb3ebb2d7aaa88500520e6295295f5163c4bb48548b
#5 extracting sha256:7a803dc0b40fcd10faee3fb3ebb2d7aaa88500520e6295295f5163c4bb48548b 5.0s
#5 extracting sha256:7a803dc0b40fcd10faee3fb3ebb2d7aaa88500520e6295295f5163c4bb48548b 10.1s
#5 extracting sha256:7a803dc0b40fcd10faee3fb3ebb2d7aaa88500520e6295295f5163c4bb48548b 10.5s done
#5 extracting sha256:b800e94e7303e276b8fb4911a40bfe28f46180d997022c69bf1ee02fb7b86721
#5 extracting sha256:b800e94e7303e276b8fb4911a40bfe28f46180d997022c69bf1ee02fb7b86721 done
#5 extracting sha256:0da9fbf60d485c74d153bfc7562f34533550e3dd8aa78f5e8c2476ed500e0e73 0.1s
#5 extracting sha256:0da9fbf60d485c74d153bfc7562f34533550e3dd8aa78f5e8c2476ed500e0e73 2.0s done
#5 extracting sha256:04dccde934cf0d6ab9d303fe73b36bc4ed84329d9d562049a69a5d38afb83f14
#5 extracting sha256:04dccde934cf0d6ab9d303fe73b36bc4ed84329d9d562049a69a5d38afb83f14 0.1s done
#5 extracting sha256:73269890f6fdf96184d0fdb0afe3cf697b0c8dbe1e7a077f0fab445d74372c78
#5 extracting sha256:73269890f6fdf96184d0fdb0afe3cf697b0c8dbe1e7a077f0fab445d74372c78 done
#5 DONE 21.7s

#7 [2/7] RUN apt-get update && apt-get install --no-install-recommends -y     sqlite && rm -rf /var/lib/apt/lists/*
#7 0.221 Ign:1 http://deb.debian.org/debian stretch InRelease
#7 0.221 Ign:2 http://security.debian.org/debian-security stretch/updates InRelease
#7 0.231 Ign:3 http://deb.debian.org/debian stretch-updates InRelease
#7 0.233 Ign:4 http://security.debian.org/debian-security stretch/updates Release
#7 0.243 Ign:5 http://deb.debian.org/debian stretch Release
#7 0.243 Ign:6 http://security.debian.org/debian-security stretch/updates/main amd64 Packages
#7 0.254 Ign:7 http://deb.debian.org/debian stretch-updates Release
#7 0.254 Ign:8 http://security.debian.org/debian-security stretch/updates/main all Packages
#7 0.265 Ign:6 http://security.debian.org/debian-security stretch/updates/main amd64 Packages
#7 0.266 Ign:9 http://deb.debian.org/debian stretch/main amd64 Packages
#7 0.276 Ign:8 http://security.debian.org/debian-security stretch/updates/main all Packages
#7 0.278 Ign:10 http://deb.debian.org/debian stretch/main all Packages
#7 0.286 Ign:6 http://security.debian.org/debian-security stretch/updates/main amd64 Packages
#7 0.289 Ign:11 http://deb.debian.org/debian stretch-updates/main all Packages
#7 0.298 Ign:8 http://security.debian.org/debian-security stretch/updates/main all Packages
#7 0.299 Ign:12 http://deb.debian.org/debian stretch-updates/main amd64 Packages
#7 0.310 Ign:9 http://deb.debian.org/debian stretch/main amd64 Packages
#7 0.310 Ign:6 http://security.debian.org/debian-security stretch/updates/main amd64 Packages
#7 0.321 Ign:10 http://deb.debian.org/debian stretch/main all Packages
#7 0.323 Ign:8 http://security.debian.org/debian-security stretch/updates/main all Packages
#7 0.331 Ign:11 http://deb.debian.org/debian stretch-updates/main all Packages
#7 0.334 Ign:6 http://security.debian.org/debian-security stretch/updates/main amd64 Packages
#7 0.341 Ign:12 http://deb.debian.org/debian stretch-updates/main amd64 Packages
#7 0.344 Ign:8 http://security.debian.org/debian-security stretch/updates/main all Packages
#7 0.352 Ign:9 http://deb.debian.org/debian stretch/main amd64 Packages
#7 0.357 Err:6 http://security.debian.org/debian-security stretch/updates/main amd64 Packages
#7 0.357   404  Not Found
#7 0.362 Ign:10 http://deb.debian.org/debian stretch/main all Packages
#7 0.367 Ign:8 http://security.debian.org/debian-security stretch/updates/main all Packages
#7 0.372 Ign:11 http://deb.debian.org/debian stretch-updates/main all Packages
#7 0.383 Ign:12 http://deb.debian.org/debian stretch-updates/main amd64 Packages
#7 0.394 Ign:9 http://deb.debian.org/debian stretch/main amd64 Packages
#7 0.403 Ign:10 http://deb.debian.org/debian stretch/main all Packages
#7 0.413 Ign:11 http://deb.debian.org/debian stretch-updates/main all Packages
#7 0.425 Ign:12 http://deb.debian.org/debian stretch-updates/main amd64 Packages
#7 0.436 Ign:9 http://deb.debian.org/debian stretch/main amd64 Packages
#7 0.447 Ign:10 http://deb.debian.org/debian stretch/main all Packages
#7 0.457 Ign:11 http://deb.debian.org/debian stretch-updates/main all Packages
#7 0.468 Ign:12 http://deb.debian.org/debian stretch-updates/main amd64 Packages
#7 0.478 Err:9 http://deb.debian.org/debian stretch/main amd64 Packages
#7 0.478   404  Not Found
#7 0.498 Ign:10 http://deb.debian.org/debian stretch/main all Packages
#7 0.508 Ign:11 http://deb.debian.org/debian stretch-updates/main all Packages
#7 0.518 Err:12 http://deb.debian.org/debian stretch-updates/main amd64 Packages
#7 0.518   404  Not Found
#7 0.522 Reading package lists...
#7 0.533 W: The repository 'http://security.debian.org/debian-security stretch/updates Release' does not have a Release file.
#7 0.533 W: The repository 'http://deb.debian.org/debian stretch Release' does not have a Release file.
#7 0.533 W: The repository 'http://deb.debian.org/debian stretch-updates Release' does not have a Release file.
#7 0.533 E: Failed to fetch http://security.debian.org/debian-security/dists/stretch/updates/main/binary-amd64/Packages  404  Not Found
#7 0.533 E: Failed to fetch http://deb.debian.org/debian/dists/stretch/main/binary-amd64/Packages  404  Not Found
#7 0.533 E: Failed to fetch http://deb.debian.org/debian/dists/stretch-updates/main/binary-amd64/Packages  404  Not Found
#7 0.533 E: Some index files failed to download. They have been ignored, or old ones used instead.
#7 ERROR: process "/bin/sh -c apt-get update && apt-get install --no-install-recommends -y     sqlite && rm -rf /var/lib/apt/lists/*" did not complete successfully: exit code: 100
------
 > [2/7] RUN apt-get update && apt-get install --no-install-recommends -y     sqlite && rm -rf /var/lib/apt/lists/*:
0.518 Err:12 http://deb.debian.org/debian stretch-updates/main amd64 Packages
0.518   404  Not Found
0.522 Reading package lists...
0.533 W: The repository 'http://security.debian.org/debian-security stretch/updates Release' does not have a Release file.
0.533 W: The repository 'http://deb.debian.org/debian stretch Release' does not have a Release file.
0.533 W: The repository 'http://deb.debian.org/debian stretch-updates Release' does not have a Release file.
0.533 E: Failed to fetch http://security.debian.org/debian-security/dists/stretch/updates/main/binary-amd64/Packages  404  Not Found
0.533 E: Failed to fetch http://deb.debian.org/debian/dists/stretch/main/binary-amd64/Packages  404  Not Found
0.533 E: Failed to fetch http://deb.debian.org/debian/dists/stretch-updates/main/binary-amd64/Packages  404  Not Found
0.533 E: Some index files failed to download. They have been ignored, or old ones used instead.
------
v1_Dockerfile:6
--------------------
   5 |     # Install build-essential, sqlite in order
   6 | >>> RUN apt-get update && apt-get install --no-install-recommends -y \
   7 | >>>     sqlite \
   8 | >>> && rm -rf /var/lib/apt/lists/*
   9 |     
--------------------
ERROR: failed to solve: process "/bin/sh -c apt-get update && apt-get install --no-install-recommends -y     sqlite && rm -rf /var/lib/apt/lists/*" did not complete successfully: exit code: 100
Duration: 0:30.88