#0 building with "default" instance using docker driver

#1 [internal] load build definition from v1_Dockerfile
#1 transferring dockerfile: 2.48kB done
#1 DONE 0.0s

#2 [internal] load metadata for docker.io/library/node:8
#2 DONE 0.7s

#3 [internal] load .dockerignore
#3 transferring context: 2B done
#3 DONE 0.0s

#4 [1/4] FROM docker.io/library/node:8@sha256:a681bf74805b80d03eb21a6c0ef168a976108a287a74167ab593fc953aac34df
#4 resolve docker.io/library/node:8@sha256:a681bf74805b80d03eb21a6c0ef168a976108a287a74167ab593fc953aac34df 0.0s done
#4 sha256:8eeadf3757f41ffbde6fbb4bbbe14f9f5b9ce33cc1aa88bb5c0b4d6e9467509d 7.76kB / 7.76kB done
#4 sha256:146bd6a886182fde06fbf747470b1c89814bc8ab1c96fdf1aef6107171959fe6 0B / 45.38MB 0.1s
#4 sha256:db0efb86e80601b5bbdbb7c406426982c4202d339687c14c3941b364527e2249 0B / 4.34MB 0.1s
#4 sha256:a681bf74805b80d03eb21a6c0ef168a976108a287a74167ab593fc953aac34df 1.42kB / 1.42kB done
#4 sha256:ee25271e00572cb09d095f6b35880a284eac570c17452644bc67fd1d8dc7f9f7 2.21kB / 2.21kB done
#4 sha256:9935d0c62ace92b388be202275e222007d6cac10b9c1f2c1ea63af38c09ea7ab 0B / 10.80MB 0.1s
#4 sha256:146bd6a886182fde06fbf747470b1c89814bc8ab1c96fdf1aef6107171959fe6 12.58MB / 45.38MB 0.3s
#4 sha256:9935d0c62ace92b388be202275e222007d6cac10b9c1f2c1ea63af38c09ea7ab 3.15MB / 10.80MB 0.3s
#4 sha256:146bd6a886182fde06fbf747470b1c89814bc8ab1c96fdf1aef6107171959fe6 25.17MB / 45.38MB 0.5s
#4 sha256:db0efb86e80601b5bbdbb7c406426982c4202d339687c14c3941b364527e2249 1.05MB / 4.34MB 0.5s
#4 sha256:9935d0c62ace92b388be202275e222007d6cac10b9c1f2c1ea63af38c09ea7ab 10.80MB / 10.80MB 0.5s done
#4 sha256:e705a4c4fd310b96bfb3d7928428e65f0d3f5bad0cd0bda1434aee1d89418468 0B / 50.07MB 0.5s
#4 sha256:146bd6a886182fde06fbf747470b1c89814bc8ab1c96fdf1aef6107171959fe6 30.41MB / 45.38MB 0.6s
#4 sha256:db0efb86e80601b5bbdbb7c406426982c4202d339687c14c3941b364527e2249 4.34MB / 4.34MB 0.6s done
#4 sha256:c877b722db6f4d4297c21f07162d21fa6ac6f51d03360f75e24cfa3bcaefe57d 0B / 214.84MB 0.6s
#4 sha256:146bd6a886182fde06fbf747470b1c89814bc8ab1c96fdf1aef6107171959fe6 36.70MB / 45.38MB 0.7s
#4 sha256:e705a4c4fd310b96bfb3d7928428e65f0d3f5bad0cd0bda1434aee1d89418468 5.24MB / 50.07MB 0.7s
#4 sha256:146bd6a886182fde06fbf747470b1c89814bc8ab1c96fdf1aef6107171959fe6 44.04MB / 45.38MB 0.9s
#4 sha256:e705a4c4fd310b96bfb3d7928428e65f0d3f5bad0cd0bda1434aee1d89418468 11.53MB / 50.07MB 0.9s
#4 sha256:e705a4c4fd310b96bfb3d7928428e65f0d3f5bad0cd0bda1434aee1d89418468 16.78MB / 50.07MB 1.0s
#4 sha256:c877b722db6f4d4297c21f07162d21fa6ac6f51d03360f75e24cfa3bcaefe57d 15.73MB / 214.84MB 1.0s
#4 sha256:146bd6a886182fde06fbf747470b1c89814bc8ab1c96fdf1aef6107171959fe6 45.38MB / 45.38MB 1.0s done
#4 sha256:e705a4c4fd310b96bfb3d7928428e65f0d3f5bad0cd0bda1434aee1d89418468 22.02MB / 50.07MB 1.1s
#4 extracting sha256:146bd6a886182fde06fbf747470b1c89814bc8ab1c96fdf1aef6107171959fe6 0.1s
#4 sha256:645c20ec82147f2bdc182280ac02b60687cfac33c4231059051bbdcf60e31035 0B / 4.16kB 1.1s
#4 sha256:e705a4c4fd310b96bfb3d7928428e65f0d3f5bad0cd0bda1434aee1d89418468 27.26MB / 50.07MB 1.2s
#4 sha256:c877b722db6f4d4297c21f07162d21fa6ac6f51d03360f75e24cfa3bcaefe57d 28.31MB / 214.84MB 1.2s
#4 sha256:645c20ec82147f2bdc182280ac02b60687cfac33c4231059051bbdcf60e31035 4.16kB / 4.16kB 1.1s done
#4 sha256:db8fbd9db2fe6382804432552a60f85b0e292cdb34b8a5c751c4a3061f68df29 0B / 19.40MB 1.2s
#4 sha256:e705a4c4fd310b96bfb3d7928428e65f0d3f5bad0cd0bda1434aee1d89418468 30.41MB / 50.07MB 1.3s
#4 sha256:e705a4c4fd310b96bfb3d7928428e65f0d3f5bad0cd0bda1434aee1d89418468 34.60MB / 50.07MB 1.4s
#4 sha256:db8fbd9db2fe6382804432552a60f85b0e292cdb34b8a5c751c4a3061f68df29 4.19MB / 19.40MB 1.4s
#4 sha256:e705a4c4fd310b96bfb3d7928428e65f0d3f5bad0cd0bda1434aee1d89418468 37.75MB / 50.07MB 1.5s
#4 sha256:c877b722db6f4d4297c21f07162d21fa6ac6f51d03360f75e24cfa3bcaefe57d 42.99MB / 214.84MB 1.5s
#4 sha256:db8fbd9db2fe6382804432552a60f85b0e292cdb34b8a5c751c4a3061f68df29 8.39MB / 19.40MB 1.5s
#4 sha256:e705a4c4fd310b96bfb3d7928428e65f0d3f5bad0cd0bda1434aee1d89418468 44.04MB / 50.07MB 1.7s
#4 sha256:db8fbd9db2fe6382804432552a60f85b0e292cdb34b8a5c751c4a3061f68df29 15.73MB / 19.40MB 1.7s
#4 sha256:e705a4c4fd310b96bfb3d7928428e65f0d3f5bad0cd0bda1434aee1d89418468 47.19MB / 50.07MB 1.8s
#4 sha256:c877b722db6f4d4297c21f07162d21fa6ac6f51d03360f75e24cfa3bcaefe57d 58.72MB / 214.84MB 1.8s
#4 sha256:db8fbd9db2fe6382804432552a60f85b0e292cdb34b8a5c751c4a3061f68df29 19.40MB / 19.40MB 1.8s
#4 sha256:e705a4c4fd310b96bfb3d7928428e65f0d3f5bad0cd0bda1434aee1d89418468 50.07MB / 50.07MB 1.9s
#4 sha256:db8fbd9db2fe6382804432552a60f85b0e292cdb34b8a5c751c4a3061f68df29 19.40MB / 19.40MB 1.8s done
#4 sha256:1c151cd1b3eabced84742529489b3c8c344181b4cbcdcfccdb1f4a7c7d0239ec 0B / 1.40MB 1.9s
#4 sha256:e705a4c4fd310b96bfb3d7928428e65f0d3f5bad0cd0bda1434aee1d89418468 50.07MB / 50.07MB 2.0s done
#4 sha256:c877b722db6f4d4297c21f07162d21fa6ac6f51d03360f75e24cfa3bcaefe57d 84.93MB / 214.84MB 2.1s
#4 sha256:1c151cd1b3eabced84742529489b3c8c344181b4cbcdcfccdb1f4a7c7d0239ec 1.40MB / 1.40MB 2.0s done
#4 sha256:fbd993995f407f3681fc8399ae67c04bba8e15c7f754b1af8b37f50b35f4a11e 0B / 292B 2.1s
#4 sha256:fbd993995f407f3681fc8399ae67c04bba8e15c7f754b1af8b37f50b35f4a11e 292B / 292B 2.1s done
#4 sha256:c877b722db6f4d4297c21f07162d21fa6ac6f51d03360f75e24cfa3bcaefe57d 106.95MB / 214.84MB 2.3s
#4 sha256:c877b722db6f4d4297c21f07162d21fa6ac6f51d03360f75e24cfa3bcaefe57d 126.88MB / 214.84MB 2.5s
#4 sha256:c877b722db6f4d4297c21f07162d21fa6ac6f51d03360f75e24cfa3bcaefe57d 146.80MB / 214.84MB 2.7s
#4 sha256:c877b722db6f4d4297c21f07162d21fa6ac6f51d03360f75e24cfa3bcaefe57d 162.53MB / 214.84MB 2.9s
#4 sha256:c877b722db6f4d4297c21f07162d21fa6ac6f51d03360f75e24cfa3bcaefe57d 176.16MB / 214.84MB 3.1s
#4 sha256:c877b722db6f4d4297c21f07162d21fa6ac6f51d03360f75e24cfa3bcaefe57d 204.62MB / 214.84MB 3.4s
#4 extracting sha256:146bd6a886182fde06fbf747470b1c89814bc8ab1c96fdf1aef6107171959fe6 3.1s done
#4 extracting sha256:9935d0c62ace92b388be202275e222007d6cac10b9c1f2c1ea63af38c09ea7ab
#4 sha256:c877b722db6f4d4297c21f07162d21fa6ac6f51d03360f75e24cfa3bcaefe57d 214.84MB / 214.84MB 4.2s done
#4 extracting sha256:9935d0c62ace92b388be202275e222007d6cac10b9c1f2c1ea63af38c09ea7ab 0.6s done
#4 extracting sha256:db0efb86e80601b5bbdbb7c406426982c4202d339687c14c3941b364527e2249 0.1s
#4 extracting sha256:db0efb86e80601b5bbdbb7c406426982c4202d339687c14c3941b364527e2249 0.1s done
#4 extracting sha256:e705a4c4fd310b96bfb3d7928428e65f0d3f5bad0cd0bda1434aee1d89418468
#4 extracting sha256:e705a4c4fd310b96bfb3d7928428e65f0d3f5bad0cd0bda1434aee1d89418468 3.3s done
#4 extracting sha256:c877b722db6f4d4297c21f07162d21fa6ac6f51d03360f75e24cfa3bcaefe57d
#4 extracting sha256:c877b722db6f4d4297c21f07162d21fa6ac6f51d03360f75e24cfa3bcaefe57d 5.0s
#4 extracting sha256:c877b722db6f4d4297c21f07162d21fa6ac6f51d03360f75e24cfa3bcaefe57d 10.1s
#4 extracting sha256:c877b722db6f4d4297c21f07162d21fa6ac6f51d03360f75e24cfa3bcaefe57d 11.5s done
#4 extracting sha256:645c20ec82147f2bdc182280ac02b60687cfac33c4231059051bbdcf60e31035
#4 extracting sha256:645c20ec82147f2bdc182280ac02b60687cfac33c4231059051bbdcf60e31035 done
#4 extracting sha256:db8fbd9db2fe6382804432552a60f85b0e292cdb34b8a5c751c4a3061f68df29 0.1s
#4 extracting sha256:db8fbd9db2fe6382804432552a60f85b0e292cdb34b8a5c751c4a3061f68df29 2.0s done
#4 extracting sha256:1c151cd1b3eabced84742529489b3c8c344181b4cbcdcfccdb1f4a7c7d0239ec
#4 extracting sha256:1c151cd1b3eabced84742529489b3c8c344181b4cbcdcfccdb1f4a7c7d0239ec 0.1s done
#4 extracting sha256:fbd993995f407f3681fc8399ae67c04bba8e15c7f754b1af8b37f50b35f4a11e done
#4 DONE 22.7s

#5 [2/4] RUN apt-get update && apt-get install --no-install-recommends -y zip build-essential curl openjdk-8-jdk memcached jq && apt-get clean && rm -rf /var/lib/apt/lists/*;
#5 0.218 Ign:1 http://deb.debian.org/debian stretch InRelease
#5 0.221 Ign:2 http://security.debian.org/debian-security stretch/updates InRelease
#5 0.232 Ign:3 http://deb.debian.org/debian stretch-updates InRelease
#5 0.235 Ign:4 http://security.debian.org/debian-security stretch/updates Release
#5 0.245 Ign:5 http://deb.debian.org/debian stretch Release
#5 0.248 Ign:6 http://security.debian.org/debian-security stretch/updates/main amd64 Packages
#5 0.257 Ign:7 http://deb.debian.org/debian stretch-updates Release
#5 0.260 Ign:8 http://security.debian.org/debian-security stretch/updates/main all Packages
#5 0.271 Ign:9 http://deb.debian.org/debian stretch/main amd64 Packages
#5 0.277 Ign:6 http://security.debian.org/debian-security stretch/updates/main amd64 Packages
#5 0.282 Ign:10 http://deb.debian.org/debian stretch/main all Packages
#5 0.290 Ign:8 http://security.debian.org/debian-security stretch/updates/main all Packages
#5 0.293 Ign:11 http://deb.debian.org/debian stretch-updates/main amd64 Packages
#5 0.304 Ign:6 http://security.debian.org/debian-security stretch/updates/main amd64 Packages
#5 0.305 Ign:12 http://deb.debian.org/debian stretch-updates/main all Packages
#5 0.316 Ign:8 http://security.debian.org/debian-security stretch/updates/main all Packages
#5 0.316 Ign:9 http://deb.debian.org/debian stretch/main amd64 Packages
#5 0.329 Ign:6 http://security.debian.org/debian-security stretch/updates/main amd64 Packages
#5 0.331 Ign:10 http://deb.debian.org/debian stretch/main all Packages
#5 0.341 Ign:8 http://security.debian.org/debian-security stretch/updates/main all Packages
#5 0.341 Ign:11 http://deb.debian.org/debian stretch-updates/main amd64 Packages
#5 0.353 Ign:6 http://security.debian.org/debian-security stretch/updates/main amd64 Packages
#5 0.353 Ign:12 http://deb.debian.org/debian stretch-updates/main all Packages
#5 0.367 Ign:9 http://deb.debian.org/debian stretch/main amd64 Packages
#5 0.367 Ign:8 http://security.debian.org/debian-security stretch/updates/main all Packages
#5 0.380 Ign:10 http://deb.debian.org/debian stretch/main all Packages
#5 0.380 Err:6 http://security.debian.org/debian-security stretch/updates/main amd64 Packages
#5 0.380   404  Not Found
#5 0.391 Ign:11 http://deb.debian.org/debian stretch-updates/main amd64 Packages
#5 0.391 Ign:8 http://security.debian.org/debian-security stretch/updates/main all Packages
#5 0.403 Ign:12 http://deb.debian.org/debian stretch-updates/main all Packages
#5 0.416 Ign:9 http://deb.debian.org/debian stretch/main amd64 Packages
#5 0.429 Ign:10 http://deb.debian.org/debian stretch/main all Packages
#5 0.441 Ign:11 http://deb.debian.org/debian stretch-updates/main amd64 Packages
#5 0.454 Ign:12 http://deb.debian.org/debian stretch-updates/main all Packages
#5 0.466 Ign:9 http://deb.debian.org/debian stretch/main amd64 Packages
#5 0.478 Ign:10 http://deb.debian.org/debian stretch/main all Packages
#5 0.492 Ign:11 http://deb.debian.org/debian stretch-updates/main amd64 Packages
#5 0.503 Ign:12 http://deb.debian.org/debian stretch-updates/main all Packages
#5 0.515 Err:9 http://deb.debian.org/debian stretch/main amd64 Packages
#5 0.515   404  Not Found
#5 0.537 Ign:10 http://deb.debian.org/debian stretch/main all Packages
#5 0.549 Err:11 http://deb.debian.org/debian stretch-updates/main amd64 Packages
#5 0.549   404  Not Found
#5 0.562 Ign:12 http://deb.debian.org/debian stretch-updates/main all Packages
#5 0.564 Reading package lists...
#5 0.576 W: The repository 'http://security.debian.org/debian-security stretch/updates Release' does not have a Release file.
#5 0.576 W: The repository 'http://deb.debian.org/debian stretch Release' does not have a Release file.
#5 0.576 W: The repository 'http://deb.debian.org/debian stretch-updates Release' does not have a Release file.
#5 0.576 E: Failed to fetch http://security.debian.org/debian-security/dists/stretch/updates/main/binary-amd64/Packages  404  Not Found
#5 0.576 E: Failed to fetch http://deb.debian.org/debian/dists/stretch/main/binary-amd64/Packages  404  Not Found
#5 0.576 E: Failed to fetch http://deb.debian.org/debian/dists/stretch-updates/main/binary-amd64/Packages  404  Not Found
#5 0.576 E: Some index files failed to download. They have been ignored, or old ones used instead.
#5 ERROR: process "/bin/sh -c apt-get update && apt-get install --no-install-recommends -y zip build-essential curl openjdk-8-jdk memcached jq && apt-get clean && rm -rf /var/lib/apt/lists/*;" did not complete successfully: exit code: 100
------
 > [2/4] RUN apt-get update && apt-get install --no-install-recommends -y zip build-essential curl openjdk-8-jdk memcached jq && apt-get clean && rm -rf /var/lib/apt/lists/*;:
0.549   404  Not Found
0.562 Ign:12 http://deb.debian.org/debian stretch-updates/main all Packages
0.564 Reading package lists...
0.576 W: The repository 'http://security.debian.org/debian-security stretch/updates Release' does not have a Release file.
0.576 W: The repository 'http://deb.debian.org/debian stretch Release' does not have a Release file.
0.576 W: The repository 'http://deb.debian.org/debian stretch-updates Release' does not have a Release file.
0.576 E: Failed to fetch http://security.debian.org/debian-security/dists/stretch/updates/main/binary-amd64/Packages  404  Not Found
0.576 E: Failed to fetch http://deb.debian.org/debian/dists/stretch/main/binary-amd64/Packages  404  Not Found
0.576 E: Failed to fetch http://deb.debian.org/debian/dists/stretch-updates/main/binary-amd64/Packages  404  Not Found
0.576 E: Some index files failed to download. They have been ignored, or old ones used instead.
------
v1_Dockerfile:5
--------------------
   3 |     
   4 |     # Install system programs
   5 | >>> RUN apt-get update && apt-get install --no-install-recommends -y zip build-essential curl openjdk-8-jdk memcached jq && apt-get clean && rm -rf /var/lib/apt/lists/*;
   6 |     
   7 |     # Install Redis
--------------------
ERROR: failed to solve: process "/bin/sh -c apt-get update && apt-get install --no-install-recommends -y zip build-essential curl openjdk-8-jdk memcached jq && apt-get clean && rm -rf /var/lib/apt/lists/*;" did not complete successfully: exit code: 100
Duration: 0:30.86