#0 building with "default" instance using docker driver

#1 [internal] load build definition from v1_Dockerfile
#1 transferring dockerfile: 391B done
#1 DONE 0.0s

#2 [internal] load metadata for docker.io/library/node:12
#2 DONE 0.6s

#3 [internal] load .dockerignore
#3 transferring context: 2B done
#3 DONE 0.0s

#4 [1/5] FROM docker.io/library/node:12@sha256:01627afeb110b3054ba4a1405541ca095c8bfca1cb6f2be9479c767a2711879e
#4 resolve docker.io/library/node:12@sha256:01627afeb110b3054ba4a1405541ca095c8bfca1cb6f2be9479c767a2711879e 0.0s done
#4 ...

#5 [internal] load build context
#5 transferring context: 2.61MB 0.0s done
#5 DONE 0.1s

#4 [1/5] FROM docker.io/library/node:12@sha256:01627afeb110b3054ba4a1405541ca095c8bfca1cb6f2be9479c767a2711879e
#4 sha256:01627afeb110b3054ba4a1405541ca095c8bfca1cb6f2be9479c767a2711879e 776B / 776B done
#4 sha256:9bed1e86f01ee95c76d2c8b4385a47ae336e6d293afade9368469d99daa9369f 0B / 11.30MB 0.2s
#4 sha256:f5196cdf25181bc7e4411865a2e002932b7b6b0ffce787c04c1bdeaf1f204f20 4.19MB / 45.43MB 0.2s
#4 sha256:f44e4bdb3a6c1325cc4d40e585ed7a759127c0c87b0388ec0236b1698827d70d 0B / 4.34MB 0.2s
#4 sha256:3a69ea1270dbf4ef20477361be4b7a43400e559c6abdfaf69d73f7c755f434f5 2.21kB / 2.21kB done
#4 sha256:6c8de432fc7f7d8c58899f61982d1662ec6b73fb3ef92f862ba170dcc5b64fa9 7.68kB / 7.68kB done
#4 sha256:9bed1e86f01ee95c76d2c8b4385a47ae336e6d293afade9368469d99daa9369f 5.24MB / 11.30MB 0.3s
#4 sha256:f5196cdf25181bc7e4411865a2e002932b7b6b0ffce787c04c1bdeaf1f204f20 10.49MB / 45.43MB 0.3s
#4 sha256:9bed1e86f01ee95c76d2c8b4385a47ae336e6d293afade9368469d99daa9369f 11.30MB / 11.30MB 0.4s done
#4 sha256:f5196cdf25181bc7e4411865a2e002932b7b6b0ffce787c04c1bdeaf1f204f20 19.92MB / 45.43MB 0.5s
#4 sha256:f44e4bdb3a6c1325cc4d40e585ed7a759127c0c87b0388ec0236b1698827d70d 4.34MB / 4.34MB 0.5s done
#4 sha256:2f75d131f4060950dd6cc1f580e2fa5504ece8d692113a9cdb0a866637b397d7 0B / 49.77MB 0.5s
#4 sha256:07dff4ad21ebdb3ce3e329699663b2f81af70152453025f6624584a39a8e22b6 0B / 214.48MB 0.5s
#4 sha256:f5196cdf25181bc7e4411865a2e002932b7b6b0ffce787c04c1bdeaf1f204f20 27.26MB / 45.43MB 0.6s
#4 sha256:f5196cdf25181bc7e4411865a2e002932b7b6b0ffce787c04c1bdeaf1f204f20 30.41MB / 45.43MB 0.7s
#4 sha256:2f75d131f4060950dd6cc1f580e2fa5504ece8d692113a9cdb0a866637b397d7 5.24MB / 49.77MB 0.7s
#4 sha256:f5196cdf25181bc7e4411865a2e002932b7b6b0ffce787c04c1bdeaf1f204f20 40.89MB / 45.43MB 0.9s
#4 sha256:2f75d131f4060950dd6cc1f580e2fa5504ece8d692113a9cdb0a866637b397d7 10.49MB / 49.77MB 0.9s
#4 sha256:07dff4ad21ebdb3ce3e329699663b2f81af70152453025f6624584a39a8e22b6 12.58MB / 214.48MB 0.9s
#4 sha256:f5196cdf25181bc7e4411865a2e002932b7b6b0ffce787c04c1bdeaf1f204f20 45.43MB / 45.43MB 1.1s done
#4 sha256:2f75d131f4060950dd6cc1f580e2fa5504ece8d692113a9cdb0a866637b397d7 19.92MB / 49.77MB 1.1s
#4 sha256:2f75d131f4060950dd6cc1f580e2fa5504ece8d692113a9cdb0a866637b397d7 25.17MB / 49.77MB 1.2s
#4 sha256:07dff4ad21ebdb3ce3e329699663b2f81af70152453025f6624584a39a8e22b6 28.31MB / 214.48MB 1.2s
#4 extracting sha256:f5196cdf25181bc7e4411865a2e002932b7b6b0ffce787c04c1bdeaf1f204f20 0.1s
#4 sha256:e0ac4f13b766d321acc3b650d3d23b82828995711f6f247ff591722c00d04cec 0B / 4.19kB 1.2s
#4 sha256:2f75d131f4060950dd6cc1f580e2fa5504ece8d692113a9cdb0a866637b397d7 31.46MB / 49.77MB 1.3s
#4 sha256:e0ac4f13b766d321acc3b650d3d23b82828995711f6f247ff591722c00d04cec 4.19kB / 4.19kB 1.2s done
#4 sha256:df2c3b2eb7cc63351bb32f26457bbe0402af8082548f26975f0c329bc7841881 0B / 23.70MB 1.3s
#4 sha256:2f75d131f4060950dd6cc1f580e2fa5504ece8d692113a9cdb0a866637b397d7 35.65MB / 49.77MB 1.4s
#4 sha256:df2c3b2eb7cc63351bb32f26457bbe0402af8082548f26975f0c329bc7841881 2.10MB / 23.70MB 1.4s
#4 sha256:2f75d131f4060950dd6cc1f580e2fa5504ece8d692113a9cdb0a866637b397d7 38.80MB / 49.77MB 1.5s
#4 sha256:07dff4ad21ebdb3ce3e329699663b2f81af70152453025f6624584a39a8e22b6 42.99MB / 214.48MB 1.5s
#4 sha256:df2c3b2eb7cc63351bb32f26457bbe0402af8082548f26975f0c329bc7841881 6.29MB / 23.70MB 1.5s
#4 sha256:2f75d131f4060950dd6cc1f580e2fa5504ece8d692113a9cdb0a866637b397d7 42.99MB / 49.77MB 1.6s
#4 sha256:df2c3b2eb7cc63351bb32f26457bbe0402af8082548f26975f0c329bc7841881 11.53MB / 23.70MB 1.6s
#4 sha256:2f75d131f4060950dd6cc1f580e2fa5504ece8d692113a9cdb0a866637b397d7 46.14MB / 49.77MB 1.7s
#4 sha256:df2c3b2eb7cc63351bb32f26457bbe0402af8082548f26975f0c329bc7841881 16.78MB / 23.70MB 1.7s
#4 sha256:2f75d131f4060950dd6cc1f580e2fa5504ece8d692113a9cdb0a866637b397d7 49.77MB / 49.77MB 1.9s
#4 sha256:07dff4ad21ebdb3ce3e329699663b2f81af70152453025f6624584a39a8e22b6 57.67MB / 214.48MB 1.9s
#4 sha256:df2c3b2eb7cc63351bb32f26457bbe0402af8082548f26975f0c329bc7841881 23.70MB / 23.70MB 1.9s
#4 sha256:2f75d131f4060950dd6cc1f580e2fa5504ece8d692113a9cdb0a866637b397d7 49.77MB / 49.77MB 1.9s done
#4 sha256:df2c3b2eb7cc63351bb32f26457bbe0402af8082548f26975f0c329bc7841881 23.70MB / 23.70MB 2.0s done
#4 sha256:efe636eac583776a8a114d50fef15bc65b648f3d2bb53326cf1f21cc5ef2b3ae 0B / 2.34MB 2.1s
#4 sha256:fe17849545bb51455d3f7c8773ded2dbb1d6668a85bd00564573a4b88afd36f6 0B / 464B 2.1s
#4 sha256:07dff4ad21ebdb3ce3e329699663b2f81af70152453025f6624584a39a8e22b6 71.30MB / 214.48MB 2.2s
#4 sha256:efe636eac583776a8a114d50fef15bc65b648f3d2bb53326cf1f21cc5ef2b3ae 2.34MB / 2.34MB 2.1s done
#4 sha256:fe17849545bb51455d3f7c8773ded2dbb1d6668a85bd00564573a4b88afd36f6 464B / 464B 2.1s done
#4 sha256:07dff4ad21ebdb3ce3e329699663b2f81af70152453025f6624584a39a8e22b6 97.52MB / 214.48MB 2.5s
#4 sha256:07dff4ad21ebdb3ce3e329699663b2f81af70152453025f6624584a39a8e22b6 118.49MB / 214.48MB 2.7s
#4 sha256:07dff4ad21ebdb3ce3e329699663b2f81af70152453025f6624584a39a8e22b6 135.27MB / 214.48MB 2.9s
#4 sha256:07dff4ad21ebdb3ce3e329699663b2f81af70152453025f6624584a39a8e22b6 156.24MB / 214.48MB 3.1s
#4 sha256:07dff4ad21ebdb3ce3e329699663b2f81af70152453025f6624584a39a8e22b6 184.55MB / 214.48MB 3.4s
#4 sha256:07dff4ad21ebdb3ce3e329699663b2f81af70152453025f6624584a39a8e22b6 201.33MB / 214.48MB 3.6s
#4 sha256:07dff4ad21ebdb3ce3e329699663b2f81af70152453025f6624584a39a8e22b6 214.48MB / 214.48MB 3.8s
#4 extracting sha256:f5196cdf25181bc7e4411865a2e002932b7b6b0ffce787c04c1bdeaf1f204f20 2.8s done
#4 extracting sha256:9bed1e86f01ee95c76d2c8b4385a47ae336e6d293afade9368469d99daa9369f
#4 extracting sha256:9bed1e86f01ee95c76d2c8b4385a47ae336e6d293afade9368469d99daa9369f 0.6s done
#4 sha256:07dff4ad21ebdb3ce3e329699663b2f81af70152453025f6624584a39a8e22b6 214.48MB / 214.48MB 4.7s done
#4 extracting sha256:f44e4bdb3a6c1325cc4d40e585ed7a759127c0c87b0388ec0236b1698827d70d 0.1s
#4 extracting sha256:f44e4bdb3a6c1325cc4d40e585ed7a759127c0c87b0388ec0236b1698827d70d 0.1s done
#4 extracting sha256:2f75d131f4060950dd6cc1f580e2fa5504ece8d692113a9cdb0a866637b397d7 0.1s
#4 extracting sha256:2f75d131f4060950dd6cc1f580e2fa5504ece8d692113a9cdb0a866637b397d7 2.8s done
#4 extracting sha256:07dff4ad21ebdb3ce3e329699663b2f81af70152453025f6624584a39a8e22b6
#4 extracting sha256:07dff4ad21ebdb3ce3e329699663b2f81af70152453025f6624584a39a8e22b6 5.0s
#4 extracting sha256:07dff4ad21ebdb3ce3e329699663b2f81af70152453025f6624584a39a8e22b6 9.8s done
#4 extracting sha256:e0ac4f13b766d321acc3b650d3d23b82828995711f6f247ff591722c00d04cec
#4 extracting sha256:e0ac4f13b766d321acc3b650d3d23b82828995711f6f247ff591722c00d04cec done
#4 extracting sha256:df2c3b2eb7cc63351bb32f26457bbe0402af8082548f26975f0c329bc7841881 0.1s
#4 extracting sha256:df2c3b2eb7cc63351bb32f26457bbe0402af8082548f26975f0c329bc7841881 2.0s done
#4 extracting sha256:efe636eac583776a8a114d50fef15bc65b648f3d2bb53326cf1f21cc5ef2b3ae
#4 extracting sha256:efe636eac583776a8a114d50fef15bc65b648f3d2bb53326cf1f21cc5ef2b3ae 0.1s done
#4 extracting sha256:fe17849545bb51455d3f7c8773ded2dbb1d6668a85bd00564573a4b88afd36f6 done
#4 DONE 20.5s

#6 [2/5] ADD . /app
#6 DONE 6.8s

#7 [3/5] WORKDIR /app
#7 DONE 0.0s

#8 [4/5] RUN apt-get update   && apt-get install -qq --no-install-recommends build-essential libcairo2-dev libpango1.0-dev libjpeg-dev libgif-dev librsvg2-dev   && rm -rf /var/lib/apt/lists/*
#8 0.221 Ign:1 http://security.debian.org/debian-security stretch/updates InRelease
#8 0.223 Ign:2 http://deb.debian.org/debian stretch InRelease
#8 0.233 Ign:3 http://security.debian.org/debian-security stretch/updates Release
#8 0.233 Ign:4 http://deb.debian.org/debian stretch-updates InRelease
#8 0.246 Ign:5 http://deb.debian.org/debian stretch Release
#8 0.246 Ign:6 http://security.debian.org/debian-security stretch/updates/main all Packages
#8 0.255 Ign:7 http://deb.debian.org/debian stretch-updates Release
#8 0.256 Ign:8 http://security.debian.org/debian-security stretch/updates/main amd64 Packages
#8 0.269 Ign:6 http://security.debian.org/debian-security stretch/updates/main all Packages
#8 0.282 Ign:8 http://security.debian.org/debian-security stretch/updates/main amd64 Packages
#8 0.284 Ign:9 http://deb.debian.org/debian stretch/main all Packages
#8 0.294 Ign:6 http://security.debian.org/debian-security stretch/updates/main all Packages
#8 0.295 Ign:10 http://deb.debian.org/debian stretch/main amd64 Packages
#8 0.306 Ign:8 http://security.debian.org/debian-security stretch/updates/main amd64 Packages
#8 0.306 Ign:11 http://deb.debian.org/debian stretch-updates/main amd64 Packages
#8 0.317 Ign:12 http://deb.debian.org/debian stretch-updates/main all Packages
#8 0.317 Ign:6 http://security.debian.org/debian-security stretch/updates/main all Packages
#8 0.329 Ign:8 http://security.debian.org/debian-security stretch/updates/main amd64 Packages
#8 0.330 Ign:9 http://deb.debian.org/debian stretch/main all Packages
#8 0.340 Ign:6 http://security.debian.org/debian-security stretch/updates/main all Packages
#8 0.340 Ign:10 http://deb.debian.org/debian stretch/main amd64 Packages
#8 0.351 Ign:11 http://deb.debian.org/debian stretch-updates/main amd64 Packages
#8 0.351 Ign:8 http://security.debian.org/debian-security stretch/updates/main amd64 Packages
#8 0.365 Ign:12 http://deb.debian.org/debian stretch-updates/main all Packages
#8 0.365 Ign:6 http://security.debian.org/debian-security stretch/updates/main all Packages
#8 0.376 Ign:9 http://deb.debian.org/debian stretch/main all Packages
#8 0.376 Err:8 http://security.debian.org/debian-security stretch/updates/main amd64 Packages
#8 0.376   404  Not Found
#8 0.387 Ign:10 http://deb.debian.org/debian stretch/main amd64 Packages
#8 0.397 Ign:11 http://deb.debian.org/debian stretch-updates/main amd64 Packages
#8 0.410 Ign:12 http://deb.debian.org/debian stretch-updates/main all Packages
#8 0.419 Ign:9 http://deb.debian.org/debian stretch/main all Packages
#8 0.430 Ign:10 http://deb.debian.org/debian stretch/main amd64 Packages
#8 0.443 Ign:11 http://deb.debian.org/debian stretch-updates/main amd64 Packages
#8 0.452 Ign:12 http://deb.debian.org/debian stretch-updates/main all Packages
#8 0.463 Ign:9 http://deb.debian.org/debian stretch/main all Packages
#8 0.475 Ign:10 http://deb.debian.org/debian stretch/main amd64 Packages
#8 0.487 Ign:11 http://deb.debian.org/debian stretch-updates/main amd64 Packages
#8 0.497 Ign:12 http://deb.debian.org/debian stretch-updates/main all Packages
#8 0.508 Ign:9 http://deb.debian.org/debian stretch/main all Packages
#8 0.529 Err:10 http://deb.debian.org/debian stretch/main amd64 Packages
#8 0.529   404  Not Found
#8 0.539 Err:11 http://deb.debian.org/debian stretch-updates/main amd64 Packages
#8 0.539   404  Not Found
#8 0.549 Ign:12 http://deb.debian.org/debian stretch-updates/main all Packages
#8 0.554 Reading package lists...
#8 0.565 W: The repository 'http://security.debian.org/debian-security stretch/updates Release' does not have a Release file.
#8 0.565 W: The repository 'http://deb.debian.org/debian stretch Release' does not have a Release file.
#8 0.565 W: The repository 'http://deb.debian.org/debian stretch-updates Release' does not have a Release file.
#8 0.565 E: Failed to fetch http://security.debian.org/debian-security/dists/stretch/updates/main/binary-amd64/Packages  404  Not Found
#8 0.565 E: Failed to fetch http://deb.debian.org/debian/dists/stretch/main/binary-amd64/Packages  404  Not Found
#8 0.565 E: Failed to fetch http://deb.debian.org/debian/dists/stretch-updates/main/binary-amd64/Packages  404  Not Found
#8 0.565 E: Some index files failed to download. They have been ignored, or old ones used instead.
#8 ERROR: process "/bin/sh -c apt-get update   && apt-get install -qq --no-install-recommends build-essential libcairo2-dev libpango1.0-dev libjpeg-dev libgif-dev librsvg2-dev   && rm -rf /var/lib/apt/lists/*" did not complete successfully: exit code: 100
------
 > [4/5] RUN apt-get update   && apt-get install -qq --no-install-recommends build-essential libcairo2-dev libpango1.0-dev libjpeg-dev libgif-dev librsvg2-dev   && rm -rf /var/lib/apt/lists/*:
0.539   404  Not Found
0.549 Ign:12 http://deb.debian.org/debian stretch-updates/main all Packages
0.554 Reading package lists...
0.565 W: The repository 'http://security.debian.org/debian-security stretch/updates Release' does not have a Release file.
0.565 W: The repository 'http://deb.debian.org/debian stretch Release' does not have a Release file.
0.565 W: The repository 'http://deb.debian.org/debian stretch-updates Release' does not have a Release file.
0.565 E: Failed to fetch http://security.debian.org/debian-security/dists/stretch/updates/main/binary-amd64/Packages  404  Not Found
0.565 E: Failed to fetch http://deb.debian.org/debian/dists/stretch/main/binary-amd64/Packages  404  Not Found
0.565 E: Failed to fetch http://deb.debian.org/debian/dists/stretch-updates/main/binary-amd64/Packages  404  Not Found
0.565 E: Some index files failed to download. They have been ignored, or old ones used instead.
------
v1_Dockerfile:6
--------------------
   5 |     WORKDIR /app
   6 | >>> RUN apt-get update \
   7 | >>>   && apt-get install -qq --no-install-recommends build-essential libcairo2-dev libpango1.0-dev libjpeg-dev libgif-dev librsvg2-dev \
   8 | >>>   && rm -rf /var/lib/apt/lists/*
   9 |     RUN npm install
--------------------
ERROR: failed to solve: process "/bin/sh -c apt-get update   && apt-get install -qq --no-install-recommends build-essential libcairo2-dev libpango1.0-dev libjpeg-dev libgif-dev librsvg2-dev   && rm -rf /var/lib/apt/lists/*" did not complete successfully: exit code: 100
Duration: 0:28.83