#0 building with "default" instance using docker driver

#1 [internal] load .dockerignore
#1 transferring context:
#1 transferring context: 116B done
#1 DONE 0.3s

#2 [internal] load build definition from Dockerfile
#2 transferring dockerfile: 536B done
#2 DONE 2.9s

#3 [auth] library/debian:pull token for registry-1.docker.io
#3 DONE 0.0s

#4 [internal] load metadata for docker.io/library/debian:stretch-slim
#4 ...

#5 [internal] load metadata for docker.elastic.co/elasticsearch/elasticsearch:7.6.2
#5 DONE 1.4s

#4 [internal] load metadata for docker.io/library/debian:stretch-slim
#4 DONE 1.5s

#6 [internal] load build context
#6 DONE 0.0s

#7 [build 1/4] FROM docker.io/library/debian:stretch-slim@sha256:abaa313c7e1dfe16069a1a42fa254014780f165d4fd084844602edbe29915e70
#7 resolve docker.io/library/debian:stretch-slim@sha256:abaa313c7e1dfe16069a1a42fa254014780f165d4fd084844602edbe29915e70
#7 resolve docker.io/library/debian:stretch-slim@sha256:abaa313c7e1dfe16069a1a42fa254014780f165d4fd084844602edbe29915e70 0.3s done
#7 sha256:c5cd3ffceeb25b683bf5111ea89bf8049a177e00fb237235d48076a19cc80097 529B / 529B done
#7 sha256:abaa313c7e1dfe16069a1a42fa254014780f165d4fd084844602edbe29915e70 1.21kB / 1.21kB done
#7 sha256:0e23ec2ce5e621c0e8fa57a53c7781d59d57de8c139a8a351b7236530cd85ec2 1.46kB / 1.46kB done
#7 ...

#6 [internal] load build context
#6 transferring context: 840.85kB 0.0s done
#6 DONE 0.4s

#8 [stage-1 1/2] FROM docker.elastic.co/elasticsearch/elasticsearch:7.6.2@sha256:59342c577e2b7082b819654d119f42514ddf47f0699c8b54dc1f0150250ce7aa
#8 resolve docker.elastic.co/elasticsearch/elasticsearch:7.6.2@sha256:59342c577e2b7082b819654d119f42514ddf47f0699c8b54dc1f0150250ce7aa 0.3s done
#8 sha256:59342c577e2b7082b819654d119f42514ddf47f0699c8b54dc1f0150250ce7aa 1.40kB / 1.40kB done
#8 sha256:f29a1ee41030e3963026369105f3bee76d75fdecbeca07932ac054126be7bff9 8.35kB / 8.35kB done
#8 sha256:c808caf183b679d8e198b7ba888d6a1df773689dac79528098e400413ec2c261 3.15MB / 85.21MB 0.7s
#8 sha256:d6caf8e15a64c3d070d838348e7dc70d065bd7bcab2077d133345aa2c74b60bb 25.17MB / 34.71MB 0.7s
#8 sha256:b0ba5f324e82cbbc65ca66fafd6479db5c2f847b59ccd5dcfa9202df20404827 2.59kB / 2.59kB 0.5s done
#8 sha256:d7e8c1e99b9a8d8479219457076c4ff8b5d01f4757f2cc1655b90ce515b2e1cb 0B / 321.62MB 0.7s
#8 sha256:d6caf8e15a64c3d070d838348e7dc70d065bd7bcab2077d133345aa2c74b60bb 33.55MB / 34.71MB 0.8s
#8 sha256:c808caf183b679d8e198b7ba888d6a1df773689dac79528098e400413ec2c261 12.58MB / 85.21MB 0.9s
#8 sha256:c808caf183b679d8e198b7ba888d6a1df773689dac79528098e400413ec2c261 27.26MB / 85.21MB 1.1s
#8 sha256:c808caf183b679d8e198b7ba888d6a1df773689dac79528098e400413ec2c261 33.55MB / 85.21MB 1.2s
#8 sha256:d7e8c1e99b9a8d8479219457076c4ff8b5d01f4757f2cc1655b90ce515b2e1cb 18.87MB / 321.62MB 1.2s
#8 sha256:c808caf183b679d8e198b7ba888d6a1df773689dac79528098e400413ec2c261 46.14MB / 85.21MB 1.4s
#8 sha256:d6caf8e15a64c3d070d838348e7dc70d065bd7bcab2077d133345aa2c74b60bb 34.71MB / 34.71MB 1.3s done
#8 sha256:85c4d6c814385ecc3ecff7ace2d86daf995e2232ef756f87d1cad39efc4174e4 0B / 314B 1.4s
#8 sha256:c808caf183b679d8e198b7ba888d6a1df773689dac79528098e400413ec2c261 52.43MB / 85.21MB 1.5s
#8 sha256:c808caf183b679d8e198b7ba888d6a1df773689dac79528098e400413ec2c261 63.96MB / 85.21MB 1.7s
#8 sha256:d7e8c1e99b9a8d8479219457076c4ff8b5d01f4757f2cc1655b90ce515b2e1cb 46.14MB / 321.62MB 1.7s
#8 sha256:85c4d6c814385ecc3ecff7ace2d86daf995e2232ef756f87d1cad39efc4174e4 314B / 314B 1.5s done
#8 sha256:3119218fac98d00516bf6bb6a81adb1284ac801ca20e1d61d23c2467ac5634c2 1.79kB / 1.79kB 1.7s
#8 sha256:c808caf183b679d8e198b7ba888d6a1df773689dac79528098e400413ec2c261 70.25MB / 85.21MB 1.8s
#8 sha256:3119218fac98d00516bf6bb6a81adb1284ac801ca20e1d61d23c2467ac5634c2 1.79kB / 1.79kB 1.7s done
#8 sha256:914accf214bb03020693cb5a539da813b6f2960b0e05304fc377ddff3a8a08d6 0B / 2.10kB 1.8s
#8 sha256:c808caf183b679d8e198b7ba888d6a1df773689dac79528098e400413ec2c261 76.55MB / 85.21MB 1.9s
#8 sha256:914accf214bb03020693cb5a539da813b6f2960b0e05304fc377ddff3a8a08d6 2.10kB / 2.10kB 1.9s done
#8 sha256:c808caf183b679d8e198b7ba888d6a1df773689dac79528098e400413ec2c261 82.84MB / 85.21MB 2.0s
#8 sha256:d7e8c1e99b9a8d8479219457076c4ff8b5d01f4757f2cc1655b90ce515b2e1cb 62.91MB / 321.62MB 2.0s
#8 sha256:d7e8c1e99b9a8d8479219457076c4ff8b5d01f4757f2cc1655b90ce515b2e1cb 82.84MB / 321.62MB 2.5s
#8 sha256:c808caf183b679d8e198b7ba888d6a1df773689dac79528098e400413ec2c261 85.21MB / 85.21MB 3.2s done
#8 extracting sha256:c808caf183b679d8e198b7ba888d6a1df773689dac79528098e400413ec2c261 0.1s
#8 sha256:d7e8c1e99b9a8d8479219457076c4ff8b5d01f4757f2cc1655b90ce515b2e1cb 99.61MB / 321.62MB 3.5s
#8 sha256:d7e8c1e99b9a8d8479219457076c4ff8b5d01f4757f2cc1655b90ce515b2e1cb 117.44MB / 321.62MB 4.0s
#8 sha256:d7e8c1e99b9a8d8479219457076c4ff8b5d01f4757f2cc1655b90ce515b2e1cb 137.36MB / 321.62MB 4.3s
#8 sha256:d7e8c1e99b9a8d8479219457076c4ff8b5d01f4757f2cc1655b90ce515b2e1cb 154.14MB / 321.62MB 4.6s
#8 sha256:d7e8c1e99b9a8d8479219457076c4ff8b5d01f4757f2cc1655b90ce515b2e1cb 174.06MB / 321.62MB 4.9s
#8 sha256:d7e8c1e99b9a8d8479219457076c4ff8b5d01f4757f2cc1655b90ce515b2e1cb 193.99MB / 321.62MB 5.2s
#8 sha256:d7e8c1e99b9a8d8479219457076c4ff8b5d01f4757f2cc1655b90ce515b2e1cb 213.91MB / 321.62MB 5.5s
#8 sha256:d7e8c1e99b9a8d8479219457076c4ff8b5d01f4757f2cc1655b90ce515b2e1cb 239.08MB / 321.62MB 6.0s
#8 sha256:d7e8c1e99b9a8d8479219457076c4ff8b5d01f4757f2cc1655b90ce515b2e1cb 266.34MB / 321.62MB 6.4s
#8 ...

#7 [build 1/4] FROM docker.io/library/debian:stretch-slim@sha256:abaa313c7e1dfe16069a1a42fa254014780f165d4fd084844602edbe29915e70
#7 sha256:bff3e048017eab8adaed886bad4b3c5c81f7d952b65b056dca8d6dbc198222dd 22.57MB / 22.57MB 4.1s done
#7 extracting sha256:bff3e048017eab8adaed886bad4b3c5c81f7d952b65b056dca8d6dbc198222dd 1.6s done
#7 DONE 6.9s

#8 [stage-1 1/2] FROM docker.elastic.co/elasticsearch/elasticsearch:7.6.2@sha256:59342c577e2b7082b819654d119f42514ddf47f0699c8b54dc1f0150250ce7aa
#8 ...

#9 [build 2/4] RUN apt-get update &&     apt-get install -y zip unzip
#9 0.514 Ign:1 http://deb.debian.org/debian stretch InRelease
#9 0.528 Ign:2 http://deb.debian.org/debian stretch-updates InRelease
#9 0.544 Ign:3 http://deb.debian.org/debian stretch Release
#9 0.562 Ign:4 http://deb.debian.org/debian stretch-updates Release
#9 0.650 Ign:5 http://security.debian.org/debian-security stretch/updates InRelease
#9 0.720 Ign:6 http://deb.debian.org/debian stretch/main amd64 Packages
#9 0.799 Ign:7 http://security.debian.org/debian-security stretch/updates Release
#9 0.802 Ign:8 http://security.debian.org/debian-security stretch/updates/main amd64 Packages
#9 0.877 Ign:9 http://deb.debian.org/debian stretch/main all Packages
#9 0.950 Ign:10 http://security.debian.org/debian-security stretch/updates/main all Packages
#9 0.954 Ign:8 http://security.debian.org/debian-security stretch/updates/main amd64 Packages
#9 1.034 Ign:11 http://deb.debian.org/debian stretch-updates/main all Packages
#9 1.104 Ign:10 http://security.debian.org/debian-security stretch/updates/main all Packages
#9 1.107 Ign:8 http://security.debian.org/debian-security stretch/updates/main amd64 Packages
#9 1.192 Ign:12 http://deb.debian.org/debian stretch-updates/main amd64 Packages
#9 1.258 Ign:10 http://security.debian.org/debian-security stretch/updates/main all Packages
#9 1.260 Ign:8 http://security.debian.org/debian-security stretch/updates/main amd64 Packages
#9 1.350 Ign:6 http://deb.debian.org/debian stretch/main amd64 Packages
#9 1.411 Ign:10 http://security.debian.org/debian-security stretch/updates/main all Packages
#9 1.415 Ign:8 http://security.debian.org/debian-security stretch/updates/main amd64 Packages
#9 1.508 Ign:9 http://deb.debian.org/debian stretch/main all Packages
#9 1.564 Ign:10 http://security.debian.org/debian-security stretch/updates/main all Packages
#9 1.567 Err:8 http://security.debian.org/debian-security stretch/updates/main amd64 Packages
#9 1.567   404  Not Found [IP: 151.101.194.132 80]
#9 1.666 Ign:11 http://deb.debian.org/debian stretch-updates/main all Packages
#9 1.717 Ign:10 http://security.debian.org/debian-security stretch/updates/main all Packages
#9 1.823 Ign:12 http://deb.debian.org/debian stretch-updates/main amd64 Packages
#9 1.984 Ign:6 http://deb.debian.org/debian stretch/main amd64 Packages
#9 2.141 Ign:9 http://deb.debian.org/debian stretch/main all Packages
#9 2.299 Ign:11 http://deb.debian.org/debian stretch-updates/main all Packages
#9 2.457 Ign:12 http://deb.debian.org/debian stretch-updates/main amd64 Packages
#9 2.615 Ign:6 http://deb.debian.org/debian stretch/main amd64 Packages
#9 2.772 Ign:9 http://deb.debian.org/debian stretch/main all Packages
#9 2.930 Ign:11 http://deb.debian.org/debian stretch-updates/main all Packages
#9 3.087 Ign:12 http://deb.debian.org/debian stretch-updates/main amd64 Packages
#9 3.244 Ign:6 http://deb.debian.org/debian stretch/main amd64 Packages
#9 3.401 Ign:9 http://deb.debian.org/debian stretch/main all Packages
#9 3.559 Ign:11 http://deb.debian.org/debian stretch-updates/main all Packages
#9 3.717 Ign:12 http://deb.debian.org/debian stretch-updates/main amd64 Packages
#9 3.874 Err:6 http://deb.debian.org/debian stretch/main amd64 Packages
#9 3.874   404  Not Found
#9 4.041 Ign:9 http://deb.debian.org/debian stretch/main all Packages
#9 4.199 Ign:11 http://deb.debian.org/debian stretch-updates/main all Packages
#9 4.357 Err:12 http://deb.debian.org/debian stretch-updates/main amd64 Packages
#9 4.357   404  Not Found
#9 4.361 Reading package lists...
#9 4.370 W: The repository 'http://deb.debian.org/debian stretch Release' does not have a Release file.
#9 4.370 W: The repository 'http://deb.debian.org/debian stretch-updates Release' does not have a Release file.
#9 4.370 W: The repository 'http://security.debian.org/debian-security stretch/updates Release' does not have a Release file.
#9 4.370 E: Failed to fetch http://deb.debian.org/debian/dists/stretch/main/binary-amd64/Packages  404  Not Found
#9 4.370 E: Failed to fetch http://deb.debian.org/debian/dists/stretch-updates/main/binary-amd64/Packages  404  Not Found
#9 4.370 E: Failed to fetch http://security.debian.org/debian-security/dists/stretch/updates/main/binary-amd64/Packages  404  Not Found [IP: 151.101.194.132 80]
#9 4.370 E: Some index files failed to download. They have been ignored, or old ones used instead.
#9 ...

#8 [stage-1 1/2] FROM docker.elastic.co/elasticsearch/elasticsearch:7.6.2@sha256:59342c577e2b7082b819654d119f42514ddf47f0699c8b54dc1f0150250ce7aa
#8 sha256:d7e8c1e99b9a8d8479219457076c4ff8b5d01f4757f2cc1655b90ce515b2e1cb 321.62MB / 321.62MB 14.0s
#8 extracting sha256:c808caf183b679d8e198b7ba888d6a1df773689dac79528098e400413ec2c261 5.3s done
#8 ...

#9 [build 2/4] RUN apt-get update &&     apt-get install -y zip unzip
#9 ERROR: process "/bin/sh -c apt-get update &&     apt-get install -y zip unzip" did not complete successfully: exit code: 100

#8 [stage-1 1/2] FROM docker.elastic.co/elasticsearch/elasticsearch:7.6.2@sha256:59342c577e2b7082b819654d119f42514ddf47f0699c8b54dc1f0150250ce7aa
#8 sha256:d7e8c1e99b9a8d8479219457076c4ff8b5d01f4757f2cc1655b90ce515b2e1cb 321.62MB / 321.62MB 17.9s done
#8 CANCELED
------
 > [build 2/4] RUN apt-get update &&     apt-get install -y zip unzip:
4.357 Err:12 http://deb.debian.org/debian stretch-updates/main amd64 Packages
4.357   404  Not Found
4.361 Reading package lists...
4.370 W: The repository 'http://deb.debian.org/debian stretch Release' does not have a Release file.
4.370 W: The repository 'http://deb.debian.org/debian stretch-updates Release' does not have a Release file.
4.370 W: The repository 'http://security.debian.org/debian-security stretch/updates Release' does not have a Release file.
4.370 E: Failed to fetch http://deb.debian.org/debian/dists/stretch/main/binary-amd64/Packages  404  Not Found
4.370 E: Failed to fetch http://deb.debian.org/debian/dists/stretch-updates/main/binary-amd64/Packages  404  Not Found
4.370 E: Failed to fetch http://security.debian.org/debian-security/dists/stretch/updates/main/binary-amd64/Packages  404  Not Found [IP: 151.101.194.132 80]
4.370 E: Some index files failed to download. They have been ignored, or old ones used instead.
------
Dockerfile:6
--------------------
   5 |     
   6 | >>> RUN apt-get update && \
   7 | >>>     apt-get install -y zip unzip
   8 |     
--------------------
ERROR: failed to solve: process "/bin/sh -c apt-get update &&     apt-get install -y zip unzip" did not complete successfully: exit code: 100
Duration: 0:23.30