#0 building with "default" instance using docker driver

#1 [internal] load build definition from v1_Dockerfile
#1 transferring dockerfile: 894B done
#1 DONE 0.0s

#2 [auth] library/debian:pull token for registry-1.docker.io
#2 DONE 0.0s

#3 [internal] load metadata for docker.io/library/golang:1.13-stretch
#3 ...

#4 [auth] library/golang:pull token for registry-1.docker.io
#4 DONE 0.0s

#5 [internal] load metadata for docker.io/library/debian:stretch
#5 DONE 0.9s

#3 [internal] load metadata for docker.io/library/golang:1.13-stretch
#3 DONE 1.0s

#6 [internal] load .dockerignore
#6 transferring context:
#6 transferring context: 2B done
#6 DONE 0.0s

#7 [internal] load build context
#7 transferring context: 3.82MB 0.1s done
#7 DONE 0.1s

#8 [stage-1 1/5] FROM docker.io/library/debian:stretch@sha256:c5c5200ff1e9c73ffbf188b4a67eb1c91531b644856b4aefe86a58d2f0cb05be
#8 resolve docker.io/library/debian:stretch@sha256:c5c5200ff1e9c73ffbf188b4a67eb1c91531b644856b4aefe86a58d2f0cb05be 0.1s done
#8 sha256:c5c5200ff1e9c73ffbf188b4a67eb1c91531b644856b4aefe86a58d2f0cb05be 1.21kB / 1.21kB done
#8 sha256:16ee3e11da473f6565ef94a715f1a38b3079e0664913be78869c336a71cb6085 529B / 529B done
#8 sha256:662c05203bab4c59568d24689fa5c3955439360a35c483178598d226b9a5ad10 1.46kB / 1.46kB done
#8 sha256:8372a04f222be82bf67eb0010a59644b1e52f1246b3da9034edaa98f3d591cae 0B / 45.43MB 0.1s
#8 sha256:8372a04f222be82bf67eb0010a59644b1e52f1246b3da9034edaa98f3d591cae 6.29MB / 45.43MB 0.3s
#8 sha256:8372a04f222be82bf67eb0010a59644b1e52f1246b3da9034edaa98f3d591cae 10.49MB / 45.43MB 0.4s
#8 sha256:8372a04f222be82bf67eb0010a59644b1e52f1246b3da9034edaa98f3d591cae 20.97MB / 45.43MB 0.6s
#8 sha256:8372a04f222be82bf67eb0010a59644b1e52f1246b3da9034edaa98f3d591cae 25.99MB / 45.43MB 0.7s
#8 sha256:8372a04f222be82bf67eb0010a59644b1e52f1246b3da9034edaa98f3d591cae 32.51MB / 45.43MB 0.9s
#8 sha256:8372a04f222be82bf67eb0010a59644b1e52f1246b3da9034edaa98f3d591cae 38.80MB / 45.43MB 1.0s
#8 sha256:8372a04f222be82bf67eb0010a59644b1e52f1246b3da9034edaa98f3d591cae 44.04MB / 45.43MB 1.1s
#8 sha256:8372a04f222be82bf67eb0010a59644b1e52f1246b3da9034edaa98f3d591cae 45.43MB / 45.43MB 1.2s done
#8 extracting sha256:8372a04f222be82bf67eb0010a59644b1e52f1246b3da9034edaa98f3d591cae
#8 extracting sha256:8372a04f222be82bf67eb0010a59644b1e52f1246b3da9034edaa98f3d591cae 3.1s done
#8 DONE 4.5s

#9 [builder 1/4] FROM docker.io/library/golang:1.13-stretch@sha256:25c0ff4b9aae31d585a446895c455f251fde408c3194afade9b043f9c0522320
#9 resolve docker.io/library/golang:1.13-stretch@sha256:25c0ff4b9aae31d585a446895c455f251fde408c3194afade9b043f9c0522320 0.0s done
#9 sha256:25c0ff4b9aae31d585a446895c455f251fde408c3194afade9b043f9c0522320 988B / 988B done
#9 sha256:75199247db3f99769c2fe83649dd59c5b62f5fc9147409ef7cb62693cb95058a 1.80kB / 1.80kB done
#9 sha256:89c634cd9763ff8aea4b2b58dc82dc5a79f46fd5dd0561f9d3bb5cc7a5eff76d 6.20kB / 6.20kB done
#9 sha256:419e7ae5bb1e4875c367f3249b7bb7f8f39dd27dfceb4ee9d6a92191ed1c452f 45.37MB / 45.37MB 1.1s done
#9 sha256:848839e0cd3b3acc96db8a39c4520a40f98dc8f3a2a5f80b575ff4a1c88f1fcf 10.75MB / 10.75MB 0.9s done
#9 sha256:de30e8b35015c7302e071e9c2b449290f270feaf2a419f6466a555b6907e7d72 4.34MB / 4.34MB 1.3s done
#9 extracting sha256:419e7ae5bb1e4875c367f3249b7bb7f8f39dd27dfceb4ee9d6a92191ed1c452f 3.0s done
#9 sha256:b32b6789636b814a54ae670f0a44ea5c8bf7a1139c04b908731e951874c8ebd1 57.75MB / 57.75MB 2.7s done
#9 sha256:258fdea6ea480a97ea4bfe331e7dc9e027edbb0a18781d0d85ca1acc80b7a596 50.09MB / 50.09MB 2.6s done
#9 sha256:fba068d5cb40ebd1e083efe3e3d0337db381220d0864b3edef12e4e73d9cddce 120.17MB / 120.17MB 3.9s done
#9 sha256:6a9e1594c0f8426f99e1183a178279ce8e040bf86281a1fa3707c4e5060059e8 126B / 126B 2.9s done
#9 extracting sha256:848839e0cd3b3acc96db8a39c4520a40f98dc8f3a2a5f80b575ff4a1c88f1fcf 0.1s
#9 extracting sha256:848839e0cd3b3acc96db8a39c4520a40f98dc8f3a2a5f80b575ff4a1c88f1fcf 0.4s done
#9 extracting sha256:de30e8b35015c7302e071e9c2b449290f270feaf2a419f6466a555b6907e7d72
#9 extracting sha256:de30e8b35015c7302e071e9c2b449290f270feaf2a419f6466a555b6907e7d72 0.1s done
#9 extracting sha256:258fdea6ea480a97ea4bfe331e7dc9e027edbb0a18781d0d85ca1acc80b7a596
#9 CANCELED

#10 [stage-1 2/5] RUN apt-get update     && apt-get install --no-install-recommends ca-certificates -y && rm -rf /var/lib/apt/lists/*;
#10 0.240 Ign:1 http://deb.debian.org/debian stretch InRelease
#10 0.240 Ign:2 http://security.debian.org/debian-security stretch/updates InRelease
#10 0.252 Ign:3 http://deb.debian.org/debian stretch-updates InRelease
#10 0.252 Ign:4 http://security.debian.org/debian-security stretch/updates Release
#10 0.262 Ign:5 http://deb.debian.org/debian stretch Release
#10 0.265 Ign:6 http://security.debian.org/debian-security stretch/updates/main all Packages
#10 0.274 Ign:7 http://deb.debian.org/debian stretch-updates Release
#10 0.277 Ign:8 http://security.debian.org/debian-security stretch/updates/main amd64 Packages
#10 0.288 Ign:9 http://deb.debian.org/debian stretch/main all Packages
#10 0.288 Ign:6 http://security.debian.org/debian-security stretch/updates/main all Packages
#10 0.301 Ign:10 http://deb.debian.org/debian stretch/main amd64 Packages
#10 0.301 Ign:8 http://security.debian.org/debian-security stretch/updates/main amd64 Packages
#10 0.311 Ign:11 http://deb.debian.org/debian stretch-updates/main amd64 Packages
#10 0.314 Ign:6 http://security.debian.org/debian-security stretch/updates/main all Packages
#10 0.324 Ign:12 http://deb.debian.org/debian stretch-updates/main all Packages
#10 0.327 Ign:8 http://security.debian.org/debian-security stretch/updates/main amd64 Packages
#10 0.334 Ign:9 http://deb.debian.org/debian stretch/main all Packages
#10 0.340 Ign:6 http://security.debian.org/debian-security stretch/updates/main all Packages
#10 0.347 Ign:10 http://deb.debian.org/debian stretch/main amd64 Packages
#10 0.351 Ign:8 http://security.debian.org/debian-security stretch/updates/main amd64 Packages
#10 0.359 Ign:11 http://deb.debian.org/debian stretch-updates/main amd64 Packages
#10 0.363 Ign:6 http://security.debian.org/debian-security stretch/updates/main all Packages
#10 0.370 Ign:12 http://deb.debian.org/debian stretch-updates/main all Packages
#10 0.374 Ign:8 http://security.debian.org/debian-security stretch/updates/main amd64 Packages
#10 0.382 Ign:9 http://deb.debian.org/debian stretch/main all Packages
#10 0.388 Ign:6 http://security.debian.org/debian-security stretch/updates/main all Packages
#10 0.396 Ign:10 http://deb.debian.org/debian stretch/main amd64 Packages
#10 0.399 Err:8 http://security.debian.org/debian-security stretch/updates/main amd64 Packages
#10 0.399   404  Not Found [IP: 151.101.66.132 80]
#10 0.407 Ign:11 http://deb.debian.org/debian stretch-updates/main amd64 Packages
#10 0.419 Ign:12 http://deb.debian.org/debian stretch-updates/main all Packages
#10 0.432 Ign:9 http://deb.debian.org/debian stretch/main all Packages
#10 0.449 Ign:10 http://deb.debian.org/debian stretch/main amd64 Packages
#10 0.461 Ign:11 http://deb.debian.org/debian stretch-updates/main amd64 Packages
#10 0.472 Ign:12 http://deb.debian.org/debian stretch-updates/main all Packages
#10 0.485 Ign:9 http://deb.debian.org/debian stretch/main all Packages
#10 0.497 Ign:10 http://deb.debian.org/debian stretch/main amd64 Packages
#10 0.509 Ign:11 http://deb.debian.org/debian stretch-updates/main amd64 Packages
#10 0.521 Ign:12 http://deb.debian.org/debian stretch-updates/main all Packages
#10 0.532 Ign:9 http://deb.debian.org/debian stretch/main all Packages
#10 0.557 Err:10 http://deb.debian.org/debian stretch/main amd64 Packages
#10 0.557   404  Not Found
#10 0.567 Err:11 http://deb.debian.org/debian stretch-updates/main amd64 Packages
#10 0.567   404  Not Found
#10 0.581 Ign:12 http://deb.debian.org/debian stretch-updates/main all Packages
#10 0.583 Reading package lists...
#10 0.589 W: The repository 'http://security.debian.org/debian-security stretch/updates Release' does not have a Release file.
#10 0.589 W: The repository 'http://deb.debian.org/debian stretch Release' does not have a Release file.
#10 0.589 W: The repository 'http://deb.debian.org/debian stretch-updates Release' does not have a Release file.
#10 0.589 E: Failed to fetch http://security.debian.org/debian-security/dists/stretch/updates/main/binary-amd64/Packages  404  Not Found [IP: 151.101.66.132 80]
#10 0.589 E: Failed to fetch http://deb.debian.org/debian/dists/stretch/main/binary-amd64/Packages  404  Not Found
#10 0.589 E: Failed to fetch http://deb.debian.org/debian/dists/stretch-updates/main/binary-amd64/Packages  404  Not Found
#10 0.589 E: Some index files failed to download. They have been ignored, or old ones used instead.
#10 ERROR: process "/bin/sh -c apt-get update     && apt-get install --no-install-recommends ca-certificates -y && rm -rf /var/lib/apt/lists/*;" did not complete successfully: exit code: 100
------
 > [stage-1 2/5] RUN apt-get update     && apt-get install --no-install-recommends ca-certificates -y && rm -rf /var/lib/apt/lists/*;:
0.567   404  Not Found
0.581 Ign:12 http://deb.debian.org/debian stretch-updates/main all Packages
0.583 Reading package lists...
0.589 W: The repository 'http://security.debian.org/debian-security stretch/updates Release' does not have a Release file.
0.589 W: The repository 'http://deb.debian.org/debian stretch Release' does not have a Release file.
0.589 W: The repository 'http://deb.debian.org/debian stretch-updates Release' does not have a Release file.
0.589 E: Failed to fetch http://security.debian.org/debian-security/dists/stretch/updates/main/binary-amd64/Packages  404  Not Found [IP: 151.101.66.132 80]
0.589 E: Failed to fetch http://deb.debian.org/debian/dists/stretch/main/binary-amd64/Packages  404  Not Found
0.589 E: Failed to fetch http://deb.debian.org/debian/dists/stretch-updates/main/binary-amd64/Packages  404  Not Found
0.589 E: Some index files failed to download. They have been ignored, or old ones used instead.
------
v1_Dockerfile:14
--------------------
  13 |     
  14 | >>> RUN apt-get update \
  15 | >>>     && apt-get install --no-install-recommends ca-certificates -y && rm -rf /var/lib/apt/lists/*;
  16 |     
--------------------
ERROR: failed to solve: process "/bin/sh -c apt-get update     && apt-get install --no-install-recommends ca-certificates -y && rm -rf /var/lib/apt/lists/*;" did not complete successfully: exit code: 100
Duration: 0:8.32