#0 building with "default" instance using docker driver

#1 [internal] load build definition from v1_Dockerfile
#1 transferring dockerfile: 882B done
#1 DONE 0.0s

#2 [internal] load metadata for docker.io/library/eclipse-temurin:17.0.5_8-jdk-alpine
#2 ...

#3 [auth] library/eclipse-temurin:pull token for registry-1.docker.io
#3 DONE 0.0s

#4 [internal] load metadata for docker.io/library/eclipse-temurin:17.0.5_8-jre-alpine
#4 DONE 1.0s

#2 [internal] load metadata for docker.io/library/eclipse-temurin:17.0.5_8-jdk-alpine
#2 DONE 1.0s

#5 [internal] load .dockerignore
#5 transferring context: 126B done
#5 DONE 0.0s

#6 [stage-0 1/9] FROM docker.io/library/eclipse-temurin:17.0.5_8-jdk-alpine@sha256:f6532be799d7e5ffb84856fd20d5bbf6c5a5b8438327db2e080e38fb463baa2f
#6 resolve docker.io/library/eclipse-temurin:17.0.5_8-jdk-alpine@sha256:f6532be799d7e5ffb84856fd20d5bbf6c5a5b8438327db2e080e38fb463baa2f 0.0s done
#6 ...

#7 [internal] load build context
#7 transferring context: 2.43MB 0.1s done
#7 DONE 0.1s

#6 [stage-0 1/9] FROM docker.io/library/eclipse-temurin:17.0.5_8-jdk-alpine@sha256:f6532be799d7e5ffb84856fd20d5bbf6c5a5b8438327db2e080e38fb463baa2f
#6 sha256:f6532be799d7e5ffb84856fd20d5bbf6c5a5b8438327db2e080e38fb463baa2f 320B / 320B done
#6 sha256:3f641ee7716ddc2405d2e2236da36bf1cde5a36f103c6e90463ebb08367afcec 1.16kB / 1.16kB done
#6 sha256:f59d75169a69bbfabf7bb61ed59e4bcab99e50d43c2a24ce1bd8edc7a1850909 4.14kB / 4.14kB done
#6 sha256:8921db27df2831fa6eaa85321205a2470c669b855f3ec95d5a3c2b46de0442c9 0B / 3.37MB 0.2s
#6 sha256:846e3b32ee5a149e3ccb99051cdb52e96e11488293cdf72ee88168c88dd335c7 0B / 12.02MB 0.2s
#6 sha256:c463607450202ffe337c44b04cb674183f6cae4b0ad95de95de3e5139624a844 1.05MB / 191.74MB 0.2s
#6 sha256:8921db27df2831fa6eaa85321205a2470c669b855f3ec95d5a3c2b46de0442c9 1.05MB / 3.37MB 0.3s
#6 sha256:8921db27df2831fa6eaa85321205a2470c669b855f3ec95d5a3c2b46de0442c9 3.15MB / 3.37MB 0.5s
#6 sha256:846e3b32ee5a149e3ccb99051cdb52e96e11488293cdf72ee88168c88dd335c7 10.49MB / 12.02MB 0.5s
#6 sha256:c463607450202ffe337c44b04cb674183f6cae4b0ad95de95de3e5139624a844 19.92MB / 191.74MB 0.5s
#6 sha256:8921db27df2831fa6eaa85321205a2470c669b855f3ec95d5a3c2b46de0442c9 3.37MB / 3.37MB 0.5s done
#6 sha256:846e3b32ee5a149e3ccb99051cdb52e96e11488293cdf72ee88168c88dd335c7 12.02MB / 12.02MB 0.5s done
#6 extracting sha256:8921db27df2831fa6eaa85321205a2470c669b855f3ec95d5a3c2b46de0442c9
#6 sha256:c1aacfe7df6acfe075630dd184d0d0fa387cc735a0812f82bfbf6b2c114704fb 0B / 175B 0.6s
#6 sha256:c463607450202ffe337c44b04cb674183f6cae4b0ad95de95de3e5139624a844 36.70MB / 191.74MB 0.7s
#6 extracting sha256:8921db27df2831fa6eaa85321205a2470c669b855f3ec95d5a3c2b46de0442c9 0.1s done
#6 sha256:c1aacfe7df6acfe075630dd184d0d0fa387cc735a0812f82bfbf6b2c114704fb 175B / 175B 0.7s
#6 extracting sha256:846e3b32ee5a149e3ccb99051cdb52e96e11488293cdf72ee88168c88dd335c7
#6 sha256:c1aacfe7df6acfe075630dd184d0d0fa387cc735a0812f82bfbf6b2c114704fb 175B / 175B 0.7s done
#6 sha256:c463607450202ffe337c44b04cb674183f6cae4b0ad95de95de3e5139624a844 57.67MB / 191.74MB 1.0s
#6 sha256:c463607450202ffe337c44b04cb674183f6cae4b0ad95de95de3e5139624a844 78.64MB / 191.74MB 1.3s
#6 sha256:c463607450202ffe337c44b04cb674183f6cae4b0ad95de95de3e5139624a844 91.23MB / 191.74MB 1.5s
#6 sha256:c463607450202ffe337c44b04cb674183f6cae4b0ad95de95de3e5139624a844 104.86MB / 191.74MB 1.7s
#6 sha256:c463607450202ffe337c44b04cb674183f6cae4b0ad95de95de3e5139624a844 115.34MB / 191.74MB 1.8s
#6 sha256:c463607450202ffe337c44b04cb674183f6cae4b0ad95de95de3e5139624a844 125.83MB / 191.74MB 1.9s
#6 sha256:c463607450202ffe337c44b04cb674183f6cae4b0ad95de95de3e5139624a844 146.80MB / 191.74MB 2.1s
#6 sha256:c463607450202ffe337c44b04cb674183f6cae4b0ad95de95de3e5139624a844 163.58MB / 191.74MB 2.3s
#6 sha256:c463607450202ffe337c44b04cb674183f6cae4b0ad95de95de3e5139624a844 183.50MB / 191.74MB 2.5s
#6 sha256:c463607450202ffe337c44b04cb674183f6cae4b0ad95de95de3e5139624a844 191.74MB / 191.74MB 3.0s done
#6 extracting sha256:c463607450202ffe337c44b04cb674183f6cae4b0ad95de95de3e5139624a844
#6 ...

#8 [stage-1 1/2] FROM docker.io/library/eclipse-temurin:17.0.5_8-jre-alpine@sha256:00f33e079314d395f7b0d16f567c2bcd14c7805a9be3796dd8df547cfcf86759
#8 resolve docker.io/library/eclipse-temurin:17.0.5_8-jre-alpine@sha256:00f33e079314d395f7b0d16f567c2bcd14c7805a9be3796dd8df547cfcf86759 0.0s done
#8 sha256:8921db27df2831fa6eaa85321205a2470c669b855f3ec95d5a3c2b46de0442c9 3.37MB / 3.37MB 0.5s done
#8 sha256:846e3b32ee5a149e3ccb99051cdb52e96e11488293cdf72ee88168c88dd335c7 12.02MB / 12.02MB 0.5s done
#8 sha256:00f33e079314d395f7b0d16f567c2bcd14c7805a9be3796dd8df547cfcf86759 320B / 320B done
#8 sha256:b3d7961b4ccb2acf6556f4bcc13cfbe64cad734010849b16e5f844f50e6265ba 1.16kB / 1.16kB done
#8 sha256:b409edd8952cfacce865ba14c8bdb2b790cf20fa0c94d95f97235dd70a7d85c7 4.21kB / 4.21kB done
#8 sha256:bf62bdffd1628656e2f1fd9a604f49d8a2c6f6c819091d2c3c034caddf7141ce 46.68MB / 46.68MB 1.7s done
#8 sha256:a463abe25676dbc9f904071b2bc7a7db0efdf6630318cf635336cf62294ef3a5 158B / 158B 0.8s done
#8 extracting sha256:846e3b32ee5a149e3ccb99051cdb52e96e11488293cdf72ee88168c88dd335c7 0.5s done
#8 extracting sha256:bf62bdffd1628656e2f1fd9a604f49d8a2c6f6c819091d2c3c034caddf7141ce 1.6s done
#8 extracting sha256:a463abe25676dbc9f904071b2bc7a7db0efdf6630318cf635336cf62294ef3a5 done
#8 DONE 3.6s

#6 [stage-0 1/9] FROM docker.io/library/eclipse-temurin:17.0.5_8-jdk-alpine@sha256:f6532be799d7e5ffb84856fd20d5bbf6c5a5b8438327db2e080e38fb463baa2f
#6 extracting sha256:c463607450202ffe337c44b04cb674183f6cae4b0ad95de95de3e5139624a844 3.6s done
#6 extracting sha256:c1aacfe7df6acfe075630dd184d0d0fa387cc735a0812f82bfbf6b2c114704fb
#6 extracting sha256:c1aacfe7df6acfe075630dd184d0d0fa387cc735a0812f82bfbf6b2c114704fb done
#6 DONE 6.8s

#9 [stage-0 2/9] RUN apk add --no-cache curl
#9 0.177 fetch https://dl-cdn.alpinelinux.org/alpine/v3.17/main/x86_64/APKINDEX.tar.gz
#9 0.330 fetch https://dl-cdn.alpinelinux.org/alpine/v3.17/community/x86_64/APKINDEX.tar.gz
#9 0.577 (1/4) Installing ca-certificates (20240226-r0)
#9 0.598 (2/4) Installing nghttp2-libs (1.51.0-r2)
#9 0.610 (3/4) Installing libcurl (8.9.0-r0)
#9 0.629 (4/4) Installing curl (8.9.0-r0)
#9 0.645 Executing busybox-1.35.0-r29.trigger
#9 0.649 Executing ca-certificates-20240226-r0.trigger
#9 0.708 OK: 34 MiB in 33 packages
#9 DONE 4.1s

#10 [stage-0 3/9] RUN apk add --no-cache nodejs-current npm
#10 0.194 fetch https://dl-cdn.alpinelinux.org/alpine/v3.17/main/x86_64/APKINDEX.tar.gz
#10 0.500 fetch https://dl-cdn.alpinelinux.org/alpine/v3.17/community/x86_64/APKINDEX.tar.gz
#10 0.926 (1/8) Installing c-ares (1.19.1-r1)
#10 0.938 (2/8) Installing libgcc (12.2.1_git20220924-r4)
#10 0.949 (3/8) Installing icu-data-en (72.1-r1)
#10 0.998 Executing icu-data-en-72.1-r1.post-install
#10 1.000 *
#10 1.000 * If you need ICU with non-English locales and legacy charset support, install
#10 1.000 * package icu-data-full.
#10 1.000 *
#10 1.000 (4/8) Installing libstdc++ (12.2.1_git20220924-r4)
#10 1.037 (5/8) Installing icu-libs (72.1-r1)
#10 1.100 (6/8) Installing libuv (1.44.2-r0)
#10 1.112 (7/8) Installing nodejs-current (19.7.0-r0)
#10 1.482 (8/8) Installing npm (9.1.2-r0)
#10 1.666 Executing busybox-1.35.0-r29.trigger
#10 1.670 OK: 99 MiB in 41 packages
#10 DONE 2.0s

#11 [stage-0 4/9] RUN mkdir -p /usr/share/maven /usr/share/maven/ref   && curl -fsSL -o /tmp/apache-maven.tar.gz https://apache.osuosl.org/maven/maven-3/3.6.3/binaries/apache-maven-3.6.3-bin.tar.gz   && tar -xzf /tmp/apache-maven.tar.gz -C /usr/share/maven --strip-components=1   && rm -f /tmp/apache-maven.tar.gz   && ln -s /usr/share/maven/bin/mvn /usr/bin/mvn
#11 0.296 curl: (22) The requested URL returned error: 404
#11 ERROR: process "/bin/sh -c mkdir -p /usr/share/maven /usr/share/maven/ref   && curl -fsSL -o /tmp/apache-maven.tar.gz https://apache.osuosl.org/maven/maven-3/3.6.3/binaries/apache-maven-3.6.3-bin.tar.gz   && tar -xzf /tmp/apache-maven.tar.gz -C /usr/share/maven --strip-components=1   && rm -f /tmp/apache-maven.tar.gz   && ln -s /usr/share/maven/bin/mvn /usr/bin/mvn" did not complete successfully: exit code: 22
------
 > [stage-0 4/9] RUN mkdir -p /usr/share/maven /usr/share/maven/ref   && curl -fsSL -o /tmp/apache-maven.tar.gz https://apache.osuosl.org/maven/maven-3/3.6.3/binaries/apache-maven-3.6.3-bin.tar.gz   && tar -xzf /tmp/apache-maven.tar.gz -C /usr/share/maven --strip-components=1   && rm -f /tmp/apache-maven.tar.gz   && ln -s /usr/share/maven/bin/mvn /usr/bin/mvn:
0.296 curl: (22) The requested URL returned error: 404
------
v1_Dockerfile:8
--------------------
   7 |     
   8 | >>> RUN mkdir -p /usr/share/maven /usr/share/maven/ref \
   9 | >>>   && curl -fsSL -o /tmp/apache-maven.tar.gz https://apache.osuosl.org/maven/maven-3/3.6.3/binaries/apache-maven-3.6.3-bin.tar.gz \
  10 | >>>   && tar -xzf /tmp/apache-maven.tar.gz -C /usr/share/maven --strip-components=1 \
  11 | >>>   && rm -f /tmp/apache-maven.tar.gz \
  12 | >>>   && ln -s /usr/share/maven/bin/mvn /usr/bin/mvn
  13 |     
--------------------
ERROR: failed to solve: process "/bin/sh -c mkdir -p /usr/share/maven /usr/share/maven/ref   && curl -fsSL -o /tmp/apache-maven.tar.gz https://apache.osuosl.org/maven/maven-3/3.6.3/binaries/apache-maven-3.6.3-bin.tar.gz   && tar -xzf /tmp/apache-maven.tar.gz -C /usr/share/maven --strip-components=1   && rm -f /tmp/apache-maven.tar.gz   && ln -s /usr/share/maven/bin/mvn /usr/bin/mvn" did not complete successfully: exit code: 22
Duration: 0:14.64