#0 building with "default" instance using docker driver

#1 [internal] load .dockerignore
#1 transferring context:
#1 ...

#2 [internal] load build definition from Dockerfile.dev
#2 transferring dockerfile: 397B done
#2 DONE 0.5s

#1 [internal] load .dockerignore
#1 transferring context: 2B done
#1 DONE 0.6s

#3 [internal] load metadata for docker.io/library/node:15-slim
#3 ...

#4 [auth] library/node:pull token for registry-1.docker.io
#4 DONE 0.0s

#3 [internal] load metadata for docker.io/library/node:15-slim
#3 DONE 1.6s

#5 [1/2] FROM docker.io/library/node:15-slim@sha256:ecfa754d007a069a2ffc293115927f86416beea07b779c48c0597e26d2321bbb
#5 resolve docker.io/library/node:15-slim@sha256:ecfa754d007a069a2ffc293115927f86416beea07b779c48c0597e26d2321bbb
#5 resolve docker.io/library/node:15-slim@sha256:ecfa754d007a069a2ffc293115927f86416beea07b779c48c0597e26d2321bbb 0.1s done
#5 sha256:ecfa754d007a069a2ffc293115927f86416beea07b779c48c0597e26d2321bbb 776B / 776B done
#5 sha256:67ab1960a6c04e71628bad6cd124c52adf748fc786af331f83a3432b181af86e 1.37kB / 1.37kB done
#5 sha256:dd6ccbd57bbdade90b83b78754ae8bdfdae6464be6f70139a2a1c091235cb81b 7.09kB / 7.09kB done
#5 sha256:fa1690ae92289fb310aa27b793a164bf8bbedc7ddd00ca079a31bb8bb315b616 0B / 22.53MB 0.2s
#5 sha256:2e799f213a71f7d1750d25e0b690811017c446924be2be942615e804c5c28fd5 0B / 4.17kB 0.2s
#5 sha256:fa1690ae92289fb310aa27b793a164bf8bbedc7ddd00ca079a31bb8bb315b616 3.15MB / 22.53MB 0.3s
#5 sha256:7889b64c76eeb9fcd2bc0508bfe2ee5d2aba14c5f361b3bb5243a9b0cefa19cc 0B / 34.29MB 0.3s
#5 sha256:fa1690ae92289fb310aa27b793a164bf8bbedc7ddd00ca079a31bb8bb315b616 9.44MB / 22.53MB 0.4s
#5 sha256:fa1690ae92289fb310aa27b793a164bf8bbedc7ddd00ca079a31bb8bb315b616 15.73MB / 22.53MB 0.5s
#5 sha256:2e799f213a71f7d1750d25e0b690811017c446924be2be942615e804c5c28fd5 4.17kB / 4.17kB 0.4s done
#5 sha256:fa1690ae92289fb310aa27b793a164bf8bbedc7ddd00ca079a31bb8bb315b616 22.02MB / 22.53MB 0.6s
#5 sha256:f014a43d13b9ba632b1ffa2768d3cb69046aa1792dd9151e3468437969bf9995 0B / 2.83MB 0.6s
#5 sha256:7889b64c76eeb9fcd2bc0508bfe2ee5d2aba14c5f361b3bb5243a9b0cefa19cc 9.44MB / 34.29MB 0.8s
#5 sha256:f014a43d13b9ba632b1ffa2768d3cb69046aa1792dd9151e3468437969bf9995 1.05MB / 2.83MB 0.8s
#5 sha256:7889b64c76eeb9fcd2bc0508bfe2ee5d2aba14c5f361b3bb5243a9b0cefa19cc 14.68MB / 34.29MB 0.9s
#5 sha256:f014a43d13b9ba632b1ffa2768d3cb69046aa1792dd9151e3468437969bf9995 2.83MB / 2.83MB 0.9s
#5 sha256:7889b64c76eeb9fcd2bc0508bfe2ee5d2aba14c5f361b3bb5243a9b0cefa19cc 20.97MB / 34.29MB 1.0s
#5 sha256:fa1690ae92289fb310aa27b793a164bf8bbedc7ddd00ca079a31bb8bb315b616 22.53MB / 22.53MB 0.9s done
#5 sha256:7889b64c76eeb9fcd2bc0508bfe2ee5d2aba14c5f361b3bb5243a9b0cefa19cc 30.41MB / 34.29MB 1.2s
#5 sha256:f014a43d13b9ba632b1ffa2768d3cb69046aa1792dd9151e3468437969bf9995 2.83MB / 2.83MB 1.1s done
#5 sha256:a362afa18dd0b75f4a6cd44f7071b67e1f0bc3f6ccd9bf2268d90aa64e49931e 0B / 292B 1.2s
#5 sha256:7889b64c76eeb9fcd2bc0508bfe2ee5d2aba14c5f361b3bb5243a9b0cefa19cc 34.29MB / 34.29MB 1.4s
#5 sha256:a362afa18dd0b75f4a6cd44f7071b67e1f0bc3f6ccd9bf2268d90aa64e49931e 292B / 292B 1.4s
#5 extracting sha256:fa1690ae92289fb310aa27b793a164bf8bbedc7ddd00ca079a31bb8bb315b616
#5 sha256:7889b64c76eeb9fcd2bc0508bfe2ee5d2aba14c5f361b3bb5243a9b0cefa19cc 34.29MB / 34.29MB 1.8s done
#5 sha256:a362afa18dd0b75f4a6cd44f7071b67e1f0bc3f6ccd9bf2268d90aa64e49931e 292B / 292B 1.8s done
#5 extracting sha256:fa1690ae92289fb310aa27b793a164bf8bbedc7ddd00ca079a31bb8bb315b616 4.3s done
#5 extracting sha256:2e799f213a71f7d1750d25e0b690811017c446924be2be942615e804c5c28fd5
#5 extracting sha256:2e799f213a71f7d1750d25e0b690811017c446924be2be942615e804c5c28fd5 0.3s done
#5 extracting sha256:7889b64c76eeb9fcd2bc0508bfe2ee5d2aba14c5f361b3bb5243a9b0cefa19cc
#5 extracting sha256:7889b64c76eeb9fcd2bc0508bfe2ee5d2aba14c5f361b3bb5243a9b0cefa19cc 5.1s
#5 extracting sha256:7889b64c76eeb9fcd2bc0508bfe2ee5d2aba14c5f361b3bb5243a9b0cefa19cc 5.1s done
#5 extracting sha256:f014a43d13b9ba632b1ffa2768d3cb69046aa1792dd9151e3468437969bf9995
#5 extracting sha256:f014a43d13b9ba632b1ffa2768d3cb69046aa1792dd9151e3468437969bf9995 0.7s done
#5 extracting sha256:a362afa18dd0b75f4a6cd44f7071b67e1f0bc3f6ccd9bf2268d90aa64e49931e done
#5 DONE 15.1s

#6 [2/2] RUN apt-get update   && export DEBIAN_FRONTEND=noninteractive && apt-get -y install --no-install-recommends git sudo ca-certificates   && adduser node sudo   && echo '%sudo ALL=(ALL) NOPASSWD:ALL' >> /etc/sudoers
#6 1.695 Ign:1 http://security.debian.org/debian-security stretch/updates InRelease
#6 1.728 Ign:2 http://deb.debian.org/debian stretch InRelease
#6 1.753 Ign:3 http://deb.debian.org/debian stretch-updates InRelease
#6 1.771 Ign:4 http://deb.debian.org/debian stretch Release
#6 1.794 Ign:5 http://deb.debian.org/debian stretch-updates Release
#6 1.920 Ign:6 http://security.debian.org/debian-security stretch/updates Release
#6 2.074 Ign:7 http://security.debian.org/debian-security stretch/updates/main amd64 Packages
#6 2.086 Ign:8 http://security.debian.org/debian-security stretch/updates/main all Packages
#6 2.104 Ign:9 http://deb.debian.org/debian stretch/main amd64 Packages
#6 2.245 Ign:7 http://security.debian.org/debian-security stretch/updates/main amd64 Packages
#6 2.258 Ign:8 http://security.debian.org/debian-security stretch/updates/main all Packages
#6 2.262 Ign:10 http://deb.debian.org/debian stretch/main all Packages
#6 2.414 Ign:7 http://security.debian.org/debian-security stretch/updates/main amd64 Packages
#6 2.416 Ign:8 http://security.debian.org/debian-security stretch/updates/main all Packages
#6 2.427 Ign:11 http://deb.debian.org/debian stretch-updates/main amd64 Packages
#6 2.579 Ign:7 http://security.debian.org/debian-security stretch/updates/main amd64 Packages
#6 2.588 Ign:8 http://security.debian.org/debian-security stretch/updates/main all Packages
#6 2.590 Ign:12 http://deb.debian.org/debian stretch-updates/main all Packages
#6 2.739 Ign:7 http://security.debian.org/debian-security stretch/updates/main amd64 Packages
#6 2.745 Ign:8 http://security.debian.org/debian-security stretch/updates/main all Packages
#6 2.749 Ign:9 http://deb.debian.org/debian stretch/main amd64 Packages
#6 2.898 Err:7 http://security.debian.org/debian-security stretch/updates/main amd64 Packages
#6 2.898   404  Not Found [IP: 151.101.2.132 80]
#6 2.909 Ign:8 http://security.debian.org/debian-security stretch/updates/main all Packages
#6 2.914 Ign:10 http://deb.debian.org/debian stretch/main all Packages
#6 3.223 Ign:11 http://deb.debian.org/debian stretch-updates/main amd64 Packages
#6 3.383 Ign:12 http://deb.debian.org/debian stretch-updates/main all Packages
#6 3.544 Ign:9 http://deb.debian.org/debian stretch/main amd64 Packages
#6 3.704 Ign:10 http://deb.debian.org/debian stretch/main all Packages
#6 4.019 Ign:11 http://deb.debian.org/debian stretch-updates/main amd64 Packages
#6 4.178 Ign:12 http://deb.debian.org/debian stretch-updates/main all Packages
#6 4.336 Ign:9 http://deb.debian.org/debian stretch/main amd64 Packages
#6 4.496 Ign:10 http://deb.debian.org/debian stretch/main all Packages
#6 4.656 Ign:11 http://deb.debian.org/debian stretch-updates/main amd64 Packages
#6 4.814 Ign:12 http://deb.debian.org/debian stretch-updates/main all Packages
#6 4.973 Ign:9 http://deb.debian.org/debian stretch/main amd64 Packages
#6 5.131 Ign:10 http://deb.debian.org/debian stretch/main all Packages
#6 5.292 Ign:11 http://deb.debian.org/debian stretch-updates/main amd64 Packages
#6 5.450 Ign:12 http://deb.debian.org/debian stretch-updates/main all Packages
#6 5.614 Err:9 http://deb.debian.org/debian stretch/main amd64 Packages
#6 5.614   404  Not Found
#6 5.783 Ign:10 http://deb.debian.org/debian stretch/main all Packages
#6 5.943 Err:11 http://deb.debian.org/debian stretch-updates/main amd64 Packages
#6 5.943   404  Not Found
#6 6.102 Ign:12 http://deb.debian.org/debian stretch-updates/main all Packages
#6 6.125 Reading package lists...
#6 6.166 W: The repository 'http://deb.debian.org/debian stretch Release' does not have a Release file.
#6 6.166 W: The repository 'http://deb.debian.org/debian stretch-updates Release' does not have a Release file.
#6 6.166 W: The repository 'http://security.debian.org/debian-security stretch/updates Release' does not have a Release file.
#6 6.166 E: Failed to fetch http://deb.debian.org/debian/dists/stretch/main/binary-amd64/Packages  404  Not Found
#6 6.166 E: Failed to fetch http://deb.debian.org/debian/dists/stretch-updates/main/binary-amd64/Packages  404  Not Found
#6 6.166 E: Failed to fetch http://security.debian.org/debian-security/dists/stretch/updates/main/binary-amd64/Packages  404  Not Found [IP: 151.101.2.132 80]
#6 6.166 E: Some index files failed to download. They have been ignored, or old ones used instead.
#6 ERROR: process "/bin/sh -c apt-get update   && export DEBIAN_FRONTEND=noninteractive && apt-get -y install --no-install-recommends git sudo ca-certificates   && adduser node sudo   && echo '%sudo ALL=(ALL) NOPASSWD:ALL' >> /etc/sudoers" did not complete successfully: exit code: 100
------
 > [2/2] RUN apt-get update   && export DEBIAN_FRONTEND=noninteractive && apt-get -y install --no-install-recommends git sudo ca-certificates   && adduser node sudo   && echo '%sudo ALL=(ALL) NOPASSWD:ALL' >> /etc/sudoers:
5.943   404  Not Found
6.102 Ign:12 http://deb.debian.org/debian stretch-updates/main all Packages
6.125 Reading package lists...
6.166 W: The repository 'http://deb.debian.org/debian stretch Release' does not have a Release file.
6.166 W: The repository 'http://deb.debian.org/debian stretch-updates Release' does not have a Release file.
6.166 W: The repository 'http://security.debian.org/debian-security stretch/updates Release' does not have a Release file.
6.166 E: Failed to fetch http://deb.debian.org/debian/dists/stretch/main/binary-amd64/Packages  404  Not Found
6.166 E: Failed to fetch http://deb.debian.org/debian/dists/stretch-updates/main/binary-amd64/Packages  404  Not Found
6.166 E: Failed to fetch http://security.debian.org/debian-security/dists/stretch/updates/main/binary-amd64/Packages  404  Not Found [IP: 151.101.2.132 80]
6.166 E: Some index files failed to download. They have been ignored, or old ones used instead.
------
Dockerfile.dev:6
--------------------
   5 |     # [Optional] Uncomment this section to install additional OS packages.
   6 | >>> RUN apt-get update \
   7 | >>>   && export DEBIAN_FRONTEND=noninteractive && apt-get -y install --no-install-recommends git sudo ca-certificates \
   8 | >>>   && adduser node sudo \
   9 | >>>   && echo '%sudo ALL=(ALL) NOPASSWD:ALL' >> /etc/sudoers
  10 |     
--------------------
ERROR: failed to solve: process "/bin/sh -c apt-get update   && export DEBIAN_FRONTEND=noninteractive && apt-get -y install --no-install-recommends git sudo ca-certificates   && adduser node sudo   && echo '%sudo ALL=(ALL) NOPASSWD:ALL' >> /etc/sudoers" did not complete successfully: exit code: 100
Duration: 0:29.89