#0 building with "default" instance using docker driver

#1 [internal] load build definition from v1_Dockerfile
#1 transferring dockerfile: 405B done
#1 DONE 0.0s

#2 [internal] load metadata for docker.io/library/node:10
#2 ...

#3 [auth] library/node:pull token for registry-1.docker.io
#3 DONE 0.0s

#2 [internal] load metadata for docker.io/library/node:10
#2 DONE 0.9s

#4 [internal] load .dockerignore
#4 transferring context: 184B done
#4 DONE 0.0s

#5 [internal] load build context
#5 transferring context: 411.61kB 0.0s done
#5 DONE 0.1s

#6 [1/8] FROM docker.io/library/node:10@sha256:59531d2835edd5161c8f9512f9e095b1836f7a1fcb0ab73e005ec46047384911
#6 resolve docker.io/library/node:10@sha256:59531d2835edd5161c8f9512f9e095b1836f7a1fcb0ab73e005ec46047384911 0.0s done
#6 sha256:59531d2835edd5161c8f9512f9e095b1836f7a1fcb0ab73e005ec46047384911 776B / 776B done
#6 sha256:28dca6642db82aaecbed18101d9966f001e8de6691e1a1718c2927c124d81262 7.83kB / 7.83kB done
#6 sha256:76b8ef87096fa726adbe8f073ef69bb5664bac19474c5cce4dd69e08a234903b 1.05MB / 45.38MB 0.2s
#6 sha256:686e0e859358f28bfe1641e1627549b9cd0ad74f222b953d74209213488c6858 2.21kB / 2.21kB done
#6 sha256:2e2bafe8a0f40509cc10249087268e66a662e437f10e9598a09abb5687038a57 0B / 11.29MB 0.2s
#6 sha256:b53ce1fd2746e8d2037f1b0b91ddea0cc7411eb3e5949fe10c0320aca8f7392b 0B / 4.34MB 0.2s
#6 sha256:76b8ef87096fa726adbe8f073ef69bb5664bac19474c5cce4dd69e08a234903b 11.53MB / 45.38MB 0.4s
#6 sha256:2e2bafe8a0f40509cc10249087268e66a662e437f10e9598a09abb5687038a57 6.29MB / 11.29MB 0.4s
#6 sha256:b53ce1fd2746e8d2037f1b0b91ddea0cc7411eb3e5949fe10c0320aca8f7392b 1.05MB / 4.34MB 0.4s
#6 sha256:76b8ef87096fa726adbe8f073ef69bb5664bac19474c5cce4dd69e08a234903b 15.73MB / 45.38MB 0.5s
#6 sha256:2e2bafe8a0f40509cc10249087268e66a662e437f10e9598a09abb5687038a57 11.29MB / 11.29MB 0.5s
#6 sha256:b53ce1fd2746e8d2037f1b0b91ddea0cc7411eb3e5949fe10c0320aca8f7392b 4.34MB / 4.34MB 0.5s done
#6 sha256:84a8c1bd5887cc4a89e1f286fed9ee31ce12dba9f6813cf14082ada3e9ab6f63 0B / 49.79MB 0.5s
#6 sha256:76b8ef87096fa726adbe8f073ef69bb5664bac19474c5cce4dd69e08a234903b 19.92MB / 45.38MB 0.6s
#6 sha256:2e2bafe8a0f40509cc10249087268e66a662e437f10e9598a09abb5687038a57 11.29MB / 11.29MB 0.5s done
#6 sha256:7a803dc0b40fcd10faee3fb3ebb2d7aaa88500520e6295295f5163c4bb48548b 0B / 214.35MB 0.6s
#6 sha256:76b8ef87096fa726adbe8f073ef69bb5664bac19474c5cce4dd69e08a234903b 26.21MB / 45.38MB 0.8s
#6 sha256:84a8c1bd5887cc4a89e1f286fed9ee31ce12dba9f6813cf14082ada3e9ab6f63 8.39MB / 49.79MB 0.8s
#6 sha256:76b8ef87096fa726adbe8f073ef69bb5664bac19474c5cce4dd69e08a234903b 30.41MB / 45.38MB 0.9s
#6 sha256:84a8c1bd5887cc4a89e1f286fed9ee31ce12dba9f6813cf14082ada3e9ab6f63 12.58MB / 49.79MB 0.9s
#6 sha256:7a803dc0b40fcd10faee3fb3ebb2d7aaa88500520e6295295f5163c4bb48548b 11.53MB / 214.35MB 0.9s
#6 sha256:76b8ef87096fa726adbe8f073ef69bb5664bac19474c5cce4dd69e08a234903b 34.60MB / 45.38MB 1.0s
#6 sha256:84a8c1bd5887cc4a89e1f286fed9ee31ce12dba9f6813cf14082ada3e9ab6f63 16.78MB / 49.79MB 1.0s
#6 sha256:76b8ef87096fa726adbe8f073ef69bb5664bac19474c5cce4dd69e08a234903b 41.94MB / 45.38MB 1.2s
#6 sha256:84a8c1bd5887cc4a89e1f286fed9ee31ce12dba9f6813cf14082ada3e9ab6f63 24.12MB / 49.79MB 1.2s
#6 sha256:7a803dc0b40fcd10faee3fb3ebb2d7aaa88500520e6295295f5163c4bb48548b 25.17MB / 214.35MB 1.2s
#6 sha256:76b8ef87096fa726adbe8f073ef69bb5664bac19474c5cce4dd69e08a234903b 45.38MB / 45.38MB 1.3s
#6 sha256:84a8c1bd5887cc4a89e1f286fed9ee31ce12dba9f6813cf14082ada3e9ab6f63 28.31MB / 49.79MB 1.3s
#6 sha256:84a8c1bd5887cc4a89e1f286fed9ee31ce12dba9f6813cf14082ada3e9ab6f63 32.51MB / 49.79MB 1.4s
#6 extracting sha256:76b8ef87096fa726adbe8f073ef69bb5664bac19474c5cce4dd69e08a234903b
#6 sha256:76b8ef87096fa726adbe8f073ef69bb5664bac19474c5cce4dd69e08a234903b 45.38MB / 45.38MB 1.4s done
#6 sha256:84a8c1bd5887cc4a89e1f286fed9ee31ce12dba9f6813cf14082ada3e9ab6f63 36.70MB / 49.79MB 1.5s
#6 sha256:7a803dc0b40fcd10faee3fb3ebb2d7aaa88500520e6295295f5163c4bb48548b 41.94MB / 214.35MB 1.5s
#6 sha256:b800e94e7303e276b8fb4911a40bfe28f46180d997022c69bf1ee02fb7b86721 0B / 4.19kB 1.5s
#6 sha256:84a8c1bd5887cc4a89e1f286fed9ee31ce12dba9f6813cf14082ada3e9ab6f63 41.94MB / 49.79MB 1.6s
#6 sha256:b800e94e7303e276b8fb4911a40bfe28f46180d997022c69bf1ee02fb7b86721 4.19kB / 4.19kB 1.5s done
#6 sha256:0da9fbf60d485c74d153bfc7562f34533550e3dd8aa78f5e8c2476ed500e0e73 0B / 21.42MB 1.6s
#6 sha256:84a8c1bd5887cc4a89e1f286fed9ee31ce12dba9f6813cf14082ada3e9ab6f63 48.23MB / 49.79MB 1.7s
#6 sha256:7a803dc0b40fcd10faee3fb3ebb2d7aaa88500520e6295295f5163c4bb48548b 57.67MB / 214.35MB 1.8s
#6 sha256:0da9fbf60d485c74d153bfc7562f34533550e3dd8aa78f5e8c2476ed500e0e73 6.29MB / 21.42MB 1.8s
#6 sha256:0da9fbf60d485c74d153bfc7562f34533550e3dd8aa78f5e8c2476ed500e0e73 11.53MB / 21.42MB 1.9s
#6 sha256:84a8c1bd5887cc4a89e1f286fed9ee31ce12dba9f6813cf14082ada3e9ab6f63 49.79MB / 49.79MB 1.9s done
#6 sha256:0da9fbf60d485c74d153bfc7562f34533550e3dd8aa78f5e8c2476ed500e0e73 16.78MB / 21.42MB 2.0s
#6 sha256:04dccde934cf0d6ab9d303fe73b36bc4ed84329d9d562049a69a5d38afb83f14 0B / 2.48MB 2.0s
#6 sha256:7a803dc0b40fcd10faee3fb3ebb2d7aaa88500520e6295295f5163c4bb48548b 74.45MB / 214.35MB 2.1s
#6 sha256:0da9fbf60d485c74d153bfc7562f34533550e3dd8aa78f5e8c2476ed500e0e73 19.92MB / 21.42MB 2.1s
#6 sha256:04dccde934cf0d6ab9d303fe73b36bc4ed84329d9d562049a69a5d38afb83f14 2.48MB / 2.48MB 2.1s done
#6 sha256:0da9fbf60d485c74d153bfc7562f34533550e3dd8aa78f5e8c2476ed500e0e73 21.42MB / 21.42MB 2.2s done
#6 sha256:73269890f6fdf96184d0fdb0afe3cf697b0c8dbe1e7a077f0fab445d74372c78 0B / 294B 2.2s
#6 sha256:7a803dc0b40fcd10faee3fb3ebb2d7aaa88500520e6295295f5163c4bb48548b 101.71MB / 214.35MB 2.4s
#6 sha256:73269890f6fdf96184d0fdb0afe3cf697b0c8dbe1e7a077f0fab445d74372c78 294B / 294B 2.2s done
#6 sha256:7a803dc0b40fcd10faee3fb3ebb2d7aaa88500520e6295295f5163c4bb48548b 129.84MB / 214.35MB 2.7s
#6 sha256:7a803dc0b40fcd10faee3fb3ebb2d7aaa88500520e6295295f5163c4bb48548b 149.95MB / 214.35MB 2.9s
#6 sha256:7a803dc0b40fcd10faee3fb3ebb2d7aaa88500520e6295295f5163c4bb48548b 170.92MB / 214.35MB 3.1s
#6 sha256:7a803dc0b40fcd10faee3fb3ebb2d7aaa88500520e6295295f5163c4bb48548b 189.79MB / 214.35MB 3.3s
#6 sha256:7a803dc0b40fcd10faee3fb3ebb2d7aaa88500520e6295295f5163c4bb48548b 201.33MB / 214.35MB 3.4s
#6 sha256:7a803dc0b40fcd10faee3fb3ebb2d7aaa88500520e6295295f5163c4bb48548b 214.35MB / 214.35MB 3.7s
#6 sha256:7a803dc0b40fcd10faee3fb3ebb2d7aaa88500520e6295295f5163c4bb48548b 214.35MB / 214.35MB 4.2s done
#6 extracting sha256:76b8ef87096fa726adbe8f073ef69bb5664bac19474c5cce4dd69e08a234903b 2.8s done
#6 extracting sha256:2e2bafe8a0f40509cc10249087268e66a662e437f10e9598a09abb5687038a57
#6 extracting sha256:2e2bafe8a0f40509cc10249087268e66a662e437f10e9598a09abb5687038a57 0.5s done
#6 extracting sha256:b53ce1fd2746e8d2037f1b0b91ddea0cc7411eb3e5949fe10c0320aca8f7392b 0.1s
#6 extracting sha256:b53ce1fd2746e8d2037f1b0b91ddea0cc7411eb3e5949fe10c0320aca8f7392b 0.1s done
#6 extracting sha256:84a8c1bd5887cc4a89e1f286fed9ee31ce12dba9f6813cf14082ada3e9ab6f63
#6 extracting sha256:84a8c1bd5887cc4a89e1f286fed9ee31ce12dba9f6813cf14082ada3e9ab6f63 2.9s done
#6 extracting sha256:7a803dc0b40fcd10faee3fb3ebb2d7aaa88500520e6295295f5163c4bb48548b
#6 extracting sha256:7a803dc0b40fcd10faee3fb3ebb2d7aaa88500520e6295295f5163c4bb48548b 5.0s
#6 extracting sha256:7a803dc0b40fcd10faee3fb3ebb2d7aaa88500520e6295295f5163c4bb48548b 10.0s done
#6 extracting sha256:b800e94e7303e276b8fb4911a40bfe28f46180d997022c69bf1ee02fb7b86721
#6 extracting sha256:b800e94e7303e276b8fb4911a40bfe28f46180d997022c69bf1ee02fb7b86721 done
#6 extracting sha256:0da9fbf60d485c74d153bfc7562f34533550e3dd8aa78f5e8c2476ed500e0e73 0.1s
#6 extracting sha256:0da9fbf60d485c74d153bfc7562f34533550e3dd8aa78f5e8c2476ed500e0e73 2.0s done
#6 extracting sha256:04dccde934cf0d6ab9d303fe73b36bc4ed84329d9d562049a69a5d38afb83f14
#6 extracting sha256:04dccde934cf0d6ab9d303fe73b36bc4ed84329d9d562049a69a5d38afb83f14 0.1s done
#6 extracting sha256:73269890f6fdf96184d0fdb0afe3cf697b0c8dbe1e7a077f0fab445d74372c78
#6 extracting sha256:73269890f6fdf96184d0fdb0afe3cf697b0c8dbe1e7a077f0fab445d74372c78 done
#6 DONE 21.0s

#7 [2/8] RUN apt-get update && apt-get -y install cron
#7 0.230 Ign:1 http://deb.debian.org/debian stretch InRelease
#7 0.230 Ign:2 http://security.debian.org/debian-security stretch/updates InRelease
#7 0.240 Ign:3 http://deb.debian.org/debian stretch-updates InRelease
#7 0.241 Ign:4 http://security.debian.org/debian-security stretch/updates Release
#7 0.253 Ign:5 http://deb.debian.org/debian stretch Release
#7 0.253 Ign:6 http://security.debian.org/debian-security stretch/updates/main amd64 Packages
#7 0.263 Ign:7 http://deb.debian.org/debian stretch-updates Release
#7 0.264 Ign:8 http://security.debian.org/debian-security stretch/updates/main all Packages
#7 0.274 Ign:9 http://deb.debian.org/debian stretch/main amd64 Packages
#7 0.274 Ign:6 http://security.debian.org/debian-security stretch/updates/main amd64 Packages
#7 0.286 Ign:10 http://deb.debian.org/debian stretch/main all Packages
#7 0.286 Ign:8 http://security.debian.org/debian-security stretch/updates/main all Packages
#7 0.296 Ign:11 http://deb.debian.org/debian stretch-updates/main amd64 Packages
#7 0.298 Ign:6 http://security.debian.org/debian-security stretch/updates/main amd64 Packages
#7 0.311 Ign:8 http://security.debian.org/debian-security stretch/updates/main all Packages
#7 0.322 Ign:6 http://security.debian.org/debian-security stretch/updates/main amd64 Packages
#7 0.332 Ign:8 http://security.debian.org/debian-security stretch/updates/main all Packages
#7 0.346 Ign:6 http://security.debian.org/debian-security stretch/updates/main amd64 Packages
#7 0.357 Ign:8 http://security.debian.org/debian-security stretch/updates/main all Packages
#7 0.372 Err:6 http://security.debian.org/debian-security stretch/updates/main amd64 Packages
#7 0.372   404  Not Found
#7 0.384 Ign:8 http://security.debian.org/debian-security stretch/updates/main all Packages
#7 0.437 Ign:12 http://deb.debian.org/debian stretch-updates/main all Packages
#7 0.448 Ign:9 http://deb.debian.org/debian stretch/main amd64 Packages
#7 0.587 Ign:10 http://deb.debian.org/debian stretch/main all Packages
#7 0.596 Ign:11 http://deb.debian.org/debian stretch-updates/main amd64 Packages
#7 0.753 Ign:12 http://deb.debian.org/debian stretch-updates/main all Packages
#7 0.763 Ign:9 http://deb.debian.org/debian stretch/main amd64 Packages
#7 0.897 Ign:10 http://deb.debian.org/debian stretch/main all Packages
#7 0.907 Ign:11 http://deb.debian.org/debian stretch-updates/main amd64 Packages
#7 1.058 Ign:12 http://deb.debian.org/debian stretch-updates/main all Packages
#7 1.068 Ign:9 http://deb.debian.org/debian stretch/main amd64 Packages
#7 1.251 Ign:10 http://deb.debian.org/debian stretch/main all Packages
#7 1.262 Ign:11 http://deb.debian.org/debian stretch-updates/main amd64 Packages
#7 1.415 Ign:12 http://deb.debian.org/debian stretch-updates/main all Packages
#7 1.426 Ign:9 http://deb.debian.org/debian stretch/main amd64 Packages
#7 1.436 Ign:10 http://deb.debian.org/debian stretch/main all Packages
#7 1.446 Ign:11 http://deb.debian.org/debian stretch-updates/main amd64 Packages
#7 1.594 Ign:12 http://deb.debian.org/debian stretch-updates/main all Packages
#7 1.606 Err:9 http://deb.debian.org/debian stretch/main amd64 Packages
#7 1.606   404  Not Found
#7 1.626 Ign:10 http://deb.debian.org/debian stretch/main all Packages
#7 1.636 Err:11 http://deb.debian.org/debian stretch-updates/main amd64 Packages
#7 1.636   404  Not Found
#7 1.646 Ign:12 http://deb.debian.org/debian stretch-updates/main all Packages
#7 1.651 Reading package lists...
#7 1.660 W: The repository 'http://security.debian.org/debian-security stretch/updates Release' does not have a Release file.
#7 1.660 W: The repository 'http://deb.debian.org/debian stretch Release' does not have a Release file.
#7 1.660 W: The repository 'http://deb.debian.org/debian stretch-updates Release' does not have a Release file.
#7 1.660 E: Failed to fetch http://security.debian.org/debian-security/dists/stretch/updates/main/binary-amd64/Packages  404  Not Found
#7 1.660 E: Failed to fetch http://deb.debian.org/debian/dists/stretch/main/binary-amd64/Packages  404  Not Found
#7 1.660 E: Failed to fetch http://deb.debian.org/debian/dists/stretch-updates/main/binary-amd64/Packages  404  Not Found
#7 1.660 E: Some index files failed to download. They have been ignored, or old ones used instead.
#7 ERROR: process "/bin/sh -c apt-get update && apt-get -y install cron" did not complete successfully: exit code: 100
------
 > [2/8] RUN apt-get update && apt-get -y install cron:
1.636   404  Not Found
1.646 Ign:12 http://deb.debian.org/debian stretch-updates/main all Packages
1.651 Reading package lists...
1.660 W: The repository 'http://security.debian.org/debian-security stretch/updates Release' does not have a Release file.
1.660 W: The repository 'http://deb.debian.org/debian stretch Release' does not have a Release file.
1.660 W: The repository 'http://deb.debian.org/debian stretch-updates Release' does not have a Release file.
1.660 E: Failed to fetch http://security.debian.org/debian-security/dists/stretch/updates/main/binary-amd64/Packages  404  Not Found
1.660 E: Failed to fetch http://deb.debian.org/debian/dists/stretch/main/binary-amd64/Packages  404  Not Found
1.660 E: Failed to fetch http://deb.debian.org/debian/dists/stretch-updates/main/binary-amd64/Packages  404  Not Found
1.660 E: Some index files failed to download. They have been ignored, or old ones used instead.
------
v1_Dockerfile:4
--------------------
   2 |     FROM node:10
   3 |     
   4 | >>> RUN apt-get update && apt-get -y install cron
   5 |     
   6 |     WORKDIR /var/www/
--------------------
ERROR: failed to solve: process "/bin/sh -c apt-get update && apt-get -y install cron" did not complete successfully: exit code: 100
Duration: 0:30.69