#0 building with "default" instance using docker driver

#1 [internal] load .dockerignore
#1 transferring context:
#1 ...

#2 [internal] load build definition from Dockerfile
#2 transferring dockerfile: 608B 0.0s done
#2 DONE 0.4s

#1 [internal] load .dockerignore
#1 transferring context: 46B 0.0s done
#1 DONE 0.5s

#3 [internal] load metadata for docker.io/library/alpine:latest
#3 DONE 1.2s

#4 [internal] load build context
#4 DONE 0.0s

#5 [1/7] FROM docker.io/library/alpine:latest@sha256:0a4eaa0eecf5f8c050e5bba433f58c052be7587ee8af3e8b3910ef9ab5fbe9f5
#5 resolve docker.io/library/alpine:latest@sha256:0a4eaa0eecf5f8c050e5bba433f58c052be7587ee8af3e8b3910ef9ab5fbe9f5
#5 resolve docker.io/library/alpine:latest@sha256:0a4eaa0eecf5f8c050e5bba433f58c052be7587ee8af3e8b3910ef9ab5fbe9f5 0.2s done
#5 DONE 0.2s

#5 [1/7] FROM docker.io/library/alpine:latest@sha256:0a4eaa0eecf5f8c050e5bba433f58c052be7587ee8af3e8b3910ef9ab5fbe9f5
#5 sha256:0a4eaa0eecf5f8c050e5bba433f58c052be7587ee8af3e8b3910ef9ab5fbe9f5 1.85kB / 1.85kB done
#5 sha256:eddacbc7e24bf8799a4ed3cdcfa50d4b88a323695ad80f317b6629883b2c2a78 528B / 528B done
#5 sha256:324bc02ae1231fd9255658c128086395d3fa0aedd5a41ab6b034fd649d1a9260 1.47kB / 1.47kB done
#5 ...

#4 [internal] load build context
#4 transferring context: 791B done
#4 DONE 0.5s

#5 [1/7] FROM docker.io/library/alpine:latest@sha256:0a4eaa0eecf5f8c050e5bba433f58c052be7587ee8af3e8b3910ef9ab5fbe9f5
#5 sha256:c6a83fedfae6ed8a4f5f7cbb6a7b6f1c1ec3d86fea8cb9e5ba2e5e6673fde9f6 0B / 3.62MB 0.2s
#5 sha256:c6a83fedfae6ed8a4f5f7cbb6a7b6f1c1ec3d86fea8cb9e5ba2e5e6673fde9f6 3.62MB / 3.62MB 0.4s
#5 sha256:c6a83fedfae6ed8a4f5f7cbb6a7b6f1c1ec3d86fea8cb9e5ba2e5e6673fde9f6 3.62MB / 3.62MB 0.4s done
#5 extracting sha256:c6a83fedfae6ed8a4f5f7cbb6a7b6f1c1ec3d86fea8cb9e5ba2e5e6673fde9f6
#5 extracting sha256:c6a83fedfae6ed8a4f5f7cbb6a7b6f1c1ec3d86fea8cb9e5ba2e5e6673fde9f6 0.8s done
#5 DONE 2.1s

#6 [2/7] RUN apk add --no-cache --update python3 py3-pip bash
#6 1.472 fetch https://dl-cdn.alpinelinux.org/alpine/v3.20/main/x86_64/APKINDEX.tar.gz
#6 1.960 fetch https://dl-cdn.alpinelinux.org/alpine/v3.20/community/x86_64/APKINDEX.tar.gz
#6 2.980 (1/26) Installing ncurses-terminfo-base (6.4_p20240420-r0)
#6 3.038 (2/26) Installing libncursesw (6.4_p20240420-r0)
#6 3.056 (3/26) Installing readline (8.2.10-r0)
#6 3.067 (4/26) Installing bash (5.2.26-r0)
#6 3.107 Executing bash-5.2.26-r0.post-install
#6 3.128 (5/26) Installing libbz2 (1.0.8-r6)
#6 3.141 (6/26) Installing libexpat (2.6.2-r0)
#6 3.155 (7/26) Installing libffi (3.4.6-r0)
#6 3.230 (8/26) Installing gdbm (1.23-r1)
#6 3.239 (9/26) Installing xz-libs (5.6.1-r3)
#6 3.252 (10/26) Installing libgcc (13.2.1_git20240309-r0)
#6 3.258 (11/26) Installing libstdc++ (13.2.1_git20240309-r0)
#6 3.338 (12/26) Installing mpdecimal (4.0.0-r0)
#6 3.356 (13/26) Installing libpanelw (6.4_p20240420-r0)
#6 3.360 (14/26) Installing sqlite-libs (3.45.3-r1)
#6 3.399 (15/26) Installing python3 (3.12.3-r1)
#6 4.190 (16/26) Installing python3-pycache-pyc0 (3.12.3-r1)
#6 4.842 (17/26) Installing pyc (3.12.3-r1)
#6 4.854 (18/26) Installing py3-setuptools-pyc (69.5.1-r0)
#6 5.030 (19/26) Installing py3-pip-pyc (24.0-r2)
#6 5.507 (20/26) Installing py3-parsing (3.1.2-r1)
#6 5.526 (21/26) Installing py3-parsing-pyc (3.1.2-r1)
#6 5.551 (22/26) Installing py3-packaging-pyc (24.0-r1)
#6 5.560 (23/26) Installing python3-pyc (3.12.3-r1)
#6 5.570 (24/26) Installing py3-packaging (24.0-r1)
#6 5.599 (25/26) Installing py3-setuptools (69.5.1-r0)
#6 5.738 (26/26) Installing py3-pip (24.0-r2)
#6 6.094 Executing busybox-1.36.1-r29.trigger
#6 6.122 OK: 77 MiB in 40 packages
#6 DONE 9.6s

#7 [3/7] ADD ./webapp/requirements.txt /tmp/requirements.txt
#7 DONE 0.6s

#8 [4/7] RUN pip3 install --no-cache-dir -q -r /tmp/requirements.txt
#8 8.071 error: externally-managed-environment
#8 8.071 
#8 8.071 × This environment is externally managed
#8 8.071 ╰─> 
#8 8.071     The system-wide python installation should be maintained using the system
#8 8.071     package manager (apk) only.
#8 8.071     
#8 8.071     If the package in question is not packaged already (and hence installable via
#8 8.071     "apk add py3-somepackage"), please consider installing it inside a virtual
#8 8.071     environment, e.g.:
#8 8.071     
#8 8.071     python3 -m venv /path/to/venv
#8 8.071     . /path/to/venv/bin/activate
#8 8.071     pip install mypackage
#8 8.071     
#8 8.071     To exit the virtual environment, run:
#8 8.071     
#8 8.071     deactivate
#8 8.071     
#8 8.071     The virtual environment is not deleted, and can be re-entered by re-sourcing
#8 8.071     the activate file.
#8 8.071     
#8 8.071     To automatically manage virtual environments, consider using pipx (from the
#8 8.071     pipx package).
#8 8.071 
#8 8.071 note: If you believe this is a mistake, please contact your Python installation or OS distribution provider. You can override this, at the risk of breaking your Python installation or OS, by passing --break-system-packages.
#8 8.071 hint: See PEP 668 for the detailed specification.
#8 ERROR: process "/bin/sh -c pip3 install --no-cache-dir -q -r /tmp/requirements.txt" did not complete successfully: exit code: 1
------
 > [4/7] RUN pip3 install --no-cache-dir -q -r /tmp/requirements.txt:
8.071     deactivate
8.071     
8.071     The virtual environment is not deleted, and can be re-entered by re-sourcing
8.071     the activate file.
8.071     
8.071     To automatically manage virtual environments, consider using pipx (from the
8.071     pipx package).
8.071 
8.071 note: If you believe this is a mistake, please contact your Python installation or OS distribution provider. You can override this, at the risk of breaking your Python installation or OS, by passing --break-system-packages.
8.071 hint: See PEP 668 for the detailed specification.
------
Dockerfile:9
--------------------
   7 |     
   8 |     # Install dependencies
   9 | >>> RUN pip3 install --no-cache-dir -q -r /tmp/requirements.txt
  10 |     
  11 |     # Add our code
--------------------
ERROR: failed to solve: process "/bin/sh -c pip3 install --no-cache-dir -q -r /tmp/requirements.txt" did not complete successfully: exit code: 1
Duration: 0:24.92