#0 building with "default" instance using docker driver

#1 [internal] load build definition from v1_Dockerfile
#1 transferring dockerfile: 292B done
#1 DONE 0.0s

#2 [internal] load metadata for docker.io/library/ruby:2.7
#2 DONE 0.6s

#3 [internal] load .dockerignore
#3 transferring context: 2B done
#3 DONE 0.0s

#4 [internal] load build context
#4 transferring context: 2.86kB done
#4 DONE 0.0s

#5 [1/4] FROM docker.io/library/ruby:2.7@sha256:2347de892e419c7160fc21dec721d5952736909f8c3fbb7f84cb4a07aaf9ce7d
#5 resolve docker.io/library/ruby:2.7@sha256:2347de892e419c7160fc21dec721d5952736909f8c3fbb7f84cb4a07aaf9ce7d 0.0s done
#5 sha256:f4420f957a9b4fae91a8d8c7fab8ba43e5a76bd640c87cb2b20ef669039e1319 1.79kB / 1.79kB done
#5 sha256:3cb86b8c626861ba5167462228a0035db6b2deae893f3e8fafcf256d9d3abdaa 6.96kB / 6.96kB done
#5 sha256:2347de892e419c7160fc21dec721d5952736909f8c3fbb7f84cb4a07aaf9ce7d 1.86kB / 1.86kB done
#5 sha256:918547b9432687b1e1d238e82dc1e0ea0b736aafbf3c402eea98c6db81a9cb65 0B / 55.05MB 0.1s
#5 sha256:5d79063a01c561833dc6546d4e647fda0121a59e1a9a17874a3e30854555475e 0B / 15.76MB 0.1s
#5 sha256:4eedd9c5abf7e5f63753a5e788cb0872a715fa1141e8ce5ea87638e6cd370a41 0B / 54.58MB 0.1s
#5 sha256:918547b9432687b1e1d238e82dc1e0ea0b736aafbf3c402eea98c6db81a9cb65 3.15MB / 55.05MB 0.2s
#5 sha256:918547b9432687b1e1d238e82dc1e0ea0b736aafbf3c402eea98c6db81a9cb65 15.73MB / 55.05MB 0.4s
#5 sha256:5d79063a01c561833dc6546d4e647fda0121a59e1a9a17874a3e30854555475e 4.17MB / 15.76MB 0.4s
#5 sha256:918547b9432687b1e1d238e82dc1e0ea0b736aafbf3c402eea98c6db81a9cb65 23.07MB / 55.05MB 0.6s
#5 sha256:5d79063a01c561833dc6546d4e647fda0121a59e1a9a17874a3e30854555475e 10.49MB / 15.76MB 0.6s
#5 sha256:4eedd9c5abf7e5f63753a5e788cb0872a715fa1141e8ce5ea87638e6cd370a41 9.44MB / 54.58MB 0.6s
#5 sha256:918547b9432687b1e1d238e82dc1e0ea0b736aafbf3c402eea98c6db81a9cb65 27.26MB / 55.05MB 0.7s
#5 sha256:5d79063a01c561833dc6546d4e647fda0121a59e1a9a17874a3e30854555475e 15.73MB / 15.76MB 0.7s
#5 sha256:4eedd9c5abf7e5f63753a5e788cb0872a715fa1141e8ce5ea87638e6cd370a41 15.73MB / 54.58MB 0.7s
#5 sha256:918547b9432687b1e1d238e82dc1e0ea0b736aafbf3c402eea98c6db81a9cb65 34.60MB / 55.05MB 0.9s
#5 sha256:5d79063a01c561833dc6546d4e647fda0121a59e1a9a17874a3e30854555475e 15.76MB / 15.76MB 0.7s done
#5 sha256:4eedd9c5abf7e5f63753a5e788cb0872a715fa1141e8ce5ea87638e6cd370a41 28.31MB / 54.58MB 0.9s
#5 sha256:9cdadd40055fb82fef74a0a38f29fb1ee7b6922e18370ebdc3502ec66f79fa3f 1.05MB / 196.85MB 0.9s
#5 sha256:918547b9432687b1e1d238e82dc1e0ea0b736aafbf3c402eea98c6db81a9cb65 41.94MB / 55.05MB 1.1s
#5 sha256:4eedd9c5abf7e5f63753a5e788cb0872a715fa1141e8ce5ea87638e6cd370a41 36.70MB / 54.58MB 1.1s
#5 sha256:4eedd9c5abf7e5f63753a5e788cb0872a715fa1141e8ce5ea87638e6cd370a41 42.99MB / 54.58MB 1.2s
#5 sha256:9cdadd40055fb82fef74a0a38f29fb1ee7b6922e18370ebdc3502ec66f79fa3f 11.53MB / 196.85MB 1.2s
#5 sha256:918547b9432687b1e1d238e82dc1e0ea0b736aafbf3c402eea98c6db81a9cb65 51.38MB / 55.05MB 1.4s
#5 sha256:4eedd9c5abf7e5f63753a5e788cb0872a715fa1141e8ce5ea87638e6cd370a41 51.38MB / 54.58MB 1.4s
#5 sha256:918547b9432687b1e1d238e82dc1e0ea0b736aafbf3c402eea98c6db81a9cb65 55.05MB / 55.05MB 1.6s done
#5 sha256:4eedd9c5abf7e5f63753a5e788cb0872a715fa1141e8ce5ea87638e6cd370a41 54.58MB / 54.58MB 1.6s
#5 sha256:9cdadd40055fb82fef74a0a38f29fb1ee7b6922e18370ebdc3502ec66f79fa3f 28.31MB / 196.85MB 1.6s
#5 extracting sha256:918547b9432687b1e1d238e82dc1e0ea0b736aafbf3c402eea98c6db81a9cb65 0.1s
#5 sha256:4eedd9c5abf7e5f63753a5e788cb0872a715fa1141e8ce5ea87638e6cd370a41 54.58MB / 54.58MB 1.7s done
#5 sha256:9cdadd40055fb82fef74a0a38f29fb1ee7b6922e18370ebdc3502ec66f79fa3f 44.04MB / 196.85MB 1.8s
#5 sha256:199731bb298672a6e76a243fa683e612e3212d372488cf80b5236416533c0622 0B / 200B 1.8s
#5 sha256:b293c0d80a1fc02a3b8c65f1cd4f89b40fdeff8c8fad6d05f2b5b8b57e918a96 0B / 14.55MB 1.8s
#5 sha256:9cdadd40055fb82fef74a0a38f29fb1ee7b6922e18370ebdc3502ec66f79fa3f 58.72MB / 196.85MB 2.0s
#5 sha256:199731bb298672a6e76a243fa683e612e3212d372488cf80b5236416533c0622 200B / 200B 1.9s done
#5 sha256:b293c0d80a1fc02a3b8c65f1cd4f89b40fdeff8c8fad6d05f2b5b8b57e918a96 5.24MB / 14.55MB 2.0s
#5 sha256:4435ded53ef02c7fce73c1aa6d82844922b923717e0e27efb56361b3e612d48b 176B / 176B 2.0s done
#5 sha256:b293c0d80a1fc02a3b8c65f1cd4f89b40fdeff8c8fad6d05f2b5b8b57e918a96 9.44MB / 14.55MB 2.1s
#5 sha256:9cdadd40055fb82fef74a0a38f29fb1ee7b6922e18370ebdc3502ec66f79fa3f 72.35MB / 196.85MB 2.2s
#5 sha256:b293c0d80a1fc02a3b8c65f1cd4f89b40fdeff8c8fad6d05f2b5b8b57e918a96 13.63MB / 14.55MB 2.2s
#5 sha256:b293c0d80a1fc02a3b8c65f1cd4f89b40fdeff8c8fad6d05f2b5b8b57e918a96 14.55MB / 14.55MB 2.2s done
#5 sha256:9cdadd40055fb82fef74a0a38f29fb1ee7b6922e18370ebdc3502ec66f79fa3f 92.27MB / 196.85MB 2.4s
#5 sha256:9cdadd40055fb82fef74a0a38f29fb1ee7b6922e18370ebdc3502ec66f79fa3f 102.76MB / 196.85MB 2.5s
#5 sha256:9cdadd40055fb82fef74a0a38f29fb1ee7b6922e18370ebdc3502ec66f79fa3f 124.78MB / 196.85MB 2.7s
#5 sha256:9cdadd40055fb82fef74a0a38f29fb1ee7b6922e18370ebdc3502ec66f79fa3f 152.04MB / 196.85MB 3.0s
#5 sha256:9cdadd40055fb82fef74a0a38f29fb1ee7b6922e18370ebdc3502ec66f79fa3f 172.13MB / 196.85MB 3.2s
#5 sha256:9cdadd40055fb82fef74a0a38f29fb1ee7b6922e18370ebdc3502ec66f79fa3f 190.84MB / 196.85MB 3.4s
#5 sha256:9cdadd40055fb82fef74a0a38f29fb1ee7b6922e18370ebdc3502ec66f79fa3f 196.85MB / 196.85MB 4.1s done
#5 extracting sha256:918547b9432687b1e1d238e82dc1e0ea0b736aafbf3c402eea98c6db81a9cb65 3.1s done
#5 extracting sha256:5d79063a01c561833dc6546d4e647fda0121a59e1a9a17874a3e30854555475e 0.1s
#5 extracting sha256:5d79063a01c561833dc6546d4e647fda0121a59e1a9a17874a3e30854555475e 0.6s done
#5 extracting sha256:4eedd9c5abf7e5f63753a5e788cb0872a715fa1141e8ce5ea87638e6cd370a41
#5 extracting sha256:4eedd9c5abf7e5f63753a5e788cb0872a715fa1141e8ce5ea87638e6cd370a41 3.0s done
#5 extracting sha256:9cdadd40055fb82fef74a0a38f29fb1ee7b6922e18370ebdc3502ec66f79fa3f
#5 extracting sha256:9cdadd40055fb82fef74a0a38f29fb1ee7b6922e18370ebdc3502ec66f79fa3f 5.1s
#5 extracting sha256:9cdadd40055fb82fef74a0a38f29fb1ee7b6922e18370ebdc3502ec66f79fa3f 8.5s done
#5 extracting sha256:199731bb298672a6e76a243fa683e612e3212d372488cf80b5236416533c0622
#5 extracting sha256:199731bb298672a6e76a243fa683e612e3212d372488cf80b5236416533c0622 done
#5 extracting sha256:b293c0d80a1fc02a3b8c65f1cd4f89b40fdeff8c8fad6d05f2b5b8b57e918a96 0.1s
#5 extracting sha256:b293c0d80a1fc02a3b8c65f1cd4f89b40fdeff8c8fad6d05f2b5b8b57e918a96 0.8s done
#5 extracting sha256:4435ded53ef02c7fce73c1aa6d82844922b923717e0e27efb56361b3e612d48b done
#5 DONE 18.6s

#6 [2/4] WORKDIR /usr/src/app
#6 DONE 6.1s

#7 [3/4] COPY Gemfile Gemfile.lock ./
#7 DONE 0.1s

#8 [4/4] RUN gem install bundler &&   bundle install
#8 20.37 ERROR:  Error installing bundler:
#8 20.37 	The last version of bundler (>= 0) to support your Ruby & RubyGems was 2.4.22. Try installing it with `gem install bundler -v 2.4.22`
#8 20.37 	bundler requires Ruby version >= 3.0.0. The current ruby version is 2.7.8.225.
#8 ERROR: process "/bin/sh -c gem install bundler &&   bundle install" did not complete successfully: exit code: 1
------
 > [4/4] RUN gem install bundler &&   bundle install:
20.37 ERROR:  Error installing bundler:
20.37 	The last version of bundler (>= 0) to support your Ruby & RubyGems was 2.4.22. Try installing it with `gem install bundler -v 2.4.22`
20.37 	bundler requires Ruby version >= 3.0.0. The current ruby version is 2.7.8.225.
------
v1_Dockerfile:6
--------------------
   5 |     COPY Gemfile Gemfile.lock ./
   6 | >>> RUN gem install bundler && \
   7 | >>>   bundle install
   8 |     
--------------------
ERROR: failed to solve: process "/bin/sh -c gem install bundler &&   bundle install" did not complete successfully: exit code: 1
Duration: 0:46.24