#0 building with "default" instance using docker driver

#1 [internal] load .dockerignore
#1 transferring context:
#1 transferring context: 177B done
#1 DONE 0.5s

#2 [internal] load build definition from Dockerfile
#2 transferring dockerfile: 300B done
#2 DONE 0.6s

#3 [internal] load metadata for docker.io/library/node:12
#3 ...

#4 [auth] library/node:pull token for registry-1.docker.io
#4 DONE 0.0s

#3 [internal] load metadata for docker.io/library/node:12
#3 DONE 1.4s

#5 [internal] load build context
#5 DONE 0.0s

#6 [1/7] FROM docker.io/library/node:12@sha256:01627afeb110b3054ba4a1405541ca095c8bfca1cb6f2be9479c767a2711879e
#6 resolve docker.io/library/node:12@sha256:01627afeb110b3054ba4a1405541ca095c8bfca1cb6f2be9479c767a2711879e 0.1s done
#6 sha256:3a69ea1270dbf4ef20477361be4b7a43400e559c6abdfaf69d73f7c755f434f5 2.21kB / 2.21kB done
#6 sha256:6c8de432fc7f7d8c58899f61982d1662ec6b73fb3ef92f862ba170dcc5b64fa9 7.68kB / 7.68kB done
#6 sha256:01627afeb110b3054ba4a1405541ca095c8bfca1cb6f2be9479c767a2711879e 776B / 776B done
#6 sha256:9bed1e86f01ee95c76d2c8b4385a47ae336e6d293afade9368469d99daa9369f 0B / 11.30MB 0.1s
#6 sha256:9bed1e86f01ee95c76d2c8b4385a47ae336e6d293afade9368469d99daa9369f 2.10MB / 11.30MB 0.4s
#6 sha256:f44e4bdb3a6c1325cc4d40e585ed7a759127c0c87b0388ec0236b1698827d70d 0B / 4.34MB 0.4s
#6 ...

#5 [internal] load build context
#5 transferring context: 95.04kB 0.1s done
#5 DONE 0.6s

#6 [1/7] FROM docker.io/library/node:12@sha256:01627afeb110b3054ba4a1405541ca095c8bfca1cb6f2be9479c767a2711879e
#6 sha256:9bed1e86f01ee95c76d2c8b4385a47ae336e6d293afade9368469d99daa9369f 10.49MB / 11.30MB 0.6s
#6 sha256:f44e4bdb3a6c1325cc4d40e585ed7a759127c0c87b0388ec0236b1698827d70d 4.34MB / 4.34MB 0.6s
#6 sha256:f5196cdf25181bc7e4411865a2e002932b7b6b0ffce787c04c1bdeaf1f204f20 360.45kB / 45.43MB 0.6s
#6 sha256:9bed1e86f01ee95c76d2c8b4385a47ae336e6d293afade9368469d99daa9369f 11.30MB / 11.30MB 0.7s
#6 sha256:f44e4bdb3a6c1325cc4d40e585ed7a759127c0c87b0388ec0236b1698827d70d 4.34MB / 4.34MB 0.7s done
#6 sha256:f5196cdf25181bc7e4411865a2e002932b7b6b0ffce787c04c1bdeaf1f204f20 5.24MB / 45.43MB 0.7s
#6 sha256:f5196cdf25181bc7e4411865a2e002932b7b6b0ffce787c04c1bdeaf1f204f20 8.39MB / 45.43MB 0.8s
#6 sha256:9bed1e86f01ee95c76d2c8b4385a47ae336e6d293afade9368469d99daa9369f 11.30MB / 11.30MB 0.9s done
#6 sha256:f5196cdf25181bc7e4411865a2e002932b7b6b0ffce787c04c1bdeaf1f204f20 18.87MB / 45.43MB 1.0s
#6 sha256:07dff4ad21ebdb3ce3e329699663b2f81af70152453025f6624584a39a8e22b6 0B / 214.48MB 1.0s
#6 sha256:2f75d131f4060950dd6cc1f580e2fa5504ece8d692113a9cdb0a866637b397d7 0B / 49.77MB 1.0s
#6 sha256:f5196cdf25181bc7e4411865a2e002932b7b6b0ffce787c04c1bdeaf1f204f20 30.41MB / 45.43MB 1.2s
#6 sha256:2f75d131f4060950dd6cc1f580e2fa5504ece8d692113a9cdb0a866637b397d7 6.29MB / 49.77MB 1.2s
#6 sha256:f5196cdf25181bc7e4411865a2e002932b7b6b0ffce787c04c1bdeaf1f204f20 36.70MB / 45.43MB 1.3s
#6 sha256:2f75d131f4060950dd6cc1f580e2fa5504ece8d692113a9cdb0a866637b397d7 10.49MB / 49.77MB 1.3s
#6 sha256:f5196cdf25181bc7e4411865a2e002932b7b6b0ffce787c04c1bdeaf1f204f20 45.43MB / 45.43MB 1.5s
#6 sha256:2f75d131f4060950dd6cc1f580e2fa5504ece8d692113a9cdb0a866637b397d7 18.87MB / 49.77MB 1.5s
#6 sha256:07dff4ad21ebdb3ce3e329699663b2f81af70152453025f6624584a39a8e22b6 12.58MB / 214.48MB 1.7s
#6 sha256:2f75d131f4060950dd6cc1f580e2fa5504ece8d692113a9cdb0a866637b397d7 26.21MB / 49.77MB 1.7s
#6 sha256:2f75d131f4060950dd6cc1f580e2fa5504ece8d692113a9cdb0a866637b397d7 38.80MB / 49.77MB 1.8s
#6 sha256:07dff4ad21ebdb3ce3e329699663b2f81af70152453025f6624584a39a8e22b6 28.31MB / 214.48MB 2.0s
#6 sha256:2f75d131f4060950dd6cc1f580e2fa5504ece8d692113a9cdb0a866637b397d7 49.77MB / 49.77MB 2.0s
#6 sha256:f5196cdf25181bc7e4411865a2e002932b7b6b0ffce787c04c1bdeaf1f204f20 45.43MB / 45.43MB 2.2s done
#6 sha256:07dff4ad21ebdb3ce3e329699663b2f81af70152453025f6624584a39a8e22b6 45.09MB / 214.48MB 2.4s
#6 extracting sha256:f5196cdf25181bc7e4411865a2e002932b7b6b0ffce787c04c1bdeaf1f204f20
#6 sha256:07dff4ad21ebdb3ce3e329699663b2f81af70152453025f6624584a39a8e22b6 57.67MB / 214.48MB 2.7s
#6 sha256:07dff4ad21ebdb3ce3e329699663b2f81af70152453025f6624584a39a8e22b6 69.21MB / 214.48MB 2.9s
#6 sha256:07dff4ad21ebdb3ce3e329699663b2f81af70152453025f6624584a39a8e22b6 83.05MB / 214.48MB 3.1s
#6 sha256:2f75d131f4060950dd6cc1f580e2fa5504ece8d692113a9cdb0a866637b397d7 49.77MB / 49.77MB 3.0s done
#6 sha256:e0ac4f13b766d321acc3b650d3d23b82828995711f6f247ff591722c00d04cec 0B / 4.19kB 3.1s
#6 sha256:e0ac4f13b766d321acc3b650d3d23b82828995711f6f247ff591722c00d04cec 4.19kB / 4.19kB 3.2s
#6 sha256:07dff4ad21ebdb3ce3e329699663b2f81af70152453025f6624584a39a8e22b6 95.42MB / 214.48MB 3.3s
#6 sha256:df2c3b2eb7cc63351bb32f26457bbe0402af8082548f26975f0c329bc7841881 0B / 23.70MB 3.5s
#6 sha256:07dff4ad21ebdb3ce3e329699663b2f81af70152453025f6624584a39a8e22b6 114.29MB / 214.48MB 3.7s
#6 sha256:e0ac4f13b766d321acc3b650d3d23b82828995711f6f247ff591722c00d04cec 4.19kB / 4.19kB 3.6s done
#6 sha256:efe636eac583776a8a114d50fef15bc65b648f3d2bb53326cf1f21cc5ef2b3ae 0B / 2.34MB 3.7s
#6 sha256:df2c3b2eb7cc63351bb32f26457bbe0402af8082548f26975f0c329bc7841881 6.29MB / 23.70MB 3.8s
#6 sha256:efe636eac583776a8a114d50fef15bc65b648f3d2bb53326cf1f21cc5ef2b3ae 1.05MB / 2.34MB 3.8s
#6 sha256:df2c3b2eb7cc63351bb32f26457bbe0402af8082548f26975f0c329bc7841881 12.58MB / 23.70MB 3.9s
#6 sha256:efe636eac583776a8a114d50fef15bc65b648f3d2bb53326cf1f21cc5ef2b3ae 2.34MB / 2.34MB 3.9s
#6 sha256:df2c3b2eb7cc63351bb32f26457bbe0402af8082548f26975f0c329bc7841881 19.92MB / 23.70MB 4.0s
#6 sha256:efe636eac583776a8a114d50fef15bc65b648f3d2bb53326cf1f21cc5ef2b3ae 2.34MB / 2.34MB 3.9s done
#6 sha256:fe17849545bb51455d3f7c8773ded2dbb1d6668a85bd00564573a4b88afd36f6 0B / 464B 4.0s
#6 sha256:07dff4ad21ebdb3ce3e329699663b2f81af70152453025f6624584a39a8e22b6 130.02MB / 214.48MB 4.1s
#6 sha256:df2c3b2eb7cc63351bb32f26457bbe0402af8082548f26975f0c329bc7841881 23.70MB / 23.70MB 4.1s
#6 sha256:fe17849545bb51455d3f7c8773ded2dbb1d6668a85bd00564573a4b88afd36f6 464B / 464B 4.1s
#6 sha256:07dff4ad21ebdb3ce3e329699663b2f81af70152453025f6624584a39a8e22b6 144.70MB / 214.48MB 4.3s
#6 sha256:07dff4ad21ebdb3ce3e329699663b2f81af70152453025f6624584a39a8e22b6 157.29MB / 214.48MB 4.5s
#6 sha256:df2c3b2eb7cc63351bb32f26457bbe0402af8082548f26975f0c329bc7841881 23.70MB / 23.70MB 4.5s done
#6 sha256:fe17849545bb51455d3f7c8773ded2dbb1d6668a85bd00564573a4b88afd36f6 464B / 464B 4.5s done
#6 sha256:07dff4ad21ebdb3ce3e329699663b2f81af70152453025f6624584a39a8e22b6 170.92MB / 214.48MB 4.7s
#6 sha256:07dff4ad21ebdb3ce3e329699663b2f81af70152453025f6624584a39a8e22b6 187.70MB / 214.48MB 4.9s
#6 sha256:07dff4ad21ebdb3ce3e329699663b2f81af70152453025f6624584a39a8e22b6 203.42MB / 214.48MB 5.1s
#6 sha256:07dff4ad21ebdb3ce3e329699663b2f81af70152453025f6624584a39a8e22b6 214.48MB / 214.48MB 5.3s
#6 extracting sha256:f5196cdf25181bc7e4411865a2e002932b7b6b0ffce787c04c1bdeaf1f204f20 3.0s done
#6 sha256:07dff4ad21ebdb3ce3e329699663b2f81af70152453025f6624584a39a8e22b6 214.48MB / 214.48MB 8.3s done
#6 extracting sha256:9bed1e86f01ee95c76d2c8b4385a47ae336e6d293afade9368469d99daa9369f 0.1s
#6 extracting sha256:9bed1e86f01ee95c76d2c8b4385a47ae336e6d293afade9368469d99daa9369f 0.5s done
#6 extracting sha256:f44e4bdb3a6c1325cc4d40e585ed7a759127c0c87b0388ec0236b1698827d70d
#6 extracting sha256:f44e4bdb3a6c1325cc4d40e585ed7a759127c0c87b0388ec0236b1698827d70d 0.2s done
#6 extracting sha256:2f75d131f4060950dd6cc1f580e2fa5504ece8d692113a9cdb0a866637b397d7
#6 extracting sha256:2f75d131f4060950dd6cc1f580e2fa5504ece8d692113a9cdb0a866637b397d7 3.2s done
#6 extracting sha256:07dff4ad21ebdb3ce3e329699663b2f81af70152453025f6624584a39a8e22b6
#6 extracting sha256:07dff4ad21ebdb3ce3e329699663b2f81af70152453025f6624584a39a8e22b6 5.1s
#6 extracting sha256:07dff4ad21ebdb3ce3e329699663b2f81af70152453025f6624584a39a8e22b6 10.1s
#6 extracting sha256:07dff4ad21ebdb3ce3e329699663b2f81af70152453025f6624584a39a8e22b6 12.0s done
#6 extracting sha256:e0ac4f13b766d321acc3b650d3d23b82828995711f6f247ff591722c00d04cec
#6 extracting sha256:e0ac4f13b766d321acc3b650d3d23b82828995711f6f247ff591722c00d04cec 0.4s done
#6 extracting sha256:df2c3b2eb7cc63351bb32f26457bbe0402af8082548f26975f0c329bc7841881
#6 extracting sha256:df2c3b2eb7cc63351bb32f26457bbe0402af8082548f26975f0c329bc7841881 1.8s done
#6 extracting sha256:efe636eac583776a8a114d50fef15bc65b648f3d2bb53326cf1f21cc5ef2b3ae
#6 extracting sha256:efe636eac583776a8a114d50fef15bc65b648f3d2bb53326cf1f21cc5ef2b3ae 0.2s done
#6 extracting sha256:fe17849545bb51455d3f7c8773ded2dbb1d6668a85bd00564573a4b88afd36f6
#6 extracting sha256:fe17849545bb51455d3f7c8773ded2dbb1d6668a85bd00564573a4b88afd36f6 done
#6 DONE 31.2s

#7 [2/7] RUN apt-get update &&   apt-get install -y     libcairo2     libjpeg-dev     libgif-dev     fonts-wqy-zenhei
#7 0.518 Ign:1 http://security.debian.org/debian-security stretch/updates InRelease
#7 0.529 Ign:2 http://security.debian.org/debian-security stretch/updates Release
#7 0.539 Ign:3 http://security.debian.org/debian-security stretch/updates/main all Packages
#7 0.669 Ign:4 http://deb.debian.org/debian stretch InRelease
#7 0.705 Ign:5 http://security.debian.org/debian-security stretch/updates/main amd64 Packages
#7 0.715 Ign:3 http://security.debian.org/debian-security stretch/updates/main all Packages
#7 0.827 Ign:6 http://deb.debian.org/debian stretch-updates InRelease
#7 0.881 Ign:5 http://security.debian.org/debian-security stretch/updates/main amd64 Packages
#7 0.891 Ign:3 http://security.debian.org/debian-security stretch/updates/main all Packages
#7 0.986 Ign:7 http://deb.debian.org/debian stretch Release
#7 1.057 Ign:5 http://security.debian.org/debian-security stretch/updates/main amd64 Packages
#7 1.067 Ign:3 http://security.debian.org/debian-security stretch/updates/main all Packages
#7 1.146 Ign:8 http://deb.debian.org/debian stretch-updates Release
#7 1.233 Ign:5 http://security.debian.org/debian-security stretch/updates/main amd64 Packages
#7 1.243 Ign:3 http://security.debian.org/debian-security stretch/updates/main all Packages
#7 1.308 Ign:9 http://deb.debian.org/debian stretch/main amd64 Packages
#7 1.409 Ign:5 http://security.debian.org/debian-security stretch/updates/main amd64 Packages
#7 1.421 Ign:3 http://security.debian.org/debian-security stretch/updates/main all Packages
#7 1.466 Ign:10 http://deb.debian.org/debian stretch/main all Packages
#7 1.587 Err:5 http://security.debian.org/debian-security stretch/updates/main amd64 Packages
#7 1.587   404  Not Found
#7 1.628 Ign:11 http://deb.debian.org/debian stretch-updates/main amd64 Packages
#7 1.786 Ign:12 http://deb.debian.org/debian stretch-updates/main all Packages
#7 1.944 Ign:9 http://deb.debian.org/debian stretch/main amd64 Packages
#7 2.102 Ign:10 http://deb.debian.org/debian stretch/main all Packages
#7 2.260 Ign:11 http://deb.debian.org/debian stretch-updates/main amd64 Packages
#7 2.419 Ign:12 http://deb.debian.org/debian stretch-updates/main all Packages
#7 2.576 Ign:9 http://deb.debian.org/debian stretch/main amd64 Packages
#7 2.734 Ign:10 http://deb.debian.org/debian stretch/main all Packages
#7 2.892 Ign:11 http://deb.debian.org/debian stretch-updates/main amd64 Packages
#7 3.049 Ign:12 http://deb.debian.org/debian stretch-updates/main all Packages
#7 3.206 Ign:9 http://deb.debian.org/debian stretch/main amd64 Packages
#7 3.365 Ign:10 http://deb.debian.org/debian stretch/main all Packages
#7 3.522 Ign:11 http://deb.debian.org/debian stretch-updates/main amd64 Packages
#7 3.682 Ign:12 http://deb.debian.org/debian stretch-updates/main all Packages
#7 3.841 Ign:9 http://deb.debian.org/debian stretch/main amd64 Packages
#7 3.999 Ign:10 http://deb.debian.org/debian stretch/main all Packages
#7 4.157 Ign:11 http://deb.debian.org/debian stretch-updates/main amd64 Packages
#7 4.316 Ign:12 http://deb.debian.org/debian stretch-updates/main all Packages
#7 4.474 Err:9 http://deb.debian.org/debian stretch/main amd64 Packages
#7 4.474   404  Not Found
#7 4.641 Ign:10 http://deb.debian.org/debian stretch/main all Packages
#7 4.800 Err:11 http://deb.debian.org/debian stretch-updates/main amd64 Packages
#7 4.800   404  Not Found
#7 4.958 Ign:12 http://deb.debian.org/debian stretch-updates/main all Packages
#7 4.962 Reading package lists...
#7 4.976 W: The repository 'http://security.debian.org/debian-security stretch/updates Release' does not have a Release file.
#7 4.976 W: The repository 'http://deb.debian.org/debian stretch Release' does not have a Release file.
#7 4.976 W: The repository 'http://deb.debian.org/debian stretch-updates Release' does not have a Release file.
#7 4.976 E: Failed to fetch http://security.debian.org/debian-security/dists/stretch/updates/main/binary-amd64/Packages  404  Not Found
#7 4.976 E: Failed to fetch http://deb.debian.org/debian/dists/stretch/main/binary-amd64/Packages  404  Not Found
#7 4.976 E: Failed to fetch http://deb.debian.org/debian/dists/stretch-updates/main/binary-amd64/Packages  404  Not Found
#7 4.976 E: Some index files failed to download. They have been ignored, or old ones used instead.
#7 ERROR: process "/bin/sh -c apt-get update &&   apt-get install -y     libcairo2     libjpeg-dev     libgif-dev     fonts-wqy-zenhei" did not complete successfully: exit code: 100
------
 > [2/7] RUN apt-get update &&   apt-get install -y     libcairo2     libjpeg-dev     libgif-dev     fonts-wqy-zenhei:
4.800   404  Not Found
4.958 Ign:12 http://deb.debian.org/debian stretch-updates/main all Packages
4.962 Reading package lists...
4.976 W: The repository 'http://security.debian.org/debian-security stretch/updates Release' does not have a Release file.
4.976 W: The repository 'http://deb.debian.org/debian stretch Release' does not have a Release file.
4.976 W: The repository 'http://deb.debian.org/debian stretch-updates Release' does not have a Release file.
4.976 E: Failed to fetch http://security.debian.org/debian-security/dists/stretch/updates/main/binary-amd64/Packages  404  Not Found
4.976 E: Failed to fetch http://deb.debian.org/debian/dists/stretch/main/binary-amd64/Packages  404  Not Found
4.976 E: Failed to fetch http://deb.debian.org/debian/dists/stretch-updates/main/binary-amd64/Packages  404  Not Found
4.976 E: Some index files failed to download. They have been ignored, or old ones used instead.
------
Dockerfile:3
--------------------
   2 |     
   3 | >>> RUN apt-get update && \
   4 | >>>   apt-get install -y \
   5 | >>>     libcairo2 \
   6 | >>>     libjpeg-dev \ 
   7 | >>>     libgif-dev \
   8 | >>>     fonts-wqy-zenhei
   9 |     
--------------------
ERROR: failed to solve: process "/bin/sh -c apt-get update &&   apt-get install -y     libcairo2     libjpeg-dev     libgif-dev     fonts-wqy-zenhei" did not complete successfully: exit code: 100
Duration: 0:52.61