#0 building with "default" instance using docker driver

#1 [internal] load build definition from v1_Dockerfile
#1 transferring dockerfile: 461B done
#1 DONE 0.0s

#2 [internal] load metadata for docker.io/library/python:3.9
#2 DONE 0.7s

#3 [internal] load .dockerignore
#3 transferring context: 2B done
#3 DONE 0.0s

#4 [1/7] FROM docker.io/library/python:3.9@sha256:70dce00379744edb10d8c7ee8339bbf964dcbcadc1da862bdc59dc746513c04c
#4 resolve docker.io/library/python:3.9@sha256:70dce00379744edb10d8c7ee8339bbf964dcbcadc1da862bdc59dc746513c04c 0.0s done
#4 ...

#5 [internal] load build context
#5 transferring context: 1.68MB 0.0s done
#5 DONE 0.1s

#4 [1/7] FROM docker.io/library/python:3.9@sha256:70dce00379744edb10d8c7ee8339bbf964dcbcadc1da862bdc59dc746513c04c
#4 sha256:1a31a1694020fecdd5401eb998b939b9a5d9aacc9d56638308aa040a7e04420b 2.52kB / 2.52kB done
#4 sha256:c83186e947098d28b60a75d38fcb49830d8facbab7a61821c80522aa5cef0125 7.26kB / 7.26kB done
#4 sha256:ca4e5d6727252f0dbc207fbf283cb95e278bf562bda42d35ce6c919583a110a0 5.24MB / 49.55MB 0.2s
#4 sha256:30b93c12a9c9326732b35d9e3ebe57148abe33f8fa6e25ab76867410b0ccf876 0B / 24.05MB 0.2s
#4 sha256:10d643a5fa823cd013a108b2076f4d2edf1b2a921f863b533e83ea5ed8d09bd4 0B / 64.14MB 0.2s
#4 sha256:70dce00379744edb10d8c7ee8339bbf964dcbcadc1da862bdc59dc746513c04c 10.35kB / 10.35kB done
#4 sha256:ca4e5d6727252f0dbc207fbf283cb95e278bf562bda42d35ce6c919583a110a0 15.73MB / 49.55MB 0.4s
#4 sha256:30b93c12a9c9326732b35d9e3ebe57148abe33f8fa6e25ab76867410b0ccf876 7.34MB / 24.05MB 0.4s
#4 sha256:ca4e5d6727252f0dbc207fbf283cb95e278bf562bda42d35ce6c919583a110a0 20.97MB / 49.55MB 0.5s
#4 sha256:30b93c12a9c9326732b35d9e3ebe57148abe33f8fa6e25ab76867410b0ccf876 11.53MB / 24.05MB 0.5s
#4 sha256:10d643a5fa823cd013a108b2076f4d2edf1b2a921f863b533e83ea5ed8d09bd4 6.29MB / 64.14MB 0.5s
#4 sha256:ca4e5d6727252f0dbc207fbf283cb95e278bf562bda42d35ce6c919583a110a0 30.41MB / 49.55MB 0.7s
#4 sha256:30b93c12a9c9326732b35d9e3ebe57148abe33f8fa6e25ab76867410b0ccf876 19.92MB / 24.05MB 0.7s
#4 sha256:10d643a5fa823cd013a108b2076f4d2edf1b2a921f863b533e83ea5ed8d09bd4 13.63MB / 64.14MB 0.7s
#4 sha256:ca4e5d6727252f0dbc207fbf283cb95e278bf562bda42d35ce6c919583a110a0 39.85MB / 49.55MB 0.9s
#4 sha256:30b93c12a9c9326732b35d9e3ebe57148abe33f8fa6e25ab76867410b0ccf876 24.05MB / 24.05MB 0.9s done
#4 sha256:10d643a5fa823cd013a108b2076f4d2edf1b2a921f863b533e83ea5ed8d09bd4 23.07MB / 64.14MB 0.9s
#4 sha256:d6dc1019d7935fe82827434da11bf96cf14e24979f8155e73b794286f10b7f05 0B / 211.24MB 0.9s
#4 sha256:ca4e5d6727252f0dbc207fbf283cb95e278bf562bda42d35ce6c919583a110a0 49.55MB / 49.55MB 1.1s
#4 sha256:10d643a5fa823cd013a108b2076f4d2edf1b2a921f863b533e83ea5ed8d09bd4 33.55MB / 64.14MB 1.1s
#4 sha256:10d643a5fa823cd013a108b2076f4d2edf1b2a921f863b533e83ea5ed8d09bd4 38.80MB / 64.14MB 1.2s
#4 sha256:d6dc1019d7935fe82827434da11bf96cf14e24979f8155e73b794286f10b7f05 11.53MB / 211.24MB 1.2s
#4 sha256:ca4e5d6727252f0dbc207fbf283cb95e278bf562bda42d35ce6c919583a110a0 49.55MB / 49.55MB 1.2s done
#4 sha256:10d643a5fa823cd013a108b2076f4d2edf1b2a921f863b533e83ea5ed8d09bd4 42.99MB / 64.14MB 1.3s
#4 extracting sha256:ca4e5d6727252f0dbc207fbf283cb95e278bf562bda42d35ce6c919583a110a0 0.1s
#4 sha256:c387064957b7c6410118524b9ea38586f5c8a9977652336787ca17993d2932c6 0B / 6.16MB 1.3s
#4 sha256:10d643a5fa823cd013a108b2076f4d2edf1b2a921f863b533e83ea5ed8d09bd4 47.19MB / 64.14MB 1.4s
#4 sha256:c387064957b7c6410118524b9ea38586f5c8a9977652336787ca17993d2932c6 2.10MB / 6.16MB 1.4s
#4 sha256:10d643a5fa823cd013a108b2076f4d2edf1b2a921f863b533e83ea5ed8d09bd4 56.62MB / 64.14MB 1.6s
#4 sha256:d6dc1019d7935fe82827434da11bf96cf14e24979f8155e73b794286f10b7f05 33.55MB / 211.24MB 1.6s
#4 sha256:c387064957b7c6410118524b9ea38586f5c8a9977652336787ca17993d2932c6 6.16MB / 6.16MB 1.5s done
#4 sha256:26766ebde4817068b187ab3f6f8d0c6989bc685d0deddc34c0e36731c7cfe317 0B / 15.82MB 1.6s
#4 sha256:10d643a5fa823cd013a108b2076f4d2edf1b2a921f863b533e83ea5ed8d09bd4 60.82MB / 64.14MB 1.7s
#4 sha256:26766ebde4817068b187ab3f6f8d0c6989bc685d0deddc34c0e36731c7cfe317 2.10MB / 15.82MB 1.7s
#4 sha256:10d643a5fa823cd013a108b2076f4d2edf1b2a921f863b533e83ea5ed8d09bd4 64.14MB / 64.14MB 1.8s
#4 sha256:26766ebde4817068b187ab3f6f8d0c6989bc685d0deddc34c0e36731c7cfe317 6.29MB / 15.82MB 1.8s
#4 sha256:d6dc1019d7935fe82827434da11bf96cf14e24979f8155e73b794286f10b7f05 52.43MB / 211.24MB 1.9s
#4 sha256:26766ebde4817068b187ab3f6f8d0c6989bc685d0deddc34c0e36731c7cfe317 9.44MB / 15.82MB 1.9s
#4 sha256:10d643a5fa823cd013a108b2076f4d2edf1b2a921f863b533e83ea5ed8d09bd4 64.14MB / 64.14MB 1.9s done
#4 sha256:26766ebde4817068b187ab3f6f8d0c6989bc685d0deddc34c0e36731c7cfe317 13.63MB / 15.82MB 2.0s
#4 sha256:8a42d17fd0e28f72659a82ca54de4b3820cdbedf4fb3b5e2a802701386abcee9 0B / 232B 2.0s
#4 sha256:d6dc1019d7935fe82827434da11bf96cf14e24979f8155e73b794286f10b7f05 75.50MB / 211.24MB 2.2s
#4 sha256:26766ebde4817068b187ab3f6f8d0c6989bc685d0deddc34c0e36731c7cfe317 15.82MB / 15.82MB 2.1s done
#4 sha256:8a42d17fd0e28f72659a82ca54de4b3820cdbedf4fb3b5e2a802701386abcee9 232B / 232B 2.0s done
#4 sha256:79eda865cc8a5f78a43ee16910c4d7f4d63957fbf913a0d7059ce99f4b69bb26 2.10MB / 2.70MB 2.2s
#4 sha256:79eda865cc8a5f78a43ee16910c4d7f4d63957fbf913a0d7059ce99f4b69bb26 2.70MB / 2.70MB 2.2s done
#4 sha256:d6dc1019d7935fe82827434da11bf96cf14e24979f8155e73b794286f10b7f05 97.52MB / 211.24MB 2.4s
#4 sha256:d6dc1019d7935fe82827434da11bf96cf14e24979f8155e73b794286f10b7f05 117.44MB / 211.24MB 2.6s
#4 sha256:d6dc1019d7935fe82827434da11bf96cf14e24979f8155e73b794286f10b7f05 128.97MB / 211.24MB 2.7s
#4 sha256:d6dc1019d7935fe82827434da11bf96cf14e24979f8155e73b794286f10b7f05 146.80MB / 211.24MB 2.9s
#4 sha256:d6dc1019d7935fe82827434da11bf96cf14e24979f8155e73b794286f10b7f05 166.72MB / 211.24MB 3.1s
#4 sha256:d6dc1019d7935fe82827434da11bf96cf14e24979f8155e73b794286f10b7f05 187.70MB / 211.24MB 3.3s
#4 sha256:d6dc1019d7935fe82827434da11bf96cf14e24979f8155e73b794286f10b7f05 206.57MB / 211.24MB 3.5s
#4 sha256:d6dc1019d7935fe82827434da11bf96cf14e24979f8155e73b794286f10b7f05 211.24MB / 211.24MB 4.2s done
#4 extracting sha256:ca4e5d6727252f0dbc207fbf283cb95e278bf562bda42d35ce6c919583a110a0 2.9s done
#4 extracting sha256:30b93c12a9c9326732b35d9e3ebe57148abe33f8fa6e25ab76867410b0ccf876
#4 extracting sha256:30b93c12a9c9326732b35d9e3ebe57148abe33f8fa6e25ab76867410b0ccf876 0.8s done
#4 extracting sha256:10d643a5fa823cd013a108b2076f4d2edf1b2a921f863b533e83ea5ed8d09bd4 0.1s
#4 extracting sha256:10d643a5fa823cd013a108b2076f4d2edf1b2a921f863b533e83ea5ed8d09bd4 3.2s done
#4 extracting sha256:d6dc1019d7935fe82827434da11bf96cf14e24979f8155e73b794286f10b7f05
#4 extracting sha256:d6dc1019d7935fe82827434da11bf96cf14e24979f8155e73b794286f10b7f05 5.0s
#4 extracting sha256:d6dc1019d7935fe82827434da11bf96cf14e24979f8155e73b794286f10b7f05 8.6s done
#4 extracting sha256:c387064957b7c6410118524b9ea38586f5c8a9977652336787ca17993d2932c6
#4 extracting sha256:c387064957b7c6410118524b9ea38586f5c8a9977652336787ca17993d2932c6 0.3s done
#4 extracting sha256:26766ebde4817068b187ab3f6f8d0c6989bc685d0deddc34c0e36731c7cfe317 0.1s
#4 extracting sha256:26766ebde4817068b187ab3f6f8d0c6989bc685d0deddc34c0e36731c7cfe317 0.7s done
#4 extracting sha256:8a42d17fd0e28f72659a82ca54de4b3820cdbedf4fb3b5e2a802701386abcee9 done
#4 extracting sha256:79eda865cc8a5f78a43ee16910c4d7f4d63957fbf913a0d7059ce99f4b69bb26
#4 extracting sha256:79eda865cc8a5f78a43ee16910c4d7f4d63957fbf913a0d7059ce99f4b69bb26 0.3s done
#4 DONE 19.0s

#6 [2/7] RUN mkdir /code
#6 DONE 7.4s

#7 [3/7] WORKDIR /code
#7 DONE 0.1s

#8 [4/7] COPY requirements.txt /code/
#8 DONE 0.1s

#9 [5/7] RUN apt-get update && apt-get -y --no-install-recommends install postgresql libpq-dev postgresql-client postgresql-client-common python3-pip git netcat && rm -rf /var/lib/apt/lists/*;
#9 0.234 Get:1 http://deb.debian.org/debian bookworm InRelease [151 kB]
#9 0.282 Get:2 http://deb.debian.org/debian bookworm-updates InRelease [55.4 kB]
#9 0.294 Get:3 http://deb.debian.org/debian-security bookworm-security InRelease [48.0 kB]
#9 0.355 Get:4 http://deb.debian.org/debian bookworm/main amd64 Packages [8788 kB]
#9 0.503 Get:5 http://deb.debian.org/debian bookworm-updates/main amd64 Packages [13.8 kB]
#9 0.503 Get:6 http://deb.debian.org/debian-security bookworm-security/main amd64 Packages [169 kB]
#9 1.622 Fetched 9225 kB in 1s (6509 kB/s)
#9 1.622 Reading package lists...
#9 2.180 Reading package lists...
#9 2.732 Building dependency tree...
#9 2.859 Reading state information...
#9 2.866 Package netcat is a virtual package provided by:
#9 2.866   netcat-openbsd 1.219-1
#9 2.866   netcat-traditional 1.10-47
#9 2.866 
#9 2.867 E: Package 'netcat' has no installation candidate
#9 ERROR: process "/bin/sh -c apt-get update && apt-get -y --no-install-recommends install postgresql libpq-dev postgresql-client postgresql-client-common python3-pip git netcat && rm -rf /var/lib/apt/lists/*;" did not complete successfully: exit code: 100
------
 > [5/7] RUN apt-get update && apt-get -y --no-install-recommends install postgresql libpq-dev postgresql-client postgresql-client-common python3-pip git netcat && rm -rf /var/lib/apt/lists/*;:
0.503 Get:5 http://deb.debian.org/debian bookworm-updates/main amd64 Packages [13.8 kB]
0.503 Get:6 http://deb.debian.org/debian-security bookworm-security/main amd64 Packages [169 kB]



2.866 Package netcat is a virtual package provided by:
2.866   netcat-openbsd 1.219-1
2.866   netcat-traditional 1.10-47
2.866 
2.867 E: Package 'netcat' has no installation candidate
------
v1_Dockerfile:7
--------------------
   5 |     WORKDIR /code
   6 |     COPY requirements.txt /code/
   7 | >>> RUN apt-get update && apt-get -y --no-install-recommends install postgresql libpq-dev postgresql-client postgresql-client-common python3-pip git netcat && rm -rf /var/lib/apt/lists/*;
   8 |     RUN pip install --no-cache-dir -r requirements.txt
   9 |     COPY . /code/
--------------------
ERROR: failed to solve: process "/bin/sh -c apt-get update && apt-get -y --no-install-recommends install postgresql libpq-dev postgresql-client postgresql-client-common python3-pip git netcat && rm -rf /var/lib/apt/lists/*;" did not complete successfully: exit code: 100
Duration: 0:30.44