#0 building with "default" instance using docker driver

#1 [internal] load .dockerignore
#1 transferring context:
#1 transferring context: 140B 0.0s done
#1 DONE 0.5s

#2 [internal] load build definition from Dockerfile
#2 transferring dockerfile: 652B 0.0s done
#2 DONE 0.4s

#3 [internal] load metadata for docker.io/library/node:12.22.3
#3 ...

#4 [auth] library/node:pull token for registry-1.docker.io
#4 DONE 0.0s

#3 [internal] load metadata for docker.io/library/node:12.22.3
#3 DONE 1.6s

#5 [internal] load build context
#5 DONE 0.0s

#6 [base 1/4] FROM docker.io/library/node:12.22.3@sha256:b37688949b774df8a3474e9f2a26be5cdaccc97c28b99e06a8a07ec9f29819bc
#6 resolve docker.io/library/node:12.22.3@sha256:b37688949b774df8a3474e9f2a26be5cdaccc97c28b99e06a8a07ec9f29819bc 0.1s done
#6 DONE 0.1s

#6 [base 1/4] FROM docker.io/library/node:12.22.3@sha256:b37688949b774df8a3474e9f2a26be5cdaccc97c28b99e06a8a07ec9f29819bc
#6 sha256:52b352c9906eb54ae97886a02165bae4cd5b490a10ad1912dabf3d1e8a2d79ae 7.63kB / 7.63kB done
#6 sha256:b37688949b774df8a3474e9f2a26be5cdaccc97c28b99e06a8a07ec9f29819bc 776B / 776B done
#6 sha256:2d21de0e7d1b20cbd212a7668f2c2be61d614484c61ccb05b27018147084f430 2.21kB / 2.21kB done
#6 sha256:08224db8ce18b31a78a0a26d1b344d173528e50a7067797c9df4de5d8df353e2 0B / 45.38MB 0.1s
#6 sha256:08224db8ce18b31a78a0a26d1b344d173528e50a7067797c9df4de5d8df353e2 4.19MB / 45.38MB 0.3s
#6 sha256:abd3caf86f5b9d8f8e63437571297df5fa6d454140b9c1985c47d6ad526da824 0B / 11.29MB 0.3s
#6 ...

#5 [internal] load build context
#5 transferring context: 495.39kB 0.1s done
#5 DONE 0.5s

#6 [base 1/4] FROM docker.io/library/node:12.22.3@sha256:b37688949b774df8a3474e9f2a26be5cdaccc97c28b99e06a8a07ec9f29819bc
#6 sha256:71c316554a558d4aa95c0be17c01e4a0366d6026a98eeba53dca5baa6091e815 0B / 4.34MB 0.4s
#6 sha256:08224db8ce18b31a78a0a26d1b344d173528e50a7067797c9df4de5d8df353e2 8.39MB / 45.38MB 0.5s
#6 sha256:abd3caf86f5b9d8f8e63437571297df5fa6d454140b9c1985c47d6ad526da824 5.05MB / 11.29MB 0.5s
#6 sha256:abd3caf86f5b9d8f8e63437571297df5fa6d454140b9c1985c47d6ad526da824 10.49MB / 11.29MB 0.6s
#6 sha256:08224db8ce18b31a78a0a26d1b344d173528e50a7067797c9df4de5d8df353e2 14.68MB / 45.38MB 0.8s
#6 sha256:abd3caf86f5b9d8f8e63437571297df5fa6d454140b9c1985c47d6ad526da824 11.29MB / 11.29MB 0.8s
#6 sha256:71c316554a558d4aa95c0be17c01e4a0366d6026a98eeba53dca5baa6091e815 4.34MB / 4.34MB 0.8s
#6 sha256:abd3caf86f5b9d8f8e63437571297df5fa6d454140b9c1985c47d6ad526da824 11.29MB / 11.29MB 0.9s done
#6 sha256:08224db8ce18b31a78a0a26d1b344d173528e50a7067797c9df4de5d8df353e2 20.97MB / 45.38MB 1.0s
#6 sha256:721081de66bfc648ce19234c6333d6e031344f6ac90904476c9ec2dba2917e3a 0B / 49.76MB 1.0s
#6 sha256:08224db8ce18b31a78a0a26d1b344d173528e50a7067797c9df4de5d8df353e2 25.17MB / 45.38MB 1.2s
#6 sha256:71c316554a558d4aa95c0be17c01e4a0366d6026a98eeba53dca5baa6091e815 4.34MB / 4.34MB 1.1s done
#6 sha256:721081de66bfc648ce19234c6333d6e031344f6ac90904476c9ec2dba2917e3a 6.29MB / 49.76MB 1.2s
#6 sha256:239fb482263d7865a4a15a52e4a4be892393343c0c4318a930f770d6da32cba0 0B / 214.42MB 1.2s
#6 sha256:721081de66bfc648ce19234c6333d6e031344f6ac90904476c9ec2dba2917e3a 16.78MB / 49.76MB 1.4s
#6 sha256:08224db8ce18b31a78a0a26d1b344d173528e50a7067797c9df4de5d8df353e2 31.46MB / 45.38MB 1.6s
#6 sha256:721081de66bfc648ce19234c6333d6e031344f6ac90904476c9ec2dba2917e3a 27.26MB / 49.76MB 1.6s
#6 sha256:239fb482263d7865a4a15a52e4a4be892393343c0c4318a930f770d6da32cba0 16.78MB / 214.42MB 1.6s
#6 sha256:08224db8ce18b31a78a0a26d1b344d173528e50a7067797c9df4de5d8df353e2 35.65MB / 45.38MB 1.7s
#6 sha256:721081de66bfc648ce19234c6333d6e031344f6ac90904476c9ec2dba2917e3a 30.41MB / 49.76MB 1.7s
#6 sha256:08224db8ce18b31a78a0a26d1b344d173528e50a7067797c9df4de5d8df353e2 38.80MB / 45.38MB 1.9s
#6 sha256:721081de66bfc648ce19234c6333d6e031344f6ac90904476c9ec2dba2917e3a 39.85MB / 49.76MB 1.9s
#6 sha256:239fb482263d7865a4a15a52e4a4be892393343c0c4318a930f770d6da32cba0 32.51MB / 214.42MB 1.9s
#6 sha256:721081de66bfc648ce19234c6333d6e031344f6ac90904476c9ec2dba2917e3a 45.09MB / 49.76MB 2.0s
#6 sha256:08224db8ce18b31a78a0a26d1b344d173528e50a7067797c9df4de5d8df353e2 45.38MB / 45.38MB 2.2s
#6 sha256:721081de66bfc648ce19234c6333d6e031344f6ac90904476c9ec2dba2917e3a 49.76MB / 49.76MB 2.2s
#6 sha256:239fb482263d7865a4a15a52e4a4be892393343c0c4318a930f770d6da32cba0 46.14MB / 214.42MB 2.2s
#6 sha256:239fb482263d7865a4a15a52e4a4be892393343c0c4318a930f770d6da32cba0 63.96MB / 214.42MB 2.5s
#6 sha256:239fb482263d7865a4a15a52e4a4be892393343c0c4318a930f770d6da32cba0 76.55MB / 214.42MB 2.7s
#6 sha256:239fb482263d7865a4a15a52e4a4be892393343c0c4318a930f770d6da32cba0 89.13MB / 214.42MB 2.9s
#6 sha256:721081de66bfc648ce19234c6333d6e031344f6ac90904476c9ec2dba2917e3a 49.76MB / 49.76MB 3.0s done
#6 sha256:239fb482263d7865a4a15a52e4a4be892393343c0c4318a930f770d6da32cba0 100.66MB / 214.42MB 3.1s
#6 sha256:26d24e5f0efd7c5c58ddff4cfec92f90d66e3d2f0c622b21a130dc694690a7f5 0B / 4.19kB 3.1s
#6 sha256:239fb482263d7865a4a15a52e4a4be892393343c0c4318a930f770d6da32cba0 112.20MB / 214.42MB 3.3s
#6 sha256:239fb482263d7865a4a15a52e4a4be892393343c0c4318a930f770d6da32cba0 123.73MB / 214.42MB 3.5s
#6 sha256:26d24e5f0efd7c5c58ddff4cfec92f90d66e3d2f0c622b21a130dc694690a7f5 4.19kB / 4.19kB 3.5s
#6 sha256:239fb482263d7865a4a15a52e4a4be892393343c0c4318a930f770d6da32cba0 135.27MB / 214.42MB 3.7s
#6 sha256:08224db8ce18b31a78a0a26d1b344d173528e50a7067797c9df4de5d8df353e2 45.38MB / 45.38MB 3.7s done
#6 sha256:26d24e5f0efd7c5c58ddff4cfec92f90d66e3d2f0c622b21a130dc694690a7f5 4.19kB / 4.19kB 3.8s done
#6 sha256:239fb482263d7865a4a15a52e4a4be892393343c0c4318a930f770d6da32cba0 146.80MB / 214.42MB 3.9s
#6 sha256:e571554b15ee6f4301b3e1cf58735a1504380734dade095784e14197eea233f8 0B / 23.70MB 3.9s
#6 sha256:b9d071769fad3fe402494f3f857d55eac842a2e4eeed9da83d567327087fc8e5 0B / 2.33MB 3.9s
#6 sha256:239fb482263d7865a4a15a52e4a4be892393343c0c4318a930f770d6da32cba0 162.53MB / 214.42MB 4.2s
#6 sha256:e571554b15ee6f4301b3e1cf58735a1504380734dade095784e14197eea233f8 4.19MB / 23.70MB 4.2s
#6 sha256:b9d071769fad3fe402494f3f857d55eac842a2e4eeed9da83d567327087fc8e5 2.33MB / 2.33MB 4.1s done
#6 extracting sha256:08224db8ce18b31a78a0a26d1b344d173528e50a7067797c9df4de5d8df353e2
#6 sha256:e571554b15ee6f4301b3e1cf58735a1504380734dade095784e14197eea233f8 13.63MB / 23.70MB 4.4s
#6 sha256:afb14e2ec4f2c163c4859b8a8f6d6340e261b84ac5e1971632ce7235bc853ffa 0B / 294B 4.4s
#6 sha256:239fb482263d7865a4a15a52e4a4be892393343c0c4318a930f770d6da32cba0 179.31MB / 214.42MB 4.5s
#6 sha256:e571554b15ee6f4301b3e1cf58735a1504380734dade095784e14197eea233f8 19.92MB / 23.70MB 4.5s
#6 sha256:e571554b15ee6f4301b3e1cf58735a1504380734dade095784e14197eea233f8 23.70MB / 23.70MB 4.6s
#6 sha256:afb14e2ec4f2c163c4859b8a8f6d6340e261b84ac5e1971632ce7235bc853ffa 294B / 294B 4.5s done
#6 sha256:239fb482263d7865a4a15a52e4a4be892393343c0c4318a930f770d6da32cba0 196.22MB / 214.42MB 4.8s
#6 sha256:239fb482263d7865a4a15a52e4a4be892393343c0c4318a930f770d6da32cba0 208.67MB / 214.42MB 5.0s
#6 sha256:e571554b15ee6f4301b3e1cf58735a1504380734dade095784e14197eea233f8 23.70MB / 23.70MB 5.0s done
#6 sha256:239fb482263d7865a4a15a52e4a4be892393343c0c4318a930f770d6da32cba0 214.42MB / 214.42MB 8.4s done
#6 extracting sha256:08224db8ce18b31a78a0a26d1b344d173528e50a7067797c9df4de5d8df353e2 5.4s
#6 extracting sha256:08224db8ce18b31a78a0a26d1b344d173528e50a7067797c9df4de5d8df353e2 8.4s done
#6 extracting sha256:abd3caf86f5b9d8f8e63437571297df5fa6d454140b9c1985c47d6ad526da824
#6 extracting sha256:abd3caf86f5b9d8f8e63437571297df5fa6d454140b9c1985c47d6ad526da824 1.3s done
#6 extracting sha256:71c316554a558d4aa95c0be17c01e4a0366d6026a98eeba53dca5baa6091e815
#6 extracting sha256:71c316554a558d4aa95c0be17c01e4a0366d6026a98eeba53dca5baa6091e815 0.9s done
#6 extracting sha256:721081de66bfc648ce19234c6333d6e031344f6ac90904476c9ec2dba2917e3a
#6 extracting sha256:721081de66bfc648ce19234c6333d6e031344f6ac90904476c9ec2dba2917e3a 5.0s
#6 extracting sha256:721081de66bfc648ce19234c6333d6e031344f6ac90904476c9ec2dba2917e3a 8.4s done
#6 extracting sha256:239fb482263d7865a4a15a52e4a4be892393343c0c4318a930f770d6da32cba0
#6 extracting sha256:239fb482263d7865a4a15a52e4a4be892393343c0c4318a930f770d6da32cba0 5.0s
#6 extracting sha256:239fb482263d7865a4a15a52e4a4be892393343c0c4318a930f770d6da32cba0 10.1s
#6 extracting sha256:239fb482263d7865a4a15a52e4a4be892393343c0c4318a930f770d6da32cba0 15.2s
#6 extracting sha256:239fb482263d7865a4a15a52e4a4be892393343c0c4318a930f770d6da32cba0 20.4s
#6 extracting sha256:239fb482263d7865a4a15a52e4a4be892393343c0c4318a930f770d6da32cba0 25.9s
#6 extracting sha256:239fb482263d7865a4a15a52e4a4be892393343c0c4318a930f770d6da32cba0 30.3s done
#6 extracting sha256:26d24e5f0efd7c5c58ddff4cfec92f90d66e3d2f0c622b21a130dc694690a7f5
#6 extracting sha256:26d24e5f0efd7c5c58ddff4cfec92f90d66e3d2f0c622b21a130dc694690a7f5 0.4s done
#6 extracting sha256:e571554b15ee6f4301b3e1cf58735a1504380734dade095784e14197eea233f8 0.1s
#6 extracting sha256:e571554b15ee6f4301b3e1cf58735a1504380734dade095784e14197eea233f8 4.6s done
#6 extracting sha256:b9d071769fad3fe402494f3f857d55eac842a2e4eeed9da83d567327087fc8e5
#6 extracting sha256:b9d071769fad3fe402494f3f857d55eac842a2e4eeed9da83d567327087fc8e5 0.7s done
#6 extracting sha256:afb14e2ec4f2c163c4859b8a8f6d6340e261b84ac5e1971632ce7235bc853ffa done
#6 DONE 65.5s

#7 [base 2/4] WORKDIR /app
#7 DONE 17.7s

#8 [base 3/4] COPY install_deps.sh /app
#8 DONE 0.4s

#9 [base 4/4] RUN chmod 0755 ./install_deps.sh && ./install_deps.sh
#9 1.511 + apt-get update
#9 1.707 Ign:1 http://security.debian.org/debian-security stretch/updates InRelease
#9 1.732 Ign:2 http://security.debian.org/debian-security stretch/updates Release
#9 1.734 Ign:3 http://deb.debian.org/debian stretch InRelease
#9 1.749 Ign:4 http://deb.debian.org/debian stretch-updates InRelease
#9 1.764 Ign:5 http://deb.debian.org/debian stretch Release
#9 1.779 Ign:6 http://deb.debian.org/debian stretch-updates Release
#9 1.913 Ign:7 http://security.debian.org/debian-security stretch/updates/main amd64 Packages
#9 1.923 Ign:8 http://security.debian.org/debian-security stretch/updates/main all Packages
#9 1.938 Ign:9 http://deb.debian.org/debian stretch/main amd64 Packages
#9 1.953 Ign:10 http://deb.debian.org/debian stretch/main all Packages
#9 2.092 Ign:7 http://security.debian.org/debian-security stretch/updates/main amd64 Packages
#9 2.103 Ign:8 http://security.debian.org/debian-security stretch/updates/main all Packages
#9 2.118 Ign:11 http://deb.debian.org/debian stretch-updates/main amd64 Packages
#9 2.133 Ign:12 http://deb.debian.org/debian stretch-updates/main all Packages
#9 2.275 Ign:7 http://security.debian.org/debian-security stretch/updates/main amd64 Packages
#9 2.288 Ign:8 http://security.debian.org/debian-security stretch/updates/main all Packages
#9 2.292 Ign:9 http://deb.debian.org/debian stretch/main amd64 Packages
#9 2.307 Ign:10 http://deb.debian.org/debian stretch/main all Packages
#9 2.458 Ign:7 http://security.debian.org/debian-security stretch/updates/main amd64 Packages
#9 2.471 Ign:8 http://security.debian.org/debian-security stretch/updates/main all Packages
#9 2.474 Ign:11 http://deb.debian.org/debian stretch-updates/main amd64 Packages
#9 2.489 Ign:12 http://deb.debian.org/debian stretch-updates/main all Packages
#9 2.641 Ign:7 http://security.debian.org/debian-security stretch/updates/main amd64 Packages
#9 2.654 Ign:8 http://security.debian.org/debian-security stretch/updates/main all Packages
#9 2.657 Ign:9 http://deb.debian.org/debian stretch/main amd64 Packages
#9 2.672 Ign:10 http://deb.debian.org/debian stretch/main all Packages
#9 2.824 Err:7 http://security.debian.org/debian-security stretch/updates/main amd64 Packages
#9 2.824   404  Not Found
#9 2.838 Ign:8 http://security.debian.org/debian-security stretch/updates/main all Packages
#9 2.839 Ign:11 http://deb.debian.org/debian stretch-updates/main amd64 Packages
#9 2.854 Ign:12 http://deb.debian.org/debian stretch-updates/main all Packages
#9 3.020 Ign:9 http://deb.debian.org/debian stretch/main amd64 Packages
#9 3.035 Ign:10 http://deb.debian.org/debian stretch/main all Packages
#9 3.194 Ign:11 http://deb.debian.org/debian stretch-updates/main amd64 Packages
#9 3.209 Ign:12 http://deb.debian.org/debian stretch-updates/main all Packages
#9 3.367 Ign:9 http://deb.debian.org/debian stretch/main amd64 Packages
#9 3.382 Ign:10 http://deb.debian.org/debian stretch/main all Packages
#9 3.553 Ign:11 http://deb.debian.org/debian stretch-updates/main amd64 Packages
#9 3.569 Ign:12 http://deb.debian.org/debian stretch-updates/main all Packages
#9 3.733 Err:9 http://deb.debian.org/debian stretch/main amd64 Packages
#9 3.733   404  Not Found
#9 3.756 Ign:10 http://deb.debian.org/debian stretch/main all Packages
#9 3.915 Err:11 http://deb.debian.org/debian stretch-updates/main amd64 Packages
#9 3.915   404  Not Found
#9 3.924 Ign:12 http://deb.debian.org/debian stretch-updates/main all Packages
#9 3.945 Reading package lists...
#9 4.013 W: The repository 'http://security.debian.org/debian-security stretch/updates Release' does not have a Release file.
#9 4.013 W: The repository 'http://deb.debian.org/debian stretch Release' does not have a Release file.
#9 4.013 W: The repository 'http://deb.debian.org/debian stretch-updates Release' does not have a Release file.
#9 4.013 E: Failed to fetch http://security.debian.org/debian-security/dists/stretch/updates/main/binary-amd64/Packages  404  Not Found
#9 4.013 E: Failed to fetch http://deb.debian.org/debian/dists/stretch/main/binary-amd64/Packages  404  Not Found
#9 4.013 E: Failed to fetch http://deb.debian.org/debian/dists/stretch-updates/main/binary-amd64/Packages  404  Not Found
#9 4.013 E: Some index files failed to download. They have been ignored, or old ones used instead.
#9 ERROR: process "/bin/sh -c chmod 0755 ./install_deps.sh && ./install_deps.sh" did not complete successfully: exit code: 100
------
 > [base 4/4] RUN chmod 0755 ./install_deps.sh && ./install_deps.sh:
3.915   404  Not Found
3.924 Ign:12 http://deb.debian.org/debian stretch-updates/main all Packages
3.945 Reading package lists...
4.013 W: The repository 'http://security.debian.org/debian-security stretch/updates Release' does not have a Release file.
4.013 W: The repository 'http://deb.debian.org/debian stretch Release' does not have a Release file.
4.013 W: The repository 'http://deb.debian.org/debian stretch-updates Release' does not have a Release file.
4.013 E: Failed to fetch http://security.debian.org/debian-security/dists/stretch/updates/main/binary-amd64/Packages  404  Not Found
4.013 E: Failed to fetch http://deb.debian.org/debian/dists/stretch/main/binary-amd64/Packages  404  Not Found
4.013 E: Failed to fetch http://deb.debian.org/debian/dists/stretch-updates/main/binary-amd64/Packages  404  Not Found
4.013 E: Some index files failed to download. They have been ignored, or old ones used instead.
------
Dockerfile:9
--------------------
   7 |     WORKDIR /app
   8 |     COPY install_deps.sh /app
   9 | >>> RUN chmod 0755 ./install_deps.sh && ./install_deps.sh
  10 |     
  11 |     FROM base as app
--------------------
ERROR: failed to solve: process "/bin/sh -c chmod 0755 ./install_deps.sh && ./install_deps.sh" did not complete successfully: exit code: 100
Duration: 1:31.48