#0 building with "default" instance using docker driver

#1 [internal] load build definition from Dockerfile
#1 transferring dockerfile:
#1 ...

#2 [internal] load .dockerignore
#2 transferring context: 2B done
#2 DONE 0.5s

#1 [internal] load build definition from Dockerfile
#1 transferring dockerfile: 1.03kB done
#1 DONE 0.6s

#3 [internal] load metadata for docker.io/library/ruby:2.6.4-stretch
#3 DONE 1.3s

#4 [internal] load build context
#4 DONE 0.0s

#5 [ 1/14] FROM docker.io/library/ruby:2.6.4-stretch@sha256:9a658e68603971b3d64e600c16139ceef9bc540c68ff15692826cc78323681d7
#5 resolve docker.io/library/ruby:2.6.4-stretch@sha256:9a658e68603971b3d64e600c16139ceef9bc540c68ff15692826cc78323681d7 0.1s done
#5 sha256:9a658e68603971b3d64e600c16139ceef9bc540c68ff15692826cc78323681d7 1.65kB / 1.65kB done
#5 sha256:8503464682051f47f48483f67ee4d4a853ca21858aeacbeb7f571b2be81616be 2.00kB / 2.00kB done
#5 sha256:f1bfdfd6539ce3d6a35ad529201aeb3af8cff77130cb37a0ade316669c6b5948 7.32kB / 7.32kB done
#5 sha256:4530c6472b5d2a08201c9cd65f43a788e526eb4fe498a4fbe5e4d5688535cd21 0B / 4.34MB 0.1s
#5 ...

#4 [internal] load build context
#4 transferring context: 13.70kB done
#4 DONE 0.4s

#5 [ 1/14] FROM docker.io/library/ruby:2.6.4-stretch@sha256:9a658e68603971b3d64e600c16139ceef9bc540c68ff15692826cc78323681d7
#5 sha256:4530c6472b5d2a08201c9cd65f43a788e526eb4fe498a4fbe5e4d5688535cd21 3.15MB / 4.34MB 0.3s
#5 sha256:ef599477fae0e7485cae7d038240cda6358b3af22c7eb4ea502c60771b68dcae 0B / 10.79MB 0.3s
#5 sha256:4530c6472b5d2a08201c9cd65f43a788e526eb4fe498a4fbe5e4d5688535cd21 4.34MB / 4.34MB 0.4s
#5 sha256:092586df92068bd6b59c497f379e48302aa1b27cf76b2de64d262ba7bc19e47b 2.10MB / 45.38MB 0.5s
#5 sha256:4530c6472b5d2a08201c9cd65f43a788e526eb4fe498a4fbe5e4d5688535cd21 4.34MB / 4.34MB 0.5s done
#5 sha256:ef599477fae0e7485cae7d038240cda6358b3af22c7eb4ea502c60771b68dcae 4.19MB / 10.79MB 0.6s
#5 sha256:092586df92068bd6b59c497f379e48302aa1b27cf76b2de64d262ba7bc19e47b 9.44MB / 45.38MB 0.6s
#5 sha256:ef599477fae0e7485cae7d038240cda6358b3af22c7eb4ea502c60771b68dcae 7.34MB / 10.79MB 0.7s
#5 sha256:092586df92068bd6b59c497f379e48302aa1b27cf76b2de64d262ba7bc19e47b 17.83MB / 45.38MB 0.7s
#5 sha256:d34d61487075d127bf6dd2906ea3abc50e0a3cd9aa2f230fc41b253b153a17ee 0B / 50.07MB 0.7s
#5 sha256:ef599477fae0e7485cae7d038240cda6358b3af22c7eb4ea502c60771b68dcae 10.79MB / 10.79MB 0.9s
#5 sha256:092586df92068bd6b59c497f379e48302aa1b27cf76b2de64d262ba7bc19e47b 27.26MB / 45.38MB 0.9s
#5 sha256:d34d61487075d127bf6dd2906ea3abc50e0a3cd9aa2f230fc41b253b153a17ee 4.19MB / 50.07MB 0.9s
#5 sha256:ef599477fae0e7485cae7d038240cda6358b3af22c7eb4ea502c60771b68dcae 10.79MB / 10.79MB 1.0s done
#5 sha256:092586df92068bd6b59c497f379e48302aa1b27cf76b2de64d262ba7bc19e47b 38.80MB / 45.38MB 1.1s
#5 sha256:d34d61487075d127bf6dd2906ea3abc50e0a3cd9aa2f230fc41b253b153a17ee 16.78MB / 50.07MB 1.1s
#5 sha256:87fc2710b63fcf6c0a5c876b1b37773d9e949cb4d66eeb06889ef84f7b5a5a93 0B / 214.83MB 1.1s
#5 sha256:092586df92068bd6b59c497f379e48302aa1b27cf76b2de64d262ba7bc19e47b 45.38MB / 45.38MB 1.3s
#5 sha256:d34d61487075d127bf6dd2906ea3abc50e0a3cd9aa2f230fc41b253b153a17ee 26.21MB / 50.07MB 1.3s
#5 sha256:d34d61487075d127bf6dd2906ea3abc50e0a3cd9aa2f230fc41b253b153a17ee 31.46MB / 50.07MB 1.4s
#5 sha256:87fc2710b63fcf6c0a5c876b1b37773d9e949cb4d66eeb06889ef84f7b5a5a93 11.53MB / 214.83MB 1.4s
#5 sha256:d34d61487075d127bf6dd2906ea3abc50e0a3cd9aa2f230fc41b253b153a17ee 36.70MB / 50.07MB 1.5s
#5 sha256:d34d61487075d127bf6dd2906ea3abc50e0a3cd9aa2f230fc41b253b153a17ee 47.19MB / 50.07MB 1.7s
#5 sha256:87fc2710b63fcf6c0a5c876b1b37773d9e949cb4d66eeb06889ef84f7b5a5a93 27.26MB / 214.83MB 1.7s
#5 sha256:d34d61487075d127bf6dd2906ea3abc50e0a3cd9aa2f230fc41b253b153a17ee 50.07MB / 50.07MB 1.9s
#5 sha256:87fc2710b63fcf6c0a5c876b1b37773d9e949cb4d66eeb06889ef84f7b5a5a93 41.94MB / 214.83MB 1.9s
#5 sha256:092586df92068bd6b59c497f379e48302aa1b27cf76b2de64d262ba7bc19e47b 45.38MB / 45.38MB 1.9s done
#5 extracting sha256:092586df92068bd6b59c497f379e48302aa1b27cf76b2de64d262ba7bc19e47b
#5 sha256:87fc2710b63fcf6c0a5c876b1b37773d9e949cb4d66eeb06889ef84f7b5a5a93 53.48MB / 214.83MB 2.2s
#5 sha256:87fc2710b63fcf6c0a5c876b1b37773d9e949cb4d66eeb06889ef84f7b5a5a93 66.06MB / 214.83MB 2.6s
#5 sha256:d34d61487075d127bf6dd2906ea3abc50e0a3cd9aa2f230fc41b253b153a17ee 50.07MB / 50.07MB 2.7s done
#5 sha256:f3a0acce7cc568e7ee8fa450ff3ef5949b30bb5cbca7815100e7e39ee9ba74d7 0B / 19.71MB 2.8s
#5 sha256:f3d2062d3b46979d875b8b9e71d82ece0c53868f24e5b83d3301e374ec542af1 0B / 205B 2.9s
#5 sha256:87fc2710b63fcf6c0a5c876b1b37773d9e949cb4d66eeb06889ef84f7b5a5a93 77.59MB / 214.83MB 3.0s
#5 sha256:f3a0acce7cc568e7ee8fa450ff3ef5949b30bb5cbca7815100e7e39ee9ba74d7 9.44MB / 19.71MB 3.2s
#5 sha256:f3d2062d3b46979d875b8b9e71d82ece0c53868f24e5b83d3301e374ec542af1 205B / 205B 3.0s done
#5 sha256:4e39f5ed89ef7f829ac27c7035e0fed2d881208de8f07f757843c9c8f87e54b0 0B / 148B 3.2s
#5 sha256:f3a0acce7cc568e7ee8fa450ff3ef5949b30bb5cbca7815100e7e39ee9ba74d7 14.68MB / 19.71MB 3.3s
#5 sha256:4e39f5ed89ef7f829ac27c7035e0fed2d881208de8f07f757843c9c8f87e54b0 148B / 148B 3.3s
#5 sha256:f3a0acce7cc568e7ee8fa450ff3ef5949b30bb5cbca7815100e7e39ee9ba74d7 19.71MB / 19.71MB 3.4s
#5 sha256:4e39f5ed89ef7f829ac27c7035e0fed2d881208de8f07f757843c9c8f87e54b0 148B / 148B 3.3s done
#5 sha256:87fc2710b63fcf6c0a5c876b1b37773d9e949cb4d66eeb06889ef84f7b5a5a93 92.27MB / 214.83MB 3.5s
#5 sha256:87fc2710b63fcf6c0a5c876b1b37773d9e949cb4d66eeb06889ef84f7b5a5a93 106.95MB / 214.83MB 3.8s
#5 sha256:f3a0acce7cc568e7ee8fa450ff3ef5949b30bb5cbca7815100e7e39ee9ba74d7 19.71MB / 19.71MB 3.7s done
#5 sha256:87fc2710b63fcf6c0a5c876b1b37773d9e949cb4d66eeb06889ef84f7b5a5a93 120.59MB / 214.83MB 4.0s
#5 sha256:87fc2710b63fcf6c0a5c876b1b37773d9e949cb4d66eeb06889ef84f7b5a5a93 145.09MB / 214.83MB 4.4s
#5 extracting sha256:092586df92068bd6b59c497f379e48302aa1b27cf76b2de64d262ba7bc19e47b 2.5s done
#5 sha256:87fc2710b63fcf6c0a5c876b1b37773d9e949cb4d66eeb06889ef84f7b5a5a93 164.63MB / 214.83MB 4.8s
#5 extracting sha256:ef599477fae0e7485cae7d038240cda6358b3af22c7eb4ea502c60771b68dcae 0.1s
#5 sha256:87fc2710b63fcf6c0a5c876b1b37773d9e949cb4d66eeb06889ef84f7b5a5a93 180.36MB / 214.83MB 5.3s
#5 sha256:87fc2710b63fcf6c0a5c876b1b37773d9e949cb4d66eeb06889ef84f7b5a5a93 193.99MB / 214.83MB 5.5s
#5 extracting sha256:ef599477fae0e7485cae7d038240cda6358b3af22c7eb4ea502c60771b68dcae 0.5s done
#5 extracting sha256:4530c6472b5d2a08201c9cd65f43a788e526eb4fe498a4fbe5e4d5688535cd21
#5 sha256:87fc2710b63fcf6c0a5c876b1b37773d9e949cb4d66eeb06889ef84f7b5a5a93 208.67MB / 214.83MB 5.8s
#5 extracting sha256:4530c6472b5d2a08201c9cd65f43a788e526eb4fe498a4fbe5e4d5688535cd21 0.2s done
#5 sha256:87fc2710b63fcf6c0a5c876b1b37773d9e949cb4d66eeb06889ef84f7b5a5a93 214.83MB / 214.83MB 9.1s done
#5 extracting sha256:d34d61487075d127bf6dd2906ea3abc50e0a3cd9aa2f230fc41b253b153a17ee
#5 extracting sha256:d34d61487075d127bf6dd2906ea3abc50e0a3cd9aa2f230fc41b253b153a17ee 3.1s done
#5 extracting sha256:87fc2710b63fcf6c0a5c876b1b37773d9e949cb4d66eeb06889ef84f7b5a5a93
#5 extracting sha256:87fc2710b63fcf6c0a5c876b1b37773d9e949cb4d66eeb06889ef84f7b5a5a93 5.0s
#5 extracting sha256:87fc2710b63fcf6c0a5c876b1b37773d9e949cb4d66eeb06889ef84f7b5a5a93 10.0s
#5 extracting sha256:87fc2710b63fcf6c0a5c876b1b37773d9e949cb4d66eeb06889ef84f7b5a5a93 13.4s done
#5 extracting sha256:f3d2062d3b46979d875b8b9e71d82ece0c53868f24e5b83d3301e374ec542af1
#5 extracting sha256:f3d2062d3b46979d875b8b9e71d82ece0c53868f24e5b83d3301e374ec542af1 done
#5 extracting sha256:f3a0acce7cc568e7ee8fa450ff3ef5949b30bb5cbca7815100e7e39ee9ba74d7
#5 extracting sha256:f3a0acce7cc568e7ee8fa450ff3ef5949b30bb5cbca7815100e7e39ee9ba74d7 0.8s done
#5 extracting sha256:4e39f5ed89ef7f829ac27c7035e0fed2d881208de8f07f757843c9c8f87e54b0
#5 extracting sha256:4e39f5ed89ef7f829ac27c7035e0fed2d881208de8f07f757843c9c8f87e54b0 done
#5 DONE 29.7s

#6 [ 2/14] RUN curl -sL https://deb.nodesource.com/setup_10.x | bash - && apt-get install -y nodejs
#6 0.654 
#6 0.654 ================================================================================
#6 0.654 ================================================================================
#6 0.654 
#6 0.654                               DEPRECATION WARNING                            
#6 0.654 
#6 0.654   Node.js 10.x is no longer actively supported!
#6 0.654 
#6 0.654   You will not receive security or critical stability updates for this version.
#6 0.654 
#6 0.654   You should migrate to a supported version of Node.js as soon as possible.
#6 0.654   Use the installation script that corresponds to the version of Node.js you
#6 0.654   wish to install. e.g.
#6 0.654 
#6 0.654    * https://deb.nodesource.com/setup_16.x — Node.js 16 "Gallium"
#6 0.654    * https://deb.nodesource.com/setup_18.x — Node.js 18 LTS "Hydrogen" (recommended)
#6 0.654    * https://deb.nodesource.com/setup_19.x — Node.js 19 "Nineteen"
#6 0.654    * https://deb.nodesource.com/setup_20.x — Node.js 20 "Iron" (current)
#6 0.654 
#6 0.654   Please see https://github.com/nodejs/Release for details about which
#6 0.654   version may be appropriate for you.
#6 0.654 
#6 0.654   The NodeSource Node.js distributions repository contains
#6 0.654   information both about supported versions of Node.js and supported Linux
#6 0.654   distributions. To learn more about usage, see the repository:
#6 0.654     https://github.com/nodesource/distributions
#6 0.654 
#6 0.654 ================================================================================
#6 0.654 ================================================================================
#6 0.654 
#6 0.654 Continuing in 20 seconds ...
#6 0.654 
#6 20.66 
#6 20.66 ================================================================================
#6 20.66 ▓▓▓▓▓▓▓▓▓▓▓▓▓▓▓▓▓▓▓▓▓▓▓▓▓▓▓▓▓▓▓▓▓▓▓▓▓▓▓▓▓▓▓▓▓▓▓▓▓▓▓▓▓▓▓▓▓▓▓▓▓▓▓▓▓▓▓▓▓▓▓▓▓▓▓▓▓▓▓▓
#6 20.66 ================================================================================
#6 20.66 
#6 20.66                            SCRIPT DEPRECATION WARNING                    
#6 20.66 
#6 20.66   
#6 20.66   This script, located at https://deb.nodesource.com/setup_X, used to
#6 20.66   install Node.js is deprecated now and will eventually be made inactive.
#6 20.66 
#6 20.66   Please visit the NodeSource distributions Github and follow the
#6 20.66   instructions to migrate your repo.
#6 20.66   https://github.com/nodesource/distributions
#6 20.66 
#6 20.66   The NodeSource Node.js Linux distributions GitHub repository contains
#6 20.66   information about which versions of Node.js and which Linux distributions
#6 20.66   are supported and how to install it.
#6 20.66   https://github.com/nodesource/distributions
#6 20.66 
#6 20.66 
#6 20.66                           SCRIPT DEPRECATION WARNING
#6 20.66 
#6 20.66 ================================================================================
#6 20.66 ▓▓▓▓▓▓▓▓▓▓▓▓▓▓▓▓▓▓▓▓▓▓▓▓▓▓▓▓▓▓▓▓▓▓▓▓▓▓▓▓▓▓▓▓▓▓▓▓▓▓▓▓▓▓▓▓▓▓▓▓▓▓▓▓▓▓▓▓▓▓▓▓▓▓▓▓▓▓▓▓
#6 20.66 ================================================================================
#6 20.66 
#6 20.66 TO AVOID THIS WAIT MIGRATE THE SCRIPT
#6 20.66 Continuing in 60 seconds (press Ctrl-C to abort) ...
#6 20.66 
#6 80.66 
#6 80.66 ## Installing the NodeSource Node.js 10.x repo...
#6 80.66 
#6 80.66 
#6 80.66 ## Populating apt-get cache...
#6 80.66 
#6 80.66 + apt-get update
#6 80.73 Ign:1 http://deb.debian.org/debian stretch InRelease
#6 80.76 Ign:2 http://deb.debian.org/debian stretch-updates InRelease
#6 80.79 Ign:3 http://deb.debian.org/debian stretch Release
#6 80.82 Ign:4 http://deb.debian.org/debian stretch-updates Release
#6 80.85 Ign:5 http://deb.debian.org/debian stretch/main amd64 Packages
#6 80.88 Ign:6 http://deb.debian.org/debian stretch/main all Packages
#6 80.90 Ign:7 http://security.debian.org/debian-security stretch/updates InRelease
#6 80.91 Ign:8 http://deb.debian.org/debian stretch-updates/main amd64 Packages
#6 80.93 Ign:9 http://deb.debian.org/debian stretch-updates/main all Packages
#6 80.95 Ign:5 http://deb.debian.org/debian stretch/main amd64 Packages
#6 80.97 Ign:6 http://deb.debian.org/debian stretch/main all Packages
#6 80.98 Ign:8 http://deb.debian.org/debian stretch-updates/main amd64 Packages
#6 81.00 Ign:9 http://deb.debian.org/debian stretch-updates/main all Packages
#6 81.03 Ign:5 http://deb.debian.org/debian stretch/main amd64 Packages
#6 81.05 Ign:6 http://deb.debian.org/debian stretch/main all Packages
#6 81.07 Ign:8 http://deb.debian.org/debian stretch-updates/main amd64 Packages
#6 81.08 Ign:10 http://security.debian.org/debian-security stretch/updates Release
#6 81.09 Ign:9 http://deb.debian.org/debian stretch-updates/main all Packages
#6 81.10 Ign:11 http://security.debian.org/debian-security stretch/updates/main all Packages
#6 81.11 Ign:5 http://deb.debian.org/debian stretch/main amd64 Packages
#6 81.12 Ign:12 http://security.debian.org/debian-security stretch/updates/main amd64 Packages
#6 81.13 Ign:6 http://deb.debian.org/debian stretch/main all Packages
#6 81.14 Ign:11 http://security.debian.org/debian-security stretch/updates/main all Packages
#6 81.16 Ign:8 http://deb.debian.org/debian stretch-updates/main amd64 Packages
#6 81.16 Ign:12 http://security.debian.org/debian-security stretch/updates/main amd64 Packages
#6 81.18 Ign:9 http://deb.debian.org/debian stretch-updates/main all Packages
#6 81.18 Ign:11 http://security.debian.org/debian-security stretch/updates/main all Packages
#6 81.20 Ign:5 http://deb.debian.org/debian stretch/main amd64 Packages
#6 81.21 Ign:12 http://security.debian.org/debian-security stretch/updates/main amd64 Packages
#6 81.22 Ign:6 http://deb.debian.org/debian stretch/main all Packages
#6 81.23 Ign:11 http://security.debian.org/debian-security stretch/updates/main all Packages
#6 81.24 Ign:8 http://deb.debian.org/debian stretch-updates/main amd64 Packages
#6 81.25 Ign:12 http://security.debian.org/debian-security stretch/updates/main amd64 Packages
#6 81.26 Ign:9 http://deb.debian.org/debian stretch-updates/main all Packages
#6 81.26 Ign:11 http://security.debian.org/debian-security stretch/updates/main all Packages
#6 81.27 Err:5 http://deb.debian.org/debian stretch/main amd64 Packages
#6 81.27   404  Not Found
#6 81.29 Ign:12 http://security.debian.org/debian-security stretch/updates/main amd64 Packages
#6 81.31 Ign:11 http://security.debian.org/debian-security stretch/updates/main all Packages
#6 81.31 Ign:6 http://deb.debian.org/debian stretch/main all Packages
#6 81.33 Err:12 http://security.debian.org/debian-security stretch/updates/main amd64 Packages
#6 81.33   404  Not Found
#6 81.33 Err:8 http://deb.debian.org/debian stretch-updates/main amd64 Packages
#6 81.33   404  Not Found
#6 81.35 Ign:9 http://deb.debian.org/debian stretch-updates/main all Packages
#6 81.36 Reading package lists...
#6 81.37 W: The repository 'http://deb.debian.org/debian stretch Release' does not have a Release file.
#6 81.37 W: The repository 'http://deb.debian.org/debian stretch-updates Release' does not have a Release file.
#6 81.37 W: The repository 'http://security.debian.org/debian-security stretch/updates Release' does not have a Release file.
#6 81.37 E: Failed to fetch http://deb.debian.org/debian/dists/stretch/main/binary-amd64/Packages  404  Not Found
#6 81.37 E: Failed to fetch http://deb.debian.org/debian/dists/stretch-updates/main/binary-amd64/Packages  404  Not Found
#6 81.37 E: Failed to fetch http://security.debian.org/debian-security/dists/stretch/updates/main/binary-amd64/Packages  404  Not Found
#6 81.37 E: Some index files failed to download. They have been ignored, or old ones used instead.
#6 81.37 Error executing command, exiting
#6 ERROR: process "/bin/sh -c curl -sL https://deb.nodesource.com/setup_10.x | bash - && apt-get install -y nodejs" did not complete successfully: exit code: 1
------
 > [ 2/14] RUN curl -sL https://deb.nodesource.com/setup_10.x | bash - && apt-get install -y nodejs:
81.35 Ign:9 http://deb.debian.org/debian stretch-updates/main all Packages
81.36 Reading package lists...
81.37 W: The repository 'http://deb.debian.org/debian stretch Release' does not have a Release file.
81.37 W: The repository 'http://deb.debian.org/debian stretch-updates Release' does not have a Release file.
81.37 W: The repository 'http://security.debian.org/debian-security stretch/updates Release' does not have a Release file.
81.37 E: Failed to fetch http://deb.debian.org/debian/dists/stretch/main/binary-amd64/Packages  404  Not Found
81.37 E: Failed to fetch http://deb.debian.org/debian/dists/stretch-updates/main/binary-amd64/Packages  404  Not Found
81.37 E: Failed to fetch http://security.debian.org/debian-security/dists/stretch/updates/main/binary-amd64/Packages  404  Not Found
81.37 E: Some index files failed to download. They have been ignored, or old ones used instead.
81.37 Error executing command, exiting
------
Dockerfile:8
--------------------
   6 |     # NodeJS and npm
   7 |     ## Heroku-16 uses node 10.14. This installs node 10.15
   8 | >>> RUN curl -sL https://deb.nodesource.com/setup_10.x | bash - && apt-get install -y nodejs
   9 |     
  10 |     #Postgresql client
--------------------
ERROR: failed to solve: process "/bin/sh -c curl -sL https://deb.nodesource.com/setup_10.x | bash - && apt-get install -y nodejs" did not complete successfully: exit code: 1
Duration: 1:53.60