#0 building with "default" instance using docker driver

#1 [internal] load build definition from Dockerfile
#1 transferring dockerfile:
#1 transferring dockerfile: 255B 0.1s done
#1 DONE 0.4s

#2 [internal] load .dockerignore
#2 transferring context: 2B done
#2 DONE 0.5s

#3 [internal] load metadata for docker.io/library/node:12.22.1-alpine3.11
#3 ...

#4 [auth] library/node:pull token for registry-1.docker.io
#4 DONE 0.0s

#3 [internal] load metadata for docker.io/library/node:12.22.1-alpine3.11
#3 DONE 1.5s

#5 [1/7] FROM docker.io/library/node:12.22.1-alpine3.11@sha256:93b71facf11d471ac035acfaf020ecc05297f6a401781cafceae1d0561704ba4
#5 resolve docker.io/library/node:12.22.1-alpine3.11@sha256:93b71facf11d471ac035acfaf020ecc05297f6a401781cafceae1d0561704ba4
#5 resolve docker.io/library/node:12.22.1-alpine3.11@sha256:93b71facf11d471ac035acfaf020ecc05297f6a401781cafceae1d0561704ba4 0.7s done
#5 sha256:93b71facf11d471ac035acfaf020ecc05297f6a401781cafceae1d0561704ba4 1.43kB / 1.43kB done
#5 sha256:5b8504e22687f25e22254d062558aa18d41d3331b64e771a6a0675e93d357e70 1.16kB / 1.16kB done
#5 sha256:ba59ff60c386d2dc77f7afc5f9211e410ce80e864415c1bafe0006ef76fece1c 6.53kB / 6.53kB done
#5 sha256:5c72c204eb2261d221bcc8b34dbb4727d6a6625dc7dadf87425c3fa8fd8bbf36 0B / 2.24MB 0.7s
#5 sha256:5c72c204eb2261d221bcc8b34dbb4727d6a6625dc7dadf87425c3fa8fd8bbf36 2.24MB / 2.24MB 1.0s
#5 sha256:8a6a62f4b1f37fb03e07275438ef8fd27a421cd1b0790e57f7dbab0c6328f811 0B / 24.60MB 2.5s
#5 sha256:8a6a62f4b1f37fb03e07275438ef8fd27a421cd1b0790e57f7dbab0c6328f811 4.19MB / 24.60MB 3.0s
#5 sha256:33fce3bc6102e63645ad9b969467728efd17b0cdf8b083b1f505df5af73bd627 0B / 281B 3.0s
#5 sha256:8a6a62f4b1f37fb03e07275438ef8fd27a421cd1b0790e57f7dbab0c6328f811 10.49MB / 24.60MB 3.1s
#5 sha256:8a6a62f4b1f37fb03e07275438ef8fd27a421cd1b0790e57f7dbab0c6328f811 16.78MB / 24.60MB 3.2s
#5 sha256:8a6a62f4b1f37fb03e07275438ef8fd27a421cd1b0790e57f7dbab0c6328f811 19.92MB / 24.60MB 3.3s
#5 sha256:33fce3bc6102e63645ad9b969467728efd17b0cdf8b083b1f505df5af73bd627 281B / 281B 3.3s
#5 sha256:8a6a62f4b1f37fb03e07275438ef8fd27a421cd1b0790e57f7dbab0c6328f811 23.07MB / 24.60MB 3.4s
#5 sha256:8a6a62f4b1f37fb03e07275438ef8fd27a421cd1b0790e57f7dbab0c6328f811 24.60MB / 24.60MB 3.5s
#5 sha256:5c72c204eb2261d221bcc8b34dbb4727d6a6625dc7dadf87425c3fa8fd8bbf36 2.24MB / 2.24MB 3.5s done
#5 sha256:33fce3bc6102e63645ad9b969467728efd17b0cdf8b083b1f505df5af73bd627 281B / 281B 4.3s done
#5 ...

#6 [internal] load build context
#6 transferring context: 81.08MB 6.1s done
#6 DONE 6.4s

#5 [1/7] FROM docker.io/library/node:12.22.1-alpine3.11@sha256:93b71facf11d471ac035acfaf020ecc05297f6a401781cafceae1d0561704ba4
#5 sha256:8a6a62f4b1f37fb03e07275438ef8fd27a421cd1b0790e57f7dbab0c6328f811 24.60MB / 24.60MB 5.0s done
#5 extracting sha256:8a6a62f4b1f37fb03e07275438ef8fd27a421cd1b0790e57f7dbab0c6328f811
#5 extracting sha256:8a6a62f4b1f37fb03e07275438ef8fd27a421cd1b0790e57f7dbab0c6328f811 1.9s done
#5 extracting sha256:5c72c204eb2261d221bcc8b34dbb4727d6a6625dc7dadf87425c3fa8fd8bbf36
#5 extracting sha256:5c72c204eb2261d221bcc8b34dbb4727d6a6625dc7dadf87425c3fa8fd8bbf36 0.2s done
#5 extracting sha256:33fce3bc6102e63645ad9b969467728efd17b0cdf8b083b1f505df5af73bd627
#5 extracting sha256:33fce3bc6102e63645ad9b969467728efd17b0cdf8b083b1f505df5af73bd627 done
#5 DONE 10.7s

#7 [2/7] WORKDIR /root
#7 DONE 3.3s

#8 [3/7] RUN apk add git python2 py-pip
#8 0.547 fetch http://dl-cdn.alpinelinux.org/alpine/v3.11/main/x86_64/APKINDEX.tar.gz
#8 1.712 fetch http://dl-cdn.alpinelinux.org/alpine/v3.11/community/x86_64/APKINDEX.tar.gz
#8 2.320 (1/16) Installing ca-certificates (20191127-r2)
#8 2.546 (2/16) Installing nghttp2-libs (1.40.0-r1)
#8 2.808 (3/16) Installing libcurl (7.79.1-r0)
#8 3.104 (4/16) Installing expat (2.2.9-r1)
#8 3.334 (5/16) Installing pcre2 (10.34-r1)
#8 3.574 (6/16) Installing git (2.24.4-r0)
#8 4.029 (7/16) Installing libbz2 (1.0.8-r1)
#8 4.253 (8/16) Installing libffi (3.2.1-r6)
#8 4.462 (9/16) Installing gdbm (1.13-r1)
#8 4.699 (10/16) Installing ncurses-terminfo-base (6.1_p20200118-r4)
#8 4.941 (11/16) Installing ncurses-libs (6.1_p20200118-r4)
#8 5.181 (12/16) Installing readline (8.0.1-r0)
#8 5.395 (13/16) Installing sqlite-libs (3.30.1-r2)
#8 5.693 (14/16) Installing python2 (2.7.18-r0)
#8 6.402 (15/16) Installing py-setuptools (42.0.2-r0)
#8 7.121 (16/16) Installing py2-pip (18.1-r0)
#8 8.248 Executing busybox-1.31.1-r10.trigger
#8 8.253 Executing ca-certificates-20191127-r2.trigger
#8 8.300 OK: 76 MiB in 32 packages
#8 DONE 9.8s

#9 [4/7] COPY ./package.json ./
#9 DONE 0.4s

#10 [5/7] RUN pip install mkdocs==0.17.5
#10 2.019 Collecting mkdocs==0.17.5
#10 2.268   Downloading https://files.pythonhosted.org/packages/f9/49/cf13bb1e0d079624ce145bbe80e7a11a7cd7ace16149c3f28a43c8a72a43/mkdocs-0.17.5-py2.py3-none-any.whl (1.2MB)
#10 2.429 Collecting tornado<5.0,>=4.1 (from mkdocs==0.17.5)
#10 2.699   Downloading https://files.pythonhosted.org/packages/e3/7b/e29ab3d51c8df66922fea216e2bddfcb6430fb29620e5165b16a216e0d3c/tornado-4.5.3.tar.gz (484kB)
#10 3.207 Collecting Markdown>=2.3.1 (from mkdocs==0.17.5)
#10 3.368   Downloading https://files.pythonhosted.org/packages/c0/4e/fd492e91abdc2d2fcb70ef453064d980688762079397f779758e055f6575/Markdown-3.1.1-py2.py3-none-any.whl (87kB)
#10 3.401 Collecting click>=3.3 (from mkdocs==0.17.5)
#10 3.506   Downloading https://files.pythonhosted.org/packages/d2/3d/fa76db83bf75c4f8d338c2fd15c8d33fdd7ad23a9b5e57eb6c5de26b430e/click-7.1.2-py2.py3-none-any.whl (82kB)
#10 3.532 Collecting Jinja2>=2.7.1 (from mkdocs==0.17.5)
#10 3.607   Downloading https://files.pythonhosted.org/packages/7e/c2/1eece8c95ddbc9b1aeb64f5783a9e07a286de42191b7204d67b7496ddf35/Jinja2-2.11.3-py2.py3-none-any.whl (125kB)
#10 3.639 Collecting PyYAML>=3.10 (from mkdocs==0.17.5)
#10 3.929   Downloading https://files.pythonhosted.org/packages/a0/a4/d63f2d7597e1a4b55aa3b4d6c5b029991d3b824b5bd331af8d4ab1ed687d/PyYAML-5.4.1.tar.gz (175kB)
#10 4.195   Installing build dependencies: started
#10 9.400   Installing build dependencies: finished with status 'done'
#10 9.750     Complete output from command python setup.py egg_info:
#10 9.750     running egg_info
#10 9.750     creating pip-egg-info/PyYAML.egg-info
#10 9.750     writing pip-egg-info/PyYAML.egg-info/PKG-INFO
#10 9.750     writing top-level names to pip-egg-info/PyYAML.egg-info/top_level.txt
#10 9.750     writing dependency_links to pip-egg-info/PyYAML.egg-info/dependency_links.txt
#10 9.750     writing manifest file 'pip-egg-info/PyYAML.egg-info/SOURCES.txt'
#10 9.750     Traceback (most recent call last):
#10 9.750       File "<string>", line 1, in <module>
#10 9.750       File "/tmp/pip-install-WK8Qi9/PyYAML/setup.py", line 295, in <module>
#10 9.750         python_requires='>=2.7, !=3.0.*, !=3.1.*, !=3.2.*, !=3.3.*, !=3.4.*, !=3.5.*',
#10 9.750       File "/tmp/pip-build-env-0bmgoa/lib/python2.7/site-packages/setuptools/__init__.py", line 162, in setup
#10 9.750         return distutils.core.setup(**attrs)
#10 9.750       File "/usr/lib/python2.7/distutils/core.py", line 151, in setup
#10 9.750         dist.run_commands()
#10 9.750       File "/usr/lib/python2.7/distutils/dist.py", line 953, in run_commands
#10 9.750         self.run_command(cmd)
#10 9.750       File "/usr/lib/python2.7/distutils/dist.py", line 972, in run_command
#10 9.750         cmd_obj.run()
#10 9.750       File "/tmp/pip-build-env-0bmgoa/lib/python2.7/site-packages/setuptools/command/egg_info.py", line 296, in run
#10 9.750         self.find_sources()
#10 9.750       File "/tmp/pip-build-env-0bmgoa/lib/python2.7/site-packages/setuptools/command/egg_info.py", line 303, in find_sources
#10 9.750         mm.run()
#10 9.750       File "/tmp/pip-build-env-0bmgoa/lib/python2.7/site-packages/setuptools/command/egg_info.py", line 534, in run
#10 9.750         self.add_defaults()
#10 9.750       File "/tmp/pip-build-env-0bmgoa/lib/python2.7/site-packages/setuptools/command/egg_info.py", line 570, in add_defaults
#10 9.750         sdist.add_defaults(self)
#10 9.750       File "/tmp/pip-build-env-0bmgoa/lib/python2.7/site-packages/setuptools/command/py36compat.py", line 36, in add_defaults
#10 9.750         self._add_defaults_ext()
#10 9.750       File "/tmp/pip-build-env-0bmgoa/lib/python2.7/site-packages/setuptools/command/py36compat.py", line 120, in _add_defaults_ext
#10 9.750         self.filelist.extend(build_ext.get_source_files())
#10 9.750       File "/tmp/pip-install-WK8Qi9/PyYAML/setup.py", line 201, in get_source_files
#10 9.750         self.cython_sources(ext.sources, ext)
#10 9.750       File "/usr/lib/python2.7/distutils/cmd.py", line 105, in __getattr__
#10 9.750         raise AttributeError, attr
#10 9.750     AttributeError: cython_sources
#10 9.750     
#10 9.750     ----------------------------------------
#10 9.854 Command "python setup.py egg_info" failed with error code 1 in /tmp/pip-install-WK8Qi9/PyYAML/
#10 ERROR: process "/bin/sh -c pip install mkdocs==0.17.5" did not complete successfully: exit code: 1
------
 > [5/7] RUN pip install mkdocs==0.17.5:
9.750       File "/tmp/pip-build-env-0bmgoa/lib/python2.7/site-packages/setuptools/command/py36compat.py", line 120, in _add_defaults_ext
9.750         self.filelist.extend(build_ext.get_source_files())
9.750       File "/tmp/pip-install-WK8Qi9/PyYAML/setup.py", line 201, in get_source_files
9.750         self.cython_sources(ext.sources, ext)
9.750       File "/usr/lib/python2.7/distutils/cmd.py", line 105, in __getattr__
9.750         raise AttributeError, attr
9.750     AttributeError: cython_sources
9.750     
9.750     ----------------------------------------
9.854 Command "python setup.py egg_info" failed with error code 1 in /tmp/pip-install-WK8Qi9/PyYAML/
------
Dockerfile:5
--------------------
   3 |     RUN apk add git python2 py-pip
   4 |     COPY ./package.json ./
   5 | >>> RUN pip install mkdocs==0.17.5
   6 |     RUN npm install
   7 |     VOLUME docs/ ./docs/
--------------------
ERROR: failed to solve: process "/bin/sh -c pip install mkdocs==0.17.5" did not complete successfully: exit code: 1
Duration: 0:37.27