#0 building with "default" instance using docker driver

#1 [internal] load .dockerignore
#1 transferring context:
#1 transferring context: 2B done
#1 DONE 0.5s

#2 [internal] load build definition from Dockerfile
#2 transferring dockerfile: 292B done
#2 DONE 0.6s

#3 [internal] load metadata for docker.io/library/ruby:2.5.3
#3 ...

#4 [auth] library/ruby:pull token for registry-1.docker.io
#4 DONE 0.0s

#3 [internal] load metadata for docker.io/library/ruby:2.5.3
#3 DONE 1.6s

#5 [1/8] FROM docker.io/library/ruby:2.5.3@sha256:ae790cc668ca4dd837399a801fbb235d22769ad3e899f8e1b409490d011ff2ba
#5 resolve docker.io/library/ruby:2.5.3@sha256:ae790cc668ca4dd837399a801fbb235d22769ad3e899f8e1b409490d011ff2ba
#5 resolve docker.io/library/ruby:2.5.3@sha256:ae790cc668ca4dd837399a801fbb235d22769ad3e899f8e1b409490d011ff2ba 0.3s done
#5 sha256:72aaaee1eea45d10c47f943f92fc50de3f8f4744a6d60024c04d235ccfb01ce5 7.49kB / 7.49kB done
#5 sha256:ae790cc668ca4dd837399a801fbb235d22769ad3e899f8e1b409490d011ff2ba 2.37kB / 2.37kB done
#5 sha256:0a2d299bfe170bd1cb61e93205a801ae9583ba547dcff31b91b5436f53a1e539 2.00kB / 2.00kB done
#5 ...

#6 [internal] load build context
#6 transferring context: 10.46MB 0.2s done
#6 DONE 0.6s

#5 [1/8] FROM docker.io/library/ruby:2.5.3@sha256:ae790cc668ca4dd837399a801fbb235d22769ad3e899f8e1b409490d011ff2ba
#5 sha256:22dbe790f71562dfd3d49406b1dfd1e85e50f3dd7cb2e97b3918376ca39cae4e 0B / 45.34MB 0.3s
#5 sha256:0250231711a047a6e54e7107d7a3bfb0afd807f5f408d00be0d407c5b8395219 0B / 10.78MB 0.3s
#5 sha256:22dbe790f71562dfd3d49406b1dfd1e85e50f3dd7cb2e97b3918376ca39cae4e 6.29MB / 45.34MB 0.5s
#5 sha256:0250231711a047a6e54e7107d7a3bfb0afd807f5f408d00be0d407c5b8395219 7.34MB / 10.78MB 0.5s
#5 sha256:6fba9447437b5ee1da9b33b2e2d18add55a33d0b763075202e17cad7efd3ff8f 0B / 4.34MB 0.5s
#5 sha256:22dbe790f71562dfd3d49406b1dfd1e85e50f3dd7cb2e97b3918376ca39cae4e 18.87MB / 45.34MB 0.7s
#5 sha256:0250231711a047a6e54e7107d7a3bfb0afd807f5f408d00be0d407c5b8395219 10.78MB / 10.78MB 0.7s
#5 sha256:6fba9447437b5ee1da9b33b2e2d18add55a33d0b763075202e17cad7efd3ff8f 1.05MB / 4.34MB 0.7s
#5 sha256:22dbe790f71562dfd3d49406b1dfd1e85e50f3dd7cb2e97b3918376ca39cae4e 23.07MB / 45.34MB 0.9s
#5 sha256:0250231711a047a6e54e7107d7a3bfb0afd807f5f408d00be0d407c5b8395219 10.78MB / 10.78MB 0.8s done
#5 sha256:6fba9447437b5ee1da9b33b2e2d18add55a33d0b763075202e17cad7efd3ff8f 4.34MB / 4.34MB 0.9s
#5 sha256:c2b4d327b352258a8208acc249d97d70cac3c5cda0cea4a08de4de3cb406d8e5 0B / 50.07MB 0.9s
#5 sha256:22dbe790f71562dfd3d49406b1dfd1e85e50f3dd7cb2e97b3918376ca39cae4e 30.41MB / 45.34MB 1.1s
#5 sha256:6fba9447437b5ee1da9b33b2e2d18add55a33d0b763075202e17cad7efd3ff8f 4.34MB / 4.34MB 1.0s done
#5 sha256:270e1baa52991965b3f6894a941b703500d5cc07550f9fcbd9b2fc0d86103389 0B / 215.05MB 1.1s
#5 sha256:22dbe790f71562dfd3d49406b1dfd1e85e50f3dd7cb2e97b3918376ca39cae4e 37.75MB / 45.34MB 1.3s
#5 sha256:c2b4d327b352258a8208acc249d97d70cac3c5cda0cea4a08de4de3cb406d8e5 4.19MB / 50.07MB 1.3s
#5 sha256:22dbe790f71562dfd3d49406b1dfd1e85e50f3dd7cb2e97b3918376ca39cae4e 40.89MB / 45.34MB 1.4s
#5 sha256:270e1baa52991965b3f6894a941b703500d5cc07550f9fcbd9b2fc0d86103389 12.58MB / 215.05MB 1.4s
#5 sha256:22dbe790f71562dfd3d49406b1dfd1e85e50f3dd7cb2e97b3918376ca39cae4e 45.34MB / 45.34MB 1.6s
#5 sha256:c2b4d327b352258a8208acc249d97d70cac3c5cda0cea4a08de4de3cb406d8e5 9.44MB / 50.07MB 1.6s
#5 sha256:270e1baa52991965b3f6894a941b703500d5cc07550f9fcbd9b2fc0d86103389 25.17MB / 215.05MB 1.6s
#5 sha256:c2b4d327b352258a8208acc249d97d70cac3c5cda0cea4a08de4de3cb406d8e5 15.73MB / 50.07MB 1.8s
#5 sha256:270e1baa52991965b3f6894a941b703500d5cc07550f9fcbd9b2fc0d86103389 38.80MB / 215.05MB 1.8s
#5 sha256:c2b4d327b352258a8208acc249d97d70cac3c5cda0cea4a08de4de3cb406d8e5 19.92MB / 50.07MB 2.1s
#5 sha256:c2b4d327b352258a8208acc249d97d70cac3c5cda0cea4a08de4de3cb406d8e5 23.07MB / 50.07MB 2.2s
#5 sha256:270e1baa52991965b3f6894a941b703500d5cc07550f9fcbd9b2fc0d86103389 52.43MB / 215.05MB 2.2s
#5 sha256:22dbe790f71562dfd3d49406b1dfd1e85e50f3dd7cb2e97b3918376ca39cae4e 45.34MB / 45.34MB 2.3s done
#5 sha256:c2b4d327b352258a8208acc249d97d70cac3c5cda0cea4a08de4de3cb406d8e5 26.21MB / 50.07MB 2.3s
#5 extracting sha256:22dbe790f71562dfd3d49406b1dfd1e85e50f3dd7cb2e97b3918376ca39cae4e
#5 sha256:c2b4d327b352258a8208acc249d97d70cac3c5cda0cea4a08de4de3cb406d8e5 33.55MB / 50.07MB 2.5s
#5 sha256:01cbe6152974ee19f2ce3f0226420b805bdf0038b0b1339a4bfc979577e5582a 205B / 205B 2.5s done
#5 sha256:c2b4d327b352258a8208acc249d97d70cac3c5cda0cea4a08de4de3cb406d8e5 37.75MB / 50.07MB 2.6s
#5 sha256:270e1baa52991965b3f6894a941b703500d5cc07550f9fcbd9b2fc0d86103389 69.21MB / 215.05MB 2.6s
#5 sha256:4c07b7ee2381095e89ca13fff24f7b101c701d4dde0bbc0726c70183330bca44 0B / 20.91MB 2.6s
#5 sha256:c2b4d327b352258a8208acc249d97d70cac3c5cda0cea4a08de4de3cb406d8e5 40.89MB / 50.07MB 2.7s
#5 sha256:c2b4d327b352258a8208acc249d97d70cac3c5cda0cea4a08de4de3cb406d8e5 44.04MB / 50.07MB 2.8s
#5 sha256:4c07b7ee2381095e89ca13fff24f7b101c701d4dde0bbc0726c70183330bca44 1.05MB / 20.91MB 2.8s
#5 sha256:c2b4d327b352258a8208acc249d97d70cac3c5cda0cea4a08de4de3cb406d8e5 48.23MB / 50.07MB 2.9s
#5 sha256:270e1baa52991965b3f6894a941b703500d5cc07550f9fcbd9b2fc0d86103389 80.74MB / 215.05MB 2.9s
#5 sha256:4c07b7ee2381095e89ca13fff24f7b101c701d4dde0bbc0726c70183330bca44 4.43MB / 20.91MB 2.9s
#5 sha256:4c07b7ee2381095e89ca13fff24f7b101c701d4dde0bbc0726c70183330bca44 10.49MB / 20.91MB 3.0s
#5 sha256:4c07b7ee2381095e89ca13fff24f7b101c701d4dde0bbc0726c70183330bca44 14.68MB / 20.91MB 3.1s
#5 sha256:270e1baa52991965b3f6894a941b703500d5cc07550f9fcbd9b2fc0d86103389 92.27MB / 215.05MB 3.3s
#5 sha256:4c07b7ee2381095e89ca13fff24f7b101c701d4dde0bbc0726c70183330bca44 20.91MB / 20.91MB 3.3s
#5 sha256:270e1baa52991965b3f6894a941b703500d5cc07550f9fcbd9b2fc0d86103389 105.91MB / 215.05MB 3.8s
#5 sha256:c2b4d327b352258a8208acc249d97d70cac3c5cda0cea4a08de4de3cb406d8e5 50.07MB / 50.07MB 3.9s done
#5 sha256:270e1baa52991965b3f6894a941b703500d5cc07550f9fcbd9b2fc0d86103389 121.63MB / 215.05MB 4.1s
#5 sha256:270e1baa52991965b3f6894a941b703500d5cc07550f9fcbd9b2fc0d86103389 136.31MB / 215.05MB 4.3s
#5 sha256:4c07b7ee2381095e89ca13fff24f7b101c701d4dde0bbc0726c70183330bca44 20.91MB / 20.91MB 4.2s done
#5 sha256:0bb513165ae3cc84edf653acdd05e888e37d15f4eb4de897de89932f741cd42d 0B / 147B 4.4s
#5 sha256:270e1baa52991965b3f6894a941b703500d5cc07550f9fcbd9b2fc0d86103389 152.04MB / 215.05MB 4.5s
#5 sha256:0bb513165ae3cc84edf653acdd05e888e37d15f4eb4de897de89932f741cd42d 147B / 147B 4.5s done
#5 sha256:270e1baa52991965b3f6894a941b703500d5cc07550f9fcbd9b2fc0d86103389 165.68MB / 215.05MB 4.7s
#5 extracting sha256:22dbe790f71562dfd3d49406b1dfd1e85e50f3dd7cb2e97b3918376ca39cae4e 2.6s done
#5 sha256:270e1baa52991965b3f6894a941b703500d5cc07550f9fcbd9b2fc0d86103389 182.45MB / 215.05MB 5.1s
#5 sha256:270e1baa52991965b3f6894a941b703500d5cc07550f9fcbd9b2fc0d86103389 196.08MB / 215.05MB 5.3s
#5 extracting sha256:0250231711a047a6e54e7107d7a3bfb0afd807f5f408d00be0d407c5b8395219 0.1s
#5 sha256:270e1baa52991965b3f6894a941b703500d5cc07550f9fcbd9b2fc0d86103389 207.62MB / 215.05MB 5.5s
#5 extracting sha256:0250231711a047a6e54e7107d7a3bfb0afd807f5f408d00be0d407c5b8395219 0.5s done
#5 sha256:270e1baa52991965b3f6894a941b703500d5cc07550f9fcbd9b2fc0d86103389 215.05MB / 215.05MB 8.9s done
#5 extracting sha256:6fba9447437b5ee1da9b33b2e2d18add55a33d0b763075202e17cad7efd3ff8f
#5 extracting sha256:6fba9447437b5ee1da9b33b2e2d18add55a33d0b763075202e17cad7efd3ff8f 0.2s done
#5 extracting sha256:c2b4d327b352258a8208acc249d97d70cac3c5cda0cea4a08de4de3cb406d8e5
#5 extracting sha256:c2b4d327b352258a8208acc249d97d70cac3c5cda0cea4a08de4de3cb406d8e5 3.2s done
#5 extracting sha256:270e1baa52991965b3f6894a941b703500d5cc07550f9fcbd9b2fc0d86103389
#5 extracting sha256:270e1baa52991965b3f6894a941b703500d5cc07550f9fcbd9b2fc0d86103389 5.0s
#5 extracting sha256:270e1baa52991965b3f6894a941b703500d5cc07550f9fcbd9b2fc0d86103389 10.2s
#5 extracting sha256:270e1baa52991965b3f6894a941b703500d5cc07550f9fcbd9b2fc0d86103389 11.8s done
#5 extracting sha256:01cbe6152974ee19f2ce3f0226420b805bdf0038b0b1339a4bfc979577e5582a
#5 extracting sha256:01cbe6152974ee19f2ce3f0226420b805bdf0038b0b1339a4bfc979577e5582a done
#5 extracting sha256:4c07b7ee2381095e89ca13fff24f7b101c701d4dde0bbc0726c70183330bca44
#5 extracting sha256:4c07b7ee2381095e89ca13fff24f7b101c701d4dde0bbc0726c70183330bca44 3.6s done
#5 extracting sha256:0bb513165ae3cc84edf653acdd05e888e37d15f4eb4de897de89932f741cd42d
#5 extracting sha256:0bb513165ae3cc84edf653acdd05e888e37d15f4eb4de897de89932f741cd42d done
#5 DONE 31.7s

#7 [2/8] RUN apt-get update -qq && apt-get install -y build-essential libpq-dev nodejs libssl-dev
#7 3.079 W: The repository 'http://security.debian.org/debian-security stretch/updates Release' does not have a Release file.
#7 3.079 W: The repository 'http://deb.debian.org/debian stretch Release' does not have a Release file.
#7 3.079 W: The repository 'http://deb.debian.org/debian stretch-updates Release' does not have a Release file.
#7 3.079 E: Failed to fetch http://security.debian.org/debian-security/dists/stretch/updates/main/binary-amd64/Packages  404  Not Found
#7 3.079 E: Failed to fetch http://deb.debian.org/debian/dists/stretch/main/binary-amd64/Packages  404  Not Found
#7 3.079 E: Failed to fetch http://deb.debian.org/debian/dists/stretch-updates/main/binary-amd64/Packages  404  Not Found
#7 3.079 E: Some index files failed to download. They have been ignored, or old ones used instead.
#7 ERROR: process "/bin/sh -c apt-get update -qq && apt-get install -y build-essential libpq-dev nodejs libssl-dev" did not complete successfully: exit code: 100
------
 > [2/8] RUN apt-get update -qq && apt-get install -y build-essential libpq-dev nodejs libssl-dev:
3.079 W: The repository 'http://security.debian.org/debian-security stretch/updates Release' does not have a Release file.
3.079 W: The repository 'http://deb.debian.org/debian stretch Release' does not have a Release file.
3.079 W: The repository 'http://deb.debian.org/debian stretch-updates Release' does not have a Release file.
3.079 E: Failed to fetch http://security.debian.org/debian-security/dists/stretch/updates/main/binary-amd64/Packages  404  Not Found
3.079 E: Failed to fetch http://deb.debian.org/debian/dists/stretch/main/binary-amd64/Packages  404  Not Found
3.079 E: Failed to fetch http://deb.debian.org/debian/dists/stretch-updates/main/binary-amd64/Packages  404  Not Found
3.079 E: Some index files failed to download. They have been ignored, or old ones used instead.
------
Dockerfile:3
--------------------
   1 |     FROM ruby:2.5.3
   2 |     
   3 | >>> RUN apt-get update -qq && apt-get install -y build-essential libpq-dev nodejs libssl-dev
   4 |     
   5 |     RUN mkdir /joatu
--------------------
ERROR: failed to solve: process "/bin/sh -c apt-get update -qq && apt-get install -y build-essential libpq-dev nodejs libssl-dev" did not complete successfully: exit code: 100
Duration: 1:1.86