#0 building with "default" instance using docker driver

#1 [internal] load build definition from v3_Dockerfile
#1 transferring dockerfile:
#1 transferring dockerfile: 1.00kB done
#1 DONE 0.3s

#2 [internal] load .dockerignore
#2 transferring context: 124B done
#2 DONE 0.4s

#3 [internal] load metadata for docker.io/library/alpine:3.16.0
#3 DONE 1.1s

#4 [internal] load build context
#4 DONE 0.0s

#5 [ 1/10] FROM docker.io/library/alpine:3.16.0@sha256:686d8c9dfa6f3ccfc8230bc3178d23f84eeaf7e457f36f271ab1acc53015037c
#5 resolve docker.io/library/alpine:3.16.0@sha256:686d8c9dfa6f3ccfc8230bc3178d23f84eeaf7e457f36f271ab1acc53015037c
#5 resolve docker.io/library/alpine:3.16.0@sha256:686d8c9dfa6f3ccfc8230bc3178d23f84eeaf7e457f36f271ab1acc53015037c 0.2s done
#5 sha256:4ff3ca91275773af45cb4b0834e12b7eb47d1c18f770a0b151381cd227f4c253 528B / 528B done
#5 sha256:e66264b98777e12192600bf9b4d663655c98a090072e1bab49e233d7531d1294 1.47kB / 1.47kB done
#5 sha256:686d8c9dfa6f3ccfc8230bc3178d23f84eeaf7e457f36f271ab1acc53015037c 1.64kB / 1.64kB done
#5 ...

#4 [internal] load build context
#4 transferring context: 369.26kB 0.0s done
#4 DONE 0.3s

#5 [ 1/10] FROM docker.io/library/alpine:3.16.0@sha256:686d8c9dfa6f3ccfc8230bc3178d23f84eeaf7e457f36f271ab1acc53015037c
#5 sha256:2408cc74d12b6cd092bb8b516ba7d5e290f485d3eb9672efc00f0583730179e8 2.80MB / 2.80MB 0.3s
#5 sha256:2408cc74d12b6cd092bb8b516ba7d5e290f485d3eb9672efc00f0583730179e8 2.80MB / 2.80MB 0.3s done
#5 extracting sha256:2408cc74d12b6cd092bb8b516ba7d5e290f485d3eb9672efc00f0583730179e8
#5 extracting sha256:2408cc74d12b6cd092bb8b516ba7d5e290f485d3eb9672efc00f0583730179e8 0.2s done
#5 DONE 1.2s

#6 [ 2/10] WORKDIR /usr/src/app
#6 DONE 0.4s

#7 [ 3/10] COPY Gemfile /usr/src/app/
#7 DONE 0.3s

#8 [ 4/10] COPY Gemfile.lock /usr/src/app/
#8 DONE 0.4s

#9 [ 5/10] COPY VERSION /usr/src/app/
#9 DONE 0.3s

#10 [ 6/10] COPY codeclimate.gemspec /usr/src/app/
#10 DONE 0.3s

#11 [ 7/10] RUN apk --no-cache upgrade &&       apk --no-cache --update add       build-base       ca-certificates       git       openssh-client       openssl       ruby=3.1.3-r0       ruby-bigdecimal       ruby-bundler       ruby-dev       wget &&       gem install bundler -v 2.3.16 &&       bundle install -j 4 &&       apk del build-base &&       rm -fr /usr/share/ri
#11 0.546 fetch https://dl-cdn.alpinelinux.org/alpine/v3.16/main/x86_64/APKINDEX.tar.gz
#11 0.776 fetch https://dl-cdn.alpinelinux.org/alpine/v3.16/community/x86_64/APKINDEX.tar.gz
#11 1.283 (1/10) Upgrading alpine-baselayout-data (3.2.0-r20 -> 3.2.0-r23)
#11 1.288 (2/10) Upgrading musl (1.2.3-r0 -> 1.2.3-r3)
#11 1.300 (3/10) Upgrading busybox (1.35.0-r13 -> 1.35.0-r18)
#11 1.328 Executing busybox-1.35.0-r18.post-upgrade
#11 1.341 (4/10) Upgrading alpine-baselayout (3.2.0-r20 -> 3.2.0-r23)
#11 1.345 Executing alpine-baselayout-3.2.0-r23.pre-upgrade
#11 1.351 Executing alpine-baselayout-3.2.0-r23.post-upgrade
#11 1.379 (5/10) Upgrading ca-certificates-bundle (20211220-r0 -> 20240226-r0)
#11 1.386 (6/10) Upgrading libcrypto1.1 (1.1.1o-r0 -> 1.1.1w-r1)
#11 1.427 (7/10) Upgrading libssl1.1 (1.1.1o-r0 -> 1.1.1w-r1)
#11 1.436 (8/10) Upgrading ssl_client (1.35.0-r13 -> 1.35.0-r18)
#11 1.439 (9/10) Upgrading zlib (1.2.12-r1 -> 1.2.12-r3)
#11 1.452 (10/10) Upgrading musl-utils (1.2.3-r0 -> 1.2.3-r3)
#11 1.457 Executing busybox-1.35.0-r18.trigger
#11 1.462 OK: 6 MiB in 14 packages
#11 1.506 fetch https://dl-cdn.alpinelinux.org/alpine/v3.16/main/x86_64/APKINDEX.tar.gz
#11 1.658 fetch https://dl-cdn.alpinelinux.org/alpine/v3.16/community/x86_64/APKINDEX.tar.gz
#11 1.896 ERROR: unable to select packages:
#11 1.931   ruby-3.1.5-r0:
#11 1.931     breaks: world[ruby=3.1.3-r0]
#11 1.931     satisfies: world[ruby-bigdecimal]
#11 1.931                ruby-rdoc-3.1.5-r0[ruby]
#11 1.931                ruby-bundler-2.3.14-r1[ruby]
#11 1.931                ruby-dev-3.1.5-r0[ruby=3.1.5-r0]
#11 ERROR: process "/bin/sh -c apk --no-cache upgrade &&       apk --no-cache --update add       build-base       ca-certificates       git       openssh-client       openssl       ruby=3.1.3-r0       ruby-bigdecimal       ruby-bundler       ruby-dev       wget &&       gem install bundler -v 2.3.16 &&       bundle install -j 4 &&       apk del build-base &&       rm -fr /usr/share/ri" did not complete successfully: exit code: 4
------
 > [ 7/10] RUN apk --no-cache upgrade &&       apk --no-cache --update add       build-base       ca-certificates       git       openssh-client       openssl       ruby=3.1.3-r0       ruby-bigdecimal       ruby-bundler       ruby-dev       wget &&       gem install bundler -v 2.3.16 &&       bundle install -j 4 &&       apk del build-base &&       rm -fr /usr/share/ri:
1.462 OK: 6 MiB in 14 packages
1.506 fetch https://dl-cdn.alpinelinux.org/alpine/v3.16/main/x86_64/APKINDEX.tar.gz
1.658 fetch https://dl-cdn.alpinelinux.org/alpine/v3.16/community/x86_64/APKINDEX.tar.gz
1.896 ERROR: unable to select packages:
1.931   ruby-3.1.5-r0:
1.931     breaks: world[ruby=3.1.3-r0]
1.931     satisfies: world[ruby-bigdecimal]
1.931                ruby-rdoc-3.1.5-r0[ruby]
1.931                ruby-bundler-2.3.14-r1[ruby]
1.931                ruby-dev-3.1.5-r0[ruby=3.1.5-r0]
------
v3_Dockerfile:10
--------------------
   9 |     
  10 | >>> RUN apk --no-cache upgrade && \
  11 | >>>       apk --no-cache --update add \
  12 | >>>       build-base \
  13 | >>>       ca-certificates \
  14 | >>>       git \
  15 | >>>       openssh-client \
  16 | >>>       openssl \
  17 | >>>       ruby=3.1.3-r0 \
  18 | >>>       ruby-bigdecimal \
  19 | >>>       ruby-bundler \
  20 | >>>       ruby-dev \
  21 | >>>       wget && \
  22 | >>>       gem install bundler -v 2.3.16 && \
  23 | >>>       bundle install -j 4 && \
  24 | >>>       apk del build-base && \
  25 | >>>       rm -fr /usr/share/ri
  26 |     
--------------------
ERROR: failed to solve: process "/bin/sh -c apk --no-cache upgrade &&       apk --no-cache --update add       build-base       ca-certificates       git       openssh-client       openssl       ruby=3.1.3-r0       ruby-bigdecimal       ruby-bundler       ruby-dev       wget &&       gem install bundler -v 2.3.16 &&       bundle install -j 4 &&       apk del build-base &&       rm -fr /usr/share/ri" did not complete successfully: exit code: 4
Duration: 0:7.11