#0 building with "default" instance using docker driver

#1 [internal] load .dockerignore
#1 ...

#2 [internal] load build definition from v1_Dockerfile
#2 transferring dockerfile: 421B done
#2 DONE 0.3s

#1 [internal] load .dockerignore
#1 transferring context: 2B done
#1 DONE 0.5s

#3 [internal] load metadata for docker.io/library/node:10-slim
#3 DONE 0.9s

#4 [internal] load build context
#4 DONE 0.0s

#5 [1/8] FROM docker.io/library/node:10-slim@sha256:88932859e3d022d79161b99628c4c2c50e836437455e2d1b1a008d98367b10d6
#5 resolve docker.io/library/node:10-slim@sha256:88932859e3d022d79161b99628c4c2c50e836437455e2d1b1a008d98367b10d6 0.1s done
#5 sha256:88932859e3d022d79161b99628c4c2c50e836437455e2d1b1a008d98367b10d6 776B / 776B done
#5 sha256:64c30c91d628d40eb8f772ee1477f78aff820e317e8afbc5160857ee804e4b70 1.37kB / 1.37kB done
#5 sha256:6fbcbbb5c6032ce4013d4c736ffe54e0764c36fa14315ae54cb51f244e813c52 7.09kB / 7.09kB done
#5 sha256:62deabe7a6db312ed773ccd640cd7cfbf51c22bf466886345684558f1036e358 0B / 22.53MB 0.1s
#5 ...

#4 [internal] load build context
#4 transferring context: 110.78kB done
#4 DONE 0.3s

#5 [1/8] FROM docker.io/library/node:10-slim@sha256:88932859e3d022d79161b99628c4c2c50e836437455e2d1b1a008d98367b10d6
#5 sha256:f698164f6049bead44aeb7590e88d3df323011c20f0cedbff3d86f62e4c9f184 0B / 4.17kB 0.2s
#5 sha256:62deabe7a6db312ed773ccd640cd7cfbf51c22bf466886345684558f1036e358 9.44MB / 22.53MB 0.4s
#5 sha256:f698164f6049bead44aeb7590e88d3df323011c20f0cedbff3d86f62e4c9f184 4.17kB / 4.17kB 0.4s done
#5 sha256:bc29352cb629712e7fbce7227a16b53308b541ef41e19122a04c15646756b176 0B / 21.91MB 0.4s
#5 sha256:85e84b4c858fae373ccdf48432de781210efb7fd75d9d801be9917577fe6ca09 0B / 2.93MB 0.4s
#5 sha256:62deabe7a6db312ed773ccd640cd7cfbf51c22bf466886345684558f1036e358 14.68MB / 22.53MB 0.6s
#5 sha256:bc29352cb629712e7fbce7227a16b53308b541ef41e19122a04c15646756b176 12.58MB / 21.91MB 0.6s
#5 sha256:85e84b4c858fae373ccdf48432de781210efb7fd75d9d801be9917577fe6ca09 1.05MB / 2.93MB 0.6s
#5 sha256:62deabe7a6db312ed773ccd640cd7cfbf51c22bf466886345684558f1036e358 22.53MB / 22.53MB 0.8s
#5 sha256:bc29352cb629712e7fbce7227a16b53308b541ef41e19122a04c15646756b176 21.91MB / 21.91MB 0.8s
#5 sha256:85e84b4c858fae373ccdf48432de781210efb7fd75d9d801be9917577fe6ca09 2.93MB / 2.93MB 0.7s done
#5 sha256:ac72e4359589952a2e38fbe10287d792cbb57f2ec3cd1eb730e9bab685ac9754 0B / 295B 0.8s
#5 sha256:ac72e4359589952a2e38fbe10287d792cbb57f2ec3cd1eb730e9bab685ac9754 295B / 295B 1.0s
#5 sha256:bc29352cb629712e7fbce7227a16b53308b541ef41e19122a04c15646756b176 21.91MB / 21.91MB 1.2s done
#5 sha256:62deabe7a6db312ed773ccd640cd7cfbf51c22bf466886345684558f1036e358 22.53MB / 22.53MB 1.5s done
#5 extracting sha256:62deabe7a6db312ed773ccd640cd7cfbf51c22bf466886345684558f1036e358
#5 sha256:ac72e4359589952a2e38fbe10287d792cbb57f2ec3cd1eb730e9bab685ac9754 295B / 295B 1.6s done
#5 extracting sha256:62deabe7a6db312ed773ccd640cd7cfbf51c22bf466886345684558f1036e358 1.5s done
#5 extracting sha256:f698164f6049bead44aeb7590e88d3df323011c20f0cedbff3d86f62e4c9f184
#5 extracting sha256:f698164f6049bead44aeb7590e88d3df323011c20f0cedbff3d86f62e4c9f184 0.1s done
#5 extracting sha256:bc29352cb629712e7fbce7227a16b53308b541ef41e19122a04c15646756b176
#5 extracting sha256:bc29352cb629712e7fbce7227a16b53308b541ef41e19122a04c15646756b176 1.7s done
#5 extracting sha256:85e84b4c858fae373ccdf48432de781210efb7fd75d9d801be9917577fe6ca09
#5 extracting sha256:85e84b4c858fae373ccdf48432de781210efb7fd75d9d801be9917577fe6ca09 0.2s done
#5 extracting sha256:ac72e4359589952a2e38fbe10287d792cbb57f2ec3cd1eb730e9bab685ac9754
#5 extracting sha256:ac72e4359589952a2e38fbe10287d792cbb57f2ec3cd1eb730e9bab685ac9754 done
#5 DONE 7.3s

#6 [2/8] RUN apt-get update  && apt-get dist-upgrade -y  && rm -rf /var/lib/apt/lists/*  && mkdir -p /app/data
#6 0.460 Ign:1 http://security.debian.org/debian-security stretch/updates InRelease
#6 0.464 Ign:2 http://security.debian.org/debian-security stretch/updates Release
#6 0.467 Ign:3 http://security.debian.org/debian-security stretch/updates/main amd64 Packages
#6 0.470 Ign:4 http://security.debian.org/debian-security stretch/updates/main all Packages
#6 0.473 Ign:3 http://security.debian.org/debian-security stretch/updates/main amd64 Packages
#6 0.476 Ign:4 http://security.debian.org/debian-security stretch/updates/main all Packages
#6 0.476 Ign:5 http://deb.debian.org/debian stretch InRelease
#6 0.479 Ign:3 http://security.debian.org/debian-security stretch/updates/main amd64 Packages
#6 0.485 Ign:4 http://security.debian.org/debian-security stretch/updates/main all Packages
#6 0.489 Ign:6 http://deb.debian.org/debian stretch-updates InRelease
#6 0.490 Ign:3 http://security.debian.org/debian-security stretch/updates/main amd64 Packages
#6 0.497 Ign:4 http://security.debian.org/debian-security stretch/updates/main all Packages
#6 0.501 Ign:3 http://security.debian.org/debian-security stretch/updates/main amd64 Packages
#6 0.504 Ign:7 http://deb.debian.org/debian stretch Release
#6 0.506 Ign:4 http://security.debian.org/debian-security stretch/updates/main all Packages
#6 0.509 Err:3 http://security.debian.org/debian-security stretch/updates/main amd64 Packages
#6 0.509   404  Not Found [IP: 151.101.194.132 80]
#6 0.511 Ign:4 http://security.debian.org/debian-security stretch/updates/main all Packages
#6 0.514 Ign:8 http://deb.debian.org/debian stretch-updates Release
#6 0.526 Ign:9 http://deb.debian.org/debian stretch/main all Packages
#6 0.536 Ign:10 http://deb.debian.org/debian stretch/main amd64 Packages
#6 0.548 Ign:11 http://deb.debian.org/debian stretch-updates/main amd64 Packages
#6 0.561 Ign:12 http://deb.debian.org/debian stretch-updates/main all Packages
#6 0.572 Ign:9 http://deb.debian.org/debian stretch/main all Packages
#6 0.581 Ign:10 http://deb.debian.org/debian stretch/main amd64 Packages
#6 0.592 Ign:11 http://deb.debian.org/debian stretch-updates/main amd64 Packages
#6 0.603 Ign:12 http://deb.debian.org/debian stretch-updates/main all Packages
#6 0.613 Ign:9 http://deb.debian.org/debian stretch/main all Packages
#6 0.626 Ign:10 http://deb.debian.org/debian stretch/main amd64 Packages
#6 0.640 Ign:11 http://deb.debian.org/debian stretch-updates/main amd64 Packages
#6 0.650 Ign:12 http://deb.debian.org/debian stretch-updates/main all Packages
#6 0.660 Ign:9 http://deb.debian.org/debian stretch/main all Packages
#6 0.670 Ign:10 http://deb.debian.org/debian stretch/main amd64 Packages
#6 0.681 Ign:11 http://deb.debian.org/debian stretch-updates/main amd64 Packages
#6 0.690 Ign:12 http://deb.debian.org/debian stretch-updates/main all Packages
#6 0.701 Ign:9 http://deb.debian.org/debian stretch/main all Packages
#6 0.712 Ign:10 http://deb.debian.org/debian stretch/main amd64 Packages
#6 0.722 Ign:11 http://deb.debian.org/debian stretch-updates/main amd64 Packages
#6 0.732 Ign:12 http://deb.debian.org/debian stretch-updates/main all Packages
#6 0.743 Ign:9 http://deb.debian.org/debian stretch/main all Packages
#6 0.762 Err:10 http://deb.debian.org/debian stretch/main amd64 Packages
#6 0.762   404  Not Found
#6 0.771 Err:11 http://deb.debian.org/debian stretch-updates/main amd64 Packages
#6 0.771   404  Not Found
#6 0.782 Ign:12 http://deb.debian.org/debian stretch-updates/main all Packages
#6 0.786 Reading package lists...
#6 0.794 W: The repository 'http://security.debian.org/debian-security stretch/updates Release' does not have a Release file.
#6 0.794 W: The repository 'http://deb.debian.org/debian stretch Release' does not have a Release file.
#6 0.794 W: The repository 'http://deb.debian.org/debian stretch-updates Release' does not have a Release file.
#6 0.794 E: Failed to fetch http://security.debian.org/debian-security/dists/stretch/updates/main/binary-amd64/Packages  404  Not Found [IP: 151.101.194.132 80]
#6 0.794 E: Failed to fetch http://deb.debian.org/debian/dists/stretch/main/binary-amd64/Packages  404  Not Found
#6 0.794 E: Failed to fetch http://deb.debian.org/debian/dists/stretch-updates/main/binary-amd64/Packages  404  Not Found
#6 0.794 E: Some index files failed to download. They have been ignored, or old ones used instead.
#6 ERROR: process "/bin/sh -c apt-get update  && apt-get dist-upgrade -y  && rm -rf /var/lib/apt/lists/*  && mkdir -p /app/data" did not complete successfully: exit code: 100
------
 > [2/8] RUN apt-get update  && apt-get dist-upgrade -y  && rm -rf /var/lib/apt/lists/*  && mkdir -p /app/data:
0.771   404  Not Found
0.782 Ign:12 http://deb.debian.org/debian stretch-updates/main all Packages
0.786 Reading package lists...
0.794 W: The repository 'http://security.debian.org/debian-security stretch/updates Release' does not have a Release file.
0.794 W: The repository 'http://deb.debian.org/debian stretch Release' does not have a Release file.
0.794 W: The repository 'http://deb.debian.org/debian stretch-updates Release' does not have a Release file.
0.794 E: Failed to fetch http://security.debian.org/debian-security/dists/stretch/updates/main/binary-amd64/Packages  404  Not Found [IP: 151.101.194.132 80]
0.794 E: Failed to fetch http://deb.debian.org/debian/dists/stretch/main/binary-amd64/Packages  404  Not Found
0.794 E: Failed to fetch http://deb.debian.org/debian/dists/stretch-updates/main/binary-amd64/Packages  404  Not Found
0.794 E: Some index files failed to download. They have been ignored, or old ones used instead.
------
v1_Dockerfile:3
--------------------
   2 |     
   3 | >>> RUN apt-get update \
   4 | >>>  && apt-get dist-upgrade -y \
   5 | >>>  && rm -rf /var/lib/apt/lists/* \
   6 | >>>  && mkdir -p /app/data
   7 |     
--------------------
ERROR: failed to solve: process "/bin/sh -c apt-get update  && apt-get dist-upgrade -y  && rm -rf /var/lib/apt/lists/*  && mkdir -p /app/data" did not complete successfully: exit code: 100
Duration: 0:14.51