#0 building with "default" instance using docker driver

#1 [internal] load .dockerignore
#1 ...

#2 [internal] load build definition from v1_Dockerfile
#2 transferring dockerfile: 1.64kB done
#2 DONE 0.3s

#1 [internal] load .dockerignore
#1 transferring context: 57B done
#1 DONE 0.4s

#3 [internal] load metadata for docker.io/library/ubuntu:14.04
#3 ...

#4 [auth] library/ubuntu:pull token for registry-1.docker.io
#4 DONE 0.0s

#3 [internal] load metadata for docker.io/library/ubuntu:14.04
#3 DONE 1.5s

#5 [1/9] FROM docker.io/library/ubuntu:14.04@sha256:64483f3496c1373bfd55348e88694d1c4d0c9b660dee6bfef5e12f43b9933b30
#5 resolve docker.io/library/ubuntu:14.04@sha256:64483f3496c1373bfd55348e88694d1c4d0c9b660dee6bfef5e12f43b9933b30
#5 ...

#6 [internal] load build context
#6 transferring context: 41.98kB done
#6 DONE 0.3s

#5 [1/9] FROM docker.io/library/ubuntu:14.04@sha256:64483f3496c1373bfd55348e88694d1c4d0c9b660dee6bfef5e12f43b9933b30
#5 resolve docker.io/library/ubuntu:14.04@sha256:64483f3496c1373bfd55348e88694d1c4d0c9b660dee6bfef5e12f43b9933b30 0.3s done
#5 sha256:13b66b487594a1f2b75396013bc05d29d9f527852d96c5577cc4f187559875d0 3.31kB / 3.31kB done
#5 sha256:64483f3496c1373bfd55348e88694d1c4d0c9b660dee6bfef5e12f43b9933b30 1.20kB / 1.20kB done
#5 sha256:881afbae521c910f764f7187dbfbca3cc10c26f8bafa458c76dda009a901c29d 945B / 945B done
#5 sha256:0551a797c01db074ab0233ceb567e66b8ebdcb9de9a2e7baa36d57dfbca463a3 0B / 72.66kB 0.2s
#5 sha256:512123a864da5e2a62949e65b67106292c5c704eff90cac2b949fc8d7ac1e58e 0B / 189B 0.2s
#5 sha256:0551a797c01db074ab0233ceb567e66b8ebdcb9de9a2e7baa36d57dfbca463a3 72.66kB / 72.66kB 0.2s done
#5 sha256:512123a864da5e2a62949e65b67106292c5c704eff90cac2b949fc8d7ac1e58e 189B / 189B 0.2s done
#5 sha256:2e6e20c8e2e69fa5c3fcc310f419975cef5fbeb6f7f2fe1374071141281b6a06 6.29MB / 70.69MB 0.4s
#5 sha256:2e6e20c8e2e69fa5c3fcc310f419975cef5fbeb6f7f2fe1374071141281b6a06 30.40MB / 70.69MB 0.6s
#5 sha256:2e6e20c8e2e69fa5c3fcc310f419975cef5fbeb6f7f2fe1374071141281b6a06 45.09MB / 70.69MB 0.8s
#5 sha256:2e6e20c8e2e69fa5c3fcc310f419975cef5fbeb6f7f2fe1374071141281b6a06 53.48MB / 70.69MB 0.9s
#5 sha256:2e6e20c8e2e69fa5c3fcc310f419975cef5fbeb6f7f2fe1374071141281b6a06 67.11MB / 70.69MB 1.0s
#5 sha256:2e6e20c8e2e69fa5c3fcc310f419975cef5fbeb6f7f2fe1374071141281b6a06 70.69MB / 70.69MB 1.2s
#5 extracting sha256:2e6e20c8e2e69fa5c3fcc310f419975cef5fbeb6f7f2fe1374071141281b6a06
#5 sha256:2e6e20c8e2e69fa5c3fcc310f419975cef5fbeb6f7f2fe1374071141281b6a06 70.69MB / 70.69MB 2.1s done
#5 extracting sha256:2e6e20c8e2e69fa5c3fcc310f419975cef5fbeb6f7f2fe1374071141281b6a06 4.9s done
#5 extracting sha256:0551a797c01db074ab0233ceb567e66b8ebdcb9de9a2e7baa36d57dfbca463a3
#5 extracting sha256:0551a797c01db074ab0233ceb567e66b8ebdcb9de9a2e7baa36d57dfbca463a3 0.1s done
#5 extracting sha256:512123a864da5e2a62949e65b67106292c5c704eff90cac2b949fc8d7ac1e58e
#5 extracting sha256:512123a864da5e2a62949e65b67106292c5c704eff90cac2b949fc8d7ac1e58e done
#5 DONE 8.9s

#7 [2/9] RUN sh -c "echo 'Asia/Shanghai' > /etc/timezone" &&     dpkg-reconfigure -f noninteractive tzdata
#7 0.685 
#7 0.685 Current default time zone: 'Asia/Shanghai'
#7 0.688 Local time is now:      Thu Aug  1 14:47:52 CST 2024.
#7 0.688 Universal Time is now:  Thu Aug  1 06:47:52 UTC 2024.
#7 0.688 
#7 DONE 5.8s

#8 [3/9] RUN echo '\ndeb http://mirrors.aliyun.com/ubuntu/ trusty main restricted universe multiverse\ndeb http://mirrors.aliyun.com/ubuntu/ trusty-security main restricted universe multiverse\ndeb http://mirrors.aliyun.com/ubuntu/ trusty-updates main restricted universe multiverse\ndeb http://mirrors.aliyun.com/ubuntu/ trusty-proposed main restricted universe multiverse\ndeb http://mirrors.aliyun.com/ubuntu/ trusty-backports main restricted universe multiverse\ndeb-src http://mirrors.aliyun.com/ubuntu/ trusty main restricted universe multiverse\ndeb-src http://mirrors.aliyun.com/ubuntu/ trusty-security main restricted universe multiverse\ndeb-src http://mirrors.aliyun.com/ubuntu/ trusty-updates main restricted universe multiverse\ndeb-src http://mirrors.aliyun.com/ubuntu/ trusty-proposed main restricted universe multiverse\ndeb-src http://mirrors.aliyun.com/ubuntu/ trusty-backports main restricted universe multiverse\n'> /etc/apt/sources.list
#8 DONE 0.8s

#9 [4/9] RUN apt-get update &&     apt-get install -y wget
#9 1.376 Ign http://mirrors.aliyun.com trusty InRelease
#9 1.456 Get:1 http://mirrors.aliyun.com trusty-security InRelease [56.4 kB]
#9 1.688 Get:2 https://esm.ubuntu.com trusty-infra-security InRelease
#9 1.814 Get:3 https://esm.ubuntu.com trusty-infra-updates InRelease
#9 1.821 Get:4 http://mirrors.aliyun.com trusty-updates InRelease [56.5 kB]
#9 1.977 Get:5 https://esm.ubuntu.com trusty-infra-security/main amd64 Packages
#9 2.736 Get:6 https://esm.ubuntu.com trusty-infra-updates/main amd64 Packages
#9 2.737 Get:7 http://mirrors.aliyun.com trusty-proposed InRelease [56.5 kB]
#9 4.293 Get:8 http://mirrors.aliyun.com trusty-backports InRelease [65.9 kB]
#9 5.148 Get:9 http://mirrors.aliyun.com trusty Release.gpg [933 B]
#9 5.225 Get:10 http://mirrors.aliyun.com trusty-security/main Sources [314 kB]
#9 6.908 Get:11 http://mirrors.aliyun.com trusty-security/restricted Sources [7832 B]
#9 7.020 Get:12 http://mirrors.aliyun.com trusty-security/universe Sources [188 kB]
#9 8.160 Get:13 http://mirrors.aliyun.com trusty-security/multiverse Sources [4253 B]
#9 8.259 Get:14 http://mirrors.aliyun.com trusty-security/main amd64 Packages [877 kB]
#9 12.79 Get:15 http://mirrors.aliyun.com trusty-security/restricted amd64 Packages [24.6 kB]
#9 12.99 Get:16 http://mirrors.aliyun.com trusty-security/universe amd64 Packages [490 kB]
#9 15.68 Get:17 http://mirrors.aliyun.com trusty-security/multiverse amd64 Packages [6133 B]
#9 15.79 Get:18 http://mirrors.aliyun.com trusty-updates/main Sources [809 kB]
#9 19.98 Get:19 http://mirrors.aliyun.com trusty-updates/restricted Sources [9993 B]
#9 20.10 Get:20 http://mirrors.aliyun.com trusty-updates/universe Sources [435 kB]
#9 22.53 Get:21 http://mirrors.aliyun.com trusty-updates/multiverse Sources [10.5 kB]
#9 22.66 Get:22 http://mirrors.aliyun.com trusty-updates/main amd64 Packages [1460 kB]
#9 30.84 Get:23 http://mirrors.aliyun.com trusty-updates/restricted amd64 Packages [28.8 kB]
#9 31.06 Get:24 http://mirrors.aliyun.com trusty-updates/universe amd64 Packages [883 kB]
#9 35.66 Get:25 http://mirrors.aliyun.com trusty-updates/multiverse amd64 Packages [21.7 kB]
#9 35.85 Get:26 http://mirrors.aliyun.com trusty-proposed/main Sources [1345 B]
#9 36.04 Get:27 http://mirrors.aliyun.com trusty-proposed/restricted Sources [937 B]
#9 36.11 Get:28 http://mirrors.aliyun.com trusty-proposed/universe Sources [30.7 kB]
#9 36.35 Get:29 http://mirrors.aliyun.com trusty-proposed/multiverse Sources [40 B]
#9 36.43 Get:30 http://mirrors.aliyun.com trusty-proposed/main amd64 Packages [5701 B]
#9 36.53 Get:31 http://mirrors.aliyun.com trusty-proposed/restricted amd64 Packages [770 B]
#9 36.61 Get:32 http://mirrors.aliyun.com trusty-proposed/universe amd64 Packages [14.0 kB]
#9 36.76 Get:33 http://mirrors.aliyun.com trusty-proposed/multiverse amd64 Packages [40 B]
#9 36.83 Get:34 http://mirrors.aliyun.com trusty-backports/main Sources [10.4 kB]
#9 36.96 Get:35 http://mirrors.aliyun.com trusty-backports/restricted Sources [40 B]
#9 37.04 Get:36 http://mirrors.aliyun.com trusty-backports/universe Sources [41.3 kB]
#9 37.32 Get:37 http://mirrors.aliyun.com trusty-backports/multiverse Sources [1747 B]
#9 37.40 Get:38 http://mirrors.aliyun.com trusty-backports/main amd64 Packages [14.7 kB]
#9 37.54 Get:39 http://mirrors.aliyun.com trusty-backports/restricted amd64 Packages [40 B]
#9 37.62 Get:40 http://mirrors.aliyun.com trusty-backports/universe amd64 Packages [52.5 kB]
#9 37.96 Get:41 http://mirrors.aliyun.com trusty-backports/multiverse amd64 Packages [1392 B]
#9 38.04 Get:42 http://mirrors.aliyun.com trusty Release [58.5 kB]
#9 38.41 Get:43 http://mirrors.aliyun.com trusty/main Sources [1335 kB]
#9 45.58 Get:44 http://mirrors.aliyun.com trusty/restricted Sources [5335 B]
#9 45.70 Get:45 http://mirrors.aliyun.com trusty/universe Sources [7926 kB]
#9 66.86 Get:46 http://mirrors.aliyun.com trusty/multiverse Sources [211 kB]
#9 66.94 Get:47 http://mirrors.aliyun.com trusty/main amd64 Packages [1743 kB]
#9 67.24 Get:48 http://mirrors.aliyun.com trusty/restricted amd64 Packages [16.0 kB]
#9 67.45 Get:49 http://mirrors.aliyun.com trusty/universe amd64 Packages [7589 kB]
#9 68.69 Get:50 http://mirrors.aliyun.com trusty/multiverse amd64 Packages [169 kB]
#9 69.37 Fetched 25.9 MB in 1min 8s (377 kB/s)
#9 69.37 Reading package lists...
#9 70.70 Reading package lists...
#9 72.02 Building dependency tree...
#9 72.14 Reading state information...
#9 72.22 The following NEW packages will be installed:
#9 72.22   wget
#9 72.80 0 upgraded, 1 newly installed, 0 to remove and 3 not upgraded.
#9 72.80 Need to get 270 kB of archives.
#9 72.80 After this operation, 651 kB of additional disk space will be used.
#9 72.80 Get:1 http://mirrors.aliyun.com/ubuntu/ trusty-security/main wget amd64 1.15-1ubuntu1.14.04.5 [270 kB]
#9 73.23 debconf: unable to initialize frontend: Dialog
#9 73.23 debconf: (TERM is not set, so the dialog frontend is not usable.)
#9 73.23 debconf: falling back to frontend: Readline
#9 73.24 debconf: unable to initialize frontend: Readline
#9 73.24 debconf: (This frontend requires a controlling tty.)
#9 73.24 debconf: falling back to frontend: Teletype
#9 73.24 dpkg-preconfigure: unable to re-open stdin: 
#9 73.27 Fetched 270 kB in 0s (350 kB/s)
#9 73.38 Selecting previously unselected package wget.
#9 73.39 (Reading database ... 12097 files and directories currently installed.)
#9 73.39 Preparing to unpack .../wget_1.15-1ubuntu1.14.04.5_amd64.deb ...
#9 73.41 Unpacking wget (1.15-1ubuntu1.14.04.5) ...
#9 73.65 Setting up wget (1.15-1ubuntu1.14.04.5) ...
#9 DONE 74.0s

#10 [5/9] RUN wget https://nodejs.org/dist/v8.9.1/node-v8.9.1-linux-x64.tar.gz &&     tar -C /usr/local --strip-components 1 -xzf node-v8.9.1-linux-x64.tar.gz &&     rm node-v8.9.1-linux-x64.tar.gz
#10 0.640 --2024-08-01 14:49:13--  https://nodejs.org/dist/v8.9.1/node-v8.9.1-linux-x64.tar.gz
#10 0.642 Resolving nodejs.org (nodejs.org)... 104.20.23.46, 104.20.22.46, 2606:4700:10::6814:172e, ...
#10 0.725 Connecting to nodejs.org (nodejs.org)|104.20.23.46|:443... connected.
#10 0.742 HTTP request sent, awaiting response... 200 OK
#10 1.837 Length: 17896884 (17M) [application/gzip]
#10 1.837 Saving to: 'node-v8.9.1-linux-x64.tar.gz'
#10 1.837 
#10 1.837      0K .......... .......... .......... .......... ..........  0% 1.04M 16s
#10 1.884     50K .......... .......... .......... .......... ..........  0%  206K 50s
#10 2.127    100K .......... .......... .......... .......... ..........  0%  630K 43s
#10 2.206    150K .......... .......... .......... .......... ..........  1%  269K 48s
#10 2.392    200K .......... .......... .......... .......... ..........  1%  482K 45s
#10 2.496    250K .......... .......... .......... .......... ..........  1%  219K 51s
#10 2.724    300K .......... .......... .......... .......... ..........  2%  189K 56s
#10 2.987    350K .......... .......... .......... .......... ..........  2%  200K 60s
#10 3.237    400K .......... .......... .......... .......... ..........  2%  369K 58s
#10 3.373    450K .......... .......... .......... .......... ..........  2%  119M 52s
#10 3.373    500K .......... .......... .......... .......... ..........  3%  136K 59s
#10 3.740    550K .......... .......... .......... .......... ..........  3%  431K 57s
#10 3.856    600K .......... .......... .......... .......... ..........  3%  476K 55s
#10 3.961    650K .......... .......... .......... .......... ..........  4%  566K 53s
#10 4.050    700K .......... .......... .......... .......... ..........  4%  705K 51s
#10 4.121    750K .......... .......... .......... .......... ..........  4% 2.45M 48s
#10 4.140    800K .......... .......... .......... .......... ..........  4%  681K 46s
#10 4.214    850K .......... .......... .......... .......... ..........  5%  972K 45s
#10 4.265    900K .......... .......... .......... .......... ..........  5%  628K 44s
#10 4.345    950K .......... .......... .......... .......... ..........  5% 1.00M 42s
#10 4.394   1000K .......... .......... .......... .......... ..........  6%  958K 41s
#10 4.446   1050K .......... .......... .......... .......... ..........  6%  896K 40s
#10 4.510   1100K .......... .......... .......... .......... ..........  6%  990K 39s
#10 4.552   1150K .......... .......... .......... .......... ..........  6%  734K 38s
#10 4.620   1200K .......... .......... .......... .......... ..........  7% 10.2M 36s
#10 4.625   1250K .......... .......... .......... .......... ..........  7% 1007K 35s
#10 4.675   1300K .......... .......... .......... .......... ..........  7% 1.46M 34s
#10 4.708   1350K .......... .......... .......... .......... ..........  8%  831K 34s
#10 4.768   1400K .......... .......... .......... .......... ..........  8% 2.43M 33s
#10 4.788   1450K .......... .......... .......... .......... ..........  8% 1.00M 32s
#10 4.837   1500K .......... .......... .......... .......... ..........  8%  716K 32s
#10 4.907   1550K .......... .......... .......... .......... ..........  9% 8.27M 31s
#10 4.913   1600K .......... .......... .......... .......... ..........  9%  856K 30s
#10 4.971   1650K .......... .......... .......... .......... ..........  9% 2.10M 29s
#10 4.994   1700K .......... .......... .......... .......... .......... 10%  780K 29s
#10 5.058   1750K .......... .......... .......... .......... .......... 10% 6.44M 28s
#10 5.066   1800K .......... .......... .......... .......... .......... 10%  514K 28s
#10 5.163   1850K .......... .......... .......... .......... .......... 10%  990K 28s
#10 5.223   1900K .......... .......... .......... .......... .......... 11%  497K 28s
#10 5.314   1950K .......... .......... .......... .......... .......... 11%  750K 27s
#10 5.381   2000K .......... .......... .......... .......... .......... 11% 1.85M 27s
#10 5.407   2050K .......... .......... .......... .......... .......... 12%  430K 27s
#10 5.524   2100K .......... .......... .......... .......... .......... 12% 1.38M 27s
#10 5.559   2150K .......... .......... .......... .......... .......... 12%  541K 26s
#10 5.651   2200K .......... .......... .......... .......... .......... 12%  119M 26s
#10 5.652   2250K .......... .......... .......... .......... .......... 13%  804K 26s
#10 5.714   2300K .......... .......... .......... .......... .......... 13%  819K 25s
#10 5.775   2350K .......... .......... .......... .......... .......... 13%  815K 25s
#10 5.837   2400K .......... .......... .......... .......... .......... 14%  598K 25s
#10 5.920   2450K .......... .......... .......... .......... .......... 14% 2.03M 25s
#10 5.944   2500K .......... .......... .......... .......... .......... 14%  461K 25s
#10 6.053   2550K .......... .......... .......... .......... .......... 14%  945K 24s
#10 6.106   2600K .......... .......... .......... .......... .......... 15%  304K 25s
#10 6.270   2650K .......... .......... .......... .......... .......... 15% 2.32M 24s
#10 6.319   2700K .......... .......... .......... .......... .......... 15%  908K 24s
#10 6.346   2750K .......... .......... .......... .......... .......... 16% 1.01M 24s
#10 6.395   2800K .......... .......... .......... .......... .......... 16%  716K 24s
#10 6.464   2850K .......... .......... .......... .......... .......... 16%  672K 24s
#10 6.539   2900K .......... .......... .......... .......... .......... 16% 9.70M 23s
#10 6.544   2950K .......... .......... .......... .......... .......... 17% 1.06M 23s
#10 6.590   3000K .......... .......... .......... .......... .......... 17%  697K 23s
#10 6.662   3050K .......... .......... .......... .......... .......... 17%  532K 23s
#10 6.756   3100K .......... .......... .......... .......... .......... 18%  746K 23s
#10 6.823   3150K .......... .......... .......... .......... .......... 18% 3.40M 22s
#10 6.837   3200K .......... .......... .......... .......... .......... 18%  659K 22s
#10 6.913   3250K .......... .......... .......... .......... .......... 18%  645K 22s
#10 6.991   3300K .......... .......... .......... .......... .......... 19%  613K 22s
#10 7.072   3350K .......... .......... .......... .......... .......... 19% 1.11M 22s
#10 7.116   3400K .......... .......... .......... .......... .......... 19%  406K 22s
#10 7.239   3450K .......... .......... .......... .......... .......... 20%  675K 22s
#10 7.339   3500K .......... .......... .......... .......... .......... 20%  795K 22s
#10 7.376   3550K .......... .......... .......... .......... .......... 20%  389K 22s
#10 7.505   3600K .......... .......... .......... .......... .......... 20% 87.0M 21s
#10 7.505   3650K .......... .......... .......... .......... .......... 21%  647K 21s
#10 7.583   3700K .......... .......... .......... .......... .......... 21%  919K 21s
#10 7.637   3750K .......... .......... .......... .......... .......... 21%  613K 21s
#10 7.719   3800K .......... .......... .......... .......... .......... 22% 1.02M 21s
#10 7.767   3850K .......... .......... .......... .......... .......... 22%  393K 21s
#10 7.894   3900K .......... .......... .......... .......... .......... 22%  361K 21s
#10 8.032   3950K .......... .......... .......... .......... .......... 22%  561K 21s
#10 8.121   4000K .......... .......... .......... .......... .......... 23%  304K 21s
#10 8.286   4050K .......... .......... .......... .......... .......... 23% 1.00M 21s
#10 8.335   4100K .......... .......... .......... .......... .......... 23%  343K 21s
#10 8.481   4150K .......... .......... .......... .......... .......... 24%  640K 21s
#10 8.559   4200K .......... .......... .......... .......... .......... 24%  343K 21s
#10 8.704   4250K .......... .......... .......... .......... .......... 24% 1.06M 21s
#10 8.848   4300K .......... .......... .......... .......... .......... 24%  373K 21s
#10 8.884   4350K .......... .......... .......... .......... .......... 25%  280K 21s
#10 9.063   4400K .......... .......... .......... .......... .......... 25%  506K 21s
#10 9.162   4450K .......... .......... .......... .......... .......... 25%  216K 22s
#10 9.393   4500K .......... .......... .......... .......... .......... 26%  943K 22s
#10 9.446   4550K .......... .......... .......... .......... .......... 26%  308K 22s
#10 9.609   4600K .......... .......... .......... .......... .......... 26%  363K 22s
#10 9.746   4650K .......... .......... .......... .......... .......... 26%  352K 22s
#10 9.889   4700K .......... .......... .......... .......... .......... 27%  435K 22s
#10 10.00   4750K .......... .......... .......... .......... .......... 27% 1.42M 22s
#10 10.04   4800K .......... .......... .......... .......... .......... 27%  301K 22s
#10 10.20   4850K .......... .......... .......... .......... .......... 28%  391K 22s
#10 10.33   4900K .......... .......... .......... .......... .......... 28%  303K 22s
#10 10.50   4950K .......... .......... .......... .......... .......... 28%  986K 22s
#10 10.55   5000K .......... .......... .......... .......... .......... 28%  333K 22s
#10 10.70   5050K .......... .......... .......... .......... .......... 29%  441K 22s
#10 10.87   5100K .......... .......... .......... .......... .......... 29%  248K 22s
#10 11.01   5150K .......... .......... .......... .......... .......... 29%  229K 22s
#10 11.23   5200K .......... .......... .......... .......... .......... 30% 1.07M 22s
#10 11.28   5250K .......... .......... .......... .......... .......... 30%  222K 22s
#10 11.50   5300K .......... .......... .......... .......... .......... 30% 1.08M 22s
#10 11.55   5350K .......... .......... .......... .......... .......... 30%  312K 22s
#10 11.71   5400K .......... .......... .......... .......... .......... 31%  413K 22s
#10 11.83   5450K .......... .......... .......... .......... .......... 31%  311K 22s
#10 11.99   5500K .......... .......... .......... .......... .......... 31%  278K 22s
#10 12.17   5550K .......... .......... .......... .......... .......... 32% 1.15M 22s
#10 12.21   5600K .......... .......... .......... .......... .......... 32%  295K 22s
#10 12.38   5650K .......... .......... .......... .......... .......... 32%  354K 22s
#10 12.52   5700K .......... .......... .......... .......... .......... 32%  253K 22s
#10 12.72   5750K .......... .......... .......... .......... .......... 33% 1001K 22s
#10 12.77   5800K .......... .......... .......... .......... .......... 33%  257K 22s
#10 12.96   5850K .......... .......... .......... .......... .......... 33%  448K 22s
#10 13.12   5900K .......... .......... .......... .......... .......... 34%  288K 22s
#10 13.25   5950K .......... .......... .......... .......... .......... 34%  303K 22s
#10 13.41   6000K .......... .......... .......... .......... .......... 34% 1.27M 22s
#10 13.45   6050K .......... .......... .......... .......... .......... 34%  315K 22s
#10 13.61   6100K .......... .......... .......... .......... .......... 35%  448K 22s
#10 13.72   6150K .......... .......... .......... .......... .......... 35%  321K 22s
#10 13.88   6200K .......... .......... .......... .......... .......... 35% 1.17M 22s
#10 13.92   6250K .......... .......... .......... .......... .......... 36%  291K 22s
#10 14.09   6300K .......... .......... .......... .......... .......... 36%  331K 22s
#10 14.24   6350K .......... .......... .......... .......... .......... 36%  426K 22s
#10 14.36   6400K .......... .......... .......... .......... .......... 36%  297K 22s
#10 14.53   6450K .......... .......... .......... .......... .......... 37% 1.26M 22s
#10 14.57   6500K .......... .......... .......... .......... .......... 37%  307K 22s
#10 14.73   6550K .......... .......... .......... .......... .......... 37%  463K 21s
#10 14.84   6600K .......... .......... .......... .......... .......... 38%  302K 21s
#10 15.00   6650K .......... .......... .......... .......... .......... 38% 1.23M 21s
#10 15.17   6700K .......... .......... .......... .......... .......... 38%  301K 21s
#10 15.21   6750K .......... .......... .......... .......... .......... 38%  331K 21s
#10 15.36   6800K .......... .......... .......... .......... .......... 39%  402K 21s
#10 15.49   6850K .......... .......... .......... .......... .......... 39%  299K 21s
#10 15.65   6900K .......... .......... .......... .......... .......... 39% 1011K 21s
#10 15.70   6950K .......... .......... .......... .......... .......... 40%  293K 21s
#10 15.87   7000K .......... .......... .......... .......... .......... 40%  403K 21s
#10 16.00   7050K .......... .......... .......... .......... .......... 40%  288K 21s
#10 16.17   7100K .......... .......... .......... .......... .......... 40%  281K 21s
#10 16.35   7150K .......... .......... .......... .......... .......... 41%  990K 21s
#10 16.40   7200K .......... .......... .......... .......... .......... 41%  253K 21s
#10 16.60   7250K .......... .......... .......... .......... .......... 41%  353K 21s
#10 16.74   7300K .......... .......... .......... .......... .......... 42%  258K 21s
#10 16.93   7350K .......... .......... .......... .......... .......... 42%  622K 21s
#10 17.01   7400K .......... .......... .......... .......... .......... 42%  173K 21s
#10 17.30   7450K .......... .......... .......... .......... .......... 42%  207K 21s
#10 17.57   7500K .......... .......... .......... .......... .......... 43%  190K 21s
#10 17.81   7550K .......... .......... .......... .......... .......... 43%  222K 21s
#10 18.03   7600K .......... .......... .......... .......... .......... 43% 1.99M 21s
#10 18.06   7650K .......... .......... .......... .......... .......... 44%  144K 21s
#10 18.40   7700K .......... .......... .......... .......... .......... 44%  488K 21s
#10 18.51   7750K .......... .......... .......... .......... .......... 44%  632K 21s
#10 18.59   7800K .......... .......... .......... .......... .......... 44% 10.4M 21s
#10 18.59   7850K .......... .......... .......... .......... .......... 45%  159K 21s
#10 18.91   7900K .......... .......... .......... .......... .......... 45% 97.5K 21s
#10 19.42   7950K .......... .......... .......... .......... .......... 45%  110K 21s
#10 19.87   8000K .......... .......... .......... .......... .......... 46%  162K 21s
#10 20.18   8050K .......... .......... .......... .......... .......... 46%  482K 21s
#10 20.29   8100K .......... .......... .......... .......... .......... 46%  249K 21s
#10 20.49   8150K .......... .......... .......... .......... .......... 46%  620K 21s
#10 20.57   8200K .......... .......... .......... .......... .......... 47%  271K 21s
#10 20.75   8250K .......... .......... .......... .......... .......... 47%  678K 21s
#10 21.23   8300K .......... .......... .......... .......... .......... 47%  103K 21s
#10 21.31   8350K .......... .......... .......... .......... .......... 48%  297K 21s
#10 21.48   8400K .......... .......... .......... .......... .......... 48%  671K 21s
#10 21.55   8450K .......... .......... .......... .......... .......... 48%  330K 21s
#10 21.71   8500K .......... .......... .......... .......... .......... 48%  666K 21s
#10 21.78   8550K .......... .......... .......... .......... .......... 49%  288K 21s
#10 21.95   8600K .......... .......... .......... .......... .......... 49%  473K 21s
#10 22.06   8650K .......... .......... .......... .......... .......... 49%  272K 21s
#10 22.24   8700K .......... .......... .......... .......... .......... 50%  261K 21s
#10 22.44   8750K .......... .......... .......... .......... .......... 50%  374K 20s
#10 22.57   8800K .......... .......... .......... .......... .......... 50%  261K 20s
#10 22.76   8850K .......... .......... .......... .......... .......... 50%  386K 20s
#10 22.89   8900K .......... .......... .......... .......... .......... 51%  205K 20s
#10 23.13   8950K .......... .......... .......... .......... .......... 51%  444K 20s
#10 23.25   9000K .......... .......... .......... .......... .......... 51%  202K 20s
#10 23.49   9050K .......... .......... .......... .......... .......... 52%  341K 20s
#10 23.77   9100K .......... .......... .......... .......... .......... 52%  168K 20s
#10 23.94   9150K .......... .......... .......... .......... .......... 52% 92.9K 20s
#10 24.48   9200K .......... .......... .......... .......... .......... 52%  651K 20s
#10 24.55   9250K .......... .......... .......... .......... .......... 53%  209K 20s
#10 24.79   9300K .......... .......... .......... .......... .......... 53%  541K 20s
#10 24.88   9350K .......... .......... .......... .......... .......... 53%  182K 20s
#10 25.16   9400K .......... .......... .......... .......... .......... 54%  530K 20s
#10 25.25   9450K .......... .......... .......... .......... .......... 54%  327K 20s
#10 25.41   9500K .......... .......... .......... .......... .......... 54%  118K 20s
#10 25.83   9550K .......... .......... .......... .......... .......... 54% 1011K 20s
#10 25.88   9600K .......... .......... .......... .......... .......... 55%  661K 20s
#10 25.95   9650K .......... .......... .......... .......... .......... 55%  788K 19s
#10 26.02   9700K .......... .......... .......... .......... .......... 55%  309K 19s
#10 26.18   9750K .......... .......... .......... .......... .......... 56%  195K 19s
#10 26.43   9800K .......... .......... .......... .......... .......... 56% 80.6K 20s
#10 27.05   9850K .......... .......... .......... .......... .......... 56%  216K 19s
#10 27.41   9900K .......... .......... .......... .......... .......... 56%  221K 19s
#10 27.51   9950K .......... .......... .......... .......... .......... 57%  293K 19s
#10 27.68  10000K .......... .......... .......... .......... .......... 57%  880K 19s
#10 27.74  10050K .......... .......... .......... .......... .......... 57%  370K 19s
#10 27.87  10100K .......... .......... .......... .......... .......... 58%  663K 19s
#10 27.95  10150K .......... .......... .......... .......... .......... 58%  339K 19s
#10 28.10  10200K .......... .......... .......... .......... .......... 58% 1.20M 19s
#10 28.14  10250K .......... .......... .......... .......... .......... 58%  128K 19s
#10 28.53  10300K .......... .......... .......... .......... .......... 59%  246K 19s
#10 28.73  10350K .......... .......... .......... .......... .......... 59%  615K 18s
#10 28.81  10400K .......... .......... .......... .......... .......... 59%  341K 18s
#10 28.96  10450K .......... .......... .......... .......... .......... 60%  416K 18s
#10 29.08  10500K .......... .......... .......... .......... .......... 60%  138K 18s
#10 29.44  10550K .......... .......... .......... .......... .......... 60%  363K 18s
#10 29.58  10600K .......... .......... .......... .......... .......... 60% 18.7K 20s
#10 32.26  10650K .......... .......... .......... .......... .......... 61%  552K 19s
#10 32.43  10700K .......... .......... .......... .......... .......... 61%  282K 19s
#10 32.53  10750K .......... .......... .......... .......... .......... 61%  194K 19s
#10 32.78  10800K .......... .......... .......... .......... .......... 62%  393K 19s
#10 32.91  10850K .......... .......... .......... .......... .......... 62%  272K 19s
#10 33.10  10900K .......... .......... .......... .......... .......... 62%  535K 19s
#10 33.19  10950K .......... .......... .......... .......... .......... 62%  298K 19s
#10 33.36  11000K .......... .......... .......... .......... .......... 63%  671K 18s
#10 33.43  11050K .......... .......... .......... .......... .......... 63%  253K 18s
#10 33.63  11100K .......... .......... .......... .......... .......... 63%  272K 18s
#10 33.81  11150K .......... .......... .......... .......... .......... 64%  468K 18s
#10 33.92  11200K .......... .......... .......... .......... .......... 64%  205K 18s
#10 34.16  11250K .......... .......... .......... .......... .......... 64%  451K 18s
#10 34.27  11300K .......... .......... .......... .......... .......... 64%  274K 18s
#10 34.46  11350K .......... .......... .......... .......... .......... 65%  595K 17s
#10 34.54  11400K .......... .......... .......... .......... .......... 65%  272K 17s
#10 34.72  11450K .......... .......... .......... .......... .......... 65%  385K 17s
#10 34.94  11500K .......... .......... .......... .......... .......... 66%  253K 17s
#10 35.05  11550K .......... .......... .......... .......... .......... 66%  286K 17s
#10 35.23  11600K .......... .......... .......... .......... .......... 66%  488K 17s
#10 35.33  11650K .......... .......... .......... .......... .......... 66%  208K 17s
#10 35.57  11700K .......... .......... .......... .......... .......... 67%  642K 16s
#10 35.65  11750K .......... .......... .......... .......... .......... 67%  175K 16s
#10 35.93  11800K .......... .......... .......... .......... .......... 67% 2.01M 16s
#10 35.96  11850K .......... .......... .......... .......... .......... 68%  274K 16s
#10 36.14  11900K .......... .......... .......... .......... .......... 68%  277K 16s
#10 36.32  11950K .......... .......... .......... .......... .......... 68%  562K 16s
#10 36.41  12000K .......... .......... .......... .......... .......... 68%  250K 16s
#10 36.61  12050K .......... .......... .......... .......... .......... 69%  558K 15s
#10 36.70  12100K .......... .......... .......... .......... .......... 69%  261K 15s
#10 36.89  12150K .......... .......... .......... .......... .......... 69%  474K 15s
#10 37.00  12200K .......... .......... .......... .......... .......... 70%  256K 15s
#10 37.19  12250K .......... .......... .......... .......... .......... 70%  408K 15s
#10 37.42  12300K .......... .......... .......... .......... .......... 70%  213K 15s
#10 37.55  12350K .......... .......... .......... .......... .......... 70%  209K 15s
#10 37.79  12400K .......... .......... .......... .......... .......... 71%  325K 15s
#10 37.94  12450K .......... .......... .......... .......... .......... 71%  193K 14s
#10 38.20  12500K .......... .......... .......... .......... .......... 71%  282K 14s
#10 38.38  12550K .......... .......... .......... .......... .......... 72%  183K 14s
#10 38.65  12600K .......... .......... .......... .......... .......... 72%  378K 14s
#10 38.78  12650K .......... .......... .......... .......... .......... 72%  169K 14s
#10 39.08  12700K .......... .......... .......... .......... .......... 72%  160K 14s
#10 39.39  12750K .......... .......... .......... .......... .......... 73%  449K 14s
#10 39.51  12800K .......... .......... .......... .......... .......... 73%  110K 14s
#10 39.96  12850K .......... .......... .......... .......... .......... 73%  139K 14s
#10 40.32  12900K .......... .......... .......... .......... .......... 74% 32.6K 14s
#10 41.85  12950K .......... .......... .......... .......... .......... 74% 3.02K 19s
#10 58.42  13000K .......... .......... .......... .......... .......... 74%  267K 19s
#10 58.61  13050K .......... .......... .......... .......... .......... 74%  217K 19s
#10 58.84  13100K .......... .......... .......... .......... .......... 75%  344K 19s
#10 58.99  13150K .......... .......... .......... .......... .......... 75%  596K 19s
#10 59.07  13200K .......... .......... .......... .......... .......... 75%  199K 18s
#10 59.32  13250K .......... .......... .......... .......... .......... 76%  565K 18s
#10 59.41  13300K .......... .......... .......... .......... .......... 76%  266K 18s
#10 59.60  13350K .......... .......... .......... .......... .......... 76%  670K 18s
#10 59.67  13400K .......... .......... .......... .......... .......... 76%  419K 17s
#10 59.79  13450K .......... .......... .......... .......... .......... 77%  460K 17s
#10 59.92  13500K .......... .......... .......... .......... .......... 77% 2.18M 17s
#10 59.92  13550K .......... .......... .......... .......... .......... 77%  192K 17s
#10 60.18  13600K .......... .......... .......... .......... .......... 78%  398K 16s
#10 60.31  13650K .......... .......... .......... .......... .......... 78%  336K 16s
#10 60.46  13700K .......... .......... .......... .......... .......... 78%  695K 16s
#10 60.53  13750K .......... .......... .......... .......... .......... 78%  306K 16s
#10 60.69  13800K .......... .......... .......... .......... .......... 79%  635K 15s
#10 60.77  13850K .......... .......... .......... .......... .......... 79%  352K 15s
#10 60.91  13900K .......... .......... .......... .......... .......... 79%  322K 15s
#10 61.07  13950K .......... .......... .......... .......... .......... 80%  693K 15s
#10 61.14  14000K .......... .......... .......... .......... .......... 80%  274K 15s
#10 61.32  14050K .......... .......... .......... .......... .......... 80%  897K 14s
#10 61.38  14100K .......... .......... .......... .......... .......... 80%  321K 14s
#10 61.54  14150K .......... .......... .......... .......... .......... 81%  553K 14s
#10 61.63  14200K .......... .......... .......... .......... .......... 81%  280K 14s
#10 61.80  14250K .......... .......... .......... .......... .......... 81%  396K 13s
#10 61.97  14300K .......... .......... .......... .......... .......... 82%  433K 13s
#10 62.05  14350K .......... .......... .......... .......... .......... 82%  334K 13s
#10 62.20  14400K .......... .......... .......... .......... .......... 82%  719K 13s
#10 62.27  14450K .......... .......... .......... .......... .......... 82%  294K 12s
#10 62.44  14500K .......... .......... .......... .......... .......... 83%  653K 12s
#10 62.51  14550K .......... .......... .......... .......... .......... 83%  281K 12s
#10 62.69  14600K .......... .......... .......... .......... .......... 83%  711K 12s
#10 62.76  14650K .......... .......... .......... .......... .......... 84%  283K 12s
#10 62.94  14700K .......... .......... .......... .......... .......... 84%  322K 11s
#10 63.09  14750K .......... .......... .......... .......... .......... 84%  600K 11s
#10 63.18  14800K .......... .......... .......... .......... .......... 84%  297K 11s
#10 63.34  14850K .......... .......... .......... .......... .......... 85%  566K 11s
#10 63.43  14900K .......... .......... .......... .......... .......... 85%  318K 10s
#10 63.59  14950K .......... .......... .......... .......... .......... 85%  617K 10s
#10 63.67  15000K .......... .......... .......... .......... .......... 86%  304K 10s
#10 63.84  15050K .......... .......... .......... .......... .......... 86%  528K 10s
#10 64.02  15100K .......... .......... .......... .......... .......... 86%  275K 10s
#10 64.11  15150K .......... .......... .......... .......... .......... 86%  294K 9s
#10 64.28  15200K .......... .......... .......... .......... .......... 87%  540K 9s
#10 64.38  15250K .......... .......... .......... .......... .......... 87%  292K 9s
#10 64.55  15300K .......... .......... .......... .......... .......... 87%  553K 9s
#10 64.64  15350K .......... .......... .......... .......... .......... 88%  283K 8s
#10 64.81  15400K .......... .......... .......... .......... .......... 88%  607K 8s
#10 64.90  15450K .......... .......... .......... .......... .......... 88%  268K 8s
#10 65.08  15500K .......... .......... .......... .......... .......... 88%  273K 8s
#10 65.27  15550K .......... .......... .......... .......... .......... 89%  626K 8s
#10 65.35  15600K .......... .......... .......... .......... .......... 89%  275K 7s
#10 65.53  15650K .......... .......... .......... .......... .......... 89%  594K 7s
#10 65.61  15700K .......... .......... .......... .......... .......... 90%  285K 7s
#10 65.79  15750K .......... .......... .......... .......... .......... 90%  522K 7s
#10 65.88  15800K .......... .......... .......... .......... .......... 90%  304K 7s
#10 66.05  15850K .......... .......... .......... .......... .......... 90%  617K 6s
#10 66.21  15900K .......... .......... .......... .......... .......... 91%  306K 6s
#10 66.29  15950K .......... .......... .......... .......... .......... 91%  260K 6s
#10 66.48  16000K .......... .......... .......... .......... .......... 91%  515K 6s
#10 66.58  16050K .......... .......... .......... .......... .......... 92%  258K 6s
#10 66.77  16100K .......... .......... .......... .......... .......... 92%  550K 5s
#10 66.87  16150K .......... .......... .......... .......... .......... 92%  246K 5s
#10 67.07  16200K .......... .......... .......... .......... .......... 92%  484K 5s
#10 67.17  16250K .......... .......... .......... .......... .......... 93%  246K 5s
#10 67.37  16300K .......... .......... .......... .......... .......... 93%  245K 5s
#10 67.58  16350K .......... .......... .......... .......... .......... 93%  478K 4s
#10 67.68  16400K .......... .......... .......... .......... .......... 94%  248K 4s
#10 67.89  16450K .......... .......... .......... .......... .......... 94%  535K 4s
#10 67.98  16500K .......... .......... .......... .......... .......... 94%  282K 4s
#10 68.16  16550K .......... .......... .......... .......... .......... 94%  476K 4s
#10 68.26  16600K .......... .......... .......... .......... .......... 95%  234K 3s
#10 68.47  16650K .......... .......... .......... .......... .......... 95%  498K 3s
#10 68.66  16700K .......... .......... .......... .......... .......... 95%  248K 3s
#10 68.78  16750K .......... .......... .......... .......... .......... 96%  181K 3s
#10 69.05  16800K .......... .......... .......... .......... .......... 96%  493K 3s
#10 69.15  16850K .......... .......... .......... .......... .......... 96%  207K 2s
#10 69.40  16900K .......... .......... .......... .......... .......... 96%  505K 2s
#10 69.50  16950K .......... .......... .......... .......... .......... 97%  202K 2s
#10 69.74  17000K .......... .......... .......... .......... .......... 97%  461K 2s
#10 69.85  17050K .......... .......... .......... .......... .......... 97%  171K 2s
#10 70.14  17100K .......... .......... .......... .......... .......... 98%  105K 1s
#10 70.62  17150K .......... .......... .......... .......... .......... 98%  189K 1s
#10 70.89  17200K .......... .......... .......... .......... .......... 98%  258K 1s
#10 71.08  17250K .......... .......... .......... .......... .......... 98%  178K 1s
#10 71.36  17300K .......... .......... .......... .......... .......... 99%  351K 1s
#10 71.50  17350K .......... .......... .......... .......... .......... 99%  330K 0s
#10 71.65  17400K .......... .......... .......... .......... .......... 99% 58.8M 0s
#10 71.66  17450K .......... .......... .......                         100%  102M=70s
#10 71.66 
#10 71.66 2024-08-01 14:50:24 (250 KB/s) - 'node-v8.9.1-linux-x64.tar.gz' saved [17896884/17896884]
#10 71.66 
#10 DONE 74.3s

#11 [6/9] WORKDIR /app
#11 DONE 0.4s

#12 [7/9] ADD package.json /app/package.json
#12 DONE 0.3s

#13 [8/9] RUN npm install --production -d --registry=https://registry.npm.taobao.org
#13 0.783 npm info it worked if it ends with ok
#13 0.784 npm info using npm@5.5.1
#13 0.784 npm info using node@v8.9.1
#13 1.060 npm info lifecycle fundebug-mongodb-backup@1.0.0~preinstall: fundebug-mongodb-backup@1.0.0
#13 2.882 npm ERR! code CERT_HAS_EXPIRED
#13 2.883 npm ERR! errno CERT_HAS_EXPIRED
#13 2.884 npm ERR! request to https://registry.npm.taobao.org/bluebird failed, reason: certificate has expired
#13 2.925 
#13 2.925 npm ERR! A complete log of this run can be found in:
#13 2.925 npm ERR!     /root/.npm/_logs/2024-08-01T06_50_30_922Z-debug.log
#13 ERROR: process "/bin/sh -c npm install --production -d --registry=https://registry.npm.taobao.org" did not complete successfully: exit code: 1
------
 > [8/9] RUN npm install --production -d --registry=https://registry.npm.taobao.org:
 info it worked if it ends with ok
0.784 npm info using npm@5.5.1
0.784 npm info using node@v8.9.1
1.060 npm info lifecycle fundebug-mongodb-backup@1.0.0~preinstall: fundebug-mongodb-backup@1.0.0
 errno CERT_HAS_EXPIRED
2.884 npm ERR! request to https://registry.npm.taobao.org/bluebird failed, reason: certificate has expired
2.925 
2.925 npm ERR! A complete log of this run can be found in:
2.925 npm ERR!     /root/.npm/_logs/2024-08-01T06_50_30_922Z-debug.log
------
v1_Dockerfile:34
--------------------
  32 |     # 安装npm模块
  33 |     ADD package.json /app/package.json
  34 | >>> RUN npm install --production -d --registry=https://registry.npm.taobao.org
  35 |     
  36 |     COPY . /app
--------------------
ERROR: failed to solve: process "/bin/sh -c npm install --production -d --registry=https://registry.npm.taobao.org" did not complete successfully: exit code: 1
Duration: 2:50.20