#0 building with "default" instance using docker driver

#1 [internal] load build definition from v1_Dockerfile
#1 transferring dockerfile: 506B done
#1 DONE 0.0s

#2 [internal] load metadata for docker.io/library/python:3.4
#2 ...

#3 [auth] library/python:pull token for registry-1.docker.io
#3 DONE 0.0s

#2 [internal] load metadata for docker.io/library/python:3.4
#2 DONE 1.0s

#4 [internal] load .dockerignore
#4 transferring context: 2B done
#4 DONE 0.0s

#5 [1/9] FROM docker.io/library/python:3.4@sha256:7a7e47efdfd6503afcf56a57f981bcc23d54211ad3b3c21cbe4bd597873fa6e1
#5 resolve docker.io/library/python:3.4@sha256:7a7e47efdfd6503afcf56a57f981bcc23d54211ad3b3c21cbe4bd597873fa6e1 0.0s done
#5 sha256:8c62b065252f2bc1c6a859acd18df1bb2aba260c47a593d6a7de9b34239727e5 7.40kB / 7.40kB done
#5 sha256:0250231711a047a6e54e7107d7a3bfb0afd807f5f408d00be0d407c5b8395219 0B / 10.78MB 0.1s
#5 sha256:6fba9447437b5ee1da9b33b2e2d18add55a33d0b763075202e17cad7efd3ff8f 0B / 4.34MB 0.1s
#5 sha256:7a7e47efdfd6503afcf56a57f981bcc23d54211ad3b3c21cbe4bd597873fa6e1 2.37kB / 2.37kB done
#5 sha256:c7862254606d2e762075c2e51cdc615fda1023f8604f0b91d9893c1cca298b11 2.22kB / 2.22kB done
#5 sha256:22dbe790f71562dfd3d49406b1dfd1e85e50f3dd7cb2e97b3918376ca39cae4e 0B / 45.34MB 0.1s
#5 ...

#6 [internal] load build context
#6 transferring context: 7.09MB 0.2s done
#6 DONE 0.2s

#5 [1/9] FROM docker.io/library/python:3.4@sha256:7a7e47efdfd6503afcf56a57f981bcc23d54211ad3b3c21cbe4bd597873fa6e1
#5 sha256:0250231711a047a6e54e7107d7a3bfb0afd807f5f408d00be0d407c5b8395219 3.15MB / 10.78MB 0.4s
#5 sha256:6fba9447437b5ee1da9b33b2e2d18add55a33d0b763075202e17cad7efd3ff8f 1.05MB / 4.34MB 0.4s
#5 sha256:22dbe790f71562dfd3d49406b1dfd1e85e50f3dd7cb2e97b3918376ca39cae4e 13.63MB / 45.34MB 0.4s
#5 sha256:0250231711a047a6e54e7107d7a3bfb0afd807f5f408d00be0d407c5b8395219 6.29MB / 10.78MB 0.5s
#5 sha256:6fba9447437b5ee1da9b33b2e2d18add55a33d0b763075202e17cad7efd3ff8f 4.34MB / 4.34MB 0.4s done
#5 sha256:22dbe790f71562dfd3d49406b1dfd1e85e50f3dd7cb2e97b3918376ca39cae4e 19.92MB / 45.34MB 0.5s
#5 sha256:c2b4d327b352258a8208acc249d97d70cac3c5cda0cea4a08de4de3cb406d8e5 0B / 50.07MB 0.5s
#5 sha256:0250231711a047a6e54e7107d7a3bfb0afd807f5f408d00be0d407c5b8395219 10.78MB / 10.78MB 0.6s done
#5 sha256:22dbe790f71562dfd3d49406b1dfd1e85e50f3dd7cb2e97b3918376ca39cae4e 31.46MB / 45.34MB 0.7s
#5 sha256:c2b4d327b352258a8208acc249d97d70cac3c5cda0cea4a08de4de3cb406d8e5 6.29MB / 50.07MB 0.7s
#5 sha256:270e1baa52991965b3f6894a941b703500d5cc07550f9fcbd9b2fc0d86103389 0B / 215.05MB 0.7s
#5 sha256:22dbe790f71562dfd3d49406b1dfd1e85e50f3dd7cb2e97b3918376ca39cae4e 37.75MB / 45.34MB 0.9s
#5 sha256:c2b4d327b352258a8208acc249d97d70cac3c5cda0cea4a08de4de3cb406d8e5 13.63MB / 50.07MB 0.9s
#5 sha256:22dbe790f71562dfd3d49406b1dfd1e85e50f3dd7cb2e97b3918376ca39cae4e 42.99MB / 45.34MB 1.0s
#5 sha256:c2b4d327b352258a8208acc249d97d70cac3c5cda0cea4a08de4de3cb406d8e5 16.78MB / 50.07MB 1.0s
#5 sha256:22dbe790f71562dfd3d49406b1dfd1e85e50f3dd7cb2e97b3918376ca39cae4e 45.34MB / 45.34MB 1.1s
#5 sha256:c2b4d327b352258a8208acc249d97d70cac3c5cda0cea4a08de4de3cb406d8e5 19.92MB / 50.07MB 1.1s
#5 sha256:270e1baa52991965b3f6894a941b703500d5cc07550f9fcbd9b2fc0d86103389 19.92MB / 215.05MB 1.1s
#5 sha256:22dbe790f71562dfd3d49406b1dfd1e85e50f3dd7cb2e97b3918376ca39cae4e 45.34MB / 45.34MB 1.1s done
#5 sha256:c2b4d327b352258a8208acc249d97d70cac3c5cda0cea4a08de4de3cb406d8e5 23.07MB / 50.07MB 1.2s
#5 extracting sha256:22dbe790f71562dfd3d49406b1dfd1e85e50f3dd7cb2e97b3918376ca39cae4e 0.1s
#5 sha256:5b96c923e13854a36f1c14a82d0963f7aac39ba4f5a4b8a415619b93514a7de1 0B / 7.92MB 1.2s
#5 sha256:c2b4d327b352258a8208acc249d97d70cac3c5cda0cea4a08de4de3cb406d8e5 29.36MB / 50.07MB 1.4s
#5 sha256:270e1baa52991965b3f6894a941b703500d5cc07550f9fcbd9b2fc0d86103389 40.89MB / 215.05MB 1.4s
#5 sha256:5b96c923e13854a36f1c14a82d0963f7aac39ba4f5a4b8a415619b93514a7de1 3.15MB / 7.92MB 1.4s
#5 sha256:5b96c923e13854a36f1c14a82d0963f7aac39ba4f5a4b8a415619b93514a7de1 7.34MB / 7.92MB 1.5s
#5 sha256:c2b4d327b352258a8208acc249d97d70cac3c5cda0cea4a08de4de3cb406d8e5 34.60MB / 50.07MB 1.6s
#5 sha256:5b96c923e13854a36f1c14a82d0963f7aac39ba4f5a4b8a415619b93514a7de1 7.92MB / 7.92MB 1.5s done
#5 sha256:458ec166d451c55b2073a1faf3780bfeaf431fe30533bc555bfc05a9f14b8da8 0B / 18.62MB 1.6s
#5 sha256:c2b4d327b352258a8208acc249d97d70cac3c5cda0cea4a08de4de3cb406d8e5 37.75MB / 50.07MB 1.7s
#5 sha256:270e1baa52991965b3f6894a941b703500d5cc07550f9fcbd9b2fc0d86103389 56.62MB / 215.05MB 1.7s
#5 sha256:458ec166d451c55b2073a1faf3780bfeaf431fe30533bc555bfc05a9f14b8da8 2.10MB / 18.62MB 1.7s
#5 sha256:c2b4d327b352258a8208acc249d97d70cac3c5cda0cea4a08de4de3cb406d8e5 40.89MB / 50.07MB 1.8s
#5 sha256:458ec166d451c55b2073a1faf3780bfeaf431fe30533bc555bfc05a9f14b8da8 5.24MB / 18.62MB 1.8s
#5 sha256:c2b4d327b352258a8208acc249d97d70cac3c5cda0cea4a08de4de3cb406d8e5 45.09MB / 50.07MB 1.9s
#5 sha256:458ec166d451c55b2073a1faf3780bfeaf431fe30533bc555bfc05a9f14b8da8 9.44MB / 18.62MB 1.9s
#5 sha256:c2b4d327b352258a8208acc249d97d70cac3c5cda0cea4a08de4de3cb406d8e5 50.07MB / 50.07MB 2.1s
#5 sha256:270e1baa52991965b3f6894a941b703500d5cc07550f9fcbd9b2fc0d86103389 76.55MB / 215.05MB 2.1s
#5 sha256:458ec166d451c55b2073a1faf3780bfeaf431fe30533bc555bfc05a9f14b8da8 18.62MB / 18.62MB 2.1s
#5 sha256:c2b4d327b352258a8208acc249d97d70cac3c5cda0cea4a08de4de3cb406d8e5 50.07MB / 50.07MB 2.1s done
#5 sha256:81c856f4aa4a7f2ba8400101f30f4f509f4d91fdd237ea459da1f19348b551e0 0B / 240B 2.2s
#5 sha256:270e1baa52991965b3f6894a941b703500d5cc07550f9fcbd9b2fc0d86103389 93.32MB / 215.05MB 2.3s
#5 sha256:458ec166d451c55b2073a1faf3780bfeaf431fe30533bc555bfc05a9f14b8da8 18.62MB / 18.62MB 2.2s done
#5 sha256:81c856f4aa4a7f2ba8400101f30f4f509f4d91fdd237ea459da1f19348b551e0 240B / 240B 2.3s done
#5 sha256:e715a53f544e05c2e7ec3cbb3eae357db922eb0ace81003edc38e20df978eeca 0B / 1.81MB 2.3s
#5 sha256:e715a53f544e05c2e7ec3cbb3eae357db922eb0ace81003edc38e20df978eeca 1.81MB / 1.81MB 2.4s done
#5 sha256:270e1baa52991965b3f6894a941b703500d5cc07550f9fcbd9b2fc0d86103389 112.20MB / 215.05MB 2.5s
#5 sha256:270e1baa52991965b3f6894a941b703500d5cc07550f9fcbd9b2fc0d86103389 143.44MB / 215.05MB 2.8s
#5 sha256:270e1baa52991965b3f6894a941b703500d5cc07550f9fcbd9b2fc0d86103389 163.58MB / 215.05MB 3.0s
#5 sha256:270e1baa52991965b3f6894a941b703500d5cc07550f9fcbd9b2fc0d86103389 175.11MB / 215.05MB 3.1s
#5 sha256:270e1baa52991965b3f6894a941b703500d5cc07550f9fcbd9b2fc0d86103389 196.08MB / 215.05MB 3.3s
#5 sha256:270e1baa52991965b3f6894a941b703500d5cc07550f9fcbd9b2fc0d86103389 207.62MB / 215.05MB 3.5s
#5 extracting sha256:22dbe790f71562dfd3d49406b1dfd1e85e50f3dd7cb2e97b3918376ca39cae4e 2.8s done
#5 extracting sha256:0250231711a047a6e54e7107d7a3bfb0afd807f5f408d00be0d407c5b8395219
#5 sha256:270e1baa52991965b3f6894a941b703500d5cc07550f9fcbd9b2fc0d86103389 215.05MB / 215.05MB 4.5s done
#5 extracting sha256:0250231711a047a6e54e7107d7a3bfb0afd807f5f408d00be0d407c5b8395219 0.6s done
#5 extracting sha256:6fba9447437b5ee1da9b33b2e2d18add55a33d0b763075202e17cad7efd3ff8f
#5 extracting sha256:6fba9447437b5ee1da9b33b2e2d18add55a33d0b763075202e17cad7efd3ff8f 0.1s done
#5 extracting sha256:c2b4d327b352258a8208acc249d97d70cac3c5cda0cea4a08de4de3cb406d8e5
#5 extracting sha256:c2b4d327b352258a8208acc249d97d70cac3c5cda0cea4a08de4de3cb406d8e5 2.9s done
#5 extracting sha256:270e1baa52991965b3f6894a941b703500d5cc07550f9fcbd9b2fc0d86103389
#5 extracting sha256:270e1baa52991965b3f6894a941b703500d5cc07550f9fcbd9b2fc0d86103389 5.0s
#5 extracting sha256:270e1baa52991965b3f6894a941b703500d5cc07550f9fcbd9b2fc0d86103389 10.0s
#5 extracting sha256:270e1baa52991965b3f6894a941b703500d5cc07550f9fcbd9b2fc0d86103389 10.1s done
#5 extracting sha256:5b96c923e13854a36f1c14a82d0963f7aac39ba4f5a4b8a415619b93514a7de1
#5 extracting sha256:5b96c923e13854a36f1c14a82d0963f7aac39ba4f5a4b8a415619b93514a7de1 0.4s done
#5 extracting sha256:458ec166d451c55b2073a1faf3780bfeaf431fe30533bc555bfc05a9f14b8da8
#5 extracting sha256:458ec166d451c55b2073a1faf3780bfeaf431fe30533bc555bfc05a9f14b8da8 0.8s done
#5 extracting sha256:81c856f4aa4a7f2ba8400101f30f4f509f4d91fdd237ea459da1f19348b551e0
#5 extracting sha256:81c856f4aa4a7f2ba8400101f30f4f509f4d91fdd237ea459da1f19348b551e0 done
#5 extracting sha256:e715a53f544e05c2e7ec3cbb3eae357db922eb0ace81003edc38e20df978eeca 0.1s
#5 extracting sha256:e715a53f544e05c2e7ec3cbb3eae357db922eb0ace81003edc38e20df978eeca 0.2s done
#5 DONE 20.4s

#7 [2/9] RUN apt-get update && apt-get install -y --no-install-recommends librrd-dev net-tools         && rm -rf /var/lib/apt/lists/*
#7 0.225 Ign:1 http://deb.debian.org/debian stretch InRelease
#7 0.228 Ign:2 http://security.debian.org/debian-security stretch/updates InRelease
#7 0.234 Ign:3 http://deb.debian.org/debian stretch-updates InRelease
#7 0.243 Ign:4 http://security.debian.org/debian-security stretch/updates Release
#7 0.247 Ign:5 http://deb.debian.org/debian stretch Release
#7 0.256 Ign:6 http://security.debian.org/debian-security stretch/updates/main amd64 Packages
#7 0.257 Ign:7 http://deb.debian.org/debian stretch-updates Release
#7 0.270 Ign:8 http://security.debian.org/debian-security stretch/updates/main all Packages
#7 0.282 Ign:6 http://security.debian.org/debian-security stretch/updates/main amd64 Packages
#7 0.295 Ign:8 http://security.debian.org/debian-security stretch/updates/main all Packages
#7 0.309 Ign:6 http://security.debian.org/debian-security stretch/updates/main amd64 Packages
#7 0.322 Ign:8 http://security.debian.org/debian-security stretch/updates/main all Packages
#7 0.335 Ign:6 http://security.debian.org/debian-security stretch/updates/main amd64 Packages
#7 0.348 Ign:8 http://security.debian.org/debian-security stretch/updates/main all Packages
#7 0.362 Ign:6 http://security.debian.org/debian-security stretch/updates/main amd64 Packages
#7 0.379 Ign:8 http://security.debian.org/debian-security stretch/updates/main all Packages
#7 0.394 Err:6 http://security.debian.org/debian-security stretch/updates/main amd64 Packages
#7 0.394   404  Not Found
#7 0.402 Ign:9 http://deb.debian.org/debian stretch/main amd64 Packages
#7 0.408 Ign:8 http://security.debian.org/debian-security stretch/updates/main all Packages
#7 0.411 Ign:10 http://deb.debian.org/debian stretch/main all Packages
#7 0.422 Ign:11 http://deb.debian.org/debian stretch-updates/main amd64 Packages
#7 0.433 Ign:12 http://deb.debian.org/debian stretch-updates/main all Packages
#7 0.445 Ign:9 http://deb.debian.org/debian stretch/main amd64 Packages
#7 0.455 Ign:10 http://deb.debian.org/debian stretch/main all Packages
#7 0.466 Ign:11 http://deb.debian.org/debian stretch-updates/main amd64 Packages
#7 0.476 Ign:12 http://deb.debian.org/debian stretch-updates/main all Packages
#7 0.621 Ign:9 http://deb.debian.org/debian stretch/main amd64 Packages
#7 0.631 Ign:10 http://deb.debian.org/debian stretch/main all Packages
#7 0.781 Ign:11 http://deb.debian.org/debian stretch-updates/main amd64 Packages
#7 0.792 Ign:12 http://deb.debian.org/debian stretch-updates/main all Packages
#7 0.803 Ign:9 http://deb.debian.org/debian stretch/main amd64 Packages
#7 0.815 Ign:10 http://deb.debian.org/debian stretch/main all Packages
#7 0.959 Ign:11 http://deb.debian.org/debian stretch-updates/main amd64 Packages
#7 0.971 Ign:12 http://deb.debian.org/debian stretch-updates/main all Packages
#7 1.121 Ign:9 http://deb.debian.org/debian stretch/main amd64 Packages
#7 1.131 Ign:10 http://deb.debian.org/debian stretch/main all Packages
#7 1.283 Ign:11 http://deb.debian.org/debian stretch-updates/main amd64 Packages
#7 1.294 Ign:12 http://deb.debian.org/debian stretch-updates/main all Packages
#7 1.442 Err:9 http://deb.debian.org/debian stretch/main amd64 Packages
#7 1.442   404  Not Found
#7 1.461 Ign:10 http://deb.debian.org/debian stretch/main all Packages
#7 1.610 Err:11 http://deb.debian.org/debian stretch-updates/main amd64 Packages
#7 1.610   404  Not Found
#7 1.622 Ign:12 http://deb.debian.org/debian stretch-updates/main all Packages
#7 1.625 Reading package lists...
#7 1.637 W: The repository 'http://security.debian.org/debian-security stretch/updates Release' does not have a Release file.
#7 1.637 W: The repository 'http://deb.debian.org/debian stretch Release' does not have a Release file.
#7 1.637 W: The repository 'http://deb.debian.org/debian stretch-updates Release' does not have a Release file.
#7 1.637 E: Failed to fetch http://security.debian.org/debian-security/dists/stretch/updates/main/binary-amd64/Packages  404  Not Found
#7 1.637 E: Failed to fetch http://deb.debian.org/debian/dists/stretch/main/binary-amd64/Packages  404  Not Found
#7 1.637 E: Failed to fetch http://deb.debian.org/debian/dists/stretch-updates/main/binary-amd64/Packages  404  Not Found
#7 1.637 E: Some index files failed to download. They have been ignored, or old ones used instead.
#7 ERROR: process "/bin/sh -c apt-get update && apt-get install -y --no-install-recommends librrd-dev net-tools         && rm -rf /var/lib/apt/lists/*" did not complete successfully: exit code: 100
------
 > [2/9] RUN apt-get update && apt-get install -y --no-install-recommends librrd-dev net-tools         && rm -rf /var/lib/apt/lists/*:
1.610   404  Not Found
1.622 Ign:12 http://deb.debian.org/debian stretch-updates/main all Packages
1.625 Reading package lists...
1.637 W: The repository 'http://security.debian.org/debian-security stretch/updates Release' does not have a Release file.
1.637 W: The repository 'http://deb.debian.org/debian stretch Release' does not have a Release file.
1.637 W: The repository 'http://deb.debian.org/debian stretch-updates Release' does not have a Release file.
1.637 E: Failed to fetch http://security.debian.org/debian-security/dists/stretch/updates/main/binary-amd64/Packages  404  Not Found
1.637 E: Failed to fetch http://deb.debian.org/debian/dists/stretch/main/binary-amd64/Packages  404  Not Found
1.637 E: Failed to fetch http://deb.debian.org/debian/dists/stretch-updates/main/binary-amd64/Packages  404  Not Found
1.637 E: Some index files failed to download. They have been ignored, or old ones used instead.
------
v1_Dockerfile:4
--------------------
   3 |     
   4 | >>> RUN apt-get update && apt-get install -y --no-install-recommends librrd-dev net-tools \
   5 | >>>         && rm -rf /var/lib/apt/lists/*
   6 |     
--------------------
ERROR: failed to solve: process "/bin/sh -c apt-get update && apt-get install -y --no-install-recommends librrd-dev net-tools         && rm -rf /var/lib/apt/lists/*" did not complete successfully: exit code: 100
Duration: 0:30.20