#0 building with "default" instance using docker driver

#1 [internal] load .dockerignore
#1 transferring context:
#1 transferring context: 73B done
#1 DONE 0.5s

#2 [internal] load build definition from v1_Dockerfile
#2 transferring dockerfile: 728B done
#2 DONE 0.4s

#3 [internal] load metadata for docker.io/library/elixir:1.4
#3 DONE 1.2s

#4 [ 1/13] FROM docker.io/library/elixir:1.4@sha256:8ede3a3af161625995c62221d2c9549d0e9dbee0e1fc9c710d23c5aa12901eb0
#4 resolve docker.io/library/elixir:1.4@sha256:8ede3a3af161625995c62221d2c9549d0e9dbee0e1fc9c710d23c5aa12901eb0
#4 resolve docker.io/library/elixir:1.4@sha256:8ede3a3af161625995c62221d2c9549d0e9dbee0e1fc9c710d23c5aa12901eb0 0.4s done
#4 ...

#5 [internal] load build context
#5 transferring context: 211.38kB 0.0s done
#5 DONE 0.4s

#4 [ 1/13] FROM docker.io/library/elixir:1.4@sha256:8ede3a3af161625995c62221d2c9549d0e9dbee0e1fc9c710d23c5aa12901eb0
#4 sha256:e9e0b42d090789ceffb59d5d61052e33c1a2ba42accff9663b7756c27fc9770d 8.52kB / 8.52kB done
#4 sha256:2eeb60b190d601e099d60a755676f436d6ec2efef50c21859da10b2bb59314e7 2.22kB / 2.22kB done
#4 sha256:8ede3a3af161625995c62221d2c9549d0e9dbee0e1fc9c710d23c5aa12901eb0 988B / 988B done
#4 sha256:0400ac8f7460260a663e0e97c24d7dfd8a2c947736f0351752b45c53e26d6e02 3.15MB / 45.37MB 0.2s
#4 sha256:da32bfbbc3bad880f731e2f37903c9e359e180a5e74a703293a9441260cf3551 0B / 4.34MB 0.2s
#4 sha256:fa8559aa5ebb59d52475c0142459015fb9be267e1a497d8664f3fc8a35445173 0B / 10.75MB 0.2s
#4 sha256:0400ac8f7460260a663e0e97c24d7dfd8a2c947736f0351752b45c53e26d6e02 11.53MB / 45.37MB 0.4s
#4 sha256:da32bfbbc3bad880f731e2f37903c9e359e180a5e74a703293a9441260cf3551 4.19MB / 4.34MB 0.3s
#4 sha256:0400ac8f7460260a663e0e97c24d7dfd8a2c947736f0351752b45c53e26d6e02 17.83MB / 45.37MB 0.5s
#4 sha256:da32bfbbc3bad880f731e2f37903c9e359e180a5e74a703293a9441260cf3551 4.34MB / 4.34MB 0.4s done
#4 sha256:fa8559aa5ebb59d52475c0142459015fb9be267e1a497d8664f3fc8a35445173 1.05MB / 10.75MB 0.5s
#4 sha256:e1dc6725529d1d5ae67097d74db110cdfe3b60173dd4d9914c825ca6358ef8b5 0B / 50.11MB 0.5s
#4 sha256:0400ac8f7460260a663e0e97c24d7dfd8a2c947736f0351752b45c53e26d6e02 23.07MB / 45.37MB 0.6s
#4 sha256:fa8559aa5ebb59d52475c0142459015fb9be267e1a497d8664f3fc8a35445173 6.29MB / 10.75MB 0.6s
#4 sha256:0400ac8f7460260a663e0e97c24d7dfd8a2c947736f0351752b45c53e26d6e02 33.55MB / 45.37MB 0.8s
#4 sha256:fa8559aa5ebb59d52475c0142459015fb9be267e1a497d8664f3fc8a35445173 10.75MB / 10.75MB 0.8s
#4 sha256:e1dc6725529d1d5ae67097d74db110cdfe3b60173dd4d9914c825ca6358ef8b5 8.39MB / 50.11MB 0.8s
#4 sha256:0400ac8f7460260a663e0e97c24d7dfd8a2c947736f0351752b45c53e26d6e02 38.80MB / 45.37MB 0.9s
#4 sha256:e1dc6725529d1d5ae67097d74db110cdfe3b60173dd4d9914c825ca6358ef8b5 13.63MB / 50.11MB 0.9s
#4 sha256:0400ac8f7460260a663e0e97c24d7dfd8a2c947736f0351752b45c53e26d6e02 45.37MB / 45.37MB 1.1s
#4 sha256:fa8559aa5ebb59d52475c0142459015fb9be267e1a497d8664f3fc8a35445173 10.75MB / 10.75MB 0.9s done
#4 sha256:e1dc6725529d1d5ae67097d74db110cdfe3b60173dd4d9914c825ca6358ef8b5 25.17MB / 50.11MB 1.1s
#4 sha256:572866ab72a68759e23b071fbbdce6341137c9606936b4fff9846f74997bbaac 0B / 214.25MB 1.1s
#4 sha256:e1dc6725529d1d5ae67097d74db110cdfe3b60173dd4d9914c825ca6358ef8b5 38.80MB / 50.11MB 1.3s
#4 sha256:e1dc6725529d1d5ae67097d74db110cdfe3b60173dd4d9914c825ca6358ef8b5 46.14MB / 50.11MB 1.5s
#4 sha256:572866ab72a68759e23b071fbbdce6341137c9606936b4fff9846f74997bbaac 15.73MB / 214.25MB 1.5s
#4 sha256:e1dc6725529d1d5ae67097d74db110cdfe3b60173dd4d9914c825ca6358ef8b5 50.11MB / 50.11MB 1.5s
#4 sha256:572866ab72a68759e23b071fbbdce6341137c9606936b4fff9846f74997bbaac 33.55MB / 214.25MB 1.7s
#4 sha256:0400ac8f7460260a663e0e97c24d7dfd8a2c947736f0351752b45c53e26d6e02 45.37MB / 45.37MB 1.8s done
#4 sha256:572866ab72a68759e23b071fbbdce6341137c9606936b4fff9846f74997bbaac 45.09MB / 214.25MB 1.8s
#4 extracting sha256:0400ac8f7460260a663e0e97c24d7dfd8a2c947736f0351752b45c53e26d6e02 0.1s
#4 sha256:572866ab72a68759e23b071fbbdce6341137c9606936b4fff9846f74997bbaac 65.01MB / 214.25MB 2.1s
#4 sha256:572866ab72a68759e23b071fbbdce6341137c9606936b4fff9846f74997bbaac 80.74MB / 214.25MB 2.5s
#4 sha256:e1dc6725529d1d5ae67097d74db110cdfe3b60173dd4d9914c825ca6358ef8b5 50.11MB / 50.11MB 2.6s done
#4 sha256:572866ab72a68759e23b071fbbdce6341137c9606936b4fff9846f74997bbaac 93.32MB / 214.25MB 2.8s
#4 sha256:a84fc0f3844390195b53b046708eb1ec3279a2d41b04b88109e4fcf7418bee01 199.22kB / 199.22kB 2.8s
#4 sha256:7de158c945f338f6c80480df6fafb5afec5258bb5b961599c90348d008a466a9 0B / 143.49MB 2.8s
#4 sha256:572866ab72a68759e23b071fbbdce6341137c9606936b4fff9846f74997bbaac 110.10MB / 214.25MB 3.1s
#4 sha256:7de158c945f338f6c80480df6fafb5afec5258bb5b961599c90348d008a466a9 9.44MB / 143.49MB 3.1s
#4 sha256:7de158c945f338f6c80480df6fafb5afec5258bb5b961599c90348d008a466a9 22.02MB / 143.49MB 3.3s
#4 sha256:572866ab72a68759e23b071fbbdce6341137c9606936b4fff9846f74997bbaac 123.73MB / 214.25MB 3.4s
#4 sha256:7de158c945f338f6c80480df6fafb5afec5258bb5b961599c90348d008a466a9 29.36MB / 143.49MB 3.4s
#4 sha256:7de158c945f338f6c80480df6fafb5afec5258bb5b961599c90348d008a466a9 42.99MB / 143.49MB 3.6s
#4 sha256:572866ab72a68759e23b071fbbdce6341137c9606936b4fff9846f74997bbaac 136.31MB / 214.25MB 3.8s
#4 sha256:a84fc0f3844390195b53b046708eb1ec3279a2d41b04b88109e4fcf7418bee01 199.22kB / 199.22kB 3.8s done
#4 sha256:7de158c945f338f6c80480df6fafb5afec5258bb5b961599c90348d008a466a9 58.72MB / 143.49MB 3.8s
#4 sha256:7de158c945f338f6c80480df6fafb5afec5258bb5b961599c90348d008a466a9 71.30MB / 143.49MB 4.0s
#4 sha256:8b5b8225a4174e9f5cc64c767828ec1d1d8fc38b7362e6c5ecc72a74c4cea7e8 0B / 959.43kB 4.0s
#4 sha256:7de158c945f338f6c80480df6fafb5afec5258bb5b961599c90348d008a466a9 78.64MB / 143.49MB 4.1s
#4 sha256:8b5b8225a4174e9f5cc64c767828ec1d1d8fc38b7362e6c5ecc72a74c4cea7e8 959.43kB / 959.43kB 4.1s done
#4 sha256:572866ab72a68759e23b071fbbdce6341137c9606936b4fff9846f74997bbaac 148.90MB / 214.25MB 4.2s
#4 sha256:0f40879e235c3b834191a0120f240480b7ab556a480f1b5d2f967423bf08f711 0B / 4.06MB 4.2s
#4 sha256:7de158c945f338f6c80480df6fafb5afec5258bb5b961599c90348d008a466a9 91.23MB / 143.49MB 4.3s
#4 sha256:0f40879e235c3b834191a0120f240480b7ab556a480f1b5d2f967423bf08f711 2.10MB / 4.06MB 4.4s
#4 sha256:572866ab72a68759e23b071fbbdce6341137c9606936b4fff9846f74997bbaac 165.68MB / 214.25MB 4.6s
#4 sha256:7de158c945f338f6c80480df6fafb5afec5258bb5b961599c90348d008a466a9 108.00MB / 143.49MB 4.6s
#4 sha256:0f40879e235c3b834191a0120f240480b7ab556a480f1b5d2f967423bf08f711 4.06MB / 4.06MB 4.6s done
#4 extracting sha256:0400ac8f7460260a663e0e97c24d7dfd8a2c947736f0351752b45c53e26d6e02 2.9s done
#4 sha256:7de158c945f338f6c80480df6fafb5afec5258bb5b961599c90348d008a466a9 115.34MB / 143.49MB 4.8s
#4 sha256:572866ab72a68759e23b071fbbdce6341137c9606936b4fff9846f74997bbaac 179.31MB / 214.25MB 4.9s
#4 sha256:7de158c945f338f6c80480df6fafb5afec5258bb5b961599c90348d008a466a9 128.97MB / 143.49MB 5.0s
#4 extracting sha256:fa8559aa5ebb59d52475c0142459015fb9be267e1a497d8664f3fc8a35445173
#4 sha256:7de158c945f338f6c80480df6fafb5afec5258bb5b961599c90348d008a466a9 136.31MB / 143.49MB 5.1s
#4 sha256:572866ab72a68759e23b071fbbdce6341137c9606936b4fff9846f74997bbaac 192.94MB / 214.25MB 5.2s
#4 sha256:7de158c945f338f6c80480df6fafb5afec5258bb5b961599c90348d008a466a9 143.49MB / 143.49MB 5.2s
#4 sha256:572866ab72a68759e23b071fbbdce6341137c9606936b4fff9846f74997bbaac 207.62MB / 214.25MB 5.4s
#4 extracting sha256:fa8559aa5ebb59d52475c0142459015fb9be267e1a497d8664f3fc8a35445173 0.6s done
#4 sha256:7de158c945f338f6c80480df6fafb5afec5258bb5b961599c90348d008a466a9 143.49MB / 143.49MB 7.5s done
#4 sha256:572866ab72a68759e23b071fbbdce6341137c9606936b4fff9846f74997bbaac 214.25MB / 214.25MB 10.5s
#4 sha256:572866ab72a68759e23b071fbbdce6341137c9606936b4fff9846f74997bbaac 214.25MB / 214.25MB 12.5s done
#4 extracting sha256:da32bfbbc3bad880f731e2f37903c9e359e180a5e74a703293a9441260cf3551
#4 extracting sha256:da32bfbbc3bad880f731e2f37903c9e359e180a5e74a703293a9441260cf3551 0.2s done
#4 extracting sha256:e1dc6725529d1d5ae67097d74db110cdfe3b60173dd4d9914c825ca6358ef8b5
#4 extracting sha256:e1dc6725529d1d5ae67097d74db110cdfe3b60173dd4d9914c825ca6358ef8b5 3.3s done
#4 extracting sha256:572866ab72a68759e23b071fbbdce6341137c9606936b4fff9846f74997bbaac
#4 extracting sha256:572866ab72a68759e23b071fbbdce6341137c9606936b4fff9846f74997bbaac 5.1s
#4 extracting sha256:572866ab72a68759e23b071fbbdce6341137c9606936b4fff9846f74997bbaac 10.1s
#4 extracting sha256:572866ab72a68759e23b071fbbdce6341137c9606936b4fff9846f74997bbaac 11.9s done
#4 extracting sha256:7de158c945f338f6c80480df6fafb5afec5258bb5b961599c90348d008a466a9
#4 extracting sha256:7de158c945f338f6c80480df6fafb5afec5258bb5b961599c90348d008a466a9 5.1s
#4 extracting sha256:7de158c945f338f6c80480df6fafb5afec5258bb5b961599c90348d008a466a9 5.4s done
#4 extracting sha256:a84fc0f3844390195b53b046708eb1ec3279a2d41b04b88109e4fcf7418bee01
#4 extracting sha256:a84fc0f3844390195b53b046708eb1ec3279a2d41b04b88109e4fcf7418bee01 0.1s done
#4 extracting sha256:8b5b8225a4174e9f5cc64c767828ec1d1d8fc38b7362e6c5ecc72a74c4cea7e8
#4 extracting sha256:8b5b8225a4174e9f5cc64c767828ec1d1d8fc38b7362e6c5ecc72a74c4cea7e8 0.1s done
#4 extracting sha256:0f40879e235c3b834191a0120f240480b7ab556a480f1b5d2f967423bf08f711
#4 extracting sha256:0f40879e235c3b834191a0120f240480b7ab556a480f1b5d2f967423bf08f711 0.2s done
#4 DONE 46.0s

#6 [ 2/13] RUN mkdir /usr/src/app
#6 DONE 21.0s

#7 [ 3/13] WORKDIR /usr/src/app
#7 DONE 0.4s

#8 [ 4/13] RUN mix local.hex --force &&     mix local.rebar --force
#8 2.319 * creating /root/.mix/archives/hex-1.0.1
#8 4.575 * creating /root/.mix/rebar
#8 4.640 
#8 4.640 04:55:40.852 [error] GenServer #PID<0.137.0> terminating
#8 4.640 ** (stop) normal
#8 4.640     (inets) httpc_handler.erl:1676: :httpc_handler.update_session/4
#8 4.640     (inets) httpc_handler.erl:1316: :httpc_handler.maybe_make_session_available/2
#8 4.640     (inets) httpc_handler.erl:1307: :httpc_handler.answer_request/3
#8 4.640     (inets) httpc_handler.erl:371: :httpc_handler.terminate/2
#8 4.640     (stdlib) gen_server.erl:629: :gen_server.try_terminate/3
#8 4.640     (stdlib) gen_server.erl:795: :gen_server.terminate/7
#8 4.640     (stdlib) proc_lib.erl:247: :proc_lib.init_p_do_apply/3
#8 4.640 Last message: {:ssl, {:sslsocket, {:gen_tcp, #Port<0.4658>, :tls_connection, :undefined}, #PID<0.138.0>}, "kRjWXB2f1yD+5fDK3O+98+JEI5IZEU/NblFst4h5+3D5RTI4KcP7Gz8ZjYBGi9Sy\nZFGQPZeOQRO1WVbwD0lzDOdoj8vudBZlFJH7f5X0aUbz42LRZJJxT2WKSDfbGU3Q\n77VMQrpspDOTzAy+tejPNfn0T2YfE9/NPK+HrR8mU38WN0pEwb5GnrsLZSlIAxjt\n4Plswlo59coXV+lwAngWuS0dFBU0m+mjqTkJuwG0c/nsPnJOM9dh+t9vZLeP1Lmm\nOmlTGrAZDBoEhjm0gephECWvmd7l5Kukg4A4JT6/3gPEUrTpvRwbO92lKXNexAXJ\nLxd0rZG+FkBuANsKShxNAw==\n"}
#8 4.640 State: {:state, {:request, #Reference<0.0.24.41>, #PID<0.73.0>, 1, :https, {'builds.hex.pm', 443}, '/installs/rebar3-1.x.csv.signed', [], :get, {:http_request_h, :undefined, 'keep-alive', :undefined, :undefined, :undefined, :undefined, :undefined, :undefined, :undefined, :undefined, :undefined, :undefined, :undefined, :undefined, :undefined, :undefined, 'builds.hex.pm', :undefined, :undefined, :undefined, :undefined, :undefined, :undefined, :undefined, :undefined, :undefined, [], 'Mix/1.4.5', :undefined, :undefined, :undefined, '0', :undefined, :undefined, :undefined, :undefined, :undefined, ...}, {[], []}, {:http_options, 'HTTP/1.1', :infinity, true, {:essl, []}, :undefined, true, :infinity, false}, 'https://builds.hex.pm:443/installs/rebar3-1.x.csv.signed', [], :none, [], 1722488140805, :undefined, :undefined, false}, {:session, {{'builds.hex.pm', 443}, #PID<0.137.0>}, false, :https, {:sslsocket, {:gen_tcp, #Port<0.4658>, :tls_connection, :undefined}, #PID<0.138.0>}, {:essl, []}, 1, :keep_alive, false}, {'HTTP/1.1', 200, 'OK'}, {:http_response_h, 'public, max-age=604800', 'keep-alive', 'Thu, 01 Aug 2024 04:55:40 GMT', :undefined, :undefined, :undefined, :undefined, '1.1 varnish', :undefined, 'bytes', '212433', '"1c52df9be4efaff05c7e397c5fef2718"', :undefined, :undefined, :undefined, 'AmazonS3', :undefined, :undefined, :undefined, :undefined, :undefined, '350', :undefined, :undefined, :undefined, 'binary/octet-stream', :undefined, 'Mon, 29 May 2023 13:36:07 GMT', [{'x-amz-id-2', 'ubYM7pyq6r1O/yNL45o7hoIzcbwkjTDPXUf/WcbWA+luOwuwrp6/uHskNIOfEeNrYfy8fuIFiyQ='}, {'x-amz-request-id', 'CZ8KDTMSA3ZFJWGR'}, {'x-amz-server-side-encryption', 'AES256'}, {'x-amz-meta-surrogate-key', 'installs'}, {'x-amz-version-id', 'XrSz_PX.B.iLROBkpSQFeVv.0tRvjWEF'}, {'x-served-by', 'cache-iad-kcgs7200059-IAD, cache-yvr1522-YVR'}, {'x-cache', 'HIT, HIT'}, {'x-cache-hits', '149, 19'}, {'x-timer', 'S1722488141.816524,VS0,VE10'}]}, :undefined, {:httpc_response, :whole_body, ["", 350]}, {[], []}, {[], []}, :new, [], :nolimit, :nolimit, {:options, {:undefined, []}, {:undefined, []}, 0, 2, 5, 120000, 2, :disabled, false, :inet, :default, :default, []}, {:timers, [], :undefined}, :httpc_mix, :inactive}
#8 4.657 * creating /root/.mix/rebar3
#8 DONE 5.5s

#9 [ 5/13] RUN mix archive.install --force hex phx_new 1.4.16
#9 2.461 Resolving Hex dependencies...
#9 2.479 Dependency resolution completed:
#9 2.479 New:
#9 2.479   phx_new 1.4.16
#9 2.486 * Getting phx_new (Hex package)
#9 3.210 ** (Mix) You're trying to run :phx_new on Elixir v1.4.5 but it has declared in its mix.exs file it supports only Elixir ~> 1.5
#9 ERROR: process "/bin/sh -c mix archive.install --force hex phx_new 1.4.16" did not complete successfully: exit code: 1
------
 > [ 5/13] RUN mix archive.install --force hex phx_new 1.4.16:
2.461 Resolving Hex dependencies...
2.479 Dependency resolution completed:
2.479 New:
2.479   phx_new 1.4.16
2.486 * Getting phx_new (Hex package)
3.210 ** (Mix) You're trying to run :phx_new on Elixir v1.4.5 but it has declared in its mix.exs file it supports only Elixir ~> 1.5
------
v1_Dockerfile:14
--------------------
  12 |     
  13 |     # Install Phoenix framework
  14 | >>> RUN mix archive.install --force hex phx_new 1.4.16
  15 |     
  16 |     ADD mix.exs /usr/src/app/mix.exs
--------------------
ERROR: failed to solve: process "/bin/sh -c mix archive.install --force hex phx_new 1.4.16" did not complete successfully: exit code: 1
Duration: 1:18.78