#0 building with "default" instance using docker driver

#1 [internal] load build definition from v2_Dockerfile
#1 transferring dockerfile:
#1 transferring dockerfile: 641B done
#1 DONE 0.4s

#2 [internal] load .dockerignore
#2 transferring context: 2B done
#2 DONE 0.5s

#3 [internal] load metadata for docker.io/johnpryan/dart-content-shell-docker:latest
#3 ...

#4 [auth] johnpryan/dart-content-shell-docker:pull token for registry-1.docker.io
#4 DONE 0.0s

#3 [internal] load metadata for docker.io/johnpryan/dart-content-shell-docker:latest
#3 DONE 1.1s

#5 [1/8] FROM docker.io/johnpryan/dart-content-shell-docker@sha256:eeff0973a6aa48e361fc9401e10f79adb6b7067fece6b2b562e69acc1b8b8ffb
#5 resolve docker.io/johnpryan/dart-content-shell-docker@sha256:eeff0973a6aa48e361fc9401e10f79adb6b7067fece6b2b562e69acc1b8b8ffb 0.1s done
#5 sha256:451093c58f51fc6de813ff90e6fd3db3cc0a149d7897d94d7e1f35ef06d319a5 9.04kB / 9.04kB done
#5 sha256:eeff0973a6aa48e361fc9401e10f79adb6b7067fece6b2b562e69acc1b8b8ffb 3.90kB / 3.90kB done
#5 sha256:670eea98f3d547b0cd81b692224eed7abb530182e3c1b45debcdce28d0b18b3d 0B / 250B 0.1s
#5 sha256:670eea98f3d547b0cd81b692224eed7abb530182e3c1b45debcdce28d0b18b3d 250B / 250B 0.2s
#5 sha256:f029baa5dc242de3ed4b9494ced1d84ba63f8ea547920cfb6f16d93028d2e2d7 0B / 86.61MB 0.2s
#5 sha256:60b6684f9e27e38c0e4baee0914dfd57e174d7cb769a6949ada0650602968d60 0B / 53.41MB 0.3s
#5 sha256:a16f94332347dc5b893d8a519ea07f0c667d5fcf15312480175d9163cc7154a7 0B / 11.61MB 0.3s
#5 sha256:670eea98f3d547b0cd81b692224eed7abb530182e3c1b45debcdce28d0b18b3d 250B / 250B 0.2s done
#5 sha256:f029baa5dc242de3ed4b9494ced1d84ba63f8ea547920cfb6f16d93028d2e2d7 5.24MB / 86.61MB 0.4s
#5 sha256:a16f94332347dc5b893d8a519ea07f0c667d5fcf15312480175d9163cc7154a7 7.34MB / 11.61MB 0.5s
#5 sha256:f029baa5dc242de3ed4b9494ced1d84ba63f8ea547920cfb6f16d93028d2e2d7 12.58MB / 86.61MB 0.7s
#5 sha256:60b6684f9e27e38c0e4baee0914dfd57e174d7cb769a6949ada0650602968d60 6.29MB / 53.41MB 0.7s
#5 sha256:a16f94332347dc5b893d8a519ea07f0c667d5fcf15312480175d9163cc7154a7 11.61MB / 11.61MB 0.7s
#5 sha256:f029baa5dc242de3ed4b9494ced1d84ba63f8ea547920cfb6f16d93028d2e2d7 17.83MB / 86.61MB 0.8s
#5 sha256:60b6684f9e27e38c0e4baee0914dfd57e174d7cb769a6949ada0650602968d60 10.49MB / 53.41MB 0.9s
#5 sha256:a16f94332347dc5b893d8a519ea07f0c667d5fcf15312480175d9163cc7154a7 11.61MB / 11.61MB 0.7s done
#5 sha256:f86625ccabe1b9614d580b7dc77a5ec5ae3c6890435818b10a2d03bce32728f1 0B / 165.33MB 0.9s
#5 sha256:60b6684f9e27e38c0e4baee0914dfd57e174d7cb769a6949ada0650602968d60 14.68MB / 53.41MB 1.3s
#5 sha256:f86625ccabe1b9614d580b7dc77a5ec5ae3c6890435818b10a2d03bce32728f1 10.49MB / 165.33MB 1.3s
#5 sha256:f029baa5dc242de3ed4b9494ced1d84ba63f8ea547920cfb6f16d93028d2e2d7 23.07MB / 86.61MB 1.4s
#5 sha256:60b6684f9e27e38c0e4baee0914dfd57e174d7cb769a6949ada0650602968d60 17.83MB / 53.41MB 1.5s
#5 sha256:f029baa5dc242de3ed4b9494ced1d84ba63f8ea547920cfb6f16d93028d2e2d7 28.31MB / 86.61MB 1.8s
#5 sha256:60b6684f9e27e38c0e4baee0914dfd57e174d7cb769a6949ada0650602968d60 22.02MB / 53.41MB 1.8s
#5 sha256:f86625ccabe1b9614d580b7dc77a5ec5ae3c6890435818b10a2d03bce32728f1 18.87MB / 165.33MB 1.9s
#5 sha256:60b6684f9e27e38c0e4baee0914dfd57e174d7cb769a6949ada0650602968d60 26.21MB / 53.41MB 2.1s
#5 sha256:f029baa5dc242de3ed4b9494ced1d84ba63f8ea547920cfb6f16d93028d2e2d7 33.55MB / 86.61MB 2.3s
#5 sha256:60b6684f9e27e38c0e4baee0914dfd57e174d7cb769a6949ada0650602968d60 31.46MB / 53.41MB 2.5s
#5 sha256:f86625ccabe1b9614d580b7dc77a5ec5ae3c6890435818b10a2d03bce32728f1 28.31MB / 165.33MB 2.5s
#5 sha256:f029baa5dc242de3ed4b9494ced1d84ba63f8ea547920cfb6f16d93028d2e2d7 38.80MB / 86.61MB 2.7s
#5 sha256:60b6684f9e27e38c0e4baee0914dfd57e174d7cb769a6949ada0650602968d60 34.60MB / 53.41MB 2.8s
#5 sha256:f029baa5dc242de3ed4b9494ced1d84ba63f8ea547920cfb6f16d93028d2e2d7 44.04MB / 86.61MB 3.1s
#5 sha256:60b6684f9e27e38c0e4baee0914dfd57e174d7cb769a6949ada0650602968d60 38.80MB / 53.41MB 3.1s
#5 sha256:f86625ccabe1b9614d580b7dc77a5ec5ae3c6890435818b10a2d03bce32728f1 36.70MB / 165.33MB 3.1s
#5 sha256:60b6684f9e27e38c0e4baee0914dfd57e174d7cb769a6949ada0650602968d60 42.99MB / 53.41MB 3.4s
#5 sha256:f029baa5dc242de3ed4b9494ced1d84ba63f8ea547920cfb6f16d93028d2e2d7 50.33MB / 86.61MB 3.5s
#5 sha256:60b6684f9e27e38c0e4baee0914dfd57e174d7cb769a6949ada0650602968d60 46.14MB / 53.41MB 3.7s
#5 sha256:f86625ccabe1b9614d580b7dc77a5ec5ae3c6890435818b10a2d03bce32728f1 46.14MB / 165.33MB 3.9s
#5 sha256:f029baa5dc242de3ed4b9494ced1d84ba63f8ea547920cfb6f16d93028d2e2d7 57.67MB / 86.61MB 4.0s
#5 sha256:60b6684f9e27e38c0e4baee0914dfd57e174d7cb769a6949ada0650602968d60 49.28MB / 53.41MB 4.0s
#5 sha256:60b6684f9e27e38c0e4baee0914dfd57e174d7cb769a6949ada0650602968d60 53.41MB / 53.41MB 4.3s
#5 sha256:f86625ccabe1b9614d580b7dc77a5ec5ae3c6890435818b10a2d03bce32728f1 54.53MB / 165.33MB 4.4s
#5 sha256:f029baa5dc242de3ed4b9494ced1d84ba63f8ea547920cfb6f16d93028d2e2d7 67.11MB / 86.61MB 4.6s
#5 sha256:f86625ccabe1b9614d580b7dc77a5ec5ae3c6890435818b10a2d03bce32728f1 63.96MB / 165.33MB 4.8s
#5 sha256:f029baa5dc242de3ed4b9494ced1d84ba63f8ea547920cfb6f16d93028d2e2d7 72.35MB / 86.61MB 5.0s
#5 sha256:60b6684f9e27e38c0e4baee0914dfd57e174d7cb769a6949ada0650602968d60 53.41MB / 53.41MB 5.1s done
#5 sha256:f86625ccabe1b9614d580b7dc77a5ec5ae3c6890435818b10a2d03bce32728f1 73.40MB / 165.33MB 5.2s
#5 sha256:7990f2685c0ed8bc66a151ce9c794e38467106624a08edb1f2e7aa6ccff4d577 0B / 14.13MB 5.2s
#5 sha256:f029baa5dc242de3ed4b9494ced1d84ba63f8ea547920cfb6f16d93028d2e2d7 77.59MB / 86.61MB 5.3s
#5 extracting sha256:60b6684f9e27e38c0e4baee0914dfd57e174d7cb769a6949ada0650602968d60
#5 sha256:7990f2685c0ed8bc66a151ce9c794e38467106624a08edb1f2e7aa6ccff4d577 1.05MB / 14.13MB 5.5s
#5 sha256:7990f2685c0ed8bc66a151ce9c794e38467106624a08edb1f2e7aa6ccff4d577 2.10MB / 14.13MB 5.6s
#5 sha256:f86625ccabe1b9614d580b7dc77a5ec5ae3c6890435818b10a2d03bce32728f1 82.84MB / 165.33MB 5.7s
#5 sha256:7990f2685c0ed8bc66a151ce9c794e38467106624a08edb1f2e7aa6ccff4d577 4.19MB / 14.13MB 5.8s
#5 sha256:f029baa5dc242de3ed4b9494ced1d84ba63f8ea547920cfb6f16d93028d2e2d7 84.93MB / 86.61MB 5.9s
#5 sha256:7990f2685c0ed8bc66a151ce9c794e38467106624a08edb1f2e7aa6ccff4d577 5.24MB / 14.13MB 5.9s
#5 sha256:f86625ccabe1b9614d580b7dc77a5ec5ae3c6890435818b10a2d03bce32728f1 91.23MB / 165.33MB 6.1s
#5 sha256:7990f2685c0ed8bc66a151ce9c794e38467106624a08edb1f2e7aa6ccff4d577 7.34MB / 14.13MB 6.1s
#5 sha256:7990f2685c0ed8bc66a151ce9c794e38467106624a08edb1f2e7aa6ccff4d577 8.39MB / 14.13MB 6.2s
#5 sha256:7990f2685c0ed8bc66a151ce9c794e38467106624a08edb1f2e7aa6ccff4d577 9.44MB / 14.13MB 6.3s
#5 sha256:f86625ccabe1b9614d580b7dc77a5ec5ae3c6890435818b10a2d03bce32728f1 101.71MB / 165.33MB 6.5s
#5 sha256:7990f2685c0ed8bc66a151ce9c794e38467106624a08edb1f2e7aa6ccff4d577 12.58MB / 14.13MB 6.5s
#5 sha256:7990f2685c0ed8bc66a151ce9c794e38467106624a08edb1f2e7aa6ccff4d577 14.13MB / 14.13MB 6.6s
#5 sha256:f86625ccabe1b9614d580b7dc77a5ec5ae3c6890435818b10a2d03bce32728f1 114.29MB / 165.33MB 6.9s
#5 sha256:f86625ccabe1b9614d580b7dc77a5ec5ae3c6890435818b10a2d03bce32728f1 122.68MB / 165.33MB 7.1s
#5 sha256:f86625ccabe1b9614d580b7dc77a5ec5ae3c6890435818b10a2d03bce32728f1 132.12MB / 165.33MB 7.4s
#5 sha256:f029baa5dc242de3ed4b9494ced1d84ba63f8ea547920cfb6f16d93028d2e2d7 86.61MB / 86.61MB 7.4s done
#5 sha256:f86625ccabe1b9614d580b7dc77a5ec5ae3c6890435818b10a2d03bce32728f1 141.56MB / 165.33MB 7.7s
#5 sha256:7990f2685c0ed8bc66a151ce9c794e38467106624a08edb1f2e7aa6ccff4d577 14.13MB / 14.13MB 7.7s done
#5 sha256:06c0fe51d621145482162580960ba975c7ebe006a4328406557c261927dbfd14 0B / 61.93MB 7.8s
#5 sha256:035463cab2f59e376de3259d46a63fa153355e1bfa745bd565979d742d26b84f 0B / 60.48MB 7.9s
#5 sha256:f86625ccabe1b9614d580b7dc77a5ec5ae3c6890435818b10a2d03bce32728f1 155.19MB / 165.33MB 8.1s
#5 sha256:06c0fe51d621145482162580960ba975c7ebe006a4328406557c261927dbfd14 3.15MB / 61.93MB 8.4s
#5 sha256:035463cab2f59e376de3259d46a63fa153355e1bfa745bd565979d742d26b84f 4.19MB / 60.48MB 8.4s
#5 sha256:f86625ccabe1b9614d580b7dc77a5ec5ae3c6890435818b10a2d03bce32728f1 163.58MB / 165.33MB 8.6s
#5 sha256:035463cab2f59e376de3259d46a63fa153355e1bfa745bd565979d742d26b84f 7.34MB / 60.48MB 8.6s
#5 extracting sha256:60b6684f9e27e38c0e4baee0914dfd57e174d7cb769a6949ada0650602968d60 3.5s done
#5 sha256:06c0fe51d621145482162580960ba975c7ebe006a4328406557c261927dbfd14 6.29MB / 61.93MB 8.7s
#5 sha256:06c0fe51d621145482162580960ba975c7ebe006a4328406557c261927dbfd14 9.44MB / 61.93MB 8.9s
#5 sha256:035463cab2f59e376de3259d46a63fa153355e1bfa745bd565979d742d26b84f 13.63MB / 60.48MB 8.9s
#5 sha256:035463cab2f59e376de3259d46a63fa153355e1bfa745bd565979d742d26b84f 18.87MB / 60.48MB 9.1s
#5 sha256:06c0fe51d621145482162580960ba975c7ebe006a4328406557c261927dbfd14 15.73MB / 61.93MB 9.3s
#5 sha256:035463cab2f59e376de3259d46a63fa153355e1bfa745bd565979d742d26b84f 22.02MB / 60.48MB 9.3s
#5 sha256:035463cab2f59e376de3259d46a63fa153355e1bfa745bd565979d742d26b84f 26.21MB / 60.48MB 9.5s
#5 sha256:06c0fe51d621145482162580960ba975c7ebe006a4328406557c261927dbfd14 24.12MB / 61.93MB 9.6s
#5 sha256:06c0fe51d621145482162580960ba975c7ebe006a4328406557c261927dbfd14 30.41MB / 61.93MB 9.9s
#5 sha256:035463cab2f59e376de3259d46a63fa153355e1bfa745bd565979d742d26b84f 31.46MB / 60.48MB 9.8s
#5 sha256:06c0fe51d621145482162580960ba975c7ebe006a4328406557c261927dbfd14 33.55MB / 61.93MB 10.1s
#5 sha256:035463cab2f59e376de3259d46a63fa153355e1bfa745bd565979d742d26b84f 36.70MB / 60.48MB 10.1s
#5 sha256:06c0fe51d621145482162580960ba975c7ebe006a4328406557c261927dbfd14 37.75MB / 61.93MB 10.3s
#5 sha256:035463cab2f59e376de3259d46a63fa153355e1bfa745bd565979d742d26b84f 39.85MB / 60.48MB 10.3s
#5 sha256:06c0fe51d621145482162580960ba975c7ebe006a4328406557c261927dbfd14 41.94MB / 61.93MB 10.5s
#5 sha256:035463cab2f59e376de3259d46a63fa153355e1bfa745bd565979d742d26b84f 42.99MB / 60.48MB 10.5s
#5 sha256:06c0fe51d621145482162580960ba975c7ebe006a4328406557c261927dbfd14 45.09MB / 61.93MB 10.7s
#5 sha256:035463cab2f59e376de3259d46a63fa153355e1bfa745bd565979d742d26b84f 48.23MB / 60.48MB 10.7s
#5 sha256:035463cab2f59e376de3259d46a63fa153355e1bfa745bd565979d742d26b84f 51.38MB / 60.48MB 10.8s
#5 sha256:06c0fe51d621145482162580960ba975c7ebe006a4328406557c261927dbfd14 50.33MB / 61.93MB 11.1s
#5 sha256:035463cab2f59e376de3259d46a63fa153355e1bfa745bd565979d742d26b84f 57.67MB / 60.48MB 11.1s
#5 sha256:f86625ccabe1b9614d580b7dc77a5ec5ae3c6890435818b10a2d03bce32728f1 165.33MB / 165.33MB 11.1s done
#5 sha256:06c0fe51d621145482162580960ba975c7ebe006a4328406557c261927dbfd14 55.57MB / 61.93MB 11.3s
#5 sha256:187e9e8e97d33f68311793d374a1f2785b00f2f581cdb272abc73985d913d268 0B / 61.93MB 11.3s
#5 sha256:06c0fe51d621145482162580960ba975c7ebe006a4328406557c261927dbfd14 59.77MB / 61.93MB 11.4s
#5 sha256:187e9e8e97d33f68311793d374a1f2785b00f2f581cdb272abc73985d913d268 8.39MB / 61.93MB 11.7s
#5 sha256:187e9e8e97d33f68311793d374a1f2785b00f2f581cdb272abc73985d913d268 12.58MB / 61.93MB 11.9s
#5 sha256:187e9e8e97d33f68311793d374a1f2785b00f2f581cdb272abc73985d913d268 17.83MB / 61.93MB 12.1s
#5 sha256:035463cab2f59e376de3259d46a63fa153355e1bfa745bd565979d742d26b84f 60.48MB / 60.48MB 12.1s done
#5 extracting sha256:f029baa5dc242de3ed4b9494ced1d84ba63f8ea547920cfb6f16d93028d2e2d7
#5 sha256:187e9e8e97d33f68311793d374a1f2785b00f2f581cdb272abc73985d913d268 23.07MB / 61.93MB 12.3s
#5 sha256:187e9e8e97d33f68311793d374a1f2785b00f2f581cdb272abc73985d913d268 26.21MB / 61.93MB 12.4s
#5 sha256:187e9e8e97d33f68311793d374a1f2785b00f2f581cdb272abc73985d913d268 33.55MB / 61.93MB 12.6s
#5 sha256:187e9e8e97d33f68311793d374a1f2785b00f2f581cdb272abc73985d913d268 37.75MB / 61.93MB 12.7s
#5 sha256:187e9e8e97d33f68311793d374a1f2785b00f2f581cdb272abc73985d913d268 40.89MB / 61.93MB 12.8s
#5 sha256:187e9e8e97d33f68311793d374a1f2785b00f2f581cdb272abc73985d913d268 45.09MB / 61.93MB 12.9s
#5 sha256:187e9e8e97d33f68311793d374a1f2785b00f2f581cdb272abc73985d913d268 49.28MB / 61.93MB 13.0s
#5 sha256:187e9e8e97d33f68311793d374a1f2785b00f2f581cdb272abc73985d913d268 53.48MB / 61.93MB 13.1s
#5 sha256:187e9e8e97d33f68311793d374a1f2785b00f2f581cdb272abc73985d913d268 61.87MB / 61.93MB 13.3s
#5 sha256:06c0fe51d621145482162580960ba975c7ebe006a4328406557c261927dbfd14 61.93MB / 61.93MB 13.3s done
#5 sha256:8b34035fd2e9f2ca0029b9c477e70c22b70028fe751302e0c03643206c0cc433 0B / 120B 13.4s
#5 sha256:8b34035fd2e9f2ca0029b9c477e70c22b70028fe751302e0c03643206c0cc433 120B / 120B 13.5s
#5 sha256:574fd61a6af9a3eac1023dd4fb8a8ccefafeb127eb7a64c6b898815e0678ebde 0B / 45.57MB 13.5s
#5 sha256:574fd61a6af9a3eac1023dd4fb8a8ccefafeb127eb7a64c6b898815e0678ebde 5.24MB / 45.57MB 13.7s
#5 sha256:574fd61a6af9a3eac1023dd4fb8a8ccefafeb127eb7a64c6b898815e0678ebde 11.53MB / 45.57MB 13.9s
#5 sha256:574fd61a6af9a3eac1023dd4fb8a8ccefafeb127eb7a64c6b898815e0678ebde 19.92MB / 45.57MB 14.1s
#5 sha256:574fd61a6af9a3eac1023dd4fb8a8ccefafeb127eb7a64c6b898815e0678ebde 24.12MB / 45.57MB 14.2s
#5 sha256:187e9e8e97d33f68311793d374a1f2785b00f2f581cdb272abc73985d913d268 61.93MB / 61.93MB 14.3s done
#5 sha256:8b34035fd2e9f2ca0029b9c477e70c22b70028fe751302e0c03643206c0cc433 120B / 120B 14.3s done
#5 sha256:574fd61a6af9a3eac1023dd4fb8a8ccefafeb127eb7a64c6b898815e0678ebde 32.51MB / 45.57MB 14.4s
#5 sha256:574fd61a6af9a3eac1023dd4fb8a8ccefafeb127eb7a64c6b898815e0678ebde 36.70MB / 45.57MB 14.6s
#5 sha256:3406775faa0bde20cfe07a347148f8ab8142bc75f4e595b692d8599e6f0fe85d 0B / 47.14MB 14.6s
#5 sha256:1d31cc591bcb4b735ccaaf575f1d28b207981f06ee27ad0f8b191503d3490444 126B / 126B 14.6s
#5 sha256:574fd61a6af9a3eac1023dd4fb8a8ccefafeb127eb7a64c6b898815e0678ebde 39.85MB / 45.57MB 14.7s
#5 sha256:1d31cc591bcb4b735ccaaf575f1d28b207981f06ee27ad0f8b191503d3490444 126B / 126B 14.6s done
#5 sha256:aa32acfeb8f04d12a59ffe087d743cc63e8d3ac153441efce08e14647396f631 0B / 179B 14.7s
#5 sha256:574fd61a6af9a3eac1023dd4fb8a8ccefafeb127eb7a64c6b898815e0678ebde 44.04MB / 45.57MB 14.8s
#5 sha256:3406775faa0bde20cfe07a347148f8ab8142bc75f4e595b692d8599e6f0fe85d 10.49MB / 47.14MB 15.1s
#5 sha256:aa32acfeb8f04d12a59ffe087d743cc63e8d3ac153441efce08e14647396f631 179B / 179B 15.1s
#5 sha256:3406775faa0bde20cfe07a347148f8ab8142bc75f4e595b692d8599e6f0fe85d 13.63MB / 47.14MB 15.2s
#5 sha256:3406775faa0bde20cfe07a347148f8ab8142bc75f4e595b692d8599e6f0fe85d 17.83MB / 47.14MB 15.3s
#5 sha256:3406775faa0bde20cfe07a347148f8ab8142bc75f4e595b692d8599e6f0fe85d 25.17MB / 47.14MB 15.5s
#5 sha256:574fd61a6af9a3eac1023dd4fb8a8ccefafeb127eb7a64c6b898815e0678ebde 45.57MB / 45.57MB 15.6s done
#5 sha256:3406775faa0bde20cfe07a347148f8ab8142bc75f4e595b692d8599e6f0fe85d 29.36MB / 47.14MB 15.6s
#5 sha256:3406775faa0bde20cfe07a347148f8ab8142bc75f4e595b692d8599e6f0fe85d 32.51MB / 47.14MB 15.7s
#5 sha256:aa32acfeb8f04d12a59ffe087d743cc63e8d3ac153441efce08e14647396f631 179B / 179B 15.6s done
#5 sha256:2e9f9fd2c0f7a38e3e232959074d4fcbfd503f0cb8db2efc8392527df78af1d4 0B / 98.65MB 15.7s
#5 sha256:3406775faa0bde20cfe07a347148f8ab8142bc75f4e595b692d8599e6f0fe85d 37.75MB / 47.14MB 15.8s
#5 sha256:d42da260cf8de0d75a9312890f06f6afa51abf525c67a2701a2acdc9108658f5 0B / 102.57MB 15.8s
#5 sha256:3406775faa0bde20cfe07a347148f8ab8142bc75f4e595b692d8599e6f0fe85d 41.94MB / 47.14MB 16.0s
#5 sha256:3406775faa0bde20cfe07a347148f8ab8142bc75f4e595b692d8599e6f0fe85d 47.14MB / 47.14MB 16.3s
#5 sha256:d42da260cf8de0d75a9312890f06f6afa51abf525c67a2701a2acdc9108658f5 7.34MB / 102.57MB 16.3s
#5 sha256:2e9f9fd2c0f7a38e3e232959074d4fcbfd503f0cb8db2efc8392527df78af1d4 5.24MB / 98.65MB 16.5s
#5 sha256:d42da260cf8de0d75a9312890f06f6afa51abf525c67a2701a2acdc9108658f5 12.58MB / 102.57MB 16.5s
#5 sha256:d42da260cf8de0d75a9312890f06f6afa51abf525c67a2701a2acdc9108658f5 18.87MB / 102.57MB 16.7s
#5 sha256:2e9f9fd2c0f7a38e3e232959074d4fcbfd503f0cb8db2efc8392527df78af1d4 10.49MB / 98.65MB 16.9s
#5 sha256:d42da260cf8de0d75a9312890f06f6afa51abf525c67a2701a2acdc9108658f5 24.12MB / 102.57MB 16.9s
#5 sha256:3406775faa0bde20cfe07a347148f8ab8142bc75f4e595b692d8599e6f0fe85d 47.14MB / 47.14MB 16.9s done
#5 sha256:2e9f9fd2c0f7a38e3e232959074d4fcbfd503f0cb8db2efc8392527df78af1d4 17.83MB / 98.65MB 17.2s
#5 sha256:d42da260cf8de0d75a9312890f06f6afa51abf525c67a2701a2acdc9108658f5 32.51MB / 102.57MB 17.2s
#5 sha256:96dd068e55c226d9ce2361b2903c08798dd1336223599fac4d8362bc9e83c1bd 195B / 195B 17.1s done
#5 extracting sha256:f029baa5dc242de3ed4b9494ced1d84ba63f8ea547920cfb6f16d93028d2e2d7 5.1s
#5 sha256:2e9f9fd2c0f7a38e3e232959074d4fcbfd503f0cb8db2efc8392527df78af1d4 24.12MB / 98.65MB 17.5s
#5 sha256:d42da260cf8de0d75a9312890f06f6afa51abf525c67a2701a2acdc9108658f5 38.80MB / 102.57MB 17.5s
#5 sha256:2e9f9fd2c0f7a38e3e232959074d4fcbfd503f0cb8db2efc8392527df78af1d4 30.41MB / 98.65MB 17.8s
#5 extracting sha256:f029baa5dc242de3ed4b9494ced1d84ba63f8ea547920cfb6f16d93028d2e2d7 5.7s done
#5 sha256:d42da260cf8de0d75a9312890f06f6afa51abf525c67a2701a2acdc9108658f5 47.19MB / 102.57MB 18.0s
#5 sha256:2e9f9fd2c0f7a38e3e232959074d4fcbfd503f0cb8db2efc8392527df78af1d4 37.75MB / 98.65MB 18.1s
#5 extracting sha256:670eea98f3d547b0cd81b692224eed7abb530182e3c1b45debcdce28d0b18b3d
#5 sha256:2e9f9fd2c0f7a38e3e232959074d4fcbfd503f0cb8db2efc8392527df78af1d4 42.99MB / 98.65MB 18.4s
#5 sha256:d42da260cf8de0d75a9312890f06f6afa51abf525c67a2701a2acdc9108658f5 54.53MB / 102.57MB 18.4s
#5 extracting sha256:670eea98f3d547b0cd81b692224eed7abb530182e3c1b45debcdce28d0b18b3d done
#5 extracting sha256:a16f94332347dc5b893d8a519ea07f0c667d5fcf15312480175d9163cc7154a7
#5 sha256:2e9f9fd2c0f7a38e3e232959074d4fcbfd503f0cb8db2efc8392527df78af1d4 49.28MB / 98.65MB 18.7s
#5 sha256:d42da260cf8de0d75a9312890f06f6afa51abf525c67a2701a2acdc9108658f5 60.82MB / 102.57MB 18.7s
#5 extracting sha256:a16f94332347dc5b893d8a519ea07f0c667d5fcf15312480175d9163cc7154a7 0.1s done
#5 extracting sha256:f86625ccabe1b9614d580b7dc77a5ec5ae3c6890435818b10a2d03bce32728f1
#5 sha256:d42da260cf8de0d75a9312890f06f6afa51abf525c67a2701a2acdc9108658f5 66.06MB / 102.57MB 18.9s
#5 sha256:2e9f9fd2c0f7a38e3e232959074d4fcbfd503f0cb8db2efc8392527df78af1d4 55.57MB / 98.65MB 19.2s
#5 sha256:d42da260cf8de0d75a9312890f06f6afa51abf525c67a2701a2acdc9108658f5 73.40MB / 102.57MB 19.2s
#5 sha256:2e9f9fd2c0f7a38e3e232959074d4fcbfd503f0cb8db2efc8392527df78af1d4 60.82MB / 98.65MB 19.5s
#5 sha256:d42da260cf8de0d75a9312890f06f6afa51abf525c67a2701a2acdc9108658f5 79.69MB / 102.57MB 19.5s
#5 sha256:2e9f9fd2c0f7a38e3e232959074d4fcbfd503f0cb8db2efc8392527df78af1d4 68.16MB / 98.65MB 19.9s
#5 sha256:d42da260cf8de0d75a9312890f06f6afa51abf525c67a2701a2acdc9108658f5 88.08MB / 102.57MB 19.9s
#5 sha256:2e9f9fd2c0f7a38e3e232959074d4fcbfd503f0cb8db2efc8392527df78af1d4 73.40MB / 98.65MB 20.2s
#5 sha256:d42da260cf8de0d75a9312890f06f6afa51abf525c67a2701a2acdc9108658f5 94.37MB / 102.57MB 20.2s
#5 sha256:2e9f9fd2c0f7a38e3e232959074d4fcbfd503f0cb8db2efc8392527df78af1d4 78.64MB / 98.65MB 20.4s
#5 sha256:d42da260cf8de0d75a9312890f06f6afa51abf525c67a2701a2acdc9108658f5 99.61MB / 102.57MB 20.5s
#5 sha256:2e9f9fd2c0f7a38e3e232959074d4fcbfd503f0cb8db2efc8392527df78af1d4 83.89MB / 98.65MB 20.6s
#5 sha256:2e9f9fd2c0f7a38e3e232959074d4fcbfd503f0cb8db2efc8392527df78af1d4 94.37MB / 98.65MB 20.9s
#5 sha256:d42da260cf8de0d75a9312890f06f6afa51abf525c67a2701a2acdc9108658f5 102.57MB / 102.57MB 22.3s done
#5 sha256:2e9f9fd2c0f7a38e3e232959074d4fcbfd503f0cb8db2efc8392527df78af1d4 98.65MB / 98.65MB 23.7s done
#5 extracting sha256:f86625ccabe1b9614d580b7dc77a5ec5ae3c6890435818b10a2d03bce32728f1 5.0s
#5 extracting sha256:f86625ccabe1b9614d580b7dc77a5ec5ae3c6890435818b10a2d03bce32728f1 8.6s done
#5 extracting sha256:7990f2685c0ed8bc66a151ce9c794e38467106624a08edb1f2e7aa6ccff4d577
#5 extracting sha256:7990f2685c0ed8bc66a151ce9c794e38467106624a08edb1f2e7aa6ccff4d577 1.0s done
#5 extracting sha256:035463cab2f59e376de3259d46a63fa153355e1bfa745bd565979d742d26b84f
#5 extracting sha256:035463cab2f59e376de3259d46a63fa153355e1bfa745bd565979d742d26b84f 1.0s done
#5 extracting sha256:06c0fe51d621145482162580960ba975c7ebe006a4328406557c261927dbfd14
#5 extracting sha256:06c0fe51d621145482162580960ba975c7ebe006a4328406557c261927dbfd14 4.0s done
#5 extracting sha256:187e9e8e97d33f68311793d374a1f2785b00f2f581cdb272abc73985d913d268
#5 extracting sha256:187e9e8e97d33f68311793d374a1f2785b00f2f581cdb272abc73985d913d268 4.3s done
#5 extracting sha256:8b34035fd2e9f2ca0029b9c477e70c22b70028fe751302e0c03643206c0cc433
#5 extracting sha256:8b34035fd2e9f2ca0029b9c477e70c22b70028fe751302e0c03643206c0cc433 done
#5 extracting sha256:574fd61a6af9a3eac1023dd4fb8a8ccefafeb127eb7a64c6b898815e0678ebde
#5 extracting sha256:574fd61a6af9a3eac1023dd4fb8a8ccefafeb127eb7a64c6b898815e0678ebde 0.7s done
#5 extracting sha256:3406775faa0bde20cfe07a347148f8ab8142bc75f4e595b692d8599e6f0fe85d
#5 extracting sha256:3406775faa0bde20cfe07a347148f8ab8142bc75f4e595b692d8599e6f0fe85d 2.6s done
#5 extracting sha256:1d31cc591bcb4b735ccaaf575f1d28b207981f06ee27ad0f8b191503d3490444
#5 extracting sha256:1d31cc591bcb4b735ccaaf575f1d28b207981f06ee27ad0f8b191503d3490444 done
#5 extracting sha256:aa32acfeb8f04d12a59ffe087d743cc63e8d3ac153441efce08e14647396f631
#5 extracting sha256:aa32acfeb8f04d12a59ffe087d743cc63e8d3ac153441efce08e14647396f631 done
#5 extracting sha256:2e9f9fd2c0f7a38e3e232959074d4fcbfd503f0cb8db2efc8392527df78af1d4
#5 extracting sha256:2e9f9fd2c0f7a38e3e232959074d4fcbfd503f0cb8db2efc8392527df78af1d4 1.6s done
#5 extracting sha256:d42da260cf8de0d75a9312890f06f6afa51abf525c67a2701a2acdc9108658f5
#5 extracting sha256:d42da260cf8de0d75a9312890f06f6afa51abf525c67a2701a2acdc9108658f5 5.1s
#5 extracting sha256:d42da260cf8de0d75a9312890f06f6afa51abf525c67a2701a2acdc9108658f5 5.9s done
#5 extracting sha256:96dd068e55c226d9ce2361b2903c08798dd1336223599fac4d8362bc9e83c1bd
#5 extracting sha256:96dd068e55c226d9ce2361b2903c08798dd1336223599fac4d8362bc9e83c1bd done
#5 DONE 63.3s

#6 [2/8] RUN apt-get update && apt-get install -y --no-install-recommends apt-transport-https ca-certificates gnupg
#6 34.04 Ign http://security.debian.org jessie/updates InRelease
#6 34.13 Get:1 https://storage.googleapis.com stable InRelease [219 B]
#6 34.17 Ign https://storage.googleapis.com stable InRelease
#6 34.18 Ign http://us.archive.ubuntu.com precise InRelease
#6 34.18 Get:2 https://storage.googleapis.com unstable InRelease [221 B]
#6 34.20 Ign https://storage.googleapis.com unstable InRelease
#6 34.20 Ign http://security.debian.org jessie/updates Release.gpg
#6 34.21 Ign http://security.debian.org jessie/updates Release
#6 34.27 Ign http://httpredir.debian.org jessie InRelease
#6 34.27 Ign http://us.archive.ubuntu.com precise Release.gpg
#6 34.27 Get:3 https://storage.googleapis.com stable Release.gpg [833 B]
#6 34.33 Get:4 https://storage.googleapis.com unstable Release.gpg [833 B]
#6 34.34 Ign http://us.archive.ubuntu.com precise Release
#6 34.36 Err http://security.debian.org jessie/updates/main amd64 Packages
#6 34.36   
#6 34.37 Get:5 https://storage.googleapis.com stable Release [947 B]
#6 43.17 Ign http://httpredir.debian.org jessie-updates InRelease
#6 43.17 Err http://security.debian.org jessie/updates/main amd64 Packages
#6 43.17   
#6 43.18 Err https://storage.googleapis.com stable Release
#6 43.18   
#6 43.21 Get:6 https://storage.googleapis.com unstable Release [948 B]
#6 43.21 Err https://storage.googleapis.com unstable Release
#6 43.21   
#6 43.33 Err http://security.debian.org jessie/updates/main amd64 Packages
#6 43.33   
#6 43.33 Ign http://httpredir.debian.org jessie Release.gpg
#6 43.48 Err http://security.debian.org jessie/updates/main amd64 Packages
#6 43.48   
#6 43.64 Err http://security.debian.org jessie/updates/main amd64 Packages
#6 43.64   404  Not Found [IP: 151.101.66.132 80]
#6 43.82 Err http://us.archive.ubuntu.com precise/main amd64 Packages
#6 43.82   404  Not Found [IP: 91.189.91.81 80]
#6 43.89 Err http://us.archive.ubuntu.com precise/multiverse amd64 Packages
#6 43.89   404  Not Found [IP: 91.189.91.81 80]
#6 44.00 Ign http://httpredir.debian.org jessie-updates Release.gpg
#6 44.16 Ign http://httpredir.debian.org jessie Release
#6 44.44 Ign http://httpredir.debian.org jessie-updates Release
#6 47.28 Err http://httpredir.debian.org jessie/main amd64 Packages
#6 47.28   404  Not Found
#6 47.49 Err http://httpredir.debian.org jessie-updates/main amd64 Packages
#6 47.49   404  Not Found
#6 51.89 Fetched 3561 B in 13s (264 B/s)
#6 51.89 Reading package lists...
#6 61.78 W: An error occurred during the signature verification. The repository is not updated and the previous index files will be used. GPG error: https://storage.googleapis.com stable Release: The following signatures couldn't be verified because the public key is not available: NO_PUBKEY E88979FB9B30ACF2
#6 61.78 
#6 61.78 W: An error occurred during the signature verification. The repository is not updated and the previous index files will be used. GPG error: https://storage.googleapis.com unstable Release: The following signatures couldn't be verified because the public key is not available: NO_PUBKEY E88979FB9B30ACF2
#6 61.78 
#6 61.78 W: Failed to fetch http://security.debian.org/dists/jessie/updates/main/binary-amd64/Packages  404  Not Found [IP: 151.101.66.132 80]
#6 61.78 
#6 61.78 W: Failed to fetch https://storage.googleapis.com/download.dartlang.org/linux/debian/dists/stable/Release  
#6 61.78 
#6 61.78 W: Failed to fetch https://storage.googleapis.com/download.dartlang.org/linux/debian/dists/unstable/Release  
#6 61.78 
#6 61.78 W: Failed to fetch http://us.archive.ubuntu.com/ubuntu/dists/precise/main/binary-amd64/Packages  404  Not Found [IP: 91.189.91.81 80]
#6 61.78 
#6 61.78 W: Failed to fetch http://us.archive.ubuntu.com/ubuntu/dists/precise/multiverse/binary-amd64/Packages  404  Not Found [IP: 91.189.91.81 80]
#6 61.78 
#6 61.78 W: Failed to fetch http://httpredir.debian.org/debian/dists/jessie/main/binary-amd64/Packages  404  Not Found
#6 61.78 
#6 61.78 W: Failed to fetch http://httpredir.debian.org/debian/dists/jessie-updates/main/binary-amd64/Packages  404  Not Found
#6 61.78 
#6 61.78 W: Some index files failed to download. They have been ignored, or old ones used instead.
#6 66.16 Reading package lists...
#6 76.02 Building dependency tree...
#6 76.15 Reading state information...
#6 76.24 apt-transport-https is already the newest version.
#6 76.24 ca-certificates is already the newest version.
#6 76.24 gnupg is already the newest version.
#6 76.24 0 upgraded, 0 newly installed, 0 to remove and 6 not upgraded.
#6 DONE 76.4s

#7 [3/8] RUN apt-key adv --keyserver keyserver.ubuntu.com --recv-keys E88979FB9B30ACF2
#7 35.96 Executing: gpg --ignore-time-conflict --no-options --no-default-keyring --homedir /tmp/tmp.cBKmuq1W7J --no-auto-check-trustdb --trust-model always --keyring /etc/apt/trusted.gpg --primary-keyring /etc/apt/trusted.gpg --keyring /etc/apt/trusted.gpg.d/debian-archive-jessie-automatic.gpg --keyring /etc/apt/trusted.gpg.d/debian-archive-jessie-security-automatic.gpg --keyring /etc/apt/trusted.gpg.d/debian-archive-jessie-stable.gpg --keyring /etc/apt/trusted.gpg.d/debian-archive-stretch-automatic.gpg --keyring /etc/apt/trusted.gpg.d/debian-archive-stretch-security-automatic.gpg --keyring /etc/apt/trusted.gpg.d/debian-archive-stretch-stable.gpg --keyring /etc/apt/trusted.gpg.d/debian-archive-wheezy-automatic.gpg --keyring /etc/apt/trusted.gpg.d/debian-archive-wheezy-stable.gpg --keyserver keyserver.ubuntu.com --recv-keys E88979FB9B30ACF2
#7 35.97 gpg: requesting key 9B30ACF2 from hkp server keyserver.ubuntu.com
#7 36.60 gpg: key D38B4796: "Google Inc. (Linux Packages Signing Authority) <linux-packages-keymaster@google.com>" 21 new signatures
#7 36.60 gpg: key D38B4796: "Google Inc. (Linux Packages Signing Authority) <linux-packages-keymaster@google.com>" 4 new subkeys
#7 36.60 gpg: Total number processed: 1
#7 36.60 gpg:            new subkeys: 4
#7 36.60 gpg:         new signatures: 21
#7 DONE 36.8s

#8 [4/8] RUN echo "deb https://storage.googleapis.com/download.dartlang.org/linux/debian stable main" > /etc/apt/sources.list.d/dart_stable.list
#8 DONE 0.9s

#9 [5/8] RUN apt-get update && apt-get install -y lcov git-core libglu1-mesa
#9 31.38 Ign http://security.debian.org jessie/updates InRelease
#9 31.39 Ign http://security.debian.org jessie/updates Release.gpg
#9 31.39 Ign http://security.debian.org jessie/updates Release
#9 31.39 Err http://security.debian.org jessie/updates/main amd64 Packages
#9 31.39   
#9 31.39 Err http://security.debian.org jessie/updates/main amd64 Packages
#9 31.39   
#9 31.40 Err http://security.debian.org jessie/updates/main amd64 Packages
#9 31.40   
#9 31.40 Ign http://httpredir.debian.org jessie InRelease
#9 31.40 Err http://security.debian.org jessie/updates/main amd64 Packages
#9 31.40   
#9 31.40 Err http://security.debian.org jessie/updates/main amd64 Packages
#9 31.40   404  Not Found [IP: 151.101.194.132 80]
#9 31.41 Ign http://httpredir.debian.org jessie-updates InRelease
#9 31.42 Ign http://httpredir.debian.org jessie Release.gpg
#9 31.43 Ign http://httpredir.debian.org jessie-updates Release.gpg
#9 31.44 Ign http://httpredir.debian.org jessie Release
#9 31.45 Ign http://httpredir.debian.org jessie-updates Release
#9 31.46 Get:1 https://storage.googleapis.com stable InRelease [219 B]
#9 31.49 Ign https://storage.googleapis.com stable InRelease
#9 31.49 Get:2 https://storage.googleapis.com unstable InRelease [221 B]
#9 31.53 Ign https://storage.googleapis.com unstable InRelease
#9 31.53 Ign http://us.archive.ubuntu.com precise InRelease
#9 31.57 Get:3 https://storage.googleapis.com stable Release.gpg [833 B]
#9 31.59 Ign http://us.archive.ubuntu.com precise Release.gpg
#9 31.60 Err http://httpredir.debian.org jessie/main amd64 Packages
#9 31.60   404  Not Found
#9 31.61 Err http://httpredir.debian.org jessie-updates/main amd64 Packages
#9 31.61   404  Not Found
#9 31.62 Get:4 https://storage.googleapis.com unstable Release.gpg [833 B]
#9 31.66 Ign http://us.archive.ubuntu.com precise Release
#9 31.76 Get:5 https://storage.googleapis.com stable Release [947 B]
#9 40.58 Get:6 https://storage.googleapis.com unstable Release [948 B]
#9 40.63 Get:7 https://storage.googleapis.com stable/main amd64 Packages [11.3 kB]
#9 49.46 Get:8 https://storage.googleapis.com unstable/main amd64 Packages [3682 B]
#9 49.89 Err http://us.archive.ubuntu.com precise/main amd64 Packages
#9 49.89   404  Not Found [IP: 91.189.91.81 80]
#9 49.96 Err http://us.archive.ubuntu.com precise/multiverse amd64 Packages
#9 49.96   404  Not Found [IP: 91.189.91.81 80]
#9 49.97 W: Failed to fetch http://security.debian.org/dists/jessie/updates/main/binary-amd64/Packages  404  Not Found [IP: 151.101.194.132 80]
#9 49.97 
#9 49.97 W: Failed to fetch http://httpredir.debian.org/debian/dists/jessie/main/binary-amd64/Packages  404  Not Found
#9 49.97 
#9 49.97 W: Failed to fetch http://httpredir.debian.org/debian/dists/jessie-updates/main/binary-amd64/Packages  404  Not Found
#9 49.97 
#9 49.97 W: Failed to fetch http://us.archive.ubuntu.com/ubuntu/dists/precise/main/binary-amd64/Packages  404  Not Found [IP: 91.189.91.81 80]
#9 49.97 
#9 49.97 W: Failed to fetch http://us.archive.ubuntu.com/ubuntu/dists/precise/multiverse/binary-amd64/Packages  404  Not Found [IP: 91.189.91.81 80]
#9 49.97 
#9 49.97 E: Some index files failed to download. They have been ignored, or old ones used instead.
#9 49.97 Fetched 18.6 kB in 18s (999 B/s)
#9 ERROR: process "/bin/sh -c apt-get update && apt-get install -y lcov git-core libglu1-mesa" did not complete successfully: exit code: 100
------
 > [5/8] RUN apt-get update && apt-get install -y lcov git-core libglu1-mesa:
49.97 W: Failed to fetch http://httpredir.debian.org/debian/dists/jessie/main/binary-amd64/Packages  404  Not Found
49.97 
49.97 W: Failed to fetch http://httpredir.debian.org/debian/dists/jessie-updates/main/binary-amd64/Packages  404  Not Found
49.97 
49.97 W: Failed to fetch http://us.archive.ubuntu.com/ubuntu/dists/precise/main/binary-amd64/Packages  404  Not Found [IP: 91.189.91.81 80]
49.97 
49.97 W: Failed to fetch http://us.archive.ubuntu.com/ubuntu/dists/precise/multiverse/binary-amd64/Packages  404  Not Found [IP: 91.189.91.81 80]
49.97 
49.97 E: Some index files failed to download. They have been ignored, or old ones used instead.
49.97 Fetched 18.6 kB in 18s (999 B/s)
------
v2_Dockerfile:9
--------------------
   7 |     RUN echo "deb https://storage.googleapis.com/download.dartlang.org/linux/debian stable main" > /etc/apt/sources.list.d/dart_stable.list
   8 |     
   9 | >>> RUN apt-get update && apt-get install -y lcov git-core libglu1-mesa
  10 |     
  11 |     WORKDIR /
--------------------
ERROR: failed to solve: process "/bin/sh -c apt-get update && apt-get install -y lcov git-core libglu1-mesa" did not complete successfully: exit code: 100
Duration: 3:49.81