#0 building with "default" instance using docker driver

#1 [internal] load .dockerignore
#1 transferring context:
#1 transferring context: 2B done
#1 DONE 0.4s

#2 [internal] load build definition from v1_Dockerfile
#2 transferring dockerfile: 955B done
#2 DONE 0.3s

#3 [internal] load metadata for docker.io/library/php:5.6-fpm
#3 DONE 0.6s

#4 [1/7] FROM docker.io/library/php:5.6-fpm@sha256:4f070f1b7b93cc5ab364839b79a5b26f38d5f89461f7bc0cd4bab4a3ad7d67d7
#4 resolve docker.io/library/php:5.6-fpm@sha256:4f070f1b7b93cc5ab364839b79a5b26f38d5f89461f7bc0cd4bab4a3ad7d67d7
#4 resolve docker.io/library/php:5.6-fpm@sha256:4f070f1b7b93cc5ab364839b79a5b26f38d5f89461f7bc0cd4bab4a3ad7d67d7 0.3s done
#4 DONE 0.3s

#4 [1/7] FROM docker.io/library/php:5.6-fpm@sha256:4f070f1b7b93cc5ab364839b79a5b26f38d5f89461f7bc0cd4bab4a3ad7d67d7
#4 sha256:7cfd6ccb875ff314b2c672b62aa3169fe79d54bf3422b7b0017955b3457ca1a7 2.41kB / 2.41kB done
#4 sha256:4f070f1b7b93cc5ab364839b79a5b26f38d5f89461f7bc0cd4bab4a3ad7d67d7 2.06kB / 2.06kB done
#4 sha256:3458979c7744b141df354aff9cb3233733c0f5077aa638a1b39a64d53d7c7c52 11.02kB / 11.02kB done
#4 sha256:5e6ec7f28fb77f84f64b8c29fcb0a746260563f5858315e3e9fcc4aee2844840 0B / 22.50MB 0.1s
#4 sha256:cf165947b5b75ef63a7872634239e795a3063179895699dc8e0726f1039946b3 0B / 229B 0.1s
#4 sha256:cf165947b5b75ef63a7872634239e795a3063179895699dc8e0726f1039946b3 229B / 229B 0.3s done
#4 sha256:7bd37682846da479bcfb64459fa36e043d3380a77b401f6de5b862d00d8dcebf 0B / 67.44MB 0.3s
#4 sha256:5e6ec7f28fb77f84f64b8c29fcb0a746260563f5858315e3e9fcc4aee2844840 2.10MB / 22.50MB 0.5s
#4 sha256:7bd37682846da479bcfb64459fa36e043d3380a77b401f6de5b862d00d8dcebf 6.29MB / 67.44MB 0.5s
#4 sha256:99daf8e838e14fb73055ddac03535d506dbf36a5a01c37497ff001c0dbd68f3e 0B / 181B 0.5s
#4 sha256:5e6ec7f28fb77f84f64b8c29fcb0a746260563f5858315e3e9fcc4aee2844840 6.29MB / 22.50MB 0.5s
#4 sha256:7bd37682846da479bcfb64459fa36e043d3380a77b401f6de5b862d00d8dcebf 11.53MB / 67.44MB 0.5s
#4 sha256:5e6ec7f28fb77f84f64b8c29fcb0a746260563f5858315e3e9fcc4aee2844840 16.78MB / 22.50MB 0.7s
#4 sha256:7bd37682846da479bcfb64459fa36e043d3380a77b401f6de5b862d00d8dcebf 23.07MB / 67.44MB 0.7s
#4 sha256:99daf8e838e14fb73055ddac03535d506dbf36a5a01c37497ff001c0dbd68f3e 181B / 181B 0.5s done
#4 sha256:f8628c9f032fade4362a9956f015f3b0ecf32aef17a5daa360f1083de20cc014 0B / 12.80MB 0.7s
#4 sha256:5e6ec7f28fb77f84f64b8c29fcb0a746260563f5858315e3e9fcc4aee2844840 22.50MB / 22.50MB 0.8s
#4 sha256:7bd37682846da479bcfb64459fa36e043d3380a77b401f6de5b862d00d8dcebf 28.31MB / 67.44MB 0.8s
#4 sha256:f8628c9f032fade4362a9956f015f3b0ecf32aef17a5daa360f1083de20cc014 3.15MB / 12.80MB 0.8s
#4 sha256:7bd37682846da479bcfb64459fa36e043d3380a77b401f6de5b862d00d8dcebf 39.85MB / 67.44MB 1.0s
#4 sha256:f8628c9f032fade4362a9956f015f3b0ecf32aef17a5daa360f1083de20cc014 12.80MB / 12.80MB 1.0s
#4 sha256:7bd37682846da479bcfb64459fa36e043d3380a77b401f6de5b862d00d8dcebf 46.14MB / 67.44MB 1.1s
#4 sha256:5e6ec7f28fb77f84f64b8c29fcb0a746260563f5858315e3e9fcc4aee2844840 22.50MB / 22.50MB 1.2s done
#4 sha256:7bd37682846da479bcfb64459fa36e043d3380a77b401f6de5b862d00d8dcebf 52.43MB / 67.44MB 1.2s
#4 sha256:7bd37682846da479bcfb64459fa36e043d3380a77b401f6de5b862d00d8dcebf 63.96MB / 67.44MB 1.4s
#4 sha256:7bd37682846da479bcfb64459fa36e043d3380a77b401f6de5b862d00d8dcebf 67.44MB / 67.44MB 1.6s
#4 sha256:f8628c9f032fade4362a9956f015f3b0ecf32aef17a5daa360f1083de20cc014 12.80MB / 12.80MB 1.5s done
#4 extracting sha256:5e6ec7f28fb77f84f64b8c29fcb0a746260563f5858315e3e9fcc4aee2844840
#4 sha256:6ab76f312877177f6694d6c7ae3c0477a75d3f90b9b8f2fb88a18e4c24633183 0B / 23.03MB 1.6s
#4 sha256:6ab76f312877177f6694d6c7ae3c0477a75d3f90b9b8f2fb88a18e4c24633183 5.24MB / 23.03MB 1.8s
#4 sha256:6ab76f312877177f6694d6c7ae3c0477a75d3f90b9b8f2fb88a18e4c24633183 11.53MB / 23.03MB 1.9s
#4 sha256:6ab76f312877177f6694d6c7ae3c0477a75d3f90b9b8f2fb88a18e4c24633183 16.78MB / 23.03MB 2.0s
#4 sha256:6ab76f312877177f6694d6c7ae3c0477a75d3f90b9b8f2fb88a18e4c24633183 23.03MB / 23.03MB 2.1s
#4 sha256:7bd37682846da479bcfb64459fa36e043d3380a77b401f6de5b862d00d8dcebf 67.44MB / 67.44MB 2.7s done
#4 sha256:50ff925cdfa25671b7bc9097bb20f135b71c3a7ba703d4c28f7f361ffca67b8a 0B / 499B 2.8s
#4 sha256:50ff925cdfa25671b7bc9097bb20f135b71c3a7ba703d4c28f7f361ffca67b8a 499B / 499B 2.9s
#4 sha256:6ab76f312877177f6694d6c7ae3c0477a75d3f90b9b8f2fb88a18e4c24633183 23.03MB / 23.03MB 3.1s done
#4 sha256:a6dbb35d45d2183fa82c58872db2bea1c72d4a7b7cc48131d6c9882d2c2b703c 0B / 130B 3.2s
#4 sha256:50ff925cdfa25671b7bc9097bb20f135b71c3a7ba703d4c28f7f361ffca67b8a 499B / 499B 3.3s done
#4 sha256:a6dbb35d45d2183fa82c58872db2bea1c72d4a7b7cc48131d6c9882d2c2b703c 130B / 130B 3.3s
#4 sha256:28ea94b4dd8261983e67c14f5f938159eb27e98c807274b3a6af9c47216bfede 0B / 2.19kB 3.4s
#4 sha256:98b901ec9e8d4c89f5a14e5c2cb39784ea19578187c4451432f52daecbef5763 0B / 7.71kB 3.4s
#4 sha256:a6dbb35d45d2183fa82c58872db2bea1c72d4a7b7cc48131d6c9882d2c2b703c 130B / 130B 3.5s done
#4 sha256:28ea94b4dd8261983e67c14f5f938159eb27e98c807274b3a6af9c47216bfede 2.19kB / 2.19kB 3.6s done
#4 sha256:98b901ec9e8d4c89f5a14e5c2cb39784ea19578187c4451432f52daecbef5763 7.71kB / 7.71kB 3.5s done
#4 extracting sha256:5e6ec7f28fb77f84f64b8c29fcb0a746260563f5858315e3e9fcc4aee2844840 3.8s done
#4 extracting sha256:cf165947b5b75ef63a7872634239e795a3063179895699dc8e0726f1039946b3
#4 extracting sha256:cf165947b5b75ef63a7872634239e795a3063179895699dc8e0726f1039946b3 0.0s done
#4 extracting sha256:7bd37682846da479bcfb64459fa36e043d3380a77b401f6de5b862d00d8dcebf
#4 extracting sha256:7bd37682846da479bcfb64459fa36e043d3380a77b401f6de5b862d00d8dcebf 5.1s
#4 extracting sha256:7bd37682846da479bcfb64459fa36e043d3380a77b401f6de5b862d00d8dcebf 10.2s
#4 extracting sha256:7bd37682846da479bcfb64459fa36e043d3380a77b401f6de5b862d00d8dcebf 12.0s done
#4 extracting sha256:99daf8e838e14fb73055ddac03535d506dbf36a5a01c37497ff001c0dbd68f3e done
#4 extracting sha256:f8628c9f032fade4362a9956f015f3b0ecf32aef17a5daa360f1083de20cc014
#4 extracting sha256:f8628c9f032fade4362a9956f015f3b0ecf32aef17a5daa360f1083de20cc014 0.4s done
#4 extracting sha256:50ff925cdfa25671b7bc9097bb20f135b71c3a7ba703d4c28f7f361ffca67b8a done
#4 extracting sha256:6ab76f312877177f6694d6c7ae3c0477a75d3f90b9b8f2fb88a18e4c24633183 0.1s
#4 extracting sha256:6ab76f312877177f6694d6c7ae3c0477a75d3f90b9b8f2fb88a18e4c24633183 3.4s done
#4 extracting sha256:28ea94b4dd8261983e67c14f5f938159eb27e98c807274b3a6af9c47216bfede
#4 extracting sha256:28ea94b4dd8261983e67c14f5f938159eb27e98c807274b3a6af9c47216bfede done
#4 extracting sha256:a6dbb35d45d2183fa82c58872db2bea1c72d4a7b7cc48131d6c9882d2c2b703c done
#4 extracting sha256:98b901ec9e8d4c89f5a14e5c2cb39784ea19578187c4451432f52daecbef5763
#4 extracting sha256:98b901ec9e8d4c89f5a14e5c2cb39784ea19578187c4451432f52daecbef5763 done
#4 DONE 27.6s

#5 [2/7] RUN mkdir /root/.ssh
#5 DONE 11.2s

#6 [3/7] RUN ln -s /code/docker_confs/id_rsa /root/.ssh/id_rsa
#6 DONE 1.9s

#7 [4/7] RUN apt-get -y update && apt-get -y install --no-install-recommends     libssl-dev     git     unzip     vim     libpq-dev     && rm -rf /var/lib/apt/lists/*
#7 2.035 Ign:1 http://security.debian.org/debian-security stretch/updates InRelease
#7 2.046 Ign:2 http://security.debian.org/debian-security stretch/updates Release
#7 2.057 Ign:3 http://security.debian.org/debian-security stretch/updates/main all Packages
#7 2.068 Ign:4 http://security.debian.org/debian-security stretch/updates/main amd64 Packages
#7 2.079 Ign:3 http://security.debian.org/debian-security stretch/updates/main all Packages
#7 2.090 Ign:4 http://security.debian.org/debian-security stretch/updates/main amd64 Packages
#7 2.101 Ign:3 http://security.debian.org/debian-security stretch/updates/main all Packages
#7 2.112 Ign:4 http://security.debian.org/debian-security stretch/updates/main amd64 Packages
#7 2.136 Ign:3 http://security.debian.org/debian-security stretch/updates/main all Packages
#7 2.153 Ign:4 http://security.debian.org/debian-security stretch/updates/main amd64 Packages
#7 2.164 Ign:3 http://security.debian.org/debian-security stretch/updates/main all Packages
#7 2.170 Ign:4 http://security.debian.org/debian-security stretch/updates/main amd64 Packages
#7 2.172 Ign:5 http://deb.debian.org/debian stretch InRelease
#7 2.181 Ign:3 http://security.debian.org/debian-security stretch/updates/main all Packages
#7 2.192 Err:4 http://security.debian.org/debian-security stretch/updates/main amd64 Packages
#7 2.192   404  Not Found [IP: 151.101.194.132 80]
#7 2.345 Ign:6 http://deb.debian.org/debian stretch-updates InRelease
#7 2.503 Ign:7 http://deb.debian.org/debian stretch Release
#7 2.661 Ign:8 http://deb.debian.org/debian stretch-updates Release
#7 2.673 Ign:9 http://deb.debian.org/debian stretch/main amd64 Packages
#7 2.831 Ign:10 http://deb.debian.org/debian stretch/main all Packages
#7 2.842 Ign:11 http://deb.debian.org/debian stretch-updates/main amd64 Packages
#7 3.000 Ign:12 http://deb.debian.org/debian stretch-updates/main all Packages
#7 3.011 Ign:9 http://deb.debian.org/debian stretch/main amd64 Packages
#7 3.169 Ign:10 http://deb.debian.org/debian stretch/main all Packages
#7 3.180 Ign:11 http://deb.debian.org/debian stretch-updates/main amd64 Packages
#7 3.338 Ign:12 http://deb.debian.org/debian stretch-updates/main all Packages
#7 3.349 Ign:9 http://deb.debian.org/debian stretch/main amd64 Packages
#7 3.508 Ign:10 http://deb.debian.org/debian stretch/main all Packages
#7 3.554 Ign:11 http://deb.debian.org/debian stretch-updates/main amd64 Packages
#7 3.714 Ign:12 http://deb.debian.org/debian stretch-updates/main all Packages
#7 3.727 Ign:9 http://deb.debian.org/debian stretch/main amd64 Packages
#7 3.885 Ign:10 http://deb.debian.org/debian stretch/main all Packages
#7 3.898 Ign:11 http://deb.debian.org/debian stretch-updates/main amd64 Packages
#7 4.063 Ign:12 http://deb.debian.org/debian stretch-updates/main all Packages
#7 4.073 Ign:9 http://deb.debian.org/debian stretch/main amd64 Packages
#7 4.239 Ign:10 http://deb.debian.org/debian stretch/main all Packages
#7 4.249 Ign:11 http://deb.debian.org/debian stretch-updates/main amd64 Packages
#7 4.407 Ign:12 http://deb.debian.org/debian stretch-updates/main all Packages
#7 4.417 Err:9 http://deb.debian.org/debian stretch/main amd64 Packages
#7 4.417   404  Not Found
#7 4.590 Ign:10 http://deb.debian.org/debian stretch/main all Packages
#7 4.602 Err:11 http://deb.debian.org/debian stretch-updates/main amd64 Packages
#7 4.602   404  Not Found
#7 4.759 Ign:12 http://deb.debian.org/debian stretch-updates/main all Packages
#7 4.933 Reading package lists...
#7 4.988 W: The repository 'http://security.debian.org/debian-security stretch/updates Release' does not have a Release file.
#7 4.988 W: The repository 'http://deb.debian.org/debian stretch Release' does not have a Release file.
#7 4.988 W: The repository 'http://deb.debian.org/debian stretch-updates Release' does not have a Release file.
#7 4.988 E: Failed to fetch http://security.debian.org/debian-security/dists/stretch/updates/main/binary-amd64/Packages  404  Not Found [IP: 151.101.194.132 80]
#7 4.988 E: Failed to fetch http://deb.debian.org/debian/dists/stretch/main/binary-amd64/Packages  404  Not Found
#7 4.988 E: Failed to fetch http://deb.debian.org/debian/dists/stretch-updates/main/binary-amd64/Packages  404  Not Found
#7 4.988 E: Some index files failed to download. They have been ignored, or old ones used instead.
#7 ERROR: process "/bin/sh -c apt-get -y update && apt-get -y install --no-install-recommends     libssl-dev     git     unzip     vim     libpq-dev     && rm -rf /var/lib/apt/lists/*" did not complete successfully: exit code: 100
------
 > [4/7] RUN apt-get -y update && apt-get -y install --no-install-recommends     libssl-dev     git     unzip     vim     libpq-dev     && rm -rf /var/lib/apt/lists/*:
4.602   404  Not Found
4.759 Ign:12 http://deb.debian.org/debian stretch-updates/main all Packages
4.933 Reading package lists...
4.988 W: The repository 'http://security.debian.org/debian-security stretch/updates Release' does not have a Release file.
4.988 W: The repository 'http://deb.debian.org/debian stretch Release' does not have a Release file.
4.988 W: The repository 'http://deb.debian.org/debian stretch-updates Release' does not have a Release file.
4.988 E: Failed to fetch http://security.debian.org/debian-security/dists/stretch/updates/main/binary-amd64/Packages  404  Not Found [IP: 151.101.194.132 80]
4.988 E: Failed to fetch http://deb.debian.org/debian/dists/stretch/main/binary-amd64/Packages  404  Not Found
4.988 E: Failed to fetch http://deb.debian.org/debian/dists/stretch-updates/main/binary-amd64/Packages  404  Not Found
4.988 E: Some index files failed to download. They have been ignored, or old ones used instead.
------
v1_Dockerfile:6
--------------------
   5 |     
   6 | >>> RUN apt-get -y update && apt-get -y install --no-install-recommends \
   7 | >>>     libssl-dev \
   8 | >>>     git \
   9 | >>>     unzip \
  10 | >>>     vim \
  11 | >>>     libpq-dev \
  12 | >>>     && rm -rf /var/lib/apt/lists/*
  13 |     
--------------------
ERROR: failed to solve: process "/bin/sh -c apt-get -y update && apt-get -y install --no-install-recommends     libssl-dev     git     unzip     vim     libpq-dev     && rm -rf /var/lib/apt/lists/*" did not complete successfully: exit code: 100
Duration: 0:49.01