#0 building with "default" instance using docker driver

#1 [internal] load build definition from Dockerfile
#1 ...

#2 [internal] load .dockerignore
#2 transferring context: 2B done
#2 DONE 0.3s

#1 [internal] load build definition from Dockerfile
#1 transferring dockerfile: 350B done
#1 DONE 0.4s

#3 [internal] load metadata for docker.io/library/python:3.9-alpine
#3 ...

#4 [auth] library/python:pull token for registry-1.docker.io
#4 DONE 0.0s

#3 [internal] load metadata for docker.io/library/python:3.9-alpine
#3 DONE 1.6s

#5 [internal] load build context
#5 DONE 0.0s

#6 [1/8] FROM docker.io/library/python:3.9-alpine@sha256:3beee521e2eec6a3a9ba0c2fdac1bf30969e7f275e379f5b0dd8b45b25f50955
#6 resolve docker.io/library/python:3.9-alpine@sha256:3beee521e2eec6a3a9ba0c2fdac1bf30969e7f275e379f5b0dd8b45b25f50955
#6 resolve docker.io/library/python:3.9-alpine@sha256:3beee521e2eec6a3a9ba0c2fdac1bf30969e7f275e379f5b0dd8b45b25f50955 0.2s done
#6 sha256:3beee521e2eec6a3a9ba0c2fdac1bf30969e7f275e379f5b0dd8b45b25f50955 10.29kB / 10.29kB done
#6 sha256:60416108887d6e64e01f719f6901371f9f603d07614b35e990540e053994e041 1.93kB / 1.93kB done
#6 sha256:f214f2d92214f673c96aa471957456460d1e8a2b390ebfbf43895ca5c9ab093e 6.21kB / 6.21kB done
#6 sha256:c430fb000139fd22f3225bbb87833a2c7928d6daa3874c13ff7c277213cf5eed 0B / 461.79kB 0.4s
#6 ...

#5 [internal] load build context
#5 transferring context: 551.52kB 0.3s done
#5 DONE 0.6s

#6 [1/8] FROM docker.io/library/python:3.9-alpine@sha256:3beee521e2eec6a3a9ba0c2fdac1bf30969e7f275e379f5b0dd8b45b25f50955
#6 sha256:c430fb000139fd22f3225bbb87833a2c7928d6daa3874c13ff7c277213cf5eed 461.79kB / 461.79kB 0.5s
#6 sha256:8869f56a453ae572b2e8b80c71b14c22c3348e47bb6c391c146e40362b8a09cf 0B / 11.61MB 0.5s
#6 sha256:f1f123496ad3e808c17dec013c5220aaeb219a95925799a9454f5ff16df371db 0B / 229B 0.6s
#6 extracting sha256:c430fb000139fd22f3225bbb87833a2c7928d6daa3874c13ff7c277213cf5eed
#6 sha256:c430fb000139fd22f3225bbb87833a2c7928d6daa3874c13ff7c277213cf5eed 461.79kB / 461.79kB 0.6s done
#6 sha256:8869f56a453ae572b2e8b80c71b14c22c3348e47bb6c391c146e40362b8a09cf 4.19MB / 11.61MB 0.7s
#6 sha256:fb800bab7c104e705cc46da75158ffdb10c4e36d75db185473226ec2d688079d 0B / 2.69MB 0.7s
#6 sha256:8869f56a453ae572b2e8b80c71b14c22c3348e47bb6c391c146e40362b8a09cf 11.61MB / 11.61MB 0.9s
#6 sha256:f1f123496ad3e808c17dec013c5220aaeb219a95925799a9454f5ff16df371db 229B / 229B 0.8s done
#6 extracting sha256:c430fb000139fd22f3225bbb87833a2c7928d6daa3874c13ff7c277213cf5eed 0.2s done
#6 sha256:fb800bab7c104e705cc46da75158ffdb10c4e36d75db185473226ec2d688079d 2.69MB / 2.69MB 0.9s
#6 sha256:fb800bab7c104e705cc46da75158ffdb10c4e36d75db185473226ec2d688079d 2.69MB / 2.69MB 1.0s done
#6 sha256:8869f56a453ae572b2e8b80c71b14c22c3348e47bb6c391c146e40362b8a09cf 11.61MB / 11.61MB 1.2s done
#6 extracting sha256:8869f56a453ae572b2e8b80c71b14c22c3348e47bb6c391c146e40362b8a09cf
#6 extracting sha256:8869f56a453ae572b2e8b80c71b14c22c3348e47bb6c391c146e40362b8a09cf 0.7s done
#6 extracting sha256:f1f123496ad3e808c17dec013c5220aaeb219a95925799a9454f5ff16df371db
#6 extracting sha256:f1f123496ad3e808c17dec013c5220aaeb219a95925799a9454f5ff16df371db done
#6 extracting sha256:fb800bab7c104e705cc46da75158ffdb10c4e36d75db185473226ec2d688079d
#6 extracting sha256:fb800bab7c104e705cc46da75158ffdb10c4e36d75db185473226ec2d688079d 0.3s done
#6 DONE 4.1s

#7 [2/8] ADD . /app
#7 DONE 1.3s

#8 [3/8] WORKDIR /app
#8 DONE 0.4s

#9 [4/8] RUN apk add --no-cache --virtual .build_deps gcc musl-dev libffi-dev
#9 0.570 fetch https://dl-cdn.alpinelinux.org/alpine/v3.20/main/x86_64/APKINDEX.tar.gz
#9 0.808 fetch https://dl-cdn.alpinelinux.org/alpine/v3.20/community/x86_64/APKINDEX.tar.gz
#9 1.293 (1/17) Installing libgcc (13.2.1_git20240309-r0)
#9 1.299 (2/17) Installing jansson (2.14-r4)
#9 1.303 (3/17) Installing libstdc++ (13.2.1_git20240309-r0)
#9 1.329 (4/17) Installing zstd-libs (1.5.6-r0)
#9 1.342 (5/17) Installing binutils (2.42-r0)
#9 1.450 (6/17) Installing libgomp (13.2.1_git20240309-r0)
#9 1.458 (7/17) Installing libatomic (13.2.1_git20240309-r0)
#9 1.461 (8/17) Installing gmp (6.3.0-r1)
#9 1.470 (9/17) Installing isl26 (0.26-r1)
#9 1.495 (10/17) Installing mpfr4 (4.2.1-r0)
#9 1.506 (11/17) Installing mpc1 (1.3.1-r1)
#9 1.510 (12/17) Installing gcc (13.2.1_git20240309-r0)
#9 2.696 (13/17) Installing musl-dev (1.2.5-r0)
#9 2.810 (14/17) Installing linux-headers (6.6-r0)
#9 2.992 (15/17) Installing pkgconf (2.2.0-r0)
#9 2.997 (16/17) Installing libffi-dev (3.4.6-r0)
#9 3.005 (17/17) Installing .build_deps (20240731.022838)
#9 3.006 Executing busybox-1.36.1-r29.trigger
#9 3.013 OK: 173 MiB in 54 packages
#9 DONE 6.0s

#10 [5/8] RUN pip3 install poetry
#10 3.643 Collecting poetry
#10 3.689   Downloading poetry-1.8.3-py3-none-any.whl (249 kB)
#10 3.730      ━━━━━━━━━━━━━━━━━━━━━━━━━━━━━━━━━━━━━━━ 249.9/249.9 kB 6.7 MB/s eta 0:00:00
#10 3.882 Collecting crashtest<0.5.0,>=0.4.1
#10 3.891   Downloading crashtest-0.4.1-py3-none-any.whl (7.6 kB)
#10 4.126 Collecting virtualenv<21.0.0,>=20.23.0
#10 4.140   Downloading virtualenv-20.26.3-py3-none-any.whl (5.7 MB)
#10 4.408      ━━━━━━━━━━━━━━━━━━━━━━━━━━━━━━━━━━━━━━━━ 5.7/5.7 MB 21.6 MB/s eta 0:00:00
#10 4.567 Collecting cleo<3.0.0,>=2.1.0
#10 4.577   Downloading cleo-2.1.0-py3-none-any.whl (78 kB)
#10 4.649      ━━━━━━━━━━━━━━━━━━━━━━━━━━━━━━━━━━━━━━━━ 78.7/78.7 kB 1.0 MB/s eta 0:00:00
#10 4.750 Collecting pyproject-hooks<2.0.0,>=1.0.0
#10 4.759   Downloading pyproject_hooks-1.1.0-py3-none-any.whl (9.2 kB)
#10 4.897 Collecting installer<0.8.0,>=0.7.0
#10 4.909   Downloading installer-0.7.0-py3-none-any.whl (453 kB)
#10 4.959      ━━━━━━━━━━━━━━━━━━━━━━━━━━━━━━━━━━━━━━━ 453.8/453.8 kB 9.7 MB/s eta 0:00:00
#10 5.024 Collecting packaging>=23.1
#10 5.041   Downloading packaging-24.1-py3-none-any.whl (53 kB)
#10 5.067      ━━━━━━━━━━━━━━━━━━━━━━━━━━━━━━━━━━━━━━━━ 54.0/54.0 kB 1.9 MB/s eta 0:00:00
#10 5.152 Collecting shellingham<2.0,>=1.5
#10 5.161   Downloading shellingham-1.5.4-py2.py3-none-any.whl (9.8 kB)
#10 5.286 Collecting pkginfo<2.0,>=1.10
#10 5.295   Downloading pkginfo-1.11.1-py3-none-any.whl (31 kB)
#10 5.359 Collecting pexpect<5.0.0,>=4.7.0
#10 5.368   Downloading pexpect-4.9.0-py2.py3-none-any.whl (63 kB)
#10 5.394      ━━━━━━━━━━━━━━━━━━━━━━━━━━━━━━━━━━━━━━━━ 63.8/63.8 kB 2.4 MB/s eta 0:00:00
#10 5.438 Collecting requests-toolbelt<2.0.0,>=1.0.0
#10 5.447   Downloading requests_toolbelt-1.0.0-py2.py3-none-any.whl (54 kB)
#10 5.469      ━━━━━━━━━━━━━━━━━━━━━━━━━━━━━━━━━━━━━━━━ 54.5/54.5 kB 2.3 MB/s eta 0:00:00
#10 5.555 Collecting tomlkit<1.0.0,>=0.11.4
#10 5.564   Downloading tomlkit-0.13.0-py3-none-any.whl (37 kB)
#10 5.781 Collecting keyring<25.0.0,>=24.0.0
#10 5.790   Downloading keyring-24.3.1-py3-none-any.whl (38 kB)
#10 5.936 Collecting build<2.0.0,>=1.0.3
#10 5.945   Downloading build-1.2.1-py3-none-any.whl (21 kB)
#10 6.037 Collecting poetry-core==1.9.0
#10 6.046   Downloading poetry_core-1.9.0-py3-none-any.whl (309 kB)
#10 6.081      ━━━━━━━━━━━━━━━━━━━━━━━━━━━━━━━━━━━━━━━ 309.5/309.5 kB 9.8 MB/s eta 0:00:00
#10 6.126 Collecting fastjsonschema<3.0.0,>=2.18.0
#10 6.136   Downloading fastjsonschema-2.20.0-py3-none-any.whl (23 kB)
#10 6.280 Collecting poetry-plugin-export<2.0.0,>=1.6.0
#10 6.289   Downloading poetry_plugin_export-1.8.0-py3-none-any.whl (10 kB)
#10 6.458 Collecting importlib-metadata>=4.4
#10 6.467   Downloading importlib_metadata-8.2.0-py3-none-any.whl (25 kB)
#10 6.552 Collecting platformdirs<5,>=3.0.0
#10 6.561   Downloading platformdirs-4.2.2-py3-none-any.whl (18 kB)
#10 6.671 Collecting requests<3.0,>=2.26
#10 6.680   Downloading requests-2.32.3-py3-none-any.whl (64 kB)
#10 6.701      ━━━━━━━━━━━━━━━━━━━━━━━━━━━━━━━━━━━━━━━━ 64.9/64.9 kB 3.0 MB/s eta 0:00:00
#10 7.062 Collecting dulwich<0.22.0,>=0.21.2
#10 7.073   Downloading dulwich-0.21.7-cp39-cp39-musllinux_1_1_x86_64.whl (527 kB)
#10 7.119      ━━━━━━━━━━━━━━━━━━━━━━━━━━━━━━━━━━━━━━ 527.3/527.3 kB 12.3 MB/s eta 0:00:00
#10 7.168 Collecting tomli<3.0.0,>=2.0.1
#10 7.177   Downloading tomli-2.0.1-py3-none-any.whl (12 kB)
#10 7.270 Collecting trove-classifiers>=2022.5.19
#10 7.280   Downloading trove_classifiers-2024.7.2-py3-none-any.whl (13 kB)
#10 7.438 Collecting cachecontrol[filecache]<0.15.0,>=0.14.0
#10 7.447   Downloading cachecontrol-0.14.0-py3-none-any.whl (22 kB)
#10 7.793 Collecting msgpack<2.0.0,>=0.5.2
#10 7.803   Downloading msgpack-1.0.8-cp39-cp39-musllinux_1_1_x86_64.whl (383 kB)
#10 7.855      ━━━━━━━━━━━━━━━━━━━━━━━━━━━━━━━━━━━━━━━ 383.6/383.6 kB 7.9 MB/s eta 0:00:00
#10 7.929 Collecting filelock>=3.8.0
#10 7.938   Downloading filelock-3.15.4-py3-none-any.whl (16 kB)
#10 9.566 Collecting rapidfuzz<4.0.0,>=3.0.0
#10 9.577   Downloading rapidfuzz-3.9.5-cp39-cp39-musllinux_1_2_x86_64.whl (4.4 MB)
#10 9.807      ━━━━━━━━━━━━━━━━━━━━━━━━━━━━━━━━━━━━━━━━ 4.4/4.4 MB 19.4 MB/s eta 0:00:00
#10 9.949 Collecting urllib3>=1.25
#10 9.959   Downloading urllib3-2.2.2-py3-none-any.whl (121 kB)
#10 9.981      ━━━━━━━━━━━━━━━━━━━━━━━━━━━━━━━━━━━━━━━ 121.4/121.4 kB 6.0 MB/s eta 0:00:00
#10 10.10 Collecting zipp>=0.5
#10 10.10   Downloading zipp-3.19.2-py3-none-any.whl (9.0 kB)
#10 10.27 Collecting jeepney>=0.4.2
#10 10.28   Downloading jeepney-0.8.0-py3-none-any.whl (48 kB)
#10 10.31      ━━━━━━━━━━━━━━━━━━━━━━━━━━━━━━━━━━━━━━━━ 48.4/48.4 kB 1.9 MB/s eta 0:00:00
#10 10.44 Collecting SecretStorage>=3.2
#10 10.45   Downloading SecretStorage-3.3.3-py3-none-any.whl (15 kB)
#10 10.58 Collecting jaraco.classes
#10 10.59   Downloading jaraco.classes-3.4.0-py3-none-any.whl (6.8 kB)
#10 10.65 Collecting ptyprocess>=0.5
#10 10.65   Downloading ptyprocess-0.7.0-py2.py3-none-any.whl (13 kB)
#10 10.95 Collecting charset-normalizer<4,>=2
#10 10.96   Downloading charset_normalizer-3.3.2-cp39-cp39-musllinux_1_1_x86_64.whl (142 kB)
#10 10.99      ━━━━━━━━━━━━━━━━━━━━━━━━━━━━━━━━━━━━━━━ 142.7/142.7 kB 6.2 MB/s eta 0:00:00
#10 11.04 Collecting idna<4,>=2.5
#10 11.05   Downloading idna-3.7-py3-none-any.whl (66 kB)
#10 11.07      ━━━━━━━━━━━━━━━━━━━━━━━━━━━━━━━━━━━━━━━━ 66.8/66.8 kB 2.7 MB/s eta 0:00:00
#10 11.13 Collecting certifi>=2017.4.17
#10 11.13   Downloading certifi-2024.7.4-py3-none-any.whl (162 kB)
#10 11.16      ━━━━━━━━━━━━━━━━━━━━━━━━━━━━━━━━━━━━━━━ 163.0/163.0 kB 6.4 MB/s eta 0:00:00
#10 11.34 Collecting distlib<1,>=0.3.7
#10 11.35   Downloading distlib-0.3.8-py2.py3-none-any.whl (468 kB)
#10 11.40      ━━━━━━━━━━━━━━━━━━━━━━━━━━━━━━━━━━━━━━ 468.9/468.9 kB 12.1 MB/s eta 0:00:00
#10 12.07 Collecting cryptography>=2.0
#10 12.08   Downloading cryptography-43.0.0-cp39-abi3-musllinux_1_2_x86_64.whl (4.1 MB)
#10 12.29      ━━━━━━━━━━━━━━━━━━━━━━━━━━━━━━━━━━━━━━━━ 4.1/4.1 MB 20.1 MB/s eta 0:00:00
#10 12.47 Collecting more-itertools
#10 12.48   Downloading more_itertools-10.3.0-py3-none-any.whl (59 kB)
#10 12.51      ━━━━━━━━━━━━━━━━━━━━━━━━━━━━━━━━━━━━━━━━ 59.2/59.2 kB 1.8 MB/s eta 0:00:00
#10 12.84 Collecting cffi>=1.12
#10 12.85   Downloading cffi-1.16.0-cp39-cp39-musllinux_1_1_x86_64.whl (465 kB)
#10 12.88      ━━━━━━━━━━━━━━━━━━━━━━━━━━━━━━━━━━━━━━ 465.3/465.3 kB 15.3 MB/s eta 0:00:00
#10 12.94 Collecting pycparser
#10 12.95   Downloading pycparser-2.22-py3-none-any.whl (117 kB)
#10 12.97      ━━━━━━━━━━━━━━━━━━━━━━━━━━━━━━━━━━━━━━━ 117.6/117.6 kB 6.9 MB/s eta 0:00:00
#10 13.44 Installing collected packages: trove-classifiers, ptyprocess, fastjsonschema, distlib, zipp, urllib3, tomlkit, tomli, shellingham, rapidfuzz, pyproject-hooks, pycparser, poetry-core, platformdirs, pkginfo, pexpect, packaging, msgpack, more-itertools, jeepney, installer, idna, filelock, crashtest, charset-normalizer, certifi, virtualenv, requests, jaraco.classes, importlib-metadata, dulwich, cleo, cffi, requests-toolbelt, cryptography, cachecontrol, build, SecretStorage, keyring, poetry-plugin-export, poetry
#10 19.43 Successfully installed SecretStorage-3.3.3 build-1.2.1 cachecontrol-0.14.0 certifi-2024.7.4 cffi-1.16.0 charset-normalizer-3.3.2 cleo-2.1.0 crashtest-0.4.1 cryptography-43.0.0 distlib-0.3.8 dulwich-0.21.7 fastjsonschema-2.20.0 filelock-3.15.4 idna-3.7 importlib-metadata-8.2.0 installer-0.7.0 jaraco.classes-3.4.0 jeepney-0.8.0 keyring-24.3.1 more-itertools-10.3.0 msgpack-1.0.8 packaging-24.1 pexpect-4.9.0 pkginfo-1.11.1 platformdirs-4.2.2 poetry-1.8.3 poetry-core-1.9.0 poetry-plugin-export-1.8.0 ptyprocess-0.7.0 pycparser-2.22 pyproject-hooks-1.1.0 rapidfuzz-3.9.5 requests-2.32.3 requests-toolbelt-1.0.0 shellingham-1.5.4 tomli-2.0.1 tomlkit-0.13.0 trove-classifiers-2024.7.2 urllib3-2.2.2 virtualenv-20.26.3 zipp-3.19.2
#10 19.43 WARNING: Running pip as the 'root' user can result in broken permissions and conflicting behaviour with the system package manager. It is recommended to use a virtual environment instead: https://pip.pypa.io/warnings/venv
#10 19.61 
#10 19.61 [notice] A new release of pip is available: 23.0.1 -> 24.2
#10 19.61 [notice] To update, run: pip install --upgrade pip
#10 DONE 21.3s

#11 [6/8] RUN poetry config virtualenvs.create false
#11 DONE 1.7s

#12 [7/8] RUN poetry install --no-dev
#12 1.295 Skipping virtualenv creation, as specified in config file.
#12 1.596 The `--no-dev` option is deprecated, use the `--only main` notation instead.
#12 1.597 Installing dependencies from lock file
#12 1.904 
#12 1.904 Package operations: 45 installs, 6 updates, 0 removals
#12 1.904 
#12 1.905   - Installing pyasn1 (0.4.8)
#12 1.906   - Installing six (1.16.0)
#12 2.217   - Installing cachetools (5.0.0)
#12 2.218   - Downgrading certifi (2024.7.4 -> 2021.10.8)
#12 2.221   - Downgrading charset-normalizer (3.3.2 -> 2.0.12)
#12 2.223   - Downgrading idna (3.7 -> 3.3)
#12 2.224   - Installing jmespath (0.10.0)
#12 2.226   - Installing protobuf (3.19.4)
#12 2.228   - Installing pyasn1-modules (0.2.8)
#12 2.228   - Installing pyparsing (3.0.7)
#12 2.229   - Installing python-dateutil (2.8.2)
#12 2.230   - Installing rsa (4.8)
#12 2.233   - Installing tzdata (2021.5)
#12 2.236   - Downgrading urllib3 (2.2.2 -> 1.26.8)
#12 3.179   - Installing botocore (1.24.11)
#12 3.182   - Installing frozenlist (1.3.0)
#12 3.182   - Installing google-auth (2.6.0)
#12 3.185   - Installing googleapis-common-protos (1.55.0)
#12 3.187   - Installing httplib2 (0.20.4)
#12 3.187   - Installing multidict (6.0.2)
#12 3.189   - Installing oauthlib (3.2.0)
#12 3.190   - Installing pytz-deprecation-shim (0.1.0.post0)
#12 3.191   - Downgrading requests (2.32.3 -> 2.27.1)
#12 4.747   - Installing aiosignal (1.2.0)
#12 4.753   - Installing argparse (1.4.0)
#12 4.755   - Installing async-timeout (4.0.2)
#12 4.757   - Installing attrs (17.4.0)
#12 4.759   - Installing google-api-core (2.5.0)
#12 4.761   - Installing google-auth-httplib2 (0.1.0)
#12 4.764   - Installing jsonpickle (2.1.0)
#12 4.766   - Installing oauth2client (4.1.3)
#12 4.768   - Downgrading pexpect (4.9.0 -> 4.8.0)
#12 4.770   - Installing pytzdata (2020.1)
#12 4.772   - Installing pyyaml (6.0)
#12 4.773   - Installing requests-oauthlib (1.3.1)
#12 4.778   - Installing s3transfer (0.5.2)
#12 4.783   - Installing tzlocal (4.1)
#12 4.783   - Installing uritemplate (3.0.1)
#12 4.784   - Installing yarl (1.7.2)
#12 8.481 
#12 8.481   ChefBuildError
#12 8.481 
#12 8.481   Backend subprocess exited when trying to invoke get_requires_for_build_wheel
#12 8.481   
#12 8.481   running egg_info
#12 8.481   writing lib/PyYAML.egg-info/PKG-INFO
#12 8.481   writing dependency_links to lib/PyYAML.egg-info/dependency_links.txt
#12 8.481   writing top-level names to lib/PyYAML.egg-info/top_level.txt
#12 8.481   Traceback (most recent call last):
#12 8.481     File "/usr/local/lib/python3.9/site-packages/pyproject_hooks/_in_process/_in_process.py", line 373, in <module>
#12 8.481       main()
#12 8.481     File "/usr/local/lib/python3.9/site-packages/pyproject_hooks/_in_process/_in_process.py", line 357, in main
#12 8.481       json_out["return_val"] = hook(**hook_input["kwargs"])
#12 8.481     File "/usr/local/lib/python3.9/site-packages/pyproject_hooks/_in_process/_in_process.py", line 134, in get_requires_for_build_wheel
#12 8.481       return hook(config_settings)
#12 8.481     File "/tmp/tmpzvjoz8nm/.venv/lib/python3.9/site-packages/setuptools/build_meta.py", line 327, in get_requires_for_build_wheel
#12 8.481       return self._get_build_requires(config_settings, requirements=[])
#12 8.481     File "/tmp/tmpzvjoz8nm/.venv/lib/python3.9/site-packages/setuptools/build_meta.py", line 297, in _get_build_requires
#12 8.481       self.run_setup()
#12 8.481     File "/tmp/tmpzvjoz8nm/.venv/lib/python3.9/site-packages/setuptools/build_meta.py", line 313, in run_setup
#12 8.481       exec(code, locals())
#12 8.481     File "<string>", line 288, in <module>
#12 8.481     File "/tmp/tmpzvjoz8nm/.venv/lib/python3.9/site-packages/setuptools/__init__.py", line 108, in setup
#12 8.481       return distutils.core.setup(**attrs)
#12 8.481     File "/tmp/tmpzvjoz8nm/.venv/lib/python3.9/site-packages/setuptools/_distutils/core.py", line 184, in setup
#12 8.481       return run_commands(dist)
#12 8.481     File "/tmp/tmpzvjoz8nm/.venv/lib/python3.9/site-packages/setuptools/_distutils/core.py", line 200, in run_commands
#12 8.481       dist.run_commands()
#12 8.481     File "/tmp/tmpzvjoz8nm/.venv/lib/python3.9/site-packages/setuptools/_distutils/dist.py", line 970, in run_commands
#12 8.481       self.run_command(cmd)
#12 8.481     File "/tmp/tmpzvjoz8nm/.venv/lib/python3.9/site-packages/setuptools/dist.py", line 945, in run_command
#12 8.481       super().run_command(command)
#12 8.481     File "/tmp/tmpzvjoz8nm/.venv/lib/python3.9/site-packages/setuptools/_distutils/dist.py", line 989, in run_command
#12 8.481       cmd_obj.run()
#12 8.481     File "/tmp/tmpzvjoz8nm/.venv/lib/python3.9/site-packages/setuptools/command/egg_info.py", line 310, in run
#12 8.481       self.find_sources()
#12 8.481     File "/tmp/tmpzvjoz8nm/.venv/lib/python3.9/site-packages/setuptools/command/egg_info.py", line 318, in find_sources
#12 8.481       mm.run()
#12 8.481     File "/tmp/tmpzvjoz8nm/.venv/lib/python3.9/site-packages/setuptools/command/egg_info.py", line 539, in run
#12 8.481       self.add_defaults()
#12 8.481     File "/tmp/tmpzvjoz8nm/.venv/lib/python3.9/site-packages/setuptools/command/egg_info.py", line 577, in add_defaults
#12 8.481       sdist.add_defaults(self)
#12 8.481     File "/tmp/tmpzvjoz8nm/.venv/lib/python3.9/site-packages/setuptools/command/sdist.py", line 102, in add_defaults
#12 8.481       super().add_defaults()
#12 8.481     File "/tmp/tmpzvjoz8nm/.venv/lib/python3.9/site-packages/setuptools/_distutils/command/sdist.py", line 250, in add_defaults
#12 8.481       self._add_defaults_ext()
#12 8.481     File "/tmp/tmpzvjoz8nm/.venv/lib/python3.9/site-packages/setuptools/_distutils/command/sdist.py", line 335, in _add_defaults_ext
#12 8.481       self.filelist.extend(build_ext.get_source_files())
#12 8.481     File "<string>", line 204, in get_source_files
#12 8.481     File "/tmp/tmpzvjoz8nm/.venv/lib/python3.9/site-packages/setuptools/_distutils/cmd.py", line 107, in __getattr__
#12 8.481       raise AttributeError(attr)
#12 8.481   AttributeError: cython_sources
#12 8.481   
#12 8.481 
#12 8.481   at /usr/local/lib/python3.9/site-packages/poetry/installation/chef.py:164 in _prepare
#12 8.507       160│ 
#12 8.507       161│                 error = ChefBuildError("\n\n".join(message_parts))
#12 8.507       162│ 
#12 8.507       163│             if error is not None:
#12 8.507     → 164│                 raise error from None
#12 8.507       165│ 
#12 8.507       166│             return path
#12 8.507       167│ 
#12 8.508       168│     def _prepare_sdist(self, archive: Path, destination: Path | None = None) -> Path:
#12 8.508 
#12 8.508 Note: This error originates from the build backend, and is likely not a problem with poetry but with pyyaml (6.0) not supporting PEP 517 builds. You can verify this by running 'pip wheel --no-cache-dir --use-pep517 "pyyaml (==6.0)"'.
#12 8.508 
#12 ERROR: process "/bin/sh -c poetry install --no-dev" did not complete successfully: exit code: 1
------
 > [7/8] RUN poetry install --no-dev:
8.507       162│ 
8.507       163│             if error is not None:
8.507     → 164│                 raise error from None
8.507       165│ 
8.507       166│             return path
8.507       167│ 
8.508       168│     def _prepare_sdist(self, archive: Path, destination: Path | None = None) -> Path:
8.508 
8.508 Note: This error originates from the build backend, and is likely not a problem with poetry but with pyyaml (6.0) not supporting PEP 517 builds. You can verify this by running 'pip wheel --no-cache-dir --use-pep517 "pyyaml (==6.0)"'.
8.508 
------
Dockerfile:8
--------------------
   6 |     RUN pip3 install poetry
   7 |     RUN poetry config virtualenvs.create false
   8 | >>> RUN poetry install --no-dev
   9 |     RUN apk del .build_deps gcc musl-dev libffi-dev
  10 |     
--------------------
ERROR: failed to solve: process "/bin/sh -c poetry install --no-dev" did not complete successfully: exit code: 1
Duration: 0:48.90