#0 building with "default" instance using docker driver

#1 [internal] load build definition from v1_Dockerfile
#1 transferring dockerfile: 990B done
#1 DONE 0.0s

#2 [internal] load metadata for docker.io/library/elixir:1.4.5
#2 ...

#3 [auth] library/elixir:pull token for registry-1.docker.io
#3 DONE 0.0s

#2 [internal] load metadata for docker.io/library/elixir:1.4.5
#2 DONE 1.0s

#4 [internal] load .dockerignore
#4 transferring context: 2B done
#4 DONE 0.0s

#5 [ 1/12] FROM docker.io/library/elixir:1.4.5@sha256:8ede3a3af161625995c62221d2c9549d0e9dbee0e1fc9c710d23c5aa12901eb0
#5 resolve docker.io/library/elixir:1.4.5@sha256:8ede3a3af161625995c62221d2c9549d0e9dbee0e1fc9c710d23c5aa12901eb0 0.0s done
#5 sha256:e9e0b42d090789ceffb59d5d61052e33c1a2ba42accff9663b7756c27fc9770d 8.52kB / 8.52kB done
#5 sha256:fa8559aa5ebb59d52475c0142459015fb9be267e1a497d8664f3fc8a35445173 0B / 10.75MB 0.1s
#5 sha256:8ede3a3af161625995c62221d2c9549d0e9dbee0e1fc9c710d23c5aa12901eb0 988B / 988B done
#5 sha256:0400ac8f7460260a663e0e97c24d7dfd8a2c947736f0351752b45c53e26d6e02 0B / 45.37MB 0.1s
#5 sha256:da32bfbbc3bad880f731e2f37903c9e359e180a5e74a703293a9441260cf3551 0B / 4.34MB 0.1s
#5 sha256:2eeb60b190d601e099d60a755676f436d6ec2efef50c21859da10b2bb59314e7 2.22kB / 2.22kB done
#5 ...

#6 [internal] load build context
#6 transferring context: 15.38MB 0.1s done
#6 DONE 0.2s

#5 [ 1/12] FROM docker.io/library/elixir:1.4.5@sha256:8ede3a3af161625995c62221d2c9549d0e9dbee0e1fc9c710d23c5aa12901eb0
#5 sha256:0400ac8f7460260a663e0e97c24d7dfd8a2c947736f0351752b45c53e26d6e02 7.34MB / 45.37MB 0.3s
#5 sha256:fa8559aa5ebb59d52475c0142459015fb9be267e1a497d8664f3fc8a35445173 4.19MB / 10.75MB 0.4s
#5 sha256:0400ac8f7460260a663e0e97c24d7dfd8a2c947736f0351752b45c53e26d6e02 12.58MB / 45.37MB 0.4s
#5 sha256:da32bfbbc3bad880f731e2f37903c9e359e180a5e74a703293a9441260cf3551 1.05MB / 4.34MB 0.4s
#5 sha256:fa8559aa5ebb59d52475c0142459015fb9be267e1a497d8664f3fc8a35445173 10.75MB / 10.75MB 0.6s done
#5 sha256:0400ac8f7460260a663e0e97c24d7dfd8a2c947736f0351752b45c53e26d6e02 23.07MB / 45.37MB 0.6s
#5 sha256:da32bfbbc3bad880f731e2f37903c9e359e180a5e74a703293a9441260cf3551 4.34MB / 4.34MB 0.5s done
#5 sha256:572866ab72a68759e23b071fbbdce6341137c9606936b4fff9846f74997bbaac 0B / 214.25MB 0.6s
#5 sha256:e1dc6725529d1d5ae67097d74db110cdfe3b60173dd4d9914c825ca6358ef8b5 0B / 50.11MB 0.6s
#5 sha256:0400ac8f7460260a663e0e97c24d7dfd8a2c947736f0351752b45c53e26d6e02 29.36MB / 45.37MB 0.7s
#5 sha256:0400ac8f7460260a663e0e97c24d7dfd8a2c947736f0351752b45c53e26d6e02 36.70MB / 45.37MB 0.9s
#5 sha256:e1dc6725529d1d5ae67097d74db110cdfe3b60173dd4d9914c825ca6358ef8b5 11.53MB / 50.11MB 0.9s
#5 sha256:0400ac8f7460260a663e0e97c24d7dfd8a2c947736f0351752b45c53e26d6e02 41.16MB / 45.37MB 1.0s
#5 sha256:e1dc6725529d1d5ae67097d74db110cdfe3b60173dd4d9914c825ca6358ef8b5 15.73MB / 50.11MB 1.0s
#5 sha256:0400ac8f7460260a663e0e97c24d7dfd8a2c947736f0351752b45c53e26d6e02 45.37MB / 45.37MB 1.2s
#5 sha256:572866ab72a68759e23b071fbbdce6341137c9606936b4fff9846f74997bbaac 17.83MB / 214.25MB 1.2s
#5 sha256:e1dc6725529d1d5ae67097d74db110cdfe3b60173dd4d9914c825ca6358ef8b5 28.31MB / 50.11MB 1.2s
#5 sha256:0400ac8f7460260a663e0e97c24d7dfd8a2c947736f0351752b45c53e26d6e02 45.37MB / 45.37MB 1.2s done
#5 sha256:e1dc6725529d1d5ae67097d74db110cdfe3b60173dd4d9914c825ca6358ef8b5 35.65MB / 50.11MB 1.3s
#5 extracting sha256:0400ac8f7460260a663e0e97c24d7dfd8a2c947736f0351752b45c53e26d6e02 0.1s
#5 sha256:7de158c945f338f6c80480df6fafb5afec5258bb5b961599c90348d008a466a9 0B / 143.49MB 1.3s
#5 sha256:e1dc6725529d1d5ae67097d74db110cdfe3b60173dd4d9914c825ca6358ef8b5 39.85MB / 50.11MB 1.4s
#5 sha256:572866ab72a68759e23b071fbbdce6341137c9606936b4fff9846f74997bbaac 29.36MB / 214.25MB 1.5s
#5 sha256:e1dc6725529d1d5ae67097d74db110cdfe3b60173dd4d9914c825ca6358ef8b5 42.99MB / 50.11MB 1.5s
#5 sha256:e1dc6725529d1d5ae67097d74db110cdfe3b60173dd4d9914c825ca6358ef8b5 47.19MB / 50.11MB 1.6s
#5 sha256:7de158c945f338f6c80480df6fafb5afec5258bb5b961599c90348d008a466a9 9.44MB / 143.49MB 1.6s
#5 sha256:e1dc6725529d1d5ae67097d74db110cdfe3b60173dd4d9914c825ca6358ef8b5 50.11MB / 50.11MB 1.7s
#5 sha256:572866ab72a68759e23b071fbbdce6341137c9606936b4fff9846f74997bbaac 51.38MB / 214.25MB 1.9s
#5 sha256:e1dc6725529d1d5ae67097d74db110cdfe3b60173dd4d9914c825ca6358ef8b5 50.11MB / 50.11MB 1.8s done
#5 sha256:7de158c945f338f6c80480df6fafb5afec5258bb5b961599c90348d008a466a9 25.17MB / 143.49MB 1.9s
#5 sha256:a84fc0f3844390195b53b046708eb1ec3279a2d41b04b88109e4fcf7418bee01 0B / 199.22kB 1.9s
#5 sha256:a84fc0f3844390195b53b046708eb1ec3279a2d41b04b88109e4fcf7418bee01 199.22kB / 199.22kB 1.9s done
#5 sha256:8b5b8225a4174e9f5cc64c767828ec1d1d8fc38b7362e6c5ecc72a74c4cea7e8 0B / 959.43kB 2.0s
#5 sha256:7de158c945f338f6c80480df6fafb5afec5258bb5b961599c90348d008a466a9 34.74MB / 143.49MB 2.1s
#5 sha256:8b5b8225a4174e9f5cc64c767828ec1d1d8fc38b7362e6c5ecc72a74c4cea7e8 959.43kB / 959.43kB 2.1s
#5 sha256:572866ab72a68759e23b071fbbdce6341137c9606936b4fff9846f74997bbaac 73.40MB / 214.25MB 2.3s
#5 sha256:7de158c945f338f6c80480df6fafb5afec5258bb5b961599c90348d008a466a9 44.04MB / 143.49MB 2.3s
#5 sha256:8b5b8225a4174e9f5cc64c767828ec1d1d8fc38b7362e6c5ecc72a74c4cea7e8 959.43kB / 959.43kB 2.1s done
#5 sha256:0f40879e235c3b834191a0120f240480b7ab556a480f1b5d2f967423bf08f711 1.05MB / 4.06MB 2.3s
#5 sha256:0f40879e235c3b834191a0120f240480b7ab556a480f1b5d2f967423bf08f711 4.06MB / 4.06MB 2.4s done
#5 sha256:572866ab72a68759e23b071fbbdce6341137c9606936b4fff9846f74997bbaac 85.98MB / 214.25MB 2.5s
#5 sha256:7de158c945f338f6c80480df6fafb5afec5258bb5b961599c90348d008a466a9 52.43MB / 143.49MB 2.5s
#5 sha256:572866ab72a68759e23b071fbbdce6341137c9606936b4fff9846f74997bbaac 100.66MB / 214.25MB 2.7s
#5 sha256:7de158c945f338f6c80480df6fafb5afec5258bb5b961599c90348d008a466a9 60.82MB / 143.49MB 2.7s
#5 sha256:572866ab72a68759e23b071fbbdce6341137c9606936b4fff9846f74997bbaac 121.68MB / 214.25MB 3.0s
#5 sha256:7de158c945f338f6c80480df6fafb5afec5258bb5b961599c90348d008a466a9 72.35MB / 143.49MB 3.0s
#5 sha256:572866ab72a68759e23b071fbbdce6341137c9606936b4fff9846f74997bbaac 135.27MB / 214.25MB 3.2s
#5 sha256:7de158c945f338f6c80480df6fafb5afec5258bb5b961599c90348d008a466a9 81.79MB / 143.49MB 3.2s
#5 sha256:572866ab72a68759e23b071fbbdce6341137c9606936b4fff9846f74997bbaac 146.80MB / 214.25MB 3.4s
#5 sha256:7de158c945f338f6c80480df6fafb5afec5258bb5b961599c90348d008a466a9 93.32MB / 143.49MB 3.4s
#5 sha256:572866ab72a68759e23b071fbbdce6341137c9606936b4fff9846f74997bbaac 163.58MB / 214.25MB 3.7s
#5 sha256:7de158c945f338f6c80480df6fafb5afec5258bb5b961599c90348d008a466a9 108.00MB / 143.49MB 3.7s
#5 sha256:572866ab72a68759e23b071fbbdce6341137c9606936b4fff9846f74997bbaac 181.40MB / 214.25MB 4.0s
#5 sha256:7de158c945f338f6c80480df6fafb5afec5258bb5b961599c90348d008a466a9 122.68MB / 143.49MB 4.0s
#5 sha256:572866ab72a68759e23b071fbbdce6341137c9606936b4fff9846f74997bbaac 192.94MB / 214.25MB 4.2s
#5 extracting sha256:0400ac8f7460260a663e0e97c24d7dfd8a2c947736f0351752b45c53e26d6e02 3.0s done
#5 sha256:7de158c945f338f6c80480df6fafb5afec5258bb5b961599c90348d008a466a9 131.07MB / 143.49MB 4.2s
#5 sha256:572866ab72a68759e23b071fbbdce6341137c9606936b4fff9846f74997bbaac 205.52MB / 214.25MB 4.4s
#5 sha256:7de158c945f338f6c80480df6fafb5afec5258bb5b961599c90348d008a466a9 142.61MB / 143.49MB 4.4s
#5 extracting sha256:fa8559aa5ebb59d52475c0142459015fb9be267e1a497d8664f3fc8a35445173
#5 sha256:7de158c945f338f6c80480df6fafb5afec5258bb5b961599c90348d008a466a9 143.49MB / 143.49MB 4.8s done
#5 extracting sha256:fa8559aa5ebb59d52475c0142459015fb9be267e1a497d8664f3fc8a35445173 0.5s done
#5 extracting sha256:da32bfbbc3bad880f731e2f37903c9e359e180a5e74a703293a9441260cf3551
#5 extracting sha256:da32bfbbc3bad880f731e2f37903c9e359e180a5e74a703293a9441260cf3551 0.2s done
#5 extracting sha256:e1dc6725529d1d5ae67097d74db110cdfe3b60173dd4d9914c825ca6358ef8b5
#5 sha256:572866ab72a68759e23b071fbbdce6341137c9606936b4fff9846f74997bbaac 214.25MB / 214.25MB 6.1s done
#5 extracting sha256:e1dc6725529d1d5ae67097d74db110cdfe3b60173dd4d9914c825ca6358ef8b5 2.9s done
#5 extracting sha256:572866ab72a68759e23b071fbbdce6341137c9606936b4fff9846f74997bbaac
#5 extracting sha256:572866ab72a68759e23b071fbbdce6341137c9606936b4fff9846f74997bbaac 5.0s
#5 extracting sha256:572866ab72a68759e23b071fbbdce6341137c9606936b4fff9846f74997bbaac 10.1s
#5 extracting sha256:572866ab72a68759e23b071fbbdce6341137c9606936b4fff9846f74997bbaac 10.3s done
#5 extracting sha256:7de158c945f338f6c80480df6fafb5afec5258bb5b961599c90348d008a466a9
#5 extracting sha256:7de158c945f338f6c80480df6fafb5afec5258bb5b961599c90348d008a466a9 3.8s done
#5 extracting sha256:a84fc0f3844390195b53b046708eb1ec3279a2d41b04b88109e4fcf7418bee01
#5 extracting sha256:a84fc0f3844390195b53b046708eb1ec3279a2d41b04b88109e4fcf7418bee01 done
#5 extracting sha256:8b5b8225a4174e9f5cc64c767828ec1d1d8fc38b7362e6c5ecc72a74c4cea7e8 0.0s done
#5 extracting sha256:0f40879e235c3b834191a0120f240480b7ab556a480f1b5d2f967423bf08f711 0.1s
#5 extracting sha256:0f40879e235c3b834191a0120f240480b7ab556a480f1b5d2f967423bf08f711 0.2s done
#5 DONE 24.1s

#7 [ 2/12] RUN mix local.hex --force
#7 1.177 * creating root/.mix/archives/hex-1.0.1
#7 DONE 9.4s

#8 [ 3/12] RUN mix local.rebar --force
#8 1.132 * creating root/.mix/rebar
#8 1.454 * creating root/.mix/rebar3
#8 DONE 1.5s

#9 [ 4/12] RUN mix archive.install https://github.com/phoenixframework/archives/raw/master/phx_new.ez --force
#9 0.843 
#9 0.843 07:02:14.392 [error] SSL: :hello: ssl_alert.erl:88:Fatal error: internal error
#9 0.843 
#9 0.852 ** (Mix) httpc request failed with: {:failed_connect, [{:to_address, {'github.com', 443}}, {:inet, [:inet], {:tls_alert, 'internal error'}}]}
#9 0.852 
#9 0.852 Could not fetch archive at:
#9 0.852 
#9 0.852     https://github.com/phoenixframework/archives/raw/master/phx_new.ez
#9 0.852 
#9 0.852 Please download the archive above manually to your current directory and run:
#9 0.852 
#9 0.852     mix archive.install ./phx_new.ez
#9 0.852 
#9 ERROR: process "/bin/sh -c mix archive.install https://github.com/phoenixframework/archives/raw/master/phx_new.ez --force" did not complete successfully: exit code: 1
------
 > [ 4/12] RUN mix archive.install https://github.com/phoenixframework/archives/raw/master/phx_new.ez --force:
0.852 ** (Mix) httpc request failed with: {:failed_connect, [{:to_address, {'github.com', 443}}, {:inet, [:inet], {:tls_alert, 'internal error'}}]}
0.852 
0.852 Could not fetch archive at:
0.852 
0.852     https://github.com/phoenixframework/archives/raw/master/phx_new.ez
0.852 
0.852 Please download the archive above manually to your current directory and run:
0.852 
0.852     mix archive.install ./phx_new.ez
0.852 
------
v1_Dockerfile:12
--------------------
  10 |     
  11 |     # Install the Phoenix framework itself
  12 | >>> RUN mix archive.install https://github.com/phoenixframework/archives/raw/master/phx_new.ez --force
  13 |     
  14 |     # Install NodeJS 6.x and the NPM
--------------------
ERROR: failed to solve: process "/bin/sh -c mix archive.install https://github.com/phoenixframework/archives/raw/master/phx_new.ez --force" did not complete successfully: exit code: 1
Duration: 0:37.23