#0 building with "default" instance using docker driver

#1 [internal] load build definition from Dockerfile
#1 transferring dockerfile:
#1 transferring dockerfile: 692B done
#1 DONE 0.5s

#2 [internal] load .dockerignore
#2 transferring context: 2B done
#2 DONE 0.7s

#3 [auth] library/debian:pull token for registry-1.docker.io
#3 DONE 0.0s

#4 [internal] load metadata for docker.io/library/debian:stretch
#4 DONE 1.4s

#5 [1/2] FROM docker.io/library/debian:stretch@sha256:c5c5200ff1e9c73ffbf188b4a67eb1c91531b644856b4aefe86a58d2f0cb05be
#5 resolve docker.io/library/debian:stretch@sha256:c5c5200ff1e9c73ffbf188b4a67eb1c91531b644856b4aefe86a58d2f0cb05be
#5 resolve docker.io/library/debian:stretch@sha256:c5c5200ff1e9c73ffbf188b4a67eb1c91531b644856b4aefe86a58d2f0cb05be 0.2s done
#5 sha256:c5c5200ff1e9c73ffbf188b4a67eb1c91531b644856b4aefe86a58d2f0cb05be 1.21kB / 1.21kB done
#5 sha256:16ee3e11da473f6565ef94a715f1a38b3079e0664913be78869c336a71cb6085 529B / 529B done
#5 sha256:662c05203bab4c59568d24689fa5c3955439360a35c483178598d226b9a5ad10 1.46kB / 1.46kB done
#5 DONE 0.5s

#6 [2/2] RUN apt-get update &&     apt-get install -y curl wget git ca-certificates &&     mkdir /app && cd /app &&     LAST_RELEASE=$(curl -s https://api.github.com/repos/ovh/noderig/releases | grep tag_name | head -n 1 | cut -d '"' -f 4) &&     curl -s https://api.github.com/repos/ovh/noderig/releases | grep ${LAST_RELEASE} | grep browser_download_url | cut -d '"' -f 4 > files &&     cat files | sort | uniq > filesToDownload &&     while read f; do wget $f; done < filesToDownload &&     chmod +x noderig &&     chown -R nobody:nogroup /app &&     rm -rf /var/lib/apt/lists/*
#6 0.655 Ign:1 http://security.debian.org/debian-security stretch/updates InRelease
#6 0.657 Ign:2 http://security.debian.org/debian-security stretch/updates Release
#6 0.660 Ign:3 http://security.debian.org/debian-security stretch/updates/main amd64 Packages
#6 0.662 Ign:4 http://security.debian.org/debian-security stretch/updates/main all Packages
#6 0.665 Ign:3 http://security.debian.org/debian-security stretch/updates/main amd64 Packages
#6 0.667 Ign:4 http://security.debian.org/debian-security stretch/updates/main all Packages
#6 0.670 Ign:3 http://security.debian.org/debian-security stretch/updates/main amd64 Packages
#6 0.672 Ign:4 http://security.debian.org/debian-security stretch/updates/main all Packages
#6 0.672 Ign:5 http://deb.debian.org/debian stretch InRelease
#6 0.675 Ign:3 http://security.debian.org/debian-security stretch/updates/main amd64 Packages
#6 0.678 Ign:4 http://security.debian.org/debian-security stretch/updates/main all Packages
#6 0.681 Ign:3 http://security.debian.org/debian-security stretch/updates/main amd64 Packages
#6 0.683 Ign:4 http://security.debian.org/debian-security stretch/updates/main all Packages
#6 0.685 Err:3 http://security.debian.org/debian-security stretch/updates/main amd64 Packages
#6 0.685   404  Not Found [IP: 151.101.194.132 80]
#6 0.688 Ign:4 http://security.debian.org/debian-security stretch/updates/main all Packages
#6 0.830 Ign:6 http://deb.debian.org/debian stretch-updates InRelease
#6 0.841 Ign:7 http://deb.debian.org/debian stretch Release
#6 0.999 Ign:8 http://deb.debian.org/debian stretch-updates Release
#6 1.157 Ign:9 http://deb.debian.org/debian stretch/main all Packages
#6 1.318 Ign:10 http://deb.debian.org/debian stretch/main amd64 Packages
#6 1.482 Ign:11 http://deb.debian.org/debian stretch-updates/main amd64 Packages
#6 1.638 Ign:12 http://deb.debian.org/debian stretch-updates/main all Packages
#6 1.797 Ign:9 http://deb.debian.org/debian stretch/main all Packages
#6 1.956 Ign:10 http://deb.debian.org/debian stretch/main amd64 Packages
#6 2.113 Ign:11 http://deb.debian.org/debian stretch-updates/main amd64 Packages
#6 2.273 Ign:12 http://deb.debian.org/debian stretch-updates/main all Packages
#6 2.431 Ign:9 http://deb.debian.org/debian stretch/main all Packages
#6 2.588 Ign:10 http://deb.debian.org/debian stretch/main amd64 Packages
#6 2.746 Ign:11 http://deb.debian.org/debian stretch-updates/main amd64 Packages
#6 2.903 Ign:12 http://deb.debian.org/debian stretch-updates/main all Packages
#6 3.061 Ign:9 http://deb.debian.org/debian stretch/main all Packages
#6 3.218 Ign:10 http://deb.debian.org/debian stretch/main amd64 Packages
#6 3.375 Ign:11 http://deb.debian.org/debian stretch-updates/main amd64 Packages
#6 3.533 Ign:12 http://deb.debian.org/debian stretch-updates/main all Packages
#6 3.690 Ign:9 http://deb.debian.org/debian stretch/main all Packages
#6 3.850 Ign:10 http://deb.debian.org/debian stretch/main amd64 Packages
#6 4.008 Ign:11 http://deb.debian.org/debian stretch-updates/main amd64 Packages
#6 4.167 Ign:12 http://deb.debian.org/debian stretch-updates/main all Packages
#6 4.325 Ign:9 http://deb.debian.org/debian stretch/main all Packages
#6 4.491 Err:10 http://deb.debian.org/debian stretch/main amd64 Packages
#6 4.491   404  Not Found
#6 4.665 Err:11 http://deb.debian.org/debian stretch-updates/main amd64 Packages
#6 4.665   404  Not Found
#6 4.823 Ign:12 http://deb.debian.org/debian stretch-updates/main all Packages
#6 4.827 Reading package lists...
#6 4.836 W: The repository 'http://security.debian.org/debian-security stretch/updates Release' does not have a Release file.
#6 4.836 W: The repository 'http://deb.debian.org/debian stretch Release' does not have a Release file.
#6 4.836 W: The repository 'http://deb.debian.org/debian stretch-updates Release' does not have a Release file.
#6 4.836 E: Failed to fetch http://security.debian.org/debian-security/dists/stretch/updates/main/binary-amd64/Packages  404  Not Found [IP: 151.101.194.132 80]
#6 4.836 E: Failed to fetch http://deb.debian.org/debian/dists/stretch/main/binary-amd64/Packages  404  Not Found
#6 4.836 E: Failed to fetch http://deb.debian.org/debian/dists/stretch-updates/main/binary-amd64/Packages  404  Not Found
#6 4.836 E: Some index files failed to download. They have been ignored, or old ones used instead.
#6 ERROR: process "/bin/sh -c apt-get update &&     apt-get install -y curl wget git ca-certificates &&     mkdir /app && cd /app &&     LAST_RELEASE=$(curl -s https://api.github.com/repos/ovh/noderig/releases | grep tag_name | head -n 1 | cut -d '\"' -f 4) &&     curl -s https://api.github.com/repos/ovh/noderig/releases | grep ${LAST_RELEASE} | grep browser_download_url | cut -d '\"' -f 4 > files &&     cat files | sort | uniq > filesToDownload &&     while read f; do wget $f; done < filesToDownload &&     chmod +x noderig &&     chown -R nobody:nogroup /app &&     rm -rf /var/lib/apt/lists/*" did not complete successfully: exit code: 100
------
 > [2/2] RUN apt-get update &&     apt-get install -y curl wget git ca-certificates &&     mkdir /app && cd /app &&     LAST_RELEASE=$(curl -s https://api.github.com/repos/ovh/noderig/releases | grep tag_name | head -n 1 | cut -d '"' -f 4) &&     curl -s https://api.github.com/repos/ovh/noderig/releases | grep ${LAST_RELEASE} | grep browser_download_url | cut -d '"' -f 4 > files &&     cat files | sort | uniq > filesToDownload &&     while read f; do wget $f; done < filesToDownload &&     chmod +x noderig &&     chown -R nobody:nogroup /app &&     rm -rf /var/lib/apt/lists/*:
4.665   404  Not Found
4.823 Ign:12 http://deb.debian.org/debian stretch-updates/main all Packages
4.827 Reading package lists...
4.836 W: The repository 'http://security.debian.org/debian-security stretch/updates Release' does not have a Release file.
4.836 W: The repository 'http://deb.debian.org/debian stretch Release' does not have a Release file.
4.836 W: The repository 'http://deb.debian.org/debian stretch-updates Release' does not have a Release file.
4.836 E: Failed to fetch http://security.debian.org/debian-security/dists/stretch/updates/main/binary-amd64/Packages  404  Not Found [IP: 151.101.194.132 80]
4.836 E: Failed to fetch http://deb.debian.org/debian/dists/stretch/main/binary-amd64/Packages  404  Not Found
4.836 E: Failed to fetch http://deb.debian.org/debian/dists/stretch-updates/main/binary-amd64/Packages  404  Not Found
4.836 E: Some index files failed to download. They have been ignored, or old ones used instead.
------
Dockerfile:4
--------------------
   3 |     
   4 | >>> RUN apt-get update && \
   5 | >>>     apt-get install -y curl wget git ca-certificates && \
   6 | >>>     mkdir /app && cd /app && \
   7 | >>>     LAST_RELEASE=$(curl -s https://api.github.com/repos/ovh/noderig/releases | grep tag_name | head -n 1 | cut -d '"' -f 4) && \
   8 | >>>     curl -s https://api.github.com/repos/ovh/noderig/releases | grep ${LAST_RELEASE} | grep browser_download_url | cut -d '"' -f 4 > files && \
   9 | >>>     cat files | sort | uniq > filesToDownload && \
  10 | >>>     while read f; do wget $f; done < filesToDownload && \
  11 | >>>     chmod +x noderig && \
  12 | >>>     chown -R nobody:nogroup /app && \
  13 | >>>     rm -rf /var/lib/apt/lists/*
  14 |     
--------------------
ERROR: failed to solve: process "/bin/sh -c apt-get update &&     apt-get install -y curl wget git ca-certificates &&     mkdir /app && cd /app &&     LAST_RELEASE=$(curl -s https://api.github.com/repos/ovh/noderig/releases | grep tag_name | head -n 1 | cut -d '\"' -f 4) &&     curl -s https://api.github.com/repos/ovh/noderig/releases | grep ${LAST_RELEASE} | grep browser_download_url | cut -d '\"' -f 4 > files &&     cat files | sort | uniq > filesToDownload &&     while read f; do wget $f; done < filesToDownload &&     chmod +x noderig &&     chown -R nobody:nogroup /app &&     rm -rf /var/lib/apt/lists/*" did not complete successfully: exit code: 100
Duration: 0:8.24