#0 building with "default" instance using docker driver

#1 [internal] load build definition from v1_Dockerfile
#1 transferring dockerfile: 631B done
#1 DONE 0.0s

#2 [auth] library/python:pull token for registry-1.docker.io
#2 DONE 0.0s

#3 [internal] load metadata for docker.io/library/python:2.7.16-slim-stretch
#3 DONE 0.9s

#4 [internal] load .dockerignore
#4 transferring context: 2B done
#4 DONE 0.0s

#5 [1/7] FROM docker.io/library/python:2.7.16-slim-stretch@sha256:8534209997f4658efa0207ef437214d67dc9093ebce7f058fd9e4346a9da79dd
#5 resolve docker.io/library/python:2.7.16-slim-stretch@sha256:8534209997f4658efa0207ef437214d67dc9093ebce7f058fd9e4346a9da79dd 0.0s done
#5 sha256:c83cd09cfbe7c80be37f2111f5a26a0118a11e35212b6a2a4e1e8b1759ad7302 7.21kB / 7.21kB done
#5 sha256:80369df487363e56aea88d4d41b61f1607fc2ec198e9327cfde36a5346c71bf2 0B / 22.52MB 0.1s
#5 sha256:684650382ab12be78a4516be45aaf4e97761d08f46ea57177b91a0ce88b11436 0B / 2.53MB 0.1s
#5 sha256:693ec1bac9c903b01e919faed8f369de997e2a9b026ce493fea0c2e32d05556b 0B / 17.03MB 0.1s
#5 sha256:8534209997f4658efa0207ef437214d67dc9093ebce7f058fd9e4346a9da79dd 1.65kB / 1.65kB done
#5 sha256:a0d9c798e117015f00e41c20e5d578cabe9735fa7b0a5cbcbba8a79d0c2cf948 1.16kB / 1.16kB done
#5 ...

#6 [internal] load build context
#6 transferring context: 24.71MB 0.2s done
#6 DONE 0.2s

#5 [1/7] FROM docker.io/library/python:2.7.16-slim-stretch@sha256:8534209997f4658efa0207ef437214d67dc9093ebce7f058fd9e4346a9da79dd
#5 sha256:80369df487363e56aea88d4d41b61f1607fc2ec198e9327cfde36a5346c71bf2 14.68MB / 22.52MB 0.3s
#5 sha256:684650382ab12be78a4516be45aaf4e97761d08f46ea57177b91a0ce88b11436 2.53MB / 2.53MB 0.3s done
#5 sha256:693ec1bac9c903b01e919faed8f369de997e2a9b026ce493fea0c2e32d05556b 1.05MB / 17.03MB 0.3s
#5 sha256:80369df487363e56aea88d4d41b61f1607fc2ec198e9327cfde36a5346c71bf2 22.52MB / 22.52MB 0.4s
#5 sha256:693ec1bac9c903b01e919faed8f369de997e2a9b026ce493fea0c2e32d05556b 5.24MB / 17.03MB 0.4s
#5 sha256:02072b04b48acd624168b15b188796f274f1cf3f0406fcb7143cf017d235b62c 0B / 2.15MB 0.4s
#5 sha256:80369df487363e56aea88d4d41b61f1607fc2ec198e9327cfde36a5346c71bf2 22.52MB / 22.52MB 0.4s done
#5 sha256:693ec1bac9c903b01e919faed8f369de997e2a9b026ce493fea0c2e32d05556b 11.60MB / 17.03MB 0.5s
#5 sha256:02072b04b48acd624168b15b188796f274f1cf3f0406fcb7143cf017d235b62c 2.15MB / 2.15MB 0.5s done
#5 extracting sha256:80369df487363e56aea88d4d41b61f1607fc2ec198e9327cfde36a5346c71bf2 0.1s
#5 sha256:693ec1bac9c903b01e919faed8f369de997e2a9b026ce493fea0c2e32d05556b 17.03MB / 17.03MB 0.6s
#5 sha256:693ec1bac9c903b01e919faed8f369de997e2a9b026ce493fea0c2e32d05556b 17.03MB / 17.03MB 0.6s done
#5 extracting sha256:80369df487363e56aea88d4d41b61f1607fc2ec198e9327cfde36a5346c71bf2 1.7s done
#5 extracting sha256:684650382ab12be78a4516be45aaf4e97761d08f46ea57177b91a0ce88b11436
#5 extracting sha256:684650382ab12be78a4516be45aaf4e97761d08f46ea57177b91a0ce88b11436 0.2s done
#5 extracting sha256:693ec1bac9c903b01e919faed8f369de997e2a9b026ce493fea0c2e32d05556b
#5 extracting sha256:693ec1bac9c903b01e919faed8f369de997e2a9b026ce493fea0c2e32d05556b 0.8s done
#5 extracting sha256:02072b04b48acd624168b15b188796f274f1cf3f0406fcb7143cf017d235b62c
#5 extracting sha256:02072b04b48acd624168b15b188796f274f1cf3f0406fcb7143cf017d235b62c 0.2s done
#5 DONE 3.7s

#7 [2/7] COPY . /acr_scan_tool
#7 DONE 0.6s

#8 [3/7] WORKDIR /acr_scan_tool
#8 DONE 0.0s

#9 [4/7] RUN chmod +x /acr_scan_tool/acrcloud_scan_files_python.py
#9 DONE 0.2s

#10 [5/7] RUN apt-get update && apt-get install -y --no-install-recommends git && apt-get purge -y --auto-remove && rm -rf /var/lib/apt/lists/*
#10 0.247 Ign:1 http://deb.debian.org/debian stretch InRelease
#10 0.252 Ign:2 http://security.debian.org/debian-security stretch/updates InRelease
#10 0.257 Ign:3 http://deb.debian.org/debian stretch-updates InRelease
#10 0.265 Ign:4 http://security.debian.org/debian-security stretch/updates Release
#10 0.269 Ign:5 http://deb.debian.org/debian stretch Release
#10 0.276 Ign:6 http://security.debian.org/debian-security stretch/updates/main all Packages
#10 0.279 Ign:7 http://deb.debian.org/debian stretch-updates Release
#10 0.288 Ign:8 http://security.debian.org/debian-security stretch/updates/main amd64 Packages
#10 0.290 Ign:9 http://deb.debian.org/debian stretch/main all Packages
#10 0.298 Ign:10 http://deb.debian.org/debian stretch/main amd64 Packages
#10 0.300 Ign:6 http://security.debian.org/debian-security stretch/updates/main all Packages
#10 0.308 Ign:11 http://deb.debian.org/debian stretch-updates/main all Packages
#10 0.311 Ign:8 http://security.debian.org/debian-security stretch/updates/main amd64 Packages
#10 0.317 Ign:12 http://deb.debian.org/debian stretch-updates/main amd64 Packages
#10 0.323 Ign:6 http://security.debian.org/debian-security stretch/updates/main all Packages
#10 0.327 Ign:9 http://deb.debian.org/debian stretch/main all Packages
#10 0.336 Ign:8 http://security.debian.org/debian-security stretch/updates/main amd64 Packages
#10 0.337 Ign:10 http://deb.debian.org/debian stretch/main amd64 Packages
#10 0.348 Ign:11 http://deb.debian.org/debian stretch-updates/main all Packages
#10 0.348 Ign:6 http://security.debian.org/debian-security stretch/updates/main all Packages
#10 0.359 Ign:12 http://deb.debian.org/debian stretch-updates/main amd64 Packages
#10 0.361 Ign:8 http://security.debian.org/debian-security stretch/updates/main amd64 Packages
#10 0.368 Ign:9 http://deb.debian.org/debian stretch/main all Packages
#10 0.372 Ign:6 http://security.debian.org/debian-security stretch/updates/main all Packages
#10 0.378 Ign:10 http://deb.debian.org/debian stretch/main amd64 Packages
#10 0.385 Ign:8 http://security.debian.org/debian-security stretch/updates/main amd64 Packages
#10 0.388 Ign:11 http://deb.debian.org/debian stretch-updates/main all Packages
#10 0.396 Ign:6 http://security.debian.org/debian-security stretch/updates/main all Packages
#10 0.398 Ign:12 http://deb.debian.org/debian stretch-updates/main amd64 Packages
#10 0.409 Ign:9 http://deb.debian.org/debian stretch/main all Packages
#10 0.409 Err:8 http://security.debian.org/debian-security stretch/updates/main amd64 Packages
#10 0.409   404  Not Found
#10 0.420 Ign:10 http://deb.debian.org/debian stretch/main amd64 Packages
#10 0.431 Ign:11 http://deb.debian.org/debian stretch-updates/main all Packages
#10 0.440 Ign:12 http://deb.debian.org/debian stretch-updates/main amd64 Packages
#10 0.451 Ign:9 http://deb.debian.org/debian stretch/main all Packages
#10 0.459 Ign:10 http://deb.debian.org/debian stretch/main amd64 Packages
#10 0.472 Ign:11 http://deb.debian.org/debian stretch-updates/main all Packages
#10 0.480 Ign:12 http://deb.debian.org/debian stretch-updates/main amd64 Packages
#10 0.490 Ign:9 http://deb.debian.org/debian stretch/main all Packages
#10 0.508 Err:10 http://deb.debian.org/debian stretch/main amd64 Packages
#10 0.508   404  Not Found
#10 0.519 Ign:11 http://deb.debian.org/debian stretch-updates/main all Packages
#10 0.529 Err:12 http://deb.debian.org/debian stretch-updates/main amd64 Packages
#10 0.529   404  Not Found
#10 0.534 Reading package lists...
#10 0.542 W: The repository 'http://security.debian.org/debian-security stretch/updates Release' does not have a Release file.
#10 0.542 W: The repository 'http://deb.debian.org/debian stretch Release' does not have a Release file.
#10 0.542 W: The repository 'http://deb.debian.org/debian stretch-updates Release' does not have a Release file.
#10 0.542 E: Failed to fetch http://security.debian.org/debian-security/dists/stretch/updates/main/binary-amd64/Packages  404  Not Found
#10 0.542 E: Failed to fetch http://deb.debian.org/debian/dists/stretch/main/binary-amd64/Packages  404  Not Found
#10 0.542 E: Failed to fetch http://deb.debian.org/debian/dists/stretch-updates/main/binary-amd64/Packages  404  Not Found
#10 0.542 E: Some index files failed to download. They have been ignored, or old ones used instead.
#10 ERROR: process "/bin/sh -c apt-get update && apt-get install -y --no-install-recommends git && apt-get purge -y --auto-remove && rm -rf /var/lib/apt/lists/*" did not complete successfully: exit code: 100
------
 > [5/7] RUN apt-get update && apt-get install -y --no-install-recommends git && apt-get purge -y --auto-remove && rm -rf /var/lib/apt/lists/*:
0.529 Err:12 http://deb.debian.org/debian stretch-updates/main amd64 Packages
0.529   404  Not Found
0.534 Reading package lists...
0.542 W: The repository 'http://security.debian.org/debian-security stretch/updates Release' does not have a Release file.
0.542 W: The repository 'http://deb.debian.org/debian stretch Release' does not have a Release file.
0.542 W: The repository 'http://deb.debian.org/debian stretch-updates Release' does not have a Release file.
0.542 E: Failed to fetch http://security.debian.org/debian-security/dists/stretch/updates/main/binary-amd64/Packages  404  Not Found
0.542 E: Failed to fetch http://deb.debian.org/debian/dists/stretch/main/binary-amd64/Packages  404  Not Found
0.542 E: Failed to fetch http://deb.debian.org/debian/dists/stretch-updates/main/binary-amd64/Packages  404  Not Found
0.542 E: Some index files failed to download. They have been ignored, or old ones used instead.
------
v1_Dockerfile:9
--------------------
   8 |     
   9 | >>> RUN apt-get update \
  10 | >>> && apt-get install -y --no-install-recommends git \
  11 | >>> && apt-get purge -y --auto-remove \
  12 | >>> && rm -rf /var/lib/apt/lists/*
  13 |     
--------------------
ERROR: failed to solve: process "/bin/sh -c apt-get update && apt-get install -y --no-install-recommends git && apt-get purge -y --auto-remove && rm -rf /var/lib/apt/lists/*" did not complete successfully: exit code: 100
Duration: 0:6.41