#0 building with "default" instance using docker driver

#1 [internal] load build definition from v1_Dockerfile
#1 transferring dockerfile: 417B done
#1 DONE 0.0s

#2 [auth] library/python:pull token for registry-1.docker.io
#2 DONE 0.0s

#3 [internal] load metadata for docker.io/library/python:3.7
#3 DONE 0.9s

#4 [internal] load .dockerignore
#4 transferring context: 293B done
#4 DONE 0.0s

#5 [internal] load build context
#5 transferring context: 142.71kB done
#5 DONE 0.0s

#6 [1/9] FROM docker.io/library/python:3.7@sha256:eedf63967cdb57d8214db38ce21f105003ed4e4d0358f02bedc057341bcf92a0
#6 resolve docker.io/library/python:3.7@sha256:eedf63967cdb57d8214db38ce21f105003ed4e4d0358f02bedc057341bcf92a0 0.0s done
#6 sha256:debce5f9f3a9709885f7f2ad3cf41f036a3b57b406b27ba3a883928315787042 0B / 64.11MB 0.2s
#6 sha256:eedf63967cdb57d8214db38ce21f105003ed4e4d0358f02bedc057341bcf92a0 1.86kB / 1.86kB done
#6 sha256:2011a37d2a08fe83dd9ff923e0f83bfd7290152e2e6afe359bde1453170d9bdc 2.01kB / 2.01kB done
#6 sha256:16d93ae3411be3db255b6b52fdfc155a0dff0f697c2e4e3d862caf8d978830b2 8.13kB / 8.13kB done
#6 sha256:167b8a53ca4504bc6aa3182e336fa96f4ef76875d158c1933d3e2fa19c57e0c3 1.05MB / 49.56MB 0.2s
#6 sha256:b47a222d28fa95680198398973d0a29b82a968f03e7ef361cc8ded562e4d84a3 0B / 24.03MB 0.2s
#6 sha256:167b8a53ca4504bc6aa3182e336fa96f4ef76875d158c1933d3e2fa19c57e0c3 8.39MB / 49.56MB 0.3s
#6 sha256:debce5f9f3a9709885f7f2ad3cf41f036a3b57b406b27ba3a883928315787042 4.19MB / 64.11MB 0.5s
#6 sha256:167b8a53ca4504bc6aa3182e336fa96f4ef76875d158c1933d3e2fa19c57e0c3 16.78MB / 49.56MB 0.5s
#6 sha256:b47a222d28fa95680198398973d0a29b82a968f03e7ef361cc8ded562e4d84a3 7.34MB / 24.03MB 0.5s
#6 sha256:debce5f9f3a9709885f7f2ad3cf41f036a3b57b406b27ba3a883928315787042 10.49MB / 64.11MB 0.7s
#6 sha256:167b8a53ca4504bc6aa3182e336fa96f4ef76875d158c1933d3e2fa19c57e0c3 27.26MB / 49.56MB 0.7s
#6 sha256:b47a222d28fa95680198398973d0a29b82a968f03e7ef361cc8ded562e4d84a3 16.78MB / 24.03MB 0.7s
#6 sha256:debce5f9f3a9709885f7f2ad3cf41f036a3b57b406b27ba3a883928315787042 16.78MB / 64.11MB 0.9s
#6 sha256:167b8a53ca4504bc6aa3182e336fa96f4ef76875d158c1933d3e2fa19c57e0c3 37.75MB / 49.56MB 0.9s
#6 sha256:b47a222d28fa95680198398973d0a29b82a968f03e7ef361cc8ded562e4d84a3 24.03MB / 24.03MB 0.9s
#6 sha256:debce5f9f3a9709885f7f2ad3cf41f036a3b57b406b27ba3a883928315787042 23.07MB / 64.11MB 1.1s
#6 sha256:167b8a53ca4504bc6aa3182e336fa96f4ef76875d158c1933d3e2fa19c57e0c3 49.56MB / 49.56MB 1.1s
#6 sha256:b47a222d28fa95680198398973d0a29b82a968f03e7ef361cc8ded562e4d84a3 24.03MB / 24.03MB 0.9s done
#6 sha256:1d7ca7cd2e066ae77ac6284a9d027f72a31a02a18bfc2a249ef2e7b01074338b 1.05MB / 211.04MB 1.1s
#6 sha256:debce5f9f3a9709885f7f2ad3cf41f036a3b57b406b27ba3a883928315787042 27.26MB / 64.11MB 1.2s
#6 sha256:167b8a53ca4504bc6aa3182e336fa96f4ef76875d158c1933d3e2fa19c57e0c3 49.56MB / 49.56MB 1.2s done
#6 extracting sha256:167b8a53ca4504bc6aa3182e336fa96f4ef76875d158c1933d3e2fa19c57e0c3
#6 sha256:debce5f9f3a9709885f7f2ad3cf41f036a3b57b406b27ba3a883928315787042 34.60MB / 64.11MB 1.3s
#6 sha256:ff3119008f58beef8f336fa833707b0fe914db94ca6b7bb55abe3e1bf2b1ad56 0B / 6.39MB 1.3s
#6 sha256:debce5f9f3a9709885f7f2ad3cf41f036a3b57b406b27ba3a883928315787042 38.80MB / 64.11MB 1.4s
#6 sha256:ff3119008f58beef8f336fa833707b0fe914db94ca6b7bb55abe3e1bf2b1ad56 2.10MB / 6.39MB 1.4s
#6 sha256:debce5f9f3a9709885f7f2ad3cf41f036a3b57b406b27ba3a883928315787042 45.09MB / 64.11MB 1.5s
#6 sha256:1d7ca7cd2e066ae77ac6284a9d027f72a31a02a18bfc2a249ef2e7b01074338b 15.73MB / 211.04MB 1.5s
#6 sha256:ff3119008f58beef8f336fa833707b0fe914db94ca6b7bb55abe3e1bf2b1ad56 6.39MB / 6.39MB 1.5s done
#6 sha256:c2423a76a32b7ffb2ee7bb6d1e0c74bb1811237eddcb3200594daf7a52d4f378 0B / 14.70MB 1.5s
#6 sha256:debce5f9f3a9709885f7f2ad3cf41f036a3b57b406b27ba3a883928315787042 55.57MB / 64.11MB 1.7s
#6 sha256:c2423a76a32b7ffb2ee7bb6d1e0c74bb1811237eddcb3200594daf7a52d4f378 2.10MB / 14.70MB 1.7s
#6 sha256:debce5f9f3a9709885f7f2ad3cf41f036a3b57b406b27ba3a883928315787042 59.77MB / 64.11MB 1.8s
#6 sha256:1d7ca7cd2e066ae77ac6284a9d027f72a31a02a18bfc2a249ef2e7b01074338b 28.31MB / 211.04MB 1.8s
#6 sha256:c2423a76a32b7ffb2ee7bb6d1e0c74bb1811237eddcb3200594daf7a52d4f378 6.29MB / 14.70MB 1.8s
#6 sha256:debce5f9f3a9709885f7f2ad3cf41f036a3b57b406b27ba3a883928315787042 64.11MB / 64.11MB 1.9s
#6 sha256:c2423a76a32b7ffb2ee7bb6d1e0c74bb1811237eddcb3200594daf7a52d4f378 9.44MB / 14.70MB 1.9s
#6 sha256:1d7ca7cd2e066ae77ac6284a9d027f72a31a02a18bfc2a249ef2e7b01074338b 40.89MB / 211.04MB 2.0s
#6 sha256:c2423a76a32b7ffb2ee7bb6d1e0c74bb1811237eddcb3200594daf7a52d4f378 13.63MB / 14.70MB 2.0s
#6 sha256:debce5f9f3a9709885f7f2ad3cf41f036a3b57b406b27ba3a883928315787042 64.11MB / 64.11MB 2.0s done
#6 sha256:c2423a76a32b7ffb2ee7bb6d1e0c74bb1811237eddcb3200594daf7a52d4f378 14.70MB / 14.70MB 2.1s done
#6 sha256:e1c98ca4926a91839805ce76d76a70225e303007331ee60f45dfabbbf55fd8c8 0B / 244B 2.1s
#6 sha256:3b62c8e1d79b6554a8bffcf196ff5dd822858c179f1f8dc6f0c74a288859a6fb 0B / 2.85MB 2.1s
#6 sha256:1d7ca7cd2e066ae77ac6284a9d027f72a31a02a18bfc2a249ef2e7b01074338b 70.25MB / 211.04MB 2.3s
#6 sha256:e1c98ca4926a91839805ce76d76a70225e303007331ee60f45dfabbbf55fd8c8 244B / 244B 2.2s done
#6 sha256:3b62c8e1d79b6554a8bffcf196ff5dd822858c179f1f8dc6f0c74a288859a6fb 2.85MB / 2.85MB 2.3s done
#6 sha256:1d7ca7cd2e066ae77ac6284a9d027f72a31a02a18bfc2a249ef2e7b01074338b 100.66MB / 211.04MB 2.6s
#6 sha256:1d7ca7cd2e066ae77ac6284a9d027f72a31a02a18bfc2a249ef2e7b01074338b 122.68MB / 211.04MB 2.8s
#6 sha256:1d7ca7cd2e066ae77ac6284a9d027f72a31a02a18bfc2a249ef2e7b01074338b 134.22MB / 211.04MB 2.9s
#6 sha256:1d7ca7cd2e066ae77ac6284a9d027f72a31a02a18bfc2a249ef2e7b01074338b 156.24MB / 211.04MB 3.1s
#6 sha256:1d7ca7cd2e066ae77ac6284a9d027f72a31a02a18bfc2a249ef2e7b01074338b 175.11MB / 211.04MB 3.3s
#6 sha256:1d7ca7cd2e066ae77ac6284a9d027f72a31a02a18bfc2a249ef2e7b01074338b 195.04MB / 211.04MB 3.5s
#6 sha256:1d7ca7cd2e066ae77ac6284a9d027f72a31a02a18bfc2a249ef2e7b01074338b 211.04MB / 211.04MB 3.7s
#6 sha256:1d7ca7cd2e066ae77ac6284a9d027f72a31a02a18bfc2a249ef2e7b01074338b 211.04MB / 211.04MB 4.3s done
#6 extracting sha256:167b8a53ca4504bc6aa3182e336fa96f4ef76875d158c1933d3e2fa19c57e0c3 3.1s done
#6 extracting sha256:b47a222d28fa95680198398973d0a29b82a968f03e7ef361cc8ded562e4d84a3
#6 extracting sha256:b47a222d28fa95680198398973d0a29b82a968f03e7ef361cc8ded562e4d84a3 0.8s done
#6 extracting sha256:debce5f9f3a9709885f7f2ad3cf41f036a3b57b406b27ba3a883928315787042
#6 extracting sha256:debce5f9f3a9709885f7f2ad3cf41f036a3b57b406b27ba3a883928315787042 3.5s done
#6 extracting sha256:1d7ca7cd2e066ae77ac6284a9d027f72a31a02a18bfc2a249ef2e7b01074338b
#6 extracting sha256:1d7ca7cd2e066ae77ac6284a9d027f72a31a02a18bfc2a249ef2e7b01074338b 5.1s
#6 extracting sha256:1d7ca7cd2e066ae77ac6284a9d027f72a31a02a18bfc2a249ef2e7b01074338b 9.5s done
#6 extracting sha256:ff3119008f58beef8f336fa833707b0fe914db94ca6b7bb55abe3e1bf2b1ad56
#6 extracting sha256:ff3119008f58beef8f336fa833707b0fe914db94ca6b7bb55abe3e1bf2b1ad56 0.4s done
#6 extracting sha256:c2423a76a32b7ffb2ee7bb6d1e0c74bb1811237eddcb3200594daf7a52d4f378 0.1s
#6 extracting sha256:c2423a76a32b7ffb2ee7bb6d1e0c74bb1811237eddcb3200594daf7a52d4f378 0.7s done
#6 extracting sha256:e1c98ca4926a91839805ce76d76a70225e303007331ee60f45dfabbbf55fd8c8 done
#6 extracting sha256:3b62c8e1d79b6554a8bffcf196ff5dd822858c179f1f8dc6f0c74a288859a6fb
#6 extracting sha256:3b62c8e1d79b6554a8bffcf196ff5dd822858c179f1f8dc6f0c74a288859a6fb 0.3s done
#6 DONE 20.5s

#7 [2/9] RUN mkdir /code
#7 DONE 7.3s

#8 [3/9] COPY ./examples/ /code/examples
#8 DONE 0.1s

#9 [4/9] WORKDIR /code
#9 DONE 0.1s

#10 [5/9] RUN pip install --no-cache-dir git+https://github.com/toluaina/pgsync.git
#10 1.587 Collecting git+https://github.com/toluaina/pgsync.git
#10 1.588   Cloning https://github.com/toluaina/pgsync.git to /tmp/pip-req-build-czcvsjae
#10 1.594   Running command git clone --filter=blob:none --quiet https://github.com/toluaina/pgsync.git /tmp/pip-req-build-czcvsjae
#10 2.426   Resolved https://github.com/toluaina/pgsync.git to commit 800073967eb03a33d8a3d4902f9df8ebc836d96e
#10 2.434   Installing build dependencies: started
#10 4.289   Installing build dependencies: finished with status 'done'
#10 4.290   Getting requirements to build wheel: started
#10 4.470   Getting requirements to build wheel: finished with status 'done'
#10 4.473   Installing backend dependencies: started
#10 5.150   Installing backend dependencies: finished with status 'done'
#10 5.150   Preparing metadata (pyproject.toml): started
#10 5.381   Preparing metadata (pyproject.toml): finished with status 'done'
#10 5.501 Collecting jmespath==1.0.1
#10 5.573   Downloading jmespath-1.0.1-py3-none-any.whl (20 kB)
#10 5.665 ERROR: Ignored the following versions that require a different python version: 3.20.0 Requires-Python >=3.8; 3.20.1 Requires-Python >=3.8; 3.20.2 Requires-Python >=3.8; 3.21.0 Requires-Python >=3.8; 3.21.1 Requires-Python >=3.8; 3.21.2 Requires-Python >=3.8; 3.21.3 Requires-Python >=3.8
#10 5.665 ERROR: Could not find a version that satisfies the requirement marshmallow==3.21.3 (from pgsync) (from versions: 0.1.0, 0.2.0, 0.2.1, 0.3.0, 0.3.1, 0.4.0, 0.4.1, 0.5.0, 0.5.1, 0.5.2, 0.5.3, 0.5.4, 0.5.5, 0.6.0, 0.7.0, 1.0.0a0, 1.0.0, 1.0.1, 1.1.0, 1.2.0, 1.2.1, 1.2.2, 1.2.3, 1.2.4, 1.2.5, 1.2.6, 2.0.0a1, 2.0.0b1, 2.0.0b2, 2.0.0b3, 2.0.0b4, 2.0.0b5, 2.0.0rc1, 2.0.0rc2, 2.0.0, 2.1.0, 2.1.1, 2.1.2, 2.1.3, 2.2.0, 2.2.1, 2.3.0, 2.4.0, 2.4.1, 2.4.2, 2.5.0, 2.6.0, 2.6.1, 2.7.0, 2.7.1, 2.7.2, 2.7.3, 2.8.0, 2.9.0, 2.9.1, 2.10.0, 2.10.1, 2.10.2, 2.10.3, 2.10.4, 2.10.5, 2.11.0, 2.11.1, 2.12.0, 2.12.1, 2.12.2, 2.13.0, 2.13.1, 2.13.2, 2.13.3, 2.13.4, 2.13.5, 2.13.6, 2.14.0, 2.15.0, 2.15.1, 2.15.2, 2.15.3, 2.15.4, 2.15.5, 2.15.6, 2.16.0, 2.16.1, 2.16.2, 2.16.3, 2.17.0, 2.18.0, 2.18.1, 2.19.0, 2.19.1, 2.19.2, 2.19.3, 2.19.4, 2.19.5, 2.20.0, 2.20.1, 2.20.2, 2.20.3, 2.20.4, 2.20.5, 2.21.0, 3.0.0a1, 3.0.0b1, 3.0.0b2, 3.0.0b3, 3.0.0b4, 3.0.0b5, 3.0.0b6, 3.0.0b7, 3.0.0b8, 3.0.0b9, 3.0.0b10, 3.0.0b11, 3.0.0b12, 3.0.0b13, 3.0.0b14, 3.0.0b15, 3.0.0b16, 3.0.0b17, 3.0.0b18, 3.0.0b19, 3.0.0b20, 3.0.0rc1, 3.0.0rc2, 3.0.0rc3, 3.0.0rc4, 3.0.0rc5, 3.0.0rc6, 3.0.0rc7, 3.0.0rc8, 3.0.0rc9, 3.0.0, 3.0.1, 3.0.2, 3.0.3, 3.0.4, 3.0.5, 3.1.0, 3.1.1, 3.2.0, 3.2.1, 3.2.2, 3.3.0, 3.4.0, 3.5.0, 3.5.1, 3.5.2, 3.6.0, 3.6.1, 3.7.0, 3.7.1, 3.8.0, 3.9.0, 3.9.1, 3.10.0, 3.11.0, 3.11.1, 3.12.0, 3.12.1, 3.12.2, 3.13.0, 3.14.0, 3.14.1, 3.15.0, 3.16.0, 3.17.0, 3.17.1, 3.18.0, 3.19.0)
#10 5.665 ERROR: No matching distribution found for marshmallow==3.21.3
#10 5.802 
#10 5.802 [notice] A new release of pip is available: 23.0.1 -> 24.0
#10 5.802 [notice] To update, run: pip install --upgrade pip
#10 ERROR: process "/bin/sh -c pip install --no-cache-dir git+https://github.com/toluaina/pgsync.git" did not complete successfully: exit code: 1
------
 > [5/9] RUN pip install --no-cache-dir git+https://github.com/toluaina/pgsync.git:
5.150   Preparing metadata (pyproject.toml): started
5.381   Preparing metadata (pyproject.toml): finished with status 'done'
5.501 Collecting jmespath==1.0.1
5.573   Downloading jmespath-1.0.1-py3-none-any.whl (20 kB)
5.665 ERROR: Ignored the following versions that require a different python version: 3.20.0 Requires-Python >=3.8; 3.20.1 Requires-Python >=3.8; 3.20.2 Requires-Python >=3.8; 3.21.0 Requires-Python >=3.8; 3.21.1 Requires-Python >=3.8; 3.21.2 Requires-Python >=3.8; 3.21.3 Requires-Python >=3.8
5.665 ERROR: Could not find a version that satisfies the requirement marshmallow==3.21.3 (from pgsync) (from versions: 0.1.0, 0.2.0, 0.2.1, 0.3.0, 0.3.1, 0.4.0, 0.4.1, 0.5.0, 0.5.1, 0.5.2, 0.5.3, 0.5.4, 0.5.5, 0.6.0, 0.7.0, 1.0.0a0, 1.0.0, 1.0.1, 1.1.0, 1.2.0, 1.2.1, 1.2.2, 1.2.3, 1.2.4, 1.2.5, 1.2.6, 2.0.0a1, 2.0.0b1, 2.0.0b2, 2.0.0b3, 2.0.0b4, 2.0.0b5, 2.0.0rc1, 2.0.0rc2, 2.0.0, 2.1.0, 2.1.1, 2.1.2, 2.1.3, 2.2.0, 2.2.1, 2.3.0, 2.4.0, 2.4.1, 2.4.2, 2.5.0, 2.6.0, 2.6.1, 2.7.0, 2.7.1, 2.7.2, 2.7.3, 2.8.0, 2.9.0, 2.9.1, 2.10.0, 2.10.1, 2.10.2, 2.10.3, 2.10.4, 2.10.5, 2.11.0, 2.11.1, 2.12.0, 2.12.1, 2.12.2, 2.13.0, 2.13.1, 2.13.2, 2.13.3, 2.13.4, 2.13.5, 2.13.6, 2.14.0, 2.15.0, 2.15.1, 2.15.2, 2.15.3, 2.15.4, 2.15.5, 2.15.6, 2.16.0, 2.16.1, 2.16.2, 2.16.3, 2.17.0, 2.18.0, 2.18.1, 2.19.0, 2.19.1, 2.19.2, 2.19.3, 2.19.4, 2.19.5, 2.20.0, 2.20.1, 2.20.2, 2.20.3, 2.20.4, 2.20.5, 2.21.0, 3.0.0a1, 3.0.0b1, 3.0.0b2, 3.0.0b3, 3.0.0b4, 3.0.0b5, 3.0.0b6, 3.0.0b7, 3.0.0b8, 3.0.0b9, 3.0.0b10, 3.0.0b11, 3.0.0b12, 3.0.0b13, 3.0.0b14, 3.0.0b15, 3.0.0b16, 3.0.0b17, 3.0.0b18, 3.0.0b19, 3.0.0b20, 3.0.0rc1, 3.0.0rc2, 3.0.0rc3, 3.0.0rc4, 3.0.0rc5, 3.0.0rc6, 3.0.0rc7, 3.0.0rc8, 3.0.0rc9, 3.0.0, 3.0.1, 3.0.2, 3.0.3, 3.0.4, 3.0.5, 3.1.0, 3.1.1, 3.2.0, 3.2.1, 3.2.2, 3.3.0, 3.4.0, 3.5.0, 3.5.1, 3.5.2, 3.6.0, 3.6.1, 3.7.0, 3.7.1, 3.8.0, 3.9.0, 3.9.1, 3.10.0, 3.11.0, 3.11.1, 3.12.0, 3.12.1, 3.12.2, 3.13.0, 3.14.0, 3.14.1, 3.15.0, 3.16.0, 3.17.0, 3.17.1, 3.18.0, 3.19.0)
5.665 ERROR: No matching distribution found for marshmallow==3.21.3
5.802 
5.802 [notice] A new release of pip is available: 23.0.1 -> 24.0
5.802 [notice] To update, run: pip install --upgrade pip
------
v1_Dockerfile:6
--------------------
   4 |     COPY ./examples/ $WORKDIR/examples
   5 |     WORKDIR $WORKDIR
   6 | >>> RUN pip install --no-cache-dir git+https://github.com/toluaina/pgsync.git
   7 |     COPY ./docker/wait-for-it.sh wait-for-it.sh
   8 |     COPY ./docker/runserver.sh runserver.sh
--------------------
ERROR: failed to solve: process "/bin/sh -c pip install --no-cache-dir git+https://github.com/toluaina/pgsync.git" did not complete successfully: exit code: 1
Duration: 0:35.10