#0 building with "default" instance using docker driver

#1 [internal] load build definition from v1_Dockerfile
#1 transferring dockerfile: 398B done
#1 DONE 0.0s

#2 [internal] load metadata for docker.io/library/ruby:2.7.2
#2 DONE 0.5s

#3 [internal] load .dockerignore
#3 transferring context: 2B done
#3 DONE 0.0s

#4 [1/5] FROM docker.io/library/ruby:2.7.2@sha256:1dd0106849233fcd913b7c4608078fa1a53a5e3ce1af2a55e4d726b0d8868e2f
#4 resolve docker.io/library/ruby:2.7.2@sha256:1dd0106849233fcd913b7c4608078fa1a53a5e3ce1af2a55e4d726b0d8868e2f 0.0s done
#4 sha256:e6c92ed2f03be9788b80944e148783bef8e7d0fa8d9755b62e9f03429e85a327 7.23kB / 7.23kB done
#4 sha256:48c2faf66abec3dce9f54d6722ff592fce6dd4fb58a0d0b72282936c6598a3b3 0B / 10.00MB 0.1s
#4 sha256:1dd0106849233fcd913b7c4608078fa1a53a5e3ce1af2a55e4d726b0d8868e2f 1.86kB / 1.86kB done
#4 sha256:825f3b5230df07ce77d03718c76a8f5bcfec648ebaed637efb5b2b6069f15b9b 2.00kB / 2.00kB done
#4 sha256:004f1eed87df3f75f5e2a1a649fa7edd7f713d1300532fd0909bb39cd48437d7 0B / 50.43MB 0.1s
#4 sha256:5d6f1e8117dbb1c6a57603cb4f321a861a08105a81bcc6b01b0ec2b78c8523a5 0B / 7.83MB 0.1s
#4 ...

#5 [internal] load build context
#5 transferring context: 9.12MB 0.1s done
#5 DONE 0.1s

#4 [1/5] FROM docker.io/library/ruby:2.7.2@sha256:1dd0106849233fcd913b7c4608078fa1a53a5e3ce1af2a55e4d726b0d8868e2f
#4 sha256:004f1eed87df3f75f5e2a1a649fa7edd7f713d1300532fd0909bb39cd48437d7 4.19MB / 50.43MB 0.2s
#4 sha256:48c2faf66abec3dce9f54d6722ff592fce6dd4fb58a0d0b72282936c6598a3b3 2.10MB / 10.00MB 0.4s
#4 sha256:004f1eed87df3f75f5e2a1a649fa7edd7f713d1300532fd0909bb39cd48437d7 15.73MB / 50.43MB 0.4s
#4 sha256:5d6f1e8117dbb1c6a57603cb4f321a861a08105a81bcc6b01b0ec2b78c8523a5 5.24MB / 7.83MB 0.4s
#4 sha256:48c2faf66abec3dce9f54d6722ff592fce6dd4fb58a0d0b72282936c6598a3b3 10.00MB / 10.00MB 0.6s done
#4 sha256:004f1eed87df3f75f5e2a1a649fa7edd7f713d1300532fd0909bb39cd48437d7 27.26MB / 50.43MB 0.6s
#4 sha256:5d6f1e8117dbb1c6a57603cb4f321a861a08105a81bcc6b01b0ec2b78c8523a5 7.83MB / 7.83MB 0.5s done
#4 sha256:234b70d0479d7f16d7ee8d04e4ffdacc57d7d14313faf59d332f18b2e9418743 0B / 51.84MB 0.6s
#4 sha256:6fa07a00e2f029c4b2c7f177a2b696f1b3510040cde4f5bb06ddbca98e7fbf76 0B / 192.35MB 0.6s
#4 sha256:004f1eed87df3f75f5e2a1a649fa7edd7f713d1300532fd0909bb39cd48437d7 31.46MB / 50.43MB 0.7s
#4 sha256:234b70d0479d7f16d7ee8d04e4ffdacc57d7d14313faf59d332f18b2e9418743 5.24MB / 51.84MB 0.7s
#4 sha256:004f1eed87df3f75f5e2a1a649fa7edd7f713d1300532fd0909bb39cd48437d7 40.89MB / 50.43MB 0.9s
#4 sha256:234b70d0479d7f16d7ee8d04e4ffdacc57d7d14313faf59d332f18b2e9418743 12.58MB / 51.84MB 0.9s
#4 sha256:004f1eed87df3f75f5e2a1a649fa7edd7f713d1300532fd0909bb39cd48437d7 47.19MB / 50.43MB 1.1s
#4 sha256:234b70d0479d7f16d7ee8d04e4ffdacc57d7d14313faf59d332f18b2e9418743 20.97MB / 51.84MB 1.1s
#4 sha256:6fa07a00e2f029c4b2c7f177a2b696f1b3510040cde4f5bb06ddbca98e7fbf76 15.73MB / 192.35MB 1.1s
#4 sha256:004f1eed87df3f75f5e2a1a649fa7edd7f713d1300532fd0909bb39cd48437d7 50.43MB / 50.43MB 1.2s
#4 sha256:234b70d0479d7f16d7ee8d04e4ffdacc57d7d14313faf59d332f18b2e9418743 27.26MB / 51.84MB 1.2s
#4 sha256:004f1eed87df3f75f5e2a1a649fa7edd7f713d1300532fd0909bb39cd48437d7 50.43MB / 50.43MB 1.3s done
#4 sha256:234b70d0479d7f16d7ee8d04e4ffdacc57d7d14313faf59d332f18b2e9418743 40.89MB / 51.84MB 1.4s
#4 sha256:6fa07a00e2f029c4b2c7f177a2b696f1b3510040cde4f5bb06ddbca98e7fbf76 27.26MB / 192.35MB 1.4s
#4 extracting sha256:004f1eed87df3f75f5e2a1a649fa7edd7f713d1300532fd0909bb39cd48437d7
#4 sha256:eaa60f1cb67e2445bd02786d2511bc7b95d242b8a0f5d98fe3370c010765938c 0B / 199B 1.3s
#4 sha256:234b70d0479d7f16d7ee8d04e4ffdacc57d7d14313faf59d332f18b2e9418743 47.19MB / 51.84MB 1.5s
#4 sha256:eaa60f1cb67e2445bd02786d2511bc7b95d242b8a0f5d98fe3370c010765938c 199B / 199B 1.4s done
#4 sha256:d7754810970922117227aff354e227e640a46528512f4444670dc98dbd248a76 0B / 22.89MB 1.5s
#4 sha256:234b70d0479d7f16d7ee8d04e4ffdacc57d7d14313faf59d332f18b2e9418743 51.38MB / 51.84MB 1.6s
#4 sha256:d7754810970922117227aff354e227e640a46528512f4444670dc98dbd248a76 3.15MB / 22.89MB 1.6s
#4 sha256:6fa07a00e2f029c4b2c7f177a2b696f1b3510040cde4f5bb06ddbca98e7fbf76 44.04MB / 192.35MB 1.7s
#4 sha256:d7754810970922117227aff354e227e640a46528512f4444670dc98dbd248a76 7.34MB / 22.89MB 1.7s
#4 sha256:234b70d0479d7f16d7ee8d04e4ffdacc57d7d14313faf59d332f18b2e9418743 51.84MB / 51.84MB 1.7s done
#4 sha256:d7754810970922117227aff354e227e640a46528512f4444670dc98dbd248a76 11.53MB / 22.89MB 1.8s
#4 sha256:d9985c49676162d33670600e1f458e2ebe3cf01e53faa4d5c67603bfe4c1d039 0B / 175B 1.8s
#4 sha256:6fa07a00e2f029c4b2c7f177a2b696f1b3510040cde4f5bb06ddbca98e7fbf76 59.77MB / 192.35MB 1.9s
#4 sha256:d7754810970922117227aff354e227e640a46528512f4444670dc98dbd248a76 15.73MB / 22.89MB 1.9s
#4 sha256:d9985c49676162d33670600e1f458e2ebe3cf01e53faa4d5c67603bfe4c1d039 175B / 175B 1.8s done
#4 sha256:d7754810970922117227aff354e227e640a46528512f4444670dc98dbd248a76 20.97MB / 22.89MB 2.0s
#4 sha256:6fa07a00e2f029c4b2c7f177a2b696f1b3510040cde4f5bb06ddbca98e7fbf76 84.93MB / 192.35MB 2.2s
#4 sha256:d7754810970922117227aff354e227e640a46528512f4444670dc98dbd248a76 22.89MB / 22.89MB 2.1s done
#4 sha256:6fa07a00e2f029c4b2c7f177a2b696f1b3510040cde4f5bb06ddbca98e7fbf76 111.15MB / 192.35MB 2.5s
#4 sha256:6fa07a00e2f029c4b2c7f177a2b696f1b3510040cde4f5bb06ddbca98e7fbf76 121.63MB / 192.35MB 2.6s
#4 sha256:6fa07a00e2f029c4b2c7f177a2b696f1b3510040cde4f5bb06ddbca98e7fbf76 132.12MB / 192.35MB 2.7s
#4 sha256:6fa07a00e2f029c4b2c7f177a2b696f1b3510040cde4f5bb06ddbca98e7fbf76 152.04MB / 192.35MB 2.9s
#4 sha256:6fa07a00e2f029c4b2c7f177a2b696f1b3510040cde4f5bb06ddbca98e7fbf76 162.53MB / 192.35MB 3.0s
#4 sha256:6fa07a00e2f029c4b2c7f177a2b696f1b3510040cde4f5bb06ddbca98e7fbf76 173.02MB / 192.35MB 3.1s
#4 sha256:6fa07a00e2f029c4b2c7f177a2b696f1b3510040cde4f5bb06ddbca98e7fbf76 183.50MB / 192.35MB 3.2s
#4 sha256:6fa07a00e2f029c4b2c7f177a2b696f1b3510040cde4f5bb06ddbca98e7fbf76 192.35MB / 192.35MB 3.8s done
#4 extracting sha256:004f1eed87df3f75f5e2a1a649fa7edd7f713d1300532fd0909bb39cd48437d7 3.0s done
#4 extracting sha256:5d6f1e8117dbb1c6a57603cb4f321a861a08105a81bcc6b01b0ec2b78c8523a5 0.1s
#4 extracting sha256:5d6f1e8117dbb1c6a57603cb4f321a861a08105a81bcc6b01b0ec2b78c8523a5 0.4s done
#4 extracting sha256:48c2faf66abec3dce9f54d6722ff592fce6dd4fb58a0d0b72282936c6598a3b3 0.1s
#4 extracting sha256:48c2faf66abec3dce9f54d6722ff592fce6dd4fb58a0d0b72282936c6598a3b3 0.2s done
#4 extracting sha256:234b70d0479d7f16d7ee8d04e4ffdacc57d7d14313faf59d332f18b2e9418743
#4 extracting sha256:234b70d0479d7f16d7ee8d04e4ffdacc57d7d14313faf59d332f18b2e9418743 2.9s done
#4 extracting sha256:6fa07a00e2f029c4b2c7f177a2b696f1b3510040cde4f5bb06ddbca98e7fbf76
#4 extracting sha256:6fa07a00e2f029c4b2c7f177a2b696f1b3510040cde4f5bb06ddbca98e7fbf76 5.0s
#4 extracting sha256:6fa07a00e2f029c4b2c7f177a2b696f1b3510040cde4f5bb06ddbca98e7fbf76 9.2s done
#4 extracting sha256:eaa60f1cb67e2445bd02786d2511bc7b95d242b8a0f5d98fe3370c010765938c
#4 extracting sha256:eaa60f1cb67e2445bd02786d2511bc7b95d242b8a0f5d98fe3370c010765938c done
#4 extracting sha256:d7754810970922117227aff354e227e640a46528512f4444670dc98dbd248a76 0.1s
#4 extracting sha256:d7754810970922117227aff354e227e640a46528512f4444670dc98dbd248a76 0.9s done
#4 extracting sha256:d9985c49676162d33670600e1f458e2ebe3cf01e53faa4d5c67603bfe4c1d039 done
#4 DONE 18.9s

#6 [2/5] RUN mkdir -p /srv/www/archlinux.tw
#6 DONE 6.2s

#7 [3/5] WORKDIR /srv/www/archlinux.tw
#7 DONE 0.0s

#8 [4/5] COPY . /srv/www/archlinux.tw
#8 DONE 0.1s

#9 [5/5] RUN gem install bundler && bundle install
#9 19.59 ERROR:  Error installing bundler:
#9 19.59 	The last version of bundler (>= 0) to support your Ruby & RubyGems was 2.4.22. Try installing it with `gem install bundler -v 2.4.22`
#9 19.59 	bundler requires Ruby version >= 3.0.0. The current ruby version is 2.7.2.137.
#9 ERROR: process "/bin/sh -c gem install bundler && bundle install" did not complete successfully: exit code: 1
------
 > [5/5] RUN gem install bundler && bundle install:
19.59 ERROR:  Error installing bundler:
19.59 	The last version of bundler (>= 0) to support your Ruby & RubyGems was 2.4.22. Try installing it with `gem install bundler -v 2.4.22`
19.59 	bundler requires Ruby version >= 3.0.0. The current ruby version is 2.7.2.137.
------
v1_Dockerfile:11
--------------------
   9 |     
  10 |     # build project
  11 | >>> RUN gem install bundler && bundle install
  12 |     
  13 |     CMD ["/usr/local/bundle/bin/jekyll", "server", "-H", "0.0.0.0"]
--------------------
ERROR: failed to solve: process "/bin/sh -c gem install bundler && bundle install" did not complete successfully: exit code: 1
Duration: 0:45.77