#0 building with "default" instance using docker driver

#1 [internal] load build definition from v1_Dockerfile
#1 transferring dockerfile: 316B done
#1 DONE 0.0s

#2 [internal] load metadata for docker.io/library/python:3.7.4-stretch
#2 DONE 0.7s

#3 [internal] load .dockerignore
#3 transferring context: 2B done
#3 DONE 0.0s

#4 [internal] load build context
#4 transferring context: 874.03kB 0.0s done
#4 DONE 0.1s

#5 [1/6] FROM docker.io/library/python:3.7.4-stretch@sha256:01f8c2bff9cd007ca5b75c5e21a4c56a33d502cf091c2a1c574bf562be1a8e4f
#5 resolve docker.io/library/python:3.7.4-stretch@sha256:01f8c2bff9cd007ca5b75c5e21a4c56a33d502cf091c2a1c574bf562be1a8e4f 0.0s done
#5 sha256:9c5a6f98cfe8ab6c1d72e5e7d866307d75255ebf061987316ebdeebeb366344f 8.91kB / 8.91kB done
#5 sha256:9a0b0ce99936ce4861d44ce1f193e881e5b40b5bf1847627061205b092fa7f1d 0B / 45.38MB 0.2s
#5 sha256:f8f0759202953be4b156f44bba90b682b61f985f9bbc60e7262b216f70dabb96 0B / 4.34MB 0.2s
#5 sha256:01f8c2bff9cd007ca5b75c5e21a4c56a33d502cf091c2a1c574bf562be1a8e4f 1.65kB / 1.65kB done
#5 sha256:bf8063c570ec4183631e1135fc8f04eb4a6392d1639bec65ca8864bfc777138e 2.22kB / 2.22kB done
#5 sha256:db3b6004c61a0e86fbf910b9b4a6611ae79e238a336011a1b5f9b177d85cbf9d 0B / 10.80MB 0.2s
#5 sha256:f8f0759202953be4b156f44bba90b682b61f985f9bbc60e7262b216f70dabb96 1.05MB / 4.34MB 0.4s
#5 sha256:db3b6004c61a0e86fbf910b9b4a6611ae79e238a336011a1b5f9b177d85cbf9d 7.34MB / 10.80MB 0.4s
#5 sha256:9a0b0ce99936ce4861d44ce1f193e881e5b40b5bf1847627061205b092fa7f1d 8.39MB / 45.38MB 0.6s
#5 sha256:f8f0759202953be4b156f44bba90b682b61f985f9bbc60e7262b216f70dabb96 4.34MB / 4.34MB 0.5s done
#5 sha256:db3b6004c61a0e86fbf910b9b4a6611ae79e238a336011a1b5f9b177d85cbf9d 10.80MB / 10.80MB 0.5s done
#5 sha256:0bbd8b48260f38a14e012ec233c3e934d9caea30f11ddb2df58577790263c123 0B / 214.84MB 0.6s
#5 sha256:6ef14aff1139e1065ec0928ae1c07f2cff8c2b35e760f4b463df5c64e6ea1101 0B / 50.07MB 0.6s
#5 sha256:9a0b0ce99936ce4861d44ce1f193e881e5b40b5bf1847627061205b092fa7f1d 12.58MB / 45.38MB 0.7s
#5 sha256:9a0b0ce99936ce4861d44ce1f193e881e5b40b5bf1847627061205b092fa7f1d 20.97MB / 45.38MB 0.9s
#5 sha256:6ef14aff1139e1065ec0928ae1c07f2cff8c2b35e760f4b463df5c64e6ea1101 10.49MB / 50.07MB 0.9s
#5 sha256:9a0b0ce99936ce4861d44ce1f193e881e5b40b5bf1847627061205b092fa7f1d 29.36MB / 45.38MB 1.1s
#5 sha256:0bbd8b48260f38a14e012ec233c3e934d9caea30f11ddb2df58577790263c123 19.09MB / 214.84MB 1.1s
#5 sha256:6ef14aff1139e1065ec0928ae1c07f2cff8c2b35e760f4b463df5c64e6ea1101 17.83MB / 50.07MB 1.1s
#5 sha256:9a0b0ce99936ce4861d44ce1f193e881e5b40b5bf1847627061205b092fa7f1d 33.55MB / 45.38MB 1.2s
#5 sha256:6ef14aff1139e1065ec0928ae1c07f2cff8c2b35e760f4b463df5c64e6ea1101 20.97MB / 50.07MB 1.2s
#5 sha256:9a0b0ce99936ce4861d44ce1f193e881e5b40b5bf1847627061205b092fa7f1d 40.89MB / 45.38MB 1.4s
#5 sha256:0bbd8b48260f38a14e012ec233c3e934d9caea30f11ddb2df58577790263c123 31.46MB / 214.84MB 1.4s
#5 sha256:6ef14aff1139e1065ec0928ae1c07f2cff8c2b35e760f4b463df5c64e6ea1101 28.31MB / 50.07MB 1.4s
#5 sha256:9a0b0ce99936ce4861d44ce1f193e881e5b40b5bf1847627061205b092fa7f1d 45.38MB / 45.38MB 1.5s
#5 sha256:6ef14aff1139e1065ec0928ae1c07f2cff8c2b35e760f4b463df5c64e6ea1101 31.46MB / 50.07MB 1.5s
#5 sha256:9a0b0ce99936ce4861d44ce1f193e881e5b40b5bf1847627061205b092fa7f1d 45.38MB / 45.38MB 1.6s done
#5 sha256:0bbd8b48260f38a14e012ec233c3e934d9caea30f11ddb2df58577790263c123 48.23MB / 214.84MB 1.7s
#5 sha256:6ef14aff1139e1065ec0928ae1c07f2cff8c2b35e760f4b463df5c64e6ea1101 41.94MB / 50.07MB 1.7s
#5 extracting sha256:9a0b0ce99936ce4861d44ce1f193e881e5b40b5bf1847627061205b092fa7f1d
#5 sha256:9f9509d27b35a09103075ccc8d35117e0a6c6e3f86435b9a59265b48b7854a2d 0B / 5.83MB 1.7s
#5 sha256:6ef14aff1139e1065ec0928ae1c07f2cff8c2b35e760f4b463df5c64e6ea1101 46.14MB / 50.07MB 1.8s
#5 sha256:9f9509d27b35a09103075ccc8d35117e0a6c6e3f86435b9a59265b48b7854a2d 4.19MB / 5.83MB 1.8s
#5 sha256:6ef14aff1139e1065ec0928ae1c07f2cff8c2b35e760f4b463df5c64e6ea1101 50.07MB / 50.07MB 1.9s
#5 sha256:9f9509d27b35a09103075ccc8d35117e0a6c6e3f86435b9a59265b48b7854a2d 5.83MB / 5.83MB 1.8s done
#5 sha256:f300a57cfca1e8d886fb60940651732c53ad5042d0b60a9c1e7320a5eef0a7ce 0B / 24.37MB 1.9s
#5 sha256:0bbd8b48260f38a14e012ec233c3e934d9caea30f11ddb2df58577790263c123 66.06MB / 214.84MB 2.0s
#5 sha256:f300a57cfca1e8d886fb60940651732c53ad5042d0b60a9c1e7320a5eef0a7ce 2.10MB / 24.37MB 2.0s
#5 sha256:6ef14aff1139e1065ec0928ae1c07f2cff8c2b35e760f4b463df5c64e6ea1101 50.07MB / 50.07MB 2.0s done
#5 sha256:f300a57cfca1e8d886fb60940651732c53ad5042d0b60a9c1e7320a5eef0a7ce 7.57MB / 24.37MB 2.1s
#5 sha256:21507b32fc6d3b1489b188a5fca4741b231218d3334f8ee06e4b8960740d47ed 0B / 242B 2.1s
#5 sha256:0bbd8b48260f38a14e012ec233c3e934d9caea30f11ddb2df58577790263c123 82.08MB / 214.84MB 2.3s
#5 sha256:f300a57cfca1e8d886fb60940651732c53ad5042d0b60a9c1e7320a5eef0a7ce 18.87MB / 24.37MB 2.3s
#5 sha256:21507b32fc6d3b1489b188a5fca4741b231218d3334f8ee06e4b8960740d47ed 242B / 242B 2.1s done
#5 sha256:861289d3f5cf0b43cd92837ca4cfcc557626003bbce495b82e190d94fb42f767 1.87MB / 1.87MB 2.3s done
#5 sha256:f300a57cfca1e8d886fb60940651732c53ad5042d0b60a9c1e7320a5eef0a7ce 24.37MB / 24.37MB 2.4s
#5 sha256:0bbd8b48260f38a14e012ec233c3e934d9caea30f11ddb2df58577790263c123 97.52MB / 214.84MB 2.5s
#5 sha256:f300a57cfca1e8d886fb60940651732c53ad5042d0b60a9c1e7320a5eef0a7ce 24.37MB / 24.37MB 2.4s done
#5 sha256:0bbd8b48260f38a14e012ec233c3e934d9caea30f11ddb2df58577790263c123 113.25MB / 214.84MB 2.7s
#5 sha256:0bbd8b48260f38a14e012ec233c3e934d9caea30f11ddb2df58577790263c123 125.83MB / 214.84MB 2.9s
#5 sha256:0bbd8b48260f38a14e012ec233c3e934d9caea30f11ddb2df58577790263c123 144.70MB / 214.84MB 3.1s
#5 sha256:0bbd8b48260f38a14e012ec233c3e934d9caea30f11ddb2df58577790263c123 164.63MB / 214.84MB 3.3s
#5 sha256:0bbd8b48260f38a14e012ec233c3e934d9caea30f11ddb2df58577790263c123 184.55MB / 214.84MB 3.5s
#5 sha256:0bbd8b48260f38a14e012ec233c3e934d9caea30f11ddb2df58577790263c123 204.47MB / 214.84MB 3.7s
#5 sha256:0bbd8b48260f38a14e012ec233c3e934d9caea30f11ddb2df58577790263c123 214.84MB / 214.84MB 4.5s done
#5 extracting sha256:9a0b0ce99936ce4861d44ce1f193e881e5b40b5bf1847627061205b092fa7f1d 3.1s done
#5 extracting sha256:db3b6004c61a0e86fbf910b9b4a6611ae79e238a336011a1b5f9b177d85cbf9d 0.1s
#5 extracting sha256:db3b6004c61a0e86fbf910b9b4a6611ae79e238a336011a1b5f9b177d85cbf9d 0.5s done
#5 extracting sha256:f8f0759202953be4b156f44bba90b682b61f985f9bbc60e7262b216f70dabb96
#5 extracting sha256:f8f0759202953be4b156f44bba90b682b61f985f9bbc60e7262b216f70dabb96 0.1s done
#5 extracting sha256:6ef14aff1139e1065ec0928ae1c07f2cff8c2b35e760f4b463df5c64e6ea1101
#5 extracting sha256:6ef14aff1139e1065ec0928ae1c07f2cff8c2b35e760f4b463df5c64e6ea1101 3.1s done
#5 extracting sha256:0bbd8b48260f38a14e012ec233c3e934d9caea30f11ddb2df58577790263c123
#5 extracting sha256:0bbd8b48260f38a14e012ec233c3e934d9caea30f11ddb2df58577790263c123 5.0s
#5 extracting sha256:0bbd8b48260f38a14e012ec233c3e934d9caea30f11ddb2df58577790263c123 10.1s
#5 extracting sha256:0bbd8b48260f38a14e012ec233c3e934d9caea30f11ddb2df58577790263c123 11.0s done
#5 extracting sha256:9f9509d27b35a09103075ccc8d35117e0a6c6e3f86435b9a59265b48b7854a2d
#5 extracting sha256:9f9509d27b35a09103075ccc8d35117e0a6c6e3f86435b9a59265b48b7854a2d 0.4s done
#5 extracting sha256:f300a57cfca1e8d886fb60940651732c53ad5042d0b60a9c1e7320a5eef0a7ce
#5 extracting sha256:f300a57cfca1e8d886fb60940651732c53ad5042d0b60a9c1e7320a5eef0a7ce 1.1s done
#5 extracting sha256:21507b32fc6d3b1489b188a5fca4741b231218d3334f8ee06e4b8960740d47ed
#5 extracting sha256:21507b32fc6d3b1489b188a5fca4741b231218d3334f8ee06e4b8960740d47ed done
#5 extracting sha256:861289d3f5cf0b43cd92837ca4cfcc557626003bbce495b82e190d94fb42f767 0.1s
#5 extracting sha256:861289d3f5cf0b43cd92837ca4cfcc557626003bbce495b82e190d94fb42f767 0.2s done
#5 DONE 22.2s

#6 [2/6] RUN apt-get update && apt-get install --no-install-recommends -y python3-pip && rm -rf /var/lib/apt/lists/*;
#6 0.226 Ign:1 http://security.debian.org/debian-security stretch/updates InRelease
#6 0.227 Ign:2 http://deb.debian.org/debian stretch InRelease
#6 0.235 Ign:3 http://security.debian.org/debian-security stretch/updates Release
#6 0.237 Ign:4 http://deb.debian.org/debian stretch-updates InRelease
#6 0.247 Ign:5 http://security.debian.org/debian-security stretch/updates/main amd64 Packages
#6 0.247 Ign:6 http://deb.debian.org/debian stretch Release
#6 0.257 Ign:7 http://security.debian.org/debian-security stretch/updates/main all Packages
#6 0.261 Ign:8 http://deb.debian.org/debian stretch-updates Release
#6 0.269 Ign:5 http://security.debian.org/debian-security stretch/updates/main amd64 Packages
#6 0.272 Ign:9 http://deb.debian.org/debian stretch/main amd64 Packages
#6 0.281 Ign:7 http://security.debian.org/debian-security stretch/updates/main all Packages
#6 0.283 Ign:10 http://deb.debian.org/debian stretch/main all Packages
#6 0.293 Ign:5 http://security.debian.org/debian-security stretch/updates/main amd64 Packages
#6 0.293 Ign:11 http://deb.debian.org/debian stretch-updates/main all Packages
#6 0.303 Ign:7 http://security.debian.org/debian-security stretch/updates/main all Packages
#6 0.304 Ign:12 http://deb.debian.org/debian stretch-updates/main amd64 Packages
#6 0.314 Ign:9 http://deb.debian.org/debian stretch/main amd64 Packages
#6 0.314 Ign:5 http://security.debian.org/debian-security stretch/updates/main amd64 Packages
#6 0.324 Ign:10 http://deb.debian.org/debian stretch/main all Packages
#6 0.324 Ign:7 http://security.debian.org/debian-security stretch/updates/main all Packages
#6 0.334 Ign:11 http://deb.debian.org/debian stretch-updates/main all Packages
#6 0.335 Ign:5 http://security.debian.org/debian-security stretch/updates/main amd64 Packages
#6 0.345 Ign:12 http://deb.debian.org/debian stretch-updates/main amd64 Packages
#6 0.348 Ign:7 http://security.debian.org/debian-security stretch/updates/main all Packages
#6 0.356 Ign:9 http://deb.debian.org/debian stretch/main amd64 Packages
#6 0.359 Err:5 http://security.debian.org/debian-security stretch/updates/main amd64 Packages
#6 0.359   404  Not Found
#6 0.366 Ign:10 http://deb.debian.org/debian stretch/main all Packages
#6 0.369 Ign:7 http://security.debian.org/debian-security stretch/updates/main all Packages
#6 0.374 Ign:11 http://deb.debian.org/debian stretch-updates/main all Packages
#6 0.526 Ign:12 http://deb.debian.org/debian stretch-updates/main amd64 Packages
#6 0.679 Ign:9 http://deb.debian.org/debian stretch/main amd64 Packages
#6 0.691 Ign:10 http://deb.debian.org/debian stretch/main all Packages
#6 0.699 Ign:11 http://deb.debian.org/debian stretch-updates/main all Packages
#6 0.848 Ign:12 http://deb.debian.org/debian stretch-updates/main amd64 Packages
#6 0.859 Ign:9 http://deb.debian.org/debian stretch/main amd64 Packages
#6 0.870 Ign:10 http://deb.debian.org/debian stretch/main all Packages
#6 0.882 Ign:11 http://deb.debian.org/debian stretch-updates/main all Packages
#6 1.028 Ign:12 http://deb.debian.org/debian stretch-updates/main amd64 Packages
#6 1.037 Err:9 http://deb.debian.org/debian stretch/main amd64 Packages
#6 1.037   404  Not Found
#6 1.057 Ign:10 http://deb.debian.org/debian stretch/main all Packages
#6 1.067 Ign:11 http://deb.debian.org/debian stretch-updates/main all Packages
#6 1.078 Err:12 http://deb.debian.org/debian stretch-updates/main amd64 Packages
#6 1.078   404  Not Found
#6 1.082 Reading package lists...
#6 1.092 W: The repository 'http://security.debian.org/debian-security stretch/updates Release' does not have a Release file.
#6 1.092 W: The repository 'http://deb.debian.org/debian stretch Release' does not have a Release file.
#6 1.092 W: The repository 'http://deb.debian.org/debian stretch-updates Release' does not have a Release file.
#6 1.092 E: Failed to fetch http://security.debian.org/debian-security/dists/stretch/updates/main/binary-amd64/Packages  404  Not Found
#6 1.092 E: Failed to fetch http://deb.debian.org/debian/dists/stretch/main/binary-amd64/Packages  404  Not Found
#6 1.092 E: Failed to fetch http://deb.debian.org/debian/dists/stretch-updates/main/binary-amd64/Packages  404  Not Found
#6 1.092 E: Some index files failed to download. They have been ignored, or old ones used instead.
#6 ERROR: process "/bin/sh -c apt-get update && apt-get install --no-install-recommends -y python3-pip && rm -rf /var/lib/apt/lists/*;" did not complete successfully: exit code: 100
------
 > [2/6] RUN apt-get update && apt-get install --no-install-recommends -y python3-pip && rm -rf /var/lib/apt/lists/*;:
1.078 Err:12 http://deb.debian.org/debian stretch-updates/main amd64 Packages
1.078   404  Not Found
1.082 Reading package lists...
1.092 W: The repository 'http://security.debian.org/debian-security stretch/updates Release' does not have a Release file.
1.092 W: The repository 'http://deb.debian.org/debian stretch Release' does not have a Release file.
1.092 W: The repository 'http://deb.debian.org/debian stretch-updates Release' does not have a Release file.
1.092 E: Failed to fetch http://security.debian.org/debian-security/dists/stretch/updates/main/binary-amd64/Packages  404  Not Found
1.092 E: Failed to fetch http://deb.debian.org/debian/dists/stretch/main/binary-amd64/Packages  404  Not Found
1.092 E: Failed to fetch http://deb.debian.org/debian/dists/stretch-updates/main/binary-amd64/Packages  404  Not Found
1.092 E: Some index files failed to download. They have been ignored, or old ones used instead.
------
v1_Dockerfile:2
--------------------
   1 |     FROM python:3.7.4-stretch
   2 | >>> RUN apt-get update && apt-get install --no-install-recommends -y python3-pip && rm -rf /var/lib/apt/lists/*;
   3 |     RUN pip install --no-cache-dir pipenv
   4 |     RUN mkdir -p /sdk
--------------------
ERROR: failed to solve: process "/bin/sh -c apt-get update && apt-get install --no-install-recommends -y python3-pip && rm -rf /var/lib/apt/lists/*;" did not complete successfully: exit code: 100
Duration: 0:31.05