#0 building with "default" instance using docker driver

#1 [internal] load .dockerignore
#1 transferring context:
#1 transferring context: 2B done
#1 DONE 0.4s

#2 [internal] load build definition from v1_Dockerfile
#2 transferring dockerfile: 529B done
#2 DONE 0.5s

#3 [internal] load metadata for docker.io/minio/minio:latest
#3 DONE 1.0s

#4 [1/6] FROM docker.io/minio/minio:latest@sha256:29110b4abbcc7c2a71f19f5e375d50c2771c94272efba59c9a0532c88403672d
#4 resolve docker.io/minio/minio:latest@sha256:29110b4abbcc7c2a71f19f5e375d50c2771c94272efba59c9a0532c88403672d
#4 resolve docker.io/minio/minio:latest@sha256:29110b4abbcc7c2a71f19f5e375d50c2771c94272efba59c9a0532c88403672d 0.2s done
#4 sha256:29110b4abbcc7c2a71f19f5e375d50c2771c94272efba59c9a0532c88403672d 3.12kB / 3.12kB done
#4 sha256:b65ca893d65b5d1862052de46e9a65566fb27a5dc384bc24ed946a3007cec158 1.82kB / 1.82kB done
#4 sha256:be428e06408096c756d9d4643533ecccd7341257137496e8dca6fe80d78e9ddb 8.19kB / 8.19kB done
#4 ...

#5 [internal] load build context
#5 transferring context: 7.20kB done
#5 DONE 0.4s

#4 [1/6] FROM docker.io/minio/minio:latest@sha256:29110b4abbcc7c2a71f19f5e375d50c2771c94272efba59c9a0532c88403672d
#4 sha256:56bc4bada7401a00ccd007ea1583dc83f839defee5f03c32fbff0079bfa0af91 0B / 126.71kB 0.1s
#4 sha256:6cb5ac443c7ced8e04c183163d140c6e00791d008408a1cf151b4f77885674f2 0B / 37.03MB 0.2s
#4 sha256:56bc4bada7401a00ccd007ea1583dc83f839defee5f03c32fbff0079bfa0af91 126.71kB / 126.71kB 0.2s done
#4 sha256:6cb5ac443c7ced8e04c183163d140c6e00791d008408a1cf151b4f77885674f2 5.24MB / 37.03MB 0.4s
#4 sha256:5f328c14e09dcf260227fb3a7eb4d0ef531ad567bd2868d0c5cef9f0190d1f5f 0B / 7.26MB 0.4s
#4 sha256:81e2905bad9cf60ddac990767f70440fa0f447c1a267f693f926661643238ca3 0B / 9.92MB 0.4s
#4 sha256:6cb5ac443c7ced8e04c183163d140c6e00791d008408a1cf151b4f77885674f2 12.58MB / 37.03MB 0.6s
#4 sha256:5f328c14e09dcf260227fb3a7eb4d0ef531ad567bd2868d0c5cef9f0190d1f5f 1.05MB / 7.26MB 0.6s
#4 sha256:81e2905bad9cf60ddac990767f70440fa0f447c1a267f693f926661643238ca3 8.39MB / 9.92MB 0.6s
#4 sha256:6cb5ac443c7ced8e04c183163d140c6e00791d008408a1cf151b4f77885674f2 16.78MB / 37.03MB 0.7s
#4 sha256:5f328c14e09dcf260227fb3a7eb4d0ef531ad567bd2868d0c5cef9f0190d1f5f 5.24MB / 7.26MB 0.7s
#4 sha256:81e2905bad9cf60ddac990767f70440fa0f447c1a267f693f926661643238ca3 9.92MB / 9.92MB 0.7s
#4 sha256:6cb5ac443c7ced8e04c183163d140c6e00791d008408a1cf151b4f77885674f2 27.26MB / 37.03MB 0.9s
#4 sha256:5f328c14e09dcf260227fb3a7eb4d0ef531ad567bd2868d0c5cef9f0190d1f5f 7.26MB / 7.26MB 0.9s
#4 sha256:81e2905bad9cf60ddac990767f70440fa0f447c1a267f693f926661643238ca3 9.92MB / 9.92MB 0.8s done
#4 sha256:6cb5ac443c7ced8e04c183163d140c6e00791d008408a1cf151b4f77885674f2 34.60MB / 37.03MB 1.0s
#4 sha256:5f328c14e09dcf260227fb3a7eb4d0ef531ad567bd2868d0c5cef9f0190d1f5f 7.26MB / 7.26MB 0.9s done
#4 extracting sha256:5f328c14e09dcf260227fb3a7eb4d0ef531ad567bd2868d0c5cef9f0190d1f5f
#4 sha256:6cb5ac443c7ced8e04c183163d140c6e00791d008408a1cf151b4f77885674f2 37.03MB / 37.03MB 1.1s
#4 sha256:10cb91efd251786d316cbfa775860c08de09d2da30b56aac367d57060a86c2b6 0B / 2.37MB 1.1s
#4 sha256:202784248d00df47d6491e3a315a8e660a9e807f69523577a0ec257480bfdb40 0B / 189.00kB 1.1s
#4 sha256:10cb91efd251786d316cbfa775860c08de09d2da30b56aac367d57060a86c2b6 2.37MB / 2.37MB 1.2s
#4 sha256:202784248d00df47d6491e3a315a8e660a9e807f69523577a0ec257480bfdb40 189.00kB / 189.00kB 1.2s
#4 extracting sha256:5f328c14e09dcf260227fb3a7eb4d0ef531ad567bd2868d0c5cef9f0190d1f5f 0.5s done
#4 sha256:6cb5ac443c7ced8e04c183163d140c6e00791d008408a1cf151b4f77885674f2 37.03MB / 37.03MB 1.7s done
#4 sha256:10cb91efd251786d316cbfa775860c08de09d2da30b56aac367d57060a86c2b6 2.37MB / 2.37MB 1.8s done
#4 sha256:202784248d00df47d6491e3a315a8e660a9e807f69523577a0ec257480bfdb40 189.00kB / 189.00kB 1.8s done
#4 extracting sha256:56bc4bada7401a00ccd007ea1583dc83f839defee5f03c32fbff0079bfa0af91 0.1s done
#4 sha256:c9d3e79dde2c646afc531bee2235f255874d5ce73fa9061a09b59f45963a6689 0B / 11.88kB 2.0s
#4 sha256:c9d3e79dde2c646afc531bee2235f255874d5ce73fa9061a09b59f45963a6689 11.88kB / 11.88kB 2.1s done
#4 sha256:448b92750b67309ba191223e557284d39157a81422447fe24f3998431dc4d9f8 498B / 498B 2.2s
#4 sha256:448b92750b67309ba191223e557284d39157a81422447fe24f3998431dc4d9f8 498B / 498B 2.3s done
#4 extracting sha256:6cb5ac443c7ced8e04c183163d140c6e00791d008408a1cf151b4f77885674f2
#4 extracting sha256:6cb5ac443c7ced8e04c183163d140c6e00791d008408a1cf151b4f77885674f2 1.9s done
#4 extracting sha256:81e2905bad9cf60ddac990767f70440fa0f447c1a267f693f926661643238ca3
#4 extracting sha256:81e2905bad9cf60ddac990767f70440fa0f447c1a267f693f926661643238ca3 0.5s done
#4 extracting sha256:10cb91efd251786d316cbfa775860c08de09d2da30b56aac367d57060a86c2b6
#4 extracting sha256:10cb91efd251786d316cbfa775860c08de09d2da30b56aac367d57060a86c2b6 0.2s done
#4 extracting sha256:202784248d00df47d6491e3a315a8e660a9e807f69523577a0ec257480bfdb40
#4 extracting sha256:202784248d00df47d6491e3a315a8e660a9e807f69523577a0ec257480bfdb40 0.1s done
#4 extracting sha256:c9d3e79dde2c646afc531bee2235f255874d5ce73fa9061a09b59f45963a6689
#4 extracting sha256:c9d3e79dde2c646afc531bee2235f255874d5ce73fa9061a09b59f45963a6689 done
#4 extracting sha256:448b92750b67309ba191223e557284d39157a81422447fe24f3998431dc4d9f8
#4 extracting sha256:448b92750b67309ba191223e557284d39157a81422447fe24f3998431dc4d9f8 done
#4 DONE 7.9s

#6 [2/6] RUN apt-get update && apt-get install -y adduser && rm -rf /var/lib/apt/lists/*
#6 0.488 /bin/sh: line 1: apt-get: command not found
#6 ERROR: process "/bin/sh -c apt-get update && apt-get install -y adduser && rm -rf /var/lib/apt/lists/*" did not complete successfully: exit code: 127
------
 > [2/6] RUN apt-get update && apt-get install -y adduser && rm -rf /var/lib/apt/lists/*:
0.488 /bin/sh: line 1: apt-get: command not found
------
v1_Dockerfile:5
--------------------
   3 |     # Install necessary packages
   4 |     USER root
   5 | >>> RUN apt-get update && apt-get install -y adduser && rm -rf /var/lib/apt/lists/*
   6 |     
   7 |     # Add user dokku with an individual UID
--------------------
ERROR: failed to solve: process "/bin/sh -c apt-get update && apt-get install -y adduser && rm -rf /var/lib/apt/lists/*" did not complete successfully: exit code: 127
Duration: 0:13.21