#0 building with "default" instance using docker driver

#1 [internal] load .dockerignore
#1 ...

#2 [internal] load build definition from Dockerfile
#2 transferring dockerfile: 629B done
#2 DONE 0.3s

#1 [internal] load .dockerignore
#1 transferring context: 2B done
#1 DONE 0.4s

#3 [internal] load metadata for docker.io/library/php:5.6-cli
#3 ...

#4 [auth] library/php:pull token for registry-1.docker.io
#4 DONE 0.0s

#3 [internal] load metadata for docker.io/library/php:5.6-cli
#3 DONE 1.6s

#5 [1/7] FROM docker.io/library/php:5.6-cli@sha256:6ce95208609dc66df163ab936c970b3b34cd901b85c747102c5999f08ade9143
#5 resolve docker.io/library/php:5.6-cli@sha256:6ce95208609dc66df163ab936c970b3b34cd901b85c747102c5999f08ade9143
#5 resolve docker.io/library/php:5.6-cli@sha256:6ce95208609dc66df163ab936c970b3b34cd901b85c747102c5999f08ade9143 0.2s done
#5 sha256:6ce95208609dc66df163ab936c970b3b34cd901b85c747102c5999f08ade9143 2.06kB / 2.06kB done
#5 sha256:43a5c6708c8f9ed1d59a133730c18fdec2362f040d9daf3b1cffa830d10af1a8 1.99kB / 1.99kB done
#5 sha256:36c3c974e6ee402fdf62d52d3fb918ad97653661e10d9b59dac86b5f1fc52dd3 9.13kB / 9.13kB done
#5 sha256:5e6ec7f28fb77f84f64b8c29fcb0a746260563f5858315e3e9fcc4aee2844840 0B / 22.50MB 0.2s
#5 sha256:cf165947b5b75ef63a7872634239e795a3063179895699dc8e0726f1039946b3 0B / 229B 0.2s
#5 sha256:7bd37682846da479bcfb64459fa36e043d3380a77b401f6de5b862d00d8dcebf 0B / 67.44MB 0.3s
#5 sha256:5e6ec7f28fb77f84f64b8c29fcb0a746260563f5858315e3e9fcc4aee2844840 4.19MB / 22.50MB 0.5s
#5 sha256:cf165947b5b75ef63a7872634239e795a3063179895699dc8e0726f1039946b3 229B / 229B 0.3s done
#5 sha256:7bd37682846da479bcfb64459fa36e043d3380a77b401f6de5b862d00d8dcebf 7.34MB / 67.44MB 0.5s
#5 sha256:99daf8e838e14fb73055ddac03535d506dbf36a5a01c37497ff001c0dbd68f3e 0B / 181B 0.5s
#5 sha256:5e6ec7f28fb77f84f64b8c29fcb0a746260563f5858315e3e9fcc4aee2844840 11.53MB / 22.50MB 0.6s
#5 sha256:7bd37682846da479bcfb64459fa36e043d3380a77b401f6de5b862d00d8dcebf 16.78MB / 67.44MB 0.6s
#5 sha256:99daf8e838e14fb73055ddac03535d506dbf36a5a01c37497ff001c0dbd68f3e 181B / 181B 0.6s done
#5 sha256:2c54247ac480946c05049203f5657656f9fff2a4b8baefc2e564ef584a6b95c1 0B / 12.80MB 0.6s
#5 sha256:5e6ec7f28fb77f84f64b8c29fcb0a746260563f5858315e3e9fcc4aee2844840 16.78MB / 22.50MB 0.8s
#5 sha256:7bd37682846da479bcfb64459fa36e043d3380a77b401f6de5b862d00d8dcebf 22.02MB / 67.44MB 0.8s
#5 sha256:5e6ec7f28fb77f84f64b8c29fcb0a746260563f5858315e3e9fcc4aee2844840 22.50MB / 22.50MB 0.9s
#5 sha256:7bd37682846da479bcfb64459fa36e043d3380a77b401f6de5b862d00d8dcebf 28.31MB / 67.44MB 0.9s
#5 sha256:2c54247ac480946c05049203f5657656f9fff2a4b8baefc2e564ef584a6b95c1 4.19MB / 12.80MB 0.9s
#5 sha256:2c54247ac480946c05049203f5657656f9fff2a4b8baefc2e564ef584a6b95c1 9.44MB / 12.80MB 1.1s
#5 sha256:7bd37682846da479bcfb64459fa36e043d3380a77b401f6de5b862d00d8dcebf 35.65MB / 67.44MB 1.2s
#5 sha256:2c54247ac480946c05049203f5657656f9fff2a4b8baefc2e564ef584a6b95c1 12.80MB / 12.80MB 1.2s
#5 sha256:5e6ec7f28fb77f84f64b8c29fcb0a746260563f5858315e3e9fcc4aee2844840 22.50MB / 22.50MB 1.2s done
#5 extracting sha256:5e6ec7f28fb77f84f64b8c29fcb0a746260563f5858315e3e9fcc4aee2844840
#5 sha256:7bd37682846da479bcfb64459fa36e043d3380a77b401f6de5b862d00d8dcebf 46.14MB / 67.44MB 1.5s
#5 sha256:2c54247ac480946c05049203f5657656f9fff2a4b8baefc2e564ef584a6b95c1 12.80MB / 12.80MB 1.5s done
#5 sha256:f3b1c2142f71b526eda33850b00693e83c27b54881175213ba6349289879ec8f 0B / 499B 1.6s
#5 sha256:02b89997b01202fa7113946b81bbcc25b22f186c118246adc0b702c49cdc69cd 0B / 22.98MB 1.6s
#5 sha256:7bd37682846da479bcfb64459fa36e043d3380a77b401f6de5b862d00d8dcebf 51.38MB / 67.44MB 1.7s
#5 sha256:f3b1c2142f71b526eda33850b00693e83c27b54881175213ba6349289879ec8f 499B / 499B 1.7s
#5 sha256:f3b1c2142f71b526eda33850b00693e83c27b54881175213ba6349289879ec8f 499B / 499B 1.8s done
#5 sha256:723ecf6515b9f92cb67fad0e26d071b65c9512ce841725a59a61dd46dc511eaa 0B / 2.19kB 1.8s
#5 sha256:7bd37682846da479bcfb64459fa36e043d3380a77b401f6de5b862d00d8dcebf 58.72MB / 67.44MB 1.9s
#5 sha256:02b89997b01202fa7113946b81bbcc25b22f186c118246adc0b702c49cdc69cd 5.24MB / 22.98MB 1.9s
#5 sha256:7bd37682846da479bcfb64459fa36e043d3380a77b401f6de5b862d00d8dcebf 62.91MB / 67.44MB 2.0s
#5 sha256:02b89997b01202fa7113946b81bbcc25b22f186c118246adc0b702c49cdc69cd 9.44MB / 22.98MB 2.0s
#5 sha256:02b89997b01202fa7113946b81bbcc25b22f186c118246adc0b702c49cdc69cd 14.68MB / 22.98MB 2.1s
#5 sha256:7bd37682846da479bcfb64459fa36e043d3380a77b401f6de5b862d00d8dcebf 67.11MB / 67.44MB 2.2s
#5 sha256:02b89997b01202fa7113946b81bbcc25b22f186c118246adc0b702c49cdc69cd 18.87MB / 22.98MB 2.2s
#5 sha256:723ecf6515b9f92cb67fad0e26d071b65c9512ce841725a59a61dd46dc511eaa 2.19kB / 2.19kB 2.2s done
#5 sha256:02b89997b01202fa7113946b81bbcc25b22f186c118246adc0b702c49cdc69cd 22.98MB / 22.98MB 2.4s
#5 extracting sha256:5e6ec7f28fb77f84f64b8c29fcb0a746260563f5858315e3e9fcc4aee2844840 1.5s done
#5 sha256:7bd37682846da479bcfb64459fa36e043d3380a77b401f6de5b862d00d8dcebf 67.44MB / 67.44MB 3.3s done
#5 sha256:02b89997b01202fa7113946b81bbcc25b22f186c118246adc0b702c49cdc69cd 22.98MB / 22.98MB 5.1s done
#5 extracting sha256:cf165947b5b75ef63a7872634239e795a3063179895699dc8e0726f1039946b3 done
#5 extracting sha256:7bd37682846da479bcfb64459fa36e043d3380a77b401f6de5b862d00d8dcebf
#5 extracting sha256:7bd37682846da479bcfb64459fa36e043d3380a77b401f6de5b862d00d8dcebf 4.2s done
#5 extracting sha256:99daf8e838e14fb73055ddac03535d506dbf36a5a01c37497ff001c0dbd68f3e
#5 extracting sha256:99daf8e838e14fb73055ddac03535d506dbf36a5a01c37497ff001c0dbd68f3e done
#5 extracting sha256:2c54247ac480946c05049203f5657656f9fff2a4b8baefc2e564ef584a6b95c1
#5 extracting sha256:2c54247ac480946c05049203f5657656f9fff2a4b8baefc2e564ef584a6b95c1 0.1s done
#5 extracting sha256:f3b1c2142f71b526eda33850b00693e83c27b54881175213ba6349289879ec8f
#5 extracting sha256:f3b1c2142f71b526eda33850b00693e83c27b54881175213ba6349289879ec8f done
#5 extracting sha256:02b89997b01202fa7113946b81bbcc25b22f186c118246adc0b702c49cdc69cd
#5 extracting sha256:02b89997b01202fa7113946b81bbcc25b22f186c118246adc0b702c49cdc69cd 1.3s done
#5 extracting sha256:723ecf6515b9f92cb67fad0e26d071b65c9512ce841725a59a61dd46dc511eaa
#5 extracting sha256:723ecf6515b9f92cb67fad0e26d071b65c9512ce841725a59a61dd46dc511eaa done
#5 DONE 14.0s

#6 [2/7] WORKDIR /home/authy-php
#6 DONE 7.8s

#7 [3/7] RUN  apt-get update   && apt-get install -y wget   && apt-get install -y unzip   && rm -rf /var/lib/apt/lists/*
#7 0.673 Ign:1 http://security.debian.org/debian-security stretch/updates InRelease
#7 0.676 Ign:2 http://security.debian.org/debian-security stretch/updates Release
#7 0.679 Ign:3 http://security.debian.org/debian-security stretch/updates/main all Packages
#7 0.682 Ign:4 http://security.debian.org/debian-security stretch/updates/main amd64 Packages
#7 0.684 Ign:3 http://security.debian.org/debian-security stretch/updates/main all Packages
#7 0.686 Ign:4 http://security.debian.org/debian-security stretch/updates/main amd64 Packages
#7 0.688 Ign:3 http://security.debian.org/debian-security stretch/updates/main all Packages
#7 0.690 Ign:5 http://deb.debian.org/debian stretch InRelease
#7 0.691 Ign:4 http://security.debian.org/debian-security stretch/updates/main amd64 Packages
#7 0.693 Ign:3 http://security.debian.org/debian-security stretch/updates/main all Packages
#7 0.695 Ign:4 http://security.debian.org/debian-security stretch/updates/main amd64 Packages
#7 0.697 Ign:3 http://security.debian.org/debian-security stretch/updates/main all Packages
#7 0.700 Ign:4 http://security.debian.org/debian-security stretch/updates/main amd64 Packages
#7 0.701 Ign:6 http://deb.debian.org/debian stretch-updates InRelease
#7 0.703 Ign:3 http://security.debian.org/debian-security stretch/updates/main all Packages
#7 0.705 Err:4 http://security.debian.org/debian-security stretch/updates/main amd64 Packages
#7 0.705   404  Not Found [IP: 151.101.66.132 80]
#7 0.713 Ign:7 http://deb.debian.org/debian stretch Release
#7 0.724 Ign:8 http://deb.debian.org/debian stretch-updates Release
#7 0.734 Ign:9 http://deb.debian.org/debian stretch/main amd64 Packages
#7 0.744 Ign:10 http://deb.debian.org/debian stretch/main all Packages
#7 0.759 Ign:11 http://deb.debian.org/debian stretch-updates/main amd64 Packages
#7 0.769 Ign:12 http://deb.debian.org/debian stretch-updates/main all Packages
#7 0.781 Ign:9 http://deb.debian.org/debian stretch/main amd64 Packages
#7 0.791 Ign:10 http://deb.debian.org/debian stretch/main all Packages
#7 0.803 Ign:11 http://deb.debian.org/debian stretch-updates/main amd64 Packages
#7 0.813 Ign:12 http://deb.debian.org/debian stretch-updates/main all Packages
#7 0.825 Ign:9 http://deb.debian.org/debian stretch/main amd64 Packages
#7 0.836 Ign:10 http://deb.debian.org/debian stretch/main all Packages
#7 0.846 Ign:11 http://deb.debian.org/debian stretch-updates/main amd64 Packages
#7 0.856 Ign:12 http://deb.debian.org/debian stretch-updates/main all Packages
#7 0.867 Ign:9 http://deb.debian.org/debian stretch/main amd64 Packages
#7 0.878 Ign:10 http://deb.debian.org/debian stretch/main all Packages
#7 0.888 Ign:11 http://deb.debian.org/debian stretch-updates/main amd64 Packages
#7 0.898 Ign:12 http://deb.debian.org/debian stretch-updates/main all Packages
#7 0.909 Ign:9 http://deb.debian.org/debian stretch/main amd64 Packages
#7 0.919 Ign:10 http://deb.debian.org/debian stretch/main all Packages
#7 0.929 Ign:11 http://deb.debian.org/debian stretch-updates/main amd64 Packages
#7 0.939 Ign:12 http://deb.debian.org/debian stretch-updates/main all Packages
#7 0.950 Err:9 http://deb.debian.org/debian stretch/main amd64 Packages
#7 0.950   404  Not Found
#7 0.970 Ign:10 http://deb.debian.org/debian stretch/main all Packages
#7 0.980 Err:11 http://deb.debian.org/debian stretch-updates/main amd64 Packages
#7 0.980   404  Not Found
#7 0.991 Ign:12 http://deb.debian.org/debian stretch-updates/main all Packages
#7 0.994 Reading package lists...
#7 1.004 W: The repository 'http://security.debian.org/debian-security stretch/updates Release' does not have a Release file.
#7 1.004 W: The repository 'http://deb.debian.org/debian stretch Release' does not have a Release file.
#7 1.004 W: The repository 'http://deb.debian.org/debian stretch-updates Release' does not have a Release file.
#7 1.004 E: Failed to fetch http://security.debian.org/debian-security/dists/stretch/updates/main/binary-amd64/Packages  404  Not Found [IP: 151.101.66.132 80]
#7 1.004 E: Failed to fetch http://deb.debian.org/debian/dists/stretch/main/binary-amd64/Packages  404  Not Found
#7 1.004 E: Failed to fetch http://deb.debian.org/debian/dists/stretch-updates/main/binary-amd64/Packages  404  Not Found
#7 1.004 E: Some index files failed to download. They have been ignored, or old ones used instead.
#7 ERROR: process "/bin/bash -c apt-get update   && apt-get install -y wget   && apt-get install -y unzip   && rm -rf /var/lib/apt/lists/*" did not complete successfully: exit code: 100
------
 > [3/7] RUN  apt-get update   && apt-get install -y wget   && apt-get install -y unzip   && rm -rf /var/lib/apt/lists/*:
0.980   404  Not Found
0.991 Ign:12 http://deb.debian.org/debian stretch-updates/main all Packages
0.994 Reading package lists...
1.004 W: The repository 'http://security.debian.org/debian-security stretch/updates Release' does not have a Release file.
1.004 W: The repository 'http://deb.debian.org/debian stretch Release' does not have a Release file.
1.004 W: The repository 'http://deb.debian.org/debian stretch-updates Release' does not have a Release file.
1.004 E: Failed to fetch http://security.debian.org/debian-security/dists/stretch/updates/main/binary-amd64/Packages  404  Not Found [IP: 151.101.66.132 80]
1.004 E: Failed to fetch http://deb.debian.org/debian/dists/stretch/main/binary-amd64/Packages  404  Not Found
1.004 E: Failed to fetch http://deb.debian.org/debian/dists/stretch-updates/main/binary-amd64/Packages  404  Not Found
1.004 E: Some index files failed to download. They have been ignored, or old ones used instead.
------
Dockerfile:6
--------------------
   5 |     
   6 | >>> RUN  apt-get update \
   7 | >>>   && apt-get install -y wget \
   8 | >>>   && apt-get install -y unzip \
   9 | >>>   && rm -rf /var/lib/apt/lists/*
  10 |     
--------------------
ERROR: failed to solve: process "/bin/bash -c apt-get update   && apt-get install -y wget   && apt-get install -y unzip   && rm -rf /var/lib/apt/lists/*" did not complete successfully: exit code: 100
Duration: 0:25.43