#0 building with "default" instance using docker driver

#1 [internal] load .dockerignore
#1 ...

#2 [internal] load build definition from v1_Dockerfile
#2 transferring dockerfile: 685B done
#2 DONE 0.3s

#1 [internal] load .dockerignore
#1 transferring context: 2B done
#1 DONE 0.4s

#3 [internal] load metadata for docker.io/library/php:5.6-cli
#3 DONE 1.2s

#4 [1/5] FROM docker.io/library/php:5.6-cli@sha256:6ce95208609dc66df163ab936c970b3b34cd901b85c747102c5999f08ade9143
#4 resolve docker.io/library/php:5.6-cli@sha256:6ce95208609dc66df163ab936c970b3b34cd901b85c747102c5999f08ade9143
#4 resolve docker.io/library/php:5.6-cli@sha256:6ce95208609dc66df163ab936c970b3b34cd901b85c747102c5999f08ade9143 0.2s done
#4 sha256:6ce95208609dc66df163ab936c970b3b34cd901b85c747102c5999f08ade9143 2.06kB / 2.06kB done
#4 sha256:43a5c6708c8f9ed1d59a133730c18fdec2362f040d9daf3b1cffa830d10af1a8 1.99kB / 1.99kB done
#4 sha256:36c3c974e6ee402fdf62d52d3fb918ad97653661e10d9b59dac86b5f1fc52dd3 9.13kB / 9.13kB done
#4 sha256:7bd37682846da479bcfb64459fa36e043d3380a77b401f6de5b862d00d8dcebf 0B / 67.44MB 0.1s
#4 sha256:cf165947b5b75ef63a7872634239e795a3063179895699dc8e0726f1039946b3 0B / 229B 0.2s
#4 sha256:7bd37682846da479bcfb64459fa36e043d3380a77b401f6de5b862d00d8dcebf 6.29MB / 67.44MB 0.3s
#4 sha256:cf165947b5b75ef63a7872634239e795a3063179895699dc8e0726f1039946b3 229B / 229B 0.3s done
#4 sha256:5e6ec7f28fb77f84f64b8c29fcb0a746260563f5858315e3e9fcc4aee2844840 0B / 22.50MB 0.3s
#4 sha256:99daf8e838e14fb73055ddac03535d506dbf36a5a01c37497ff001c0dbd68f3e 0B / 181B 0.3s
#4 sha256:5e6ec7f28fb77f84f64b8c29fcb0a746260563f5858315e3e9fcc4aee2844840 5.24MB / 22.50MB 0.5s
#4 sha256:7bd37682846da479bcfb64459fa36e043d3380a77b401f6de5b862d00d8dcebf 14.68MB / 67.44MB 0.7s
#4 sha256:5e6ec7f28fb77f84f64b8c29fcb0a746260563f5858315e3e9fcc4aee2844840 13.63MB / 22.50MB 0.7s
#4 sha256:99daf8e838e14fb73055ddac03535d506dbf36a5a01c37497ff001c0dbd68f3e 181B / 181B 0.5s done
#4 sha256:2c54247ac480946c05049203f5657656f9fff2a4b8baefc2e564ef584a6b95c1 0B / 12.80MB 0.6s
#4 sha256:7bd37682846da479bcfb64459fa36e043d3380a77b401f6de5b862d00d8dcebf 18.87MB / 67.44MB 0.8s
#4 sha256:5e6ec7f28fb77f84f64b8c29fcb0a746260563f5858315e3e9fcc4aee2844840 17.83MB / 22.50MB 0.8s
#4 sha256:7bd37682846da479bcfb64459fa36e043d3380a77b401f6de5b862d00d8dcebf 23.07MB / 67.44MB 1.0s
#4 sha256:5e6ec7f28fb77f84f64b8c29fcb0a746260563f5858315e3e9fcc4aee2844840 22.50MB / 22.50MB 1.0s
#4 sha256:2c54247ac480946c05049203f5657656f9fff2a4b8baefc2e564ef584a6b95c1 3.15MB / 12.80MB 1.0s
#4 sha256:2c54247ac480946c05049203f5657656f9fff2a4b8baefc2e564ef584a6b95c1 12.69MB / 12.80MB 1.1s
#4 sha256:7bd37682846da479bcfb64459fa36e043d3380a77b401f6de5b862d00d8dcebf 28.31MB / 67.44MB 1.3s
#4 sha256:5e6ec7f28fb77f84f64b8c29fcb0a746260563f5858315e3e9fcc4aee2844840 22.50MB / 22.50MB 1.2s done
#4 extracting sha256:5e6ec7f28fb77f84f64b8c29fcb0a746260563f5858315e3e9fcc4aee2844840 0.1s
#4 sha256:7bd37682846da479bcfb64459fa36e043d3380a77b401f6de5b862d00d8dcebf 33.55MB / 67.44MB 1.5s
#4 sha256:2c54247ac480946c05049203f5657656f9fff2a4b8baefc2e564ef584a6b95c1 12.80MB / 12.80MB 1.4s done
#4 sha256:f3b1c2142f71b526eda33850b00693e83c27b54881175213ba6349289879ec8f 0B / 499B 1.5s
#4 sha256:02b89997b01202fa7113946b81bbcc25b22f186c118246adc0b702c49cdc69cd 0B / 22.98MB 1.5s
#4 sha256:7bd37682846da479bcfb64459fa36e043d3380a77b401f6de5b862d00d8dcebf 38.80MB / 67.44MB 1.7s
#4 sha256:f3b1c2142f71b526eda33850b00693e83c27b54881175213ba6349289879ec8f 499B / 499B 1.6s done
#4 sha256:02b89997b01202fa7113946b81bbcc25b22f186c118246adc0b702c49cdc69cd 7.34MB / 22.98MB 1.7s
#4 sha256:723ecf6515b9f92cb67fad0e26d071b65c9512ce841725a59a61dd46dc511eaa 0B / 2.19kB 1.7s
#4 sha256:02b89997b01202fa7113946b81bbcc25b22f186c118246adc0b702c49cdc69cd 16.78MB / 22.98MB 1.9s
#4 sha256:02b89997b01202fa7113946b81bbcc25b22f186c118246adc0b702c49cdc69cd 22.98MB / 22.98MB 2.0s
#4 sha256:723ecf6515b9f92cb67fad0e26d071b65c9512ce841725a59a61dd46dc511eaa 2.19kB / 2.19kB 1.9s done
#4 sha256:7bd37682846da479bcfb64459fa36e043d3380a77b401f6de5b862d00d8dcebf 44.04MB / 67.44MB 2.0s
#4 sha256:7bd37682846da479bcfb64459fa36e043d3380a77b401f6de5b862d00d8dcebf 51.38MB / 67.44MB 2.2s
#4 sha256:02b89997b01202fa7113946b81bbcc25b22f186c118246adc0b702c49cdc69cd 22.98MB / 22.98MB 2.3s done
#4 sha256:7bd37682846da479bcfb64459fa36e043d3380a77b401f6de5b862d00d8dcebf 56.62MB / 67.44MB 2.5s
#4 sha256:7bd37682846da479bcfb64459fa36e043d3380a77b401f6de5b862d00d8dcebf 61.87MB / 67.44MB 2.9s
#4 extracting sha256:5e6ec7f28fb77f84f64b8c29fcb0a746260563f5858315e3e9fcc4aee2844840 1.5s done
#4 extracting sha256:cf165947b5b75ef63a7872634239e795a3063179895699dc8e0726f1039946b3 done
#4 sha256:7bd37682846da479bcfb64459fa36e043d3380a77b401f6de5b862d00d8dcebf 67.44MB / 67.44MB 3.2s
#4 sha256:7bd37682846da479bcfb64459fa36e043d3380a77b401f6de5b862d00d8dcebf 67.44MB / 67.44MB 4.2s done
#4 extracting sha256:7bd37682846da479bcfb64459fa36e043d3380a77b401f6de5b862d00d8dcebf 0.1s
#4 extracting sha256:7bd37682846da479bcfb64459fa36e043d3380a77b401f6de5b862d00d8dcebf 4.2s done
#4 extracting sha256:99daf8e838e14fb73055ddac03535d506dbf36a5a01c37497ff001c0dbd68f3e
#4 extracting sha256:99daf8e838e14fb73055ddac03535d506dbf36a5a01c37497ff001c0dbd68f3e done
#4 extracting sha256:2c54247ac480946c05049203f5657656f9fff2a4b8baefc2e564ef584a6b95c1
#4 extracting sha256:2c54247ac480946c05049203f5657656f9fff2a4b8baefc2e564ef584a6b95c1 0.2s done
#4 extracting sha256:f3b1c2142f71b526eda33850b00693e83c27b54881175213ba6349289879ec8f
#4 extracting sha256:f3b1c2142f71b526eda33850b00693e83c27b54881175213ba6349289879ec8f done
#4 extracting sha256:02b89997b01202fa7113946b81bbcc25b22f186c118246adc0b702c49cdc69cd
#4 extracting sha256:02b89997b01202fa7113946b81bbcc25b22f186c118246adc0b702c49cdc69cd 1.3s done
#4 extracting sha256:723ecf6515b9f92cb67fad0e26d071b65c9512ce841725a59a61dd46dc511eaa
#4 extracting sha256:723ecf6515b9f92cb67fad0e26d071b65c9512ce841725a59a61dd46dc511eaa done
#4 DONE 12.8s

#5 [2/5] WORKDIR /home/authy-php
#5 DONE 7.5s

#6 [3/5] RUN apt-get update   && apt-get install -y wget   && apt-get install -y unzip   && rm -rf /var/lib/apt/lists/*
#6 0.579 Ign:1 http://security.debian.org/debian-security stretch/updates InRelease
#6 0.583 Ign:2 http://security.debian.org/debian-security stretch/updates Release
#6 0.586 Ign:3 http://security.debian.org/debian-security stretch/updates/main all Packages
#6 0.588 Ign:4 http://security.debian.org/debian-security stretch/updates/main amd64 Packages
#6 0.591 Ign:3 http://security.debian.org/debian-security stretch/updates/main all Packages
#6 0.593 Ign:5 http://deb.debian.org/debian stretch InRelease
#6 0.594 Ign:4 http://security.debian.org/debian-security stretch/updates/main amd64 Packages
#6 0.596 Ign:3 http://security.debian.org/debian-security stretch/updates/main all Packages
#6 0.598 Ign:4 http://security.debian.org/debian-security stretch/updates/main amd64 Packages
#6 0.601 Ign:3 http://security.debian.org/debian-security stretch/updates/main all Packages
#6 0.603 Ign:4 http://security.debian.org/debian-security stretch/updates/main amd64 Packages
#6 0.604 Ign:6 http://deb.debian.org/debian stretch-updates InRelease
#6 0.606 Ign:3 http://security.debian.org/debian-security stretch/updates/main all Packages
#6 0.608 Ign:4 http://security.debian.org/debian-security stretch/updates/main amd64 Packages
#6 0.610 Ign:3 http://security.debian.org/debian-security stretch/updates/main all Packages
#6 0.612 Err:4 http://security.debian.org/debian-security stretch/updates/main amd64 Packages
#6 0.612   404  Not Found [IP: 151.101.194.132 80]
#6 0.615 Ign:7 http://deb.debian.org/debian stretch Release
#6 0.627 Ign:8 http://deb.debian.org/debian stretch-updates Release
#6 0.638 Ign:9 http://deb.debian.org/debian stretch/main amd64 Packages
#6 0.650 Ign:10 http://deb.debian.org/debian stretch/main all Packages
#6 0.660 Ign:11 http://deb.debian.org/debian stretch-updates/main amd64 Packages
#6 0.671 Ign:12 http://deb.debian.org/debian stretch-updates/main all Packages
#6 0.682 Ign:9 http://deb.debian.org/debian stretch/main amd64 Packages
#6 0.692 Ign:10 http://deb.debian.org/debian stretch/main all Packages
#6 0.702 Ign:11 http://deb.debian.org/debian stretch-updates/main amd64 Packages
#6 0.713 Ign:12 http://deb.debian.org/debian stretch-updates/main all Packages
#6 0.724 Ign:9 http://deb.debian.org/debian stretch/main amd64 Packages
#6 0.735 Ign:10 http://deb.debian.org/debian stretch/main all Packages
#6 0.745 Ign:11 http://deb.debian.org/debian stretch-updates/main amd64 Packages
#6 0.755 Ign:12 http://deb.debian.org/debian stretch-updates/main all Packages
#6 0.766 Ign:9 http://deb.debian.org/debian stretch/main amd64 Packages
#6 0.777 Ign:10 http://deb.debian.org/debian stretch/main all Packages
#6 0.787 Ign:11 http://deb.debian.org/debian stretch-updates/main amd64 Packages
#6 0.798 Ign:12 http://deb.debian.org/debian stretch-updates/main all Packages
#6 0.808 Ign:9 http://deb.debian.org/debian stretch/main amd64 Packages
#6 0.818 Ign:10 http://deb.debian.org/debian stretch/main all Packages
#6 0.828 Ign:11 http://deb.debian.org/debian stretch-updates/main amd64 Packages
#6 0.845 Ign:12 http://deb.debian.org/debian stretch-updates/main all Packages
#6 0.855 Err:9 http://deb.debian.org/debian stretch/main amd64 Packages
#6 0.855   404  Not Found
#6 0.875 Ign:10 http://deb.debian.org/debian stretch/main all Packages
#6 0.885 Err:11 http://deb.debian.org/debian stretch-updates/main amd64 Packages
#6 0.885   404  Not Found
#6 0.895 Ign:12 http://deb.debian.org/debian stretch-updates/main all Packages
#6 0.899 Reading package lists...
#6 0.909 W: The repository 'http://security.debian.org/debian-security stretch/updates Release' does not have a Release file.
#6 0.909 W: The repository 'http://deb.debian.org/debian stretch Release' does not have a Release file.
#6 0.909 W: The repository 'http://deb.debian.org/debian stretch-updates Release' does not have a Release file.
#6 0.909 E: Failed to fetch http://security.debian.org/debian-security/dists/stretch/updates/main/binary-amd64/Packages  404  Not Found [IP: 151.101.194.132 80]
#6 0.909 E: Failed to fetch http://deb.debian.org/debian/dists/stretch/main/binary-amd64/Packages  404  Not Found
#6 0.909 E: Failed to fetch http://deb.debian.org/debian/dists/stretch-updates/main/binary-amd64/Packages  404  Not Found
#6 0.909 E: Some index files failed to download. They have been ignored, or old ones used instead.
#6 ERROR: process "/bin/bash -c apt-get update   && apt-get install -y wget   && apt-get install -y unzip   && rm -rf /var/lib/apt/lists/*" did not complete successfully: exit code: 100
------
 > [3/5] RUN apt-get update   && apt-get install -y wget   && apt-get install -y unzip   && rm -rf /var/lib/apt/lists/*:
0.885   404  Not Found
0.895 Ign:12 http://deb.debian.org/debian stretch-updates/main all Packages
0.899 Reading package lists...
0.909 W: The repository 'http://security.debian.org/debian-security stretch/updates Release' does not have a Release file.
0.909 W: The repository 'http://deb.debian.org/debian stretch Release' does not have a Release file.
0.909 W: The repository 'http://deb.debian.org/debian stretch-updates Release' does not have a Release file.
0.909 E: Failed to fetch http://security.debian.org/debian-security/dists/stretch/updates/main/binary-amd64/Packages  404  Not Found [IP: 151.101.194.132 80]
0.909 E: Failed to fetch http://deb.debian.org/debian/dists/stretch/main/binary-amd64/Packages  404  Not Found
0.909 E: Failed to fetch http://deb.debian.org/debian/dists/stretch-updates/main/binary-amd64/Packages  404  Not Found
0.909 E: Some index files failed to download. They have been ignored, or old ones used instead.
------
v1_Dockerfile:6
--------------------
   5 |     
   6 | >>> RUN apt-get update \
   7 | >>>   && apt-get install -y wget \
   8 | >>>   && apt-get install -y unzip \
   9 | >>>   && rm -rf /var/lib/apt/lists/*
  10 |     
--------------------
ERROR: failed to solve: process "/bin/bash -c apt-get update   && apt-get install -y wget   && apt-get install -y unzip   && rm -rf /var/lib/apt/lists/*" did not complete successfully: exit code: 100
Duration: 0:23.48