#0 building with "default" instance using docker driver

#1 [internal] load build definition from Dockerfile
#1 transferring dockerfile:
#1 transferring dockerfile: 578B done
#1 ...

#2 [internal] load .dockerignore
#2 transferring context: 2B done
#2 DONE 0.6s

#1 [internal] load build definition from Dockerfile
#1 DONE 0.7s

#3 [internal] load metadata for docker.io/flyimg/base-image:1.2.1
#3 ...

#4 [auth] flyimg/base-image:pull token for registry-1.docker.io
#4 DONE 0.0s

#3 [internal] load metadata for docker.io/flyimg/base-image:1.2.1
#3 DONE 1.4s

#5 [internal] load build context
#5 DONE 0.0s

#6 [1/5] FROM docker.io/flyimg/base-image:1.2.1@sha256:705b43796f918ed4fba84212c9ccc26001fd3fd9f33b85d70a342f11424e23d4
#6 resolve docker.io/flyimg/base-image:1.2.1@sha256:705b43796f918ed4fba84212c9ccc26001fd3fd9f33b85d70a342f11424e23d4 0.1s done
#6 DONE 0.1s

#5 [internal] load build context
#5 transferring context: 8.51MB 0.1s done
#5 DONE 0.6s

#6 [1/5] FROM docker.io/flyimg/base-image:1.2.1@sha256:705b43796f918ed4fba84212c9ccc26001fd3fd9f33b85d70a342f11424e23d4
#6 sha256:50821149a9b7a6012d54744c48475ec50358cce56ae8a75cde9b4d95c3bccbf5 15.47kB / 15.47kB done
#6 sha256:705b43796f918ed4fba84212c9ccc26001fd3fd9f33b85d70a342f11424e23d4 5.34kB / 5.34kB done
#6 sha256:33f99cea3b7da8c6e0143c9fd7590c6d56f7d310ddd59b11be4ad485ae4cab2a 8.39MB / 22.53MB 0.4s
#6 sha256:c7347cf217435bfc6c1ba1dda55fa26280d1b4044bb65168ea8c0ffc4b742282 0B / 67.47MB 0.4s
#6 sha256:49929db06e0567edf245a64c94f68056ce2d5758122bdd2541354cbf1576afa4 0B / 228B 0.4s
#6 sha256:33f99cea3b7da8c6e0143c9fd7590c6d56f7d310ddd59b11be4ad485ae4cab2a 14.68MB / 22.53MB 0.5s
#6 sha256:33f99cea3b7da8c6e0143c9fd7590c6d56f7d310ddd59b11be4ad485ae4cab2a 22.53MB / 22.53MB 0.7s
#6 sha256:49929db06e0567edf245a64c94f68056ce2d5758122bdd2541354cbf1576afa4 228B / 228B 0.7s done
#6 sha256:c7347cf217435bfc6c1ba1dda55fa26280d1b4044bb65168ea8c0ffc4b742282 12.58MB / 67.47MB 0.8s
#6 sha256:c7347cf217435bfc6c1ba1dda55fa26280d1b4044bb65168ea8c0ffc4b742282 31.46MB / 67.47MB 1.0s
#6 sha256:33f99cea3b7da8c6e0143c9fd7590c6d56f7d310ddd59b11be4ad485ae4cab2a 22.53MB / 22.53MB 1.0s done
#6 sha256:c7347cf217435bfc6c1ba1dda55fa26280d1b4044bb65168ea8c0ffc4b742282 46.14MB / 67.47MB 1.2s
#6 sha256:cf09ba7e81ff7e0847c1dba6f45bfabaa456c0dd60ad04fa208f090db6ecd4af 0B / 286B 1.2s
#6 extracting sha256:33f99cea3b7da8c6e0143c9fd7590c6d56f7d310ddd59b11be4ad485ae4cab2a
#6 sha256:782d92c01fa070497b3992edcfc7ad20ce60b449a0e7e91645df8138e24e8c6c 0B / 12.47MB 1.2s
#6 sha256:c7347cf217435bfc6c1ba1dda55fa26280d1b4044bb65168ea8c0ffc4b742282 61.87MB / 67.47MB 1.4s
#6 sha256:cf09ba7e81ff7e0847c1dba6f45bfabaa456c0dd60ad04fa208f090db6ecd4af 286B / 286B 1.3s done
#6 sha256:782d92c01fa070497b3992edcfc7ad20ce60b449a0e7e91645df8138e24e8c6c 2.10MB / 12.47MB 1.4s
#6 sha256:c7347cf217435bfc6c1ba1dda55fa26280d1b4044bb65168ea8c0ffc4b742282 67.11MB / 67.47MB 1.5s
#6 sha256:782d92c01fa070497b3992edcfc7ad20ce60b449a0e7e91645df8138e24e8c6c 7.34MB / 12.47MB 1.5s
#6 sha256:767a7245a7e633a9a36dc953c954e6e93333e45f5d4268ea329561c01dfff663 0B / 498B 1.5s
#6 sha256:782d92c01fa070497b3992edcfc7ad20ce60b449a0e7e91645df8138e24e8c6c 12.47MB / 12.47MB 1.6s
#6 sha256:767a7245a7e633a9a36dc953c954e6e93333e45f5d4268ea329561c01dfff663 498B / 498B 1.7s
#6 sha256:c7347cf217435bfc6c1ba1dda55fa26280d1b4044bb65168ea8c0ffc4b742282 67.47MB / 67.47MB 2.6s done
#6 extracting sha256:33f99cea3b7da8c6e0143c9fd7590c6d56f7d310ddd59b11be4ad485ae4cab2a 1.5s done
#6 sha256:782d92c01fa070497b3992edcfc7ad20ce60b449a0e7e91645df8138e24e8c6c 12.47MB / 12.47MB 2.8s done
#6 sha256:767a7245a7e633a9a36dc953c954e6e93333e45f5d4268ea329561c01dfff663 498B / 498B 3.8s done
#6 extracting sha256:49929db06e0567edf245a64c94f68056ce2d5758122bdd2541354cbf1576afa4
#6 extracting sha256:49929db06e0567edf245a64c94f68056ce2d5758122bdd2541354cbf1576afa4 done
#6 sha256:ee6f5b9b6a3d73d086cda761f037a980b25232bee7e17f5eff35fc21ec3e3eea 0B / 27.60MB 4.0s
#6 sha256:78ad10dad54cc07bc00cd303bfda62f3efcb5517307f838108946d0582df54e0 0B / 256B 4.0s
#6 sha256:78ad10dad54cc07bc00cd303bfda62f3efcb5517307f838108946d0582df54e0 256B / 256B 4.2s done
#6 sha256:d4c5d1d4f7132a26ba355fe9a0022f1873980ee66d3e917d6706ebcf04fefe16 0B / 2.28kB 4.2s
#6 sha256:ee6f5b9b6a3d73d086cda761f037a980b25232bee7e17f5eff35fc21ec3e3eea 6.29MB / 27.60MB 4.3s
#6 sha256:d4c5d1d4f7132a26ba355fe9a0022f1873980ee66d3e917d6706ebcf04fefe16 2.28kB / 2.28kB 4.3s done
#6 extracting sha256:c7347cf217435bfc6c1ba1dda55fa26280d1b4044bb65168ea8c0ffc4b742282
#6 sha256:4a4e15fac5d7488ce1562037fbda37ef371770410d6810208dff58e40fffd837 0B / 8.43kB 4.3s
#6 sha256:ee6f5b9b6a3d73d086cda761f037a980b25232bee7e17f5eff35fc21ec3e3eea 10.49MB / 27.60MB 4.4s
#6 sha256:e9a818b0af81134edd853803b0794be8b5af72285df2ff5d5b140cd132c3587c 0B / 1.96MB 4.4s
#6 sha256:ee6f5b9b6a3d73d086cda761f037a980b25232bee7e17f5eff35fc21ec3e3eea 16.78MB / 27.60MB 4.5s
#6 sha256:4a4e15fac5d7488ce1562037fbda37ef371770410d6810208dff58e40fffd837 8.43kB / 8.43kB 4.5s done
#6 sha256:ee6f5b9b6a3d73d086cda761f037a980b25232bee7e17f5eff35fc21ec3e3eea 27.60MB / 27.60MB 4.7s
#6 sha256:e9a818b0af81134edd853803b0794be8b5af72285df2ff5d5b140cd132c3587c 1.96MB / 1.96MB 4.7s
#6 sha256:ad56a32d4c9ea3dda71f5a6e8a14130054b749abcd7f33eabbdf9d2da5fde76a 0B / 1.95MB 4.7s
#6 sha256:ad56a32d4c9ea3dda71f5a6e8a14130054b749abcd7f33eabbdf9d2da5fde76a 1.95MB / 1.95MB 4.8s
#6 sha256:ee6f5b9b6a3d73d086cda761f037a980b25232bee7e17f5eff35fc21ec3e3eea 27.60MB / 27.60MB 5.1s done
#6 sha256:e9a818b0af81134edd853803b0794be8b5af72285df2ff5d5b140cd132c3587c 1.96MB / 1.96MB 5.2s done
#6 sha256:ad56a32d4c9ea3dda71f5a6e8a14130054b749abcd7f33eabbdf9d2da5fde76a 1.95MB / 1.95MB 5.3s done
#6 sha256:cc3e375b8a2b74536179d3bc72f50898da5d3027da03cfd62aa1f6e06207d1a5 0B / 174.38MB 5.4s
#6 sha256:040d180b44f24dd98d1cac4382490ded21c9561f0ea9907e640bc7ab01689669 0B / 233.25kB 5.5s
#6 sha256:9a5b5751b2554c9295de75fe8464c3412ce3ea109f6010eef292fa8dbd4e8dea 0B / 2.33MB 5.5s
#6 sha256:040d180b44f24dd98d1cac4382490ded21c9561f0ea9907e640bc7ab01689669 233.25kB / 233.25kB 5.7s done
#6 sha256:9a5b5751b2554c9295de75fe8464c3412ce3ea109f6010eef292fa8dbd4e8dea 880.64kB / 2.33MB 5.7s
#6 sha256:cc3e375b8a2b74536179d3bc72f50898da5d3027da03cfd62aa1f6e06207d1a5 15.73MB / 174.38MB 5.8s
#6 sha256:9a5b5751b2554c9295de75fe8464c3412ce3ea109f6010eef292fa8dbd4e8dea 2.33MB / 2.33MB 5.8s
#6 sha256:cff30fb1db588baf9a66d48e4bc84eb8b1b08c4d8ba90df5d6802b045c45e1fb 0B / 5.30MB 5.8s
#6 sha256:9a5b5751b2554c9295de75fe8464c3412ce3ea109f6010eef292fa8dbd4e8dea 2.33MB / 2.33MB 5.8s done
#6 sha256:bbb9db8959d7e0d4fdf7763f5cb229921505d78f52c95bbe5d74338c3699e5ad 0B / 148.24MB 5.9s
#6 sha256:cc3e375b8a2b74536179d3bc72f50898da5d3027da03cfd62aa1f6e06207d1a5 28.31MB / 174.38MB 6.0s
#6 sha256:cff30fb1db588baf9a66d48e4bc84eb8b1b08c4d8ba90df5d6802b045c45e1fb 1.05MB / 5.30MB 6.0s
#6 sha256:cc3e375b8a2b74536179d3bc72f50898da5d3027da03cfd62aa1f6e06207d1a5 39.85MB / 174.38MB 6.2s
#6 sha256:cff30fb1db588baf9a66d48e4bc84eb8b1b08c4d8ba90df5d6802b045c45e1fb 5.30MB / 5.30MB 6.2s
#6 sha256:cff30fb1db588baf9a66d48e4bc84eb8b1b08c4d8ba90df5d6802b045c45e1fb 5.30MB / 5.30MB 6.3s done
#6 sha256:cc3e375b8a2b74536179d3bc72f50898da5d3027da03cfd62aa1f6e06207d1a5 49.28MB / 174.38MB 6.4s
#6 sha256:bbb9db8959d7e0d4fdf7763f5cb229921505d78f52c95bbe5d74338c3699e5ad 15.73MB / 148.24MB 6.5s
#6 sha256:a9c158c3e8a19ecaaee2795986f30008062dbf03407b9a05bb64de99e1c7cf4c 0B / 136.49kB 6.5s
#6 sha256:cc3e375b8a2b74536179d3bc72f50898da5d3027da03cfd62aa1f6e06207d1a5 59.77MB / 174.38MB 6.7s
#6 sha256:bbb9db8959d7e0d4fdf7763f5cb229921505d78f52c95bbe5d74338c3699e5ad 31.46MB / 148.24MB 6.7s
#6 sha256:a9c158c3e8a19ecaaee2795986f30008062dbf03407b9a05bb64de99e1c7cf4c 136.49kB / 136.49kB 6.7s done
#6 sha256:8e54748e0e2e060a786f2592ab4954de2bdecf003a424619cf8950a667914582 0B / 559.20kB 6.8s
#6 sha256:cc3e375b8a2b74536179d3bc72f50898da5d3027da03cfd62aa1f6e06207d1a5 72.35MB / 174.38MB 6.9s
#6 sha256:bbb9db8959d7e0d4fdf7763f5cb229921505d78f52c95bbe5d74338c3699e5ad 39.85MB / 148.24MB 6.9s
#6 sha256:cc3e375b8a2b74536179d3bc72f50898da5d3027da03cfd62aa1f6e06207d1a5 82.84MB / 174.38MB 7.1s
#6 sha256:bbb9db8959d7e0d4fdf7763f5cb229921505d78f52c95bbe5d74338c3699e5ad 51.38MB / 148.24MB 7.1s
#6 sha256:8e54748e0e2e060a786f2592ab4954de2bdecf003a424619cf8950a667914582 559.20kB / 559.20kB 7.1s done
#6 sha256:bb4b9fdc3ba65573fffcaa22a8599e23ef915c542033ca72f6e81db71b37b371 0B / 461B 7.2s
#6 sha256:bbb9db8959d7e0d4fdf7763f5cb229921505d78f52c95bbe5d74338c3699e5ad 63.96MB / 148.24MB 7.3s
#6 sha256:cc3e375b8a2b74536179d3bc72f50898da5d3027da03cfd62aa1f6e06207d1a5 95.42MB / 174.38MB 7.4s
#6 sha256:bb4b9fdc3ba65573fffcaa22a8599e23ef915c542033ca72f6e81db71b37b371 461B / 461B 7.4s done
#6 sha256:bbb9db8959d7e0d4fdf7763f5cb229921505d78f52c95bbe5d74338c3699e5ad 79.69MB / 148.24MB 7.5s
#6 sha256:06e3d3643f5b1738dd82d7ce4f767ecdbc9d7625d2ed254eae805c1b79956674 0B / 7.60kB 7.5s
#6 sha256:bbb9db8959d7e0d4fdf7763f5cb229921505d78f52c95bbe5d74338c3699e5ad 88.08MB / 148.24MB 7.6s
#6 sha256:cc3e375b8a2b74536179d3bc72f50898da5d3027da03cfd62aa1f6e06207d1a5 110.10MB / 174.38MB 7.8s
#6 sha256:bbb9db8959d7e0d4fdf7763f5cb229921505d78f52c95bbe5d74338c3699e5ad 100.66MB / 148.24MB 7.8s
#6 sha256:06e3d3643f5b1738dd82d7ce4f767ecdbc9d7625d2ed254eae805c1b79956674 7.60kB / 7.60kB 7.8s done
#6 sha256:a6a9b6cad09df24e08942fbe0a1f734f62b575f2bcea04fad86fcb2a67b5a9ec 0B / 285B 7.8s
#6 sha256:cc3e375b8a2b74536179d3bc72f50898da5d3027da03cfd62aa1f6e06207d1a5 120.59MB / 174.38MB 8.0s
#6 sha256:bbb9db8959d7e0d4fdf7763f5cb229921505d78f52c95bbe5d74338c3699e5ad 112.20MB / 148.24MB 8.0s
#6 sha256:a6a9b6cad09df24e08942fbe0a1f734f62b575f2bcea04fad86fcb2a67b5a9ec 285B / 285B 8.1s done
#6 sha256:cc3e375b8a2b74536179d3bc72f50898da5d3027da03cfd62aa1f6e06207d1a5 133.17MB / 174.38MB 8.2s
#6 sha256:bbb9db8959d7e0d4fdf7763f5cb229921505d78f52c95bbe5d74338c3699e5ad 122.68MB / 148.24MB 8.2s
#6 sha256:666a2cc2cda826b19772667ed9d89545e098c61fafd3eb9459cc6707dcc580ab 0B / 301B 8.2s
#6 sha256:cc3e375b8a2b74536179d3bc72f50898da5d3027da03cfd62aa1f6e06207d1a5 154.14MB / 174.38MB 8.5s
#6 sha256:bbb9db8959d7e0d4fdf7763f5cb229921505d78f52c95bbe5d74338c3699e5ad 135.27MB / 148.24MB 8.5s
#6 sha256:666a2cc2cda826b19772667ed9d89545e098c61fafd3eb9459cc6707dcc580ab 301B / 301B 8.5s done
#6 sha256:4f4fb700ef54461cfa02571ae0db9a0dc1e0cdb5577484a6d75e68dc38e8acc1 0B / 32B 8.5s
#6 extracting sha256:c7347cf217435bfc6c1ba1dda55fa26280d1b4044bb65168ea8c0ffc4b742282 4.3s done
#6 sha256:cc3e375b8a2b74536179d3bc72f50898da5d3027da03cfd62aa1f6e06207d1a5 167.77MB / 174.38MB 8.7s
#6 sha256:bbb9db8959d7e0d4fdf7763f5cb229921505d78f52c95bbe5d74338c3699e5ad 144.70MB / 148.24MB 8.7s
#6 sha256:4f4fb700ef54461cfa02571ae0db9a0dc1e0cdb5577484a6d75e68dc38e8acc1 32B / 32B 8.7s done
#6 extracting sha256:cf09ba7e81ff7e0847c1dba6f45bfabaa456c0dd60ad04fa208f090db6ecd4af
#6 extracting sha256:cf09ba7e81ff7e0847c1dba6f45bfabaa456c0dd60ad04fa208f090db6ecd4af done
#6 sha256:bbb9db8959d7e0d4fdf7763f5cb229921505d78f52c95bbe5d74338c3699e5ad 148.24MB / 148.24MB 11.0s done
#6 sha256:cc3e375b8a2b74536179d3bc72f50898da5d3027da03cfd62aa1f6e06207d1a5 174.38MB / 174.38MB 13.6s done
#6 extracting sha256:782d92c01fa070497b3992edcfc7ad20ce60b449a0e7e91645df8138e24e8c6c 0.1s
#6 extracting sha256:782d92c01fa070497b3992edcfc7ad20ce60b449a0e7e91645df8138e24e8c6c 0.1s done
#6 extracting sha256:767a7245a7e633a9a36dc953c954e6e93333e45f5d4268ea329561c01dfff663
#6 extracting sha256:767a7245a7e633a9a36dc953c954e6e93333e45f5d4268ea329561c01dfff663 done
#6 extracting sha256:ee6f5b9b6a3d73d086cda761f037a980b25232bee7e17f5eff35fc21ec3e3eea
#6 extracting sha256:ee6f5b9b6a3d73d086cda761f037a980b25232bee7e17f5eff35fc21ec3e3eea 1.6s done
#6 extracting sha256:d4c5d1d4f7132a26ba355fe9a0022f1873980ee66d3e917d6706ebcf04fefe16
#6 extracting sha256:d4c5d1d4f7132a26ba355fe9a0022f1873980ee66d3e917d6706ebcf04fefe16 done
#6 extracting sha256:78ad10dad54cc07bc00cd303bfda62f3efcb5517307f838108946d0582df54e0
#6 extracting sha256:78ad10dad54cc07bc00cd303bfda62f3efcb5517307f838108946d0582df54e0 done
#6 extracting sha256:4a4e15fac5d7488ce1562037fbda37ef371770410d6810208dff58e40fffd837
#6 extracting sha256:4a4e15fac5d7488ce1562037fbda37ef371770410d6810208dff58e40fffd837 done
#6 extracting sha256:e9a818b0af81134edd853803b0794be8b5af72285df2ff5d5b140cd132c3587c
#6 extracting sha256:e9a818b0af81134edd853803b0794be8b5af72285df2ff5d5b140cd132c3587c 0.1s done
#6 extracting sha256:ad56a32d4c9ea3dda71f5a6e8a14130054b749abcd7f33eabbdf9d2da5fde76a
#6 extracting sha256:ad56a32d4c9ea3dda71f5a6e8a14130054b749abcd7f33eabbdf9d2da5fde76a 0.2s done
#6 extracting sha256:cc3e375b8a2b74536179d3bc72f50898da5d3027da03cfd62aa1f6e06207d1a5
#6 extracting sha256:cc3e375b8a2b74536179d3bc72f50898da5d3027da03cfd62aa1f6e06207d1a5 5.1s
#6 extracting sha256:cc3e375b8a2b74536179d3bc72f50898da5d3027da03cfd62aa1f6e06207d1a5 10.1s
#6 extracting sha256:cc3e375b8a2b74536179d3bc72f50898da5d3027da03cfd62aa1f6e06207d1a5 11.0s done
#6 extracting sha256:040d180b44f24dd98d1cac4382490ded21c9561f0ea9907e640bc7ab01689669
#6 extracting sha256:040d180b44f24dd98d1cac4382490ded21c9561f0ea9907e640bc7ab01689669 0.1s done
#6 extracting sha256:9a5b5751b2554c9295de75fe8464c3412ce3ea109f6010eef292fa8dbd4e8dea
#6 extracting sha256:9a5b5751b2554c9295de75fe8464c3412ce3ea109f6010eef292fa8dbd4e8dea 0.2s done
#6 extracting sha256:cff30fb1db588baf9a66d48e4bc84eb8b1b08c4d8ba90df5d6802b045c45e1fb
#6 extracting sha256:cff30fb1db588baf9a66d48e4bc84eb8b1b08c4d8ba90df5d6802b045c45e1fb 0.5s done
#6 extracting sha256:bbb9db8959d7e0d4fdf7763f5cb229921505d78f52c95bbe5d74338c3699e5ad
#6 extracting sha256:bbb9db8959d7e0d4fdf7763f5cb229921505d78f52c95bbe5d74338c3699e5ad 5.1s
#6 extracting sha256:bbb9db8959d7e0d4fdf7763f5cb229921505d78f52c95bbe5d74338c3699e5ad 5.5s done
#6 extracting sha256:a9c158c3e8a19ecaaee2795986f30008062dbf03407b9a05bb64de99e1c7cf4c
#6 extracting sha256:a9c158c3e8a19ecaaee2795986f30008062dbf03407b9a05bb64de99e1c7cf4c 0.1s done
#6 extracting sha256:8e54748e0e2e060a786f2592ab4954de2bdecf003a424619cf8950a667914582
#6 extracting sha256:8e54748e0e2e060a786f2592ab4954de2bdecf003a424619cf8950a667914582 0.1s done
#6 extracting sha256:bb4b9fdc3ba65573fffcaa22a8599e23ef915c542033ca72f6e81db71b37b371
#6 extracting sha256:bb4b9fdc3ba65573fffcaa22a8599e23ef915c542033ca72f6e81db71b37b371 done
#6 extracting sha256:06e3d3643f5b1738dd82d7ce4f767ecdbc9d7625d2ed254eae805c1b79956674
#6 extracting sha256:06e3d3643f5b1738dd82d7ce4f767ecdbc9d7625d2ed254eae805c1b79956674 done
#6 extracting sha256:a6a9b6cad09df24e08942fbe0a1f734f62b575f2bcea04fad86fcb2a67b5a9ec
#6 extracting sha256:a6a9b6cad09df24e08942fbe0a1f734f62b575f2bcea04fad86fcb2a67b5a9ec done
#6 extracting sha256:666a2cc2cda826b19772667ed9d89545e098c61fafd3eb9459cc6707dcc580ab
#6 extracting sha256:666a2cc2cda826b19772667ed9d89545e098c61fafd3eb9459cc6707dcc580ab done
#6 extracting sha256:4f4fb700ef54461cfa02571ae0db9a0dc1e0cdb5577484a6d75e68dc38e8acc1
#6 extracting sha256:4f4fb700ef54461cfa02571ae0db9a0dc1e0cdb5577484a6d75e68dc38e8acc1 done
#6 DONE 60.0s

#7 [2/5] RUN apt update &&     apt install -y     ghostscript     ffmpeg     --no-install-recommends &&     pip3 install pillow &&     rm -rf /var/lib/apt/lists/*
#7 0.503 
#7 0.503 WARNING: apt does not have a stable CLI interface. Use with caution in scripts.
#7 0.503 
#7 0.527 Ign:1 http://security.debian.org/debian-security stretch/updates InRelease
#7 0.541 Ign:2 http://deb.debian.org/debian stretch InRelease
#7 0.551 Ign:3 http://deb.debian.org/debian stretch-updates InRelease
#7 0.562 Get:4 http://deb.debian.org/debian buster InRelease [122 kB]
#7 0.592 Get:5 http://deb.debian.org/debian buster-updates InRelease [56.6 kB]
#7 0.604 Err:6 http://deb.debian.org/debian stretch Release
#7 0.604   404  Not Found
#7 0.614 Err:7 http://deb.debian.org/debian stretch-updates Release
#7 0.614   404  Not Found
#7 0.680 Get:8 http://security.debian.org/debian-security buster/updates InRelease [34.8 kB]
#7 0.684 Err:9 http://security.debian.org/debian-security stretch/updates Release
#7 0.684   404  Not Found [IP: 151.101.130.132 80]
#7 0.709 Get:10 http://deb.debian.org/debian buster/main amd64 Packages [7909 kB]
#7 0.849 Get:11 http://deb.debian.org/debian buster-updates/main amd64 Packages [8788 B]
#7 0.902 Get:12 http://security.debian.org/debian-security buster/updates/main amd64 Packages [610 kB]
#7 2.310 Reading package lists...
#7 3.139 E: The repository 'http://deb.debian.org/debian stretch Release' does not have a Release file.
#7 3.139 E: The repository 'http://deb.debian.org/debian stretch-updates Release' does not have a Release file.
#7 3.139 E: The repository 'http://security.debian.org/debian-security stretch/updates Release' does not have a Release file.
#7 ERROR: process "/bin/sh -c apt update &&     apt install -y     ghostscript     ffmpeg     --no-install-recommends &&     pip3 install pillow &&     rm -rf /var/lib/apt/lists/*" did not complete successfully: exit code: 100
------
 > [2/5] RUN apt update &&     apt install -y     ghostscript     ffmpeg     --no-install-recommends &&     pip3 install pillow &&     rm -rf /var/lib/apt/lists/*:
0.680 Get:8 http://security.debian.org/debian-security buster/updates InRelease [34.8 kB]
0.684 Err:9 http://security.debian.org/debian-security stretch/updates Release
0.684   404  Not Found [IP: 151.101.130.132 80]
0.709 Get:10 http://deb.debian.org/debian buster/main amd64 Packages [7909 kB]
0.849 Get:11 http://deb.debian.org/debian buster-updates/main amd64 Packages [8788 B]
0.902 Get:12 http://security.debian.org/debian-security buster/updates/main amd64 Packages [610 kB]

3.139 E: The repository 'http://deb.debian.org/debian stretch Release' does not have a Release file.
3.139 E: The repository 'http://deb.debian.org/debian stretch-updates Release' does not have a Release file.
3.139 E: The repository 'http://security.debian.org/debian-security stretch/updates Release' does not have a Release file.
------
Dockerfile:4
--------------------
   3 |     # Install other file processors
   4 | >>> RUN apt update && \
   5 | >>>     apt install -y \
   6 | >>>     ghostscript \
   7 | >>>     ffmpeg \
   8 | >>>     --no-install-recommends && \
   9 | >>>     pip3 install pillow && \
  10 | >>>     rm -rf /var/lib/apt/lists/*
  11 |     
--------------------
ERROR: failed to solve: process "/bin/sh -c apt update &&     apt install -y     ghostscript     ffmpeg     --no-install-recommends &&     pip3 install pillow &&     rm -rf /var/lib/apt/lists/*" did not complete successfully: exit code: 100
Duration: 1:15.31