#0 building with "default" instance using docker driver

#1 [internal] load build definition from v1_Dockerfile
#1 transferring dockerfile:
#1 transferring dockerfile: 707B done
#1 DONE 0.6s

#2 [internal] load .dockerignore
#2 transferring context: 2B done
#2 DONE 0.7s

#3 [internal] load metadata for docker.io/flyimg/base-image:1.2.1
#3 DONE 0.5s

#4 [internal] load build context
#4 DONE 0.0s

#5 [1/6] FROM docker.io/flyimg/base-image:1.2.1@sha256:705b43796f918ed4fba84212c9ccc26001fd3fd9f33b85d70a342f11424e23d4
#5 resolve docker.io/flyimg/base-image:1.2.1@sha256:705b43796f918ed4fba84212c9ccc26001fd3fd9f33b85d70a342f11424e23d4 0.1s done
#5 DONE 0.1s

#4 [internal] load build context
#4 transferring context: 8.51MB 0.1s done
#4 DONE 0.5s

#5 [1/6] FROM docker.io/flyimg/base-image:1.2.1@sha256:705b43796f918ed4fba84212c9ccc26001fd3fd9f33b85d70a342f11424e23d4
#5 sha256:705b43796f918ed4fba84212c9ccc26001fd3fd9f33b85d70a342f11424e23d4 5.34kB / 5.34kB done
#5 sha256:50821149a9b7a6012d54744c48475ec50358cce56ae8a75cde9b4d95c3bccbf5 15.47kB / 15.47kB done
#5 sha256:33f99cea3b7da8c6e0143c9fd7590c6d56f7d310ddd59b11be4ad485ae4cab2a 8.39MB / 22.53MB 0.3s
#5 sha256:c7347cf217435bfc6c1ba1dda55fa26280d1b4044bb65168ea8c0ffc4b742282 0B / 67.47MB 0.3s
#5 sha256:49929db06e0567edf245a64c94f68056ce2d5758122bdd2541354cbf1576afa4 0B / 228B 0.3s
#5 sha256:33f99cea3b7da8c6e0143c9fd7590c6d56f7d310ddd59b11be4ad485ae4cab2a 18.87MB / 22.53MB 0.5s
#5 sha256:c7347cf217435bfc6c1ba1dda55fa26280d1b4044bb65168ea8c0ffc4b742282 12.58MB / 67.47MB 0.5s
#5 sha256:49929db06e0567edf245a64c94f68056ce2d5758122bdd2541354cbf1576afa4 228B / 228B 0.4s done
#5 sha256:33f99cea3b7da8c6e0143c9fd7590c6d56f7d310ddd59b11be4ad485ae4cab2a 22.53MB / 22.53MB 0.6s
#5 sha256:c7347cf217435bfc6c1ba1dda55fa26280d1b4044bb65168ea8c0ffc4b742282 19.92MB / 67.47MB 0.6s
#5 sha256:c7347cf217435bfc6c1ba1dda55fa26280d1b4044bb65168ea8c0ffc4b742282 28.31MB / 67.47MB 0.7s
#5 sha256:cf09ba7e81ff7e0847c1dba6f45bfabaa456c0dd60ad04fa208f090db6ecd4af 286B / 286B 0.7s
#5 sha256:c7347cf217435bfc6c1ba1dda55fa26280d1b4044bb65168ea8c0ffc4b742282 50.33MB / 67.47MB 0.9s
#5 sha256:c7347cf217435bfc6c1ba1dda55fa26280d1b4044bb65168ea8c0ffc4b742282 59.77MB / 67.47MB 1.0s
#5 sha256:33f99cea3b7da8c6e0143c9fd7590c6d56f7d310ddd59b11be4ad485ae4cab2a 22.53MB / 22.53MB 1.1s done
#5 sha256:c7347cf217435bfc6c1ba1dda55fa26280d1b4044bb65168ea8c0ffc4b742282 63.96MB / 67.47MB 1.1s
#5 extracting sha256:33f99cea3b7da8c6e0143c9fd7590c6d56f7d310ddd59b11be4ad485ae4cab2a
#5 sha256:c7347cf217435bfc6c1ba1dda55fa26280d1b4044bb65168ea8c0ffc4b742282 67.47MB / 67.47MB 1.2s
#5 sha256:cf09ba7e81ff7e0847c1dba6f45bfabaa456c0dd60ad04fa208f090db6ecd4af 286B / 286B 1.1s done
#5 sha256:782d92c01fa070497b3992edcfc7ad20ce60b449a0e7e91645df8138e24e8c6c 0B / 12.47MB 1.2s
#5 sha256:767a7245a7e633a9a36dc953c954e6e93333e45f5d4268ea329561c01dfff663 0B / 498B 1.3s
#5 sha256:782d92c01fa070497b3992edcfc7ad20ce60b449a0e7e91645df8138e24e8c6c 6.29MB / 12.47MB 1.4s
#5 sha256:767a7245a7e633a9a36dc953c954e6e93333e45f5d4268ea329561c01dfff663 498B / 498B 1.4s
#5 sha256:782d92c01fa070497b3992edcfc7ad20ce60b449a0e7e91645df8138e24e8c6c 12.47MB / 12.47MB 1.5s
#5 sha256:c7347cf217435bfc6c1ba1dda55fa26280d1b4044bb65168ea8c0ffc4b742282 67.47MB / 67.47MB 2.4s done
#5 sha256:767a7245a7e633a9a36dc953c954e6e93333e45f5d4268ea329561c01dfff663 498B / 498B 2.4s done
#5 extracting sha256:33f99cea3b7da8c6e0143c9fd7590c6d56f7d310ddd59b11be4ad485ae4cab2a 1.5s done
#5 sha256:782d92c01fa070497b3992edcfc7ad20ce60b449a0e7e91645df8138e24e8c6c 12.47MB / 12.47MB 2.7s done
#5 sha256:ee6f5b9b6a3d73d086cda761f037a980b25232bee7e17f5eff35fc21ec3e3eea 0B / 27.60MB 2.9s
#5 sha256:ee6f5b9b6a3d73d086cda761f037a980b25232bee7e17f5eff35fc21ec3e3eea 3.15MB / 27.60MB 3.0s
#5 extracting sha256:49929db06e0567edf245a64c94f68056ce2d5758122bdd2541354cbf1576afa4 done
#5 sha256:d4c5d1d4f7132a26ba355fe9a0022f1873980ee66d3e917d6706ebcf04fefe16 0B / 2.28kB 3.0s
#5 sha256:78ad10dad54cc07bc00cd303bfda62f3efcb5517307f838108946d0582df54e0 0B / 256B 3.0s
#5 sha256:ee6f5b9b6a3d73d086cda761f037a980b25232bee7e17f5eff35fc21ec3e3eea 18.87MB / 27.60MB 3.2s
#5 sha256:d4c5d1d4f7132a26ba355fe9a0022f1873980ee66d3e917d6706ebcf04fefe16 2.28kB / 2.28kB 3.2s
#5 sha256:78ad10dad54cc07bc00cd303bfda62f3efcb5517307f838108946d0582df54e0 256B / 256B 3.1s done
#5 sha256:4a4e15fac5d7488ce1562037fbda37ef371770410d6810208dff58e40fffd837 0B / 8.43kB 3.2s
#5 sha256:ee6f5b9b6a3d73d086cda761f037a980b25232bee7e17f5eff35fc21ec3e3eea 24.12MB / 27.60MB 3.3s
#5 sha256:d4c5d1d4f7132a26ba355fe9a0022f1873980ee66d3e917d6706ebcf04fefe16 2.28kB / 2.28kB 3.2s done
#5 extracting sha256:c7347cf217435bfc6c1ba1dda55fa26280d1b4044bb65168ea8c0ffc4b742282
#5 sha256:ee6f5b9b6a3d73d086cda761f037a980b25232bee7e17f5eff35fc21ec3e3eea 27.60MB / 27.60MB 3.5s
#5 sha256:4a4e15fac5d7488ce1562037fbda37ef371770410d6810208dff58e40fffd837 8.43kB / 8.43kB 3.4s done
#5 sha256:e9a818b0af81134edd853803b0794be8b5af72285df2ff5d5b140cd132c3587c 1.96MB / 1.96MB 3.5s
#5 sha256:ee6f5b9b6a3d73d086cda761f037a980b25232bee7e17f5eff35fc21ec3e3eea 27.60MB / 27.60MB 3.8s done
#5 sha256:ad56a32d4c9ea3dda71f5a6e8a14130054b749abcd7f33eabbdf9d2da5fde76a 0B / 1.95MB 4.0s
#5 sha256:e9a818b0af81134edd853803b0794be8b5af72285df2ff5d5b140cd132c3587c 1.96MB / 1.96MB 4.1s done
#5 sha256:ad56a32d4c9ea3dda71f5a6e8a14130054b749abcd7f33eabbdf9d2da5fde76a 1.95MB / 1.95MB 4.1s
#5 sha256:cc3e375b8a2b74536179d3bc72f50898da5d3027da03cfd62aa1f6e06207d1a5 5.24MB / 174.38MB 4.2s
#5 sha256:ad56a32d4c9ea3dda71f5a6e8a14130054b749abcd7f33eabbdf9d2da5fde76a 1.95MB / 1.95MB 4.2s done
#5 sha256:040d180b44f24dd98d1cac4382490ded21c9561f0ea9907e640bc7ab01689669 0B / 233.25kB 4.3s
#5 sha256:cc3e375b8a2b74536179d3bc72f50898da5d3027da03cfd62aa1f6e06207d1a5 22.02MB / 174.38MB 4.4s
#5 sha256:9a5b5751b2554c9295de75fe8464c3412ce3ea109f6010eef292fa8dbd4e8dea 0B / 2.33MB 4.4s
#5 sha256:cc3e375b8a2b74536179d3bc72f50898da5d3027da03cfd62aa1f6e06207d1a5 31.46MB / 174.38MB 4.5s
#5 sha256:040d180b44f24dd98d1cac4382490ded21c9561f0ea9907e640bc7ab01689669 233.25kB / 233.25kB 4.4s done
#5 sha256:9a5b5751b2554c9295de75fe8464c3412ce3ea109f6010eef292fa8dbd4e8dea 2.10MB / 2.33MB 4.5s
#5 sha256:cc3e375b8a2b74536179d3bc72f50898da5d3027da03cfd62aa1f6e06207d1a5 42.99MB / 174.38MB 4.7s
#5 sha256:cff30fb1db588baf9a66d48e4bc84eb8b1b08c4d8ba90df5d6802b045c45e1fb 3.15MB / 5.30MB 4.7s
#5 sha256:bbb9db8959d7e0d4fdf7763f5cb229921505d78f52c95bbe5d74338c3699e5ad 0B / 148.24MB 4.7s
#5 sha256:9a5b5751b2554c9295de75fe8464c3412ce3ea109f6010eef292fa8dbd4e8dea 2.33MB / 2.33MB 4.6s done
#5 sha256:cff30fb1db588baf9a66d48e4bc84eb8b1b08c4d8ba90df5d6802b045c45e1fb 5.30MB / 5.30MB 4.8s
#5 sha256:cc3e375b8a2b74536179d3bc72f50898da5d3027da03cfd62aa1f6e06207d1a5 53.48MB / 174.38MB 4.9s
#5 sha256:cff30fb1db588baf9a66d48e4bc84eb8b1b08c4d8ba90df5d6802b045c45e1fb 5.30MB / 5.30MB 4.8s done
#5 sha256:bbb9db8959d7e0d4fdf7763f5cb229921505d78f52c95bbe5d74338c3699e5ad 14.68MB / 148.24MB 5.0s
#5 sha256:a9c158c3e8a19ecaaee2795986f30008062dbf03407b9a05bb64de99e1c7cf4c 0B / 136.49kB 5.0s
#5 sha256:a9c158c3e8a19ecaaee2795986f30008062dbf03407b9a05bb64de99e1c7cf4c 136.49kB / 136.49kB 5.1s done
#5 sha256:cc3e375b8a2b74536179d3bc72f50898da5d3027da03cfd62aa1f6e06207d1a5 67.11MB / 174.38MB 5.2s
#5 sha256:bbb9db8959d7e0d4fdf7763f5cb229921505d78f52c95bbe5d74338c3699e5ad 26.21MB / 148.24MB 5.2s
#5 sha256:8e54748e0e2e060a786f2592ab4954de2bdecf003a424619cf8950a667914582 0B / 559.20kB 5.2s
#5 sha256:8e54748e0e2e060a786f2592ab4954de2bdecf003a424619cf8950a667914582 559.20kB / 559.20kB 5.3s
#5 sha256:cc3e375b8a2b74536179d3bc72f50898da5d3027da03cfd62aa1f6e06207d1a5 81.79MB / 174.38MB 5.5s
#5 sha256:bbb9db8959d7e0d4fdf7763f5cb229921505d78f52c95bbe5d74338c3699e5ad 42.99MB / 148.24MB 5.5s
#5 sha256:8e54748e0e2e060a786f2592ab4954de2bdecf003a424619cf8950a667914582 559.20kB / 559.20kB 5.3s done
#5 sha256:bb4b9fdc3ba65573fffcaa22a8599e23ef915c542033ca72f6e81db71b37b371 461B / 461B 5.5s
#5 sha256:bb4b9fdc3ba65573fffcaa22a8599e23ef915c542033ca72f6e81db71b37b371 461B / 461B 5.5s done
#5 sha256:06e3d3643f5b1738dd82d7ce4f767ecdbc9d7625d2ed254eae805c1b79956674 0B / 7.60kB 5.6s
#5 sha256:cc3e375b8a2b74536179d3bc72f50898da5d3027da03cfd62aa1f6e06207d1a5 93.32MB / 174.38MB 5.7s
#5 sha256:bbb9db8959d7e0d4fdf7763f5cb229921505d78f52c95bbe5d74338c3699e5ad 51.38MB / 148.24MB 5.7s
#5 sha256:06e3d3643f5b1738dd82d7ce4f767ecdbc9d7625d2ed254eae805c1b79956674 7.60kB / 7.60kB 5.7s done
#5 sha256:a6a9b6cad09df24e08942fbe0a1f734f62b575f2bcea04fad86fcb2a67b5a9ec 0B / 285B 5.8s
#5 sha256:cc3e375b8a2b74536179d3bc72f50898da5d3027da03cfd62aa1f6e06207d1a5 102.76MB / 174.38MB 5.9s
#5 sha256:bbb9db8959d7e0d4fdf7763f5cb229921505d78f52c95bbe5d74338c3699e5ad 63.96MB / 148.24MB 6.0s
#5 sha256:a6a9b6cad09df24e08942fbe0a1f734f62b575f2bcea04fad86fcb2a67b5a9ec 285B / 285B 6.0s done
#5 sha256:cc3e375b8a2b74536179d3bc72f50898da5d3027da03cfd62aa1f6e06207d1a5 116.39MB / 174.38MB 6.2s
#5 sha256:bbb9db8959d7e0d4fdf7763f5cb229921505d78f52c95bbe5d74338c3699e5ad 73.40MB / 148.24MB 6.2s
#5 sha256:666a2cc2cda826b19772667ed9d89545e098c61fafd3eb9459cc6707dcc580ab 301B / 301B 6.2s done
#5 sha256:4f4fb700ef54461cfa02571ae0db9a0dc1e0cdb5577484a6d75e68dc38e8acc1 0B / 32B 6.3s
#5 sha256:cc3e375b8a2b74536179d3bc72f50898da5d3027da03cfd62aa1f6e06207d1a5 127.93MB / 174.38MB 6.4s
#5 sha256:bbb9db8959d7e0d4fdf7763f5cb229921505d78f52c95bbe5d74338c3699e5ad 82.84MB / 148.24MB 6.4s
#5 sha256:4f4fb700ef54461cfa02571ae0db9a0dc1e0cdb5577484a6d75e68dc38e8acc1 32B / 32B 6.4s done
#5 sha256:cc3e375b8a2b74536179d3bc72f50898da5d3027da03cfd62aa1f6e06207d1a5 139.46MB / 174.38MB 6.6s
#5 sha256:bbb9db8959d7e0d4fdf7763f5cb229921505d78f52c95bbe5d74338c3699e5ad 94.37MB / 148.24MB 6.6s
#5 sha256:cc3e375b8a2b74536179d3bc72f50898da5d3027da03cfd62aa1f6e06207d1a5 150.99MB / 174.38MB 6.8s
#5 sha256:bbb9db8959d7e0d4fdf7763f5cb229921505d78f52c95bbe5d74338c3699e5ad 105.91MB / 148.24MB 6.8s
#5 sha256:cc3e375b8a2b74536179d3bc72f50898da5d3027da03cfd62aa1f6e06207d1a5 163.58MB / 174.38MB 7.0s
#5 sha256:bbb9db8959d7e0d4fdf7763f5cb229921505d78f52c95bbe5d74338c3699e5ad 115.34MB / 148.24MB 7.0s
#5 sha256:cc3e375b8a2b74536179d3bc72f50898da5d3027da03cfd62aa1f6e06207d1a5 174.38MB / 174.38MB 7.2s
#5 sha256:bbb9db8959d7e0d4fdf7763f5cb229921505d78f52c95bbe5d74338c3699e5ad 123.73MB / 148.24MB 7.2s
#5 sha256:bbb9db8959d7e0d4fdf7763f5cb229921505d78f52c95bbe5d74338c3699e5ad 136.31MB / 148.24MB 7.4s
#5 sha256:bbb9db8959d7e0d4fdf7763f5cb229921505d78f52c95bbe5d74338c3699e5ad 144.70MB / 148.24MB 7.5s
#5 extracting sha256:c7347cf217435bfc6c1ba1dda55fa26280d1b4044bb65168ea8c0ffc4b742282 4.3s done
#5 sha256:cc3e375b8a2b74536179d3bc72f50898da5d3027da03cfd62aa1f6e06207d1a5 174.38MB / 174.38MB 9.8s done
#5 sha256:bbb9db8959d7e0d4fdf7763f5cb229921505d78f52c95bbe5d74338c3699e5ad 148.24MB / 148.24MB 12.0s done
#5 extracting sha256:cf09ba7e81ff7e0847c1dba6f45bfabaa456c0dd60ad04fa208f090db6ecd4af done
#5 extracting sha256:782d92c01fa070497b3992edcfc7ad20ce60b449a0e7e91645df8138e24e8c6c
#5 extracting sha256:782d92c01fa070497b3992edcfc7ad20ce60b449a0e7e91645df8138e24e8c6c 0.1s done
#5 extracting sha256:767a7245a7e633a9a36dc953c954e6e93333e45f5d4268ea329561c01dfff663
#5 extracting sha256:767a7245a7e633a9a36dc953c954e6e93333e45f5d4268ea329561c01dfff663 done
#5 extracting sha256:ee6f5b9b6a3d73d086cda761f037a980b25232bee7e17f5eff35fc21ec3e3eea
#5 extracting sha256:ee6f5b9b6a3d73d086cda761f037a980b25232bee7e17f5eff35fc21ec3e3eea 1.6s done
#5 extracting sha256:d4c5d1d4f7132a26ba355fe9a0022f1873980ee66d3e917d6706ebcf04fefe16
#5 extracting sha256:d4c5d1d4f7132a26ba355fe9a0022f1873980ee66d3e917d6706ebcf04fefe16 done
#5 extracting sha256:78ad10dad54cc07bc00cd303bfda62f3efcb5517307f838108946d0582df54e0
#5 extracting sha256:78ad10dad54cc07bc00cd303bfda62f3efcb5517307f838108946d0582df54e0 done
#5 extracting sha256:4a4e15fac5d7488ce1562037fbda37ef371770410d6810208dff58e40fffd837
#5 extracting sha256:4a4e15fac5d7488ce1562037fbda37ef371770410d6810208dff58e40fffd837 done
#5 extracting sha256:e9a818b0af81134edd853803b0794be8b5af72285df2ff5d5b140cd132c3587c
#5 extracting sha256:e9a818b0af81134edd853803b0794be8b5af72285df2ff5d5b140cd132c3587c 0.1s done
#5 extracting sha256:ad56a32d4c9ea3dda71f5a6e8a14130054b749abcd7f33eabbdf9d2da5fde76a
#5 extracting sha256:ad56a32d4c9ea3dda71f5a6e8a14130054b749abcd7f33eabbdf9d2da5fde76a 0.2s done
#5 extracting sha256:cc3e375b8a2b74536179d3bc72f50898da5d3027da03cfd62aa1f6e06207d1a5
#5 extracting sha256:cc3e375b8a2b74536179d3bc72f50898da5d3027da03cfd62aa1f6e06207d1a5 5.2s
#5 extracting sha256:cc3e375b8a2b74536179d3bc72f50898da5d3027da03cfd62aa1f6e06207d1a5 10.2s
#5 extracting sha256:cc3e375b8a2b74536179d3bc72f50898da5d3027da03cfd62aa1f6e06207d1a5 11.3s done
#5 extracting sha256:040d180b44f24dd98d1cac4382490ded21c9561f0ea9907e640bc7ab01689669
#5 extracting sha256:040d180b44f24dd98d1cac4382490ded21c9561f0ea9907e640bc7ab01689669 0.1s done
#5 extracting sha256:9a5b5751b2554c9295de75fe8464c3412ce3ea109f6010eef292fa8dbd4e8dea
#5 extracting sha256:9a5b5751b2554c9295de75fe8464c3412ce3ea109f6010eef292fa8dbd4e8dea 0.2s done
#5 extracting sha256:cff30fb1db588baf9a66d48e4bc84eb8b1b08c4d8ba90df5d6802b045c45e1fb
#5 extracting sha256:cff30fb1db588baf9a66d48e4bc84eb8b1b08c4d8ba90df5d6802b045c45e1fb 0.5s done
#5 extracting sha256:bbb9db8959d7e0d4fdf7763f5cb229921505d78f52c95bbe5d74338c3699e5ad
#5 extracting sha256:bbb9db8959d7e0d4fdf7763f5cb229921505d78f52c95bbe5d74338c3699e5ad 5.0s
#5 extracting sha256:bbb9db8959d7e0d4fdf7763f5cb229921505d78f52c95bbe5d74338c3699e5ad 5.4s done
#5 extracting sha256:a9c158c3e8a19ecaaee2795986f30008062dbf03407b9a05bb64de99e1c7cf4c
#5 extracting sha256:a9c158c3e8a19ecaaee2795986f30008062dbf03407b9a05bb64de99e1c7cf4c 0.1s done
#5 extracting sha256:8e54748e0e2e060a786f2592ab4954de2bdecf003a424619cf8950a667914582
#5 extracting sha256:8e54748e0e2e060a786f2592ab4954de2bdecf003a424619cf8950a667914582 0.1s done
#5 extracting sha256:bb4b9fdc3ba65573fffcaa22a8599e23ef915c542033ca72f6e81db71b37b371
#5 extracting sha256:bb4b9fdc3ba65573fffcaa22a8599e23ef915c542033ca72f6e81db71b37b371 done
#5 extracting sha256:06e3d3643f5b1738dd82d7ce4f767ecdbc9d7625d2ed254eae805c1b79956674
#5 extracting sha256:06e3d3643f5b1738dd82d7ce4f767ecdbc9d7625d2ed254eae805c1b79956674 done
#5 extracting sha256:a6a9b6cad09df24e08942fbe0a1f734f62b575f2bcea04fad86fcb2a67b5a9ec
#5 extracting sha256:a6a9b6cad09df24e08942fbe0a1f734f62b575f2bcea04fad86fcb2a67b5a9ec done
#5 extracting sha256:666a2cc2cda826b19772667ed9d89545e098c61fafd3eb9459cc6707dcc580ab
#5 extracting sha256:666a2cc2cda826b19772667ed9d89545e098c61fafd3eb9459cc6707dcc580ab done
#5 extracting sha256:4f4fb700ef54461cfa02571ae0db9a0dc1e0cdb5577484a6d75e68dc38e8acc1
#5 extracting sha256:4f4fb700ef54461cfa02571ae0db9a0dc1e0cdb5577484a6d75e68dc38e8acc1 done
#5 DONE 45.8s

#6 [2/6] RUN sed -i 's/stretch/buster/g' /etc/apt/sources.list
#6 DONE 22.5s

#7 [3/6] RUN apt update &&     apt install -y     ghostscript     ffmpeg     --no-install-recommends &&     pip3 install pillow &&     rm -rf /var/lib/apt/lists/*
#7 0.810 
#7 0.810 WARNING: apt does not have a stable CLI interface. Use with caution in scripts.
#7 0.810 
#7 0.849 Get:1 http://deb.debian.org/debian buster InRelease [122 kB]
#7 0.877 Get:2 http://deb.debian.org/debian buster-updates InRelease [56.6 kB]
#7 0.983 Get:3 http://security.debian.org/debian-security buster/updates InRelease [34.8 kB]
#7 0.992 Get:4 http://deb.debian.org/debian buster/main amd64 Packages [7909 kB]
#7 1.127 Get:5 http://deb.debian.org/debian buster-updates/main amd64 Packages [8788 B]
#7 1.199 Get:6 http://security.debian.org/debian-security buster/updates/main amd64 Packages [610 kB]
#7 2.579 Fetched 8741 kB in 1s (5004 kB/s)
#7 2.579 Reading package lists...
#7 3.668 Building dependency tree...
#7 3.766 Reading state information...
#7 3.773 All packages are up to date.
#7 3.780 W: Target Packages (main/binary-amd64/Packages) is configured multiple times in /etc/apt/sources.list:2 and /etc/apt/sources.list.d/buster.list:2
#7 3.780 W: Target Packages (main/binary-all/Packages) is configured multiple times in /etc/apt/sources.list:2 and /etc/apt/sources.list.d/buster.list:2
#7 3.780 W: Target Packages (main/binary-amd64/Packages) is configured multiple times in /etc/apt/sources.list:6 and /etc/apt/sources.list.d/buster.list:6
#7 3.780 W: Target Packages (main/binary-all/Packages) is configured multiple times in /etc/apt/sources.list:6 and /etc/apt/sources.list.d/buster.list:6
#7 3.780 W: Target Packages (main/binary-amd64/Packages) is configured multiple times in /etc/apt/sources.list:4 and /etc/apt/sources.list.d/buster.list:4
#7 3.780 W: Target Packages (main/binary-all/Packages) is configured multiple times in /etc/apt/sources.list:4 and /etc/apt/sources.list.d/buster.list:4
#7 3.780 W: Target Packages (main/binary-amd64/Packages) is configured multiple times in /etc/apt/sources.list:2 and /etc/apt/sources.list.d/buster.list:2
#7 3.780 W: Target Packages (main/binary-all/Packages) is configured multiple times in /etc/apt/sources.list:2 and /etc/apt/sources.list.d/buster.list:2
#7 3.780 W: Target Packages (main/binary-amd64/Packages) is configured multiple times in /etc/apt/sources.list:4 and /etc/apt/sources.list.d/buster.list:4
#7 3.780 W: Target Packages (main/binary-all/Packages) is configured multiple times in /etc/apt/sources.list:4 and /etc/apt/sources.list.d/buster.list:4
#7 3.780 W: Target Packages (main/binary-amd64/Packages) is configured multiple times in /etc/apt/sources.list:6 and /etc/apt/sources.list.d/buster.list:6
#7 3.780 W: Target Packages (main/binary-all/Packages) is configured multiple times in /etc/apt/sources.list:6 and /etc/apt/sources.list.d/buster.list:6
#7 3.786 
#7 3.786 WARNING: apt does not have a stable CLI interface. Use with caution in scripts.
#7 3.786 
#7 3.804 Reading package lists...
#7 4.893 Building dependency tree...
#7 4.990 Reading state information...
#7 5.003 Package ghostscript is not available, but is referred to by another package.
#7 5.003 This may mean that the package is missing, has been obsoleted, or
#7 5.003 is only available from another source
#7 5.003 
#7 5.003 Package ffmpeg is not available, but is referred to by another package.
#7 5.003 This may mean that the package is missing, has been obsoleted, or
#7 5.003 is only available from another source
#7 5.003 
#7 5.008 W: Target Packages (main/binary-amd64/Packages) is configured multiple times in /etc/apt/sources.list:2 and /etc/apt/sources.list.d/buster.list:2
#7 5.008 W: Target Packages (main/binary-all/Packages) is configured multiple times in /etc/apt/sources.list:2 and /etc/apt/sources.list.d/buster.list:2
#7 5.008 W: Target Packages (main/binary-amd64/Packages) is configured multiple times in /etc/apt/sources.list:4 and /etc/apt/sources.list.d/buster.list:4
#7 5.008 W: Target Packages (main/binary-all/Packages) is configured multiple times in /etc/apt/sources.list:4 and /etc/apt/sources.list.d/buster.list:4
#7 5.008 W: Target Packages (main/binary-amd64/Packages) is configured multiple times in /etc/apt/sources.list:6 and /etc/apt/sources.list.d/buster.list:6
#7 5.008 W: Target Packages (main/binary-all/Packages) is configured multiple times in /etc/apt/sources.list:6 and /etc/apt/sources.list.d/buster.list:6
#7 5.008 E: Package 'ghostscript' has no installation candidate
#7 5.008 E: Package 'ffmpeg' has no installation candidate
#7 ERROR: process "/bin/sh -c apt update &&     apt install -y     ghostscript     ffmpeg     --no-install-recommends &&     pip3 install pillow &&     rm -rf /var/lib/apt/lists/*" did not complete successfully: exit code: 100
------
 > [3/6] RUN apt update &&     apt install -y     ghostscript     ffmpeg     --no-install-recommends &&     pip3 install pillow &&     rm -rf /var/lib/apt/lists/*:
5.003 is only available from another source
5.003 
5.008 W: Target Packages (main/binary-amd64/Packages) is configured multiple times in /etc/apt/sources.list:2 and /etc/apt/sources.list.d/buster.list:2
5.008 W: Target Packages (main/binary-all/Packages) is configured multiple times in /etc/apt/sources.list:2 and /etc/apt/sources.list.d/buster.list:2
5.008 W: Target Packages (main/binary-amd64/Packages) is configured multiple times in /etc/apt/sources.list:4 and /etc/apt/sources.list.d/buster.list:4
5.008 W: Target Packages (main/binary-all/Packages) is configured multiple times in /etc/apt/sources.list:4 and /etc/apt/sources.list.d/buster.list:4
5.008 W: Target Packages (main/binary-amd64/Packages) is configured multiple times in /etc/apt/sources.list:6 and /etc/apt/sources.list.d/buster.list:6
5.008 W: Target Packages (main/binary-all/Packages) is configured multiple times in /etc/apt/sources.list:6 and /etc/apt/sources.list.d/buster.list:6
5.008 E: Package 'ghostscript' has no installation candidate
5.008 E: Package 'ffmpeg' has no installation candidate
------
v1_Dockerfile:7
--------------------
   6 |     # Install other file processors
   7 | >>> RUN apt update && \
   8 | >>>     apt install -y \
   9 | >>>     ghostscript \
  10 | >>>     ffmpeg \
  11 | >>>     --no-install-recommends && \
  12 | >>>     pip3 install pillow && \
  13 | >>>     rm -rf /var/lib/apt/lists/*
  14 |     
--------------------
ERROR: failed to solve: process "/bin/sh -c apt update &&     apt install -y     ghostscript     ffmpeg     --no-install-recommends &&     pip3 install pillow &&     rm -rf /var/lib/apt/lists/*" did not complete successfully: exit code: 100
Duration: 1:15.66