#0 building with "default" instance using docker driver

#1 [internal] load .dockerignore
#1 transferring context:
#1 transferring context: 88B done
#1 DONE 0.3s

#2 [internal] load build definition from v1_Dockerfile
#2 transferring dockerfile: 1.25kB done
#2 DONE 0.4s

#3 [internal] load metadata for docker.io/library/node:14-alpine
#3 DONE 1.1s

#4 [internal] load build context
#4 transferring context: 2.72MB 0.1s done
#4 DONE 0.3s

#5 [ 1/10] FROM docker.io/library/node:14-alpine@sha256:434215b487a329c9e867202ff89e704d3a75e554822e07f3e0c0f9e606121b33
#5 resolve docker.io/library/node:14-alpine@sha256:434215b487a329c9e867202ff89e704d3a75e554822e07f3e0c0f9e606121b33 0.2s done
#5 sha256:0dac3dc27b1ad570e6c3a7f7cd29e88e7130ff0cad31b2ec5a0f222fbe971bdb 6.44kB / 6.44kB done
#5 sha256:434215b487a329c9e867202ff89e704d3a75e554822e07f3e0c0f9e606121b33 1.43kB / 1.43kB done
#5 sha256:4e84c956cd276af9ed14a8b2939a734364c2b0042485e90e1b97175e73dfd548 1.16kB / 1.16kB done
#5 sha256:f56be85fc22e46face30e2c3de3f7fe7c15f8fd7c4e5add29d7f64b87abdaa09 0B / 3.37MB 0.1s
#5 sha256:f56be85fc22e46face30e2c3de3f7fe7c15f8fd7c4e5add29d7f64b87abdaa09 3.37MB / 3.37MB 0.3s
#5 sha256:8f665685b215c7daf9164545f1bbdd74d800af77d0d267db31fe0345c0c8fb8b 0B / 37.17MB 0.3s
#5 sha256:e5fca6c395a62ec277102af9e5283f6edb43b3e4f20f798e3ce7e425be226ba6 0B / 2.37MB 0.3s
#5 sha256:f56be85fc22e46face30e2c3de3f7fe7c15f8fd7c4e5add29d7f64b87abdaa09 3.37MB / 3.37MB 0.4s done
#5 sha256:8f665685b215c7daf9164545f1bbdd74d800af77d0d267db31fe0345c0c8fb8b 3.15MB / 37.17MB 0.4s
#5 extracting sha256:f56be85fc22e46face30e2c3de3f7fe7c15f8fd7c4e5add29d7f64b87abdaa09 0.1s
#5 sha256:8f665685b215c7daf9164545f1bbdd74d800af77d0d267db31fe0345c0c8fb8b 6.29MB / 37.17MB 0.5s
#5 sha256:e5fca6c395a62ec277102af9e5283f6edb43b3e4f20f798e3ce7e425be226ba6 1.05MB / 2.37MB 0.5s
#5 sha256:561cb69653d56a9725be56e02128e4e96fb434a8b4b4decf2bdeb479a225feaf 0B / 448B 0.5s
#5 sha256:8f665685b215c7daf9164545f1bbdd74d800af77d0d267db31fe0345c0c8fb8b 17.83MB / 37.17MB 0.7s
#5 sha256:e5fca6c395a62ec277102af9e5283f6edb43b3e4f20f798e3ce7e425be226ba6 2.37MB / 2.37MB 0.7s done
#5 extracting sha256:f56be85fc22e46face30e2c3de3f7fe7c15f8fd7c4e5add29d7f64b87abdaa09 0.2s done
#5 sha256:561cb69653d56a9725be56e02128e4e96fb434a8b4b4decf2bdeb479a225feaf 448B / 448B 0.7s
#5 sha256:8f665685b215c7daf9164545f1bbdd74d800af77d0d267db31fe0345c0c8fb8b 23.07MB / 37.17MB 0.8s
#5 sha256:561cb69653d56a9725be56e02128e4e96fb434a8b4b4decf2bdeb479a225feaf 448B / 448B 0.7s done
#5 sha256:8f665685b215c7daf9164545f1bbdd74d800af77d0d267db31fe0345c0c8fb8b 28.31MB / 37.17MB 0.9s
#5 sha256:8f665685b215c7daf9164545f1bbdd74d800af77d0d267db31fe0345c0c8fb8b 32.51MB / 37.17MB 1.0s
#5 sha256:8f665685b215c7daf9164545f1bbdd74d800af77d0d267db31fe0345c0c8fb8b 37.17MB / 37.17MB 1.2s
#5 sha256:8f665685b215c7daf9164545f1bbdd74d800af77d0d267db31fe0345c0c8fb8b 37.17MB / 37.17MB 1.7s done
#5 extracting sha256:8f665685b215c7daf9164545f1bbdd74d800af77d0d267db31fe0345c0c8fb8b
#5 extracting sha256:8f665685b215c7daf9164545f1bbdd74d800af77d0d267db31fe0345c0c8fb8b 2.5s done
#5 extracting sha256:e5fca6c395a62ec277102af9e5283f6edb43b3e4f20f798e3ce7e425be226ba6
#5 extracting sha256:e5fca6c395a62ec277102af9e5283f6edb43b3e4f20f798e3ce7e425be226ba6 0.2s done
#5 extracting sha256:561cb69653d56a9725be56e02128e4e96fb434a8b4b4decf2bdeb479a225feaf
#5 extracting sha256:561cb69653d56a9725be56e02128e4e96fb434a8b4b4decf2bdeb479a225feaf done
#5 DONE 6.1s

#6 [ 2/10] RUN mkdir -p /API
#6 DONE 3.6s

#7 [ 3/10] WORKDIR /API
#7 DONE 0.5s

#8 [ 4/10] RUN apk --no-cache --virtual build-dependencies add python make g++
#8 0.647 fetch https://dl-cdn.alpinelinux.org/alpine/v3.17/main/x86_64/APKINDEX.tar.gz
#8 2.246 fetch https://dl-cdn.alpinelinux.org/alpine/v3.17/community/x86_64/APKINDEX.tar.gz
#8 4.506 ERROR: unable to select packages:
#8 4.544   build-dependencies-20240731.001839:
#8 4.544     masked in: cache
#8 4.544     satisfies: world[build-dependencies=20240731.001839]
#8 4.544   python (no such package):
#8 4.544     required by: build-dependencies-20240731.001839[python]
#8 ERROR: process "/bin/sh -c apk --no-cache --virtual build-dependencies add python make g++" did not complete successfully: exit code: 2
------
 > [ 4/10] RUN apk --no-cache --virtual build-dependencies add python make g++:
0.647 fetch https://dl-cdn.alpinelinux.org/alpine/v3.17/main/x86_64/APKINDEX.tar.gz
2.246 fetch https://dl-cdn.alpinelinux.org/alpine/v3.17/community/x86_64/APKINDEX.tar.gz
4.506 ERROR: unable to select packages:
4.544   build-dependencies-20240731.001839:
4.544     masked in: cache
4.544     satisfies: world[build-dependencies=20240731.001839]
4.544   python (no such package):
4.544     required by: build-dependencies-20240731.001839[python]
------
v1_Dockerfile:17
--------------------
  15 |     # --no-cache: download package index on-the-fly, no need to cleanup afterwards
  16 |     # --virtual: bundle packages, remove whole bundle at once, when done
  17 | >>> RUN apk --no-cache --virtual build-dependencies add python make g++
  18 |     
  19 |     RUN yarn global add pm2
--------------------
ERROR: failed to solve: process "/bin/sh -c apk --no-cache --virtual build-dependencies add python make g++" did not complete successfully: exit code: 2
Duration: 0:17.05