#0 building with "default" instance using docker driver

#1 [internal] load build definition from v1_Dockerfile
#1 transferring dockerfile: 758B done
#1 DONE 0.0s

#2 [internal] load metadata for docker.io/library/openjdk:8
#2 ...

#3 [auth] library/openjdk:pull token for registry-1.docker.io
#3 DONE 0.0s

#2 [internal] load metadata for docker.io/library/openjdk:8
#2 DONE 0.9s

#4 [internal] load .dockerignore
#4 transferring context: 2B done
#4 DONE 0.0s

#5 [1/4] FROM docker.io/library/openjdk:8@sha256:86e863cc57215cfb181bd319736d0baf625fe8f150577f9eb58bd937f5452cb8
#5 resolve docker.io/library/openjdk:8@sha256:86e863cc57215cfb181bd319736d0baf625fe8f150577f9eb58bd937f5452cb8 0.0s done
#5 ...

#6 [internal] load build context
#6 transferring context: 902.38kB 0.0s done
#6 DONE 0.1s

#5 [1/4] FROM docker.io/library/openjdk:8@sha256:86e863cc57215cfb181bd319736d0baf625fe8f150577f9eb58bd937f5452cb8
#5 sha256:2068746827ec1b043b571e4788693eab7e9b2a95301176512791f8c317a2816a 0B / 10.88MB 0.2s
#5 sha256:b273004037cc3af245d8e08cfbfa672b93ee7dcb289736c82d0b58936fb71702 7.81kB / 7.81kB done
#5 sha256:3af2ac94130765b73fc8f1b42ffc04f77996ed8210c297fcfa28ca880ff0a217 1.79kB / 1.79kB done
#5 sha256:001c52e26ad57e3b25b439ee0052f6692e5c0f2d5d982a00a8819ace5e521452 2.10MB / 55.00MB 0.2s
#5 sha256:d9d4b9b6e964657da49910b495173d6c4f0d9bc47b3b44273cf82fd32723d165 0B / 5.16MB 0.2s
#5 sha256:86e863cc57215cfb181bd319736d0baf625fe8f150577f9eb58bd937f5452cb8 1.04kB / 1.04kB done
#5 sha256:001c52e26ad57e3b25b439ee0052f6692e5c0f2d5d982a00a8819ace5e521452 8.39MB / 55.00MB 0.3s
#5 sha256:d9d4b9b6e964657da49910b495173d6c4f0d9bc47b3b44273cf82fd32723d165 1.05MB / 5.16MB 0.3s
#5 sha256:2068746827ec1b043b571e4788693eab7e9b2a95301176512791f8c317a2816a 3.15MB / 10.88MB 0.4s
#5 sha256:001c52e26ad57e3b25b439ee0052f6692e5c0f2d5d982a00a8819ace5e521452 13.63MB / 55.00MB 0.4s
#5 sha256:d9d4b9b6e964657da49910b495173d6c4f0d9bc47b3b44273cf82fd32723d165 5.16MB / 5.16MB 0.4s done
#5 sha256:9daef329d35093868ef75ac8b7c6eb407fa53abbcb3a264c218c2ec7bca716e6 0B / 54.58MB 0.4s
#5 sha256:2068746827ec1b043b571e4788693eab7e9b2a95301176512791f8c317a2816a 10.88MB / 10.88MB 0.6s
#5 sha256:001c52e26ad57e3b25b439ee0052f6692e5c0f2d5d982a00a8819ace5e521452 22.02MB / 55.00MB 0.6s
#5 sha256:9daef329d35093868ef75ac8b7c6eb407fa53abbcb3a264c218c2ec7bca716e6 3.15MB / 54.58MB 0.6s
#5 sha256:2068746827ec1b043b571e4788693eab7e9b2a95301176512791f8c317a2816a 10.88MB / 10.88MB 0.6s done
#5 sha256:001c52e26ad57e3b25b439ee0052f6692e5c0f2d5d982a00a8819ace5e521452 28.31MB / 55.00MB 0.7s
#5 sha256:9daef329d35093868ef75ac8b7c6eb407fa53abbcb3a264c218c2ec7bca716e6 10.49MB / 54.58MB 0.7s
#5 sha256:d85151f15b6683b98f21c3827ac545188b1849efb14a1049710ebc4692de3dd5 0B / 5.42MB 0.7s
#5 sha256:001c52e26ad57e3b25b439ee0052f6692e5c0f2d5d982a00a8819ace5e521452 35.65MB / 55.00MB 0.9s
#5 sha256:9daef329d35093868ef75ac8b7c6eb407fa53abbcb3a264c218c2ec7bca716e6 19.92MB / 54.58MB 0.9s
#5 sha256:d85151f15b6683b98f21c3827ac545188b1849efb14a1049710ebc4692de3dd5 5.42MB / 5.42MB 0.9s done
#5 sha256:52a8c426d30b691c4f7e8c4b438901ddeb82ff80d4540d5bbd49986376d85cc9 0B / 210B 0.9s
#5 sha256:001c52e26ad57e3b25b439ee0052f6692e5c0f2d5d982a00a8819ace5e521452 45.09MB / 55.00MB 1.1s
#5 sha256:9daef329d35093868ef75ac8b7c6eb407fa53abbcb3a264c218c2ec7bca716e6 32.51MB / 54.58MB 1.1s
#5 sha256:52a8c426d30b691c4f7e8c4b438901ddeb82ff80d4540d5bbd49986376d85cc9 210B / 210B 1.0s done
#5 sha256:8754a66e005039a091c5ad0319f055be393c7123717b1f6fee8647c338ff3ceb 0B / 105.92MB 1.1s
#5 sha256:001c52e26ad57e3b25b439ee0052f6692e5c0f2d5d982a00a8819ace5e521452 52.43MB / 55.00MB 1.3s
#5 sha256:9daef329d35093868ef75ac8b7c6eb407fa53abbcb3a264c218c2ec7bca716e6 41.94MB / 54.58MB 1.3s
#5 sha256:001c52e26ad57e3b25b439ee0052f6692e5c0f2d5d982a00a8819ace5e521452 55.00MB / 55.00MB 1.5s done
#5 sha256:9daef329d35093868ef75ac8b7c6eb407fa53abbcb3a264c218c2ec7bca716e6 53.48MB / 54.58MB 1.5s
#5 sha256:8754a66e005039a091c5ad0319f055be393c7123717b1f6fee8647c338ff3ceb 15.73MB / 105.92MB 1.5s
#5 sha256:8754a66e005039a091c5ad0319f055be393c7123717b1f6fee8647c338ff3ceb 22.02MB / 105.92MB 1.6s
#5 extracting sha256:001c52e26ad57e3b25b439ee0052f6692e5c0f2d5d982a00a8819ace5e521452 0.1s
#5 sha256:9daef329d35093868ef75ac8b7c6eb407fa53abbcb3a264c218c2ec7bca716e6 54.58MB / 54.58MB 1.6s done
#5 sha256:8754a66e005039a091c5ad0319f055be393c7123717b1f6fee8647c338ff3ceb 30.41MB / 105.92MB 1.7s
#5 sha256:8754a66e005039a091c5ad0319f055be393c7123717b1f6fee8647c338ff3ceb 40.89MB / 105.92MB 1.8s
#5 sha256:8754a66e005039a091c5ad0319f055be393c7123717b1f6fee8647c338ff3ceb 59.77MB / 105.92MB 2.0s
#5 sha256:8754a66e005039a091c5ad0319f055be393c7123717b1f6fee8647c338ff3ceb 70.25MB / 105.92MB 2.1s
#5 sha256:8754a66e005039a091c5ad0319f055be393c7123717b1f6fee8647c338ff3ceb 80.87MB / 105.92MB 2.2s
#5 sha256:8754a66e005039a091c5ad0319f055be393c7123717b1f6fee8647c338ff3ceb 92.27MB / 105.92MB 2.3s
#5 sha256:8754a66e005039a091c5ad0319f055be393c7123717b1f6fee8647c338ff3ceb 105.92MB / 105.92MB 2.5s
#5 sha256:8754a66e005039a091c5ad0319f055be393c7123717b1f6fee8647c338ff3ceb 105.92MB / 105.92MB 2.8s done
#5 extracting sha256:001c52e26ad57e3b25b439ee0052f6692e5c0f2d5d982a00a8819ace5e521452 3.1s done
#5 extracting sha256:d9d4b9b6e964657da49910b495173d6c4f0d9bc47b3b44273cf82fd32723d165
#5 extracting sha256:d9d4b9b6e964657da49910b495173d6c4f0d9bc47b3b44273cf82fd32723d165 0.3s done
#5 extracting sha256:2068746827ec1b043b571e4788693eab7e9b2a95301176512791f8c317a2816a
#5 extracting sha256:2068746827ec1b043b571e4788693eab7e9b2a95301176512791f8c317a2816a 0.3s done
#5 extracting sha256:9daef329d35093868ef75ac8b7c6eb407fa53abbcb3a264c218c2ec7bca716e6
#5 extracting sha256:9daef329d35093868ef75ac8b7c6eb407fa53abbcb3a264c218c2ec7bca716e6 3.0s done
#5 extracting sha256:d85151f15b6683b98f21c3827ac545188b1849efb14a1049710ebc4692de3dd5
#5 extracting sha256:d85151f15b6683b98f21c3827ac545188b1849efb14a1049710ebc4692de3dd5 0.2s done
#5 extracting sha256:52a8c426d30b691c4f7e8c4b438901ddeb82ff80d4540d5bbd49986376d85cc9 done
#5 extracting sha256:8754a66e005039a091c5ad0319f055be393c7123717b1f6fee8647c338ff3ceb
#5 extracting sha256:8754a66e005039a091c5ad0319f055be393c7123717b1f6fee8647c338ff3ceb 2.1s done
#5 DONE 11.2s

#7 [2/4] COPY . /tmp/jmxterm
#7 DONE 3.4s

#8 [3/4] RUN curl -f -sSL -o /tmp/apache-maven-3.6.3-bin.tar.gz https://downloads.apache.org/maven/maven-3/3.6.3/binaries/apache-maven-3.6.3-bin.tar.gz &&     tar zxvf /tmp/apache-maven-3.6.3-bin.tar.gz -C /tmp &&     cd /tmp/jmxterm &&     /tmp/apache-maven-3.6.3/bin/mvn install &&     mkdir /opt/jmxterm &&     cp target/jmxterm-$(cat target/maven-archiver/pom.properties | grep version | cut -f 2 -d =)-uber.jar /opt/jmxterm/jmxterm.jar &&     cd /opt/jmxterm &&     rm -rf /tmp/apache-maven-3.6.3* /tmp/jmxterm && rm /tmp/apache-maven-3.6.3-bin.tar.gz
#8 0.753 curl: (22) The requested URL returned error: 404 Not Found
#8 ERROR: process "/bin/sh -c curl -f -sSL -o /tmp/apache-maven-3.6.3-bin.tar.gz https://downloads.apache.org/maven/maven-3/3.6.3/binaries/apache-maven-3.6.3-bin.tar.gz &&     tar zxvf /tmp/apache-maven-3.6.3-bin.tar.gz -C /tmp &&     cd /tmp/jmxterm &&     /tmp/apache-maven-3.6.3/bin/mvn install &&     mkdir /opt/jmxterm &&     cp target/jmxterm-$(cat target/maven-archiver/pom.properties | grep version | cut -f 2 -d =)-uber.jar /opt/jmxterm/jmxterm.jar &&     cd /opt/jmxterm &&     rm -rf /tmp/apache-maven-3.6.3* /tmp/jmxterm && rm /tmp/apache-maven-3.6.3-bin.tar.gz" did not complete successfully: exit code: 22
------
 > [3/4] RUN curl -f -sSL -o /tmp/apache-maven-3.6.3-bin.tar.gz https://downloads.apache.org/maven/maven-3/3.6.3/binaries/apache-maven-3.6.3-bin.tar.gz &&     tar zxvf /tmp/apache-maven-3.6.3-bin.tar.gz -C /tmp &&     cd /tmp/jmxterm &&     /tmp/apache-maven-3.6.3/bin/mvn install &&     mkdir /opt/jmxterm &&     cp target/jmxterm-$(cat target/maven-archiver/pom.properties | grep version | cut -f 2 -d =)-uber.jar /opt/jmxterm/jmxterm.jar &&     cd /opt/jmxterm &&     rm -rf /tmp/apache-maven-3.6.3* /tmp/jmxterm && rm /tmp/apache-maven-3.6.3-bin.tar.gz:
0.753 curl: (22) The requested URL returned error: 404 Not Found
------
v1_Dockerfile:5
--------------------
   4 |     
   5 | >>> RUN curl -f -sSL -o /tmp/apache-maven-3.6.3-bin.tar.gz https://downloads.apache.org/maven/maven-3/3.6.3/binaries/apache-maven-3.6.3-bin.tar.gz && \
   6 | >>>     tar zxvf /tmp/apache-maven-3.6.3-bin.tar.gz -C /tmp && \
   7 | >>>     cd /tmp/jmxterm && \
   8 | >>>     /tmp/apache-maven-3.6.3/bin/mvn install && \
   9 | >>>     mkdir /opt/jmxterm && \
  10 | >>>     cp target/jmxterm-$(cat target/maven-archiver/pom.properties | grep version | cut -f 2 -d =)-uber.jar /opt/jmxterm/jmxterm.jar && \
  11 | >>>     cd /opt/jmxterm && \
  12 | >>>     rm -rf /tmp/apache-maven-3.6.3* /tmp/jmxterm && rm /tmp/apache-maven-3.6.3-bin.tar.gz
  13 |     
--------------------
ERROR: failed to solve: process "/bin/sh -c curl -f -sSL -o /tmp/apache-maven-3.6.3-bin.tar.gz https://downloads.apache.org/maven/maven-3/3.6.3/binaries/apache-maven-3.6.3-bin.tar.gz &&     tar zxvf /tmp/apache-maven-3.6.3-bin.tar.gz -C /tmp &&     cd /tmp/jmxterm &&     /tmp/apache-maven-3.6.3/bin/mvn install &&     mkdir /opt/jmxterm &&     cp target/jmxterm-$(cat target/maven-archiver/pom.properties | grep version | cut -f 2 -d =)-uber.jar /opt/jmxterm/jmxterm.jar &&     cd /opt/jmxterm &&     rm -rf /tmp/apache-maven-3.6.3* /tmp/jmxterm && rm /tmp/apache-maven-3.6.3-bin.tar.gz" did not complete successfully: exit code: 22
Duration: 0:16.68