#0 building with "default" instance using docker driver

#1 [internal] load .dockerignore
#1 ...

#2 [internal] load build definition from v1_Dockerfile
#2 transferring dockerfile: 3.42kB done
#2 DONE 0.4s

#1 [internal] load .dockerignore
#1 transferring context: 2B done
#1 DONE 0.6s

#3 [internal] load metadata for docker.io/library/alpine:3.16.3
#3 DONE 1.3s

#4 [internal] load build context
#4 DONE 0.0s

#5 [build  1/27] FROM docker.io/library/alpine:3.16.3@sha256:b95359c2505145f16c6aa384f9cc74eeff78eb36d308ca4fd902eeeb0a0b161b
#5 resolve docker.io/library/alpine:3.16.3@sha256:b95359c2505145f16c6aa384f9cc74eeff78eb36d308ca4fd902eeeb0a0b161b
#5 resolve docker.io/library/alpine:3.16.3@sha256:b95359c2505145f16c6aa384f9cc74eeff78eb36d308ca4fd902eeeb0a0b161b 0.2s done
#5 sha256:b95359c2505145f16c6aa384f9cc74eeff78eb36d308ca4fd902eeeb0a0b161b 1.64kB / 1.64kB done
#5 sha256:3d426b0bfc361d6e8303f51459f17782b219dece42a1c7fe463b6014b189c86d 528B / 528B done
#5 sha256:bfe296a525011f7eb76075d688c681ca4feaad5afe3b142b36e30f1a171dc99a 1.47kB / 1.47kB done
#5 ...

#4 [internal] load build context
#4 transferring context: 2.72kB done
#4 DONE 0.3s

#5 [build  1/27] FROM docker.io/library/alpine:3.16.3@sha256:b95359c2505145f16c6aa384f9cc74eeff78eb36d308ca4fd902eeeb0a0b161b
#5 sha256:ca7dd9ec2225f2385955c43b2379305acd51543c28cf1d4e94522b3d94cce3ce 0B / 2.81MB 0.2s
#5 sha256:ca7dd9ec2225f2385955c43b2379305acd51543c28cf1d4e94522b3d94cce3ce 2.81MB / 2.81MB 0.3s
#5 sha256:ca7dd9ec2225f2385955c43b2379305acd51543c28cf1d4e94522b3d94cce3ce 2.81MB / 2.81MB 0.4s done
#5 extracting sha256:ca7dd9ec2225f2385955c43b2379305acd51543c28cf1d4e94522b3d94cce3ce
#5 extracting sha256:ca7dd9ec2225f2385955c43b2379305acd51543c28cf1d4e94522b3d94cce3ce 0.7s done
#5 DONE 1.7s

#6 [build  2/27] WORKDIR /root
#6 DONE 0.5s

#7 [build  3/27] RUN apk update
#7 1.602 fetch https://dl-cdn.alpinelinux.org/alpine/v3.16/main/x86_64/APKINDEX.tar.gz
#7 2.061 fetch https://dl-cdn.alpinelinux.org/alpine/v3.16/community/x86_64/APKINDEX.tar.gz
#7 2.697 v3.16.9-124-g7ebe731c813 [https://dl-cdn.alpinelinux.org/alpine/v3.16/main]
#7 2.697 v3.16.9-125-gec300a94000 [https://dl-cdn.alpinelinux.org/alpine/v3.16/community]
#7 2.697 OK: 17048 distinct packages available
#7 DONE 3.1s

#8 [build  4/27] RUN apk add gcc musl-dev gfortran g++ zlib-dev bzip2-dev xz-dev pcre-dev     pcre2-dev curl-dev make perl readline-dev libcurl
#8 2.382 (1/52) Upgrading musl (1.2.3-r1 -> 1.2.3-r3)
#8 2.514 (2/52) Upgrading libcrypto1.1 (1.1.1s-r0 -> 1.1.1w-r1)
#8 2.602 (3/52) Upgrading libssl1.1 (1.1.1s-r0 -> 1.1.1w-r1)
#8 2.624 (4/52) Installing libbz2 (1.0.8-r1)
#8 2.640 (5/52) Installing bzip2-dev (1.0.8-r1)
#8 2.653 (6/52) Installing pkgconf (1.8.1-r0)
#8 2.662 (7/52) Installing openssl-dev (1.1.1w-r1)
#8 2.743 (8/52) Installing nghttp2-libs (1.47.0-r2)
#8 2.762 (9/52) Installing nghttp2-dev (1.47.0-r2)
#8 2.777 (10/52) Installing zlib-dev (1.2.12-r3)
#8 2.790 (11/52) Installing brotli-libs (1.0.9-r6)
#8 2.815 (12/52) Installing brotli-dev (1.0.9-r6)
#8 2.828 (13/52) Installing ca-certificates (20240226-r0)
#8 2.883 (14/52) Installing libcurl (8.5.0-r0)
#8 2.914 (15/52) Installing curl-dev (8.5.0-r0)
#8 2.942 (16/52) Installing libgcc (11.2.1_git20220219-r2)
#8 2.960 (17/52) Installing libstdc++ (11.2.1_git20220219-r2)
#8 2.995 (18/52) Installing binutils (2.38-r3)
#8 3.340 (19/52) Installing libgomp (11.2.1_git20220219-r2)
#8 3.351 (20/52) Installing libatomic (11.2.1_git20220219-r2)
#8 3.361 (21/52) Installing gmp (6.2.1-r2)
#8 3.375 (22/52) Installing isl22 (0.22-r0)
#8 3.436 (23/52) Installing mpfr4 (4.1.0-r0)
#8 3.519 (24/52) Installing mpc1 (1.2.1-r0)
#8 3.535 (25/52) Installing gcc (11.2.1_git20220219-r2)
#8 6.239 (26/52) Installing musl-dev (1.2.3-r3)
#8 6.508 (27/52) Installing libc-dev (0.7.2-r3)
#8 6.511 (28/52) Installing g++ (11.2.1_git20220219-r2)
#8 8.013 (29/52) Installing libquadmath (11.2.1_git20220219-r2)
#8 8.025 (30/52) Installing libgfortran (11.2.1_git20220219-r2)
#8 8.092 (31/52) Installing gfortran (11.2.1_git20220219-r2)
#8 8.876 (32/52) Installing make (4.3-r0)
#8 8.886 (33/52) Installing libpcre16 (8.45-r2)
#8 8.899 (34/52) Installing libpcre32 (8.45-r2)
#8 8.913 (35/52) Installing pcre (8.45-r2)
#8 8.928 (36/52) Installing libpcrecpp (8.45-r2)
#8 8.937 (37/52) Installing pcre-dev (8.45-r2)
#8 8.993 (38/52) Installing ncurses-terminfo-base (6.3_p20220521-r1)
#8 9.041 (39/52) Installing ncurses-libs (6.3_p20220521-r1)
#8 9.059 (40/52) Installing ncurses-dev (6.3_p20220521-r1)
#8 9.088 (41/52) Installing libedit (20210910.3.1-r0)
#8 9.119 (42/52) Installing libedit-dev (20210910.3.1-r0)
#8 9.129 (43/52) Installing libpcre2-16 (10.42-r0)
#8 9.147 (44/52) Installing libpcre2-32 (10.42-r0)
#8 9.160 (45/52) Installing pcre2 (10.42-r0)
#8 9.179 (46/52) Installing pcre2-dev (10.42-r0)
#8 9.232 (47/52) Installing perl (5.34.2-r0)
#8 10.30 (48/52) Installing libhistory (8.1.2-r0)
#8 10.30 (49/52) Installing readline (8.1.2-r0)
#8 10.32 (50/52) Installing readline-dev (8.1.2-r0)
#8 10.36 (51/52) Installing xz-libs (5.2.5-r1)
#8 10.37 (52/52) Installing xz-dev (5.2.5-r1)
#8 10.41 Executing busybox-1.35.0-r17.trigger
#8 10.44 Executing ca-certificates-20240226-r0.trigger
#8 10.64 OK: 263 MiB in 63 packages
#8 DONE 17.4s

#9 [build  5/27] RUN if [[ "$R_VERSION" == "devel" ]]; then                                           wget https://cran.r-project.org/src/base-prerelease/R-devel.tar.gz;      elif [[ "$R_VERSION" == "next" ]]; then                                          wget https://cran.rstudio.com/src/base-prerelease/R-latest.tar.gz -O R-next.tar.gz;     else                                                                             wget https://cran.rstudio.com/src/base/R-${R_VERSION%%.*}/R-${R_VERSION}.tar.gz;     fi
#9 1.642 Connecting to cran.rstudio.com (18.172.185.21:443)
#9 1.798 saving to 'R-4.2.2.tar.gz'
#9 2.244 R-4.2.2.tar.gz        82% |**************************      | 26.8M  0:00:00 ETA
#9 2.313 R-4.2.2.tar.gz       100% |********************************| 32.4M  0:00:00 ETA
#9 2.819 'R-4.2.2.tar.gz' saved
#9 DONE 3.1s

#10 [build  6/27] RUN tar xzf R-4.2.2.tar.gz
#10 DONE 11.4s

#11 [build  7/27] RUN if [[ -e R-patched ]]; then	mv R-patched R-next; fi
#11 DONE 1.9s

#12 [build  8/27] RUN if [[ -e R-beta ]]; then mv R-beta R-next; fi
#12 DONE 2.3s

#13 [build  9/27] RUN if [[ -e R-alpha ]]; then mv R-alpha R-next; fi
#13 DONE 1.7s

#14 [build 10/27] RUN if [[ -e R-rc ]]; then mv R-rc R-next; fi
#14 DONE 2.1s

#15 [build 11/27] RUN if [[ -e R-prerelease ]]; then mv R-prerelease R-next; fi
#15 DONE 1.9s

#16 [build 12/27] RUN if [[ -e R-pre ]]; then mv R-pre R-next; fi
#16 DONE 2.3s

#17 [build 13/27] RUN if echo 4.2.2 | grep -q "^3[.][45][.]"; then                               echo "export CFLAGS='-D__MUSL__ -fcommon'" >> R-4.2.2/FLAGS;            echo "export FFLAGS=-fallow-argument-mismatch" >> R-4.2.2/FLAGS;     else                                                                              echo "export CFLAGS=-D__MUSL__" >> R-4.2.2/FLAGS;                    fi
#17 DONE 2.0s

#18 [build 14/27] RUN cd R-4.2.2 &&                                                     . FLAGS &&                                                               CXXFLAGS=-D__MUSL__  ./configure                                             --with-recommended-packages=no                                           --with-readline=yes --with-x=no --enable-java=no                         --enable-R-shlib                                                         --disable-openmp --with-internal-tzcode
#18 2.826 checking build system type... x86_64-pc-linux-musl
#18 3.338 checking host system type... x86_64-pc-linux-musl
#18 3.338 loading site script './config.site'
#18 3.339 loading build-specific script './config.site'
#18 3.340 checking for pwd... /bin/pwd
#18 3.341 checking whether builddir is srcdir... yes
#18 3.372 checking whether ln -s works... yes
#18 3.372 checking for ar... ar
#18 3.373 checking for a BSD-compatible install... /usr/bin/install -c
#18 4.112 checking for sed... /bin/sed
#18 4.112 checking for which... /usr/bin/which
#18 4.112 checking for less... /usr/bin/less
#18 4.113 checking for gtar... no
#18 4.113 checking for gnutar... no
#18 4.114 checking for tar... /bin/tar
#18 4.114 checking for tex... no
#18 4.114 checking for pdftex... no
#18 4.115 checking for pdflatex... no
#18 4.115 configure: WARNING: you cannot build PDF versions of the R manuals
#18 4.115 checking for makeindex... no
#18 4.116 checking for texi2any... no
#18 4.116 configure: WARNING: you cannot build PDF versions of vignettes and help pages
#18 4.136 checking for texi2dvi... no
#18 4.138 checking for kpsewhich... no
#18 4.138 checking for latex inconsolata package... checking for unzip... /usr/bin/unzip
#18 4.138 configure: WARNING: you cannot build info or HTML versions of the R manuals
#18 4.138 checking for zip... no
#18 4.139 checking for gzip... /bin/gzip
#18 4.139 checking for bzip2... /usr/bin/bzip2
#18 4.140 checking for firefox... no
#18 4.140 checking for mozilla... no
#18 4.140 checking for galeon... no
#18 4.141 checking for opera... no
#18 4.141 checking for xdg-open... no
#18 4.141 checking for kfmclient... no
#18 4.141 checking for gnome-moz-remote... no
#18 4.142 checking for open... no
#18 4.142 checking for acroread... configure: WARNING: I could not determine a browser
#18 4.143 no
#18 4.143 checking for acroread4... no
#18 4.143 checking for xdg-open... no
#18 4.143 checking for evince... no
#18 4.163 checking for xpdf... no
#18 4.163 checking for gv... no
#18 4.163 checking for gnome-gv... no
#18 4.163 checking for ggv... no
#18 4.164 checking for okular... no
#18 4.164 checking for kpdf... no
#18 4.164 checking for open... configure: WARNING: I could not determine a PDF viewer
#18 4.166 no
#18 4.166 checking for gpdf... no
#18 4.166 checking for kghostview... no
#18 4.166 checking for working aclocal... missing
#18 4.185 checking for working autoconf... missing
#18 4.196 checking for working autoheader... missing
#18 4.213 checking for bison... no
#18 4.213 checking for byacc... no
#18 4.213 checking for yacc... no
#18 4.214 checking for notangle... false
#18 4.214 checking for realpath... /usr/bin/realpath
#18 4.214 checking for pkg-config... /usr/bin/pkg-config
#18 4.216 checking for gcc... gcc
#18 4.574 checking whether the C compiler works... yes
#18 4.893 checking for C compiler default output file name... a.out
#18 4.895 checking for suffix of executables... 
#18 5.204 checking whether we are cross compiling... no
#18 5.527 checking for suffix of object files... o
#18 5.667 checking whether the compiler supports GNU C... yes
#18 5.741 checking whether gcc accepts -g... yes
#18 5.901 checking for gcc option to enable C11 features... none needed
#18 6.223 checking how to run the C preprocessor... gcc -E
#18 6.826 checking for grep that handles long lines and -e... /bin/grep
#18 7.638 checking for egrep... /bin/grep -E
#18 7.651 checking whether gcc needs -traditional... no
#18 7.845 checking for stdio.h... yes
#18 7.986 checking for stdlib.h... yes
#18 8.159 checking for string.h... yes
#18 8.374 checking for inttypes.h... yes
#18 8.577 checking for stdint.h... yes
#18 8.780 checking for strings.h... yes
#18 8.944 checking for sys/stat.h... yes
#18 9.042 checking for sys/types.h... yes
#18 9.284 checking for unistd.h... yes
#18 9.508 checking for wchar.h... yes
#18 9.594 checking for minix/config.h... no
#18 9.647 checking for sys/time.h... yes
#18 9.831 checking for sys/param.h... yes
#18 10.08 checking whether it is safe to define __EXTENSIONS__... yes
#18 10.29 checking whether _XOPEN_SOURCE should be defined... no
#18 10.56 checking how to run the C preprocessor... gcc -E
#18 10.98 looking for a modern Fortran compiler
#18 10.98 checking for gfortran... gfortran
#18 11.26 checking whether the compiler supports GNU Fortran... yes
#18 11.39 checking whether gfortran accepts -g... yes
#18 11.59 checking for g++... g++
#18 11.85 checking whether the compiler supports GNU C++... yes
#18 12.07 checking whether g++ accepts -g... yes
#18 12.23 checking for g++ option to enable C++11 features... none needed
#18 12.79 checking whether g++ -D__MUSL__ can compile C++ code... yes
#18 13.92 checking how to run the C++ preprocessor... g++ -E
#18 14.55 checking whether __attribute__((visibility())) is supported... yes
#18 14.72 checking whether gcc accepts -fvisibility... yes
#18 14.92 checking whether g++ accepts -fvisibility... yes
#18 15.12 checking whether gfortran accepts -fvisibility... yes
#18 15.36 checking for gcc... gcc
#18 15.58 checking whether the compiler supports GNU Objective C... no
#18 15.70 checking whether gcc accepts -g... no
#18 16.29 checking whether g++ can compile ObjC++... no
#18 16.33 checking whether  can compile ObjC++... no
#18 16.36 checking for Objective C++ compiler... no working ObjC++ compiler found
#18 16.37 checking how to print strings... printf
#18 16.39 checking for a sed that does not truncate output... (cached) /bin/sed
#18 16.40 checking for fgrep... /bin/grep -F
#18 16.42 checking for ld used by gcc... /usr/x86_64-alpine-linux-musl/bin/ld
#18 16.52 checking if the linker (/usr/x86_64-alpine-linux-musl/bin/ld) is GNU ld... yes
#18 16.54 checking for BSD- or MS-compatible name lister (nm)... /usr/bin/nm -B
#18 16.54 checking the name lister (/usr/bin/nm -B) interface... BSD nm
#18 16.74 checking the maximum length of command line arguments... 98304
#18 16.83 checking how to convert x86_64-pc-linux-musl file names to x86_64-pc-linux-musl format... func_convert_file_noop
#18 16.83 checking how to convert x86_64-pc-linux-musl file names to toolchain format... func_convert_file_noop
#18 16.83 checking for /usr/x86_64-alpine-linux-musl/bin/ld option to reload object files... -r
#18 16.83 checking for objdump... objdump
#18 16.83 checking how to recognize dependent libraries... pass_all
#18 16.83 checking for dlltool... no
#18 16.83 checking how to associate runtime and link libraries... printf %s\n
#18 16.83 checking for archiver @FILE support... @
#18 17.20 checking for strip... strip
#18 17.20 checking for ranlib... ranlib
#18 17.20 checking for gawk... no
#18 17.20 checking for mawk... no
#18 17.20 checking for nawk... no
#18 17.20 checking for awk... awk
#18 17.20 checking command to parse /usr/bin/nm -B output from gcc object... ok
#18 17.78 checking for sysroot... no
#18 17.78 checking for a working dd... /bin/dd
#18 17.86 checking how to truncate binary pipes... /bin/dd bs=4096 count=1
#18 18.00 ./configure: line 12156: /usr/bin/file: not found
#18 18.02 checking for mt... no
#18 18.02 checking if : is a manifest tool... no
#18 18.08 checking for dlfcn.h... yes
#18 18.33 checking for objdir... .libs
#18 18.85 checking if gcc supports -fno-rtti -fno-exceptions... no
#18 19.13 checking for gcc option to produce PIC... -fPIC -DPIC
#18 19.13 checking if gcc PIC flag -fPIC -DPIC works... yes
#18 19.39 checking if gcc static flag -static works... yes
#18 19.66 checking if gcc supports -c -o file.o... yes
#18 20.00 checking if gcc supports -c -o file.o... (cached) yes
#18 20.00 checking whether the gcc linker (/usr/x86_64-alpine-linux-musl/bin/ld) supports shared libraries... yes
#18 20.14 checking whether -lc should be explicitly linked in... no
#18 20.46 checking dynamic linker characteristics... GNU/Linux ld.so
#18 20.83 checking how to hardcode library paths into programs... immediate
#18 20.83 checking whether stripping libraries is possible... yes
#18 20.85 checking if libtool supports shared libraries... yes
#18 20.85 checking whether to build shared libraries... yes
#18 20.85 checking whether to build static libraries... no
#18 20.88 checking how to run the C++ preprocessor... g++ -E
#18 21.80 checking for ld used by g++... /usr/x86_64-alpine-linux-musl/bin/ld
#18 22.05 checking if the linker (/usr/x86_64-alpine-linux-musl/bin/ld) is GNU ld... yes
#18 22.13 checking whether the g++ linker (/usr/x86_64-alpine-linux-musl/bin/ld) supports shared libraries... yes
#18 22.74 checking for g++ option to produce PIC... -fPIC -DPIC
#18 22.74 checking if g++ PIC flag -fPIC -DPIC works... yes
#18 23.01 checking if g++ static flag -static works... yes
#18 23.33 checking if g++ supports -c -o file.o... yes
#18 23.63 checking if g++ supports -c -o file.o... (cached) yes
#18 23.63 checking whether the g++ linker (/usr/x86_64-alpine-linux-musl/bin/ld) supports shared libraries... yes
#18 23.63 checking dynamic linker characteristics... (cached) GNU/Linux ld.so
#18 23.63 checking how to hardcode library paths into programs... immediate
#18 24.30 checking if libtool supports shared libraries... yes
#18 24.30 checking whether to build shared libraries... yes
#18 24.30 checking whether to build static libraries... no
#18 25.13 checking for gfortran option to produce PIC... -fPIC
#18 25.13 checking if gfortran PIC flag -fPIC works... yes
#18 25.45 checking if gfortran static flag -static works... yes
#18 26.03 checking if gfortran supports -c -o file.o... yes
#18 26.54 checking if gfortran supports -c -o file.o... (cached) yes
#18 26.54 checking whether the gfortran linker (/usr/x86_64-alpine-linux-musl/bin/ld) supports shared libraries... yes
#18 26.68 checking dynamic linker characteristics... (cached) GNU/Linux ld.so
#18 26.68 checking how to hardcode library paths into programs... immediate
#18 26.70 checking for cos in -lm... yes
#18 27.07 checking for sin in -lm... yes
#18 27.50 checking for dlopen in -ldl... yes
#18 27.87 checking for readline/history.h... yes
#18 28.11 checking for readline/readline.h... yes
#18 28.36 checking for rl_callback_read_char in -lreadline... yes
#18 28.71 checking for history_truncate_file... yes
#18 29.02 checking for tilde_expand_word... yes
#18 29.31 checking whether rl_completion_matches exists and is declared... yes
#18 29.82 checking whether rl_resize_terminal exists and is declared... yes
#18 30.29 checking whether rl_sort_completion_matches exists and is declared... yes
#18 30.90 checking for dirent.h that defines DIR... yes
#18 31.17 checking for library containing opendir... none required
#18 31.43 checking for sys/wait.h that is POSIX.1 compatible... yes
#18 31.70 checking for dlfcn.h... (cached) yes
#18 31.70 checking for fcntl.h... yes
#18 31.94 checking for glob.h... yes
#18 32.18 checking for grp.h... yes
#18 32.32 checking for pwd.h... yes
#18 32.57 checking for sched.h... yes
#18 32.74 checking for strings.h... (cached) yes
#18 32.74 checking for sys/resource.h... yes
#18 32.96 checking for sys/select.h... yes
#18 33.19 checking for sys/socket.h... yes
#18 33.46 checking for sys/stat.h... (cached) yes
#18 33.46 checking for sys/time.h... (cached) yes
#18 33.46 checking for sys/times.h... yes
#18 33.64 checking for sys/utsname.h... yes
#18 33.80 checking for unistd.h... (cached) yes
#18 33.80 checking for utime.h... yes
#18 34.06 checking for arpa/inet.h... yes
#18 34.32 checking for elf.h... yes
#18 34.60 checking for features.h... yes
#18 34.83 checking for floatingpoint.h... no
#18 35.12 checking for langinfo.h... yes
#18 35.29 checking for netdb.h... yes
#18 35.50 checking for netinet/in.h... yes
#18 35.67 checking for sys/param.h... (cached) yes
#18 35.67 checking for stdalign.h... yes
#18 35.93 checking for errno.h... yes
#18 36.14 checking for inttypes.h... (cached) yes
#18 36.14 checking for limits.h... yes
#18 36.38 checking for locale.h... yes
#18 36.61 checking for stdarg.h... yes
#18 36.81 checking for stdbool.h... yes
#18 37.09 checking for stdint.h... (cached) yes
#18 37.09 checking for string.h... (cached) yes
#18 37.09 checking for gcc options needed to detect all undeclared functions... none needed
#18 37.54 checking whether setjmp.h is POSIX.1 compatible... yes
#18 37.71 checking whether sigsetjmp is declared... yes
#18 37.98 checking whether siglongjmp is declared... yes
#18 38.21 checking for GNU C library with version >= 2... no
#18 38.35 checking for uint64_t... yes
#18 38.57 checking for int64_t... yes
#18 39.13 checking for int_fast64_t... yes
#18 39.70 checking for pid_t... yes
#18 40.27 checking for size_t... yes
#18 40.76 checking whether SIZE_MAX is declared... yes
#18 41.15 checking for blkcnt_t... yes
#18 41.60 checking for type of socket length... socklen_t *
#18 41.78 checking for stack_t... yes
#18 42.21 checking for intptr_t... yes
#18 42.62 checking for uintptr_t... yes
#18 43.02 checking whether byte ordering is bigendian... no
#18 43.44 checking for an ANSI C-conforming const... yes
#18 43.62 checking for inline... inline
#18 43.74 checking size of int... 4
#18 44.08 checking size of long... 8
#18 44.42 checking size of long long... 8
#18 44.82 checking size of double... 8
#18 45.19 checking size of size_t... 8
#18 45.66 checking for C stack direction... down
#18 45.91 checking size of long double... 16
#18 46.39 checking whether we can compute C Make dependencies... yes, using $(CC) -MM
#18 46.51 checking whether gcc supports -c -o FILE.lo... yes
#18 46.78 checking how to get verbose linking output from gfortran... -v
#18 47.42 checking for Fortran libraries of gfortran...  -L/usr/local/lib -L/usr/lib/gcc/x86_64-alpine-linux-musl/11.2.1 -L/usr/lib/gcc/x86_64-alpine-linux-musl/11.2.1/../../../../x86_64-alpine-linux-musl/lib/../lib -L/usr/lib/gcc/x86_64-alpine-linux-musl/11.2.1/../../../../lib -L/lib/../lib -L/usr/lib/../lib -L/usr/lib/gcc/x86_64-alpine-linux-musl/11.2.1/../../../../x86_64-alpine-linux-musl/lib -L/usr/lib/gcc/x86_64-alpine-linux-musl/11.2.1/../../.. -lgfortran -lm -lssp_nonshared -lquadmath
#18 47.83 checking how to get verbose linking output from gcc... -v
#18 48.37 checking for C libraries of gcc...  -L/usr/local/lib -L/usr/lib/gcc/x86_64-alpine-linux-musl/11.2.1 -L/usr/lib/gcc/x86_64-alpine-linux-musl/11.2.1/../../../../x86_64-alpine-linux-musl/lib/../lib -L/usr/lib/gcc/x86_64-alpine-linux-musl/11.2.1/../../../../lib -L/lib/../lib -L/usr/lib/../lib -L/usr/lib/gcc/x86_64-alpine-linux-musl/11.2.1/../../../../x86_64-alpine-linux-musl/lib -L/usr/lib/gcc/x86_64-alpine-linux-musl/11.2.1/../../.. -lssp_nonshared -lgcc_s
#18 49.49 checking for dummy main to link with Fortran libraries... none
#18 49.87 checking for Fortran name-mangling scheme... lower case, underscore, no extra underscore
#18 51.15 checking whether gfortran appends underscores to external names... yes
#18 51.15 checking whether gfortran appends extra underscores to external names... no
#18 51.15 checking whether mixed C/Fortran code can be run... yes
#18 51.75 checking whether gfortran and gcc agree on int and double... yes
#18 52.30 checking whether gfortran and gcc agree on double complex... yes
#18 52.89 checking whether g++ accepts -M for generating dependencies... yes
#18 53.13 checking whether we can compute ObjC Make dependencies... no
#18 53.25 checking if need -fno-optimize-sibling-calls for gfortran... yes
#18 53.35 checking for type of 'hidden' Fortran character lengths... size_t
#18 54.14 checking for xmkmf... no
#18 54.18 checking whether g++  supports C++11 features with -std=gnu++11... yes
#18 54.60 checking whether g++  supports C++14 features with -std=gnu++14... yes
#18 54.94 checking whether g++  supports C++17 features with -std=gnu++17... yes
#18 55.72 checking whether g++  supports C++20 features with -std=gnu++20... yes
#18 56.47 checking for option providing pthread_kill... none required
#18 56.78 checking whether POSIX threads are supported... yes
#18 56.78 checking for off_t... yes
#18 57.35 checking for working alloca.h... yes
#18 57.57 checking for alloca... yes
#18 57.62 checking whether alloca is declared... yes
#18 57.85 checking whether expm1 exists and is declared... yes
#18 58.29 checking whether hypot exists and is declared... yes
#18 58.72 checking whether log1p exists and is declared... yes
#18 59.08 checking whether log1pl exists and is declared... yes
#18 59.48 checking whether log2 exists and is declared... yes
#18 59.97 checking whether log10 exists and is declared... yes
#18 60.40 checking whether nearbyint exists and is declared... yes
#18 60.81 checking whether nearbyintl exists and is declared... yes
#18 61.26 checking whether powl exists and is declared... yes
#18 61.73 checking whether rintl exists and is declared... yes
#18 62.16 checking whether va_copy exists and is declared... yes
#18 62.52 checking for isblank... yes
#18 62.85 checking for sunmath.h... no
#18 63.11 checking for cospi in -lsunmath... no
#18 63.49 checking for atanpi... no
#18 63.89 checking for atan2pi... no
#18 64.29 checking for cospi... no
#18 64.73 checking for exp10... yes
#18 65.20 checking for pown... no
#18 65.58 checking for sinpi... no
#18 65.95 checking for tanpi... no
#18 66.38 checking for __cospi... no
#18 66.87 checking for __sinpi... no
#18 67.22 checking for __tanpi... no
#18 67.59 checking for fseeko... yes
#18 67.88 checking for ftello... yes
#18 68.19 checking for matherr... no
#18 68.60 checking whether fcntl exists and is declared... yes
#18 68.99 checking whether getgrgid exists and is declared... yes
#18 69.40 checking whether getpwnam exists and is declared... yes
#18 69.76 checking whether getpwuid exists and is declared... yes
#18 70.15 checking whether kill exists and is declared... yes
#18 70.60 checking whether sigaction exists and is declared... yes
#18 70.86 checking whether sigaltstack exists and is declared... yes
#18 71.28 checking whether sigemptyset exists and is declared... yes
#18 71.60 checking whether fdopen exists and is declared... yes
#18 71.95 checking whether popen exists and is declared... yes
#18 72.28 checking whether getline exists and is declared... yes
#18 72.69 checking whether select exists and is declared... yes
#18 72.98 checking whether setenv exists and is declared... yes
#18 73.33 checking whether unsetenv exists and is declared... yes
#18 73.75 checking whether getrlimit exists and is declared... yes
#18 74.20 checking whether setrlimit exists and is declared... yes
#18 74.52 checking whether getrusage exists and is declared... yes
#18 74.93 checking whether getpriority exists and is declared... yes
#18 75.29 checking whether chmod exists and is declared... yes
#18 75.74 checking whether mkfifo exists and is declared... yes
#18 76.15 checking whether stat exists and is declared... yes
#18 76.49 checking whether umask exists and is declared... yes
#18 76.73 checking whether gettimeofday exists and is declared... yes
#18 77.08 checking whether utimes exists and is declared... yes
#18 77.55 checking whether times exists and is declared... yes
#18 77.86 checking whether gmtime_r exists and is declared... yes
#18 78.24 checking whether localtime_r exists and is declared... yes
#18 78.66 checking whether nl_langinfo exists and is declared... yes
#18 79.04 checking whether access exists and is declared... yes
#18 79.46 checking whether chdir exists and is declared... yes
#18 79.82 checking whether execv exists and is declared... yes
#18 80.26 checking whether ftruncate exists and is declared... yes
#18 80.59 checking whether getcwd exists and is declared... yes
#18 80.99 checking whether geteuid exists and is declared... yes
#18 81.39 checking whether getuid exists and is declared... yes
#18 81.79 checking whether link exists and is declared... yes
#18 82.21 checking whether readlink exists and is declared... yes
#18 82.66 checking whether symlink exists and is declared... yes
#18 82.89 checking whether sysconf exists and is declared... yes
#18 83.26 checking whether sched_setaffinity exists and is declared... yes
#18 83.67 checking whether sched_getaffinity exists and is declared... yes
#18 84.01 checking whether utime exists and is declared... yes
#18 84.34 checking whether utimensat exists and is declared... yes
#18 84.71 checking for clock_gettime in -lrt... yes
#18 85.01 checking whether clock_gettime exists and is declared... yes
#18 85.43 checking whether timespec_get exists and is declared... yes
#18 85.86 checking for putenv... yes
#18 86.22 checking whether putenv is declared... yes
#18 86.43 checking for vasprintf... yes
#18 86.72 checking whether vasprintf is declared... yes
#18 86.91 checking for mempcpy... yes
#18 87.20 checking for realpath... yes
#18 87.51 checking whether realpath is declared... yes
#18 87.84 checking whether glob exists and is declared... yes
#18 88.10 checking for dladdr... yes
#18 88.32 checking for dlsym... yes
#18 88.63 checking whether dladdr is declared... yes
#18 88.87 checking whether dlsym is declared... yes
#18 89.08 checking whether RTLD_DEFAULT is declared... yes
#18 89.37 checking whether RTLD_NEXT is declared... yes
#18 89.47 checking for thread.h... no
#18 89.80 checking whether thr_stksegment exists and is declared... no
#18 90.02 checking for isnan... no
#18 90.44 checking whether isfinite is declared... yes
#18 90.68 checking whether isnan is declared... yes
#18 90.99 checking whether you have IEEE 754 floating-point arithmetic... yes
#18 91.00 checking whether putenv("FOO") can unset an environment variable... yes
#18 91.33 checking whether putenv("FOO=") can unset an environment variable... no
#18 91.73 checking for nl_langinfo and CODESET... yes
#18 92.04 checking for mkdtemp... yes
#18 92.36 checking for strdup... yes
#18 92.74 checking for strncasecmp... yes
#18 93.16 checking whether mkdtemp is declared... yes
#18 93.45 checking whether strdup is declared... yes
#18 93.75 checking whether strncasecmp is declared... yes
#18 94.07 checking for library containing connect... none required
#18 94.36 checking for library containing gethostbyname... none required
#18 94.71 checking for library containing xdr_string... no
#18 95.72 checking for working calloc... yes
#18 96.07 checking for working isfinite... yes
#18 96.49 checking for working log1p... yes
#18 96.85 checking whether ftell works correctly on files opened for append... no
#18 97.21 checking for working sigaction... yes
#18 97.51 checking for complex.h... yes
#18 97.72 checking for double complex... yes
#18 98.06 checking whether C99 double complex is supported... yes
#18 98.08 checking whether cabs exists and is declared... yes
#18 98.41 checking whether carg exists and is declared... yes
#18 98.68 checking whether cexp exists and is declared... yes
#18 99.07 checking whether clog exists and is declared... yes
#18 99.42 checking whether csqrt exists and is declared... yes
#18 99.84 checking whether cpow exists and is declared... yes
#18 100.2 checking whether ccos exists and is declared... yes
#18 100.6 checking whether csin exists and is declared... yes
#18 101.0 checking whether ctan exists and is declared... yes
#18 101.4 checking whether cacos exists and is declared... yes
#18 101.7 checking whether casin exists and is declared... yes
#18 102.1 checking whether catan exists and is declared... yes
#18 102.5 checking whether ccosh exists and is declared... yes
#18 102.9 checking whether csinh exists and is declared... yes
#18 103.3 checking whether ctanh exists and is declared... yes
#18 103.6 checking for working ctanh... yes
#18 103.9 checking whether 'struct tm' includes tm_zone... yes
#18 104.1 checking whether 'struct tm' includes tm_gmtoff... yes
#18 104.3 checking for iconv.h... yes
#18 104.5 checking for iconv... yes
#18 104.9 checking whether iconv accepts "UTF-8", "latin1", "ASCII" and "UCS-*"... yes
#18 105.3 checking whether iconv accepts "CP1252"... yes
#18 105.6 checking for iconvlist... no
#18 106.0 checking for iconv... yes
#18 106.3 checking for iconv declaration... 
#18 106.6          extern size_t iconv (iconv_t cd, char * *inbuf, size_t *inbytesleft, char * *outbuf, size_t *outbytesleft);
#18 106.6 checking for wchar.h... (cached) yes
#18 106.6 checking for wctype.h... yes
#18 106.9 checking whether mbrtowc exists and is declared... yes
#18 107.3 checking whether wcrtomb exists and is declared... yes
#18 107.7 checking whether wcscoll exists and is declared... yes
#18 108.1 checking whether wcsftime exists and is declared... yes
#18 108.5 checking whether wcstod exists and is declared... yes
#18 108.9 checking whether mbstowcs exists and is declared... yes
#18 109.3 checking whether wcstombs exists and is declared... yes
#18 109.7 checking whether wctrans exists and is declared... yes
#18 110.0 checking whether wctype exists and is declared... yes
#18 110.5 checking whether iswctype exists and is declared... yes
#18 111.0 checking whether wcwidth exists and is declared... yes
#18 111.3 checking whether wcswidth exists and is declared... yes
#18 111.6 checking for wctrans_t... yes
#18 112.0 checking for mbstate_t... yes
#18 112.5 checking for ICU... no
#18 112.6 checking for X... disabled
#18 112.6 using X11 ... no
#18 112.6 checking whether pkg-config knows about cairo and pango... no
#18 112.6 checking whether pkg-config knows about cairo... no
#18 112.7 checking for tclConfig.sh... no
#18 112.7 checking for tclConfig.sh in library (sub)directories... no
#18 112.8 checking for tkConfig.sh... no
#18 112.8 checking for tkConfig.sh in library (sub)directories... no
#18 113.0 checking for tcl.h... no
#18 113.2 checking for BSD networking... yes
#18 113.2 checking for rpc/types.h... no
#18 113.4 checking for tirpc/rpc/types.h... no
#18 113.7 checking for XDR support... no
#18 113.7 checking for inflateInit2_ in -lz... yes
#18 114.0 checking for zlib.h... yes
#18 114.2 checking if zlib version >= 1.2.5... yes
#18 114.6 checking whether zlib support suffices... yes
#18 114.6 checking for BZ2_bzlibVersion in -lbz2... yes
#18 114.9 checking for bzlib.h... yes
#18 115.2 checking if bzip2 version >= 1.0.6... yes
#18 115.5 checking whether bzip2 support suffices... yes
#18 115.5 checking for lzma_version_number in -llzma... yes
#18 115.8 checking for lzma.h... yes
#18 116.0 checking if lzma version >= 5.0.3... yes
#18 116.5 checking for pcre2.h... yes
#18 116.8 checking for pcre2_compile_8 in -lpcre2-8... yes
#18 117.2 checking if PCRE2 has Unicode support... yes
#18 117.9 checking whether PCRE support suffices... yes
#18 117.9 checking for curl-config... /usr/bin/curl-config
#18 117.9 checking libcurl version ... 8.5.0
#18 117.9 checking for curl/curl.h... yes
#18 118.3 checking if libcurl is version 7 and >= 7.28.0... configure: error: libcurl >= 7.28.0 library and headers are required with support for https
#18 118.8 no
#18 ERROR: process "/bin/sh -c cd R-${R_VERSION} &&                                                     . FLAGS &&                                                               CXXFLAGS=-D__MUSL__  ./configure                                             --with-recommended-packages=no                                           --with-readline=yes --with-x=no --enable-java=no                         --enable-R-shlib                                                         --disable-openmp --with-internal-tzcode" did not complete successfully: exit code: 1
------
 > [build 14/27] RUN cd R-4.2.2 &&                                                     . FLAGS &&                                                               CXXFLAGS=-D__MUSL__  ./configure                                             --with-recommended-packages=no                                           --with-readline=yes --with-x=no --enable-java=no                         --enable-R-shlib                                                         --disable-openmp --with-internal-tzcode:
yes
yes
yes
yes
yes
yes
yes
yes
configure: error: libcurl >= 7.28.0 library and headers are required with support for https
118.8 no
------
v1_Dockerfile:42
--------------------
  41 |     
  42 | >>> RUN cd R-${R_VERSION} &&                                                 \
  43 | >>>     . FLAGS &&                                                           \
  44 | >>>     CXXFLAGS=-D__MUSL__  ./configure                                     \
  45 | >>>         --with-recommended-packages=no                                   \
  46 | >>>         --with-readline=yes --with-x=no --enable-java=no                 \
  47 | >>>         --enable-R-shlib                                                 \
  48 | >>>         --disable-openmp --with-internal-tzcode
  49 |     RUN cd R-${R_VERSION} && make -j 4
--------------------
ERROR: failed to solve: process "/bin/sh -c cd R-${R_VERSION} &&                                                     . FLAGS &&                                                               CXXFLAGS=-D__MUSL__  ./configure                                             --with-recommended-packages=no                                           --with-readline=yes --with-x=no --enable-java=no                         --enable-R-shlib                                                         --disable-openmp --with-internal-tzcode" did not complete successfully: exit code: 1
Duration: 2:54.38