#0 building with "default" instance using docker driver

#1 [internal] load .dockerignore
#1 transferring context: 2B done
#1 DONE 0.5s

#2 [internal] load build definition from v2_Dockerfile
#2 transferring dockerfile: 3.42kB done
#2 DONE 0.4s

#3 [auth] library/alpine:pull token for registry-1.docker.io
#3 DONE 0.0s

#4 [internal] load metadata for docker.io/library/alpine:3.16.3
#4 DONE 1.4s

#5 [internal] load build context
#5 DONE 0.0s

#6 [build  1/27] FROM docker.io/library/alpine:3.16.3@sha256:b95359c2505145f16c6aa384f9cc74eeff78eb36d308ca4fd902eeeb0a0b161b
#6 resolve docker.io/library/alpine:3.16.3@sha256:b95359c2505145f16c6aa384f9cc74eeff78eb36d308ca4fd902eeeb0a0b161b
#6 resolve docker.io/library/alpine:3.16.3@sha256:b95359c2505145f16c6aa384f9cc74eeff78eb36d308ca4fd902eeeb0a0b161b 0.2s done
#6 sha256:b95359c2505145f16c6aa384f9cc74eeff78eb36d308ca4fd902eeeb0a0b161b 1.64kB / 1.64kB done
#6 sha256:3d426b0bfc361d6e8303f51459f17782b219dece42a1c7fe463b6014b189c86d 528B / 528B done
#6 sha256:bfe296a525011f7eb76075d688c681ca4feaad5afe3b142b36e30f1a171dc99a 1.47kB / 1.47kB done
#6 ...

#5 [internal] load build context
#5 transferring context: 2.72kB done
#5 DONE 0.3s

#6 [build  1/27] FROM docker.io/library/alpine:3.16.3@sha256:b95359c2505145f16c6aa384f9cc74eeff78eb36d308ca4fd902eeeb0a0b161b
#6 sha256:ca7dd9ec2225f2385955c43b2379305acd51543c28cf1d4e94522b3d94cce3ce 0B / 2.81MB 0.2s
#6 sha256:ca7dd9ec2225f2385955c43b2379305acd51543c28cf1d4e94522b3d94cce3ce 2.81MB / 2.81MB 0.3s
#6 sha256:ca7dd9ec2225f2385955c43b2379305acd51543c28cf1d4e94522b3d94cce3ce 2.81MB / 2.81MB 0.3s done
#6 extracting sha256:ca7dd9ec2225f2385955c43b2379305acd51543c28cf1d4e94522b3d94cce3ce
#6 extracting sha256:ca7dd9ec2225f2385955c43b2379305acd51543c28cf1d4e94522b3d94cce3ce 0.7s done
#6 DONE 1.9s

#7 [build  2/27] WORKDIR /root
#7 DONE 0.6s

#8 [build  3/27] RUN apk update
#8 1.475 fetch https://dl-cdn.alpinelinux.org/alpine/v3.16/main/x86_64/APKINDEX.tar.gz
#8 1.969 fetch https://dl-cdn.alpinelinux.org/alpine/v3.16/community/x86_64/APKINDEX.tar.gz
#8 2.875 v3.16.9-124-g7ebe731c813 [https://dl-cdn.alpinelinux.org/alpine/v3.16/main]
#8 2.875 v3.16.9-125-gec300a94000 [https://dl-cdn.alpinelinux.org/alpine/v3.16/community]
#8 2.875 OK: 17048 distinct packages available
#8 DONE 3.3s

#9 [build  4/27] RUN apk add gcc musl-dev gfortran g++ zlib-dev bzip2-dev xz-dev pcre-dev     pcre2-dev curl-dev make perl readline-dev libcurl curl
#9 2.633 (1/53) Upgrading musl (1.2.3-r1 -> 1.2.3-r3)
#9 2.844 (2/53) Upgrading libcrypto1.1 (1.1.1s-r0 -> 1.1.1w-r1)
#9 2.916 (3/53) Upgrading libssl1.1 (1.1.1s-r0 -> 1.1.1w-r1)
#9 2.941 (4/53) Installing libbz2 (1.0.8-r1)
#9 2.961 (5/53) Installing bzip2-dev (1.0.8-r1)
#9 2.965 (6/53) Installing ca-certificates (20240226-r0)
#9 3.077 (7/53) Installing brotli-libs (1.0.9-r6)
#9 3.100 (8/53) Installing nghttp2-libs (1.47.0-r2)
#9 3.129 (9/53) Installing libcurl (8.5.0-r0)
#9 3.154 (10/53) Installing curl (8.5.0-r0)
#9 3.162 (11/53) Installing pkgconf (1.8.1-r0)
#9 3.182 (12/53) Installing openssl-dev (1.1.1w-r1)
#9 3.233 (13/53) Installing nghttp2-dev (1.47.0-r2)
#9 3.249 (14/53) Installing zlib-dev (1.2.12-r3)
#9 3.254 (15/53) Installing brotli-dev (1.0.9-r6)
#9 3.295 (16/53) Installing curl-dev (8.5.0-r0)
#9 3.312 (17/53) Installing libgcc (11.2.1_git20220219-r2)
#9 3.317 (18/53) Installing libstdc++ (11.2.1_git20220219-r2)
#9 3.369 (19/53) Installing binutils (2.38-r3)
#9 3.533 (20/53) Installing libgomp (11.2.1_git20220219-r2)
#9 3.548 (21/53) Installing libatomic (11.2.1_git20220219-r2)
#9 3.552 (22/53) Installing gmp (6.2.1-r2)
#9 3.564 (23/53) Installing isl22 (0.22-r0)
#9 3.620 (24/53) Installing mpfr4 (4.1.0-r0)
#9 3.718 (25/53) Installing mpc1 (1.2.1-r0)
#9 3.723 (26/53) Installing gcc (11.2.1_git20220219-r2)
#9 6.208 (27/53) Installing musl-dev (1.2.3-r3)
#9 6.550 (28/53) Installing libc-dev (0.7.2-r3)
#9 6.562 (29/53) Installing g++ (11.2.1_git20220219-r2)
#9 7.915 (30/53) Installing libquadmath (11.2.1_git20220219-r2)
#9 7.926 (31/53) Installing libgfortran (11.2.1_git20220219-r2)
#9 8.027 (32/53) Installing gfortran (11.2.1_git20220219-r2)
#9 8.824 (33/53) Installing make (4.3-r0)
#9 8.841 (34/53) Installing libpcre16 (8.45-r2)
#9 8.858 (35/53) Installing libpcre32 (8.45-r2)
#9 8.875 (36/53) Installing pcre (8.45-r2)
#9 8.893 (37/53) Installing libpcrecpp (8.45-r2)
#9 8.903 (38/53) Installing pcre-dev (8.45-r2)
#9 8.947 (39/53) Installing ncurses-terminfo-base (6.3_p20220521-r1)
#9 8.986 (40/53) Installing ncurses-libs (6.3_p20220521-r1)
#9 9.008 (41/53) Installing ncurses-dev (6.3_p20220521-r1)
#9 9.039 (42/53) Installing libedit (20210910.3.1-r0)
#9 9.056 (43/53) Installing libedit-dev (20210910.3.1-r0)
#9 9.067 (44/53) Installing libpcre2-16 (10.42-r0)
#9 9.085 (45/53) Installing libpcre2-32 (10.42-r0)
#9 9.105 (46/53) Installing pcre2 (10.42-r0)
#9 9.129 (47/53) Installing pcre2-dev (10.42-r0)
#9 9.202 (48/53) Installing perl (5.34.2-r0)
#9 10.23 (49/53) Installing libhistory (8.1.2-r0)
#9 10.24 (50/53) Installing readline (8.1.2-r0)
#9 10.26 (51/53) Installing readline-dev (8.1.2-r0)
#9 10.29 (52/53) Installing xz-libs (5.2.5-r1)
#9 10.30 (53/53) Installing xz-dev (5.2.5-r1)
#9 10.34 Executing busybox-1.35.0-r17.trigger
#9 10.37 Executing ca-certificates-20240226-r0.trigger
#9 10.55 OK: 263 MiB in 64 packages
#9 DONE 17.3s

#10 [build  5/27] RUN if [[ "$R_VERSION" == "devel" ]]; then                                           wget https://cran.r-project.org/src/base-prerelease/R-devel.tar.gz;      elif [[ "$R_VERSION" == "next" ]]; then                                          wget https://cran.rstudio.com/src/base-prerelease/R-latest.tar.gz -O R-next.tar.gz;     else                                                                             wget https://cran.rstudio.com/src/base/R-${R_VERSION%%.*}/R-${R_VERSION}.tar.gz;     fi
#10 2.314 Connecting to cran.rstudio.com (18.172.185.21:443)
#10 2.436 saving to 'R-4.2.2.tar.gz'
#10 2.647 R-4.2.2.tar.gz        42% |*************                   | 13.7M  0:00:01 ETA
#10 2.905 R-4.2.2.tar.gz       100% |********************************| 32.4M  0:00:00 ETA
#10 3.461 'R-4.2.2.tar.gz' saved
#10 DONE 3.7s

#11 [build  6/27] RUN tar xzf R-4.2.2.tar.gz
#11 DONE 10.2s

#12 [build  7/27] RUN if [[ -e R-patched ]]; then	mv R-patched R-next; fi
#12 DONE 2.0s

#13 [build  8/27] RUN if [[ -e R-beta ]]; then mv R-beta R-next; fi
#13 DONE 1.9s

#14 [build  9/27] RUN if [[ -e R-alpha ]]; then mv R-alpha R-next; fi
#14 DONE 1.8s

#15 [build 10/27] RUN if [[ -e R-rc ]]; then mv R-rc R-next; fi
#15 DONE 2.1s

#16 [build 11/27] RUN if [[ -e R-prerelease ]]; then mv R-prerelease R-next; fi
#16 DONE 1.8s

#17 [build 12/27] RUN if [[ -e R-pre ]]; then mv R-pre R-next; fi
#17 DONE 2.0s

#18 [build 13/27] RUN if echo 4.2.2 | grep -q "^3[.][45][.]"; then                               echo "export CFLAGS='-D__MUSL__ -fcommon'" >> R-4.2.2/FLAGS;            echo "export FFLAGS=-fallow-argument-mismatch" >> R-4.2.2/FLAGS;     else                                                                              echo "export CFLAGS=-D__MUSL__" >> R-4.2.2/FLAGS;                    fi
#18 DONE 1.9s

#19 [build 14/27] RUN cd R-4.2.2 &&                                                     . FLAGS &&                                                               CXXFLAGS=-D__MUSL__  ./configure                                             --with-recommended-packages=no                                           --with-readline=yes --with-x=no --enable-java=no                         --enable-R-shlib                                                         --disable-openmp --with-internal-tzcode
#19 2.939 checking build system type... x86_64-pc-linux-musl
#19 3.401 checking host system type... x86_64-pc-linux-musl
#19 3.401 loading site script './config.site'
#19 3.402 loading build-specific script './config.site'
#19 3.403 checking for pwd... /bin/pwd
#19 3.405 checking whether builddir is srcdir... yes
#19 3.428 checking whether ln -s works... yes
#19 3.428 checking for ar... ar
#19 3.429 checking for a BSD-compatible install... /usr/bin/install -c
#19 4.251 checking for sed... /bin/sed
#19 4.251 checking for which... /usr/bin/which
#19 4.251 checking for less... /usr/bin/less
#19 4.252 checking for gtar... no
#19 4.252 checking for gnutar... no
#19 4.253 checking for tar... /bin/tar
#19 4.253 checking for tex... no
#19 4.253 checking for pdftex... no
#19 4.254 configure: WARNING: you cannot build PDF versions of the R manuals
#19 4.255 checking for pdflatex... no
#19 4.255 checking for makeindex... no
#19 4.255 checking for texi2any... configure: WARNING: you cannot build PDF versions of vignettes and help pages
#19 4.257 configure: WARNING: you cannot build info or HTML versions of the R manuals
#19 4.257 no
#19 4.257 checking for texi2dvi... no
#19 4.257 checking for kpsewhich... no
#19 4.257 checking for latex inconsolata package... checking for unzip... /usr/bin/unzip
#19 4.259 checking for zip... no
#19 4.259 checking for gzip... /bin/gzip
#19 4.259 checking for bzip2... /usr/bin/bzip2
#19 4.259 checking for firefox... no
#19 4.259 checking for mozilla... no
#19 4.261 checking for galeon... no
#19 4.261 checking for opera... no
#19 4.261 checking for xdg-open... no
#19 4.261 checking for kfmclient... no
#19 4.261 checking for gnome-moz-remote... no
#19 4.261 checking for open... no
#19 4.261 configure: WARNING: I could not determine a browser
#19 4.263 checking for acroread... no
#19 4.263 checking for acroread4... no
#19 4.263 checking for xdg-open... no
#19 4.263 checking for evince... no
#19 4.263 checking for xpdf... no
#19 4.263 checking for gv... no
#19 4.265 checking for gnome-gv... no
#19 4.265 checking for ggv... no
#19 4.265 checking for okular... no
#19 4.265 checking for kpdf... configure: WARNING: I could not determine a PDF viewer
#19 4.278 no
#19 4.278 checking for open... no
#19 4.278 checking for gpdf... no
#19 4.278 checking for kghostview... no
#19 4.278 checking for working aclocal... missing
#19 4.278 checking for working autoconf... missing
#19 4.290 checking for working autoheader... missing
#19 4.291 checking for bison... no
#19 4.291 checking for byacc... no
#19 4.291 checking for yacc... no
#19 4.291 checking for notangle... false
#19 4.291 checking for realpath... /usr/bin/realpath
#19 4.293 checking for pkg-config... /usr/bin/pkg-config
#19 4.293 checking for gcc... gcc
#19 4.554 checking whether the C compiler works... yes
#19 4.696 checking for C compiler default output file name... a.out
#19 4.705 checking for suffix of executables... 
#19 4.844 checking whether we are cross compiling... no
#19 5.023 checking for suffix of object files... o
#19 5.175 checking whether the compiler supports GNU C... yes
#19 5.347 checking whether gcc accepts -g... yes
#19 5.457 checking for gcc option to enable C11 features... none needed
#19 5.797 checking how to run the C preprocessor... gcc -E
#19 6.468 checking for grep that handles long lines and -e... /bin/grep
#19 7.322 checking for egrep... /bin/grep -E
#19 7.348 checking whether gcc needs -traditional... no
#19 7.549 checking for stdio.h... yes
#19 7.689 checking for stdlib.h... yes
#19 7.937 checking for string.h... yes
#19 8.140 checking for inttypes.h... yes
#19 8.332 checking for stdint.h... yes
#19 8.572 checking for strings.h... yes
#19 8.797 checking for sys/stat.h... yes
#19 8.965 checking for sys/types.h... yes
#19 9.162 checking for unistd.h... yes
#19 9.374 checking for wchar.h... yes
#19 9.617 checking for minix/config.h... no
#19 9.785 checking for sys/time.h... yes
#19 9.917 checking for sys/param.h... yes
#19 10.15 checking whether it is safe to define __EXTENSIONS__... yes
#19 10.39 checking whether _XOPEN_SOURCE should be defined... no
#19 10.62 checking how to run the C preprocessor... gcc -E
#19 11.05 looking for a modern Fortran compiler
#19 11.05 checking for gfortran... gfortran
#19 11.31 checking whether the compiler supports GNU Fortran... yes
#19 11.53 checking whether gfortran accepts -g... yes
#19 11.75 checking for g++... g++
#19 12.03 checking whether the compiler supports GNU C++... yes
#19 12.30 checking whether g++ accepts -g... yes
#19 12.47 checking for g++ option to enable C++11 features... none needed
#19 12.93 checking whether g++ -D__MUSL__ can compile C++ code... yes
#19 13.82 checking how to run the C++ preprocessor... g++ -E
#19 14.34 checking whether __attribute__((visibility())) is supported... yes
#19 14.50 checking whether gcc accepts -fvisibility... yes
#19 14.69 checking whether g++ accepts -fvisibility... yes
#19 14.83 checking whether gfortran accepts -fvisibility... yes
#19 14.98 checking for gcc... gcc
#19 15.23 checking whether the compiler supports GNU Objective C... no
#19 15.33 checking whether gcc accepts -g... no
#19 15.76 checking whether g++ can compile ObjC++... no
#19 15.81 checking whether  can compile ObjC++... no
#19 15.85 checking for Objective C++ compiler... no working ObjC++ compiler found
#19 15.85 checking how to print strings... printf
#19 15.85 checking for a sed that does not truncate output... (cached) /bin/sed
#19 15.85 checking for fgrep... /bin/grep -F
#19 15.87 checking for ld used by gcc... /usr/x86_64-alpine-linux-musl/bin/ld
#19 15.98 checking if the linker (/usr/x86_64-alpine-linux-musl/bin/ld) is GNU ld... yes
#19 15.98 checking for BSD- or MS-compatible name lister (nm)... /usr/bin/nm -B
#19 16.01 checking the name lister (/usr/bin/nm -B) interface... BSD nm
#19 16.10 checking the maximum length of command line arguments... 98304
#19 16.13 checking how to convert x86_64-pc-linux-musl file names to x86_64-pc-linux-musl format... func_convert_file_noop
#19 16.13 checking how to convert x86_64-pc-linux-musl file names to toolchain format... func_convert_file_noop
#19 16.13 checking for /usr/x86_64-alpine-linux-musl/bin/ld option to reload object files... -r
#19 16.13 checking for objdump... objdump
#19 16.13 checking how to recognize dependent libraries... pass_all
#19 16.13 checking for dlltool... no
#19 16.13 checking how to associate runtime and link libraries... printf %s\n
#19 16.13 checking for archiver @FILE support... @
#19 16.39 checking for strip... strip
#19 16.39 checking for ranlib... ranlib
#19 16.39 checking for gawk... no
#19 16.39 checking for mawk... no
#19 16.39 checking for nawk... no
#19 16.39 checking for awk... awk
#19 16.39 checking command to parse /usr/bin/nm -B output from gcc object... ok
#19 17.02 checking for sysroot... no
#19 17.02 checking for a working dd... /bin/dd
#19 17.07 checking how to truncate binary pipes... /bin/dd bs=4096 count=1
#19 17.27 ./configure: line 12156: /usr/bin/file: not found
#19 17.29 checking for mt... no
#19 17.29 checking if : is a manifest tool... no
#19 17.33 checking for dlfcn.h... yes
#19 17.59 checking for objdir... .libs
#19 18.15 checking if gcc supports -fno-rtti -fno-exceptions... no
#19 18.44 checking for gcc option to produce PIC... -fPIC -DPIC
#19 18.44 checking if gcc PIC flag -fPIC -DPIC works... yes
#19 18.70 checking if gcc static flag -static works... yes
#19 18.97 checking if gcc supports -c -o file.o... yes
#19 19.24 checking if gcc supports -c -o file.o... (cached) yes
#19 19.24 checking whether the gcc linker (/usr/x86_64-alpine-linux-musl/bin/ld) supports shared libraries... yes
#19 19.42 checking whether -lc should be explicitly linked in... no
#19 19.77 checking dynamic linker characteristics... GNU/Linux ld.so
#19 20.21 checking how to hardcode library paths into programs... immediate
#19 20.21 checking whether stripping libraries is possible... yes
#19 20.23 checking if libtool supports shared libraries... yes
#19 20.23 checking whether to build shared libraries... yes
#19 20.23 checking whether to build static libraries... no
#19 20.27 checking how to run the C++ preprocessor... g++ -E
#19 21.15 checking for ld used by g++... /usr/x86_64-alpine-linux-musl/bin/ld
#19 21.39 checking if the linker (/usr/x86_64-alpine-linux-musl/bin/ld) is GNU ld... yes
#19 21.44 checking whether the g++ linker (/usr/x86_64-alpine-linux-musl/bin/ld) supports shared libraries... yes
#19 22.07 checking for g++ option to produce PIC... -fPIC -DPIC
#19 22.07 checking if g++ PIC flag -fPIC -DPIC works... yes
#19 22.30 checking if g++ static flag -static works... yes
#19 22.64 checking if g++ supports -c -o file.o... yes
#19 23.02 checking if g++ supports -c -o file.o... (cached) yes
#19 23.02 checking whether the g++ linker (/usr/x86_64-alpine-linux-musl/bin/ld) supports shared libraries... yes
#19 23.02 checking dynamic linker characteristics... (cached) GNU/Linux ld.so
#19 23.02 checking how to hardcode library paths into programs... immediate
#19 23.60 checking if libtool supports shared libraries... yes
#19 23.60 checking whether to build shared libraries... yes
#19 23.60 checking whether to build static libraries... no
#19 24.18 checking for gfortran option to produce PIC... -fPIC
#19 24.18 checking if gfortran PIC flag -fPIC works... yes
#19 24.42 checking if gfortran static flag -static works... yes
#19 25.03 checking if gfortran supports -c -o file.o... yes
#19 25.18 checking if gfortran supports -c -o file.o... (cached) yes
#19 25.18 checking whether the gfortran linker (/usr/x86_64-alpine-linux-musl/bin/ld) supports shared libraries... yes
#19 25.22 checking dynamic linker characteristics... (cached) GNU/Linux ld.so
#19 25.22 checking how to hardcode library paths into programs... immediate
#19 25.25 checking for cos in -lm... yes
#19 25.58 checking for sin in -lm... yes
#19 25.74 checking for dlopen in -ldl... yes
#19 25.93 checking for readline/history.h... yes
#19 26.16 checking for readline/readline.h... yes
#19 26.44 checking for rl_callback_read_char in -lreadline... yes
#19 26.60 checking for history_truncate_file... yes
#19 26.76 checking for tilde_expand_word... yes
#19 26.93 checking whether rl_completion_matches exists and is declared... yes
#19 27.25 checking whether rl_resize_terminal exists and is declared... yes
#19 27.64 checking whether rl_sort_completion_matches exists and is declared... yes
#19 27.98 checking for dirent.h that defines DIR... yes
#19 28.23 checking for library containing opendir... none required
#19 28.61 checking for sys/wait.h that is POSIX.1 compatible... yes
#19 28.83 checking for dlfcn.h... (cached) yes
#19 28.83 checking for fcntl.h... yes
#19 29.07 checking for glob.h... yes
#19 29.35 checking for grp.h... yes
#19 29.63 checking for pwd.h... yes
#19 29.79 checking for sched.h... yes
#19 29.92 checking for strings.h... (cached) yes
#19 29.92 checking for sys/resource.h... yes
#19 30.13 checking for sys/select.h... yes
#19 30.32 checking for sys/socket.h... yes
#19 30.58 checking for sys/stat.h... (cached) yes
#19 30.58 checking for sys/time.h... (cached) yes
#19 30.58 checking for sys/times.h... yes
#19 30.72 checking for sys/utsname.h... yes
#19 30.94 checking for unistd.h... (cached) yes
#19 30.94 checking for utime.h... yes
#19 31.17 checking for arpa/inet.h... yes
#19 31.35 checking for elf.h... yes
#19 31.55 checking for features.h... yes
#19 31.78 checking for floatingpoint.h... no
#19 32.06 checking for langinfo.h... yes
#19 32.28 checking for netdb.h... yes
#19 32.52 checking for netinet/in.h... yes
#19 32.73 checking for sys/param.h... (cached) yes
#19 32.73 checking for stdalign.h... yes
#19 32.98 checking for errno.h... yes
#19 33.23 checking for inttypes.h... (cached) yes
#19 33.23 checking for limits.h... yes
#19 33.40 checking for locale.h... yes
#19 33.64 checking for stdarg.h... yes
#19 33.85 checking for stdbool.h... yes
#19 33.96 checking for stdint.h... (cached) yes
#19 33.96 checking for string.h... (cached) yes
#19 33.96 checking for gcc options needed to detect all undeclared functions... none needed
#19 34.49 checking whether setjmp.h is POSIX.1 compatible... yes
#19 34.75 checking whether sigsetjmp is declared... yes
#19 35.02 checking whether siglongjmp is declared... yes
#19 35.28 checking for GNU C library with version >= 2... no
#19 35.41 checking for uint64_t... yes
#19 35.63 checking for int64_t... yes
#19 36.09 checking for int_fast64_t... yes
#19 36.66 checking for pid_t... yes
#19 37.06 checking for size_t... yes
#19 37.67 checking whether SIZE_MAX is declared... yes
#19 38.06 checking for blkcnt_t... yes
#19 38.66 checking for type of socket length... socklen_t *
#19 38.82 checking for stack_t... yes
#19 39.30 checking for intptr_t... yes
#19 39.78 checking for uintptr_t... yes
#19 40.22 checking whether byte ordering is bigendian... no
#19 40.65 checking for an ANSI C-conforming const... yes
#19 40.86 checking for inline... inline
#19 41.02 checking size of int... 4
#19 41.38 checking size of long... 8
#19 41.79 checking size of long long... 8
#19 42.11 checking size of double... 8
#19 42.45 checking size of size_t... 8
#19 42.84 checking for C stack direction... down
#19 43.07 checking size of long double... 16
#19 43.46 checking whether we can compute C Make dependencies... yes, using $(CC) -MM
#19 43.59 checking whether gcc supports -c -o FILE.lo... yes
#19 43.86 checking how to get verbose linking output from gfortran... -v
#19 44.51 checking for Fortran libraries of gfortran...  -L/usr/local/lib -L/usr/lib/gcc/x86_64-alpine-linux-musl/11.2.1 -L/usr/lib/gcc/x86_64-alpine-linux-musl/11.2.1/../../../../x86_64-alpine-linux-musl/lib/../lib -L/usr/lib/gcc/x86_64-alpine-linux-musl/11.2.1/../../../../lib -L/lib/../lib -L/usr/lib/../lib -L/usr/lib/gcc/x86_64-alpine-linux-musl/11.2.1/../../../../x86_64-alpine-linux-musl/lib -L/usr/lib/gcc/x86_64-alpine-linux-musl/11.2.1/../../.. -lgfortran -lm -lssp_nonshared -lquadmath
#19 44.93 checking how to get verbose linking output from gcc... -v
#19 45.45 checking for C libraries of gcc...  -L/usr/local/lib -L/usr/lib/gcc/x86_64-alpine-linux-musl/11.2.1 -L/usr/lib/gcc/x86_64-alpine-linux-musl/11.2.1/../../../../x86_64-alpine-linux-musl/lib/../lib -L/usr/lib/gcc/x86_64-alpine-linux-musl/11.2.1/../../../../lib -L/lib/../lib -L/usr/lib/../lib -L/usr/lib/gcc/x86_64-alpine-linux-musl/11.2.1/../../../../x86_64-alpine-linux-musl/lib -L/usr/lib/gcc/x86_64-alpine-linux-musl/11.2.1/../../.. -lssp_nonshared -lgcc_s
#19 46.45 checking for dummy main to link with Fortran libraries... none
#19 46.79 checking for Fortran name-mangling scheme... lower case, underscore, no extra underscore
#19 47.97 checking whether gfortran appends underscores to external names... yes
#19 47.97 checking whether gfortran appends extra underscores to external names... no
#19 47.97 checking whether mixed C/Fortran code can be run... yes
#19 48.54 checking whether gfortran and gcc agree on int and double... yes
#19 49.13 checking whether gfortran and gcc agree on double complex... yes
#19 49.73 checking whether g++ accepts -M for generating dependencies... yes
#19 50.02 checking whether we can compute ObjC Make dependencies... no
#19 50.12 checking if need -fno-optimize-sibling-calls for gfortran... yes
#19 50.26 checking for type of 'hidden' Fortran character lengths... size_t
#19 51.32 checking for xmkmf... no
#19 51.34 checking whether g++  supports C++11 features with -std=gnu++11... yes
#19 51.75 checking whether g++  supports C++14 features with -std=gnu++14... yes
#19 52.30 checking whether g++  supports C++17 features with -std=gnu++17... yes
#19 53.04 checking whether g++  supports C++20 features with -std=gnu++20... yes
#19 53.87 checking for option providing pthread_kill... none required
#19 54.21 checking whether POSIX threads are supported... yes
#19 54.21 checking for off_t... yes
#19 54.80 checking for working alloca.h... yes
#19 55.12 checking for alloca... yes
#19 55.15 checking whether alloca is declared... yes
#19 55.40 checking whether expm1 exists and is declared... yes
#19 55.52 checking whether hypot exists and is declared... yes
#19 55.94 checking whether log1p exists and is declared... yes
#19 56.32 checking whether log1pl exists and is declared... yes
#19 56.76 checking whether log2 exists and is declared... yes
#19 57.15 checking whether log10 exists and is declared... yes
#19 57.65 checking whether nearbyint exists and is declared... yes
#19 58.07 checking whether nearbyintl exists and is declared... yes
#19 58.40 checking whether powl exists and is declared... yes
#19 58.80 checking whether rintl exists and is declared... yes
#19 59.23 checking whether va_copy exists and is declared... yes
#19 59.61 checking for isblank... yes
#19 59.87 checking for sunmath.h... no
#19 60.14 checking for cospi in -lsunmath... no
#19 60.45 checking for atanpi... no
#19 60.81 checking for atan2pi... no
#19 61.19 checking for cospi... no
#19 61.54 checking for exp10... yes
#19 61.85 checking for pown... no
#19 62.17 checking for sinpi... no
#19 62.59 checking for tanpi... no
#19 63.00 checking for __cospi... no
#19 63.35 checking for __sinpi... no
#19 63.66 checking for __tanpi... no
#19 63.87 checking for fseeko... yes
#19 64.16 checking for ftello... yes
#19 64.48 checking for matherr... no
#19 64.90 checking whether fcntl exists and is declared... yes
#19 65.38 checking whether getgrgid exists and is declared... yes
#19 65.75 checking whether getpwnam exists and is declared... yes
#19 66.11 checking whether getpwuid exists and is declared... yes
#19 66.54 checking whether kill exists and is declared... yes
#19 66.96 checking whether sigaction exists and is declared... yes
#19 67.39 checking whether sigaltstack exists and is declared... yes
#19 67.72 checking whether sigemptyset exists and is declared... yes
#19 68.14 checking whether fdopen exists and is declared... yes
#19 68.46 checking whether popen exists and is declared... yes
#19 68.89 checking whether getline exists and is declared... yes
#19 69.31 checking whether select exists and is declared... yes
#19 69.70 checking whether setenv exists and is declared... yes
#19 70.08 checking whether unsetenv exists and is declared... yes
#19 70.61 checking whether getrlimit exists and is declared... yes
#19 70.99 checking whether setrlimit exists and is declared... yes
#19 71.38 checking whether getrusage exists and is declared... yes
#19 71.67 checking whether getpriority exists and is declared... yes
#19 72.11 checking whether chmod exists and is declared... yes
#19 72.54 checking whether mkfifo exists and is declared... yes
#19 72.89 checking whether stat exists and is declared... yes
#19 73.27 checking whether umask exists and is declared... yes
#19 73.71 checking whether gettimeofday exists and is declared... yes
#19 74.14 checking whether utimes exists and is declared... yes
#19 74.53 checking whether times exists and is declared... yes
#19 74.81 checking whether gmtime_r exists and is declared... yes
#19 75.25 checking whether localtime_r exists and is declared... yes
#19 75.65 checking whether nl_langinfo exists and is declared... yes
#19 76.04 checking whether access exists and is declared... yes
#19 76.50 checking whether chdir exists and is declared... yes
#19 76.86 checking whether execv exists and is declared... yes
#19 77.28 checking whether ftruncate exists and is declared... yes
#19 77.64 checking whether getcwd exists and is declared... yes
#19 78.08 checking whether geteuid exists and is declared... yes
#19 78.53 checking whether getuid exists and is declared... yes
#19 78.89 checking whether link exists and is declared... yes
#19 79.30 checking whether readlink exists and is declared... yes
#19 79.62 checking whether symlink exists and is declared... yes
#19 80.05 checking whether sysconf exists and is declared... yes
#19 80.46 checking whether sched_setaffinity exists and is declared... yes
#19 80.89 checking whether sched_getaffinity exists and is declared... yes
#19 81.26 checking whether utime exists and is declared... yes
#19 81.62 checking whether utimensat exists and is declared... yes
#19 81.99 checking for clock_gettime in -lrt... yes
#19 82.32 checking whether clock_gettime exists and is declared... yes
#19 82.70 checking whether timespec_get exists and is declared... yes
#19 83.01 checking for putenv... yes
#19 83.30 checking whether putenv is declared... yes
#19 83.37 checking for vasprintf... yes
#19 83.68 checking whether vasprintf is declared... yes
#19 83.95 checking for mempcpy... yes
#19 84.20 checking for realpath... yes
#19 84.50 checking whether realpath is declared... yes
#19 84.78 checking whether glob exists and is declared... yes
#19 85.09 checking for dladdr... yes
#19 85.30 checking for dlsym... yes
#19 85.64 checking whether dladdr is declared... yes
#19 85.96 checking whether dlsym is declared... yes
#19 86.24 checking whether RTLD_DEFAULT is declared... yes
#19 86.49 checking whether RTLD_NEXT is declared... yes
#19 86.73 checking for thread.h... no
#19 87.01 checking whether thr_stksegment exists and is declared... no
#19 87.27 checking for isnan... no
#19 87.66 checking whether isfinite is declared... yes
#19 87.96 checking whether isnan is declared... yes
#19 88.23 checking whether you have IEEE 754 floating-point arithmetic... yes
#19 88.24 checking whether putenv("FOO") can unset an environment variable... yes
#19 88.60 checking whether putenv("FOO=") can unset an environment variable... no
#19 88.87 checking for nl_langinfo and CODESET... yes
#19 89.17 checking for mkdtemp... yes
#19 89.50 checking for strdup... yes
#19 89.83 checking for strncasecmp... yes
#19 90.28 checking whether mkdtemp is declared... yes
#19 90.61 checking whether strdup is declared... yes
#19 90.93 checking whether strncasecmp is declared... yes
#19 91.24 checking for library containing connect... none required
#19 91.57 checking for library containing gethostbyname... none required
#19 91.85 checking for library containing xdr_string... no
#19 92.92 checking for working calloc... yes
#19 93.29 checking for working isfinite... yes
#19 93.66 checking for working log1p... yes
#19 94.03 checking whether ftell works correctly on files opened for append... no
#19 94.42 checking for working sigaction... yes
#19 94.80 checking for complex.h... yes
#19 95.00 checking for double complex... yes
#19 95.45 checking whether C99 double complex is supported... yes
#19 95.50 checking whether cabs exists and is declared... yes
#19 95.88 checking whether carg exists and is declared... yes
#19 96.27 checking whether cexp exists and is declared... yes
#19 96.75 checking whether clog exists and is declared... yes
#19 97.11 checking whether csqrt exists and is declared... yes
#19 97.57 checking whether cpow exists and is declared... yes
#19 97.90 checking whether ccos exists and is declared... yes
#19 98.29 checking whether csin exists and is declared... yes
#19 98.68 checking whether ctan exists and is declared... yes
#19 99.13 checking whether cacos exists and is declared... yes
#19 99.34 checking whether casin exists and is declared... yes
#19 99.61 checking whether catan exists and is declared... yes
#19 99.78 checking whether ccosh exists and is declared... yes
#19 100.1 checking whether csinh exists and is declared... yes
#19 100.5 checking whether ctanh exists and is declared... yes
#19 100.8 checking for working ctanh... yes
#19 101.2 checking whether 'struct tm' includes tm_zone... yes
#19 101.4 checking whether 'struct tm' includes tm_gmtoff... yes
#19 101.6 checking for iconv.h... yes
#19 101.8 checking for iconv... yes
#19 102.1 checking whether iconv accepts "UTF-8", "latin1", "ASCII" and "UCS-*"... yes
#19 102.4 checking whether iconv accepts "CP1252"... yes
#19 102.7 checking for iconvlist... no
#19 103.1 checking for iconv... yes
#19 103.4 checking for iconv declaration... 
#19 103.6          extern size_t iconv (iconv_t cd, char * *inbuf, size_t *inbytesleft, char * *outbuf, size_t *outbytesleft);
#19 103.6 checking for wchar.h... (cached) yes
#19 103.6 checking for wctype.h... yes
#19 103.9 checking whether mbrtowc exists and is declared... yes
#19 104.4 checking whether wcrtomb exists and is declared... yes
#19 104.8 checking whether wcscoll exists and is declared... yes
#19 105.1 checking whether wcsftime exists and is declared... yes
#19 105.5 checking whether wcstod exists and is declared... yes
#19 105.8 checking whether mbstowcs exists and is declared... yes
#19 106.1 checking whether wcstombs exists and is declared... yes
#19 106.4 checking whether wctrans exists and is declared... yes
#19 106.9 checking whether wctype exists and is declared... yes
#19 107.3 checking whether iswctype exists and is declared... yes
#19 107.9 checking whether wcwidth exists and is declared... yes
#19 108.5 checking whether wcswidth exists and is declared... yes
#19 108.9 checking for wctrans_t... yes
#19 109.4 checking for mbstate_t... yes
#19 109.8 checking for ICU... no
#19 109.9 checking for X... disabled
#19 109.9 using X11 ... no
#19 109.9 checking whether pkg-config knows about cairo and pango... no
#19 109.9 checking whether pkg-config knows about cairo... no
#19 110.0 checking for tclConfig.sh... no
#19 110.0 checking for tclConfig.sh in library (sub)directories... no
#19 110.2 checking for tkConfig.sh... no
#19 110.2 checking for tkConfig.sh in library (sub)directories... no
#19 110.3 checking for tcl.h... no
#19 110.4 checking for BSD networking... yes
#19 110.4 checking for rpc/types.h... no
#19 110.7 checking for tirpc/rpc/types.h... no
#19 111.0 checking for XDR support... no
#19 111.0 checking for inflateInit2_ in -lz... yes
#19 111.2 checking for zlib.h... yes
#19 111.4 checking if zlib version >= 1.2.5... yes
#19 111.8 checking whether zlib support suffices... yes
#19 111.8 checking for BZ2_bzlibVersion in -lbz2... yes
#19 112.2 checking for bzlib.h... yes
#19 112.4 checking if bzip2 version >= 1.0.6... yes
#19 112.7 checking whether bzip2 support suffices... yes
#19 112.7 checking for lzma_version_number in -llzma... yes
#19 113.0 checking for lzma.h... yes
#19 113.2 checking if lzma version >= 5.0.3... yes
#19 113.7 checking for pcre2.h... yes
#19 114.0 checking for pcre2_compile_8 in -lpcre2-8... yes
#19 114.3 checking if PCRE2 has Unicode support... yes
#19 114.8 checking whether PCRE support suffices... yes
#19 114.8 checking for curl-config... /usr/bin/curl-config
#19 114.8 checking libcurl version ... 8.5.0
#19 114.9 checking for curl/curl.h... yes
#19 115.2 checking if libcurl is version 7 and >= 7.28.0... configure: error: libcurl >= 7.28.0 library and headers are required with support for https
#19 115.8 no
#19 ERROR: process "/bin/sh -c cd R-${R_VERSION} &&                                                     . FLAGS &&                                                               CXXFLAGS=-D__MUSL__  ./configure                                             --with-recommended-packages=no                                           --with-readline=yes --with-x=no --enable-java=no                         --enable-R-shlib                                                         --disable-openmp --with-internal-tzcode" did not complete successfully: exit code: 1
------
 > [build 14/27] RUN cd R-4.2.2 &&                                                     . FLAGS &&                                                               CXXFLAGS=-D__MUSL__  ./configure                                             --with-recommended-packages=no                                           --with-readline=yes --with-x=no --enable-java=no                         --enable-R-shlib                                                         --disable-openmp --with-internal-tzcode:
yes
no
109.9 checking for X... disabled
yes
yes
114.8 checking whether PCRE support suffices... yes
114.8 checking for curl-config... /usr/bin/curl-config
114.8 checking libcurl version ... 8.5.0
configure: error: libcurl >= 7.28.0 library and headers are required with support for https
115.8 no
------
v2_Dockerfile:42
--------------------
  41 |     
  42 | >>> RUN cd R-${R_VERSION} &&                                                 \
  43 | >>>     . FLAGS &&                                                           \
  44 | >>>     CXXFLAGS=-D__MUSL__  ./configure                                     \
  45 | >>>         --with-recommended-packages=no                                   \
  46 | >>>         --with-readline=yes --with-x=no --enable-java=no                 \
  47 | >>>         --enable-R-shlib                                                 \
  48 | >>>         --disable-openmp --with-internal-tzcode
  49 |     RUN cd R-${R_VERSION} && make -j 4
--------------------
ERROR: failed to solve: process "/bin/sh -c cd R-${R_VERSION} &&                                                     . FLAGS &&                                                               CXXFLAGS=-D__MUSL__  ./configure                                             --with-recommended-packages=no                                           --with-readline=yes --with-x=no --enable-java=no                         --enable-R-shlib                                                         --disable-openmp --with-internal-tzcode" did not complete successfully: exit code: 1
Duration: 2:50.88