#0 building with "default" instance using docker driver

#1 [internal] load build definition from Dockerfile
#1 transferring dockerfile:
#1 transferring dockerfile: 517B done
#1 ...

#2 [internal] load .dockerignore
#2 transferring context: 67B done
#2 DONE 0.6s

#1 [internal] load build definition from Dockerfile
#1 DONE 0.7s

#3 [internal] load metadata for docker.io/library/node:10
#3 ...

#4 [auth] library/node:pull token for registry-1.docker.io
#4 DONE 0.0s

#3 [internal] load metadata for docker.io/library/node:10
#3 DONE 1.4s

#5 [internal] load build context
#5 DONE 0.0s

#6 [1/7] FROM docker.io/library/node:10@sha256:59531d2835edd5161c8f9512f9e095b1836f7a1fcb0ab73e005ec46047384911
#6 resolve docker.io/library/node:10@sha256:59531d2835edd5161c8f9512f9e095b1836f7a1fcb0ab73e005ec46047384911
#6 resolve docker.io/library/node:10@sha256:59531d2835edd5161c8f9512f9e095b1836f7a1fcb0ab73e005ec46047384911 0.2s done
#6 sha256:59531d2835edd5161c8f9512f9e095b1836f7a1fcb0ab73e005ec46047384911 776B / 776B done
#6 sha256:686e0e859358f28bfe1641e1627549b9cd0ad74f222b953d74209213488c6858 2.21kB / 2.21kB done
#6 sha256:28dca6642db82aaecbed18101d9966f001e8de6691e1a1718c2927c124d81262 7.83kB / 7.83kB done
#6 sha256:76b8ef87096fa726adbe8f073ef69bb5664bac19474c5cce4dd69e08a234903b 0B / 45.38MB 0.1s
#6 sha256:b53ce1fd2746e8d2037f1b0b91ddea0cc7411eb3e5949fe10c0320aca8f7392b 0B / 4.34MB 0.1s
#6 sha256:76b8ef87096fa726adbe8f073ef69bb5664bac19474c5cce4dd69e08a234903b 4.19MB / 45.38MB 0.3s
#6 sha256:2e2bafe8a0f40509cc10249087268e66a662e437f10e9598a09abb5687038a57 0B / 11.29MB 0.3s
#6 ...

#5 [internal] load build context
#5 transferring context: 12.48MB 0.2s done
#5 DONE 0.6s

#6 [1/7] FROM docker.io/library/node:10@sha256:59531d2835edd5161c8f9512f9e095b1836f7a1fcb0ab73e005ec46047384911
#6 sha256:76b8ef87096fa726adbe8f073ef69bb5664bac19474c5cce4dd69e08a234903b 19.92MB / 45.38MB 0.5s
#6 sha256:b53ce1fd2746e8d2037f1b0b91ddea0cc7411eb3e5949fe10c0320aca8f7392b 4.19MB / 4.34MB 0.5s
#6 sha256:76b8ef87096fa726adbe8f073ef69bb5664bac19474c5cce4dd69e08a234903b 36.70MB / 45.38MB 0.7s
#6 sha256:b53ce1fd2746e8d2037f1b0b91ddea0cc7411eb3e5949fe10c0320aca8f7392b 4.34MB / 4.34MB 0.6s done
#6 sha256:2e2bafe8a0f40509cc10249087268e66a662e437f10e9598a09abb5687038a57 7.34MB / 11.29MB 0.7s
#6 sha256:84a8c1bd5887cc4a89e1f286fed9ee31ce12dba9f6813cf14082ada3e9ab6f63 0B / 49.79MB 0.7s
#6 sha256:76b8ef87096fa726adbe8f073ef69bb5664bac19474c5cce4dd69e08a234903b 45.38MB / 45.38MB 0.8s
#6 sha256:2e2bafe8a0f40509cc10249087268e66a662e437f10e9598a09abb5687038a57 11.29MB / 11.29MB 0.8s
#6 sha256:2e2bafe8a0f40509cc10249087268e66a662e437f10e9598a09abb5687038a57 11.29MB / 11.29MB 0.9s done
#6 sha256:84a8c1bd5887cc4a89e1f286fed9ee31ce12dba9f6813cf14082ada3e9ab6f63 14.68MB / 49.79MB 0.9s
#6 sha256:84a8c1bd5887cc4a89e1f286fed9ee31ce12dba9f6813cf14082ada3e9ab6f63 26.21MB / 49.79MB 1.1s
#6 sha256:84a8c1bd5887cc4a89e1f286fed9ee31ce12dba9f6813cf14082ada3e9ab6f63 49.52MB / 49.79MB 1.3s
#6 sha256:76b8ef87096fa726adbe8f073ef69bb5664bac19474c5cce4dd69e08a234903b 45.38MB / 45.38MB 1.6s done
#6 extracting sha256:76b8ef87096fa726adbe8f073ef69bb5664bac19474c5cce4dd69e08a234903b
#6 sha256:7a803dc0b40fcd10faee3fb3ebb2d7aaa88500520e6295295f5163c4bb48548b 0B / 214.35MB 1.8s
#6 sha256:7a803dc0b40fcd10faee3fb3ebb2d7aaa88500520e6295295f5163c4bb48548b 14.68MB / 214.35MB 2.0s
#6 sha256:7a803dc0b40fcd10faee3fb3ebb2d7aaa88500520e6295295f5163c4bb48548b 33.55MB / 214.35MB 2.1s
#6 sha256:7a803dc0b40fcd10faee3fb3ebb2d7aaa88500520e6295295f5163c4bb48548b 52.43MB / 214.35MB 2.4s
#6 sha256:84a8c1bd5887cc4a89e1f286fed9ee31ce12dba9f6813cf14082ada3e9ab6f63 49.79MB / 49.79MB 2.5s done
#6 sha256:7a803dc0b40fcd10faee3fb3ebb2d7aaa88500520e6295295f5163c4bb48548b 77.59MB / 214.35MB 2.6s
#6 sha256:b800e94e7303e276b8fb4911a40bfe28f46180d997022c69bf1ee02fb7b86721 0B / 4.19kB 2.6s
#6 sha256:b800e94e7303e276b8fb4911a40bfe28f46180d997022c69bf1ee02fb7b86721 4.19kB / 4.19kB 2.7s done
#6 sha256:0da9fbf60d485c74d153bfc7562f34533550e3dd8aa78f5e8c2476ed500e0e73 0B / 21.42MB 2.7s
#6 sha256:7a803dc0b40fcd10faee3fb3ebb2d7aaa88500520e6295295f5163c4bb48548b 93.32MB / 214.35MB 2.9s
#6 sha256:0da9fbf60d485c74d153bfc7562f34533550e3dd8aa78f5e8c2476ed500e0e73 2.10MB / 21.42MB 2.9s
#6 sha256:04dccde934cf0d6ab9d303fe73b36bc4ed84329d9d562049a69a5d38afb83f14 0B / 2.48MB 2.9s
#6 sha256:0da9fbf60d485c74d153bfc7562f34533550e3dd8aa78f5e8c2476ed500e0e73 7.34MB / 21.42MB 2.9s
#6 sha256:0da9fbf60d485c74d153bfc7562f34533550e3dd8aa78f5e8c2476ed500e0e73 12.58MB / 21.42MB 3.1s
#6 sha256:04dccde934cf0d6ab9d303fe73b36bc4ed84329d9d562049a69a5d38afb83f14 2.48MB / 2.48MB 3.0s
#6 sha256:7a803dc0b40fcd10faee3fb3ebb2d7aaa88500520e6295295f5163c4bb48548b 110.10MB / 214.35MB 3.2s
#6 sha256:0da9fbf60d485c74d153bfc7562f34533550e3dd8aa78f5e8c2476ed500e0e73 17.83MB / 21.42MB 3.2s
#6 sha256:04dccde934cf0d6ab9d303fe73b36bc4ed84329d9d562049a69a5d38afb83f14 2.48MB / 2.48MB 3.1s done
#6 sha256:73269890f6fdf96184d0fdb0afe3cf697b0c8dbe1e7a077f0fab445d74372c78 0B / 294B 3.2s
#6 sha256:0da9fbf60d485c74d153bfc7562f34533550e3dd8aa78f5e8c2476ed500e0e73 21.42MB / 21.42MB 3.2s
#6 sha256:7a803dc0b40fcd10faee3fb3ebb2d7aaa88500520e6295295f5163c4bb48548b 136.31MB / 214.35MB 3.4s
#6 sha256:73269890f6fdf96184d0fdb0afe3cf697b0c8dbe1e7a077f0fab445d74372c78 294B / 294B 3.4s
#6 sha256:7a803dc0b40fcd10faee3fb3ebb2d7aaa88500520e6295295f5163c4bb48548b 147.85MB / 214.35MB 3.5s
#6 sha256:0da9fbf60d485c74d153bfc7562f34533550e3dd8aa78f5e8c2476ed500e0e73 21.42MB / 21.42MB 3.6s done
#6 sha256:7a803dc0b40fcd10faee3fb3ebb2d7aaa88500520e6295295f5163c4bb48548b 166.72MB / 214.35MB 3.7s
#6 sha256:73269890f6fdf96184d0fdb0afe3cf697b0c8dbe1e7a077f0fab445d74372c78 294B / 294B 3.6s done
#6 sha256:7a803dc0b40fcd10faee3fb3ebb2d7aaa88500520e6295295f5163c4bb48548b 196.13MB / 214.35MB 4.0s
#6 sha256:7a803dc0b40fcd10faee3fb3ebb2d7aaa88500520e6295295f5163c4bb48548b 207.62MB / 214.35MB 4.2s
#6 extracting sha256:76b8ef87096fa726adbe8f073ef69bb5664bac19474c5cce4dd69e08a234903b 2.5s done
#6 sha256:7a803dc0b40fcd10faee3fb3ebb2d7aaa88500520e6295295f5163c4bb48548b 214.35MB / 214.35MB 7.5s done
#6 extracting sha256:2e2bafe8a0f40509cc10249087268e66a662e437f10e9598a09abb5687038a57
#6 extracting sha256:2e2bafe8a0f40509cc10249087268e66a662e437f10e9598a09abb5687038a57 0.6s done
#6 extracting sha256:b53ce1fd2746e8d2037f1b0b91ddea0cc7411eb3e5949fe10c0320aca8f7392b
#6 extracting sha256:b53ce1fd2746e8d2037f1b0b91ddea0cc7411eb3e5949fe10c0320aca8f7392b 0.3s done
#6 extracting sha256:84a8c1bd5887cc4a89e1f286fed9ee31ce12dba9f6813cf14082ada3e9ab6f63
#6 extracting sha256:84a8c1bd5887cc4a89e1f286fed9ee31ce12dba9f6813cf14082ada3e9ab6f63 5.1s
#6 extracting sha256:84a8c1bd5887cc4a89e1f286fed9ee31ce12dba9f6813cf14082ada3e9ab6f63 5.8s done
#6 extracting sha256:7a803dc0b40fcd10faee3fb3ebb2d7aaa88500520e6295295f5163c4bb48548b
#6 extracting sha256:7a803dc0b40fcd10faee3fb3ebb2d7aaa88500520e6295295f5163c4bb48548b 5.1s
#6 extracting sha256:7a803dc0b40fcd10faee3fb3ebb2d7aaa88500520e6295295f5163c4bb48548b 10.1s
#6 extracting sha256:7a803dc0b40fcd10faee3fb3ebb2d7aaa88500520e6295295f5163c4bb48548b 11.9s done
#6 extracting sha256:b800e94e7303e276b8fb4911a40bfe28f46180d997022c69bf1ee02fb7b86721
#6 extracting sha256:b800e94e7303e276b8fb4911a40bfe28f46180d997022c69bf1ee02fb7b86721 0.1s done
#6 extracting sha256:0da9fbf60d485c74d153bfc7562f34533550e3dd8aa78f5e8c2476ed500e0e73
#6 extracting sha256:0da9fbf60d485c74d153bfc7562f34533550e3dd8aa78f5e8c2476ed500e0e73 1.7s done
#6 extracting sha256:04dccde934cf0d6ab9d303fe73b36bc4ed84329d9d562049a69a5d38afb83f14
#6 extracting sha256:04dccde934cf0d6ab9d303fe73b36bc4ed84329d9d562049a69a5d38afb83f14 0.2s done
#6 extracting sha256:73269890f6fdf96184d0fdb0afe3cf697b0c8dbe1e7a077f0fab445d74372c78
#6 extracting sha256:73269890f6fdf96184d0fdb0afe3cf697b0c8dbe1e7a077f0fab445d74372c78 done
#6 DONE 32.8s

#7 [2/7] RUN apt-get update && apt-get install -y     sqlite && rm -rf /var/lib/apt/lists/*
#7 0.567 Ign:1 http://deb.debian.org/debian stretch InRelease
#7 0.567 Ign:2 http://security.debian.org/debian-security stretch/updates InRelease
#7 0.577 Ign:3 http://deb.debian.org/debian stretch-updates InRelease
#7 0.578 Ign:4 http://security.debian.org/debian-security stretch/updates Release
#7 0.588 Ign:5 http://deb.debian.org/debian stretch Release
#7 0.598 Ign:6 http://deb.debian.org/debian stretch-updates Release
#7 0.756 Ign:7 http://deb.debian.org/debian stretch/main amd64 Packages
#7 0.767 Ign:8 http://deb.debian.org/debian stretch/main all Packages
#7 0.777 Ign:9 http://deb.debian.org/debian stretch-updates/main all Packages
#7 0.907 Ign:10 http://security.debian.org/debian-security stretch/updates/main amd64 Packages
#7 0.917 Ign:11 http://security.debian.org/debian-security stretch/updates/main all Packages
#7 0.934 Ign:12 http://deb.debian.org/debian stretch-updates/main amd64 Packages
#7 1.091 Ign:7 http://deb.debian.org/debian stretch/main amd64 Packages
#7 1.102 Ign:8 http://deb.debian.org/debian stretch/main all Packages
#7 1.112 Ign:9 http://deb.debian.org/debian stretch-updates/main all Packages
#7 1.258 Ign:10 http://security.debian.org/debian-security stretch/updates/main amd64 Packages
#7 1.268 Ign:11 http://security.debian.org/debian-security stretch/updates/main all Packages
#7 1.269 Ign:12 http://deb.debian.org/debian stretch-updates/main amd64 Packages
#7 1.427 Ign:7 http://deb.debian.org/debian stretch/main amd64 Packages
#7 1.438 Ign:8 http://deb.debian.org/debian stretch/main all Packages
#7 1.448 Ign:9 http://deb.debian.org/debian stretch-updates/main all Packages
#7 1.598 Ign:10 http://security.debian.org/debian-security stretch/updates/main amd64 Packages
#7 1.607 Ign:12 http://deb.debian.org/debian stretch-updates/main amd64 Packages
#7 1.609 Ign:11 http://security.debian.org/debian-security stretch/updates/main all Packages
#7 1.766 Ign:7 http://deb.debian.org/debian stretch/main amd64 Packages
#7 1.776 Ign:8 http://deb.debian.org/debian stretch/main all Packages
#7 1.786 Ign:9 http://deb.debian.org/debian stretch-updates/main all Packages
#7 1.937 Ign:10 http://security.debian.org/debian-security stretch/updates/main amd64 Packages
#7 1.944 Ign:12 http://deb.debian.org/debian stretch-updates/main amd64 Packages
#7 1.948 Ign:11 http://security.debian.org/debian-security stretch/updates/main all Packages
#7 2.102 Ign:7 http://deb.debian.org/debian stretch/main amd64 Packages
#7 2.112 Ign:8 http://deb.debian.org/debian stretch/main all Packages
#7 2.120 Ign:10 http://security.debian.org/debian-security stretch/updates/main amd64 Packages
#7 2.122 Ign:9 http://deb.debian.org/debian stretch-updates/main all Packages
#7 2.130 Ign:11 http://security.debian.org/debian-security stretch/updates/main all Packages
#7 2.280 Ign:12 http://deb.debian.org/debian stretch-updates/main amd64 Packages
#7 2.438 Err:7 http://deb.debian.org/debian stretch/main amd64 Packages
#7 2.438   404  Not Found
#7 2.456 Ign:8 http://deb.debian.org/debian stretch/main all Packages
#7 2.458 Err:10 http://security.debian.org/debian-security stretch/updates/main amd64 Packages
#7 2.458   404  Not Found
#7 2.466 Ign:9 http://deb.debian.org/debian stretch-updates/main all Packages
#7 2.469 Ign:11 http://security.debian.org/debian-security stretch/updates/main all Packages
#7 2.624 Err:12 http://deb.debian.org/debian stretch-updates/main amd64 Packages
#7 2.624   404  Not Found
#7 2.627 Reading package lists...
#7 2.640 W: The repository 'http://security.debian.org/debian-security stretch/updates Release' does not have a Release file.
#7 2.640 W: The repository 'http://deb.debian.org/debian stretch Release' does not have a Release file.
#7 2.640 W: The repository 'http://deb.debian.org/debian stretch-updates Release' does not have a Release file.
#7 2.640 E: Failed to fetch http://security.debian.org/debian-security/dists/stretch/updates/main/binary-amd64/Packages  404  Not Found
#7 2.640 E: Failed to fetch http://deb.debian.org/debian/dists/stretch/main/binary-amd64/Packages  404  Not Found
#7 2.640 E: Failed to fetch http://deb.debian.org/debian/dists/stretch-updates/main/binary-amd64/Packages  404  Not Found
#7 2.640 E: Some index files failed to download. They have been ignored, or old ones used instead.
#7 ERROR: process "/bin/sh -c apt-get update && apt-get install -y     sqlite && rm -rf /var/lib/apt/lists/*" did not complete successfully: exit code: 100
------
 > [2/7] RUN apt-get update && apt-get install -y     sqlite && rm -rf /var/lib/apt/lists/*:
2.624 Err:12 http://deb.debian.org/debian stretch-updates/main amd64 Packages
2.624   404  Not Found
2.627 Reading package lists...
2.640 W: The repository 'http://security.debian.org/debian-security stretch/updates Release' does not have a Release file.
2.640 W: The repository 'http://deb.debian.org/debian stretch Release' does not have a Release file.
2.640 W: The repository 'http://deb.debian.org/debian stretch-updates Release' does not have a Release file.
2.640 E: Failed to fetch http://security.debian.org/debian-security/dists/stretch/updates/main/binary-amd64/Packages  404  Not Found
2.640 E: Failed to fetch http://deb.debian.org/debian/dists/stretch/main/binary-amd64/Packages  404  Not Found
2.640 E: Failed to fetch http://deb.debian.org/debian/dists/stretch-updates/main/binary-amd64/Packages  404  Not Found
2.640 E: Some index files failed to download. They have been ignored, or old ones used instead.
------
Dockerfile:6
--------------------
   5 |     # Install build-essential, sqlite in order
   6 | >>> RUN apt-get update && apt-get install -y \
   7 | >>>     sqlite \
   8 | >>> && rm -rf /var/lib/apt/lists/*
   9 |     
--------------------
ERROR: failed to solve: process "/bin/sh -c apt-get update && apt-get install -y     sqlite && rm -rf /var/lib/apt/lists/*" did not complete successfully: exit code: 100
Duration: 1:3.82