#0 building with "default" instance using docker driver

#1 [internal] load build definition from v1_Dockerfile
#1 transferring dockerfile: 321B done
#1 DONE 0.0s

#2 [internal] load metadata for docker.io/library/php:5.6-apache
#2 DONE 0.7s

#3 [internal] load .dockerignore
#3 transferring context: 173B done
#3 DONE 0.0s

#4 [1/3] FROM docker.io/library/php:5.6-apache@sha256:0a40fd273961b99d8afe69a61a68c73c04bc0caa9de384d3b2dd9e7986eec86d
#4 resolve docker.io/library/php:5.6-apache@sha256:0a40fd273961b99d8afe69a61a68c73c04bc0caa9de384d3b2dd9e7986eec86d 0.0s done
#4 sha256:95f5e2cf93f20c1cd5199f9be5e28097c0317086c4f3492bf33a7d0dc4176b94 3.04kB / 3.04kB done
#4 sha256:0a40fd273961b99d8afe69a61a68c73c04bc0caa9de384d3b2dd9e7986eec86d 2.06kB / 2.06kB done
#4 sha256:24c791995c1e498255393db857040793a7a040fa0f8ddd4bbe8fb230648e37d7 12.45kB / 12.45kB done
#4 sha256:5e6ec7f28fb77f84f64b8c29fcb0a746260563f5858315e3e9fcc4aee2844840 0B / 22.50MB 0.1s
#4 sha256:7bd37682846da479bcfb64459fa36e043d3380a77b401f6de5b862d00d8dcebf 0B / 67.44MB 0.1s
#4 sha256:cf165947b5b75ef63a7872634239e795a3063179895699dc8e0726f1039946b3 0B / 229B 0.1s
#4 sha256:5e6ec7f28fb77f84f64b8c29fcb0a746260563f5858315e3e9fcc4aee2844840 14.68MB / 22.50MB 0.3s
#4 sha256:cf165947b5b75ef63a7872634239e795a3063179895699dc8e0726f1039946b3 229B / 229B 0.2s done
#4 sha256:99daf8e838e14fb73055ddac03535d506dbf36a5a01c37497ff001c0dbd68f3e 0B / 181B 0.3s
#4 ...

#5 [internal] load build context
#5 transferring context: 22.19MB 0.3s done
#5 DONE 0.4s

#4 [1/3] FROM docker.io/library/php:5.6-apache@sha256:0a40fd273961b99d8afe69a61a68c73c04bc0caa9de384d3b2dd9e7986eec86d
#4 sha256:5e6ec7f28fb77f84f64b8c29fcb0a746260563f5858315e3e9fcc4aee2844840 22.50MB / 22.50MB 0.5s
#4 sha256:7bd37682846da479bcfb64459fa36e043d3380a77b401f6de5b862d00d8dcebf 11.53MB / 67.44MB 0.5s
#4 sha256:99daf8e838e14fb73055ddac03535d506dbf36a5a01c37497ff001c0dbd68f3e 181B / 181B 0.3s done
#4 sha256:ae320713efba9e138236c82142d67bd9d5f05ef4d4a3de877e7aa27d1456ce3e 0B / 17.13MB 0.5s
#4 sha256:5e6ec7f28fb77f84f64b8c29fcb0a746260563f5858315e3e9fcc4aee2844840 22.50MB / 22.50MB 0.5s done
#4 sha256:7bd37682846da479bcfb64459fa36e043d3380a77b401f6de5b862d00d8dcebf 16.78MB / 67.44MB 0.6s
#4 sha256:ae320713efba9e138236c82142d67bd9d5f05ef4d4a3de877e7aa27d1456ce3e 7.34MB / 17.13MB 0.6s
#4 extracting sha256:5e6ec7f28fb77f84f64b8c29fcb0a746260563f5858315e3e9fcc4aee2844840 0.1s
#4 sha256:ebcb99c48d8c8dd49d64a2d097966dacca7117b4381a54b6835b0afa487e9814 0B / 1.34kB 0.6s
#4 sha256:7bd37682846da479bcfb64459fa36e043d3380a77b401f6de5b862d00d8dcebf 22.02MB / 67.44MB 0.7s
#4 sha256:ae320713efba9e138236c82142d67bd9d5f05ef4d4a3de877e7aa27d1456ce3e 13.63MB / 17.13MB 0.7s
#4 sha256:ebcb99c48d8c8dd49d64a2d097966dacca7117b4381a54b6835b0afa487e9814 1.34kB / 1.34kB 0.6s done
#4 sha256:9867e71b4ab60b84952cf76ca4f3446e994d0760b3d6e16658417c496656dca2 0B / 430B 0.7s
#4 sha256:7bd37682846da479bcfb64459fa36e043d3380a77b401f6de5b862d00d8dcebf 29.36MB / 67.44MB 0.8s
#4 sha256:ae320713efba9e138236c82142d67bd9d5f05ef4d4a3de877e7aa27d1456ce3e 17.13MB / 17.13MB 0.8s
#4 sha256:9867e71b4ab60b84952cf76ca4f3446e994d0760b3d6e16658417c496656dca2 430B / 430B 0.8s
#4 sha256:7bd37682846da479bcfb64459fa36e043d3380a77b401f6de5b862d00d8dcebf 38.80MB / 67.44MB 0.9s
#4 sha256:ae320713efba9e138236c82142d67bd9d5f05ef4d4a3de877e7aa27d1456ce3e 17.13MB / 17.13MB 0.8s done
#4 sha256:9867e71b4ab60b84952cf76ca4f3446e994d0760b3d6e16658417c496656dca2 430B / 430B 0.8s done
#4 sha256:bc298e7adaf7d0aa550c78b610cf10f7c71a414aee30948f132c0102579a54b9 0B / 12.82MB 0.9s
#4 sha256:936eb418164ae6e2bb965f03cb699d969f0ed568d0f965d6f276c944511dbcfb 0B / 487B 0.9s
#4 sha256:7bd37682846da479bcfb64459fa36e043d3380a77b401f6de5b862d00d8dcebf 45.09MB / 67.44MB 1.0s
#4 sha256:bc298e7adaf7d0aa550c78b610cf10f7c71a414aee30948f132c0102579a54b9 3.15MB / 12.82MB 1.0s
#4 sha256:936eb418164ae6e2bb965f03cb699d969f0ed568d0f965d6f276c944511dbcfb 487B / 487B 0.9s done
#4 sha256:ccd61b587bcd1e85123c101e6bff7ab461b1070ca1758f6f6c53862a2a7b9d7f 0B / 498B 1.0s
#4 sha256:7bd37682846da479bcfb64459fa36e043d3380a77b401f6de5b862d00d8dcebf 51.38MB / 67.44MB 1.1s
#4 sha256:bc298e7adaf7d0aa550c78b610cf10f7c71a414aee30948f132c0102579a54b9 8.39MB / 12.82MB 1.1s
#4 sha256:ccd61b587bcd1e85123c101e6bff7ab461b1070ca1758f6f6c53862a2a7b9d7f 498B / 498B 1.0s done
#4 sha256:b2d4b347f67cc1279b9a7c3643a07d465ab3eac59b96b593be3466220747fd4e 0B / 9.73MB 1.1s
#4 sha256:7bd37682846da479bcfb64459fa36e043d3380a77b401f6de5b862d00d8dcebf 56.62MB / 67.44MB 1.2s
#4 sha256:bc298e7adaf7d0aa550c78b610cf10f7c71a414aee30948f132c0102579a54b9 12.82MB / 12.82MB 1.2s done
#4 sha256:b2d4b347f67cc1279b9a7c3643a07d465ab3eac59b96b593be3466220747fd4e 1.05MB / 9.73MB 1.2s
#4 sha256:7bd37682846da479bcfb64459fa36e043d3380a77b401f6de5b862d00d8dcebf 67.44MB / 67.44MB 1.4s
#4 sha256:b2d4b347f67cc1279b9a7c3643a07d465ab3eac59b96b593be3466220747fd4e 9.73MB / 9.73MB 1.4s
#4 sha256:56e9dde341528a1f5e6bde75bdc8679cb232d3d4c76c319bf4e6bfbaacf21ba7 2.20kB / 2.20kB 1.3s done
#4 sha256:9ad99b17eb781e5b1e2d8d71ea4327547e082ceb262544e100bb077da9695e75 0B / 906B 1.4s
#4 sha256:b2d4b347f67cc1279b9a7c3643a07d465ab3eac59b96b593be3466220747fd4e 9.73MB / 9.73MB 1.4s done
#4 sha256:9ad99b17eb781e5b1e2d8d71ea4327547e082ceb262544e100bb077da9695e75 906B / 906B 1.5s
#4 sha256:7bd37682846da479bcfb64459fa36e043d3380a77b401f6de5b862d00d8dcebf 67.44MB / 67.44MB 1.6s done
#4 sha256:9ad99b17eb781e5b1e2d8d71ea4327547e082ceb262544e100bb077da9695e75 906B / 906B 1.7s done
#4 extracting sha256:5e6ec7f28fb77f84f64b8c29fcb0a746260563f5858315e3e9fcc4aee2844840 1.6s done
#4 extracting sha256:cf165947b5b75ef63a7872634239e795a3063179895699dc8e0726f1039946b3
#4 extracting sha256:cf165947b5b75ef63a7872634239e795a3063179895699dc8e0726f1039946b3 done
#4 extracting sha256:7bd37682846da479bcfb64459fa36e043d3380a77b401f6de5b862d00d8dcebf
#4 extracting sha256:7bd37682846da479bcfb64459fa36e043d3380a77b401f6de5b862d00d8dcebf 3.3s done
#4 extracting sha256:99daf8e838e14fb73055ddac03535d506dbf36a5a01c37497ff001c0dbd68f3e
#4 extracting sha256:99daf8e838e14fb73055ddac03535d506dbf36a5a01c37497ff001c0dbd68f3e done
#4 extracting sha256:ae320713efba9e138236c82142d67bd9d5f05ef4d4a3de877e7aa27d1456ce3e 0.1s
#4 extracting sha256:ae320713efba9e138236c82142d67bd9d5f05ef4d4a3de877e7aa27d1456ce3e 0.6s done
#4 extracting sha256:ebcb99c48d8c8dd49d64a2d097966dacca7117b4381a54b6835b0afa487e9814 done
#4 extracting sha256:9867e71b4ab60b84952cf76ca4f3446e994d0760b3d6e16658417c496656dca2
#4 extracting sha256:9867e71b4ab60b84952cf76ca4f3446e994d0760b3d6e16658417c496656dca2 done
#4 extracting sha256:936eb418164ae6e2bb965f03cb699d969f0ed568d0f965d6f276c944511dbcfb done
#4 extracting sha256:bc298e7adaf7d0aa550c78b610cf10f7c71a414aee30948f132c0102579a54b9 0.1s
#4 extracting sha256:bc298e7adaf7d0aa550c78b610cf10f7c71a414aee30948f132c0102579a54b9 0.1s done
#4 extracting sha256:ccd61b587bcd1e85123c101e6bff7ab461b1070ca1758f6f6c53862a2a7b9d7f done
#4 extracting sha256:b2d4b347f67cc1279b9a7c3643a07d465ab3eac59b96b593be3466220747fd4e 0.1s
#4 extracting sha256:b2d4b347f67cc1279b9a7c3643a07d465ab3eac59b96b593be3466220747fd4e 0.5s done
#4 extracting sha256:56e9dde341528a1f5e6bde75bdc8679cb232d3d4c76c319bf4e6bfbaacf21ba7
#4 extracting sha256:56e9dde341528a1f5e6bde75bdc8679cb232d3d4c76c319bf4e6bfbaacf21ba7 done
#4 extracting sha256:9ad99b17eb781e5b1e2d8d71ea4327547e082ceb262544e100bb077da9695e75 done
#4 DONE 7.8s

#6 [2/3] RUN apt-get update &&     apt-get install --no-install-recommends -y         libxml2         libxml2-dev &&     docker-php-ext-install soap && rm -rf /var/lib/apt/lists/*;
#6 0.210 Ign:1 http://security.debian.org/debian-security stretch/updates InRelease
#6 0.213 Ign:2 http://deb.debian.org/debian stretch InRelease
#6 0.220 Ign:3 http://security.debian.org/debian-security stretch/updates Release
#6 0.224 Ign:4 http://deb.debian.org/debian stretch-updates InRelease
#6 0.229 Ign:5 http://security.debian.org/debian-security stretch/updates/main all Packages
#6 0.234 Ign:6 http://deb.debian.org/debian stretch Release
#6 0.238 Ign:7 http://security.debian.org/debian-security stretch/updates/main amd64 Packages
#6 0.244 Ign:8 http://deb.debian.org/debian stretch-updates Release
#6 0.247 Ign:5 http://security.debian.org/debian-security stretch/updates/main all Packages
#6 0.254 Ign:9 http://deb.debian.org/debian stretch/main amd64 Packages
#6 0.256 Ign:7 http://security.debian.org/debian-security stretch/updates/main amd64 Packages
#6 0.266 Ign:5 http://security.debian.org/debian-security stretch/updates/main all Packages
#6 0.275 Ign:7 http://security.debian.org/debian-security stretch/updates/main amd64 Packages
#6 0.285 Ign:5 http://security.debian.org/debian-security stretch/updates/main all Packages
#6 0.295 Ign:7 http://security.debian.org/debian-security stretch/updates/main amd64 Packages
#6 0.305 Ign:5 http://security.debian.org/debian-security stretch/updates/main all Packages
#6 0.317 Ign:7 http://security.debian.org/debian-security stretch/updates/main amd64 Packages
#6 0.326 Ign:5 http://security.debian.org/debian-security stretch/updates/main all Packages
#6 0.335 Err:7 http://security.debian.org/debian-security stretch/updates/main amd64 Packages
#6 0.335   404  Not Found [IP: 151.101.66.132 80]
#6 0.406 Ign:10 http://deb.debian.org/debian stretch/main all Packages
#6 0.554 Ign:11 http://deb.debian.org/debian stretch-updates/main all Packages
#6 0.563 Ign:12 http://deb.debian.org/debian stretch-updates/main amd64 Packages
#6 0.573 Ign:9 http://deb.debian.org/debian stretch/main amd64 Packages
#6 0.582 Ign:10 http://deb.debian.org/debian stretch/main all Packages
#6 0.592 Ign:11 http://deb.debian.org/debian stretch-updates/main all Packages
#6 0.601 Ign:12 http://deb.debian.org/debian stretch-updates/main amd64 Packages
#6 0.611 Ign:9 http://deb.debian.org/debian stretch/main amd64 Packages
#6 0.621 Ign:10 http://deb.debian.org/debian stretch/main all Packages
#6 0.631 Ign:11 http://deb.debian.org/debian stretch-updates/main all Packages
#6 0.642 Ign:12 http://deb.debian.org/debian stretch-updates/main amd64 Packages
#6 0.651 Ign:9 http://deb.debian.org/debian stretch/main amd64 Packages
#6 0.661 Ign:10 http://deb.debian.org/debian stretch/main all Packages
#6 0.670 Ign:11 http://deb.debian.org/debian stretch-updates/main all Packages
#6 0.679 Ign:12 http://deb.debian.org/debian stretch-updates/main amd64 Packages
#6 0.690 Ign:9 http://deb.debian.org/debian stretch/main amd64 Packages
#6 0.700 Ign:10 http://deb.debian.org/debian stretch/main all Packages
#6 0.709 Ign:11 http://deb.debian.org/debian stretch-updates/main all Packages
#6 0.718 Ign:12 http://deb.debian.org/debian stretch-updates/main amd64 Packages
#6 0.728 Err:9 http://deb.debian.org/debian stretch/main amd64 Packages
#6 0.728   404  Not Found
#6 0.745 Ign:10 http://deb.debian.org/debian stretch/main all Packages
#6 0.756 Ign:11 http://deb.debian.org/debian stretch-updates/main all Packages
#6 0.765 Err:12 http://deb.debian.org/debian stretch-updates/main amd64 Packages
#6 0.765   404  Not Found
#6 0.767 Reading package lists...
#6 0.775 W: The repository 'http://security.debian.org/debian-security stretch/updates Release' does not have a Release file.
#6 0.775 W: The repository 'http://deb.debian.org/debian stretch Release' does not have a Release file.
#6 0.775 W: The repository 'http://deb.debian.org/debian stretch-updates Release' does not have a Release file.
#6 0.775 E: Failed to fetch http://security.debian.org/debian-security/dists/stretch/updates/main/binary-amd64/Packages  404  Not Found [IP: 151.101.66.132 80]
#6 0.775 E: Failed to fetch http://deb.debian.org/debian/dists/stretch/main/binary-amd64/Packages  404  Not Found
#6 0.775 E: Failed to fetch http://deb.debian.org/debian/dists/stretch-updates/main/binary-amd64/Packages  404  Not Found
#6 0.775 E: Some index files failed to download. They have been ignored, or old ones used instead.
#6 ERROR: process "/bin/sh -c apt-get update &&     apt-get install --no-install-recommends -y         libxml2         libxml2-dev &&     docker-php-ext-install soap && rm -rf /var/lib/apt/lists/*;" did not complete successfully: exit code: 100
------
 > [2/3] RUN apt-get update &&     apt-get install --no-install-recommends -y         libxml2         libxml2-dev &&     docker-php-ext-install soap && rm -rf /var/lib/apt/lists/*;:
0.765 Err:12 http://deb.debian.org/debian stretch-updates/main amd64 Packages
0.765   404  Not Found
0.767 Reading package lists...
0.775 W: The repository 'http://security.debian.org/debian-security stretch/updates Release' does not have a Release file.
0.775 W: The repository 'http://deb.debian.org/debian stretch Release' does not have a Release file.
0.775 W: The repository 'http://deb.debian.org/debian stretch-updates Release' does not have a Release file.
0.775 E: Failed to fetch http://security.debian.org/debian-security/dists/stretch/updates/main/binary-amd64/Packages  404  Not Found [IP: 151.101.66.132 80]
0.775 E: Failed to fetch http://deb.debian.org/debian/dists/stretch/main/binary-amd64/Packages  404  Not Found
0.775 E: Failed to fetch http://deb.debian.org/debian/dists/stretch-updates/main/binary-amd64/Packages  404  Not Found
0.775 E: Some index files failed to download. They have been ignored, or old ones used instead.
------
v1_Dockerfile:2
--------------------
   1 |     FROM php:5.6-apache
   2 | >>> RUN apt-get update && \
   3 | >>>     apt-get install --no-install-recommends -y \
   4 | >>>         libxml2 \
   5 | >>>         libxml2-dev && \
   6 | >>>     docker-php-ext-install soap && rm -rf /var/lib/apt/lists/*;
   7 |     COPY . /var/www/html
--------------------
ERROR: failed to solve: process "/bin/sh -c apt-get update &&     apt-get install --no-install-recommends -y         libxml2         libxml2-dev &&     docker-php-ext-install soap && rm -rf /var/lib/apt/lists/*;" did not complete successfully: exit code: 100
Duration: 0:11.70