#0 building with "default" instance using docker driver

#1 [internal] load build definition from v1_Dockerfile
#1 transferring dockerfile: 215B done
#1 DONE 0.0s

#2 [internal] load metadata for docker.io/ababy/python-deepnude:latest
#2 ...

#3 [auth] ababy/python-deepnude:pull token for registry-1.docker.io
#3 DONE 0.0s

#2 [internal] load metadata for docker.io/ababy/python-deepnude:latest
#2 DONE 0.9s

#4 [internal] load .dockerignore
#4 transferring context: 2B done
#4 DONE 0.0s

#5 [1/2] FROM docker.io/ababy/python-deepnude:latest@sha256:3d7571ee8c4e10de2dca840b57cb4ffaaf35503182c0b8884aec4760ce7c76fc
#5 resolve docker.io/ababy/python-deepnude:latest@sha256:3d7571ee8c4e10de2dca840b57cb4ffaaf35503182c0b8884aec4760ce7c76fc 0.0s done
#5 sha256:7596bb83081b6c8410df557d538a0ae45922cbf81e469c6f4cfa835247cb24ab 0B / 4.34MB 0.1s
#5 sha256:6f2f362378c5a6fd915d96d11dda1e0223ccf213bf121ace56ae0f6616ea1dc8 0B / 45.34MB 0.1s
#5 sha256:029f1fbfbb8ec4c41b3d467d10e18f82e7bb70d03209e8ec82e5ca5f32b54e8b 8.32kB / 8.32kB done
#5 sha256:3d7571ee8c4e10de2dca840b57cb4ffaaf35503182c0b8884aec4760ce7c76fc 2.64kB / 2.64kB done
#5 sha256:494c27a8a6b820f9167ec7e368b3a9bb47d7029f4dc8c97c67091f3757a5bc4e 0B / 10.79MB 0.1s
#5 sha256:6f2f362378c5a6fd915d96d11dda1e0223ccf213bf121ace56ae0f6616ea1dc8 3.15MB / 45.34MB 0.2s
#5 sha256:7596bb83081b6c8410df557d538a0ae45922cbf81e469c6f4cfa835247cb24ab 2.10MB / 4.34MB 0.4s
#5 sha256:6f2f362378c5a6fd915d96d11dda1e0223ccf213bf121ace56ae0f6616ea1dc8 14.68MB / 45.34MB 0.4s
#5 sha256:494c27a8a6b820f9167ec7e368b3a9bb47d7029f4dc8c97c67091f3757a5bc4e 4.19MB / 10.79MB 0.4s
#5 sha256:7596bb83081b6c8410df557d538a0ae45922cbf81e469c6f4cfa835247cb24ab 4.34MB / 4.34MB 0.4s done
#5 sha256:6f2f362378c5a6fd915d96d11dda1e0223ccf213bf121ace56ae0f6616ea1dc8 26.21MB / 45.34MB 0.6s
#5 sha256:494c27a8a6b820f9167ec7e368b3a9bb47d7029f4dc8c97c67091f3757a5bc4e 10.79MB / 10.79MB 0.5s done
#5 sha256:372744b62d49eba993652ee4a1201801fe278b687d85489101e07e7b9a4900e0 3.15MB / 50.07MB 0.6s
#5 sha256:615db220d76c063138a2e6c5849703a7a80d682a682f7e1a841e6e7ed5f43879 0B / 215.08MB 0.6s
#5 sha256:6f2f362378c5a6fd915d96d11dda1e0223ccf213bf121ace56ae0f6616ea1dc8 30.41MB / 45.34MB 0.7s
#5 sha256:372744b62d49eba993652ee4a1201801fe278b687d85489101e07e7b9a4900e0 7.34MB / 50.07MB 0.7s
#5 sha256:6f2f362378c5a6fd915d96d11dda1e0223ccf213bf121ace56ae0f6616ea1dc8 36.70MB / 45.34MB 0.9s
#5 sha256:372744b62d49eba993652ee4a1201801fe278b687d85489101e07e7b9a4900e0 13.63MB / 50.07MB 0.9s
#5 sha256:6f2f362378c5a6fd915d96d11dda1e0223ccf213bf121ace56ae0f6616ea1dc8 45.34MB / 45.34MB 1.1s
#5 sha256:372744b62d49eba993652ee4a1201801fe278b687d85489101e07e7b9a4900e0 22.02MB / 50.07MB 1.1s
#5 sha256:615db220d76c063138a2e6c5849703a7a80d682a682f7e1a841e6e7ed5f43879 19.92MB / 215.08MB 1.1s
#5 sha256:372744b62d49eba993652ee4a1201801fe278b687d85489101e07e7b9a4900e0 28.31MB / 50.07MB 1.2s
#5 sha256:6f2f362378c5a6fd915d96d11dda1e0223ccf213bf121ace56ae0f6616ea1dc8 45.34MB / 45.34MB 1.2s done
#5 sha256:372744b62d49eba993652ee4a1201801fe278b687d85489101e07e7b9a4900e0 33.55MB / 50.07MB 1.3s
#5 extracting sha256:6f2f362378c5a6fd915d96d11dda1e0223ccf213bf121ace56ae0f6616ea1dc8 0.1s
#5 sha256:39aa0c89bda1ee16e94ab7039cb0b9a9fce8a390769c2194aaf5fdf0ae1a2bdd 0B / 5.83MB 1.3s
#5 sha256:372744b62d49eba993652ee4a1201801fe278b687d85489101e07e7b9a4900e0 37.75MB / 50.07MB 1.4s
#5 sha256:615db220d76c063138a2e6c5849703a7a80d682a682f7e1a841e6e7ed5f43879 32.51MB / 215.08MB 1.4s
#5 sha256:39aa0c89bda1ee16e94ab7039cb0b9a9fce8a390769c2194aaf5fdf0ae1a2bdd 3.15MB / 5.83MB 1.4s
#5 sha256:372744b62d49eba993652ee4a1201801fe278b687d85489101e07e7b9a4900e0 41.94MB / 50.07MB 1.5s
#5 sha256:39aa0c89bda1ee16e94ab7039cb0b9a9fce8a390769c2194aaf5fdf0ae1a2bdd 5.83MB / 5.83MB 1.5s done
#5 sha256:372744b62d49eba993652ee4a1201801fe278b687d85489101e07e7b9a4900e0 47.19MB / 50.07MB 1.6s
#5 sha256:da1dae8da560139dccae2e23decf8f2af372c1ba36a6c195b915c4742cb7eb02 0B / 22.50MB 1.6s
#5 sha256:372744b62d49eba993652ee4a1201801fe278b687d85489101e07e7b9a4900e0 50.07MB / 50.07MB 1.7s
#5 sha256:615db220d76c063138a2e6c5849703a7a80d682a682f7e1a841e6e7ed5f43879 50.33MB / 215.08MB 1.7s
#5 sha256:372744b62d49eba993652ee4a1201801fe278b687d85489101e07e7b9a4900e0 50.07MB / 50.07MB 1.8s done
#5 sha256:615db220d76c063138a2e6c5849703a7a80d682a682f7e1a841e6e7ed5f43879 69.21MB / 215.08MB 1.9s
#5 sha256:da1dae8da560139dccae2e23decf8f2af372c1ba36a6c195b915c4742cb7eb02 2.10MB / 22.50MB 1.9s
#5 sha256:3b8162139e71c974605808df30b4081f49e461ba4137725521bee81b237007f6 0B / 243B 1.9s
#5 sha256:da1dae8da560139dccae2e23decf8f2af372c1ba36a6c195b915c4742cb7eb02 5.24MB / 22.50MB 2.0s
#5 sha256:3b8162139e71c974605808df30b4081f49e461ba4137725521bee81b237007f6 243B / 243B 2.0s done
#5 sha256:f94aa49947d35cb0d320efdcc96c062742de056e3c776dbf953f4cdb0beb9364 0B / 1.82MB 2.0s
#5 sha256:615db220d76c063138a2e6c5849703a7a80d682a682f7e1a841e6e7ed5f43879 87.03MB / 215.08MB 2.2s
#5 sha256:da1dae8da560139dccae2e23decf8f2af372c1ba36a6c195b915c4742cb7eb02 14.68MB / 22.50MB 2.2s
#5 sha256:615db220d76c063138a2e6c5849703a7a80d682a682f7e1a841e6e7ed5f43879 99.61MB / 215.08MB 2.4s
#5 sha256:da1dae8da560139dccae2e23decf8f2af372c1ba36a6c195b915c4742cb7eb02 22.50MB / 22.50MB 2.4s done
#5 sha256:f94aa49947d35cb0d320efdcc96c062742de056e3c776dbf953f4cdb0beb9364 1.82MB / 1.82MB 2.2s done
#5 sha256:8f1f89c2ca6cea086612f496a0ec2129fb17e97e69e27b439de13ae29e81ce94 0B / 1.80GB 2.4s
#5 sha256:0558c2c7813dab7c132c6421fb2f3ab441d18ae2cae13f4cbb10b47b74409beb 0B / 63.68MB 2.4s
#5 sha256:615db220d76c063138a2e6c5849703a7a80d682a682f7e1a841e6e7ed5f43879 115.34MB / 215.08MB 2.6s
#5 sha256:615db220d76c063138a2e6c5849703a7a80d682a682f7e1a841e6e7ed5f43879 127.93MB / 215.08MB 2.8s
#5 sha256:0558c2c7813dab7c132c6421fb2f3ab441d18ae2cae13f4cbb10b47b74409beb 4.19MB / 63.68MB 2.9s
#5 sha256:615db220d76c063138a2e6c5849703a7a80d682a682f7e1a841e6e7ed5f43879 141.56MB / 215.08MB 3.1s
#5 sha256:0558c2c7813dab7c132c6421fb2f3ab441d18ae2cae13f4cbb10b47b74409beb 11.53MB / 63.68MB 3.1s
#5 sha256:0558c2c7813dab7c132c6421fb2f3ab441d18ae2cae13f4cbb10b47b74409beb 18.87MB / 63.68MB 3.3s
#5 sha256:615db220d76c063138a2e6c5849703a7a80d682a682f7e1a841e6e7ed5f43879 157.29MB / 215.08MB 3.5s
#5 sha256:0558c2c7813dab7c132c6421fb2f3ab441d18ae2cae13f4cbb10b47b74409beb 26.21MB / 63.68MB 3.5s
#5 sha256:0558c2c7813dab7c132c6421fb2f3ab441d18ae2cae13f4cbb10b47b74409beb 31.46MB / 63.68MB 3.6s
#5 sha256:615db220d76c063138a2e6c5849703a7a80d682a682f7e1a841e6e7ed5f43879 169.87MB / 215.08MB 3.8s
#5 sha256:0558c2c7813dab7c132c6421fb2f3ab441d18ae2cae13f4cbb10b47b74409beb 37.75MB / 63.68MB 3.8s
#5 sha256:0558c2c7813dab7c132c6421fb2f3ab441d18ae2cae13f4cbb10b47b74409beb 45.09MB / 63.68MB 4.0s
#5 sha256:615db220d76c063138a2e6c5849703a7a80d682a682f7e1a841e6e7ed5f43879 182.45MB / 215.08MB 4.1s
#5 sha256:0558c2c7813dab7c132c6421fb2f3ab441d18ae2cae13f4cbb10b47b74409beb 49.28MB / 63.68MB 4.1s
#5 extracting sha256:6f2f362378c5a6fd915d96d11dda1e0223ccf213bf121ace56ae0f6616ea1dc8 3.1s done
#5 sha256:0558c2c7813dab7c132c6421fb2f3ab441d18ae2cae13f4cbb10b47b74409beb 57.67MB / 63.68MB 4.3s
#5 extracting sha256:494c27a8a6b820f9167ec7e368b3a9bb47d7029f4dc8c97c67091f3757a5bc4e
#5 sha256:615db220d76c063138a2e6c5849703a7a80d682a682f7e1a841e6e7ed5f43879 196.08MB / 215.08MB 4.5s
#5 sha256:0558c2c7813dab7c132c6421fb2f3ab441d18ae2cae13f4cbb10b47b74409beb 63.68MB / 63.68MB 4.5s
#5 sha256:8f1f89c2ca6cea086612f496a0ec2129fb17e97e69e27b439de13ae29e81ce94 92.27MB / 1.80GB 4.6s
#5 sha256:615db220d76c063138a2e6c5849703a7a80d682a682f7e1a841e6e7ed5f43879 210.76MB / 215.08MB 4.7s
#5 sha256:0558c2c7813dab7c132c6421fb2f3ab441d18ae2cae13f4cbb10b47b74409beb 63.68MB / 63.68MB 4.7s done
#5 extracting sha256:494c27a8a6b820f9167ec7e368b3a9bb47d7029f4dc8c97c67091f3757a5bc4e 0.5s done
#5 extracting sha256:7596bb83081b6c8410df557d538a0ae45922cbf81e469c6f4cfa835247cb24ab
#5 extracting sha256:7596bb83081b6c8410df557d538a0ae45922cbf81e469c6f4cfa835247cb24ab 0.3s done
#5 sha256:615db220d76c063138a2e6c5849703a7a80d682a682f7e1a841e6e7ed5f43879 215.08MB / 215.08MB 5.6s done
#5 extracting sha256:372744b62d49eba993652ee4a1201801fe278b687d85489101e07e7b9a4900e0
#5 sha256:8f1f89c2ca6cea086612f496a0ec2129fb17e97e69e27b439de13ae29e81ce94 192.94MB / 1.80GB 5.8s
#5 sha256:8f1f89c2ca6cea086612f496a0ec2129fb17e97e69e27b439de13ae29e81ce94 291.50MB / 1.80GB 6.8s
#5 sha256:8f1f89c2ca6cea086612f496a0ec2129fb17e97e69e27b439de13ae29e81ce94 382.73MB / 1.80GB 7.8s
#5 sha256:8f1f89c2ca6cea086612f496a0ec2129fb17e97e69e27b439de13ae29e81ce94 473.96MB / 1.80GB 8.9s
#5 extracting sha256:372744b62d49eba993652ee4a1201801fe278b687d85489101e07e7b9a4900e0 3.2s done
#5 extracting sha256:615db220d76c063138a2e6c5849703a7a80d682a682f7e1a841e6e7ed5f43879
#5 sha256:8f1f89c2ca6cea086612f496a0ec2129fb17e97e69e27b439de13ae29e81ce94 570.43MB / 1.80GB 9.8s
#5 sha256:8f1f89c2ca6cea086612f496a0ec2129fb17e97e69e27b439de13ae29e81ce94 671.09MB / 1.80GB 11.0s
#5 sha256:8f1f89c2ca6cea086612f496a0ec2129fb17e97e69e27b439de13ae29e81ce94 767.56MB / 1.80GB 11.9s
#5 sha256:8f1f89c2ca6cea086612f496a0ec2129fb17e97e69e27b439de13ae29e81ce94 859.83MB / 1.80GB 12.9s
#5 sha256:8f1f89c2ca6cea086612f496a0ec2129fb17e97e69e27b439de13ae29e81ce94 952.11MB / 1.80GB 13.8s
#5 extracting sha256:615db220d76c063138a2e6c5849703a7a80d682a682f7e1a841e6e7ed5f43879 5.0s
#5 sha256:8f1f89c2ca6cea086612f496a0ec2129fb17e97e69e27b439de13ae29e81ce94 1.05GB / 1.80GB 14.7s
#5 sha256:8f1f89c2ca6cea086612f496a0ec2129fb17e97e69e27b439de13ae29e81ce94 1.14GB / 1.80GB 15.6s
#5 sha256:8f1f89c2ca6cea086612f496a0ec2129fb17e97e69e27b439de13ae29e81ce94 1.24GB / 1.80GB 16.5s
#5 sha256:8f1f89c2ca6cea086612f496a0ec2129fb17e97e69e27b439de13ae29e81ce94 1.33GB / 1.80GB 17.4s
#5 sha256:8f1f89c2ca6cea086612f496a0ec2129fb17e97e69e27b439de13ae29e81ce94 1.43GB / 1.80GB 18.4s
#5 extracting sha256:615db220d76c063138a2e6c5849703a7a80d682a682f7e1a841e6e7ed5f43879 10.1s
#5 sha256:8f1f89c2ca6cea086612f496a0ec2129fb17e97e69e27b439de13ae29e81ce94 1.53GB / 1.80GB 19.3s
#5 sha256:8f1f89c2ca6cea086612f496a0ec2129fb17e97e69e27b439de13ae29e81ce94 1.62GB / 1.80GB 20.2s
#5 extracting sha256:615db220d76c063138a2e6c5849703a7a80d682a682f7e1a841e6e7ed5f43879 11.5s done
#5 extracting sha256:39aa0c89bda1ee16e94ab7039cb0b9a9fce8a390769c2194aaf5fdf0ae1a2bdd 0.1s
#5 sha256:8f1f89c2ca6cea086612f496a0ec2129fb17e97e69e27b439de13ae29e81ce94 1.72GB / 1.80GB 21.3s
#5 extracting sha256:39aa0c89bda1ee16e94ab7039cb0b9a9fce8a390769c2194aaf5fdf0ae1a2bdd 0.4s done
#5 extracting sha256:da1dae8da560139dccae2e23decf8f2af372c1ba36a6c195b915c4742cb7eb02 0.1s
#5 extracting sha256:da1dae8da560139dccae2e23decf8f2af372c1ba36a6c195b915c4742cb7eb02 1.0s done
#5 extracting sha256:3b8162139e71c974605808df30b4081f49e461ba4137725521bee81b237007f6
#5 extracting sha256:3b8162139e71c974605808df30b4081f49e461ba4137725521bee81b237007f6 done
#5 extracting sha256:f94aa49947d35cb0d320efdcc96c062742de056e3c776dbf953f4cdb0beb9364 0.1s
#5 extracting sha256:f94aa49947d35cb0d320efdcc96c062742de056e3c776dbf953f4cdb0beb9364 0.2s done
#5 sha256:8f1f89c2ca6cea086612f496a0ec2129fb17e97e69e27b439de13ae29e81ce94 1.80GB / 1.80GB 26.3s
#5 sha256:8f1f89c2ca6cea086612f496a0ec2129fb17e97e69e27b439de13ae29e81ce94 1.80GB / 1.80GB 31.3s
#5 extracting sha256:8f1f89c2ca6cea086612f496a0ec2129fb17e97e69e27b439de13ae29e81ce94
#5 sha256:8f1f89c2ca6cea086612f496a0ec2129fb17e97e69e27b439de13ae29e81ce94 1.80GB / 1.80GB 33.8s done
#5 extracting sha256:8f1f89c2ca6cea086612f496a0ec2129fb17e97e69e27b439de13ae29e81ce94 5.0s
#5 extracting sha256:8f1f89c2ca6cea086612f496a0ec2129fb17e97e69e27b439de13ae29e81ce94 10.1s
#5 extracting sha256:8f1f89c2ca6cea086612f496a0ec2129fb17e97e69e27b439de13ae29e81ce94 15.1s
#5 extracting sha256:8f1f89c2ca6cea086612f496a0ec2129fb17e97e69e27b439de13ae29e81ce94 20.1s
#5 extracting sha256:8f1f89c2ca6cea086612f496a0ec2129fb17e97e69e27b439de13ae29e81ce94 24.9s done
#5 extracting sha256:0558c2c7813dab7c132c6421fb2f3ab441d18ae2cae13f4cbb10b47b74409beb
#5 extracting sha256:0558c2c7813dab7c132c6421fb2f3ab441d18ae2cae13f4cbb10b47b74409beb 1.3s done
#5 DONE 64.0s

#6 [2/2] RUN apt-get update && apt-get install -y ffmpeg && pip install ffmpeg-python
#6 0.751 Ign:1 http://deb.debian.org/debian stretch InRelease
#6 0.751 Ign:2 http://security.debian.org/debian-security stretch/updates InRelease
#6 0.762 Ign:3 http://deb.debian.org/debian stretch-updates InRelease
#6 0.766 Ign:4 http://security.debian.org/debian-security stretch/updates Release
#6 0.773 Ign:5 http://deb.debian.org/debian stretch Release
#6 0.777 Ign:6 http://security.debian.org/debian-security stretch/updates/main all Packages
#6 0.784 Ign:7 http://deb.debian.org/debian stretch-updates Release
#6 0.790 Ign:8 http://security.debian.org/debian-security stretch/updates/main amd64 Packages
#6 0.797 Ign:9 http://deb.debian.org/debian stretch/main amd64 Packages
#6 0.801 Ign:6 http://security.debian.org/debian-security stretch/updates/main all Packages
#6 0.808 Ign:10 http://deb.debian.org/debian stretch/main all Packages
#6 0.815 Ign:8 http://security.debian.org/debian-security stretch/updates/main amd64 Packages
#6 0.820 Ign:11 http://deb.debian.org/debian stretch-updates/main amd64 Packages
#6 0.825 Ign:6 http://security.debian.org/debian-security stretch/updates/main all Packages
#6 0.829 Ign:12 http://deb.debian.org/debian stretch-updates/main all Packages
#6 0.836 Ign:8 http://security.debian.org/debian-security stretch/updates/main amd64 Packages
#6 0.847 Ign:6 http://security.debian.org/debian-security stretch/updates/main all Packages
#6 0.858 Ign:8 http://security.debian.org/debian-security stretch/updates/main amd64 Packages
#6 0.869 Ign:6 http://security.debian.org/debian-security stretch/updates/main all Packages
#6 0.881 Ign:8 http://security.debian.org/debian-security stretch/updates/main amd64 Packages
#6 0.893 Ign:6 http://security.debian.org/debian-security stretch/updates/main all Packages
#6 0.902 Err:8 http://security.debian.org/debian-security stretch/updates/main amd64 Packages
#6 0.902   404  Not Found
#6 0.978 Ign:9 http://deb.debian.org/debian stretch/main amd64 Packages
#6 0.988 Ign:10 http://deb.debian.org/debian stretch/main all Packages
#6 0.999 Ign:11 http://deb.debian.org/debian stretch-updates/main amd64 Packages
#6 1.011 Ign:12 http://deb.debian.org/debian stretch-updates/main all Packages
#6 1.023 Ign:9 http://deb.debian.org/debian stretch/main amd64 Packages
#6 1.035 Ign:10 http://deb.debian.org/debian stretch/main all Packages
#6 1.044 Ign:11 http://deb.debian.org/debian stretch-updates/main amd64 Packages
#6 1.055 Ign:12 http://deb.debian.org/debian stretch-updates/main all Packages
#6 1.209 Ign:9 http://deb.debian.org/debian stretch/main amd64 Packages
#6 1.220 Ign:10 http://deb.debian.org/debian stretch/main all Packages
#6 1.232 Ign:11 http://deb.debian.org/debian stretch-updates/main amd64 Packages
#6 1.242 Ign:12 http://deb.debian.org/debian stretch-updates/main all Packages
#6 1.256 Ign:9 http://deb.debian.org/debian stretch/main amd64 Packages
#6 1.264 Ign:10 http://deb.debian.org/debian stretch/main all Packages
#6 1.276 Ign:11 http://deb.debian.org/debian stretch-updates/main amd64 Packages
#6 1.287 Ign:12 http://deb.debian.org/debian stretch-updates/main all Packages
#6 1.298 Err:9 http://deb.debian.org/debian stretch/main amd64 Packages
#6 1.298   404  Not Found
#6 1.318 Ign:10 http://deb.debian.org/debian stretch/main all Packages
#6 1.328 Err:11 http://deb.debian.org/debian stretch-updates/main amd64 Packages
#6 1.328   404  Not Found
#6 1.339 Ign:12 http://deb.debian.org/debian stretch-updates/main all Packages
#6 1.345 Reading package lists...
#6 1.356 W: The repository 'http://security.debian.org/debian-security stretch/updates Release' does not have a Release file.
#6 1.356 W: The repository 'http://deb.debian.org/debian stretch Release' does not have a Release file.
#6 1.356 W: The repository 'http://deb.debian.org/debian stretch-updates Release' does not have a Release file.
#6 1.356 E: Failed to fetch http://security.debian.org/debian-security/dists/stretch/updates/main/binary-amd64/Packages  404  Not Found
#6 1.356 E: Failed to fetch http://deb.debian.org/debian/dists/stretch/main/binary-amd64/Packages  404  Not Found
#6 1.356 E: Failed to fetch http://deb.debian.org/debian/dists/stretch-updates/main/binary-amd64/Packages  404  Not Found
#6 1.356 E: Some index files failed to download. They have been ignored, or old ones used instead.
#6 ERROR: process "/bin/sh -c apt-get update && apt-get install -y ffmpeg && pip install ffmpeg-python" did not complete successfully: exit code: 100
------
 > [2/2] RUN apt-get update && apt-get install -y ffmpeg && pip install ffmpeg-python:
1.328   404  Not Found
1.339 Ign:12 http://deb.debian.org/debian stretch-updates/main all Packages
1.345 Reading package lists...
1.356 W: The repository 'http://security.debian.org/debian-security stretch/updates Release' does not have a Release file.
1.356 W: The repository 'http://deb.debian.org/debian stretch Release' does not have a Release file.
1.356 W: The repository 'http://deb.debian.org/debian stretch-updates Release' does not have a Release file.
1.356 E: Failed to fetch http://security.debian.org/debian-security/dists/stretch/updates/main/binary-amd64/Packages  404  Not Found
1.356 E: Failed to fetch http://deb.debian.org/debian/dists/stretch/main/binary-amd64/Packages  404  Not Found
1.356 E: Failed to fetch http://deb.debian.org/debian/dists/stretch-updates/main/binary-amd64/Packages  404  Not Found
1.356 E: Some index files failed to download. They have been ignored, or old ones used instead.
------
v1_Dockerfile:3
--------------------
   1 |     # Dockerfile
   2 |     FROM ababy/python-deepnude
   3 | >>> RUN apt-get update && apt-get install -y ffmpeg && pip install ffmpeg-python
--------------------
ERROR: failed to solve: process "/bin/sh -c apt-get update && apt-get install -y ffmpeg && pip install ffmpeg-python" did not complete successfully: exit code: 100
Duration: 1:33.84