#0 building with "default" instance using docker driver

#1 [internal] load build definition from v3_Dockerfile
#1 transferring dockerfile: 33B
#1 transferring dockerfile: 1.32kB done
#1 DONE 0.5s

#2 [internal] load .dockerignore
#2 transferring context: 51B done
#2 DONE 0.4s

#3 [internal] load metadata for docker.io/davidcaste/alpine-tomcat:jdk8tomcat7
#3 DONE 0.8s

#4 [1/6] FROM docker.io/davidcaste/alpine-tomcat:jdk8tomcat7@sha256:9fd9c74e8e7068d226f48f35c3094c829f7a792d3de278f9d9a65a9633335986
#4 resolve docker.io/davidcaste/alpine-tomcat:jdk8tomcat7@sha256:9fd9c74e8e7068d226f48f35c3094c829f7a792d3de278f9d9a65a9633335986 0.1s done
#4 sha256:9fd9c74e8e7068d226f48f35c3094c829f7a792d3de278f9d9a65a9633335986 1.58kB / 1.58kB done
#4 sha256:c38029b6005b7fbb61c13d284c34c8c2d7328144ff9f2ca665f4928f647101df 8.60kB / 8.60kB done
#4 sha256:5774568e23427ca41d8dbae9102fc671e42ac72d5791c6c16d24fd382a32257a 0B / 3.66MB 0.3s
#4 sha256:1451fd43a83823140abeac577a1435b01268822802b504940db39ef9f98e822f 0B / 62.38MB 0.3s
#4 ...

#5 [internal] load build context
#5 transferring context: 1.25kB done
#5 DONE 0.4s

#4 [1/6] FROM docker.io/davidcaste/alpine-tomcat:jdk8tomcat7@sha256:9fd9c74e8e7068d226f48f35c3094c829f7a792d3de278f9d9a65a9633335986
#4 sha256:5774568e23427ca41d8dbae9102fc671e42ac72d5791c6c16d24fd382a32257a 3.66MB / 3.66MB 0.4s
#4 sha256:e110a4a1794126ef308a49f2d65785af2f25538f06700721aad8283b81fdfa58 0B / 2.31MB 0.4s
#4 sha256:5774568e23427ca41d8dbae9102fc671e42ac72d5791c6c16d24fd382a32257a 3.66MB / 3.66MB 0.4s done
#4 sha256:1451fd43a83823140abeac577a1435b01268822802b504940db39ef9f98e822f 5.24MB / 62.38MB 0.5s
#4 sha256:1451fd43a83823140abeac577a1435b01268822802b504940db39ef9f98e822f 12.59MB / 62.38MB 0.7s
#4 sha256:446848f24fdb6f45daae2837e365395a382e88328952a4883b43df837078c863 1.05MB / 7.54MB 0.6s
#4 sha256:1451fd43a83823140abeac577a1435b01268822802b504940db39ef9f98e822f 16.78MB / 62.38MB 0.8s
#4 sha256:e110a4a1794126ef308a49f2d65785af2f25538f06700721aad8283b81fdfa58 2.31MB / 2.31MB 0.8s
#4 sha256:446848f24fdb6f45daae2837e365395a382e88328952a4883b43df837078c863 6.29MB / 7.54MB 0.8s
#4 sha256:e110a4a1794126ef308a49f2d65785af2f25538f06700721aad8283b81fdfa58 2.31MB / 2.31MB 0.8s done
#4 sha256:446848f24fdb6f45daae2837e365395a382e88328952a4883b43df837078c863 7.54MB / 7.54MB 0.9s
#4 extracting sha256:e110a4a1794126ef308a49f2d65785af2f25538f06700721aad8283b81fdfa58 0.1s
#4 sha256:1451fd43a83823140abeac577a1435b01268822802b504940db39ef9f98e822f 28.31MB / 62.38MB 1.1s
#4 sha256:446848f24fdb6f45daae2837e365395a382e88328952a4883b43df837078c863 7.54MB / 7.54MB 0.9s done
#4 extracting sha256:e110a4a1794126ef308a49f2d65785af2f25538f06700721aad8283b81fdfa58 0.2s done
#4 sha256:f0fc79891d87f822ce5c498a3276829842f20d6211aab82a08f9bbf55b7fa5e2 0B / 2.62kB 1.1s
#4 sha256:1451fd43a83823140abeac577a1435b01268822802b504940db39ef9f98e822f 42.99MB / 62.38MB 1.3s
#4 sha256:f0fc79891d87f822ce5c498a3276829842f20d6211aab82a08f9bbf55b7fa5e2 2.62kB / 2.62kB 1.2s done
#4 sha256:2c6ea2638105ce0ac5e5e7627674ef3db37ecb282835fa54608c144f5106f02e 0B / 1.12kB 1.3s
#4 sha256:1451fd43a83823140abeac577a1435b01268822802b504940db39ef9f98e822f 53.48MB / 62.38MB 1.4s
#4 sha256:2c6ea2638105ce0ac5e5e7627674ef3db37ecb282835fa54608c144f5106f02e 1.12kB / 1.12kB 1.3s done
#4 sha256:1451fd43a83823140abeac577a1435b01268822802b504940db39ef9f98e822f 60.82MB / 62.38MB 1.5s
#4 sha256:1451fd43a83823140abeac577a1435b01268822802b504940db39ef9f98e822f 62.38MB / 62.38MB 2.6s done
#4 extracting sha256:1451fd43a83823140abeac577a1435b01268822802b504940db39ef9f98e822f 0.1s
#4 extracting sha256:1451fd43a83823140abeac577a1435b01268822802b504940db39ef9f98e822f 3.5s done
#4 extracting sha256:5774568e23427ca41d8dbae9102fc671e42ac72d5791c6c16d24fd382a32257a
#4 extracting sha256:5774568e23427ca41d8dbae9102fc671e42ac72d5791c6c16d24fd382a32257a 0.5s done
#4 extracting sha256:446848f24fdb6f45daae2837e365395a382e88328952a4883b43df837078c863
#4 extracting sha256:446848f24fdb6f45daae2837e365395a382e88328952a4883b43df837078c863 0.2s done
#4 extracting sha256:2c6ea2638105ce0ac5e5e7627674ef3db37ecb282835fa54608c144f5106f02e
#4 extracting sha256:2c6ea2638105ce0ac5e5e7627674ef3db37ecb282835fa54608c144f5106f02e done
#4 extracting sha256:f0fc79891d87f822ce5c498a3276829842f20d6211aab82a08f9bbf55b7fa5e2
#4 extracting sha256:f0fc79891d87f822ce5c498a3276829842f20d6211aab82a08f9bbf55b7fa5e2 done
#4 DONE 10.4s

#6 [2/6] RUN apk add --no-cache curl tar procps  && mkdir -p /usr/share/maven/ref  && curl -fsSL -o /tmp/apache-maven.tar.gz "https://archive.apache.org/dist/maven/maven-3/3.5.4/binaries/apache-maven-3.5.4-bin.tar.gz"  && echo "ce50b1c91364cb77efe3776f756a6d92b76d9038b0a0782f7d53acf1e997a14d /tmp/apache-maven.tar.gz" | sha256sum -c -  && tar -xzf /tmp/apache-maven.tar.gz -C /usr/share/maven --strip-components=1  && rm -f /tmp/apache-maven.tar.gz  && ln -s /usr/share/maven/bin/mvn /usr/bin/mvn
#6 0.485 fetch http://dl-cdn.alpinelinux.org/alpine/v3.4/main/x86_64/APKINDEX.tar.gz
#6 0.884 fetch http://dl-cdn.alpinelinux.org/alpine/v3.4/community/x86_64/APKINDEX.tar.gz
#6 1.257 (1/6) Installing libssh2 (1.7.0-r0)
#6 1.469 (2/6) Installing libcurl (7.60.0-r1)
#6 1.685 (3/6) Installing curl (7.60.0-r1)
#6 1.889 (4/6) Installing libproc (3.3.9-r3)
#6 2.133 (5/6) Installing procps (3.3.9-r3)
#6 2.397 (6/6) Installing tar (1.29-r1)
#6 2.671 Executing busybox-1.24.2-r14.trigger
#6 2.676 Executing glibc-bin-2.23-r3.trigger
#6 2.683 OK: 22 MiB in 26 packages
#6 4.940 sha256sum: WARNING: 1 of 1 computed checksums did NOT match
#6 ERROR: process "/bin/sh -c apk add --no-cache curl tar procps  && mkdir -p /usr/share/maven/ref  && curl -fsSL -o /tmp/apache-maven.tar.gz \"${BASE_URL}/apache-maven-${MAVEN_VERSION}-bin.tar.gz\"  && echo \"${SHA} /tmp/apache-maven.tar.gz\" | sha256sum -c -  && tar -xzf /tmp/apache-maven.tar.gz -C /usr/share/maven --strip-components=1  && rm -f /tmp/apache-maven.tar.gz  && ln -s /usr/share/maven/bin/mvn /usr/bin/mvn" did not complete successfully: exit code: 1
------
 > [2/6] RUN apk add --no-cache curl tar procps  && mkdir -p /usr/share/maven/ref  && curl -fsSL -o /tmp/apache-maven.tar.gz "https://archive.apache.org/dist/maven/maven-3/3.5.4/binaries/apache-maven-3.5.4-bin.tar.gz"  && echo "ce50b1c91364cb77efe3776f756a6d92b76d9038b0a0782f7d53acf1e997a14d /tmp/apache-maven.tar.gz" | sha256sum -c -  && tar -xzf /tmp/apache-maven.tar.gz -C /usr/share/maven --strip-components=1  && rm -f /tmp/apache-maven.tar.gz  && ln -s /usr/share/maven/bin/mvn /usr/bin/mvn:
1.257 (1/6) Installing libssh2 (1.7.0-r0)
1.469 (2/6) Installing libcurl (7.60.0-r1)
1.685 (3/6) Installing curl (7.60.0-r1)
1.889 (4/6) Installing libproc (3.3.9-r3)
2.133 (5/6) Installing procps (3.3.9-r3)
2.397 (6/6) Installing tar (1.29-r1)
2.671 Executing busybox-1.24.2-r14.trigger
2.676 Executing glibc-bin-2.23-r3.trigger
2.683 OK: 22 MiB in 26 packages
4.940 sha256sum: WARNING: 1 of 1 computed checksums did NOT match
------
v3_Dockerfile:11
--------------------
  10 |     
  11 | >>> RUN apk add --no-cache curl tar procps \
  12 | >>>  && mkdir -p /usr/share/maven/ref \
  13 | >>>  && curl -fsSL -o /tmp/apache-maven.tar.gz "${BASE_URL}/apache-maven-${MAVEN_VERSION}-bin.tar.gz" \
  14 | >>>  && echo "${SHA} /tmp/apache-maven.tar.gz" | sha256sum -c - \
  15 | >>>  && tar -xzf /tmp/apache-maven.tar.gz -C /usr/share/maven --strip-components=1 \
  16 | >>>  && rm -f /tmp/apache-maven.tar.gz \
  17 | >>>  && ln -s /usr/share/maven/bin/mvn /usr/bin/mvn
  18 |     
--------------------
ERROR: failed to solve: process "/bin/sh -c apk add --no-cache curl tar procps  && mkdir -p /usr/share/maven/ref  && curl -fsSL -o /tmp/apache-maven.tar.gz \"${BASE_URL}/apache-maven-${MAVEN_VERSION}-bin.tar.gz\"  && echo \"${SHA} /tmp/apache-maven.tar.gz\" | sha256sum -c -  && tar -xzf /tmp/apache-maven.tar.gz -C /usr/share/maven --strip-components=1  && rm -f /tmp/apache-maven.tar.gz  && ln -s /usr/share/maven/bin/mvn /usr/bin/mvn" did not complete successfully: exit code: 1
Duration: 0:21.71