#0 building with "default" instance using docker driver

#1 [internal] load build definition from v1_Dockerfile
#1 transferring dockerfile: 589B done
#1 DONE 0.0s

#2 [internal] load metadata for docker.io/library/node:10.14.1-slim
#2 DONE 0.7s

#3 [internal] load .dockerignore
#3 transferring context: 2B done
#3 DONE 0.0s

#4 [1/3] FROM docker.io/library/node:10.14.1-slim@sha256:d2586bbce80599b120842fa5e6c0940a7ad7d12af94dd46283731dc13cbb4ed7
#4 resolve docker.io/library/node:10.14.1-slim@sha256:d2586bbce80599b120842fa5e6c0940a7ad7d12af94dd46283731dc13cbb4ed7 0.0s done
#4 sha256:d2586bbce80599b120842fa5e6c0940a7ad7d12af94dd46283731dc13cbb4ed7 770B / 770B done
#4 sha256:06c11b2778596a624d72c653c4f15bb5b3e53e5e6dba081e52c8b3269dc24c60 1.16kB / 1.16kB done
#4 sha256:633960bc64245e458a7efaf4c3fe07b46eaf3cf9cbf62be35caf4d936dd1ecec 5.58kB / 5.58kB done
#4 sha256:a5a6f2f73cd8abbdc55d0df0d8834f7262713e87d6c8800ea3851f103025e0f0 0B / 22.49MB 0.1s
#4 sha256:6fd77ab8da06679825549b88b99b2e9277d0f548bcbe631450a3be48408c8256 0B / 4.15kB 0.1s
#4 sha256:ffe107dc91d7df4f79fb78af86751a4af69f0649af821f15cd69e9dc362ef6e0 0B / 29.50MB 0.1s
#4 sha256:a5a6f2f73cd8abbdc55d0df0d8834f7262713e87d6c8800ea3851f103025e0f0 5.24MB / 22.49MB 0.2s
#4 sha256:6fd77ab8da06679825549b88b99b2e9277d0f548bcbe631450a3be48408c8256 4.15kB / 4.15kB 0.2s done
#4 sha256:a5a6f2f73cd8abbdc55d0df0d8834f7262713e87d6c8800ea3851f103025e0f0 16.78MB / 22.49MB 0.4s
#4 sha256:ffe107dc91d7df4f79fb78af86751a4af69f0649af821f15cd69e9dc362ef6e0 6.29MB / 29.50MB 0.4s
#4 sha256:258a738d003a79d6e0baa4b7c089f8e03a2cdab60a2acf873bf3d9e95d6251c3 1.31MB / 1.31MB 0.4s done
#4 sha256:a5a6f2f73cd8abbdc55d0df0d8834f7262713e87d6c8800ea3851f103025e0f0 22.49MB / 22.49MB 0.5s
#4 sha256:ffe107dc91d7df4f79fb78af86751a4af69f0649af821f15cd69e9dc362ef6e0 10.49MB / 29.50MB 0.5s
#4 extracting sha256:a5a6f2f73cd8abbdc55d0df0d8834f7262713e87d6c8800ea3851f103025e0f0
#4 sha256:a5a6f2f73cd8abbdc55d0df0d8834f7262713e87d6c8800ea3851f103025e0f0 22.49MB / 22.49MB 0.6s done
#4 sha256:ffe107dc91d7df4f79fb78af86751a4af69f0649af821f15cd69e9dc362ef6e0 27.26MB / 29.50MB 0.7s
#4 sha256:ffe107dc91d7df4f79fb78af86751a4af69f0649af821f15cd69e9dc362ef6e0 29.50MB / 29.50MB 0.8s
#4 sha256:ffe107dc91d7df4f79fb78af86751a4af69f0649af821f15cd69e9dc362ef6e0 29.50MB / 29.50MB 0.8s done
#4 extracting sha256:a5a6f2f73cd8abbdc55d0df0d8834f7262713e87d6c8800ea3851f103025e0f0 1.5s done
#4 extracting sha256:6fd77ab8da06679825549b88b99b2e9277d0f548bcbe631450a3be48408c8256 done
#4 extracting sha256:ffe107dc91d7df4f79fb78af86751a4af69f0649af821f15cd69e9dc362ef6e0
#4 extracting sha256:ffe107dc91d7df4f79fb78af86751a4af69f0649af821f15cd69e9dc362ef6e0 2.0s done
#4 extracting sha256:258a738d003a79d6e0baa4b7c089f8e03a2cdab60a2acf873bf3d9e95d6251c3
#4 extracting sha256:258a738d003a79d6e0baa4b7c089f8e03a2cdab60a2acf873bf3d9e95d6251c3 0.1s done
#4 DONE 4.6s

#5 [2/3] RUN ["dash", "-c", "    apt-get update  && apt-get install --no-install-recommends -y       git  && rm -rf /var/lib/apt/lists/* "]
#5 0.205 Ign:1 http://security.debian.org/debian-security stretch/updates InRelease
#5 0.205 Ign:2 http://deb.debian.org/debian stretch InRelease
#5 0.215 Ign:3 http://deb.debian.org/debian stretch-updates InRelease
#5 0.216 Ign:4 http://security.debian.org/debian-security stretch/updates Release
#5 0.224 Ign:5 http://deb.debian.org/debian stretch Release
#5 0.227 Ign:6 http://security.debian.org/debian-security stretch/updates/main all Packages
#5 0.235 Ign:7 http://deb.debian.org/debian stretch-updates Release
#5 0.239 Ign:8 http://security.debian.org/debian-security stretch/updates/main amd64 Packages
#5 0.246 Ign:9 http://deb.debian.org/debian stretch/main all Packages
#5 0.250 Ign:6 http://security.debian.org/debian-security stretch/updates/main all Packages
#5 0.256 Ign:10 http://deb.debian.org/debian stretch/main amd64 Packages
#5 0.261 Ign:8 http://security.debian.org/debian-security stretch/updates/main amd64 Packages
#5 0.267 Ign:11 http://deb.debian.org/debian stretch-updates/main amd64 Packages
#5 0.272 Ign:6 http://security.debian.org/debian-security stretch/updates/main all Packages
#5 0.279 Ign:12 http://deb.debian.org/debian stretch-updates/main all Packages
#5 0.282 Ign:8 http://security.debian.org/debian-security stretch/updates/main amd64 Packages
#5 0.291 Ign:9 http://deb.debian.org/debian stretch/main all Packages
#5 0.294 Ign:6 http://security.debian.org/debian-security stretch/updates/main all Packages
#5 0.301 Ign:10 http://deb.debian.org/debian stretch/main amd64 Packages
#5 0.304 Ign:8 http://security.debian.org/debian-security stretch/updates/main amd64 Packages
#5 0.311 Ign:11 http://deb.debian.org/debian stretch-updates/main amd64 Packages
#5 0.315 Ign:6 http://security.debian.org/debian-security stretch/updates/main all Packages
#5 0.322 Ign:12 http://deb.debian.org/debian stretch-updates/main all Packages
#5 0.326 Ign:8 http://security.debian.org/debian-security stretch/updates/main amd64 Packages
#5 0.333 Ign:9 http://deb.debian.org/debian stretch/main all Packages
#5 0.337 Ign:6 http://security.debian.org/debian-security stretch/updates/main all Packages
#5 0.343 Ign:10 http://deb.debian.org/debian stretch/main amd64 Packages
#5 0.349 Err:8 http://security.debian.org/debian-security stretch/updates/main amd64 Packages
#5 0.349   404  Not Found [IP: 151.101.2.132 80]
#5 0.353 Ign:11 http://deb.debian.org/debian stretch-updates/main amd64 Packages
#5 0.363 Ign:12 http://deb.debian.org/debian stretch-updates/main all Packages
#5 0.374 Ign:9 http://deb.debian.org/debian stretch/main all Packages
#5 0.384 Ign:10 http://deb.debian.org/debian stretch/main amd64 Packages
#5 0.395 Ign:11 http://deb.debian.org/debian stretch-updates/main amd64 Packages
#5 0.405 Ign:12 http://deb.debian.org/debian stretch-updates/main all Packages
#5 0.416 Ign:9 http://deb.debian.org/debian stretch/main all Packages
#5 0.427 Ign:10 http://deb.debian.org/debian stretch/main amd64 Packages
#5 0.440 Ign:11 http://deb.debian.org/debian stretch-updates/main amd64 Packages
#5 0.449 Ign:12 http://deb.debian.org/debian stretch-updates/main all Packages
#5 0.458 Ign:9 http://deb.debian.org/debian stretch/main all Packages
#5 0.480 Err:10 http://deb.debian.org/debian stretch/main amd64 Packages
#5 0.480   404  Not Found
#5 0.489 Err:11 http://deb.debian.org/debian stretch-updates/main amd64 Packages
#5 0.489   404  Not Found
#5 0.500 Ign:12 http://deb.debian.org/debian stretch-updates/main all Packages
#5 0.504 Reading package lists...
#5 0.510 W: The repository 'http://security.debian.org/debian-security stretch/updates Release' does not have a Release file.
#5 0.510 W: The repository 'http://deb.debian.org/debian stretch Release' does not have a Release file.
#5 0.510 W: The repository 'http://deb.debian.org/debian stretch-updates Release' does not have a Release file.
#5 0.510 E: Failed to fetch http://security.debian.org/debian-security/dists/stretch/updates/main/binary-amd64/Packages  404  Not Found [IP: 151.101.2.132 80]
#5 0.510 E: Failed to fetch http://deb.debian.org/debian/dists/stretch/main/binary-amd64/Packages  404  Not Found
#5 0.510 E: Failed to fetch http://deb.debian.org/debian/dists/stretch-updates/main/binary-amd64/Packages  404  Not Found
#5 0.510 E: Some index files failed to download. They have been ignored, or old ones used instead.
#5 ERROR: process "dash -c     apt-get update  && apt-get install --no-install-recommends -y       git  && rm -rf /var/lib/apt/lists/* " did not complete successfully: exit code: 100
------
 > [2/3] RUN ["dash", "-c", "    apt-get update  && apt-get install --no-install-recommends -y       git  && rm -rf /var/lib/apt/lists/* "]:
0.489   404  Not Found
0.500 Ign:12 http://deb.debian.org/debian stretch-updates/main all Packages
0.504 Reading package lists...
0.510 W: The repository 'http://security.debian.org/debian-security stretch/updates Release' does not have a Release file.
0.510 W: The repository 'http://deb.debian.org/debian stretch Release' does not have a Release file.
0.510 W: The repository 'http://deb.debian.org/debian stretch-updates Release' does not have a Release file.
0.510 E: Failed to fetch http://security.debian.org/debian-security/dists/stretch/updates/main/binary-amd64/Packages  404  Not Found [IP: 151.101.2.132 80]
0.510 E: Failed to fetch http://deb.debian.org/debian/dists/stretch/main/binary-amd64/Packages  404  Not Found
0.510 E: Failed to fetch http://deb.debian.org/debian/dists/stretch-updates/main/binary-amd64/Packages  404  Not Found
0.510 E: Some index files failed to download. They have been ignored, or old ones used instead.
------
v1_Dockerfile:12
--------------------
  11 |     # Install dependencies
  12 | >>> RUN ["dash", "-c", "\
  13 | >>>     apt-get update \
  14 | >>>  && apt-get install --no-install-recommends -y \
  15 | >>>       git \
  16 | >>>  && rm -rf /var/lib/apt/lists/* \
  17 | >>> "]
  18 |     
--------------------
ERROR: failed to solve: process "dash -c     apt-get update  && apt-get install --no-install-recommends -y       git  && rm -rf /var/lib/apt/lists/* " did not complete successfully: exit code: 100
Duration: 0:7.01