#0 building with "default" instance using docker driver

#1 [internal] load build definition from v1_Dockerfile
#1 transferring dockerfile: 1.18kB done
#1 DONE 0.0s

#2 [auth] library/debian:pull token for registry-1.docker.io
#2 DONE 0.0s

#3 [internal] load metadata for docker.io/library/golang:1.11.4
#3 DONE 0.7s

#4 [internal] load metadata for docker.io/library/debian:9.8
#4 DONE 1.0s

#5 [internal] load .dockerignore
#5 transferring context: 2B done
#5 DONE 0.0s

#6 [stage-1 1/8] FROM docker.io/library/debian:9.8@sha256:724b0fbbda7fda6372ffed586670573c59e07a48c86d606bab05db118abe0ef5
#6 resolve docker.io/library/debian:9.8@sha256:724b0fbbda7fda6372ffed586670573c59e07a48c86d606bab05db118abe0ef5 0.0s done
#6 sha256:9a1b6b1073bf12428a55c54e6e3bb001946afbcf49b7fea6a02d345790356998 529B / 529B done
#6 sha256:2d337f242f078dfa62c81db584e78e33fd6bf6138875ecfb11fa470f26a5411c 1.50kB / 1.50kB done
#6 sha256:724b0fbbda7fda6372ffed586670573c59e07a48c86d606bab05db118abe0ef5 2.36kB / 2.36kB done
#6 ...

#7 [internal] load build context
#7 transferring context: 25.66MB 0.2s done
#7 DONE 0.3s

#8 [builder 1/6] FROM docker.io/library/golang:1.11.4@sha256:4469b68518ffcae4cc1f5310752495c3ed53c039e28f1638b23c21f1fc7a54cf
#8 resolve docker.io/library/golang:1.11.4@sha256:4469b68518ffcae4cc1f5310752495c3ed53c039e28f1638b23c21f1fc7a54cf 0.1s done
#8 sha256:40f419705a5d794eeff415b7593f813e02ae4eb1a55f084ed1bd439a6be6926f 1.80kB / 1.80kB done
#8 sha256:ab1fc7e4bf9195e554669fafa47f69befe22053d7100f5f7002cb9254a36f37c 14.68MB / 45.34MB 0.4s
#8 sha256:35fba333ff5209042e8925a73f3cbabf00ba725257bdba38ec3b415e5d7e6cc7 2.10MB / 10.78MB 0.4s
#8 sha256:f0cb1fa13079687d5118e5cd7e3ce3c09dc483fa44f0577eca349de8d76e4e8c 4.34MB / 4.34MB 0.4s done
#8 sha256:4469b68518ffcae4cc1f5310752495c3ed53c039e28f1638b23c21f1fc7a54cf 3.46kB / 3.46kB done
#8 sha256:dd46c12568290b942a5ec20c330269b06b9039a22c9945f58d2f05cbaf0ea8a1 5.47kB / 5.47kB done
#8 sha256:3d1dd648b5ade2bbdfe77fa94424b0314100b58fb5f6a98486538c2126e08e2f 0B / 50.06MB 0.4s
#8 sha256:ab1fc7e4bf9195e554669fafa47f69befe22053d7100f5f7002cb9254a36f37c 24.12MB / 45.34MB 0.6s
#8 sha256:35fba333ff5209042e8925a73f3cbabf00ba725257bdba38ec3b415e5d7e6cc7 10.78MB / 10.78MB 0.6s
#8 sha256:3d1dd648b5ade2bbdfe77fa94424b0314100b58fb5f6a98486538c2126e08e2f 4.19MB / 50.06MB 0.6s
#8 sha256:ab1fc7e4bf9195e554669fafa47f69befe22053d7100f5f7002cb9254a36f37c 30.41MB / 45.34MB 0.8s
#8 sha256:35fba333ff5209042e8925a73f3cbabf00ba725257bdba38ec3b415e5d7e6cc7 10.78MB / 10.78MB 0.6s done
#8 sha256:3d1dd648b5ade2bbdfe77fa94424b0314100b58fb5f6a98486538c2126e08e2f 18.87MB / 50.06MB 0.8s
#8 sha256:866ed2e2b1fed04ab28f668a484a1275394fda33f82777064af66a2ba27290ac 0B / 57.62MB 0.8s
#8 sha256:ab1fc7e4bf9195e554669fafa47f69befe22053d7100f5f7002cb9254a36f37c 35.65MB / 45.34MB 0.9s
#8 sha256:3d1dd648b5ade2bbdfe77fa94424b0314100b58fb5f6a98486538c2126e08e2f 25.17MB / 50.06MB 0.9s
#8 sha256:ab1fc7e4bf9195e554669fafa47f69befe22053d7100f5f7002cb9254a36f37c 45.09MB / 45.34MB 1.1s
#8 sha256:3d1dd648b5ade2bbdfe77fa94424b0314100b58fb5f6a98486538c2126e08e2f 38.80MB / 50.06MB 1.1s
#8 sha256:ab1fc7e4bf9195e554669fafa47f69befe22053d7100f5f7002cb9254a36f37c 45.34MB / 45.34MB 1.3s done
#8 sha256:3d1dd648b5ade2bbdfe77fa94424b0314100b58fb5f6a98486538c2126e08e2f 50.06MB / 50.06MB 1.3s
#8 sha256:866ed2e2b1fed04ab28f668a484a1275394fda33f82777064af66a2ba27290ac 8.39MB / 57.62MB 1.3s
#8 sha256:866ed2e2b1fed04ab28f668a484a1275394fda33f82777064af66a2ba27290ac 13.63MB / 57.62MB 1.4s
#8 extracting sha256:ab1fc7e4bf9195e554669fafa47f69befe22053d7100f5f7002cb9254a36f37c 0.1s
#8 sha256:3d1dd648b5ade2bbdfe77fa94424b0314100b58fb5f6a98486538c2126e08e2f 50.06MB / 50.06MB 1.4s done
#8 sha256:866ed2e2b1fed04ab28f668a484a1275394fda33f82777064af66a2ba27290ac 23.07MB / 57.62MB 1.5s
#8 sha256:0b7ee073a53ef3517eb33b826455deade48221c5ebab6965459499a4963dc4f6 0B / 126B 1.5s
#8 sha256:85221581e34928976f31b7ff5c31b190cc5101066fd4147c9aebd0a21486ec08 0B / 126.64MB 1.5s
#8 sha256:866ed2e2b1fed04ab28f668a484a1275394fda33f82777064af66a2ba27290ac 33.55MB / 57.62MB 1.6s
#8 sha256:866ed2e2b1fed04ab28f668a484a1275394fda33f82777064af66a2ba27290ac 45.09MB / 57.62MB 1.7s
#8 sha256:0b7ee073a53ef3517eb33b826455deade48221c5ebab6965459499a4963dc4f6 126B / 126B 1.7s
#8 sha256:866ed2e2b1fed04ab28f668a484a1275394fda33f82777064af66a2ba27290ac 52.43MB / 57.62MB 1.8s
#8 sha256:0b7ee073a53ef3517eb33b826455deade48221c5ebab6965459499a4963dc4f6 126B / 126B 1.7s done
#8 sha256:866ed2e2b1fed04ab28f668a484a1275394fda33f82777064af66a2ba27290ac 57.62MB / 57.62MB 2.0s
#8 sha256:85221581e34928976f31b7ff5c31b190cc5101066fd4147c9aebd0a21486ec08 10.49MB / 126.64MB 2.0s
#8 sha256:866ed2e2b1fed04ab28f668a484a1275394fda33f82777064af66a2ba27290ac 57.62MB / 57.62MB 2.1s done
#8 sha256:85221581e34928976f31b7ff5c31b190cc5101066fd4147c9aebd0a21486ec08 23.07MB / 126.64MB 2.2s
#8 sha256:85221581e34928976f31b7ff5c31b190cc5101066fd4147c9aebd0a21486ec08 35.65MB / 126.64MB 2.5s
#8 sha256:85221581e34928976f31b7ff5c31b190cc5101066fd4147c9aebd0a21486ec08 47.19MB / 126.64MB 2.7s
#8 sha256:85221581e34928976f31b7ff5c31b190cc5101066fd4147c9aebd0a21486ec08 68.16MB / 126.64MB 2.9s
#8 sha256:85221581e34928976f31b7ff5c31b190cc5101066fd4147c9aebd0a21486ec08 75.50MB / 126.64MB 3.0s
#8 sha256:85221581e34928976f31b7ff5c31b190cc5101066fd4147c9aebd0a21486ec08 99.61MB / 126.64MB 3.3s
#8 sha256:85221581e34928976f31b7ff5c31b190cc5101066fd4147c9aebd0a21486ec08 111.15MB / 126.64MB 3.4s
#8 sha256:85221581e34928976f31b7ff5c31b190cc5101066fd4147c9aebd0a21486ec08 120.59MB / 126.64MB 3.5s
#8 sha256:85221581e34928976f31b7ff5c31b190cc5101066fd4147c9aebd0a21486ec08 126.64MB / 126.64MB 4.0s done
#8 extracting sha256:ab1fc7e4bf9195e554669fafa47f69befe22053d7100f5f7002cb9254a36f37c 3.1s done
#8 extracting sha256:35fba333ff5209042e8925a73f3cbabf00ba725257bdba38ec3b415e5d7e6cc7 0.1s
#8 extracting sha256:35fba333ff5209042e8925a73f3cbabf00ba725257bdba38ec3b415e5d7e6cc7 0.5s done
#8 extracting sha256:f0cb1fa13079687d5118e5cd7e3ce3c09dc483fa44f0577eca349de8d76e4e8c
#8 extracting sha256:f0cb1fa13079687d5118e5cd7e3ce3c09dc483fa44f0577eca349de8d76e4e8c 0.1s done
#8 extracting sha256:3d1dd648b5ade2bbdfe77fa94424b0314100b58fb5f6a98486538c2126e08e2f
#8 ...

#6 [stage-1 1/8] FROM docker.io/library/debian:9.8@sha256:724b0fbbda7fda6372ffed586670573c59e07a48c86d606bab05db118abe0ef5
#6 sha256:e79bb959ec00faf01da52437df4fad4537ec669f60455a38ad583ec2b8f00498 45.34MB / 45.34MB 2.8s done
#6 extracting sha256:e79bb959ec00faf01da52437df4fad4537ec669f60455a38ad583ec2b8f00498 2.9s done
#6 DONE 5.9s

#8 [builder 1/6] FROM docker.io/library/golang:1.11.4@sha256:4469b68518ffcae4cc1f5310752495c3ed53c039e28f1638b23c21f1fc7a54cf
#8 ...

#9 [stage-1 2/8] RUN  apt-get update   && apt-get install -y --no-install-recommends ca-certificates locales wget   && apt-get clean && rm -rf /var/lib/apt/lists/* /tmp/* /var/tmp/*
#9 0.216 Ign:1 http://security.debian.org/debian-security stretch/updates InRelease
#9 0.220 Ign:2 http://deb.debian.org/debian stretch InRelease
#9 0.229 Ign:3 http://security.debian.org/debian-security stretch/updates Release
#9 0.233 Ign:4 http://deb.debian.org/debian stretch-updates InRelease
#9 0.239 Ign:5 http://security.debian.org/debian-security stretch/updates/main amd64 Packages
#9 0.246 Ign:6 http://deb.debian.org/debian stretch Release
#9 0.251 Ign:7 http://security.debian.org/debian-security stretch/updates/main all Packages
#9 0.259 Ign:8 http://deb.debian.org/debian stretch-updates Release
#9 0.263 Ign:5 http://security.debian.org/debian-security stretch/updates/main amd64 Packages
#9 0.274 Ign:7 http://security.debian.org/debian-security stretch/updates/main all Packages
#9 0.284 Ign:5 http://security.debian.org/debian-security stretch/updates/main amd64 Packages
#9 0.299 Ign:7 http://security.debian.org/debian-security stretch/updates/main all Packages
#9 0.311 Ign:5 http://security.debian.org/debian-security stretch/updates/main amd64 Packages
#9 0.323 Ign:7 http://security.debian.org/debian-security stretch/updates/main all Packages
#9 0.336 Ign:5 http://security.debian.org/debian-security stretch/updates/main amd64 Packages
#9 0.351 Ign:7 http://security.debian.org/debian-security stretch/updates/main all Packages
#9 0.364 Err:5 http://security.debian.org/debian-security stretch/updates/main amd64 Packages
#9 0.364   404  Not Found [IP: 151.101.66.132 80]
#9 0.374 Ign:7 http://security.debian.org/debian-security stretch/updates/main all Packages
#9 0.413 Ign:9 http://deb.debian.org/debian stretch/main all Packages
#9 0.425 Ign:10 http://deb.debian.org/debian stretch/main amd64 Packages
#9 0.435 Ign:11 http://deb.debian.org/debian stretch-updates/main amd64 Packages
#9 0.587 Ign:12 http://deb.debian.org/debian stretch-updates/main all Packages
#9 0.735 Ign:9 http://deb.debian.org/debian stretch/main all Packages
#9 0.747 Ign:10 http://deb.debian.org/debian stretch/main amd64 Packages
#9 0.759 Ign:11 http://deb.debian.org/debian stretch-updates/main amd64 Packages
#9 0.910 Ign:12 http://deb.debian.org/debian stretch-updates/main all Packages
#9 1.058 Ign:9 http://deb.debian.org/debian stretch/main all Packages
#9 1.072 Ign:10 http://deb.debian.org/debian stretch/main amd64 Packages
#9 1.085 Ign:11 http://deb.debian.org/debian stretch-updates/main amd64 Packages
#9 1.238 Ign:12 http://deb.debian.org/debian stretch-updates/main all Packages
#9 1.251 Ign:9 http://deb.debian.org/debian stretch/main all Packages
#9 1.264 Ign:10 http://deb.debian.org/debian stretch/main amd64 Packages
#9 1.277 Ign:11 http://deb.debian.org/debian stretch-updates/main amd64 Packages
#9 1.289 Ign:12 http://deb.debian.org/debian stretch-updates/main all Packages
#9 1.302 Ign:9 http://deb.debian.org/debian stretch/main all Packages
#9 1.312 Ign:10 http://deb.debian.org/debian stretch/main amd64 Packages
#9 1.323 Ign:11 http://deb.debian.org/debian stretch-updates/main amd64 Packages
#9 1.336 Ign:12 http://deb.debian.org/debian stretch-updates/main all Packages
#9 1.349 Ign:9 http://deb.debian.org/debian stretch/main all Packages
#9 1.369 Err:10 http://deb.debian.org/debian stretch/main amd64 Packages
#9 1.369   404  Not Found
#9 1.381 Err:11 http://deb.debian.org/debian stretch-updates/main amd64 Packages
#9 1.381   404  Not Found
#9 1.394 Ign:12 http://deb.debian.org/debian stretch-updates/main all Packages
#9 1.396 Reading package lists...
#9 1.402 W: The repository 'http://security.debian.org/debian-security stretch/updates Release' does not have a Release file.
#9 1.402 W: The repository 'http://deb.debian.org/debian stretch Release' does not have a Release file.
#9 1.402 W: The repository 'http://deb.debian.org/debian stretch-updates Release' does not have a Release file.
#9 1.402 E: Failed to fetch http://security.debian.org/debian-security/dists/stretch/updates/main/binary-amd64/Packages  404  Not Found [IP: 151.101.66.132 80]
#9 1.402 E: Failed to fetch http://deb.debian.org/debian/dists/stretch/main/binary-amd64/Packages  404  Not Found
#9 1.402 E: Failed to fetch http://deb.debian.org/debian/dists/stretch-updates/main/binary-amd64/Packages  404  Not Found
#9 1.402 E: Some index files failed to download. They have been ignored, or old ones used instead.
#9 ERROR: process "/bin/sh -c apt-get update   && apt-get install -y --no-install-recommends ca-certificates locales wget   && apt-get clean && rm -rf /var/lib/apt/lists/* /tmp/* /var/tmp/*" did not complete successfully: exit code: 100

#8 [builder 1/6] FROM docker.io/library/golang:1.11.4@sha256:4469b68518ffcae4cc1f5310752495c3ed53c039e28f1638b23c21f1fc7a54cf
#8 extracting sha256:3d1dd648b5ade2bbdfe77fa94424b0314100b58fb5f6a98486538c2126e08e2f 3.3s done
#8 extracting sha256:866ed2e2b1fed04ab28f668a484a1275394fda33f82777064af66a2ba27290ac 0.5s
------
 > [stage-1 2/8] RUN  apt-get update   && apt-get install -y --no-install-recommends ca-certificates locales wget   && apt-get clean && rm -rf /var/lib/apt/lists/* /tmp/* /var/tmp/*:
1.381   404  Not Found
1.394 Ign:12 http://deb.debian.org/debian stretch-updates/main all Packages
1.396 Reading package lists...
1.402 W: The repository 'http://security.debian.org/debian-security stretch/updates Release' does not have a Release file.
1.402 W: The repository 'http://deb.debian.org/debian stretch Release' does not have a Release file.
1.402 W: The repository 'http://deb.debian.org/debian stretch-updates Release' does not have a Release file.
1.402 E: Failed to fetch http://security.debian.org/debian-security/dists/stretch/updates/main/binary-amd64/Packages  404  Not Found [IP: 151.101.66.132 80]
1.402 E: Failed to fetch http://deb.debian.org/debian/dists/stretch/main/binary-amd64/Packages  404  Not Found
1.402 E: Failed to fetch http://deb.debian.org/debian/dists/stretch-updates/main/binary-amd64/Packages  404  Not Found
1.402 E: Some index files failed to download. They have been ignored, or old ones used instead.
------
v1_Dockerfile:11
--------------------
  10 |     LABEL maintainer="Anatoliy Fedorenko <fedorenko.tolik@gmail.com>"
  11 | >>> RUN  apt-get update \
  12 | >>>   && apt-get install -y --no-install-recommends ca-certificates locales wget \
  13 | >>>   && apt-get clean && rm -rf /var/lib/apt/lists/* /tmp/* /var/tmp/*
  14 |     RUN localedef -i en_US -c -f UTF-8 -A /usr/share/locale/locale.alias en_US.UTF-8
--------------------
ERROR: failed to solve: process "/bin/sh -c apt-get update   && apt-get install -y --no-install-recommends ca-certificates locales wget   && apt-get clean && rm -rf /var/lib/apt/lists/* /tmp/* /var/tmp/*" did not complete successfully: exit code: 100
Duration: 0:11.18