#0 building with "default" instance using docker driver

#1 [internal] load .dockerignore
#1 transferring context:
#1 ...

#2 [internal] load build definition from v1_Dockerfile
#2 transferring dockerfile: 477B done
#2 DONE 0.4s

#1 [internal] load .dockerignore
#1 transferring context: 2B done
#1 DONE 0.5s

#3 [internal] load metadata for docker.io/hashicorp/terraform:latest
#3 ...

#4 [auth] hashicorp/terraform:pull token for registry-1.docker.io
#4 DONE 0.0s

#3 [internal] load metadata for docker.io/hashicorp/terraform:latest
#3 DONE 1.7s

#5 [internal] load build context
#5 DONE 0.0s

#6 [1/6] FROM docker.io/hashicorp/terraform:latest@sha256:f0821b0019be4a721dcb17ba63e8ee3bfadfb7c0eecf6c739e345d47f135b974
#6 resolve docker.io/hashicorp/terraform:latest@sha256:f0821b0019be4a721dcb17ba63e8ee3bfadfb7c0eecf6c739e345d47f135b974
#6 resolve docker.io/hashicorp/terraform:latest@sha256:f0821b0019be4a721dcb17ba63e8ee3bfadfb7c0eecf6c739e345d47f135b974 0.2s done
#6 sha256:f0821b0019be4a721dcb17ba63e8ee3bfadfb7c0eecf6c739e345d47f135b974 964B / 964B done
#6 sha256:ba9dfbe7c5f0d160478b402619e79c64a0a90ddad46089042eb2e6f2ee7f2e32 918B / 918B done
#6 sha256:f52ae49d6b354b2b9c7b7133e77ee5755a9df368a3df4afd3e628ddedaf717f2 4.24kB / 4.24kB done
#6 sha256:6e5015e024232cf8074347bf2e0a0de6fd4390d58e0459e6150012acd0507ba6 0B / 3.73MB 0.2s
#6 ...

#5 [internal] load build context
#5 transferring context: 5.39kB done
#5 DONE 0.4s

#6 [1/6] FROM docker.io/hashicorp/terraform:latest@sha256:f0821b0019be4a721dcb17ba63e8ee3bfadfb7c0eecf6c739e345d47f135b974
#6 sha256:f6d4e7c116b86c0731517b0ef6a9389873f1880aa15a84d3e582667a98b3ad6c 0B / 8.74MB 0.3s
#6 sha256:6e5015e024232cf8074347bf2e0a0de6fd4390d58e0459e6150012acd0507ba6 3.73MB / 3.73MB 0.4s
#6 sha256:5bdb43bd5e4e64867d62db793ec7103275a8ca0187d30c8098bb7d7b41591333 0B / 2.08kB 0.4s
#6 sha256:6e5015e024232cf8074347bf2e0a0de6fd4390d58e0459e6150012acd0507ba6 3.73MB / 3.73MB 0.5s done
#6 sha256:f6d4e7c116b86c0731517b0ef6a9389873f1880aa15a84d3e582667a98b3ad6c 8.39MB / 8.74MB 0.6s
#6 extracting sha256:6e5015e024232cf8074347bf2e0a0de6fd4390d58e0459e6150012acd0507ba6
#6 sha256:a4b426b84fb68186fb3849782a5986843bd3ff30972efafe5ae03da02a169e62 0B / 27.93MB 0.6s
#6 sha256:5bdb43bd5e4e64867d62db793ec7103275a8ca0187d30c8098bb7d7b41591333 2.08kB / 2.08kB 0.6s done
#6 sha256:f6d4e7c116b86c0731517b0ef6a9389873f1880aa15a84d3e582667a98b3ad6c 8.74MB / 8.74MB 0.8s done
#6 sha256:a4b426b84fb68186fb3849782a5986843bd3ff30972efafe5ae03da02a169e62 7.34MB / 27.93MB 1.0s
#6 sha256:a4b426b84fb68186fb3849782a5986843bd3ff30972efafe5ae03da02a169e62 11.53MB / 27.93MB 1.1s
#6 sha256:a4b426b84fb68186fb3849782a5986843bd3ff30972efafe5ae03da02a169e62 17.83MB / 27.93MB 1.2s
#6 sha256:a4b426b84fb68186fb3849782a5986843bd3ff30972efafe5ae03da02a169e62 23.07MB / 27.93MB 1.3s
#6 extracting sha256:6e5015e024232cf8074347bf2e0a0de6fd4390d58e0459e6150012acd0507ba6 0.9s done
#6 sha256:a4b426b84fb68186fb3849782a5986843bd3ff30972efafe5ae03da02a169e62 27.93MB / 27.93MB 1.4s
#6 sha256:a4b426b84fb68186fb3849782a5986843bd3ff30972efafe5ae03da02a169e62 27.93MB / 27.93MB 1.8s done
#6 extracting sha256:f6d4e7c116b86c0731517b0ef6a9389873f1880aa15a84d3e582667a98b3ad6c
#6 extracting sha256:f6d4e7c116b86c0731517b0ef6a9389873f1880aa15a84d3e582667a98b3ad6c 1.0s done
#6 extracting sha256:5bdb43bd5e4e64867d62db793ec7103275a8ca0187d30c8098bb7d7b41591333 done
#6 extracting sha256:a4b426b84fb68186fb3849782a5986843bd3ff30972efafe5ae03da02a169e62
#6 extracting sha256:a4b426b84fb68186fb3849782a5986843bd3ff30972efafe5ae03da02a169e62 4.0s done
#6 DONE 9.5s

#7 [2/6] RUN apk add --no-cache 	git 	jq 	curl 	make
#7 3.420 fetch https://dl-cdn.alpinelinux.org/alpine/v3.20/main/x86_64/APKINDEX.tar.gz
#7 4.097 fetch https://dl-cdn.alpinelinux.org/alpine/v3.20/community/x86_64/APKINDEX.tar.gz
#7 5.677 (1/5) Upgrading libcurl (8.8.0-r0 -> 8.9.0-r0)
#7 5.706 (2/5) Installing curl (8.9.0-r0)
#7 5.720 (3/5) Installing oniguruma (6.9.9-r0)
#7 5.737 (4/5) Installing jq (1.7.1-r0)
#7 5.757 (5/5) Installing make (4.4.1-r2)
#7 5.772 Executing busybox-1.36.1-r29.trigger
#7 5.805 OK: 28 MiB in 41 packages
#7 DONE 6.4s

#8 [3/6] COPY terraform /usr/src/terraform
#8 DONE 0.5s

#9 [4/6] COPY Makefile /usr/src
#9 DONE 0.4s

#10 [5/6] COPY deploy.sh /usr/local/bin/deploy
#10 DONE 0.4s

#11 [6/6] WORKDIR /usr/src
#11 DONE 0.3s

#12 exporting to image
#12 exporting layers
#12 exporting layers 0.7s done
#12 writing image sha256:e1e93e5ad74fabc62a7856daa482754cd3eafc1321fe2ee561e5ddb8f4bbb649 0.0s done
#12 naming to docker.io/library/image_name_v1_1 0.0s done
#12 DONE 0.8s
Duration: 0:21.87