#0 building with "default" instance using docker driver

#1 [internal] load build definition from v1_Dockerfile
#1 transferring dockerfile: 738B done
#1 DONE 0.0s

#2 [internal] load metadata for docker.io/library/debian:9
#2 DONE 0.7s

#3 [internal] load .dockerignore
#3 transferring context: 2B done
#3 DONE 0.0s

#4 [1/6] FROM docker.io/library/debian:9@sha256:c5c5200ff1e9c73ffbf188b4a67eb1c91531b644856b4aefe86a58d2f0cb05be
#4 resolve docker.io/library/debian:9@sha256:c5c5200ff1e9c73ffbf188b4a67eb1c91531b644856b4aefe86a58d2f0cb05be 0.0s done
#4 sha256:662c05203bab4c59568d24689fa5c3955439360a35c483178598d226b9a5ad10 1.46kB / 1.46kB done
#4 sha256:8372a04f222be82bf67eb0010a59644b1e52f1246b3da9034edaa98f3d591cae 0B / 45.43MB 0.1s
#4 sha256:8372a04f222be82bf67eb0010a59644b1e52f1246b3da9034edaa98f3d591cae 4.19MB / 45.43MB 0.2s
#4 sha256:c5c5200ff1e9c73ffbf188b4a67eb1c91531b644856b4aefe86a58d2f0cb05be 1.21kB / 1.21kB done
#4 sha256:16ee3e11da473f6565ef94a715f1a38b3079e0664913be78869c336a71cb6085 529B / 529B done
#4 sha256:8372a04f222be82bf67eb0010a59644b1e52f1246b3da9034edaa98f3d591cae 22.02MB / 45.43MB 0.4s
#4 sha256:8372a04f222be82bf67eb0010a59644b1e52f1246b3da9034edaa98f3d591cae 32.51MB / 45.43MB 0.5s
#4 sha256:8372a04f222be82bf67eb0010a59644b1e52f1246b3da9034edaa98f3d591cae 44.04MB / 45.43MB 0.6s
#4 extracting sha256:8372a04f222be82bf67eb0010a59644b1e52f1246b3da9034edaa98f3d591cae
#4 sha256:8372a04f222be82bf67eb0010a59644b1e52f1246b3da9034edaa98f3d591cae 45.43MB / 45.43MB 0.7s done
#4 extracting sha256:8372a04f222be82bf67eb0010a59644b1e52f1246b3da9034edaa98f3d591cae 2.9s done
#4 DONE 3.8s

#5 [2/6] RUN apt-get update && apt-get install --no-install-recommends -y     build-essential git python python-ecdsa gcc-arm-none-eabi curl && rm -rf /var/lib/apt/lists/*;
#5 0.195 Ign:1 http://deb.debian.org/debian stretch InRelease
#5 0.196 Ign:2 http://security.debian.org/debian-security stretch/updates InRelease
#5 0.206 Ign:3 http://deb.debian.org/debian stretch-updates InRelease
#5 0.209 Ign:4 http://security.debian.org/debian-security stretch/updates Release
#5 0.215 Ign:5 http://deb.debian.org/debian stretch Release
#5 0.223 Ign:6 http://security.debian.org/debian-security stretch/updates/main amd64 Packages
#5 0.227 Ign:7 http://deb.debian.org/debian stretch-updates Release
#5 0.240 Ign:8 http://deb.debian.org/debian stretch/main all Packages
#5 0.240 Ign:9 http://security.debian.org/debian-security stretch/updates/main all Packages
#5 0.248 Ign:10 http://deb.debian.org/debian stretch/main amd64 Packages
#5 0.250 Ign:6 http://security.debian.org/debian-security stretch/updates/main amd64 Packages
#5 0.259 Ign:11 http://deb.debian.org/debian stretch-updates/main all Packages
#5 0.264 Ign:9 http://security.debian.org/debian-security stretch/updates/main all Packages
#5 0.269 Ign:12 http://deb.debian.org/debian stretch-updates/main amd64 Packages
#5 0.276 Ign:6 http://security.debian.org/debian-security stretch/updates/main amd64 Packages
#5 0.278 Ign:8 http://deb.debian.org/debian stretch/main all Packages
#5 0.288 Ign:9 http://security.debian.org/debian-security stretch/updates/main all Packages
#5 0.289 Ign:10 http://deb.debian.org/debian stretch/main amd64 Packages
#5 0.299 Ign:11 http://deb.debian.org/debian stretch-updates/main all Packages
#5 0.300 Ign:6 http://security.debian.org/debian-security stretch/updates/main amd64 Packages
#5 0.309 Ign:12 http://deb.debian.org/debian stretch-updates/main amd64 Packages
#5 0.313 Ign:9 http://security.debian.org/debian-security stretch/updates/main all Packages
#5 0.318 Ign:8 http://deb.debian.org/debian stretch/main all Packages
#5 0.326 Ign:6 http://security.debian.org/debian-security stretch/updates/main amd64 Packages
#5 0.329 Ign:10 http://deb.debian.org/debian stretch/main amd64 Packages
#5 0.337 Ign:9 http://security.debian.org/debian-security stretch/updates/main all Packages
#5 0.338 Ign:11 http://deb.debian.org/debian stretch-updates/main all Packages
#5 0.348 Ign:12 http://deb.debian.org/debian stretch-updates/main amd64 Packages
#5 0.349 Err:6 http://security.debian.org/debian-security stretch/updates/main amd64 Packages
#5 0.349   404  Not Found [IP: 151.101.130.132 80]
#5 0.358 Ign:8 http://deb.debian.org/debian stretch/main all Packages
#5 0.363 Ign:9 http://security.debian.org/debian-security stretch/updates/main all Packages
#5 0.369 Ign:10 http://deb.debian.org/debian stretch/main amd64 Packages
#5 0.378 Ign:11 http://deb.debian.org/debian stretch-updates/main all Packages
#5 0.388 Ign:12 http://deb.debian.org/debian stretch-updates/main amd64 Packages
#5 0.398 Ign:8 http://deb.debian.org/debian stretch/main all Packages
#5 0.413 Ign:10 http://deb.debian.org/debian stretch/main amd64 Packages
#5 0.423 Ign:11 http://deb.debian.org/debian stretch-updates/main all Packages
#5 0.432 Ign:12 http://deb.debian.org/debian stretch-updates/main amd64 Packages
#5 0.443 Ign:8 http://deb.debian.org/debian stretch/main all Packages
#5 0.461 Err:10 http://deb.debian.org/debian stretch/main amd64 Packages
#5 0.461   404  Not Found
#5 0.474 Ign:11 http://deb.debian.org/debian stretch-updates/main all Packages
#5 0.483 Err:12 http://deb.debian.org/debian stretch-updates/main amd64 Packages
#5 0.483   404  Not Found
#5 0.488 Reading package lists...
#5 0.495 W: The repository 'http://security.debian.org/debian-security stretch/updates Release' does not have a Release file.
#5 0.495 W: The repository 'http://deb.debian.org/debian stretch Release' does not have a Release file.
#5 0.495 W: The repository 'http://deb.debian.org/debian stretch-updates Release' does not have a Release file.
#5 0.495 E: Failed to fetch http://security.debian.org/debian-security/dists/stretch/updates/main/binary-amd64/Packages  404  Not Found [IP: 151.101.130.132 80]
#5 0.495 E: Failed to fetch http://deb.debian.org/debian/dists/stretch/main/binary-amd64/Packages  404  Not Found
#5 0.495 E: Failed to fetch http://deb.debian.org/debian/dists/stretch-updates/main/binary-amd64/Packages  404  Not Found
#5 0.495 E: Some index files failed to download. They have been ignored, or old ones used instead.
#5 ERROR: process "/bin/sh -c apt-get update && apt-get install --no-install-recommends -y     build-essential git python python-ecdsa gcc-arm-none-eabi curl && rm -rf /var/lib/apt/lists/*;" did not complete successfully: exit code: 100
------
 > [2/6] RUN apt-get update && apt-get install --no-install-recommends -y     build-essential git python python-ecdsa gcc-arm-none-eabi curl && rm -rf /var/lib/apt/lists/*;:
0.483 Err:12 http://deb.debian.org/debian stretch-updates/main amd64 Packages
0.483   404  Not Found
0.488 Reading package lists...
0.495 W: The repository 'http://security.debian.org/debian-security stretch/updates Release' does not have a Release file.
0.495 W: The repository 'http://deb.debian.org/debian stretch Release' does not have a Release file.
0.495 W: The repository 'http://deb.debian.org/debian stretch-updates Release' does not have a Release file.
0.495 E: Failed to fetch http://security.debian.org/debian-security/dists/stretch/updates/main/binary-amd64/Packages  404  Not Found [IP: 151.101.130.132 80]
0.495 E: Failed to fetch http://deb.debian.org/debian/dists/stretch/main/binary-amd64/Packages  404  Not Found
0.495 E: Failed to fetch http://deb.debian.org/debian/dists/stretch-updates/main/binary-amd64/Packages  404  Not Found
0.495 E: Some index files failed to download. They have been ignored, or old ones used instead.
------
v1_Dockerfile:7
--------------------
   6 |     
   7 | >>> RUN apt-get update && apt-get install --no-install-recommends -y \
   8 | >>>     build-essential git python python-ecdsa gcc-arm-none-eabi curl && rm -rf /var/lib/apt/lists/*;
   9 |     RUN apt-get install --no-install-recommends -y unzip python-pip && rm -rf /var/lib/apt/lists/*;
--------------------
ERROR: failed to solve: process "/bin/sh -c apt-get update && apt-get install --no-install-recommends -y     build-essential git python python-ecdsa gcc-arm-none-eabi curl && rm -rf /var/lib/apt/lists/*;" did not complete successfully: exit code: 100
Duration: 0:5.74