#0 building with "default" instance using docker driver

#1 [internal] load build definition from v1_Dockerfile
#1 transferring dockerfile: 564B done
#1 DONE 0.0s

#2 [internal] load metadata for docker.io/library/node:11-slim
#2 DONE 0.6s

#3 [internal] load .dockerignore
#3 transferring context: 2B done
#3 DONE 0.0s

#4 [internal] load build context
#4 transferring context: 2.00kB done
#4 DONE 0.0s

#5 [1/4] FROM docker.io/library/node:11-slim@sha256:560cad498671aa6bc27aeda7b8aba0d07628c139aea605952c5e1a178914cc52
#5 resolve docker.io/library/node:11-slim@sha256:560cad498671aa6bc27aeda7b8aba0d07628c139aea605952c5e1a178914cc52 0.0s done
#5 sha256:68e3f078a91d377648dce9ab8f6a2fcf38164be1cc52eb1a6b4d9b633260cd79 0B / 4.14kB 0.1s
#5 sha256:15da797066119c0c18728b47ee9806b8eeed3aa8b8a40dad52cf4bbfa5796e1b 0B / 31.17MB 0.1s
#5 sha256:560cad498671aa6bc27aeda7b8aba0d07628c139aea605952c5e1a178914cc52 1.21kB / 1.21kB done
#5 sha256:f5b38e1fb0fe3e2eb4c7ab9c0466be7becb51680798da4b5a10f6953846dfd6b 1.37kB / 1.37kB done
#5 sha256:4ffafe52a32ab5fd73dc37f8bb5c54e8bcaee0d88f0826e0f323a82323001d33 6.06kB / 6.06kB done
#5 sha256:0a4690c5d889e116874bf45dc757b515565a3bd9b0f6c04054d62280bb4f4ecf 0B / 22.49MB 0.1s
#5 sha256:68e3f078a91d377648dce9ab8f6a2fcf38164be1cc52eb1a6b4d9b633260cd79 4.14kB / 4.14kB 0.2s done
#5 sha256:0a4690c5d889e116874bf45dc757b515565a3bd9b0f6c04054d62280bb4f4ecf 16.78MB / 22.49MB 0.3s
#5 sha256:467e89e981980f73a6cd9abd15ad79530947ffe8846727b574efe3170052678b 0B / 1.33MB 0.3s
#5 sha256:15da797066119c0c18728b47ee9806b8eeed3aa8b8a40dad52cf4bbfa5796e1b 5.24MB / 31.17MB 0.4s
#5 sha256:0a4690c5d889e116874bf45dc757b515565a3bd9b0f6c04054d62280bb4f4ecf 22.49MB / 22.49MB 0.4s
#5 sha256:15da797066119c0c18728b47ee9806b8eeed3aa8b8a40dad52cf4bbfa5796e1b 11.53MB / 31.17MB 0.5s
#5 sha256:0a4690c5d889e116874bf45dc757b515565a3bd9b0f6c04054d62280bb4f4ecf 22.49MB / 22.49MB 0.4s done
#5 extracting sha256:0a4690c5d889e116874bf45dc757b515565a3bd9b0f6c04054d62280bb4f4ecf 0.1s
#5 sha256:a6c346b61a620d95e84b9e803fb72a7f0e6f20a0f53d88f336b1cdf8081a7d0c 0B / 293B 0.5s
#5 sha256:15da797066119c0c18728b47ee9806b8eeed3aa8b8a40dad52cf4bbfa5796e1b 31.17MB / 31.17MB 0.7s
#5 sha256:a6c346b61a620d95e84b9e803fb72a7f0e6f20a0f53d88f336b1cdf8081a7d0c 293B / 293B 0.6s done
#5 sha256:15da797066119c0c18728b47ee9806b8eeed3aa8b8a40dad52cf4bbfa5796e1b 31.17MB / 31.17MB 0.8s done
#5 sha256:467e89e981980f73a6cd9abd15ad79530947ffe8846727b574efe3170052678b 1.33MB / 1.33MB 0.8s
#5 sha256:467e89e981980f73a6cd9abd15ad79530947ffe8846727b574efe3170052678b 1.33MB / 1.33MB 0.8s done
#5 extracting sha256:0a4690c5d889e116874bf45dc757b515565a3bd9b0f6c04054d62280bb4f4ecf 1.6s done
#5 extracting sha256:68e3f078a91d377648dce9ab8f6a2fcf38164be1cc52eb1a6b4d9b633260cd79 done
#5 extracting sha256:15da797066119c0c18728b47ee9806b8eeed3aa8b8a40dad52cf4bbfa5796e1b
#5 extracting sha256:15da797066119c0c18728b47ee9806b8eeed3aa8b8a40dad52cf4bbfa5796e1b 2.2s done
#5 extracting sha256:467e89e981980f73a6cd9abd15ad79530947ffe8846727b574efe3170052678b
#5 extracting sha256:467e89e981980f73a6cd9abd15ad79530947ffe8846727b574efe3170052678b 0.1s done
#5 extracting sha256:a6c346b61a620d95e84b9e803fb72a7f0e6f20a0f53d88f336b1cdf8081a7d0c done
#5 DONE 4.9s

#6 [2/4] RUN apt-get update && apt-get install --no-install-recommends jq git -y && rm -rf /var/lib/apt/lists/*
#6 0.208 Ign:1 http://deb.debian.org/debian stretch InRelease
#6 0.213 Ign:2 http://security.debian.org/debian-security stretch/updates InRelease
#6 0.218 Ign:3 http://deb.debian.org/debian stretch-updates InRelease
#6 0.227 Ign:4 http://security.debian.org/debian-security stretch/updates Release
#6 0.227 Ign:5 http://deb.debian.org/debian stretch Release
#6 0.238 Ign:6 http://deb.debian.org/debian stretch-updates Release
#6 0.241 Ign:7 http://security.debian.org/debian-security stretch/updates/main amd64 Packages
#6 0.249 Ign:8 http://deb.debian.org/debian stretch/main all Packages
#6 0.254 Ign:9 http://security.debian.org/debian-security stretch/updates/main all Packages
#6 0.260 Ign:10 http://deb.debian.org/debian stretch/main amd64 Packages
#6 0.266 Ign:7 http://security.debian.org/debian-security stretch/updates/main amd64 Packages
#6 0.271 Ign:11 http://deb.debian.org/debian stretch-updates/main amd64 Packages
#6 0.279 Ign:9 http://security.debian.org/debian-security stretch/updates/main all Packages
#6 0.283 Ign:12 http://deb.debian.org/debian stretch-updates/main all Packages
#6 0.293 Ign:8 http://deb.debian.org/debian stretch/main all Packages
#6 0.296 Ign:7 http://security.debian.org/debian-security stretch/updates/main amd64 Packages
#6 0.304 Ign:10 http://deb.debian.org/debian stretch/main amd64 Packages
#6 0.308 Ign:9 http://security.debian.org/debian-security stretch/updates/main all Packages
#6 0.317 Ign:11 http://deb.debian.org/debian stretch-updates/main amd64 Packages
#6 0.321 Ign:7 http://security.debian.org/debian-security stretch/updates/main amd64 Packages
#6 0.326 Ign:12 http://deb.debian.org/debian stretch-updates/main all Packages
#6 0.335 Ign:9 http://security.debian.org/debian-security stretch/updates/main all Packages
#6 0.339 Ign:8 http://deb.debian.org/debian stretch/main all Packages
#6 0.347 Ign:7 http://security.debian.org/debian-security stretch/updates/main amd64 Packages
#6 0.353 Ign:10 http://deb.debian.org/debian stretch/main amd64 Packages
#6 0.359 Ign:9 http://security.debian.org/debian-security stretch/updates/main all Packages
#6 0.363 Ign:11 http://deb.debian.org/debian stretch-updates/main amd64 Packages
#6 0.372 Err:7 http://security.debian.org/debian-security stretch/updates/main amd64 Packages
#6 0.372   404  Not Found [IP: 151.101.130.132 80]
#6 0.373 Ign:12 http://deb.debian.org/debian stretch-updates/main all Packages
#6 0.384 Ign:8 http://deb.debian.org/debian stretch/main all Packages
#6 0.384 Ign:9 http://security.debian.org/debian-security stretch/updates/main all Packages
#6 0.395 Ign:10 http://deb.debian.org/debian stretch/main amd64 Packages
#6 0.406 Ign:11 http://deb.debian.org/debian stretch-updates/main amd64 Packages
#6 0.418 Ign:12 http://deb.debian.org/debian stretch-updates/main all Packages
#6 0.431 Ign:8 http://deb.debian.org/debian stretch/main all Packages
#6 0.441 Ign:10 http://deb.debian.org/debian stretch/main amd64 Packages
#6 0.451 Ign:11 http://deb.debian.org/debian stretch-updates/main amd64 Packages
#6 0.463 Ign:12 http://deb.debian.org/debian stretch-updates/main all Packages
#6 0.473 Ign:8 http://deb.debian.org/debian stretch/main all Packages
#6 0.493 Err:10 http://deb.debian.org/debian stretch/main amd64 Packages
#6 0.493   404  Not Found
#6 0.505 Err:11 http://deb.debian.org/debian stretch-updates/main amd64 Packages
#6 0.505   404  Not Found
#6 0.517 Ign:12 http://deb.debian.org/debian stretch-updates/main all Packages
#6 0.522 Reading package lists...
#6 0.531 W: The repository 'http://security.debian.org/debian-security stretch/updates Release' does not have a Release file.
#6 0.531 W: The repository 'http://deb.debian.org/debian stretch Release' does not have a Release file.
#6 0.531 W: The repository 'http://deb.debian.org/debian stretch-updates Release' does not have a Release file.
#6 0.531 E: Failed to fetch http://security.debian.org/debian-security/dists/stretch/updates/main/binary-amd64/Packages  404  Not Found [IP: 151.101.130.132 80]
#6 0.531 E: Failed to fetch http://deb.debian.org/debian/dists/stretch/main/binary-amd64/Packages  404  Not Found
#6 0.531 E: Failed to fetch http://deb.debian.org/debian/dists/stretch-updates/main/binary-amd64/Packages  404  Not Found
#6 0.531 E: Some index files failed to download. They have been ignored, or old ones used instead.
#6 ERROR: process "/bin/sh -c apt-get update && apt-get install --no-install-recommends jq git -y && rm -rf /var/lib/apt/lists/*" did not complete successfully: exit code: 100
------
 > [2/4] RUN apt-get update && apt-get install --no-install-recommends jq git -y && rm -rf /var/lib/apt/lists/*:
0.406 Ign:11 http://deb.debian.org/debian stretch-updates/main amd64 Packages
0.418 Ign:12 http://deb.debian.org/debian stretch-updates/main all Packages

0.531 W: The repository 'http://security.debian.org/debian-security stretch/updates Release' does not have a Release file.
0.531 W: The repository 'http://deb.debian.org/debian stretch Release' does not have a Release file.
0.531 W: The repository 'http://deb.debian.org/debian stretch-updates Release' does not have a Release file.
0.531 E: Failed to fetch http://security.debian.org/debian-security/dists/stretch/updates/main/binary-amd64/Packages  404  Not Found [IP: 151.101.130.132 80]
0.531 E: Failed to fetch http://deb.debian.org/debian/dists/stretch/main/binary-amd64/Packages  404  Not Found
0.531 E: Failed to fetch http://deb.debian.org/debian/dists/stretch-updates/main/binary-amd64/Packages  404  Not Found
0.531 E: Some index files failed to download. They have been ignored, or old ones used instead.
------
v1_Dockerfile:8
--------------------
   6 |     LABEL "com.github.actions.color"="gray-dark"
   7 |     
   8 | >>> RUN apt-get update && apt-get install --no-install-recommends jq git -y && rm -rf /var/lib/apt/lists/*
   9 |     
  10 |     COPY ./entrypoint.sh /entrypoint.sh
--------------------
ERROR: failed to solve: process "/bin/sh -c apt-get update && apt-get install --no-install-recommends jq git -y && rm -rf /var/lib/apt/lists/*" did not complete successfully: exit code: 100
Duration: 0:7.06