#0 building with "default" instance using docker driver

#1 [internal] load build definition from v1_Dockerfile
#1 ...

#2 [internal] load .dockerignore
#2 transferring context: 2B done
#2 DONE 0.3s

#1 [internal] load build definition from v1_Dockerfile
#1 transferring dockerfile: 633B done
#1 DONE 0.4s

#3 [internal] load metadata for docker.io/library/elixir:1.4
#3 DONE 1.2s

#4 [internal] load build context
#4 DONE 0.0s

#5 [ 1/14] FROM docker.io/library/elixir:1.4@sha256:8ede3a3af161625995c62221d2c9549d0e9dbee0e1fc9c710d23c5aa12901eb0
#5 resolve docker.io/library/elixir:1.4@sha256:8ede3a3af161625995c62221d2c9549d0e9dbee0e1fc9c710d23c5aa12901eb0
#5 resolve docker.io/library/elixir:1.4@sha256:8ede3a3af161625995c62221d2c9549d0e9dbee0e1fc9c710d23c5aa12901eb0 0.3s done
#5 sha256:2eeb60b190d601e099d60a755676f436d6ec2efef50c21859da10b2bb59314e7 2.22kB / 2.22kB done
#5 sha256:8ede3a3af161625995c62221d2c9549d0e9dbee0e1fc9c710d23c5aa12901eb0 988B / 988B done
#5 sha256:e9e0b42d090789ceffb59d5d61052e33c1a2ba42accff9663b7756c27fc9770d 8.52kB / 8.52kB done
#5 sha256:fa8559aa5ebb59d52475c0142459015fb9be267e1a497d8664f3fc8a35445173 0B / 10.75MB 0.1s
#5 ...

#4 [internal] load build context
#4 transferring context: 273.16kB 0.0s done
#4 DONE 0.3s

#5 [ 1/14] FROM docker.io/library/elixir:1.4@sha256:8ede3a3af161625995c62221d2c9549d0e9dbee0e1fc9c710d23c5aa12901eb0
#5 sha256:0400ac8f7460260a663e0e97c24d7dfd8a2c947736f0351752b45c53e26d6e02 0B / 45.37MB 0.2s
#5 sha256:fa8559aa5ebb59d52475c0142459015fb9be267e1a497d8664f3fc8a35445173 8.39MB / 10.75MB 0.4s
#5 sha256:da32bfbbc3bad880f731e2f37903c9e359e180a5e74a703293a9441260cf3551 0B / 4.34MB 0.4s
#5 sha256:fa8559aa5ebb59d52475c0142459015fb9be267e1a497d8664f3fc8a35445173 10.75MB / 10.75MB 0.6s
#5 sha256:0400ac8f7460260a663e0e97c24d7dfd8a2c947736f0351752b45c53e26d6e02 10.49MB / 45.37MB 0.6s
#5 sha256:da32bfbbc3bad880f731e2f37903c9e359e180a5e74a703293a9441260cf3551 1.05MB / 4.34MB 0.6s
#5 sha256:fa8559aa5ebb59d52475c0142459015fb9be267e1a497d8664f3fc8a35445173 10.75MB / 10.75MB 0.7s done
#5 sha256:0400ac8f7460260a663e0e97c24d7dfd8a2c947736f0351752b45c53e26d6e02 14.68MB / 45.37MB 0.7s
#5 sha256:da32bfbbc3bad880f731e2f37903c9e359e180a5e74a703293a9441260cf3551 3.15MB / 4.34MB 0.7s
#5 sha256:0400ac8f7460260a663e0e97c24d7dfd8a2c947736f0351752b45c53e26d6e02 17.83MB / 45.37MB 0.8s
#5 sha256:da32bfbbc3bad880f731e2f37903c9e359e180a5e74a703293a9441260cf3551 4.34MB / 4.34MB 0.8s
#5 sha256:e1dc6725529d1d5ae67097d74db110cdfe3b60173dd4d9914c825ca6358ef8b5 0B / 50.11MB 0.8s
#5 sha256:da32bfbbc3bad880f731e2f37903c9e359e180a5e74a703293a9441260cf3551 4.34MB / 4.34MB 0.8s done
#5 sha256:e1dc6725529d1d5ae67097d74db110cdfe3b60173dd4d9914c825ca6358ef8b5 3.15MB / 50.11MB 1.0s
#5 sha256:572866ab72a68759e23b071fbbdce6341137c9606936b4fff9846f74997bbaac 0B / 214.25MB 1.0s
#5 sha256:0400ac8f7460260a663e0e97c24d7dfd8a2c947736f0351752b45c53e26d6e02 20.97MB / 45.37MB 1.2s
#5 sha256:e1dc6725529d1d5ae67097d74db110cdfe3b60173dd4d9914c825ca6358ef8b5 7.34MB / 50.11MB 1.2s
#5 sha256:0400ac8f7460260a663e0e97c24d7dfd8a2c947736f0351752b45c53e26d6e02 24.12MB / 45.37MB 1.4s
#5 sha256:e1dc6725529d1d5ae67097d74db110cdfe3b60173dd4d9914c825ca6358ef8b5 12.58MB / 50.11MB 1.4s
#5 sha256:572866ab72a68759e23b071fbbdce6341137c9606936b4fff9846f74997bbaac 11.53MB / 214.25MB 1.4s
#5 sha256:0400ac8f7460260a663e0e97c24d7dfd8a2c947736f0351752b45c53e26d6e02 27.26MB / 45.37MB 1.5s
#5 sha256:e1dc6725529d1d5ae67097d74db110cdfe3b60173dd4d9914c825ca6358ef8b5 15.73MB / 50.11MB 1.5s
#5 sha256:0400ac8f7460260a663e0e97c24d7dfd8a2c947736f0351752b45c53e26d6e02 31.46MB / 45.37MB 1.6s
#5 sha256:e1dc6725529d1d5ae67097d74db110cdfe3b60173dd4d9914c825ca6358ef8b5 18.87MB / 50.11MB 1.6s
#5 sha256:0400ac8f7460260a663e0e97c24d7dfd8a2c947736f0351752b45c53e26d6e02 37.75MB / 45.37MB 1.8s
#5 sha256:e1dc6725529d1d5ae67097d74db110cdfe3b60173dd4d9914c825ca6358ef8b5 23.07MB / 50.11MB 1.8s
#5 sha256:572866ab72a68759e23b071fbbdce6341137c9606936b4fff9846f74997bbaac 28.31MB / 214.25MB 1.8s
#5 sha256:0400ac8f7460260a663e0e97c24d7dfd8a2c947736f0351752b45c53e26d6e02 40.89MB / 45.37MB 1.9s
#5 sha256:0400ac8f7460260a663e0e97c24d7dfd8a2c947736f0351752b45c53e26d6e02 45.37MB / 45.37MB 2.1s
#5 sha256:e1dc6725529d1d5ae67097d74db110cdfe3b60173dd4d9914c825ca6358ef8b5 29.36MB / 50.11MB 2.1s
#5 sha256:572866ab72a68759e23b071fbbdce6341137c9606936b4fff9846f74997bbaac 45.09MB / 214.25MB 2.1s
#5 sha256:e1dc6725529d1d5ae67097d74db110cdfe3b60173dd4d9914c825ca6358ef8b5 32.51MB / 50.11MB 2.2s
#5 sha256:e1dc6725529d1d5ae67097d74db110cdfe3b60173dd4d9914c825ca6358ef8b5 39.85MB / 50.11MB 2.4s
#5 sha256:572866ab72a68759e23b071fbbdce6341137c9606936b4fff9846f74997bbaac 62.91MB / 214.25MB 2.4s
#5 sha256:e1dc6725529d1d5ae67097d74db110cdfe3b60173dd4d9914c825ca6358ef8b5 49.28MB / 50.11MB 2.7s
#5 sha256:572866ab72a68759e23b071fbbdce6341137c9606936b4fff9846f74997bbaac 89.13MB / 214.25MB 2.7s
#5 sha256:0400ac8f7460260a663e0e97c24d7dfd8a2c947736f0351752b45c53e26d6e02 45.37MB / 45.37MB 2.8s done
#5 extracting sha256:0400ac8f7460260a663e0e97c24d7dfd8a2c947736f0351752b45c53e26d6e02
#5 sha256:572866ab72a68759e23b071fbbdce6341137c9606936b4fff9846f74997bbaac 102.76MB / 214.25MB 2.9s
#5 sha256:572866ab72a68759e23b071fbbdce6341137c9606936b4fff9846f74997bbaac 118.49MB / 214.25MB 3.1s
#5 sha256:572866ab72a68759e23b071fbbdce6341137c9606936b4fff9846f74997bbaac 133.17MB / 214.25MB 3.4s
#5 sha256:e1dc6725529d1d5ae67097d74db110cdfe3b60173dd4d9914c825ca6358ef8b5 50.11MB / 50.11MB 3.6s done
#5 sha256:572866ab72a68759e23b071fbbdce6341137c9606936b4fff9846f74997bbaac 150.99MB / 214.25MB 3.7s
#5 sha256:7de158c945f338f6c80480df6fafb5afec5258bb5b961599c90348d008a466a9 0B / 143.49MB 3.7s
#5 sha256:a84fc0f3844390195b53b046708eb1ec3279a2d41b04b88109e4fcf7418bee01 0B / 199.22kB 3.7s
#5 sha256:a84fc0f3844390195b53b046708eb1ec3279a2d41b04b88109e4fcf7418bee01 199.22kB / 199.22kB 3.9s done
#5 sha256:8b5b8225a4174e9f5cc64c767828ec1d1d8fc38b7362e6c5ecc72a74c4cea7e8 0B / 959.43kB 4.0s
#5 sha256:572866ab72a68759e23b071fbbdce6341137c9606936b4fff9846f74997bbaac 164.63MB / 214.25MB 4.1s
#5 sha256:7de158c945f338f6c80480df6fafb5afec5258bb5b961599c90348d008a466a9 7.34MB / 143.49MB 4.1s
#5 sha256:8b5b8225a4174e9f5cc64c767828ec1d1d8fc38b7362e6c5ecc72a74c4cea7e8 959.43kB / 959.43kB 4.1s
#5 sha256:8b5b8225a4174e9f5cc64c767828ec1d1d8fc38b7362e6c5ecc72a74c4cea7e8 959.43kB / 959.43kB 4.1s done
#5 sha256:0f40879e235c3b834191a0120f240480b7ab556a480f1b5d2f967423bf08f711 0B / 4.06MB 4.2s
#5 sha256:572866ab72a68759e23b071fbbdce6341137c9606936b4fff9846f74997bbaac 184.55MB / 214.25MB 4.4s
#5 sha256:0f40879e235c3b834191a0120f240480b7ab556a480f1b5d2f967423bf08f711 2.10MB / 4.06MB 4.4s
#5 sha256:7de158c945f338f6c80480df6fafb5afec5258bb5b961599c90348d008a466a9 15.73MB / 143.49MB 4.5s
#5 sha256:0f40879e235c3b834191a0120f240480b7ab556a480f1b5d2f967423bf08f711 4.06MB / 4.06MB 4.5s
#5 sha256:0f40879e235c3b834191a0120f240480b7ab556a480f1b5d2f967423bf08f711 4.06MB / 4.06MB 4.6s done
#5 sha256:572866ab72a68759e23b071fbbdce6341137c9606936b4fff9846f74997bbaac 197.13MB / 214.25MB 4.7s
#5 sha256:7de158c945f338f6c80480df6fafb5afec5258bb5b961599c90348d008a466a9 28.31MB / 143.49MB 4.9s
#5 sha256:572866ab72a68759e23b071fbbdce6341137c9606936b4fff9846f74997bbaac 214.25MB / 214.25MB 5.0s
#5 sha256:7de158c945f338f6c80480df6fafb5afec5258bb5b961599c90348d008a466a9 36.70MB / 143.49MB 5.3s
#5 extracting sha256:0400ac8f7460260a663e0e97c24d7dfd8a2c947736f0351752b45c53e26d6e02 2.6s done
#5 sha256:7de158c945f338f6c80480df6fafb5afec5258bb5b961599c90348d008a466a9 46.14MB / 143.49MB 5.7s
#5 sha256:7de158c945f338f6c80480df6fafb5afec5258bb5b961599c90348d008a466a9 55.57MB / 143.49MB 6.1s
#5 sha256:7de158c945f338f6c80480df6fafb5afec5258bb5b961599c90348d008a466a9 65.01MB / 143.49MB 6.3s
#5 sha256:7de158c945f338f6c80480df6fafb5afec5258bb5b961599c90348d008a466a9 75.50MB / 143.49MB 6.5s
#5 sha256:7de158c945f338f6c80480df6fafb5afec5258bb5b961599c90348d008a466a9 83.89MB / 143.49MB 6.7s
#5 sha256:7de158c945f338f6c80480df6fafb5afec5258bb5b961599c90348d008a466a9 93.32MB / 143.49MB 6.9s
#5 sha256:7de158c945f338f6c80480df6fafb5afec5258bb5b961599c90348d008a466a9 101.71MB / 143.49MB 7.2s
#5 sha256:7de158c945f338f6c80480df6fafb5afec5258bb5b961599c90348d008a466a9 113.25MB / 143.49MB 7.4s
#5 sha256:7de158c945f338f6c80480df6fafb5afec5258bb5b961599c90348d008a466a9 120.59MB / 143.49MB 7.6s
#5 sha256:7de158c945f338f6c80480df6fafb5afec5258bb5b961599c90348d008a466a9 132.12MB / 143.49MB 8.0s
#5 sha256:7de158c945f338f6c80480df6fafb5afec5258bb5b961599c90348d008a466a9 140.51MB / 143.49MB 8.1s
#5 sha256:572866ab72a68759e23b071fbbdce6341137c9606936b4fff9846f74997bbaac 214.25MB / 214.25MB 8.3s done
#5 sha256:7de158c945f338f6c80480df6fafb5afec5258bb5b961599c90348d008a466a9 143.49MB / 143.49MB 10.6s done
#5 extracting sha256:fa8559aa5ebb59d52475c0142459015fb9be267e1a497d8664f3fc8a35445173
#5 extracting sha256:fa8559aa5ebb59d52475c0142459015fb9be267e1a497d8664f3fc8a35445173 0.5s done
#5 extracting sha256:da32bfbbc3bad880f731e2f37903c9e359e180a5e74a703293a9441260cf3551
#5 extracting sha256:da32bfbbc3bad880f731e2f37903c9e359e180a5e74a703293a9441260cf3551 0.2s done
#5 extracting sha256:e1dc6725529d1d5ae67097d74db110cdfe3b60173dd4d9914c825ca6358ef8b5
#5 extracting sha256:e1dc6725529d1d5ae67097d74db110cdfe3b60173dd4d9914c825ca6358ef8b5 3.2s done
#5 extracting sha256:572866ab72a68759e23b071fbbdce6341137c9606936b4fff9846f74997bbaac
#5 extracting sha256:572866ab72a68759e23b071fbbdce6341137c9606936b4fff9846f74997bbaac 5.1s
#5 extracting sha256:572866ab72a68759e23b071fbbdce6341137c9606936b4fff9846f74997bbaac 10.1s
#5 extracting sha256:572866ab72a68759e23b071fbbdce6341137c9606936b4fff9846f74997bbaac 12.0s done
#5 extracting sha256:7de158c945f338f6c80480df6fafb5afec5258bb5b961599c90348d008a466a9
#5 extracting sha256:7de158c945f338f6c80480df6fafb5afec5258bb5b961599c90348d008a466a9 5.1s
#5 extracting sha256:7de158c945f338f6c80480df6fafb5afec5258bb5b961599c90348d008a466a9 5.5s done
#5 extracting sha256:a84fc0f3844390195b53b046708eb1ec3279a2d41b04b88109e4fcf7418bee01
#5 extracting sha256:a84fc0f3844390195b53b046708eb1ec3279a2d41b04b88109e4fcf7418bee01 0.1s done
#5 extracting sha256:8b5b8225a4174e9f5cc64c767828ec1d1d8fc38b7362e6c5ecc72a74c4cea7e8
#5 extracting sha256:8b5b8225a4174e9f5cc64c767828ec1d1d8fc38b7362e6c5ecc72a74c4cea7e8 0.1s done
#5 extracting sha256:0f40879e235c3b834191a0120f240480b7ab556a480f1b5d2f967423bf08f711
#5 extracting sha256:0f40879e235c3b834191a0120f240480b7ab556a480f1b5d2f967423bf08f711 0.2s done
#5 DONE 37.2s

#6 [ 2/14] RUN curl -sL https://deb.nodesource.com/setup_14.x | bash -
#6 0.513 
#6 0.513 ================================================================================
#6 0.513 ================================================================================
#6 0.513 
#6 0.513                               DEPRECATION WARNING                            
#6 0.513 
#6 0.513   Node.js 14.x is no longer actively supported!
#6 0.513 
#6 0.513   You will not receive security or critical stability updates for this version.
#6 0.513 
#6 0.513   You should migrate to a supported version of Node.js as soon as possible.
#6 0.513   Use the installation script that corresponds to the version of Node.js you
#6 0.513   wish to install. e.g.
#6 0.513 
#6 0.513    * https://deb.nodesource.com/setup_16.x — Node.js 16 "Gallium"
#6 0.513    * https://deb.nodesource.com/setup_18.x — Node.js 18 LTS "Hydrogen" (recommended)
#6 0.513    * https://deb.nodesource.com/setup_19.x — Node.js 19 "Nineteen"
#6 0.513    * https://deb.nodesource.com/setup_20.x — Node.js 20 "Iron" (current)
#6 0.513 
#6 0.513   Please see https://github.com/nodejs/Release for details about which
#6 0.513   version may be appropriate for you.
#6 0.513 
#6 0.513   The NodeSource Node.js distributions repository contains
#6 0.513   information both about supported versions of Node.js and supported Linux
#6 0.513   distributions. To learn more about usage, see the repository:
#6 0.513     https://github.com/nodesource/distributions
#6 0.513 
#6 0.513 ================================================================================
#6 0.513 ================================================================================
#6 0.513 
#6 0.513 Continuing in 20 seconds ...
#6 0.513 
#6 20.52 
#6 20.52 ================================================================================
#6 20.52 ▓▓▓▓▓▓▓▓▓▓▓▓▓▓▓▓▓▓▓▓▓▓▓▓▓▓▓▓▓▓▓▓▓▓▓▓▓▓▓▓▓▓▓▓▓▓▓▓▓▓▓▓▓▓▓▓▓▓▓▓▓▓▓▓▓▓▓▓▓▓▓▓▓▓▓▓▓▓▓▓
#6 20.52 ================================================================================
#6 20.52 
#6 20.52                            SCRIPT DEPRECATION WARNING                    
#6 20.52 
#6 20.52   
#6 20.52   This script, located at https://deb.nodesource.com/setup_X, used to
#6 20.52   install Node.js is deprecated now and will eventually be made inactive.
#6 20.52 
#6 20.52   Please visit the NodeSource distributions Github and follow the
#6 20.52   instructions to migrate your repo.
#6 20.52   https://github.com/nodesource/distributions
#6 20.52 
#6 20.52   The NodeSource Node.js Linux distributions GitHub repository contains
#6 20.52   information about which versions of Node.js and which Linux distributions
#6 20.52   are supported and how to install it.
#6 20.52   https://github.com/nodesource/distributions
#6 20.52 
#6 20.52 
#6 20.52                           SCRIPT DEPRECATION WARNING
#6 20.52 
#6 20.52 ================================================================================
#6 20.52 ▓▓▓▓▓▓▓▓▓▓▓▓▓▓▓▓▓▓▓▓▓▓▓▓▓▓▓▓▓▓▓▓▓▓▓▓▓▓▓▓▓▓▓▓▓▓▓▓▓▓▓▓▓▓▓▓▓▓▓▓▓▓▓▓▓▓▓▓▓▓▓▓▓▓▓▓▓▓▓▓
#6 20.52 ================================================================================
#6 20.52 
#6 20.52 TO AVOID THIS WAIT MIGRATE THE SCRIPT
#6 20.52 Continuing in 60 seconds (press Ctrl-C to abort) ...
#6 20.52 
#6 80.52 
#6 80.52 ## Installing the NodeSource Node.js 14.x repo...
#6 80.52 
#6 80.52 
#6 80.52 ## Populating apt-get cache...
#6 80.52 
#6 80.52 + apt-get update
#6 80.58 Ign:1 http://security.debian.org/debian-security stretch/updates InRelease
#6 80.58 Ign:2 http://deb.debian.org/debian stretch InRelease
#6 80.59 Ign:3 http://security.debian.org/debian-security stretch/updates Release
#6 80.59 Ign:4 http://deb.debian.org/debian stretch-updates InRelease
#6 80.60 Ign:5 http://deb.debian.org/debian stretch Release
#6 80.60 Ign:6 http://security.debian.org/debian-security stretch/updates/main all Packages
#6 80.61 Ign:7 http://security.debian.org/debian-security stretch/updates/main amd64 Packages
#6 80.62 Ign:8 http://deb.debian.org/debian stretch-updates Release
#6 80.63 Ign:6 http://security.debian.org/debian-security stretch/updates/main all Packages
#6 80.64 Ign:7 http://security.debian.org/debian-security stretch/updates/main amd64 Packages
#6 80.65 Ign:6 http://security.debian.org/debian-security stretch/updates/main all Packages
#6 80.66 Ign:7 http://security.debian.org/debian-security stretch/updates/main amd64 Packages
#6 80.67 Ign:6 http://security.debian.org/debian-security stretch/updates/main all Packages
#6 80.68 Ign:7 http://security.debian.org/debian-security stretch/updates/main amd64 Packages
#6 80.69 Ign:6 http://security.debian.org/debian-security stretch/updates/main all Packages
#6 80.70 Ign:7 http://security.debian.org/debian-security stretch/updates/main amd64 Packages
#6 80.71 Ign:6 http://security.debian.org/debian-security stretch/updates/main all Packages
#6 80.73 Err:7 http://security.debian.org/debian-security stretch/updates/main amd64 Packages
#6 80.73   404  Not Found
#6 80.77 Ign:9 http://deb.debian.org/debian stretch/main amd64 Packages
#6 80.93 Ign:10 http://deb.debian.org/debian stretch/main all Packages
#6 81.09 Ign:11 http://deb.debian.org/debian stretch-updates/main amd64 Packages
#6 81.25 Ign:12 http://deb.debian.org/debian stretch-updates/main all Packages
#6 81.40 Ign:9 http://deb.debian.org/debian stretch/main amd64 Packages
#6 81.56 Ign:10 http://deb.debian.org/debian stretch/main all Packages
#6 81.72 Ign:11 http://deb.debian.org/debian stretch-updates/main amd64 Packages
#6 81.88 Ign:12 http://deb.debian.org/debian stretch-updates/main all Packages
#6 82.04 Ign:9 http://deb.debian.org/debian stretch/main amd64 Packages
#6 82.21 Ign:10 http://deb.debian.org/debian stretch/main all Packages
#6 82.37 Ign:11 http://deb.debian.org/debian stretch-updates/main amd64 Packages
#6 82.52 Ign:12 http://deb.debian.org/debian stretch-updates/main all Packages
#6 82.68 Ign:9 http://deb.debian.org/debian stretch/main amd64 Packages
#6 82.84 Ign:10 http://deb.debian.org/debian stretch/main all Packages
#6 83.00 Ign:11 http://deb.debian.org/debian stretch-updates/main amd64 Packages
#6 83.16 Ign:12 http://deb.debian.org/debian stretch-updates/main all Packages
#6 83.32 Ign:9 http://deb.debian.org/debian stretch/main amd64 Packages
#6 83.48 Ign:10 http://deb.debian.org/debian stretch/main all Packages
#6 83.63 Ign:11 http://deb.debian.org/debian stretch-updates/main amd64 Packages
#6 83.79 Ign:12 http://deb.debian.org/debian stretch-updates/main all Packages
#6 83.99 Err:9 http://deb.debian.org/debian stretch/main amd64 Packages
#6 83.99   404  Not Found
#6 84.17 Ign:10 http://deb.debian.org/debian stretch/main all Packages
#6 84.33 Err:11 http://deb.debian.org/debian stretch-updates/main amd64 Packages
#6 84.33   404  Not Found
#6 84.63 Ign:12 http://deb.debian.org/debian stretch-updates/main all Packages
#6 84.64 Reading package lists...
#6 84.65 W: The repository 'http://security.debian.org/debian-security stretch/updates Release' does not have a Release file.
#6 84.65 W: The repository 'http://deb.debian.org/debian stretch Release' does not have a Release file.
#6 84.65 W: The repository 'http://deb.debian.org/debian stretch-updates Release' does not have a Release file.
#6 84.65 E: Failed to fetch http://security.debian.org/debian-security/dists/stretch/updates/main/binary-amd64/Packages  404  Not Found
#6 84.65 E: Failed to fetch http://deb.debian.org/debian/dists/stretch/main/binary-amd64/Packages  404  Not Found
#6 84.65 E: Failed to fetch http://deb.debian.org/debian/dists/stretch-updates/main/binary-amd64/Packages  404  Not Found
#6 84.65 E: Some index files failed to download. They have been ignored, or old ones used instead.
#6 84.65 Error executing command, exiting
#6 ERROR: process "/bin/sh -c curl -sL https://deb.nodesource.com/setup_14.x | bash -" did not complete successfully: exit code: 1
------
 > [ 2/14] RUN curl -sL https://deb.nodesource.com/setup_14.x | bash -:
84.63 Ign:12 http://deb.debian.org/debian stretch-updates/main all Packages
84.64 Reading package lists...
84.65 W: The repository 'http://security.debian.org/debian-security stretch/updates Release' does not have a Release file.
84.65 W: The repository 'http://deb.debian.org/debian stretch Release' does not have a Release file.
84.65 W: The repository 'http://deb.debian.org/debian stretch-updates Release' does not have a Release file.
84.65 E: Failed to fetch http://security.debian.org/debian-security/dists/stretch/updates/main/binary-amd64/Packages  404  Not Found
84.65 E: Failed to fetch http://deb.debian.org/debian/dists/stretch/main/binary-amd64/Packages  404  Not Found
84.65 E: Failed to fetch http://deb.debian.org/debian/dists/stretch-updates/main/binary-amd64/Packages  404  Not Found
84.65 E: Some index files failed to download. They have been ignored, or old ones used instead.
84.65 Error executing command, exiting
------
v1_Dockerfile:9
--------------------
   7 |     
   8 |     # Need node for brunch asset compiling
   9 | >>> RUN curl -sL https://deb.nodesource.com/setup_14.x | bash -
  10 |     RUN apt-get update && apt-get install -y -q nodejs
  11 |     
--------------------
ERROR: failed to solve: process "/bin/sh -c curl -sL https://deb.nodesource.com/setup_14.x | bash -" did not complete successfully: exit code: 1
Duration: 2:4.00