#0 building with "default" instance using docker driver

#1 [internal] load build definition from v1_Dockerfile
#1 transferring dockerfile: 313B done
#1 DONE 0.0s

#2 [internal] load metadata for docker.io/bhomnick/python-multi:latest
#2 ...

#3 [auth] bhomnick/python-multi:pull token for registry-1.docker.io
#3 DONE 0.0s

#2 [internal] load metadata for docker.io/bhomnick/python-multi:latest
#2 DONE 1.0s

#4 [internal] load .dockerignore
#4 transferring context: 2B done
#4 DONE 0.0s

#5 [internal] load build context
#5 transferring context: 249B done
#5 DONE 0.0s

#6 [1/6] FROM docker.io/bhomnick/python-multi:latest@sha256:11f975d0e1657e16722d6888a70c64e85fb3ba7d186142012ee9da5992e52e51
#6 resolve docker.io/bhomnick/python-multi:latest@sha256:11f975d0e1657e16722d6888a70c64e85fb3ba7d186142012ee9da5992e52e51 0.0s done
#6 sha256:4800807ead98929ac8ba50050ba8b6e2bef06a50df33340fdfaf61ec2d87e228 3.75kB / 3.75kB done
#6 sha256:c1e763b051f2cc8c2caf2608e7d482bfb4e14ea305687bec1872ecc847b39d31 0B / 1.02MB 0.1s
#6 sha256:11f975d0e1657e16722d6888a70c64e85fb3ba7d186142012ee9da5992e52e51 1.79kB / 1.79kB done
#6 sha256:da7f84dca070d52c67d35d1a858a8e2d7d43403b867796451dc8e59fa4ad326e 0B / 241.48MB 0.1s
#6 sha256:3e17c6eae66cd23c59751c8d8f5eaf7044e0611dc5cebb12b1273be07cdac242 0B / 45.13MB 0.1s
#6 sha256:3e17c6eae66cd23c59751c8d8f5eaf7044e0611dc5cebb12b1273be07cdac242 12.58MB / 45.13MB 0.3s
#6 sha256:3e17c6eae66cd23c59751c8d8f5eaf7044e0611dc5cebb12b1273be07cdac242 30.41MB / 45.13MB 0.5s
#6 sha256:c1e763b051f2cc8c2caf2608e7d482bfb4e14ea305687bec1872ecc847b39d31 1.02MB / 1.02MB 0.5s done
#6 sha256:3e17c6eae66cd23c59751c8d8f5eaf7044e0611dc5cebb12b1273be07cdac242 45.13MB / 45.13MB 0.7s
#6 sha256:879eb306e5d7a8c338c771ab4fe764fb96601f5d7819b5ad19703164bc877256 0B / 208B 0.7s
#6 sha256:3e17c6eae66cd23c59751c8d8f5eaf7044e0611dc5cebb12b1273be07cdac242 45.13MB / 45.13MB 0.8s done
#6 sha256:879eb306e5d7a8c338c771ab4fe764fb96601f5d7819b5ad19703164bc877256 208B / 208B 0.8s
#6 extracting sha256:3e17c6eae66cd23c59751c8d8f5eaf7044e0611dc5cebb12b1273be07cdac242
#6 sha256:da7f84dca070d52c67d35d1a858a8e2d7d43403b867796451dc8e59fa4ad326e 19.92MB / 241.48MB 0.9s
#6 sha256:879eb306e5d7a8c338c771ab4fe764fb96601f5d7819b5ad19703164bc877256 208B / 208B 0.8s done
#6 sha256:f759885f6e1ab4f2c0e5ec4f07d2455090b6394f06c77f9fd70fe085adbb0faa 0B / 171.92MB 0.9s
#6 sha256:2cacbff371709f317f4650288d46c3ae5940b4d6c4b72da6e906bce0213ab4c9 0B / 188B 0.9s
#6 sha256:da7f84dca070d52c67d35d1a858a8e2d7d43403b867796451dc8e59fa4ad326e 37.75MB / 241.48MB 1.1s
#6 sha256:2cacbff371709f317f4650288d46c3ae5940b4d6c4b72da6e906bce0213ab4c9 188B / 188B 1.1s done
#6 sha256:f759885f6e1ab4f2c0e5ec4f07d2455090b6394f06c77f9fd70fe085adbb0faa 11.53MB / 171.92MB 1.3s
#6 sha256:253f210321210d3a613d29051887834fb7411921bc4173a8bfd196cb7af5bf73 0B / 220B 1.3s
#6 sha256:da7f84dca070d52c67d35d1a858a8e2d7d43403b867796451dc8e59fa4ad326e 53.48MB / 241.48MB 1.4s
#6 sha256:253f210321210d3a613d29051887834fb7411921bc4173a8bfd196cb7af5bf73 220B / 220B 1.3s done
#6 sha256:f759885f6e1ab4f2c0e5ec4f07d2455090b6394f06c77f9fd70fe085adbb0faa 22.02MB / 171.92MB 1.5s
#6 sha256:da7f84dca070d52c67d35d1a858a8e2d7d43403b867796451dc8e59fa4ad326e 71.30MB / 241.48MB 1.7s
#6 sha256:f759885f6e1ab4f2c0e5ec4f07d2455090b6394f06c77f9fd70fe085adbb0faa 31.80MB / 171.92MB 1.7s
#6 sha256:f759885f6e1ab4f2c0e5ec4f07d2455090b6394f06c77f9fd70fe085adbb0faa 41.94MB / 171.92MB 1.9s
#6 sha256:da7f84dca070d52c67d35d1a858a8e2d7d43403b867796451dc8e59fa4ad326e 88.08MB / 241.48MB 2.0s
#6 sha256:f759885f6e1ab4f2c0e5ec4f07d2455090b6394f06c77f9fd70fe085adbb0faa 51.38MB / 171.92MB 2.1s
#6 sha256:da7f84dca070d52c67d35d1a858a8e2d7d43403b867796451dc8e59fa4ad326e 105.91MB / 241.48MB 2.3s
#6 sha256:f759885f6e1ab4f2c0e5ec4f07d2455090b6394f06c77f9fd70fe085adbb0faa 63.96MB / 171.92MB 2.3s
#6 sha256:f759885f6e1ab4f2c0e5ec4f07d2455090b6394f06c77f9fd70fe085adbb0faa 74.45MB / 171.92MB 2.5s
#6 sha256:da7f84dca070d52c67d35d1a858a8e2d7d43403b867796451dc8e59fa4ad326e 122.68MB / 241.48MB 2.6s
#6 sha256:f759885f6e1ab4f2c0e5ec4f07d2455090b6394f06c77f9fd70fe085adbb0faa 90.18MB / 171.92MB 2.8s
#6 sha256:da7f84dca070d52c67d35d1a858a8e2d7d43403b867796451dc8e59fa4ad326e 138.41MB / 241.48MB 2.9s
#6 sha256:f759885f6e1ab4f2c0e5ec4f07d2455090b6394f06c77f9fd70fe085adbb0faa 101.71MB / 171.92MB 3.0s
#6 sha256:da7f84dca070d52c67d35d1a858a8e2d7d43403b867796451dc8e59fa4ad326e 162.53MB / 241.48MB 3.3s
#6 sha256:f759885f6e1ab4f2c0e5ec4f07d2455090b6394f06c77f9fd70fe085adbb0faa 118.49MB / 171.92MB 3.3s
#6 sha256:f759885f6e1ab4f2c0e5ec4f07d2455090b6394f06c77f9fd70fe085adbb0faa 128.97MB / 171.92MB 3.5s
#6 sha256:da7f84dca070d52c67d35d1a858a8e2d7d43403b867796451dc8e59fa4ad326e 176.16MB / 241.48MB 3.6s
#6 extracting sha256:3e17c6eae66cd23c59751c8d8f5eaf7044e0611dc5cebb12b1273be07cdac242 2.9s done
#6 sha256:f759885f6e1ab4f2c0e5ec4f07d2455090b6394f06c77f9fd70fe085adbb0faa 139.46MB / 171.92MB 3.7s
#6 sha256:da7f84dca070d52c67d35d1a858a8e2d7d43403b867796451dc8e59fa4ad326e 191.89MB / 241.48MB 3.9s
#6 sha256:f759885f6e1ab4f2c0e5ec4f07d2455090b6394f06c77f9fd70fe085adbb0faa 148.90MB / 171.92MB 3.9s
#6 sha256:f759885f6e1ab4f2c0e5ec4f07d2455090b6394f06c77f9fd70fe085adbb0faa 159.38MB / 171.92MB 4.1s
#6 sha256:da7f84dca070d52c67d35d1a858a8e2d7d43403b867796451dc8e59fa4ad326e 207.62MB / 241.48MB 4.2s
#6 sha256:f759885f6e1ab4f2c0e5ec4f07d2455090b6394f06c77f9fd70fe085adbb0faa 170.92MB / 171.92MB 4.3s
#6 sha256:da7f84dca070d52c67d35d1a858a8e2d7d43403b867796451dc8e59fa4ad326e 230.69MB / 241.48MB 4.5s
#6 sha256:f759885f6e1ab4f2c0e5ec4f07d2455090b6394f06c77f9fd70fe085adbb0faa 171.92MB / 171.92MB 4.6s done
#6 sha256:da7f84dca070d52c67d35d1a858a8e2d7d43403b867796451dc8e59fa4ad326e 241.48MB / 241.48MB 6.5s done
#6 extracting sha256:da7f84dca070d52c67d35d1a858a8e2d7d43403b867796451dc8e59fa4ad326e
#6 extracting sha256:da7f84dca070d52c67d35d1a858a8e2d7d43403b867796451dc8e59fa4ad326e 5.1s
#6 extracting sha256:da7f84dca070d52c67d35d1a858a8e2d7d43403b867796451dc8e59fa4ad326e 10.1s done
#6 extracting sha256:c1e763b051f2cc8c2caf2608e7d482bfb4e14ea305687bec1872ecc847b39d31
#6 extracting sha256:c1e763b051f2cc8c2caf2608e7d482bfb4e14ea305687bec1872ecc847b39d31 0.2s done
#6 extracting sha256:879eb306e5d7a8c338c771ab4fe764fb96601f5d7819b5ad19703164bc877256
#6 extracting sha256:879eb306e5d7a8c338c771ab4fe764fb96601f5d7819b5ad19703164bc877256 done
#6 extracting sha256:2cacbff371709f317f4650288d46c3ae5940b4d6c4b72da6e906bce0213ab4c9 done
#6 extracting sha256:f759885f6e1ab4f2c0e5ec4f07d2455090b6394f06c77f9fd70fe085adbb0faa 0.1s
#6 extracting sha256:f759885f6e1ab4f2c0e5ec4f07d2455090b6394f06c77f9fd70fe085adbb0faa 5.2s
#6 extracting sha256:f759885f6e1ab4f2c0e5ec4f07d2455090b6394f06c77f9fd70fe085adbb0faa 10.2s
#6 extracting sha256:f759885f6e1ab4f2c0e5ec4f07d2455090b6394f06c77f9fd70fe085adbb0faa 14.0s done
#6 extracting sha256:253f210321210d3a613d29051887834fb7411921bc4173a8bfd196cb7af5bf73
#6 extracting sha256:253f210321210d3a613d29051887834fb7411921bc4173a8bfd196cb7af5bf73 done
#6 DONE 31.8s

#7 [2/6] RUN apt-get update -yy && apt-get install -q -y pandoc
#7 0.214 Ign:1 http://security.debian.org stretch/updates InRelease
#7 0.220 Ign:2 http://deb.debian.org/debian stretch InRelease
#7 0.226 Err:3 http://security.debian.org stretch/updates Release
#7 0.226   404  Not Found
#7 0.233 Ign:4 http://deb.debian.org/debian stretch-updates InRelease
#7 0.242 Err:5 http://deb.debian.org/debian stretch Release
#7 0.242   404  Not Found
#7 0.255 Err:6 http://deb.debian.org/debian stretch-updates Release
#7 0.255   404  Not Found
#7 0.260 Reading package lists...
#7 0.784 E: The repository 'http://security.debian.org stretch/updates Release' does no longer have a Release file.
#7 0.784 E: The repository 'http://deb.debian.org/debian stretch Release' does no longer have a Release file.
#7 0.784 E: The repository 'http://deb.debian.org/debian stretch-updates Release' does no longer have a Release file.
#7 ERROR: process "/bin/sh -c apt-get update -yy && apt-get install -q -y pandoc" did not complete successfully: exit code: 100
------
 > [2/6] RUN apt-get update -yy && apt-get install -q -y pandoc:
0.214 Ign:1 http://security.debian.org stretch/updates InRelease

0.784 E: The repository 'http://security.debian.org stretch/updates Release' does no longer have a Release file.
0.784 E: The repository 'http://deb.debian.org/debian stretch Release' does no longer have a Release file.
0.784 E: The repository 'http://deb.debian.org/debian stretch-updates Release' does no longer have a Release file.
------
v1_Dockerfile:4
--------------------
   2 |     FROM bhomnick/python-multi
   3 |     ENV PYTHONUNBUFFERED 1
   4 | >>> RUN apt-get update -yy && apt-get install -q -y pandoc
   5 |     RUN mkdir /src
   6 |     WORKDIR /src
--------------------
ERROR: failed to solve: process "/bin/sh -c apt-get update -yy && apt-get install -q -y pandoc" did not complete successfully: exit code: 100
Duration: 0:43.77