#0 building with "default" instance using docker driver

#1 [internal] load build definition from v1_Dockerfile
#1 transferring dockerfile: 811B done
#1 DONE 0.0s

#2 [internal] load metadata for docker.io/library/python:3.4
#2 DONE 0.7s

#3 [internal] load .dockerignore
#3 transferring context: 2B done
#3 DONE 0.0s

#4 [internal] load build context
#4 transferring context: 970.94kB 0.0s done
#4 DONE 0.0s

#5 [1/8] FROM docker.io/library/python:3.4@sha256:7a7e47efdfd6503afcf56a57f981bcc23d54211ad3b3c21cbe4bd597873fa6e1
#5 resolve docker.io/library/python:3.4@sha256:7a7e47efdfd6503afcf56a57f981bcc23d54211ad3b3c21cbe4bd597873fa6e1 0.0s done
#5 sha256:0250231711a047a6e54e7107d7a3bfb0afd807f5f408d00be0d407c5b8395219 0B / 10.78MB 0.1s
#5 sha256:6fba9447437b5ee1da9b33b2e2d18add55a33d0b763075202e17cad7efd3ff8f 0B / 4.34MB 0.1s
#5 sha256:7a7e47efdfd6503afcf56a57f981bcc23d54211ad3b3c21cbe4bd597873fa6e1 2.37kB / 2.37kB done
#5 sha256:22dbe790f71562dfd3d49406b1dfd1e85e50f3dd7cb2e97b3918376ca39cae4e 0B / 45.34MB 0.1s
#5 sha256:c7862254606d2e762075c2e51cdc615fda1023f8604f0b91d9893c1cca298b11 2.22kB / 2.22kB done
#5 sha256:8c62b065252f2bc1c6a859acd18df1bb2aba260c47a593d6a7de9b34239727e5 7.40kB / 7.40kB done
#5 sha256:22dbe790f71562dfd3d49406b1dfd1e85e50f3dd7cb2e97b3918376ca39cae4e 7.34MB / 45.34MB 0.2s
#5 sha256:0250231711a047a6e54e7107d7a3bfb0afd807f5f408d00be0d407c5b8395219 5.24MB / 10.78MB 0.3s
#5 sha256:6fba9447437b5ee1da9b33b2e2d18add55a33d0b763075202e17cad7efd3ff8f 1.05MB / 4.34MB 0.3s
#5 sha256:22dbe790f71562dfd3d49406b1dfd1e85e50f3dd7cb2e97b3918376ca39cae4e 12.58MB / 45.34MB 0.3s
#5 sha256:0250231711a047a6e54e7107d7a3bfb0afd807f5f408d00be0d407c5b8395219 10.78MB / 10.78MB 0.5s done
#5 sha256:6fba9447437b5ee1da9b33b2e2d18add55a33d0b763075202e17cad7efd3ff8f 4.34MB / 4.34MB 0.4s done
#5 sha256:22dbe790f71562dfd3d49406b1dfd1e85e50f3dd7cb2e97b3918376ca39cae4e 24.12MB / 45.34MB 0.5s
#5 sha256:c2b4d327b352258a8208acc249d97d70cac3c5cda0cea4a08de4de3cb406d8e5 0B / 50.07MB 0.5s
#5 sha256:270e1baa52991965b3f6894a941b703500d5cc07550f9fcbd9b2fc0d86103389 0B / 215.05MB 0.5s
#5 sha256:22dbe790f71562dfd3d49406b1dfd1e85e50f3dd7cb2e97b3918376ca39cae4e 33.55MB / 45.34MB 0.7s
#5 sha256:c2b4d327b352258a8208acc249d97d70cac3c5cda0cea4a08de4de3cb406d8e5 5.24MB / 50.07MB 0.7s
#5 sha256:22dbe790f71562dfd3d49406b1dfd1e85e50f3dd7cb2e97b3918376ca39cae4e 38.80MB / 45.34MB 0.8s
#5 sha256:c2b4d327b352258a8208acc249d97d70cac3c5cda0cea4a08de4de3cb406d8e5 8.39MB / 50.07MB 0.8s
#5 sha256:22dbe790f71562dfd3d49406b1dfd1e85e50f3dd7cb2e97b3918376ca39cae4e 42.99MB / 45.34MB 0.9s
#5 sha256:c2b4d327b352258a8208acc249d97d70cac3c5cda0cea4a08de4de3cb406d8e5 11.53MB / 50.07MB 0.9s
#5 sha256:22dbe790f71562dfd3d49406b1dfd1e85e50f3dd7cb2e97b3918376ca39cae4e 45.34MB / 45.34MB 1.0s
#5 sha256:c2b4d327b352258a8208acc249d97d70cac3c5cda0cea4a08de4de3cb406d8e5 15.73MB / 50.07MB 1.0s
#5 sha256:270e1baa52991965b3f6894a941b703500d5cc07550f9fcbd9b2fc0d86103389 13.63MB / 215.05MB 1.0s
#5 extracting sha256:22dbe790f71562dfd3d49406b1dfd1e85e50f3dd7cb2e97b3918376ca39cae4e
#5 sha256:22dbe790f71562dfd3d49406b1dfd1e85e50f3dd7cb2e97b3918376ca39cae4e 45.34MB / 45.34MB 1.0s done
#5 sha256:c2b4d327b352258a8208acc249d97d70cac3c5cda0cea4a08de4de3cb406d8e5 18.87MB / 50.07MB 1.1s
#5 sha256:5b96c923e13854a36f1c14a82d0963f7aac39ba4f5a4b8a415619b93514a7de1 0B / 7.92MB 1.1s
#5 sha256:c2b4d327b352258a8208acc249d97d70cac3c5cda0cea4a08de4de3cb406d8e5 22.02MB / 50.07MB 1.2s
#5 sha256:5b96c923e13854a36f1c14a82d0963f7aac39ba4f5a4b8a415619b93514a7de1 3.15MB / 7.92MB 1.2s
#5 sha256:c2b4d327b352258a8208acc249d97d70cac3c5cda0cea4a08de4de3cb406d8e5 25.17MB / 50.07MB 1.3s
#5 sha256:270e1baa52991965b3f6894a941b703500d5cc07550f9fcbd9b2fc0d86103389 25.17MB / 215.05MB 1.3s
#5 sha256:5b96c923e13854a36f1c14a82d0963f7aac39ba4f5a4b8a415619b93514a7de1 7.92MB / 7.92MB 1.3s
#5 sha256:c2b4d327b352258a8208acc249d97d70cac3c5cda0cea4a08de4de3cb406d8e5 28.31MB / 50.07MB 1.4s
#5 sha256:5b96c923e13854a36f1c14a82d0963f7aac39ba4f5a4b8a415619b93514a7de1 7.92MB / 7.92MB 1.3s done
#5 sha256:458ec166d451c55b2073a1faf3780bfeaf431fe30533bc555bfc05a9f14b8da8 0B / 18.62MB 1.4s
#5 sha256:c2b4d327b352258a8208acc249d97d70cac3c5cda0cea4a08de4de3cb406d8e5 31.46MB / 50.07MB 1.5s
#5 sha256:458ec166d451c55b2073a1faf3780bfeaf431fe30533bc555bfc05a9f14b8da8 3.15MB / 18.62MB 1.5s
#5 sha256:c2b4d327b352258a8208acc249d97d70cac3c5cda0cea4a08de4de3cb406d8e5 36.70MB / 50.07MB 1.7s
#5 sha256:270e1baa52991965b3f6894a941b703500d5cc07550f9fcbd9b2fc0d86103389 40.89MB / 215.05MB 1.7s
#5 sha256:458ec166d451c55b2073a1faf3780bfeaf431fe30533bc555bfc05a9f14b8da8 12.58MB / 18.62MB 1.7s
#5 sha256:c2b4d327b352258a8208acc249d97d70cac3c5cda0cea4a08de4de3cb406d8e5 40.89MB / 50.07MB 1.8s
#5 sha256:458ec166d451c55b2073a1faf3780bfeaf431fe30533bc555bfc05a9f14b8da8 17.83MB / 18.62MB 1.8s
#5 sha256:c2b4d327b352258a8208acc249d97d70cac3c5cda0cea4a08de4de3cb406d8e5 47.19MB / 50.07MB 1.9s
#5 sha256:458ec166d451c55b2073a1faf3780bfeaf431fe30533bc555bfc05a9f14b8da8 18.62MB / 18.62MB 1.9s done
#5 sha256:81c856f4aa4a7f2ba8400101f30f4f509f4d91fdd237ea459da1f19348b551e0 0B / 240B 1.9s
#5 sha256:c2b4d327b352258a8208acc249d97d70cac3c5cda0cea4a08de4de3cb406d8e5 50.07MB / 50.07MB 2.1s
#5 sha256:270e1baa52991965b3f6894a941b703500d5cc07550f9fcbd9b2fc0d86103389 67.11MB / 215.05MB 2.1s
#5 sha256:81c856f4aa4a7f2ba8400101f30f4f509f4d91fdd237ea459da1f19348b551e0 240B / 240B 2.1s
#5 sha256:c2b4d327b352258a8208acc249d97d70cac3c5cda0cea4a08de4de3cb406d8e5 50.07MB / 50.07MB 2.1s done
#5 sha256:81c856f4aa4a7f2ba8400101f30f4f509f4d91fdd237ea459da1f19348b551e0 240B / 240B 2.1s done
#5 sha256:e715a53f544e05c2e7ec3cbb3eae357db922eb0ace81003edc38e20df978eeca 0B / 1.81MB 2.2s
#5 sha256:270e1baa52991965b3f6894a941b703500d5cc07550f9fcbd9b2fc0d86103389 83.89MB / 215.05MB 2.3s
#5 sha256:e715a53f544e05c2e7ec3cbb3eae357db922eb0ace81003edc38e20df978eeca 1.81MB / 1.81MB 2.3s done
#5 sha256:270e1baa52991965b3f6894a941b703500d5cc07550f9fcbd9b2fc0d86103389 103.81MB / 215.05MB 2.5s
#5 sha256:270e1baa52991965b3f6894a941b703500d5cc07550f9fcbd9b2fc0d86103389 124.78MB / 215.05MB 2.7s
#5 sha256:270e1baa52991965b3f6894a941b703500d5cc07550f9fcbd9b2fc0d86103389 144.70MB / 215.05MB 2.9s
#5 sha256:270e1baa52991965b3f6894a941b703500d5cc07550f9fcbd9b2fc0d86103389 166.72MB / 215.05MB 3.1s
#5 sha256:270e1baa52991965b3f6894a941b703500d5cc07550f9fcbd9b2fc0d86103389 187.70MB / 215.05MB 3.3s
#5 sha256:270e1baa52991965b3f6894a941b703500d5cc07550f9fcbd9b2fc0d86103389 209.72MB / 215.05MB 3.5s
#5 extracting sha256:22dbe790f71562dfd3d49406b1dfd1e85e50f3dd7cb2e97b3918376ca39cae4e 3.0s done
#5 sha256:270e1baa52991965b3f6894a941b703500d5cc07550f9fcbd9b2fc0d86103389 215.05MB / 215.05MB 4.2s done
#5 extracting sha256:0250231711a047a6e54e7107d7a3bfb0afd807f5f408d00be0d407c5b8395219 0.1s
#5 extracting sha256:0250231711a047a6e54e7107d7a3bfb0afd807f5f408d00be0d407c5b8395219 0.5s done
#5 extracting sha256:6fba9447437b5ee1da9b33b2e2d18add55a33d0b763075202e17cad7efd3ff8f
#5 extracting sha256:6fba9447437b5ee1da9b33b2e2d18add55a33d0b763075202e17cad7efd3ff8f 0.1s done
#5 extracting sha256:c2b4d327b352258a8208acc249d97d70cac3c5cda0cea4a08de4de3cb406d8e5
#5 extracting sha256:c2b4d327b352258a8208acc249d97d70cac3c5cda0cea4a08de4de3cb406d8e5 3.2s done
#5 extracting sha256:270e1baa52991965b3f6894a941b703500d5cc07550f9fcbd9b2fc0d86103389
#5 extracting sha256:270e1baa52991965b3f6894a941b703500d5cc07550f9fcbd9b2fc0d86103389 5.0s
#5 extracting sha256:270e1baa52991965b3f6894a941b703500d5cc07550f9fcbd9b2fc0d86103389 10.1s
#5 extracting sha256:270e1baa52991965b3f6894a941b703500d5cc07550f9fcbd9b2fc0d86103389 11.3s done
#5 extracting sha256:5b96c923e13854a36f1c14a82d0963f7aac39ba4f5a4b8a415619b93514a7de1
#5 extracting sha256:5b96c923e13854a36f1c14a82d0963f7aac39ba4f5a4b8a415619b93514a7de1 0.5s done
#5 extracting sha256:458ec166d451c55b2073a1faf3780bfeaf431fe30533bc555bfc05a9f14b8da8 0.1s
#5 extracting sha256:458ec166d451c55b2073a1faf3780bfeaf431fe30533bc555bfc05a9f14b8da8 0.9s done
#5 extracting sha256:81c856f4aa4a7f2ba8400101f30f4f509f4d91fdd237ea459da1f19348b551e0
#5 extracting sha256:81c856f4aa4a7f2ba8400101f30f4f509f4d91fdd237ea459da1f19348b551e0 done
#5 extracting sha256:e715a53f544e05c2e7ec3cbb3eae357db922eb0ace81003edc38e20df978eeca 0.1s
#5 extracting sha256:e715a53f544e05c2e7ec3cbb3eae357db922eb0ace81003edc38e20df978eeca 0.2s done
#5 DONE 22.0s

#6 [2/8] RUN adduser --disabled-password --gecos '' myuser
#6 0.216 Adding user `myuser' ...
#6 0.216 Adding new group `myuser' (1000) ...
#6 0.236 Adding new user `myuser' (1000) with group `myuser' ...
#6 0.283 Creating home directory `/home/myuser' ...
#6 0.283 Copying files from `/etc/skel' ...
#6 DONE 7.3s

#7 [3/8] RUN apt-get update &&     apt-get install --no-install-recommends -y postgresql-client libpq-dev &&     rm -rf /var/lib/apt/lists/*
#7 0.232 Ign:1 http://deb.debian.org/debian stretch InRelease
#7 0.235 Ign:2 http://security.debian.org/debian-security stretch/updates InRelease
#7 0.241 Ign:3 http://deb.debian.org/debian stretch-updates InRelease
#7 0.246 Ign:4 http://security.debian.org/debian-security stretch/updates Release
#7 0.252 Ign:5 http://deb.debian.org/debian stretch Release
#7 0.256 Ign:6 http://security.debian.org/debian-security stretch/updates/main all Packages
#7 0.262 Ign:7 http://deb.debian.org/debian stretch-updates Release
#7 0.268 Ign:8 http://security.debian.org/debian-security stretch/updates/main amd64 Packages
#7 0.272 Ign:9 http://deb.debian.org/debian stretch/main amd64 Packages
#7 0.279 Ign:6 http://security.debian.org/debian-security stretch/updates/main all Packages
#7 0.281 Ign:10 http://deb.debian.org/debian stretch/main all Packages
#7 0.291 Ign:11 http://deb.debian.org/debian stretch-updates/main amd64 Packages
#7 0.291 Ign:8 http://security.debian.org/debian-security stretch/updates/main amd64 Packages
#7 0.300 Ign:12 http://deb.debian.org/debian stretch-updates/main all Packages
#7 0.325 Ign:6 http://security.debian.org/debian-security stretch/updates/main all Packages
#7 0.336 Ign:8 http://security.debian.org/debian-security stretch/updates/main amd64 Packages
#7 0.453 Ign:9 http://deb.debian.org/debian stretch/main amd64 Packages
#7 0.465 Ign:10 http://deb.debian.org/debian stretch/main all Packages
#7 0.476 Ign:11 http://deb.debian.org/debian stretch-updates/main amd64 Packages
#7 0.486 Ign:12 http://deb.debian.org/debian stretch-updates/main all Packages
#7 0.494 Ign:6 http://security.debian.org/debian-security stretch/updates/main all Packages
#7 0.495 Ign:9 http://deb.debian.org/debian stretch/main amd64 Packages
#7 0.505 Ign:10 http://deb.debian.org/debian stretch/main all Packages
#7 0.505 Ign:8 http://security.debian.org/debian-security stretch/updates/main amd64 Packages
#7 0.514 Ign:11 http://deb.debian.org/debian stretch-updates/main amd64 Packages
#7 0.523 Ign:12 http://deb.debian.org/debian stretch-updates/main all Packages
#7 0.534 Ign:9 http://deb.debian.org/debian stretch/main amd64 Packages
#7 0.542 Ign:10 http://deb.debian.org/debian stretch/main all Packages
#7 0.553 Ign:11 http://deb.debian.org/debian stretch-updates/main amd64 Packages
#7 0.561 Ign:12 http://deb.debian.org/debian stretch-updates/main all Packages
#7 0.665 Ign:6 http://security.debian.org/debian-security stretch/updates/main all Packages
#7 0.676 Ign:8 http://security.debian.org/debian-security stretch/updates/main amd64 Packages
#7 0.719 Ign:9 http://deb.debian.org/debian stretch/main amd64 Packages
#7 0.731 Ign:10 http://deb.debian.org/debian stretch/main all Packages
#7 0.740 Ign:11 http://deb.debian.org/debian stretch-updates/main amd64 Packages
#7 0.748 Ign:12 http://deb.debian.org/debian stretch-updates/main all Packages
#7 0.759 Err:9 http://deb.debian.org/debian stretch/main amd64 Packages
#7 0.759   404  Not Found
#7 0.777 Ign:10 http://deb.debian.org/debian stretch/main all Packages
#7 0.786 Err:11 http://deb.debian.org/debian stretch-updates/main amd64 Packages
#7 0.786   404  Not Found
#7 0.796 Ign:12 http://deb.debian.org/debian stretch-updates/main all Packages
#7 0.832 Ign:6 http://security.debian.org/debian-security stretch/updates/main all Packages
#7 0.842 Err:8 http://security.debian.org/debian-security stretch/updates/main amd64 Packages
#7 0.842   404  Not Found
#7 0.847 Reading package lists...
#7 0.859 W: The repository 'http://security.debian.org/debian-security stretch/updates Release' does not have a Release file.
#7 0.859 W: The repository 'http://deb.debian.org/debian stretch Release' does not have a Release file.
#7 0.859 W: The repository 'http://deb.debian.org/debian stretch-updates Release' does not have a Release file.
#7 0.859 E: Failed to fetch http://security.debian.org/debian-security/dists/stretch/updates/main/binary-amd64/Packages  404  Not Found
#7 0.859 E: Failed to fetch http://deb.debian.org/debian/dists/stretch/main/binary-amd64/Packages  404  Not Found
#7 0.859 E: Failed to fetch http://deb.debian.org/debian/dists/stretch-updates/main/binary-amd64/Packages  404  Not Found
#7 0.859 E: Some index files failed to download. They have been ignored, or old ones used instead.
#7 ERROR: process "/bin/sh -c apt-get update &&     apt-get install --no-install-recommends -y postgresql-client libpq-dev &&     rm -rf /var/lib/apt/lists/*" did not complete successfully: exit code: 100
------
 > [3/8] RUN apt-get update &&     apt-get install --no-install-recommends -y postgresql-client libpq-dev &&     rm -rf /var/lib/apt/lists/*:
0.842 Err:8 http://security.debian.org/debian-security stretch/updates/main amd64 Packages
0.842   404  Not Found
0.847 Reading package lists...
0.859 W: The repository 'http://security.debian.org/debian-security stretch/updates Release' does not have a Release file.
0.859 W: The repository 'http://deb.debian.org/debian stretch Release' does not have a Release file.
0.859 W: The repository 'http://deb.debian.org/debian stretch-updates Release' does not have a Release file.
0.859 E: Failed to fetch http://security.debian.org/debian-security/dists/stretch/updates/main/binary-amd64/Packages  404  Not Found
0.859 E: Failed to fetch http://deb.debian.org/debian/dists/stretch/main/binary-amd64/Packages  404  Not Found
0.859 E: Failed to fetch http://deb.debian.org/debian/dists/stretch-updates/main/binary-amd64/Packages  404  Not Found
0.859 E: Some index files failed to download. They have been ignored, or old ones used instead.
------
v1_Dockerfile:11
--------------------
  10 |     # Install PostgreSQL dependencies
  11 | >>> RUN apt-get update && \
  12 | >>>     apt-get install --no-install-recommends -y postgresql-client libpq-dev && \
  13 | >>>     rm -rf /var/lib/apt/lists/*
  14 |     
--------------------
ERROR: failed to solve: process "/bin/sh -c apt-get update &&     apt-get install --no-install-recommends -y postgresql-client libpq-dev &&     rm -rf /var/lib/apt/lists/*" did not complete successfully: exit code: 100
Duration: 0:31.20