#0 building with "default" instance using docker driver

#1 [internal] load .dockerignore
#1 transferring context:
#1 transferring context: 2B done
#1 DONE 0.3s

#2 [internal] load build definition from v1_Dockerfile
#2 transferring dockerfile: 410B done
#2 DONE 0.4s

#3 [internal] load metadata for docker.io/library/node:10-slim
#3 DONE 0.8s

#4 [base 1/7] FROM docker.io/library/node:10-slim@sha256:88932859e3d022d79161b99628c4c2c50e836437455e2d1b1a008d98367b10d6
#4 resolve docker.io/library/node:10-slim@sha256:88932859e3d022d79161b99628c4c2c50e836437455e2d1b1a008d98367b10d6
#4 ...

#5 [internal] load build context
#5 transferring context: 105.85kB done
#5 DONE 0.3s

#4 [base 1/7] FROM docker.io/library/node:10-slim@sha256:88932859e3d022d79161b99628c4c2c50e836437455e2d1b1a008d98367b10d6
#4 resolve docker.io/library/node:10-slim@sha256:88932859e3d022d79161b99628c4c2c50e836437455e2d1b1a008d98367b10d6 0.2s done
#4 sha256:88932859e3d022d79161b99628c4c2c50e836437455e2d1b1a008d98367b10d6 776B / 776B done
#4 sha256:64c30c91d628d40eb8f772ee1477f78aff820e317e8afbc5160857ee804e4b70 1.37kB / 1.37kB done
#4 sha256:6fbcbbb5c6032ce4013d4c736ffe54e0764c36fa14315ae54cb51f244e813c52 7.09kB / 7.09kB done
#4 sha256:62deabe7a6db312ed773ccd640cd7cfbf51c22bf466886345684558f1036e358 0B / 22.53MB 0.1s
#4 sha256:f698164f6049bead44aeb7590e88d3df323011c20f0cedbff3d86f62e4c9f184 0B / 4.17kB 0.1s
#4 sha256:62deabe7a6db312ed773ccd640cd7cfbf51c22bf466886345684558f1036e358 2.10MB / 22.53MB 0.2s
#4 sha256:bc29352cb629712e7fbce7227a16b53308b541ef41e19122a04c15646756b176 0B / 21.91MB 0.2s
#4 sha256:62deabe7a6db312ed773ccd640cd7cfbf51c22bf466886345684558f1036e358 19.92MB / 22.53MB 0.4s
#4 sha256:f698164f6049bead44aeb7590e88d3df323011c20f0cedbff3d86f62e4c9f184 4.17kB / 4.17kB 0.3s done
#4 sha256:bc29352cb629712e7fbce7227a16b53308b541ef41e19122a04c15646756b176 3.15MB / 21.91MB 0.4s
#4 sha256:85e84b4c858fae373ccdf48432de781210efb7fd75d9d801be9917577fe6ca09 0B / 2.93MB 0.4s
#4 sha256:62deabe7a6db312ed773ccd640cd7cfbf51c22bf466886345684558f1036e358 22.53MB / 22.53MB 0.5s
#4 sha256:bc29352cb629712e7fbce7227a16b53308b541ef41e19122a04c15646756b176 11.53MB / 21.91MB 0.5s
#4 sha256:85e84b4c858fae373ccdf48432de781210efb7fd75d9d801be9917577fe6ca09 2.10MB / 2.93MB 0.5s
#4 sha256:bc29352cb629712e7fbce7227a16b53308b541ef41e19122a04c15646756b176 21.91MB / 21.91MB 0.7s
#4 sha256:85e84b4c858fae373ccdf48432de781210efb7fd75d9d801be9917577fe6ca09 2.93MB / 2.93MB 0.7s
#4 sha256:62deabe7a6db312ed773ccd640cd7cfbf51c22bf466886345684558f1036e358 22.53MB / 22.53MB 0.8s done
#4 extracting sha256:62deabe7a6db312ed773ccd640cd7cfbf51c22bf466886345684558f1036e358
#4 sha256:85e84b4c858fae373ccdf48432de781210efb7fd75d9d801be9917577fe6ca09 2.93MB / 2.93MB 0.9s done
#4 sha256:bc29352cb629712e7fbce7227a16b53308b541ef41e19122a04c15646756b176 21.91MB / 21.91MB 1.4s done
#4 sha256:ac72e4359589952a2e38fbe10287d792cbb57f2ec3cd1eb730e9bab685ac9754 0B / 295B 1.5s
#4 sha256:ac72e4359589952a2e38fbe10287d792cbb57f2ec3cd1eb730e9bab685ac9754 295B / 295B 1.6s done
#4 extracting sha256:62deabe7a6db312ed773ccd640cd7cfbf51c22bf466886345684558f1036e358 1.5s done
#4 extracting sha256:f698164f6049bead44aeb7590e88d3df323011c20f0cedbff3d86f62e4c9f184
#4 extracting sha256:f698164f6049bead44aeb7590e88d3df323011c20f0cedbff3d86f62e4c9f184 0.1s done
#4 extracting sha256:bc29352cb629712e7fbce7227a16b53308b541ef41e19122a04c15646756b176
#4 extracting sha256:bc29352cb629712e7fbce7227a16b53308b541ef41e19122a04c15646756b176 1.7s done
#4 extracting sha256:85e84b4c858fae373ccdf48432de781210efb7fd75d9d801be9917577fe6ca09
#4 extracting sha256:85e84b4c858fae373ccdf48432de781210efb7fd75d9d801be9917577fe6ca09 0.2s done
#4 extracting sha256:ac72e4359589952a2e38fbe10287d792cbb57f2ec3cd1eb730e9bab685ac9754
#4 extracting sha256:ac72e4359589952a2e38fbe10287d792cbb57f2ec3cd1eb730e9bab685ac9754 done
#4 DONE 7.6s

#6 [base 2/7] RUN mkdir /bot
#6 DONE 4.2s

#7 [base 3/7] WORKDIR /bot
#7 DONE 0.4s

#8 [base 4/7] ADD package.json /bot/package.json
#8 DONE 0.3s

#9 [base 5/7] ADD package-lock.json /bot/package-lock.json
#9 DONE 0.3s

#10 [base 6/7] ADD config.json /bot/config.json
#10 DONE 0.3s

#11 [base 7/7] RUN apt-get update &&    apt-get install -y jq &&    npm install --production &&    rm -rf /var/lib/apt/lists/*
#11 0.549 Ign:1 http://security.debian.org/debian-security stretch/updates InRelease
#11 0.552 Ign:2 http://security.debian.org/debian-security stretch/updates Release
#11 0.554 Ign:3 http://security.debian.org/debian-security stretch/updates/main amd64 Packages
#11 0.556 Ign:4 http://security.debian.org/debian-security stretch/updates/main all Packages
#11 0.558 Ign:3 http://security.debian.org/debian-security stretch/updates/main amd64 Packages
#11 0.561 Ign:4 http://security.debian.org/debian-security stretch/updates/main all Packages
#11 0.564 Ign:3 http://security.debian.org/debian-security stretch/updates/main amd64 Packages
#11 0.566 Ign:4 http://security.debian.org/debian-security stretch/updates/main all Packages
#11 0.568 Ign:3 http://security.debian.org/debian-security stretch/updates/main amd64 Packages
#11 0.571 Ign:4 http://security.debian.org/debian-security stretch/updates/main all Packages
#11 0.573 Ign:3 http://security.debian.org/debian-security stretch/updates/main amd64 Packages
#11 0.575 Ign:4 http://security.debian.org/debian-security stretch/updates/main all Packages
#11 0.578 Err:3 http://security.debian.org/debian-security stretch/updates/main amd64 Packages
#11 0.578   404  Not Found [IP: 151.101.130.132 80]
#11 0.578 Ign:5 http://deb.debian.org/debian stretch InRelease
#11 0.580 Ign:4 http://security.debian.org/debian-security stretch/updates/main all Packages
#11 0.588 Ign:6 http://deb.debian.org/debian stretch-updates InRelease
#11 0.598 Ign:7 http://deb.debian.org/debian stretch Release
#11 0.607 Ign:8 http://deb.debian.org/debian stretch-updates Release
#11 0.617 Ign:9 http://deb.debian.org/debian stretch/main all Packages
#11 0.627 Ign:10 http://deb.debian.org/debian stretch/main amd64 Packages
#11 0.637 Ign:11 http://deb.debian.org/debian stretch-updates/main amd64 Packages
#11 0.647 Ign:12 http://deb.debian.org/debian stretch-updates/main all Packages
#11 0.657 Ign:9 http://deb.debian.org/debian stretch/main all Packages
#11 0.666 Ign:10 http://deb.debian.org/debian stretch/main amd64 Packages
#11 0.675 Ign:11 http://deb.debian.org/debian stretch-updates/main amd64 Packages
#11 0.685 Ign:12 http://deb.debian.org/debian stretch-updates/main all Packages
#11 0.694 Ign:9 http://deb.debian.org/debian stretch/main all Packages
#11 0.704 Ign:10 http://deb.debian.org/debian stretch/main amd64 Packages
#11 0.714 Ign:11 http://deb.debian.org/debian stretch-updates/main amd64 Packages
#11 0.723 Ign:12 http://deb.debian.org/debian stretch-updates/main all Packages
#11 0.733 Ign:9 http://deb.debian.org/debian stretch/main all Packages
#11 0.742 Ign:10 http://deb.debian.org/debian stretch/main amd64 Packages
#11 0.751 Ign:11 http://deb.debian.org/debian stretch-updates/main amd64 Packages
#11 0.761 Ign:12 http://deb.debian.org/debian stretch-updates/main all Packages
#11 0.771 Ign:9 http://deb.debian.org/debian stretch/main all Packages
#11 0.780 Ign:10 http://deb.debian.org/debian stretch/main amd64 Packages
#11 0.790 Ign:11 http://deb.debian.org/debian stretch-updates/main amd64 Packages
#11 0.799 Ign:12 http://deb.debian.org/debian stretch-updates/main all Packages
#11 0.809 Ign:9 http://deb.debian.org/debian stretch/main all Packages
#11 0.827 Err:10 http://deb.debian.org/debian stretch/main amd64 Packages
#11 0.827   404  Not Found
#11 0.836 Err:11 http://deb.debian.org/debian stretch-updates/main amd64 Packages
#11 0.836   404  Not Found
#11 0.846 Ign:12 http://deb.debian.org/debian stretch-updates/main all Packages
#11 0.850 Reading package lists...
#11 0.858 W: The repository 'http://security.debian.org/debian-security stretch/updates Release' does not have a Release file.
#11 0.858 W: The repository 'http://deb.debian.org/debian stretch Release' does not have a Release file.
#11 0.858 W: The repository 'http://deb.debian.org/debian stretch-updates Release' does not have a Release file.
#11 0.858 E: Failed to fetch http://security.debian.org/debian-security/dists/stretch/updates/main/binary-amd64/Packages  404  Not Found [IP: 151.101.130.132 80]
#11 0.858 E: Failed to fetch http://deb.debian.org/debian/dists/stretch/main/binary-amd64/Packages  404  Not Found
#11 0.858 E: Failed to fetch http://deb.debian.org/debian/dists/stretch-updates/main/binary-amd64/Packages  404  Not Found
#11 0.858 E: Some index files failed to download. They have been ignored, or old ones used instead.
#11 ERROR: process "/bin/sh -c apt-get update &&    apt-get install -y jq &&    npm install --production &&    rm -rf /var/lib/apt/lists/*" did not complete successfully: exit code: 100
------
 > [base 7/7] RUN apt-get update &&    apt-get install -y jq &&    npm install --production &&    rm -rf /var/lib/apt/lists/*:
0.836   404  Not Found
0.846 Ign:12 http://deb.debian.org/debian stretch-updates/main all Packages
0.850 Reading package lists...
0.858 W: The repository 'http://security.debian.org/debian-security stretch/updates Release' does not have a Release file.
0.858 W: The repository 'http://deb.debian.org/debian stretch Release' does not have a Release file.
0.858 W: The repository 'http://deb.debian.org/debian stretch-updates Release' does not have a Release file.
0.858 E: Failed to fetch http://security.debian.org/debian-security/dists/stretch/updates/main/binary-amd64/Packages  404  Not Found [IP: 151.101.130.132 80]
0.858 E: Failed to fetch http://deb.debian.org/debian/dists/stretch/main/binary-amd64/Packages  404  Not Found
0.858 E: Failed to fetch http://deb.debian.org/debian/dists/stretch-updates/main/binary-amd64/Packages  404  Not Found
0.858 E: Some index files failed to download. They have been ignored, or old ones used instead.
------
v1_Dockerfile:11
--------------------
  10 |     
  11 | >>> RUN apt-get update &&\
  12 | >>>     apt-get install -y jq &&\
  13 | >>>     npm install --production &&\
  14 | >>>     rm -rf /var/lib/apt/lists/*
  15 |     
--------------------
ERROR: failed to solve: process "/bin/sh -c apt-get update &&    apt-get install -y jq &&    npm install --production &&    rm -rf /var/lib/apt/lists/*" did not complete successfully: exit code: 100
Duration: 0:15.89