#0 building with "default" instance using docker driver

#1 [internal] load .dockerignore
#1 transferring context:
#1 transferring context: 2B done
#1 DONE 0.4s

#2 [internal] load build definition from v1_Dockerfile
#2 transferring dockerfile: 970B done
#2 DONE 0.5s

#3 [internal] load metadata for docker.io/library/python:3.9-bullseye
#3 DONE 1.1s

#4 [base 1/1] FROM docker.io/library/python:3.9-bullseye@sha256:c9b7476167a9c21dd90325a8e818d0059136c9e4e30dd22f0ba2ff4a04a14c8e
#4 resolve docker.io/library/python:3.9-bullseye@sha256:c9b7476167a9c21dd90325a8e818d0059136c9e4e30dd22f0ba2ff4a04a14c8e
#4 resolve docker.io/library/python:3.9-bullseye@sha256:c9b7476167a9c21dd90325a8e818d0059136c9e4e30dd22f0ba2ff4a04a14c8e 0.3s done
#4 sha256:4a17c44db2190f6c8329b46a30a9add3aca3b95c1c1fb0f2a2cfb762769a62a9 7.25kB / 7.25kB done
#4 sha256:c9b7476167a9c21dd90325a8e818d0059136c9e4e30dd22f0ba2ff4a04a14c8e 10.35kB / 10.35kB done
#4 sha256:612b99408f0f5a7a6846467d53e324b290051b30d635c235a8d840fb6d26ed07 2.52kB / 2.52kB done
#4 sha256:d53dfa00a586795de9dc9f5bc8ad4717b02a8c349b4bbc1f4600a926c5384f40 0B / 15.76MB 0.2s
#4 sha256:73226dab8db5240a2ddbdbe2fb1f0949a911563a62a3d5de3c8669ae708e88de 0B / 55.08MB 0.2s
#4 sha256:d53dfa00a586795de9dc9f5bc8ad4717b02a8c349b4bbc1f4600a926c5384f40 1.05MB / 15.76MB 0.3s
#4 sha256:73226dab8db5240a2ddbdbe2fb1f0949a911563a62a3d5de3c8669ae708e88de 4.56MB / 55.08MB 0.3s
#4 sha256:bf8ed7043ae24342affc9e27ba2f362a3d02c164d6f2cc7b837f33b475f4ef54 0B / 54.59MB 0.3s
#4 sha256:d53dfa00a586795de9dc9f5bc8ad4717b02a8c349b4bbc1f4600a926c5384f40 6.29MB / 15.76MB 0.4s
#4 sha256:73226dab8db5240a2ddbdbe2fb1f0949a911563a62a3d5de3c8669ae708e88de 10.49MB / 55.08MB 0.4s
#4 sha256:d53dfa00a586795de9dc9f5bc8ad4717b02a8c349b4bbc1f4600a926c5384f40 12.58MB / 15.76MB 0.5s
#4 sha256:73226dab8db5240a2ddbdbe2fb1f0949a911563a62a3d5de3c8669ae708e88de 14.68MB / 55.08MB 0.5s
#4 sha256:d53dfa00a586795de9dc9f5bc8ad4717b02a8c349b4bbc1f4600a926c5384f40 15.76MB / 15.76MB 0.6s
#4 sha256:73226dab8db5240a2ddbdbe2fb1f0949a911563a62a3d5de3c8669ae708e88de 22.02MB / 55.08MB 0.6s
#4 sha256:73226dab8db5240a2ddbdbe2fb1f0949a911563a62a3d5de3c8669ae708e88de 32.51MB / 55.08MB 0.8s
#4 sha256:bf8ed7043ae24342affc9e27ba2f362a3d02c164d6f2cc7b837f33b475f4ef54 12.58MB / 54.59MB 0.8s
#4 sha256:d53dfa00a586795de9dc9f5bc8ad4717b02a8c349b4bbc1f4600a926c5384f40 15.76MB / 15.76MB 0.8s done
#4 sha256:73226dab8db5240a2ddbdbe2fb1f0949a911563a62a3d5de3c8669ae708e88de 37.75MB / 55.08MB 0.9s
#4 sha256:bf8ed7043ae24342affc9e27ba2f362a3d02c164d6f2cc7b837f33b475f4ef54 19.92MB / 54.59MB 0.9s
#4 sha256:73226dab8db5240a2ddbdbe2fb1f0949a911563a62a3d5de3c8669ae708e88de 42.99MB / 55.08MB 1.0s
#4 sha256:bf8ed7043ae24342affc9e27ba2f362a3d02c164d6f2cc7b837f33b475f4ef54 26.21MB / 54.59MB 1.0s
#4 sha256:25c6efb0908b76d25c6355b6afc739337771c5a9f3a556c262cb1d0c767b6604 0B / 197.04MB 1.0s
#4 sha256:73226dab8db5240a2ddbdbe2fb1f0949a911563a62a3d5de3c8669ae708e88de 47.19MB / 55.08MB 1.1s
#4 sha256:bf8ed7043ae24342affc9e27ba2f362a3d02c164d6f2cc7b837f33b475f4ef54 31.46MB / 54.59MB 1.1s
#4 sha256:73226dab8db5240a2ddbdbe2fb1f0949a911563a62a3d5de3c8669ae708e88de 51.38MB / 55.08MB 1.2s
#4 sha256:bf8ed7043ae24342affc9e27ba2f362a3d02c164d6f2cc7b837f33b475f4ef54 35.65MB / 54.59MB 1.2s
#4 sha256:73226dab8db5240a2ddbdbe2fb1f0949a911563a62a3d5de3c8669ae708e88de 55.08MB / 55.08MB 1.4s
#4 sha256:bf8ed7043ae24342affc9e27ba2f362a3d02c164d6f2cc7b837f33b475f4ef54 48.23MB / 54.59MB 1.4s
#4 sha256:25c6efb0908b76d25c6355b6afc739337771c5a9f3a556c262cb1d0c767b6604 11.53MB / 197.04MB 1.4s
#4 sha256:bf8ed7043ae24342affc9e27ba2f362a3d02c164d6f2cc7b837f33b475f4ef54 54.59MB / 54.59MB 1.6s
#4 sha256:25c6efb0908b76d25c6355b6afc739337771c5a9f3a556c262cb1d0c767b6604 25.17MB / 197.04MB 1.6s
#4 sha256:25c6efb0908b76d25c6355b6afc739337771c5a9f3a556c262cb1d0c767b6604 41.94MB / 197.04MB 1.8s
#4 sha256:25c6efb0908b76d25c6355b6afc739337771c5a9f3a556c262cb1d0c767b6604 59.77MB / 197.04MB 2.0s
#4 sha256:25c6efb0908b76d25c6355b6afc739337771c5a9f3a556c262cb1d0c767b6604 77.59MB / 197.04MB 2.2s
#4 sha256:73226dab8db5240a2ddbdbe2fb1f0949a911563a62a3d5de3c8669ae708e88de 55.08MB / 55.08MB 2.1s done
#4 sha256:25c6efb0908b76d25c6355b6afc739337771c5a9f3a556c262cb1d0c767b6604 96.47MB / 197.04MB 2.4s
#4 extracting sha256:73226dab8db5240a2ddbdbe2fb1f0949a911563a62a3d5de3c8669ae708e88de
#4 sha256:25c6efb0908b76d25c6355b6afc739337771c5a9f3a556c262cb1d0c767b6604 106.95MB / 197.04MB 2.5s
#4 sha256:25c6efb0908b76d25c6355b6afc739337771c5a9f3a556c262cb1d0c767b6604 124.78MB / 197.04MB 2.7s
#4 sha256:25c6efb0908b76d25c6355b6afc739337771c5a9f3a556c262cb1d0c767b6604 140.51MB / 197.04MB 2.9s
#4 sha256:bf8ed7043ae24342affc9e27ba2f362a3d02c164d6f2cc7b837f33b475f4ef54 54.59MB / 54.59MB 3.0s done
#4 sha256:25c6efb0908b76d25c6355b6afc739337771c5a9f3a556c262cb1d0c767b6604 154.14MB / 197.04MB 3.1s
#4 sha256:9869a179cc6fa4840421e8768c8727ad7d836185013af9551e45fc861220392f 0B / 6.05MB 3.1s
#4 sha256:25c6efb0908b76d25c6355b6afc739337771c5a9f3a556c262cb1d0c767b6604 167.77MB / 197.04MB 3.3s
#4 sha256:9869a179cc6fa4840421e8768c8727ad7d836185013af9551e45fc861220392f 6.05MB / 6.05MB 3.3s
#4 sha256:ab9ce883a7359a22a2eaaf35af67fd7037d8c68b0dd17688d111ab9710ae7a9e 1.05MB / 16.08MB 3.3s
#4 sha256:ab9ce883a7359a22a2eaaf35af67fd7037d8c68b0dd17688d111ab9710ae7a9e 5.24MB / 16.08MB 3.4s
#4 sha256:25c6efb0908b76d25c6355b6afc739337771c5a9f3a556c262cb1d0c767b6604 181.40MB / 197.04MB 3.5s
#4 sha256:9869a179cc6fa4840421e8768c8727ad7d836185013af9551e45fc861220392f 6.05MB / 6.05MB 3.4s done
#4 sha256:ab9ce883a7359a22a2eaaf35af67fd7037d8c68b0dd17688d111ab9710ae7a9e 10.49MB / 16.08MB 3.5s
#4 sha256:b3c56e1a97a9bb7a4ad617f14c59fcf91e4118998e3190c600c3916bcb307187 0B / 232B 3.5s
#4 sha256:ab9ce883a7359a22a2eaaf35af67fd7037d8c68b0dd17688d111ab9710ae7a9e 16.08MB / 16.08MB 3.6s
#4 sha256:b3c56e1a97a9bb7a4ad617f14c59fcf91e4118998e3190c600c3916bcb307187 232B / 232B 3.6s
#4 sha256:25c6efb0908b76d25c6355b6afc739337771c5a9f3a556c262cb1d0c767b6604 193.99MB / 197.04MB 3.7s
#4 sha256:b3c56e1a97a9bb7a4ad617f14c59fcf91e4118998e3190c600c3916bcb307187 232B / 232B 3.6s done
#4 sha256:ab9ce883a7359a22a2eaaf35af67fd7037d8c68b0dd17688d111ab9710ae7a9e 16.08MB / 16.08MB 3.9s done
#4 sha256:c168d22344e54d5e3304baceaf6f4e8e50dd6b0ba8f99b161373d83d0af2d382 0B / 2.70MB 4.0s
#4 sha256:c168d22344e54d5e3304baceaf6f4e8e50dd6b0ba8f99b161373d83d0af2d382 1.05MB / 2.70MB 4.1s
#4 sha256:c168d22344e54d5e3304baceaf6f4e8e50dd6b0ba8f99b161373d83d0af2d382 2.70MB / 2.70MB 4.3s
#4 extracting sha256:73226dab8db5240a2ddbdbe2fb1f0949a911563a62a3d5de3c8669ae708e88de 3.3s done
#4 sha256:25c6efb0908b76d25c6355b6afc739337771c5a9f3a556c262cb1d0c767b6604 197.04MB / 197.04MB 7.0s done
#4 ...

#5 [internal] load build context
#5 transferring context: 573.52MB 5.9s done
#5 DONE 7.6s

#4 [base 1/1] FROM docker.io/library/python:3.9-bullseye@sha256:c9b7476167a9c21dd90325a8e818d0059136c9e4e30dd22f0ba2ff4a04a14c8e
#4 sha256:c168d22344e54d5e3304baceaf6f4e8e50dd6b0ba8f99b161373d83d0af2d382 2.70MB / 2.70MB 7.2s done
#4 extracting sha256:d53dfa00a586795de9dc9f5bc8ad4717b02a8c349b4bbc1f4600a926c5384f40
#4 extracting sha256:d53dfa00a586795de9dc9f5bc8ad4717b02a8c349b4bbc1f4600a926c5384f40 1.9s done
#4 extracting sha256:bf8ed7043ae24342affc9e27ba2f362a3d02c164d6f2cc7b837f33b475f4ef54
#4 extracting sha256:bf8ed7043ae24342affc9e27ba2f362a3d02c164d6f2cc7b837f33b475f4ef54 4.7s done
#4 extracting sha256:25c6efb0908b76d25c6355b6afc739337771c5a9f3a556c262cb1d0c767b6604
#4 extracting sha256:25c6efb0908b76d25c6355b6afc739337771c5a9f3a556c262cb1d0c767b6604 5.1s
#4 extracting sha256:25c6efb0908b76d25c6355b6afc739337771c5a9f3a556c262cb1d0c767b6604 10.2s
#4 extracting sha256:25c6efb0908b76d25c6355b6afc739337771c5a9f3a556c262cb1d0c767b6604 11.0s done
#4 extracting sha256:9869a179cc6fa4840421e8768c8727ad7d836185013af9551e45fc861220392f
#4 extracting sha256:9869a179cc6fa4840421e8768c8727ad7d836185013af9551e45fc861220392f 0.4s done
#4 extracting sha256:ab9ce883a7359a22a2eaaf35af67fd7037d8c68b0dd17688d111ab9710ae7a9e
#4 extracting sha256:ab9ce883a7359a22a2eaaf35af67fd7037d8c68b0dd17688d111ab9710ae7a9e 0.9s done
#4 extracting sha256:b3c56e1a97a9bb7a4ad617f14c59fcf91e4118998e3190c600c3916bcb307187
#4 extracting sha256:b3c56e1a97a9bb7a4ad617f14c59fcf91e4118998e3190c600c3916bcb307187 done
#4 extracting sha256:c168d22344e54d5e3304baceaf6f4e8e50dd6b0ba8f99b161373d83d0af2d382
#4 extracting sha256:c168d22344e54d5e3304baceaf6f4e8e50dd6b0ba8f99b161373d83d0af2d382 0.3s done
#4 DONE 30.0s

#6 [builder 1/4] RUN mkdir /install
#6 ...

#7 [stage-3 1/9] RUN mkdir -p /app/bikeshed
#7 ...

#8 [specdata 1/5] RUN mkdir /bikeshed-master
#8 ...

#6 [builder 1/4] RUN mkdir /install
#6 DONE 32.8s

#9 [builder 2/4] WORKDIR /install
#9 ...

#8 [specdata 1/5] RUN mkdir /bikeshed-master
#8 DONE 33.0s

#10 [specdata 2/5] WORKDIR /bikeshed-master
#10 ...

#7 [stage-3 1/9] RUN mkdir -p /app/bikeshed
#7 DONE 33.2s

#11 [stage-3 2/9] WORKDIR /app
#11 ...

#9 [builder 2/4] WORKDIR /install
#9 DONE 1.2s

#10 [specdata 2/5] WORKDIR /bikeshed-master
#10 DONE 1.1s

#12 [specdata 3/5] RUN git clone --depth=1 --branch=main https://github.com/tabatkins/bikeshed.git /bikeshed-master
#12 ...

#11 [stage-3 2/9] WORKDIR /app
#11 DONE 1.1s

#13 [builder 3/4] COPY requirements.txt /requirements.txt
#13 DONE 0.7s

#12 [specdata 3/5] RUN git clone --depth=1 --branch=main https://github.com/tabatkins/bikeshed.git /bikeshed-master
#12 1.046 Cloning into '/bikeshed-master'...
#12 ...

#14 [builder 4/4] RUN pip install --prefix=/install -r /requirements.txt
#14 3.232 Collecting about-time==4.2.1
#14 3.267   Downloading about_time-4.2.1-py3-none-any.whl (13 kB)
#14 3.419 Collecting aiofiles==22.1.0
#14 3.430   Downloading aiofiles-22.1.0-py3-none-any.whl (14 kB)
#14 4.456 Collecting aiohttp==3.8.3
#14 4.467   Downloading aiohttp-3.8.3-cp39-cp39-manylinux_2_17_x86_64.manylinux2014_x86_64.whl (1.0 MB)
#14 4.548      â”â”â”â”â”â”â”â”â”â”â”â”â”â”â”â”â”â”â”â”â”â”â”â”â”â”â”â”â”â”â”â”â”â”â”â”â”â”â”â” 1.0/1.0 MB 13.5 MB/s eta 0:00:00
#14 4.602 Collecting aiosignal==1.3.1
#14 4.611   Downloading aiosignal-1.3.1-py3-none-any.whl (7.6 kB)
#14 4.775 Collecting alive-progress==3.0.1
#14 4.785   Downloading alive_progress-3.0.1-py3-none-any.whl (72 kB)
#14 4.806      â”â”â”â”â”â”â”â”â”â”â”â”â”â”â”â”â”â”â”â”â”â”â”â”â”â”â”â”â”â”â”â”â”â”â”â”â”â”â”â” 73.0/73.0 kB 3.7 MB/s eta 0:00:00
#14 4.850 Collecting async-timeout==4.0.2
#14 4.860   Downloading async_timeout-4.0.2-py3-none-any.whl (5.8 kB)
#14 4.937 Collecting attrs==22.1.0
#14 4.955   Downloading attrs-22.1.0-py2.py3-none-any.whl (58 kB)
#14 4.982      â”â”â”â”â”â”â”â”â”â”â”â”â”â”â”â”â”â”â”â”â”â”â”â”â”â”â”â”â”â”â”â”â”â”â”â”â”â”â”â” 58.8/58.8 kB 2.1 MB/s eta 0:00:00
#14 5.055 Collecting certifi==2022.12.7
#14 5.066   Downloading certifi-2022.12.7-py3-none-any.whl (155 kB)
#14 5.092      â”â”â”â”â”â”â”â”â”â”â”â”â”â”â”â”â”â”â”â”â”â”â”â”â”â”â”â”â”â”â”â”â”â”â”â”â”â”â” 155.3/155.3 kB 6.8 MB/s eta 0:00:00
#14 5.362 Collecting charset-normalizer==2.1.1
#14 5.372   Downloading charset_normalizer-2.1.1-py3-none-any.whl (39 kB)
#14 5.515 Collecting cssselect==1.2.0
#14 5.524   Downloading cssselect-1.2.0-py2.py3-none-any.whl (18 kB)
#14 5.744 Collecting frozenlist==1.3.3
#14 5.756   Downloading frozenlist-1.3.3-cp39-cp39-manylinux_2_5_x86_64.manylinux1_x86_64.manylinux_2_17_x86_64.manylinux2014_x86_64.whl (158 kB)
#14 5.810      â”â”â”â”â”â”â”â”â”â”â”â”â”â”â”â”â”â”â”â”â”â”â”â”â”â”â”â”â”â”â”â”â”â”â”â”â”â”â” 158.8/158.8 kB 2.9 MB/s eta 0:00:00
#14 5.929 Collecting grapheme==0.6.0
#14 5.940   Downloading grapheme-0.6.0.tar.gz (207 kB)
#14 5.969      â”â”â”â”â”â”â”â”â”â”â”â”â”â”â”â”â”â”â”â”â”â”â”â”â”â”â”â”â”â”â”â”â”â”â”â”â”â”â” 207.3/207.3 kB 7.9 MB/s eta 0:00:00
#14 5.994   Preparing metadata (setup.py): started
#14 6.453   Preparing metadata (setup.py): finished with status 'done'
#14 6.580 Collecting html5lib==1.1
#14 6.590   Downloading html5lib-1.1-py2.py3-none-any.whl (112 kB)
#14 6.623      â”â”â”â”â”â”â”â”â”â”â”â”â”â”â”â”â”â”â”â”â”â”â”â”â”â”â”â”â”â”â”â”â”â”â”â”â”â”â” 112.2/112.2 kB 3.5 MB/s eta 0:00:00
#14 6.680 Collecting idna==3.4
#14 6.689   Downloading idna-3.4-py3-none-any.whl (61 kB)
#14 6.715      â”â”â”â”â”â”â”â”â”â”â”â”â”â”â”â”â”â”â”â”â”â”â”â”â”â”â”â”â”â”â”â”â”â”â”â”â”â”â”â” 61.5/61.5 kB 2.3 MB/s eta 0:00:00
#14 6.827 Collecting isodate==0.6.1
#14 6.836   Downloading isodate-0.6.1-py2.py3-none-any.whl (41 kB)
#14 6.866      â”â”â”â”â”â”â”â”â”â”â”â”â”â”â”â”â”â”â”â”â”â”â”â”â”â”â”â”â”â”â”â”â”â”â”â”â”â”â”â” 41.7/41.7 kB 1.2 MB/s eta 0:00:00
#14 6.976 Collecting json-home-client==1.1.1
#14 6.987   Downloading json_home_client-1.1.1-py3-none-any.whl (9.7 kB)
#14 7.783 Collecting lxml==4.9.1
#14 7.797   Downloading lxml-4.9.1-cp39-cp39-manylinux_2_17_x86_64.manylinux2014_x86_64.manylinux_2_24_x86_64.whl (7.0 MB)
#14 8.026      â”â”â”â”â”â”â”â”â”â”â”â”â”â”â”â”â”â”â”â”â”â”â”â”â”â”â”â”â”â”â”â”â”â”â”â”â”â”â”â” 7.0/7.0 MB 30.9 MB/s eta 0:00:00
#14 8.773 Collecting multidict==6.0.4
#14 8.784   Downloading multidict-6.0.4-cp39-cp39-manylinux_2_17_x86_64.manylinux2014_x86_64.whl (114 kB)
#14 8.824      â”â”â”â”â”â”â”â”â”â”â”â”â”â”â”â”â”â”â”â”â”â”â”â”â”â”â”â”â”â”â”â”â”â”â”â”â”â”â” 114.2/114.2 kB 3.0 MB/s eta 0:00:00
#14 9.598 Collecting pillow==9.3.0
#14 9.610   Downloading Pillow-9.3.0-cp39-cp39-manylinux_2_28_x86_64.whl (3.3 MB)
#14 9.744      â”â”â”â”â”â”â”â”â”â”â”â”â”â”â”â”â”â”â”â”â”â”â”â”â”â”â”â”â”â”â”â”â”â”â”â”â”â”â”â” 3.3/3.3 MB 25.3 MB/s eta 0:00:00
#14 9.856 Collecting pygments==2.13.0
#14 9.870   Downloading Pygments-2.13.0-py3-none-any.whl (1.1 MB)
#14 9.935      â”â”â”â”â”â”â”â”â”â”â”â”â”â”â”â”â”â”â”â”â”â”â”â”â”â”â”â”â”â”â”â”â”â”â”â”â”â”â”â” 1.1/1.1 MB 18.0 MB/s eta 0:00:00
#14 10.42 Collecting requests==2.28.1
#14 10.43   Downloading requests-2.28.1-py3-none-any.whl (62 kB)
#14 10.47      â”â”â”â”â”â”â”â”â”â”â”â”â”â”â”â”â”â”â”â”â”â”â”â”â”â”â”â”â”â”â”â”â”â”â”â”â”â”â”â” 62.8/62.8 kB 1.4 MB/s eta 0:00:00
#14 10.61 Collecting result==0.8.0
#14 10.62   Downloading result-0.8.0-py3-none-any.whl (7.9 kB)
#14 10.71 Collecting six==1.16.0
#14 10.72   Downloading six-1.16.0-py2.py3-none-any.whl (11 kB)
#14 10.90 Collecting tenacity==8.1.0
#14 10.92   Downloading tenacity-8.1.0-py3-none-any.whl (23 kB)
#14 11.02 Collecting typing-extensions==4.4.0
#14 11.03   Downloading typing_extensions-4.4.0-py3-none-any.whl (26 kB)
#14 11.19 Collecting uri-template==1.2.0
#14 11.20   Downloading uri_template-1.2.0-py3-none-any.whl (10 kB)
#14 11.41 Collecting urllib3==1.26.14
#14 11.42   Downloading urllib3-1.26.14-py2.py3-none-any.whl (140 kB)
#14 15.82      â”â”â”â”â”â”â”â”â”â”â”â”â”â”â”â”â”â”â”â”â”â”â”â”â”â”â”â”â”â”â”â”â”â”â”â”â”â” 140.6/140.6 kB 29.7 kB/s eta 0:00:00
#14 18.29 Collecting webencodings==0.5.1
#14 ...

#12 [specdata 3/5] RUN git clone --depth=1 --branch=main https://github.com/tabatkins/bikeshed.git /bikeshed-master
#12 DONE 19.0s

#14 [builder 4/4] RUN pip install --prefix=/install -r /requirements.txt
#14 18.30   Downloading webencodings-0.5.1-py2.py3-none-any.whl (11 kB)
#14 ...

#15 [specdata 4/5] RUN pip install --editable /bikeshed-master
#15 3.096 Obtaining file:///bikeshed-master
#15 3.104   Installing build dependencies: started
#15 ...

#14 [builder 4/4] RUN pip install --prefix=/install -r /requirements.txt
#14 18.65 Collecting widlparser==1.1.1
#14 18.66   Downloading widlparser-1.1.1-py3-none-any.whl (35 kB)
#14 19.22 Collecting yarl==1.8.2
#14 19.24   Downloading yarl-1.8.2-cp39-cp39-manylinux_2_17_x86_64.manylinux2014_x86_64.whl (264 kB)
#14 19.26      â”â”â”â”â”â”â”â”â”â”â”â”â”â”â”â”â”â”â”â”â”â”â”â”â”â”â”â”â”â”â”â”â”â”â”â”â”â” 264.6/264.6 kB 12.5 MB/s eta 0:00:00
#14 19.77 Building wheels for collected packages: grapheme
#14 19.77   Building wheel for grapheme (setup.py): started
#14 20.35   Building wheel for grapheme (setup.py): finished with status 'done'
#14 20.35   Created wheel for grapheme: filename=grapheme-0.6.0-py3-none-any.whl size=210095 sha256=04866a459d21632e92e8a3a72a3dc0a5c5bace52062149b5911860dcbdb6c595
#14 20.35   Stored in directory: /root/.cache/pip/wheels/91/a8/bc/5b55a10f763ee2c066ff2d94058d7dd64d570fc45adc027b3d
#14 20.35 Successfully built grapheme
#14 20.65 Installing collected packages: webencodings, grapheme, urllib3, uri-template, typing-extensions, tenacity, six, pygments, pillow, multidict, lxml, idna, frozenlist, cssselect, charset-normalizer, certifi, attrs, async-timeout, aiofiles, about-time, yarl, widlparser, result, requests, json-home-client, isodate, html5lib, alive-progress, aiosignal, aiohttp
#14 ...

#15 [specdata 4/5] RUN pip install --editable /bikeshed-master
#15 6.427   Installing build dependencies: finished with status 'done'
#15 6.429   Checking if build backend supports build_editable: started
#15 6.670   Checking if build backend supports build_editable: finished with status 'done'
#15 6.672   Getting requirements to build editable: started
#15 7.301   Getting requirements to build editable: finished with status 'done'
#15 7.303   Preparing editable metadata (pyproject.toml): started
#15 7.951   Preparing editable metadata (pyproject.toml): finished with status 'done'
#15 8.732 Collecting html5lib==1.1
#15 8.778   Downloading html5lib-1.1-py2.py3-none-any.whl (112 kB)
#15 8.850      â”â”â”â”â”â”â”â”â”â”â”â”â”â”â”â”â”â”â”â”â”â”â”â”â”â”â”â”â”â”â”â”â”â”â”â”â”â”â” 112.2/112.2 kB 1.5 MB/s eta 0:00:00#15 ...

#14 [builder 4/4] RUN pip install --prefix=/install -r /requirements.txt
#14 24.97 Successfully installed about-time-4.2.1 aiofiles-22.1.0 aiohttp-3.8.3 aiosignal-1.3.1 alive-progress-3.0.1 async-timeout-4.0.2 attrs-22.1.0 certifi-2022.12.7 charset-normalizer-2.1.1 cssselect-1.2.0 frozenlist-1.3.3 grapheme-0.6.0 html5lib-1.1 idna-3.4 isodate-0.6.1 json-home-client-1.1.1 lxml-4.9.1 multidict-6.0.4 pillow-9.3.0 pygments-2.13.0 requests-2.28.1 result-0.8.0 six-1.16.0 tenacity-8.1.0 typing-extensions-4.4.0 uri-template-1.2.0 urllib3-1.26.14 webencodings-0.5.1 widlparser-1.1.1 yarl-1.8.2
#14 24.97 WARNING: Running pip as the 'root' user can result in broken permissions and conflicting behaviour with the system package manager. It is recommended to use a virtual environment instead: https://pip.pypa.io/warnings/venv
#14 25.16 
#14 25.16 [notice] A new release of pip is available: 23.0.1 -> 24.2
#14 25.16 [notice] To update, run: pip install --upgrade pip
#14 DONE 27.3s

#15 [specdata 4/5] RUN pip install --editable /bikeshed-master
#15 8.850      â”â”â”â”â”â”â”â”â”â”â”â”â”â”â”â”â”â”â”â”â”â”â”â”â”â”â”â”â”â”â”â”â”â”â”â”â”â”â” 112.2/112.2 kB 1.5 MB/s eta 0:00:00
#15 8.979 Collecting uri-template==1.3.0
#15 8.988   Downloading uri_template-1.3.0-py3-none-any.whl (11 kB)
#15 9.156 Collecting kdl-py==1.2.0
#15 9.169   Downloading kdl_py-1.2.0-py3-none-any.whl (23 kB)
#15 9.255 Collecting tenacity==8.2.3
#15 9.265   Downloading tenacity-8.2.3-py3-none-any.whl (24 kB)
#15 10.00 Collecting pillow==10.2.0
#15 10.07   Downloading pillow-10.2.0-cp39-cp39-manylinux_2_28_x86_64.whl (4.5 MB)
#15 10.26      â”â”â”â”â”â”â”â”â”â”â”â”â”â”â”â”â”â”â”â”â”â”â”â”â”â”â”â”â”â”â”â”â”â”â”â”â”â”â”â” 4.5/4.5 MB 25.0 MB/s eta 0:00:00
#15 11.01 Collecting lxml==5.1.0
#15 11.03   Downloading lxml-5.1.0-cp39-cp39-manylinux_2_17_x86_64.manylinux2014_x86_64.whl (8.0 MB)
#15 12.01      â”â”â”â”â”â”â”â”â”â”â”â”â”â”â”â”â”â”â”â”â”â”â”â”â”â”â”â”â”â”â”â”â”â”â”â”â”â”â”â” 8.0/8.0 MB 8.2 MB/s eta 0:00:00
#15 ...

#16 [stage-3 3/9] COPY --from=builder /install /usr/local
#16 DONE 2.1s

#15 [specdata 4/5] RUN pip install --editable /bikeshed-master
#15 12.25 Collecting typing-extensions==4.9.0
#15 12.26   Downloading typing_extensions-4.9.0-py3-none-any.whl (32 kB)
#15 12.42 Collecting grapheme==0.6.0
#15 12.43   Downloading grapheme-0.6.0.tar.gz (207 kB)
#15 12.46      â”â”â”â”â”â”â”â”â”â”â”â”â”â”â”â”â”â”â”â”â”â”â”â”â”â”â”â”â”â”â”â”â”â”â”â”â”â”â” 207.3/207.3 kB 8.2 MB/s eta 0:00:00
#15 12.49   Preparing metadata (setup.py): started
#15 12.95   Preparing metadata (setup.py): finished with status 'done'
#15 13.02 Collecting aiofiles==23.2.1
#15 13.02   Downloading aiofiles-23.2.1-py3-none-any.whl (15 kB)
#15 13.10 Collecting cssselect==1.2.0
#15 13.10   Downloading cssselect-1.2.0-py2.py3-none-any.whl (18 kB)
#15 13.19 Collecting certifi==2024.2.2
#15 13.20   Downloading certifi-2024.2.2-py3-none-any.whl (163 kB)
#15 13.23      â”â”â”â”â”â”â”â”â”â”â”â”â”â”â”â”â”â”â”â”â”â”â”â”â”â”â”â”â”â”â”â”â”â”â”â”â”â”â” 163.8/163.8 kB 5.3 MB/s eta 0:00:00
#15 13.74 Collecting setuptools==69.1.1
#15 13.75   Downloading setuptools-69.1.1-py3-none-any.whl (819 kB)
#15 13.81      â”â”â”â”â”â”â”â”â”â”â”â”â”â”â”â”â”â”â”â”â”â”â”â”â”â”â”â”â”â”â”â”â”â”â”â”â”â” 819.3/819.3 kB 15.6 MB/s eta 0:00:00
#15 13.85 Collecting isodate==0.6.1
#15 13.86   Downloading isodate-0.6.1-py2.py3-none-any.whl (41 kB)
#15 13.88      â”â”â”â”â”â”â”â”â”â”â”â”â”â”â”â”â”â”â”â”â”â”â”â”â”â”â”â”â”â”â”â”â”â”â”â”â”â”â”â” 41.7/41.7 kB 1.8 MB/s eta 0:00:00
#15 14.41 Collecting yarl==1.9.4
#15 14.42   Downloading yarl-1.9.4-cp39-cp39-manylinux_2_17_x86_64.manylinux2014_x86_64.whl (304 kB)
#15 14.45      â”â”â”â”â”â”â”â”â”â”â”â”â”â”â”â”â”â”â”â”â”â”â”â”â”â”â”â”â”â”â”â”â”â”â”â”â”â” 304.3/304.3 kB 10.2 MB/s eta 0:00:00
#15 14.50 Collecting async-timeout==4.0.3
#15 14.51   Downloading async_timeout-4.0.3-py3-none-any.whl (5.7 kB)
#15 14.59 Collecting attrs==22.1.0
#15 14.60   Downloading attrs-22.1.0-py2.py3-none-any.whl (58 kB)
#15 14.62      â”â”â”â”â”â”â”â”â”â”â”â”â”â”â”â”â”â”â”â”â”â”â”â”â”â”â”â”â”â”â”â”â”â”â”â”â”â”â”â” 58.8/58.8 kB 3.5 MB/s eta 0:00:00
#15 14.66 Collecting aiosignal==1.3.1
#15 14.67   Downloading aiosignal-1.3.1-py3-none-any.whl (7.6 kB)
#15 14.73 Collecting json-home-client==1.1.1
#15 14.74   Downloading json_home_client-1.1.1-py3-none-any.whl (9.7 kB)
#15 14.80 Collecting webencodings==0.5.1
#15 14.81   Downloading webencodings-0.5.1-py2.py3-none-any.whl (11 kB)
#15 15.50 Collecting multidict==6.0.5
#15 15.52   Downloading multidict-6.0.5-cp39-cp39-manylinux_2_17_x86_64.manylinux2014_x86_64.whl (123 kB)
#15 15.54      â”â”â”â”â”â”â”â”â”â”â”â”â”â”â”â”â”â”â”â”â”â”â”â”â”â”â”â”â”â”â”â”â”â”â”â”â”â”â” 123.8/123.8 kB 6.0 MB/s eta 0:00:00
#15 15.59 Collecting six==1.16.0
#15 15.60   Downloading six-1.16.0-py2.py3-none-any.whl (11 kB)
#15 15.67 Collecting about-time==4.2.1
#15 15.69   Downloading about_time-4.2.1-py3-none-any.whl (13 kB)
#15 16.76 Collecting aiohttp==3.9.3
#15 16.77   Downloading aiohttp-3.9.3-cp39-cp39-manylinux_2_17_x86_64.manylinux2014_x86_64.whl (1.2 MB)
#15 16.83      â”â”â”â”â”â”â”â”â”â”â”â”â”â”â”â”â”â”â”â”â”â”â”â”â”â”â”â”â”â”â”â”â”â”â”â”â”â”â”â” 1.2/1.2 MB 20.8 MB/s eta 0:00:00
#15 16.89 Collecting idna==3.6
#15 16.90   Downloading idna-3.6-py3-none-any.whl (61 kB)
#15 16.92      â”â”â”â”â”â”â”â”â”â”â”â”â”â”â”â”â”â”â”â”â”â”â”â”â”â”â”â”â”â”â”â”â”â”â”â”â”â”â”â” 61.6/61.6 kB 2.3 MB/s eta 0:00:00
#15 17.00 Collecting alive-progress==3.1.5
#15 17.01   Downloading alive_progress-3.1.5-py3-none-any.whl (75 kB)
#15 17.03      â”â”â”â”â”â”â”â”â”â”â”â”â”â”â”â”â”â”â”â”â”â”â”â”â”â”â”â”â”â”â”â”â”â”â”â”â”â”â”â” 76.0/76.0 kB 2.7 MB/s eta 0:00:00
#15 17.14 Collecting requests==2.31.0
#15 17.15   Downloading requests-2.31.0-py3-none-any.whl (62 kB)
#15 17.18      â”â”â”â”â”â”â”â”â”â”â”â”â”â”â”â”â”â”â”â”â”â”â”â”â”â”â”â”â”â”â”â”â”â”â”â”â”â”â”â” 62.6/62.6 kB 2.5 MB/s eta 0:00:00
#15 17.30 Collecting urllib3==2.0.7
#15 17.31   Downloading urllib3-2.0.7-py3-none-any.whl (124 kB)
#15 17.40      â”â”â”â”â”â”â”â”â”â”â”â”â”â”â”â”â”â”â”â”â”â”â”â”â”â”â”â”â”â”â”â”â”â”â”â”â”â”â” 124.2/124.2 kB 1.3 MB/s eta 0:00:00
#15 17.45 Collecting widlparser==1.1.5
#15 17.46   Downloading widlparser-1.1.5-py3-none-any.whl (35 kB)
#15 17.56 Collecting pygments==2.17.2
#15 17.57   Downloading pygments-2.17.2-py3-none-any.whl (1.2 MB)
#15 17.63      â”â”â”â”â”â”â”â”â”â”â”â”â”â”â”â”â”â”â”â”â”â”â”â”â”â”â”â”â”â”â”â”â”â”â”â”â”â”â”â” 1.2/1.2 MB 23.2 MB/s eta 0:00:00
#15 17.84 Collecting frozenlist==1.4.1
#15 17.85   Downloading frozenlist-1.4.1-cp39-cp39-manylinux_2_5_x86_64.manylinux1_x86_64.manylinux_2_17_x86_64.manylinux2014_x86_64.whl (240 kB)
#15 17.88      â”â”â”â”â”â”â”â”â”â”â”â”â”â”â”â”â”â”â”â”â”â”â”â”â”â”â”â”â”â”â”â”â”â”â”â”â”â”â” 240.7/240.7 kB 9.6 MB/s eta 0:00:00
#15 17.94 Collecting result==0.16.1
#15 17.95   Downloading result-0.16.1-py3-none-any.whl (11 kB)
#15 18.24 Collecting charset-normalizer==3.3.2
#15 18.25   Downloading charset_normalizer-3.3.2-cp39-cp39-manylinux_2_17_x86_64.manylinux2014_x86_64.whl (142 kB)
#15 18.28      â”â”â”â”â”â”â”â”â”â”â”â”â”â”â”â”â”â”â”â”â”â”â”â”â”â”â”â”â”â”â”â”â”â”â”â”â”â”â” 142.3/142.3 kB 5.4 MB/s eta 0:00:00
#15 18.91 Building wheels for collected packages: bikeshed, grapheme
#15 18.92   Building editable for bikeshed (pyproject.toml): started
#15 20.14   Building editable for bikeshed (pyproject.toml): finished with status 'done'
#15 20.14   Created wheel for bikeshed: filename=bikeshed-4.1.10-0.editable-py3-none-any.whl size=8847 sha256=8fe51ca03ac050f8ea5533ce04b5c7550c9494064c924b4409aa5bc15a9e8641
#15 20.14   Stored in directory: /tmp/pip-ephem-wheel-cache-lvptu0ac/wheels/4b/80/a2/c05115447aff140538aac641e947e70f6789b0bd55d9d93653
#15 20.14   Building wheel for grapheme (setup.py): started
#15 20.68   Building wheel for grapheme (setup.py): finished with status 'done'
#15 20.68   Created wheel for grapheme: filename=grapheme-0.6.0-py3-none-any.whl size=210095 sha256=350d43f29ccb79cd404995f65515f9e09f3a83f1fb0d2c20238c657e904a9707
#15 20.68   Stored in directory: /root/.cache/pip/wheels/91/a8/bc/5b55a10f763ee2c066ff2d94058d7dd64d570fc45adc027b3d
#15 20.68 Successfully built bikeshed grapheme
#15 21.11 Installing collected packages: webencodings, grapheme, urllib3, uri-template, typing-extensions, tenacity, six, setuptools, pygments, pillow, multidict, lxml, kdl-py, idna, frozenlist, cssselect, charset-normalizer, certifi, attrs, async-timeout, aiofiles, about-time, yarl, widlparser, result, requests, json-home-client, isodate, html5lib, alive-progress, aiosignal, aiohttp, bikeshed
#15 21.59   Attempting uninstall: setuptools
#15 21.60     Found existing installation: setuptools 58.1.0
#15 21.66     Uninstalling setuptools-58.1.0:
#15 21.79       Successfully uninstalled setuptools-58.1.0
#15 26.27 Successfully installed about-time-4.2.1 aiofiles-23.2.1 aiohttp-3.9.3 aiosignal-1.3.1 alive-progress-3.1.5 async-timeout-4.0.3 attrs-22.1.0 bikeshed-4.1.10 certifi-2024.2.2 charset-normalizer-3.3.2 cssselect-1.2.0 frozenlist-1.4.1 grapheme-0.6.0 html5lib-1.1 idna-3.6 isodate-0.6.1 json-home-client-1.1.1 kdl-py-1.2.0 lxml-5.1.0 multidict-6.0.5 pillow-10.2.0 pygments-2.17.2 requests-2.31.0 result-0.16.1 setuptools-69.1.1 six-1.16.0 tenacity-8.2.3 typing-extensions-4.9.0 uri-template-1.3.0 urllib3-2.0.7 webencodings-0.5.1 widlparser-1.1.5 yarl-1.9.4
#15 26.27 WARNING: Running pip as the 'root' user can result in broken permissions and conflicting behaviour with the system package manager. It is recommended to use a virtual environment instead: https://pip.pypa.io/warnings/venv
#15 26.28 
#15 26.28 [notice] A new release of pip is available: 23.0.1 -> 24.2
#15 26.28 [notice] To update, run: pip install --upgrade pip
#15 DONE 29.7s

#17 [specdata 5/5] RUN bikeshed update
#17 11.24 Updating via manifest...
#17 11.24 Gathering local manifest data...
#17 11.24 [1;96mWARNING:[0m Couldn't find manifest from previous update run:
#17 11.24   [Errno 2] No such file or directory: '/bikeshed-master/bikeshed/spec-data/manifest.txt'
#17 11.24 Fetching remote manifest data...
#17 11.24 The local manifest is borked or missing; re-downloading everything...
#17 11.24 Updating 2535 files...
#17 11.24 Updated 109/2535...
#17 11.24 Updated 790/2535...
#17 11.24 Updated 1424/2535...
#17 11.24 Updated 2082/2535...
#17 11.24 Done!
#17 DONE 13.2s

#18 [stage-3 4/9] COPY --from=specdata /bikeshed-master/bikeshed/spec-data /app/bikeshed/spec-data
#18 DONE 3.7s

#19 [stage-3 5/9] COPY setup.py README.md semver.txt requirements.txt /app/
#19 DONE 0.4s

#20 [stage-3 6/9] RUN pip install --editable .
#20 2.906 Obtaining file:///app
#20 2.907   Preparing metadata (setup.py): started
#20 3.430   Preparing metadata (setup.py): finished with status 'done'
#20 3.488 Requirement already satisfied: aiofiles==22.1.0 in /usr/local/lib/python3.9/site-packages (from bikeshed==3.11.10) (22.1.0)
#20 3.489 Requirement already satisfied: aiohttp==3.8.3 in /usr/local/lib/python3.9/site-packages (from bikeshed==3.11.10) (3.8.3)
#20 3.490 Requirement already satisfied: alive-progress==3.0.1 in /usr/local/lib/python3.9/site-packages (from bikeshed==3.11.10) (3.0.1)
#20 3.491 Requirement already satisfied: attrs==22.1.0 in /usr/local/lib/python3.9/site-packages (from bikeshed==3.11.10) (22.1.0)
#20 3.492 Requirement already satisfied: certifi==2022.12.7 in /usr/local/lib/python3.9/site-packages (from bikeshed==3.11.10) (2022.12.7)
#20 3.494 Requirement already satisfied: cssselect==1.2.0 in /usr/local/lib/python3.9/site-packages (from bikeshed==3.11.10) (1.2.0)
#20 3.495 Requirement already satisfied: grapheme==0.6.0 in /usr/local/lib/python3.9/site-packages (from bikeshed==3.11.10) (0.6.0)
#20 3.496 Requirement already satisfied: html5lib==1.1 in /usr/local/lib/python3.9/site-packages (from bikeshed==3.11.10) (1.1)
#20 3.497 Requirement already satisfied: isodate==0.6.1 in /usr/local/lib/python3.9/site-packages (from bikeshed==3.11.10) (0.6.1)
#20 3.499 Requirement already satisfied: json-home-client==1.1.1 in /usr/local/lib/python3.9/site-packages (from bikeshed==3.11.10) (1.1.1)
#20 3.500 Requirement already satisfied: lxml==4.9.1 in /usr/local/lib/python3.9/site-packages (from bikeshed==3.11.10) (4.9.1)
#20 3.501 Requirement already satisfied: pillow==9.3.0 in /usr/local/lib/python3.9/site-packages (from bikeshed==3.11.10) (9.3.0)
#20 3.502 Requirement already satisfied: pygments==2.13.0 in /usr/local/lib/python3.9/site-packages (from bikeshed==3.11.10) (2.13.0)
#20 3.503 Requirement already satisfied: requests==2.28.1 in /usr/local/lib/python3.9/site-packages (from bikeshed==3.11.10) (2.28.1)
#20 3.504 Requirement already satisfied: result==0.8.0 in /usr/local/lib/python3.9/site-packages (from bikeshed==3.11.10) (0.8.0)
#20 3.505 Requirement already satisfied: tenacity==8.1.0 in /usr/local/lib/python3.9/site-packages (from bikeshed==3.11.10) (8.1.0)
#20 3.506 Requirement already satisfied: webencodings==0.5.1 in /usr/local/lib/python3.9/site-packages (from bikeshed==3.11.10) (0.5.1)
#20 3.507 Requirement already satisfied: widlparser==1.1.1 in /usr/local/lib/python3.9/site-packages (from bikeshed==3.11.10) (1.1.1)
#20 3.509 Requirement already satisfied: six==1.16.0 in /usr/local/lib/python3.9/site-packages (from bikeshed==3.11.10) (1.16.0)
#20 3.510 Requirement already satisfied: urllib3==1.26.14 in /usr/local/lib/python3.9/site-packages (from bikeshed==3.11.10) (1.26.14)
#20 3.511 Requirement already satisfied: idna==3.4 in /usr/local/lib/python3.9/site-packages (from bikeshed==3.11.10) (3.4)
#20 3.512 Requirement already satisfied: async-timeout==4.0.2 in /usr/local/lib/python3.9/site-packages (from bikeshed==3.11.10) (4.0.2)
#20 3.513 Requirement already satisfied: charset-normalizer==2.1.1 in /usr/local/lib/python3.9/site-packages (from bikeshed==3.11.10) (2.1.1)
#20 3.515 Requirement already satisfied: uri-template==1.2.0 in /usr/local/lib/python3.9/site-packages (from bikeshed==3.11.10) (1.2.0)
#20 3.516 Requirement already satisfied: aiosignal==1.3.1 in /usr/local/lib/python3.9/site-packages (from bikeshed==3.11.10) (1.3.1)
#20 3.517 Requirement already satisfied: frozenlist==1.3.3 in /usr/local/lib/python3.9/site-packages (from bikeshed==3.11.10) (1.3.3)
#20 3.518 Requirement already satisfied: multidict==6.0.4 in /usr/local/lib/python3.9/site-packages (from bikeshed==3.11.10) (6.0.4)
#20 3.519 Requirement already satisfied: typing-extensions==4.4.0 in /usr/local/lib/python3.9/site-packages (from bikeshed==3.11.10) (4.4.0)
#20 3.520 Requirement already satisfied: yarl==1.8.2 in /usr/local/lib/python3.9/site-packages (from bikeshed==3.11.10) (1.8.2)
#20 3.521 Requirement already satisfied: about-time==4.2.1 in /usr/local/lib/python3.9/site-packages (from bikeshed==3.11.10) (4.2.1)
#20 3.907 Installing collected packages: bikeshed
#20 3.909   Running setup.py develop for bikeshed
#20 4.723 Successfully installed bikeshed-3.11.10
#20 4.723 WARNING: Running pip as the 'root' user can result in broken permissions and conflicting behaviour with the system package manager. It is recommended to use a virtual environment instead: https://pip.pypa.io/warnings/venv
#20 4.926 
#20 4.926 [notice] A new release of pip is available: 23.0.1 -> 24.2
#20 4.926 [notice] To update, run: pip install --upgrade pip
#20 DONE 5.4s

#21 [stage-3 7/9] COPY .git /app/.git
#21 DONE 10.3s

#22 [stage-3 8/9] COPY bikeshed.py /app/
#22 DONE 0.4s

#23 [stage-3 9/9] COPY bikeshed /app/bikeshed
#23 DONE 1.9s

#24 exporting to image
#24 exporting layers
#24 exporting layers 5.2s done
#24 writing image sha256:b7d8f2a9400742e818de6f03f4859356a0ea7c59bd1a6bc7f481235ade3f8a29 0.0s done
#24 naming to docker.io/library/image_name_v1_1 0.0s done
#24 DONE 5.2s
Duration: 2:36.91