#0 building with "default" instance using docker driver

#1 [internal] load .dockerignore
#1 ...

#2 [internal] load build definition from Dockerfile
#2 transferring dockerfile: 257B done
#2 DONE 0.4s

#1 [internal] load .dockerignore
#1 transferring context: 2B done
#1 DONE 0.5s

#3 [internal] load metadata for docker.io/library/node:12
#3 ...

#4 [auth] library/node:pull token for registry-1.docker.io
#4 DONE 0.0s

#3 [internal] load metadata for docker.io/library/node:12
#3 DONE 1.4s

#5 [internal] load build context
#5 DONE 0.0s

#6 [1/5] FROM docker.io/library/node:12@sha256:01627afeb110b3054ba4a1405541ca095c8bfca1cb6f2be9479c767a2711879e
#6 resolve docker.io/library/node:12@sha256:01627afeb110b3054ba4a1405541ca095c8bfca1cb6f2be9479c767a2711879e
#6 resolve docker.io/library/node:12@sha256:01627afeb110b3054ba4a1405541ca095c8bfca1cb6f2be9479c767a2711879e 0.1s done
#6 sha256:6c8de432fc7f7d8c58899f61982d1662ec6b73fb3ef92f862ba170dcc5b64fa9 7.68kB / 7.68kB done
#6 sha256:01627afeb110b3054ba4a1405541ca095c8bfca1cb6f2be9479c767a2711879e 776B / 776B done
#6 sha256:3a69ea1270dbf4ef20477361be4b7a43400e559c6abdfaf69d73f7c755f434f5 2.21kB / 2.21kB done
#6 sha256:f5196cdf25181bc7e4411865a2e002932b7b6b0ffce787c04c1bdeaf1f204f20 0B / 45.43MB 0.5s
#6 sha256:9bed1e86f01ee95c76d2c8b4385a47ae336e6d293afade9368469d99daa9369f 0B / 11.30MB 0.5s
#6 ...

#5 [internal] load build context
#5 transferring context: 2.59MB 0.4s done
#5 DONE 0.8s

#6 [1/5] FROM docker.io/library/node:12@sha256:01627afeb110b3054ba4a1405541ca095c8bfca1cb6f2be9479c767a2711879e
#6 sha256:f5196cdf25181bc7e4411865a2e002932b7b6b0ffce787c04c1bdeaf1f204f20 5.24MB / 45.43MB 0.6s
#6 sha256:f44e4bdb3a6c1325cc4d40e585ed7a759127c0c87b0388ec0236b1698827d70d 0B / 4.34MB 0.6s
#6 sha256:f5196cdf25181bc7e4411865a2e002932b7b6b0ffce787c04c1bdeaf1f204f20 16.78MB / 45.43MB 0.8s
#6 sha256:9bed1e86f01ee95c76d2c8b4385a47ae336e6d293afade9368469d99daa9369f 5.24MB / 11.30MB 0.8s
#6 sha256:f5196cdf25181bc7e4411865a2e002932b7b6b0ffce787c04c1bdeaf1f204f20 22.02MB / 45.43MB 0.9s
#6 sha256:9bed1e86f01ee95c76d2c8b4385a47ae336e6d293afade9368469d99daa9369f 10.49MB / 11.30MB 0.9s
#6 sha256:f44e4bdb3a6c1325cc4d40e585ed7a759127c0c87b0388ec0236b1698827d70d 1.05MB / 4.34MB 0.9s
#6 sha256:f5196cdf25181bc7e4411865a2e002932b7b6b0ffce787c04c1bdeaf1f204f20 27.26MB / 45.43MB 1.0s
#6 sha256:9bed1e86f01ee95c76d2c8b4385a47ae336e6d293afade9368469d99daa9369f 11.30MB / 11.30MB 1.0s
#6 sha256:f44e4bdb3a6c1325cc4d40e585ed7a759127c0c87b0388ec0236b1698827d70d 4.34MB / 4.34MB 1.0s
#6 sha256:f5196cdf25181bc7e4411865a2e002932b7b6b0ffce787c04c1bdeaf1f204f20 38.80MB / 45.43MB 1.2s
#6 sha256:9bed1e86f01ee95c76d2c8b4385a47ae336e6d293afade9368469d99daa9369f 11.30MB / 11.30MB 1.1s done
#6 sha256:f5196cdf25181bc7e4411865a2e002932b7b6b0ffce787c04c1bdeaf1f204f20 45.09MB / 45.43MB 1.3s
#6 sha256:f44e4bdb3a6c1325cc4d40e585ed7a759127c0c87b0388ec0236b1698827d70d 4.34MB / 4.34MB 1.2s done
#6 sha256:07dff4ad21ebdb3ce3e329699663b2f81af70152453025f6624584a39a8e22b6 0B / 214.48MB 1.4s
#6 sha256:07dff4ad21ebdb3ce3e329699663b2f81af70152453025f6624584a39a8e22b6 14.68MB / 214.48MB 1.9s
#6 sha256:f5196cdf25181bc7e4411865a2e002932b7b6b0ffce787c04c1bdeaf1f204f20 45.43MB / 45.43MB 2.0s done
#6 sha256:2f75d131f4060950dd6cc1f580e2fa5504ece8d692113a9cdb0a866637b397d7 0B / 49.77MB 2.1s
#6 sha256:07dff4ad21ebdb3ce3e329699663b2f81af70152453025f6624584a39a8e22b6 30.41MB / 214.48MB 2.2s
#6 sha256:e0ac4f13b766d321acc3b650d3d23b82828995711f6f247ff591722c00d04cec 0B / 4.19kB 2.2s
#6 sha256:2f75d131f4060950dd6cc1f580e2fa5504ece8d692113a9cdb0a866637b397d7 4.19MB / 49.77MB 2.3s
#6 sha256:2f75d131f4060950dd6cc1f580e2fa5504ece8d692113a9cdb0a866637b397d7 8.39MB / 49.77MB 2.4s
#6 sha256:e0ac4f13b766d321acc3b650d3d23b82828995711f6f247ff591722c00d04cec 4.19kB / 4.19kB 2.3s done
#6 sha256:df2c3b2eb7cc63351bb32f26457bbe0402af8082548f26975f0c329bc7841881 0B / 23.70MB 2.4s
#6 sha256:07dff4ad21ebdb3ce3e329699663b2f81af70152453025f6624584a39a8e22b6 48.23MB / 214.48MB 2.6s
#6 sha256:2f75d131f4060950dd6cc1f580e2fa5504ece8d692113a9cdb0a866637b397d7 19.92MB / 49.77MB 2.6s
#6 sha256:df2c3b2eb7cc63351bb32f26457bbe0402af8082548f26975f0c329bc7841881 3.15MB / 23.70MB 2.6s
#6 extracting sha256:f5196cdf25181bc7e4411865a2e002932b7b6b0ffce787c04c1bdeaf1f204f20
#6 sha256:2f75d131f4060950dd6cc1f580e2fa5504ece8d692113a9cdb0a866637b397d7 25.17MB / 49.77MB 2.7s
#6 sha256:df2c3b2eb7cc63351bb32f26457bbe0402af8082548f26975f0c329bc7841881 7.34MB / 23.70MB 2.7s
#6 sha256:2f75d131f4060950dd6cc1f580e2fa5504ece8d692113a9cdb0a866637b397d7 28.31MB / 49.77MB 2.8s
#6 sha256:df2c3b2eb7cc63351bb32f26457bbe0402af8082548f26975f0c329bc7841881 10.49MB / 23.70MB 2.8s
#6 sha256:2f75d131f4060950dd6cc1f580e2fa5504ece8d692113a9cdb0a866637b397d7 31.46MB / 49.77MB 2.9s
#6 sha256:df2c3b2eb7cc63351bb32f26457bbe0402af8082548f26975f0c329bc7841881 14.68MB / 23.70MB 2.9s
#6 sha256:07dff4ad21ebdb3ce3e329699663b2f81af70152453025f6624584a39a8e22b6 61.87MB / 214.48MB 3.1s
#6 sha256:2f75d131f4060950dd6cc1f580e2fa5504ece8d692113a9cdb0a866637b397d7 39.25MB / 49.77MB 3.1s
#6 sha256:df2c3b2eb7cc63351bb32f26457bbe0402af8082548f26975f0c329bc7841881 23.07MB / 23.70MB 3.1s
#6 sha256:2f75d131f4060950dd6cc1f580e2fa5504ece8d692113a9cdb0a866637b397d7 44.04MB / 49.77MB 3.2s
#6 sha256:2f75d131f4060950dd6cc1f580e2fa5504ece8d692113a9cdb0a866637b397d7 48.23MB / 49.77MB 3.3s
#6 sha256:07dff4ad21ebdb3ce3e329699663b2f81af70152453025f6624584a39a8e22b6 73.40MB / 214.48MB 3.4s
#6 sha256:df2c3b2eb7cc63351bb32f26457bbe0402af8082548f26975f0c329bc7841881 23.70MB / 23.70MB 3.5s done
#6 sha256:07dff4ad21ebdb3ce3e329699663b2f81af70152453025f6624584a39a8e22b6 92.27MB / 214.48MB 3.8s
#6 sha256:efe636eac583776a8a114d50fef15bc65b648f3d2bb53326cf1f21cc5ef2b3ae 2.34MB / 2.34MB 3.8s
#6 sha256:07dff4ad21ebdb3ce3e329699663b2f81af70152453025f6624584a39a8e22b6 104.86MB / 214.48MB 4.0s
#6 sha256:07dff4ad21ebdb3ce3e329699663b2f81af70152453025f6624584a39a8e22b6 120.59MB / 214.48MB 4.3s
#6 sha256:2f75d131f4060950dd6cc1f580e2fa5504ece8d692113a9cdb0a866637b397d7 49.77MB / 49.77MB 4.4s done
#6 sha256:07dff4ad21ebdb3ce3e329699663b2f81af70152453025f6624584a39a8e22b6 136.31MB / 214.48MB 4.7s
#6 sha256:efe636eac583776a8a114d50fef15bc65b648f3d2bb53326cf1f21cc5ef2b3ae 2.34MB / 2.34MB 4.5s done
#6 sha256:fe17849545bb51455d3f7c8773ded2dbb1d6668a85bd00564573a4b88afd36f6 0B / 464B 4.7s
#6 sha256:fe17849545bb51455d3f7c8773ded2dbb1d6668a85bd00564573a4b88afd36f6 464B / 464B 4.8s
#6 sha256:fe17849545bb51455d3f7c8773ded2dbb1d6668a85bd00564573a4b88afd36f6 464B / 464B 4.9s done
#6 sha256:07dff4ad21ebdb3ce3e329699663b2f81af70152453025f6624584a39a8e22b6 150.99MB / 214.48MB 5.1s
#6 sha256:07dff4ad21ebdb3ce3e329699663b2f81af70152453025f6624584a39a8e22b6 166.72MB / 214.48MB 5.4s
#6 sha256:07dff4ad21ebdb3ce3e329699663b2f81af70152453025f6624584a39a8e22b6 183.50MB / 214.48MB 5.7s
#6 sha256:07dff4ad21ebdb3ce3e329699663b2f81af70152453025f6624584a39a8e22b6 199.23MB / 214.48MB 6.0s
#6 sha256:07dff4ad21ebdb3ce3e329699663b2f81af70152453025f6624584a39a8e22b6 210.76MB / 214.48MB 6.2s
#6 extracting sha256:f5196cdf25181bc7e4411865a2e002932b7b6b0ffce787c04c1bdeaf1f204f20 5.2s
#6 extracting sha256:f5196cdf25181bc7e4411865a2e002932b7b6b0ffce787c04c1bdeaf1f204f20 6.7s done
#6 sha256:07dff4ad21ebdb3ce3e329699663b2f81af70152453025f6624584a39a8e22b6 214.48MB / 214.48MB 9.9s done
#6 extracting sha256:9bed1e86f01ee95c76d2c8b4385a47ae336e6d293afade9368469d99daa9369f 0.1s
#6 extracting sha256:9bed1e86f01ee95c76d2c8b4385a47ae336e6d293afade9368469d99daa9369f 1.3s done
#6 extracting sha256:f44e4bdb3a6c1325cc4d40e585ed7a759127c0c87b0388ec0236b1698827d70d
#6 extracting sha256:f44e4bdb3a6c1325cc4d40e585ed7a759127c0c87b0388ec0236b1698827d70d 0.7s done
#6 extracting sha256:2f75d131f4060950dd6cc1f580e2fa5504ece8d692113a9cdb0a866637b397d7
#6 extracting sha256:2f75d131f4060950dd6cc1f580e2fa5504ece8d692113a9cdb0a866637b397d7 5.1s
#6 extracting sha256:2f75d131f4060950dd6cc1f580e2fa5504ece8d692113a9cdb0a866637b397d7 8.5s done
#6 extracting sha256:07dff4ad21ebdb3ce3e329699663b2f81af70152453025f6624584a39a8e22b6
#6 extracting sha256:07dff4ad21ebdb3ce3e329699663b2f81af70152453025f6624584a39a8e22b6 5.2s
#6 extracting sha256:07dff4ad21ebdb3ce3e329699663b2f81af70152453025f6624584a39a8e22b6 10.3s
#6 extracting sha256:07dff4ad21ebdb3ce3e329699663b2f81af70152453025f6624584a39a8e22b6 15.4s
#6 extracting sha256:07dff4ad21ebdb3ce3e329699663b2f81af70152453025f6624584a39a8e22b6 20.9s
#6 extracting sha256:07dff4ad21ebdb3ce3e329699663b2f81af70152453025f6624584a39a8e22b6 26.1s
#6 extracting sha256:07dff4ad21ebdb3ce3e329699663b2f81af70152453025f6624584a39a8e22b6 30.8s done
#6 extracting sha256:e0ac4f13b766d321acc3b650d3d23b82828995711f6f247ff591722c00d04cec
#6 extracting sha256:e0ac4f13b766d321acc3b650d3d23b82828995711f6f247ff591722c00d04cec 0.5s done
#6 extracting sha256:df2c3b2eb7cc63351bb32f26457bbe0402af8082548f26975f0c329bc7841881 0.1s
#6 extracting sha256:df2c3b2eb7cc63351bb32f26457bbe0402af8082548f26975f0c329bc7841881 4.8s done
#6 extracting sha256:efe636eac583776a8a114d50fef15bc65b648f3d2bb53326cf1f21cc5ef2b3ae
#6 extracting sha256:efe636eac583776a8a114d50fef15bc65b648f3d2bb53326cf1f21cc5ef2b3ae 0.7s done
#6 extracting sha256:fe17849545bb51455d3f7c8773ded2dbb1d6668a85bd00564573a4b88afd36f6 done
#6 DONE 64.5s

#7 [2/5] ADD . /app
#7 DONE 17.5s

#8 [3/5] WORKDIR /app
#8 DONE 0.3s

#9 [4/5] RUN apt-get update   && apt-get install -qq build-essential libcairo2-dev libpango1.0-dev libjpeg-dev libgif-dev librsvg2-dev
#9 1.562 Ign:1 http://security.debian.org/debian-security stretch/updates InRelease
#9 1.562 Ign:2 http://deb.debian.org/debian stretch InRelease
#9 1.575 Ign:3 http://deb.debian.org/debian stretch-updates InRelease
#9 1.587 Ign:4 http://deb.debian.org/debian stretch Release
#9 1.587 Ign:5 http://security.debian.org/debian-security stretch/updates Release
#9 1.602 Ign:6 http://deb.debian.org/debian stretch-updates Release
#9 1.602 Ign:7 http://security.debian.org/debian-security stretch/updates/main all Packages
#9 1.763 Ign:8 http://deb.debian.org/debian stretch/main amd64 Packages
#9 1.778 Ign:9 http://deb.debian.org/debian stretch/main all Packages
#9 1.786 Ign:10 http://security.debian.org/debian-security stretch/updates/main amd64 Packages
#9 1.798 Ign:7 http://security.debian.org/debian-security stretch/updates/main all Packages
#9 1.980 Ign:10 http://security.debian.org/debian-security stretch/updates/main amd64 Packages
#9 1.992 Ign:7 http://security.debian.org/debian-security stretch/updates/main all Packages
#9 2.017 Ign:11 http://deb.debian.org/debian stretch-updates/main amd64 Packages
#9 2.029 Ign:12 http://deb.debian.org/debian stretch-updates/main all Packages
#9 2.173 Ign:10 http://security.debian.org/debian-security stretch/updates/main amd64 Packages
#9 2.185 Ign:7 http://security.debian.org/debian-security stretch/updates/main all Packages
#9 2.378 Ign:10 http://security.debian.org/debian-security stretch/updates/main amd64 Packages
#9 2.397 Ign:7 http://security.debian.org/debian-security stretch/updates/main all Packages
#9 2.553 Ign:8 http://deb.debian.org/debian stretch/main amd64 Packages
#9 2.566 Ign:9 http://deb.debian.org/debian stretch/main all Packages
#9 2.585 Ign:10 http://security.debian.org/debian-security stretch/updates/main amd64 Packages
#9 2.604 Ign:7 http://security.debian.org/debian-security stretch/updates/main all Packages
#9 2.791 Err:10 http://security.debian.org/debian-security stretch/updates/main amd64 Packages
#9 2.791   404  Not Found
#9 2.920 Ign:11 http://deb.debian.org/debian stretch-updates/main amd64 Packages
#9 2.931 Ign:12 http://deb.debian.org/debian stretch-updates/main all Packages
#9 3.359 Ign:8 http://deb.debian.org/debian stretch/main amd64 Packages
#9 3.371 Ign:9 http://deb.debian.org/debian stretch/main all Packages
#9 3.573 Ign:11 http://deb.debian.org/debian stretch-updates/main amd64 Packages
#9 3.584 Ign:12 http://deb.debian.org/debian stretch-updates/main all Packages
#9 4.088 Ign:8 http://deb.debian.org/debian stretch/main amd64 Packages
#9 4.099 Ign:9 http://deb.debian.org/debian stretch/main all Packages
#9 4.259 Ign:11 http://deb.debian.org/debian stretch-updates/main amd64 Packages
#9 4.269 Ign:12 http://deb.debian.org/debian stretch-updates/main all Packages
#9 4.428 Ign:8 http://deb.debian.org/debian stretch/main amd64 Packages
#9 4.440 Ign:9 http://deb.debian.org/debian stretch/main all Packages
#9 5.013 Ign:11 http://deb.debian.org/debian stretch-updates/main amd64 Packages
#9 5.025 Ign:12 http://deb.debian.org/debian stretch-updates/main all Packages
#9 5.495 Err:8 http://deb.debian.org/debian stretch/main amd64 Packages
#9 5.495   404  Not Found
#9 5.515 Ign:9 http://deb.debian.org/debian stretch/main all Packages
#9 5.961 Err:11 http://deb.debian.org/debian stretch-updates/main amd64 Packages
#9 5.961   404  Not Found
#9 5.971 Ign:12 http://deb.debian.org/debian stretch-updates/main all Packages
#9 6.009 Reading package lists...
#9 6.086 W: The repository 'http://deb.debian.org/debian stretch Release' does not have a Release file.
#9 6.086 W: The repository 'http://security.debian.org/debian-security stretch/updates Release' does not have a Release file.
#9 6.086 W: The repository 'http://deb.debian.org/debian stretch-updates Release' does not have a Release file.
#9 6.086 E: Failed to fetch http://deb.debian.org/debian/dists/stretch/main/binary-amd64/Packages  404  Not Found
#9 6.086 E: Failed to fetch http://security.debian.org/debian-security/dists/stretch/updates/main/binary-amd64/Packages  404  Not Found
#9 6.086 E: Failed to fetch http://deb.debian.org/debian/dists/stretch-updates/main/binary-amd64/Packages  404  Not Found
#9 6.086 E: Some index files failed to download. They have been ignored, or old ones used instead.
#9 ERROR: process "/bin/sh -c apt-get update   && apt-get install -qq build-essential libcairo2-dev libpango1.0-dev libjpeg-dev libgif-dev librsvg2-dev" did not complete successfully: exit code: 100
------
 > [4/5] RUN apt-get update   && apt-get install -qq build-essential libcairo2-dev libpango1.0-dev libjpeg-dev libgif-dev librsvg2-dev:
5.961   404  Not Found
5.971 Ign:12 http://deb.debian.org/debian stretch-updates/main all Packages
6.009 Reading package lists...
6.086 W: The repository 'http://deb.debian.org/debian stretch Release' does not have a Release file.
6.086 W: The repository 'http://security.debian.org/debian-security stretch/updates Release' does not have a Release file.
6.086 W: The repository 'http://deb.debian.org/debian stretch-updates Release' does not have a Release file.
6.086 E: Failed to fetch http://deb.debian.org/debian/dists/stretch/main/binary-amd64/Packages  404  Not Found
6.086 E: Failed to fetch http://security.debian.org/debian-security/dists/stretch/updates/main/binary-amd64/Packages  404  Not Found
6.086 E: Failed to fetch http://deb.debian.org/debian/dists/stretch-updates/main/binary-amd64/Packages  404  Not Found
6.086 E: Some index files failed to download. They have been ignored, or old ones used instead.
------
Dockerfile:5
--------------------
   4 |     WORKDIR /app
   5 | >>> RUN apt-get update \
   6 | >>>   && apt-get install -qq build-essential libcairo2-dev libpango1.0-dev libjpeg-dev libgif-dev librsvg2-dev
   7 |     RUN npm install
--------------------
ERROR: failed to solve: process "/bin/sh -c apt-get update   && apt-get install -qq build-essential libcairo2-dev libpango1.0-dev libjpeg-dev libgif-dev librsvg2-dev" did not complete successfully: exit code: 100
Duration: 1:31.96