#0 building with "default" instance using docker driver

#1 [internal] load .dockerignore
#1 transferring context:
#1 transferring context: 2B done
#1 DONE 0.6s

#2 [internal] load build definition from Dockerfile
#2 transferring dockerfile: 250B 0.0s done
#2 DONE 0.5s

#3 [internal] load metadata for docker.io/bhomnick/python-multi:latest
#3 ...

#4 [auth] bhomnick/python-multi:pull token for registry-1.docker.io
#4 DONE 0.0s

#3 [internal] load metadata for docker.io/bhomnick/python-multi:latest
#3 DONE 1.5s

#5 [internal] load build context
#5 DONE 0.0s

#6 [1/6] FROM docker.io/bhomnick/python-multi@sha256:11f975d0e1657e16722d6888a70c64e85fb3ba7d186142012ee9da5992e52e51
#6 resolve docker.io/bhomnick/python-multi@sha256:11f975d0e1657e16722d6888a70c64e85fb3ba7d186142012ee9da5992e52e51 0.1s done
#6 DONE 0.1s

#6 [1/6] FROM docker.io/bhomnick/python-multi@sha256:11f975d0e1657e16722d6888a70c64e85fb3ba7d186142012ee9da5992e52e51
#6 sha256:11f975d0e1657e16722d6888a70c64e85fb3ba7d186142012ee9da5992e52e51 1.79kB / 1.79kB done
#6 sha256:4800807ead98929ac8ba50050ba8b6e2bef06a50df33340fdfaf61ec2d87e228 3.75kB / 3.75kB done
#6 sha256:3e17c6eae66cd23c59751c8d8f5eaf7044e0611dc5cebb12b1273be07cdac242 0B / 45.13MB 0.1s
#6 ...

#5 [internal] load build context
#5 transferring context: 190B 0.0s done
#5 DONE 0.5s

#6 [1/6] FROM docker.io/bhomnick/python-multi@sha256:11f975d0e1657e16722d6888a70c64e85fb3ba7d186142012ee9da5992e52e51
#6 sha256:da7f84dca070d52c67d35d1a858a8e2d7d43403b867796451dc8e59fa4ad326e 0B / 241.48MB 0.3s
#6 sha256:3e17c6eae66cd23c59751c8d8f5eaf7044e0611dc5cebb12b1273be07cdac242 9.44MB / 45.13MB 0.5s
#6 sha256:c1e763b051f2cc8c2caf2608e7d482bfb4e14ea305687bec1872ecc847b39d31 0B / 1.02MB 0.5s
#6 sha256:3e17c6eae66cd23c59751c8d8f5eaf7044e0611dc5cebb12b1273be07cdac242 13.63MB / 45.13MB 0.6s
#6 sha256:3e17c6eae66cd23c59751c8d8f5eaf7044e0611dc5cebb12b1273be07cdac242 16.78MB / 45.13MB 0.7s
#6 sha256:3e17c6eae66cd23c59751c8d8f5eaf7044e0611dc5cebb12b1273be07cdac242 25.17MB / 45.13MB 0.9s
#6 sha256:c1e763b051f2cc8c2caf2608e7d482bfb4e14ea305687bec1872ecc847b39d31 1.02MB / 1.02MB 0.9s done
#6 sha256:3e17c6eae66cd23c59751c8d8f5eaf7044e0611dc5cebb12b1273be07cdac242 29.36MB / 45.13MB 1.0s
#6 sha256:da7f84dca070d52c67d35d1a858a8e2d7d43403b867796451dc8e59fa4ad326e 12.58MB / 241.48MB 1.0s
#6 sha256:879eb306e5d7a8c338c771ab4fe764fb96601f5d7819b5ad19703164bc877256 0B / 208B 1.0s
#6 sha256:3e17c6eae66cd23c59751c8d8f5eaf7044e0611dc5cebb12b1273be07cdac242 33.55MB / 45.13MB 1.1s
#6 sha256:3e17c6eae66cd23c59751c8d8f5eaf7044e0611dc5cebb12b1273be07cdac242 41.94MB / 45.13MB 1.3s
#6 sha256:da7f84dca070d52c67d35d1a858a8e2d7d43403b867796451dc8e59fa4ad326e 26.21MB / 241.48MB 1.3s
#6 sha256:3e17c6eae66cd23c59751c8d8f5eaf7044e0611dc5cebb12b1273be07cdac242 45.13MB / 45.13MB 1.4s
#6 sha256:879eb306e5d7a8c338c771ab4fe764fb96601f5d7819b5ad19703164bc877256 208B / 208B 1.4s done
#6 sha256:da7f84dca070d52c67d35d1a858a8e2d7d43403b867796451dc8e59fa4ad326e 38.80MB / 241.48MB 1.6s
#6 sha256:2cacbff371709f317f4650288d46c3ae5940b4d6c4b72da6e906bce0213ab4c9 0B / 188B 1.6s
#6 sha256:da7f84dca070d52c67d35d1a858a8e2d7d43403b867796451dc8e59fa4ad326e 57.67MB / 241.48MB 1.9s
#6 sha256:3e17c6eae66cd23c59751c8d8f5eaf7044e0611dc5cebb12b1273be07cdac242 45.13MB / 45.13MB 2.1s done
#6 sha256:da7f84dca070d52c67d35d1a858a8e2d7d43403b867796451dc8e59fa4ad326e 77.59MB / 241.48MB 2.3s
#6 sha256:f759885f6e1ab4f2c0e5ec4f07d2455090b6394f06c77f9fd70fe085adbb0faa 0B / 171.92MB 2.3s
#6 sha256:2cacbff371709f317f4650288d46c3ae5940b4d6c4b72da6e906bce0213ab4c9 188B / 188B 2.4s done
#6 extracting sha256:3e17c6eae66cd23c59751c8d8f5eaf7044e0611dc5cebb12b1273be07cdac242
#6 sha256:253f210321210d3a613d29051887834fb7411921bc4173a8bfd196cb7af5bf73 0B / 220B 2.5s
#6 sha256:da7f84dca070d52c67d35d1a858a8e2d7d43403b867796451dc8e59fa4ad326e 95.42MB / 241.48MB 2.7s
#6 sha256:f759885f6e1ab4f2c0e5ec4f07d2455090b6394f06c77f9fd70fe085adbb0faa 13.63MB / 171.92MB 2.8s
#6 sha256:f759885f6e1ab4f2c0e5ec4f07d2455090b6394f06c77f9fd70fe085adbb0faa 30.41MB / 171.92MB 3.1s
#6 sha256:253f210321210d3a613d29051887834fb7411921bc4173a8bfd196cb7af5bf73 220B / 220B 3.1s
#6 sha256:253f210321210d3a613d29051887834fb7411921bc4173a8bfd196cb7af5bf73 220B / 220B 3.1s done
#6 sha256:da7f84dca070d52c67d35d1a858a8e2d7d43403b867796451dc8e59fa4ad326e 110.10MB / 241.48MB 3.3s
#6 sha256:f759885f6e1ab4f2c0e5ec4f07d2455090b6394f06c77f9fd70fe085adbb0faa 39.85MB / 171.92MB 3.3s
#6 sha256:f759885f6e1ab4f2c0e5ec4f07d2455090b6394f06c77f9fd70fe085adbb0faa 51.38MB / 171.92MB 3.6s
#6 sha256:da7f84dca070d52c67d35d1a858a8e2d7d43403b867796451dc8e59fa4ad326e 122.68MB / 241.48MB 3.7s
#6 sha256:f759885f6e1ab4f2c0e5ec4f07d2455090b6394f06c77f9fd70fe085adbb0faa 60.82MB / 171.92MB 3.9s
#6 sha256:da7f84dca070d52c67d35d1a858a8e2d7d43403b867796451dc8e59fa4ad326e 139.46MB / 241.48MB 4.2s
#6 sha256:f759885f6e1ab4f2c0e5ec4f07d2455090b6394f06c77f9fd70fe085adbb0faa 74.45MB / 171.92MB 4.2s
#6 sha256:f759885f6e1ab4f2c0e5ec4f07d2455090b6394f06c77f9fd70fe085adbb0faa 87.03MB / 171.92MB 4.5s
#6 sha256:da7f84dca070d52c67d35d1a858a8e2d7d43403b867796451dc8e59fa4ad326e 161.48MB / 241.48MB 4.7s
#6 sha256:f759885f6e1ab4f2c0e5ec4f07d2455090b6394f06c77f9fd70fe085adbb0faa 96.47MB / 171.92MB 4.7s
#6 sha256:da7f84dca070d52c67d35d1a858a8e2d7d43403b867796451dc8e59fa4ad326e 177.21MB / 241.48MB 5.0s
#6 sha256:f759885f6e1ab4f2c0e5ec4f07d2455090b6394f06c77f9fd70fe085adbb0faa 109.05MB / 171.92MB 5.0s
#6 sha256:da7f84dca070d52c67d35d1a858a8e2d7d43403b867796451dc8e59fa4ad326e 192.94MB / 241.48MB 5.3s
#6 sha256:f759885f6e1ab4f2c0e5ec4f07d2455090b6394f06c77f9fd70fe085adbb0faa 119.54MB / 171.92MB 5.3s
#6 sha256:f759885f6e1ab4f2c0e5ec4f07d2455090b6394f06c77f9fd70fe085adbb0faa 132.34MB / 171.92MB 5.6s
#6 sha256:da7f84dca070d52c67d35d1a858a8e2d7d43403b867796451dc8e59fa4ad326e 209.72MB / 241.48MB 5.7s
#6 sha256:f759885f6e1ab4f2c0e5ec4f07d2455090b6394f06c77f9fd70fe085adbb0faa 147.85MB / 171.92MB 5.9s
#6 sha256:da7f84dca070d52c67d35d1a858a8e2d7d43403b867796451dc8e59fa4ad326e 227.54MB / 241.48MB 6.0s
#6 sha256:f759885f6e1ab4f2c0e5ec4f07d2455090b6394f06c77f9fd70fe085adbb0faa 158.33MB / 171.92MB 6.1s
#6 sha256:da7f84dca070d52c67d35d1a858a8e2d7d43403b867796451dc8e59fa4ad326e 241.48MB / 241.48MB 6.3s
#6 sha256:f759885f6e1ab4f2c0e5ec4f07d2455090b6394f06c77f9fd70fe085adbb0faa 167.77MB / 171.92MB 6.3s
#6 extracting sha256:3e17c6eae66cd23c59751c8d8f5eaf7044e0611dc5cebb12b1273be07cdac242 5.1s
#6 extracting sha256:3e17c6eae66cd23c59751c8d8f5eaf7044e0611dc5cebb12b1273be07cdac242 7.0s done
#6 sha256:da7f84dca070d52c67d35d1a858a8e2d7d43403b867796451dc8e59fa4ad326e 241.48MB / 241.48MB 10.2s done
#6 sha256:f759885f6e1ab4f2c0e5ec4f07d2455090b6394f06c77f9fd70fe085adbb0faa 171.92MB / 171.92MB 11.4s
#6 sha256:f759885f6e1ab4f2c0e5ec4f07d2455090b6394f06c77f9fd70fe085adbb0faa 171.92MB / 171.92MB 12.8s done
#6 extracting sha256:da7f84dca070d52c67d35d1a858a8e2d7d43403b867796451dc8e59fa4ad326e
#6 extracting sha256:da7f84dca070d52c67d35d1a858a8e2d7d43403b867796451dc8e59fa4ad326e 5.2s
#6 extracting sha256:da7f84dca070d52c67d35d1a858a8e2d7d43403b867796451dc8e59fa4ad326e 10.3s
#6 extracting sha256:da7f84dca070d52c67d35d1a858a8e2d7d43403b867796451dc8e59fa4ad326e 15.3s
#6 extracting sha256:da7f84dca070d52c67d35d1a858a8e2d7d43403b867796451dc8e59fa4ad326e 20.4s
#6 extracting sha256:da7f84dca070d52c67d35d1a858a8e2d7d43403b867796451dc8e59fa4ad326e 25.6s
#6 extracting sha256:da7f84dca070d52c67d35d1a858a8e2d7d43403b867796451dc8e59fa4ad326e 30.7s
#6 extracting sha256:da7f84dca070d52c67d35d1a858a8e2d7d43403b867796451dc8e59fa4ad326e 33.0s done
#6 extracting sha256:c1e763b051f2cc8c2caf2608e7d482bfb4e14ea305687bec1872ecc847b39d31
#6 extracting sha256:c1e763b051f2cc8c2caf2608e7d482bfb4e14ea305687bec1872ecc847b39d31 0.8s done
#6 extracting sha256:879eb306e5d7a8c338c771ab4fe764fb96601f5d7819b5ad19703164bc877256 done
#6 extracting sha256:2cacbff371709f317f4650288d46c3ae5940b4d6c4b72da6e906bce0213ab4c9
#6 extracting sha256:2cacbff371709f317f4650288d46c3ae5940b4d6c4b72da6e906bce0213ab4c9 done
#6 extracting sha256:f759885f6e1ab4f2c0e5ec4f07d2455090b6394f06c77f9fd70fe085adbb0faa
#6 extracting sha256:f759885f6e1ab4f2c0e5ec4f07d2455090b6394f06c77f9fd70fe085adbb0faa 5.0s
#6 extracting sha256:f759885f6e1ab4f2c0e5ec4f07d2455090b6394f06c77f9fd70fe085adbb0faa 10.1s
#6 extracting sha256:f759885f6e1ab4f2c0e5ec4f07d2455090b6394f06c77f9fd70fe085adbb0faa 15.1s
#6 extracting sha256:f759885f6e1ab4f2c0e5ec4f07d2455090b6394f06c77f9fd70fe085adbb0faa 20.3s
#6 extracting sha256:f759885f6e1ab4f2c0e5ec4f07d2455090b6394f06c77f9fd70fe085adbb0faa 25.4s
#6 extracting sha256:f759885f6e1ab4f2c0e5ec4f07d2455090b6394f06c77f9fd70fe085adbb0faa 30.4s
#6 extracting sha256:f759885f6e1ab4f2c0e5ec4f07d2455090b6394f06c77f9fd70fe085adbb0faa 35.6s
#6 extracting sha256:f759885f6e1ab4f2c0e5ec4f07d2455090b6394f06c77f9fd70fe085adbb0faa 37.6s done
#6 extracting sha256:253f210321210d3a613d29051887834fb7411921bc4173a8bfd196cb7af5bf73 done
#6 DONE 96.4s

#7 [2/6] RUN apt-get update -yy && apt-get install -q -y pandoc
#7 1.605 Ign:1 http://security.debian.org stretch/updates InRelease
#7 1.618 Ign:2 http://deb.debian.org/debian stretch InRelease
#7 1.628 Err:3 http://security.debian.org stretch/updates Release
#7 1.628   404  Not Found
#7 1.638 Ign:4 http://deb.debian.org/debian stretch-updates InRelease
#7 1.661 Err:5 http://deb.debian.org/debian stretch Release
#7 1.661   404  Not Found
#7 1.683 Err:6 http://deb.debian.org/debian stretch-updates Release
#7 1.683   404  Not Found
#7 1.712 Reading package lists...
#7 4.064 E: The repository 'http://security.debian.org stretch/updates Release' does no longer have a Release file.
#7 4.064 E: The repository 'http://deb.debian.org/debian stretch Release' does no longer have a Release file.
#7 4.064 E: The repository 'http://deb.debian.org/debian stretch-updates Release' does no longer have a Release file.
#7 ERROR: process "/bin/sh -c apt-get update -yy && apt-get install -q -y pandoc" did not complete successfully: exit code: 100
------
 > [2/6] RUN apt-get update -yy && apt-get install -q -y pandoc:
1.605 Ign:1 http://security.debian.org stretch/updates InRelease

4.064 E: The repository 'http://security.debian.org stretch/updates Release' does no longer have a Release file.
4.064 E: The repository 'http://deb.debian.org/debian stretch Release' does no longer have a Release file.
4.064 E: The repository 'http://deb.debian.org/debian stretch-updates Release' does no longer have a Release file.
------
Dockerfile:3
--------------------
   1 |     FROM bhomnick/python-multi
   2 |     ENV PYTHONUNBUFFERED 1
   3 | >>> RUN apt-get update -yy && apt-get install -q -y pandoc
   4 |     RUN mkdir /src
   5 |     WORKDIR /src
--------------------
ERROR: failed to solve: process "/bin/sh -c apt-get update -yy && apt-get install -q -y pandoc" did not complete successfully: exit code: 100
Duration: 1:55.99