#0 building with "default" instance using docker driver

#1 [internal] load build definition from v1_Dockerfile
#1 transferring dockerfile: 507B done
#1 DONE 0.0s

#2 [internal] load metadata for docker.io/library/python:stretch
#2 DONE 0.7s

#3 [internal] load .dockerignore
#3 transferring context: 2B done
#3 DONE 0.0s

#4 [1/4] FROM docker.io/library/python:stretch@sha256:1b82f268fce299d627c23a6205cadc66dc60f46ea091e618e1ee68d9aa29b356
#4 resolve docker.io/library/python:stretch@sha256:1b82f268fce299d627c23a6205cadc66dc60f46ea091e618e1ee68d9aa29b356 0.0s done
#4 sha256:b9d77e48a75ca4a093b914627621429e9178dc6bc30abf0e4a46d093e311ef8d 8.91kB / 8.91kB done
#4 sha256:4530c6472b5d2a08201c9cd65f43a788e526eb4fe498a4fbe5e4d5688535cd21 0B / 4.34MB 0.1s
#4 sha256:1b82f268fce299d627c23a6205cadc66dc60f46ea091e618e1ee68d9aa29b356 1.65kB / 1.65kB done
#4 sha256:2f1eb47fe9222f760ae00b890b6033e5eff899789471337727f3b3c234081507 2.22kB / 2.22kB done
#4 sha256:092586df92068bd6b59c497f379e48302aa1b27cf76b2de64d262ba7bc19e47b 0B / 45.38MB 0.1s
#4 sha256:ef599477fae0e7485cae7d038240cda6358b3af22c7eb4ea502c60771b68dcae 0B / 10.79MB 0.1s
#4 sha256:4530c6472b5d2a08201c9cd65f43a788e526eb4fe498a4fbe5e4d5688535cd21 2.10MB / 4.34MB 0.3s
#4 sha256:092586df92068bd6b59c497f379e48302aa1b27cf76b2de64d262ba7bc19e47b 8.39MB / 45.38MB 0.3s
#4 sha256:ef599477fae0e7485cae7d038240cda6358b3af22c7eb4ea502c60771b68dcae 8.39MB / 10.79MB 0.3s
#4 sha256:4530c6472b5d2a08201c9cd65f43a788e526eb4fe498a4fbe5e4d5688535cd21 4.34MB / 4.34MB 0.3s done
#4 sha256:092586df92068bd6b59c497f379e48302aa1b27cf76b2de64d262ba7bc19e47b 15.73MB / 45.38MB 0.4s
#4 sha256:ef599477fae0e7485cae7d038240cda6358b3af22c7eb4ea502c60771b68dcae 10.79MB / 10.79MB 0.4s done
#4 sha256:d34d61487075d127bf6dd2906ea3abc50e0a3cd9aa2f230fc41b253b153a17ee 0B / 50.07MB 0.4s
#4 sha256:87fc2710b63fcf6c0a5c876b1b37773d9e949cb4d66eeb06889ef84f7b5a5a93 0B / 214.83MB 0.4s
#4 sha256:092586df92068bd6b59c497f379e48302aa1b27cf76b2de64d262ba7bc19e47b 26.21MB / 45.38MB 0.6s
#4 sha256:d34d61487075d127bf6dd2906ea3abc50e0a3cd9aa2f230fc41b253b153a17ee 5.24MB / 50.07MB 0.6s
#4 sha256:092586df92068bd6b59c497f379e48302aa1b27cf76b2de64d262ba7bc19e47b 33.55MB / 45.38MB 0.8s
#4 sha256:d34d61487075d127bf6dd2906ea3abc50e0a3cd9aa2f230fc41b253b153a17ee 14.68MB / 50.07MB 0.8s
#4 sha256:092586df92068bd6b59c497f379e48302aa1b27cf76b2de64d262ba7bc19e47b 41.94MB / 45.38MB 1.0s
#4 sha256:d34d61487075d127bf6dd2906ea3abc50e0a3cd9aa2f230fc41b253b153a17ee 22.02MB / 50.07MB 1.0s
#4 sha256:87fc2710b63fcf6c0a5c876b1b37773d9e949cb4d66eeb06889ef84f7b5a5a93 19.92MB / 214.83MB 1.0s
#4 sha256:092586df92068bd6b59c497f379e48302aa1b27cf76b2de64d262ba7bc19e47b 45.38MB / 45.38MB 1.2s
#4 sha256:d34d61487075d127bf6dd2906ea3abc50e0a3cd9aa2f230fc41b253b153a17ee 30.41MB / 50.07MB 1.2s
#4 sha256:092586df92068bd6b59c497f379e48302aa1b27cf76b2de64d262ba7bc19e47b 45.38MB / 45.38MB 1.2s done
#4 sha256:d34d61487075d127bf6dd2906ea3abc50e0a3cd9aa2f230fc41b253b153a17ee 34.60MB / 50.07MB 1.3s
#4 sha256:87fc2710b63fcf6c0a5c876b1b37773d9e949cb4d66eeb06889ef84f7b5a5a93 32.51MB / 214.83MB 1.3s
#4 extracting sha256:092586df92068bd6b59c497f379e48302aa1b27cf76b2de64d262ba7bc19e47b 0.1s
#4 sha256:f142141aaad378d9e48127844cbc17eaf6262124f8d36e93e8162b79f10a2efb 0B / 5.83MB 1.3s
#4 sha256:d34d61487075d127bf6dd2906ea3abc50e0a3cd9aa2f230fc41b253b153a17ee 38.80MB / 50.07MB 1.4s
#4 sha256:f142141aaad378d9e48127844cbc17eaf6262124f8d36e93e8162b79f10a2efb 1.05MB / 5.83MB 1.4s
#4 sha256:d34d61487075d127bf6dd2906ea3abc50e0a3cd9aa2f230fc41b253b153a17ee 42.99MB / 50.07MB 1.5s
#4 sha256:f142141aaad378d9e48127844cbc17eaf6262124f8d36e93e8162b79f10a2efb 4.19MB / 5.83MB 1.5s
#4 sha256:d34d61487075d127bf6dd2906ea3abc50e0a3cd9aa2f230fc41b253b153a17ee 48.23MB / 50.07MB 1.6s
#4 sha256:87fc2710b63fcf6c0a5c876b1b37773d9e949cb4d66eeb06889ef84f7b5a5a93 45.09MB / 214.83MB 1.6s
#4 sha256:f142141aaad378d9e48127844cbc17eaf6262124f8d36e93e8162b79f10a2efb 5.83MB / 5.83MB 1.6s done
#4 sha256:12eb19f5f2be687b4fcd3edd75a9a6f38bbd9299de273b95fabe8c2fba714b39 0B / 24.38MB 1.6s
#4 sha256:d34d61487075d127bf6dd2906ea3abc50e0a3cd9aa2f230fc41b253b153a17ee 50.07MB / 50.07MB 1.8s done
#4 sha256:87fc2710b63fcf6c0a5c876b1b37773d9e949cb4d66eeb06889ef84f7b5a5a93 56.62MB / 214.83MB 1.8s
#4 sha256:12eb19f5f2be687b4fcd3edd75a9a6f38bbd9299de273b95fabe8c2fba714b39 7.34MB / 24.38MB 1.8s
#4 sha256:d34466b69a2a95fe2b3c9742bd8da6d65709114b2f1b7f48615ec2d2c978c3fd 0B / 241B 1.8s
#4 sha256:12eb19f5f2be687b4fcd3edd75a9a6f38bbd9299de273b95fabe8c2fba714b39 13.63MB / 24.38MB 1.9s
#4 sha256:d34466b69a2a95fe2b3c9742bd8da6d65709114b2f1b7f48615ec2d2c978c3fd 241B / 241B 1.9s done
#4 sha256:fd8a0746ef8391d3f0cd4bbb82deafcccc221a5929afc115ebaa52b190d45794 0B / 1.86MB 1.9s
#4 sha256:87fc2710b63fcf6c0a5c876b1b37773d9e949cb4d66eeb06889ef84f7b5a5a93 68.16MB / 214.83MB 2.0s
#4 sha256:12eb19f5f2be687b4fcd3edd75a9a6f38bbd9299de273b95fabe8c2fba714b39 19.92MB / 24.38MB 2.0s
#4 sha256:12eb19f5f2be687b4fcd3edd75a9a6f38bbd9299de273b95fabe8c2fba714b39 24.38MB / 24.38MB 2.1s
#4 sha256:fd8a0746ef8391d3f0cd4bbb82deafcccc221a5929afc115ebaa52b190d45794 1.86MB / 1.86MB 2.1s done
#4 sha256:87fc2710b63fcf6c0a5c876b1b37773d9e949cb4d66eeb06889ef84f7b5a5a93 93.32MB / 214.83MB 2.3s
#4 sha256:12eb19f5f2be687b4fcd3edd75a9a6f38bbd9299de273b95fabe8c2fba714b39 24.38MB / 24.38MB 2.1s done
#4 sha256:87fc2710b63fcf6c0a5c876b1b37773d9e949cb4d66eeb06889ef84f7b5a5a93 112.20MB / 214.83MB 2.5s
#4 sha256:87fc2710b63fcf6c0a5c876b1b37773d9e949cb4d66eeb06889ef84f7b5a5a93 126.88MB / 214.83MB 2.7s
#4 sha256:87fc2710b63fcf6c0a5c876b1b37773d9e949cb4d66eeb06889ef84f7b5a5a93 146.80MB / 214.83MB 2.9s
#4 sha256:87fc2710b63fcf6c0a5c876b1b37773d9e949cb4d66eeb06889ef84f7b5a5a93 173.02MB / 214.83MB 3.2s
#4 sha256:87fc2710b63fcf6c0a5c876b1b37773d9e949cb4d66eeb06889ef84f7b5a5a93 191.89MB / 214.83MB 3.4s
#4 sha256:87fc2710b63fcf6c0a5c876b1b37773d9e949cb4d66eeb06889ef84f7b5a5a93 211.81MB / 214.83MB 3.6s
#4 extracting sha256:092586df92068bd6b59c497f379e48302aa1b27cf76b2de64d262ba7bc19e47b 2.8s done
#4 sha256:87fc2710b63fcf6c0a5c876b1b37773d9e949cb4d66eeb06889ef84f7b5a5a93 214.83MB / 214.83MB 4.3s done
#4 extracting sha256:ef599477fae0e7485cae7d038240cda6358b3af22c7eb4ea502c60771b68dcae
#4 extracting sha256:ef599477fae0e7485cae7d038240cda6358b3af22c7eb4ea502c60771b68dcae 0.5s done
#4 extracting sha256:4530c6472b5d2a08201c9cd65f43a788e526eb4fe498a4fbe5e4d5688535cd21 0.1s
#4 extracting sha256:4530c6472b5d2a08201c9cd65f43a788e526eb4fe498a4fbe5e4d5688535cd21 0.1s done
#4 extracting sha256:d34d61487075d127bf6dd2906ea3abc50e0a3cd9aa2f230fc41b253b153a17ee 0.1s
#4 extracting sha256:d34d61487075d127bf6dd2906ea3abc50e0a3cd9aa2f230fc41b253b153a17ee 2.8s done
#4 extracting sha256:87fc2710b63fcf6c0a5c876b1b37773d9e949cb4d66eeb06889ef84f7b5a5a93
#4 extracting sha256:87fc2710b63fcf6c0a5c876b1b37773d9e949cb4d66eeb06889ef84f7b5a5a93 5.0s
#4 extracting sha256:87fc2710b63fcf6c0a5c876b1b37773d9e949cb4d66eeb06889ef84f7b5a5a93 9.8s done
#4 extracting sha256:f142141aaad378d9e48127844cbc17eaf6262124f8d36e93e8162b79f10a2efb
#4 extracting sha256:f142141aaad378d9e48127844cbc17eaf6262124f8d36e93e8162b79f10a2efb 0.3s done
#4 extracting sha256:12eb19f5f2be687b4fcd3edd75a9a6f38bbd9299de273b95fabe8c2fba714b39 0.1s
#4 extracting sha256:12eb19f5f2be687b4fcd3edd75a9a6f38bbd9299de273b95fabe8c2fba714b39 1.0s done
#4 extracting sha256:d34466b69a2a95fe2b3c9742bd8da6d65709114b2f1b7f48615ec2d2c978c3fd done
#4 extracting sha256:fd8a0746ef8391d3f0cd4bbb82deafcccc221a5929afc115ebaa52b190d45794
#4 extracting sha256:fd8a0746ef8391d3f0cd4bbb82deafcccc221a5929afc115ebaa52b190d45794 0.2s done
#4 DONE 19.9s

#5 [2/4] RUN apt-get update && apt-get install --no-install-recommends locales git wget nano -y && rm -rf /var/lib/apt/lists/*;
#5 0.218 Ign:1 http://deb.debian.org/debian stretch InRelease
#5 0.221 Ign:2 http://security.debian.org/debian-security stretch/updates InRelease
#5 0.230 Ign:3 http://deb.debian.org/debian stretch-updates InRelease
#5 0.235 Ign:4 http://security.debian.org/debian-security stretch/updates Release
#5 0.243 Ign:5 http://deb.debian.org/debian stretch Release
#5 0.247 Ign:6 http://security.debian.org/debian-security stretch/updates/main amd64 Packages
#5 0.253 Ign:7 http://deb.debian.org/debian stretch-updates Release
#5 0.264 Ign:8 http://deb.debian.org/debian stretch/main all Packages
#5 0.276 Ign:9 http://deb.debian.org/debian stretch/main amd64 Packages
#5 0.288 Ign:10 http://deb.debian.org/debian stretch-updates/main amd64 Packages
#5 0.299 Ign:11 http://deb.debian.org/debian stretch-updates/main all Packages
#5 0.311 Ign:8 http://deb.debian.org/debian stretch/main all Packages
#5 0.322 Ign:9 http://deb.debian.org/debian stretch/main amd64 Packages
#5 0.333 Ign:10 http://deb.debian.org/debian stretch-updates/main amd64 Packages
#5 0.344 Ign:11 http://deb.debian.org/debian stretch-updates/main all Packages
#5 0.355 Ign:8 http://deb.debian.org/debian stretch/main all Packages
#5 0.367 Ign:9 http://deb.debian.org/debian stretch/main amd64 Packages
#5 0.378 Ign:10 http://deb.debian.org/debian stretch-updates/main amd64 Packages
#5 0.388 Ign:11 http://deb.debian.org/debian stretch-updates/main all Packages
#5 0.400 Ign:8 http://deb.debian.org/debian stretch/main all Packages
#5 0.410 Ign:12 http://security.debian.org/debian-security stretch/updates/main all Packages
#5 0.410 Ign:9 http://deb.debian.org/debian stretch/main amd64 Packages
#5 0.422 Ign:10 http://deb.debian.org/debian stretch-updates/main amd64 Packages
#5 0.426 Ign:6 http://security.debian.org/debian-security stretch/updates/main amd64 Packages
#5 0.437 Ign:11 http://deb.debian.org/debian stretch-updates/main all Packages
#5 0.439 Ign:12 http://security.debian.org/debian-security stretch/updates/main all Packages
#5 0.451 Ign:6 http://security.debian.org/debian-security stretch/updates/main amd64 Packages
#5 0.454 Ign:8 http://deb.debian.org/debian stretch/main all Packages
#5 0.465 Ign:9 http://deb.debian.org/debian stretch/main amd64 Packages
#5 0.476 Ign:10 http://deb.debian.org/debian stretch-updates/main amd64 Packages
#5 0.488 Ign:11 http://deb.debian.org/debian stretch-updates/main all Packages
#5 0.497 Ign:8 http://deb.debian.org/debian stretch/main all Packages
#5 0.519 Err:9 http://deb.debian.org/debian stretch/main amd64 Packages
#5 0.519   404  Not Found
#5 0.530 Err:10 http://deb.debian.org/debian stretch-updates/main amd64 Packages
#5 0.530   404  Not Found
#5 0.541 Ign:11 http://deb.debian.org/debian stretch-updates/main all Packages
#5 0.613 Ign:12 http://security.debian.org/debian-security stretch/updates/main all Packages
#5 0.626 Ign:6 http://security.debian.org/debian-security stretch/updates/main amd64 Packages
#5 0.785 Ign:12 http://security.debian.org/debian-security stretch/updates/main all Packages
#5 0.797 Ign:6 http://security.debian.org/debian-security stretch/updates/main amd64 Packages
#5 0.956 Ign:12 http://security.debian.org/debian-security stretch/updates/main all Packages
#5 0.968 Err:6 http://security.debian.org/debian-security stretch/updates/main amd64 Packages
#5 0.968   404  Not Found
#5 1.123 Ign:12 http://security.debian.org/debian-security stretch/updates/main all Packages
#5 1.126 Reading package lists...
#5 1.136 W: The repository 'http://security.debian.org/debian-security stretch/updates Release' does not have a Release file.
#5 1.136 W: The repository 'http://deb.debian.org/debian stretch Release' does not have a Release file.
#5 1.136 W: The repository 'http://deb.debian.org/debian stretch-updates Release' does not have a Release file.
#5 1.136 E: Failed to fetch http://security.debian.org/debian-security/dists/stretch/updates/main/binary-amd64/Packages  404  Not Found
#5 1.136 E: Failed to fetch http://deb.debian.org/debian/dists/stretch/main/binary-amd64/Packages  404  Not Found
#5 1.136 E: Failed to fetch http://deb.debian.org/debian/dists/stretch-updates/main/binary-amd64/Packages  404  Not Found
#5 1.136 E: Some index files failed to download. They have been ignored, or old ones used instead.
#5 ERROR: process "/bin/sh -c apt-get update && apt-get install --no-install-recommends locales git wget nano -y && rm -rf /var/lib/apt/lists/*;" did not complete successfully: exit code: 100
------
 > [2/4] RUN apt-get update && apt-get install --no-install-recommends locales git wget nano -y && rm -rf /var/lib/apt/lists/*;:
0.968   404  Not Found
1.123 Ign:12 http://security.debian.org/debian-security stretch/updates/main all Packages
1.126 Reading package lists...
1.136 W: The repository 'http://security.debian.org/debian-security stretch/updates Release' does not have a Release file.
1.136 W: The repository 'http://deb.debian.org/debian stretch Release' does not have a Release file.
1.136 W: The repository 'http://deb.debian.org/debian stretch-updates Release' does not have a Release file.
1.136 E: Failed to fetch http://security.debian.org/debian-security/dists/stretch/updates/main/binary-amd64/Packages  404  Not Found
1.136 E: Failed to fetch http://deb.debian.org/debian/dists/stretch/main/binary-amd64/Packages  404  Not Found
1.136 E: Failed to fetch http://deb.debian.org/debian/dists/stretch-updates/main/binary-amd64/Packages  404  Not Found
1.136 E: Some index files failed to download. They have been ignored, or old ones used instead.
------
v1_Dockerfile:5
--------------------
   3 |     
   4 |     # update
   5 | >>> RUN apt-get update && apt-get install --no-install-recommends locales git wget nano -y && rm -rf /var/lib/apt/lists/*;
   6 |     
   7 |     # Set default locale for the environment
--------------------
ERROR: failed to solve: process "/bin/sh -c apt-get update && apt-get install --no-install-recommends locales git wget nano -y && rm -rf /var/lib/apt/lists/*;" did not complete successfully: exit code: 100
Duration: 0:29.21