#0 building with "default" instance using docker driver

#1 [internal] load build definition from v1_Dockerfile
#1 transferring dockerfile: 703B done
#1 DONE 0.0s

#2 [internal] load metadata for docker.io/library/debian:stretch
#2 DONE 0.7s

#3 [internal] load .dockerignore
#3 transferring context: 2B done
#3 DONE 0.0s

#4 [internal] load build context
#4 transferring context: 5.21kB done
#4 DONE 0.0s

#5 [1/6] FROM docker.io/library/debian:stretch@sha256:c5c5200ff1e9c73ffbf188b4a67eb1c91531b644856b4aefe86a58d2f0cb05be
#5 resolve docker.io/library/debian:stretch@sha256:c5c5200ff1e9c73ffbf188b4a67eb1c91531b644856b4aefe86a58d2f0cb05be 0.0s done
#5 sha256:c5c5200ff1e9c73ffbf188b4a67eb1c91531b644856b4aefe86a58d2f0cb05be 1.21kB / 1.21kB done
#5 sha256:16ee3e11da473f6565ef94a715f1a38b3079e0664913be78869c336a71cb6085 529B / 529B done
#5 sha256:662c05203bab4c59568d24689fa5c3955439360a35c483178598d226b9a5ad10 1.46kB / 1.46kB done
#5 sha256:8372a04f222be82bf67eb0010a59644b1e52f1246b3da9034edaa98f3d591cae 0B / 45.43MB 0.1s
#5 sha256:8372a04f222be82bf67eb0010a59644b1e52f1246b3da9034edaa98f3d591cae 3.15MB / 45.43MB 0.2s
#5 sha256:8372a04f222be82bf67eb0010a59644b1e52f1246b3da9034edaa98f3d591cae 10.49MB / 45.43MB 0.3s
#5 sha256:8372a04f222be82bf67eb0010a59644b1e52f1246b3da9034edaa98f3d591cae 24.12MB / 45.43MB 0.5s
#5 sha256:8372a04f222be82bf67eb0010a59644b1e52f1246b3da9034edaa98f3d591cae 34.60MB / 45.43MB 0.6s
#5 sha256:8372a04f222be82bf67eb0010a59644b1e52f1246b3da9034edaa98f3d591cae 45.43MB / 45.43MB 0.8s
#5 sha256:8372a04f222be82bf67eb0010a59644b1e52f1246b3da9034edaa98f3d591cae 45.43MB / 45.43MB 0.8s done
#5 extracting sha256:8372a04f222be82bf67eb0010a59644b1e52f1246b3da9034edaa98f3d591cae 0.1s
#5 extracting sha256:8372a04f222be82bf67eb0010a59644b1e52f1246b3da9034edaa98f3d591cae 2.8s done
#5 DONE 3.8s

#6 [2/6] RUN apt-get update &&     DEBIAN_FRONTEND=noninteractive apt-get install --no-install-recommends -y         slapd=2.4.44* &&     apt-get clean &&     rm -rf /var/lib/apt/lists/*
#6 0.219 Ign:1 http://deb.debian.org/debian stretch InRelease
#6 0.219 Ign:2 http://security.debian.org/debian-security stretch/updates InRelease
#6 0.228 Ign:3 http://deb.debian.org/debian stretch-updates InRelease
#6 0.231 Ign:4 http://security.debian.org/debian-security stretch/updates Release
#6 0.238 Ign:5 http://deb.debian.org/debian stretch Release
#6 0.247 Ign:6 http://deb.debian.org/debian stretch-updates Release
#6 0.258 Ign:7 http://deb.debian.org/debian stretch/main amd64 Packages
#6 0.268 Ign:8 http://deb.debian.org/debian stretch/main all Packages
#6 0.279 Ign:9 http://deb.debian.org/debian stretch-updates/main amd64 Packages
#6 0.290 Ign:10 http://deb.debian.org/debian stretch-updates/main all Packages
#6 0.300 Ign:7 http://deb.debian.org/debian stretch/main amd64 Packages
#6 0.312 Ign:8 http://deb.debian.org/debian stretch/main all Packages
#6 0.325 Ign:9 http://deb.debian.org/debian stretch-updates/main amd64 Packages
#6 0.336 Ign:10 http://deb.debian.org/debian stretch-updates/main all Packages
#6 0.348 Ign:7 http://deb.debian.org/debian stretch/main amd64 Packages
#6 0.359 Ign:8 http://deb.debian.org/debian stretch/main all Packages
#6 0.370 Ign:9 http://deb.debian.org/debian stretch-updates/main amd64 Packages
#6 0.381 Ign:10 http://deb.debian.org/debian stretch-updates/main all Packages
#6 0.390 Ign:11 http://security.debian.org/debian-security stretch/updates/main amd64 Packages
#6 0.391 Ign:7 http://deb.debian.org/debian stretch/main amd64 Packages
#6 0.402 Ign:8 http://deb.debian.org/debian stretch/main all Packages
#6 0.402 Ign:12 http://security.debian.org/debian-security stretch/updates/main all Packages
#6 0.419 Ign:9 http://deb.debian.org/debian stretch-updates/main amd64 Packages
#6 0.431 Ign:10 http://deb.debian.org/debian stretch-updates/main all Packages
#6 0.442 Ign:7 http://deb.debian.org/debian stretch/main amd64 Packages
#6 0.455 Ign:8 http://deb.debian.org/debian stretch/main all Packages
#6 0.465 Ign:9 http://deb.debian.org/debian stretch-updates/main amd64 Packages
#6 0.477 Ign:10 http://deb.debian.org/debian stretch-updates/main all Packages
#6 0.487 Err:7 http://deb.debian.org/debian stretch/main amd64 Packages
#6 0.487   404  Not Found
#6 0.507 Ign:8 http://deb.debian.org/debian stretch/main all Packages
#6 0.518 Err:9 http://deb.debian.org/debian stretch-updates/main amd64 Packages
#6 0.518   404  Not Found
#6 0.528 Ign:10 http://deb.debian.org/debian stretch-updates/main all Packages
#6 0.564 Ign:11 http://security.debian.org/debian-security stretch/updates/main amd64 Packages
#6 0.580 Ign:12 http://security.debian.org/debian-security stretch/updates/main all Packages
#6 0.737 Ign:11 http://security.debian.org/debian-security stretch/updates/main amd64 Packages
#6 0.749 Ign:12 http://security.debian.org/debian-security stretch/updates/main all Packages
#6 0.907 Ign:11 http://security.debian.org/debian-security stretch/updates/main amd64 Packages
#6 0.921 Ign:12 http://security.debian.org/debian-security stretch/updates/main all Packages
#6 1.081 Ign:11 http://security.debian.org/debian-security stretch/updates/main amd64 Packages
#6 1.091 Ign:12 http://security.debian.org/debian-security stretch/updates/main all Packages
#6 1.248 Err:11 http://security.debian.org/debian-security stretch/updates/main amd64 Packages
#6 1.248   404  Not Found [IP: 151.101.194.132 80]
#6 1.258 Ign:12 http://security.debian.org/debian-security stretch/updates/main all Packages
#6 1.262 Reading package lists...
#6 1.268 W: The repository 'http://security.debian.org/debian-security stretch/updates Release' does not have a Release file.
#6 1.268 W: The repository 'http://deb.debian.org/debian stretch Release' does not have a Release file.
#6 1.268 W: The repository 'http://deb.debian.org/debian stretch-updates Release' does not have a Release file.
#6 1.268 E: Failed to fetch http://security.debian.org/debian-security/dists/stretch/updates/main/binary-amd64/Packages  404  Not Found [IP: 151.101.194.132 80]
#6 1.268 E: Failed to fetch http://deb.debian.org/debian/dists/stretch/main/binary-amd64/Packages  404  Not Found
#6 1.268 E: Failed to fetch http://deb.debian.org/debian/dists/stretch-updates/main/binary-amd64/Packages  404  Not Found
#6 1.268 E: Some index files failed to download. They have been ignored, or old ones used instead.
#6 ERROR: process "/bin/sh -c apt-get update &&     DEBIAN_FRONTEND=noninteractive apt-get install --no-install-recommends -y         slapd=${OPENLDAP_VERSION}* &&     apt-get clean &&     rm -rf /var/lib/apt/lists/*" did not complete successfully: exit code: 100
------
 > [2/6] RUN apt-get update &&     DEBIAN_FRONTEND=noninteractive apt-get install --no-install-recommends -y         slapd=2.4.44* &&     apt-get clean &&     rm -rf /var/lib/apt/lists/*:
1.248   404  Not Found [IP: 151.101.194.132 80]
1.258 Ign:12 http://security.debian.org/debian-security stretch/updates/main all Packages
1.262 Reading package lists...
1.268 W: The repository 'http://security.debian.org/debian-security stretch/updates Release' does not have a Release file.
1.268 W: The repository 'http://deb.debian.org/debian stretch Release' does not have a Release file.
1.268 W: The repository 'http://deb.debian.org/debian stretch-updates Release' does not have a Release file.
1.268 E: Failed to fetch http://security.debian.org/debian-security/dists/stretch/updates/main/binary-amd64/Packages  404  Not Found [IP: 151.101.194.132 80]
1.268 E: Failed to fetch http://deb.debian.org/debian/dists/stretch/main/binary-amd64/Packages  404  Not Found
1.268 E: Failed to fetch http://deb.debian.org/debian/dists/stretch-updates/main/binary-amd64/Packages  404  Not Found
1.268 E: Some index files failed to download. They have been ignored, or old ones used instead.
------
v1_Dockerfile:8
--------------------
   7 |     
   8 | >>> RUN apt-get update && \
   9 | >>>     DEBIAN_FRONTEND=noninteractive apt-get install --no-install-recommends -y \
  10 | >>>         slapd=${OPENLDAP_VERSION}* && \
  11 | >>>     apt-get clean && \
  12 | >>>     rm -rf /var/lib/apt/lists/*
  13 |     
--------------------
ERROR: failed to solve: process "/bin/sh -c apt-get update &&     DEBIAN_FRONTEND=noninteractive apt-get install --no-install-recommends -y         slapd=${OPENLDAP_VERSION}* &&     apt-get clean &&     rm -rf /var/lib/apt/lists/*" did not complete successfully: exit code: 100
Duration: 0:6.65