#0 building with "default" instance using docker driver

#1 [internal] load build definition from v1_Dockerfile
#1 transferring dockerfile: 645B done
#1 DONE 0.0s

#2 [internal] load metadata for docker.io/library/alpine:latest
#2 DONE 0.6s

#3 [internal] load .dockerignore
#3 transferring context: 105B done
#3 DONE 0.0s

#4 [internal] load build context
#4 transferring context: 1.15kB done
#4 DONE 0.0s

#5 [1/7] FROM docker.io/library/alpine:latest@sha256:0a4eaa0eecf5f8c050e5bba433f58c052be7587ee8af3e8b3910ef9ab5fbe9f5
#5 resolve docker.io/library/alpine:latest@sha256:0a4eaa0eecf5f8c050e5bba433f58c052be7587ee8af3e8b3910ef9ab5fbe9f5 0.0s done
#5 sha256:0a4eaa0eecf5f8c050e5bba433f58c052be7587ee8af3e8b3910ef9ab5fbe9f5 1.85kB / 1.85kB done
#5 sha256:eddacbc7e24bf8799a4ed3cdcfa50d4b88a323695ad80f317b6629883b2c2a78 528B / 528B done
#5 sha256:324bc02ae1231fd9255658c128086395d3fa0aedd5a41ab6b034fd649d1a9260 1.47kB / 1.47kB done
#5 sha256:c6a83fedfae6ed8a4f5f7cbb6a7b6f1c1ec3d86fea8cb9e5ba2e5e6673fde9f6 0B / 3.62MB 0.1s
#5 extracting sha256:c6a83fedfae6ed8a4f5f7cbb6a7b6f1c1ec3d86fea8cb9e5ba2e5e6673fde9f6
#5 sha256:c6a83fedfae6ed8a4f5f7cbb6a7b6f1c1ec3d86fea8cb9e5ba2e5e6673fde9f6 3.62MB / 3.62MB 0.2s done
#5 extracting sha256:c6a83fedfae6ed8a4f5f7cbb6a7b6f1c1ec3d86fea8cb9e5ba2e5e6673fde9f6 0.1s done
#5 DONE 0.4s

#6 [2/7] RUN apk add --no-cache --update python3 py3-pip bash
#6 0.174 fetch https://dl-cdn.alpinelinux.org/alpine/v3.20/main/x86_64/APKINDEX.tar.gz
#6 0.298 fetch https://dl-cdn.alpinelinux.org/alpine/v3.20/community/x86_64/APKINDEX.tar.gz
#6 0.593 (1/26) Installing ncurses-terminfo-base (6.4_p20240420-r0)
#6 0.609 (2/26) Installing libncursesw (6.4_p20240420-r0)
#6 0.625 (3/26) Installing readline (8.2.10-r0)
#6 0.641 (4/26) Installing bash (5.2.26-r0)
#6 0.665 Executing bash-5.2.26-r0.post-install
#6 0.668 (5/26) Installing libbz2 (1.0.8-r6)
#6 0.680 (6/26) Installing libexpat (2.6.2-r0)
#6 0.692 (7/26) Installing libffi (3.4.6-r0)
#6 0.704 (8/26) Installing gdbm (1.23-r1)
#6 0.717 (9/26) Installing xz-libs (5.6.1-r3)
#6 0.731 (10/26) Installing libgcc (13.2.1_git20240309-r0)
#6 0.744 (11/26) Installing libstdc++ (13.2.1_git20240309-r0)
#6 0.780 (12/26) Installing mpdecimal (4.0.0-r0)
#6 0.795 (13/26) Installing libpanelw (6.4_p20240420-r0)
#6 0.807 (14/26) Installing sqlite-libs (3.45.3-r1)
#6 0.836 (15/26) Installing python3 (3.12.3-r1)
#6 1.081 (16/26) Installing python3-pycache-pyc0 (3.12.3-r1)
#6 1.232 (17/26) Installing pyc (3.12.3-r1)
#6 1.243 (18/26) Installing py3-setuptools-pyc (69.5.1-r0)
#6 1.305 (19/26) Installing py3-pip-pyc (24.0-r2)
#6 1.419 (20/26) Installing py3-parsing (3.1.2-r1)
#6 1.435 (21/26) Installing py3-parsing-pyc (3.1.2-r1)
#6 1.454 (22/26) Installing py3-packaging-pyc (24.0-r1)
#6 1.469 (23/26) Installing python3-pyc (3.12.3-r1)
#6 1.481 (24/26) Installing py3-packaging (24.0-r1)
#6 1.494 (25/26) Installing py3-setuptools (69.5.1-r0)
#6 1.546 (26/26) Installing py3-pip (24.0-r2)
#6 1.668 Executing busybox-1.36.1-r29.trigger
#6 1.673 OK: 77 MiB in 40 packages
#6 DONE 2.1s

#7 [3/7] ADD ./webapp /opt/webapp/
#7 DONE 0.1s

#8 [4/7] WORKDIR /opt/webapp
#8 DONE 0.0s

#9 [5/7] ADD ./webapp/requirements.txt /tmp/requirements.txt
#9 DONE 0.1s

#10 [6/7] RUN pip3 install --no-cache-dir -q -r /tmp/requirements.txt
#10 1.512 error: externally-managed-environment
#10 1.512 
#10 1.512 × This environment is externally managed
#10 1.512 ╰─> 
#10 1.512     The system-wide python installation should be maintained using the system
#10 1.512     package manager (apk) only.
#10 1.512     
#10 1.512     If the package in question is not packaged already (and hence installable via
#10 1.512     "apk add py3-somepackage"), please consider installing it inside a virtual
#10 1.512     environment, e.g.:
#10 1.512     
#10 1.512     python3 -m venv /path/to/venv
#10 1.512     . /path/to/venv/bin/activate
#10 1.512     pip install mypackage
#10 1.512     
#10 1.512     To exit the virtual environment, run:
#10 1.512     
#10 1.512     deactivate
#10 1.512     
#10 1.512     The virtual environment is not deleted, and can be re-entered by re-sourcing
#10 1.512     the activate file.
#10 1.512     
#10 1.512     To automatically manage virtual environments, consider using pipx (from the
#10 1.512     pipx package).
#10 1.512 
#10 1.512 note: If you believe this is a mistake, please contact your Python installation or OS distribution provider. You can override this, at the risk of breaking your Python installation or OS, by passing --break-system-packages.
#10 1.512 hint: See PEP 668 for the detailed specification.
#10 ERROR: process "/bin/sh -c pip3 install --no-cache-dir -q -r /tmp/requirements.txt" did not complete successfully: exit code: 1
------
 > [6/7] RUN pip3 install --no-cache-dir -q -r /tmp/requirements.txt:
1.512     deactivate
1.512     
1.512     The virtual environment is not deleted, and can be re-entered by re-sourcing
1.512     the activate file.
1.512     
1.512     To automatically manage virtual environments, consider using pipx (from the
1.512     pipx package).
1.512 
1.512 note: If you believe this is a mistake, please contact your Python installation or OS distribution provider. You can override this, at the risk of breaking your Python installation or OS, by passing --break-system-packages.
1.512 hint: See PEP 668 for the detailed specification.
------
v1_Dockerfile:14
--------------------
  12 |     
  13 |     # Install dependencies
  14 | >>> RUN pip3 install --no-cache-dir -q -r /tmp/requirements.txt
  15 |     
  16 |     # Run the image as a non-root user
--------------------
ERROR: failed to solve: process "/bin/sh -c pip3 install --no-cache-dir -q -r /tmp/requirements.txt" did not complete successfully: exit code: 1
Duration: 0:5.46