#0 building with "default" instance using docker driver

#1 [internal] load .dockerignore
#1 transferring context: 2B done
#1 DONE 0.4s

#2 [internal] load build definition from Dockerfile
#2 transferring dockerfile: 1.09kB done
#2 DONE 0.3s

#3 [auth] library/golang:pull token for registry-1.docker.io
#3 DONE 0.0s

#4 [internal] load metadata for docker.io/library/golang:1.11.4
#4 ...

#5 [auth] library/debian:pull token for registry-1.docker.io
#5 DONE 0.0s

#6 [internal] load metadata for docker.io/library/debian:9.8
#6 DONE 1.9s

#4 [internal] load metadata for docker.io/library/golang:1.11.4
#4 DONE 2.1s

#7 [stage-1 1/8] FROM docker.io/library/debian:9.8@sha256:724b0fbbda7fda6372ffed586670573c59e07a48c86d606bab05db118abe0ef5
#7 resolve docker.io/library/debian:9.8@sha256:724b0fbbda7fda6372ffed586670573c59e07a48c86d606bab05db118abe0ef5
#7 resolve docker.io/library/debian:9.8@sha256:724b0fbbda7fda6372ffed586670573c59e07a48c86d606bab05db118abe0ef5 0.7s done
#7 ...

#8 [internal] load build context
#8 transferring context: 25.59MB 0.5s done
#8 DONE 1.0s

#7 [stage-1 1/8] FROM docker.io/library/debian:9.8@sha256:724b0fbbda7fda6372ffed586670573c59e07a48c86d606bab05db118abe0ef5
#7 sha256:724b0fbbda7fda6372ffed586670573c59e07a48c86d606bab05db118abe0ef5 2.36kB / 2.36kB done
#7 sha256:9a1b6b1073bf12428a55c54e6e3bb001946afbcf49b7fea6a02d345790356998 529B / 529B done
#7 sha256:2d337f242f078dfa62c81db584e78e33fd6bf6138875ecfb11fa470f26a5411c 1.50kB / 1.50kB done
#7 sha256:e79bb959ec00faf01da52437df4fad4537ec669f60455a38ad583ec2b8f00498 0B / 45.34MB 3.7s
#7 sha256:e79bb959ec00faf01da52437df4fad4537ec669f60455a38ad583ec2b8f00498 11.06MB / 45.34MB 4.0s
#7 sha256:e79bb959ec00faf01da52437df4fad4537ec669f60455a38ad583ec2b8f00498 13.63MB / 45.34MB 4.1s
#7 sha256:e79bb959ec00faf01da52437df4fad4537ec669f60455a38ad583ec2b8f00498 18.87MB / 45.34MB 4.2s
#7 sha256:e79bb959ec00faf01da52437df4fad4537ec669f60455a38ad583ec2b8f00498 24.12MB / 45.34MB 4.3s
#7 sha256:e79bb959ec00faf01da52437df4fad4537ec669f60455a38ad583ec2b8f00498 29.36MB / 45.34MB 4.4s
#7 sha256:e79bb959ec00faf01da52437df4fad4537ec669f60455a38ad583ec2b8f00498 33.55MB / 45.34MB 4.5s
#7 sha256:e79bb959ec00faf01da52437df4fad4537ec669f60455a38ad583ec2b8f00498 38.80MB / 45.34MB 4.6s
#7 sha256:e79bb959ec00faf01da52437df4fad4537ec669f60455a38ad583ec2b8f00498 44.04MB / 45.34MB 4.7s
#7 sha256:e79bb959ec00faf01da52437df4fad4537ec669f60455a38ad583ec2b8f00498 45.34MB / 45.34MB 5.4s done
#7 extracting sha256:e79bb959ec00faf01da52437df4fad4537ec669f60455a38ad583ec2b8f00498
#7 ...

#9 [stage-0 1/6] FROM docker.io/library/golang:1.11.4@sha256:4469b68518ffcae4cc1f5310752495c3ed53c039e28f1638b23c21f1fc7a54cf
#9 resolve docker.io/library/golang:1.11.4@sha256:4469b68518ffcae4cc1f5310752495c3ed53c039e28f1638b23c21f1fc7a54cf 0.5s done
#9 sha256:4469b68518ffcae4cc1f5310752495c3ed53c039e28f1638b23c21f1fc7a54cf 3.46kB / 3.46kB done
#9 sha256:40f419705a5d794eeff415b7593f813e02ae4eb1a55f084ed1bd439a6be6926f 1.80kB / 1.80kB done
#9 sha256:dd46c12568290b942a5ec20c330269b06b9039a22c9945f58d2f05cbaf0ea8a1 5.47kB / 5.47kB done
#9 sha256:35fba333ff5209042e8925a73f3cbabf00ba725257bdba38ec3b415e5d7e6cc7 10.78MB / 10.78MB 0.6s done
#9 sha256:ab1fc7e4bf9195e554669fafa47f69befe22053d7100f5f7002cb9254a36f37c 45.34MB / 45.34MB 1.9s done
#9 sha256:f0cb1fa13079687d5118e5cd7e3ce3c09dc483fa44f0577eca349de8d76e4e8c 4.34MB / 4.34MB 0.8s done
#9 sha256:3d1dd648b5ade2bbdfe77fa94424b0314100b58fb5f6a98486538c2126e08e2f 50.06MB / 50.06MB 2.7s done
#9 sha256:866ed2e2b1fed04ab28f668a484a1275394fda33f82777064af66a2ba27290ac 57.62MB / 57.62MB 3.6s done
#9 extracting sha256:ab1fc7e4bf9195e554669fafa47f69befe22053d7100f5f7002cb9254a36f37c 6.7s
#9 sha256:0b7ee073a53ef3517eb33b826455deade48221c5ebab6965459499a4963dc4f6 126B / 126B 3.9s done
#9 sha256:85221581e34928976f31b7ff5c31b190cc5101066fd4147c9aebd0a21486ec08 126.64MB / 126.64MB 8.2s done
#9 ...

#7 [stage-1 1/8] FROM docker.io/library/debian:9.8@sha256:724b0fbbda7fda6372ffed586670573c59e07a48c86d606bab05db118abe0ef5
#7 extracting sha256:e79bb959ec00faf01da52437df4fad4537ec669f60455a38ad583ec2b8f00498 5.2s
#7 extracting sha256:e79bb959ec00faf01da52437df4fad4537ec669f60455a38ad583ec2b8f00498 10.3s
#7 extracting sha256:e79bb959ec00faf01da52437df4fad4537ec669f60455a38ad583ec2b8f00498 10.7s done
#7 DONE 17.9s

#10 [stage-1 2/8] RUN  apt-get update   && apt-get install -y --no-install-recommends ca-certificates locales wget   && apt-get clean && rm -rf /var/lib/apt/lists/* /tmp/* /var/tmp/*
#10 1.919 Ign:1 http://deb.debian.org/debian stretch InRelease
#10 1.923 Ign:2 http://security.debian.org/debian-security stretch/updates InRelease
#10 2.072 Ign:3 http://security.debian.org/debian-security stretch/updates Release
#10 2.079 Ign:4 http://deb.debian.org/debian stretch-updates InRelease
#10 2.085 Ign:5 http://security.debian.org/debian-security stretch/updates/main amd64 Packages
#10 2.235 Ign:6 http://security.debian.org/debian-security stretch/updates/main all Packages
#10 2.245 Ign:5 http://security.debian.org/debian-security stretch/updates/main amd64 Packages
#10 2.250 Ign:7 http://deb.debian.org/debian stretch Release
#10 2.403 Ign:6 http://security.debian.org/debian-security stretch/updates/main all Packages
#10 2.419 Ign:8 http://deb.debian.org/debian stretch-updates Release
#10 2.704 Ign:5 http://security.debian.org/debian-security stretch/updates/main amd64 Packages
#10 ...

#9 [stage-0 1/6] FROM docker.io/library/golang:1.11.4@sha256:4469b68518ffcae4cc1f5310752495c3ed53c039e28f1638b23c21f1fc7a54cf
#9 extracting sha256:ab1fc7e4bf9195e554669fafa47f69befe22053d7100f5f7002cb9254a36f37c 7.6s done
#9 extracting sha256:35fba333ff5209042e8925a73f3cbabf00ba725257bdba38ec3b415e5d7e6cc7 3.3s done
#9 extracting sha256:f0cb1fa13079687d5118e5cd7e3ce3c09dc483fa44f0577eca349de8d76e4e8c 0.8s done
#9 extracting sha256:3d1dd648b5ade2bbdfe77fa94424b0314100b58fb5f6a98486538c2126e08e2f 3.5s
#9 ...

#10 [stage-1 2/8] RUN  apt-get update   && apt-get install -y --no-install-recommends ca-certificates locales wget   && apt-get clean && rm -rf /var/lib/apt/lists/* /tmp/* /var/tmp/*
#10 2.735 Ign:9 http://deb.debian.org/debian stretch/main amd64 Packages
#10 2.855 Ign:6 http://security.debian.org/debian-security stretch/updates/main all Packages
#10 2.867 Ign:5 http://security.debian.org/debian-security stretch/updates/main amd64 Packages
#10 2.903 Ign:10 http://deb.debian.org/debian stretch/main all Packages
#10 3.016 Ign:6 http://security.debian.org/debian-security stretch/updates/main all Packages
#10 3.076 Ign:11 http://deb.debian.org/debian stretch-updates/main all Packages
#10 3.319 Ign:5 http://security.debian.org/debian-security stretch/updates/main amd64 Packages
#10 3.387 Ign:12 http://deb.debian.org/debian stretch-updates/main amd64 Packages
#10 3.469 Ign:6 http://security.debian.org/debian-security stretch/updates/main all Packages
#10 3.619 Err:5 http://security.debian.org/debian-security stretch/updates/main amd64 Packages
#10 3.619   404  Not Found [IP: 151.101.130.132 80]
#10 3.703 Ign:9 http://deb.debian.org/debian stretch/main amd64 Packages
#10 3.769 Ign:6 http://security.debian.org/debian-security stretch/updates/main all Packages
#10 3.869 Ign:10 http://deb.debian.org/debian stretch/main all Packages
#10 4.036 Ign:11 http://deb.debian.org/debian stretch-updates/main all Packages
#10 4.194 Ign:12 http://deb.debian.org/debian stretch-updates/main amd64 Packages
#10 4.358 Ign:9 http://deb.debian.org/debian stretch/main amd64 Packages
#10 4.516 Ign:10 http://deb.debian.org/debian stretch/main all Packages
#10 4.687 Ign:11 http://deb.debian.org/debian stretch-updates/main all Packages
#10 4.850 Ign:12 http://deb.debian.org/debian stretch-updates/main amd64 Packages
#10 5.167 Ign:9 http://deb.debian.org/debian stretch/main amd64 Packages
#10 5.334 Ign:10 http://deb.debian.org/debian stretch/main all Packages
#10 5.499 Ign:11 http://deb.debian.org/debian stretch-updates/main all Packages
#10 5.661 Ign:12 http://deb.debian.org/debian stretch-updates/main amd64 Packages
#10 5.822 Ign:9 http://deb.debian.org/debian stretch/main amd64 Packages
#10 5.986 Ign:10 http://deb.debian.org/debian stretch/main all Packages
#10 6.149 Ign:11 http://deb.debian.org/debian stretch-updates/main all Packages
#10 6.315 Ign:12 http://deb.debian.org/debian stretch-updates/main amd64 Packages
#10 6.643 Err:9 http://deb.debian.org/debian stretch/main amd64 Packages
#10 6.643   404  Not Found
#10 6.818 Ign:10 http://deb.debian.org/debian stretch/main all Packages
#10 6.984 Ign:11 http://deb.debian.org/debian stretch-updates/main all Packages
#10 7.150 Err:12 http://deb.debian.org/debian stretch-updates/main amd64 Packages
#10 7.150   404  Not Found
#10 7.158 Reading package lists...
#10 7.207 W: The repository 'http://security.debian.org/debian-security stretch/updates Release' does not have a Release file.
#10 7.207 W: The repository 'http://deb.debian.org/debian stretch Release' does not have a Release file.
#10 7.207 W: The repository 'http://deb.debian.org/debian stretch-updates Release' does not have a Release file.
#10 7.207 E: Failed to fetch http://security.debian.org/debian-security/dists/stretch/updates/main/binary-amd64/Packages  404  Not Found [IP: 151.101.130.132 80]
#10 7.207 E: Failed to fetch http://deb.debian.org/debian/dists/stretch/main/binary-amd64/Packages  404  Not Found
#10 7.207 E: Failed to fetch http://deb.debian.org/debian/dists/stretch-updates/main/binary-amd64/Packages  404  Not Found
#10 7.207 E: Some index files failed to download. They have been ignored, or old ones used instead.
#10 ...

#9 [stage-0 1/6] FROM docker.io/library/golang:1.11.4@sha256:4469b68518ffcae4cc1f5310752495c3ed53c039e28f1638b23c21f1fc7a54cf
#9 extracting sha256:3d1dd648b5ade2bbdfe77fa94424b0314100b58fb5f6a98486538c2126e08e2f 8.3s done
#9 CANCELED

#10 [stage-1 2/8] RUN  apt-get update   && apt-get install -y --no-install-recommends ca-certificates locales wget   && apt-get clean && rm -rf /var/lib/apt/lists/* /tmp/* /var/tmp/*
#10 ERROR: process "/bin/sh -c apt-get update   && apt-get install -y --no-install-recommends ca-certificates locales wget   && apt-get clean && rm -rf /var/lib/apt/lists/* /tmp/* /var/tmp/*" did not complete successfully: exit code: 100
------
 > [stage-1 2/8] RUN  apt-get update   && apt-get install -y --no-install-recommends ca-certificates locales wget   && apt-get clean && rm -rf /var/lib/apt/lists/* /tmp/* /var/tmp/*:
7.150 Err:12 http://deb.debian.org/debian stretch-updates/main amd64 Packages
7.150   404  Not Found
7.158 Reading package lists...
7.207 W: The repository 'http://security.debian.org/debian-security stretch/updates Release' does not have a Release file.
7.207 W: The repository 'http://deb.debian.org/debian stretch Release' does not have a Release file.
7.207 W: The repository 'http://deb.debian.org/debian stretch-updates Release' does not have a Release file.
7.207 E: Failed to fetch http://security.debian.org/debian-security/dists/stretch/updates/main/binary-amd64/Packages  404  Not Found [IP: 151.101.130.132 80]
7.207 E: Failed to fetch http://deb.debian.org/debian/dists/stretch/main/binary-amd64/Packages  404  Not Found
7.207 E: Failed to fetch http://deb.debian.org/debian/dists/stretch-updates/main/binary-amd64/Packages  404  Not Found
7.207 E: Some index files failed to download. They have been ignored, or old ones used instead.
------
Dockerfile:10
--------------------
   9 |     LABEL maintainer="Anatoliy Fedorenko <fedorenko.tolik@gmail.com>"
  10 | >>> RUN  apt-get update \
  11 | >>>   && apt-get install -y --no-install-recommends ca-certificates locales wget \
  12 | >>>   && apt-get clean && rm -rf /var/lib/apt/lists/* /tmp/* /var/tmp/*
  13 |     RUN localedef -i en_US -c -f UTF-8 -A /usr/share/locale/locale.alias en_US.UTF-8
--------------------
ERROR: failed to solve: process "/bin/sh -c apt-get update   && apt-get install -y --no-install-recommends ca-certificates locales wget   && apt-get clean && rm -rf /var/lib/apt/lists/* /tmp/* /var/tmp/*" did not complete successfully: exit code: 100
Duration: 0:44.27