#0 building with "default" instance using docker driver

#1 [internal] load build definition from v1_Dockerfile
#1 transferring dockerfile: 530B done
#1 DONE 0.0s

#2 [auth] library/python:pull token for registry-1.docker.io
#2 DONE 0.0s

#3 [internal] load metadata for docker.io/library/python:3.7.4-stretch
#3 DONE 1.0s

#4 [internal] load .dockerignore
#4 transferring context: 2B done
#4 DONE 0.0s

#5 [1/7] FROM docker.io/library/python:3.7.4-stretch@sha256:01f8c2bff9cd007ca5b75c5e21a4c56a33d502cf091c2a1c574bf562be1a8e4f
#5 resolve docker.io/library/python:3.7.4-stretch@sha256:01f8c2bff9cd007ca5b75c5e21a4c56a33d502cf091c2a1c574bf562be1a8e4f 0.0s done
#5 ...

#6 [internal] load build context
#6 transferring context: 874.25kB 0.0s done
#6 DONE 0.1s

#5 [1/7] FROM docker.io/library/python:3.7.4-stretch@sha256:01f8c2bff9cd007ca5b75c5e21a4c56a33d502cf091c2a1c574bf562be1a8e4f
#5 sha256:db3b6004c61a0e86fbf910b9b4a6611ae79e238a336011a1b5f9b177d85cbf9d 0B / 10.80MB 0.2s
#5 sha256:f8f0759202953be4b156f44bba90b682b61f985f9bbc60e7262b216f70dabb96 0B / 4.34MB 0.2s
#5 sha256:bf8063c570ec4183631e1135fc8f04eb4a6392d1639bec65ca8864bfc777138e 2.22kB / 2.22kB done
#5 sha256:9a0b0ce99936ce4861d44ce1f193e881e5b40b5bf1847627061205b092fa7f1d 3.15MB / 45.38MB 0.2s
#5 sha256:01f8c2bff9cd007ca5b75c5e21a4c56a33d502cf091c2a1c574bf562be1a8e4f 1.65kB / 1.65kB done
#5 sha256:9c5a6f98cfe8ab6c1d72e5e7d866307d75255ebf061987316ebdeebeb366344f 8.91kB / 8.91kB done
#5 sha256:9a0b0ce99936ce4861d44ce1f193e881e5b40b5bf1847627061205b092fa7f1d 11.53MB / 45.38MB 0.3s
#5 sha256:db3b6004c61a0e86fbf910b9b4a6611ae79e238a336011a1b5f9b177d85cbf9d 9.44MB / 10.80MB 0.5s
#5 sha256:f8f0759202953be4b156f44bba90b682b61f985f9bbc60e7262b216f70dabb96 4.34MB / 4.34MB 0.5s done
#5 sha256:9a0b0ce99936ce4861d44ce1f193e881e5b40b5bf1847627061205b092fa7f1d 22.02MB / 45.38MB 0.5s
#5 sha256:db3b6004c61a0e86fbf910b9b4a6611ae79e238a336011a1b5f9b177d85cbf9d 10.80MB / 10.80MB 0.5s done
#5 sha256:9a0b0ce99936ce4861d44ce1f193e881e5b40b5bf1847627061205b092fa7f1d 35.65MB / 45.38MB 0.7s
#5 sha256:6ef14aff1139e1065ec0928ae1c07f2cff8c2b35e760f4b463df5c64e6ea1101 3.15MB / 50.07MB 0.7s
#5 sha256:0bbd8b48260f38a14e012ec233c3e934d9caea30f11ddb2df58577790263c123 1.05MB / 214.84MB 0.7s
#5 sha256:9a0b0ce99936ce4861d44ce1f193e881e5b40b5bf1847627061205b092fa7f1d 40.89MB / 45.38MB 0.8s
#5 sha256:6ef14aff1139e1065ec0928ae1c07f2cff8c2b35e760f4b463df5c64e6ea1101 7.34MB / 50.07MB 0.8s
#5 sha256:9a0b0ce99936ce4861d44ce1f193e881e5b40b5bf1847627061205b092fa7f1d 45.09MB / 45.38MB 0.9s
#5 sha256:6ef14aff1139e1065ec0928ae1c07f2cff8c2b35e760f4b463df5c64e6ea1101 11.53MB / 50.07MB 0.9s
#5 sha256:6ef14aff1139e1065ec0928ae1c07f2cff8c2b35e760f4b463df5c64e6ea1101 17.83MB / 50.07MB 1.0s
#5 sha256:0bbd8b48260f38a14e012ec233c3e934d9caea30f11ddb2df58577790263c123 12.58MB / 214.84MB 1.0s
#5 extracting sha256:9a0b0ce99936ce4861d44ce1f193e881e5b40b5bf1847627061205b092fa7f1d
#5 sha256:9a0b0ce99936ce4861d44ce1f193e881e5b40b5bf1847627061205b092fa7f1d 45.38MB / 45.38MB 1.0s done
#5 sha256:6ef14aff1139e1065ec0928ae1c07f2cff8c2b35e760f4b463df5c64e6ea1101 26.21MB / 50.07MB 1.1s
#5 sha256:9f9509d27b35a09103075ccc8d35117e0a6c6e3f86435b9a59265b48b7854a2d 0B / 5.83MB 1.1s
#5 sha256:6ef14aff1139e1065ec0928ae1c07f2cff8c2b35e760f4b463df5c64e6ea1101 33.55MB / 50.07MB 1.2s
#5 sha256:6ef14aff1139e1065ec0928ae1c07f2cff8c2b35e760f4b463df5c64e6ea1101 39.85MB / 50.07MB 1.3s
#5 sha256:9f9509d27b35a09103075ccc8d35117e0a6c6e3f86435b9a59265b48b7854a2d 1.05MB / 5.83MB 1.3s
#5 sha256:6ef14aff1139e1065ec0928ae1c07f2cff8c2b35e760f4b463df5c64e6ea1101 45.09MB / 50.07MB 1.4s
#5 sha256:0bbd8b48260f38a14e012ec233c3e934d9caea30f11ddb2df58577790263c123 26.21MB / 214.84MB 1.4s
#5 sha256:9f9509d27b35a09103075ccc8d35117e0a6c6e3f86435b9a59265b48b7854a2d 5.24MB / 5.83MB 1.4s
#5 sha256:9f9509d27b35a09103075ccc8d35117e0a6c6e3f86435b9a59265b48b7854a2d 5.83MB / 5.83MB 1.4s done
#5 sha256:f300a57cfca1e8d886fb60940651732c53ad5042d0b60a9c1e7320a5eef0a7ce 0B / 24.37MB 1.5s
#5 sha256:6ef14aff1139e1065ec0928ae1c07f2cff8c2b35e760f4b463df5c64e6ea1101 50.07MB / 50.07MB 1.6s
#5 sha256:0bbd8b48260f38a14e012ec233c3e934d9caea30f11ddb2df58577790263c123 38.80MB / 214.84MB 1.6s
#5 sha256:6ef14aff1139e1065ec0928ae1c07f2cff8c2b35e760f4b463df5c64e6ea1101 50.07MB / 50.07MB 1.8s done
#5 sha256:0bbd8b48260f38a14e012ec233c3e934d9caea30f11ddb2df58577790263c123 53.48MB / 214.84MB 1.8s
#5 sha256:f300a57cfca1e8d886fb60940651732c53ad5042d0b60a9c1e7320a5eef0a7ce 5.24MB / 24.37MB 1.8s
#5 sha256:21507b32fc6d3b1489b188a5fca4741b231218d3334f8ee06e4b8960740d47ed 0B / 242B 1.8s
#5 sha256:f300a57cfca1e8d886fb60940651732c53ad5042d0b60a9c1e7320a5eef0a7ce 14.68MB / 24.37MB 2.0s
#5 sha256:21507b32fc6d3b1489b188a5fca4741b231218d3334f8ee06e4b8960740d47ed 242B / 242B 2.0s done
#5 sha256:861289d3f5cf0b43cd92837ca4cfcc557626003bbce495b82e190d94fb42f767 0B / 1.87MB 2.0s
#5 sha256:0bbd8b48260f38a14e012ec233c3e934d9caea30f11ddb2df58577790263c123 66.06MB / 214.84MB 2.1s
#5 sha256:f300a57cfca1e8d886fb60940651732c53ad5042d0b60a9c1e7320a5eef0a7ce 22.02MB / 24.37MB 2.1s
#5 sha256:0bbd8b48260f38a14e012ec233c3e934d9caea30f11ddb2df58577790263c123 78.64MB / 214.84MB 2.3s
#5 sha256:f300a57cfca1e8d886fb60940651732c53ad5042d0b60a9c1e7320a5eef0a7ce 24.37MB / 24.37MB 2.2s done
#5 sha256:861289d3f5cf0b43cd92837ca4cfcc557626003bbce495b82e190d94fb42f767 1.87MB / 1.87MB 2.4s done
#5 sha256:0bbd8b48260f38a14e012ec233c3e934d9caea30f11ddb2df58577790263c123 94.37MB / 214.84MB 2.5s
#5 sha256:0bbd8b48260f38a14e012ec233c3e934d9caea30f11ddb2df58577790263c123 106.95MB / 214.84MB 2.7s
#5 sha256:0bbd8b48260f38a14e012ec233c3e934d9caea30f11ddb2df58577790263c123 130.02MB / 214.84MB 3.0s
#5 sha256:0bbd8b48260f38a14e012ec233c3e934d9caea30f11ddb2df58577790263c123 142.61MB / 214.84MB 3.2s
#5 sha256:0bbd8b48260f38a14e012ec233c3e934d9caea30f11ddb2df58577790263c123 161.48MB / 214.84MB 3.4s
#5 sha256:0bbd8b48260f38a14e012ec233c3e934d9caea30f11ddb2df58577790263c123 179.31MB / 214.84MB 3.6s
#5 sha256:0bbd8b48260f38a14e012ec233c3e934d9caea30f11ddb2df58577790263c123 198.18MB / 214.84MB 3.8s
#5 extracting sha256:9a0b0ce99936ce4861d44ce1f193e881e5b40b5bf1847627061205b092fa7f1d 2.9s done
#5 extracting sha256:db3b6004c61a0e86fbf910b9b4a6611ae79e238a336011a1b5f9b177d85cbf9d
#5 sha256:0bbd8b48260f38a14e012ec233c3e934d9caea30f11ddb2df58577790263c123 214.84MB / 214.84MB 4.1s
#5 extracting sha256:db3b6004c61a0e86fbf910b9b4a6611ae79e238a336011a1b5f9b177d85cbf9d 0.5s done
#5 sha256:0bbd8b48260f38a14e012ec233c3e934d9caea30f11ddb2df58577790263c123 214.84MB / 214.84MB 4.7s done
#5 extracting sha256:f8f0759202953be4b156f44bba90b682b61f985f9bbc60e7262b216f70dabb96 0.1s
#5 extracting sha256:f8f0759202953be4b156f44bba90b682b61f985f9bbc60e7262b216f70dabb96 0.1s done
#5 extracting sha256:6ef14aff1139e1065ec0928ae1c07f2cff8c2b35e760f4b463df5c64e6ea1101 0.1s
#5 extracting sha256:6ef14aff1139e1065ec0928ae1c07f2cff8c2b35e760f4b463df5c64e6ea1101 2.9s done
#5 extracting sha256:0bbd8b48260f38a14e012ec233c3e934d9caea30f11ddb2df58577790263c123
#5 extracting sha256:0bbd8b48260f38a14e012ec233c3e934d9caea30f11ddb2df58577790263c123 5.1s
#5 extracting sha256:0bbd8b48260f38a14e012ec233c3e934d9caea30f11ddb2df58577790263c123 9.6s done
#5 extracting sha256:9f9509d27b35a09103075ccc8d35117e0a6c6e3f86435b9a59265b48b7854a2d
#5 extracting sha256:9f9509d27b35a09103075ccc8d35117e0a6c6e3f86435b9a59265b48b7854a2d 0.3s done
#5 extracting sha256:f300a57cfca1e8d886fb60940651732c53ad5042d0b60a9c1e7320a5eef0a7ce 0.1s
#5 extracting sha256:f300a57cfca1e8d886fb60940651732c53ad5042d0b60a9c1e7320a5eef0a7ce 1.0s done
#5 extracting sha256:21507b32fc6d3b1489b188a5fca4741b231218d3334f8ee06e4b8960740d47ed done
#5 extracting sha256:861289d3f5cf0b43cd92837ca4cfcc557626003bbce495b82e190d94fb42f767
#5 extracting sha256:861289d3f5cf0b43cd92837ca4cfcc557626003bbce495b82e190d94fb42f767 0.2s done
#5 DONE 19.7s

#7 [2/7] RUN apt-get update && apt-get install -y python3-pip
#7 0.203 Ign:1 http://security.debian.org/debian-security stretch/updates InRelease
#7 0.217 Ign:2 http://security.debian.org/debian-security stretch/updates Release
#7 0.221 Ign:3 http://deb.debian.org/debian stretch InRelease
#7 0.229 Ign:4 http://deb.debian.org/debian stretch-updates InRelease
#7 0.229 Ign:5 http://security.debian.org/debian-security stretch/updates/main amd64 Packages
#7 0.240 Ign:6 http://security.debian.org/debian-security stretch/updates/main all Packages
#7 0.240 Ign:7 http://deb.debian.org/debian stretch Release
#7 0.250 Ign:8 http://deb.debian.org/debian stretch-updates Release
#7 0.250 Ign:5 http://security.debian.org/debian-security stretch/updates/main amd64 Packages
#7 0.262 Ign:6 http://security.debian.org/debian-security stretch/updates/main all Packages
#7 0.273 Ign:5 http://security.debian.org/debian-security stretch/updates/main amd64 Packages
#7 0.284 Ign:6 http://security.debian.org/debian-security stretch/updates/main all Packages
#7 0.296 Ign:5 http://security.debian.org/debian-security stretch/updates/main amd64 Packages
#7 0.308 Ign:6 http://security.debian.org/debian-security stretch/updates/main all Packages
#7 0.320 Ign:5 http://security.debian.org/debian-security stretch/updates/main amd64 Packages
#7 0.329 Ign:6 http://security.debian.org/debian-security stretch/updates/main all Packages
#7 0.341 Err:5 http://security.debian.org/debian-security stretch/updates/main amd64 Packages
#7 0.341   404  Not Found
#7 0.353 Ign:6 http://security.debian.org/debian-security stretch/updates/main all Packages
#7 0.398 Ign:9 http://deb.debian.org/debian stretch/main all Packages
#7 0.406 Ign:10 http://deb.debian.org/debian stretch/main amd64 Packages
#7 0.415 Ign:11 http://deb.debian.org/debian stretch-updates/main amd64 Packages
#7 0.425 Ign:12 http://deb.debian.org/debian stretch-updates/main all Packages
#7 0.432 Ign:9 http://deb.debian.org/debian stretch/main all Packages
#7 0.442 Ign:10 http://deb.debian.org/debian stretch/main amd64 Packages
#7 0.452 Ign:11 http://deb.debian.org/debian stretch-updates/main amd64 Packages
#7 0.460 Ign:12 http://deb.debian.org/debian stretch-updates/main all Packages
#7 0.469 Ign:9 http://deb.debian.org/debian stretch/main all Packages
#7 0.479 Ign:10 http://deb.debian.org/debian stretch/main amd64 Packages
#7 0.488 Ign:11 http://deb.debian.org/debian stretch-updates/main amd64 Packages
#7 0.497 Ign:12 http://deb.debian.org/debian stretch-updates/main all Packages
#7 0.505 Ign:9 http://deb.debian.org/debian stretch/main all Packages
#7 0.514 Ign:10 http://deb.debian.org/debian stretch/main amd64 Packages
#7 0.523 Ign:11 http://deb.debian.org/debian stretch-updates/main amd64 Packages
#7 0.531 Ign:12 http://deb.debian.org/debian stretch-updates/main all Packages
#7 0.538 Ign:9 http://deb.debian.org/debian stretch/main all Packages
#7 0.547 Ign:10 http://deb.debian.org/debian stretch/main amd64 Packages
#7 0.555 Ign:11 http://deb.debian.org/debian stretch-updates/main amd64 Packages
#7 0.566 Ign:12 http://deb.debian.org/debian stretch-updates/main all Packages
#7 0.575 Ign:9 http://deb.debian.org/debian stretch/main all Packages
#7 0.591 Err:10 http://deb.debian.org/debian stretch/main amd64 Packages
#7 0.591   404  Not Found
#7 0.601 Err:11 http://deb.debian.org/debian stretch-updates/main amd64 Packages
#7 0.601   404  Not Found
#7 0.609 Ign:12 http://deb.debian.org/debian stretch-updates/main all Packages
#7 0.612 Reading package lists...
#7 0.623 W: The repository 'http://security.debian.org/debian-security stretch/updates Release' does not have a Release file.
#7 0.623 W: The repository 'http://deb.debian.org/debian stretch Release' does not have a Release file.
#7 0.623 W: The repository 'http://deb.debian.org/debian stretch-updates Release' does not have a Release file.
#7 0.623 E: Failed to fetch http://security.debian.org/debian-security/dists/stretch/updates/main/binary-amd64/Packages  404  Not Found
#7 0.623 E: Failed to fetch http://deb.debian.org/debian/dists/stretch/main/binary-amd64/Packages  404  Not Found
#7 0.623 E: Failed to fetch http://deb.debian.org/debian/dists/stretch-updates/main/binary-amd64/Packages  404  Not Found
#7 0.623 E: Some index files failed to download. They have been ignored, or old ones used instead.
#7 ERROR: process "/bin/sh -c apt-get update && apt-get install -y python3-pip" did not complete successfully: exit code: 100
------
 > [2/7] RUN apt-get update && apt-get install -y python3-pip:
0.601   404  Not Found
0.609 Ign:12 http://deb.debian.org/debian stretch-updates/main all Packages
0.612 Reading package lists...
0.623 W: The repository 'http://security.debian.org/debian-security stretch/updates Release' does not have a Release file.
0.623 W: The repository 'http://deb.debian.org/debian stretch Release' does not have a Release file.
0.623 W: The repository 'http://deb.debian.org/debian stretch-updates Release' does not have a Release file.
0.623 E: Failed to fetch http://security.debian.org/debian-security/dists/stretch/updates/main/binary-amd64/Packages  404  Not Found
0.623 E: Failed to fetch http://deb.debian.org/debian/dists/stretch/main/binary-amd64/Packages  404  Not Found
0.623 E: Failed to fetch http://deb.debian.org/debian/dists/stretch-updates/main/binary-amd64/Packages  404  Not Found
0.623 E: Some index files failed to download. They have been ignored, or old ones used instead.
------
v1_Dockerfile:5
--------------------
   3 |     
   4 |     # Ensure the package list is updated and install dependencies
   5 | >>> RUN apt-get update && apt-get install -y python3-pip
   6 |     
   7 |     # Upgrade pip to the latest version to avoid potential issues
--------------------
ERROR: failed to solve: process "/bin/sh -c apt-get update && apt-get install -y python3-pip" did not complete successfully: exit code: 100
Duration: 0:28.39