#0 building with "default" instance using docker driver

#1 [internal] load build definition from v1_Dockerfile
#1 transferring dockerfile: 444B done
#1 DONE 0.0s

#2 [auth] library/golang:pull token for registry-1.docker.io
#2 DONE 0.0s

#3 [internal] load metadata for docker.io/library/golang:1.10-stretch
#3 ...

#4 [internal] load metadata for docker.io/library/debian:stretch-slim
#4 DONE 0.6s

#3 [internal] load metadata for docker.io/library/golang:1.10-stretch
#3 DONE 0.9s

#5 [internal] load .dockerignore
#5 transferring context: 2B done
#5 DONE 0.0s

#6 [internal] load build context
#6 transferring context: 4.99kB done
#6 DONE 0.0s

#7 [stage-1 1/4] FROM docker.io/library/debian:stretch-slim@sha256:abaa313c7e1dfe16069a1a42fa254014780f165d4fd084844602edbe29915e70
#7 resolve docker.io/library/debian:stretch-slim@sha256:abaa313c7e1dfe16069a1a42fa254014780f165d4fd084844602edbe29915e70 0.0s done
#7 sha256:c5cd3ffceeb25b683bf5111ea89bf8049a177e00fb237235d48076a19cc80097 529B / 529B done
#7 sha256:0e23ec2ce5e621c0e8fa57a53c7781d59d57de8c139a8a351b7236530cd85ec2 1.46kB / 1.46kB done
#7 sha256:bff3e048017eab8adaed886bad4b3c5c81f7d952b65b056dca8d6dbc198222dd 0B / 22.57MB 0.1s
#7 sha256:abaa313c7e1dfe16069a1a42fa254014780f165d4fd084844602edbe29915e70 1.21kB / 1.21kB done
#7 sha256:bff3e048017eab8adaed886bad4b3c5c81f7d952b65b056dca8d6dbc198222dd 7.34MB / 22.57MB 0.2s
#7 sha256:bff3e048017eab8adaed886bad4b3c5c81f7d952b65b056dca8d6dbc198222dd 12.58MB / 22.57MB 0.3s
#7 sha256:bff3e048017eab8adaed886bad4b3c5c81f7d952b65b056dca8d6dbc198222dd 19.92MB / 22.57MB 0.5s
#7 sha256:bff3e048017eab8adaed886bad4b3c5c81f7d952b65b056dca8d6dbc198222dd 22.57MB / 22.57MB 0.6s
#7 sha256:bff3e048017eab8adaed886bad4b3c5c81f7d952b65b056dca8d6dbc198222dd 22.57MB / 22.57MB 0.6s done
#7 extracting sha256:bff3e048017eab8adaed886bad4b3c5c81f7d952b65b056dca8d6dbc198222dd
#7 extracting sha256:bff3e048017eab8adaed886bad4b3c5c81f7d952b65b056dca8d6dbc198222dd 2.1s done
#7 DONE 2.9s

#8 [stage-1 2/4] RUN apt-get update && apt-get install --no-install-recommends -y ca-certificates git && rm -rf /var/lib/apt/lists/*;
#8 0.254 Ign:1 http://security.debian.org/debian-security stretch/updates InRelease
#8 0.255 Ign:2 http://deb.debian.org/debian stretch InRelease
#8 0.265 Ign:3 http://security.debian.org/debian-security stretch/updates Release
#8 0.265 Ign:4 http://deb.debian.org/debian stretch-updates InRelease
#8 0.275 Ign:5 http://security.debian.org/debian-security stretch/updates/main all Packages
#8 0.276 Ign:6 http://deb.debian.org/debian stretch Release
#8 0.285 Ign:7 http://deb.debian.org/debian stretch-updates Release
#8 0.285 Ign:8 http://security.debian.org/debian-security stretch/updates/main amd64 Packages
#8 0.295 Ign:5 http://security.debian.org/debian-security stretch/updates/main all Packages
#8 0.307 Ign:8 http://security.debian.org/debian-security stretch/updates/main amd64 Packages
#8 0.319 Ign:5 http://security.debian.org/debian-security stretch/updates/main all Packages
#8 0.328 Ign:8 http://security.debian.org/debian-security stretch/updates/main amd64 Packages
#8 0.339 Ign:5 http://security.debian.org/debian-security stretch/updates/main all Packages
#8 0.349 Ign:8 http://security.debian.org/debian-security stretch/updates/main amd64 Packages
#8 0.362 Ign:5 http://security.debian.org/debian-security stretch/updates/main all Packages
#8 0.374 Ign:8 http://security.debian.org/debian-security stretch/updates/main amd64 Packages
#8 0.386 Ign:5 http://security.debian.org/debian-security stretch/updates/main all Packages
#8 0.397 Err:8 http://security.debian.org/debian-security stretch/updates/main amd64 Packages
#8 0.397   404  Not Found [IP: 151.101.130.132 80]
#8 0.435 Ign:9 http://deb.debian.org/debian stretch/main all Packages
#8 0.444 Ign:10 http://deb.debian.org/debian stretch/main amd64 Packages
#8 0.456 Ign:11 http://deb.debian.org/debian stretch-updates/main amd64 Packages
#8 0.613 Ign:12 http://deb.debian.org/debian stretch-updates/main all Packages
#8 0.623 Ign:9 http://deb.debian.org/debian stretch/main all Packages
#8 0.634 Ign:10 http://deb.debian.org/debian stretch/main amd64 Packages
#8 0.644 Ign:11 http://deb.debian.org/debian stretch-updates/main amd64 Packages
#8 0.655 Ign:12 http://deb.debian.org/debian stretch-updates/main all Packages
#8 0.667 Ign:9 http://deb.debian.org/debian stretch/main all Packages
#8 0.677 Ign:10 http://deb.debian.org/debian stretch/main amd64 Packages
#8 0.687 Ign:11 http://deb.debian.org/debian stretch-updates/main amd64 Packages
#8 0.696 Ign:12 http://deb.debian.org/debian stretch-updates/main all Packages
#8 0.706 Ign:9 http://deb.debian.org/debian stretch/main all Packages
#8 0.716 Ign:10 http://deb.debian.org/debian stretch/main amd64 Packages
#8 0.726 Ign:11 http://deb.debian.org/debian stretch-updates/main amd64 Packages
#8 0.738 Ign:12 http://deb.debian.org/debian stretch-updates/main all Packages
#8 0.748 Ign:9 http://deb.debian.org/debian stretch/main all Packages
#8 0.761 Ign:10 http://deb.debian.org/debian stretch/main amd64 Packages
#8 0.770 Ign:11 http://deb.debian.org/debian stretch-updates/main amd64 Packages
#8 0.783 Ign:12 http://deb.debian.org/debian stretch-updates/main all Packages
#8 0.795 Ign:9 http://deb.debian.org/debian stretch/main all Packages
#8 0.813 Err:10 http://deb.debian.org/debian stretch/main amd64 Packages
#8 0.813   404  Not Found
#8 0.823 Err:11 http://deb.debian.org/debian stretch-updates/main amd64 Packages
#8 0.823   404  Not Found
#8 0.835 Ign:12 http://deb.debian.org/debian stretch-updates/main all Packages
#8 0.837 Reading package lists...
#8 0.845 W: The repository 'http://security.debian.org/debian-security stretch/updates Release' does not have a Release file.
#8 0.845 W: The repository 'http://deb.debian.org/debian stretch Release' does not have a Release file.
#8 0.845 W: The repository 'http://deb.debian.org/debian stretch-updates Release' does not have a Release file.
#8 0.845 E: Failed to fetch http://security.debian.org/debian-security/dists/stretch/updates/main/binary-amd64/Packages  404  Not Found [IP: 151.101.130.132 80]
#8 0.845 E: Failed to fetch http://deb.debian.org/debian/dists/stretch/main/binary-amd64/Packages  404  Not Found
#8 0.845 E: Failed to fetch http://deb.debian.org/debian/dists/stretch-updates/main/binary-amd64/Packages  404  Not Found
#8 0.845 E: Some index files failed to download. They have been ignored, or old ones used instead.
#8 ERROR: process "/bin/sh -c apt-get update && apt-get install --no-install-recommends -y ca-certificates git && rm -rf /var/lib/apt/lists/*;" did not complete successfully: exit code: 100

#9 [builder 1/5] FROM docker.io/library/golang:1.10-stretch@sha256:38d06fda52c0bb3682c0b373fe056ced88b70e8b297ea4da9fac661f5b13d71b
#9 resolve docker.io/library/golang:1.10-stretch@sha256:38d06fda52c0bb3682c0b373fe056ced88b70e8b297ea4da9fac661f5b13d71b 0.0s done
#9 sha256:6fd1f7edb6ab06a00b9d8a68836202042694651c5963f463afca8b76a693e099 5.47kB / 5.47kB done
#9 sha256:38d06fda52c0bb3682c0b373fe056ced88b70e8b297ea4da9fac661f5b13d71b 2.04kB / 2.04kB done
#9 sha256:eac40ba14416262e26def90a2d6f10d6ff579ea61c267963f6cbfbbe63b0ea7b 1.80kB / 1.80kB done
#9 sha256:741437d97401b83849ccbfe4ed8964049b752081647d7f1ea8aea29d989f8968 45.34MB / 45.34MB 1.5s done
#9 sha256:34d8874714d74b636739b8a52204650a664fca8ff9741dd66810f30196f103e2 10.78MB / 10.78MB 0.6s done
#9 sha256:0a108aa2667933b852b8d003f97b344d014fcd7e06a0c0e6e04f2d6906738388 4.34MB / 4.34MB 1.0s done
#9 sha256:7f0334c36886bd4619e8d05ccf68003e53b0b6098b2166a216bd009dba678ed8 50.06MB / 50.06MB 2.0s done
#9 sha256:d35724ed4672cc1ac62dca685634f02297e306fd1920dd76996799c00b728cbb 57.62MB / 57.62MB 2.6s done
#9 sha256:c0eaf021aeaf304faaa8b6cb5a967532e83d0c9af364ab091bb947943e31c874 102.19MB / 102.19MB 3.3s done
#9 extracting sha256:741437d97401b83849ccbfe4ed8964049b752081647d7f1ea8aea29d989f8968 2.8s
#9 sha256:d3d9c96611f1f779cd0bf0d343ff910d5bc1aafb180b4e3aac7190db8269a829 126B / 126B 2.1s done
------
 > [stage-1 2/4] RUN apt-get update && apt-get install --no-install-recommends -y ca-certificates git && rm -rf /var/lib/apt/lists/*;:
0.823   404  Not Found
0.835 Ign:12 http://deb.debian.org/debian stretch-updates/main all Packages
0.837 Reading package lists...
0.845 W: The repository 'http://security.debian.org/debian-security stretch/updates Release' does not have a Release file.
0.845 W: The repository 'http://deb.debian.org/debian stretch Release' does not have a Release file.
0.845 W: The repository 'http://deb.debian.org/debian stretch-updates Release' does not have a Release file.
0.845 E: Failed to fetch http://security.debian.org/debian-security/dists/stretch/updates/main/binary-amd64/Packages  404  Not Found [IP: 151.101.130.132 80]
0.845 E: Failed to fetch http://deb.debian.org/debian/dists/stretch/main/binary-amd64/Packages  404  Not Found
0.845 E: Failed to fetch http://deb.debian.org/debian/dists/stretch-updates/main/binary-amd64/Packages  404  Not Found
0.845 E: Some index files failed to download. They have been ignored, or old ones used instead.
------
v1_Dockerfile:9
--------------------
   7 |     
   8 |     FROM debian:stretch-slim
   9 | >>> RUN apt-get update && apt-get install --no-install-recommends -y ca-certificates git && rm -rf /var/lib/apt/lists/*;
  10 |     COPY --from=builder /build/update /root/
  11 |     COPY auto.sh /root/
--------------------
ERROR: failed to solve: process "/bin/sh -c apt-get update && apt-get install --no-install-recommends -y ca-certificates git && rm -rf /var/lib/apt/lists/*;" did not complete successfully: exit code: 100
Duration: 0:5.82