#0 building with "default" instance using docker driver

#1 [internal] load build definition from v2_Dockerfile
#1 transferring dockerfile:
#1 transferring dockerfile: 601B done
#1 DONE 0.4s

#2 [internal] load .dockerignore
#2 transferring context: 2B done
#2 DONE 0.5s

#3 [internal] load metadata for docker.io/library/python:3.8.1-alpine3.11
#3 DONE 1.1s

#4 [1/5] FROM docker.io/library/python:3.8.1-alpine3.11@sha256:50c60fffe5451e18af2c53d75b6864b5a0fcb458e239302cc218064ce4946ce7
#4 resolve docker.io/library/python:3.8.1-alpine3.11@sha256:50c60fffe5451e18af2c53d75b6864b5a0fcb458e239302cc218064ce4946ce7
#4 resolve docker.io/library/python:3.8.1-alpine3.11@sha256:50c60fffe5451e18af2c53d75b6864b5a0fcb458e239302cc218064ce4946ce7 0.3s done
#4 ...

#5 [internal] load build context
#5 transferring context: 3.43kB done
#5 DONE 0.4s

#4 [1/5] FROM docker.io/library/python:3.8.1-alpine3.11@sha256:50c60fffe5451e18af2c53d75b6864b5a0fcb458e239302cc218064ce4946ce7
#4 sha256:50c60fffe5451e18af2c53d75b6864b5a0fcb458e239302cc218064ce4946ce7 1.65kB / 1.65kB done
#4 sha256:8201994534b8574f71075e68ab6a356ed5f323b7eb6e2bc10e6a1349805431ae 1.37kB / 1.37kB done
#4 sha256:a1cd5654cf3ce767a9370886016b90604827da9ad3eb9f170389a23bab8f6c0f 7.11kB / 7.11kB done
#4 sha256:c9b1b535fdd91a9855fb7f82348177e5f019329a58c53c47272962dd60f71fc9 0B / 2.80MB 0.2s
#4 sha256:2cc5ad85d9abaadf23d5ae53c3f32e7ccb2df1956869980bfd2491ff396d348a 301.26kB / 301.26kB 0.2s done
#4 sha256:61614c1a5710c76af6b2a9c7170a81eb0dd76ccf90e921abc0c9dcc1d5ed490e 0B / 31.51MB 0.2s
#4 sha256:c9b1b535fdd91a9855fb7f82348177e5f019329a58c53c47272962dd60f71fc9 2.80MB / 2.80MB 0.3s
#4 sha256:0522d30cde10ac29ae2c555b9bde76c2b50aafc7ef7435bbc7e19de706bcadcd 0B / 230B 0.3s
#4 extracting sha256:c9b1b535fdd91a9855fb7f82348177e5f019329a58c53c47272962dd60f71fc9
#4 sha256:c9b1b535fdd91a9855fb7f82348177e5f019329a58c53c47272962dd60f71fc9 2.80MB / 2.80MB 0.3s done
#4 sha256:61614c1a5710c76af6b2a9c7170a81eb0dd76ccf90e921abc0c9dcc1d5ed490e 2.10MB / 31.51MB 0.4s
#4 sha256:0522d30cde10ac29ae2c555b9bde76c2b50aafc7ef7435bbc7e19de706bcadcd 230B / 230B 0.4s
#4 sha256:938854eeb444c026810a9a4a73d3ed5e4dfba91570f1e07b1331cd979c541c17 0B / 1.89MB 0.4s
#4 sha256:61614c1a5710c76af6b2a9c7170a81eb0dd76ccf90e921abc0c9dcc1d5ed490e 4.19MB / 31.51MB 0.5s
#4 sha256:0522d30cde10ac29ae2c555b9bde76c2b50aafc7ef7435bbc7e19de706bcadcd 230B / 230B 0.4s done
#4 sha256:61614c1a5710c76af6b2a9c7170a81eb0dd76ccf90e921abc0c9dcc1d5ed490e 10.49MB / 31.51MB 0.7s
#4 extracting sha256:c9b1b535fdd91a9855fb7f82348177e5f019329a58c53c47272962dd60f71fc9 0.2s done
#4 sha256:938854eeb444c026810a9a4a73d3ed5e4dfba91570f1e07b1331cd979c541c17 1.89MB / 1.89MB 0.6s done
#4 sha256:61614c1a5710c76af6b2a9c7170a81eb0dd76ccf90e921abc0c9dcc1d5ed490e 12.58MB / 31.51MB 0.8s
#4 extracting sha256:2cc5ad85d9abaadf23d5ae53c3f32e7ccb2df1956869980bfd2491ff396d348a 0.1s
#4 sha256:61614c1a5710c76af6b2a9c7170a81eb0dd76ccf90e921abc0c9dcc1d5ed490e 23.07MB / 31.51MB 1.0s
#4 extracting sha256:2cc5ad85d9abaadf23d5ae53c3f32e7ccb2df1956869980bfd2491ff396d348a 0.1s done
#4 sha256:61614c1a5710c76af6b2a9c7170a81eb0dd76ccf90e921abc0c9dcc1d5ed490e 28.31MB / 31.51MB 1.2s
#4 sha256:61614c1a5710c76af6b2a9c7170a81eb0dd76ccf90e921abc0c9dcc1d5ed490e 31.51MB / 31.51MB 1.3s
#4 sha256:61614c1a5710c76af6b2a9c7170a81eb0dd76ccf90e921abc0c9dcc1d5ed490e 31.51MB / 31.51MB 1.8s done
#4 extracting sha256:61614c1a5710c76af6b2a9c7170a81eb0dd76ccf90e921abc0c9dcc1d5ed490e
#4 extracting sha256:61614c1a5710c76af6b2a9c7170a81eb0dd76ccf90e921abc0c9dcc1d5ed490e 3.0s done
#4 extracting sha256:0522d30cde10ac29ae2c555b9bde76c2b50aafc7ef7435bbc7e19de706bcadcd
#4 extracting sha256:0522d30cde10ac29ae2c555b9bde76c2b50aafc7ef7435bbc7e19de706bcadcd done
#4 extracting sha256:938854eeb444c026810a9a4a73d3ed5e4dfba91570f1e07b1331cd979c541c17
#4 extracting sha256:938854eeb444c026810a9a4a73d3ed5e4dfba91570f1e07b1331cd979c541c17 0.2s done
#4 DONE 7.0s

#6 [2/5] COPY includes/requirements.txt /
#6 DONE 2.6s

#7 [3/5] RUN apk add --no-cache tzdata     && apk add --no-cache --virtual .build-deps gcc musl-dev libffi-dev     && pip install --upgrade pip     && pip install --no-cache-dir --no-build-isolation --no-use-pep517 -r /requirements.txt     && apk del .build-deps     && addgroup -g 1000 holiday     && adduser -D -u 1000 -G holiday holiday     && rm /requirements.txt
#7 0.628 fetch http://dl-cdn.alpinelinux.org/alpine/v3.11/main/x86_64/APKINDEX.tar.gz
#7 0.832 fetch http://dl-cdn.alpinelinux.org/alpine/v3.11/community/x86_64/APKINDEX.tar.gz
#7 1.086 (1/1) Installing tzdata (2021e-r0)
#7 1.265 Executing busybox-1.31.1-r9.trigger
#7 1.273 OK: 21 MiB in 36 packages
#7 1.304 fetch http://dl-cdn.alpinelinux.org/alpine/v3.11/main/x86_64/APKINDEX.tar.gz
#7 1.355 fetch http://dl-cdn.alpinelinux.org/alpine/v3.11/community/x86_64/APKINDEX.tar.gz
#7 1.461 (1/16) Upgrading musl (1.1.24-r0 -> 1.1.24-r3)
#7 1.471 (2/16) Installing libgcc (9.3.0-r0)
#7 1.476 (3/16) Installing libstdc++ (9.3.0-r0)
#7 1.492 (4/16) Installing binutils (2.33.1-r1)
#7 1.596 (5/16) Installing gmp (6.1.2-r1)
#7 1.605 (6/16) Installing isl (0.18-r0)
#7 1.632 (7/16) Installing libgomp (9.3.0-r0)
#7 1.645 (8/16) Installing libatomic (9.3.0-r0)
#7 1.652 (9/16) Installing mpfr4 (4.0.2-r1)
#7 1.660 (10/16) Installing mpc1 (1.1.0-r1)
#7 1.664 (11/16) Installing gcc (9.3.0-r0)
#7 2.521 (12/16) Installing musl-dev (1.1.24-r3)
#7 2.631 (13/16) Installing linux-headers (4.19.36-r0)
#7 2.816 (14/16) Installing pkgconf (1.6.3-r0)
#7 2.822 (15/16) Installing libffi-dev (3.2.1-r6)
#7 2.826 (16/16) Installing .build-deps (20240730.221138)
#7 2.827 Executing busybox-1.31.1-r9.trigger
#7 2.835 OK: 134 MiB in 51 packages
#7 4.877 Collecting pip
#7 4.913   Downloading pip-24.2-py3-none-any.whl (1.8 MB)
#7 5.211 Installing collected packages: pip
#7 5.211   Attempting uninstall: pip
#7 5.212     Found existing installation: pip 20.0.2
#7 5.397     Uninstalling pip-20.0.2:
#7 5.686       Successfully uninstalled pip-20.0.2
#7 7.163 Successfully installed pip-24.2
#7 8.039 Collecting pyyaml==5.4 (from -r /requirements.txt (line 1))
#7 8.066   Downloading PyYAML-5.4.tar.gz (174 kB)
#7 8.443 ERROR: Disabling PEP 517 processing is invalid: project specifies a build backend of setuptools.build_meta in pyproject.toml
#7 ERROR: process "/bin/sh -c apk add --no-cache tzdata     && apk add --no-cache --virtual .build-deps gcc musl-dev libffi-dev     && pip install --upgrade pip     && pip install --no-cache-dir --no-build-isolation --no-use-pep517 -r /requirements.txt     && apk del .build-deps     && addgroup -g 1000 holiday     && adduser -D -u 1000 -G holiday holiday     && rm /requirements.txt" did not complete successfully: exit code: 1
------
 > [3/5] RUN apk add --no-cache tzdata     && apk add --no-cache --virtual .build-deps gcc musl-dev libffi-dev     && pip install --upgrade pip     && pip install --no-cache-dir --no-build-isolation --no-use-pep517 -r /requirements.txt     && apk del .build-deps     && addgroup -g 1000 holiday     && adduser -D -u 1000 -G holiday holiday     && rm /requirements.txt:
4.913   Downloading pip-24.2-py3-none-any.whl (1.8 MB)
5.211 Installing collected packages: pip
5.211   Attempting uninstall: pip
5.212     Found existing installation: pip 20.0.2
5.397     Uninstalling pip-20.0.2:
5.686       Successfully uninstalled pip-20.0.2
7.163 Successfully installed pip-24.2
8.039 Collecting pyyaml==5.4 (from -r /requirements.txt (line 1))
8.066   Downloading PyYAML-5.4.tar.gz (174 kB)
8.443 ERROR: Disabling PEP 517 processing is invalid: project specifies a build backend of setuptools.build_meta in pyproject.toml
------
v2_Dockerfile:4
--------------------
   3 |     COPY includes/requirements.txt /
   4 | >>> RUN apk add --no-cache tzdata \
   5 | >>>     && apk add --no-cache --virtual .build-deps gcc musl-dev libffi-dev \
   6 | >>>     && pip install --upgrade pip \
   7 | >>>     && pip install --no-cache-dir --no-build-isolation --no-use-pep517 -r /requirements.txt \
   8 | >>>     && apk del .build-deps \
   9 | >>>     && addgroup -g 1000 holiday \
  10 | >>>     && adduser -D -u 1000 -G holiday holiday \
  11 | >>>     && rm /requirements.txt
  12 |     
--------------------
ERROR: failed to solve: process "/bin/sh -c apk add --no-cache tzdata     && apk add --no-cache --virtual .build-deps gcc musl-dev libffi-dev     && pip install --upgrade pip     && pip install --no-cache-dir --no-build-isolation --no-use-pep517 -r /requirements.txt     && apk del .build-deps     && addgroup -g 1000 holiday     && adduser -D -u 1000 -G holiday holiday     && rm /requirements.txt" did not complete successfully: exit code: 1
Duration: 0:23.03