#0 building with "default" instance using docker driver

#1 [internal] load build definition from v2_Dockerfile
#1 transferring dockerfile:
#1 transferring dockerfile: 361B done
#1 DONE 0.6s

#2 [internal] load .dockerignore
#2 transferring context: 62B done
#2 DONE 0.7s

#3 [internal] load metadata for docker.io/library/node:17-alpine
#3 DONE 0.4s

#4 [stage-1 1/5] FROM docker.io/library/node:17-alpine@sha256:76e638eb0d73ac5f0b76d70df3ce1ddad941ac63595d44092b625e2cd557ddbf
#4 resolve docker.io/library/node:17-alpine@sha256:76e638eb0d73ac5f0b76d70df3ce1ddad941ac63595d44092b625e2cd557ddbf 0.1s done
#4 sha256:76e638eb0d73ac5f0b76d70df3ce1ddad941ac63595d44092b625e2cd557ddbf 1.43kB / 1.43kB done
#4 sha256:c7bde48048debf58dba50f8d2ba674854bdf7dfc8c43bd468f19a5212facfdbe 1.16kB / 1.16kB done
#4 sha256:57488723f0872b65eb586f4fde54d5c25c16cde94da3bde8b338cf2af2aceb1c 6.67kB / 6.67kB done
#4 sha256:df9b9388f04ad6279a7410b85cedfdcb2208c0a003da7ab5613af71079148139 0B / 2.81MB 0.1s
#4 sha256:1bedfac31d6a1e001d4e5d45ea1aba8f53e5f54b5555ce2c415a65a7041b074f 0B / 45.89MB 0.2s
#4 sha256:6463b5f3dbb1d524374fd51f430ea4837e794edd1c508bad449f93a86be57ccb 0B / 2.34MB 0.2s
#4 sha256:df9b9388f04ad6279a7410b85cedfdcb2208c0a003da7ab5613af71079148139 1.05MB / 2.81MB 0.4s
#4 sha256:1bedfac31d6a1e001d4e5d45ea1aba8f53e5f54b5555ce2c415a65a7041b074f 5.24MB / 45.89MB 0.4s
#4 sha256:6463b5f3dbb1d524374fd51f430ea4837e794edd1c508bad449f93a86be57ccb 2.34MB / 2.34MB 0.4s
#4 sha256:df9b9388f04ad6279a7410b85cedfdcb2208c0a003da7ab5613af71079148139 2.81MB / 2.81MB 0.5s
#4 sha256:1bedfac31d6a1e001d4e5d45ea1aba8f53e5f54b5555ce2c415a65a7041b074f 14.68MB / 45.89MB 0.5s
#4 sha256:6463b5f3dbb1d524374fd51f430ea4837e794edd1c508bad449f93a86be57ccb 2.34MB / 2.34MB 0.5s done
#4 sha256:df9b9388f04ad6279a7410b85cedfdcb2208c0a003da7ab5613af71079148139 2.81MB / 2.81MB 0.6s done
#4 sha256:1bedfac31d6a1e001d4e5d45ea1aba8f53e5f54b5555ce2c415a65a7041b074f 23.07MB / 45.89MB 0.6s
#4 extracting sha256:df9b9388f04ad6279a7410b85cedfdcb2208c0a003da7ab5613af71079148139 0.1s
#4 sha256:1bedfac31d6a1e001d4e5d45ea1aba8f53e5f54b5555ce2c415a65a7041b074f 31.46MB / 45.89MB 0.7s
#4 sha256:885e68a88c76f90ebf7b390469107ac661410a590df8939c237fa720ca91efb3 0B / 451B 0.7s
#4 sha256:1bedfac31d6a1e001d4e5d45ea1aba8f53e5f54b5555ce2c415a65a7041b074f 44.04MB / 45.89MB 0.9s
#4 extracting sha256:df9b9388f04ad6279a7410b85cedfdcb2208c0a003da7ab5613af71079148139 0.2s done
#4 sha256:885e68a88c76f90ebf7b390469107ac661410a590df8939c237fa720ca91efb3 451B / 451B 0.8s done
#4 sha256:1bedfac31d6a1e001d4e5d45ea1aba8f53e5f54b5555ce2c415a65a7041b074f 45.89MB / 45.89MB 1.6s done
#4 extracting sha256:1bedfac31d6a1e001d4e5d45ea1aba8f53e5f54b5555ce2c415a65a7041b074f
#4 extracting sha256:1bedfac31d6a1e001d4e5d45ea1aba8f53e5f54b5555ce2c415a65a7041b074f 3.2s done
#4 extracting sha256:6463b5f3dbb1d524374fd51f430ea4837e794edd1c508bad449f93a86be57ccb
#4 extracting sha256:6463b5f3dbb1d524374fd51f430ea4837e794edd1c508bad449f93a86be57ccb 0.2s done
#4 extracting sha256:885e68a88c76f90ebf7b390469107ac661410a590df8939c237fa720ca91efb3
#4 extracting sha256:885e68a88c76f90ebf7b390469107ac661410a590df8939c237fa720ca91efb3 done
#4 DONE 7.0s

#5 [intermediate 2/2] RUN apk update &&     apk upgrade &&     apk add git &&     git clone https://github.com/htilly/zenmusic.git
#5 0.907 fetch https://dl-cdn.alpinelinux.org/alpine/v3.15/main/x86_64/APKINDEX.tar.gz
#5 1.147 fetch https://dl-cdn.alpinelinux.org/alpine/v3.15/community/x86_64/APKINDEX.tar.gz
#5 1.541 v3.15.11-7-g438bf8e758d [https://dl-cdn.alpinelinux.org/alpine/v3.15/main]
#5 1.541 v3.15.10-165-g73b5f3b6fbe [https://dl-cdn.alpinelinux.org/alpine/v3.15/community]
#5 1.541 OK: 15865 distinct packages available
#5 1.828 (1/8) Upgrading musl (1.2.2-r7 -> 1.2.2-r9)
#5 1.868 (2/8) Upgrading busybox (1.34.1-r5 -> 1.34.1-r7)
#5 1.884 Executing busybox-1.34.1-r7.post-upgrade
#5 1.897 (3/8) Upgrading ca-certificates-bundle (20211220-r0 -> 20230506-r0)
#5 1.905 (4/8) Upgrading libcrypto1.1 (1.1.1n-r0 -> 1.1.1w-r1)
#5 4.823 (5/8) Upgrading libssl1.1 (1.1.1n-r0 -> 1.1.1w-r1)
#5 4.831 (6/8) Upgrading ssl_client (1.34.1-r5 -> 1.34.1-r7)
#5 4.835 (7/8) Upgrading zlib (1.2.12-r0 -> 1.2.12-r3)
#5 4.846 (8/8) Upgrading musl-utils (1.2.2-r7 -> 1.2.2-r9)
#5 4.851 Executing busybox-1.34.1-r7.trigger
#5 4.855 OK: 7 MiB in 16 packages
#5 5.149 (1/7) Installing ca-certificates (20230506-r0)
#5 5.204 (2/7) Installing brotli-libs (1.0.9-r5)
#5 5.217 (3/7) Installing nghttp2-libs (1.46.0-r2)
#5 7.513 (4/7) Installing libcurl (8.5.0-r0)
#5 7.528 (5/7) Installing expat (2.5.0-r0)
#5 7.533 (6/7) Installing pcre2 (10.42-r0)
#5 7.545 (7/7) Installing git (2.34.8-r0)
#5 ...

#6 [stage-1 2/5] RUN mkdir app
#6 DONE 7.7s

#5 [intermediate 2/2] RUN apk update &&     apk upgrade &&     apk add git &&     git clone https://github.com/htilly/zenmusic.git
#5 7.759 Executing busybox-1.34.1-r7.trigger
#5 7.763 Executing ca-certificates-20230506-r0.trigger
#5 7.821 OK: 21 MiB in 23 packages
#5 7.863 Cloning into 'zenmusic'...
#5 DONE 9.7s

#7 [stage-1 3/5] COPY --from=intermediate /zenmusic /app
#7 DONE 0.7s

#8 [stage-1 4/5] WORKDIR /app
#8 DONE 0.5s

#9 [stage-1 5/5] RUN npm install --omit=dev
#9 6.005 
#9 6.005 > zenmusic@1.0.0 prepublish
#9 6.005 > npm run snyk-protect
#9 6.005 
#9 6.833 
#9 6.833 > zenmusic@1.0.0 snyk-protect
#9 6.833 > snyk protect
#9 6.833 
#9 8.791 Authentication failed. Please check the API token on https://snyk.io
#9 9.933 npm notice 
#9 9.933 npm notice New major version of npm available! 8.11.0 -> 10.8.2
#9 9.933 npm notice Changelog: <https://github.com/npm/cli/releases/tag/v10.8.2>
#9 9.933 npm notice Run `npm install -g npm@10.8.2` to update!
#9 9.933 npm notice 
#9 9.936 npm ERR! code 2
#9 9.936 npm ERR! path /app
#9 9.939 npm ERR! command failed
#9 9.939 npm ERR! command sh -c npm run snyk-protect
#9 9.940 
#9 9.940 npm ERR! A complete log of this run can be found in:
#9 9.940 npm ERR!     /root/.npm/_logs/2024-07-31T23_38_35_157Z-debug-0.log
#9 ERROR: process "/bin/sh -c npm install --omit=dev" did not complete successfully: exit code: 2
------
 > [stage-1 5/5] RUN npm install --omit=dev:
9.933 npm notice Changelog: <https://github.com/npm/cli/releases/tag/v10.8.2>
9.933 npm notice Run `npm install -g npm@10.8.2` to update!
9.933 npm notice 
9.936 npm ERR! code 2
9.936 npm ERR! path /app
9.939 npm ERR! command failed
9.939 npm ERR! command sh -c npm run snyk-protect
9.940 
9.940 npm ERR! A complete log of this run can be found in:
9.940 npm ERR!     /root/.npm/_logs/2024-07-31T23_38_35_157Z-debug-0.log
------
v2_Dockerfile:13
--------------------
  11 |     COPY --from=intermediate /zenmusic /app
  12 |     WORKDIR /app
  13 | >>> RUN npm install --omit=dev
  14 |     
  15 |     CMD [ "node", "index.js" ]
--------------------
ERROR: failed to solve: process "/bin/sh -c npm install --omit=dev" did not complete successfully: exit code: 2
Duration: 0:31.72