#0 building with "default" instance using docker driver

#1 [internal] load .dockerignore
#1 transferring context: 2B done
#1 DONE 0.4s

#2 [internal] load build definition from Dockerfile
#2 transferring dockerfile: 1.32kB done
#2 DONE 0.5s

#3 [internal] load metadata for docker.io/library/redis:3.2
#3 ...

#4 [auth] library/redis:pull token for registry-1.docker.io
#4 DONE 0.0s

#3 [internal] load metadata for docker.io/library/redis:3.2
#3 DONE 1.5s

#5 [internal] load build context
#5 DONE 0.0s

#6 [ 1/11] FROM docker.io/library/redis:3.2@sha256:7b0a40301bc1567205e6461c5bf94c38e1e1ad0169709e49132cafc47f6b51f3
#6 resolve docker.io/library/redis:3.2@sha256:7b0a40301bc1567205e6461c5bf94c38e1e1ad0169709e49132cafc47f6b51f3
#6 resolve docker.io/library/redis:3.2@sha256:7b0a40301bc1567205e6461c5bf94c38e1e1ad0169709e49132cafc47f6b51f3 0.2s done
#6 DONE 0.2s

#6 [ 1/11] FROM docker.io/library/redis:3.2@sha256:7b0a40301bc1567205e6461c5bf94c38e1e1ad0169709e49132cafc47f6b51f3
#6 sha256:7b0a40301bc1567205e6461c5bf94c38e1e1ad0169709e49132cafc47f6b51f3 2.37kB / 2.37kB done
#6 sha256:562e944371527d6e11d396fe43fde17c30e28c25c23561b2322db3905cbc71dd 1.57kB / 1.57kB done
#6 sha256:87856cc39862cec77541d68382e4867d7ccb29a85a17221446c857ddaebca916 5.86kB / 5.86kB done
#6 sha256:f17d81b4b692f7e0d6c1176c86b81d9f2cb5ac5349703adca51c61debcfe413c 0B / 22.49MB 0.3s
#6 ...

#5 [internal] load build context
#5 transferring context: 307B 0.1s done
#5 DONE 0.5s

#6 [ 1/11] FROM docker.io/library/redis:3.2@sha256:7b0a40301bc1567205e6461c5bf94c38e1e1ad0169709e49132cafc47f6b51f3
#6 sha256:f17d81b4b692f7e0d6c1176c86b81d9f2cb5ac5349703adca51c61debcfe413c 4.19MB / 22.49MB 0.4s
#6 sha256:b3247409875798b846053cdc995cd766fedae8f94e2d78dc1b5276abc8546673 0B / 1.74kB 0.4s
#6 sha256:f17d81b4b692f7e0d6c1176c86b81d9f2cb5ac5349703adca51c61debcfe413c 14.68MB / 22.49MB 0.6s
#6 sha256:b3247409875798b846053cdc995cd766fedae8f94e2d78dc1b5276abc8546673 1.74kB / 1.74kB 0.5s done
#6 sha256:8980cabe8bc2f8337a120768556d2068f45dec94847c8ae007fac56d54384e09 941.28kB / 941.28kB 0.6s
#6 sha256:58af19693e78c3b97c0bc8d105773d57185d0f509d9aeb7d4e78d80f6418fc74 0B / 5.96MB 0.6s
#6 sha256:f17d81b4b692f7e0d6c1176c86b81d9f2cb5ac5349703adca51c61debcfe413c 19.92MB / 22.49MB 0.7s
#6 sha256:8980cabe8bc2f8337a120768556d2068f45dec94847c8ae007fac56d54384e09 941.28kB / 941.28kB 0.6s done
#6 sha256:58af19693e78c3b97c0bc8d105773d57185d0f509d9aeb7d4e78d80f6418fc74 2.10MB / 5.96MB 0.7s
#6 sha256:a977782cf22d95afede00babb51c642d145866c385f038099d27c5c42f3a0f14 0B / 99B 0.7s
#6 sha256:f17d81b4b692f7e0d6c1176c86b81d9f2cb5ac5349703adca51c61debcfe413c 22.49MB / 22.49MB 0.8s
#6 sha256:58af19693e78c3b97c0bc8d105773d57185d0f509d9aeb7d4e78d80f6418fc74 5.96MB / 5.96MB 0.8s
#6 sha256:a977782cf22d95afede00babb51c642d145866c385f038099d27c5c42f3a0f14 99B / 99B 0.8s
#6 sha256:f17d81b4b692f7e0d6c1176c86b81d9f2cb5ac5349703adca51c61debcfe413c 22.49MB / 22.49MB 1.1s done
#6 sha256:58af19693e78c3b97c0bc8d105773d57185d0f509d9aeb7d4e78d80f6418fc74 5.96MB / 5.96MB 1.2s done
#6 sha256:a977782cf22d95afede00babb51c642d145866c385f038099d27c5c42f3a0f14 99B / 99B 1.1s done
#6 sha256:9c1e268980b78ee338dac0f53b7f36aae5f0938de62a0cb9e7cf6530eadf7536 0B / 420B 1.4s
#6 sha256:9c1e268980b78ee338dac0f53b7f36aae5f0938de62a0cb9e7cf6530eadf7536 420B / 420B 1.4s done
#6 extracting sha256:f17d81b4b692f7e0d6c1176c86b81d9f2cb5ac5349703adca51c61debcfe413c
#6 extracting sha256:f17d81b4b692f7e0d6c1176c86b81d9f2cb5ac5349703adca51c61debcfe413c 3.8s done
#6 extracting sha256:b3247409875798b846053cdc995cd766fedae8f94e2d78dc1b5276abc8546673
#6 extracting sha256:b3247409875798b846053cdc995cd766fedae8f94e2d78dc1b5276abc8546673 0.3s done
#6 extracting sha256:8980cabe8bc2f8337a120768556d2068f45dec94847c8ae007fac56d54384e09
#6 extracting sha256:8980cabe8bc2f8337a120768556d2068f45dec94847c8ae007fac56d54384e09 0.4s done
#6 extracting sha256:58af19693e78c3b97c0bc8d105773d57185d0f509d9aeb7d4e78d80f6418fc74
#6 extracting sha256:58af19693e78c3b97c0bc8d105773d57185d0f509d9aeb7d4e78d80f6418fc74 1.3s done
#6 extracting sha256:a977782cf22d95afede00babb51c642d145866c385f038099d27c5c42f3a0f14 0.0s done
#6 extracting sha256:9c1e268980b78ee338dac0f53b7f36aae5f0938de62a0cb9e7cf6530eadf7536 0.0s done
#6 DONE 10.7s

#7 [ 2/11] RUN apt-get update -qq &&     apt-get install --no-install-recommends -yqq       net-tools supervisor ruby rubygems locales gettext-base wget &&     apt-get clean -yqq
#7 3.708 W: The repository 'http://deb.debian.org/debian stretch Release' does not have a Release file.
#7 3.708 W: The repository 'http://deb.debian.org/debian stretch-updates Release' does not have a Release file.
#7 3.708 W: The repository 'http://security.debian.org/debian-security stretch/updates Release' does not have a Release file.
#7 3.708 E: Failed to fetch http://deb.debian.org/debian/dists/stretch/main/binary-amd64/Packages  404  Not Found
#7 3.708 E: Failed to fetch http://deb.debian.org/debian/dists/stretch-updates/main/binary-amd64/Packages  404  Not Found
#7 3.708 E: Failed to fetch http://security.debian.org/debian-security/dists/stretch/updates/main/binary-amd64/Packages  404  Not Found [IP: 151.101.194.132 80]
#7 3.708 E: Some index files failed to download. They have been ignored, or old ones used instead.
#7 ERROR: process "/bin/sh -c apt-get update -qq &&     apt-get install --no-install-recommends -yqq       net-tools supervisor ruby rubygems locales gettext-base wget &&     apt-get clean -yqq" did not complete successfully: exit code: 100
------
 > [ 2/11] RUN apt-get update -qq &&     apt-get install --no-install-recommends -yqq       net-tools supervisor ruby rubygems locales gettext-base wget &&     apt-get clean -yqq:
3.708 W: The repository 'http://deb.debian.org/debian stretch Release' does not have a Release file.
3.708 W: The repository 'http://deb.debian.org/debian stretch-updates Release' does not have a Release file.
3.708 W: The repository 'http://security.debian.org/debian-security stretch/updates Release' does not have a Release file.
3.708 E: Failed to fetch http://deb.debian.org/debian/dists/stretch/main/binary-amd64/Packages  404  Not Found
3.708 E: Failed to fetch http://deb.debian.org/debian/dists/stretch-updates/main/binary-amd64/Packages  404  Not Found
3.708 E: Failed to fetch http://security.debian.org/debian-security/dists/stretch/updates/main/binary-amd64/Packages  404  Not Found [IP: 151.101.194.132 80]
3.708 E: Some index files failed to download. They have been ignored, or old ones used instead.
------
Dockerfile:10
--------------------
   9 |     # Install system dependencies
  10 | >>> RUN apt-get update -qq && \
  11 | >>>     apt-get install --no-install-recommends -yqq \
  12 | >>>       net-tools supervisor ruby rubygems locales gettext-base wget && \
  13 | >>>     apt-get clean -yqq
  14 |     
--------------------
ERROR: failed to solve: process "/bin/sh -c apt-get update -qq &&     apt-get install --no-install-recommends -yqq       net-tools supervisor ruby rubygems locales gettext-base wget &&     apt-get clean -yqq" did not complete successfully: exit code: 100
Duration: 0:23.20