#0 building with "default" instance using docker driver

#1 [internal] load build definition from v1_Dockerfile
#1 transferring dockerfile: 746B done
#1 DONE 0.0s

#2 [internal] load metadata for docker.io/conda/miniconda3:latest
#2 ...

#3 [auth] conda/miniconda3:pull token for registry-1.docker.io
#3 DONE 0.0s

#2 [internal] load metadata for docker.io/conda/miniconda3:latest
#2 DONE 2.2s

#4 [internal] load .dockerignore
#4 transferring context: 2B done
#4 DONE 0.0s

#5 [internal] load build context
#5 transferring context: 438B done
#5 DONE 0.0s

#6 [1/9] FROM docker.io/conda/miniconda3:latest@sha256:2141bfc4b60cc5eb332402207c80d884daa72fcefa48b50f3ccadd934d1f3d03
#6 resolve docker.io/conda/miniconda3:latest@sha256:2141bfc4b60cc5eb332402207c80d884daa72fcefa48b50f3ccadd934d1f3d03 0.0s done
#6 sha256:7dc808d5d247ad314ce07fed75508f96419445581bb520c5f4f15a37c55ee860 0B / 103.94MB 0.2s
#6 sha256:2141bfc4b60cc5eb332402207c80d884daa72fcefa48b50f3ccadd934d1f3d03 742B / 742B done
#6 sha256:2c4c668a3586e1c45e1d48e26cc6630ea8e0f148453c0ec71df30446706ba42c 2.95kB / 2.95kB done
#6 sha256:e79bb959ec00faf01da52437df4fad4537ec669f60455a38ad583ec2b8f00498 2.10MB / 45.34MB 0.2s
#6 sha256:7dc808d5d247ad314ce07fed75508f96419445581bb520c5f4f15a37c55ee860 10.49MB / 103.94MB 0.4s
#6 sha256:e79bb959ec00faf01da52437df4fad4537ec669f60455a38ad583ec2b8f00498 11.53MB / 45.34MB 0.4s
#6 sha256:7dc808d5d247ad314ce07fed75508f96419445581bb520c5f4f15a37c55ee860 22.02MB / 103.94MB 0.6s
#6 sha256:e79bb959ec00faf01da52437df4fad4537ec669f60455a38ad583ec2b8f00498 20.97MB / 45.34MB 0.6s
#6 sha256:7dc808d5d247ad314ce07fed75508f96419445581bb520c5f4f15a37c55ee860 29.36MB / 103.94MB 0.7s
#6 sha256:e79bb959ec00faf01da52437df4fad4537ec669f60455a38ad583ec2b8f00498 26.21MB / 45.34MB 0.7s
#6 sha256:7dc808d5d247ad314ce07fed75508f96419445581bb520c5f4f15a37c55ee860 42.99MB / 103.94MB 0.9s
#6 sha256:e79bb959ec00faf01da52437df4fad4537ec669f60455a38ad583ec2b8f00498 36.70MB / 45.34MB 0.9s
#6 sha256:7dc808d5d247ad314ce07fed75508f96419445581bb520c5f4f15a37c55ee860 53.48MB / 103.94MB 1.1s
#6 sha256:e79bb959ec00faf01da52437df4fad4537ec669f60455a38ad583ec2b8f00498 45.34MB / 45.34MB 1.1s
#6 sha256:7dc808d5d247ad314ce07fed75508f96419445581bb520c5f4f15a37c55ee860 61.87MB / 103.94MB 1.2s
#6 sha256:e79bb959ec00faf01da52437df4fad4537ec669f60455a38ad583ec2b8f00498 45.34MB / 45.34MB 1.1s done
#6 extracting sha256:e79bb959ec00faf01da52437df4fad4537ec669f60455a38ad583ec2b8f00498
#6 sha256:7dc808d5d247ad314ce07fed75508f96419445581bb520c5f4f15a37c55ee860 70.25MB / 103.94MB 1.3s
#6 sha256:7dc808d5d247ad314ce07fed75508f96419445581bb520c5f4f15a37c55ee860 80.74MB / 103.94MB 1.4s
#6 sha256:7dc808d5d247ad314ce07fed75508f96419445581bb520c5f4f15a37c55ee860 95.42MB / 103.94MB 1.6s
#6 sha256:7dc808d5d247ad314ce07fed75508f96419445581bb520c5f4f15a37c55ee860 103.94MB / 103.94MB 1.7s
#6 sha256:7dc808d5d247ad314ce07fed75508f96419445581bb520c5f4f15a37c55ee860 103.94MB / 103.94MB 1.9s done
#6 extracting sha256:e79bb959ec00faf01da52437df4fad4537ec669f60455a38ad583ec2b8f00498 2.6s done
#6 extracting sha256:7dc808d5d247ad314ce07fed75508f96419445581bb520c5f4f15a37c55ee860
#6 extracting sha256:7dc808d5d247ad314ce07fed75508f96419445581bb520c5f4f15a37c55ee860 5.2s
#6 extracting sha256:7dc808d5d247ad314ce07fed75508f96419445581bb520c5f4f15a37c55ee860 5.8s done
#6 DONE 10.0s

#7 [2/9] RUN mkdir -p /mlflow/mlruns
#7 DONE 2.2s

#8 [3/9] WORKDIR /mlflow
#8 DONE 0.1s

#9 [4/9] RUN echo "export LC_ALL=C.UTF-8" >> /etc/profile.d/locale.sh
#9 DONE 0.2s

#10 [5/9] RUN echo "export LANG=C.UTF-8" >> /etc/profile.d/locale.sh
#10 DONE 0.3s

#11 [6/9] RUN apt-get update && apt-get install --no-install-recommends -y     build-essential     python3-dev     libpq-dev && rm -rf /var/lib/apt/lists/*;
#11 0.237 Ign:1 http://deb.debian.org/debian stretch InRelease
#11 0.240 Ign:2 http://security.debian.org/debian-security stretch/updates InRelease
#11 0.248 Ign:3 http://deb.debian.org/debian stretch-updates InRelease
#11 0.252 Ign:4 http://security.debian.org/debian-security stretch/updates Release
#11 0.258 Ign:5 http://deb.debian.org/debian stretch Release
#11 0.264 Ign:6 http://security.debian.org/debian-security stretch/updates/main amd64 Packages
#11 0.270 Ign:7 http://deb.debian.org/debian stretch-updates Release
#11 0.276 Ign:8 http://security.debian.org/debian-security stretch/updates/main all Packages
#11 0.282 Ign:9 http://deb.debian.org/debian stretch/main all Packages
#11 0.288 Ign:6 http://security.debian.org/debian-security stretch/updates/main amd64 Packages
#11 0.291 Ign:10 http://deb.debian.org/debian stretch/main amd64 Packages
#11 0.300 Ign:8 http://security.debian.org/debian-security stretch/updates/main all Packages
#11 0.302 Ign:11 http://deb.debian.org/debian stretch-updates/main all Packages
#11 0.312 Ign:6 http://security.debian.org/debian-security stretch/updates/main amd64 Packages
#11 0.312 Ign:12 http://deb.debian.org/debian stretch-updates/main amd64 Packages
#11 0.324 Ign:9 http://deb.debian.org/debian stretch/main all Packages
#11 0.324 Ign:8 http://security.debian.org/debian-security stretch/updates/main all Packages
#11 0.336 Ign:10 http://deb.debian.org/debian stretch/main amd64 Packages
#11 0.341 Ign:6 http://security.debian.org/debian-security stretch/updates/main amd64 Packages
#11 0.350 Ign:11 http://deb.debian.org/debian stretch-updates/main all Packages
#11 0.353 Ign:8 http://security.debian.org/debian-security stretch/updates/main all Packages
#11 0.359 Ign:12 http://deb.debian.org/debian stretch-updates/main amd64 Packages
#11 0.367 Ign:6 http://security.debian.org/debian-security stretch/updates/main amd64 Packages
#11 0.370 Ign:9 http://deb.debian.org/debian stretch/main all Packages
#11 0.379 Ign:8 http://security.debian.org/debian-security stretch/updates/main all Packages
#11 0.381 Ign:10 http://deb.debian.org/debian stretch/main amd64 Packages
#11 0.390 Ign:11 http://deb.debian.org/debian stretch-updates/main all Packages
#11 0.390 Err:6 http://security.debian.org/debian-security stretch/updates/main amd64 Packages
#11 0.390   404  Not Found [IP: 151.101.194.132 80]
#11 0.400 Ign:12 http://deb.debian.org/debian stretch-updates/main amd64 Packages
#11 0.402 Ign:8 http://security.debian.org/debian-security stretch/updates/main all Packages
#11 0.410 Ign:9 http://deb.debian.org/debian stretch/main all Packages
#11 0.422 Ign:10 http://deb.debian.org/debian stretch/main amd64 Packages
#11 0.434 Ign:11 http://deb.debian.org/debian stretch-updates/main all Packages
#11 0.443 Ign:12 http://deb.debian.org/debian stretch-updates/main amd64 Packages
#11 0.452 Ign:9 http://deb.debian.org/debian stretch/main all Packages
#11 0.601 Ign:10 http://deb.debian.org/debian stretch/main amd64 Packages
#11 0.611 Ign:11 http://deb.debian.org/debian stretch-updates/main all Packages
#11 0.622 Ign:12 http://deb.debian.org/debian stretch-updates/main amd64 Packages
#11 0.633 Ign:9 http://deb.debian.org/debian stretch/main all Packages
#11 0.653 Err:10 http://deb.debian.org/debian stretch/main amd64 Packages
#11 0.653   404  Not Found
#11 0.664 Ign:11 http://deb.debian.org/debian stretch-updates/main all Packages
#11 0.674 Err:12 http://deb.debian.org/debian stretch-updates/main amd64 Packages
#11 0.674   404  Not Found
#11 0.678 Reading package lists...
#11 0.686 W: The repository 'http://security.debian.org/debian-security stretch/updates Release' does not have a Release file.
#11 0.686 W: The repository 'http://deb.debian.org/debian stretch Release' does not have a Release file.
#11 0.686 W: The repository 'http://deb.debian.org/debian stretch-updates Release' does not have a Release file.
#11 0.686 E: Failed to fetch http://security.debian.org/debian-security/dists/stretch/updates/main/binary-amd64/Packages  404  Not Found [IP: 151.101.194.132 80]
#11 0.686 E: Failed to fetch http://deb.debian.org/debian/dists/stretch/main/binary-amd64/Packages  404  Not Found
#11 0.686 E: Failed to fetch http://deb.debian.org/debian/dists/stretch-updates/main/binary-amd64/Packages  404  Not Found
#11 0.686 E: Some index files failed to download. They have been ignored, or old ones used instead.
#11 ERROR: process "/bin/sh -c apt-get update && apt-get install --no-install-recommends -y     build-essential     python3-dev     libpq-dev && rm -rf /var/lib/apt/lists/*;" did not complete successfully: exit code: 100
------
 > [6/9] RUN apt-get update && apt-get install --no-install-recommends -y     build-essential     python3-dev     libpq-dev && rm -rf /var/lib/apt/lists/*;:
0.674 Err:12 http://deb.debian.org/debian stretch-updates/main amd64 Packages
0.674   404  Not Found
0.678 Reading package lists...
0.686 W: The repository 'http://security.debian.org/debian-security stretch/updates Release' does not have a Release file.
0.686 W: The repository 'http://deb.debian.org/debian stretch Release' does not have a Release file.
0.686 W: The repository 'http://deb.debian.org/debian stretch-updates Release' does not have a Release file.
0.686 E: Failed to fetch http://security.debian.org/debian-security/dists/stretch/updates/main/binary-amd64/Packages  404  Not Found [IP: 151.101.194.132 80]
0.686 E: Failed to fetch http://deb.debian.org/debian/dists/stretch/main/binary-amd64/Packages  404  Not Found
0.686 E: Failed to fetch http://deb.debian.org/debian/dists/stretch-updates/main/binary-amd64/Packages  404  Not Found
0.686 E: Some index files failed to download. They have been ignored, or old ones used instead.
------
v1_Dockerfile:13
--------------------
  12 |     
  13 | >>> RUN apt-get update && apt-get install --no-install-recommends -y \
  14 | >>>     build-essential \
  15 | >>>     python3-dev \
  16 | >>>     libpq-dev && rm -rf /var/lib/apt/lists/*;
  17 |     
--------------------
ERROR: failed to solve: process "/bin/sh -c apt-get update && apt-get install --no-install-recommends -y     build-essential     python3-dev     libpq-dev && rm -rf /var/lib/apt/lists/*;" did not complete successfully: exit code: 100
Duration: 0:16.07