#0 building with "default" instance using docker driver

#1 [internal] load .dockerignore
#1 transferring context: 2B done
#1 DONE 0.4s

#2 [internal] load build definition from v2_Dockerfile
#2 transferring dockerfile: 1.57kB done
#2 DONE 0.3s

#3 [internal] load metadata for docker.io/heroku/heroku:18-build
#3 DONE 0.4s

#4 [internal] load build context
#4 DONE 0.0s

#5 [ 1/13] FROM docker.io/heroku/heroku:18-build@sha256:4f70f5266c15458ac2dc3ef8d0bf695bacbd6c15549f710c521e4fe12c46ba79
#5 resolve docker.io/heroku/heroku:18-build@sha256:4f70f5266c15458ac2dc3ef8d0bf695bacbd6c15549f710c521e4fe12c46ba79 0.1s done
#5 DONE 0.1s

#5 [ 1/13] FROM docker.io/heroku/heroku:18-build@sha256:4f70f5266c15458ac2dc3ef8d0bf695bacbd6c15549f710c521e4fe12c46ba79
#5 sha256:4f70f5266c15458ac2dc3ef8d0bf695bacbd6c15549f710c521e4fe12c46ba79 1.37kB / 1.37kB done
#5 sha256:2b99b5077b6acc2b6441ac76730a790cd95e6c4cf1af317f3cb44c4258f6d6ec 2.96kB / 2.96kB done
#5 sha256:7c457f213c7634afb95a0fb2410a74b7b5bc0ba527033362c240c7a11bef4331 0B / 25.69MB 0.1s
#5 sha256:c72a7ef1c8ef68d0c52bfc6ba8d9c0ed1402075159c356625a808fa7f905ae52 0B / 5.77kB 0.2s
#5 ...

#4 [internal] load build context
#4 transferring context: 77.39kB 0.1s done
#4 DONE 0.4s

#5 [ 1/13] FROM docker.io/heroku/heroku:18-build@sha256:4f70f5266c15458ac2dc3ef8d0bf695bacbd6c15549f710c521e4fe12c46ba79
#5 sha256:7c457f213c7634afb95a0fb2410a74b7b5bc0ba527033362c240c7a11bef4331 5.24MB / 25.69MB 0.3s
#5 sha256:716560c470ec7e8564fe73ec992c833780af1ddaeae454d36e999a35a5bb620a 0B / 181.47MB 0.3s
#5 sha256:7c457f213c7634afb95a0fb2410a74b7b5bc0ba527033362c240c7a11bef4331 10.49MB / 25.69MB 0.4s
#5 sha256:c72a7ef1c8ef68d0c52bfc6ba8d9c0ed1402075159c356625a808fa7f905ae52 5.77kB / 5.77kB 0.4s done
#5 sha256:7c457f213c7634afb95a0fb2410a74b7b5bc0ba527033362c240c7a11bef4331 20.97MB / 25.69MB 0.6s
#5 sha256:716560c470ec7e8564fe73ec992c833780af1ddaeae454d36e999a35a5bb620a 10.49MB / 181.47MB 0.6s
#5 sha256:bcb17703f8956043db91d1b0463f62f7d135cbe2525307c59212b29f9ac60b4b 0B / 756B 0.6s
#5 sha256:7c457f213c7634afb95a0fb2410a74b7b5bc0ba527033362c240c7a11bef4331 25.69MB / 25.69MB 0.7s
#5 sha256:bcb17703f8956043db91d1b0463f62f7d135cbe2525307c59212b29f9ac60b4b 756B / 756B 0.7s done
#5 sha256:716560c470ec7e8564fe73ec992c833780af1ddaeae454d36e999a35a5bb620a 22.02MB / 181.47MB 0.8s
#5 sha256:0ebbd37d579fbc2e18df1f6602066061ec7c6974e2750ba204289bc7ee3ce355 0B / 225.47MB 0.8s
#5 sha256:716560c470ec7e8564fe73ec992c833780af1ddaeae454d36e999a35a5bb620a 39.85MB / 181.47MB 1.1s
#5 sha256:7c457f213c7634afb95a0fb2410a74b7b5bc0ba527033362c240c7a11bef4331 25.69MB / 25.69MB 1.2s done
#5 sha256:0ebbd37d579fbc2e18df1f6602066061ec7c6974e2750ba204289bc7ee3ce355 15.73MB / 225.47MB 1.2s
#5 sha256:716560c470ec7e8564fe73ec992c833780af1ddaeae454d36e999a35a5bb620a 66.06MB / 181.47MB 1.6s
#5 sha256:0ebbd37d579fbc2e18df1f6602066061ec7c6974e2750ba204289bc7ee3ce355 35.65MB / 225.47MB 1.6s
#5 extracting sha256:7c457f213c7634afb95a0fb2410a74b7b5bc0ba527033362c240c7a11bef4331
#5 sha256:716560c470ec7e8564fe73ec992c833780af1ddaeae454d36e999a35a5bb620a 76.90MB / 181.47MB 1.8s
#5 sha256:716560c470ec7e8564fe73ec992c833780af1ddaeae454d36e999a35a5bb620a 88.08MB / 181.47MB 2.0s
#5 sha256:0ebbd37d579fbc2e18df1f6602066061ec7c6974e2750ba204289bc7ee3ce355 56.62MB / 225.47MB 2.0s
#5 sha256:716560c470ec7e8564fe73ec992c833780af1ddaeae454d36e999a35a5bb620a 98.57MB / 181.47MB 2.2s
#5 sha256:0ebbd37d579fbc2e18df1f6602066061ec7c6974e2750ba204289bc7ee3ce355 72.35MB / 225.47MB 2.3s
#5 sha256:716560c470ec7e8564fe73ec992c833780af1ddaeae454d36e999a35a5bb620a 114.29MB / 181.47MB 2.5s
#5 sha256:0ebbd37d579fbc2e18df1f6602066061ec7c6974e2750ba204289bc7ee3ce355 88.08MB / 225.47MB 2.6s
#5 sha256:716560c470ec7e8564fe73ec992c833780af1ddaeae454d36e999a35a5bb620a 123.73MB / 181.47MB 2.7s
#5 sha256:716560c470ec7e8564fe73ec992c833780af1ddaeae454d36e999a35a5bb620a 134.22MB / 181.47MB 2.9s
#5 sha256:0ebbd37d579fbc2e18df1f6602066061ec7c6974e2750ba204289bc7ee3ce355 102.76MB / 225.47MB 2.9s
#5 sha256:716560c470ec7e8564fe73ec992c833780af1ddaeae454d36e999a35a5bb620a 144.70MB / 181.47MB 3.1s
#5 sha256:0ebbd37d579fbc2e18df1f6602066061ec7c6974e2750ba204289bc7ee3ce355 118.49MB / 225.47MB 3.2s
#5 sha256:716560c470ec7e8564fe73ec992c833780af1ddaeae454d36e999a35a5bb620a 155.19MB / 181.47MB 3.3s
#5 sha256:716560c470ec7e8564fe73ec992c833780af1ddaeae454d36e999a35a5bb620a 171.97MB / 181.47MB 3.6s
#5 sha256:0ebbd37d579fbc2e18df1f6602066061ec7c6974e2750ba204289bc7ee3ce355 139.46MB / 225.47MB 3.6s
#5 sha256:716560c470ec7e8564fe73ec992c833780af1ddaeae454d36e999a35a5bb620a 181.47MB / 181.47MB 3.8s
#5 sha256:0ebbd37d579fbc2e18df1f6602066061ec7c6974e2750ba204289bc7ee3ce355 162.53MB / 225.47MB 4.0s
#5 sha256:0ebbd37d579fbc2e18df1f6602066061ec7c6974e2750ba204289bc7ee3ce355 175.11MB / 225.47MB 4.2s
#5 sha256:0ebbd37d579fbc2e18df1f6602066061ec7c6974e2750ba204289bc7ee3ce355 186.65MB / 225.47MB 4.4s
#5 sha256:0ebbd37d579fbc2e18df1f6602066061ec7c6974e2750ba204289bc7ee3ce355 199.23MB / 225.47MB 4.6s
#5 sha256:0ebbd37d579fbc2e18df1f6602066061ec7c6974e2750ba204289bc7ee3ce355 210.76MB / 225.47MB 4.8s
#5 sha256:0ebbd37d579fbc2e18df1f6602066061ec7c6974e2750ba204289bc7ee3ce355 225.47MB / 225.47MB 5.1s
#5 extracting sha256:7c457f213c7634afb95a0fb2410a74b7b5bc0ba527033362c240c7a11bef4331 4.5s done
#5 sha256:716560c470ec7e8564fe73ec992c833780af1ddaeae454d36e999a35a5bb620a 181.47MB / 181.47MB 6.8s done
#5 sha256:0ebbd37d579fbc2e18df1f6602066061ec7c6974e2750ba204289bc7ee3ce355 225.47MB / 225.47MB 10.2s
#5 extracting sha256:c72a7ef1c8ef68d0c52bfc6ba8d9c0ed1402075159c356625a808fa7f905ae52
#5 sha256:0ebbd37d579fbc2e18df1f6602066061ec7c6974e2750ba204289bc7ee3ce355 225.47MB / 225.47MB 10.3s done
#5 extracting sha256:c72a7ef1c8ef68d0c52bfc6ba8d9c0ed1402075159c356625a808fa7f905ae52 done
#5 extracting sha256:716560c470ec7e8564fe73ec992c833780af1ddaeae454d36e999a35a5bb620a
#5 extracting sha256:716560c470ec7e8564fe73ec992c833780af1ddaeae454d36e999a35a5bb620a 5.1s
#5 extracting sha256:716560c470ec7e8564fe73ec992c833780af1ddaeae454d36e999a35a5bb620a 10.1s
#5 extracting sha256:716560c470ec7e8564fe73ec992c833780af1ddaeae454d36e999a35a5bb620a 15.1s
#5 extracting sha256:716560c470ec7e8564fe73ec992c833780af1ddaeae454d36e999a35a5bb620a 20.2s
#5 extracting sha256:716560c470ec7e8564fe73ec992c833780af1ddaeae454d36e999a35a5bb620a 25.3s
#5 extracting sha256:716560c470ec7e8564fe73ec992c833780af1ddaeae454d36e999a35a5bb620a 26.8s done
#5 extracting sha256:bcb17703f8956043db91d1b0463f62f7d135cbe2525307c59212b29f9ac60b4b done
#5 extracting sha256:0ebbd37d579fbc2e18df1f6602066061ec7c6974e2750ba204289bc7ee3ce355
#5 extracting sha256:0ebbd37d579fbc2e18df1f6602066061ec7c6974e2750ba204289bc7ee3ce355 5.1s
#5 extracting sha256:0ebbd37d579fbc2e18df1f6602066061ec7c6974e2750ba204289bc7ee3ce355 10.1s
#5 extracting sha256:0ebbd37d579fbc2e18df1f6602066061ec7c6974e2750ba204289bc7ee3ce355 15.1s
#5 extracting sha256:0ebbd37d579fbc2e18df1f6602066061ec7c6974e2750ba204289bc7ee3ce355 20.2s
#5 extracting sha256:0ebbd37d579fbc2e18df1f6602066061ec7c6974e2750ba204289bc7ee3ce355 25.2s
#5 extracting sha256:0ebbd37d579fbc2e18df1f6602066061ec7c6974e2750ba204289bc7ee3ce355 30.3s
#5 extracting sha256:0ebbd37d579fbc2e18df1f6602066061ec7c6974e2750ba204289bc7ee3ce355 35.4s
#5 extracting sha256:0ebbd37d579fbc2e18df1f6602066061ec7c6974e2750ba204289bc7ee3ce355 36.3s done
#5 DONE 88.7s

#6 [ 2/13] RUN apt update && apt upgrade -y && apt install python3.7-dev -y
#6 1.412 
#6 1.412 WARNING: apt does not have a stable CLI interface. Use with caution in scripts.
#6 1.412 
#6 1.780 Ign:1 http://apt.postgresql.org/pub/repos/apt bionic-pgdg InRelease
#6 1.846 Err:2 http://apt.postgresql.org/pub/repos/apt bionic-pgdg Release
#6 1.846   404  Not Found [IP: 72.32.157.246 80]
#6 1.966 Get:3 http://archive.ubuntu.com/ubuntu bionic InRelease [242 kB]
#6 2.694 Get:4 http://archive.ubuntu.com/ubuntu bionic-security InRelease [102 kB]
#6 2.893 Get:5 http://archive.ubuntu.com/ubuntu bionic-updates InRelease [102 kB]
#6 3.911 Get:6 http://archive.ubuntu.com/ubuntu bionic/universe amd64 Packages [11.3 MB]
#6 6.253 Get:7 http://archive.ubuntu.com/ubuntu bionic/main amd64 Packages [1344 kB]
#6 6.415 Get:8 http://archive.ubuntu.com/ubuntu bionic-security/universe amd64 Packages [1637 kB]
#6 6.575 Get:9 http://archive.ubuntu.com/ubuntu bionic-security/main amd64 Packages [3373 kB]
#6 6.901 Get:10 http://archive.ubuntu.com/ubuntu bionic-updates/main amd64 Packages [3786 kB]
#6 7.252 Get:11 http://archive.ubuntu.com/ubuntu bionic-updates/universe amd64 Packages [2411 kB]
#6 11.73 Reading package lists...
#6 15.49 E: The repository 'http://apt.postgresql.org/pub/repos/apt bionic-pgdg Release' does not have a Release file.
#6 ERROR: process "/bin/sh -c apt update && apt upgrade -y && apt install python3.7-dev -y" did not complete successfully: exit code: 100
------
 > [ 2/13] RUN apt update && apt upgrade -y && apt install python3.7-dev -y:
2.694 Get:4 http://archive.ubuntu.com/ubuntu bionic-security InRelease [102 kB]
2.893 Get:5 http://archive.ubuntu.com/ubuntu bionic-updates InRelease [102 kB]
3.911 Get:6 http://archive.ubuntu.com/ubuntu bionic/universe amd64 Packages [11.3 MB]
6.253 Get:7 http://archive.ubuntu.com/ubuntu bionic/main amd64 Packages [1344 kB]
6.415 Get:8 http://archive.ubuntu.com/ubuntu bionic-security/universe amd64 Packages [1637 kB]
6.575 Get:9 http://archive.ubuntu.com/ubuntu bionic-security/main amd64 Packages [3373 kB]
6.901 Get:10 http://archive.ubuntu.com/ubuntu bionic-updates/main amd64 Packages [3786 kB]
7.252 Get:11 http://archive.ubuntu.com/ubuntu bionic-updates/universe amd64 Packages [2411 kB]

15.49 E: The repository 'http://apt.postgresql.org/pub/repos/apt bionic-pgdg Release' does not have a Release file.
------
v2_Dockerfile:8
--------------------
   6 |     
   7 |     # -- Install Pipenv:
   8 | >>> RUN apt update && apt upgrade -y && apt install python3.7-dev -y
   9 |     RUN curl --silent https://bootstrap.pypa.io/get-pip.py | python3.7
  10 |     
--------------------
ERROR: failed to solve: process "/bin/sh -c apt update && apt upgrade -y && apt install python3.7-dev -y" did not complete successfully: exit code: 100
Duration: 1:49.71