#0 building with "default" instance using docker driver

#1 [internal] load build definition from v3_Dockerfile
#1 transferring dockerfile:
#1 transferring dockerfile: 1.67kB done
#1 ...

#2 [internal] load .dockerignore
#2 transferring context: 2B done
#2 DONE 0.6s

#1 [internal] load build definition from v3_Dockerfile
#1 DONE 0.8s

#3 [internal] load metadata for docker.io/library/alpine:3.9
#3 DONE 0.5s

#4 [builder 1/4] FROM docker.io/library/alpine:3.9@sha256:414e0518bb9228d35e4cd5165567fb91d26c6a214e9c95899e1e056fcd349011
#4 resolve docker.io/library/alpine:3.9@sha256:414e0518bb9228d35e4cd5165567fb91d26c6a214e9c95899e1e056fcd349011
#4 ...

#5 [internal] load build context
#5 transferring context: 12.90kB done
#5 DONE 0.4s

#4 [builder 1/4] FROM docker.io/library/alpine:3.9@sha256:414e0518bb9228d35e4cd5165567fb91d26c6a214e9c95899e1e056fcd349011
#4 resolve docker.io/library/alpine:3.9@sha256:414e0518bb9228d35e4cd5165567fb91d26c6a214e9c95899e1e056fcd349011 0.5s done
#4 sha256:414e0518bb9228d35e4cd5165567fb91d26c6a214e9c95899e1e056fcd349011 1.64kB / 1.64kB done
#4 sha256:65b3a80ebe7471beecbc090c5b2cdd0aafeaefa0715f8f12e40dc918a3a70e32 528B / 528B done
#4 sha256:78a2ce922f8665f5a227dc5cd9fda87221acba8a7a952b9665f99bc771a29963 1.51kB / 1.51kB done
#4 sha256:31603596830fc7e56753139f9c2c6bd3759e48a850659506ebfb885d1cf3aef5 0B / 2.77MB 0.1s
#4 sha256:31603596830fc7e56753139f9c2c6bd3759e48a850659506ebfb885d1cf3aef5 2.77MB / 2.77MB 0.3s
#4 sha256:31603596830fc7e56753139f9c2c6bd3759e48a850659506ebfb885d1cf3aef5 2.77MB / 2.77MB 0.4s done
#4 extracting sha256:31603596830fc7e56753139f9c2c6bd3759e48a850659506ebfb885d1cf3aef5 0.1s
#4 extracting sha256:31603596830fc7e56753139f9c2c6bd3759e48a850659506ebfb885d1cf3aef5 0.2s done
#4 DONE 1.6s

#6 [production  2/10] RUN set -eux 	&& mkdir -p /var/www 	&& apk add --no-cache 		bash 		bind-tools 		curl 		jq 		python3 	&& ln -sf /usr/bin/python3 /usr/bin/python 	&& find /usr/lib/ -name '__pycache__' -print0 | xargs -0 -n1 rm -rf 	&& find /usr/lib/ -name '*.pyc' -print0 | xargs -0 -n1 rm -rf
#6 0.811 + mkdir -p /var/www
#6 0.812 + apk add --no-cache bash bind-tools curl jq python3
#6 0.817 fetch http://dl-cdn.alpinelinux.org/alpine/v3.9/main/x86_64/APKINDEX.tar.gz
#6 1.026 fetch http://dl-cdn.alpinelinux.org/alpine/v3.9/community/x86_64/APKINDEX.tar.gz
#6 1.256 (1/29) Installing ncurses-terminfo-base (6.1_p20190105-r0)
#6 1.263 (2/29) Installing ncurses-terminfo (6.1_p20190105-r0)
#6 1.659 (3/29) Installing ncurses-libs (6.1_p20190105-r0)
#6 1.671 (4/29) Installing readline (7.0.003-r1)
#6 1.698 (5/29) Installing bash (4.4.19-r1)
#6 1.720 Executing bash-4.4.19-r1.post-install
#6 1.723 (6/29) Installing libgcc (8.3.0-r0)
#6 1.741 (7/29) Installing krb5-conf (1.0-r1)
#6 1.744 (8/29) Installing libcom_err (1.44.5-r2)
#6 1.749 (9/29) Installing keyutils-libs (1.6-r0)
#6 1.753 (10/29) Installing libverto (0.3.0-r1)
#6 1.757 (11/29) Installing krb5-libs (1.15.5-r1)
#6 1.791 (12/29) Installing json-c (0.13.1-r1)
#6 1.796 (13/29) Installing libxml2 (2.9.9-r3)
#6 1.818 (14/29) Installing bind-libs (9.12.4_p2-r0)
#6 1.861 (15/29) Installing bind-tools (9.12.4_p2-r0)
#6 1.880 (16/29) Installing ca-certificates (20191127-r2)
#6 1.914 (17/29) Installing nghttp2-libs (1.35.1-r2)
#6 1.920 (18/29) Installing libssh2 (1.9.0-r1)
#6 1.926 (19/29) Installing libcurl (7.64.0-r5)
#6 1.937 (20/29) Installing curl (7.64.0-r5)
#6 1.944 (21/29) Installing oniguruma (6.9.4-r1)
#6 1.954 (22/29) Installing jq (1.6-r0)
#6 1.964 (23/29) Installing libbz2 (1.0.6-r7)
#6 1.968 (24/29) Installing expat (2.2.8-r0)
#6 1.974 (25/29) Installing libffi (3.2.1-r6)
#6 1.978 (26/29) Installing gdbm (1.13-r1)
#6 1.985 (27/29) Installing xz-libs (5.2.4-r0)
#6 1.991 (28/29) Installing sqlite-libs (3.28.0-r3)
#6 2.006 (29/29) Installing python3 (3.6.9-r3)
#6 3.084 Executing busybox-1.29.3-r10.trigger
#6 3.156 Executing ca-certificates-20191127-r2.trigger
#6 3.202 OK: 79 MiB in 43 packages
#6 3.220 + ln -sf /usr/bin/python3 /usr/bin/python
#6 3.222 + find /usr/lib/ -name __pycache__ -print0
#6 3.222 + xargs -0 -n1 rm -rf
#6 4.410 + find /usr/lib/ -name '*.pyc' -print0
#6 4.410 + xargs -0 -n1 rm -rf
#6 ...

#7 [builder 2/4] RUN set -x 	&& apk add --no-cache 		gcc 		libffi-dev 		make 		musl-dev 		openssl-dev 		python3 		python3-dev 		py3-pip
#7 0.794 + apk add --no-cache gcc libffi-dev make musl-dev openssl-dev python3 python3-dev py3-pip
#7 0.800 fetch http://dl-cdn.alpinelinux.org/alpine/v3.9/main/x86_64/APKINDEX.tar.gz
#7 1.026 fetch http://dl-cdn.alpinelinux.org/alpine/v3.9/community/x86_64/APKINDEX.tar.gz
#7 1.256 (1/32) Upgrading musl (1.1.20-r5 -> 1.1.20-r6)
#7 1.270 (2/32) Upgrading libcrypto1.1 (1.1.1g-r0 -> 1.1.1k-r0)
#7 1.312 (3/32) Upgrading libssl1.1 (1.1.1g-r0 -> 1.1.1k-r0)
#7 1.323 (4/32) Installing binutils (2.31.1-r2)
#7 1.440 (5/32) Installing gmp (6.1.2-r1)
#7 1.448 (6/32) Installing isl (0.18-r0)
#7 1.481 (7/32) Installing libgomp (8.3.0-r0)
#7 1.492 (8/32) Installing libatomic (8.3.0-r0)
#7 1.499 (9/32) Installing libgcc (8.3.0-r0)
#7 1.503 (10/32) Installing mpfr3 (3.1.5-r1)
#7 1.511 (11/32) Installing mpc1 (1.0.3-r1)
#7 1.515 (12/32) Installing libstdc++ (8.3.0-r0)
#7 1.530 (13/32) Installing gcc (8.3.0-r0)
#7 2.479 (14/32) Upgrading musl-utils (1.1.20-r5 -> 1.1.20-r6)
#7 2.483 (15/32) Installing linux-headers (4.18.13-r1)
#7 2.683 (16/32) Installing libffi (3.2.1-r6)
#7 2.687 (17/32) Installing pkgconf (1.6.0-r0)
#7 2.693 (18/32) Installing libffi-dev (3.2.1-r6)
#7 2.703 (19/32) Installing make (4.2.1-r2)
#7 2.708 (20/32) Installing musl-dev (1.1.20-r6)
#7 2.831 (21/32) Installing openssl-dev (1.1.1k-r0)
#7 3.059 (22/32) Installing libbz2 (1.0.6-r7)
#7 3.063 (23/32) Installing expat (2.2.8-r0)
#7 3.068 (24/32) Installing gdbm (1.13-r1)
#7 3.074 (25/32) Installing xz-libs (5.2.4-r0)
#7 3.079 (26/32) Installing ncurses-terminfo-base (6.1_p20190105-r0)
#7 4.247 (27/32) Installing ncurses-terminfo (6.1_p20190105-r0)
#7 11.93 (28/32) Installing ncurses-libs (6.1_p20190105-r0)
#7 12.01 (29/32) Installing readline (7.0.003-r1)
#7 12.35 (30/32) Installing sqlite-libs (3.28.0-r3)
#7 12.36 (31/32) Installing python3 (3.6.9-r3)
#7 ...

#6 [production  2/10] RUN set -eux 	&& mkdir -p /var/www 	&& apk add --no-cache 		bash 		bind-tools 		curl 		jq 		python3 	&& ln -sf /usr/bin/python3 /usr/bin/python 	&& find /usr/lib/ -name '__pycache__' -print0 | xargs -0 -n1 rm -rf 	&& find /usr/lib/ -name '*.pyc' -print0 | xargs -0 -n1 rm -rf
#6 DONE 13.1s

#7 [builder 2/4] RUN set -x 	&& apk add --no-cache 		gcc 		libffi-dev 		make 		musl-dev 		openssl-dev 		python3 		python3-dev 		py3-pip
#7 13.90 (32/32) Installing python3-dev (3.6.9-r3)
#7 14.23 Executing busybox-1.29.3-r10.trigger
#7 14.24 OK: 228 MiB in 42 packages
#7 DONE 17.0s

#8 [builder 3/4] RUN set -x 	&& pip3 install --no-cache-dir --no-compile awscli 	&& rm -r /usr/lib/python3.7/site-packages/awscli/examples 	&& find /usr/lib/ -name '__pycache__' -print0 | xargs -0 -n1 rm -rf 	&& find /usr/lib/ -name '*.pyc' -print0 | xargs -0 -n1 rm -rf 	&& aws --version 2>&1 | grep -E '^aws-cli/[.0-9]+'
#8 0.893 + pip3 install --no-cache-dir --no-compile awscli
#8 1.349 Collecting awscli
#8 3.901   Downloading https://files.pythonhosted.org/packages/6c/48/8cf68d31f3f8606904acc4d98965a2c020acd5e1b9a821b8a7fafdbbc81a/awscli-1.24.10-py3-none-any.whl (3.9MB)
#8 5.238 Collecting rsa<4.8,>=3.1.2 (from awscli)
#8 5.303   Downloading https://files.pythonhosted.org/packages/e9/93/0c0f002031f18b53af7a6166103c02b9c0667be528944137cc954ec921b3/rsa-4.7.2-py3-none-any.whl
#8 5.323 Collecting PyYAML<5.5,>=3.10 (from awscli)
#8 5.612   Downloading https://files.pythonhosted.org/packages/a0/a4/d63f2d7597e1a4b55aa3b4d6c5b029991d3b824b5bd331af8d4ab1ed687d/PyYAML-5.4.1.tar.gz (175kB)
#8 5.927   Installing build dependencies: started
#8 11.73   Installing build dependencies: finished with status 'done'
#8 12.25     Complete output from command python setup.py egg_info:
#8 12.25     running egg_info
#8 12.25     creating pip-egg-info/PyYAML.egg-info
#8 12.25     writing pip-egg-info/PyYAML.egg-info/PKG-INFO
#8 12.25     writing dependency_links to pip-egg-info/PyYAML.egg-info/dependency_links.txt
#8 12.25     writing top-level names to pip-egg-info/PyYAML.egg-info/top_level.txt
#8 12.25     writing manifest file 'pip-egg-info/PyYAML.egg-info/SOURCES.txt'
#8 12.25     Traceback (most recent call last):
#8 12.25       File "<string>", line 1, in <module>
#8 12.25       File "/tmp/pip-install-bqapt_84/PyYAML/setup.py", line 295, in <module>
#8 12.25         python_requires='>=2.7, !=3.0.*, !=3.1.*, !=3.2.*, !=3.3.*, !=3.4.*, !=3.5.*',
#8 12.25       File "/tmp/pip-build-env-rzs0fhz5/lib/python3.6/site-packages/setuptools/__init__.py", line 153, in setup
#8 12.25         return distutils.core.setup(**attrs)
#8 12.25       File "/usr/lib/python3.6/distutils/core.py", line 148, in setup
#8 12.25         dist.run_commands()
#8 12.25       File "/usr/lib/python3.6/distutils/dist.py", line 955, in run_commands
#8 12.25         self.run_command(cmd)
#8 12.25       File "/usr/lib/python3.6/distutils/dist.py", line 974, in run_command
#8 12.25         cmd_obj.run()
#8 12.25       File "/tmp/pip-build-env-rzs0fhz5/lib/python3.6/site-packages/setuptools/command/egg_info.py", line 299, in run
#8 12.25         self.find_sources()
#8 12.25       File "/tmp/pip-build-env-rzs0fhz5/lib/python3.6/site-packages/setuptools/command/egg_info.py", line 306, in find_sources
#8 12.25         mm.run()
#8 12.25       File "/tmp/pip-build-env-rzs0fhz5/lib/python3.6/site-packages/setuptools/command/egg_info.py", line 541, in run
#8 12.25         self.add_defaults()
#8 12.25       File "/tmp/pip-build-env-rzs0fhz5/lib/python3.6/site-packages/setuptools/command/egg_info.py", line 578, in add_defaults
#8 12.25         sdist.add_defaults(self)
#8 12.25       File "/tmp/pip-build-env-rzs0fhz5/lib/python3.6/site-packages/setuptools/command/py36compat.py", line 34, in add_defaults
#8 12.25         self._add_defaults_ext()
#8 12.25       File "/tmp/pip-build-env-rzs0fhz5/lib/python3.6/site-packages/setuptools/command/py36compat.py", line 118, in _add_defaults_ext
#8 12.25         self.filelist.extend(build_ext.get_source_files())
#8 12.25       File "/tmp/pip-install-bqapt_84/PyYAML/setup.py", line 201, in get_source_files
#8 12.25         self.cython_sources(ext.sources, ext)
#8 12.25       File "/usr/lib/python3.6/distutils/cmd.py", line 103, in __getattr__
#8 12.25         raise AttributeError(attr)
#8 12.25     AttributeError: cython_sources
#8 12.25     
#8 12.25     ----------------------------------------
#8 12.67 Command "python setup.py egg_info" failed with error code 1 in /tmp/pip-install-bqapt_84/PyYAML/
#8 12.88 You are using pip version 18.1, however version 21.3.1 is available.
#8 12.88 You should consider upgrading via the 'pip install --upgrade pip' command.
#8 ERROR: process "/bin/sh -c set -x \t&& pip3 install --no-cache-dir --no-compile awscli \t&& rm -r /usr/lib/python3.7/site-packages/awscli/examples \t&& find /usr/lib/ -name '__pycache__' -print0 | xargs -0 -n1 rm -rf \t&& find /usr/lib/ -name '*.pyc' -print0 | xargs -0 -n1 rm -rf \t&& aws --version 2>&1 | grep -E '^aws-cli/[.0-9]+'" did not complete successfully: exit code: 1
------
 > [builder 3/4] RUN set -x 	&& pip3 install --no-cache-dir --no-compile awscli 	&& rm -r /usr/lib/python3.7/site-packages/awscli/examples 	&& find /usr/lib/ -name '__pycache__' -print0 | xargs -0 -n1 rm -rf 	&& find /usr/lib/ -name '*.pyc' -print0 | xargs -0 -n1 rm -rf 	&& aws --version 2>&1 | grep -E '^aws-cli/[.0-9]+':
12.25       File "/tmp/pip-install-bqapt_84/PyYAML/setup.py", line 201, in get_source_files
12.25         self.cython_sources(ext.sources, ext)
12.25       File "/usr/lib/python3.6/distutils/cmd.py", line 103, in __getattr__
12.25         raise AttributeError(attr)
12.25     AttributeError: cython_sources
12.25     
12.25     ----------------------------------------
12.67 Command "python setup.py egg_info" failed with error code 1 in /tmp/pip-install-bqapt_84/PyYAML/
12.88 You are using pip version 18.1, however version 21.3.1 is available.
12.88 You should consider upgrading via the 'pip install --upgrade pip' command.
------
v3_Dockerfile:14
--------------------
  13 |     
  14 | >>> RUN set -x \
  15 | >>> 	&& pip3 install --no-cache-dir --no-compile awscli \
  16 | >>> 	&& rm -r /usr/lib/python3.7/site-packages/awscli/examples \
  17 | >>> 	&& find /usr/lib/ -name '__pycache__' -print0 | xargs -0 -n1 rm -rf \
  18 | >>> 	&& find /usr/lib/ -name '*.pyc' -print0 | xargs -0 -n1 rm -rf \
  19 | >>> 	&& aws --version 2>&1 | grep -E '^aws-cli/[.0-9]+'
  20 |     
--------------------
ERROR: failed to solve: process "/bin/sh -c set -x \t&& pip3 install --no-cache-dir --no-compile awscli \t&& rm -r /usr/lib/python3.7/site-packages/awscli/examples \t&& find /usr/lib/ -name '__pycache__' -print0 | xargs -0 -n1 rm -rf \t&& find /usr/lib/ -name '*.pyc' -print0 | xargs -0 -n1 rm -rf \t&& aws --version 2>&1 | grep -E '^aws-cli/[.0-9]+'" did not complete successfully: exit code: 1
Duration: 0:33.76