#0 building with "default" instance using docker driver

#1 [internal] load .dockerignore
#1 transferring context:
#1 transferring context: 2B done
#1 DONE 0.6s

#2 [internal] load build definition from Dockerfile
#2 transferring dockerfile: 1.06kB done
#2 DONE 0.7s

#3 [internal] load metadata for docker.io/library/node:6
#3 ...

#4 [auth] library/node:pull token for registry-1.docker.io
#4 DONE 0.0s

#3 [internal] load metadata for docker.io/library/node:6
#3 DONE 1.6s

#5 [ 1/12] FROM docker.io/library/node:6@sha256:e133e66ec3bfc98da0440e552f452e5cdf6413319d27a2db3b01ac4b319759b3
#5 resolve docker.io/library/node:6@sha256:e133e66ec3bfc98da0440e552f452e5cdf6413319d27a2db3b01ac4b319759b3
#5 resolve docker.io/library/node:6@sha256:e133e66ec3bfc98da0440e552f452e5cdf6413319d27a2db3b01ac4b319759b3 0.5s done
#5 sha256:e133e66ec3bfc98da0440e552f452e5cdf6413319d27a2db3b01ac4b319759b3 2.04kB / 2.04kB done
#5 sha256:92a780ce4191097a1470be20a40a590ac9601e53811c518effeb152ecd41548a 2.01kB / 2.01kB done
#5 ...

#6 [internal] load build context
#6 transferring context: 10.45MB 0.2s done
#6 DONE 0.7s

#5 [ 1/12] FROM docker.io/library/node:6@sha256:e133e66ec3bfc98da0440e552f452e5cdf6413319d27a2db3b01ac4b319759b3
#5 sha256:ab290b853066caedc75778bd4839da568ecb2a6b8e27442e0b1ce3c4741f1184 7.34kB / 7.34kB done
#5 sha256:4250b3117dca5e14edc32ebf1366cd54e4cda91f17610b76c504a86917ff8b95 0B / 4.34MB 0.2s
#5 sha256:4250b3117dca5e14edc32ebf1366cd54e4cda91f17610b76c504a86917ff8b95 4.34MB / 4.34MB 0.4s
#5 sha256:221d80d00ae9675aad24913aacbadfac1ce8b7084f9765a6c0813486082c5c69 0B / 10.78MB 0.4s
#5 sha256:221d80d00ae9675aad24913aacbadfac1ce8b7084f9765a6c0813486082c5c69 2.10MB / 10.78MB 0.5s
#5 sha256:c5e155d5a1d130a7f8a3e24cee0d9e1349bff13f90ec6a941478e558fde53c14 0B / 45.34MB 0.5s
#5 sha256:4250b3117dca5e14edc32ebf1366cd54e4cda91f17610b76c504a86917ff8b95 4.34MB / 4.34MB 0.5s done
#5 sha256:221d80d00ae9675aad24913aacbadfac1ce8b7084f9765a6c0813486082c5c69 10.78MB / 10.78MB 0.6s
#5 sha256:c5e155d5a1d130a7f8a3e24cee0d9e1349bff13f90ec6a941478e558fde53c14 6.29MB / 45.34MB 0.6s
#5 sha256:3b7ca19181b24b87e24423c01b490633bc1e47d2fcdc1987bf2e37949d6789b5 0B / 50.07MB 0.6s
#5 sha256:c5e155d5a1d130a7f8a3e24cee0d9e1349bff13f90ec6a941478e558fde53c14 12.58MB / 45.34MB 0.8s
#5 sha256:221d80d00ae9675aad24913aacbadfac1ce8b7084f9765a6c0813486082c5c69 10.78MB / 10.78MB 0.8s done
#5 sha256:c5e155d5a1d130a7f8a3e24cee0d9e1349bff13f90ec6a941478e558fde53c14 23.07MB / 45.34MB 1.0s
#5 sha256:3b7ca19181b24b87e24423c01b490633bc1e47d2fcdc1987bf2e37949d6789b5 4.19MB / 50.07MB 1.0s
#5 sha256:425d7b2a5bcc7e8df5041d66655cd6173c16799afefb1645ca0e0b3fa8a1043d 0B / 215.08MB 1.0s
#5 sha256:3b7ca19181b24b87e24423c01b490633bc1e47d2fcdc1987bf2e37949d6789b5 12.58MB / 50.07MB 1.1s
#5 sha256:c5e155d5a1d130a7f8a3e24cee0d9e1349bff13f90ec6a941478e558fde53c14 30.41MB / 45.34MB 1.3s
#5 sha256:3b7ca19181b24b87e24423c01b490633bc1e47d2fcdc1987bf2e37949d6789b5 20.97MB / 50.07MB 1.3s
#5 sha256:c5e155d5a1d130a7f8a3e24cee0d9e1349bff13f90ec6a941478e558fde53c14 38.80MB / 45.34MB 1.5s
#5 sha256:3b7ca19181b24b87e24423c01b490633bc1e47d2fcdc1987bf2e37949d6789b5 26.21MB / 50.07MB 1.5s
#5 sha256:425d7b2a5bcc7e8df5041d66655cd6173c16799afefb1645ca0e0b3fa8a1043d 15.73MB / 215.08MB 1.5s
#5 sha256:c5e155d5a1d130a7f8a3e24cee0d9e1349bff13f90ec6a941478e558fde53c14 45.34MB / 45.34MB 1.7s
#5 sha256:3b7ca19181b24b87e24423c01b490633bc1e47d2fcdc1987bf2e37949d6789b5 36.70MB / 50.07MB 1.7s
#5 sha256:3b7ca19181b24b87e24423c01b490633bc1e47d2fcdc1987bf2e37949d6789b5 42.99MB / 50.07MB 1.8s
#5 sha256:425d7b2a5bcc7e8df5041d66655cd6173c16799afefb1645ca0e0b3fa8a1043d 28.31MB / 215.08MB 1.8s
#5 sha256:3b7ca19181b24b87e24423c01b490633bc1e47d2fcdc1987bf2e37949d6789b5 50.07MB / 50.07MB 2.0s
#5 sha256:425d7b2a5bcc7e8df5041d66655cd6173c16799afefb1645ca0e0b3fa8a1043d 44.04MB / 215.08MB 2.1s
#5 sha256:425d7b2a5bcc7e8df5041d66655cd6173c16799afefb1645ca0e0b3fa8a1043d 57.67MB / 215.08MB 2.2s
#5 sha256:c5e155d5a1d130a7f8a3e24cee0d9e1349bff13f90ec6a941478e558fde53c14 45.34MB / 45.34MB 2.3s done
#5 sha256:425d7b2a5bcc7e8df5041d66655cd6173c16799afefb1645ca0e0b3fa8a1043d 70.25MB / 215.08MB 2.4s
#5 extracting sha256:c5e155d5a1d130a7f8a3e24cee0d9e1349bff13f90ec6a941478e558fde53c14 0.1s
#5 sha256:425d7b2a5bcc7e8df5041d66655cd6173c16799afefb1645ca0e0b3fa8a1043d 82.84MB / 215.08MB 2.5s
#5 sha256:425d7b2a5bcc7e8df5041d66655cd6173c16799afefb1645ca0e0b3fa8a1043d 98.57MB / 215.08MB 2.8s
#5 sha256:3b7ca19181b24b87e24423c01b490633bc1e47d2fcdc1987bf2e37949d6789b5 50.07MB / 50.07MB 3.1s done
#5 sha256:425d7b2a5bcc7e8df5041d66655cd6173c16799afefb1645ca0e0b3fa8a1043d 110.10MB / 215.08MB 3.1s
#5 sha256:69df12c70287cf403446724e92cae1e0aa1c74713e27106525e433037c43a087 0B / 4.16kB 3.1s
#5 sha256:425d7b2a5bcc7e8df5041d66655cd6173c16799afefb1645ca0e0b3fa8a1043d 123.73MB / 215.08MB 3.3s
#5 sha256:69df12c70287cf403446724e92cae1e0aa1c74713e27106525e433037c43a087 4.16kB / 4.16kB 3.3s done
#5 sha256:ea2f5386a42d42ff9729d1cb357ca3741edc32be894150e5024a85655b8523ec 0B / 14.58MB 3.3s
#5 sha256:ea2f5386a42d42ff9729d1cb357ca3741edc32be894150e5024a85655b8523ec 1.05MB / 14.58MB 3.4s
#5 sha256:d421d2b3c5eb9a47f42f42f82356e2f63b493c49c8bbcc0c070ab4a06446a972 0B / 1.32MB 3.4s
#5 sha256:ea2f5386a42d42ff9729d1cb357ca3741edc32be894150e5024a85655b8523ec 7.34MB / 14.58MB 3.5s
#5 sha256:425d7b2a5bcc7e8df5041d66655cd6173c16799afefb1645ca0e0b3fa8a1043d 135.27MB / 215.08MB 3.6s
#5 sha256:ea2f5386a42d42ff9729d1cb357ca3741edc32be894150e5024a85655b8523ec 11.53MB / 14.58MB 3.6s
#5 sha256:d421d2b3c5eb9a47f42f42f82356e2f63b493c49c8bbcc0c070ab4a06446a972 1.32MB / 1.32MB 3.6s done
#5 sha256:ea2f5386a42d42ff9729d1cb357ca3741edc32be894150e5024a85655b8523ec 14.58MB / 14.58MB 3.7s
#5 sha256:425d7b2a5bcc7e8df5041d66655cd6173c16799afefb1645ca0e0b3fa8a1043d 154.14MB / 215.08MB 4.1s
#5 sha256:ea2f5386a42d42ff9729d1cb357ca3741edc32be894150e5024a85655b8523ec 14.58MB / 14.58MB 3.9s done
#5 sha256:425d7b2a5bcc7e8df5041d66655cd6173c16799afefb1645ca0e0b3fa8a1043d 165.68MB / 215.08MB 4.4s
#5 sha256:425d7b2a5bcc7e8df5041d66655cd6173c16799afefb1645ca0e0b3fa8a1043d 185.60MB / 215.08MB 4.8s
#5 sha256:425d7b2a5bcc7e8df5041d66655cd6173c16799afefb1645ca0e0b3fa8a1043d 199.23MB / 215.08MB 4.9s
#5 sha256:425d7b2a5bcc7e8df5041d66655cd6173c16799afefb1645ca0e0b3fa8a1043d 213.91MB / 215.08MB 5.1s
#5 extracting sha256:c5e155d5a1d130a7f8a3e24cee0d9e1349bff13f90ec6a941478e558fde53c14 2.8s done
#5 sha256:425d7b2a5bcc7e8df5041d66655cd6173c16799afefb1645ca0e0b3fa8a1043d 215.08MB / 215.08MB 8.9s done
#5 extracting sha256:221d80d00ae9675aad24913aacbadfac1ce8b7084f9765a6c0813486082c5c69
#5 extracting sha256:221d80d00ae9675aad24913aacbadfac1ce8b7084f9765a6c0813486082c5c69 0.5s done
#5 extracting sha256:4250b3117dca5e14edc32ebf1366cd54e4cda91f17610b76c504a86917ff8b95
#5 extracting sha256:4250b3117dca5e14edc32ebf1366cd54e4cda91f17610b76c504a86917ff8b95 0.2s done
#5 extracting sha256:3b7ca19181b24b87e24423c01b490633bc1e47d2fcdc1987bf2e37949d6789b5
#5 extracting sha256:3b7ca19181b24b87e24423c01b490633bc1e47d2fcdc1987bf2e37949d6789b5 3.2s done
#5 extracting sha256:425d7b2a5bcc7e8df5041d66655cd6173c16799afefb1645ca0e0b3fa8a1043d
#5 extracting sha256:425d7b2a5bcc7e8df5041d66655cd6173c16799afefb1645ca0e0b3fa8a1043d 5.0s
#5 extracting sha256:425d7b2a5bcc7e8df5041d66655cd6173c16799afefb1645ca0e0b3fa8a1043d 11.4s
#5 extracting sha256:425d7b2a5bcc7e8df5041d66655cd6173c16799afefb1645ca0e0b3fa8a1043d 15.6s done
#5 extracting sha256:69df12c70287cf403446724e92cae1e0aa1c74713e27106525e433037c43a087
#5 extracting sha256:69df12c70287cf403446724e92cae1e0aa1c74713e27106525e433037c43a087 0.1s done
#5 extracting sha256:ea2f5386a42d42ff9729d1cb357ca3741edc32be894150e5024a85655b8523ec
#5 extracting sha256:ea2f5386a42d42ff9729d1cb357ca3741edc32be894150e5024a85655b8523ec 1.1s done
#5 extracting sha256:d421d2b3c5eb9a47f42f42f82356e2f63b493c49c8bbcc0c070ab4a06446a972
#5 extracting sha256:d421d2b3c5eb9a47f42f42f82356e2f63b493c49c8bbcc0c070ab4a06446a972 0.1s done
#5 DONE 34.8s

#7 [ 2/12] RUN apt-get update -y && apt-get install -y curl
#7 0.631 Ign:1 http://security.debian.org/debian-security stretch/updates InRelease
#7 0.632 Ign:2 http://deb.debian.org/debian stretch InRelease
#7 0.641 Ign:3 http://security.debian.org/debian-security stretch/updates Release
#7 0.644 Ign:4 http://deb.debian.org/debian stretch-updates InRelease
#7 0.651 Ign:5 http://security.debian.org/debian-security stretch/updates/main all Packages
#7 0.655 Ign:6 http://deb.debian.org/debian stretch Release
#7 0.660 Ign:7 http://security.debian.org/debian-security stretch/updates/main amd64 Packages
#7 0.665 Ign:8 http://deb.debian.org/debian stretch-updates Release
#7 0.670 Ign:5 http://security.debian.org/debian-security stretch/updates/main all Packages
#7 0.677 Ign:9 http://deb.debian.org/debian stretch/main all Packages
#7 0.680 Ign:7 http://security.debian.org/debian-security stretch/updates/main amd64 Packages
#7 0.690 Ign:5 http://security.debian.org/debian-security stretch/updates/main all Packages
#7 0.700 Ign:7 http://security.debian.org/debian-security stretch/updates/main amd64 Packages
#7 0.709 Ign:5 http://security.debian.org/debian-security stretch/updates/main all Packages
#7 0.719 Ign:7 http://security.debian.org/debian-security stretch/updates/main amd64 Packages
#7 0.729 Ign:5 http://security.debian.org/debian-security stretch/updates/main all Packages
#7 0.739 Ign:7 http://security.debian.org/debian-security stretch/updates/main amd64 Packages
#7 0.749 Ign:5 http://security.debian.org/debian-security stretch/updates/main all Packages
#7 0.759 Err:7 http://security.debian.org/debian-security stretch/updates/main amd64 Packages
#7 0.759   404  Not Found
#7 0.835 Ign:10 http://deb.debian.org/debian stretch/main amd64 Packages
#7 0.846 Ign:11 http://deb.debian.org/debian stretch-updates/main all Packages
#7 1.004 Ign:12 http://deb.debian.org/debian stretch-updates/main amd64 Packages
#7 1.015 Ign:9 http://deb.debian.org/debian stretch/main all Packages
#7 1.173 Ign:10 http://deb.debian.org/debian stretch/main amd64 Packages
#7 1.184 Ign:11 http://deb.debian.org/debian stretch-updates/main all Packages
#7 1.342 Ign:12 http://deb.debian.org/debian stretch-updates/main amd64 Packages
#7 1.354 Ign:9 http://deb.debian.org/debian stretch/main all Packages
#7 1.512 Ign:10 http://deb.debian.org/debian stretch/main amd64 Packages
#7 1.523 Ign:11 http://deb.debian.org/debian stretch-updates/main all Packages
#7 1.681 Ign:12 http://deb.debian.org/debian stretch-updates/main amd64 Packages
#7 1.692 Ign:9 http://deb.debian.org/debian stretch/main all Packages
#7 1.851 Ign:10 http://deb.debian.org/debian stretch/main amd64 Packages
#7 1.862 Ign:11 http://deb.debian.org/debian stretch-updates/main all Packages
#7 2.020 Ign:12 http://deb.debian.org/debian stretch-updates/main amd64 Packages
#7 2.031 Ign:9 http://deb.debian.org/debian stretch/main all Packages
#7 2.190 Ign:10 http://deb.debian.org/debian stretch/main amd64 Packages
#7 2.200 Ign:11 http://deb.debian.org/debian stretch-updates/main all Packages
#7 2.359 Ign:12 http://deb.debian.org/debian stretch-updates/main amd64 Packages
#7 2.369 Ign:9 http://deb.debian.org/debian stretch/main all Packages
#7 2.537 Err:10 http://deb.debian.org/debian stretch/main amd64 Packages
#7 2.537   404  Not Found
#7 2.547 Ign:11 http://deb.debian.org/debian stretch-updates/main all Packages
#7 2.706 Err:12 http://deb.debian.org/debian stretch-updates/main amd64 Packages
#7 2.706   404  Not Found
#7 2.710 Reading package lists...
#7 2.724 W: The repository 'http://security.debian.org/debian-security stretch/updates Release' does not have a Release file.
#7 2.724 W: The repository 'http://deb.debian.org/debian stretch Release' does not have a Release file.
#7 2.724 W: The repository 'http://deb.debian.org/debian stretch-updates Release' does not have a Release file.
#7 2.724 E: Failed to fetch http://security.debian.org/debian-security/dists/stretch/updates/main/binary-amd64/Packages  404  Not Found
#7 2.724 E: Failed to fetch http://deb.debian.org/debian/dists/stretch/main/binary-amd64/Packages  404  Not Found
#7 2.724 E: Failed to fetch http://deb.debian.org/debian/dists/stretch-updates/main/binary-amd64/Packages  404  Not Found
#7 2.724 E: Some index files failed to download. They have been ignored, or old ones used instead.
#7 ERROR: process "/bin/sh -c apt-get update -y && apt-get install -y curl" did not complete successfully: exit code: 100
------
 > [ 2/12] RUN apt-get update -y && apt-get install -y curl:
2.706 Err:12 http://deb.debian.org/debian stretch-updates/main amd64 Packages
2.706   404  Not Found
2.710 Reading package lists...
2.724 W: The repository 'http://security.debian.org/debian-security stretch/updates Release' does not have a Release file.
2.724 W: The repository 'http://deb.debian.org/debian stretch Release' does not have a Release file.
2.724 W: The repository 'http://deb.debian.org/debian stretch-updates Release' does not have a Release file.
2.724 E: Failed to fetch http://security.debian.org/debian-security/dists/stretch/updates/main/binary-amd64/Packages  404  Not Found
2.724 E: Failed to fetch http://deb.debian.org/debian/dists/stretch/main/binary-amd64/Packages  404  Not Found
2.724 E: Failed to fetch http://deb.debian.org/debian/dists/stretch-updates/main/binary-amd64/Packages  404  Not Found
2.724 E: Some index files failed to download. They have been ignored, or old ones used instead.
------
Dockerfile:10
--------------------
   8 |     
   9 |     # s6 overlay
  10 | >>> RUN apt-get update -y && apt-get install -y curl
  11 |     
  12 |     RUN curl -L -s https://github.com/just-containers/s6-overlay/releases/download/v1.18.1.5/s6-overlay-amd64.tar.gz \
--------------------
ERROR: failed to solve: process "/bin/sh -c apt-get update -y && apt-get install -y curl" did not complete successfully: exit code: 100
Duration: 1:4.05