#0 building with "default" instance using docker driver

#1 [internal] load build definition from v1_Dockerfile
#1 transferring dockerfile: 629B done
#1 DONE 0.0s

#2 [auth] library/debian:pull token for registry-1.docker.io
#2 DONE 0.0s

#3 [internal] load metadata for docker.io/library/debian:stretch-slim
#3 DONE 0.8s

#4 [internal] load .dockerignore
#4 transferring context: 2B done
#4 DONE 0.0s

#5 [internal] load build context
#5 transferring context: 478.26kB done
#5 DONE 0.0s

#6 [1/5] FROM docker.io/library/debian:stretch-slim@sha256:abaa313c7e1dfe16069a1a42fa254014780f165d4fd084844602edbe29915e70
#6 resolve docker.io/library/debian:stretch-slim@sha256:abaa313c7e1dfe16069a1a42fa254014780f165d4fd084844602edbe29915e70 0.0s done
#6 sha256:abaa313c7e1dfe16069a1a42fa254014780f165d4fd084844602edbe29915e70 1.21kB / 1.21kB done
#6 sha256:c5cd3ffceeb25b683bf5111ea89bf8049a177e00fb237235d48076a19cc80097 529B / 529B done
#6 sha256:0e23ec2ce5e621c0e8fa57a53c7781d59d57de8c139a8a351b7236530cd85ec2 1.46kB / 1.46kB done
#6 sha256:bff3e048017eab8adaed886bad4b3c5c81f7d952b65b056dca8d6dbc198222dd 0B / 22.57MB 0.1s
#6 sha256:bff3e048017eab8adaed886bad4b3c5c81f7d952b65b056dca8d6dbc198222dd 8.39MB / 22.57MB 0.2s
#6 sha256:bff3e048017eab8adaed886bad4b3c5c81f7d952b65b056dca8d6dbc198222dd 18.87MB / 22.57MB 0.3s
#6 sha256:bff3e048017eab8adaed886bad4b3c5c81f7d952b65b056dca8d6dbc198222dd 22.57MB / 22.57MB 0.4s
#6 extracting sha256:bff3e048017eab8adaed886bad4b3c5c81f7d952b65b056dca8d6dbc198222dd
#6 sha256:bff3e048017eab8adaed886bad4b3c5c81f7d952b65b056dca8d6dbc198222dd 22.57MB / 22.57MB 0.4s done
#6 extracting sha256:bff3e048017eab8adaed886bad4b3c5c81f7d952b65b056dca8d6dbc198222dd 1.7s done
#6 DONE 2.3s

#7 [2/5] RUN useradd -d /lynis-report-converter --no-log-init -U lynis
#7 DONE 0.6s

#8 [3/5] RUN apt-get update     && apt-get upgrade -y     && apt-get install -y --no-install-recommends        htmldoc libxml-writer-perl libarchive-zip-perl libjson-perl     && apt-get clean     && rm -rf /var/lib/apt/lists/* /tmp/* /var/tmp/*
#8 0.216 Ign:1 http://deb.debian.org/debian stretch InRelease
#8 0.218 Ign:2 http://security.debian.org/debian-security stretch/updates InRelease
#8 0.227 Ign:3 http://deb.debian.org/debian stretch-updates InRelease
#8 0.231 Ign:4 http://security.debian.org/debian-security stretch/updates Release
#8 0.237 Ign:5 http://deb.debian.org/debian stretch Release
#8 0.242 Ign:6 http://security.debian.org/debian-security stretch/updates/main amd64 Packages
#8 0.248 Ign:7 http://deb.debian.org/debian stretch-updates Release
#8 0.254 Ign:8 http://security.debian.org/debian-security stretch/updates/main all Packages
#8 0.260 Ign:9 http://deb.debian.org/debian stretch/main all Packages
#8 0.265 Ign:6 http://security.debian.org/debian-security stretch/updates/main amd64 Packages
#8 0.270 Ign:10 http://deb.debian.org/debian stretch/main amd64 Packages
#8 0.276 Ign:8 http://security.debian.org/debian-security stretch/updates/main all Packages
#8 0.280 Ign:11 http://deb.debian.org/debian stretch-updates/main amd64 Packages
#8 0.287 Ign:6 http://security.debian.org/debian-security stretch/updates/main amd64 Packages
#8 0.291 Ign:12 http://deb.debian.org/debian stretch-updates/main all Packages
#8 0.297 Ign:8 http://security.debian.org/debian-security stretch/updates/main all Packages
#8 0.302 Ign:9 http://deb.debian.org/debian stretch/main all Packages
#8 0.308 Ign:6 http://security.debian.org/debian-security stretch/updates/main amd64 Packages
#8 0.319 Ign:8 http://security.debian.org/debian-security stretch/updates/main all Packages
#8 0.330 Ign:6 http://security.debian.org/debian-security stretch/updates/main amd64 Packages
#8 0.341 Ign:8 http://security.debian.org/debian-security stretch/updates/main all Packages
#8 0.352 Err:6 http://security.debian.org/debian-security stretch/updates/main amd64 Packages
#8 0.352   404  Not Found [IP: 151.101.194.132 80]
#8 0.363 Ign:8 http://security.debian.org/debian-security stretch/updates/main all Packages
#8 1.075 Ign:10 http://deb.debian.org/debian stretch/main amd64 Packages
#8 1.086 Ign:11 http://deb.debian.org/debian stretch-updates/main amd64 Packages
#8 1.099 Ign:12 http://deb.debian.org/debian stretch-updates/main all Packages
#8 1.110 Ign:9 http://deb.debian.org/debian stretch/main all Packages
#8 1.121 Ign:10 http://deb.debian.org/debian stretch/main amd64 Packages
#8 1.130 Ign:11 http://deb.debian.org/debian stretch-updates/main amd64 Packages
#8 1.141 Ign:12 http://deb.debian.org/debian stretch-updates/main all Packages
#8 1.151 Ign:9 http://deb.debian.org/debian stretch/main all Packages
#8 1.162 Ign:10 http://deb.debian.org/debian stretch/main amd64 Packages
#8 1.174 Ign:11 http://deb.debian.org/debian stretch-updates/main amd64 Packages
#8 1.184 Ign:12 http://deb.debian.org/debian stretch-updates/main all Packages
#8 1.195 Ign:9 http://deb.debian.org/debian stretch/main all Packages
#8 1.354 Ign:10 http://deb.debian.org/debian stretch/main amd64 Packages
#8 1.364 Ign:11 http://deb.debian.org/debian stretch-updates/main amd64 Packages
#8 1.374 Ign:12 http://deb.debian.org/debian stretch-updates/main all Packages
#8 1.385 Ign:9 http://deb.debian.org/debian stretch/main all Packages
#8 1.406 Err:10 http://deb.debian.org/debian stretch/main amd64 Packages
#8 1.406   404  Not Found
#8 1.417 Err:11 http://deb.debian.org/debian stretch-updates/main amd64 Packages
#8 1.417   404  Not Found
#8 1.427 Ign:12 http://deb.debian.org/debian stretch-updates/main all Packages
#8 1.430 Reading package lists...
#8 1.437 W: The repository 'http://security.debian.org/debian-security stretch/updates Release' does not have a Release file.
#8 1.437 W: The repository 'http://deb.debian.org/debian stretch Release' does not have a Release file.
#8 1.437 W: The repository 'http://deb.debian.org/debian stretch-updates Release' does not have a Release file.
#8 1.437 E: Failed to fetch http://security.debian.org/debian-security/dists/stretch/updates/main/binary-amd64/Packages  404  Not Found [IP: 151.101.194.132 80]
#8 1.437 E: Failed to fetch http://deb.debian.org/debian/dists/stretch/main/binary-amd64/Packages  404  Not Found
#8 1.437 E: Failed to fetch http://deb.debian.org/debian/dists/stretch-updates/main/binary-amd64/Packages  404  Not Found
#8 1.437 E: Some index files failed to download. They have been ignored, or old ones used instead.
#8 ERROR: process "/bin/sh -c apt-get update     && apt-get upgrade -y     && apt-get install -y --no-install-recommends        htmldoc libxml-writer-perl libarchive-zip-perl libjson-perl     && apt-get clean     && rm -rf /var/lib/apt/lists/* /tmp/* /var/tmp/*" did not complete successfully: exit code: 100
------
 > [3/5] RUN apt-get update     && apt-get upgrade -y     && apt-get install -y --no-install-recommends        htmldoc libxml-writer-perl libarchive-zip-perl libjson-perl     && apt-get clean     && rm -rf /var/lib/apt/lists/* /tmp/* /var/tmp/*:
1.417   404  Not Found
1.427 Ign:12 http://deb.debian.org/debian stretch-updates/main all Packages
1.430 Reading package lists...
1.437 W: The repository 'http://security.debian.org/debian-security stretch/updates Release' does not have a Release file.
1.437 W: The repository 'http://deb.debian.org/debian stretch Release' does not have a Release file.
1.437 W: The repository 'http://deb.debian.org/debian stretch-updates Release' does not have a Release file.
1.437 E: Failed to fetch http://security.debian.org/debian-security/dists/stretch/updates/main/binary-amd64/Packages  404  Not Found [IP: 151.101.194.132 80]
1.437 E: Failed to fetch http://deb.debian.org/debian/dists/stretch/main/binary-amd64/Packages  404  Not Found
1.437 E: Failed to fetch http://deb.debian.org/debian/dists/stretch-updates/main/binary-amd64/Packages  404  Not Found
1.437 E: Some index files failed to download. They have been ignored, or old ones used instead.
------
v1_Dockerfile:7
--------------------
   6 |     
   7 | >>> RUN apt-get update \
   8 | >>>     && apt-get upgrade -y \
   9 | >>>     && apt-get install -y --no-install-recommends \
  10 | >>>        htmldoc libxml-writer-perl libarchive-zip-perl libjson-perl \
  11 | >>>     && apt-get clean \
  12 | >>>     && rm -rf /var/lib/apt/lists/* /tmp/* /var/tmp/*
  13 |     
--------------------
ERROR: failed to solve: process "/bin/sh -c apt-get update     && apt-get upgrade -y     && apt-get install -y --no-install-recommends        htmldoc libxml-writer-perl libarchive-zip-perl libjson-perl     && apt-get clean     && rm -rf /var/lib/apt/lists/* /tmp/* /var/tmp/*" did not complete successfully: exit code: 100
Duration: 0:5.43