#0 building with "default" instance using docker driver

#1 [internal] load build definition from Dockerfile
#1 transferring dockerfile:
#1 transferring dockerfile: 705B done
#1 DONE 0.3s

#2 [internal] load .dockerignore
#2 transferring context: 2B done
#2 DONE 0.4s

#3 [internal] load metadata for docker.io/sigboe/steamcmd:latest
#3 ...

#4 [auth] sigboe/steamcmd:pull token for registry-1.docker.io
#4 DONE 0.0s

#3 [internal] load metadata for docker.io/sigboe/steamcmd:latest
#3 DONE 1.4s

#5 [1/4] FROM docker.io/sigboe/steamcmd:latest@sha256:035f5a770805ab6baece1907d5e76ef50dc7d381eaa9143a34264bcfa9ac379e
#5 resolve docker.io/sigboe/steamcmd:latest@sha256:035f5a770805ab6baece1907d5e76ef50dc7d381eaa9143a34264bcfa9ac379e 0.1s done
#5 sha256:cea7f92ebd55050c3467b21a4f7c68c70ad0fc4cf56fb9c824a61583a66de3f4 5.57kB / 5.57kB done
#5 sha256:035f5a770805ab6baece1907d5e76ef50dc7d381eaa9143a34264bcfa9ac379e 1.99kB / 1.99kB done
#5 sha256:6498e51874bfd453352b79b1a3f669109795134b7adcd1a02d0ce69001f4e05b 0B / 71.55kB 0.2s
#5 ...

#6 [internal] load build context
#6 transferring context: 884B 0.0s done
#6 DONE 0.3s

#5 [1/4] FROM docker.io/sigboe/steamcmd:latest@sha256:035f5a770805ab6baece1907d5e76ef50dc7d381eaa9143a34264bcfa9ac379e
#5 sha256:6498e51874bfd453352b79b1a3f669109795134b7adcd1a02d0ce69001f4e05b 71.55kB / 71.55kB 0.3s done
#5 sha256:159ebdd1959b09a7284ceb22bbb7e383049466ece0503f66197e7843aad1da47 0B / 364B 0.4s
#5 sha256:862a3e9af0aeffe79345b790bad31baaa61e9402b6e616bff17babed6b053b54 0B / 65.70MB 0.4s
#5 sha256:159ebdd1959b09a7284ceb22bbb7e383049466ece0503f66197e7843aad1da47 364B / 364B 0.4s done
#5 sha256:0fdbedd3771a99a8df8fe8edd26c62366a0d59496b2685330d9754680f339693 0B / 680B 0.6s
#5 sha256:7a1f7116d1e3a87e389da7767ee68f5731c05dbb1a4d4dbd45166b3a8412f1c6 0B / 161B 0.6s
#5 sha256:862a3e9af0aeffe79345b790bad31baaa61e9402b6e616bff17babed6b053b54 14.68MB / 65.70MB 0.8s
#5 sha256:0fdbedd3771a99a8df8fe8edd26c62366a0d59496b2685330d9754680f339693 680B / 680B 0.6s done
#5 sha256:7a1f7116d1e3a87e389da7767ee68f5731c05dbb1a4d4dbd45166b3a8412f1c6 161B / 161B 0.7s done
#5 sha256:5797e1b1d31625fd6386edcf54834e1e08cef326ee1435c0aa4cda5a4130bac0 0B / 4.26kB 0.8s
#5 sha256:9823a14b71b9ff8dab9531758333fed1ca72fdfa66e84a794afca47780719a9f 0B / 8.40MB 0.8s
#5 sha256:862a3e9af0aeffe79345b790bad31baaa61e9402b6e616bff17babed6b053b54 31.46MB / 65.70MB 1.0s
#5 sha256:862a3e9af0aeffe79345b790bad31baaa61e9402b6e616bff17babed6b053b54 52.43MB / 65.70MB 1.2s
#5 sha256:5797e1b1d31625fd6386edcf54834e1e08cef326ee1435c0aa4cda5a4130bac0 4.26kB / 4.26kB 1.1s done
#5 sha256:e551858dd57c8ffd003588d8221ebdeae9b36f741ef2323f51864a91873d387d 0B / 3.16MB 1.2s
#5 sha256:862a3e9af0aeffe79345b790bad31baaa61e9402b6e616bff17babed6b053b54 65.70MB / 65.70MB 1.4s
#5 sha256:e551858dd57c8ffd003588d8221ebdeae9b36f741ef2323f51864a91873d387d 1.05MB / 3.16MB 1.6s
#5 sha256:9823a14b71b9ff8dab9531758333fed1ca72fdfa66e84a794afca47780719a9f 5.24MB / 8.40MB 1.8s
#5 sha256:e551858dd57c8ffd003588d8221ebdeae9b36f741ef2323f51864a91873d387d 3.16MB / 3.16MB 1.8s
#5 sha256:9823a14b71b9ff8dab9531758333fed1ca72fdfa66e84a794afca47780719a9f 8.40MB / 8.40MB 2.0s
#5 sha256:862a3e9af0aeffe79345b790bad31baaa61e9402b6e616bff17babed6b053b54 65.70MB / 65.70MB 2.2s done
#5 sha256:e551858dd57c8ffd003588d8221ebdeae9b36f741ef2323f51864a91873d387d 3.16MB / 3.16MB 2.3s done
#5 extracting sha256:862a3e9af0aeffe79345b790bad31baaa61e9402b6e616bff17babed6b053b54 0.1s
#5 sha256:9823a14b71b9ff8dab9531758333fed1ca72fdfa66e84a794afca47780719a9f 8.40MB / 8.40MB 2.5s done
#5 extracting sha256:862a3e9af0aeffe79345b790bad31baaa61e9402b6e616bff17babed6b053b54 4.6s done
#5 extracting sha256:6498e51874bfd453352b79b1a3f669109795134b7adcd1a02d0ce69001f4e05b
#5 extracting sha256:6498e51874bfd453352b79b1a3f669109795134b7adcd1a02d0ce69001f4e05b 0.1s done
#5 extracting sha256:159ebdd1959b09a7284ceb22bbb7e383049466ece0503f66197e7843aad1da47
#5 extracting sha256:159ebdd1959b09a7284ceb22bbb7e383049466ece0503f66197e7843aad1da47 done
#5 extracting sha256:0fdbedd3771a99a8df8fe8edd26c62366a0d59496b2685330d9754680f339693
#5 extracting sha256:0fdbedd3771a99a8df8fe8edd26c62366a0d59496b2685330d9754680f339693 done
#5 extracting sha256:7a1f7116d1e3a87e389da7767ee68f5731c05dbb1a4d4dbd45166b3a8412f1c6
#5 extracting sha256:7a1f7116d1e3a87e389da7767ee68f5731c05dbb1a4d4dbd45166b3a8412f1c6 done
#5 extracting sha256:5797e1b1d31625fd6386edcf54834e1e08cef326ee1435c0aa4cda5a4130bac0
#5 extracting sha256:5797e1b1d31625fd6386edcf54834e1e08cef326ee1435c0aa4cda5a4130bac0 0.1s done
#5 extracting sha256:9823a14b71b9ff8dab9531758333fed1ca72fdfa66e84a794afca47780719a9f
#5 extracting sha256:9823a14b71b9ff8dab9531758333fed1ca72fdfa66e84a794afca47780719a9f 0.5s done
#5 extracting sha256:e551858dd57c8ffd003588d8221ebdeae9b36f741ef2323f51864a91873d387d
#5 extracting sha256:e551858dd57c8ffd003588d8221ebdeae9b36f741ef2323f51864a91873d387d 0.2s done
#5 DONE 11.0s

#7 [2/4] RUN 	/opt/steamcmd/steamcmd.sh +quit &&     apt-get update &&     apt-get install -y wget &&     rm -rf /var/lib/apt/lists/*
#7 10.74 Redirecting stderr to '/root/Steam/logs/stderr.txt'
#7 10.74 ILocalize::AddFile() failed to load file "public/steambootstrapper_english.txt".
#7 10.74 [  0%] Checking for available update...
#7 10.74 [  0%] Downloading update (0 of 87203 KB)...
#7 10.74 [  0%] Downloading update (4686 of 87203 KB)...
#7 10.74 [  5%] Downloading update (10360 of 87203 KB)...
#7 10.74 [ 11%] Downloading update (14957 of 87203 KB)...
#7 10.74 [ 17%] Downloading update (19108 of 87203 KB)...
#7 10.74 [ 21%] Downloading update (23301 of 87203 KB)...
#7 10.74 [ 26%] Downloading update (27460 of 87203 KB)...
#7 10.74 [ 31%] Downloading update (31624 of 87203 KB)...
#7 10.74 [ 36%] Downloading update (35797 of 87203 KB)...
#7 10.74 [ 41%] Downloading update (40371 of 87203 KB)...
#7 10.74 [ 46%] Downloading update (44521 of 87203 KB)...
#7 10.74 [ 51%] Downloading update (48703 of 87203 KB)...
#7 10.74 [ 55%] Downloading update (52880 of 87203 KB)...
#7 10.74 [ 60%] Downloading update (57056 of 87203 KB)...
#7 10.74 [ 65%] Downloading update (61561 of 87203 KB)...
#7 10.74 [ 70%] Downloading update (63761 of 87203 KB)...
#7 10.74 [ 73%] Downloading update (66038 of 87203 KB)...
#7 10.74 [ 75%] Downloading update (68105 of 87203 KB)...
#7 10.74 [ 78%] Downloading update (70192 of 87203 KB)...
#7 10.74 [ 80%] Downloading update (72482 of 87203 KB)...
#7 10.74 [ 83%] Downloading update (74540 of 87203 KB)...
#7 10.74 [ 85%] Downloading update (76617 of 87203 KB)...
#7 10.74 [ 87%] Downloading update (78681 of 87203 KB)...
#7 10.74 [ 90%] Downloading update (80960 of 87203 KB)...
#7 10.74 [ 92%] Downloading update (83034 of 87203 KB)...
#7 10.74 [ 95%] Downloading update (85115 of 87203 KB)...
#7 10.74 [ 97%] Downloading update (87197 of 87203 KB)...
#7 10.74 [ 99%] Downloading update (87203 of 87203 KB)...
#7 10.74 [100%] Download Complete.
#7 10.74 [----] Applying update...
#7 10.74 [----] Extracting package...
#7 10.74 [----] Extracting package...
#7 10.74 [----] Extracting package...
#7 10.74 [----] Extracting package...
#7 10.74 [----] Installing update...
#7 10.74 [----] Installing update...
#7 10.74 [----] Installing update...
#7 10.74 [----] Installing update...
#7 10.74 [----] Installing update...
#7 10.74 [----] Installing update...
#7 10.74 [----] Installing update...
#7 10.74 [----] Installing update...
#7 10.74 [----] Cleaning up...
#7 10.74 [----] Update complete, launching...
#7 12.92 WARNING: setlocale('en_US.UTF-8') failed, using locale: 'C'. International characters may not work.
#7 12.92 Redirecting stderr to '/root/Steam/logs/stderr.txt'
#7 12.92 Logging directory: '/root/Steam/logs'
#7 12.92 [  0%] Checking for available updates...
#7 12.92 [----] Verifying installation...
#7 12.92 [  0%] Downloading update...
#7 12.92 [  0%] Checking for available updates...
#7 12.92 UpdateUI: skip show logo[----] !!! Fatal Error: Steamcmd needs to be online to update. Please confirm your network connection and try again.
#7 12.98 src/tier0/threadtools.cpp (3465) : Assertion Failed: Illegal termination of worker thread 'Thread(0x0x580e12d8/0x0xf7464b'
#7 ERROR: process "/bin/sh -c /opt/steamcmd/steamcmd.sh +quit &&     apt-get update &&     apt-get install -y wget &&     rm -rf /var/lib/apt/lists/*" did not complete successfully: exit code: 254
------
 > [2/4] RUN 	/opt/steamcmd/steamcmd.sh +quit &&     apt-get update &&     apt-get install -y wget &&     rm -rf /var/lib/apt/lists/*:
10.74 [----] Update complete, launching...
12.92 WARNING: setlocale('en_US.UTF-8') failed, using locale: 'C'. International characters may not work.
12.92 Redirecting stderr to '/root/Steam/logs/stderr.txt'
12.92 Logging directory: '/root/Steam/logs'
12.92 [  0%] Checking for available updates...
12.92 [----] Verifying installation...
12.92 [  0%] Downloading update...
12.92 [  0%] Checking for available updates...
12.92 UpdateUI: skip show logo[----] !!! Fatal Error: Steamcmd needs to be online to update. Please confirm your network connection and try again.
12.98 src/tier0/threadtools.cpp (3465) : Assertion Failed: Illegal termination of worker thread 'Thread(0x0x580e12d8/0x0xf7464b'
------
Dockerfile:5
--------------------
   4 |     USER root
   5 | >>> RUN \
   6 | >>> 	/opt/steamcmd/steamcmd.sh +quit && \
   7 | >>>     apt-get update && \
   8 | >>>     apt-get install -y wget && \
   9 | >>>     rm -rf /var/lib/apt/lists/*
  10 |     EXPOSE \
--------------------
ERROR: failed to solve: process "/bin/sh -c /opt/steamcmd/steamcmd.sh +quit &&     apt-get update &&     apt-get install -y wget &&     rm -rf /var/lib/apt/lists/*" did not complete successfully: exit code: 254
Duration: 0:34.59