#0 building with "default" instance using docker driver

#1 [internal] load build definition from v1_Dockerfile
#1 transferring dockerfile: 1.13kB done
#1 DONE 0.0s

#2 [auth] library/python:pull token for registry-1.docker.io
#2 DONE 0.0s

#3 [internal] load metadata for docker.io/library/python:3.9-bullseye
#3 DONE 0.8s

#4 [internal] load .dockerignore
#4 transferring context: 2B done
#4 DONE 0.0s

#5 [base 1/1] FROM docker.io/library/python:3.9-bullseye@sha256:c9b7476167a9c21dd90325a8e818d0059136c9e4e30dd22f0ba2ff4a04a14c8e
#5 resolve docker.io/library/python:3.9-bullseye@sha256:c9b7476167a9c21dd90325a8e818d0059136c9e4e30dd22f0ba2ff4a04a14c8e 0.0s done
#5 sha256:d53dfa00a586795de9dc9f5bc8ad4717b02a8c349b4bbc1f4600a926c5384f40 0B / 15.76MB 0.2s
#5 sha256:bf8ed7043ae24342affc9e27ba2f362a3d02c164d6f2cc7b837f33b475f4ef54 0B / 54.59MB 0.2s
#5 sha256:c9b7476167a9c21dd90325a8e818d0059136c9e4e30dd22f0ba2ff4a04a14c8e 10.35kB / 10.35kB done
#5 sha256:612b99408f0f5a7a6846467d53e324b290051b30d635c235a8d840fb6d26ed07 2.52kB / 2.52kB done
#5 sha256:4a17c44db2190f6c8329b46a30a9add3aca3b95c1c1fb0f2a2cfb762769a62a9 7.25kB / 7.25kB done
#5 sha256:73226dab8db5240a2ddbdbe2fb1f0949a911563a62a3d5de3c8669ae708e88de 0B / 55.08MB 0.2s
#5 sha256:d53dfa00a586795de9dc9f5bc8ad4717b02a8c349b4bbc1f4600a926c5384f40 4.19MB / 15.76MB 0.3s
#5 sha256:d53dfa00a586795de9dc9f5bc8ad4717b02a8c349b4bbc1f4600a926c5384f40 8.39MB / 15.76MB 0.4s
#5 sha256:bf8ed7043ae24342affc9e27ba2f362a3d02c164d6f2cc7b837f33b475f4ef54 3.15MB / 54.59MB 0.4s
#5 sha256:73226dab8db5240a2ddbdbe2fb1f0949a911563a62a3d5de3c8669ae708e88de 4.19MB / 55.08MB 0.4s
#5 sha256:d53dfa00a586795de9dc9f5bc8ad4717b02a8c349b4bbc1f4600a926c5384f40 15.76MB / 15.76MB 0.6s
#5 sha256:bf8ed7043ae24342affc9e27ba2f362a3d02c164d6f2cc7b837f33b475f4ef54 14.68MB / 54.59MB 0.6s
#5 sha256:73226dab8db5240a2ddbdbe2fb1f0949a911563a62a3d5de3c8669ae708e88de 11.53MB / 55.08MB 0.6s
#5 sha256:d53dfa00a586795de9dc9f5bc8ad4717b02a8c349b4bbc1f4600a926c5384f40 15.76MB / 15.76MB 0.6s done
#5 sha256:bf8ed7043ae24342affc9e27ba2f362a3d02c164d6f2cc7b837f33b475f4ef54 19.92MB / 54.59MB 0.7s
#5 sha256:73226dab8db5240a2ddbdbe2fb1f0949a911563a62a3d5de3c8669ae708e88de 15.73MB / 55.08MB 0.7s
#5 sha256:25c6efb0908b76d25c6355b6afc739337771c5a9f3a556c262cb1d0c767b6604 0B / 197.04MB 0.7s
#5 sha256:bf8ed7043ae24342affc9e27ba2f362a3d02c164d6f2cc7b837f33b475f4ef54 24.12MB / 54.59MB 0.8s
#5 sha256:73226dab8db5240a2ddbdbe2fb1f0949a911563a62a3d5de3c8669ae708e88de 19.92MB / 55.08MB 0.8s
#5 sha256:bf8ed7043ae24342affc9e27ba2f362a3d02c164d6f2cc7b837f33b475f4ef54 28.31MB / 54.59MB 0.9s
#5 sha256:73226dab8db5240a2ddbdbe2fb1f0949a911563a62a3d5de3c8669ae708e88de 24.12MB / 55.08MB 0.9s
#5 sha256:bf8ed7043ae24342affc9e27ba2f362a3d02c164d6f2cc7b837f33b475f4ef54 36.70MB / 54.59MB 1.1s
#5 sha256:73226dab8db5240a2ddbdbe2fb1f0949a911563a62a3d5de3c8669ae708e88de 31.46MB / 55.08MB 1.1s
#5 sha256:25c6efb0908b76d25c6355b6afc739337771c5a9f3a556c262cb1d0c767b6604 14.68MB / 197.04MB 1.1s
#5 sha256:73226dab8db5240a2ddbdbe2fb1f0949a911563a62a3d5de3c8669ae708e88de 35.65MB / 55.08MB 1.2s
#5 sha256:bf8ed7043ae24342affc9e27ba2f362a3d02c164d6f2cc7b837f33b475f4ef54 46.14MB / 54.59MB 1.3s
#5 sha256:73226dab8db5240a2ddbdbe2fb1f0949a911563a62a3d5de3c8669ae708e88de 38.80MB / 55.08MB 1.3s
#5 sha256:bf8ed7043ae24342affc9e27ba2f362a3d02c164d6f2cc7b837f33b475f4ef54 49.28MB / 54.59MB 1.4s
#5 sha256:73226dab8db5240a2ddbdbe2fb1f0949a911563a62a3d5de3c8669ae708e88de 41.94MB / 55.08MB 1.4s
#5 sha256:25c6efb0908b76d25c6355b6afc739337771c5a9f3a556c262cb1d0c767b6604 27.26MB / 197.04MB 1.4s
#5 sha256:bf8ed7043ae24342affc9e27ba2f362a3d02c164d6f2cc7b837f33b475f4ef54 54.53MB / 54.59MB 1.5s
#5 sha256:73226dab8db5240a2ddbdbe2fb1f0949a911563a62a3d5de3c8669ae708e88de 46.14MB / 55.08MB 1.5s
#5 sha256:73226dab8db5240a2ddbdbe2fb1f0949a911563a62a3d5de3c8669ae708e88de 50.33MB / 55.08MB 1.6s
#5 sha256:25c6efb0908b76d25c6355b6afc739337771c5a9f3a556c262cb1d0c767b6604 38.80MB / 197.04MB 1.6s
#5 sha256:bf8ed7043ae24342affc9e27ba2f362a3d02c164d6f2cc7b837f33b475f4ef54 54.59MB / 54.59MB 1.6s done
#5 sha256:73226dab8db5240a2ddbdbe2fb1f0949a911563a62a3d5de3c8669ae708e88de 55.08MB / 55.08MB 1.7s
#5 sha256:9869a179cc6fa4840421e8768c8727ad7d836185013af9551e45fc861220392f 0B / 6.05MB 1.7s
#5 sha256:73226dab8db5240a2ddbdbe2fb1f0949a911563a62a3d5de3c8669ae708e88de 55.08MB / 55.08MB 1.8s done
#5 sha256:25c6efb0908b76d25c6355b6afc739337771c5a9f3a556c262cb1d0c767b6604 58.72MB / 197.04MB 1.9s
#5 sha256:9869a179cc6fa4840421e8768c8727ad7d836185013af9551e45fc861220392f 6.05MB / 6.05MB 1.9s done
#5 extracting sha256:73226dab8db5240a2ddbdbe2fb1f0949a911563a62a3d5de3c8669ae708e88de
#5 sha256:ab9ce883a7359a22a2eaaf35af67fd7037d8c68b0dd17688d111ab9710ae7a9e 0B / 16.08MB 1.9s
#5 sha256:b3c56e1a97a9bb7a4ad617f14c59fcf91e4118998e3190c600c3916bcb307187 0B / 232B 1.9s
#5 sha256:ab9ce883a7359a22a2eaaf35af67fd7037d8c68b0dd17688d111ab9710ae7a9e 2.10MB / 16.08MB 2.0s
#5 sha256:25c6efb0908b76d25c6355b6afc739337771c5a9f3a556c262cb1d0c767b6604 73.49MB / 197.04MB 2.1s
#5 sha256:ab9ce883a7359a22a2eaaf35af67fd7037d8c68b0dd17688d111ab9710ae7a9e 5.24MB / 16.08MB 2.1s
#5 sha256:b3c56e1a97a9bb7a4ad617f14c59fcf91e4118998e3190c600c3916bcb307187 232B / 232B 2.0s done
#5 sha256:c168d22344e54d5e3304baceaf6f4e8e50dd6b0ba8f99b161373d83d0af2d382 0B / 2.70MB 2.1s
#5 sha256:ab9ce883a7359a22a2eaaf35af67fd7037d8c68b0dd17688d111ab9710ae7a9e 10.49MB / 16.08MB 2.2s
#5 sha256:c168d22344e54d5e3304baceaf6f4e8e50dd6b0ba8f99b161373d83d0af2d382 1.05MB / 2.70MB 2.2s
#5 sha256:ab9ce883a7359a22a2eaaf35af67fd7037d8c68b0dd17688d111ab9710ae7a9e 16.08MB / 16.08MB 2.3s
#5 sha256:c168d22344e54d5e3304baceaf6f4e8e50dd6b0ba8f99b161373d83d0af2d382 2.70MB / 2.70MB 2.2s done
#5 sha256:25c6efb0908b76d25c6355b6afc739337771c5a9f3a556c262cb1d0c767b6604 89.13MB / 197.04MB 2.4s
#5 sha256:ab9ce883a7359a22a2eaaf35af67fd7037d8c68b0dd17688d111ab9710ae7a9e 16.08MB / 16.08MB 2.3s done
#5 sha256:25c6efb0908b76d25c6355b6afc739337771c5a9f3a556c262cb1d0c767b6604 117.44MB / 197.04MB 2.7s
#5 sha256:25c6efb0908b76d25c6355b6afc739337771c5a9f3a556c262cb1d0c767b6604 131.07MB / 197.04MB 2.9s
#5 sha256:25c6efb0908b76d25c6355b6afc739337771c5a9f3a556c262cb1d0c767b6604 147.85MB / 197.04MB 3.1s
#5 sha256:25c6efb0908b76d25c6355b6afc739337771c5a9f3a556c262cb1d0c767b6604 167.77MB / 197.04MB 3.3s
#5 sha256:25c6efb0908b76d25c6355b6afc739337771c5a9f3a556c262cb1d0c767b6604 189.79MB / 197.04MB 3.6s
#5 sha256:25c6efb0908b76d25c6355b6afc739337771c5a9f3a556c262cb1d0c767b6604 197.04MB / 197.04MB 5.4s done
#5 ...

#6 [internal] load build context
#6 transferring context: 692.07MB 5.8s done
#6 DONE 5.9s

#5 [base 1/1] FROM docker.io/library/python:3.9-bullseye@sha256:c9b7476167a9c21dd90325a8e818d0059136c9e4e30dd22f0ba2ff4a04a14c8e
#5 extracting sha256:73226dab8db5240a2ddbdbe2fb1f0949a911563a62a3d5de3c8669ae708e88de 3.9s done
#5 extracting sha256:d53dfa00a586795de9dc9f5bc8ad4717b02a8c349b4bbc1f4600a926c5384f40 0.1s
#5 extracting sha256:d53dfa00a586795de9dc9f5bc8ad4717b02a8c349b4bbc1f4600a926c5384f40 0.5s done
#5 extracting sha256:bf8ed7043ae24342affc9e27ba2f362a3d02c164d6f2cc7b837f33b475f4ef54
#5 extracting sha256:bf8ed7043ae24342affc9e27ba2f362a3d02c164d6f2cc7b837f33b475f4ef54 2.8s done
#5 extracting sha256:25c6efb0908b76d25c6355b6afc739337771c5a9f3a556c262cb1d0c767b6604
#5 extracting sha256:25c6efb0908b76d25c6355b6afc739337771c5a9f3a556c262cb1d0c767b6604 5.0s
#5 extracting sha256:25c6efb0908b76d25c6355b6afc739337771c5a9f3a556c262cb1d0c767b6604 8.3s done
#5 extracting sha256:9869a179cc6fa4840421e8768c8727ad7d836185013af9551e45fc861220392f
#5 extracting sha256:9869a179cc6fa4840421e8768c8727ad7d836185013af9551e45fc861220392f 0.4s done
#5 extracting sha256:ab9ce883a7359a22a2eaaf35af67fd7037d8c68b0dd17688d111ab9710ae7a9e
#5 extracting sha256:ab9ce883a7359a22a2eaaf35af67fd7037d8c68b0dd17688d111ab9710ae7a9e 0.8s done
#5 extracting sha256:b3c56e1a97a9bb7a4ad617f14c59fcf91e4118998e3190c600c3916bcb307187
#5 extracting sha256:b3c56e1a97a9bb7a4ad617f14c59fcf91e4118998e3190c600c3916bcb307187 done
#5 extracting sha256:c168d22344e54d5e3304baceaf6f4e8e50dd6b0ba8f99b161373d83d0af2d382
#5 extracting sha256:c168d22344e54d5e3304baceaf6f4e8e50dd6b0ba8f99b161373d83d0af2d382 0.3s done
#5 DONE 22.1s

#7 [builder 1/4] RUN mkdir /install
#7 ...

#8 [stage-3 1/9] RUN mkdir -p /app/bikeshed
#8 DONE 3.9s

#9 [specdata 1/5] RUN mkdir /bikeshed-master
#9 DONE 3.9s

#7 [builder 1/4] RUN mkdir /install
#7 DONE 3.9s

#10 [stage-3 2/9] WORKDIR /app
#10 DONE 0.1s

#11 [specdata 2/5] WORKDIR /bikeshed-master
#11 DONE 0.1s

#12 [builder 2/4] WORKDIR /install
#12 DONE 0.1s

#13 [builder 3/4] COPY requirements.txt /requirements.txt
#13 DONE 0.1s

#14 [specdata 3/5] RUN git clone --depth=1 --branch=master https://github.com/tabatkins/bikeshed.git /bikeshed-master
#14 0.210 Cloning into '/bikeshed-master'...
#14 0.481 warning: Could not find remote branch master to clone.
#14 0.481 fatal: Remote branch master not found in upstream origin
#14 ERROR: process "/bin/sh -c git clone --depth=1 --branch=master https://github.com/tabatkins/bikeshed.git /bikeshed-master" did not complete successfully: exit code: 128

#15 [builder 4/4] RUN pip install --prefix=/install -r /requirements.txt
#15 CANCELED
------
 > [specdata 3/5] RUN git clone --depth=1 --branch=master https://github.com/tabatkins/bikeshed.git /bikeshed-master:
0.210 Cloning into '/bikeshed-master'...
0.481 warning: Could not find remote branch master to clone.
0.481 fatal: Remote branch master not found in upstream origin
------
v1_Dockerfile:8
--------------------
   6 |     RUN mkdir /bikeshed-master
   7 |     WORKDIR /bikeshed-master
   8 | >>> RUN git clone --depth=1 --branch=master https://github.com/tabatkins/bikeshed.git /bikeshed-master
   9 |     RUN pip install --editable /bikeshed-master
  10 |     RUN bikeshed update
--------------------
ERROR: failed to solve: process "/bin/sh -c git clone --depth=1 --branch=master https://github.com/tabatkins/bikeshed.git /bikeshed-master" did not complete successfully: exit code: 128
Duration: 0:27.88