#0 building with "default" instance using docker driver

#1 [internal] load build definition from v1_Dockerfile
#1 transferring dockerfile:
#1 ...

#2 [internal] load .dockerignore
#2 transferring context: 2B done
#2 DONE 0.5s

#1 [internal] load build definition from v1_Dockerfile
#1 transferring dockerfile: 709B done
#1 DONE 0.6s

#3 [internal] load metadata for docker.io/library/node:12.6.0
#3 DONE 1.0s

#4 [ 1/11] FROM docker.io/library/node:12.6.0@sha256:cd932f9ff15650a908bf5982c7c0c5aa032d378edcc5cf179a3f7fc8bc8683ef
#4 resolve docker.io/library/node:12.6.0@sha256:cd932f9ff15650a908bf5982c7c0c5aa032d378edcc5cf179a3f7fc8bc8683ef 0.1s done
#4 sha256:cd932f9ff15650a908bf5982c7c0c5aa032d378edcc5cf179a3f7fc8bc8683ef 1.21kB / 1.21kB done
#4 sha256:4200e3ad25e147903a2fce5273ccbf2ec4300162bc199b4963dc5bf5046c1eb8 2.21kB / 2.21kB done
#4 sha256:7c412a5587051c072ead1d7b44be8433ac9aaeb69d507116f3acb929bb537080 7.76kB / 7.76kB done
#4 sha256:a4d8138d0f6b5a441aaa533faf5fe0c3996a6ca42643c46f4402c7e8bda53742 0B / 45.34MB 0.2s
#4 sha256:dbdc36973392a980d56b8fab63383ae44582f6502001d8bbdd543aa3bf1d746e 0B / 10.79MB 0.3s
#4 ...

#5 [internal] load build context
#5 transferring context: 115.62kB done
#5 DONE 0.4s

#4 [ 1/11] FROM docker.io/library/node:12.6.0@sha256:cd932f9ff15650a908bf5982c7c0c5aa032d378edcc5cf179a3f7fc8bc8683ef
#4 sha256:a4d8138d0f6b5a441aaa533faf5fe0c3996a6ca42643c46f4402c7e8bda53742 10.49MB / 45.34MB 0.4s
#4 sha256:f59d6d019dd5b8398eb8d794e3fafe31f9411cc99a71dabfa587bf732b4a7385 0B / 4.34MB 0.4s
#4 sha256:a4d8138d0f6b5a441aaa533faf5fe0c3996a6ca42643c46f4402c7e8bda53742 16.78MB / 45.34MB 0.6s
#4 sha256:dbdc36973392a980d56b8fab63383ae44582f6502001d8bbdd543aa3bf1d746e 10.79MB / 10.79MB 0.6s
#4 sha256:f59d6d019dd5b8398eb8d794e3fafe31f9411cc99a71dabfa587bf732b4a7385 4.19MB / 4.34MB 0.6s
#4 sha256:a4d8138d0f6b5a441aaa533faf5fe0c3996a6ca42643c46f4402c7e8bda53742 23.07MB / 45.34MB 0.7s
#4 sha256:a4d8138d0f6b5a441aaa533faf5fe0c3996a6ca42643c46f4402c7e8bda53742 34.60MB / 45.34MB 0.9s
#4 sha256:dbdc36973392a980d56b8fab63383ae44582f6502001d8bbdd543aa3bf1d746e 10.79MB / 10.79MB 0.8s done
#4 sha256:f59d6d019dd5b8398eb8d794e3fafe31f9411cc99a71dabfa587bf732b4a7385 4.34MB / 4.34MB 0.9s done
#4 sha256:a4d8138d0f6b5a441aaa533faf5fe0c3996a6ca42643c46f4402c7e8bda53742 38.80MB / 45.34MB 1.0s
#4 sha256:aaef3e0262580b9032fc6741fb099c7313834c7cf332500901e87ceeb38ac153 0B / 50.07MB 1.0s
#4 sha256:a4d8138d0f6b5a441aaa533faf5fe0c3996a6ca42643c46f4402c7e8bda53742 45.34MB / 45.34MB 1.2s
#4 sha256:aaef3e0262580b9032fc6741fb099c7313834c7cf332500901e87ceeb38ac153 4.19MB / 50.07MB 1.2s
#4 sha256:6e454d3b6c28c7fb982f4ecb3a0ecf6ab6b3fc31179b70fe38718c9b58fa65ee 1.05MB / 215.10MB 1.2s
#4 sha256:aaef3e0262580b9032fc6741fb099c7313834c7cf332500901e87ceeb38ac153 10.49MB / 50.07MB 1.4s
#4 sha256:6e454d3b6c28c7fb982f4ecb3a0ecf6ab6b3fc31179b70fe38718c9b58fa65ee 15.73MB / 215.10MB 1.4s
#4 sha256:aaef3e0262580b9032fc6741fb099c7313834c7cf332500901e87ceeb38ac153 15.73MB / 50.07MB 1.5s
#4 sha256:aaef3e0262580b9032fc6741fb099c7313834c7cf332500901e87ceeb38ac153 24.12MB / 50.07MB 1.7s
#4 sha256:6e454d3b6c28c7fb982f4ecb3a0ecf6ab6b3fc31179b70fe38718c9b58fa65ee 36.70MB / 215.10MB 1.7s
#4 sha256:a4d8138d0f6b5a441aaa533faf5fe0c3996a6ca42643c46f4402c7e8bda53742 45.34MB / 45.34MB 1.7s done
#4 sha256:aaef3e0262580b9032fc6741fb099c7313834c7cf332500901e87ceeb38ac153 30.41MB / 50.07MB 1.8s
#4 sha256:aaef3e0262580b9032fc6741fb099c7313834c7cf332500901e87ceeb38ac153 39.85MB / 50.07MB 2.0s
#4 sha256:6e454d3b6c28c7fb982f4ecb3a0ecf6ab6b3fc31179b70fe38718c9b58fa65ee 54.53MB / 215.10MB 2.0s
#4 extracting sha256:a4d8138d0f6b5a441aaa533faf5fe0c3996a6ca42643c46f4402c7e8bda53742
#4 sha256:c717a7c205aa7a6401661daa98aad164bed40a50b51994b70b55adbff346b33b 0B / 4.17kB 1.9s
#4 sha256:c717a7c205aa7a6401661daa98aad164bed40a50b51994b70b55adbff346b33b 4.17kB / 4.17kB 2.0s done
#4 sha256:e8566b4564fea3989993c4b9e7c0992fffbbee93f06c662bcad5bcc07724fbc8 0B / 21.93MB 2.1s
#4 sha256:aaef3e0262580b9032fc6741fb099c7313834c7cf332500901e87ceeb38ac153 46.14MB / 50.07MB 2.2s
#4 sha256:6e454d3b6c28c7fb982f4ecb3a0ecf6ab6b3fc31179b70fe38718c9b58fa65ee 69.21MB / 215.10MB 2.2s
#4 sha256:aaef3e0262580b9032fc6741fb099c7313834c7cf332500901e87ceeb38ac153 50.07MB / 50.07MB 2.3s
#4 sha256:e8566b4564fea3989993c4b9e7c0992fffbbee93f06c662bcad5bcc07724fbc8 3.15MB / 21.93MB 2.3s
#4 sha256:6e454d3b6c28c7fb982f4ecb3a0ecf6ab6b3fc31179b70fe38718c9b58fa65ee 80.74MB / 215.10MB 2.4s
#4 sha256:e8566b4564fea3989993c4b9e7c0992fffbbee93f06c662bcad5bcc07724fbc8 8.39MB / 21.93MB 2.4s
#4 sha256:e8566b4564fea3989993c4b9e7c0992fffbbee93f06c662bcad5bcc07724fbc8 11.53MB / 21.93MB 2.5s
#4 sha256:6e454d3b6c28c7fb982f4ecb3a0ecf6ab6b3fc31179b70fe38718c9b58fa65ee 94.37MB / 215.10MB 2.6s
#4 sha256:e8566b4564fea3989993c4b9e7c0992fffbbee93f06c662bcad5bcc07724fbc8 15.73MB / 21.93MB 2.6s
#4 sha256:e8566b4564fea3989993c4b9e7c0992fffbbee93f06c662bcad5bcc07724fbc8 19.92MB / 21.93MB 2.7s
#4 sha256:6e454d3b6c28c7fb982f4ecb3a0ecf6ab6b3fc31179b70fe38718c9b58fa65ee 109.05MB / 215.10MB 2.8s
#4 sha256:e8566b4564fea3989993c4b9e7c0992fffbbee93f06c662bcad5bcc07724fbc8 21.93MB / 21.93MB 2.8s
#4 sha256:6e454d3b6c28c7fb982f4ecb3a0ecf6ab6b3fc31179b70fe38718c9b58fa65ee 124.78MB / 215.10MB 3.0s
#4 sha256:aaef3e0262580b9032fc6741fb099c7313834c7cf332500901e87ceeb38ac153 50.07MB / 50.07MB 3.0s done
#4 sha256:6e454d3b6c28c7fb982f4ecb3a0ecf6ab6b3fc31179b70fe38718c9b58fa65ee 138.41MB / 215.10MB 3.2s
#4 sha256:6e454d3b6c28c7fb982f4ecb3a0ecf6ab6b3fc31179b70fe38718c9b58fa65ee 153.09MB / 215.10MB 3.4s
#4 sha256:6e454d3b6c28c7fb982f4ecb3a0ecf6ab6b3fc31179b70fe38718c9b58fa65ee 165.68MB / 215.10MB 3.6s
#4 sha256:e8566b4564fea3989993c4b9e7c0992fffbbee93f06c662bcad5bcc07724fbc8 21.93MB / 21.93MB 3.5s done
#4 sha256:6e454d3b6c28c7fb982f4ecb3a0ecf6ab6b3fc31179b70fe38718c9b58fa65ee 182.45MB / 215.10MB 3.8s
#4 sha256:6e454d3b6c28c7fb982f4ecb3a0ecf6ab6b3fc31179b70fe38718c9b58fa65ee 204.47MB / 215.10MB 4.1s
#4 sha256:04239395be03eafab0878226a6e83c53fb3c8b7ff0f3f108d32a5980652bc495 0B / 1.33MB 4.5s
#4 sha256:27ace7d953218c43d5be24a67d4cf5bdda6b5042bf211e78dc590f3f83dfb1c2 0B / 295B 4.6s
#4 sha256:04239395be03eafab0878226a6e83c53fb3c8b7ff0f3f108d32a5980652bc495 1.33MB / 1.33MB 4.7s
#4 sha256:27ace7d953218c43d5be24a67d4cf5bdda6b5042bf211e78dc590f3f83dfb1c2 295B / 295B 4.7s
#4 extracting sha256:a4d8138d0f6b5a441aaa533faf5fe0c3996a6ca42643c46f4402c7e8bda53742 3.4s done
#4 sha256:6e454d3b6c28c7fb982f4ecb3a0ecf6ab6b3fc31179b70fe38718c9b58fa65ee 215.10MB / 215.10MB 7.8s done
#4 sha256:04239395be03eafab0878226a6e83c53fb3c8b7ff0f3f108d32a5980652bc495 1.33MB / 1.33MB 7.9s done
#4 sha256:27ace7d953218c43d5be24a67d4cf5bdda6b5042bf211e78dc590f3f83dfb1c2 295B / 295B 7.9s done
#4 extracting sha256:dbdc36973392a980d56b8fab63383ae44582f6502001d8bbdd543aa3bf1d746e
#4 extracting sha256:dbdc36973392a980d56b8fab63383ae44582f6502001d8bbdd543aa3bf1d746e 0.5s done
#4 extracting sha256:f59d6d019dd5b8398eb8d794e3fafe31f9411cc99a71dabfa587bf732b4a7385
#4 extracting sha256:f59d6d019dd5b8398eb8d794e3fafe31f9411cc99a71dabfa587bf732b4a7385 0.2s done
#4 extracting sha256:aaef3e0262580b9032fc6741fb099c7313834c7cf332500901e87ceeb38ac153
#4 extracting sha256:aaef3e0262580b9032fc6741fb099c7313834c7cf332500901e87ceeb38ac153 5.0s
#4 extracting sha256:aaef3e0262580b9032fc6741fb099c7313834c7cf332500901e87ceeb38ac153 5.6s done
#4 extracting sha256:6e454d3b6c28c7fb982f4ecb3a0ecf6ab6b3fc31179b70fe38718c9b58fa65ee
#4 extracting sha256:6e454d3b6c28c7fb982f4ecb3a0ecf6ab6b3fc31179b70fe38718c9b58fa65ee 5.0s
#4 extracting sha256:6e454d3b6c28c7fb982f4ecb3a0ecf6ab6b3fc31179b70fe38718c9b58fa65ee 10.1s
#4 extracting sha256:6e454d3b6c28c7fb982f4ecb3a0ecf6ab6b3fc31179b70fe38718c9b58fa65ee 12.1s done
#4 extracting sha256:c717a7c205aa7a6401661daa98aad164bed40a50b51994b70b55adbff346b33b
#4 extracting sha256:c717a7c205aa7a6401661daa98aad164bed40a50b51994b70b55adbff346b33b 0.1s done
#4 extracting sha256:e8566b4564fea3989993c4b9e7c0992fffbbee93f06c662bcad5bcc07724fbc8
#4 extracting sha256:e8566b4564fea3989993c4b9e7c0992fffbbee93f06c662bcad5bcc07724fbc8 1.7s done
#4 extracting sha256:04239395be03eafab0878226a6e83c53fb3c8b7ff0f3f108d32a5980652bc495
#4 extracting sha256:04239395be03eafab0878226a6e83c53fb3c8b7ff0f3f108d32a5980652bc495 0.1s done
#4 extracting sha256:27ace7d953218c43d5be24a67d4cf5bdda6b5042bf211e78dc590f3f83dfb1c2
#4 extracting sha256:27ace7d953218c43d5be24a67d4cf5bdda6b5042bf211e78dc590f3f83dfb1c2 done
#4 DONE 32.1s

#6 [ 2/11] RUN mkdir -p /usr/src/app
#6 DONE 24.9s

#7 [ 3/11] WORKDIR /usr/src/app
#7 DONE 0.4s

#8 [ 4/11] RUN apt-get update && apt-get install -y java-common default-jre-headless java-wrappers libjargs-java && rm -rf /var/lib/apt/lists/*
#8 0.631 Ign:1 http://deb.debian.org/debian stretch InRelease
#8 0.631 Ign:2 http://security.debian.org/debian-security stretch/updates InRelease
#8 0.642 Ign:3 http://deb.debian.org/debian stretch-updates InRelease
#8 0.642 Ign:4 http://security.debian.org/debian-security stretch/updates Release
#8 0.653 Ign:5 http://deb.debian.org/debian stretch Release
#8 0.653 Ign:6 http://security.debian.org/debian-security stretch/updates/main all Packages
#8 0.664 Ign:7 http://deb.debian.org/debian stretch-updates Release
#8 0.664 Ign:8 http://security.debian.org/debian-security stretch/updates/main amd64 Packages
#8 0.674 Ign:9 http://deb.debian.org/debian stretch/main all Packages
#8 0.675 Ign:6 http://security.debian.org/debian-security stretch/updates/main all Packages
#8 0.685 Ign:10 http://deb.debian.org/debian stretch/main amd64 Packages
#8 0.685 Ign:8 http://security.debian.org/debian-security stretch/updates/main amd64 Packages
#8 0.694 Ign:11 http://deb.debian.org/debian stretch-updates/main all Packages
#8 0.696 Ign:6 http://security.debian.org/debian-security stretch/updates/main all Packages
#8 0.704 Ign:12 http://deb.debian.org/debian stretch-updates/main amd64 Packages
#8 0.708 Ign:8 http://security.debian.org/debian-security stretch/updates/main amd64 Packages
#8 0.714 Ign:9 http://deb.debian.org/debian stretch/main all Packages
#8 0.718 Ign:6 http://security.debian.org/debian-security stretch/updates/main all Packages
#8 0.724 Ign:10 http://deb.debian.org/debian stretch/main amd64 Packages
#8 0.728 Ign:8 http://security.debian.org/debian-security stretch/updates/main amd64 Packages
#8 0.734 Ign:11 http://deb.debian.org/debian stretch-updates/main all Packages
#8 0.739 Ign:6 http://security.debian.org/debian-security stretch/updates/main all Packages
#8 0.744 Ign:12 http://deb.debian.org/debian stretch-updates/main amd64 Packages
#8 0.749 Ign:8 http://security.debian.org/debian-security stretch/updates/main amd64 Packages
#8 0.754 Ign:9 http://deb.debian.org/debian stretch/main all Packages
#8 0.759 Ign:6 http://security.debian.org/debian-security stretch/updates/main all Packages
#8 0.765 Ign:10 http://deb.debian.org/debian stretch/main amd64 Packages
#8 0.769 Err:8 http://security.debian.org/debian-security stretch/updates/main amd64 Packages
#8 0.769   404  Not Found
#8 0.774 Ign:11 http://deb.debian.org/debian stretch-updates/main all Packages
#8 0.784 Ign:12 http://deb.debian.org/debian stretch-updates/main amd64 Packages
#8 0.794 Ign:9 http://deb.debian.org/debian stretch/main all Packages
#8 0.804 Ign:10 http://deb.debian.org/debian stretch/main amd64 Packages
#8 0.815 Ign:11 http://deb.debian.org/debian stretch-updates/main all Packages
#8 0.825 Ign:12 http://deb.debian.org/debian stretch-updates/main amd64 Packages
#8 0.837 Ign:9 http://deb.debian.org/debian stretch/main all Packages
#8 0.847 Ign:10 http://deb.debian.org/debian stretch/main amd64 Packages
#8 0.857 Ign:11 http://deb.debian.org/debian stretch-updates/main all Packages
#8 0.867 Ign:12 http://deb.debian.org/debian stretch-updates/main amd64 Packages
#8 0.878 Ign:9 http://deb.debian.org/debian stretch/main all Packages
#8 0.897 Err:10 http://deb.debian.org/debian stretch/main amd64 Packages
#8 0.897   404  Not Found
#8 0.908 Ign:11 http://deb.debian.org/debian stretch-updates/main all Packages
#8 0.918 Err:12 http://deb.debian.org/debian stretch-updates/main amd64 Packages
#8 0.918   404  Not Found
#8 0.922 Reading package lists...
#8 0.935 W: The repository 'http://security.debian.org/debian-security stretch/updates Release' does not have a Release file.
#8 0.935 W: The repository 'http://deb.debian.org/debian stretch Release' does not have a Release file.
#8 0.935 W: The repository 'http://deb.debian.org/debian stretch-updates Release' does not have a Release file.
#8 0.935 E: Failed to fetch http://security.debian.org/debian-security/dists/stretch/updates/main/binary-amd64/Packages  404  Not Found
#8 0.935 E: Failed to fetch http://deb.debian.org/debian/dists/stretch/main/binary-amd64/Packages  404  Not Found
#8 0.935 E: Failed to fetch http://deb.debian.org/debian/dists/stretch-updates/main/binary-amd64/Packages  404  Not Found
#8 0.935 E: Some index files failed to download. They have been ignored, or old ones used instead.
#8 ERROR: process "/bin/sh -c apt-get update && apt-get install -y java-common default-jre-headless java-wrappers libjargs-java && rm -rf /var/lib/apt/lists/*" did not complete successfully: exit code: 100
------
 > [ 4/11] RUN apt-get update && apt-get install -y java-common default-jre-headless java-wrappers libjargs-java && rm -rf /var/lib/apt/lists/*:
0.918 Err:12 http://deb.debian.org/debian stretch-updates/main amd64 Packages
0.918   404  Not Found
0.922 Reading package lists...
0.935 W: The repository 'http://security.debian.org/debian-security stretch/updates Release' does not have a Release file.
0.935 W: The repository 'http://deb.debian.org/debian stretch Release' does not have a Release file.
0.935 W: The repository 'http://deb.debian.org/debian stretch-updates Release' does not have a Release file.
0.935 E: Failed to fetch http://security.debian.org/debian-security/dists/stretch/updates/main/binary-amd64/Packages  404  Not Found
0.935 E: Failed to fetch http://deb.debian.org/debian/dists/stretch/main/binary-amd64/Packages  404  Not Found
0.935 E: Failed to fetch http://deb.debian.org/debian/dists/stretch-updates/main/binary-amd64/Packages  404  Not Found
0.935 E: Some index files failed to download. They have been ignored, or old ones used instead.
------
v1_Dockerfile:12
--------------------
  10 |     # Install yuicompressor deps
  11 |     
  12 | >>> RUN apt-get update && apt-get install -y java-common default-jre-headless java-wrappers libjargs-java && rm -rf /var/lib/apt/lists/*
  13 |     
  14 |     # Install Node deps
--------------------
ERROR: failed to solve: process "/bin/sh -c apt-get update && apt-get install -y java-common default-jre-headless java-wrappers libjargs-java && rm -rf /var/lib/apt/lists/*" did not complete successfully: exit code: 100
Duration: 1:0.74