#0 building with "default" instance using docker driver

#1 [internal] load .dockerignore
#1 transferring context:
#1 transferring context: 2B done
#1 DONE 0.4s

#2 [internal] load build definition from Dockerfile
#2 transferring dockerfile: 135B done
#2 DONE 0.5s

#3 [internal] load metadata for docker.io/ababy/python-deepnude:latest
#3 ...

#4 [auth] ababy/python-deepnude:pull token for registry-1.docker.io
#4 DONE 0.0s

#3 [internal] load metadata for docker.io/ababy/python-deepnude:latest
#3 DONE 1.1s

#5 [1/2] FROM docker.io/ababy/python-deepnude@sha256:3d7571ee8c4e10de2dca840b57cb4ffaaf35503182c0b8884aec4760ce7c76fc
#5 resolve docker.io/ababy/python-deepnude@sha256:3d7571ee8c4e10de2dca840b57cb4ffaaf35503182c0b8884aec4760ce7c76fc 0.0s done
#5 sha256:3d7571ee8c4e10de2dca840b57cb4ffaaf35503182c0b8884aec4760ce7c76fc 2.64kB / 2.64kB done
#5 sha256:6f2f362378c5a6fd915d96d11dda1e0223ccf213bf121ace56ae0f6616ea1dc8 0B / 45.34MB 0.1s
#5 sha256:029f1fbfbb8ec4c41b3d467d10e18f82e7bb70d03209e8ec82e5ca5f32b54e8b 8.32kB / 8.32kB done
#5 sha256:7596bb83081b6c8410df557d538a0ae45922cbf81e469c6f4cfa835247cb24ab 0B / 4.34MB 0.2s
#5 sha256:494c27a8a6b820f9167ec7e368b3a9bb47d7029f4dc8c97c67091f3757a5bc4e 0B / 10.79MB 0.2s
#5 sha256:6f2f362378c5a6fd915d96d11dda1e0223ccf213bf121ace56ae0f6616ea1dc8 6.29MB / 45.34MB 0.4s
#5 sha256:494c27a8a6b820f9167ec7e368b3a9bb47d7029f4dc8c97c67091f3757a5bc4e 5.24MB / 10.79MB 0.4s
#5 sha256:6f2f362378c5a6fd915d96d11dda1e0223ccf213bf121ace56ae0f6616ea1dc8 18.87MB / 45.34MB 0.6s
#5 sha256:494c27a8a6b820f9167ec7e368b3a9bb47d7029f4dc8c97c67091f3757a5bc4e 10.79MB / 10.79MB 0.5s
#5 sha256:6f2f362378c5a6fd915d96d11dda1e0223ccf213bf121ace56ae0f6616ea1dc8 29.36MB / 45.34MB 0.8s
#5 sha256:7596bb83081b6c8410df557d538a0ae45922cbf81e469c6f4cfa835247cb24ab 4.34MB / 4.34MB 0.8s
#5 sha256:494c27a8a6b820f9167ec7e368b3a9bb47d7029f4dc8c97c67091f3757a5bc4e 10.79MB / 10.79MB 0.6s done
#5 sha256:372744b62d49eba993652ee4a1201801fe278b687d85489101e07e7b9a4900e0 0B / 50.07MB 0.8s
#5 sha256:6f2f362378c5a6fd915d96d11dda1e0223ccf213bf121ace56ae0f6616ea1dc8 34.60MB / 45.34MB 0.9s
#5 sha256:7596bb83081b6c8410df557d538a0ae45922cbf81e469c6f4cfa835247cb24ab 4.34MB / 4.34MB 0.8s done
#5 sha256:6f2f362378c5a6fd915d96d11dda1e0223ccf213bf121ace56ae0f6616ea1dc8 38.80MB / 45.34MB 1.0s
#5 sha256:372744b62d49eba993652ee4a1201801fe278b687d85489101e07e7b9a4900e0 9.44MB / 50.07MB 1.0s
#5 sha256:615db220d76c063138a2e6c5849703a7a80d682a682f7e1a841e6e7ed5f43879 0B / 215.08MB 1.0s
#5 sha256:6f2f362378c5a6fd915d96d11dda1e0223ccf213bf121ace56ae0f6616ea1dc8 45.34MB / 45.34MB 1.2s
#5 sha256:372744b62d49eba993652ee4a1201801fe278b687d85489101e07e7b9a4900e0 19.92MB / 50.07MB 1.2s
#5 sha256:372744b62d49eba993652ee4a1201801fe278b687d85489101e07e7b9a4900e0 27.26MB / 50.07MB 1.3s
#5 sha256:372744b62d49eba993652ee4a1201801fe278b687d85489101e07e7b9a4900e0 35.65MB / 50.07MB 1.4s
#5 sha256:372744b62d49eba993652ee4a1201801fe278b687d85489101e07e7b9a4900e0 46.14MB / 50.07MB 1.5s
#5 sha256:615db220d76c063138a2e6c5849703a7a80d682a682f7e1a841e6e7ed5f43879 12.58MB / 215.08MB 1.5s
#5 sha256:372744b62d49eba993652ee4a1201801fe278b687d85489101e07e7b9a4900e0 50.07MB / 50.07MB 1.7s
#5 sha256:6f2f362378c5a6fd915d96d11dda1e0223ccf213bf121ace56ae0f6616ea1dc8 45.34MB / 45.34MB 1.9s done
#5 sha256:615db220d76c063138a2e6c5849703a7a80d682a682f7e1a841e6e7ed5f43879 32.51MB / 215.08MB 1.9s
#5 extracting sha256:6f2f362378c5a6fd915d96d11dda1e0223ccf213bf121ace56ae0f6616ea1dc8 0.1s
#5 sha256:615db220d76c063138a2e6c5849703a7a80d682a682f7e1a841e6e7ed5f43879 59.77MB / 215.08MB 2.2s
#5 sha256:615db220d76c063138a2e6c5849703a7a80d682a682f7e1a841e6e7ed5f43879 81.79MB / 215.08MB 2.4s
#5 sha256:615db220d76c063138a2e6c5849703a7a80d682a682f7e1a841e6e7ed5f43879 97.52MB / 215.08MB 2.6s
#5 sha256:615db220d76c063138a2e6c5849703a7a80d682a682f7e1a841e6e7ed5f43879 114.29MB / 215.08MB 2.9s
#5 sha256:615db220d76c063138a2e6c5849703a7a80d682a682f7e1a841e6e7ed5f43879 134.22MB / 215.08MB 3.1s
#5 sha256:615db220d76c063138a2e6c5849703a7a80d682a682f7e1a841e6e7ed5f43879 155.19MB / 215.08MB 3.3s
#5 sha256:615db220d76c063138a2e6c5849703a7a80d682a682f7e1a841e6e7ed5f43879 166.72MB / 215.08MB 3.5s
#5 sha256:615db220d76c063138a2e6c5849703a7a80d682a682f7e1a841e6e7ed5f43879 186.65MB / 215.08MB 3.7s
#5 sha256:372744b62d49eba993652ee4a1201801fe278b687d85489101e07e7b9a4900e0 50.07MB / 50.07MB 3.9s done
#5 sha256:615db220d76c063138a2e6c5849703a7a80d682a682f7e1a841e6e7ed5f43879 206.57MB / 215.08MB 3.9s
#5 sha256:39aa0c89bda1ee16e94ab7039cb0b9a9fce8a390769c2194aaf5fdf0ae1a2bdd 0B / 5.83MB 4.0s
#5 sha256:da1dae8da560139dccae2e23decf8f2af372c1ba36a6c195b915c4742cb7eb02 0B / 22.50MB 4.1s
#5 sha256:39aa0c89bda1ee16e94ab7039cb0b9a9fce8a390769c2194aaf5fdf0ae1a2bdd 5.83MB / 5.83MB 4.2s
#5 sha256:da1dae8da560139dccae2e23decf8f2af372c1ba36a6c195b915c4742cb7eb02 8.39MB / 22.50MB 4.3s
#5 sha256:da1dae8da560139dccae2e23decf8f2af372c1ba36a6c195b915c4742cb7eb02 16.78MB / 22.50MB 4.4s
#5 sha256:da1dae8da560139dccae2e23decf8f2af372c1ba36a6c195b915c4742cb7eb02 19.92MB / 22.50MB 4.5s
#5 sha256:da1dae8da560139dccae2e23decf8f2af372c1ba36a6c195b915c4742cb7eb02 22.50MB / 22.50MB 4.7s
#5 extracting sha256:6f2f362378c5a6fd915d96d11dda1e0223ccf213bf121ace56ae0f6616ea1dc8 4.3s done
#5 sha256:615db220d76c063138a2e6c5849703a7a80d682a682f7e1a841e6e7ed5f43879 215.08MB / 215.08MB 7.3s done
#5 sha256:39aa0c89bda1ee16e94ab7039cb0b9a9fce8a390769c2194aaf5fdf0ae1a2bdd 5.83MB / 5.83MB 7.4s done
#5 sha256:da1dae8da560139dccae2e23decf8f2af372c1ba36a6c195b915c4742cb7eb02 22.50MB / 22.50MB 7.8s done
#5 extracting sha256:494c27a8a6b820f9167ec7e368b3a9bb47d7029f4dc8c97c67091f3757a5bc4e
#5 sha256:3b8162139e71c974605808df30b4081f49e461ba4137725521bee81b237007f6 0B / 243B 8.0s
#5 sha256:f94aa49947d35cb0d320efdcc96c062742de056e3c776dbf953f4cdb0beb9364 0B / 1.82MB 8.1s
#5 sha256:8f1f89c2ca6cea086612f496a0ec2129fb17e97e69e27b439de13ae29e81ce94 0B / 1.80GB 8.1s
#5 sha256:3b8162139e71c974605808df30b4081f49e461ba4137725521bee81b237007f6 243B / 243B 8.1s done
#5 sha256:f94aa49947d35cb0d320efdcc96c062742de056e3c776dbf953f4cdb0beb9364 1.82MB / 1.82MB 8.2s
#5 sha256:0558c2c7813dab7c132c6421fb2f3ab441d18ae2cae13f4cbb10b47b74409beb 0B / 63.68MB 8.2s
#5 sha256:f94aa49947d35cb0d320efdcc96c062742de056e3c776dbf953f4cdb0beb9364 1.82MB / 1.82MB 8.2s done
#5 sha256:0558c2c7813dab7c132c6421fb2f3ab441d18ae2cae13f4cbb10b47b74409beb 13.63MB / 63.68MB 8.5s
#5 extracting sha256:494c27a8a6b820f9167ec7e368b3a9bb47d7029f4dc8c97c67091f3757a5bc4e 0.5s done
#5 sha256:0558c2c7813dab7c132c6421fb2f3ab441d18ae2cae13f4cbb10b47b74409beb 19.92MB / 63.68MB 8.6s
#5 sha256:0558c2c7813dab7c132c6421fb2f3ab441d18ae2cae13f4cbb10b47b74409beb 25.17MB / 63.68MB 8.7s
#5 extracting sha256:7596bb83081b6c8410df557d538a0ae45922cbf81e469c6f4cfa835247cb24ab 0.1s
#5 sha256:0558c2c7813dab7c132c6421fb2f3ab441d18ae2cae13f4cbb10b47b74409beb 34.60MB / 63.68MB 8.9s
#5 sha256:0558c2c7813dab7c132c6421fb2f3ab441d18ae2cae13f4cbb10b47b74409beb 44.04MB / 63.68MB 9.0s
#5 extracting sha256:7596bb83081b6c8410df557d538a0ae45922cbf81e469c6f4cfa835247cb24ab 0.2s done
#5 sha256:0558c2c7813dab7c132c6421fb2f3ab441d18ae2cae13f4cbb10b47b74409beb 52.43MB / 63.68MB 9.1s
#5 extracting sha256:372744b62d49eba993652ee4a1201801fe278b687d85489101e07e7b9a4900e0
#5 sha256:0558c2c7813dab7c132c6421fb2f3ab441d18ae2cae13f4cbb10b47b74409beb 59.77MB / 63.68MB 9.2s
#5 sha256:0558c2c7813dab7c132c6421fb2f3ab441d18ae2cae13f4cbb10b47b74409beb 63.68MB / 63.68MB 9.4s
#5 sha256:8f1f89c2ca6cea086612f496a0ec2129fb17e97e69e27b439de13ae29e81ce94 91.23MB / 1.80GB 9.8s
#5 sha256:0558c2c7813dab7c132c6421fb2f3ab441d18ae2cae13f4cbb10b47b74409beb 63.68MB / 63.68MB 10.4s done
#5 sha256:8f1f89c2ca6cea086612f496a0ec2129fb17e97e69e27b439de13ae29e81ce94 186.65MB / 1.80GB 11.2s
#5 sha256:8f1f89c2ca6cea086612f496a0ec2129fb17e97e69e27b439de13ae29e81ce94 279.97MB / 1.80GB 12.4s
#5 extracting sha256:372744b62d49eba993652ee4a1201801fe278b687d85489101e07e7b9a4900e0 3.2s done
#5 extracting sha256:615db220d76c063138a2e6c5849703a7a80d682a682f7e1a841e6e7ed5f43879
#5 sha256:8f1f89c2ca6cea086612f496a0ec2129fb17e97e69e27b439de13ae29e81ce94 374.34MB / 1.80GB 13.8s
#5 sha256:8f1f89c2ca6cea086612f496a0ec2129fb17e97e69e27b439de13ae29e81ce94 467.66MB / 1.80GB 14.9s
#5 sha256:8f1f89c2ca6cea086612f496a0ec2129fb17e97e69e27b439de13ae29e81ce94 564.13MB / 1.80GB 16.0s
#5 sha256:8f1f89c2ca6cea086612f496a0ec2129fb17e97e69e27b439de13ae29e81ce94 658.51MB / 1.80GB 17.1s
#5 extracting sha256:615db220d76c063138a2e6c5849703a7a80d682a682f7e1a841e6e7ed5f43879 5.0s
#5 sha256:8f1f89c2ca6cea086612f496a0ec2129fb17e97e69e27b439de13ae29e81ce94 758.12MB / 1.80GB 18.4s
#5 sha256:8f1f89c2ca6cea086612f496a0ec2129fb17e97e69e27b439de13ae29e81ce94 852.49MB / 1.80GB 20.1s
#5 sha256:8f1f89c2ca6cea086612f496a0ec2129fb17e97e69e27b439de13ae29e81ce94 943.72MB / 1.80GB 21.2s
#5 sha256:8f1f89c2ca6cea086612f496a0ec2129fb17e97e69e27b439de13ae29e81ce94 1.03GB / 1.80GB 22.5s
#5 extracting sha256:615db220d76c063138a2e6c5849703a7a80d682a682f7e1a841e6e7ed5f43879 10.2s
#5 sha256:8f1f89c2ca6cea086612f496a0ec2129fb17e97e69e27b439de13ae29e81ce94 1.12GB / 1.80GB 24.2s
#5 sha256:8f1f89c2ca6cea086612f496a0ec2129fb17e97e69e27b439de13ae29e81ce94 1.22GB / 1.80GB 25.6s
#5 extracting sha256:615db220d76c063138a2e6c5849703a7a80d682a682f7e1a841e6e7ed5f43879 13.5s done
#5 sha256:8f1f89c2ca6cea086612f496a0ec2129fb17e97e69e27b439de13ae29e81ce94 1.31GB / 1.80GB 26.7s
#5 extracting sha256:39aa0c89bda1ee16e94ab7039cb0b9a9fce8a390769c2194aaf5fdf0ae1a2bdd 0.1s
#5 extracting sha256:39aa0c89bda1ee16e94ab7039cb0b9a9fce8a390769c2194aaf5fdf0ae1a2bdd 0.4s done
#5 extracting sha256:da1dae8da560139dccae2e23decf8f2af372c1ba36a6c195b915c4742cb7eb02 0.1s
#5 sha256:8f1f89c2ca6cea086612f496a0ec2129fb17e97e69e27b439de13ae29e81ce94 1.41GB / 1.80GB 28.8s
#5 extracting sha256:da1dae8da560139dccae2e23decf8f2af372c1ba36a6c195b915c4742cb7eb02 1.4s done
#5 extracting sha256:3b8162139e71c974605808df30b4081f49e461ba4137725521bee81b237007f6
#5 extracting sha256:3b8162139e71c974605808df30b4081f49e461ba4137725521bee81b237007f6 done
#5 extracting sha256:f94aa49947d35cb0d320efdcc96c062742de056e3c776dbf953f4cdb0beb9364 0.1s
#5 extracting sha256:f94aa49947d35cb0d320efdcc96c062742de056e3c776dbf953f4cdb0beb9364 0.3s done
#5 sha256:8f1f89c2ca6cea086612f496a0ec2129fb17e97e69e27b439de13ae29e81ce94 1.50GB / 1.80GB 29.9s
#5 sha256:8f1f89c2ca6cea086612f496a0ec2129fb17e97e69e27b439de13ae29e81ce94 1.60GB / 1.80GB 31.0s
#5 sha256:8f1f89c2ca6cea086612f496a0ec2129fb17e97e69e27b439de13ae29e81ce94 1.70GB / 1.80GB 32.6s
#5 sha256:8f1f89c2ca6cea086612f496a0ec2129fb17e97e69e27b439de13ae29e81ce94 1.80GB / 1.80GB 33.6s
#5 sha256:8f1f89c2ca6cea086612f496a0ec2129fb17e97e69e27b439de13ae29e81ce94 1.80GB / 1.80GB 38.7s
#5 sha256:8f1f89c2ca6cea086612f496a0ec2129fb17e97e69e27b439de13ae29e81ce94 1.80GB / 1.80GB 43.9s
#5 sha256:8f1f89c2ca6cea086612f496a0ec2129fb17e97e69e27b439de13ae29e81ce94 1.80GB / 1.80GB 49.0s
#5 sha256:8f1f89c2ca6cea086612f496a0ec2129fb17e97e69e27b439de13ae29e81ce94 1.80GB / 1.80GB 54.0s
#5 sha256:8f1f89c2ca6cea086612f496a0ec2129fb17e97e69e27b439de13ae29e81ce94 1.80GB / 1.80GB 59.2s
#5 sha256:8f1f89c2ca6cea086612f496a0ec2129fb17e97e69e27b439de13ae29e81ce94 1.80GB / 1.80GB 64.3s
#5 sha256:8f1f89c2ca6cea086612f496a0ec2129fb17e97e69e27b439de13ae29e81ce94 1.80GB / 1.80GB 69.3s
#5 sha256:8f1f89c2ca6cea086612f496a0ec2129fb17e97e69e27b439de13ae29e81ce94 1.80GB / 1.80GB 74.4s
#5 sha256:8f1f89c2ca6cea086612f496a0ec2129fb17e97e69e27b439de13ae29e81ce94 1.80GB / 1.80GB 79.4s
#5 sha256:8f1f89c2ca6cea086612f496a0ec2129fb17e97e69e27b439de13ae29e81ce94 1.80GB / 1.80GB 84.5s
#5 sha256:8f1f89c2ca6cea086612f496a0ec2129fb17e97e69e27b439de13ae29e81ce94 1.80GB / 1.80GB 84.7s done
#5 extracting sha256:8f1f89c2ca6cea086612f496a0ec2129fb17e97e69e27b439de13ae29e81ce94
#5 extracting sha256:8f1f89c2ca6cea086612f496a0ec2129fb17e97e69e27b439de13ae29e81ce94 5.1s
#5 extracting sha256:8f1f89c2ca6cea086612f496a0ec2129fb17e97e69e27b439de13ae29e81ce94 10.1s
#5 extracting sha256:8f1f89c2ca6cea086612f496a0ec2129fb17e97e69e27b439de13ae29e81ce94 15.1s
#5 extracting sha256:8f1f89c2ca6cea086612f496a0ec2129fb17e97e69e27b439de13ae29e81ce94 20.2s
#5 extracting sha256:8f1f89c2ca6cea086612f496a0ec2129fb17e97e69e27b439de13ae29e81ce94 25.3s
#5 extracting sha256:8f1f89c2ca6cea086612f496a0ec2129fb17e97e69e27b439de13ae29e81ce94 30.3s
#5 extracting sha256:8f1f89c2ca6cea086612f496a0ec2129fb17e97e69e27b439de13ae29e81ce94 35.4s
#5 extracting sha256:8f1f89c2ca6cea086612f496a0ec2129fb17e97e69e27b439de13ae29e81ce94 40.5s
#5 extracting sha256:8f1f89c2ca6cea086612f496a0ec2129fb17e97e69e27b439de13ae29e81ce94 44.3s done
#5 extracting sha256:0558c2c7813dab7c132c6421fb2f3ab441d18ae2cae13f4cbb10b47b74409beb
#5 extracting sha256:0558c2c7813dab7c132c6421fb2f3ab441d18ae2cae13f4cbb10b47b74409beb 2.2s done
#5 DONE 149.2s

#6 [2/2] RUN apt update && apt install ffmpeg -y && pip install ffmpeg-python
#6 0.663 
#6 0.663 WARNING: apt does not have a stable CLI interface. Use with caution in scripts.
#6 0.663 
#6 0.703 Ign:1 http://security.debian.org/debian-security stretch/updates InRelease
#6 0.714 Err:2 http://security.debian.org/debian-security stretch/updates Release
#6 0.714   404  Not Found
#6 0.850 Ign:3 http://deb.debian.org/debian stretch InRelease
#6 1.008 Ign:4 http://deb.debian.org/debian stretch-updates InRelease
#6 1.165 Err:5 http://deb.debian.org/debian stretch Release
#6 1.165   404  Not Found
#6 1.321 Err:6 http://deb.debian.org/debian stretch-updates Release
#6 1.321   404  Not Found
#6 1.325 Reading package lists...
#6 1.340 E: The repository 'http://security.debian.org/debian-security stretch/updates Release' does not have a Release file.
#6 1.340 E: The repository 'http://deb.debian.org/debian stretch Release' does not have a Release file.
#6 1.340 E: The repository 'http://deb.debian.org/debian stretch-updates Release' does not have a Release file.
#6 ERROR: process "/bin/sh -c apt update && apt install ffmpeg -y && pip install ffmpeg-python" did not complete successfully: exit code: 100
------
 > [2/2] RUN apt update && apt install ffmpeg -y && pip install ffmpeg-python:
0.850 Ign:3 http://deb.debian.org/debian stretch InRelease
1.008 Ign:4 http://deb.debian.org/debian stretch-updates InRelease
1.165 Err:5 http://deb.debian.org/debian stretch Release
1.165   404  Not Found
1.321 Err:6 http://deb.debian.org/debian stretch-updates Release
1.321   404  Not Found
1.325 Reading package lists...
1.340 E: The repository 'http://security.debian.org/debian-security stretch/updates Release' does not have a Release file.
1.340 E: The repository 'http://deb.debian.org/debian stretch Release' does not have a Release file.
1.340 E: The repository 'http://deb.debian.org/debian stretch-updates Release' does not have a Release file.
------
Dockerfile:2
--------------------
   1 |     FROM ababy/python-deepnude
   2 | >>> RUN apt update && apt install ffmpeg -y && pip install ffmpeg-python
   3 |     
--------------------
ERROR: failed to solve: process "/bin/sh -c apt update && apt install ffmpeg -y && pip install ffmpeg-python" did not complete successfully: exit code: 100
Duration: 2:38.45