#0 building with "default" instance using docker driver

#1 [internal] load .dockerignore
#1 transferring context:
#1 transferring context: 2B done
#1 DONE 0.3s

#2 [internal] load build definition from v1_Dockerfile
#2 transferring dockerfile: 856B done
#2 DONE 0.4s

#3 [internal] load metadata for docker.io/library/ruby:2.3.8
#3 DONE 1.2s

#4 [internal] load build context
#4 DONE 0.0s

#5 [1/8] FROM docker.io/library/ruby:2.3.8@sha256:78cc821d95c48621e577b6b0d44c9d509f0f2a4e089b9fd0ca2ae86f274773a8
#5 resolve docker.io/library/ruby:2.3.8@sha256:78cc821d95c48621e577b6b0d44c9d509f0f2a4e089b9fd0ca2ae86f274773a8
#5 resolve docker.io/library/ruby:2.3.8@sha256:78cc821d95c48621e577b6b0d44c9d509f0f2a4e089b9fd0ca2ae86f274773a8 0.2s done
#5 sha256:c0d23ebb3ed63af928b7c4a954de87a5d3c1fe98a2dfcb2a44e685a3e65c3c61 7.50kB / 7.50kB done
#5 sha256:78cc821d95c48621e577b6b0d44c9d509f0f2a4e089b9fd0ca2ae86f274773a8 2.37kB / 2.37kB done
#5 sha256:79c9f9a430a66c7e307573c8220d0a83a834fdcf4f5034a91730b7015742c75b 2.00kB / 2.00kB done
#5 sha256:1b2a72d4e03052566e99130108071fc4eca4942c62923e3e5cf19666a23088ef 0B / 4.34MB 0.1s
#5 sha256:1b2a72d4e03052566e99130108071fc4eca4942c62923e3e5cf19666a23088ef 2.10MB / 4.34MB 0.2s
#5 sha256:d4b7902036fe0cefdfe9ccf0404fe13322ecbd552f132be73d3e840f95538838 0B / 10.78MB 0.2s
#5 ...

#4 [internal] load build context
#4 transferring context: 3.68MB 0.1s done
#4 DONE 0.4s

#5 [1/8] FROM docker.io/library/ruby:2.3.8@sha256:78cc821d95c48621e577b6b0d44c9d509f0f2a4e089b9fd0ca2ae86f274773a8
#5 sha256:1b2a72d4e03052566e99130108071fc4eca4942c62923e3e5cf19666a23088ef 4.34MB / 4.34MB 0.4s
#5 sha256:d4b7902036fe0cefdfe9ccf0404fe13322ecbd552f132be73d3e840f95538838 9.44MB / 10.78MB 0.4s
#5 sha256:e79bb959ec00faf01da52437df4fad4537ec669f60455a38ad583ec2b8f00498 0B / 45.34MB 0.4s
#5 sha256:1b2a72d4e03052566e99130108071fc4eca4942c62923e3e5cf19666a23088ef 4.34MB / 4.34MB 0.4s done
#5 sha256:d4b7902036fe0cefdfe9ccf0404fe13322ecbd552f132be73d3e840f95538838 10.78MB / 10.78MB 0.5s
#5 sha256:d4b7902036fe0cefdfe9ccf0404fe13322ecbd552f132be73d3e840f95538838 10.78MB / 10.78MB 0.6s done
#5 sha256:e79bb959ec00faf01da52437df4fad4537ec669f60455a38ad583ec2b8f00498 14.86MB / 45.34MB 0.8s
#5 sha256:d54db43011fd116b8cb6d9e49e268cee1fa6212f152b30cbfa7f3c4c684427c3 1.05MB / 50.07MB 0.8s
#5 sha256:69d473365bb390367b7a54a3e890ca28c4640a56dfe4f53a0036130c964a1e52 0B / 215.05MB 0.8s
#5 sha256:e79bb959ec00faf01da52437df4fad4537ec669f60455a38ad583ec2b8f00498 20.97MB / 45.34MB 0.9s
#5 sha256:d54db43011fd116b8cb6d9e49e268cee1fa6212f152b30cbfa7f3c4c684427c3 7.34MB / 50.07MB 0.9s
#5 sha256:e79bb959ec00faf01da52437df4fad4537ec669f60455a38ad583ec2b8f00498 27.26MB / 45.34MB 1.0s
#5 sha256:d54db43011fd116b8cb6d9e49e268cee1fa6212f152b30cbfa7f3c4c684427c3 12.58MB / 50.07MB 1.0s
#5 sha256:e79bb959ec00faf01da52437df4fad4537ec669f60455a38ad583ec2b8f00498 35.65MB / 45.34MB 1.2s
#5 sha256:d54db43011fd116b8cb6d9e49e268cee1fa6212f152b30cbfa7f3c4c684427c3 19.92MB / 50.07MB 1.2s
#5 sha256:e79bb959ec00faf01da52437df4fad4537ec669f60455a38ad583ec2b8f00498 39.85MB / 45.34MB 1.3s
#5 sha256:d54db43011fd116b8cb6d9e49e268cee1fa6212f152b30cbfa7f3c4c684427c3 24.12MB / 50.07MB 1.3s
#5 sha256:e79bb959ec00faf01da52437df4fad4537ec669f60455a38ad583ec2b8f00498 42.99MB / 45.34MB 1.4s
#5 sha256:d54db43011fd116b8cb6d9e49e268cee1fa6212f152b30cbfa7f3c4c684427c3 27.26MB / 50.07MB 1.4s
#5 sha256:69d473365bb390367b7a54a3e890ca28c4640a56dfe4f53a0036130c964a1e52 15.73MB / 215.05MB 1.4s
#5 sha256:e79bb959ec00faf01da52437df4fad4537ec669f60455a38ad583ec2b8f00498 45.34MB / 45.34MB 1.5s
#5 sha256:d54db43011fd116b8cb6d9e49e268cee1fa6212f152b30cbfa7f3c4c684427c3 31.46MB / 50.07MB 1.5s
#5 sha256:d54db43011fd116b8cb6d9e49e268cee1fa6212f152b30cbfa7f3c4c684427c3 37.75MB / 50.07MB 1.6s
#5 sha256:69d473365bb390367b7a54a3e890ca28c4640a56dfe4f53a0036130c964a1e52 28.31MB / 215.05MB 1.6s
#5 sha256:d54db43011fd116b8cb6d9e49e268cee1fa6212f152b30cbfa7f3c4c684427c3 47.19MB / 50.07MB 1.8s
#5 sha256:69d473365bb390367b7a54a3e890ca28c4640a56dfe4f53a0036130c964a1e52 39.85MB / 215.05MB 1.8s
#5 sha256:d54db43011fd116b8cb6d9e49e268cee1fa6212f152b30cbfa7f3c4c684427c3 50.07MB / 50.07MB 1.9s
#5 sha256:e79bb959ec00faf01da52437df4fad4537ec669f60455a38ad583ec2b8f00498 45.34MB / 45.34MB 2.1s done
#5 sha256:69d473365bb390367b7a54a3e890ca28c4640a56dfe4f53a0036130c964a1e52 82.84MB / 215.05MB 2.3s
#5 extracting sha256:e79bb959ec00faf01da52437df4fad4537ec669f60455a38ad583ec2b8f00498
#5 sha256:69d473365bb390367b7a54a3e890ca28c4640a56dfe4f53a0036130c964a1e52 110.84MB / 215.05MB 2.6s
#5 sha256:69d473365bb390367b7a54a3e890ca28c4640a56dfe4f53a0036130c964a1e52 130.02MB / 215.05MB 2.8s
#5 sha256:d54db43011fd116b8cb6d9e49e268cee1fa6212f152b30cbfa7f3c4c684427c3 50.07MB / 50.07MB 2.9s done
#5 sha256:69d473365bb390367b7a54a3e890ca28c4640a56dfe4f53a0036130c964a1e52 148.90MB / 215.05MB 3.0s
#5 sha256:84ed2a0dc034bbdc8a28dfb592e5176338052ada31aa748ce78170876a8a0a84 0B / 204B 3.0s
#5 sha256:84ed2a0dc034bbdc8a28dfb592e5176338052ada31aa748ce78170876a8a0a84 204B / 204B 3.1s
#5 sha256:8952ca0665c56358d62b13871b6a1cb62be5ea173bfa53bfc3a21efa96ca10d8 0B / 33.62MB 3.1s
#5 sha256:69d473365bb390367b7a54a3e890ca28c4640a56dfe4f53a0036130c964a1e52 165.68MB / 215.05MB 3.2s
#5 sha256:84ed2a0dc034bbdc8a28dfb592e5176338052ada31aa748ce78170876a8a0a84 204B / 204B 3.1s done
#5 sha256:8952ca0665c56358d62b13871b6a1cb62be5ea173bfa53bfc3a21efa96ca10d8 2.10MB / 33.62MB 3.2s
#5 sha256:ef485f36c62492911d22d57cdb485fc295f58e37451fef4a7e8208ca56c36401 0B / 149B 3.2s
#5 sha256:8952ca0665c56358d62b13871b6a1cb62be5ea173bfa53bfc3a21efa96ca10d8 8.39MB / 33.62MB 3.3s
#5 sha256:69d473365bb390367b7a54a3e890ca28c4640a56dfe4f53a0036130c964a1e52 178.26MB / 215.05MB 3.4s
#5 sha256:8952ca0665c56358d62b13871b6a1cb62be5ea173bfa53bfc3a21efa96ca10d8 14.68MB / 33.62MB 3.4s
#5 sha256:ef485f36c62492911d22d57cdb485fc295f58e37451fef4a7e8208ca56c36401 149B / 149B 3.3s done
#5 sha256:69d473365bb390367b7a54a3e890ca28c4640a56dfe4f53a0036130c964a1e52 190.84MB / 215.05MB 3.6s
#5 sha256:8952ca0665c56358d62b13871b6a1cb62be5ea173bfa53bfc3a21efa96ca10d8 26.21MB / 33.62MB 3.6s
#5 sha256:8952ca0665c56358d62b13871b6a1cb62be5ea173bfa53bfc3a21efa96ca10d8 32.51MB / 33.62MB 3.7s
#5 sha256:69d473365bb390367b7a54a3e890ca28c4640a56dfe4f53a0036130c964a1e52 203.42MB / 215.05MB 3.8s
#5 sha256:69d473365bb390367b7a54a3e890ca28c4640a56dfe4f53a0036130c964a1e52 215.05MB / 215.05MB 4.0s
#5 sha256:8952ca0665c56358d62b13871b6a1cb62be5ea173bfa53bfc3a21efa96ca10d8 33.62MB / 33.62MB 4.2s done
#5 extracting sha256:e79bb959ec00faf01da52437df4fad4537ec669f60455a38ad583ec2b8f00498 2.7s done
#5 sha256:69d473365bb390367b7a54a3e890ca28c4640a56dfe4f53a0036130c964a1e52 215.05MB / 215.05MB 7.5s done
#5 extracting sha256:d4b7902036fe0cefdfe9ccf0404fe13322ecbd552f132be73d3e840f95538838
#5 extracting sha256:d4b7902036fe0cefdfe9ccf0404fe13322ecbd552f132be73d3e840f95538838 0.6s done
#5 extracting sha256:1b2a72d4e03052566e99130108071fc4eca4942c62923e3e5cf19666a23088ef
#5 extracting sha256:1b2a72d4e03052566e99130108071fc4eca4942c62923e3e5cf19666a23088ef 0.2s done
#5 extracting sha256:d54db43011fd116b8cb6d9e49e268cee1fa6212f152b30cbfa7f3c4c684427c3
#5 extracting sha256:d54db43011fd116b8cb6d9e49e268cee1fa6212f152b30cbfa7f3c4c684427c3 3.2s done
#5 extracting sha256:69d473365bb390367b7a54a3e890ca28c4640a56dfe4f53a0036130c964a1e52
#5 extracting sha256:69d473365bb390367b7a54a3e890ca28c4640a56dfe4f53a0036130c964a1e52 5.1s
#5 extracting sha256:69d473365bb390367b7a54a3e890ca28c4640a56dfe4f53a0036130c964a1e52 10.1s
#5 extracting sha256:69d473365bb390367b7a54a3e890ca28c4640a56dfe4f53a0036130c964a1e52 12.1s done
#5 extracting sha256:84ed2a0dc034bbdc8a28dfb592e5176338052ada31aa748ce78170876a8a0a84
#5 extracting sha256:84ed2a0dc034bbdc8a28dfb592e5176338052ada31aa748ce78170876a8a0a84 done
#5 extracting sha256:8952ca0665c56358d62b13871b6a1cb62be5ea173bfa53bfc3a21efa96ca10d8
#5 extracting sha256:8952ca0665c56358d62b13871b6a1cb62be5ea173bfa53bfc3a21efa96ca10d8 2.2s done
#5 extracting sha256:ef485f36c62492911d22d57cdb485fc295f58e37451fef4a7e8208ca56c36401
#5 extracting sha256:ef485f36c62492911d22d57cdb485fc295f58e37451fef4a7e8208ca56c36401 done
#5 DONE 32.3s

#6 [2/8] RUN apt-get update &&   apt-get install -y apt-transport-https ca-certificates &&   echo "deb http://archive.debian.org/debian stretch main" > /etc/apt/sources.list &&   echo "deb http://archive.debian.org/debian-security stretch/updates main" >> /etc/apt/sources.list &&   apt-get update -o Acquire::Check-Valid-Until=false &&   apt-get install -y qt5-default libqt5webkit5-dev gstreamer1.0-plugins-base                      gstreamer1.0-tools gstreamer1.0-x
#6 0.485 Ign:1 http://deb.debian.org/debian stretch InRelease
#6 0.486 Ign:2 http://security.debian.org/debian-security stretch/updates InRelease
#6 0.495 Ign:3 http://deb.debian.org/debian stretch-updates InRelease
#6 0.497 Ign:4 http://security.debian.org/debian-security stretch/updates Release
#6 0.505 Ign:5 http://deb.debian.org/debian stretch Release
#6 0.507 Ign:6 http://security.debian.org/debian-security stretch/updates/main amd64 Packages
#6 0.515 Ign:7 http://deb.debian.org/debian stretch-updates Release
#6 0.518 Ign:8 http://security.debian.org/debian-security stretch/updates/main all Packages
#6 0.525 Ign:9 http://deb.debian.org/debian stretch/main amd64 Packages
#6 0.528 Ign:6 http://security.debian.org/debian-security stretch/updates/main amd64 Packages
#6 0.537 Ign:10 http://deb.debian.org/debian stretch/main all Packages
#6 0.538 Ign:8 http://security.debian.org/debian-security stretch/updates/main all Packages
#6 0.547 Ign:11 http://deb.debian.org/debian stretch-updates/main all Packages
#6 0.548 Ign:6 http://security.debian.org/debian-security stretch/updates/main amd64 Packages
#6 0.557 Ign:12 http://deb.debian.org/debian stretch-updates/main amd64 Packages
#6 0.558 Ign:8 http://security.debian.org/debian-security stretch/updates/main all Packages
#6 0.567 Ign:9 http://deb.debian.org/debian stretch/main amd64 Packages
#6 0.568 Ign:6 http://security.debian.org/debian-security stretch/updates/main amd64 Packages
#6 0.578 Ign:10 http://deb.debian.org/debian stretch/main all Packages
#6 0.578 Ign:8 http://security.debian.org/debian-security stretch/updates/main all Packages
#6 0.588 Ign:11 http://deb.debian.org/debian stretch-updates/main all Packages
#6 0.589 Ign:6 http://security.debian.org/debian-security stretch/updates/main amd64 Packages
#6 0.598 Ign:12 http://deb.debian.org/debian stretch-updates/main amd64 Packages
#6 0.599 Ign:8 http://security.debian.org/debian-security stretch/updates/main all Packages
#6 0.610 Err:6 http://security.debian.org/debian-security stretch/updates/main amd64 Packages
#6 0.610   404  Not Found
#6 0.611 Ign:9 http://deb.debian.org/debian stretch/main amd64 Packages
#6 0.620 Ign:8 http://security.debian.org/debian-security stretch/updates/main all Packages
#6 0.621 Ign:10 http://deb.debian.org/debian stretch/main all Packages
#6 0.631 Ign:11 http://deb.debian.org/debian stretch-updates/main all Packages
#6 0.641 Ign:12 http://deb.debian.org/debian stretch-updates/main amd64 Packages
#6 0.651 Ign:9 http://deb.debian.org/debian stretch/main amd64 Packages
#6 0.661 Ign:10 http://deb.debian.org/debian stretch/main all Packages
#6 0.671 Ign:11 http://deb.debian.org/debian stretch-updates/main all Packages
#6 0.681 Ign:12 http://deb.debian.org/debian stretch-updates/main amd64 Packages
#6 0.691 Ign:9 http://deb.debian.org/debian stretch/main amd64 Packages
#6 0.701 Ign:10 http://deb.debian.org/debian stretch/main all Packages
#6 0.711 Ign:11 http://deb.debian.org/debian stretch-updates/main all Packages
#6 0.721 Ign:12 http://deb.debian.org/debian stretch-updates/main amd64 Packages
#6 0.731 Err:9 http://deb.debian.org/debian stretch/main amd64 Packages
#6 0.731   404  Not Found
#6 0.749 Ign:10 http://deb.debian.org/debian stretch/main all Packages
#6 0.759 Ign:11 http://deb.debian.org/debian stretch-updates/main all Packages
#6 0.769 Err:12 http://deb.debian.org/debian stretch-updates/main amd64 Packages
#6 0.769   404  Not Found
#6 0.773 Reading package lists...
#6 0.786 W: The repository 'http://security.debian.org/debian-security stretch/updates Release' does not have a Release file.
#6 0.786 W: The repository 'http://deb.debian.org/debian stretch Release' does not have a Release file.
#6 0.786 W: The repository 'http://deb.debian.org/debian stretch-updates Release' does not have a Release file.
#6 0.786 E: Failed to fetch http://security.debian.org/debian-security/dists/stretch/updates/main/binary-amd64/Packages  404  Not Found
#6 0.786 E: Failed to fetch http://deb.debian.org/debian/dists/stretch/main/binary-amd64/Packages  404  Not Found
#6 0.786 E: Failed to fetch http://deb.debian.org/debian/dists/stretch-updates/main/binary-amd64/Packages  404  Not Found
#6 0.786 E: Some index files failed to download. They have been ignored, or old ones used instead.
#6 ERROR: process "/bin/sh -c apt-get update &&   apt-get install -y apt-transport-https ca-certificates &&   echo \"deb http://archive.debian.org/debian stretch main\" > /etc/apt/sources.list &&   echo \"deb http://archive.debian.org/debian-security stretch/updates main\" >> /etc/apt/sources.list &&   apt-get update -o Acquire::Check-Valid-Until=false &&   apt-get install -y qt5-default libqt5webkit5-dev gstreamer1.0-plugins-base                      gstreamer1.0-tools gstreamer1.0-x" did not complete successfully: exit code: 100
------
 > [2/8] RUN apt-get update &&   apt-get install -y apt-transport-https ca-certificates &&   echo "deb http://archive.debian.org/debian stretch main" > /etc/apt/sources.list &&   echo "deb http://archive.debian.org/debian-security stretch/updates main" >> /etc/apt/sources.list &&   apt-get update -o Acquire::Check-Valid-Until=false &&   apt-get install -y qt5-default libqt5webkit5-dev gstreamer1.0-plugins-base                      gstreamer1.0-tools gstreamer1.0-x:
0.769 Err:12 http://deb.debian.org/debian stretch-updates/main amd64 Packages
0.769   404  Not Found
0.773 Reading package lists...
0.786 W: The repository 'http://security.debian.org/debian-security stretch/updates Release' does not have a Release file.
0.786 W: The repository 'http://deb.debian.org/debian stretch Release' does not have a Release file.
0.786 W: The repository 'http://deb.debian.org/debian stretch-updates Release' does not have a Release file.
0.786 E: Failed to fetch http://security.debian.org/debian-security/dists/stretch/updates/main/binary-amd64/Packages  404  Not Found
0.786 E: Failed to fetch http://deb.debian.org/debian/dists/stretch/main/binary-amd64/Packages  404  Not Found
0.786 E: Failed to fetch http://deb.debian.org/debian/dists/stretch-updates/main/binary-amd64/Packages  404  Not Found
0.786 E: Some index files failed to download. They have been ignored, or old ones used instead.
------
v1_Dockerfile:3
--------------------
   2 |     
   3 | >>> RUN apt-get update && \
   4 | >>>   apt-get install -y apt-transport-https ca-certificates && \
   5 | >>>   echo "deb http://archive.debian.org/debian stretch main" > /etc/apt/sources.list && \
   6 | >>>   echo "deb http://archive.debian.org/debian-security stretch/updates main" >> /etc/apt/sources.list && \
   7 | >>>   apt-get update -o Acquire::Check-Valid-Until=false && \
   8 | >>>   apt-get install -y qt5-default libqt5webkit5-dev gstreamer1.0-plugins-base \
   9 | >>>                      gstreamer1.0-tools gstreamer1.0-x
  10 |     
--------------------
ERROR: failed to solve: process "/bin/sh -c apt-get update &&   apt-get install -y apt-transport-https ca-certificates &&   echo \"deb http://archive.debian.org/debian stretch main\" > /etc/apt/sources.list &&   echo \"deb http://archive.debian.org/debian-security stretch/updates main\" >> /etc/apt/sources.list &&   apt-get update -o Acquire::Check-Valid-Until=false &&   apt-get install -y qt5-default libqt5webkit5-dev gstreamer1.0-plugins-base                      gstreamer1.0-tools gstreamer1.0-x" did not complete successfully: exit code: 100
Duration: 0:55.98