#0 building with "default" instance using docker driver

#1 [internal] load build definition from Dockerfile
#1 transferring dockerfile: 29B
#1 transferring dockerfile: 132B done
#1 DONE 0.5s

#2 [internal] load .dockerignore
#2 transferring context: 2B done
#2 DONE 0.4s

#3 [auth] library/node:pull token for registry-1.docker.io
#3 DONE 0.0s

#4 [internal] load metadata for docker.io/library/node:10
#4 DONE 1.4s

#5 [1/4] FROM docker.io/library/node:10@sha256:59531d2835edd5161c8f9512f9e095b1836f7a1fcb0ab73e005ec46047384911
#5 resolve docker.io/library/node:10@sha256:59531d2835edd5161c8f9512f9e095b1836f7a1fcb0ab73e005ec46047384911 0.1s done
#5 sha256:686e0e859358f28bfe1641e1627549b9cd0ad74f222b953d74209213488c6858 2.21kB / 2.21kB done
#5 sha256:76b8ef87096fa726adbe8f073ef69bb5664bac19474c5cce4dd69e08a234903b 0B / 45.38MB 0.1s
#5 sha256:59531d2835edd5161c8f9512f9e095b1836f7a1fcb0ab73e005ec46047384911 776B / 776B done
#5 sha256:28dca6642db82aaecbed18101d9966f001e8de6691e1a1718c2927c124d81262 7.83kB / 7.83kB done
#5 sha256:b53ce1fd2746e8d2037f1b0b91ddea0cc7411eb3e5949fe10c0320aca8f7392b 0B / 4.34MB 0.2s
#5 sha256:2e2bafe8a0f40509cc10249087268e66a662e437f10e9598a09abb5687038a57 0B / 11.29MB 0.2s
#5 sha256:76b8ef87096fa726adbe8f073ef69bb5664bac19474c5cce4dd69e08a234903b 16.78MB / 45.38MB 0.4s
#5 sha256:b53ce1fd2746e8d2037f1b0b91ddea0cc7411eb3e5949fe10c0320aca8f7392b 3.15MB / 4.34MB 0.4s
#5 sha256:76b8ef87096fa726adbe8f073ef69bb5664bac19474c5cce4dd69e08a234903b 30.41MB / 45.38MB 0.6s
#5 sha256:b53ce1fd2746e8d2037f1b0b91ddea0cc7411eb3e5949fe10c0320aca8f7392b 4.34MB / 4.34MB 0.5s done
#5 sha256:2e2bafe8a0f40509cc10249087268e66a662e437f10e9598a09abb5687038a57 8.39MB / 11.29MB 0.6s
#5 sha256:84a8c1bd5887cc4a89e1f286fed9ee31ce12dba9f6813cf14082ada3e9ab6f63 0B / 49.79MB 0.6s
#5 sha256:76b8ef87096fa726adbe8f073ef69bb5664bac19474c5cce4dd69e08a234903b 34.60MB / 45.38MB 0.7s
#5 sha256:2e2bafe8a0f40509cc10249087268e66a662e437f10e9598a09abb5687038a57 11.29MB / 11.29MB 0.8s
#5 sha256:76b8ef87096fa726adbe8f073ef69bb5664bac19474c5cce4dd69e08a234903b 44.04MB / 45.38MB 1.0s
#5 sha256:2e2bafe8a0f40509cc10249087268e66a662e437f10e9598a09abb5687038a57 11.29MB / 11.29MB 0.8s done
#5 sha256:84a8c1bd5887cc4a89e1f286fed9ee31ce12dba9f6813cf14082ada3e9ab6f63 24.12MB / 49.79MB 1.0s
#5 sha256:7a803dc0b40fcd10faee3fb3ebb2d7aaa88500520e6295295f5163c4bb48548b 0B / 214.35MB 1.0s
#5 sha256:84a8c1bd5887cc4a89e1f286fed9ee31ce12dba9f6813cf14082ada3e9ab6f63 31.46MB / 49.79MB 1.1s
#5 sha256:84a8c1bd5887cc4a89e1f286fed9ee31ce12dba9f6813cf14082ada3e9ab6f63 46.14MB / 49.79MB 1.3s
#5 sha256:7a803dc0b40fcd10faee3fb3ebb2d7aaa88500520e6295295f5163c4bb48548b 11.71MB / 214.35MB 1.3s
#5 sha256:84a8c1bd5887cc4a89e1f286fed9ee31ce12dba9f6813cf14082ada3e9ab6f63 49.79MB / 49.79MB 1.4s
#5 sha256:76b8ef87096fa726adbe8f073ef69bb5664bac19474c5cce4dd69e08a234903b 45.38MB / 45.38MB 1.7s done
#5 sha256:7a803dc0b40fcd10faee3fb3ebb2d7aaa88500520e6295295f5163c4bb48548b 51.38MB / 214.35MB 1.7s
#5 sha256:7a803dc0b40fcd10faee3fb3ebb2d7aaa88500520e6295295f5163c4bb48548b 70.25MB / 214.35MB 1.9s
#5 extracting sha256:76b8ef87096fa726adbe8f073ef69bb5664bac19474c5cce4dd69e08a234903b
#5 sha256:7a803dc0b40fcd10faee3fb3ebb2d7aaa88500520e6295295f5163c4bb48548b 88.08MB / 214.35MB 2.1s
#5 sha256:7a803dc0b40fcd10faee3fb3ebb2d7aaa88500520e6295295f5163c4bb48548b 108.00MB / 214.35MB 2.3s
#5 sha256:7a803dc0b40fcd10faee3fb3ebb2d7aaa88500520e6295295f5163c4bb48548b 128.97MB / 214.35MB 2.5s
#5 sha256:84a8c1bd5887cc4a89e1f286fed9ee31ce12dba9f6813cf14082ada3e9ab6f63 49.79MB / 49.79MB 2.5s done
#5 sha256:b800e94e7303e276b8fb4911a40bfe28f46180d997022c69bf1ee02fb7b86721 0B / 4.19kB 2.6s
#5 sha256:7a803dc0b40fcd10faee3fb3ebb2d7aaa88500520e6295295f5163c4bb48548b 147.85MB / 214.35MB 2.7s
#5 sha256:0da9fbf60d485c74d153bfc7562f34533550e3dd8aa78f5e8c2476ed500e0e73 0B / 21.42MB 2.7s
#5 sha256:b800e94e7303e276b8fb4911a40bfe28f46180d997022c69bf1ee02fb7b86721 4.19kB / 4.19kB 2.7s done
#5 sha256:7a803dc0b40fcd10faee3fb3ebb2d7aaa88500520e6295295f5163c4bb48548b 165.68MB / 214.35MB 2.9s
#5 sha256:0da9fbf60d485c74d153bfc7562f34533550e3dd8aa78f5e8c2476ed500e0e73 5.24MB / 21.42MB 2.9s
#5 sha256:04dccde934cf0d6ab9d303fe73b36bc4ed84329d9d562049a69a5d38afb83f14 0B / 2.48MB 2.9s
#5 sha256:0da9fbf60d485c74d153bfc7562f34533550e3dd8aa78f5e8c2476ed500e0e73 9.44MB / 21.42MB 3.0s
#5 sha256:04dccde934cf0d6ab9d303fe73b36bc4ed84329d9d562049a69a5d38afb83f14 1.05MB / 2.48MB 3.0s
#5 sha256:7a803dc0b40fcd10faee3fb3ebb2d7aaa88500520e6295295f5163c4bb48548b 177.21MB / 214.35MB 3.1s
#5 sha256:0da9fbf60d485c74d153bfc7562f34533550e3dd8aa78f5e8c2476ed500e0e73 14.68MB / 21.42MB 3.1s
#5 sha256:7a803dc0b40fcd10faee3fb3ebb2d7aaa88500520e6295295f5163c4bb48548b 190.84MB / 214.35MB 3.3s
#5 sha256:0da9fbf60d485c74d153bfc7562f34533550e3dd8aa78f5e8c2476ed500e0e73 21.42MB / 21.42MB 3.3s
#5 sha256:04dccde934cf0d6ab9d303fe73b36bc4ed84329d9d562049a69a5d38afb83f14 2.48MB / 2.48MB 3.1s done
#5 sha256:73269890f6fdf96184d0fdb0afe3cf697b0c8dbe1e7a077f0fab445d74372c78 294B / 294B 3.3s
#5 sha256:7a803dc0b40fcd10faee3fb3ebb2d7aaa88500520e6295295f5163c4bb48548b 208.67MB / 214.35MB 3.5s
#5 sha256:0da9fbf60d485c74d153bfc7562f34533550e3dd8aa78f5e8c2476ed500e0e73 21.42MB / 21.42MB 3.5s done
#5 sha256:73269890f6fdf96184d0fdb0afe3cf697b0c8dbe1e7a077f0fab445d74372c78 294B / 294B 3.6s done
#5 extracting sha256:76b8ef87096fa726adbe8f073ef69bb5664bac19474c5cce4dd69e08a234903b 2.6s done
#5 sha256:7a803dc0b40fcd10faee3fb3ebb2d7aaa88500520e6295295f5163c4bb48548b 214.35MB / 214.35MB 6.8s done
#5 extracting sha256:2e2bafe8a0f40509cc10249087268e66a662e437f10e9598a09abb5687038a57
#5 extracting sha256:2e2bafe8a0f40509cc10249087268e66a662e437f10e9598a09abb5687038a57 0.5s done
#5 extracting sha256:b53ce1fd2746e8d2037f1b0b91ddea0cc7411eb3e5949fe10c0320aca8f7392b
#5 extracting sha256:b53ce1fd2746e8d2037f1b0b91ddea0cc7411eb3e5949fe10c0320aca8f7392b 0.2s done
#5 extracting sha256:84a8c1bd5887cc4a89e1f286fed9ee31ce12dba9f6813cf14082ada3e9ab6f63
#5 extracting sha256:84a8c1bd5887cc4a89e1f286fed9ee31ce12dba9f6813cf14082ada3e9ab6f63 3.6s done
#5 extracting sha256:7a803dc0b40fcd10faee3fb3ebb2d7aaa88500520e6295295f5163c4bb48548b
#5 extracting sha256:7a803dc0b40fcd10faee3fb3ebb2d7aaa88500520e6295295f5163c4bb48548b 5.1s
#5 extracting sha256:7a803dc0b40fcd10faee3fb3ebb2d7aaa88500520e6295295f5163c4bb48548b 10.1s
#5 extracting sha256:7a803dc0b40fcd10faee3fb3ebb2d7aaa88500520e6295295f5163c4bb48548b 12.0s done
#5 extracting sha256:b800e94e7303e276b8fb4911a40bfe28f46180d997022c69bf1ee02fb7b86721
#5 extracting sha256:b800e94e7303e276b8fb4911a40bfe28f46180d997022c69bf1ee02fb7b86721 0.1s done
#5 extracting sha256:0da9fbf60d485c74d153bfc7562f34533550e3dd8aa78f5e8c2476ed500e0e73
#5 extracting sha256:0da9fbf60d485c74d153bfc7562f34533550e3dd8aa78f5e8c2476ed500e0e73 1.7s done
#5 extracting sha256:04dccde934cf0d6ab9d303fe73b36bc4ed84329d9d562049a69a5d38afb83f14
#5 extracting sha256:04dccde934cf0d6ab9d303fe73b36bc4ed84329d9d562049a69a5d38afb83f14 0.2s done
#5 extracting sha256:73269890f6fdf96184d0fdb0afe3cf697b0c8dbe1e7a077f0fab445d74372c78
#5 extracting sha256:73269890f6fdf96184d0fdb0afe3cf697b0c8dbe1e7a077f0fab445d74372c78 done
#5 DONE 29.1s

#6 [2/4] RUN apt-get update
#6 0.516 Ign:1 http://security.debian.org/debian-security stretch/updates InRelease
#6 0.528 Ign:2 http://security.debian.org/debian-security stretch/updates Release
#6 0.538 Ign:3 http://security.debian.org/debian-security stretch/updates/main all Packages
#6 0.785 Ign:4 http://deb.debian.org/debian stretch InRelease
#6 0.867 Ign:5 http://security.debian.org/debian-security stretch/updates/main amd64 Packages
#6 0.878 Ign:3 http://security.debian.org/debian-security stretch/updates/main all Packages
#6 0.943 Ign:6 http://deb.debian.org/debian stretch-updates InRelease
#6 1.048 Ign:5 http://security.debian.org/debian-security stretch/updates/main amd64 Packages
#6 1.058 Ign:3 http://security.debian.org/debian-security stretch/updates/main all Packages
#6 1.102 Ign:7 http://deb.debian.org/debian stretch Release
#6 1.260 Ign:8 http://deb.debian.org/debian stretch-updates Release
#6 1.387 Ign:5 http://security.debian.org/debian-security stretch/updates/main amd64 Packages
#6 1.398 Ign:3 http://security.debian.org/debian-security stretch/updates/main all Packages
#6 1.418 Ign:9 http://deb.debian.org/debian stretch/main amd64 Packages
#6 1.576 Ign:10 http://deb.debian.org/debian stretch/main all Packages
#6 1.727 Ign:5 http://security.debian.org/debian-security stretch/updates/main amd64 Packages
#6 1.733 Ign:11 http://deb.debian.org/debian stretch-updates/main amd64 Packages
#6 1.738 Ign:3 http://security.debian.org/debian-security stretch/updates/main all Packages
#6 1.891 Ign:12 http://deb.debian.org/debian stretch-updates/main all Packages
#6 1.909 Ign:5 http://security.debian.org/debian-security stretch/updates/main amd64 Packages
#6 1.921 Ign:3 http://security.debian.org/debian-security stretch/updates/main all Packages
#6 2.048 Ign:9 http://deb.debian.org/debian stretch/main amd64 Packages
#6 2.206 Ign:10 http://deb.debian.org/debian stretch/main all Packages
#6 2.255 Err:5 http://security.debian.org/debian-security stretch/updates/main amd64 Packages
#6 2.255   404  Not Found
#6 2.364 Ign:11 http://deb.debian.org/debian stretch-updates/main amd64 Packages
#6 2.523 Ign:12 http://deb.debian.org/debian stretch-updates/main all Packages
#6 2.680 Ign:9 http://deb.debian.org/debian stretch/main amd64 Packages
#6 2.838 Ign:10 http://deb.debian.org/debian stretch/main all Packages
#6 2.996 Ign:11 http://deb.debian.org/debian stretch-updates/main amd64 Packages
#6 3.153 Ign:12 http://deb.debian.org/debian stretch-updates/main all Packages
#6 3.311 Ign:9 http://deb.debian.org/debian stretch/main amd64 Packages
#6 3.470 Ign:10 http://deb.debian.org/debian stretch/main all Packages
#6 3.628 Ign:11 http://deb.debian.org/debian stretch-updates/main amd64 Packages
#6 3.786 Ign:12 http://deb.debian.org/debian stretch-updates/main all Packages
#6 3.944 Ign:9 http://deb.debian.org/debian stretch/main amd64 Packages
#6 4.101 Ign:10 http://deb.debian.org/debian stretch/main all Packages
#6 4.259 Ign:11 http://deb.debian.org/debian stretch-updates/main amd64 Packages
#6 4.417 Ign:12 http://deb.debian.org/debian stretch-updates/main all Packages
#6 4.576 Err:9 http://deb.debian.org/debian stretch/main amd64 Packages
#6 4.576   404  Not Found
#6 4.742 Ign:10 http://deb.debian.org/debian stretch/main all Packages
#6 4.900 Err:11 http://deb.debian.org/debian stretch-updates/main amd64 Packages
#6 4.900   404  Not Found
#6 5.058 Ign:12 http://deb.debian.org/debian stretch-updates/main all Packages
#6 5.063 Reading package lists...
#6 5.077 W: The repository 'http://security.debian.org/debian-security stretch/updates Release' does not have a Release file.
#6 5.077 W: The repository 'http://deb.debian.org/debian stretch Release' does not have a Release file.
#6 5.077 W: The repository 'http://deb.debian.org/debian stretch-updates Release' does not have a Release file.
#6 5.077 E: Failed to fetch http://security.debian.org/debian-security/dists/stretch/updates/main/binary-amd64/Packages  404  Not Found
#6 5.077 E: Failed to fetch http://deb.debian.org/debian/dists/stretch/main/binary-amd64/Packages  404  Not Found
#6 5.077 E: Failed to fetch http://deb.debian.org/debian/dists/stretch-updates/main/binary-amd64/Packages  404  Not Found
#6 5.077 E: Some index files failed to download. They have been ignored, or old ones used instead.
#6 ERROR: process "/bin/sh -c apt-get update" did not complete successfully: exit code: 100
------
 > [2/4] RUN apt-get update:
4.900   404  Not Found
5.058 Ign:12 http://deb.debian.org/debian stretch-updates/main all Packages
5.063 Reading package lists...
5.077 W: The repository 'http://security.debian.org/debian-security stretch/updates Release' does not have a Release file.
5.077 W: The repository 'http://deb.debian.org/debian stretch Release' does not have a Release file.
5.077 W: The repository 'http://deb.debian.org/debian stretch-updates Release' does not have a Release file.
5.077 E: Failed to fetch http://security.debian.org/debian-security/dists/stretch/updates/main/binary-amd64/Packages  404  Not Found
5.077 E: Failed to fetch http://deb.debian.org/debian/dists/stretch/main/binary-amd64/Packages  404  Not Found
5.077 E: Failed to fetch http://deb.debian.org/debian/dists/stretch-updates/main/binary-amd64/Packages  404  Not Found
5.077 E: Some index files failed to download. They have been ignored, or old ones used instead.
------
Dockerfile:3
--------------------
   1 |     FROM node:10
   2 |     
   3 | >>> RUN apt-get update
   4 |     RUN apt-get install -y p7zip-full
   5 |     RUN apt-get install -y nsis
--------------------
ERROR: failed to solve: process "/bin/sh -c apt-get update" did not complete successfully: exit code: 100
Duration: 0:59.31