#0 building with "default" instance using docker driver

#1 [internal] load .dockerignore
#1 transferring context:
#1 transferring context: 2B done
#1 DONE 0.6s

#2 [internal] load build definition from v1_Dockerfile
#2 transferring dockerfile: 401B done
#2 DONE 0.4s

#3 [internal] load metadata for docker.io/library/node:10
#3 DONE 1.0s

#4 [1/7] FROM docker.io/library/node:10@sha256:59531d2835edd5161c8f9512f9e095b1836f7a1fcb0ab73e005ec46047384911
#4 resolve docker.io/library/node:10@sha256:59531d2835edd5161c8f9512f9e095b1836f7a1fcb0ab73e005ec46047384911 0.1s done
#4 sha256:28dca6642db82aaecbed18101d9966f001e8de6691e1a1718c2927c124d81262 7.83kB / 7.83kB done
#4 sha256:59531d2835edd5161c8f9512f9e095b1836f7a1fcb0ab73e005ec46047384911 776B / 776B done
#4 sha256:686e0e859358f28bfe1641e1627549b9cd0ad74f222b953d74209213488c6858 2.21kB / 2.21kB done
#4 sha256:76b8ef87096fa726adbe8f073ef69bb5664bac19474c5cce4dd69e08a234903b 0B / 45.38MB 0.1s
#4 sha256:76b8ef87096fa726adbe8f073ef69bb5664bac19474c5cce4dd69e08a234903b 5.24MB / 45.38MB 0.3s
#4 sha256:2e2bafe8a0f40509cc10249087268e66a662e437f10e9598a09abb5687038a57 0B / 11.29MB 0.2s
#4 sha256:b53ce1fd2746e8d2037f1b0b91ddea0cc7411eb3e5949fe10c0320aca8f7392b 0B / 4.34MB 0.3s
#4 sha256:76b8ef87096fa726adbe8f073ef69bb5664bac19474c5cce4dd69e08a234903b 8.39MB / 45.38MB 0.4s
#4 sha256:76b8ef87096fa726adbe8f073ef69bb5664bac19474c5cce4dd69e08a234903b 13.63MB / 45.38MB 0.6s
#4 sha256:b53ce1fd2746e8d2037f1b0b91ddea0cc7411eb3e5949fe10c0320aca8f7392b 4.34MB / 4.34MB 0.6s
#4 sha256:76b8ef87096fa726adbe8f073ef69bb5664bac19474c5cce4dd69e08a234903b 17.83MB / 45.38MB 0.8s
#4 sha256:2e2bafe8a0f40509cc10249087268e66a662e437f10e9598a09abb5687038a57 8.39MB / 11.29MB 0.8s
#4 sha256:b53ce1fd2746e8d2037f1b0b91ddea0cc7411eb3e5949fe10c0320aca8f7392b 4.34MB / 4.34MB 0.6s done
#4 sha256:84a8c1bd5887cc4a89e1f286fed9ee31ce12dba9f6813cf14082ada3e9ab6f63 0B / 49.79MB 0.8s
#4 sha256:76b8ef87096fa726adbe8f073ef69bb5664bac19474c5cce4dd69e08a234903b 22.02MB / 45.38MB 1.0s
#4 sha256:2e2bafe8a0f40509cc10249087268e66a662e437f10e9598a09abb5687038a57 11.29MB / 11.29MB 1.0s
#4 sha256:84a8c1bd5887cc4a89e1f286fed9ee31ce12dba9f6813cf14082ada3e9ab6f63 3.15MB / 49.79MB 1.0s
#4 sha256:2e2bafe8a0f40509cc10249087268e66a662e437f10e9598a09abb5687038a57 11.29MB / 11.29MB 1.0s done
#4 sha256:84a8c1bd5887cc4a89e1f286fed9ee31ce12dba9f6813cf14082ada3e9ab6f63 7.34MB / 49.79MB 1.2s
#4 sha256:7a803dc0b40fcd10faee3fb3ebb2d7aaa88500520e6295295f5163c4bb48548b 0B / 214.35MB 1.2s
#4 sha256:84a8c1bd5887cc4a89e1f286fed9ee31ce12dba9f6813cf14082ada3e9ab6f63 13.63MB / 49.79MB 1.4s
#4 sha256:76b8ef87096fa726adbe8f073ef69bb5664bac19474c5cce4dd69e08a234903b 25.17MB / 45.38MB 1.5s
#4 sha256:84a8c1bd5887cc4a89e1f286fed9ee31ce12dba9f6813cf14082ada3e9ab6f63 16.78MB / 49.79MB 1.5s
#4 sha256:84a8c1bd5887cc4a89e1f286fed9ee31ce12dba9f6813cf14082ada3e9ab6f63 23.07MB / 49.79MB 1.7s
#4 sha256:7a803dc0b40fcd10faee3fb3ebb2d7aaa88500520e6295295f5163c4bb48548b 11.53MB / 214.35MB 1.7s
#4 sha256:84a8c1bd5887cc4a89e1f286fed9ee31ce12dba9f6813cf14082ada3e9ab6f63 26.34MB / 49.79MB 1.8s
#4 sha256:84a8c1bd5887cc4a89e1f286fed9ee31ce12dba9f6813cf14082ada3e9ab6f63 33.55MB / 49.79MB 2.0s
#4 sha256:7a803dc0b40fcd10faee3fb3ebb2d7aaa88500520e6295295f5163c4bb48548b 23.07MB / 214.35MB 2.0s
#4 sha256:84a8c1bd5887cc4a89e1f286fed9ee31ce12dba9f6813cf14082ada3e9ab6f63 38.19MB / 49.79MB 2.2s
#4 sha256:84a8c1bd5887cc4a89e1f286fed9ee31ce12dba9f6813cf14082ada3e9ab6f63 44.04MB / 49.79MB 2.4s
#4 sha256:7a803dc0b40fcd10faee3fb3ebb2d7aaa88500520e6295295f5163c4bb48548b 35.65MB / 214.35MB 2.4s
#4 sha256:84a8c1bd5887cc4a89e1f286fed9ee31ce12dba9f6813cf14082ada3e9ab6f63 47.19MB / 49.79MB 2.5s
#4 sha256:84a8c1bd5887cc4a89e1f286fed9ee31ce12dba9f6813cf14082ada3e9ab6f63 49.79MB / 49.79MB 2.6s
#4 sha256:76b8ef87096fa726adbe8f073ef69bb5664bac19474c5cce4dd69e08a234903b 28.31MB / 45.38MB 2.9s
#4 sha256:7a803dc0b40fcd10faee3fb3ebb2d7aaa88500520e6295295f5163c4bb48548b 53.48MB / 214.35MB 2.9s
#4 sha256:7a803dc0b40fcd10faee3fb3ebb2d7aaa88500520e6295295f5163c4bb48548b 68.16MB / 214.35MB 3.3s
#4 sha256:84a8c1bd5887cc4a89e1f286fed9ee31ce12dba9f6813cf14082ada3e9ab6f63 49.79MB / 49.79MB 3.3s done
#4 sha256:b800e94e7303e276b8fb4911a40bfe28f46180d997022c69bf1ee02fb7b86721 0B / 4.19kB 3.5s
#4 sha256:7a803dc0b40fcd10faee3fb3ebb2d7aaa88500520e6295295f5163c4bb48548b 82.84MB / 214.35MB 3.7s
#4 sha256:b800e94e7303e276b8fb4911a40bfe28f46180d997022c69bf1ee02fb7b86721 4.19kB / 4.19kB 3.6s done
#4 sha256:0da9fbf60d485c74d153bfc7562f34533550e3dd8aa78f5e8c2476ed500e0e73 0B / 21.42MB 3.7s
#4 sha256:7a803dc0b40fcd10faee3fb3ebb2d7aaa88500520e6295295f5163c4bb48548b 95.42MB / 214.35MB 4.0s
#4 sha256:0da9fbf60d485c74d153bfc7562f34533550e3dd8aa78f5e8c2476ed500e0e73 4.19MB / 21.42MB 4.0s
#4 sha256:0da9fbf60d485c74d153bfc7562f34533550e3dd8aa78f5e8c2476ed500e0e73 8.39MB / 21.42MB 4.2s
#4 sha256:7a803dc0b40fcd10faee3fb3ebb2d7aaa88500520e6295295f5163c4bb48548b 110.10MB / 214.35MB 4.4s
#4 sha256:0da9fbf60d485c74d153bfc7562f34533550e3dd8aa78f5e8c2476ed500e0e73 13.63MB / 21.42MB 4.4s
#4 sha256:0da9fbf60d485c74d153bfc7562f34533550e3dd8aa78f5e8c2476ed500e0e73 16.78MB / 21.42MB 4.5s
#4 sha256:7a803dc0b40fcd10faee3fb3ebb2d7aaa88500520e6295295f5163c4bb48548b 121.63MB / 214.35MB 4.7s
#4 sha256:0da9fbf60d485c74d153bfc7562f34533550e3dd8aa78f5e8c2476ed500e0e73 21.42MB / 21.42MB 4.7s
#4 sha256:7a803dc0b40fcd10faee3fb3ebb2d7aaa88500520e6295295f5163c4bb48548b 136.31MB / 214.35MB 5.0s
#4 sha256:0da9fbf60d485c74d153bfc7562f34533550e3dd8aa78f5e8c2476ed500e0e73 21.42MB / 21.42MB 5.0s done
#4 sha256:04dccde934cf0d6ab9d303fe73b36bc4ed84329d9d562049a69a5d38afb83f14 0B / 2.48MB 5.2s
#4 sha256:7a803dc0b40fcd10faee3fb3ebb2d7aaa88500520e6295295f5163c4bb48548b 156.24MB / 214.35MB 5.4s
#4 sha256:04dccde934cf0d6ab9d303fe73b36bc4ed84329d9d562049a69a5d38afb83f14 2.48MB / 2.48MB 5.4s
#4 sha256:04dccde934cf0d6ab9d303fe73b36bc4ed84329d9d562049a69a5d38afb83f14 2.48MB / 2.48MB 5.4s done
#4 sha256:7a803dc0b40fcd10faee3fb3ebb2d7aaa88500520e6295295f5163c4bb48548b 171.97MB / 214.35MB 5.7s
#4 sha256:73269890f6fdf96184d0fdb0afe3cf697b0c8dbe1e7a077f0fab445d74372c78 294B / 294B 5.7s
#4 sha256:73269890f6fdf96184d0fdb0afe3cf697b0c8dbe1e7a077f0fab445d74372c78 294B / 294B 5.7s done
#4 sha256:76b8ef87096fa726adbe8f073ef69bb5664bac19474c5cce4dd69e08a234903b 31.46MB / 45.38MB 6.0s
#4 sha256:7a803dc0b40fcd10faee3fb3ebb2d7aaa88500520e6295295f5163c4bb48548b 192.94MB / 214.35MB 6.0s
#4 sha256:7a803dc0b40fcd10faee3fb3ebb2d7aaa88500520e6295295f5163c4bb48548b 207.62MB / 214.35MB 6.2s
#4 sha256:76b8ef87096fa726adbe8f073ef69bb5664bac19474c5cce4dd69e08a234903b 34.60MB / 45.38MB 6.4s
#4 sha256:76b8ef87096fa726adbe8f073ef69bb5664bac19474c5cce4dd69e08a234903b 37.75MB / 45.38MB 6.5s
#4 sha256:76b8ef87096fa726adbe8f073ef69bb5664bac19474c5cce4dd69e08a234903b 41.94MB / 45.38MB 6.7s
#4 sha256:76b8ef87096fa726adbe8f073ef69bb5664bac19474c5cce4dd69e08a234903b 45.38MB / 45.38MB 6.9s
#4 sha256:7a803dc0b40fcd10faee3fb3ebb2d7aaa88500520e6295295f5163c4bb48548b 214.35MB / 214.35MB 9.6s done
#4 sha256:76b8ef87096fa726adbe8f073ef69bb5664bac19474c5cce4dd69e08a234903b 45.38MB / 45.38MB 10.2s done
#4 extracting sha256:76b8ef87096fa726adbe8f073ef69bb5664bac19474c5cce4dd69e08a234903b 0.1s
#4 extracting sha256:76b8ef87096fa726adbe8f073ef69bb5664bac19474c5cce4dd69e08a234903b 2.9s done
#4 extracting sha256:2e2bafe8a0f40509cc10249087268e66a662e437f10e9598a09abb5687038a57
#4 extracting sha256:2e2bafe8a0f40509cc10249087268e66a662e437f10e9598a09abb5687038a57 0.6s done
#4 extracting sha256:b53ce1fd2746e8d2037f1b0b91ddea0cc7411eb3e5949fe10c0320aca8f7392b
#4 extracting sha256:b53ce1fd2746e8d2037f1b0b91ddea0cc7411eb3e5949fe10c0320aca8f7392b 0.2s done
#4 extracting sha256:84a8c1bd5887cc4a89e1f286fed9ee31ce12dba9f6813cf14082ada3e9ab6f63
#4 extracting sha256:84a8c1bd5887cc4a89e1f286fed9ee31ce12dba9f6813cf14082ada3e9ab6f63 3.3s done
#4 extracting sha256:7a803dc0b40fcd10faee3fb3ebb2d7aaa88500520e6295295f5163c4bb48548b
#4 extracting sha256:7a803dc0b40fcd10faee3fb3ebb2d7aaa88500520e6295295f5163c4bb48548b 5.0s
#4 extracting sha256:7a803dc0b40fcd10faee3fb3ebb2d7aaa88500520e6295295f5163c4bb48548b 10.1s
#4 extracting sha256:7a803dc0b40fcd10faee3fb3ebb2d7aaa88500520e6295295f5163c4bb48548b 12.1s done
#4 extracting sha256:b800e94e7303e276b8fb4911a40bfe28f46180d997022c69bf1ee02fb7b86721
#4 extracting sha256:b800e94e7303e276b8fb4911a40bfe28f46180d997022c69bf1ee02fb7b86721 0.1s done
#4 extracting sha256:0da9fbf60d485c74d153bfc7562f34533550e3dd8aa78f5e8c2476ed500e0e73
#4 extracting sha256:0da9fbf60d485c74d153bfc7562f34533550e3dd8aa78f5e8c2476ed500e0e73 1.7s done
#4 extracting sha256:04dccde934cf0d6ab9d303fe73b36bc4ed84329d9d562049a69a5d38afb83f14
#4 extracting sha256:04dccde934cf0d6ab9d303fe73b36bc4ed84329d9d562049a69a5d38afb83f14 0.2s done
#4 extracting sha256:73269890f6fdf96184d0fdb0afe3cf697b0c8dbe1e7a077f0fab445d74372c78
#4 extracting sha256:73269890f6fdf96184d0fdb0afe3cf697b0c8dbe1e7a077f0fab445d74372c78 done
#4 DONE 37.6s

#5 [2/7] RUN apt-get update && apt-get install -y apt-transport-https ca-certificates
#5 0.486 Ign:1 http://security.debian.org/debian-security stretch/updates InRelease
#5 0.486 Ign:2 http://deb.debian.org/debian stretch InRelease
#5 0.496 Ign:3 http://security.debian.org/debian-security stretch/updates Release
#5 0.497 Ign:4 http://deb.debian.org/debian stretch-updates InRelease
#5 0.506 Ign:5 http://security.debian.org/debian-security stretch/updates/main amd64 Packages
#5 0.508 Ign:6 http://deb.debian.org/debian stretch Release
#5 0.516 Ign:7 http://security.debian.org/debian-security stretch/updates/main all Packages
#5 0.519 Ign:8 http://deb.debian.org/debian stretch-updates Release
#5 0.526 Ign:5 http://security.debian.org/debian-security stretch/updates/main amd64 Packages
#5 0.529 Ign:9 http://deb.debian.org/debian stretch/main all Packages
#5 0.536 Ign:7 http://security.debian.org/debian-security stretch/updates/main all Packages
#5 0.540 Ign:10 http://deb.debian.org/debian stretch/main amd64 Packages
#5 0.546 Ign:5 http://security.debian.org/debian-security stretch/updates/main amd64 Packages
#5 0.550 Ign:11 http://deb.debian.org/debian stretch-updates/main all Packages
#5 0.557 Ign:7 http://security.debian.org/debian-security stretch/updates/main all Packages
#5 0.560 Ign:12 http://deb.debian.org/debian stretch-updates/main amd64 Packages
#5 0.567 Ign:5 http://security.debian.org/debian-security stretch/updates/main amd64 Packages
#5 0.570 Ign:9 http://deb.debian.org/debian stretch/main all Packages
#5 0.577 Ign:7 http://security.debian.org/debian-security stretch/updates/main all Packages
#5 0.580 Ign:10 http://deb.debian.org/debian stretch/main amd64 Packages
#5 0.588 Ign:5 http://security.debian.org/debian-security stretch/updates/main amd64 Packages
#5 0.590 Ign:11 http://deb.debian.org/debian stretch-updates/main all Packages
#5 0.598 Ign:7 http://security.debian.org/debian-security stretch/updates/main all Packages
#5 0.600 Ign:12 http://deb.debian.org/debian stretch-updates/main amd64 Packages
#5 0.609 Err:5 http://security.debian.org/debian-security stretch/updates/main amd64 Packages
#5 0.609   404  Not Found
#5 0.612 Ign:9 http://deb.debian.org/debian stretch/main all Packages
#5 0.619 Ign:7 http://security.debian.org/debian-security stretch/updates/main all Packages
#5 0.622 Ign:10 http://deb.debian.org/debian stretch/main amd64 Packages
#5 0.633 Ign:11 http://deb.debian.org/debian stretch-updates/main all Packages
#5 0.643 Ign:12 http://deb.debian.org/debian stretch-updates/main amd64 Packages
#5 0.653 Ign:9 http://deb.debian.org/debian stretch/main all Packages
#5 0.663 Ign:10 http://deb.debian.org/debian stretch/main amd64 Packages
#5 0.673 Ign:11 http://deb.debian.org/debian stretch-updates/main all Packages
#5 0.683 Ign:12 http://deb.debian.org/debian stretch-updates/main amd64 Packages
#5 0.693 Ign:9 http://deb.debian.org/debian stretch/main all Packages
#5 0.703 Ign:10 http://deb.debian.org/debian stretch/main amd64 Packages
#5 0.714 Ign:11 http://deb.debian.org/debian stretch-updates/main all Packages
#5 0.724 Ign:12 http://deb.debian.org/debian stretch-updates/main amd64 Packages
#5 0.734 Ign:9 http://deb.debian.org/debian stretch/main all Packages
#5 0.754 Err:10 http://deb.debian.org/debian stretch/main amd64 Packages
#5 0.754   404  Not Found
#5 0.764 Ign:11 http://deb.debian.org/debian stretch-updates/main all Packages
#5 0.775 Err:12 http://deb.debian.org/debian stretch-updates/main amd64 Packages
#5 0.775   404  Not Found
#5 0.779 Reading package lists...
#5 0.793 W: The repository 'http://security.debian.org/debian-security stretch/updates Release' does not have a Release file.
#5 0.793 W: The repository 'http://deb.debian.org/debian stretch Release' does not have a Release file.
#5 0.793 W: The repository 'http://deb.debian.org/debian stretch-updates Release' does not have a Release file.
#5 0.793 E: Failed to fetch http://security.debian.org/debian-security/dists/stretch/updates/main/binary-amd64/Packages  404  Not Found
#5 0.793 E: Failed to fetch http://deb.debian.org/debian/dists/stretch/main/binary-amd64/Packages  404  Not Found
#5 0.793 E: Failed to fetch http://deb.debian.org/debian/dists/stretch-updates/main/binary-amd64/Packages  404  Not Found
#5 0.793 E: Some index files failed to download. They have been ignored, or old ones used instead.
#5 ERROR: process "/bin/sh -c apt-get update && apt-get install -y apt-transport-https ca-certificates" did not complete successfully: exit code: 100
------
 > [2/7] RUN apt-get update && apt-get install -y apt-transport-https ca-certificates:
0.775 Err:12 http://deb.debian.org/debian stretch-updates/main amd64 Packages
0.775   404  Not Found
0.779 Reading package lists...
0.793 W: The repository 'http://security.debian.org/debian-security stretch/updates Release' does not have a Release file.
0.793 W: The repository 'http://deb.debian.org/debian stretch Release' does not have a Release file.
0.793 W: The repository 'http://deb.debian.org/debian stretch-updates Release' does not have a Release file.
0.793 E: Failed to fetch http://security.debian.org/debian-security/dists/stretch/updates/main/binary-amd64/Packages  404  Not Found
0.793 E: Failed to fetch http://deb.debian.org/debian/dists/stretch/main/binary-amd64/Packages  404  Not Found
0.793 E: Failed to fetch http://deb.debian.org/debian/dists/stretch-updates/main/binary-amd64/Packages  404  Not Found
0.793 E: Some index files failed to download. They have been ignored, or old ones used instead.
------
v1_Dockerfile:3
--------------------
   1 |     FROM node:10
   2 |     
   3 | >>> RUN apt-get update && apt-get install -y apt-transport-https ca-certificates
   4 |     RUN echo "deb http://archive.debian.org/debian stretch main" > /etc/apt/sources.list
   5 |     RUN echo "deb http://archive.debian.org/debian-security stretch/updates main" >> /etc/apt/sources.list
--------------------
ERROR: failed to solve: process "/bin/sh -c apt-get update && apt-get install -y apt-transport-https ca-certificates" did not complete successfully: exit code: 100
Duration: 1:4.60