#0 building with "default" instance using docker driver

#1 [internal] load .dockerignore
#1 transferring context:
#1 transferring context: 165B done
#1 DONE 0.3s

#2 [internal] load build definition from Dockerfile
#2 transferring dockerfile: 936B done
#2 DONE 0.4s

#3 [internal] load metadata for docker.io/library/alpine:3.9
#3 ...

#4 [auth] library/alpine:pull token for registry-1.docker.io
#4 DONE 0.0s

#3 [internal] load metadata for docker.io/library/alpine:3.9
#3 DONE 1.5s

#5 [internal] load build context
#5 DONE 0.0s

#6 [1/4] FROM docker.io/library/alpine:3.9@sha256:414e0518bb9228d35e4cd5165567fb91d26c6a214e9c95899e1e056fcd349011
#6 resolve docker.io/library/alpine:3.9@sha256:414e0518bb9228d35e4cd5165567fb91d26c6a214e9c95899e1e056fcd349011
#6 resolve docker.io/library/alpine:3.9@sha256:414e0518bb9228d35e4cd5165567fb91d26c6a214e9c95899e1e056fcd349011 0.2s done
#6 sha256:414e0518bb9228d35e4cd5165567fb91d26c6a214e9c95899e1e056fcd349011 1.64kB / 1.64kB done
#6 sha256:65b3a80ebe7471beecbc090c5b2cdd0aafeaefa0715f8f12e40dc918a3a70e32 528B / 528B done
#6 sha256:78a2ce922f8665f5a227dc5cd9fda87221acba8a7a952b9665f99bc771a29963 1.51kB / 1.51kB done
#6 sha256:31603596830fc7e56753139f9c2c6bd3759e48a850659506ebfb885d1cf3aef5 0B / 2.77MB 0.2s
#6 ...

#5 [internal] load build context
#5 transferring context: 20.16kB done
#5 DONE 0.4s

#6 [1/4] FROM docker.io/library/alpine:3.9@sha256:414e0518bb9228d35e4cd5165567fb91d26c6a214e9c95899e1e056fcd349011
#6 sha256:31603596830fc7e56753139f9c2c6bd3759e48a850659506ebfb885d1cf3aef5 2.10MB / 2.77MB 0.4s
#6 sha256:31603596830fc7e56753139f9c2c6bd3759e48a850659506ebfb885d1cf3aef5 2.77MB / 2.77MB 0.5s done
#6 extracting sha256:31603596830fc7e56753139f9c2c6bd3759e48a850659506ebfb885d1cf3aef5
#6 extracting sha256:31603596830fc7e56753139f9c2c6bd3759e48a850659506ebfb885d1cf3aef5 0.2s done
#6 DONE 1.4s

#7 [2/4] RUN apk add --update --no-cache        bash        curl        wget        git        python       py2-pip        docker     && pip install --upgrade pip     && pip install awscli
#7 0.442 fetch http://dl-cdn.alpinelinux.org/alpine/v3.9/main/x86_64/APKINDEX.tar.gz
#7 1.748 fetch http://dl-cdn.alpinelinux.org/alpine/v3.9/community/x86_64/APKINDEX.tar.gz
#7 2.168 (1/31) Installing ncurses-terminfo-base (6.1_p20190105-r0)
#7 2.381 (2/31) Installing ncurses-terminfo (6.1_p20190105-r0)
#7 2.796 (3/31) Installing ncurses-libs (6.1_p20190105-r0)
#7 3.028 (4/31) Installing readline (7.0.003-r1)
#7 3.272 (5/31) Installing bash (4.4.19-r1)
#7 3.517 Executing bash-4.4.19-r1.post-install
#7 3.520 (6/31) Installing ca-certificates (20191127-r2)
#7 3.760 (7/31) Installing nghttp2-libs (1.35.1-r2)
#7 4.039 (8/31) Installing libssh2 (1.9.0-r1)
#7 4.275 (9/31) Installing libcurl (7.64.0-r5)
#7 4.523 (10/31) Installing curl (7.64.0-r5)
#7 4.747 (11/31) Installing libseccomp (2.4.2-r2)
#7 4.980 (12/31) Installing runc (1.0.0_rc8-r0)
#7 5.468 (13/31) Installing containerd (1.2.7-r0)
#7 34.90 (14/31) Installing libmnl (1.0.4-r0)
#7 35.12 (15/31) Installing jansson (2.11-r0)
#7 35.33 (16/31) Installing libnftnl-libs (1.1.1-r0)
#7 35.55 (17/31) Installing iptables (1.6.2-r1)
#7 35.78 (18/31) Installing tini-static (0.18.0-r0)
#7 36.00 (19/31) Installing device-mapper-libs (2.02.182-r0)
#7 36.35 (20/31) Installing docker (18.09.8-r0)
#7 36.51 Executing docker-18.09.8-r0.pre-install
#7 38.59 (21/31) Installing expat (2.2.8-r0)
#7 38.85 (22/31) Installing pcre2 (10.32-r1)
#7 39.06 (23/31) Installing git (2.20.4-r0)
#7 40.66 (24/31) Installing libbz2 (1.0.6-r7)
#7 40.86 (25/31) Installing libffi (3.2.1-r6)
#7 41.13 (26/31) Installing gdbm (1.13-r1)
#7 41.36 (27/31) Installing sqlite-libs (3.28.0-r3)
#7 41.61 (28/31) Installing python2 (2.7.18-r0)
#7 43.40 (29/31) Installing py-setuptools (40.6.3-r0)
#7 43.64 (30/31) Installing py2-pip (18.1-r0)
#7 44.43 (31/31) Installing wget (1.20.3-r0)
#7 44.65 Executing busybox-1.29.3-r10.trigger
#7 44.66 Executing ca-certificates-20191127-r2.trigger
#7 44.70 OK: 336 MiB in 45 packages
#7 45.37 Collecting pip
#7 45.62   Downloading https://files.pythonhosted.org/packages/27/79/8a850fe3496446ff0d584327ae44e7500daf6764ca1a382d2d02789accf7/pip-20.3.4-py2.py3-none-any.whl (1.5MB)
#7 45.76 Installing collected packages: pip
#7 45.76   Found existing installation: pip 18.1
#7 45.77     Uninstalling pip-18.1:
#7 45.77       Successfully uninstalled pip-18.1
#7 46.84 Successfully installed pip-20.3.4
#7 47.47 DEPRECATION: Python 2.7 reached the end of its life on January 1st, 2020. Please upgrade your Python as Python 2.7 is no longer maintained. pip 21.0 will drop support for Python 2.7 in January 2021. More details about Python 2 support in pip can be found at https://pip.pypa.io/en/latest/development/release-process/#python-2-support pip 21.0 will remove support for this functionality.
#7 52.25 Collecting awscli
#7 52.30   Downloading awscli-1.19.112-py2.py3-none-any.whl (3.6 MB)
#7 52.95 Collecting PyYAML<5.5,>=3.10
#7 52.96   Downloading PyYAML-5.4.1.tar.gz (175 kB)
#7 53.26   Installing build dependencies: started
#7 61.83   Installing build dependencies: finished with status 'done'
#7 61.83   Getting requirements to build wheel: started
#7 62.17   Getting requirements to build wheel: finished with status 'error'
#7 62.17   ERROR: Command errored out with exit status 1:
#7 62.17    command: /usr/bin/python2 /usr/lib/python2.7/site-packages/pip/_vendor/pep517/_in_process.py get_requires_for_build_wheel /tmp/tmpnCIhGW
#7 62.17        cwd: /tmp/pip-install-SO60Qk/pyyaml
#7 62.17   Complete output (46 lines):
#7 62.17   running egg_info
#7 62.17   creating lib/PyYAML.egg-info
#7 62.17   writing lib/PyYAML.egg-info/PKG-INFO
#7 62.17   writing top-level names to lib/PyYAML.egg-info/top_level.txt
#7 62.17   writing dependency_links to lib/PyYAML.egg-info/dependency_links.txt
#7 62.17   writing manifest file 'lib/PyYAML.egg-info/SOURCES.txt'
#7 62.17   Traceback (most recent call last):
#7 62.17     File "/usr/lib/python2.7/site-packages/pip/_vendor/pep517/_in_process.py", line 280, in <module>
#7 62.17       main()
#7 62.17     File "/usr/lib/python2.7/site-packages/pip/_vendor/pep517/_in_process.py", line 263, in main
#7 62.17       json_out['return_val'] = hook(**hook_input['kwargs'])
#7 62.17     File "/usr/lib/python2.7/site-packages/pip/_vendor/pep517/_in_process.py", line 114, in get_requires_for_build_wheel
#7 62.17       return hook(config_settings)
#7 62.17     File "/tmp/pip-build-env-Lm47uZ/overlay/lib/python2.7/site-packages/setuptools/build_meta.py", line 146, in get_requires_for_build_wheel
#7 62.17       return self._get_build_requires(config_settings, requirements=['wheel'])
#7 62.17     File "/tmp/pip-build-env-Lm47uZ/overlay/lib/python2.7/site-packages/setuptools/build_meta.py", line 127, in _get_build_requires
#7 62.17       self.run_setup()
#7 62.17     File "/tmp/pip-build-env-Lm47uZ/overlay/lib/python2.7/site-packages/setuptools/build_meta.py", line 142, in run_setup
#7 62.17       exec(compile(code, __file__, 'exec'), locals())
#7 62.17     File "setup.py", line 295, in <module>
#7 62.17       python_requires='>=2.7, !=3.0.*, !=3.1.*, !=3.2.*, !=3.3.*, !=3.4.*, !=3.5.*',
#7 62.17     File "/tmp/pip-build-env-Lm47uZ/overlay/lib/python2.7/site-packages/setuptools/__init__.py", line 162, in setup
#7 62.17       return distutils.core.setup(**attrs)
#7 62.17     File "/usr/lib/python2.7/distutils/core.py", line 151, in setup
#7 62.17       dist.run_commands()
#7 62.17     File "/usr/lib/python2.7/distutils/dist.py", line 953, in run_commands
#7 62.17       self.run_command(cmd)
#7 62.17     File "/usr/lib/python2.7/distutils/dist.py", line 972, in run_command
#7 62.17       cmd_obj.run()
#7 62.17     File "/tmp/pip-build-env-Lm47uZ/overlay/lib/python2.7/site-packages/setuptools/command/egg_info.py", line 296, in run
#7 62.17       self.find_sources()
#7 62.17     File "/tmp/pip-build-env-Lm47uZ/overlay/lib/python2.7/site-packages/setuptools/command/egg_info.py", line 303, in find_sources
#7 62.17       mm.run()
#7 62.17     File "/tmp/pip-build-env-Lm47uZ/overlay/lib/python2.7/site-packages/setuptools/command/egg_info.py", line 534, in run
#7 62.17       self.add_defaults()
#7 62.17     File "/tmp/pip-build-env-Lm47uZ/overlay/lib/python2.7/site-packages/setuptools/command/egg_info.py", line 570, in add_defaults
#7 62.17       sdist.add_defaults(self)
#7 62.17     File "/tmp/pip-build-env-Lm47uZ/overlay/lib/python2.7/site-packages/setuptools/command/py36compat.py", line 36, in add_defaults
#7 62.17       self._add_defaults_ext()
#7 62.17     File "/tmp/pip-build-env-Lm47uZ/overlay/lib/python2.7/site-packages/setuptools/command/py36compat.py", line 120, in _add_defaults_ext
#7 62.17       self.filelist.extend(build_ext.get_source_files())
#7 62.17     File "setup.py", line 201, in get_source_files
#7 62.17       self.cython_sources(ext.sources, ext)
#7 62.17     File "/usr/lib/python2.7/distutils/cmd.py", line 105, in __getattr__
#7 62.17       raise AttributeError, attr
#7 62.17   AttributeError: cython_sources
#7 62.17   ----------------------------------------
#7 62.17 ERROR: Command errored out with exit status 1: /usr/bin/python2 /usr/lib/python2.7/site-packages/pip/_vendor/pep517/_in_process.py get_requires_for_build_wheel /tmp/tmpnCIhGW Check the logs for full command output.
#7 ERROR: process "/bin/sh -c apk add --update --no-cache        bash        curl        wget        git        python       py2-pip        docker     && pip install --upgrade pip     && pip install awscli" did not complete successfully: exit code: 1
------
 > [2/4] RUN apk add --update --no-cache        bash        curl        wget        git        python       py2-pip        docker     && pip install --upgrade pip     && pip install awscli:
62.17       self._add_defaults_ext()
62.17     File "/tmp/pip-build-env-Lm47uZ/overlay/lib/python2.7/site-packages/setuptools/command/py36compat.py", line 120, in _add_defaults_ext
62.17       self.filelist.extend(build_ext.get_source_files())
62.17     File "setup.py", line 201, in get_source_files
62.17       self.cython_sources(ext.sources, ext)
62.17     File "/usr/lib/python2.7/distutils/cmd.py", line 105, in __getattr__
62.17       raise AttributeError, attr
62.17   AttributeError: cython_sources
62.17   ----------------------------------------
62.17 ERROR: Command errored out with exit status 1: /usr/bin/python2 /usr/lib/python2.7/site-packages/pip/_vendor/pep517/_in_process.py get_requires_for_build_wheel /tmp/tmpnCIhGW Check the logs for full command output.
------
Dockerfile:5
--------------------
   4 |     
   5 | >>> RUN apk add --update --no-cache \
   6 | >>>        bash \
   7 | >>>        curl \
   8 | >>>        wget \
   9 | >>>        git \
  10 | >>>        python\
  11 | >>>        py2-pip \
  12 | >>>        docker \
  13 | >>>     #&& curl -sL https://get.docker.com/builds/Linux/x86_64/docker-1.12.6 > /usr/bin/docker \
  14 | >>>     #&& chmod +x /usr/bin/docker \
  15 | >>>     && pip install --upgrade pip \
  16 | >>>     && pip install awscli
  17 |     
--------------------
ERROR: failed to solve: process "/bin/sh -c apk add --update --no-cache        bash        curl        wget        git        python       py2-pip        docker     && pip install --upgrade pip     && pip install awscli" did not complete successfully: exit code: 1
Duration: 1:6.19