#0 building with "default" instance using docker driver

#1 [internal] load build definition from v1_Dockerfile
#1 transferring dockerfile: 746B done
#1 DONE 0.0s

#2 [internal] load metadata for docker.io/library/alpine:latest
#2 DONE 0.6s

#3 [internal] load .dockerignore
#3 transferring context: 2B done
#3 DONE 0.0s

#4 [1/7] FROM docker.io/library/alpine:latest@sha256:0a4eaa0eecf5f8c050e5bba433f58c052be7587ee8af3e8b3910ef9ab5fbe9f5
#4 resolve docker.io/library/alpine:latest@sha256:0a4eaa0eecf5f8c050e5bba433f58c052be7587ee8af3e8b3910ef9ab5fbe9f5 0.0s done
#4 sha256:0a4eaa0eecf5f8c050e5bba433f58c052be7587ee8af3e8b3910ef9ab5fbe9f5 1.85kB / 1.85kB done
#4 sha256:eddacbc7e24bf8799a4ed3cdcfa50d4b88a323695ad80f317b6629883b2c2a78 528B / 528B done
#4 sha256:324bc02ae1231fd9255658c128086395d3fa0aedd5a41ab6b034fd649d1a9260 1.47kB / 1.47kB done
#4 sha256:c6a83fedfae6ed8a4f5f7cbb6a7b6f1c1ec3d86fea8cb9e5ba2e5e6673fde9f6 0B / 3.62MB 0.1s
#4 sha256:c6a83fedfae6ed8a4f5f7cbb6a7b6f1c1ec3d86fea8cb9e5ba2e5e6673fde9f6 3.62MB / 3.62MB 0.2s done
#4 extracting sha256:c6a83fedfae6ed8a4f5f7cbb6a7b6f1c1ec3d86fea8cb9e5ba2e5e6673fde9f6
#4 extracting sha256:c6a83fedfae6ed8a4f5f7cbb6a7b6f1c1ec3d86fea8cb9e5ba2e5e6673fde9f6 0.1s done
#4 DONE 0.4s

#5 [internal] load build context
#5 transferring context: 5.82MB 0.2s done
#5 DONE 0.2s

#6 [2/7] RUN apk add --no-cache python3 py3-pip py3-cffi gcc linux-headers musl-dev sqlite
#6 0.175 fetch https://dl-cdn.alpinelinux.org/alpine/v3.20/main/x86_64/APKINDEX.tar.gz
#6 0.277 fetch https://dl-cdn.alpinelinux.org/alpine/v3.20/community/x86_64/APKINDEX.tar.gz
#6 0.582 (1/42) Installing libgcc (13.2.1_git20240309-r0)
#6 0.591 (2/42) Installing jansson (2.14-r4)
#6 0.600 (3/42) Installing libstdc++ (13.2.1_git20240309-r0)
#6 0.635 (4/42) Installing zstd-libs (1.5.6-r0)
#6 0.651 (5/42) Installing binutils (2.42-r0)
#6 0.745 (6/42) Installing libgomp (13.2.1_git20240309-r0)
#6 0.759 (7/42) Installing libatomic (13.2.1_git20240309-r0)
#6 0.768 (8/42) Installing gmp (6.3.0-r1)
#6 0.782 (9/42) Installing isl26 (0.26-r1)
#6 0.813 (10/42) Installing mpfr4 (4.2.1-r0)
#6 0.828 (11/42) Installing mpc1 (1.3.1-r1)
#6 0.839 (12/42) Installing gcc (13.2.1_git20240309-r0)
#6 1.935 (13/42) Installing linux-headers (6.6-r0)
#6 2.051 (14/42) Installing musl-dev (1.2.5-r0)
#6 2.139 (15/42) Installing libbz2 (1.0.8-r6)
#6 2.150 (16/42) Installing libexpat (2.6.2-r0)
#6 2.160 (17/42) Installing libffi (3.4.6-r0)
#6 2.169 (18/42) Installing gdbm (1.23-r1)
#6 2.179 (19/42) Installing xz-libs (5.6.1-r3)
#6 2.191 (20/42) Installing mpdecimal (4.0.0-r0)
#6 2.203 (21/42) Installing ncurses-terminfo-base (6.4_p20240420-r0)
#6 2.213 (22/42) Installing libncursesw (6.4_p20240420-r0)
#6 2.229 (23/42) Installing libpanelw (6.4_p20240420-r0)
#6 2.239 (24/42) Installing readline (8.2.10-r0)
#6 2.251 (25/42) Installing sqlite-libs (3.45.3-r1)
#6 2.277 (26/42) Installing python3 (3.12.3-r1)
#6 2.518 (27/42) Installing python3-pycache-pyc0 (3.12.3-r1)
#6 2.667 (28/42) Installing pyc (3.12.3-r1)
#6 2.677 (29/42) Installing py3-cparser-pyc (2.22-r1)
#6 2.694 (30/42) Installing py3-cffi-pyc (1.16.0-r1)
#6 2.709 (31/42) Installing python3-pyc (3.12.3-r1)
#6 2.718 (32/42) Installing py3-cparser (2.22-r1)
#6 2.734 (33/42) Installing py3-cffi (1.16.0-r1)
#6 2.750 (34/42) Installing py3-parsing (3.1.2-r1)
#6 2.764 (35/42) Installing py3-parsing-pyc (3.1.2-r1)
#6 2.780 (36/42) Installing py3-packaging (24.0-r1)
#6 2.793 (37/42) Installing py3-packaging-pyc (24.0-r1)
#6 2.803 (38/42) Installing py3-setuptools (69.5.1-r0)
#6 2.852 (39/42) Installing py3-setuptools-pyc (69.5.1-r0)
#6 2.912 (40/42) Installing py3-pip (24.0-r2)
#6 3.012 (41/42) Installing py3-pip-pyc (24.0-r2)
#6 3.120 (42/42) Installing sqlite (3.45.3-r1)
#6 3.154 Executing busybox-1.36.1-r29.trigger
#6 3.162 OK: 234 MiB in 56 packages
#6 DONE 4.2s

#7 [3/7] RUN pip3 install --upgrade pip
#7 1.518 error: externally-managed-environment
#7 1.518 
#7 1.518 × This environment is externally managed
#7 1.518 ╰─> 
#7 1.518     The system-wide python installation should be maintained using the system
#7 1.518     package manager (apk) only.
#7 1.518     
#7 1.518     If the package in question is not packaged already (and hence installable via
#7 1.518     "apk add py3-somepackage"), please consider installing it inside a virtual
#7 1.518     environment, e.g.:
#7 1.518     
#7 1.518     python3 -m venv /path/to/venv
#7 1.518     . /path/to/venv/bin/activate
#7 1.518     pip install mypackage
#7 1.518     
#7 1.518     To exit the virtual environment, run:
#7 1.518     
#7 1.518     deactivate
#7 1.518     
#7 1.518     The virtual environment is not deleted, and can be re-entered by re-sourcing
#7 1.518     the activate file.
#7 1.518     
#7 1.518     To automatically manage virtual environments, consider using pipx (from the
#7 1.518     pipx package).
#7 1.518 
#7 1.518 note: If you believe this is a mistake, please contact your Python installation or OS distribution provider. You can override this, at the risk of breaking your Python installation or OS, by passing --break-system-packages.
#7 1.518 hint: See PEP 668 for the detailed specification.
#7 ERROR: process "/bin/sh -c pip3 install --upgrade pip" did not complete successfully: exit code: 1
------
 > [3/7] RUN pip3 install --upgrade pip:
1.518     deactivate
1.518     
1.518     The virtual environment is not deleted, and can be re-entered by re-sourcing
1.518     the activate file.
1.518     
1.518     To automatically manage virtual environments, consider using pipx (from the
1.518     pipx package).
1.518 
1.518 note: If you believe this is a mistake, please contact your Python installation or OS distribution provider. You can override this, at the risk of breaking your Python installation or OS, by passing --break-system-packages.
1.518 hint: See PEP 668 for the detailed specification.
------
v1_Dockerfile:8
--------------------
   6 |     
   7 |     # Upgrade pip
   8 | >>> RUN pip3 install --upgrade pip
   9 |     
  10 |     # Install Python packages
--------------------
ERROR: failed to solve: process "/bin/sh -c pip3 install --upgrade pip" did not complete successfully: exit code: 1
Duration: 0:7.40