#0 building with "default" instance using docker driver

#1 [internal] load build definition from v1_Dockerfile
#1 transferring dockerfile: 406B done
#1 DONE 0.0s

#2 [internal] load metadata for docker.io/library/node:9.3.0-stretch
#2 DONE 0.7s

#3 [internal] load .dockerignore
#3 transferring context: 2B done
#3 DONE 0.0s

#4 [1/5] FROM docker.io/library/node:9.3.0-stretch@sha256:df493f03ce097e7b39a6058ee42d4d064919e009b62d0bb7438c786622cf17f7
#4 resolve docker.io/library/node:9.3.0-stretch@sha256:df493f03ce097e7b39a6058ee42d4d064919e009b62d0bb7438c786622cf17f7 0.0s done
#4 sha256:0d6ea1b4d2e23db827f3353bc2f8b8e7fcbd638412252805a60b4715dbc90377 7.14kB / 7.14kB done
#4 sha256:723254a2c089166d4bcfa917be0181ddbecd94971ebfe85792d96e7e29be9c68 0B / 45.12MB 0.1s
#4 sha256:abe15a44e12f84b4aac20d4f2b450ec8638cc0b176c9130d1802cb4fed17d953 0B / 11.11MB 0.1s
#4 sha256:409a28e3cc3de08700c9d37c809a6d3aa43dc076402943919f4a78c286c60a0b 0B / 4.34MB 0.1s
#4 sha256:df493f03ce097e7b39a6058ee42d4d064919e009b62d0bb7438c786622cf17f7 2.04kB / 2.04kB done
#4 sha256:bb07515b656cc4787b727307759f4d124f21da188bf54683c3144421d433ce7c 2.22kB / 2.22kB done
#4 sha256:723254a2c089166d4bcfa917be0181ddbecd94971ebfe85792d96e7e29be9c68 7.34MB / 45.12MB 0.2s
#4 sha256:723254a2c089166d4bcfa917be0181ddbecd94971ebfe85792d96e7e29be9c68 20.97MB / 45.12MB 0.4s
#4 sha256:abe15a44e12f84b4aac20d4f2b450ec8638cc0b176c9130d1802cb4fed17d953 8.39MB / 11.11MB 0.4s
#4 sha256:723254a2c089166d4bcfa917be0181ddbecd94971ebfe85792d96e7e29be9c68 28.31MB / 45.12MB 0.5s
#4 sha256:abe15a44e12f84b4aac20d4f2b450ec8638cc0b176c9130d1802cb4fed17d953 11.11MB / 11.11MB 0.5s done
#4 sha256:50316693559041b3c6895bce352b10c302f31c074495671a820b689d2ce12baa 0B / 50.02MB 0.5s
#4 sha256:723254a2c089166d4bcfa917be0181ddbecd94971ebfe85792d96e7e29be9c68 35.65MB / 45.12MB 0.6s
#4 sha256:409a28e3cc3de08700c9d37c809a6d3aa43dc076402943919f4a78c286c60a0b 3.15MB / 4.34MB 0.6s
#4 sha256:723254a2c089166d4bcfa917be0181ddbecd94971ebfe85792d96e7e29be9c68 45.12MB / 45.12MB 0.8s
#4 sha256:409a28e3cc3de08700c9d37c809a6d3aa43dc076402943919f4a78c286c60a0b 4.34MB / 4.34MB 0.6s done
#4 sha256:50316693559041b3c6895bce352b10c302f31c074495671a820b689d2ce12baa 10.49MB / 50.02MB 0.8s
#4 sha256:0f46f97746e4df5959e8c821ca69fdd6c0bedd611c1e0ab3b6970f7202b9bb10 1.05MB / 213.09MB 0.8s
#4 sha256:50316693559041b3c6895bce352b10c302f31c074495671a820b689d2ce12baa 16.78MB / 50.02MB 0.9s
#4 sha256:723254a2c089166d4bcfa917be0181ddbecd94971ebfe85792d96e7e29be9c68 45.12MB / 45.12MB 0.9s done
#4 sha256:50316693559041b3c6895bce352b10c302f31c074495671a820b689d2ce12baa 22.02MB / 50.02MB 1.0s
#4 extracting sha256:723254a2c089166d4bcfa917be0181ddbecd94971ebfe85792d96e7e29be9c68 0.1s
#4 sha256:c9cc354259c2dfc6607cae6c8090b62b15bffff4ac9d836ae65e283ec49841a9 0B / 4.16kB 1.0s
#4 sha256:50316693559041b3c6895bce352b10c302f31c074495671a820b689d2ce12baa 28.31MB / 50.02MB 1.1s
#4 sha256:0f46f97746e4df5959e8c821ca69fdd6c0bedd611c1e0ab3b6970f7202b9bb10 14.68MB / 213.09MB 1.1s
#4 sha256:50316693559041b3c6895bce352b10c302f31c074495671a820b689d2ce12baa 33.55MB / 50.02MB 1.2s
#4 sha256:c9cc354259c2dfc6607cae6c8090b62b15bffff4ac9d836ae65e283ec49841a9 4.16kB / 4.16kB 1.1s done
#4 sha256:b8f9127e295aed4e4dc02e60f576c0ed29863bfa086018f272697dd5e66ffa90 0B / 114.72kB 1.2s
#4 sha256:50316693559041b3c6895bce352b10c302f31c074495671a820b689d2ce12baa 38.80MB / 50.02MB 1.3s
#4 sha256:b8f9127e295aed4e4dc02e60f576c0ed29863bfa086018f272697dd5e66ffa90 114.72kB / 114.72kB 1.3s done
#4 sha256:4c5a7dc144d93e32581cbfde276abec723959def8d6059237a62241bde6f8603 0B / 18.36MB 1.3s
#4 sha256:50316693559041b3c6895bce352b10c302f31c074495671a820b689d2ce12baa 46.14MB / 50.02MB 1.4s
#4 sha256:0f46f97746e4df5959e8c821ca69fdd6c0bedd611c1e0ab3b6970f7202b9bb10 31.46MB / 213.09MB 1.4s
#4 sha256:50316693559041b3c6895bce352b10c302f31c074495671a820b689d2ce12baa 50.02MB / 50.02MB 1.6s
#4 sha256:0f46f97746e4df5959e8c821ca69fdd6c0bedd611c1e0ab3b6970f7202b9bb10 46.14MB / 213.09MB 1.6s
#4 sha256:50316693559041b3c6895bce352b10c302f31c074495671a820b689d2ce12baa 50.02MB / 50.02MB 1.6s done
#4 sha256:4c5a7dc144d93e32581cbfde276abec723959def8d6059237a62241bde6f8603 2.10MB / 18.36MB 1.7s
#4 sha256:7f1f66f897e79a38e26a17a327f8b98cfd1c81fa527587077adeaf2457df088d 0B / 1.01MB 1.7s
#4 sha256:0f46f97746e4df5959e8c821ca69fdd6c0bedd611c1e0ab3b6970f7202b9bb10 61.87MB / 213.09MB 1.8s
#4 sha256:4c5a7dc144d93e32581cbfde276abec723959def8d6059237a62241bde6f8603 6.29MB / 18.36MB 1.8s
#4 sha256:4c5a7dc144d93e32581cbfde276abec723959def8d6059237a62241bde6f8603 11.53MB / 18.36MB 1.9s
#4 sha256:7f1f66f897e79a38e26a17a327f8b98cfd1c81fa527587077adeaf2457df088d 1.01MB / 1.01MB 1.8s done
#4 sha256:4c5a7dc144d93e32581cbfde276abec723959def8d6059237a62241bde6f8603 16.78MB / 18.36MB 2.0s
#4 sha256:0f46f97746e4df5959e8c821ca69fdd6c0bedd611c1e0ab3b6970f7202b9bb10 79.69MB / 213.09MB 2.1s
#4 sha256:4c5a7dc144d93e32581cbfde276abec723959def8d6059237a62241bde6f8603 18.36MB / 18.36MB 2.1s done
#4 sha256:0f46f97746e4df5959e8c821ca69fdd6c0bedd611c1e0ab3b6970f7202b9bb10 108.00MB / 213.09MB 2.4s
#4 sha256:0f46f97746e4df5959e8c821ca69fdd6c0bedd611c1e0ab3b6970f7202b9bb10 127.93MB / 213.09MB 2.6s
#4 sha256:0f46f97746e4df5959e8c821ca69fdd6c0bedd611c1e0ab3b6970f7202b9bb10 146.80MB / 213.09MB 2.8s
#4 sha256:0f46f97746e4df5959e8c821ca69fdd6c0bedd611c1e0ab3b6970f7202b9bb10 167.77MB / 213.09MB 3.0s
#4 sha256:0f46f97746e4df5959e8c821ca69fdd6c0bedd611c1e0ab3b6970f7202b9bb10 197.13MB / 213.09MB 3.3s
#4 sha256:0f46f97746e4df5959e8c821ca69fdd6c0bedd611c1e0ab3b6970f7202b9bb10 212.86MB / 213.09MB 3.5s
#4 extracting sha256:723254a2c089166d4bcfa917be0181ddbecd94971ebfe85792d96e7e29be9c68 3.2s done
#4 extracting sha256:abe15a44e12f84b4aac20d4f2b450ec8638cc0b176c9130d1802cb4fed17d953
#4 sha256:0f46f97746e4df5959e8c821ca69fdd6c0bedd611c1e0ab3b6970f7202b9bb10 213.09MB / 213.09MB 4.2s done
#4 extracting sha256:abe15a44e12f84b4aac20d4f2b450ec8638cc0b176c9130d1802cb4fed17d953 0.6s done
#4 extracting sha256:409a28e3cc3de08700c9d37c809a6d3aa43dc076402943919f4a78c286c60a0b
#4 extracting sha256:409a28e3cc3de08700c9d37c809a6d3aa43dc076402943919f4a78c286c60a0b 0.1s done
#4 extracting sha256:50316693559041b3c6895bce352b10c302f31c074495671a820b689d2ce12baa
#4 extracting sha256:50316693559041b3c6895bce352b10c302f31c074495671a820b689d2ce12baa 3.2s done
#4 extracting sha256:0f46f97746e4df5959e8c821ca69fdd6c0bedd611c1e0ab3b6970f7202b9bb10
#4 extracting sha256:0f46f97746e4df5959e8c821ca69fdd6c0bedd611c1e0ab3b6970f7202b9bb10 5.0s
#4 extracting sha256:0f46f97746e4df5959e8c821ca69fdd6c0bedd611c1e0ab3b6970f7202b9bb10 10.1s
#4 extracting sha256:0f46f97746e4df5959e8c821ca69fdd6c0bedd611c1e0ab3b6970f7202b9bb10 11.3s done
#4 extracting sha256:c9cc354259c2dfc6607cae6c8090b62b15bffff4ac9d836ae65e283ec49841a9
#4 extracting sha256:c9cc354259c2dfc6607cae6c8090b62b15bffff4ac9d836ae65e283ec49841a9 done
#4 extracting sha256:b8f9127e295aed4e4dc02e60f576c0ed29863bfa086018f272697dd5e66ffa90 done
#4 extracting sha256:4c5a7dc144d93e32581cbfde276abec723959def8d6059237a62241bde6f8603 0.1s
#4 extracting sha256:4c5a7dc144d93e32581cbfde276abec723959def8d6059237a62241bde6f8603 2.6s done
#4 extracting sha256:7f1f66f897e79a38e26a17a327f8b98cfd1c81fa527587077adeaf2457df088d
#4 extracting sha256:7f1f66f897e79a38e26a17a327f8b98cfd1c81fa527587077adeaf2457df088d 0.0s done
#4 DONE 23.2s

#5 [2/5] RUN apt-get update && apt-get install -y python3-pip python3-dev && rm -rf /var/lib/apt/lists/*
#5 0.225 Ign:1 http://deb.debian.org/debian stretch InRelease
#5 0.225 Ign:2 http://security.debian.org stretch/updates InRelease
#5 0.235 Ign:3 http://security.debian.org stretch/updates Release
#5 0.238 Ign:4 http://deb.debian.org/debian stretch-updates InRelease
#5 0.244 Ign:5 http://security.debian.org stretch/updates/main all Packages
#5 0.249 Ign:6 http://deb.debian.org/debian stretch Release
#5 0.256 Ign:7 http://security.debian.org stretch/updates/main amd64 Packages
#5 0.260 Ign:8 http://deb.debian.org/debian stretch-updates Release
#5 0.266 Ign:5 http://security.debian.org stretch/updates/main all Packages
#5 0.273 Ign:9 http://deb.debian.org/debian stretch/main all Packages
#5 0.278 Ign:7 http://security.debian.org stretch/updates/main amd64 Packages
#5 0.283 Ign:10 http://deb.debian.org/debian stretch/main amd64 Packages
#5 0.289 Ign:5 http://security.debian.org stretch/updates/main all Packages
#5 0.295 Ign:11 http://deb.debian.org/debian stretch-updates/main all Packages
#5 0.299 Ign:7 http://security.debian.org stretch/updates/main amd64 Packages
#5 0.306 Ign:12 http://deb.debian.org/debian stretch-updates/main amd64 Packages
#5 0.310 Ign:5 http://security.debian.org stretch/updates/main all Packages
#5 0.317 Ign:9 http://deb.debian.org/debian stretch/main all Packages
#5 0.321 Ign:7 http://security.debian.org stretch/updates/main amd64 Packages
#5 0.330 Ign:10 http://deb.debian.org/debian stretch/main amd64 Packages
#5 0.330 Ign:5 http://security.debian.org stretch/updates/main all Packages
#5 0.342 Ign:11 http://deb.debian.org/debian stretch-updates/main all Packages
#5 0.342 Ign:7 http://security.debian.org stretch/updates/main amd64 Packages
#5 0.352 Ign:5 http://security.debian.org stretch/updates/main all Packages
#5 0.353 Ign:12 http://deb.debian.org/debian stretch-updates/main amd64 Packages
#5 0.362 Err:7 http://security.debian.org stretch/updates/main amd64 Packages
#5 0.362   404  Not Found
#5 0.364 Ign:9 http://deb.debian.org/debian stretch/main all Packages
#5 0.374 Ign:10 http://deb.debian.org/debian stretch/main amd64 Packages
#5 0.386 Ign:11 http://deb.debian.org/debian stretch-updates/main all Packages
#5 0.397 Ign:12 http://deb.debian.org/debian stretch-updates/main amd64 Packages
#5 0.408 Ign:9 http://deb.debian.org/debian stretch/main all Packages
#5 0.420 Ign:10 http://deb.debian.org/debian stretch/main amd64 Packages
#5 0.430 Ign:11 http://deb.debian.org/debian stretch-updates/main all Packages
#5 0.441 Ign:12 http://deb.debian.org/debian stretch-updates/main amd64 Packages
#5 0.453 Ign:9 http://deb.debian.org/debian stretch/main all Packages
#5 0.465 Ign:10 http://deb.debian.org/debian stretch/main amd64 Packages
#5 0.476 Ign:11 http://deb.debian.org/debian stretch-updates/main all Packages
#5 0.487 Ign:12 http://deb.debian.org/debian stretch-updates/main amd64 Packages
#5 0.499 Ign:9 http://deb.debian.org/debian stretch/main all Packages
#5 0.520 Err:10 http://deb.debian.org/debian stretch/main amd64 Packages
#5 0.520   404  Not Found
#5 0.530 Ign:11 http://deb.debian.org/debian stretch-updates/main all Packages
#5 0.541 Err:12 http://deb.debian.org/debian stretch-updates/main amd64 Packages
#5 0.541   404  Not Found
#5 0.545 Reading package lists...
#5 0.555 W: The repository 'http://security.debian.org stretch/updates Release' does not have a Release file.
#5 0.555 W: The repository 'http://deb.debian.org/debian stretch Release' does not have a Release file.
#5 0.555 W: The repository 'http://deb.debian.org/debian stretch-updates Release' does not have a Release file.
#5 0.555 E: Failed to fetch http://security.debian.org/dists/stretch/updates/main/binary-amd64/Packages  404  Not Found
#5 0.555 E: Failed to fetch http://deb.debian.org/debian/dists/stretch/main/binary-amd64/Packages  404  Not Found
#5 0.555 E: Failed to fetch http://deb.debian.org/debian/dists/stretch-updates/main/binary-amd64/Packages  404  Not Found
#5 0.555 E: Some index files failed to download. They have been ignored, or old ones used instead.
#5 ERROR: process "/bin/sh -c apt-get update && apt-get install -y python3-pip python3-dev && rm -rf /var/lib/apt/lists/*" did not complete successfully: exit code: 100
------
 > [2/5] RUN apt-get update && apt-get install -y python3-pip python3-dev && rm -rf /var/lib/apt/lists/*:
0.541 Err:12 http://deb.debian.org/debian stretch-updates/main amd64 Packages
0.541   404  Not Found
0.545 Reading package lists...
0.555 W: The repository 'http://security.debian.org stretch/updates Release' does not have a Release file.
0.555 W: The repository 'http://deb.debian.org/debian stretch Release' does not have a Release file.
0.555 W: The repository 'http://deb.debian.org/debian stretch-updates Release' does not have a Release file.
0.555 E: Failed to fetch http://security.debian.org/dists/stretch/updates/main/binary-amd64/Packages  404  Not Found
0.555 E: Failed to fetch http://deb.debian.org/debian/dists/stretch/main/binary-amd64/Packages  404  Not Found
0.555 E: Failed to fetch http://deb.debian.org/debian/dists/stretch-updates/main/binary-amd64/Packages  404  Not Found
0.555 E: Some index files failed to download. They have been ignored, or old ones used instead.
------
v1_Dockerfile:7
--------------------
   5 |     FROM node:9.3.0-stretch
   6 |     
   7 | >>> RUN apt-get update && apt-get install -y python3-pip python3-dev && rm -rf /var/lib/apt/lists/*
   8 |     
   9 |     RUN pip3 install --upgrade cffi
--------------------
ERROR: failed to solve: process "/bin/sh -c apt-get update && apt-get install -y python3-pip python3-dev && rm -rf /var/lib/apt/lists/*" did not complete successfully: exit code: 100
Duration: 0:34.84