#0 building with "default" instance using docker driver

#1 [internal] load .dockerignore
#1 transferring context:
#1 transferring context: 2B done
#1 DONE 0.3s

#2 [internal] load build definition from v1_Dockerfile
#2 transferring dockerfile: 357B done
#2 DONE 0.4s

#3 [internal] load metadata for docker.io/library/ruby:2.7.2
#3 DONE 1.2s

#4 [internal] load build context
#4 DONE 0.0s

#5 [1/5] FROM docker.io/library/ruby:2.7.2@sha256:1dd0106849233fcd913b7c4608078fa1a53a5e3ce1af2a55e4d726b0d8868e2f
#5 resolve docker.io/library/ruby:2.7.2@sha256:1dd0106849233fcd913b7c4608078fa1a53a5e3ce1af2a55e4d726b0d8868e2f
#5 resolve docker.io/library/ruby:2.7.2@sha256:1dd0106849233fcd913b7c4608078fa1a53a5e3ce1af2a55e4d726b0d8868e2f 0.2s done
#5 sha256:e6c92ed2f03be9788b80944e148783bef8e7d0fa8d9755b62e9f03429e85a327 7.23kB / 7.23kB done
#5 sha256:1dd0106849233fcd913b7c4608078fa1a53a5e3ce1af2a55e4d726b0d8868e2f 1.86kB / 1.86kB done
#5 sha256:825f3b5230df07ce77d03718c76a8f5bcfec648ebaed637efb5b2b6069f15b9b 2.00kB / 2.00kB done
#5 sha256:5d6f1e8117dbb1c6a57603cb4f321a861a08105a81bcc6b01b0ec2b78c8523a5 5.24MB / 7.83MB 0.2s
#5 sha256:004f1eed87df3f75f5e2a1a649fa7edd7f713d1300532fd0909bb39cd48437d7 0B / 50.43MB 0.2s
#5 sha256:48c2faf66abec3dce9f54d6722ff592fce6dd4fb58a0d0b72282936c6598a3b3 0B / 10.00MB 0.2s
#5 ...

#4 [internal] load build context
#4 transferring context: 9.06MB 0.1s done
#4 DONE 0.4s

#5 [1/5] FROM docker.io/library/ruby:2.7.2@sha256:1dd0106849233fcd913b7c4608078fa1a53a5e3ce1af2a55e4d726b0d8868e2f
#5 sha256:004f1eed87df3f75f5e2a1a649fa7edd7f713d1300532fd0909bb39cd48437d7 7.34MB / 50.43MB 0.3s
#5 sha256:5d6f1e8117dbb1c6a57603cb4f321a861a08105a81bcc6b01b0ec2b78c8523a5 7.83MB / 7.83MB 0.4s done
#5 sha256:004f1eed87df3f75f5e2a1a649fa7edd7f713d1300532fd0909bb39cd48437d7 19.92MB / 50.43MB 0.5s
#5 sha256:48c2faf66abec3dce9f54d6722ff592fce6dd4fb58a0d0b72282936c6598a3b3 10.00MB / 10.00MB 0.5s
#5 sha256:234b70d0479d7f16d7ee8d04e4ffdacc57d7d14313faf59d332f18b2e9418743 0B / 51.84MB 0.5s
#5 sha256:004f1eed87df3f75f5e2a1a649fa7edd7f713d1300532fd0909bb39cd48437d7 29.36MB / 50.43MB 0.6s
#5 sha256:004f1eed87df3f75f5e2a1a649fa7edd7f713d1300532fd0909bb39cd48437d7 36.70MB / 50.43MB 0.7s
#5 sha256:48c2faf66abec3dce9f54d6722ff592fce6dd4fb58a0d0b72282936c6598a3b3 10.00MB / 10.00MB 0.7s done
#5 sha256:234b70d0479d7f16d7ee8d04e4ffdacc57d7d14313faf59d332f18b2e9418743 6.29MB / 51.84MB 0.7s
#5 sha256:6fa07a00e2f029c4b2c7f177a2b696f1b3510040cde4f5bb06ddbca98e7fbf76 0B / 192.35MB 0.7s
#5 sha256:004f1eed87df3f75f5e2a1a649fa7edd7f713d1300532fd0909bb39cd48437d7 48.23MB / 50.43MB 0.9s
#5 sha256:234b70d0479d7f16d7ee8d04e4ffdacc57d7d14313faf59d332f18b2e9418743 15.73MB / 51.84MB 0.9s
#5 sha256:234b70d0479d7f16d7ee8d04e4ffdacc57d7d14313faf59d332f18b2e9418743 23.07MB / 51.84MB 1.0s
#5 sha256:234b70d0479d7f16d7ee8d04e4ffdacc57d7d14313faf59d332f18b2e9418743 37.75MB / 51.84MB 1.2s
#5 sha256:6fa07a00e2f029c4b2c7f177a2b696f1b3510040cde4f5bb06ddbca98e7fbf76 12.58MB / 192.35MB 1.2s
#5 sha256:234b70d0479d7f16d7ee8d04e4ffdacc57d7d14313faf59d332f18b2e9418743 40.89MB / 51.84MB 1.3s
#5 sha256:234b70d0479d7f16d7ee8d04e4ffdacc57d7d14313faf59d332f18b2e9418743 50.33MB / 51.84MB 1.5s
#5 sha256:6fa07a00e2f029c4b2c7f177a2b696f1b3510040cde4f5bb06ddbca98e7fbf76 33.55MB / 192.35MB 1.5s
#5 sha256:004f1eed87df3f75f5e2a1a649fa7edd7f713d1300532fd0909bb39cd48437d7 50.43MB / 50.43MB 1.7s done
#5 sha256:6fa07a00e2f029c4b2c7f177a2b696f1b3510040cde4f5bb06ddbca98e7fbf76 49.28MB / 192.35MB 1.7s
#5 extracting sha256:004f1eed87df3f75f5e2a1a649fa7edd7f713d1300532fd0909bb39cd48437d7
#5 sha256:6fa07a00e2f029c4b2c7f177a2b696f1b3510040cde4f5bb06ddbca98e7fbf76 77.59MB / 192.35MB 2.0s
#5 sha256:6fa07a00e2f029c4b2c7f177a2b696f1b3510040cde4f5bb06ddbca98e7fbf76 88.08MB / 192.35MB 2.1s
#5 sha256:6fa07a00e2f029c4b2c7f177a2b696f1b3510040cde4f5bb06ddbca98e7fbf76 106.95MB / 192.35MB 2.3s
#5 sha256:234b70d0479d7f16d7ee8d04e4ffdacc57d7d14313faf59d332f18b2e9418743 51.84MB / 51.84MB 2.5s done
#5 sha256:6fa07a00e2f029c4b2c7f177a2b696f1b3510040cde4f5bb06ddbca98e7fbf76 138.41MB / 192.35MB 2.6s
#5 sha256:eaa60f1cb67e2445bd02786d2511bc7b95d242b8a0f5d98fe3370c010765938c 0B / 199B 2.6s
#5 sha256:d7754810970922117227aff354e227e640a46528512f4444670dc98dbd248a76 0B / 22.89MB 2.6s
#5 sha256:6fa07a00e2f029c4b2c7f177a2b696f1b3510040cde4f5bb06ddbca98e7fbf76 148.90MB / 192.35MB 2.7s
#5 sha256:eaa60f1cb67e2445bd02786d2511bc7b95d242b8a0f5d98fe3370c010765938c 199B / 199B 2.7s done
#5 sha256:d7754810970922117227aff354e227e640a46528512f4444670dc98dbd248a76 3.15MB / 22.89MB 2.8s
#5 sha256:d9985c49676162d33670600e1f458e2ebe3cf01e53faa4d5c67603bfe4c1d039 0B / 175B 2.8s
#5 sha256:6fa07a00e2f029c4b2c7f177a2b696f1b3510040cde4f5bb06ddbca98e7fbf76 165.68MB / 192.35MB 2.9s
#5 sha256:d7754810970922117227aff354e227e640a46528512f4444670dc98dbd248a76 8.39MB / 22.89MB 2.9s
#5 sha256:d9985c49676162d33670600e1f458e2ebe3cf01e53faa4d5c67603bfe4c1d039 175B / 175B 2.9s done
#5 sha256:d7754810970922117227aff354e227e640a46528512f4444670dc98dbd248a76 12.58MB / 22.89MB 3.0s
#5 sha256:6fa07a00e2f029c4b2c7f177a2b696f1b3510040cde4f5bb06ddbca98e7fbf76 185.60MB / 192.35MB 3.2s
#5 sha256:d7754810970922117227aff354e227e640a46528512f4444670dc98dbd248a76 22.89MB / 22.89MB 3.2s
#5 sha256:d7754810970922117227aff354e227e640a46528512f4444670dc98dbd248a76 22.89MB / 22.89MB 3.6s done
#5 extracting sha256:004f1eed87df3f75f5e2a1a649fa7edd7f713d1300532fd0909bb39cd48437d7 5.8s done
#5 sha256:6fa07a00e2f029c4b2c7f177a2b696f1b3510040cde4f5bb06ddbca98e7fbf76 192.35MB / 192.35MB 7.6s done
#5 extracting sha256:5d6f1e8117dbb1c6a57603cb4f321a861a08105a81bcc6b01b0ec2b78c8523a5
#5 extracting sha256:5d6f1e8117dbb1c6a57603cb4f321a861a08105a81bcc6b01b0ec2b78c8523a5 0.4s done
#5 extracting sha256:48c2faf66abec3dce9f54d6722ff592fce6dd4fb58a0d0b72282936c6598a3b3
#5 extracting sha256:48c2faf66abec3dce9f54d6722ff592fce6dd4fb58a0d0b72282936c6598a3b3 0.4s done
#5 extracting sha256:234b70d0479d7f16d7ee8d04e4ffdacc57d7d14313faf59d332f18b2e9418743
#5 extracting sha256:234b70d0479d7f16d7ee8d04e4ffdacc57d7d14313faf59d332f18b2e9418743 3.4s done
#5 extracting sha256:6fa07a00e2f029c4b2c7f177a2b696f1b3510040cde4f5bb06ddbca98e7fbf76
#5 extracting sha256:6fa07a00e2f029c4b2c7f177a2b696f1b3510040cde4f5bb06ddbca98e7fbf76 5.0s
#5 extracting sha256:6fa07a00e2f029c4b2c7f177a2b696f1b3510040cde4f5bb06ddbca98e7fbf76 10.4s
#5 extracting sha256:6fa07a00e2f029c4b2c7f177a2b696f1b3510040cde4f5bb06ddbca98e7fbf76 12.2s done
#5 extracting sha256:eaa60f1cb67e2445bd02786d2511bc7b95d242b8a0f5d98fe3370c010765938c
#5 extracting sha256:eaa60f1cb67e2445bd02786d2511bc7b95d242b8a0f5d98fe3370c010765938c done
#5 extracting sha256:d7754810970922117227aff354e227e640a46528512f4444670dc98dbd248a76
#5 extracting sha256:d7754810970922117227aff354e227e640a46528512f4444670dc98dbd248a76 0.8s done
#5 extracting sha256:d9985c49676162d33670600e1f458e2ebe3cf01e53faa4d5c67603bfe4c1d039
#5 extracting sha256:d9985c49676162d33670600e1f458e2ebe3cf01e53faa4d5c67603bfe4c1d039 done
#5 DONE 28.3s

#6 [2/5] RUN mkdir -p /srv/www/archlinux.tw
#6 DONE 20.1s

#7 [3/5] WORKDIR /srv/www/archlinux.tw
#7 DONE 0.3s

#8 [4/5] COPY . /srv/www/archlinux.tw
#8 DONE 0.5s

#9 [5/5] RUN gem install bundler -v 2.4.22 && bundle _2.4.22_ install
#9 23.75 Successfully installed bundler-2.4.22
#9 23.75 1 gem installed
#9 24.99 Fetching gem metadata from https://rubygems.org/............
#9 26.66 Resolving dependencies...
#9 26.92 Fetching public_suffix 5.1.1
#9 26.92 Fetching forwardable-extended 2.6.0
#9 26.92 Fetching liquid 4.0.4
#9 26.93 Fetching unicode-display_width 1.8.0
#9 26.93 Fetching concurrent-ruby 1.3.3
#9 26.93 Fetching ffi 1.17.0
#9 26.93 Fetching rb-fsevent 0.11.2
#9 26.93 Fetching strscan 3.1.0
#9 26.93 Fetching safe_yaml 1.0.5
#9 26.93 Fetching colorator 1.1.0
#9 26.93 Fetching eventmachine 1.2.7
#9 26.93 Fetching http_parser.rb 0.8.0
#9 26.93 Fetching mercenary 0.4.0
#9 26.93 Fetching rouge 3.30.0
#9 27.07 Installing unicode-display_width 1.8.0
#9 27.09 Installing colorator 1.1.0
#9 27.10 Installing strscan 3.1.0 with native extensions
#9 27.11 Installing forwardable-extended 2.6.0
#9 27.12 Installing rb-fsevent 0.11.2
#9 27.13 Installing public_suffix 5.1.1
#9 27.13 Installing mercenary 0.4.0
#9 27.16 Installing safe_yaml 1.0.5
#9 27.18 Installing liquid 4.0.4
#9 27.21 Installing http_parser.rb 0.8.0 with native extensions
#9 27.22 Installing eventmachine 1.2.7 with native extensions
#9 27.28 Installing concurrent-ruby 1.3.3
#9 27.31 Fetching pathutil 0.16.2
#9 27.37 Installing rouge 3.30.0
#9 27.39 Fetching terminal-table 1.8.0
#9 27.39 Installing pathutil 0.16.2
#9 27.40 Fetching addressable 2.8.7
#9 27.48 Installing terminal-table 1.8.0
#9 27.52 Installing addressable 2.8.7
#9 27.55 Installing ffi 1.17.0 with native extensions
#9 28.27 Fetching i18n 1.14.5
#9 28.30 Installing i18n 1.14.5
#9 28.99 Fetching rexml 3.3.3
#9 29.01 Installing rexml 3.3.3
#9 29.08 Fetching kramdown 2.4.0
#9 29.11 Installing kramdown 2.4.0
#9 29.43 Fetching kramdown-parser-gfm 1.1.0
#9 29.44 Installing kramdown-parser-gfm 1.1.0
#9 55.60 Fetching rb-inotify 0.11.1
#9 55.60 Fetching sassc 2.4.0
#9 55.62 Installing rb-inotify 0.11.1
#9 55.65 Installing sassc 2.4.0 with native extensions
#9 55.67 Fetching listen 3.9.0
#9 55.70 Installing listen 3.9.0
#9 55.78 Fetching jekyll-watch 2.2.1
#9 55.80 Installing jekyll-watch 2.2.1
#9 56.82 Fetching em-websocket 0.5.3
#9 56.84 Installing em-websocket 0.5.3
#9 238.2 Fetching jekyll-sass-converter 2.2.0
#9 238.2 Installing jekyll-sass-converter 2.2.0
#9 238.2 Fetching jekyll 4.1.1
#9 238.3 Installing jekyll 4.1.1
#9 238.4 Fetching jekyll-sitemap 1.4.0
#9 238.4 Fetching jekyll-feed 0.15.1
#9 238.4 Fetching jekyll-paginate-v2 3.0.0
#9 238.4 Installing jekyll-feed 0.15.1
#9 238.4 Installing jekyll-paginate-v2 3.0.0
#9 238.4 Installing jekyll-sitemap 1.4.0
#9 238.5 Bundle complete! 4 Gemfile dependencies, 32 gems now installed.
#9 238.5 Use `bundle info [gemname]` to see where a bundled gem is installed.
#9 DONE 239.2s

#10 exporting to image
#10 exporting layers
#10 exporting layers 2.8s done
#10 writing image sha256:f137de2c8528ddcecbb90d452c9e143fb80b9f3cf723b60d3fc617900ab680d5 0.0s done
#10 naming to docker.io/library/image_name_v1_1 0.0s done
#10 DONE 2.9s
Duration: 4:53.37