#0 building with "default" instance using docker driver

#1 [internal] load .dockerignore
#1 transferring context:
#1 transferring context: 57B done
#1 DONE 0.3s

#2 [internal] load build definition from v1_Dockerfile
#2 transferring dockerfile: 1.56kB done
#2 DONE 0.4s

#3 [internal] load metadata for docker.io/library/postgres:13-alpine
#3 DONE 1.1s

#4 [1/3] FROM docker.io/library/postgres:13-alpine@sha256:74d48eefd53eba361aa60675ff578d66e571039292619fe5eeda7bce36558b12
#4 resolve docker.io/library/postgres:13-alpine@sha256:74d48eefd53eba361aa60675ff578d66e571039292619fe5eeda7bce36558b12
#4 resolve docker.io/library/postgres:13-alpine@sha256:74d48eefd53eba361aa60675ff578d66e571039292619fe5eeda7bce36558b12 0.2s done
#4 sha256:74d48eefd53eba361aa60675ff578d66e571039292619fe5eeda7bce36558b12 10.30kB / 10.30kB done
#4 sha256:8c3f053e17f6f7965a73c3608810b71b0e4f15be7d1fadcae41e9250a7606202 9.10kB / 9.10kB done
#4 sha256:c6a83fedfae6ed8a4f5f7cbb6a7b6f1c1ec3d86fea8cb9e5ba2e5e6673fde9f6 0B / 3.62MB 0.0s
#4 sha256:3286bd1f18bfc6c45731377d5217eb5f05d2474128beb7a7c9eb6441e91edb3d 3.05kB / 3.05kB done
#4 sha256:5397feeb367ba595fbf8ab62192b42b4926c40705b9c50b924c66c052f2754d5 0B / 980B 0.2s
#4 sha256:be6fdbdc4fe9bce3f72acd9d8ffce7ab26123759f861b54299394760cac9ec4f 0B / 1.12MB 0.2s
#4 sha256:c6a83fedfae6ed8a4f5f7cbb6a7b6f1c1ec3d86fea8cb9e5ba2e5e6673fde9f6 3.62MB / 3.62MB 0.3s done
#4 sha256:5397feeb367ba595fbf8ab62192b42b4926c40705b9c50b924c66c052f2754d5 980B / 980B 0.3s done
#4 extracting sha256:c6a83fedfae6ed8a4f5f7cbb6a7b6f1c1ec3d86fea8cb9e5ba2e5e6673fde9f6 0.1s
#4 sha256:be6fdbdc4fe9bce3f72acd9d8ffce7ab26123759f861b54299394760cac9ec4f 1.12MB / 1.12MB 0.4s
#4 sha256:8f3a6ddac3a40c688a26264943095d02d427d0378ef44e534b950bb0f82f9bea 0B / 173B 0.4s
#4 sha256:be6fdbdc4fe9bce3f72acd9d8ffce7ab26123759f861b54299394760cac9ec4f 1.12MB / 1.12MB 0.5s done
#4 extracting sha256:c6a83fedfae6ed8a4f5f7cbb6a7b6f1c1ec3d86fea8cb9e5ba2e5e6673fde9f6 0.2s done
#4 sha256:8f3a6ddac3a40c688a26264943095d02d427d0378ef44e534b950bb0f82f9bea 173B / 173B 0.6s done
#4 sha256:b57460bf0e1e373c82386434e34d0fd847cc06c7e1f43a279000f7f78009d73f 116B / 116B 0.6s
#4 sha256:53d15275e2daf9b4a9f2b306c98c6faa1025cddb607eebc5dd3b309084829646 0B / 89.09MB 0.6s
#4 extracting sha256:5397feeb367ba595fbf8ab62192b42b4926c40705b9c50b924c66c052f2754d5
#4 sha256:b57460bf0e1e373c82386434e34d0fd847cc06c7e1f43a279000f7f78009d73f 116B / 116B 0.8s done
#4 sha256:53d15275e2daf9b4a9f2b306c98c6faa1025cddb607eebc5dd3b309084829646 9.44MB / 89.09MB 0.9s
#4 extracting sha256:5397feeb367ba595fbf8ab62192b42b4926c40705b9c50b924c66c052f2754d5 done
#4 sha256:3e8dc147e267d580d0a46d981efb003654b7fd2b9799ecfae9ae5532a4975159 9.02kB / 9.02kB 0.9s done
#4 sha256:f8a30cbf1789dd40212d52c7e82934d7864b41863e37710011d52e76db1a9cfd 0B / 129B 0.9s
#4 sha256:53d15275e2daf9b4a9f2b306c98c6faa1025cddb607eebc5dd3b309084829646 14.68MB / 89.09MB 1.0s
#4 sha256:f8a30cbf1789dd40212d52c7e82934d7864b41863e37710011d52e76db1a9cfd 129B / 129B 1.0s
#4 sha256:53d15275e2daf9b4a9f2b306c98c6faa1025cddb607eebc5dd3b309084829646 22.02MB / 89.09MB 1.2s
#4 sha256:80db54c1a0a821a1dcbaafa41525c9f9b865e3911500d75e254b294d4d590691 0B / 170B 1.2s
#4 sha256:f8a30cbf1789dd40212d52c7e82934d7864b41863e37710011d52e76db1a9cfd 129B / 129B 1.2s done
#4 sha256:80db54c1a0a821a1dcbaafa41525c9f9b865e3911500d75e254b294d4d590691 170B / 170B 1.2s
#4 extracting sha256:be6fdbdc4fe9bce3f72acd9d8ffce7ab26123759f861b54299394760cac9ec4f 0.1s
#4 sha256:53d15275e2daf9b4a9f2b306c98c6faa1025cddb607eebc5dd3b309084829646 41.94MB / 89.09MB 1.4s
#4 sha256:80db54c1a0a821a1dcbaafa41525c9f9b865e3911500d75e254b294d4d590691 170B / 170B 1.3s done
#4 extracting sha256:be6fdbdc4fe9bce3f72acd9d8ffce7ab26123759f861b54299394760cac9ec4f 0.1s done
#4 sha256:8488c017cb4c72eb7a7f2e106ac4a8649ff41b2f89aada6b93c49f83f0bde0a0 5.42kB / 5.42kB 1.4s done
#4 sha256:7656b23f32928322fc9316cb72ab1bbcfcd41f2583b960d2f72a9f3f0883d23f 0B / 185B 1.4s
#4 sha256:53d15275e2daf9b4a9f2b306c98c6faa1025cddb607eebc5dd3b309084829646 57.67MB / 89.09MB 1.6s
#4 sha256:7656b23f32928322fc9316cb72ab1bbcfcd41f2583b960d2f72a9f3f0883d23f 185B / 185B 1.5s done
#4 extracting sha256:8f3a6ddac3a40c688a26264943095d02d427d0378ef44e534b950bb0f82f9bea done
#4 sha256:53d15275e2daf9b4a9f2b306c98c6faa1025cddb607eebc5dd3b309084829646 62.91MB / 89.09MB 1.7s
#4 extracting sha256:b57460bf0e1e373c82386434e34d0fd847cc06c7e1f43a279000f7f78009d73f done
#4 sha256:53d15275e2daf9b4a9f2b306c98c6faa1025cddb607eebc5dd3b309084829646 72.35MB / 89.09MB 2.0s
#4 sha256:53d15275e2daf9b4a9f2b306c98c6faa1025cddb607eebc5dd3b309084829646 77.59MB / 89.09MB 2.2s
#4 sha256:53d15275e2daf9b4a9f2b306c98c6faa1025cddb607eebc5dd3b309084829646 84.93MB / 89.09MB 2.4s
#4 sha256:53d15275e2daf9b4a9f2b306c98c6faa1025cddb607eebc5dd3b309084829646 89.09MB / 89.09MB 5.0s done
#4 extracting sha256:53d15275e2daf9b4a9f2b306c98c6faa1025cddb607eebc5dd3b309084829646
#4 extracting sha256:53d15275e2daf9b4a9f2b306c98c6faa1025cddb607eebc5dd3b309084829646 4.9s done
#4 extracting sha256:3e8dc147e267d580d0a46d981efb003654b7fd2b9799ecfae9ae5532a4975159
#4 extracting sha256:3e8dc147e267d580d0a46d981efb003654b7fd2b9799ecfae9ae5532a4975159 done
#4 extracting sha256:f8a30cbf1789dd40212d52c7e82934d7864b41863e37710011d52e76db1a9cfd
#4 extracting sha256:f8a30cbf1789dd40212d52c7e82934d7864b41863e37710011d52e76db1a9cfd done
#4 extracting sha256:80db54c1a0a821a1dcbaafa41525c9f9b865e3911500d75e254b294d4d590691
#4 extracting sha256:80db54c1a0a821a1dcbaafa41525c9f9b865e3911500d75e254b294d4d590691 done
#4 extracting sha256:8488c017cb4c72eb7a7f2e106ac4a8649ff41b2f89aada6b93c49f83f0bde0a0
#4 extracting sha256:8488c017cb4c72eb7a7f2e106ac4a8649ff41b2f89aada6b93c49f83f0bde0a0 done
#4 extracting sha256:7656b23f32928322fc9316cb72ab1bbcfcd41f2583b960d2f72a9f3f0883d23f
#4 extracting sha256:7656b23f32928322fc9316cb72ab1bbcfcd41f2583b960d2f72a9f3f0883d23f done
#4 DONE 13.2s

#5 [2/3] RUN echo "installing dependencies"     && set -x     && apk update     && apk add --no-cache bash coreutils python3 cmd:pip3 ca-certificates     && update-ca-certificates     && apk add --no-cache --virtual .build-deps         build-base perl-dev gnupg curl wget python3-dev     && apk add --update --no-cache         git         tzdata         perl         openjdk8-jre         nodejs npm     && cd /tmp     && curl -OSL https://github.com/subzerocloud/apgdiff/releases/download/2.6.7-subzero/apgdiff-2.6.7-subzero.jar     && mv apgdiff-2.6.7-subzero.jar /usr/local/bin/apgdiff.jar     && curl -sSL https://jdbc.postgresql.org/download/postgresql-42.2.18.jar          -o postgresql-42.2.18.jar     && mv postgresql-42.2.18.jar /usr/local/lib/     && curl -OSL https://www.sql-workbench.eu/Workbench-Build127.zip     && mkdir -p /workbench     && unzip -o Workbench-Build127.zip -d /workbench     && pip3 install --upgrade --no-cache-dir pip     && pip3 install --no-cache-dir psycopg2-binary migra     && curl -L https://cpanmin.us | perl - App::cpanminus     && cpanm --verbose --no-interactive --no-man-pages --notest DBD::Pg App::Sqitch     && apk del .build-deps python3-dev     && rm -rf /tmp/* /var/tmp/* /var/cache/apk/*
#5 0.446 + apk update
#5 0.446 installing dependencies
#5 0.453 fetch https://dl-cdn.alpinelinux.org/alpine/v3.20/main/x86_64/APKINDEX.tar.gz
#5 0.714 fetch https://dl-cdn.alpinelinux.org/alpine/v3.20/community/x86_64/APKINDEX.tar.gz
#5 1.224 v3.20.2-45-g194e307d75d [https://dl-cdn.alpinelinux.org/alpine/v3.20/main]
#5 1.224 v3.20.2-43-g4fdd3a681b2 [https://dl-cdn.alpinelinux.org/alpine/v3.20/community]
#5 1.224 OK: 24155 distinct packages available
#5 1.284 + apk add --no-cache bash coreutils python3 cmd:pip3 ca-certificates
#5 1.290 fetch https://dl-cdn.alpinelinux.org/alpine/v3.20/main/x86_64/APKINDEX.tar.gz
#5 1.378 fetch https://dl-cdn.alpinelinux.org/alpine/v3.20/community/x86_64/APKINDEX.tar.gz
#5 1.723 (1/26) Installing ca-certificates (20240705-r0)
#5 1.750 (2/26) Installing libbz2 (1.0.8-r6)
#5 1.753 (3/26) Installing libexpat (2.6.2-r0)
#5 1.757 (4/26) Installing mpdecimal (4.0.0-r0)
#5 1.775 (5/26) Installing libpanelw (6.4_p20240420-r0)
#5 1.792 (6/26) Installing sqlite-libs (3.45.3-r1)
#5 1.815 (7/26) Installing python3 (3.12.3-r1)
#5 2.132 (8/26) Installing python3-pycache-pyc0 (3.12.3-r1)
#5 2.378 (9/26) Installing pyc (3.12.3-r1)
#5 2.387 (10/26) Installing py3-setuptools-pyc (69.5.1-r0)
#5 2.515 (11/26) Installing py3-pip-pyc (24.0-r2)
#5 2.750 (12/26) Installing py3-parsing (3.1.2-r1)
#5 2.757 (13/26) Installing py3-parsing-pyc (3.1.2-r1)
#5 2.776 (14/26) Installing py3-packaging-pyc (24.0-r1)
#5 2.782 (15/26) Installing python3-pyc (3.12.3-r1)
#5 2.784 (16/26) Installing py3-packaging (24.0-r1)
#5 2.800 (17/26) Installing py3-setuptools (69.5.1-r0)
#5 2.905 (18/26) Installing py3-pip (24.0-r2)
#5 3.205 (19/26) Installing coreutils-env (9.5-r1)
#5 3.208 (20/26) Installing coreutils-fmt (9.5-r1)
#5 3.212 (21/26) Installing coreutils-sha512sum (9.5-r1)
#5 3.219 (22/26) Installing libacl (2.3.2-r0)
#5 3.223 (23/26) Installing libattr (2.5.2-r0)
#5 3.226 (24/26) Installing skalibs (2.14.1.1-r0)
#5 3.231 (25/26) Installing utmps-libs (0.1.2.2-r1)
#5 3.238 (26/26) Installing coreutils (9.5-r1)
#5 3.264 Executing busybox-1.36.1-r29.trigger
#5 3.270 Executing ca-certificates-20240705-r0.trigger
#5 3.315 OK: 244 MiB in 70 packages
#5 3.386 + update-ca-certificates
#5 3.421 + apk add --no-cache --virtual .build-deps build-base perl-dev gnupg curl wget python3-dev
#5 3.428 fetch https://dl-cdn.alpinelinux.org/alpine/v3.20/main/x86_64/APKINDEX.tar.gz
#5 3.517 fetch https://dl-cdn.alpinelinux.org/alpine/v3.20/community/x86_64/APKINDEX.tar.gz
#5 3.864 (1/53) Installing jansson (2.14-r4)
#5 3.868 (2/53) Installing binutils (2.42-r0)
#5 3.965 (3/53) Installing libmagic (5.45-r1)
#5 4.000 (4/53) Installing file (5.45-r1)
#5 4.003 (5/53) Installing libgomp (13.2.1_git20240309-r0)
#5 4.011 (6/53) Installing libatomic (13.2.1_git20240309-r0)
#5 4.015 (7/53) Installing gmp (6.3.0-r1)
#5 4.024 (8/53) Installing isl26 (0.26-r1)
#5 4.048 (9/53) Installing mpfr4 (4.2.1-r0)
#5 4.060 (10/53) Installing mpc1 (1.3.1-r1)
#5 4.065 (11/53) Installing gcc (13.2.1_git20240309-r0)
#5 5.277 (12/53) Installing libstdc++-dev (13.2.1_git20240309-r0)
#5 5.573 (13/53) Installing musl-dev (1.2.5-r0)
#5 5.679 (14/53) Installing g++ (13.2.1_git20240309-r0)
#5 6.031 (15/53) Installing make (4.4.1-r2)
#5 6.037 (16/53) Installing fortify-headers (1.1-r3)
#5 6.050 (17/53) Installing patch (2.7.6-r10)
#5 6.056 (18/53) Installing build-base (0.5-r3)
#5 6.059 (19/53) Installing perl (5.38.2-r0)
#5 6.555 (20/53) Installing perl-utils (5.38.2-r0)
#5 6.563 (21/53) Installing perl-dev (5.38.2-r0)
#5 6.634 (22/53) Installing libassuan (2.5.7-r0)
#5 6.644 (23/53) Installing pinentry (1.3.0-r0)
#5 6.648 Executing pinentry-1.3.0-r0.post-install
#5 6.653 (24/53) Installing gnupg-gpgconf (2.4.5-r0)
#5 6.671 (25/53) Installing nettle (3.9.1-r0)
#5 6.682 (26/53) Installing libunistring (1.2-r0)
#5 6.701 (27/53) Installing libidn2 (2.3.7-r0)
#5 6.706 (28/53) Installing libtasn1 (4.19.0-r2)
#5 6.711 (29/53) Installing p11-kit (0.25.3-r0)
#5 6.729 (30/53) Installing gnutls (3.8.5-r0)
#5 6.751 (31/53) Installing libksba (1.6.6-r0)
#5 6.760 (32/53) Installing npth (1.6-r4)
#5 6.763 (33/53) Installing gnupg-dirmngr (2.4.5-r0)
#5 6.784 (34/53) Installing gnupg-keyboxd (2.4.5-r0)
#5 6.791 (35/53) Installing gpg (2.4.5-r0)
#5 6.813 (36/53) Installing gpg-agent (2.4.5-r0)
#5 6.835 (37/53) Installing gpg-wks-server (2.4.5-r0)
#5 6.848 (38/53) Installing gpgsm (2.4.5-r0)
#5 6.860 (39/53) Installing gpgv (2.4.5-r0)
#5 6.877 (40/53) Installing gnupg-utils (2.4.5-r0)
#5 6.898 (41/53) Installing gnupg-wks-client (2.4.5-r0)
#5 6.903 (42/53) Installing gnupg (2.4.5-r0)
#5 6.906 (43/53) Installing brotli-libs (1.1.0-r2)
#5 6.920 (44/53) Installing c-ares (1.28.1-r0)
#5 6.956 (45/53) Installing nghttp2-libs (1.62.1-r0)
#5 6.969 (46/53) Installing libpsl (0.21.5-r1)
#5 6.974 (47/53) Installing libcurl (8.9.0-r0)
#5 6.988 (48/53) Installing curl (8.9.0-r0)
#5 6.994 (49/53) Installing pcre2 (10.43-r0)
#5 7.014 (50/53) Installing wget (1.24.5-r0)
#5 7.024 (51/53) Installing pkgconf (2.2.0-r0)
#5 7.092 (52/53) Installing python3-dev (3.12.3-r1)
#5 7.877 (53/53) Installing .build-deps (20240801.060201)
#5 7.880 Executing busybox-1.36.1-r29.trigger
#5 7.890 OK: 612 MiB in 123 packages
#5 7.967 + apk add --update --no-cache git tzdata perl openjdk8-jre nodejs npm
#5 7.978 fetch https://dl-cdn.alpinelinux.org/alpine/v3.20/main/x86_64/APKINDEX.tar.gz
#5 8.094 fetch https://dl-cdn.alpinelinux.org/alpine/v3.20/community/x86_64/APKINDEX.tar.gz
#5 8.438 (1/41) Installing git (2.45.2-r0)
#5 8.536 (2/41) Installing git-init-template (2.45.2-r0)
#5 8.541 (3/41) Installing perl-error (0.17029-r2)
#5 8.555 (4/41) Installing perl-git (2.45.2-r0)
#5 8.561 (5/41) Installing git-perl (2.45.2-r0)
#5 8.564 (6/41) Installing ada-libs (2.7.8-r0)
#5 8.599 (7/41) Installing libbase64 (0.5.2-r0)
#5 8.613 (8/41) Installing nodejs (20.15.1-r0)
#5 8.985 (9/41) Installing npm (10.8.0-r0)
#5 10.46 (10/41) Installing libpng (1.6.43-r0)
#5 10.47 (11/41) Installing freetype (2.13.2-r0)
#5 10.50 (12/41) Installing fontconfig (2.15.0-r1)
#5 10.51 (13/41) Installing encodings (1.0.7-r1)
#5 10.53 (14/41) Installing libfontenc (1.1.8-r0)
#5 10.53 (15/41) Installing mkfontscale (1.2.2-r6)
#5 10.54 (16/41) Installing font-dejavu (2.37-r5)
#5 10.65 (17/41) Installing libxau (1.0.11-r4)
#5 10.66 (18/41) Installing libmd (1.1.0-r0)
#5 10.66 (19/41) Installing libbsd (0.12.2-r0)
#5 10.67 (20/41) Installing libxdmcp (1.1.5-r1)
#5 10.67 (21/41) Installing libxcb (1.16.1-r0)
#5 10.69 (22/41) Installing libx11 (1.8.9-r1)
#5 10.73 (23/41) Installing libxcomposite (0.4.6-r5)
#5 10.74 (24/41) Installing libxext (1.3.6-r2)
#5 10.74 (25/41) Installing libxi (1.8.1-r4)
#5 10.74 (26/41) Installing libxrender (0.9.11-r5)
#5 10.75 (27/41) Installing libxtst (1.2.4-r6)
#5 10.75 (28/41) Installing alsa-lib (1.2.11-r0)
#5 10.77 (29/41) Installing giflib (5.2.2-r0)
#5 10.78 (30/41) Installing libjpeg-turbo (3.0.3-r0)
#5 10.79 (31/41) Installing openjdk8-jre-lib (8.402.06-r0)
#5 11.40 (32/41) Installing java-common (0.5-r0)
#5 11.41 (33/41) Installing p11-kit-trust (0.25.3-r0)
#5 11.42 (34/41) Installing java-cacerts (1.0-r1)
#5 11.42 (35/41) Installing nspr (4.35-r4)
#5 11.43 (36/41) Installing nss (3.101-r0)
#5 11.48 (37/41) Installing lcms2 (2.16-r0)
#5 11.48 (38/41) Installing pcsc-lite-libs (2.2.3-r0)
#5 11.50 (39/41) Installing liblksctp (1.0.19-r5)
#5 11.51 (40/41) Installing openjdk8-jre-base (8.402.06-r0)
#5 11.68 (41/41) Installing openjdk8-jre (8.402.06-r0)
#5 11.69 Executing busybox-1.36.1-r29.trigger
#5 11.70 Executing ca-certificates-20240705-r0.trigger
#5 11.82 Executing fontconfig-2.15.0-r1.trigger
#5 11.86 Executing mkfontscale-1.2.2-r6.trigger
#5 11.89 Executing java-common-0.5-r0.trigger
#5 11.91 OK: 760 MiB in 164 packages
#5 11.98 + cd /tmp
#5 11.98 + curl -OSL https://github.com/subzerocloud/apgdiff/releases/download/2.6.7-subzero/apgdiff-2.6.7-subzero.jar
#5 11.99   % Total    % Received % Xferd  Average Speed   Time    Time     Time  Current
#5 11.99                                  Dload  Upload   Total   Spent    Left  Speed
#5 11.99   0     0    0     0    0     0      0      0 --:--:-- --:--:-- --:--:--     0  0     0    0     0    0     0      0      0 --:--:-- --:--:-- --:--:--     0
#5 12.53  22  151k   22 34423    0     0  63776      0  0:00:02 --:--:--  0:00:02 63776100  151k  100  151k    0     0   279k      0 --:--:-- --:--:-- --:--:--  115M
#5 12.53 + mv apgdiff-2.6.7-subzero.jar /usr/local/bin/apgdiff.jar
#5 12.54 + curl -sSL https://jdbc.postgresql.org/download/postgresql-42.2.18.jar -o postgresql-42.2.18.jar
#5 13.20 + mv postgresql-42.2.18.jar /usr/local/lib/
#5 13.20 + curl -OSL https://www.sql-workbench.eu/Workbench-Build127.zip
#5 13.21   % Total    % Received % Xferd  Average Speed   Time    Time     Time  Current
#5 13.21                                  Dload  Upload   Total   Spent    Left  Speed
#5 13.21   0     0    0     0    0     0      0      0 --:--:-- --:--:-- --:--:--     0  0     0    0     0    0     0      0      0 --:--:-- --:--:-- --:--:--     0100  1271  100  1271    0     0   1842      0 --:--:-- --:--:-- --:--:--  1842
#5 13.90 + mkdir -p /workbench
#5 13.90 + unzip -o Workbench-Build127.zip -d /workbench
#5 13.90 Archive:  Workbench-Build127.zip
#5 13.90 unzip: short read
#5 ERROR: process "/bin/sh -c echo \"installing dependencies\"     && set -x     && apk update     && apk add --no-cache bash coreutils python3 cmd:pip3 ca-certificates     && update-ca-certificates     && apk add --no-cache --virtual .build-deps         build-base perl-dev gnupg curl wget python3-dev     && apk add --update --no-cache         git         tzdata         perl         openjdk8-jre         nodejs npm     && cd /tmp     && curl -OSL https://github.com/subzerocloud/apgdiff/releases/download/${APGDIFF_VERSION}-subzero/apgdiff-${APGDIFF_VERSION}-subzero.jar     && mv apgdiff-${APGDIFF_VERSION}-subzero.jar /usr/local/bin/apgdiff.jar     && curl -sSL https://jdbc.postgresql.org/download/postgresql-42.2.18.jar          -o postgresql-42.2.18.jar     && mv postgresql-42.2.18.jar /usr/local/lib/     && curl -OSL https://www.sql-workbench.eu/Workbench-Build${WORKBENCH_VERSION}.zip     && mkdir -p /workbench     && unzip -o Workbench-Build${WORKBENCH_VERSION}.zip -d /workbench     && pip3 install --upgrade --no-cache-dir pip     && pip3 install --no-cache-dir psycopg2-binary migra     && curl -L https://cpanmin.us | perl - App::cpanminus     && cpanm --verbose --no-interactive --no-man-pages --notest DBD::Pg App::Sqitch     && apk del .build-deps python3-dev     && rm -rf /tmp/* /var/tmp/* /var/cache/apk/*" did not complete successfully: exit code: 1
------
 > [2/3] RUN echo "installing dependencies"     && set -x     && apk update     && apk add --no-cache bash coreutils python3 cmd:pip3 ca-certificates     && update-ca-certificates     && apk add --no-cache --virtual .build-deps         build-base perl-dev gnupg curl wget python3-dev     && apk add --update --no-cache         git         tzdata         perl         openjdk8-jre         nodejs npm     && cd /tmp     && curl -OSL https://github.com/subzerocloud/apgdiff/releases/download/2.6.7-subzero/apgdiff-2.6.7-subzero.jar     && mv apgdiff-2.6.7-subzero.jar /usr/local/bin/apgdiff.jar     && curl -sSL https://jdbc.postgresql.org/download/postgresql-42.2.18.jar          -o postgresql-42.2.18.jar     && mv postgresql-42.2.18.jar /usr/local/lib/     && curl -OSL https://www.sql-workbench.eu/Workbench-Build127.zip     && mkdir -p /workbench     && unzip -o Workbench-Build127.zip -d /workbench     && pip3 install --upgrade --no-cache-dir pip     && pip3 install --no-cache-dir psycopg2-binary migra     && curl -L https://cpanmin.us | perl - App::cpanminus     && cpanm --verbose --no-interactive --no-man-pages --notest DBD::Pg App::Sqitch     && apk del .build-deps python3-dev     && rm -rf /tmp/* /var/tmp/* /var/cache/apk/*:
  0     0    0     0    0     0      0      0 --:--:-- --:--:-- --:--:--     0
100  151k  100  151k    0     0   279k      0 --:--:-- --:--:-- --:--:--  115M
12.53 + mv apgdiff-2.6.7-subzero.jar /usr/local/bin/apgdiff.jar
12.54 + curl -sSL https://jdbc.postgresql.org/download/postgresql-42.2.18.jar -o postgresql-42.2.18.jar
13.20 + mv postgresql-42.2.18.jar /usr/local/lib/
:--:--  1842
13.90 + mkdir -p /workbench
13.90 + unzip -o Workbench-Build127.zip -d /workbench
13.90 Archive:  Workbench-Build127.zip
13.90 unzip: short read
------
v1_Dockerfile:8
--------------------
   7 |     
   8 | >>> RUN echo "installing dependencies" \
   9 | >>>     && set -x \
  10 | >>>     && apk update \
  11 | >>>     && apk add --no-cache bash coreutils python3 cmd:pip3 ca-certificates \
  12 | >>>     && update-ca-certificates \
  13 | >>>     && apk add --no-cache --virtual .build-deps \
  14 | >>>         build-base perl-dev gnupg curl wget python3-dev \
  15 | >>>     && apk add --update --no-cache \
  16 | >>>         git \
  17 | >>>         tzdata \
  18 | >>>         perl \
  19 | >>>         openjdk8-jre \
  20 | >>>         nodejs npm \
  21 | >>>     && cd /tmp \
  22 | >>>     && curl -OSL https://github.com/subzerocloud/apgdiff/releases/download/${APGDIFF_VERSION}-subzero/apgdiff-${APGDIFF_VERSION}-subzero.jar \
  23 | >>>     && mv apgdiff-${APGDIFF_VERSION}-subzero.jar /usr/local/bin/apgdiff.jar \
  24 | >>>     && curl -sSL https://jdbc.postgresql.org/download/postgresql-42.2.18.jar \
  25 | >>>          -o postgresql-42.2.18.jar \
  26 | >>>     && mv postgresql-42.2.18.jar /usr/local/lib/ \
  27 | >>>     && curl -OSL https://www.sql-workbench.eu/Workbench-Build${WORKBENCH_VERSION}.zip \
  28 | >>>     && mkdir -p /workbench \
  29 | >>>     && unzip -o Workbench-Build${WORKBENCH_VERSION}.zip -d /workbench \
  30 | >>>     && pip3 install --upgrade --no-cache-dir pip \
  31 | >>>     && pip3 install --no-cache-dir psycopg2-binary migra \
  32 | >>>     && curl -L https://cpanmin.us | perl - App::cpanminus \
  33 | >>>     && cpanm --verbose --no-interactive --no-man-pages --notest DBD::Pg App::Sqitch \
  34 | >>>     && apk del .build-deps python3-dev \
  35 | >>>     && rm -rf /tmp/* /var/tmp/* /var/cache/apk/*
  36 |     
--------------------
ERROR: failed to solve: process "/bin/sh -c echo \"installing dependencies\"     && set -x     && apk update     && apk add --no-cache bash coreutils python3 cmd:pip3 ca-certificates     && update-ca-certificates     && apk add --no-cache --virtual .build-deps         build-base perl-dev gnupg curl wget python3-dev     && apk add --update --no-cache         git         tzdata         perl         openjdk8-jre         nodejs npm     && cd /tmp     && curl -OSL https://github.com/subzerocloud/apgdiff/releases/download/${APGDIFF_VERSION}-subzero/apgdiff-${APGDIFF_VERSION}-subzero.jar     && mv apgdiff-${APGDIFF_VERSION}-subzero.jar /usr/local/bin/apgdiff.jar     && curl -sSL https://jdbc.postgresql.org/download/postgresql-42.2.18.jar          -o postgresql-42.2.18.jar     && mv postgresql-42.2.18.jar /usr/local/lib/     && curl -OSL https://www.sql-workbench.eu/Workbench-Build${WORKBENCH_VERSION}.zip     && mkdir -p /workbench     && unzip -o Workbench-Build${WORKBENCH_VERSION}.zip -d /workbench     && pip3 install --upgrade --no-cache-dir pip     && pip3 install --no-cache-dir psycopg2-binary migra     && curl -L https://cpanmin.us | perl - App::cpanminus     && cpanm --verbose --no-interactive --no-man-pages --notest DBD::Pg App::Sqitch     && apk del .build-deps python3-dev     && rm -rf /tmp/* /var/tmp/* /var/cache/apk/*" did not complete successfully: exit code: 1
Duration: 0:45.07