#0 building with "default" instance using docker driver

#1 [internal] load build definition from v1_Dockerfile
#1 transferring dockerfile: 2.33kB done
#1 DONE 0.0s

#2 [internal] load metadata for docker.io/library/node:16-slim
#2 DONE 0.5s

#3 [internal] load .dockerignore
#3 transferring context: 229B done
#3 DONE 0.0s

#4 [internal] load build context
#4 transferring context: 186.40kB done
#4 DONE 0.0s

#5 [ 1/10] FROM docker.io/library/node:16-slim@sha256:3ebf2875c188d22939c6ab080cfb1a4a6248cc86bae600ea8e2326aa03acdb8f
#5 resolve docker.io/library/node:16-slim@sha256:3ebf2875c188d22939c6ab080cfb1a4a6248cc86bae600ea8e2326aa03acdb8f 0.0s done
#5 sha256:3ebf2875c188d22939c6ab080cfb1a4a6248cc86bae600ea8e2326aa03acdb8f 776B / 776B done
#5 sha256:549225012a87d35a483af278699980776fc0bca0990a60ad3fd9a303904de32f 1.37kB / 1.37kB done
#5 sha256:eb8b8b8a361056a1107428997a0c13a18c013ad612f24e54cb6990e60bfed3ec 7.02kB / 7.02kB done
#5 sha256:91f01557fe0da558070d4f24631c94e91a80877a24621b52b8b13009b62d8d96 0B / 27.19MB 0.1s
#5 sha256:ecdd21ad91a4e69294555b3e56a71a7382a58a9c54b02d9038bcd3821ba3d072 0B / 4.18kB 0.1s
#5 sha256:72f5a0bbd6d5f85fce35070bd624cf69c2ceb91424afe8a5ed2a02442cdd711c 0B / 35.25MB 0.1s
#5 sha256:91f01557fe0da558070d4f24631c94e91a80877a24621b52b8b13009b62d8d96 6.29MB / 27.19MB 0.2s
#5 sha256:ecdd21ad91a4e69294555b3e56a71a7382a58a9c54b02d9038bcd3821ba3d072 4.18kB / 4.18kB 0.1s done
#5 sha256:6d65359ecb29ff24f2322d5ad308f0a8a95980706ae2e76315a267474402aa3a 0B / 2.73MB 0.2s
#5 sha256:91f01557fe0da558070d4f24631c94e91a80877a24621b52b8b13009b62d8d96 12.58MB / 27.19MB 0.3s
#5 sha256:72f5a0bbd6d5f85fce35070bd624cf69c2ceb91424afe8a5ed2a02442cdd711c 4.25MB / 35.25MB 0.3s
#5 sha256:91f01557fe0da558070d4f24631c94e91a80877a24621b52b8b13009b62d8d96 23.07MB / 27.19MB 0.5s
#5 sha256:72f5a0bbd6d5f85fce35070bd624cf69c2ceb91424afe8a5ed2a02442cdd711c 15.73MB / 35.25MB 0.5s
#5 sha256:6d65359ecb29ff24f2322d5ad308f0a8a95980706ae2e76315a267474402aa3a 2.73MB / 2.73MB 0.4s done
#5 sha256:a9db6797916ed95aa70dba9828c955247db171807e704ae7b1fb37b7c7e4b0e6 0B / 450B 0.5s
#5 sha256:91f01557fe0da558070d4f24631c94e91a80877a24621b52b8b13009b62d8d96 27.19MB / 27.19MB 0.6s
#5 sha256:72f5a0bbd6d5f85fce35070bd624cf69c2ceb91424afe8a5ed2a02442cdd711c 22.02MB / 35.25MB 0.6s
#5 sha256:a9db6797916ed95aa70dba9828c955247db171807e704ae7b1fb37b7c7e4b0e6 450B / 450B 0.5s done
#5 sha256:91f01557fe0da558070d4f24631c94e91a80877a24621b52b8b13009b62d8d96 27.19MB / 27.19MB 0.6s done
#5 sha256:72f5a0bbd6d5f85fce35070bd624cf69c2ceb91424afe8a5ed2a02442cdd711c 31.46MB / 35.25MB 0.7s
#5 extracting sha256:91f01557fe0da558070d4f24631c94e91a80877a24621b52b8b13009b62d8d96 0.1s
#5 sha256:72f5a0bbd6d5f85fce35070bd624cf69c2ceb91424afe8a5ed2a02442cdd711c 35.25MB / 35.25MB 0.8s
#5 sha256:72f5a0bbd6d5f85fce35070bd624cf69c2ceb91424afe8a5ed2a02442cdd711c 35.25MB / 35.25MB 0.9s done
#5 extracting sha256:91f01557fe0da558070d4f24631c94e91a80877a24621b52b8b13009b62d8d96 1.7s done
#5 extracting sha256:ecdd21ad91a4e69294555b3e56a71a7382a58a9c54b02d9038bcd3821ba3d072 done
#5 extracting sha256:72f5a0bbd6d5f85fce35070bd624cf69c2ceb91424afe8a5ed2a02442cdd711c
#5 extracting sha256:72f5a0bbd6d5f85fce35070bd624cf69c2ceb91424afe8a5ed2a02442cdd711c 1.7s done
#5 extracting sha256:6d65359ecb29ff24f2322d5ad308f0a8a95980706ae2e76315a267474402aa3a 0.1s done
#5 extracting sha256:a9db6797916ed95aa70dba9828c955247db171807e704ae7b1fb37b7c7e4b0e6 done
#5 DONE 4.6s

#6 [ 2/10] RUN npm i npm@latest -g
#6 0.756 npm ERR! code EBADENGINE
#6 0.759 npm ERR! engine Unsupported engine
#6 0.759 npm ERR! engine Not compatible with your version of node/npm: npm@10.8.2
#6 0.759 npm ERR! notsup Not compatible with your version of node/npm: npm@10.8.2
#6 0.759 npm ERR! notsup Required: {"node":"^18.17.0 || >=20.5.0"}
#6 0.759 npm ERR! notsup Actual:   {"npm":"8.19.4","node":"v16.20.2"}
#6 0.760 
#6 0.760 npm ERR! A complete log of this run can be found in:
#6 0.760 npm ERR!     /root/.npm/_logs/2024-08-01T00_03_15_865Z-debug-0.log
#6 ERROR: process "/bin/sh -c npm i npm@latest -g" did not complete successfully: exit code: 1
------
 > [ 2/10] RUN npm i npm@latest -g:
0.756 npm ERR! code EBADENGINE
0.759 npm ERR! engine Unsupported engine
0.759 npm ERR! engine Not compatible with your version of node/npm: npm@10.8.2
0.759 npm ERR! notsup Not compatible with your version of node/npm: npm@10.8.2
0.759 npm ERR! notsup Required: {"node":"^18.17.0 || >=20.5.0"}
0.759 npm ERR! notsup Actual:   {"npm":"8.19.4","node":"v16.20.2"}
0.760 
0.760 npm ERR! A complete log of this run can be found in:
0.760 npm ERR!     /root/.npm/_logs/2024-08-01T00_03_15_865Z-debug-0.log
------
v1_Dockerfile:18
--------------------
  16 |     # you'll likely want the latest npm, regardless of node version, for speed and fixes
  17 |     # but pin this version for the best stability
  18 | >>> RUN npm i npm@latest -g
  19 |     
  20 |     # install dependencies first, in a different location for easier app bind mounting for local development
--------------------
ERROR: failed to solve: process "/bin/sh -c npm i npm@latest -g" did not complete successfully: exit code: 1
Duration: 0:6.87