#0 building with "default" instance using docker driver

#1 [internal] load .dockerignore
#1 ...

#2 [internal] load build definition from Dockerfile
#2 transferring dockerfile: 800B done
#2 DONE 0.4s

#1 [internal] load .dockerignore
#1 transferring context: 2B done
#1 DONE 0.5s

#3 [internal] load metadata for k8s.gcr.io/debian-base:v1.0.0
#3 DONE 1.5s

#4 [builder 1/3] FROM k8s.gcr.io/debian-base:v1.0.0@sha256:3801f944c765dc1b54900826ca67b1380bb8c73b9caf4a2a27ce613b3ba3e742
#4 resolve k8s.gcr.io/debian-base:v1.0.0@sha256:3801f944c765dc1b54900826ca67b1380bb8c73b9caf4a2a27ce613b3ba3e742
#4 resolve k8s.gcr.io/debian-base:v1.0.0@sha256:3801f944c765dc1b54900826ca67b1380bb8c73b9caf4a2a27ce613b3ba3e742 0.1s done
#4 sha256:3801f944c765dc1b54900826ca67b1380bb8c73b9caf4a2a27ce613b3ba3e742 1.67kB / 1.67kB done
#4 sha256:5f25d97ece9076612b64bb551e12f1e39a520176b684e2d663ce1bd53c5d0618 529B / 529B done
#4 sha256:204e96332c912beab21c2cef37a31b98c9b953ac4a0bc705d3ede0ba3c167163 1.51kB / 1.51kB done
#4 sha256:39fafc05754f195f134ca11ecdb1c9a691ab0848c697fffeb5a85f900caaf6e1 0B / 17.74MB 0.2s
#4 sha256:39fafc05754f195f134ca11ecdb1c9a691ab0848c697fffeb5a85f900caaf6e1 1.05MB / 17.74MB 0.3s
#4 sha256:39fafc05754f195f134ca11ecdb1c9a691ab0848c697fffeb5a85f900caaf6e1 11.53MB / 17.74MB 0.5s
#4 sha256:39fafc05754f195f134ca11ecdb1c9a691ab0848c697fffeb5a85f900caaf6e1 17.74MB / 17.74MB 0.7s
#4 sha256:39fafc05754f195f134ca11ecdb1c9a691ab0848c697fffeb5a85f900caaf6e1 17.74MB / 17.74MB 0.9s done
#4 extracting sha256:39fafc05754f195f134ca11ecdb1c9a691ab0848c697fffeb5a85f900caaf6e1
#4 extracting sha256:39fafc05754f195f134ca11ecdb1c9a691ab0848c697fffeb5a85f900caaf6e1 3.4s done
#4 DONE 5.2s

#5 [builder 2/3] WORKDIR /dsvpn
#5 DONE 2.0s

#6 [builder 3/3] RUN set -x     && clean-install clang git ca-certificates make     && git clone --depth=1 https://github.com/jedisct1/dsvpn /dsvpn      && git checkout ${GIT_REF} && make
#6 1.421 + clean-install clang git ca-certificates make
#6 1.622 Ign:1 http://deb.debian.org/debian stretch InRelease
#6 1.624 Ign:2 http://deb.debian.org/debian stretch-updates InRelease
#6 1.642 Ign:3 http://deb.debian.org/debian stretch Release
#6 1.659 Ign:4 http://deb.debian.org/debian stretch-updates Release
#6 1.684 Ign:5 http://deb.debian.org/debian stretch/main amd64 Packages
#6 1.700 Ign:6 http://deb.debian.org/debian stretch/main all Packages
#6 1.728 Ign:7 http://security.debian.org/debian-security stretch/updates InRelease
#6 1.881 Ign:8 http://security.debian.org/debian-security stretch/updates Release
#6 2.015 Ign:9 http://deb.debian.org/debian stretch-updates/main amd64 Packages
#6 2.031 Ign:10 http://deb.debian.org/debian stretch-updates/main all Packages
#6 2.034 Ign:11 http://security.debian.org/debian-security stretch/updates/main all Packages
#6 2.049 Ign:5 http://deb.debian.org/debian stretch/main amd64 Packages
#6 2.062 Ign:6 http://deb.debian.org/debian stretch/main all Packages
#6 2.221 Ign:9 http://deb.debian.org/debian stretch-updates/main amd64 Packages
#6 2.234 Ign:10 http://deb.debian.org/debian stretch-updates/main all Packages
#6 2.244 Ign:5 http://deb.debian.org/debian stretch/main amd64 Packages
#6 2.254 Ign:6 http://deb.debian.org/debian stretch/main all Packages
#6 2.336 Ign:12 http://security.debian.org/debian-security stretch/updates/main amd64 Packages
#6 2.514 Ign:11 http://security.debian.org/debian-security stretch/updates/main all Packages
#6 2.566 Ign:9 http://deb.debian.org/debian stretch-updates/main amd64 Packages
#6 2.576 Ign:10 http://deb.debian.org/debian stretch-updates/main all Packages
#6 2.591 Ign:5 http://deb.debian.org/debian stretch/main amd64 Packages
#6 2.606 Ign:6 http://deb.debian.org/debian stretch/main all Packages
#6 2.765 Ign:9 http://deb.debian.org/debian stretch-updates/main amd64 Packages
#6 2.780 Ign:10 http://deb.debian.org/debian stretch-updates/main all Packages
#6 2.795 Ign:5 http://deb.debian.org/debian stretch/main amd64 Packages
#6 2.810 Ign:6 http://deb.debian.org/debian stretch/main all Packages
#6 2.819 Ign:12 http://security.debian.org/debian-security stretch/updates/main amd64 Packages
#6 2.969 Ign:9 http://deb.debian.org/debian stretch-updates/main amd64 Packages
#6 2.976 Ign:11 http://security.debian.org/debian-security stretch/updates/main all Packages
#6 2.982 Ign:10 http://deb.debian.org/debian stretch-updates/main all Packages
#6 2.997 Err:5 http://deb.debian.org/debian stretch/main amd64 Packages
#6 2.997   404  Not Found
#6 3.021 Ign:6 http://deb.debian.org/debian stretch/main all Packages
#6 3.180 Err:9 http://deb.debian.org/debian stretch-updates/main amd64 Packages
#6 3.180   404  Not Found
#6 3.195 Ign:10 http://deb.debian.org/debian stretch-updates/main all Packages
#6 3.283 Ign:12 http://security.debian.org/debian-security stretch/updates/main amd64 Packages
#6 3.438 Ign:11 http://security.debian.org/debian-security stretch/updates/main all Packages
#6 3.590 Ign:12 http://security.debian.org/debian-security stretch/updates/main amd64 Packages
#6 3.742 Ign:11 http://security.debian.org/debian-security stretch/updates/main all Packages
#6 4.053 Ign:12 http://security.debian.org/debian-security stretch/updates/main amd64 Packages
#6 4.207 Ign:11 http://security.debian.org/debian-security stretch/updates/main all Packages
#6 4.522 Err:12 http://security.debian.org/debian-security stretch/updates/main amd64 Packages
#6 4.522   404  Not Found [IP: 151.101.2.132 80]
#6 4.551 Reading package lists...
#6 4.592 W: The repository 'http://deb.debian.org/debian stretch Release' does not have a Release file.
#6 4.592 W: The repository 'http://deb.debian.org/debian stretch-updates Release' does not have a Release file.
#6 4.592 W: The repository 'http://security.debian.org/debian-security stretch/updates Release' does not have a Release file.
#6 4.592 E: Failed to fetch http://deb.debian.org/debian/dists/stretch/main/binary-amd64/Packages  404  Not Found
#6 4.592 E: Failed to fetch http://deb.debian.org/debian/dists/stretch-updates/main/binary-amd64/Packages  404  Not Found
#6 4.592 E: Failed to fetch http://security.debian.org/debian-security/dists/stretch/updates/main/binary-amd64/Packages  404  Not Found [IP: 151.101.2.132 80]
#6 4.592 E: Some index files failed to download. They have been ignored, or old ones used instead.
#6 ERROR: process "/bin/sh -c set -x     && clean-install clang git ca-certificates make     && git clone --depth=1 https://github.com/jedisct1/dsvpn /dsvpn      && git checkout ${GIT_REF} && make" did not complete successfully: exit code: 100
------
 > [builder 3/3] RUN set -x     && clean-install clang git ca-certificates make     && git clone --depth=1 https://github.com/jedisct1/dsvpn /dsvpn      && git checkout ${GIT_REF} && make:
4.522 Err:12 http://security.debian.org/debian-security stretch/updates/main amd64 Packages
4.522   404  Not Found [IP: 151.101.2.132 80]
4.551 Reading package lists...
4.592 W: The repository 'http://deb.debian.org/debian stretch Release' does not have a Release file.
4.592 W: The repository 'http://deb.debian.org/debian stretch-updates Release' does not have a Release file.
4.592 W: The repository 'http://security.debian.org/debian-security stretch/updates Release' does not have a Release file.
4.592 E: Failed to fetch http://deb.debian.org/debian/dists/stretch/main/binary-amd64/Packages  404  Not Found
4.592 E: Failed to fetch http://deb.debian.org/debian/dists/stretch-updates/main/binary-amd64/Packages  404  Not Found
4.592 E: Failed to fetch http://security.debian.org/debian-security/dists/stretch/updates/main/binary-amd64/Packages  404  Not Found [IP: 151.101.2.132 80]
4.592 E: Some index files failed to download. They have been ignored, or old ones used instead.
------
Dockerfile:6
--------------------
   5 |     
   6 | >>> RUN set -x \
   7 | >>>     && clean-install clang git ca-certificates make \
   8 | >>>     && git clone --depth=1 https://github.com/jedisct1/dsvpn /dsvpn  \
   9 | >>>     && git checkout ${GIT_REF} && make
  10 |     
--------------------
ERROR: failed to solve: process "/bin/sh -c set -x     && clean-install clang git ca-certificates make     && git clone --depth=1 https://github.com/jedisct1/dsvpn /dsvpn      && git checkout ${GIT_REF} && make" did not complete successfully: exit code: 100
Duration: 0:15.43