#0 building with "default" instance using docker driver

#1 [internal] load .dockerignore
#1 transferring context:
#1 transferring context: 2B done
#1 ...

#2 [internal] load build definition from Dockerfile
#2 transferring dockerfile: 458B 0.1s done
#2 DONE 0.5s

#1 [internal] load .dockerignore
#1 DONE 0.5s

#3 [internal] load metadata for docker.io/library/golang:1.11.1
#3 DONE 1.3s

#4 [1/6] FROM docker.io/library/golang:1.11.1@sha256:63ec0e29aeba39c0fe2fc6551c9ca7fa16ddf95394d77ccee75bc7062526a96c
#4 resolve docker.io/library/golang:1.11.1@sha256:63ec0e29aeba39c0fe2fc6551c9ca7fa16ddf95394d77ccee75bc7062526a96c
#4 resolve docker.io/library/golang:1.11.1@sha256:63ec0e29aeba39c0fe2fc6551c9ca7fa16ddf95394d77ccee75bc7062526a96c 1.3s done
#4 sha256:63ec0e29aeba39c0fe2fc6551c9ca7fa16ddf95394d77ccee75bc7062526a96c 3.10kB / 3.10kB done
#4 sha256:df8db4a3a7dee9782e0f1bdcc9d676bc2de0dc1d2dc2952d9b9b3718445b1455 1.80kB / 1.80kB done
#4 sha256:45e48f60e2681653d4cc88b69f8c5504e0b5ba345cc45948d611b89193f45364 5.46kB / 5.46kB done
#4 sha256:bc9ab73e5b14b9fbd3687a4d8c1f1360533d6ee9ffc3f5ecc6630794b40257b7 0B / 45.31MB 0.8s
#4 sha256:bc9ab73e5b14b9fbd3687a4d8c1f1360533d6ee9ffc3f5ecc6630794b40257b7 4.19MB / 45.31MB 0.9s
#4 sha256:bc9ab73e5b14b9fbd3687a4d8c1f1360533d6ee9ffc3f5ecc6630794b40257b7 11.53MB / 45.31MB 1.0s
#4 sha256:bc9ab73e5b14b9fbd3687a4d8c1f1360533d6ee9ffc3f5ecc6630794b40257b7 22.02MB / 45.31MB 1.2s
#4 sha256:bc9ab73e5b14b9fbd3687a4d8c1f1360533d6ee9ffc3f5ecc6630794b40257b7 26.21MB / 45.31MB 1.3s
#4 sha256:193a6306c92af328dbd41bbbd3200a2c90802624cccfe5725223324428110d7f 0B / 10.74MB 1.3s
#4 sha256:bc9ab73e5b14b9fbd3687a4d8c1f1360533d6ee9ffc3f5ecc6630794b40257b7 29.36MB / 45.31MB 1.5s
#4 sha256:193a6306c92af328dbd41bbbd3200a2c90802624cccfe5725223324428110d7f 4.19MB / 10.74MB 1.5s
#4 sha256:bc9ab73e5b14b9fbd3687a4d8c1f1360533d6ee9ffc3f5ecc6630794b40257b7 33.55MB / 45.31MB 1.6s
#4 sha256:193a6306c92af328dbd41bbbd3200a2c90802624cccfe5725223324428110d7f 10.49MB / 10.74MB 1.6s
#4 sha256:bc9ab73e5b14b9fbd3687a4d8c1f1360533d6ee9ffc3f5ecc6630794b40257b7 44.04MB / 45.31MB 1.7s
#4 sha256:e5c3f8c317dc30af45021092a3d76f16ba7aa1ee5f18fec742c84d4960818580 0B / 4.34MB 1.7s
#4 sha256:e5c3f8c317dc30af45021092a3d76f16ba7aa1ee5f18fec742c84d4960818580 1.05MB / 4.34MB 1.9s
#4 sha256:e5c3f8c317dc30af45021092a3d76f16ba7aa1ee5f18fec742c84d4960818580 4.34MB / 4.34MB 2.0s
#4 sha256:193a6306c92af328dbd41bbbd3200a2c90802624cccfe5725223324428110d7f 10.74MB / 10.74MB 2.2s done
#4 sha256:bc9ab73e5b14b9fbd3687a4d8c1f1360533d6ee9ffc3f5ecc6630794b40257b7 45.31MB / 45.31MB 3.2s done
#4 extracting sha256:bc9ab73e5b14b9fbd3687a4d8c1f1360533d6ee9ffc3f5ecc6630794b40257b7
#4 sha256:e5c3f8c317dc30af45021092a3d76f16ba7aa1ee5f18fec742c84d4960818580 4.34MB / 4.34MB 3.5s done
#4 ...

#5 [auth] library/golang:pull token for registry-1.docker.io
#5 DONE 0.0s

#4 [1/6] FROM docker.io/library/golang:1.11.1@sha256:63ec0e29aeba39c0fe2fc6551c9ca7fa16ddf95394d77ccee75bc7062526a96c
#4 sha256:a587a86c9dcb9df6584180042becf21e36ecd8b460a761711227b4b06889a005 0B / 50.07MB 4.2s
#4 ...

#6 [internal] load build context
#6 transferring context: 54.24MB 5.8s
#6 ...

#4 [1/6] FROM docker.io/library/golang:1.11.1@sha256:63ec0e29aeba39c0fe2fc6551c9ca7fa16ddf95394d77ccee75bc7062526a96c
#4 sha256:a587a86c9dcb9df6584180042becf21e36ecd8b460a761711227b4b06889a005 26.21MB / 50.07MB 5.2s
#4 sha256:997731689cfbc58c8e74f2a20079338ce66965a40b21f27169b3d5a45ab61cbd 4.19MB / 127.21MB 5.2s
#4 sha256:a587a86c9dcb9df6584180042becf21e36ecd8b460a761711227b4b06889a005 34.60MB / 50.07MB 5.3s
#4 sha256:1bc310ac474b880a5e4aeec02e6423d1304d137f1a8990074cb3ac6386a0b654 0B / 57.59MB 5.3s
#4 sha256:a587a86c9dcb9df6584180042becf21e36ecd8b460a761711227b4b06889a005 45.09MB / 50.07MB 5.5s
#4 sha256:997731689cfbc58c8e74f2a20079338ce66965a40b21f27169b3d5a45ab61cbd 16.78MB / 127.21MB 5.5s
#4 sha256:a587a86c9dcb9df6584180042becf21e36ecd8b460a761711227b4b06889a005 49.28MB / 50.07MB 5.6s
#4 sha256:1bc310ac474b880a5e4aeec02e6423d1304d137f1a8990074cb3ac6386a0b654 5.24MB / 57.59MB 5.6s
#4 sha256:997731689cfbc58c8e74f2a20079338ce66965a40b21f27169b3d5a45ab61cbd 25.17MB / 127.21MB 5.7s
#4 sha256:1bc310ac474b880a5e4aeec02e6423d1304d137f1a8990074cb3ac6386a0b654 10.49MB / 57.59MB 5.7s
#4 sha256:997731689cfbc58c8e74f2a20079338ce66965a40b21f27169b3d5a45ab61cbd 33.55MB / 127.21MB 5.9s
#4 sha256:1bc310ac474b880a5e4aeec02e6423d1304d137f1a8990074cb3ac6386a0b654 20.97MB / 57.59MB 5.9s
#4 extracting sha256:bc9ab73e5b14b9fbd3687a4d8c1f1360533d6ee9ffc3f5ecc6630794b40257b7 2.6s done
#4 sha256:1bc310ac474b880a5e4aeec02e6423d1304d137f1a8990074cb3ac6386a0b654 26.21MB / 57.59MB 6.0s
#4 sha256:997731689cfbc58c8e74f2a20079338ce66965a40b21f27169b3d5a45ab61cbd 46.14MB / 127.21MB 6.2s
#4 sha256:1bc310ac474b880a5e4aeec02e6423d1304d137f1a8990074cb3ac6386a0b654 35.65MB / 57.59MB 6.2s
#4 sha256:1bc310ac474b880a5e4aeec02e6423d1304d137f1a8990074cb3ac6386a0b654 38.80MB / 57.59MB 6.3s
#4 sha256:1bc310ac474b880a5e4aeec02e6423d1304d137f1a8990074cb3ac6386a0b654 42.99MB / 57.59MB 6.4s
#4 sha256:a587a86c9dcb9df6584180042becf21e36ecd8b460a761711227b4b06889a005 50.07MB / 50.07MB 6.4s done
#4 sha256:997731689cfbc58c8e74f2a20079338ce66965a40b21f27169b3d5a45ab61cbd 53.48MB / 127.21MB 6.5s
#4 sha256:1bc310ac474b880a5e4aeec02e6423d1304d137f1a8990074cb3ac6386a0b654 47.19MB / 57.59MB 6.6s
#4 sha256:1bc310ac474b880a5e4aeec02e6423d1304d137f1a8990074cb3ac6386a0b654 51.38MB / 57.59MB 6.7s
#4 sha256:202760eb4a0043cd84cd9971c47052617855ff653abec8ae479e89d369afd500 0B / 125B 6.7s
#4 sha256:997731689cfbc58c8e74f2a20079338ce66965a40b21f27169b3d5a45ab61cbd 70.25MB / 127.21MB 6.9s
#4 sha256:1bc310ac474b880a5e4aeec02e6423d1304d137f1a8990074cb3ac6386a0b654 57.59MB / 57.59MB 6.9s
#4 sha256:202760eb4a0043cd84cd9971c47052617855ff653abec8ae479e89d369afd500 125B / 125B 6.9s
#4 extracting sha256:193a6306c92af328dbd41bbbd3200a2c90802624cccfe5725223324428110d7f
#4 sha256:997731689cfbc58c8e74f2a20079338ce66965a40b21f27169b3d5a45ab61cbd 77.59MB / 127.21MB 7.2s
#4 extracting sha256:193a6306c92af328dbd41bbbd3200a2c90802624cccfe5725223324428110d7f 0.5s done
#4 sha256:997731689cfbc58c8e74f2a20079338ce66965a40b21f27169b3d5a45ab61cbd 88.08MB / 127.21MB 7.7s
#4 sha256:997731689cfbc58c8e74f2a20079338ce66965a40b21f27169b3d5a45ab61cbd 98.57MB / 127.21MB 7.9s
#4 sha256:1bc310ac474b880a5e4aeec02e6423d1304d137f1a8990074cb3ac6386a0b654 57.59MB / 57.59MB 7.9s done
#4 sha256:997731689cfbc58c8e74f2a20079338ce66965a40b21f27169b3d5a45ab61cbd 105.91MB / 127.21MB 8.1s
#4 sha256:202760eb4a0043cd84cd9971c47052617855ff653abec8ae479e89d369afd500 125B / 125B 8.0s done
#4 sha256:997731689cfbc58c8e74f2a20079338ce66965a40b21f27169b3d5a45ab61cbd 117.44MB / 127.21MB 8.4s
#4 extracting sha256:e5c3f8c317dc30af45021092a3d76f16ba7aa1ee5f18fec742c84d4960818580
#4 sha256:997731689cfbc58c8e74f2a20079338ce66965a40b21f27169b3d5a45ab61cbd 127.21MB / 127.21MB 8.7s
#4 extracting sha256:e5c3f8c317dc30af45021092a3d76f16ba7aa1ee5f18fec742c84d4960818580 0.2s done
#4 sha256:997731689cfbc58c8e74f2a20079338ce66965a40b21f27169b3d5a45ab61cbd 127.21MB / 127.21MB 10.6s done
#4 extracting sha256:a587a86c9dcb9df6584180042becf21e36ecd8b460a761711227b4b06889a005
#4 ...

#6 [internal] load build context
#6 transferring context: 94.23MB 13.7s done
#6 DONE 13.9s

#4 [1/6] FROM docker.io/library/golang:1.11.1@sha256:63ec0e29aeba39c0fe2fc6551c9ca7fa16ddf95394d77ccee75bc7062526a96c
#4 extracting sha256:a587a86c9dcb9df6584180042becf21e36ecd8b460a761711227b4b06889a005 3.7s done
#4 extracting sha256:1bc310ac474b880a5e4aeec02e6423d1304d137f1a8990074cb3ac6386a0b654
#4 extracting sha256:1bc310ac474b880a5e4aeec02e6423d1304d137f1a8990074cb3ac6386a0b654 3.3s done
#4 extracting sha256:997731689cfbc58c8e74f2a20079338ce66965a40b21f27169b3d5a45ab61cbd
#4 extracting sha256:997731689cfbc58c8e74f2a20079338ce66965a40b21f27169b3d5a45ab61cbd 5.1s
#4 extracting sha256:997731689cfbc58c8e74f2a20079338ce66965a40b21f27169b3d5a45ab61cbd 7.1s done
#4 extracting sha256:202760eb4a0043cd84cd9971c47052617855ff653abec8ae479e89d369afd500
#4 extracting sha256:202760eb4a0043cd84cd9971c47052617855ff653abec8ae479e89d369afd500 done
#4 DONE 29.2s

#7 [2/6] RUN apt-get update && apt-get install -y curl make git jq
#7 0.622 Ign:1 http://security.debian.org/debian-security stretch/updates InRelease
#7 0.632 Ign:2 http://security.debian.org/debian-security stretch/updates Release
#7 0.642 Ign:3 http://security.debian.org/debian-security stretch/updates/main amd64 Packages
#7 0.652 Ign:4 http://security.debian.org/debian-security stretch/updates/main all Packages
#7 0.663 Ign:3 http://security.debian.org/debian-security stretch/updates/main amd64 Packages
#7 0.674 Ign:4 http://security.debian.org/debian-security stretch/updates/main all Packages
#7 0.684 Ign:3 http://security.debian.org/debian-security stretch/updates/main amd64 Packages
#7 0.694 Ign:4 http://security.debian.org/debian-security stretch/updates/main all Packages
#7 0.704 Ign:3 http://security.debian.org/debian-security stretch/updates/main amd64 Packages
#7 0.714 Ign:4 http://security.debian.org/debian-security stretch/updates/main all Packages
#7 0.723 Ign:3 http://security.debian.org/debian-security stretch/updates/main amd64 Packages
#7 0.734 Ign:4 http://security.debian.org/debian-security stretch/updates/main all Packages
#7 0.744 Err:3 http://security.debian.org/debian-security stretch/updates/main amd64 Packages
#7 0.744   404  Not Found
#7 0.754 Ign:4 http://security.debian.org/debian-security stretch/updates/main all Packages
#7 0.771 Ign:5 http://deb.debian.org/debian stretch InRelease
#7 0.929 Ign:6 http://deb.debian.org/debian stretch-updates InRelease
#7 1.087 Ign:7 http://deb.debian.org/debian stretch Release
#7 1.395 Ign:8 http://deb.debian.org/debian stretch-updates Release
#7 1.556 Ign:9 http://deb.debian.org/debian stretch/main amd64 Packages
#7 1.714 Ign:10 http://deb.debian.org/debian stretch/main all Packages
#7 1.876 Ign:11 http://deb.debian.org/debian stretch-updates/main amd64 Packages
#7 2.034 Ign:12 http://deb.debian.org/debian stretch-updates/main all Packages
#7 2.191 Ign:9 http://deb.debian.org/debian stretch/main amd64 Packages
#7 2.349 Ign:10 http://deb.debian.org/debian stretch/main all Packages
#7 2.507 Ign:11 http://deb.debian.org/debian stretch-updates/main amd64 Packages
#7 2.666 Ign:12 http://deb.debian.org/debian stretch-updates/main all Packages
#7 2.825 Ign:9 http://deb.debian.org/debian stretch/main amd64 Packages
#7 2.983 Ign:10 http://deb.debian.org/debian stretch/main all Packages
#7 3.141 Ign:11 http://deb.debian.org/debian stretch-updates/main amd64 Packages
#7 3.299 Ign:12 http://deb.debian.org/debian stretch-updates/main all Packages
#7 3.456 Ign:9 http://deb.debian.org/debian stretch/main amd64 Packages
#7 3.615 Ign:10 http://deb.debian.org/debian stretch/main all Packages
#7 3.772 Ign:11 http://deb.debian.org/debian stretch-updates/main amd64 Packages
#7 3.931 Ign:12 http://deb.debian.org/debian stretch-updates/main all Packages
#7 4.091 Ign:9 http://deb.debian.org/debian stretch/main amd64 Packages
#7 4.250 Ign:10 http://deb.debian.org/debian stretch/main all Packages
#7 4.409 Ign:11 http://deb.debian.org/debian stretch-updates/main amd64 Packages
#7 4.567 Ign:12 http://deb.debian.org/debian stretch-updates/main all Packages
#7 4.725 Err:9 http://deb.debian.org/debian stretch/main amd64 Packages
#7 4.725   404  Not Found
#7 4.892 Ign:10 http://deb.debian.org/debian stretch/main all Packages
#7 5.050 Err:11 http://deb.debian.org/debian stretch-updates/main amd64 Packages
#7 5.050   404  Not Found
#7 5.208 Ign:12 http://deb.debian.org/debian stretch-updates/main all Packages
#7 5.212 Reading package lists...
#7 5.222 W: The repository 'http://security.debian.org/debian-security stretch/updates Release' does not have a Release file.
#7 5.222 W: The repository 'http://deb.debian.org/debian stretch Release' does not have a Release file.
#7 5.222 W: The repository 'http://deb.debian.org/debian stretch-updates Release' does not have a Release file.
#7 5.222 E: Failed to fetch http://security.debian.org/debian-security/dists/stretch/updates/main/binary-amd64/Packages  404  Not Found
#7 5.222 E: Failed to fetch http://deb.debian.org/debian/dists/stretch/main/binary-amd64/Packages  404  Not Found
#7 5.222 E: Failed to fetch http://deb.debian.org/debian/dists/stretch-updates/main/binary-amd64/Packages  404  Not Found
#7 5.222 E: Some index files failed to download. They have been ignored, or old ones used instead.
#7 ERROR: process "/bin/sh -c apt-get update && apt-get install -y curl make git jq" did not complete successfully: exit code: 100
------
 > [2/6] RUN apt-get update && apt-get install -y curl make git jq:
5.050   404  Not Found
5.208 Ign:12 http://deb.debian.org/debian stretch-updates/main all Packages
5.212 Reading package lists...
5.222 W: The repository 'http://security.debian.org/debian-security stretch/updates Release' does not have a Release file.
5.222 W: The repository 'http://deb.debian.org/debian stretch Release' does not have a Release file.
5.222 W: The repository 'http://deb.debian.org/debian stretch-updates Release' does not have a Release file.
5.222 E: Failed to fetch http://security.debian.org/debian-security/dists/stretch/updates/main/binary-amd64/Packages  404  Not Found
5.222 E: Failed to fetch http://deb.debian.org/debian/dists/stretch/main/binary-amd64/Packages  404  Not Found
5.222 E: Failed to fetch http://deb.debian.org/debian/dists/stretch-updates/main/binary-amd64/Packages  404  Not Found
5.222 E: Some index files failed to download. They have been ignored, or old ones used instead.
------
Dockerfile:3
--------------------
   1 |     FROM golang:1.11.1
   2 |     
   3 | >>> RUN apt-get update && apt-get install -y curl make git jq
   4 |     
   5 |     ENV GOROOT=/usr/local/go
--------------------
ERROR: failed to solve: process "/bin/sh -c apt-get update && apt-get install -y curl make git jq" did not complete successfully: exit code: 100
Duration: 0:53.03