#0 building with "default" instance using docker driver

#1 [internal] load build definition from Dockerfile
#1 transferring dockerfile:
#1 transferring dockerfile: 600B done
#1 DONE 0.4s

#2 [internal] load .dockerignore
#2 transferring context: 2B done
#2 DONE 0.5s

#3 [internal] load metadata for docker.io/library/debian:stretch
#3 ...

#4 [auth] library/debian:pull token for registry-1.docker.io
#4 DONE 0.0s

#3 [internal] load metadata for docker.io/library/debian:stretch
#3 DONE 1.4s

#5 [1/5] FROM docker.io/library/debian:stretch@sha256:c5c5200ff1e9c73ffbf188b4a67eb1c91531b644856b4aefe86a58d2f0cb05be
#5 resolve docker.io/library/debian:stretch@sha256:c5c5200ff1e9c73ffbf188b4a67eb1c91531b644856b4aefe86a58d2f0cb05be
#5 resolve docker.io/library/debian:stretch@sha256:c5c5200ff1e9c73ffbf188b4a67eb1c91531b644856b4aefe86a58d2f0cb05be 0.4s done
#5 ...

#6 [internal] load build context
#6 transferring context: 4.98kB done
#6 DONE 0.4s

#5 [1/5] FROM docker.io/library/debian:stretch@sha256:c5c5200ff1e9c73ffbf188b4a67eb1c91531b644856b4aefe86a58d2f0cb05be
#5 sha256:16ee3e11da473f6565ef94a715f1a38b3079e0664913be78869c336a71cb6085 529B / 529B done
#5 sha256:662c05203bab4c59568d24689fa5c3955439360a35c483178598d226b9a5ad10 1.46kB / 1.46kB done
#5 sha256:c5c5200ff1e9c73ffbf188b4a67eb1c91531b644856b4aefe86a58d2f0cb05be 1.21kB / 1.21kB done
#5 DONE 0.7s

#7 [2/5] RUN apt-get update &&     DEBIAN_FRONTEND=noninteractive apt-get install --no-install-recommends -y         slapd=2.4.44* &&     apt-get clean &&     rm -rf /var/lib/apt/lists/*
#7 0.504 Ign:1 http://deb.debian.org/debian stretch InRelease
#7 0.514 Ign:2 http://deb.debian.org/debian stretch-updates InRelease
#7 0.525 Ign:3 http://deb.debian.org/debian stretch Release
#7 0.536 Ign:4 http://deb.debian.org/debian stretch-updates Release
#7 0.547 Ign:5 http://deb.debian.org/debian stretch/main all Packages
#7 0.557 Ign:6 http://deb.debian.org/debian stretch/main amd64 Packages
#7 0.568 Ign:7 http://deb.debian.org/debian stretch-updates/main amd64 Packages
#7 0.579 Ign:8 http://deb.debian.org/debian stretch-updates/main all Packages
#7 0.590 Ign:5 http://deb.debian.org/debian stretch/main all Packages
#7 0.600 Ign:6 http://deb.debian.org/debian stretch/main amd64 Packages
#7 0.611 Ign:7 http://deb.debian.org/debian stretch-updates/main amd64 Packages
#7 0.622 Ign:8 http://deb.debian.org/debian stretch-updates/main all Packages
#7 0.633 Ign:5 http://deb.debian.org/debian stretch/main all Packages
#7 0.643 Ign:6 http://deb.debian.org/debian stretch/main amd64 Packages
#7 0.654 Ign:7 http://deb.debian.org/debian stretch-updates/main amd64 Packages
#7 0.665 Ign:8 http://deb.debian.org/debian stretch-updates/main all Packages
#7 0.675 Ign:5 http://deb.debian.org/debian stretch/main all Packages
#7 0.687 Ign:6 http://deb.debian.org/debian stretch/main amd64 Packages
#7 0.698 Ign:7 http://deb.debian.org/debian stretch-updates/main amd64 Packages
#7 0.708 Ign:8 http://deb.debian.org/debian stretch-updates/main all Packages
#7 0.719 Ign:5 http://deb.debian.org/debian stretch/main all Packages
#7 0.731 Ign:6 http://deb.debian.org/debian stretch/main amd64 Packages
#7 0.741 Ign:7 http://deb.debian.org/debian stretch-updates/main amd64 Packages
#7 0.751 Ign:8 http://deb.debian.org/debian stretch-updates/main all Packages
#7 0.762 Ign:5 http://deb.debian.org/debian stretch/main all Packages
#7 0.782 Err:6 http://deb.debian.org/debian stretch/main amd64 Packages
#7 0.782   404  Not Found
#7 0.792 Err:7 http://deb.debian.org/debian stretch-updates/main amd64 Packages
#7 0.792   404  Not Found
#7 0.797 Ign:9 http://security.debian.org/debian-security stretch/updates InRelease
#7 0.803 Ign:8 http://deb.debian.org/debian stretch-updates/main all Packages
#7 1.096 Ign:10 http://security.debian.org/debian-security stretch/updates Release
#7 1.401 Ign:11 http://security.debian.org/debian-security stretch/updates/main amd64 Packages
#7 1.712 Ign:12 http://security.debian.org/debian-security stretch/updates/main all Packages
#7 2.025 Ign:11 http://security.debian.org/debian-security stretch/updates/main amd64 Packages
#7 2.180 Ign:12 http://security.debian.org/debian-security stretch/updates/main all Packages
#7 2.485 Ign:11 http://security.debian.org/debian-security stretch/updates/main amd64 Packages
#7 2.784 Ign:12 http://security.debian.org/debian-security stretch/updates/main all Packages
#7 3.085 Ign:11 http://security.debian.org/debian-security stretch/updates/main amd64 Packages
#7 3.238 Ign:12 http://security.debian.org/debian-security stretch/updates/main all Packages
#7 3.538 Ign:11 http://security.debian.org/debian-security stretch/updates/main amd64 Packages
#7 3.838 Ign:12 http://security.debian.org/debian-security stretch/updates/main all Packages
#7 3.990 Err:11 http://security.debian.org/debian-security stretch/updates/main amd64 Packages
#7 3.990   404  Not Found [IP: 151.101.66.132 80]
#7 4.303 Ign:12 http://security.debian.org/debian-security stretch/updates/main all Packages
#7 4.306 Reading package lists...
#7 4.315 W: The repository 'http://deb.debian.org/debian stretch Release' does not have a Release file.
#7 4.315 W: The repository 'http://deb.debian.org/debian stretch-updates Release' does not have a Release file.
#7 4.315 W: The repository 'http://security.debian.org/debian-security stretch/updates Release' does not have a Release file.
#7 4.315 E: Failed to fetch http://deb.debian.org/debian/dists/stretch/main/binary-amd64/Packages  404  Not Found
#7 4.315 E: Failed to fetch http://deb.debian.org/debian/dists/stretch-updates/main/binary-amd64/Packages  404  Not Found
#7 4.315 E: Failed to fetch http://security.debian.org/debian-security/dists/stretch/updates/main/binary-amd64/Packages  404  Not Found [IP: 151.101.66.132 80]
#7 4.315 E: Some index files failed to download. They have been ignored, or old ones used instead.
#7 ERROR: process "/bin/sh -c apt-get update &&     DEBIAN_FRONTEND=noninteractive apt-get install --no-install-recommends -y         slapd=${OPENLDAP_VERSION}* &&     apt-get clean &&     rm -rf /var/lib/apt/lists/*" did not complete successfully: exit code: 100
------
 > [2/5] RUN apt-get update &&     DEBIAN_FRONTEND=noninteractive apt-get install --no-install-recommends -y         slapd=2.4.44* &&     apt-get clean &&     rm -rf /var/lib/apt/lists/*:
3.990   404  Not Found [IP: 151.101.66.132 80]
4.303 Ign:12 http://security.debian.org/debian-security stretch/updates/main all Packages
4.306 Reading package lists...
4.315 W: The repository 'http://deb.debian.org/debian stretch Release' does not have a Release file.
4.315 W: The repository 'http://deb.debian.org/debian stretch-updates Release' does not have a Release file.
4.315 W: The repository 'http://security.debian.org/debian-security stretch/updates Release' does not have a Release file.
4.315 E: Failed to fetch http://deb.debian.org/debian/dists/stretch/main/binary-amd64/Packages  404  Not Found
4.315 E: Failed to fetch http://deb.debian.org/debian/dists/stretch-updates/main/binary-amd64/Packages  404  Not Found
4.315 E: Failed to fetch http://security.debian.org/debian-security/dists/stretch/updates/main/binary-amd64/Packages  404  Not Found [IP: 151.101.66.132 80]
4.315 E: Some index files failed to download. They have been ignored, or old ones used instead.
------
Dockerfile:7
--------------------
   6 |     
   7 | >>> RUN apt-get update && \
   8 | >>>     DEBIAN_FRONTEND=noninteractive apt-get install --no-install-recommends -y \
   9 | >>>         slapd=${OPENLDAP_VERSION}* && \
  10 | >>>     apt-get clean && \
  11 | >>>     rm -rf /var/lib/apt/lists/*
  12 |     
--------------------
ERROR: failed to solve: process "/bin/sh -c apt-get update &&     DEBIAN_FRONTEND=noninteractive apt-get install --no-install-recommends -y         slapd=${OPENLDAP_VERSION}* &&     apt-get clean &&     rm -rf /var/lib/apt/lists/*" did not complete successfully: exit code: 100
Duration: 0:7.78