#0 building with "default" instance using docker driver

#1 [internal] load build definition from v1_Dockerfile
#1 transferring dockerfile: 2.32kB done
#1 DONE 0.0s

#2 [internal] load metadata for docker.io/library/debian:stretch
#2 DONE 0.7s

#3 [internal] load .dockerignore
#3 transferring context: 2B done
#3 DONE 0.0s

#4 [internal] load build context
#4 transferring context: 7.61kB done
#4 DONE 0.0s

#5 [ 1/12] FROM docker.io/library/debian:stretch@sha256:c5c5200ff1e9c73ffbf188b4a67eb1c91531b644856b4aefe86a58d2f0cb05be
#5 resolve docker.io/library/debian:stretch@sha256:c5c5200ff1e9c73ffbf188b4a67eb1c91531b644856b4aefe86a58d2f0cb05be 0.0s done
#5 sha256:16ee3e11da473f6565ef94a715f1a38b3079e0664913be78869c336a71cb6085 529B / 529B done
#5 sha256:662c05203bab4c59568d24689fa5c3955439360a35c483178598d226b9a5ad10 1.46kB / 1.46kB done
#5 sha256:8372a04f222be82bf67eb0010a59644b1e52f1246b3da9034edaa98f3d591cae 0B / 45.43MB 0.1s
#5 sha256:c5c5200ff1e9c73ffbf188b4a67eb1c91531b644856b4aefe86a58d2f0cb05be 1.21kB / 1.21kB done
#5 sha256:8372a04f222be82bf67eb0010a59644b1e52f1246b3da9034edaa98f3d591cae 16.78MB / 45.43MB 0.4s
#5 sha256:8372a04f222be82bf67eb0010a59644b1e52f1246b3da9034edaa98f3d591cae 33.55MB / 45.43MB 0.6s
#5 sha256:8372a04f222be82bf67eb0010a59644b1e52f1246b3da9034edaa98f3d591cae 44.04MB / 45.43MB 0.7s
#5 extracting sha256:8372a04f222be82bf67eb0010a59644b1e52f1246b3da9034edaa98f3d591cae
#5 sha256:8372a04f222be82bf67eb0010a59644b1e52f1246b3da9034edaa98f3d591cae 45.43MB / 45.43MB 0.8s done
#5 extracting sha256:8372a04f222be82bf67eb0010a59644b1e52f1246b3da9034edaa98f3d591cae 2.8s done
#5 DONE 3.8s

#6 [ 2/12] WORKDIR /home/minecraft/
#6 DONE 0.5s

#7 [ 3/12] RUN apt-get update &&     apt-get install -y --no-install-recommends         build-essential=12.3         ca-certificates=20200601~deb9u2         curl=7.52.1-5+deb9u16         git=1:2.11.0-3+deb9u7         jq=1.5+dfsg-1.3         optipng=0.7.6-1+deb9u1         python3-dev=3.5.3-1         python3-numpy=1:1.12.1-3         python3-pil=4.0.0-4+deb9u4         python3=3.5.3-1         wget=1.18-5+deb9u3 &&     rm -rf /var/lib/apt/lists/* /tmp/* /var/tmp/* &&     groupadd minecraft -g 1000 &&     useradd -m minecraft -u 1000 -g 1000 &&     mkdir -p /home/minecraft/render /home/minecraft/server
#7 0.235 Ign:1 http://security.debian.org/debian-security stretch/updates InRelease
#7 0.237 Ign:2 http://deb.debian.org/debian stretch InRelease
#7 0.246 Ign:3 http://security.debian.org/debian-security stretch/updates Release
#7 0.247 Ign:4 http://deb.debian.org/debian stretch-updates InRelease
#7 0.258 Ign:5 http://deb.debian.org/debian stretch Release
#7 0.258 Ign:6 http://security.debian.org/debian-security stretch/updates/main amd64 Packages
#7 0.270 Ign:7 http://deb.debian.org/debian stretch-updates Release
#7 0.270 Ign:8 http://security.debian.org/debian-security stretch/updates/main all Packages
#7 0.282 Ign:6 http://security.debian.org/debian-security stretch/updates/main amd64 Packages
#7 0.282 Ign:9 http://deb.debian.org/debian stretch/main all Packages
#7 0.291 Ign:8 http://security.debian.org/debian-security stretch/updates/main all Packages
#7 0.293 Ign:10 http://deb.debian.org/debian stretch/main amd64 Packages
#7 0.304 Ign:11 http://deb.debian.org/debian stretch-updates/main amd64 Packages
#7 0.311 Ign:6 http://security.debian.org/debian-security stretch/updates/main amd64 Packages
#7 0.317 Ign:12 http://deb.debian.org/debian stretch-updates/main all Packages
#7 0.323 Ign:8 http://security.debian.org/debian-security stretch/updates/main all Packages
#7 0.327 Ign:9 http://deb.debian.org/debian stretch/main all Packages
#7 0.334 Ign:6 http://security.debian.org/debian-security stretch/updates/main amd64 Packages
#7 0.338 Ign:10 http://deb.debian.org/debian stretch/main amd64 Packages
#7 0.344 Ign:8 http://security.debian.org/debian-security stretch/updates/main all Packages
#7 0.348 Ign:11 http://deb.debian.org/debian stretch-updates/main amd64 Packages
#7 0.354 Ign:6 http://security.debian.org/debian-security stretch/updates/main amd64 Packages
#7 0.360 Ign:12 http://deb.debian.org/debian stretch-updates/main all Packages
#7 0.365 Ign:8 http://security.debian.org/debian-security stretch/updates/main all Packages
#7 0.370 Ign:9 http://deb.debian.org/debian stretch/main all Packages
#7 0.375 Err:6 http://security.debian.org/debian-security stretch/updates/main amd64 Packages
#7 0.375   404  Not Found [IP: 151.101.194.132 80]
#7 0.381 Ign:10 http://deb.debian.org/debian stretch/main amd64 Packages
#7 0.386 Ign:8 http://security.debian.org/debian-security stretch/updates/main all Packages
#7 0.390 Ign:11 http://deb.debian.org/debian stretch-updates/main amd64 Packages
#7 0.402 Ign:12 http://deb.debian.org/debian stretch-updates/main all Packages
#7 0.413 Ign:9 http://deb.debian.org/debian stretch/main all Packages
#7 0.424 Ign:10 http://deb.debian.org/debian stretch/main amd64 Packages
#7 0.435 Ign:11 http://deb.debian.org/debian stretch-updates/main amd64 Packages
#7 0.444 Ign:12 http://deb.debian.org/debian stretch-updates/main all Packages
#7 0.456 Ign:9 http://deb.debian.org/debian stretch/main all Packages
#7 0.466 Ign:10 http://deb.debian.org/debian stretch/main amd64 Packages
#7 0.477 Ign:11 http://deb.debian.org/debian stretch-updates/main amd64 Packages
#7 0.487 Ign:12 http://deb.debian.org/debian stretch-updates/main all Packages
#7 0.500 Ign:9 http://deb.debian.org/debian stretch/main all Packages
#7 0.522 Err:10 http://deb.debian.org/debian stretch/main amd64 Packages
#7 0.522   404  Not Found
#7 0.534 Err:11 http://deb.debian.org/debian stretch-updates/main amd64 Packages
#7 0.534   404  Not Found
#7 0.544 Ign:12 http://deb.debian.org/debian stretch-updates/main all Packages
#7 0.548 Reading package lists...
#7 0.555 W: The repository 'http://security.debian.org/debian-security stretch/updates Release' does not have a Release file.
#7 0.555 W: The repository 'http://deb.debian.org/debian stretch Release' does not have a Release file.
#7 0.555 W: The repository 'http://deb.debian.org/debian stretch-updates Release' does not have a Release file.
#7 0.555 E: Failed to fetch http://security.debian.org/debian-security/dists/stretch/updates/main/binary-amd64/Packages  404  Not Found [IP: 151.101.194.132 80]
#7 0.555 E: Failed to fetch http://deb.debian.org/debian/dists/stretch/main/binary-amd64/Packages  404  Not Found
#7 0.555 E: Failed to fetch http://deb.debian.org/debian/dists/stretch-updates/main/binary-amd64/Packages  404  Not Found
#7 0.555 E: Some index files failed to download. They have been ignored, or old ones used instead.
#7 ERROR: process "/bin/sh -c apt-get update &&     apt-get install -y --no-install-recommends         build-essential=12.3         ca-certificates=20200601~deb9u2         curl=7.52.1-5+deb9u16         git=1:2.11.0-3+deb9u7         jq=1.5+dfsg-1.3         optipng=0.7.6-1+deb9u1         python3-dev=3.5.3-1         python3-numpy=1:1.12.1-3         python3-pil=4.0.0-4+deb9u4         python3=3.5.3-1         wget=1.18-5+deb9u3 &&     rm -rf /var/lib/apt/lists/* /tmp/* /var/tmp/* &&     groupadd minecraft -g 1000 &&     useradd -m minecraft -u 1000 -g 1000 &&     mkdir -p /home/minecraft/render /home/minecraft/server" did not complete successfully: exit code: 100
------
 > [ 3/12] RUN apt-get update &&     apt-get install -y --no-install-recommends         build-essential=12.3         ca-certificates=20200601~deb9u2         curl=7.52.1-5+deb9u16         git=1:2.11.0-3+deb9u7         jq=1.5+dfsg-1.3         optipng=0.7.6-1+deb9u1         python3-dev=3.5.3-1         python3-numpy=1:1.12.1-3         python3-pil=4.0.0-4+deb9u4         python3=3.5.3-1         wget=1.18-5+deb9u3 &&     rm -rf /var/lib/apt/lists/* /tmp/* /var/tmp/* &&     groupadd minecraft -g 1000 &&     useradd -m minecraft -u 1000 -g 1000 &&     mkdir -p /home/minecraft/render /home/minecraft/server:
0.435 Ign:11 http://deb.debian.org/debian stretch-updates/main amd64 Packages
0.444 Ign:12 http://deb.debian.org/debian stretch-updates/main all Packages

0.555 W: The repository 'http://security.debian.org/debian-security stretch/updates Release' does not have a Release file.
0.555 W: The repository 'http://deb.debian.org/debian stretch Release' does not have a Release file.
0.555 W: The repository 'http://deb.debian.org/debian stretch-updates Release' does not have a Release file.
0.555 E: Failed to fetch http://security.debian.org/debian-security/dists/stretch/updates/main/binary-amd64/Packages  404  Not Found [IP: 151.101.194.132 80]
0.555 E: Failed to fetch http://deb.debian.org/debian/dists/stretch/main/binary-amd64/Packages  404  Not Found
0.555 E: Failed to fetch http://deb.debian.org/debian/dists/stretch-updates/main/binary-amd64/Packages  404  Not Found
0.555 E: Some index files failed to download. They have been ignored, or old ones used instead.
------
v1_Dockerfile:40
--------------------
  39 |     
  40 | >>> RUN apt-get update && \
  41 | >>>     apt-get install -y --no-install-recommends \
  42 | >>>         build-essential=12.3 \
  43 | >>>         ca-certificates=20200601~deb9u2 \
  44 | >>>         curl=7.52.1-5+deb9u16 \
  45 | >>>         git=1:2.11.0-3+deb9u7 \
  46 | >>>         jq=1.5+dfsg-1.3 \
  47 | >>>         optipng=0.7.6-1+deb9u1 \
  48 | >>>         python3-dev=3.5.3-1 \
  49 | >>>         python3-numpy=1:1.12.1-3 \
  50 | >>>         python3-pil=4.0.0-4+deb9u4 \
  51 | >>>         python3=3.5.3-1 \
  52 | >>>         wget=1.18-5+deb9u3 && \
  53 | >>>     rm -rf /var/lib/apt/lists/* /tmp/* /var/tmp/* && \
  54 | >>>     groupadd minecraft -g 1000 && \
  55 | >>>     useradd -m minecraft -u 1000 -g 1000 && \
  56 | >>>     mkdir -p /home/minecraft/render /home/minecraft/server
  57 |     
--------------------
ERROR: failed to solve: process "/bin/sh -c apt-get update &&     apt-get install -y --no-install-recommends         build-essential=12.3         ca-certificates=20200601~deb9u2         curl=7.52.1-5+deb9u16         git=1:2.11.0-3+deb9u7         jq=1.5+dfsg-1.3         optipng=0.7.6-1+deb9u1         python3-dev=3.5.3-1         python3-numpy=1:1.12.1-3         python3-pil=4.0.0-4+deb9u4         python3=3.5.3-1         wget=1.18-5+deb9u3 &&     rm -rf /var/lib/apt/lists/* /tmp/* /var/tmp/* &&     groupadd minecraft -g 1000 &&     useradd -m minecraft -u 1000 -g 1000 &&     mkdir -p /home/minecraft/render /home/minecraft/server" did not complete successfully: exit code: 100
Duration: 0:5.85