#0 building with "default" instance using docker driver

#1 [internal] load .dockerignore
#1 transferring context:
#1 transferring context: 432B done
#1 DONE 0.3s

#2 [internal] load build definition from v3_Dockerfile
#2 transferring dockerfile: 3.55kB done
#2 DONE 0.4s

#3 resolve image config for docker.io/docker/dockerfile:1.4
#3 DONE 1.1s

#4 docker-image://docker.io/docker/dockerfile:1.4@sha256:9ba7531bd80fb0a858632727cf7a112fbfd19b17e94c4e84ced81e24ef1a0dbc
#4 resolve docker.io/docker/dockerfile:1.4@sha256:9ba7531bd80fb0a858632727cf7a112fbfd19b17e94c4e84ced81e24ef1a0dbc 0.1s done
#4 sha256:9ba7531bd80fb0a858632727cf7a112fbfd19b17e94c4e84ced81e24ef1a0dbc 2.00kB / 2.00kB done
#4 sha256:ad87fb03593d1b71f9a1cfc1406c4aafcb253b1dabebf569768d6e6166836f34 528B / 528B done
#4 sha256:1e8a16826fd1c80a63fa6817a9c7284c94e40cded14a9b0d0d3722356efa47bd 2.37kB / 2.37kB done
#4 sha256:1328b32c40fca9bcf9d70d8eccb72eb873d1124d72dadce04db8badbe7b08546 0B / 9.94MB 0.1s
#4 sha256:1328b32c40fca9bcf9d70d8eccb72eb873d1124d72dadce04db8badbe7b08546 5.24MB / 9.94MB 0.4s
#4 sha256:1328b32c40fca9bcf9d70d8eccb72eb873d1124d72dadce04db8badbe7b08546 9.94MB / 9.94MB 0.6s
#4 sha256:1328b32c40fca9bcf9d70d8eccb72eb873d1124d72dadce04db8badbe7b08546 9.94MB / 9.94MB 0.6s done
#4 extracting sha256:1328b32c40fca9bcf9d70d8eccb72eb873d1124d72dadce04db8badbe7b08546
#4 extracting sha256:1328b32c40fca9bcf9d70d8eccb72eb873d1124d72dadce04db8badbe7b08546 0.4s done
#4 DONE 1.6s

#5 [internal] load metadata for docker.io/mlocati/php-extension-installer:latest
#5 DONE 1.5s

#6 [internal] load metadata for docker.io/composer/composer:2-bin
#6 DONE 1.7s

#7 [internal] load metadata for docker.io/library/caddy:2.6.4-builder-alpine
#7 ...

#8 [internal] load metadata for docker.io/library/php:8.2-fpm-alpine
#8 DONE 1.9s

#9 [internal] load metadata for docker.io/library/caddy:2.6-alpine
#9 DONE 1.9s

#7 [internal] load metadata for docker.io/library/caddy:2.6.4-builder-alpine
#7 DONE 2.0s

#10 [app_php  1/20] FROM docker.io/library/php:8.2-fpm-alpine@sha256:b1df9b606b538c4ee0a77a753127bae5554856cae117d8a60670f11cd12f57d0
#10 resolve docker.io/library/php:8.2-fpm-alpine@sha256:b1df9b606b538c4ee0a77a753127bae5554856cae117d8a60670f11cd12f57d0
#10 ...

#11 [internal] load build context
#11 transferring context: 8.19kB done
#11 DONE 0.3s

#12 [php_extension_installer 1/1] FROM docker.io/mlocati/php-extension-installer:latest@sha256:8a10dad86e59e81eb4d9b1305e1decdaa7b1538140c3b69b49b5762051e578eb
#12 resolve docker.io/mlocati/php-extension-installer:latest@sha256:8a10dad86e59e81eb4d9b1305e1decdaa7b1538140c3b69b49b5762051e578eb
#12 resolve docker.io/mlocati/php-extension-installer:latest@sha256:8a10dad86e59e81eb4d9b1305e1decdaa7b1538140c3b69b49b5762051e578eb 0.6s done
#12 ...

#13 [app_caddy 1/5] FROM docker.io/library/caddy:2.6-alpine@sha256:993f27cb24190f8b714f6ffd0cd487281b48b64a70d6575be8eee18b6c2b02af
#13 resolve docker.io/library/caddy:2.6-alpine@sha256:993f27cb24190f8b714f6ffd0cd487281b48b64a70d6575be8eee18b6c2b02af 1.1s done
#13 DONE 1.1s

#12 [php_extension_installer 1/1] FROM docker.io/mlocati/php-extension-installer:latest@sha256:8a10dad86e59e81eb4d9b1305e1decdaa7b1538140c3b69b49b5762051e578eb
#12 sha256:8a10dad86e59e81eb4d9b1305e1decdaa7b1538140c3b69b49b5762051e578eb 525B / 525B done
#12 sha256:5034576bc32afa57c72524db3fd8c645c1022f9043da2ab52a3f4c2ad8f7f538 876B / 876B done
#12 sha256:3334f4f661227099cf9a787995d8573b4899e2059197484e2d22dfb4e70324b7 0B / 32.29kB 0.4s
#12 sha256:3334f4f661227099cf9a787995d8573b4899e2059197484e2d22dfb4e70324b7 32.29kB / 32.29kB 0.6s
#12 extracting sha256:3334f4f661227099cf9a787995d8573b4899e2059197484e2d22dfb4e70324b7
#12 sha256:3334f4f661227099cf9a787995d8573b4899e2059197484e2d22dfb4e70324b7 32.29kB / 32.29kB 0.9s done
#12 extracting sha256:3334f4f661227099cf9a787995d8573b4899e2059197484e2d22dfb4e70324b7 0.1s done
#12 ...

#14 [composer 1/1] FROM docker.io/composer/composer:2-bin@sha256:b075cc912babe511f14e8336a8854eb29be15751a547fddeb2be248d87b45cde
#14 resolve docker.io/composer/composer:2-bin@sha256:b075cc912babe511f14e8336a8854eb29be15751a547fddeb2be248d87b45cde 0.6s done
#14 sha256:b075cc912babe511f14e8336a8854eb29be15751a547fddeb2be248d87b45cde 526B / 526B done
#14 sha256:0790bebaeb0d845f1ced179ee08791c65376ebfbf781c412cdd25b5db5d9a4f7 464B / 464B done
#14 sha256:a0b2e7bfbd52f0a45f21ac56c5358c3081c2b94a77e65303dbd333f825843b62 726.24kB / 726.24kB 0.6s done
#14 extracting sha256:a0b2e7bfbd52f0a45f21ac56c5358c3081c2b94a77e65303dbd333f825843b62 0.1s done
#14 DONE 3.3s

#15 [app_caddy_builder 1/2] FROM docker.io/library/caddy:2.6.4-builder-alpine@sha256:65b0d4379a59bed034ca1d086698f23fe3365217047b1b89f594bcd6d0cc085d
#15 resolve docker.io/library/caddy:2.6.4-builder-alpine@sha256:65b0d4379a59bed034ca1d086698f23fe3365217047b1b89f594bcd6d0cc085d 0.9s done
#15 sha256:65b0d4379a59bed034ca1d086698f23fe3365217047b1b89f594bcd6d0cc085d 1.43kB / 1.43kB done
#15 sha256:88c9dd9338a769b4c2d421f295eb3cb15fa2434e78c5628fa691f74f73a86072 1.79kB / 1.79kB done
#15 sha256:6f14c6757861771fc2fd418ab5b055aae707d26f645c572177945ee270c8e6ba 8.08kB / 8.08kB done
#15 sha256:31e352740f534f9ad170f75378a84fe453d6156e40700b882d737a8f4a6988a3 3.40MB / 3.40MB 0.8s done
#15 sha256:7f9bcf943fa5571df036dca6da19434d38edf546ef8bb04ddbc803634cc9a3b8 284.71kB / 284.71kB 1.0s done
#15 extracting sha256:31e352740f534f9ad170f75378a84fe453d6156e40700b882d737a8f4a6988a3 0.2s done
#15 sha256:f8f5e977ad9826fc24b1db3f0dbb1ea9a261cd25d4657a9d50e7bf435638cd11 17.83MB / 101.36MB 1.7s
#15 sha256:8fa91ef8ef8a80329ba55630fd46f90a465c3f58322192320a32044c49f7daad 156B / 156B 1.4s
#15 sha256:d72c5a6f5a869f63b3218122c6712b743149c9266f1c5ba0e7ee80aee3d9a05c 4.96MB / 4.96MB 1.7s
#15 extracting sha256:7f9bcf943fa5571df036dca6da19434d38edf546ef8bb04ddbc803634cc9a3b8 0.1s done
#15 sha256:2feae2ecb0b0db5d344c89572bbb95bfe352a6e03db40cdf7a1f2c5b08c339e5 0B / 1.30MB 1.7s
#15 sha256:f8f5e977ad9826fc24b1db3f0dbb1ea9a261cd25d4657a9d50e7bf435638cd11 26.21MB / 101.36MB 1.9s
#15 sha256:2feae2ecb0b0db5d344c89572bbb95bfe352a6e03db40cdf7a1f2c5b08c339e5 1.30MB / 1.30MB 1.9s
#15 sha256:f8f5e977ad9826fc24b1db3f0dbb1ea9a261cd25d4657a9d50e7bf435638cd11 32.51MB / 101.36MB 2.2s
#15 sha256:f8f5e977ad9826fc24b1db3f0dbb1ea9a261cd25d4657a9d50e7bf435638cd11 38.80MB / 101.36MB 2.4s
#15 sha256:f8f5e977ad9826fc24b1db3f0dbb1ea9a261cd25d4657a9d50e7bf435638cd11 47.51MB / 101.36MB 2.6s
#15 sha256:f8f5e977ad9826fc24b1db3f0dbb1ea9a261cd25d4657a9d50e7bf435638cd11 59.77MB / 101.36MB 2.8s
#15 sha256:f8f5e977ad9826fc24b1db3f0dbb1ea9a261cd25d4657a9d50e7bf435638cd11 68.16MB / 101.36MB 3.0s
#15 sha256:f8f5e977ad9826fc24b1db3f0dbb1ea9a261cd25d4657a9d50e7bf435638cd11 83.89MB / 101.36MB 3.2s
#15 sha256:d72c5a6f5a869f63b3218122c6712b743149c9266f1c5ba0e7ee80aee3d9a05c 4.96MB / 4.96MB 2.8s done
#15 ...

#12 [php_extension_installer 1/1] FROM docker.io/mlocati/php-extension-installer:latest@sha256:8a10dad86e59e81eb4d9b1305e1decdaa7b1538140c3b69b49b5762051e578eb
#12 DONE 5.0s

#15 [app_caddy_builder 1/2] FROM docker.io/library/caddy:2.6.4-builder-alpine@sha256:65b0d4379a59bed034ca1d086698f23fe3365217047b1b89f594bcd6d0cc085d
#15 sha256:f8f5e977ad9826fc24b1db3f0dbb1ea9a261cd25d4657a9d50e7bf435638cd11 90.18MB / 101.36MB 3.4s
#15 sha256:2feae2ecb0b0db5d344c89572bbb95bfe352a6e03db40cdf7a1f2c5b08c339e5 1.30MB / 1.30MB 3.4s done
#15 ...

#10 [app_php  1/20] FROM docker.io/library/php:8.2-fpm-alpine@sha256:b1df9b606b538c4ee0a77a753127bae5554856cae117d8a60670f11cd12f57d0
#10 resolve docker.io/library/php:8.2-fpm-alpine@sha256:b1df9b606b538c4ee0a77a753127bae5554856cae117d8a60670f11cd12f57d0 1.2s done
#10 sha256:b1df9b606b538c4ee0a77a753127bae5554856cae117d8a60670f11cd12f57d0 1.86kB / 1.86kB done
#10 sha256:64589cc10f53f21ecc8834c4633941d3794ce535097d2aa79b2cb6cd6f462c1e 2.41kB / 2.41kB done
#10 sha256:bb584fbbbc7fe69ef084f9b9a4e4e0881109c25bb34a0f1dda8fc9e4462e114a 11.12kB / 11.12kB done
#10 ...

#15 [app_caddy_builder 1/2] FROM docker.io/library/caddy:2.6.4-builder-alpine@sha256:65b0d4379a59bed034ca1d086698f23fe3365217047b1b89f594bcd6d0cc085d
#15 sha256:f8f5e977ad9826fc24b1db3f0dbb1ea9a261cd25d4657a9d50e7bf435638cd11 101.36MB / 101.36MB 4.9s done
#15 sha256:eeede536593c0afbb8fe1be6e918ca95e0a01760ac90ae4ee8479561653cd488 405B / 405B 4.9s
#15 extracting sha256:f8f5e977ad9826fc24b1db3f0dbb1ea9a261cd25d4657a9d50e7bf435638cd11
#15 sha256:eeede536593c0afbb8fe1be6e918ca95e0a01760ac90ae4ee8479561653cd488 405B / 405B 5.1s done
#15 ...

#13 [app_caddy 1/5] FROM docker.io/library/caddy:2.6-alpine@sha256:993f27cb24190f8b714f6ffd0cd487281b48b64a70d6575be8eee18b6c2b02af
#13 sha256:993f27cb24190f8b714f6ffd0cd487281b48b64a70d6575be8eee18b6c2b02af 1.43kB / 1.43kB done
#13 sha256:d4ca216d8dc515a49bc20fa22a449283ade6c8fc132eb6fa412ff351664d4917 1.16kB / 1.16kB done
#13 sha256:050db1833a9c3bee6699e344442199769ebfd076525de385a1eb47318b900119 7.79kB / 7.79kB done
#13 sha256:c1d6d1b2d5a367259e6e51a7f4d1ccd66a28cc9940d6599d8a8ea9544dd4b4a8 2.81MB / 2.81MB 5.6s done
#13 sha256:0539a1f43a18a9539a505341d6cd1eac3ea13faa85d2c6ccc89593d4a9fd73bd 353.30kB / 353.30kB 5.6s done
#13 extracting sha256:c1d6d1b2d5a367259e6e51a7f4d1ccd66a28cc9940d6599d8a8ea9544dd4b4a8 0.2s done
#13 sha256:0c63ab8ea55e16cf5b5e2fe653bbd6e36ec59ff62159b5aaf9af9502e13aadf7 7.56kB / 7.56kB 5.9s done
#13 sha256:aa47e7f53b2688157f1718866b87028c2189d2cb16a9e423fb540037105180a8 14.28MB / 14.28MB 6.5s done
#13 extracting sha256:0539a1f43a18a9539a505341d6cd1eac3ea13faa85d2c6ccc89593d4a9fd73bd 0.1s done
#13 extracting sha256:0c63ab8ea55e16cf5b5e2fe653bbd6e36ec59ff62159b5aaf9af9502e13aadf7 done
#13 extracting sha256:aa47e7f53b2688157f1718866b87028c2189d2cb16a9e423fb540037105180a8 0.8s done
#13 DONE 11.1s

#10 [app_php  1/20] FROM docker.io/library/php:8.2-fpm-alpine@sha256:b1df9b606b538c4ee0a77a753127bae5554856cae117d8a60670f11cd12f57d0
#10 sha256:3ae0d9dfc4dada15e6a030ba7b9c9a3b16f9f5a7597a4d46ff24226e91b91db7 3.27MB / 3.27MB 5.9s done
#10 sha256:ce295ca8623e5dc914104e970c5496db996db5f2abb336389bcbadd10465d21d 941B / 941B 6.1s done
#10 extracting sha256:3ae0d9dfc4dada15e6a030ba7b9c9a3b16f9f5a7597a4d46ff24226e91b91db7 0.3s done
#10 sha256:60d3eb99f3c122bc8d6c22107602ed9c22fce771289b54bb2598142d1626f693 223B / 223B 6.6s done
#10 sha256:25fe58b8606cc2aac914e87f8692813b7730d574986a38fc967e4303f33d19c8 498B / 498B 6.7s done
#10 extracting sha256:ce295ca8623e5dc914104e970c5496db996db5f2abb336389bcbadd10465d21d done
#10 sha256:635d128c0149d90bf6bbcb68374d62ce105a32b887d578601aa6e7b832951332 12.13MB / 12.13MB 7.3s done
#10 extracting sha256:60d3eb99f3c122bc8d6c22107602ed9c22fce771289b54bb2598142d1626f693 done
#10 sha256:6684dca35c367fc188c759725c96a45fca0cc024d494305019d5065594371600 2.45kB / 2.45kB 7.1s done
#10 sha256:90b7faae5cc87a3901fcef80dd34f41dc6d2c982374080ed3b289c5266131393 12.86MB / 12.86MB 8.0s done
#10 extracting sha256:635d128c0149d90bf6bbcb68374d62ce105a32b887d578601aa6e7b832951332 0.1s done
#10 sha256:73658442ebe0c8dd02f493221a263ce0e60b4fa69c3052b63204140cad922cb8 19.70kB / 19.70kB 7.7s done
#10 sha256:9ed939a767db3984f698c00bf8783c05913cdb843e62711921b08be3863bfb29 9.18kB / 9.18kB 8.1s done
#10 extracting sha256:25fe58b8606cc2aac914e87f8692813b7730d574986a38fc967e4303f33d19c8 done
#10 extracting sha256:90b7faae5cc87a3901fcef80dd34f41dc6d2c982374080ed3b289c5266131393 0.5s
#10 extracting sha256:90b7faae5cc87a3901fcef80dd34f41dc6d2c982374080ed3b289c5266131393 1.0s done
#10 ...

#16 [app_caddy 2/5] WORKDIR /srv/app
#16 DONE 7.4s

#15 [app_caddy_builder 1/2] FROM docker.io/library/caddy:2.6.4-builder-alpine@sha256:65b0d4379a59bed034ca1d086698f23fe3365217047b1b89f594bcd6d0cc085d
#15 extracting sha256:f8f5e977ad9826fc24b1db3f0dbb1ea9a261cd25d4657a9d50e7bf435638cd11 5.8s done
#15 extracting sha256:8fa91ef8ef8a80329ba55630fd46f90a465c3f58322192320a32044c49f7daad done
#15 ...

#10 [app_php  1/20] FROM docker.io/library/php:8.2-fpm-alpine@sha256:b1df9b606b538c4ee0a77a753127bae5554856cae117d8a60670f11cd12f57d0
#10 extracting sha256:6684dca35c367fc188c759725c96a45fca0cc024d494305019d5065594371600 0.0s done
#10 extracting sha256:73658442ebe0c8dd02f493221a263ce0e60b4fa69c3052b63204140cad922cb8
#10 extracting sha256:73658442ebe0c8dd02f493221a263ce0e60b4fa69c3052b63204140cad922cb8 0.1s done
#10 extracting sha256:9ed939a767db3984f698c00bf8783c05913cdb843e62711921b08be3863bfb29 done
#10 ...

#15 [app_caddy_builder 1/2] FROM docker.io/library/caddy:2.6.4-builder-alpine@sha256:65b0d4379a59bed034ca1d086698f23fe3365217047b1b89f594bcd6d0cc085d
#15 extracting sha256:d72c5a6f5a869f63b3218122c6712b743149c9266f1c5ba0e7ee80aee3d9a05c 0.3s done
#15 extracting sha256:2feae2ecb0b0db5d344c89572bbb95bfe352a6e03db40cdf7a1f2c5b08c339e5 0.1s done
#15 extracting sha256:eeede536593c0afbb8fe1be6e918ca95e0a01760ac90ae4ee8479561653cd488 done
#15 DONE 22.6s

#17 [app_caddy_builder 2/2] RUN xcaddy build 	--with github.com/dunglas/mercure 	--with github.com/dunglas/mercure/caddy 	--with github.com/dunglas/vulcain 	--with github.com/dunglas/vulcain/caddy
#17 ...

#10 [app_php  1/20] FROM docker.io/library/php:8.2-fpm-alpine@sha256:b1df9b606b538c4ee0a77a753127bae5554856cae117d8a60670f11cd12f57d0
#10 DONE 22.8s

#18 [app_php  2/20] WORKDIR /srv/app
#18 DONE 0.6s

#17 [app_caddy_builder 2/2] RUN xcaddy build 	--with github.com/dunglas/mercure 	--with github.com/dunglas/mercure/caddy 	--with github.com/dunglas/vulcain 	--with github.com/dunglas/vulcain/caddy
#17 0.955 2024/07/31 03:33:29 [INFO] Temporary folder: /tmp/buildenv_2024-07-31-0333.1856764286
#17 0.955 2024/07/31 03:33:29 [INFO] Writing main module: /tmp/buildenv_2024-07-31-0333.1856764286/main.go
#17 0.955 package main
#17 0.955 
#17 0.955 import (
#17 0.955 	caddycmd "github.com/caddyserver/caddy/v2/cmd"
#17 0.955 
#17 0.955 	// plug in Caddy modules here
#17 0.955 	_ "github.com/caddyserver/caddy/v2/modules/standard"
#17 0.955 	_ "github.com/dunglas/mercure"
#17 0.955 	_ "github.com/dunglas/mercure/caddy"
#17 0.955 	_ "github.com/dunglas/vulcain"
#17 0.955 	_ "github.com/dunglas/vulcain/caddy"
#17 0.955 )
#17 0.955 
#17 0.955 func main() {
#17 0.955 	caddycmd.Main()
#17 0.955 }
#17 ...

#19 [app_php  3/20] COPY --from=php_extension_installer --link /usr/bin/install-php-extensions /usr/local/bin/
#19 DONE 1.3s

#17 [app_caddy_builder 2/2] RUN xcaddy build 	--with github.com/dunglas/mercure 	--with github.com/dunglas/mercure/caddy 	--with github.com/dunglas/vulcain 	--with github.com/dunglas/vulcain/caddy
#17 0.955 2024/07/31 03:33:29 [INFO] Initializing Go module
#17 0.955 2024/07/31 03:33:29 [INFO] exec (timeout=-2562047h47m16.854775808s): /usr/local/go/bin/go mod init caddy 
#17 0.960 go: creating new go.mod: module caddy
#17 0.961 go: to add module requirements and sums:
#17 0.961 	go mod tidy
#17 0.962 2024/07/31 03:33:29 [INFO] Pinning versions
#17 0.962 2024/07/31 03:33:29 [INFO] exec (timeout=-2562047h47m16.854775808s): /usr/local/go/bin/go get -d -v github.com/caddyserver/caddy/v2@v2.6.4 
#17 1.025 go: downloading github.com/caddyserver/caddy/v2 v2.6.4
#17 1.299 go: downloading golang.org/x/sys v0.5.0
#17 1.299 go: downloading go.uber.org/zap v1.24.0
#17 1.300 go: downloading github.com/caddyserver/certmagic v0.17.2
#17 1.300 go: downloading golang.org/x/term v0.5.0
#17 1.300 go: downloading github.com/prometheus/client_golang v1.14.0
#17 1.300 go: downloading github.com/quic-go/quic-go v0.32.0
#17 1.300 go: downloading github.com/google/uuid v1.3.0
#17 1.532 go: downloading github.com/klauspost/cpuid/v2 v2.2.3
#17 1.534 go: downloading github.com/libdns/libdns v0.2.1
#17 1.534 go: downloading github.com/mholt/acmez v1.1.0
#17 1.543 go: downloading github.com/miekg/dns v1.1.50
#17 1.543 go: downloading golang.org/x/crypto v0.5.0
#17 1.551 go: downloading golang.org/x/net v0.7.0
#17 1.612 go: downloading go.uber.org/atomic v1.9.0
#17 1.612 go: downloading go.uber.org/multierr v1.6.0
#17 1.612 go: downloading github.com/beorn7/perks v1.0.1
#17 1.618 go: downloading github.com/cespare/xxhash/v2 v2.1.2
#17 1.618 go: downloading github.com/golang/protobuf v1.5.2
#17 1.620 go: downloading github.com/prometheus/client_model v0.3.0
#17 1.629 go: downloading github.com/prometheus/common v0.37.0
#17 1.645 go: downloading github.com/prometheus/procfs v0.8.0
#17 1.646 go: downloading google.golang.org/protobuf v1.28.1
#17 1.663 go: downloading github.com/quic-go/qpack v0.4.0
#17 1.672 go: downloading github.com/cespare/xxhash v1.1.0
#17 1.673 go: downloading github.com/golang/mock v1.6.0
#17 1.673 go: downloading github.com/onsi/ginkgo/v2 v2.2.0
#17 1.702 go: downloading github.com/quic-go/qtls-go1-18 v0.2.0
#17 1.722 go: downloading github.com/quic-go/qtls-go1-19 v0.2.0
#17 1.724 go: downloading github.com/quic-go/qtls-go1-20 v0.1.0
#17 1.740 go: downloading golang.org/x/exp v0.0.0-20221205204356-47842c84f3db
#17 1.741 go: downloading golang.org/x/tools v0.2.0
#17 1.993 go: downloading github.com/matttproud/golang_protobuf_extensions v1.0.1
#17 1.997 go: downloading golang.org/x/mod v0.6.0
#17 2.039 go: downloading github.com/go-task/slim-sprig v0.0.0-20210107165309-348f09dbbbc0
#17 2.073 go: downloading github.com/google/pprof v0.0.0-20210407192527-94a9f03dee38
#17 2.073 go: downloading golang.org/x/text v0.7.0
#17 ...

#19 [app_php  3/20] COPY --from=php_extension_installer --link /usr/bin/install-php-extensions /usr/local/bin/
#19 merging 8.2s done
#19 DONE 9.5s

#17 [app_caddy_builder 2/2] RUN xcaddy build 	--with github.com/dunglas/mercure 	--with github.com/dunglas/mercure/caddy 	--with github.com/dunglas/vulcain 	--with github.com/dunglas/vulcain/caddy
#17 9.405 go: added github.com/beorn7/perks v1.0.1
#17 9.405 go: added github.com/caddyserver/caddy/v2 v2.6.4
#17 9.405 go: added github.com/caddyserver/certmagic v0.17.2
#17 9.405 go: added github.com/cespare/xxhash/v2 v2.1.2
#17 9.405 go: added github.com/go-task/slim-sprig v0.0.0-20210107165309-348f09dbbbc0
#17 9.405 go: added github.com/golang/mock v1.6.0
#17 9.405 go: added github.com/golang/protobuf v1.5.2
#17 9.405 go: added github.com/google/pprof v0.0.0-20210407192527-94a9f03dee38
#17 9.405 go: added github.com/google/uuid v1.3.0
#17 9.405 go: added github.com/klauspost/cpuid/v2 v2.2.3
#17 9.405 go: added github.com/libdns/libdns v0.2.1
#17 9.405 go: added github.com/matttproud/golang_protobuf_extensions v1.0.1
#17 9.405 go: added github.com/mholt/acmez v1.1.0
#17 9.405 go: added github.com/miekg/dns v1.1.50
#17 9.405 go: added github.com/onsi/ginkgo/v2 v2.2.0
#17 9.405 go: added github.com/prometheus/client_golang v1.14.0
#17 9.405 go: added github.com/prometheus/client_model v0.3.0
#17 9.405 go: added github.com/prometheus/common v0.37.0
#17 9.405 go: added github.com/prometheus/procfs v0.8.0
#17 9.405 go: added github.com/quic-go/qpack v0.4.0
#17 9.405 go: added github.com/quic-go/qtls-go1-18 v0.2.0
#17 9.405 go: added github.com/quic-go/qtls-go1-19 v0.2.0
#17 9.405 go: added github.com/quic-go/qtls-go1-20 v0.1.0
#17 9.405 go: added github.com/quic-go/quic-go v0.32.0
#17 9.405 go: added go.uber.org/atomic v1.9.0
#17 9.405 go: added go.uber.org/multierr v1.6.0
#17 9.405 go: added go.uber.org/zap v1.24.0
#17 9.405 go: added golang.org/x/crypto v0.5.0
#17 9.405 go: added golang.org/x/exp v0.0.0-20221205204356-47842c84f3db
#17 9.405 go: added golang.org/x/mod v0.6.0
#17 9.405 go: added golang.org/x/net v0.7.0
#17 9.405 go: added golang.org/x/sys v0.5.0
#17 9.405 go: added golang.org/x/term v0.5.0
#17 9.405 go: added golang.org/x/text v0.7.0
#17 9.405 go: added golang.org/x/tools v0.2.0
#17 9.405 go: added google.golang.org/protobuf v1.28.1
#17 9.410 2024/07/31 03:33:38 [INFO] exec (timeout=-2562047h47m16.854775808s): /usr/local/go/bin/go get -d -v github.com/dunglas/mercure github.com/caddyserver/caddy/v2@v2.6.4 
#17 9.605 go: downloading github.com/dunglas/mercure v0.16.2
#17 10.13 panic: internal error: can't find reason for requirement on github.com/matttproud/golang_protobuf_extensions@v1.0.1
#17 10.13 
#17 10.13 goroutine 1 [running]:
#17 10.13 cmd/go/internal/modget.(*resolver).updateBuildList.func1({{0xc000718d80, 0x30}, {0xc00002aac6, 0x6}})
#17 10.13 	/usr/local/go/src/cmd/go/internal/modget/get.go:1760 +0xd4
#17 10.13 cmd/go/internal/modget.(*resolver).updateBuildList(0xc0005f0000, {0xb47198, 0xc00002a048}, {0x0, 0x0, 0x0})
#17 10.13 	/usr/local/go/src/cmd/go/internal/modget/get.go:1765 +0x54c
#17 10.13 cmd/go/internal/modget.(*resolver).resolveQueries(0xc0005f0000, {0xb47198, 0xc00002a048}, {0xc00007d780, 0x2, 0xc0000b7d70?})
#17 10.13 	/usr/local/go/src/cmd/go/internal/modget/get.go:1243 +0x1b1
#17 10.13 cmd/go/internal/modget.runGet({0xb47198, 0xc00002a048}, 0xc000028570?, {0xc000024220, 0x2, 0x2})
#17 10.13 	/usr/local/go/src/cmd/go/internal/modget/get.go:314 +0x408
#17 10.13 main.invoke(0xe5e3c0, {0xc0000241f0, 0x5, 0x5})
#17 10.13 	/usr/local/go/src/cmd/go/main.go:225 +0x3d9
#17 10.13 main.main()
#17 10.13 	/usr/local/go/src/cmd/go/main.go:179 +0x7ce
#17 10.14 2024/07/31 03:33:38 [FATAL] exit status 2
#17 ERROR: process "/bin/sh -c xcaddy build \t--with github.com/dunglas/mercure \t--with github.com/dunglas/mercure/caddy \t--with github.com/dunglas/vulcain \t--with github.com/dunglas/vulcain/caddy" did not complete successfully: exit code: 1

#20 [app_php  4/20] RUN apk add --no-cache 		acl 		fcgi 		file 		gettext 		git 	;
#20 0.540 fetch https://dl-cdn.alpinelinux.org/alpine/v3.20/main/x86_64/APKINDEX.tar.gz
#20 0.789 fetch https://dl-cdn.alpinelinux.org/alpine/v3.20/community/x86_64/APKINDEX.tar.gz
#20 1.274 (1/13) Installing acl (2.3.2-r0)
#20 CANCELED
------
 > [app_caddy_builder 2/2] RUN xcaddy build 	--with github.com/dunglas/mercure 	--with github.com/dunglas/mercure/caddy 	--with github.com/dunglas/vulcain 	--with github.com/dunglas/vulcain/caddy:
10.13 	/usr/local/go/src/cmd/go/internal/modget/get.go:1765 +0x54c
10.13 cmd/go/internal/modget.(*resolver).resolveQueries(0xc0005f0000, {0xb47198, 0xc00002a048}, {0xc00007d780, 0x2, 0xc0000b7d70?})
10.13 	/usr/local/go/src/cmd/go/internal/modget/get.go:1243 +0x1b1
10.13 cmd/go/internal/modget.runGet({0xb47198, 0xc00002a048}, 0xc000028570?, {0xc000024220, 0x2, 0x2})
10.13 	/usr/local/go/src/cmd/go/internal/modget/get.go:314 +0x408
10.13 main.invoke(0xe5e3c0, {0xc0000241f0, 0x5, 0x5})
10.13 	/usr/local/go/src/cmd/go/main.go:225 +0x3d9
10.13 main.main()
10.13 	/usr/local/go/src/cmd/go/main.go:179 +0x7ce
10.14 2024/07/31 03:33:38 [FATAL] exit status 2
------
v3_Dockerfile:15
--------------------
  14 |     
  15 | >>> RUN xcaddy build \
  16 | >>> 	--with github.com/dunglas/mercure \
  17 | >>> 	--with github.com/dunglas/mercure/caddy \
  18 | >>> 	--with github.com/dunglas/vulcain \
  19 | >>> 	--with github.com/dunglas/vulcain/caddy
  20 |     
--------------------
ERROR: failed to solve: process "/bin/sh -c xcaddy build \t--with github.com/dunglas/mercure \t--with github.com/dunglas/mercure/caddy \t--with github.com/dunglas/vulcain \t--with github.com/dunglas/vulcain/caddy" did not complete successfully: exit code: 1
Duration: 0:40.09