#0 building with "default" instance using docker driver

#1 [internal] load build definition from Dockerfile
#1 transferring dockerfile:
#1 transferring dockerfile: 760B done
#1 DONE 0.5s

#2 [internal] load .dockerignore
#2 transferring context: 2B done
#2 DONE 0.7s

#3 [internal] load metadata for docker.io/rocker/tidyverse:3.5.3
#3 ...

#4 [auth] rocker/tidyverse:pull token for registry-1.docker.io
#4 DONE 0.0s

#3 [internal] load metadata for docker.io/rocker/tidyverse:3.5.3
#3 DONE 1.2s

#5 [rockerh3 1/4] FROM docker.io/rocker/tidyverse:3.5.3@sha256:025b03be66c55781981367a4f8a08e58e4ea4bbf889c3f8b10250f6da9235806
#5 resolve docker.io/rocker/tidyverse:3.5.3@sha256:025b03be66c55781981367a4f8a08e58e4ea4bbf889c3f8b10250f6da9235806 0.1s done
#5 sha256:025b03be66c55781981367a4f8a08e58e4ea4bbf889c3f8b10250f6da9235806 2.42kB / 2.42kB done
#5 sha256:ee12b86c83a21c22ace8d4c9cceaabdbf5a9cbec6dd7486399d7b5e170568947 14.46kB / 14.46kB done
#5 sha256:2524371be50d9c4849d98602793193ce9979872d189e7401095f60faaba7ef9c 0B / 205.01MB 0.1s
#5 ...

#6 [internal] load build context
#6 transferring context: 3.23MB 0.1s done
#6 DONE 0.5s

#5 [rockerh3 1/4] FROM docker.io/rocker/tidyverse:3.5.3@sha256:025b03be66c55781981367a4f8a08e58e4ea4bbf889c3f8b10250f6da9235806
#5 sha256:03321dce714a6bdf06550444851847fcdeab49d22ca966bfabb785569b0adacc 0B / 119.94MB 0.3s
#5 sha256:2524371be50d9c4849d98602793193ce9979872d189e7401095f60faaba7ef9c 20.97MB / 205.01MB 0.5s
#5 sha256:c5e155d5a1d130a7f8a3e24cee0d9e1349bff13f90ec6a941478e558fde53c14 0B / 45.34MB 0.5s
#5 sha256:2524371be50d9c4849d98602793193ce9979872d189e7401095f60faaba7ef9c 31.46MB / 205.01MB 0.7s
#5 sha256:03321dce714a6bdf06550444851847fcdeab49d22ca966bfabb785569b0adacc 14.68MB / 119.94MB 0.7s
#5 sha256:c5e155d5a1d130a7f8a3e24cee0d9e1349bff13f90ec6a941478e558fde53c14 3.15MB / 45.34MB 0.7s
#5 sha256:03321dce714a6bdf06550444851847fcdeab49d22ca966bfabb785569b0adacc 22.02MB / 119.94MB 0.9s
#5 sha256:c5e155d5a1d130a7f8a3e24cee0d9e1349bff13f90ec6a941478e558fde53c14 13.63MB / 45.34MB 0.9s
#5 sha256:2524371be50d9c4849d98602793193ce9979872d189e7401095f60faaba7ef9c 42.16MB / 205.01MB 1.1s
#5 sha256:03321dce714a6bdf06550444851847fcdeab49d22ca966bfabb785569b0adacc 28.31MB / 119.94MB 1.1s
#5 sha256:c5e155d5a1d130a7f8a3e24cee0d9e1349bff13f90ec6a941478e558fde53c14 25.17MB / 45.34MB 1.1s
#5 sha256:03321dce714a6bdf06550444851847fcdeab49d22ca966bfabb785569b0adacc 35.65MB / 119.94MB 1.3s
#5 sha256:c5e155d5a1d130a7f8a3e24cee0d9e1349bff13f90ec6a941478e558fde53c14 33.55MB / 45.34MB 1.3s
#5 sha256:2524371be50d9c4849d98602793193ce9979872d189e7401095f60faaba7ef9c 53.48MB / 205.01MB 1.4s
#5 sha256:c5e155d5a1d130a7f8a3e24cee0d9e1349bff13f90ec6a941478e558fde53c14 38.80MB / 45.34MB 1.4s
#5 sha256:03321dce714a6bdf06550444851847fcdeab49d22ca966bfabb785569b0adacc 47.19MB / 119.94MB 1.6s
#5 sha256:c5e155d5a1d130a7f8a3e24cee0d9e1349bff13f90ec6a941478e558fde53c14 45.34MB / 45.34MB 1.6s
#5 sha256:2524371be50d9c4849d98602793193ce9979872d189e7401095f60faaba7ef9c 72.35MB / 205.01MB 1.8s
#5 sha256:03321dce714a6bdf06550444851847fcdeab49d22ca966bfabb785569b0adacc 58.72MB / 119.94MB 1.8s
#5 sha256:03321dce714a6bdf06550444851847fcdeab49d22ca966bfabb785569b0adacc 65.01MB / 119.94MB 1.9s
#5 sha256:2524371be50d9c4849d98602793193ce9979872d189e7401095f60faaba7ef9c 82.84MB / 205.01MB 2.0s
#5 sha256:03321dce714a6bdf06550444851847fcdeab49d22ca966bfabb785569b0adacc 71.30MB / 119.94MB 2.0s
#5 sha256:2524371be50d9c4849d98602793193ce9979872d189e7401095f60faaba7ef9c 93.32MB / 205.01MB 2.2s
#5 sha256:03321dce714a6bdf06550444851847fcdeab49d22ca966bfabb785569b0adacc 80.74MB / 119.94MB 2.2s
#5 sha256:2524371be50d9c4849d98602793193ce9979872d189e7401095f60faaba7ef9c 106.95MB / 205.01MB 2.4s
#5 sha256:03321dce714a6bdf06550444851847fcdeab49d22ca966bfabb785569b0adacc 92.27MB / 119.94MB 2.5s
#5 sha256:c5e155d5a1d130a7f8a3e24cee0d9e1349bff13f90ec6a941478e558fde53c14 45.34MB / 45.34MB 2.3s done
#5 extracting sha256:c5e155d5a1d130a7f8a3e24cee0d9e1349bff13f90ec6a941478e558fde53c14 0.1s
#5 sha256:f7183dc9df43450828b9488e5a3ade16be6e2e60af264110394b1687620f1029 0B / 62.99MB 2.5s
#5 sha256:2524371be50d9c4849d98602793193ce9979872d189e7401095f60faaba7ef9c 119.54MB / 205.01MB 2.6s
#5 sha256:03321dce714a6bdf06550444851847fcdeab49d22ca966bfabb785569b0adacc 100.66MB / 119.94MB 2.7s
#5 sha256:2524371be50d9c4849d98602793193ce9979872d189e7401095f60faaba7ef9c 130.02MB / 205.01MB 2.8s
#5 sha256:f7183dc9df43450828b9488e5a3ade16be6e2e60af264110394b1687620f1029 6.29MB / 62.99MB 2.8s
#5 sha256:03321dce714a6bdf06550444851847fcdeab49d22ca966bfabb785569b0adacc 108.00MB / 119.94MB 2.9s
#5 sha256:f7183dc9df43450828b9488e5a3ade16be6e2e60af264110394b1687620f1029 12.58MB / 62.99MB 3.0s
#5 sha256:2524371be50d9c4849d98602793193ce9979872d189e7401095f60faaba7ef9c 149.95MB / 205.01MB 3.2s
#5 sha256:03321dce714a6bdf06550444851847fcdeab49d22ca966bfabb785569b0adacc 116.39MB / 119.94MB 3.2s
#5 sha256:f7183dc9df43450828b9488e5a3ade16be6e2e60af264110394b1687620f1029 22.02MB / 62.99MB 3.2s
#5 sha256:f7183dc9df43450828b9488e5a3ade16be6e2e60af264110394b1687620f1029 26.21MB / 62.99MB 3.3s
#5 sha256:2524371be50d9c4849d98602793193ce9979872d189e7401095f60faaba7ef9c 160.43MB / 205.01MB 3.4s
#5 sha256:f7183dc9df43450828b9488e5a3ade16be6e2e60af264110394b1687620f1029 31.46MB / 62.99MB 3.4s
#5 sha256:f7183dc9df43450828b9488e5a3ade16be6e2e60af264110394b1687620f1029 37.75MB / 62.99MB 3.5s
#5 sha256:2524371be50d9c4849d98602793193ce9979872d189e7401095f60faaba7ef9c 171.97MB / 205.01MB 3.6s
#5 sha256:f7183dc9df43450828b9488e5a3ade16be6e2e60af264110394b1687620f1029 42.99MB / 62.99MB 3.6s
#5 sha256:f7183dc9df43450828b9488e5a3ade16be6e2e60af264110394b1687620f1029 49.28MB / 62.99MB 3.7s
#5 sha256:2524371be50d9c4849d98602793193ce9979872d189e7401095f60faaba7ef9c 183.50MB / 205.01MB 3.8s
#5 sha256:f7183dc9df43450828b9488e5a3ade16be6e2e60af264110394b1687620f1029 54.53MB / 62.99MB 3.8s
#5 sha256:f7183dc9df43450828b9488e5a3ade16be6e2e60af264110394b1687620f1029 60.82MB / 62.99MB 3.9s
#5 sha256:2524371be50d9c4849d98602793193ce9979872d189e7401095f60faaba7ef9c 197.13MB / 205.01MB 4.0s
#5 extracting sha256:c5e155d5a1d130a7f8a3e24cee0d9e1349bff13f90ec6a941478e558fde53c14 2.6s done
#5 sha256:03321dce714a6bdf06550444851847fcdeab49d22ca966bfabb785569b0adacc 119.94MB / 119.94MB 5.0s done
#5 sha256:f7183dc9df43450828b9488e5a3ade16be6e2e60af264110394b1687620f1029 62.99MB / 62.99MB 6.9s done
#5 sha256:2524371be50d9c4849d98602793193ce9979872d189e7401095f60faaba7ef9c 205.01MB / 205.01MB 9.0s
#5 sha256:2524371be50d9c4849d98602793193ce9979872d189e7401095f60faaba7ef9c 205.01MB / 205.01MB 10.0s done
#5 sha256:8a94f51ef61276077f2914ee1d5b08b7bdc5b2bc4f3d7c1bcb44ab5170ca26fb 0B / 3.77MB 10.2s
#5 sha256:0871071b828293fdee2a2dc18ea29001cecbb55e49db1609d7664be3ba629265 0B / 1.52kB 10.2s
#5 extracting sha256:2524371be50d9c4849d98602793193ce9979872d189e7401095f60faaba7ef9c 0.1s
#5 sha256:d20d9e24f0ce5fafc1dee734d94b9e4992114adc22e2841f5f702165ced828ec 0B / 709B 10.3s
#5 sha256:8a94f51ef61276077f2914ee1d5b08b7bdc5b2bc4f3d7c1bcb44ab5170ca26fb 1.05MB / 3.77MB 10.4s
#5 sha256:8a94f51ef61276077f2914ee1d5b08b7bdc5b2bc4f3d7c1bcb44ab5170ca26fb 3.77MB / 3.77MB 10.5s
#5 sha256:0871071b828293fdee2a2dc18ea29001cecbb55e49db1609d7664be3ba629265 1.52kB / 1.52kB 10.5s done
#5 sha256:d20d9e24f0ce5fafc1dee734d94b9e4992114adc22e2841f5f702165ced828ec 709B / 709B 10.5s
#5 sha256:8a94f51ef61276077f2914ee1d5b08b7bdc5b2bc4f3d7c1bcb44ab5170ca26fb 3.77MB / 3.77MB 10.5s done
#5 sha256:d20d9e24f0ce5fafc1dee734d94b9e4992114adc22e2841f5f702165ced828ec 709B / 709B 10.6s done
#5 sha256:ecd0c9d884a28a19dc3a0b20935b27b66544d5a07fc2eac934f568d10f6a5ddf 0B / 243B 10.7s
#5 sha256:ecd0c9d884a28a19dc3a0b20935b27b66544d5a07fc2eac934f568d10f6a5ddf 243B / 243B 10.9s done
#5 sha256:89978b67f5d2246b360fdf07a2a3c7a77be39f4abd21189e89db80a19a398b7d 0B / 316.91MB 10.9s
#5 sha256:34198166c3ef58306c4db973cbbbcfcc3113047e4606a65beb8b6ae71584cc2a 0B / 407B 10.9s
#5 sha256:34198166c3ef58306c4db973cbbbcfcc3113047e4606a65beb8b6ae71584cc2a 407B / 407B 11.0s
#5 sha256:89978b67f5d2246b360fdf07a2a3c7a77be39f4abd21189e89db80a19a398b7d 18.87MB / 316.91MB 11.1s
#5 sha256:34198166c3ef58306c4db973cbbbcfcc3113047e4606a65beb8b6ae71584cc2a 407B / 407B 11.0s done
#5 sha256:89978b67f5d2246b360fdf07a2a3c7a77be39f4abd21189e89db80a19a398b7d 49.28MB / 316.91MB 11.4s
#5 sha256:89978b67f5d2246b360fdf07a2a3c7a77be39f4abd21189e89db80a19a398b7d 68.16MB / 316.91MB 11.6s
#5 sha256:89978b67f5d2246b360fdf07a2a3c7a77be39f4abd21189e89db80a19a398b7d 87.03MB / 316.91MB 11.8s
#5 sha256:89978b67f5d2246b360fdf07a2a3c7a77be39f4abd21189e89db80a19a398b7d 113.25MB / 316.91MB 12.1s
#5 sha256:89978b67f5d2246b360fdf07a2a3c7a77be39f4abd21189e89db80a19a398b7d 130.02MB / 316.91MB 12.3s
#5 sha256:89978b67f5d2246b360fdf07a2a3c7a77be39f4abd21189e89db80a19a398b7d 155.19MB / 316.91MB 12.6s
#5 sha256:89978b67f5d2246b360fdf07a2a3c7a77be39f4abd21189e89db80a19a398b7d 176.16MB / 316.91MB 12.8s
#5 sha256:89978b67f5d2246b360fdf07a2a3c7a77be39f4abd21189e89db80a19a398b7d 195.04MB / 316.91MB 13.0s
#5 sha256:89978b67f5d2246b360fdf07a2a3c7a77be39f4abd21189e89db80a19a398b7d 224.40MB / 316.91MB 13.3s
#5 sha256:89978b67f5d2246b360fdf07a2a3c7a77be39f4abd21189e89db80a19a398b7d 244.32MB / 316.91MB 13.5s
#5 sha256:89978b67f5d2246b360fdf07a2a3c7a77be39f4abd21189e89db80a19a398b7d 267.39MB / 316.91MB 13.8s
#5 sha256:89978b67f5d2246b360fdf07a2a3c7a77be39f4abd21189e89db80a19a398b7d 287.31MB / 316.91MB 14.0s
#5 sha256:89978b67f5d2246b360fdf07a2a3c7a77be39f4abd21189e89db80a19a398b7d 308.28MB / 316.91MB 14.3s
#5 extracting sha256:2524371be50d9c4849d98602793193ce9979872d189e7401095f60faaba7ef9c 5.2s
#5 sha256:89978b67f5d2246b360fdf07a2a3c7a77be39f4abd21189e89db80a19a398b7d 316.91MB / 316.91MB 19.2s done
#5 extracting sha256:2524371be50d9c4849d98602793193ce9979872d189e7401095f60faaba7ef9c 10.3s
#5 extracting sha256:2524371be50d9c4849d98602793193ce9979872d189e7401095f60faaba7ef9c 10.4s done
#5 extracting sha256:03321dce714a6bdf06550444851847fcdeab49d22ca966bfabb785569b0adacc
#5 extracting sha256:03321dce714a6bdf06550444851847fcdeab49d22ca966bfabb785569b0adacc 5.1s
#5 extracting sha256:03321dce714a6bdf06550444851847fcdeab49d22ca966bfabb785569b0adacc 7.6s done
#5 extracting sha256:f7183dc9df43450828b9488e5a3ade16be6e2e60af264110394b1687620f1029
#5 extracting sha256:f7183dc9df43450828b9488e5a3ade16be6e2e60af264110394b1687620f1029 5.1s
#5 extracting sha256:f7183dc9df43450828b9488e5a3ade16be6e2e60af264110394b1687620f1029 5.2s done
#5 extracting sha256:8a94f51ef61276077f2914ee1d5b08b7bdc5b2bc4f3d7c1bcb44ab5170ca26fb
#5 extracting sha256:8a94f51ef61276077f2914ee1d5b08b7bdc5b2bc4f3d7c1bcb44ab5170ca26fb 0.2s done
#5 extracting sha256:0871071b828293fdee2a2dc18ea29001cecbb55e49db1609d7664be3ba629265
#5 extracting sha256:0871071b828293fdee2a2dc18ea29001cecbb55e49db1609d7664be3ba629265 done
#5 extracting sha256:d20d9e24f0ce5fafc1dee734d94b9e4992114adc22e2841f5f702165ced828ec
#5 extracting sha256:d20d9e24f0ce5fafc1dee734d94b9e4992114adc22e2841f5f702165ced828ec done
#5 extracting sha256:ecd0c9d884a28a19dc3a0b20935b27b66544d5a07fc2eac934f568d10f6a5ddf
#5 extracting sha256:ecd0c9d884a28a19dc3a0b20935b27b66544d5a07fc2eac934f568d10f6a5ddf done
#5 extracting sha256:34198166c3ef58306c4db973cbbbcfcc3113047e4606a65beb8b6ae71584cc2a
#5 extracting sha256:34198166c3ef58306c4db973cbbbcfcc3113047e4606a65beb8b6ae71584cc2a done
#5 extracting sha256:89978b67f5d2246b360fdf07a2a3c7a77be39f4abd21189e89db80a19a398b7d
#5 extracting sha256:89978b67f5d2246b360fdf07a2a3c7a77be39f4abd21189e89db80a19a398b7d 5.2s
#5 extracting sha256:89978b67f5d2246b360fdf07a2a3c7a77be39f4abd21189e89db80a19a398b7d 10.2s
#5 extracting sha256:89978b67f5d2246b360fdf07a2a3c7a77be39f4abd21189e89db80a19a398b7d 14.6s done
#5 DONE 74.1s

#7 [rockerh3 2/4] RUN apt-get update   && apt-get install -y --no-install-recommends cmake
#7 0.551 Ign:1 http://security.debian.org/debian-security stretch/updates InRelease
#7 0.553 Err:2 http://security.debian.org/debian-security stretch/updates Release
#7 0.553   404  Not Found [IP: 151.101.2.132 80]
#7 0.566 Ign:3 http://deb.debian.org/debian stretch InRelease
#7 0.576 Ign:4 http://deb.debian.org/debian stretch-updates InRelease
#7 0.586 Err:5 http://deb.debian.org/debian stretch Release
#7 0.586   404  Not Found
#7 0.596 Err:6 http://deb.debian.org/debian stretch-updates Release
#7 0.596   404  Not Found
#7 0.600 Reading package lists...
#7 1.269 E: The repository 'http://security.debian.org/debian-security stretch/updates Release' does no longer have a Release file.
#7 1.269 E: The repository 'http://deb.debian.org/debian stretch Release' does no longer have a Release file.
#7 1.269 E: The repository 'http://deb.debian.org/debian stretch-updates Release' does no longer have a Release file.
#7 ERROR: process "/bin/sh -c apt-get update   && apt-get install -y --no-install-recommends cmake" did not complete successfully: exit code: 100
------
 > [rockerh3 2/4] RUN apt-get update   && apt-get install -y --no-install-recommends cmake:
0.551 Ign:1 http://security.debian.org/debian-security stretch/updates InRelease

1.269 E: The repository 'http://security.debian.org/debian-security stretch/updates Release' does no longer have a Release file.
1.269 E: The repository 'http://deb.debian.org/debian stretch Release' does no longer have a Release file.
1.269 E: The repository 'http://deb.debian.org/debian stretch-updates Release' does no longer have a Release file.
------
Dockerfile:10
--------------------
   9 |     
  10 | >>> RUN apt-get update \
  11 | >>>   && apt-get install -y --no-install-recommends cmake
  12 |     
--------------------
ERROR: failed to solve: process "/bin/sh -c apt-get update   && apt-get install -y --no-install-recommends cmake" did not complete successfully: exit code: 100
Duration: 1:33.21