#0 building with "default" instance using docker driver

#1 [internal] load .dockerignore
#1 transferring context:
#1 ...

#2 [internal] load build definition from Dockerfile
#2 transferring dockerfile: 12.26kB 0.2s done
#2 DONE 0.5s

#1 [internal] load .dockerignore
#1 transferring context: 501B 0.0s done
#1 DONE 0.6s

#3 [internal] load metadata for docker.io/library/php:7.0-fpm-stretch
#3 ...

#4 [auth] library/php:pull token for registry-1.docker.io
#4 DONE 0.0s

#3 [internal] load metadata for docker.io/library/php:7.0-fpm-stretch
#3 DONE 1.7s

#5 [phraseanet-saml-sp 1/4] FROM docker.io/library/php:7.0-fpm-stretch@sha256:8e8644c0fd61424939fff072ca617469550bbb659158301a2dcadf334746a1c2
#5 resolve docker.io/library/php:7.0-fpm-stretch@sha256:8e8644c0fd61424939fff072ca617469550bbb659158301a2dcadf334746a1c2
#5 resolve docker.io/library/php:7.0-fpm-stretch@sha256:8e8644c0fd61424939fff072ca617469550bbb659158301a2dcadf334746a1c2 0.5s done
#5 ...

#6 [internal] load build context
#6 transferring context: 102.85kB 0.2s done
#6 DONE 0.6s

#5 [phraseanet-saml-sp 1/4] FROM docker.io/library/php:7.0-fpm-stretch@sha256:8e8644c0fd61424939fff072ca617469550bbb659158301a2dcadf334746a1c2
#5 sha256:29e9a8718c7b68bf3cd9400d0009e4be425784511c2a36a727f53aa2ee84a617 11.01kB / 11.01kB done
#5 sha256:8e8644c0fd61424939fff072ca617469550bbb659158301a2dcadf334746a1c2 2.37kB / 2.37kB done
#5 sha256:b2acefa34619a2ea8bf03c3c147f15dfff83923acdf61298162d32626781fa56 2.41kB / 2.41kB done
#5 sha256:1df95586682bf73e9a360188068a394c133b4bfbbdeea35649c5559ef67b7702 0B / 27.23MB 0.2s
#5 sha256:1df95586682bf73e9a360188068a394c133b4bfbbdeea35649c5559ef67b7702 3.15MB / 27.23MB 0.4s
#5 sha256:8069cdba34b57cf2698bf9085fca561f815d34e91a6192e9ee96bf525fcaf07f 0B / 12.36MB 0.4s
#5 sha256:25ae788babab2686772df6df80382e6f588cedd7da616ed65dda6a1c5f4902c1 0B / 500B 0.4s
#5 sha256:1df95586682bf73e9a360188068a394c133b4bfbbdeea35649c5559ef67b7702 5.24MB / 27.23MB 0.5s
#5 sha256:8069cdba34b57cf2698bf9085fca561f815d34e91a6192e9ee96bf525fcaf07f 8.39MB / 12.36MB 0.5s
#5 sha256:1df95586682bf73e9a360188068a394c133b4bfbbdeea35649c5559ef67b7702 9.44MB / 27.23MB 0.7s
#5 sha256:8069cdba34b57cf2698bf9085fca561f815d34e91a6192e9ee96bf525fcaf07f 12.36MB / 12.36MB 0.7s
#5 sha256:25ae788babab2686772df6df80382e6f588cedd7da616ed65dda6a1c5f4902c1 500B / 500B 0.6s done
#5 sha256:4c66f054f3223cfd1d428c5076dac954950cb3070c5c6756f8218767b88471bb 0B / 2.19kB 0.7s
#5 sha256:4c66f054f3223cfd1d428c5076dac954950cb3070c5c6756f8218767b88471bb 2.19kB / 2.19kB 0.8s
#5 sha256:8069cdba34b57cf2698bf9085fca561f815d34e91a6192e9ee96bf525fcaf07f 12.36MB / 12.36MB 0.9s done
#5 sha256:4c66f054f3223cfd1d428c5076dac954950cb3070c5c6756f8218767b88471bb 2.19kB / 2.19kB 0.9s done
#5 extracting sha256:8069cdba34b57cf2698bf9085fca561f815d34e91a6192e9ee96bf525fcaf07f 0.1s
#5 extracting sha256:8069cdba34b57cf2698bf9085fca561f815d34e91a6192e9ee96bf525fcaf07f 0.1s done
#5 sha256:b7221dc910cfe17a8201f0d7fcec62a1ecbb64cb15537e3d4c9af0ec7e063441 128B / 128B 1.1s done
#5 sha256:71b3dbdbc6f4757dce54e6bb2154f9a7b24b4111d1686e4cc9baea32f1d60c1a 7.76kB / 7.76kB 1.1s
#5 sha256:71b3dbdbc6f4757dce54e6bb2154f9a7b24b4111d1686e4cc9baea32f1d60c1a 7.76kB / 7.76kB 1.2s done
#5 extracting sha256:25ae788babab2686772df6df80382e6f588cedd7da616ed65dda6a1c5f4902c1
#5 sha256:1df95586682bf73e9a360188068a394c133b4bfbbdeea35649c5559ef67b7702 24.12MB / 27.23MB 1.4s
#5 extracting sha256:25ae788babab2686772df6df80382e6f588cedd7da616ed65dda6a1c5f4902c1 0.0s done
#5 sha256:1df95586682bf73e9a360188068a394c133b4bfbbdeea35649c5559ef67b7702 27.23MB / 27.23MB 1.5s
#5 sha256:1df95586682bf73e9a360188068a394c133b4bfbbdeea35649c5559ef67b7702 27.23MB / 27.23MB 1.9s done
#5 extracting sha256:1df95586682bf73e9a360188068a394c133b4bfbbdeea35649c5559ef67b7702 0.1s
#5 extracting sha256:1df95586682bf73e9a360188068a394c133b4bfbbdeea35649c5559ef67b7702 1.6s done
#5 extracting sha256:4c66f054f3223cfd1d428c5076dac954950cb3070c5c6756f8218767b88471bb
#5 extracting sha256:4c66f054f3223cfd1d428c5076dac954950cb3070c5c6756f8218767b88471bb done
#5 extracting sha256:b7221dc910cfe17a8201f0d7fcec62a1ecbb64cb15537e3d4c9af0ec7e063441
#5 extracting sha256:b7221dc910cfe17a8201f0d7fcec62a1ecbb64cb15537e3d4c9af0ec7e063441 done
#5 extracting sha256:71b3dbdbc6f4757dce54e6bb2154f9a7b24b4111d1686e4cc9baea32f1d60c1a
#5 extracting sha256:71b3dbdbc6f4757dce54e6bb2154f9a7b24b4111d1686e4cc9baea32f1d60c1a done
#5 DONE 6.7s

#7 [phraseanet-saml-sp 2/4] RUN adduser --uid 1000 --disabled-password app
#7 0.652 Adding user `app' ...
#7 0.652 Adding new group `app' (1000) ...
#7 0.815 Adding new user `app' (1000) with group `app' ...
#7 1.135 Creating home directory `/home/app' ...
#7 1.135 Copying files from `/etc/skel' ...
#7 1.272 Changing the user information for app
#7 1.272 Enter the new value, or press ENTER for the default
#7 1.272 	Full Name []: 	Room Number []: 	Work Phone []: 	Home Phone []: 	Other []: Use of uninitialized value $answer in chop at /usr/sbin/adduser line 582.
#7 1.309 Use of uninitialized value $answer in pattern match (m//) at /usr/sbin/adduser line 583.
#7 1.309 Is the information correct? [Y/n] 
#7 DONE 3.2s

#8 [phraseanet-saml-sp 3/4] RUN echo "deb http://deb.debian.org/debian stretch main non-free" > /etc/apt/sources.list     && apt-get update     && apt-get install -y         apt-transport-https         ca-certificates         gnupg2         wget         nginx         zlib1g-dev         automake         git         libmcrypt-dev         libzmq3-dev         libtool         locales         gettext         mcrypt         libldap2-dev     && curl -Ls https://github.com/simplesamlphp/simplesamlphp/releases/download/simplesamlphp-1.10.0/simplesamlphp-1.10.0.tar.gz | tar xzvf - -C /var/www/     && docker-php-ext-configure ldap --with-libdir=lib/x86_64-linux-gnu/     && docker-php-ext-install -j$(nproc) ldap     && docker-php-ext-install zip mbstring pdo_mysql gettext mcrypt     && pecl install         redis     && docker-php-ext-enable redis     && pecl clear-cache     && docker-php-source delete
#8 0.806 Ign:1 http://deb.debian.org/debian stretch InRelease
#8 0.816 Ign:2 http://deb.debian.org/debian stretch Release
#8 1.138 Ign:3 http://deb.debian.org/debian stretch/non-free amd64 Packages
#8 1.149 Ign:4 http://deb.debian.org/debian stretch/non-free all Packages
#8 1.308 Ign:5 http://deb.debian.org/debian stretch/main amd64 Packages
#8 1.319 Ign:6 http://deb.debian.org/debian stretch/main all Packages
#8 1.477 Ign:3 http://deb.debian.org/debian stretch/non-free amd64 Packages
#8 1.488 Ign:4 http://deb.debian.org/debian stretch/non-free all Packages
#8 1.645 Ign:5 http://deb.debian.org/debian stretch/main amd64 Packages
#8 1.655 Ign:6 http://deb.debian.org/debian stretch/main all Packages
#8 1.961 Ign:3 http://deb.debian.org/debian stretch/non-free amd64 Packages
#8 1.972 Ign:4 http://deb.debian.org/debian stretch/non-free all Packages
#8 2.129 Ign:5 http://deb.debian.org/debian stretch/main amd64 Packages
#8 2.140 Ign:6 http://deb.debian.org/debian stretch/main all Packages
#8 2.298 Ign:3 http://deb.debian.org/debian stretch/non-free amd64 Packages
#8 2.308 Ign:4 http://deb.debian.org/debian stretch/non-free all Packages
#8 2.467 Ign:5 http://deb.debian.org/debian stretch/main amd64 Packages
#8 2.477 Ign:6 http://deb.debian.org/debian stretch/main all Packages
#8 2.784 Ign:3 http://deb.debian.org/debian stretch/non-free amd64 Packages
#8 2.794 Ign:4 http://deb.debian.org/debian stretch/non-free all Packages
#8 2.952 Ign:5 http://deb.debian.org/debian stretch/main amd64 Packages
#8 2.962 Ign:6 http://deb.debian.org/debian stretch/main all Packages
#8 3.121 Err:3 http://deb.debian.org/debian stretch/non-free amd64 Packages
#8 3.121   404  Not Found
#8 3.130 Ign:4 http://deb.debian.org/debian stretch/non-free all Packages
#8 3.288 Ign:5 http://deb.debian.org/debian stretch/main amd64 Packages
#8 3.307 Ign:6 http://deb.debian.org/debian stretch/main all Packages
#8 3.327 Reading package lists...
#8 3.336 W: The repository 'http://deb.debian.org/debian stretch Release' does not have a Release file.
#8 3.336 E: Failed to fetch http://deb.debian.org/debian/dists/stretch/non-free/binary-amd64/Packages  404  Not Found
#8 3.336 E: Some index files failed to download. They have been ignored, or old ones used instead.
#8 ERROR: process "/bin/sh -c echo \"deb http://deb.debian.org/debian stretch main non-free\" > /etc/apt/sources.list     && apt-get update     && apt-get install -y         apt-transport-https         ca-certificates         gnupg2         wget         nginx         zlib1g-dev         automake         git         libmcrypt-dev         libzmq3-dev         libtool         locales         gettext         mcrypt         libldap2-dev     && curl -Ls https://github.com/simplesamlphp/simplesamlphp/releases/download/simplesamlphp-1.10.0/simplesamlphp-1.10.0.tar.gz | tar xzvf - -C /var/www/     && docker-php-ext-configure ldap --with-libdir=lib/x86_64-linux-gnu/     && docker-php-ext-install -j$(nproc) ldap     && docker-php-ext-install zip mbstring pdo_mysql gettext mcrypt     && pecl install         redis     && docker-php-ext-enable redis     && pecl clear-cache     && docker-php-source delete" did not complete successfully: exit code: 100
------
 > [phraseanet-saml-sp 3/4] RUN echo "deb http://deb.debian.org/debian stretch main non-free" > /etc/apt/sources.list     && apt-get update     && apt-get install -y         apt-transport-https         ca-certificates         gnupg2         wget         nginx         zlib1g-dev         automake         git         libmcrypt-dev         libzmq3-dev         libtool         locales         gettext         mcrypt         libldap2-dev     && curl -Ls https://github.com/simplesamlphp/simplesamlphp/releases/download/simplesamlphp-1.10.0/simplesamlphp-1.10.0.tar.gz | tar xzvf - -C /var/www/     && docker-php-ext-configure ldap --with-libdir=lib/x86_64-linux-gnu/     && docker-php-ext-install -j$(nproc) ldap     && docker-php-ext-install zip mbstring pdo_mysql gettext mcrypt     && pecl install         redis     && docker-php-ext-enable redis     && pecl clear-cache     && docker-php-source delete:
2.962 Ign:6 http://deb.debian.org/debian stretch/main all Packages
3.121 Err:3 http://deb.debian.org/debian stretch/non-free amd64 Packages
3.121   404  Not Found
3.130 Ign:4 http://deb.debian.org/debian stretch/non-free all Packages
3.288 Ign:5 http://deb.debian.org/debian stretch/main amd64 Packages
3.307 Ign:6 http://deb.debian.org/debian stretch/main all Packages
3.327 Reading package lists...
3.336 W: The repository 'http://deb.debian.org/debian stretch Release' does not have a Release file.
3.336 E: Failed to fetch http://deb.debian.org/debian/dists/stretch/non-free/binary-amd64/Packages  404  Not Found
3.336 E: Some index files failed to download. They have been ignored, or old ones used instead.
------
Dockerfile:330
--------------------
 329 |     RUN adduser --uid 1000 --disabled-password app
 330 | >>> RUN echo "deb http://deb.debian.org/debian stretch main non-free" > /etc/apt/sources.list \
 331 | >>>     && apt-get update \
 332 | >>>     && apt-get install -y \
 333 | >>>         apt-transport-https \
 334 | >>>         ca-certificates \
 335 | >>>         gnupg2 \
 336 | >>>         wget \
 337 | >>>         nginx \
 338 | >>>         zlib1g-dev \
 339 | >>>         automake \
 340 | >>>         git \
 341 | >>>         libmcrypt-dev \
 342 | >>>         libzmq3-dev \
 343 | >>>         libtool \
 344 | >>>         locales \
 345 | >>>         gettext \
 346 | >>>         mcrypt \
 347 | >>>         libldap2-dev \
 348 | >>>     && curl -Ls https://github.com/simplesamlphp/simplesamlphp/releases/download/simplesamlphp-1.10.0/simplesamlphp-1.10.0.tar.gz | tar xzvf - -C /var/www/ \
 349 | >>>     && docker-php-ext-configure ldap --with-libdir=lib/x86_64-linux-gnu/ \
 350 | >>>     && docker-php-ext-install -j$(nproc) ldap \
 351 | >>>     && docker-php-ext-install zip mbstring pdo_mysql gettext mcrypt \
 352 | >>>     && pecl install \
 353 | >>>         redis \
 354 | >>>     && docker-php-ext-enable redis \
 355 | >>>     && pecl clear-cache \
 356 | >>>     && docker-php-source delete
 357 |     ADD ./docker/phraseanet/saml-sp/root /
--------------------
ERROR: failed to solve: process "/bin/sh -c echo \"deb http://deb.debian.org/debian stretch main non-free\" > /etc/apt/sources.list     && apt-get update     && apt-get install -y         apt-transport-https         ca-certificates         gnupg2         wget         nginx         zlib1g-dev         automake         git         libmcrypt-dev         libzmq3-dev         libtool         locales         gettext         mcrypt         libldap2-dev     && curl -Ls https://github.com/simplesamlphp/simplesamlphp/releases/download/simplesamlphp-1.10.0/simplesamlphp-1.10.0.tar.gz | tar xzvf - -C /var/www/     && docker-php-ext-configure ldap --with-libdir=lib/x86_64-linux-gnu/     && docker-php-ext-install -j$(nproc) ldap     && docker-php-ext-install zip mbstring pdo_mysql gettext mcrypt     && pecl install         redis     && docker-php-ext-enable redis     && pecl clear-cache     && docker-php-source delete" did not complete successfully: exit code: 100
Duration: 0:16.45