#0 building with "default" instance using docker driver

#1 [internal] load build definition from v1_Dockerfile
#1 transferring dockerfile: 467B done
#1 DONE 0.0s

#2 [internal] load metadata for docker.io/library/alpine:latest
#2 DONE 0.6s

#3 [internal] load .dockerignore
#3 transferring context: 2B done
#3 DONE 0.0s

#4 [1/5] FROM docker.io/library/alpine:latest@sha256:0a4eaa0eecf5f8c050e5bba433f58c052be7587ee8af3e8b3910ef9ab5fbe9f5
#4 resolve docker.io/library/alpine:latest@sha256:0a4eaa0eecf5f8c050e5bba433f58c052be7587ee8af3e8b3910ef9ab5fbe9f5 0.0s done
#4 sha256:0a4eaa0eecf5f8c050e5bba433f58c052be7587ee8af3e8b3910ef9ab5fbe9f5 1.85kB / 1.85kB done
#4 sha256:eddacbc7e24bf8799a4ed3cdcfa50d4b88a323695ad80f317b6629883b2c2a78 528B / 528B done
#4 sha256:324bc02ae1231fd9255658c128086395d3fa0aedd5a41ab6b034fd649d1a9260 1.47kB / 1.47kB done
#4 sha256:c6a83fedfae6ed8a4f5f7cbb6a7b6f1c1ec3d86fea8cb9e5ba2e5e6673fde9f6 0B / 3.62MB 0.1s
#4 sha256:c6a83fedfae6ed8a4f5f7cbb6a7b6f1c1ec3d86fea8cb9e5ba2e5e6673fde9f6 3.62MB / 3.62MB 0.2s done
#4 extracting sha256:c6a83fedfae6ed8a4f5f7cbb6a7b6f1c1ec3d86fea8cb9e5ba2e5e6673fde9f6 0.1s done
#4 DONE 0.4s

#5 [2/5] RUN apk --update add --no-cache python3 py3-pip openssl ca-certificates
#5 0.173 fetch https://dl-cdn.alpinelinux.org/alpine/v3.20/main/x86_64/APKINDEX.tar.gz
#5 0.273 fetch https://dl-cdn.alpinelinux.org/alpine/v3.20/community/x86_64/APKINDEX.tar.gz
#5 0.551 (1/27) Installing ca-certificates (20240705-r0)
#5 0.574 (2/27) Installing openssl (3.3.1-r3)
#5 0.589 (3/27) Installing libbz2 (1.0.8-r6)
#5 0.601 (4/27) Installing libexpat (2.6.2-r0)
#5 0.610 (5/27) Installing libffi (3.4.6-r0)
#5 0.621 (6/27) Installing gdbm (1.23-r1)
#5 0.630 (7/27) Installing xz-libs (5.6.1-r3)
#5 0.640 (8/27) Installing libgcc (13.2.1_git20240309-r0)
#5 0.650 (9/27) Installing libstdc++ (13.2.1_git20240309-r0)
#5 0.688 (10/27) Installing mpdecimal (4.0.0-r0)
#5 0.698 (11/27) Installing ncurses-terminfo-base (6.4_p20240420-r0)
#5 0.709 (12/27) Installing libncursesw (6.4_p20240420-r0)
#5 0.722 (13/27) Installing libpanelw (6.4_p20240420-r0)
#5 0.731 (14/27) Installing readline (8.2.10-r0)
#5 0.742 (15/27) Installing sqlite-libs (3.45.3-r1)
#5 0.766 (16/27) Installing python3 (3.12.3-r1)
#5 0.993 (17/27) Installing python3-pycache-pyc0 (3.12.3-r1)
#5 1.136 (18/27) Installing pyc (3.12.3-r1)
#5 1.144 (19/27) Installing py3-setuptools-pyc (69.5.1-r0)
#5 1.200 (20/27) Installing py3-pip-pyc (24.0-r2)
#5 1.304 (21/27) Installing py3-parsing (3.1.2-r1)
#5 1.317 (22/27) Installing py3-parsing-pyc (3.1.2-r1)
#5 1.330 (23/27) Installing py3-packaging-pyc (24.0-r1)
#5 1.340 (24/27) Installing python3-pyc (3.12.3-r1)
#5 1.348 (25/27) Installing py3-packaging (24.0-r1)
#5 1.358 (26/27) Installing py3-setuptools (69.5.1-r0)
#5 1.404 (27/27) Installing py3-pip (24.0-r2)
#5 1.501 Executing busybox-1.36.1-r29.trigger
#5 1.505 Executing ca-certificates-20240705-r0.trigger
#5 1.535 OK: 77 MiB in 41 packages
#5 DONE 1.9s

#6 [3/5] RUN apk --update --no-cache add --virtual build-dependencies python3-dev build-base wget git py3-lxml   && git clone https://github.com/UnkL4b/GitMiner.git
#6 0.162 fetch https://dl-cdn.alpinelinux.org/alpine/v3.20/main/x86_64/APKINDEX.tar.gz
#6 0.286 fetch https://dl-cdn.alpinelinux.org/alpine/v3.20/community/x86_64/APKINDEX.tar.gz
#6 0.573 (1/39) Installing pkgconf (2.2.0-r0)
#6 0.588 (2/39) Installing python3-dev (3.12.3-r1)
#6 1.282 (3/39) Installing jansson (2.14-r4)
#6 1.295 (4/39) Installing zstd-libs (1.5.6-r0)
#6 1.315 (5/39) Installing binutils (2.42-r0)
#6 1.407 (6/39) Installing libmagic (5.45-r1)
#6 1.442 (7/39) Installing file (5.45-r1)
#6 1.455 (8/39) Installing libgomp (13.2.1_git20240309-r0)
#6 1.470 (9/39) Installing libatomic (13.2.1_git20240309-r0)
#6 1.482 (10/39) Installing gmp (6.3.0-r1)
#6 1.500 (11/39) Installing isl26 (0.26-r1)
#6 1.531 (12/39) Installing mpfr4 (4.2.1-r0)
#6 1.548 (13/39) Installing mpc1 (1.3.1-r1)
#6 1.562 (14/39) Installing gcc (13.2.1_git20240309-r0)
#6 2.632 (15/39) Installing libstdc++-dev (13.2.1_git20240309-r0)
#6 2.802 (16/39) Installing musl-dev (1.2.5-r0)
#6 2.891 (17/39) Installing g++ (13.2.1_git20240309-r0)
#6 3.216 (18/39) Installing make (4.4.1-r2)
#6 3.231 (19/39) Installing fortify-headers (1.1-r3)
#6 3.245 (20/39) Installing patch (2.7.6-r10)
#6 3.260 (21/39) Installing build-base (0.5-r3)
#6 3.271 (22/39) Installing libunistring (1.2-r0)
#6 3.294 (23/39) Installing libidn2 (2.3.7-r0)
#6 3.308 (24/39) Installing pcre2 (10.43-r0)
#6 3.327 (25/39) Installing wget (1.24.5-r0)
#6 3.345 (26/39) Installing brotli-libs (1.1.0-r2)
#6 3.365 (27/39) Installing c-ares (1.28.1-r0)
#6 3.378 (28/39) Installing nghttp2-libs (1.62.1-r0)
#6 3.392 (29/39) Installing libpsl (0.21.5-r1)
#6 3.404 (30/39) Installing libcurl (8.9.0-r0)
#6 3.422 (31/39) Installing git (2.45.2-r0)
#6 3.512 (32/39) Installing git-init-template (2.45.2-r0)
#6 3.525 (33/39) Installing libgpg-error (1.49-r0)
#6 3.542 (34/39) Installing libgcrypt (1.10.3-r0)
#6 3.565 (35/39) Installing libxml2 (2.12.7-r0)
#6 3.586 (36/39) Installing libxslt (1.1.39-r1)
#6 3.603 (37/39) Installing py3-lxml (5.1.0-r0)
#6 3.652 (38/39) Installing py3-lxml-pyc (5.1.0-r0)
#6 3.669 (39/39) Installing build-dependencies (20240801.081053)
#6 3.670 Executing busybox-1.36.1-r29.trigger
#6 3.676 OK: 401 MiB in 80 packages
#6 3.743 Cloning into 'GitMiner'...
#6 DONE 6.1s

#7 [4/5] WORKDIR GitMiner
#7 DONE 0.1s

#8 [5/5] RUN pip3 install --no-cache-dir -r requirements.txt
#8 1.488 error: externally-managed-environment
#8 1.488 
#8 1.488 × This environment is externally managed
#8 1.488 ╰─> 
#8 1.488     The system-wide python installation should be maintained using the system
#8 1.488     package manager (apk) only.
#8 1.488     
#8 1.488     If the package in question is not packaged already (and hence installable via
#8 1.488     "apk add py3-somepackage"), please consider installing it inside a virtual
#8 1.488     environment, e.g.:
#8 1.488     
#8 1.488     python3 -m venv /path/to/venv
#8 1.488     . /path/to/venv/bin/activate
#8 1.488     pip install mypackage
#8 1.488     
#8 1.488     To exit the virtual environment, run:
#8 1.488     
#8 1.488     deactivate
#8 1.488     
#8 1.488     The virtual environment is not deleted, and can be re-entered by re-sourcing
#8 1.488     the activate file.
#8 1.488     
#8 1.488     To automatically manage virtual environments, consider using pipx (from the
#8 1.488     pipx package).
#8 1.488 
#8 1.488 note: If you believe this is a mistake, please contact your Python installation or OS distribution provider. You can override this, at the risk of breaking your Python installation or OS, by passing --break-system-packages.
#8 1.488 hint: See PEP 668 for the detailed specification.
#8 ERROR: process "/bin/sh -c pip3 install --no-cache-dir -r requirements.txt" did not complete successfully: exit code: 1
------
 > [5/5] RUN pip3 install --no-cache-dir -r requirements.txt:
1.488     deactivate
1.488     
1.488     The virtual environment is not deleted, and can be re-entered by re-sourcing
1.488     the activate file.
1.488     
1.488     To automatically manage virtual environments, consider using pipx (from the
1.488     pipx package).
1.488 
1.488 note: If you believe this is a mistake, please contact your Python installation or OS distribution provider. You can override this, at the risk of breaking your Python installation or OS, by passing --break-system-packages.
1.488 hint: See PEP 668 for the detailed specification.
------
v1_Dockerfile:8
--------------------
   6 |       && git clone https://github.com/UnkL4b/GitMiner.git
   7 |     WORKDIR GitMiner
   8 | >>> RUN pip3 install --no-cache-dir -r requirements.txt
   9 |     ENTRYPOINT ["python3", "git_miner.py"]
  10 |     CMD ["--help"]
--------------------
ERROR: failed to solve: process "/bin/sh -c pip3 install --no-cache-dir -r requirements.txt" did not complete successfully: exit code: 1
Duration: 0:11.14