#0 building with "default" instance using docker driver

#1 [internal] load .dockerignore
#1 transferring context:
#1 ...

#2 [internal] load build definition from Dockerfile
#2 transferring dockerfile: 1.20kB done
#2 DONE 0.4s

#1 [internal] load .dockerignore
#1 transferring context: 2B done
#1 DONE 0.5s

#3 [internal] load metadata for docker.io/library/node:6
#3 ...

#4 [auth] library/node:pull token for registry-1.docker.io
#4 DONE 0.0s

#3 [internal] load metadata for docker.io/library/node:6
#3 DONE 1.6s

#5 [internal] load build context
#5 DONE 0.0s

#6 [1/8] FROM docker.io/library/node:6@sha256:e133e66ec3bfc98da0440e552f452e5cdf6413319d27a2db3b01ac4b319759b3
#6 resolve docker.io/library/node:6@sha256:e133e66ec3bfc98da0440e552f452e5cdf6413319d27a2db3b01ac4b319759b3
#6 resolve docker.io/library/node:6@sha256:e133e66ec3bfc98da0440e552f452e5cdf6413319d27a2db3b01ac4b319759b3 0.2s done
#6 sha256:e133e66ec3bfc98da0440e552f452e5cdf6413319d27a2db3b01ac4b319759b3 2.04kB / 2.04kB done
#6 sha256:92a780ce4191097a1470be20a40a590ac9601e53811c518effeb152ecd41548a 2.01kB / 2.01kB done
#6 sha256:ab290b853066caedc75778bd4839da568ecb2a6b8e27442e0b1ce3c4741f1184 7.34kB / 7.34kB done
#6 sha256:c5e155d5a1d130a7f8a3e24cee0d9e1349bff13f90ec6a941478e558fde53c14 0B / 45.34MB 0.2s
#6 ...

#5 [internal] load build context
#5 transferring context: 1.43kB done
#5 DONE 0.4s

#6 [1/8] FROM docker.io/library/node:6@sha256:e133e66ec3bfc98da0440e552f452e5cdf6413319d27a2db3b01ac4b319759b3
#6 sha256:c5e155d5a1d130a7f8a3e24cee0d9e1349bff13f90ec6a941478e558fde53c14 3.15MB / 45.34MB 0.3s
#6 sha256:221d80d00ae9675aad24913aacbadfac1ce8b7084f9765a6c0813486082c5c69 0B / 10.78MB 0.3s
#6 sha256:c5e155d5a1d130a7f8a3e24cee0d9e1349bff13f90ec6a941478e558fde53c14 8.39MB / 45.34MB 0.4s
#6 sha256:4250b3117dca5e14edc32ebf1366cd54e4cda91f17610b76c504a86917ff8b95 0B / 4.34MB 0.4s
#6 sha256:c5e155d5a1d130a7f8a3e24cee0d9e1349bff13f90ec6a941478e558fde53c14 12.58MB / 45.34MB 0.5s
#6 sha256:221d80d00ae9675aad24913aacbadfac1ce8b7084f9765a6c0813486082c5c69 2.10MB / 10.78MB 0.5s
#6 sha256:c5e155d5a1d130a7f8a3e24cee0d9e1349bff13f90ec6a941478e558fde53c14 22.02MB / 45.34MB 0.7s
#6 sha256:221d80d00ae9675aad24913aacbadfac1ce8b7084f9765a6c0813486082c5c69 9.44MB / 10.78MB 0.7s
#6 sha256:4250b3117dca5e14edc32ebf1366cd54e4cda91f17610b76c504a86917ff8b95 4.34MB / 4.34MB 0.7s
#6 sha256:c5e155d5a1d130a7f8a3e24cee0d9e1349bff13f90ec6a941478e558fde53c14 27.42MB / 45.34MB 0.8s
#6 sha256:221d80d00ae9675aad24913aacbadfac1ce8b7084f9765a6c0813486082c5c69 10.78MB / 10.78MB 0.8s
#6 sha256:4250b3117dca5e14edc32ebf1366cd54e4cda91f17610b76c504a86917ff8b95 4.34MB / 4.34MB 0.7s done
#6 sha256:c5e155d5a1d130a7f8a3e24cee0d9e1349bff13f90ec6a941478e558fde53c14 31.46MB / 45.34MB 0.9s
#6 sha256:3b7ca19181b24b87e24423c01b490633bc1e47d2fcdc1987bf2e37949d6789b5 0B / 50.07MB 0.9s
#6 sha256:c5e155d5a1d130a7f8a3e24cee0d9e1349bff13f90ec6a941478e558fde53c14 39.85MB / 45.34MB 1.1s
#6 sha256:221d80d00ae9675aad24913aacbadfac1ce8b7084f9765a6c0813486082c5c69 10.78MB / 10.78MB 1.0s done
#6 sha256:3b7ca19181b24b87e24423c01b490633bc1e47d2fcdc1987bf2e37949d6789b5 8.39MB / 50.07MB 1.1s
#6 sha256:425d7b2a5bcc7e8df5041d66655cd6173c16799afefb1645ca0e0b3fa8a1043d 0B / 215.08MB 1.1s
#6 sha256:c5e155d5a1d130a7f8a3e24cee0d9e1349bff13f90ec6a941478e558fde53c14 44.04MB / 45.34MB 1.2s
#6 sha256:3b7ca19181b24b87e24423c01b490633bc1e47d2fcdc1987bf2e37949d6789b5 13.63MB / 50.07MB 1.2s
#6 sha256:3b7ca19181b24b87e24423c01b490633bc1e47d2fcdc1987bf2e37949d6789b5 19.92MB / 50.07MB 1.3s
#6 sha256:3b7ca19181b24b87e24423c01b490633bc1e47d2fcdc1987bf2e37949d6789b5 31.46MB / 50.07MB 1.5s
#6 sha256:425d7b2a5bcc7e8df5041d66655cd6173c16799afefb1645ca0e0b3fa8a1043d 11.53MB / 215.08MB 1.5s
#6 sha256:3b7ca19181b24b87e24423c01b490633bc1e47d2fcdc1987bf2e37949d6789b5 37.75MB / 50.07MB 1.6s
#6 sha256:3b7ca19181b24b87e24423c01b490633bc1e47d2fcdc1987bf2e37949d6789b5 42.99MB / 50.07MB 1.7s
#6 sha256:425d7b2a5bcc7e8df5041d66655cd6173c16799afefb1645ca0e0b3fa8a1043d 23.07MB / 215.08MB 1.7s
#6 sha256:c5e155d5a1d130a7f8a3e24cee0d9e1349bff13f90ec6a941478e558fde53c14 45.34MB / 45.34MB 1.9s done
#6 sha256:3b7ca19181b24b87e24423c01b490633bc1e47d2fcdc1987bf2e37949d6789b5 50.07MB / 50.07MB 1.9s
#6 sha256:425d7b2a5bcc7e8df5041d66655cd6173c16799afefb1645ca0e0b3fa8a1043d 37.75MB / 215.08MB 2.1s
#6 extracting sha256:c5e155d5a1d130a7f8a3e24cee0d9e1349bff13f90ec6a941478e558fde53c14
#6 sha256:425d7b2a5bcc7e8df5041d66655cd6173c16799afefb1645ca0e0b3fa8a1043d 58.72MB / 215.08MB 2.6s
#6 sha256:3b7ca19181b24b87e24423c01b490633bc1e47d2fcdc1987bf2e37949d6789b5 50.07MB / 50.07MB 2.7s done
#6 sha256:425d7b2a5bcc7e8df5041d66655cd6173c16799afefb1645ca0e0b3fa8a1043d 72.35MB / 215.08MB 2.9s
#6 sha256:ea2f5386a42d42ff9729d1cb357ca3741edc32be894150e5024a85655b8523ec 1.05MB / 14.58MB 2.9s
#6 sha256:69df12c70287cf403446724e92cae1e0aa1c74713e27106525e433037c43a087 0B / 4.16kB 2.9s
#6 sha256:ea2f5386a42d42ff9729d1cb357ca3741edc32be894150e5024a85655b8523ec 5.24MB / 14.58MB 3.0s
#6 sha256:69df12c70287cf403446724e92cae1e0aa1c74713e27106525e433037c43a087 4.16kB / 4.16kB 3.0s
#6 sha256:ea2f5386a42d42ff9729d1cb357ca3741edc32be894150e5024a85655b8523ec 10.49MB / 14.58MB 3.1s
#6 sha256:425d7b2a5bcc7e8df5041d66655cd6173c16799afefb1645ca0e0b3fa8a1043d 87.03MB / 215.08MB 3.3s
#6 sha256:ea2f5386a42d42ff9729d1cb357ca3741edc32be894150e5024a85655b8523ec 14.58MB / 14.58MB 3.3s
#6 sha256:425d7b2a5bcc7e8df5041d66655cd6173c16799afefb1645ca0e0b3fa8a1043d 108.00MB / 215.08MB 3.7s
#6 sha256:425d7b2a5bcc7e8df5041d66655cd6173c16799afefb1645ca0e0b3fa8a1043d 123.73MB / 215.08MB 4.0s
#6 sha256:425d7b2a5bcc7e8df5041d66655cd6173c16799afefb1645ca0e0b3fa8a1043d 138.41MB / 215.08MB 4.3s
#6 sha256:425d7b2a5bcc7e8df5041d66655cd6173c16799afefb1645ca0e0b3fa8a1043d 149.95MB / 215.08MB 4.5s
#6 sha256:425d7b2a5bcc7e8df5041d66655cd6173c16799afefb1645ca0e0b3fa8a1043d 162.53MB / 215.08MB 4.7s
#6 sha256:69df12c70287cf403446724e92cae1e0aa1c74713e27106525e433037c43a087 4.16kB / 4.16kB 4.6s done
#6 sha256:d421d2b3c5eb9a47f42f42f82356e2f63b493c49c8bbcc0c070ab4a06446a972 0B / 1.32MB 4.9s
#6 sha256:425d7b2a5bcc7e8df5041d66655cd6173c16799afefb1645ca0e0b3fa8a1043d 177.21MB / 215.08MB 5.0s
#6 sha256:d421d2b3c5eb9a47f42f42f82356e2f63b493c49c8bbcc0c070ab4a06446a972 1.32MB / 1.32MB 5.0s
#6 sha256:425d7b2a5bcc7e8df5041d66655cd6173c16799afefb1645ca0e0b3fa8a1043d 192.94MB / 215.08MB 5.3s
#6 sha256:ea2f5386a42d42ff9729d1cb357ca3741edc32be894150e5024a85655b8523ec 14.58MB / 14.58MB 5.1s done
#6 sha256:d421d2b3c5eb9a47f42f42f82356e2f63b493c49c8bbcc0c070ab4a06446a972 1.32MB / 1.32MB 5.1s done
#6 sha256:425d7b2a5bcc7e8df5041d66655cd6173c16799afefb1645ca0e0b3fa8a1043d 208.67MB / 215.08MB 5.6s
#6 extracting sha256:c5e155d5a1d130a7f8a3e24cee0d9e1349bff13f90ec6a941478e558fde53c14 5.1s
#6 sha256:425d7b2a5bcc7e8df5041d66655cd6173c16799afefb1645ca0e0b3fa8a1043d 215.08MB / 215.08MB 9.0s done
#6 extracting sha256:c5e155d5a1d130a7f8a3e24cee0d9e1349bff13f90ec6a941478e558fde53c14 7.9s done
#6 extracting sha256:221d80d00ae9675aad24913aacbadfac1ce8b7084f9765a6c0813486082c5c69 0.1s
#6 extracting sha256:221d80d00ae9675aad24913aacbadfac1ce8b7084f9765a6c0813486082c5c69 1.3s done
#6 extracting sha256:4250b3117dca5e14edc32ebf1366cd54e4cda91f17610b76c504a86917ff8b95
#6 extracting sha256:4250b3117dca5e14edc32ebf1366cd54e4cda91f17610b76c504a86917ff8b95 0.7s done
#6 extracting sha256:3b7ca19181b24b87e24423c01b490633bc1e47d2fcdc1987bf2e37949d6789b5 0.1s
#6 extracting sha256:3b7ca19181b24b87e24423c01b490633bc1e47d2fcdc1987bf2e37949d6789b5 5.3s
#6 extracting sha256:3b7ca19181b24b87e24423c01b490633bc1e47d2fcdc1987bf2e37949d6789b5 8.3s done
#6 extracting sha256:425d7b2a5bcc7e8df5041d66655cd6173c16799afefb1645ca0e0b3fa8a1043d 0.1s
#6 extracting sha256:425d7b2a5bcc7e8df5041d66655cd6173c16799afefb1645ca0e0b3fa8a1043d 5.2s
#6 extracting sha256:425d7b2a5bcc7e8df5041d66655cd6173c16799afefb1645ca0e0b3fa8a1043d 10.2s
#6 extracting sha256:425d7b2a5bcc7e8df5041d66655cd6173c16799afefb1645ca0e0b3fa8a1043d 15.3s
#6 extracting sha256:425d7b2a5bcc7e8df5041d66655cd6173c16799afefb1645ca0e0b3fa8a1043d 20.3s
#6 extracting sha256:425d7b2a5bcc7e8df5041d66655cd6173c16799afefb1645ca0e0b3fa8a1043d 25.3s
#6 extracting sha256:425d7b2a5bcc7e8df5041d66655cd6173c16799afefb1645ca0e0b3fa8a1043d 29.6s done
#6 extracting sha256:69df12c70287cf403446724e92cae1e0aa1c74713e27106525e433037c43a087
#6 extracting sha256:69df12c70287cf403446724e92cae1e0aa1c74713e27106525e433037c43a087 0.4s done
#6 extracting sha256:ea2f5386a42d42ff9729d1cb357ca3741edc32be894150e5024a85655b8523ec
#6 extracting sha256:ea2f5386a42d42ff9729d1cb357ca3741edc32be894150e5024a85655b8523ec 2.7s done
#6 extracting sha256:d421d2b3c5eb9a47f42f42f82356e2f63b493c49c8bbcc0c070ab4a06446a972
#6 extracting sha256:d421d2b3c5eb9a47f42f42f82356e2f63b493c49c8bbcc0c070ab4a06446a972 0.4s done
#6 DONE 58.7s

#7 [2/8] RUN curl -sS https://dl.yarnpkg.com/debian/pubkey.gpg | apt-key add -
#7 1.718 Warning: apt-key output should not be parsed (stdout is not a terminal)
#7 10.14 OK
#7 DONE 20.8s

#8 [3/8] RUN echo "deb http://dl.yarnpkg.com/debian/ stable main" | tee /etc/apt/sources.list.d/yarn.list
#8 1.524 deb http://dl.yarnpkg.com/debian/ stable main
#8 DONE 1.8s

#9 [4/8] RUN apt-get update && apt-get install -y yarn net-tools
#9 1.509 Ign:1 http://deb.debian.org/debian stretch InRelease
#9 1.511 Ign:2 http://security.debian.org/debian-security stretch/updates InRelease
#9 1.527 Ign:3 http://deb.debian.org/debian stretch-updates InRelease
#9 1.543 Ign:4 http://security.debian.org/debian-security stretch/updates Release
#9 1.543 Ign:5 http://deb.debian.org/debian stretch Release
#9 1.572 Ign:6 http://deb.debian.org/debian stretch-updates Release
#9 1.582 Get:7 http://dl.yarnpkg.com/debian stable InRelease [17.1 kB]
#9 1.608 Ign:8 http://deb.debian.org/debian stretch/main all Packages
#9 1.724 Ign:9 http://security.debian.org/debian-security stretch/updates/main amd64 Packages
#9 1.737 Ign:10 http://security.debian.org/debian-security stretch/updates/main all Packages
#9 1.757 Ign:11 http://deb.debian.org/debian stretch/main amd64 Packages
#9 1.915 Ign:12 http://deb.debian.org/debian stretch-updates/main amd64 Packages
#9 1.915 Ign:9 http://security.debian.org/debian-security stretch/updates/main amd64 Packages
#9 1.937 Ign:10 http://security.debian.org/debian-security stretch/updates/main all Packages
#9 1.962 Ign:13 http://deb.debian.org/debian stretch-updates/main all Packages
#9 1.985 Ign:8 http://deb.debian.org/debian stretch/main all Packages
#9 2.112 Ign:9 http://security.debian.org/debian-security stretch/updates/main amd64 Packages
#9 2.137 Ign:10 http://security.debian.org/debian-security stretch/updates/main all Packages
#9 2.153 Ign:11 http://deb.debian.org/debian stretch/main amd64 Packages
#9 2.321 Ign:9 http://security.debian.org/debian-security stretch/updates/main amd64 Packages
#9 2.329 Ign:12 http://deb.debian.org/debian stretch-updates/main amd64 Packages
#9 2.338 Ign:10 http://security.debian.org/debian-security stretch/updates/main all Packages
#9 2.340 Ign:13 http://deb.debian.org/debian stretch-updates/main all Packages
#9 2.357 Ign:8 http://deb.debian.org/debian stretch/main all Packages
#9 2.523 Ign:9 http://security.debian.org/debian-security stretch/updates/main amd64 Packages
#9 2.523 Ign:11 http://deb.debian.org/debian stretch/main amd64 Packages
#9 2.546 Ign:10 http://security.debian.org/debian-security stretch/updates/main all Packages
#9 2.683 Ign:12 http://deb.debian.org/debian stretch-updates/main amd64 Packages
#9 2.696 Ign:13 http://deb.debian.org/debian stretch-updates/main all Packages
#9 2.712 Ign:8 http://deb.debian.org/debian stretch/main all Packages
#9 2.718 Err:9 http://security.debian.org/debian-security stretch/updates/main amd64 Packages
#9 2.718   404  Not Found
#9 2.739 Ign:10 http://security.debian.org/debian-security stretch/updates/main all Packages
#9 2.782 Get:14 http://dl.yarnpkg.com/debian stable/main all Packages [10.9 kB]
#9 2.879 Ign:11 http://deb.debian.org/debian stretch/main amd64 Packages
#9 3.039 Ign:12 http://deb.debian.org/debian stretch-updates/main amd64 Packages
#9 3.054 Get:15 http://dl.yarnpkg.com/debian stable/main amd64 Packages [10.9 kB]
#9 3.055 Ign:13 http://deb.debian.org/debian stretch-updates/main all Packages
#9 3.069 Ign:8 http://deb.debian.org/debian stretch/main all Packages
#9 3.234 Ign:11 http://deb.debian.org/debian stretch/main amd64 Packages
#9 3.392 Ign:12 http://deb.debian.org/debian stretch-updates/main amd64 Packages
#9 3.406 Ign:13 http://deb.debian.org/debian stretch-updates/main all Packages
#9 3.420 Ign:8 http://deb.debian.org/debian stretch/main all Packages
#9 3.598 Err:11 http://deb.debian.org/debian stretch/main amd64 Packages
#9 3.598   404  Not Found
#9 3.762 Err:12 http://deb.debian.org/debian stretch-updates/main amd64 Packages
#9 3.762   404  Not Found
#9 3.776 Ign:13 http://deb.debian.org/debian stretch-updates/main all Packages
#9 3.806 Fetched 39.0 kB in 2s (16.7 kB/s)
#9 3.806 Reading package lists...
#9 3.880 W: The repository 'http://security.debian.org/debian-security stretch/updates Release' does not have a Release file.
#9 3.880 W: The repository 'http://deb.debian.org/debian stretch Release' does not have a Release file.
#9 3.880 W: The repository 'http://deb.debian.org/debian stretch-updates Release' does not have a Release file.
#9 3.880 E: Failed to fetch http://security.debian.org/debian-security/dists/stretch/updates/main/binary-amd64/Packages  404  Not Found
#9 3.880 E: Failed to fetch http://deb.debian.org/debian/dists/stretch/main/binary-amd64/Packages  404  Not Found
#9 3.880 E: Failed to fetch http://deb.debian.org/debian/dists/stretch-updates/main/binary-amd64/Packages  404  Not Found
#9 3.880 E: Some index files failed to download. They have been ignored, or old ones used instead.
#9 ERROR: process "/bin/sh -c apt-get update && apt-get install -y yarn net-tools" did not complete successfully: exit code: 100
------
 > [4/8] RUN apt-get update && apt-get install -y yarn net-tools:
3.776 Ign:13 http://deb.debian.org/debian stretch-updates/main all Packages
3.806 Fetched 39.0 kB in 2s (16.7 kB/s)
3.806 Reading package lists...
3.880 W: The repository 'http://security.debian.org/debian-security stretch/updates Release' does not have a Release file.
3.880 W: The repository 'http://deb.debian.org/debian stretch Release' does not have a Release file.
3.880 W: The repository 'http://deb.debian.org/debian stretch-updates Release' does not have a Release file.
3.880 E: Failed to fetch http://security.debian.org/debian-security/dists/stretch/updates/main/binary-amd64/Packages  404  Not Found
3.880 E: Failed to fetch http://deb.debian.org/debian/dists/stretch/main/binary-amd64/Packages  404  Not Found
3.880 E: Failed to fetch http://deb.debian.org/debian/dists/stretch-updates/main/binary-amd64/Packages  404  Not Found
3.880 E: Some index files failed to download. They have been ignored, or old ones used instead.
------
Dockerfile:8
--------------------
   6 |     RUN curl -sS https://dl.yarnpkg.com/debian/pubkey.gpg | apt-key add -
   7 |     RUN echo "deb http://dl.yarnpkg.com/debian/ stable main" | tee /etc/apt/sources.list.d/yarn.list
   8 | >>> RUN apt-get update && apt-get install -y yarn net-tools
   9 |     
  10 |     RUN mkdir -p /code
--------------------
ERROR: failed to solve: process "/bin/sh -c apt-get update && apt-get install -y yarn net-tools" did not complete successfully: exit code: 100
Duration: 1:28.90