#0 building with "default" instance using docker driver

#1 [internal] load build definition from v1_Dockerfile
#1 ...

#2 [internal] load .dockerignore
#2 transferring context: 2B done
#2 DONE 0.4s

#1 [internal] load build definition from v1_Dockerfile
#1 transferring dockerfile: 1.08kB done
#1 DONE 0.4s

#3 [internal] load metadata for docker.io/library/docker:latest
#3 DONE 1.0s

#4 [1/3] FROM docker.io/library/docker:latest@sha256:a690693976550aba640859bb3c3c29eb323a4f53f684c99b2a8282b14a22308b
#4 resolve docker.io/library/docker:latest@sha256:a690693976550aba640859bb3c3c29eb323a4f53f684c99b2a8282b14a22308b 0.1s done
#4 sha256:302eee84de939acfe75f5ccfd88910295a3b2fa2ffe24a39c39053c63e7e12b5 4.00kB / 4.00kB done
#4 sha256:a690693976550aba640859bb3c3c29eb323a4f53f684c99b2a8282b14a22308b 5.17kB / 5.17kB done
#4 sha256:60ded0dc5246d628d5d5a71f9594efe5ad4752492fd677569cc163b43a5d0ffa 12.03kB / 12.03kB done
#4 sha256:dcebd547521a986be6c24496149a28f8afedf8b1ff900668d095461588bcf4ea 3.15MB / 7.87MB 0.3s
#4 sha256:4f4fb700ef54461cfa02571ae0db9a0dc1e0cdb5577484a6d75e68dc38e8acc1 0B / 32B 0.3s
#4 sha256:4ef827388e9e46c0c01f0c14abac520fc2ce825da3f33c84b16b86db25a12385 0B / 454B 0.3s
#4 sha256:dcebd547521a986be6c24496149a28f8afedf8b1ff900668d095461588bcf4ea 7.87MB / 7.87MB 0.3s
#4 sha256:4f4fb700ef54461cfa02571ae0db9a0dc1e0cdb5577484a6d75e68dc38e8acc1 32B / 32B 0.4s
#4 sha256:4ef827388e9e46c0c01f0c14abac520fc2ce825da3f33c84b16b86db25a12385 454B / 454B 0.4s
#4 sha256:dcebd547521a986be6c24496149a28f8afedf8b1ff900668d095461588bcf4ea 7.87MB / 7.87MB 0.4s done
#4 sha256:4f4fb700ef54461cfa02571ae0db9a0dc1e0cdb5577484a6d75e68dc38e8acc1 32B / 32B 0.5s done
#4 sha256:4ef827388e9e46c0c01f0c14abac520fc2ce825da3f33c84b16b86db25a12385 454B / 454B 0.5s done
#4 extracting sha256:dcebd547521a986be6c24496149a28f8afedf8b1ff900668d095461588bcf4ea
#4 sha256:12122fb57d7c2c1613f5f9ac4bab7f06ba4c7b8388c196af12a9d7698f6ec480 0B / 18.09MB 0.6s
#4 sha256:12122fb57d7c2c1613f5f9ac4bab7f06ba4c7b8388c196af12a9d7698f6ec480 1.05MB / 18.09MB 0.7s
#4 sha256:4d4f0354acc0ee77fec7b0f52f2914097c97f57322896b286a3bdc271c376df7 0B / 18.40MB 0.7s
#4 sha256:72376b2d291a23c6a71a8ddf2c51b3a555412f58dda3a992735925934e064a7d 0B / 18.82MB 0.7s
#4 sha256:12122fb57d7c2c1613f5f9ac4bab7f06ba4c7b8388c196af12a9d7698f6ec480 6.29MB / 18.09MB 0.8s
#4 sha256:4d4f0354acc0ee77fec7b0f52f2914097c97f57322896b286a3bdc271c376df7 3.15MB / 18.40MB 0.8s
#4 sha256:12122fb57d7c2c1613f5f9ac4bab7f06ba4c7b8388c196af12a9d7698f6ec480 10.49MB / 18.09MB 0.9s
#4 sha256:4d4f0354acc0ee77fec7b0f52f2914097c97f57322896b286a3bdc271c376df7 6.29MB / 18.40MB 0.9s
#4 sha256:72376b2d291a23c6a71a8ddf2c51b3a555412f58dda3a992735925934e064a7d 2.10MB / 18.82MB 0.9s
#4 extracting sha256:dcebd547521a986be6c24496149a28f8afedf8b1ff900668d095461588bcf4ea 0.4s done
#4 sha256:12122fb57d7c2c1613f5f9ac4bab7f06ba4c7b8388c196af12a9d7698f6ec480 12.58MB / 18.09MB 1.0s
#4 sha256:4d4f0354acc0ee77fec7b0f52f2914097c97f57322896b286a3bdc271c376df7 8.39MB / 18.40MB 1.0s
#4 sha256:72376b2d291a23c6a71a8ddf2c51b3a555412f58dda3a992735925934e064a7d 7.34MB / 18.82MB 1.0s
#4 extracting sha256:4f4fb700ef54461cfa02571ae0db9a0dc1e0cdb5577484a6d75e68dc38e8acc1
#4 sha256:12122fb57d7c2c1613f5f9ac4bab7f06ba4c7b8388c196af12a9d7698f6ec480 14.68MB / 18.09MB 1.1s
#4 sha256:4d4f0354acc0ee77fec7b0f52f2914097c97f57322896b286a3bdc271c376df7 12.58MB / 18.40MB 1.2s
#4 sha256:72376b2d291a23c6a71a8ddf2c51b3a555412f58dda3a992735925934e064a7d 18.82MB / 18.82MB 1.2s
#4 extracting sha256:4f4fb700ef54461cfa02571ae0db9a0dc1e0cdb5577484a6d75e68dc38e8acc1 done
#4 sha256:12122fb57d7c2c1613f5f9ac4bab7f06ba4c7b8388c196af12a9d7698f6ec480 18.09MB / 18.09MB 1.4s
#4 sha256:4d4f0354acc0ee77fec7b0f52f2914097c97f57322896b286a3bdc271c376df7 14.68MB / 18.40MB 1.4s
#4 sha256:4d4f0354acc0ee77fec7b0f52f2914097c97f57322896b286a3bdc271c376df7 18.40MB / 18.40MB 1.5s
#4 sha256:72376b2d291a23c6a71a8ddf2c51b3a555412f58dda3a992735925934e064a7d 18.82MB / 18.82MB 1.6s done
#4 sha256:12122fb57d7c2c1613f5f9ac4bab7f06ba4c7b8388c196af12a9d7698f6ec480 18.09MB / 18.09MB 1.9s done
#4 extracting sha256:4ef827388e9e46c0c01f0c14abac520fc2ce825da3f33c84b16b86db25a12385
#4 sha256:4d4f0354acc0ee77fec7b0f52f2914097c97f57322896b286a3bdc271c376df7 18.40MB / 18.40MB 2.3s done
#4 extracting sha256:4ef827388e9e46c0c01f0c14abac520fc2ce825da3f33c84b16b86db25a12385 done
#4 sha256:35147e2a9e374cf5273daaa576b356911bb936172ae257685d197c6e95dfa455 0B / 540B 2.4s
#4 sha256:35147e2a9e374cf5273daaa576b356911bb936172ae257685d197c6e95dfa455 540B / 540B 2.5s
#4 sha256:79faa83c881eb6674c608605311a9ecf51165cfd981a62992758c6d6c7aea3bf 0B / 116B 2.5s
#4 sha256:35147e2a9e374cf5273daaa576b356911bb936172ae257685d197c6e95dfa455 540B / 540B 2.6s done
#4 sha256:79faa83c881eb6674c608605311a9ecf51165cfd981a62992758c6d6c7aea3bf 116B / 116B 2.6s
#4 sha256:0828e43ba2f0ba388383e7b4e05a3e70ed1ec66858acebc19d8f3d6b76bc80fd 0B / 1.01kB 2.6s
#4 extracting sha256:12122fb57d7c2c1613f5f9ac4bab7f06ba4c7b8388c196af12a9d7698f6ec480
#4 sha256:79faa83c881eb6674c608605311a9ecf51165cfd981a62992758c6d6c7aea3bf 116B / 116B 2.7s done
#4 sha256:0828e43ba2f0ba388383e7b4e05a3e70ed1ec66858acebc19d8f3d6b76bc80fd 1.01kB / 1.01kB 2.7s
#4 sha256:08f20c8cc7c8d06846f63027fbf6af5ed2a32994df8c1cc8134cde14b5db7b10 0B / 6.66MB 2.7s
#4 sha256:0828e43ba2f0ba388383e7b4e05a3e70ed1ec66858acebc19d8f3d6b76bc80fd 1.01kB / 1.01kB 2.8s done
#4 sha256:5cf95f9361442973a67be4f387c1bc53e860774d108847a764f4134b7374747d 0B / 89.22kB 2.8s
#4 sha256:08f20c8cc7c8d06846f63027fbf6af5ed2a32994df8c1cc8134cde14b5db7b10 2.10MB / 6.66MB 2.9s
#4 sha256:27f34c7d7b7fac01ea028dee48602e2c59f4dc0261b7b4c734c96e7b75ab3728 0B / 1.02kB 2.9s
#4 sha256:08f20c8cc7c8d06846f63027fbf6af5ed2a32994df8c1cc8134cde14b5db7b10 5.24MB / 6.66MB 3.0s
#4 sha256:5cf95f9361442973a67be4f387c1bc53e860774d108847a764f4134b7374747d 89.22kB / 89.22kB 3.0s done
#4 sha256:27f34c7d7b7fac01ea028dee48602e2c59f4dc0261b7b4c734c96e7b75ab3728 1.02kB / 1.02kB 3.0s
#4 sha256:08f20c8cc7c8d06846f63027fbf6af5ed2a32994df8c1cc8134cde14b5db7b10 6.66MB / 6.66MB 3.1s
#4 sha256:27f34c7d7b7fac01ea028dee48602e2c59f4dc0261b7b4c734c96e7b75ab3728 1.02kB / 1.02kB 3.1s done
#4 sha256:f5b714e45bfa862aa39812a6a595843c90bfdd46ef72fb23a403aa575280a491 0B / 56.77MB 3.1s
#4 sha256:08f20c8cc7c8d06846f63027fbf6af5ed2a32994df8c1cc8134cde14b5db7b10 6.66MB / 6.66MB 3.2s done
#4 sha256:f5b714e45bfa862aa39812a6a595843c90bfdd46ef72fb23a403aa575280a491 6.29MB / 56.77MB 3.2s
#4 extracting sha256:12122fb57d7c2c1613f5f9ac4bab7f06ba4c7b8388c196af12a9d7698f6ec480 0.7s done
#4 sha256:f5b714e45bfa862aa39812a6a595843c90bfdd46ef72fb23a403aa575280a491 26.21MB / 56.77MB 3.4s
#4 sha256:5e8c71d4751625b2f106541ba539ebca1f769889650a6ee8b44ef826acbc865b 1.51kB / 1.51kB 3.4s
#4 sha256:8c64545ff0b54799b80c5f3b1e5b41061cb3aa1e762195a09c808a65b8e0fb07 0B / 3.26kB 3.4s
#4 sha256:f5b714e45bfa862aa39812a6a595843c90bfdd46ef72fb23a403aa575280a491 46.14MB / 56.77MB 3.6s
#4 sha256:5e8c71d4751625b2f106541ba539ebca1f769889650a6ee8b44ef826acbc865b 1.51kB / 1.51kB 3.5s done
#4 sha256:8c64545ff0b54799b80c5f3b1e5b41061cb3aa1e762195a09c808a65b8e0fb07 3.26kB / 3.26kB 3.5s done
#4 sha256:f5b714e45bfa862aa39812a6a595843c90bfdd46ef72fb23a403aa575280a491 56.62MB / 56.77MB 3.7s
#4 extracting sha256:4d4f0354acc0ee77fec7b0f52f2914097c97f57322896b286a3bdc271c376df7 0.1s
#4 sha256:f5b714e45bfa862aa39812a6a595843c90bfdd46ef72fb23a403aa575280a491 56.77MB / 56.77MB 4.6s done
#4 extracting sha256:4d4f0354acc0ee77fec7b0f52f2914097c97f57322896b286a3bdc271c376df7 1.0s done
#4 extracting sha256:72376b2d291a23c6a71a8ddf2c51b3a555412f58dda3a992735925934e064a7d
#4 extracting sha256:72376b2d291a23c6a71a8ddf2c51b3a555412f58dda3a992735925934e064a7d 1.1s done
#4 extracting sha256:35147e2a9e374cf5273daaa576b356911bb936172ae257685d197c6e95dfa455
#4 extracting sha256:35147e2a9e374cf5273daaa576b356911bb936172ae257685d197c6e95dfa455 done
#4 extracting sha256:0828e43ba2f0ba388383e7b4e05a3e70ed1ec66858acebc19d8f3d6b76bc80fd
#4 extracting sha256:0828e43ba2f0ba388383e7b4e05a3e70ed1ec66858acebc19d8f3d6b76bc80fd done
#4 extracting sha256:79faa83c881eb6674c608605311a9ecf51165cfd981a62992758c6d6c7aea3bf
#4 extracting sha256:79faa83c881eb6674c608605311a9ecf51165cfd981a62992758c6d6c7aea3bf done
#4 extracting sha256:08f20c8cc7c8d06846f63027fbf6af5ed2a32994df8c1cc8134cde14b5db7b10
#4 extracting sha256:08f20c8cc7c8d06846f63027fbf6af5ed2a32994df8c1cc8134cde14b5db7b10 0.4s done
#4 extracting sha256:5cf95f9361442973a67be4f387c1bc53e860774d108847a764f4134b7374747d
#4 extracting sha256:5cf95f9361442973a67be4f387c1bc53e860774d108847a764f4134b7374747d 0.1s done
#4 extracting sha256:27f34c7d7b7fac01ea028dee48602e2c59f4dc0261b7b4c734c96e7b75ab3728
#4 extracting sha256:27f34c7d7b7fac01ea028dee48602e2c59f4dc0261b7b4c734c96e7b75ab3728 done
#4 extracting sha256:f5b714e45bfa862aa39812a6a595843c90bfdd46ef72fb23a403aa575280a491
#4 extracting sha256:f5b714e45bfa862aa39812a6a595843c90bfdd46ef72fb23a403aa575280a491 3.0s done
#4 extracting sha256:5e8c71d4751625b2f106541ba539ebca1f769889650a6ee8b44ef826acbc865b
#4 extracting sha256:5e8c71d4751625b2f106541ba539ebca1f769889650a6ee8b44ef826acbc865b done
#4 extracting sha256:8c64545ff0b54799b80c5f3b1e5b41061cb3aa1e762195a09c808a65b8e0fb07
#4 extracting sha256:8c64545ff0b54799b80c5f3b1e5b41061cb3aa1e762195a09c808a65b8e0fb07 done
#4 DONE 14.9s

#5 [2/3] RUN apk add --no-cache py3-pip python3
#5 0.459 fetch https://dl-cdn.alpinelinux.org/alpine/v3.20/main/x86_64/APKINDEX.tar.gz
#5 0.706 fetch https://dl-cdn.alpinelinux.org/alpine/v3.20/community/x86_64/APKINDEX.tar.gz
#5 1.202 (1/21) Installing libbz2 (1.0.8-r6)
#5 1.206 (2/21) Installing libffi (3.4.6-r0)
#5 1.209 (3/21) Installing gdbm (1.23-r1)
#5 1.221 (4/21) Installing libgcc (13.2.1_git20240309-r0)
#5 1.225 (5/21) Installing libstdc++ (13.2.1_git20240309-r0)
#5 1.258 (6/21) Installing mpdecimal (4.0.0-r0)
#5 1.273 (7/21) Installing libpanelw (6.4_p20240420-r0)
#5 1.291 (8/21) Installing readline (8.2.10-r0)
#5 1.299 (9/21) Installing sqlite-libs (3.45.3-r1)
#5 1.323 (10/21) Installing python3 (3.12.3-r1)
#5 1.661 (11/21) Installing python3-pycache-pyc0 (3.12.3-r1)
#5 1.903 (12/21) Installing pyc (3.12.3-r1)
#5 1.906 (13/21) Installing py3-setuptools-pyc (69.5.1-r0)
#5 2.031 (14/21) Installing py3-pip-pyc (24.0-r2)
#5 2.247 (15/21) Installing py3-parsing (3.1.2-r1)
#5 2.254 (16/21) Installing py3-parsing-pyc (3.1.2-r1)
#5 2.273 (17/21) Installing py3-packaging-pyc (24.0-r1)
#5 2.280 (18/21) Installing python3-pyc (3.12.3-r1)
#5 2.283 (19/21) Installing py3-packaging (24.0-r1)
#5 2.297 (20/21) Installing py3-setuptools (69.5.1-r0)
#5 2.400 (21/21) Installing py3-pip (24.0-r2)
#5 2.609 Executing busybox-1.36.1-r29.trigger
#5 2.618 OK: 109 MiB in 94 packages
#5 DONE 9.9s

#6 [3/3] RUN apk add --no-cache --virtual   build-dependencies   cargo   gcc   libc-dev   libffi-dev   make   openssl-dev   python3-dev   rust   && python3 -m venv /venv   && . /venv/bin/activate   && pip install "docker-compose"   && deactivate   && apk del build-dependencies
#6 0.650 fetch https://dl-cdn.alpinelinux.org/alpine/v3.20/main/x86_64/APKINDEX.tar.gz
#6 0.741 fetch https://dl-cdn.alpinelinux.org/alpine/v3.20/community/x86_64/APKINDEX.tar.gz
#6 1.082 (1/22) Installing jansson (2.14-r4)
#6 1.089 (2/22) Installing binutils (2.42-r0)
#6 1.201 (3/22) Installing libgomp (13.2.1_git20240309-r0)
#6 1.217 (4/22) Installing libatomic (13.2.1_git20240309-r0)
#6 1.220 (5/22) Installing gmp (6.3.0-r1)
#6 1.229 (6/22) Installing isl26 (0.26-r1)
#6 1.252 (7/22) Installing mpfr4 (4.2.1-r0)
#6 1.263 (8/22) Installing mpc1 (1.3.1-r1)
#6 1.268 (9/22) Installing gcc (13.2.1_git20240309-r0)
#6 2.488 (10/22) Installing musl-dev (1.2.5-r0)
#6 2.589 (11/22) Installing libxml2 (2.12.7-r0)
#6 2.605 (12/22) Installing llvm17-libs (17.0.6-r1)
#6 3.908 (13/22) Installing scudo-malloc (17.0.6-r0)
#6 3.913 (14/22) Installing rust (1.78.0-r0)
#6 9.174 (15/22) Installing cargo (1.78.0-r0)
#6 9.381 (16/22) Installing linux-headers (6.6-r0)
#6 9.570 (17/22) Installing pkgconf (2.2.0-r0)
#6 9.576 (18/22) Installing libffi-dev (3.4.6-r0)
#6 9.582 (19/22) Installing make (4.4.1-r2)
#6 9.589 (20/22) Installing openssl-dev (3.3.1-r3)
#6 9.620 (21/22) Installing python3-dev (3.12.3-r1)
#6 10.41 (22/22) Installing build-dependencies (20240731.060445)
#6 10.42 Executing busybox-1.36.1-r29.trigger
#6 10.43 OK: 1051 MiB in 116 packages
#6 16.71 Collecting docker-compose
#6 16.75   Downloading docker_compose-1.29.2-py2.py3-none-any.whl.metadata (4.7 kB)
#6 16.94 Collecting PyYAML<6,>=3.10 (from docker-compose)
#6 16.95   Downloading PyYAML-5.4.1.tar.gz (175 kB)
#6 17.02      ━━━━━━━━━━━━━━━━━━━━━━━━━━━━━━━━━━━━━━━ 175.1/175.1 kB 2.6 MB/s eta 0:00:00
#6 17.25   Installing build dependencies: started
#6 23.00   Installing build dependencies: finished with status 'done'
#6 23.01   Getting requirements to build wheel: started
#6 23.39   Getting requirements to build wheel: finished with status 'error'
#6 23.40   error: subprocess-exited-with-error
#6 23.40   
#6 23.40   × Getting requirements to build wheel did not run successfully.
#6 23.40   │ exit code: 1
#6 23.40   ╰─> [54 lines of output]
#6 23.40       running egg_info
#6 23.40       writing lib3/PyYAML.egg-info/PKG-INFO
#6 23.40       writing dependency_links to lib3/PyYAML.egg-info/dependency_links.txt
#6 23.40       writing top-level names to lib3/PyYAML.egg-info/top_level.txt
#6 23.40       Traceback (most recent call last):
#6 23.40         File "/venv/lib/python3.12/site-packages/pip/_vendor/pyproject_hooks/_in_process/_in_process.py", line 353, in <module>
#6 23.40           main()
#6 23.40         File "/venv/lib/python3.12/site-packages/pip/_vendor/pyproject_hooks/_in_process/_in_process.py", line 335, in main
#6 23.40           json_out['return_val'] = hook(**hook_input['kwargs'])
#6 23.40                                    ^^^^^^^^^^^^^^^^^^^^^^^^^^^^
#6 23.40         File "/venv/lib/python3.12/site-packages/pip/_vendor/pyproject_hooks/_in_process/_in_process.py", line 118, in get_requires_for_build_wheel
#6 23.40           return hook(config_settings)
#6 23.40                  ^^^^^^^^^^^^^^^^^^^^^
#6 23.40         File "/tmp/pip-build-env-mnh78l0a/overlay/lib/python3.12/site-packages/setuptools/build_meta.py", line 327, in get_requires_for_build_wheel
#6 23.40           return self._get_build_requires(config_settings, requirements=[])
#6 23.40                  ^^^^^^^^^^^^^^^^^^^^^^^^^^^^^^^^^^^^^^^^^^^^^^^^^^^^^^^^^^
#6 23.40         File "/tmp/pip-build-env-mnh78l0a/overlay/lib/python3.12/site-packages/setuptools/build_meta.py", line 297, in _get_build_requires
#6 23.40           self.run_setup()
#6 23.40         File "/tmp/pip-build-env-mnh78l0a/overlay/lib/python3.12/site-packages/setuptools/build_meta.py", line 313, in run_setup
#6 23.40           exec(code, locals())
#6 23.40         File "<string>", line 271, in <module>
#6 23.40         File "/tmp/pip-build-env-mnh78l0a/overlay/lib/python3.12/site-packages/setuptools/__init__.py", line 108, in setup
#6 23.40           return distutils.core.setup(**attrs)
#6 23.40                  ^^^^^^^^^^^^^^^^^^^^^^^^^^^^^
#6 23.40         File "/tmp/pip-build-env-mnh78l0a/overlay/lib/python3.12/site-packages/setuptools/_distutils/core.py", line 184, in setup
#6 23.40           return run_commands(dist)
#6 23.40                  ^^^^^^^^^^^^^^^^^^
#6 23.40         File "/tmp/pip-build-env-mnh78l0a/overlay/lib/python3.12/site-packages/setuptools/_distutils/core.py", line 200, in run_commands
#6 23.40           dist.run_commands()
#6 23.40         File "/tmp/pip-build-env-mnh78l0a/overlay/lib/python3.12/site-packages/setuptools/_distutils/dist.py", line 970, in run_commands
#6 23.40           self.run_command(cmd)
#6 23.40         File "/tmp/pip-build-env-mnh78l0a/overlay/lib/python3.12/site-packages/setuptools/dist.py", line 945, in run_command
#6 23.40           super().run_command(command)
#6 23.40         File "/tmp/pip-build-env-mnh78l0a/overlay/lib/python3.12/site-packages/setuptools/_distutils/dist.py", line 989, in run_command
#6 23.40           cmd_obj.run()
#6 23.40         File "/tmp/pip-build-env-mnh78l0a/overlay/lib/python3.12/site-packages/setuptools/command/egg_info.py", line 310, in run
#6 23.40           self.find_sources()
#6 23.40         File "/tmp/pip-build-env-mnh78l0a/overlay/lib/python3.12/site-packages/setuptools/command/egg_info.py", line 318, in find_sources
#6 23.40           mm.run()
#6 23.40         File "/tmp/pip-build-env-mnh78l0a/overlay/lib/python3.12/site-packages/setuptools/command/egg_info.py", line 539, in run
#6 23.40           self.add_defaults()
#6 23.40         File "/tmp/pip-build-env-mnh78l0a/overlay/lib/python3.12/site-packages/setuptools/command/egg_info.py", line 577, in add_defaults
#6 23.40           sdist.add_defaults(self)
#6 23.40         File "/tmp/pip-build-env-mnh78l0a/overlay/lib/python3.12/site-packages/setuptools/command/sdist.py", line 102, in add_defaults
#6 23.40           super().add_defaults()
#6 23.40         File "/tmp/pip-build-env-mnh78l0a/overlay/lib/python3.12/site-packages/setuptools/_distutils/command/sdist.py", line 250, in add_defaults
#6 23.40           self._add_defaults_ext()
#6 23.40         File "/tmp/pip-build-env-mnh78l0a/overlay/lib/python3.12/site-packages/setuptools/_distutils/command/sdist.py", line 335, in _add_defaults_ext
#6 23.40           self.filelist.extend(build_ext.get_source_files())
#6 23.40                                ^^^^^^^^^^^^^^^^^^^^^^^^^^^^
#6 23.40         File "<string>", line 201, in get_source_files
#6 23.40         File "/tmp/pip-build-env-mnh78l0a/overlay/lib/python3.12/site-packages/setuptools/_distutils/cmd.py", line 107, in __getattr__
#6 23.40           raise AttributeError(attr)
#6 23.40       AttributeError: cython_sources
#6 23.40       [end of output]
#6 23.40   
#6 23.40   note: This error originates from a subprocess, and is likely not a problem with pip.
#6 23.41 error: subprocess-exited-with-error
#6 23.41 
#6 23.41 × Getting requirements to build wheel did not run successfully.
#6 23.41 │ exit code: 1
#6 23.41 ╰─> See above for output.
#6 23.41 
#6 23.41 note: This error originates from a subprocess, and is likely not a problem with pip.
#6 23.46 
#6 23.46 [notice] A new release of pip is available: 24.0 -> 24.2
#6 23.46 [notice] To update, run: pip install --upgrade pip
#6 ERROR: process "/bin/sh -c apk add --no-cache --virtual   build-dependencies   cargo   gcc   libc-dev   libffi-dev   make   openssl-dev   python3-dev   rust   && python3 -m venv /venv   && . /venv/bin/activate   && pip install \"docker-compose${COMPOSE_VERSION:+==}${COMPOSE_VERSION}\"   && deactivate   && apk del build-dependencies" did not complete successfully: exit code: 1
------
 > [3/3] RUN apk add --no-cache --virtual   build-dependencies   cargo   gcc   libc-dev   libffi-dev   make   openssl-dev   python3-dev   rust   && python3 -m venv /venv   && . /venv/bin/activate   && pip install "docker-compose"   && deactivate   && apk del build-dependencies:
23.41 error: subprocess-exited-with-error
23.41 
23.41 × Getting requirements to build wheel did not run successfully.
23.41 │ exit code: 1
23.41 ╰─> See above for output.
23.41 
23.41 note: This error originates from a subprocess, and is likely not a problem with pip.
23.46 
23.46 [notice] A new release of pip is available: 24.0 -> 24.2
23.46 [notice] To update, run: pip install --upgrade pip
------
v1_Dockerfile:10
--------------------
   9 |     RUN apk add --no-cache py3-pip python3
  10 | >>> RUN apk add --no-cache --virtual \
  11 | >>>   build-dependencies \
  12 | >>>   cargo \
  13 | >>>   gcc \
  14 | >>>   libc-dev \
  15 | >>>   libffi-dev \
  16 | >>>   make \
  17 | >>>   openssl-dev \
  18 | >>>   python3-dev \
  19 | >>>   rust \
  20 | >>>   && python3 -m venv /venv \
  21 | >>>   && . /venv/bin/activate \
  22 | >>>   && pip install "docker-compose${COMPOSE_VERSION:+==}${COMPOSE_VERSION}" \
  23 | >>>   && deactivate \
  24 | >>>   && apk del build-dependencies
  25 |     
--------------------
ERROR: failed to solve: process "/bin/sh -c apk add --no-cache --virtual   build-dependencies   cargo   gcc   libc-dev   libffi-dev   make   openssl-dev   python3-dev   rust   && python3 -m venv /venv   && . /venv/bin/activate   && pip install \"docker-compose${COMPOSE_VERSION:+==}${COMPOSE_VERSION}\"   && deactivate   && apk del build-dependencies" did not complete successfully: exit code: 1
Duration: 1:6.18