#0 building with "default" instance using docker driver

#1 [internal] load build definition from v1_Dockerfile
#1 transferring dockerfile: 979B done
#1 DONE 0.0s

#2 [auth] library/php:pull token for registry-1.docker.io
#2 DONE 0.0s

#3 [internal] load metadata for docker.io/library/php:5.6-fpm
#3 DONE 0.9s

#4 [internal] load .dockerignore
#4 transferring context: 2B done
#4 DONE 0.0s

#5 [1/7] FROM docker.io/library/php:5.6-fpm@sha256:4f070f1b7b93cc5ab364839b79a5b26f38d5f89461f7bc0cd4bab4a3ad7d67d7
#5 resolve docker.io/library/php:5.6-fpm@sha256:4f070f1b7b93cc5ab364839b79a5b26f38d5f89461f7bc0cd4bab4a3ad7d67d7 0.0s done
#5 sha256:7cfd6ccb875ff314b2c672b62aa3169fe79d54bf3422b7b0017955b3457ca1a7 2.41kB / 2.41kB done
#5 sha256:7bd37682846da479bcfb64459fa36e043d3380a77b401f6de5b862d00d8dcebf 0B / 67.44MB 0.1s
#5 sha256:3458979c7744b141df354aff9cb3233733c0f5077aa638a1b39a64d53d7c7c52 11.02kB / 11.02kB done
#5 sha256:4f070f1b7b93cc5ab364839b79a5b26f38d5f89461f7bc0cd4bab4a3ad7d67d7 2.06kB / 2.06kB done
#5 sha256:5e6ec7f28fb77f84f64b8c29fcb0a746260563f5858315e3e9fcc4aee2844840 0B / 22.50MB 0.1s
#5 sha256:cf165947b5b75ef63a7872634239e795a3063179895699dc8e0726f1039946b3 0B / 229B 0.1s
#5 sha256:5e6ec7f28fb77f84f64b8c29fcb0a746260563f5858315e3e9fcc4aee2844840 4.19MB / 22.50MB 0.2s
#5 sha256:7bd37682846da479bcfb64459fa36e043d3380a77b401f6de5b862d00d8dcebf 4.19MB / 67.44MB 0.4s
#5 sha256:5e6ec7f28fb77f84f64b8c29fcb0a746260563f5858315e3e9fcc4aee2844840 17.83MB / 22.50MB 0.4s
#5 sha256:cf165947b5b75ef63a7872634239e795a3063179895699dc8e0726f1039946b3 229B / 229B 0.2s done
#5 sha256:99daf8e838e14fb73055ddac03535d506dbf36a5a01c37497ff001c0dbd68f3e 0B / 181B 0.4s
#5 sha256:7bd37682846da479bcfb64459fa36e043d3380a77b401f6de5b862d00d8dcebf 11.53MB / 67.44MB 0.5s
#5 sha256:5e6ec7f28fb77f84f64b8c29fcb0a746260563f5858315e3e9fcc4aee2844840 22.50MB / 22.50MB 0.5s
#5 sha256:99daf8e838e14fb73055ddac03535d506dbf36a5a01c37497ff001c0dbd68f3e 181B / 181B 0.5s
#5 extracting sha256:5e6ec7f28fb77f84f64b8c29fcb0a746260563f5858315e3e9fcc4aee2844840
#5 sha256:7bd37682846da479bcfb64459fa36e043d3380a77b401f6de5b862d00d8dcebf 20.97MB / 67.44MB 0.6s
#5 sha256:5e6ec7f28fb77f84f64b8c29fcb0a746260563f5858315e3e9fcc4aee2844840 22.50MB / 22.50MB 0.5s done
#5 sha256:99daf8e838e14fb73055ddac03535d506dbf36a5a01c37497ff001c0dbd68f3e 181B / 181B 0.5s done
#5 sha256:f8628c9f032fade4362a9956f015f3b0ecf32aef17a5daa360f1083de20cc014 0B / 12.80MB 0.6s
#5 sha256:50ff925cdfa25671b7bc9097bb20f135b71c3a7ba703d4c28f7f361ffca67b8a 0B / 499B 0.6s
#5 sha256:7bd37682846da479bcfb64459fa36e043d3380a77b401f6de5b862d00d8dcebf 29.36MB / 67.44MB 0.7s
#5 sha256:f8628c9f032fade4362a9956f015f3b0ecf32aef17a5daa360f1083de20cc014 2.10MB / 12.80MB 0.7s
#5 sha256:50ff925cdfa25671b7bc9097bb20f135b71c3a7ba703d4c28f7f361ffca67b8a 499B / 499B 0.6s done
#5 sha256:6ab76f312877177f6694d6c7ae3c0477a75d3f90b9b8f2fb88a18e4c24633183 0B / 23.03MB 0.7s
#5 sha256:7bd37682846da479bcfb64459fa36e043d3380a77b401f6de5b862d00d8dcebf 34.60MB / 67.44MB 0.8s
#5 sha256:f8628c9f032fade4362a9956f015f3b0ecf32aef17a5daa360f1083de20cc014 7.34MB / 12.80MB 0.8s
#5 sha256:7bd37682846da479bcfb64459fa36e043d3380a77b401f6de5b862d00d8dcebf 39.52MB / 67.44MB 0.9s
#5 sha256:f8628c9f032fade4362a9956f015f3b0ecf32aef17a5daa360f1083de20cc014 12.58MB / 12.80MB 0.9s
#5 sha256:7bd37682846da479bcfb64459fa36e043d3380a77b401f6de5b862d00d8dcebf 45.09MB / 67.44MB 1.0s
#5 sha256:f8628c9f032fade4362a9956f015f3b0ecf32aef17a5daa360f1083de20cc014 12.80MB / 12.80MB 0.9s done
#5 sha256:6ab76f312877177f6694d6c7ae3c0477a75d3f90b9b8f2fb88a18e4c24633183 7.34MB / 23.03MB 1.0s
#5 sha256:28ea94b4dd8261983e67c14f5f938159eb27e98c807274b3a6af9c47216bfede 0B / 2.19kB 1.0s
#5 sha256:7bd37682846da479bcfb64459fa36e043d3380a77b401f6de5b862d00d8dcebf 49.28MB / 67.44MB 1.1s
#5 sha256:6ab76f312877177f6694d6c7ae3c0477a75d3f90b9b8f2fb88a18e4c24633183 12.58MB / 23.03MB 1.1s
#5 sha256:28ea94b4dd8261983e67c14f5f938159eb27e98c807274b3a6af9c47216bfede 2.19kB / 2.19kB 1.1s done
#5 sha256:a6dbb35d45d2183fa82c58872db2bea1c72d4a7b7cc48131d6c9882d2c2b703c 0B / 130B 1.1s
#5 sha256:7bd37682846da479bcfb64459fa36e043d3380a77b401f6de5b862d00d8dcebf 58.72MB / 67.44MB 1.3s
#5 sha256:6ab76f312877177f6694d6c7ae3c0477a75d3f90b9b8f2fb88a18e4c24633183 23.03MB / 23.03MB 1.3s done
#5 sha256:a6dbb35d45d2183fa82c58872db2bea1c72d4a7b7cc48131d6c9882d2c2b703c 130B / 130B 1.2s done
#5 sha256:98b901ec9e8d4c89f5a14e5c2cb39784ea19578187c4451432f52daecbef5763 0B / 7.71kB 1.3s
#5 sha256:7bd37682846da479bcfb64459fa36e043d3380a77b401f6de5b862d00d8dcebf 66.06MB / 67.44MB 1.4s
#5 sha256:98b901ec9e8d4c89f5a14e5c2cb39784ea19578187c4451432f52daecbef5763 7.71kB / 7.71kB 1.3s done
#5 sha256:7bd37682846da479bcfb64459fa36e043d3380a77b401f6de5b862d00d8dcebf 67.44MB / 67.44MB 1.6s done
#5 extracting sha256:5e6ec7f28fb77f84f64b8c29fcb0a746260563f5858315e3e9fcc4aee2844840 1.8s done
#5 extracting sha256:cf165947b5b75ef63a7872634239e795a3063179895699dc8e0726f1039946b3 done
#5 extracting sha256:7bd37682846da479bcfb64459fa36e043d3380a77b401f6de5b862d00d8dcebf
#5 extracting sha256:7bd37682846da479bcfb64459fa36e043d3380a77b401f6de5b862d00d8dcebf 3.6s done
#5 extracting sha256:99daf8e838e14fb73055ddac03535d506dbf36a5a01c37497ff001c0dbd68f3e done
#5 extracting sha256:f8628c9f032fade4362a9956f015f3b0ecf32aef17a5daa360f1083de20cc014
#5 extracting sha256:f8628c9f032fade4362a9956f015f3b0ecf32aef17a5daa360f1083de20cc014 0.1s done
#5 extracting sha256:50ff925cdfa25671b7bc9097bb20f135b71c3a7ba703d4c28f7f361ffca67b8a done
#5 extracting sha256:6ab76f312877177f6694d6c7ae3c0477a75d3f90b9b8f2fb88a18e4c24633183
#5 extracting sha256:6ab76f312877177f6694d6c7ae3c0477a75d3f90b9b8f2fb88a18e4c24633183 0.8s done
#5 extracting sha256:28ea94b4dd8261983e67c14f5f938159eb27e98c807274b3a6af9c47216bfede
#5 extracting sha256:28ea94b4dd8261983e67c14f5f938159eb27e98c807274b3a6af9c47216bfede done
#5 extracting sha256:a6dbb35d45d2183fa82c58872db2bea1c72d4a7b7cc48131d6c9882d2c2b703c done
#5 extracting sha256:98b901ec9e8d4c89f5a14e5c2cb39784ea19578187c4451432f52daecbef5763 done
#5 DONE 7.6s

#6 [2/7] RUN mkdir /root/.ssh
#6 DONE 2.0s

#7 [3/7] RUN ln -s /code/docker_confs/id_rsa /root/.ssh/id_rsa
#7 DONE 0.2s

#8 [4/7] RUN apt-get -y update && apt-get -y --no-install-recommends install libssl-dev git unzip vim libpq-dev && rm -rf /var/lib/apt/lists/*;
#8 0.219 Ign:1 http://security.debian.org/debian-security stretch/updates InRelease
#8 0.220 Ign:2 http://deb.debian.org/debian stretch InRelease
#8 0.232 Ign:3 http://deb.debian.org/debian stretch-updates InRelease
#8 0.232 Ign:4 http://security.debian.org/debian-security stretch/updates Release
#8 0.243 Ign:5 http://security.debian.org/debian-security stretch/updates/main all Packages
#8 0.243 Ign:6 http://deb.debian.org/debian stretch Release
#8 0.253 Ign:7 http://security.debian.org/debian-security stretch/updates/main amd64 Packages
#8 0.255 Ign:8 http://deb.debian.org/debian stretch-updates Release
#8 0.264 Ign:5 http://security.debian.org/debian-security stretch/updates/main all Packages
#8 0.268 Ign:9 http://deb.debian.org/debian stretch/main all Packages
#8 0.275 Ign:7 http://security.debian.org/debian-security stretch/updates/main amd64 Packages
#8 0.276 Ign:10 http://deb.debian.org/debian stretch/main amd64 Packages
#8 0.286 Ign:11 http://deb.debian.org/debian stretch-updates/main amd64 Packages
#8 0.286 Ign:5 http://security.debian.org/debian-security stretch/updates/main all Packages
#8 0.296 Ign:12 http://deb.debian.org/debian stretch-updates/main all Packages
#8 0.307 Ign:9 http://deb.debian.org/debian stretch/main all Packages
#8 0.317 Ign:10 http://deb.debian.org/debian stretch/main amd64 Packages
#8 0.326 Ign:11 http://deb.debian.org/debian stretch-updates/main amd64 Packages
#8 0.336 Ign:12 http://deb.debian.org/debian stretch-updates/main all Packages
#8 0.346 Ign:9 http://deb.debian.org/debian stretch/main all Packages
#8 0.355 Ign:10 http://deb.debian.org/debian stretch/main amd64 Packages
#8 0.365 Ign:11 http://deb.debian.org/debian stretch-updates/main amd64 Packages
#8 0.376 Ign:12 http://deb.debian.org/debian stretch-updates/main all Packages
#8 0.385 Ign:9 http://deb.debian.org/debian stretch/main all Packages
#8 0.395 Ign:10 http://deb.debian.org/debian stretch/main amd64 Packages
#8 0.406 Ign:11 http://deb.debian.org/debian stretch-updates/main amd64 Packages
#8 0.416 Ign:12 http://deb.debian.org/debian stretch-updates/main all Packages
#8 0.428 Ign:9 http://deb.debian.org/debian stretch/main all Packages
#8 0.438 Ign:10 http://deb.debian.org/debian stretch/main amd64 Packages
#8 0.447 Ign:7 http://security.debian.org/debian-security stretch/updates/main amd64 Packages
#8 0.449 Ign:11 http://deb.debian.org/debian stretch-updates/main amd64 Packages
#8 0.458 Ign:5 http://security.debian.org/debian-security stretch/updates/main all Packages
#8 0.458 Ign:12 http://deb.debian.org/debian stretch-updates/main all Packages
#8 0.469 Ign:9 http://deb.debian.org/debian stretch/main all Packages
#8 0.488 Err:10 http://deb.debian.org/debian stretch/main amd64 Packages
#8 0.488   404  Not Found
#8 0.499 Err:11 http://deb.debian.org/debian stretch-updates/main amd64 Packages
#8 0.499   404  Not Found
#8 0.510 Ign:12 http://deb.debian.org/debian stretch-updates/main all Packages
#8 0.613 Ign:7 http://security.debian.org/debian-security stretch/updates/main amd64 Packages
#8 0.624 Ign:5 http://security.debian.org/debian-security stretch/updates/main all Packages
#8 0.635 Ign:7 http://security.debian.org/debian-security stretch/updates/main amd64 Packages
#8 0.645 Ign:5 http://security.debian.org/debian-security stretch/updates/main all Packages
#8 0.656 Err:7 http://security.debian.org/debian-security stretch/updates/main amd64 Packages
#8 0.656   404  Not Found [IP: 151.101.194.132 80]
#8 0.659 Reading package lists...
#8 0.667 W: The repository 'http://security.debian.org/debian-security stretch/updates Release' does not have a Release file.
#8 0.667 W: The repository 'http://deb.debian.org/debian stretch Release' does not have a Release file.
#8 0.667 W: The repository 'http://deb.debian.org/debian stretch-updates Release' does not have a Release file.
#8 0.667 E: Failed to fetch http://security.debian.org/debian-security/dists/stretch/updates/main/binary-amd64/Packages  404  Not Found [IP: 151.101.194.132 80]
#8 0.667 E: Failed to fetch http://deb.debian.org/debian/dists/stretch/main/binary-amd64/Packages  404  Not Found
#8 0.667 E: Failed to fetch http://deb.debian.org/debian/dists/stretch-updates/main/binary-amd64/Packages  404  Not Found
#8 0.667 E: Some index files failed to download. They have been ignored, or old ones used instead.
#8 ERROR: process "/bin/sh -c apt-get -y update && apt-get -y --no-install-recommends install libssl-dev git unzip vim libpq-dev && rm -rf /var/lib/apt/lists/*;" did not complete successfully: exit code: 100
------
 > [4/7] RUN apt-get -y update && apt-get -y --no-install-recommends install libssl-dev git unzip vim libpq-dev && rm -rf /var/lib/apt/lists/*;:
0.656 Err:7 http://security.debian.org/debian-security stretch/updates/main amd64 Packages
0.656   404  Not Found [IP: 151.101.194.132 80]
0.659 Reading package lists...
0.667 W: The repository 'http://security.debian.org/debian-security stretch/updates Release' does not have a Release file.
0.667 W: The repository 'http://deb.debian.org/debian stretch Release' does not have a Release file.
0.667 W: The repository 'http://deb.debian.org/debian stretch-updates Release' does not have a Release file.
0.667 E: Failed to fetch http://security.debian.org/debian-security/dists/stretch/updates/main/binary-amd64/Packages  404  Not Found [IP: 151.101.194.132 80]
0.667 E: Failed to fetch http://deb.debian.org/debian/dists/stretch/main/binary-amd64/Packages  404  Not Found
0.667 E: Failed to fetch http://deb.debian.org/debian/dists/stretch-updates/main/binary-amd64/Packages  404  Not Found
0.667 E: Some index files failed to download. They have been ignored, or old ones used instead.
------
v1_Dockerfile:6
--------------------
   4 |     RUN ln -s /code/docker_confs/id_rsa /root/.ssh/id_rsa
   5 |     
   6 | >>> RUN apt-get -y update && apt-get -y --no-install-recommends install libssl-dev git unzip vim libpq-dev && rm -rf /var/lib/apt/lists/*;
   7 |     
   8 |     RUN docker-php-ext-install pdo pdo_mysql
--------------------
ERROR: failed to solve: process "/bin/sh -c apt-get -y update && apt-get -y --no-install-recommends install libssl-dev git unzip vim libpq-dev && rm -rf /var/lib/apt/lists/*;" did not complete successfully: exit code: 100
Duration: 0:11.78