#0 building with "default" instance using docker driver

#1 [internal] load build definition from v1_Dockerfile
#1 transferring dockerfile:
#1 ...

#2 [internal] load .dockerignore
#2 transferring context: 50B done
#2 DONE 0.4s

#1 [internal] load build definition from v1_Dockerfile
#1 transferring dockerfile: 979B done
#1 DONE 0.5s

#3 [internal] load metadata for docker.io/library/alpine:3.14
#3 DONE 1.1s

#4 [1/4] FROM docker.io/library/alpine:3.14@sha256:0f2d5c38dd7a4f4f733e688e3a6733cb5ab1ac6e3cb4603a5dd564e5bfb80eed
#4 resolve docker.io/library/alpine:3.14@sha256:0f2d5c38dd7a4f4f733e688e3a6733cb5ab1ac6e3cb4603a5dd564e5bfb80eed
#4 resolve docker.io/library/alpine:3.14@sha256:0f2d5c38dd7a4f4f733e688e3a6733cb5ab1ac6e3cb4603a5dd564e5bfb80eed 0.3s done
#4 ...

#5 [internal] load build context
#5 transferring context: 351B done
#5 DONE 0.4s

#4 [1/4] FROM docker.io/library/alpine:3.14@sha256:0f2d5c38dd7a4f4f733e688e3a6733cb5ab1ac6e3cb4603a5dd564e5bfb80eed
#4 sha256:0f2d5c38dd7a4f4f733e688e3a6733cb5ab1ac6e3cb4603a5dd564e5bfb80eed 1.64kB / 1.64kB done
#4 sha256:71859b0c62df47efaeae4f93698b56a8dddafbf041778fd668bbd1ab45a864f8 528B / 528B done
#4 sha256:9e179bacf43c4d3428d57cf459799ba0285b901945f9eccb17b6da056d3532c7 1.47kB / 1.47kB done
#4 sha256:f7dab3ab2d6ec29aa28769bec35331fb485b5837501b1e8556413d8b5a79c9c8 2.83MB / 2.83MB 0.2s
#4 sha256:f7dab3ab2d6ec29aa28769bec35331fb485b5837501b1e8556413d8b5a79c9c8 2.83MB / 2.83MB 0.3s done
#4 extracting sha256:f7dab3ab2d6ec29aa28769bec35331fb485b5837501b1e8556413d8b5a79c9c8 0.1s
#4 extracting sha256:f7dab3ab2d6ec29aa28769bec35331fb485b5837501b1e8556413d8b5a79c9c8 0.2s done
#4 DONE 1.2s

#6 [2/4] RUN echo 'http://dl-cdn.alpinelinux.org/alpine/edge/testing' >> /etc/apk/repositories &&     apk --update add         php7         php7-bcmath         php7-dom         php7-ctype         php7-curl         php7-fileinfo         php7-fpm         php7-gd         php7-iconv         php7-intl         php7-json         php7-mbstring         php7-mcrypt         php7-mysqlnd         php7-opcache         php7-openssl         php7-pdo         php7-pdo_mysql         php7-pdo_pgsql         php7-pdo_sqlite         php7-phar         php7-posix         php7-simplexml         php7-session         php7-soap         php7-tokenizer         php7-xml         php7-xmlreader         php7-xmlwriter         php7-zip     && rm -rf /var/cache/apk/*
#6 0.470 fetch https://dl-cdn.alpinelinux.org/alpine/v3.14/main/x86_64/APKINDEX.tar.gz
#6 1.294 fetch https://dl-cdn.alpinelinux.org/alpine/v3.14/community/x86_64/APKINDEX.tar.gz
#6 2.176 fetch http://dl-cdn.alpinelinux.org/alpine/edge/testing/x86_64/APKINDEX.tar.gz
#6 2.697 (1/70) Installing php7-common (7.4.33-r0)
#6 2.866 (2/70) Installing argon2-libs (20190702-r1)
#6 3.016 (3/70) Installing ncurses-terminfo-base (6.2_p20210612-r1)
#6 3.049 (4/70) Installing ncurses-libs (6.2_p20210612-r1)
#6 3.074 (5/70) Installing libedit (20210216.3.1-r0)
#6 3.233 (6/70) Installing pcre2 (10.36-r1)
#6 3.256 (7/70) Installing xz-libs (5.2.5-r1)
#6 3.263 (8/70) Installing libxml2 (2.9.14-r2)
#6 4.076 (9/70) Installing php7 (7.4.33-r0)
#6 4.412 (10/70) Installing php7-bcmath (7.4.33-r0)
#6 5.023 (11/70) Installing php7-ctype (7.4.33-r0)
#6 5.203 (12/70) Installing ca-certificates (20230506-r0)
#6 5.228 (13/70) Installing brotli-libs (1.0.9-r5)
#6 5.267 (14/70) Installing nghttp2-libs (1.43.0-r0)
#6 5.272 (15/70) Installing libcurl (8.0.1-r0)
#6 5.284 (16/70) Installing php7-curl (7.4.33-r0)
#6 5.461 (17/70) Installing php7-dom (7.4.33-r0)
#6 5.666 (18/70) Installing php7-fileinfo (7.4.33-r0)
#6 6.141 (19/70) Installing php7-fpm (7.4.33-r0)
#6 6.360 (20/70) Installing libxau (1.0.9-r0)
#6 6.363 (21/70) Installing libmd (1.0.3-r0)
#6 6.368 (22/70) Installing libbsd (0.11.3-r0)
#6 6.373 (23/70) Installing libxdmcp (1.1.3-r0)
#6 6.376 (24/70) Installing libxcb (1.14-r2)
#6 6.392 (25/70) Installing libx11 (1.7.3.1-r0)
#6 6.438 (26/70) Installing libxext (1.3.4-r0)
#6 6.443 (27/70) Installing libice (1.0.10-r0)
#6 6.610 (28/70) Installing libuuid (2.37.4-r0)
#6 6.614 (29/70) Installing libsm (1.2.3-r0)
#6 6.769 (30/70) Installing libxt (1.2.1-r0)
#6 7.059 (31/70) Installing libxpm (3.5.15-r0)
#6 7.341 (32/70) Installing libbz2 (1.0.8-r1)
#6 7.349 (33/70) Installing libpng (1.6.37-r1)
#6 7.356 (34/70) Installing freetype (2.10.4-r3)
#6 7.369 (35/70) Installing libjpeg-turbo (2.1.0-r0)
#6 7.409 (36/70) Installing libwebp (1.2.0-r2)
#6 7.575 (37/70) Installing php7-gd (7.4.33-r0)
#6 7.737 (38/70) Installing php7-iconv (7.4.33-r0)
#6 7.952 (39/70) Installing libgcc (10.3.1_git20210424-r2)
#6 8.186 (40/70) Installing libstdc++ (10.3.1_git20210424-r2)
#6 8.586 (41/70) Installing icu-libs (67.1-r2)
#6 11.92 (42/70) Installing php7-intl (7.4.33-r0)
#6 12.75 (43/70) Installing php7-json (7.4.33-r0)
#6 13.01 (44/70) Installing oniguruma (6.9.7.1-r0)
#6 13.67 (45/70) Installing php7-mbstring (7.4.33-r0)
#6 13.83 (46/70) Installing libmcrypt (2.5.8-r9)
#6 14.49 (47/70) Installing php7-pecl-mcrypt (1.0.4-r0)
#6 14.69 (48/70) Installing php7-openssl (7.4.33-r0)
#6 15.34 (49/70) Installing php7-mysqlnd (7.4.33-r0)
#6 15.57 (50/70) Installing php7-opcache (7.4.33-r0)
#6 16.29 (51/70) Installing php7-pdo (7.4.33-r0)
#6 16.66 (52/70) Installing php7-pdo_mysql (7.4.33-r0)
#6 16.86 (53/70) Installing gdbm (1.19-r0)
#6 17.14 (54/70) Installing libsasl (2.1.28-r0)
#6 17.31 (55/70) Installing libldap (2.4.58-r0)
#6 17.47 (56/70) Installing libpq (13.12-r0)
#6 17.80 (57/70) Installing php7-pdo_pgsql (7.4.33-r0)
#6 18.25 (58/70) Installing sqlite-libs (3.35.5-r0)
#6 19.29 (59/70) Installing php7-pdo_sqlite (7.4.33-r0)
#6 19.46 (60/70) Installing php7-phar (7.4.33-r0)
#6 19.72 (61/70) Installing php7-posix (7.4.33-r0)
#6 20.17 (62/70) Installing php7-session (7.4.33-r0)
#6 20.32 (63/70) Installing php7-simplexml (7.4.33-r0)
#6 20.49 (64/70) Installing php7-soap (7.4.33-r0)
#6 20.64 (65/70) Installing php7-tokenizer (7.4.33-r0)
#6 20.79 (66/70) Installing php7-xml (7.4.33-r0)
#6 20.97 (67/70) Installing php7-xmlreader (7.4.33-r0)
#6 21.34 (68/70) Installing php7-xmlwriter (7.4.33-r0)
#6 21.49 (69/70) Installing libzip (1.7.3-r2)
#6 21.94 (70/70) Installing php7-zip (7.4.33-r0)
#6 22.29 Executing busybox-1.33.1-r8.trigger
#6 22.30 Executing ca-certificates-20230506-r0.trigger
#6 22.34 OK: 76 MiB in 84 packages
#6 DONE 22.9s

#7 [3/4] COPY php.ini /etc/php7/conf.d/50-setting.ini
#7 DONE 0.5s

#8 [4/4] COPY php-fpm.conf /etc/php7/php-fpm.conf
#8 DONE 0.4s

#9 exporting to image
#9 exporting layers
#9 exporting layers 1.2s done
#9 writing image sha256:d15c94c54d11f7c06c4c4a2e4c77fc90d0aa31979b98b523b5907b6275421171 0.0s done
#9 naming to docker.io/library/image_name_v1_1 0.0s done
#9 DONE 1.3s
Duration: 0:28.82