#0 building with "default" instance using docker driver

#1 [internal] load build definition from Dockerfile
#1 transferring dockerfile:
#1 ...

#2 [internal] load .dockerignore
#2 transferring context: 2B done
#2 DONE 0.5s

#1 [internal] load build definition from Dockerfile
#1 transferring dockerfile: 1.70kB done
#1 DONE 0.7s

#3 [internal] load metadata for docker.io/library/debian:stretch
#3 ...

#4 [auth] library/debian:pull token for registry-1.docker.io
#4 DONE 0.0s

#3 [internal] load metadata for docker.io/library/debian:stretch
#3 DONE 1.7s

#5 [1/3] FROM docker.io/library/debian:stretch@sha256:c5c5200ff1e9c73ffbf188b4a67eb1c91531b644856b4aefe86a58d2f0cb05be
#5 resolve docker.io/library/debian:stretch@sha256:c5c5200ff1e9c73ffbf188b4a67eb1c91531b644856b4aefe86a58d2f0cb05be
#5 resolve docker.io/library/debian:stretch@sha256:c5c5200ff1e9c73ffbf188b4a67eb1c91531b644856b4aefe86a58d2f0cb05be 0.2s done
#5 sha256:16ee3e11da473f6565ef94a715f1a38b3079e0664913be78869c336a71cb6085 529B / 529B done
#5 sha256:662c05203bab4c59568d24689fa5c3955439360a35c483178598d226b9a5ad10 1.46kB / 1.46kB done
#5 sha256:c5c5200ff1e9c73ffbf188b4a67eb1c91531b644856b4aefe86a58d2f0cb05be 1.21kB / 1.21kB done
#5 sha256:8372a04f222be82bf67eb0010a59644b1e52f1246b3da9034edaa98f3d591cae 0B / 45.43MB 0.1s
#5 sha256:8372a04f222be82bf67eb0010a59644b1e52f1246b3da9034edaa98f3d591cae 7.34MB / 45.43MB 0.3s
#5 sha256:8372a04f222be82bf67eb0010a59644b1e52f1246b3da9034edaa98f3d591cae 16.78MB / 45.43MB 0.4s
#5 sha256:8372a04f222be82bf67eb0010a59644b1e52f1246b3da9034edaa98f3d591cae 32.51MB / 45.43MB 0.6s
#5 sha256:8372a04f222be82bf67eb0010a59644b1e52f1246b3da9034edaa98f3d591cae 45.35MB / 45.43MB 0.7s
#5 sha256:8372a04f222be82bf67eb0010a59644b1e52f1246b3da9034edaa98f3d591cae 45.43MB / 45.43MB 1.4s done
#5 extracting sha256:8372a04f222be82bf67eb0010a59644b1e52f1246b3da9034edaa98f3d591cae 0.1s
#5 extracting sha256:8372a04f222be82bf67eb0010a59644b1e52f1246b3da9034edaa98f3d591cae 2.6s done
#5 DONE 5.0s

#6 [2/3] RUN apt update;     apt install -y default-jre ca-certificates-java curl;     curl -sL "https://github.com/marblenix/minecraft_downloader/releases/download/latest/minecraft_downloader_linux" -o minecraft_downloader;     chmod +x ./minecraft_downloader;     ./minecraft_downloader -o minecraft_server_latest.jar;
#6 0.510 
#6 0.510 WARNING: apt does not have a stable CLI interface. Use with caution in scripts.
#6 0.510 
#6 0.532 Ign:1 http://security.debian.org/debian-security stretch/updates InRelease
#6 0.535 Err:2 http://security.debian.org/debian-security stretch/updates Release
#6 0.535   404  Not Found [IP: 151.101.130.132 80]
#6 0.547 Ign:3 http://deb.debian.org/debian stretch InRelease
#6 0.556 Ign:4 http://deb.debian.org/debian stretch-updates InRelease
#6 0.566 Err:5 http://deb.debian.org/debian stretch Release
#6 0.566   404  Not Found
#6 0.576 Err:6 http://deb.debian.org/debian stretch-updates Release
#6 0.576   404  Not Found
#6 0.579 Reading package lists...
#6 0.588 E: The repository 'http://security.debian.org/debian-security stretch/updates Release' does not have a Release file.
#6 0.588 E: The repository 'http://deb.debian.org/debian stretch Release' does not have a Release file.
#6 0.588 E: The repository 'http://deb.debian.org/debian stretch-updates Release' does not have a Release file.
#6 0.593 
#6 0.593 WARNING: apt does not have a stable CLI interface. Use with caution in scripts.
#6 0.593 
#6 0.596 Reading package lists...
#6 0.604 Building dependency tree...
#6 0.604 Reading state information...
#6 0.605 E: Unable to locate package default-jre
#6 0.605 E: Unable to locate package ca-certificates-java
#6 0.605 E: Unable to locate package curl
#6 0.606 /bin/sh: 1: curl: not found
#6 0.607 chmod: cannot access './minecraft_downloader': No such file or directory
#6 0.607 /bin/sh: 1: ./minecraft_downloader: not found
#6 ERROR: process "/bin/sh -c apt update;     apt install -y default-jre ca-certificates-java curl;     curl -sL \"${MINECRAFT_UTILITY}\" -o minecraft_downloader;     chmod +x ./minecraft_downloader;     ./minecraft_downloader -o minecraft_server_${MINECRAFT_VERSION}.jar;" did not complete successfully: exit code: 127
------
 > [2/3] RUN apt update;     apt install -y default-jre ca-certificates-java curl;     curl -sL "https://github.com/marblenix/minecraft_downloader/releases/download/latest/minecraft_downloader_linux" -o minecraft_downloader;     chmod +x ./minecraft_downloader;     ./minecraft_downloader -o minecraft_server_latest.jar;:
0.593 
0.596 Reading package lists...
0.604 Building dependency tree...
0.604 Reading state information...
0.605 E: Unable to locate package default-jre
0.605 E: Unable to locate package ca-certificates-java
0.605 E: Unable to locate package curl
0.606 /bin/sh: 1: curl: not found
0.607 chmod: cannot access './minecraft_downloader': No such file or directory
0.607 /bin/sh: 1: ./minecraft_downloader: not found
------
Dockerfile:21
--------------------
  20 |     # .jar file fetched from the official page https://minecraft.net/en-us/download/server/
  21 | >>> RUN apt update; \
  22 | >>>     apt install -y default-jre ca-certificates-java curl; \
  23 | >>>     curl -sL "${MINECRAFT_UTILITY}" -o minecraft_downloader; \
  24 | >>>     chmod +x ./minecraft_downloader; \
  25 | >>>     ./minecraft_downloader -o minecraft_server_${MINECRAFT_VERSION}.jar;
  26 |     # We do the above in a single line to reduce the number of layers in our container
--------------------
ERROR: failed to solve: process "/bin/sh -c apt update;     apt install -y default-jre ca-certificates-java curl;     curl -sL \"${MINECRAFT_UTILITY}\" -o minecraft_downloader;     chmod +x ./minecraft_downloader;     ./minecraft_downloader -o minecraft_server_${MINECRAFT_VERSION}.jar;" did not complete successfully: exit code: 127
Duration: 0:13.37