#0 building with "default" instance using docker driver

#1 [internal] load .dockerignore
#1 transferring context:
#1 transferring context: 2B done
#1 ...

#2 [internal] load build definition from Dockerfile
#2 transferring dockerfile: 631B done
#2 DONE 0.6s

#1 [internal] load .dockerignore
#1 DONE 0.8s

#3 [internal] load metadata for docker.io/library/python:3.11
#3 ...

#4 [auth] library/python:pull token for registry-1.docker.io
#4 DONE 0.0s

#3 [internal] load metadata for docker.io/library/python:3.11
#3 DONE 2.9s

#5 [internal] load build context
#5 DONE 0.0s

#6 [1/7] FROM docker.io/library/python:3.11@sha256:a46ef4ef9f9d4fee62ad368f9526552a0a99e90882d246cdefe50d356e3a74dd
#6 resolve docker.io/library/python:3.11@sha256:a46ef4ef9f9d4fee62ad368f9526552a0a99e90882d246cdefe50d356e3a74dd
#6 resolve docker.io/library/python:3.11@sha256:a46ef4ef9f9d4fee62ad368f9526552a0a99e90882d246cdefe50d356e3a74dd 0.2s done
#6 sha256:a46ef4ef9f9d4fee62ad368f9526552a0a99e90882d246cdefe50d356e3a74dd 9.72kB / 9.72kB done
#6 sha256:ae53e69f6d40dddd0ff46d3d0ee69e7d4d70cc6955bbe9ef4d90fbda74e6444c 2.52kB / 2.52kB done
#6 sha256:5393dd665963a555911529f7a84a9358f01f8277b622ff1b7ce02c5ad5856f57 7.27kB / 7.27kB done
#6 sha256:30b93c12a9c9326732b35d9e3ebe57148abe33f8fa6e25ab76867410b0ccf876 0B / 24.05MB 0.1s
#6 sha256:30b93c12a9c9326732b35d9e3ebe57148abe33f8fa6e25ab76867410b0ccf876 8.39MB / 24.05MB 0.3s
#6 sha256:ca4e5d6727252f0dbc207fbf283cb95e278bf562bda42d35ce6c919583a110a0 0B / 49.55MB 0.3s
#6 sha256:10d643a5fa823cd013a108b2076f4d2edf1b2a921f863b533e83ea5ed8d09bd4 0B / 64.14MB 0.3s
#6 ...

#5 [internal] load build context
#5 transferring context: 210.50kB 0.0s done
#5 DONE 0.5s

#6 [1/7] FROM docker.io/library/python:3.11@sha256:a46ef4ef9f9d4fee62ad368f9526552a0a99e90882d246cdefe50d356e3a74dd
#6 sha256:30b93c12a9c9326732b35d9e3ebe57148abe33f8fa6e25ab76867410b0ccf876 19.92MB / 24.05MB 0.5s
#6 sha256:ca4e5d6727252f0dbc207fbf283cb95e278bf562bda42d35ce6c919583a110a0 3.15MB / 49.55MB 0.5s
#6 sha256:30b93c12a9c9326732b35d9e3ebe57148abe33f8fa6e25ab76867410b0ccf876 24.05MB / 24.05MB 0.6s
#6 sha256:ca4e5d6727252f0dbc207fbf283cb95e278bf562bda42d35ce6c919583a110a0 7.34MB / 49.55MB 0.6s
#6 sha256:ca4e5d6727252f0dbc207fbf283cb95e278bf562bda42d35ce6c919583a110a0 12.58MB / 49.55MB 0.7s
#6 sha256:ca4e5d6727252f0dbc207fbf283cb95e278bf562bda42d35ce6c919583a110a0 20.97MB / 49.55MB 0.9s
#6 sha256:10d643a5fa823cd013a108b2076f4d2edf1b2a921f863b533e83ea5ed8d09bd4 12.58MB / 64.14MB 0.9s
#6 sha256:ca4e5d6727252f0dbc207fbf283cb95e278bf562bda42d35ce6c919583a110a0 25.17MB / 49.55MB 1.1s
#6 sha256:10d643a5fa823cd013a108b2076f4d2edf1b2a921f863b533e83ea5ed8d09bd4 16.78MB / 64.14MB 1.1s
#6 sha256:30b93c12a9c9326732b35d9e3ebe57148abe33f8fa6e25ab76867410b0ccf876 24.05MB / 24.05MB 1.1s done
#6 sha256:ca4e5d6727252f0dbc207fbf283cb95e278bf562bda42d35ce6c919583a110a0 32.51MB / 49.55MB 1.2s
#6 sha256:10d643a5fa823cd013a108b2076f4d2edf1b2a921f863b533e83ea5ed8d09bd4 25.17MB / 64.14MB 1.2s
#6 sha256:d6dc1019d7935fe82827434da11bf96cf14e24979f8155e73b794286f10b7f05 0B / 211.24MB 1.2s
#6 sha256:ca4e5d6727252f0dbc207fbf283cb95e278bf562bda42d35ce6c919583a110a0 40.89MB / 49.55MB 1.4s
#6 sha256:10d643a5fa823cd013a108b2076f4d2edf1b2a921f863b533e83ea5ed8d09bd4 33.55MB / 64.14MB 1.4s
#6 sha256:ca4e5d6727252f0dbc207fbf283cb95e278bf562bda42d35ce6c919583a110a0 47.19MB / 49.55MB 1.6s
#6 sha256:10d643a5fa823cd013a108b2076f4d2edf1b2a921f863b533e83ea5ed8d09bd4 40.89MB / 64.14MB 1.6s
#6 sha256:10d643a5fa823cd013a108b2076f4d2edf1b2a921f863b533e83ea5ed8d09bd4 50.33MB / 64.14MB 1.8s
#6 sha256:10d643a5fa823cd013a108b2076f4d2edf1b2a921f863b533e83ea5ed8d09bd4 58.72MB / 64.14MB 2.1s
#6 sha256:10d643a5fa823cd013a108b2076f4d2edf1b2a921f863b533e83ea5ed8d09bd4 64.14MB / 64.14MB 2.3s
#6 sha256:d6dc1019d7935fe82827434da11bf96cf14e24979f8155e73b794286f10b7f05 14.68MB / 211.24MB 2.3s
#6 sha256:ca4e5d6727252f0dbc207fbf283cb95e278bf562bda42d35ce6c919583a110a0 49.55MB / 49.55MB 2.4s done
#6 sha256:d6dc1019d7935fe82827434da11bf96cf14e24979f8155e73b794286f10b7f05 31.46MB / 211.24MB 2.5s
#6 extracting sha256:ca4e5d6727252f0dbc207fbf283cb95e278bf562bda42d35ce6c919583a110a0
#6 sha256:d6dc1019d7935fe82827434da11bf96cf14e24979f8155e73b794286f10b7f05 49.28MB / 211.24MB 2.7s
#6 sha256:d6dc1019d7935fe82827434da11bf96cf14e24979f8155e73b794286f10b7f05 66.06MB / 211.24MB 2.9s
#6 sha256:d6dc1019d7935fe82827434da11bf96cf14e24979f8155e73b794286f10b7f05 82.84MB / 211.24MB 3.1s
#6 sha256:d6dc1019d7935fe82827434da11bf96cf14e24979f8155e73b794286f10b7f05 101.71MB / 211.24MB 3.3s
#6 sha256:10d643a5fa823cd013a108b2076f4d2edf1b2a921f863b533e83ea5ed8d09bd4 64.14MB / 64.14MB 3.4s done
#6 sha256:d6dc1019d7935fe82827434da11bf96cf14e24979f8155e73b794286f10b7f05 118.49MB / 211.24MB 3.5s
#6 sha256:10b660d66aedc5cdf320443baa5fcbf67df2800e164d1b30ec5f6ff63e285539 0B / 19.84MB 3.5s
#6 sha256:3f97c2dcac68ff3d5491ff1aad4ab18fee8d8dc2363c4c0d968517b53315c9b6 0B / 6.16MB 3.5s
#6 sha256:3f97c2dcac68ff3d5491ff1aad4ab18fee8d8dc2363c4c0d968517b53315c9b6 995.33kB / 6.16MB 3.6s
#6 sha256:d6dc1019d7935fe82827434da11bf96cf14e24979f8155e73b794286f10b7f05 131.07MB / 211.24MB 3.7s
#6 sha256:3f97c2dcac68ff3d5491ff1aad4ab18fee8d8dc2363c4c0d968517b53315c9b6 4.19MB / 6.16MB 3.7s
#6 sha256:10b660d66aedc5cdf320443baa5fcbf67df2800e164d1b30ec5f6ff63e285539 5.24MB / 19.84MB 3.9s
#6 sha256:3f97c2dcac68ff3d5491ff1aad4ab18fee8d8dc2363c4c0d968517b53315c9b6 6.16MB / 6.16MB 3.9s
#6 sha256:d6dc1019d7935fe82827434da11bf96cf14e24979f8155e73b794286f10b7f05 145.75MB / 211.24MB 4.0s
#6 sha256:10b660d66aedc5cdf320443baa5fcbf67df2800e164d1b30ec5f6ff63e285539 9.44MB / 19.84MB 4.0s
#6 sha256:3f97c2dcac68ff3d5491ff1aad4ab18fee8d8dc2363c4c0d968517b53315c9b6 6.16MB / 6.16MB 4.0s done
#6 sha256:10b660d66aedc5cdf320443baa5fcbf67df2800e164d1b30ec5f6ff63e285539 12.58MB / 19.84MB 4.1s
#6 sha256:3c06c666a70df3fd16fa0005fda89ea04d109b57bb02620f3d8f9d6c9130b684 0B / 230B 4.1s
#6 sha256:10b660d66aedc5cdf320443baa5fcbf67df2800e164d1b30ec5f6ff63e285539 16.78MB / 19.84MB 4.2s
#6 sha256:3c06c666a70df3fd16fa0005fda89ea04d109b57bb02620f3d8f9d6c9130b684 230B / 230B 4.2s done
#6 sha256:d6dc1019d7935fe82827434da11bf96cf14e24979f8155e73b794286f10b7f05 159.38MB / 211.24MB 4.3s
#6 sha256:10b660d66aedc5cdf320443baa5fcbf67df2800e164d1b30ec5f6ff63e285539 19.84MB / 19.84MB 4.3s
#6 sha256:28fd036baf971132325c21f5eb777faf21dc1d1ce4961fb96233f9eaa1267ebe 0B / 3.13MB 4.3s
#6 sha256:28fd036baf971132325c21f5eb777faf21dc1d1ce4961fb96233f9eaa1267ebe 2.10MB / 3.13MB 4.4s
#6 sha256:28fd036baf971132325c21f5eb777faf21dc1d1ce4961fb96233f9eaa1267ebe 3.13MB / 3.13MB 4.5s
#6 sha256:d6dc1019d7935fe82827434da11bf96cf14e24979f8155e73b794286f10b7f05 177.21MB / 211.24MB 4.6s
#6 sha256:10b660d66aedc5cdf320443baa5fcbf67df2800e164d1b30ec5f6ff63e285539 19.84MB / 19.84MB 4.6s done
#6 sha256:28fd036baf971132325c21f5eb777faf21dc1d1ce4961fb96233f9eaa1267ebe 3.13MB / 3.13MB 4.7s done
#6 sha256:d6dc1019d7935fe82827434da11bf96cf14e24979f8155e73b794286f10b7f05 200.28MB / 211.24MB 4.9s
#6 sha256:d6dc1019d7935fe82827434da11bf96cf14e24979f8155e73b794286f10b7f05 211.24MB / 211.24MB 5.1s
#6 extracting sha256:ca4e5d6727252f0dbc207fbf283cb95e278bf562bda42d35ce6c919583a110a0 2.9s done
#6 sha256:d6dc1019d7935fe82827434da11bf96cf14e24979f8155e73b794286f10b7f05 211.24MB / 211.24MB 8.4s done
#6 extracting sha256:30b93c12a9c9326732b35d9e3ebe57148abe33f8fa6e25ab76867410b0ccf876
#6 extracting sha256:30b93c12a9c9326732b35d9e3ebe57148abe33f8fa6e25ab76867410b0ccf876 1.1s done
#6 extracting sha256:10d643a5fa823cd013a108b2076f4d2edf1b2a921f863b533e83ea5ed8d09bd4
#6 extracting sha256:10d643a5fa823cd013a108b2076f4d2edf1b2a921f863b533e83ea5ed8d09bd4 4.0s done
#6 extracting sha256:d6dc1019d7935fe82827434da11bf96cf14e24979f8155e73b794286f10b7f05
#6 extracting sha256:d6dc1019d7935fe82827434da11bf96cf14e24979f8155e73b794286f10b7f05 5.0s
#6 extracting sha256:d6dc1019d7935fe82827434da11bf96cf14e24979f8155e73b794286f10b7f05 10.0s
#6 extracting sha256:d6dc1019d7935fe82827434da11bf96cf14e24979f8155e73b794286f10b7f05 12.0s done
#6 extracting sha256:3f97c2dcac68ff3d5491ff1aad4ab18fee8d8dc2363c4c0d968517b53315c9b6
#6 extracting sha256:3f97c2dcac68ff3d5491ff1aad4ab18fee8d8dc2363c4c0d968517b53315c9b6 0.4s done
#6 extracting sha256:10b660d66aedc5cdf320443baa5fcbf67df2800e164d1b30ec5f6ff63e285539
#6 extracting sha256:10b660d66aedc5cdf320443baa5fcbf67df2800e164d1b30ec5f6ff63e285539 3.2s done
#6 extracting sha256:3c06c666a70df3fd16fa0005fda89ea04d109b57bb02620f3d8f9d6c9130b684
#6 extracting sha256:3c06c666a70df3fd16fa0005fda89ea04d109b57bb02620f3d8f9d6c9130b684 done
#6 extracting sha256:28fd036baf971132325c21f5eb777faf21dc1d1ce4961fb96233f9eaa1267ebe
#6 extracting sha256:28fd036baf971132325c21f5eb777faf21dc1d1ce4961fb96233f9eaa1267ebe 0.3s done
#6 DONE 33.7s

#7 [2/7] RUN apt-get update
#7 0.614 Get:1 http://deb.debian.org/debian bookworm InRelease [151 kB]
#7 0.642 Get:2 http://deb.debian.org/debian bookworm-updates InRelease [55.4 kB]
#7 0.653 Get:3 http://deb.debian.org/debian-security bookworm-security InRelease [48.0 kB]
#7 0.734 Get:4 http://deb.debian.org/debian bookworm/main amd64 Packages [8788 kB]
#7 0.848 Get:5 http://deb.debian.org/debian bookworm-updates/main amd64 Packages [13.8 kB]
#7 0.874 Get:6 http://deb.debian.org/debian-security bookworm-security/main amd64 Packages [169 kB]
#7 2.161 Fetched 9225 kB in 2s (5740 kB/s)
#7 2.161 Reading package lists...
#7 DONE 28.7s

#8 [3/7] RUN apt-get install -y     python-setuptools     openssh-server     openssh-client     x11-xserver-utils     sudo
#8 0.769 Reading package lists...
#8 1.443 Building dependency tree...
#8 1.569 Reading state information...
#8 1.574 Package python-setuptools is not available, but is referred to by another package.
#8 1.574 This may mean that the package is missing, has been obsoleted, or
#8 1.574 is only available from another source
#8 1.574 
#8 1.579 E: Package 'python-setuptools' has no installation candidate
#8 ERROR: process "/bin/sh -c apt-get install -y     python-setuptools     openssh-server     openssh-client     x11-xserver-utils     sudo" did not complete successfully: exit code: 100
------
 > [3/7] RUN apt-get install -y     python-setuptools     openssh-server     openssh-client     x11-xserver-utils     sudo:


1.574 Package python-setuptools is not available, but is referred to by another package.
1.574 This may mean that the package is missing, has been obsoleted, or
1.574 is only available from another source
1.574 
1.579 E: Package 'python-setuptools' has no installation candidate
------
Dockerfile:6
--------------------
   5 |     # Installing dependencies
   6 | >>> RUN apt-get install -y \
   7 | >>>     python-setuptools \
   8 | >>>     openssh-server \
   9 | >>>     openssh-client \
  10 | >>>     x11-xserver-utils \
  11 | >>>     sudo
  12 |     RUN pip install Pillow bottle
--------------------
ERROR: failed to solve: process "/bin/sh -c apt-get install -y     python-setuptools     openssh-server     openssh-client     x11-xserver-utils     sudo" did not complete successfully: exit code: 100
Duration: 1:8.56