#0 building with "default" instance using docker driver

#1 [internal] load .dockerignore
#1 transferring context:
#1 transferring context: 219B done
#1 DONE 0.6s

#2 [internal] load build definition from Dockerfile
#2 transferring dockerfile: 912B done
#2 DONE 0.8s

#3 [internal] load metadata for docker.io/library/node:10-stretch
#3 ...

#4 [auth] library/node:pull token for registry-1.docker.io
#4 DONE 0.0s

#5 [internal] load metadata for docker.io/library/node:10-stretch-slim
#5 DONE 1.6s

#3 [internal] load metadata for docker.io/library/node:10-stretch
#3 DONE 1.7s

#6 [internal] load build context
#6 DONE 0.0s

#7 [stage-1 1/6] FROM docker.io/library/node:10-stretch-slim@sha256:88932859e3d022d79161b99628c4c2c50e836437455e2d1b1a008d98367b10d6
#7 resolve docker.io/library/node:10-stretch-slim@sha256:88932859e3d022d79161b99628c4c2c50e836437455e2d1b1a008d98367b10d6
#7 resolve docker.io/library/node:10-stretch-slim@sha256:88932859e3d022d79161b99628c4c2c50e836437455e2d1b1a008d98367b10d6 0.3s done
#7 sha256:88932859e3d022d79161b99628c4c2c50e836437455e2d1b1a008d98367b10d6 776B / 776B done
#7 sha256:64c30c91d628d40eb8f772ee1477f78aff820e317e8afbc5160857ee804e4b70 1.37kB / 1.37kB done
#7 sha256:6fbcbbb5c6032ce4013d4c736ffe54e0764c36fa14315ae54cb51f244e813c52 7.09kB / 7.09kB done
#7 sha256:f698164f6049bead44aeb7590e88d3df323011c20f0cedbff3d86f62e4c9f184 0B / 4.17kB 0.2s
#7 ...

#6 [internal] load build context
#6 transferring context: 4.60MB 0.1s done
#6 DONE 0.6s

#7 [stage-1 1/6] FROM docker.io/library/node:10-stretch-slim@sha256:88932859e3d022d79161b99628c4c2c50e836437455e2d1b1a008d98367b10d6
#7 sha256:f698164f6049bead44aeb7590e88d3df323011c20f0cedbff3d86f62e4c9f184 4.17kB / 4.17kB 0.3s
#7 sha256:62deabe7a6db312ed773ccd640cd7cfbf51c22bf466886345684558f1036e358 0B / 22.53MB 0.3s
#7 sha256:f698164f6049bead44aeb7590e88d3df323011c20f0cedbff3d86f62e4c9f184 4.17kB / 4.17kB 0.3s done
#7 sha256:62deabe7a6db312ed773ccd640cd7cfbf51c22bf466886345684558f1036e358 6.29MB / 22.53MB 0.5s
#7 sha256:bc29352cb629712e7fbce7227a16b53308b541ef41e19122a04c15646756b176 0B / 21.91MB 0.5s
#7 sha256:62deabe7a6db312ed773ccd640cd7cfbf51c22bf466886345684558f1036e358 10.49MB / 22.53MB 0.6s
#7 sha256:bc29352cb629712e7fbce7227a16b53308b541ef41e19122a04c15646756b176 6.29MB / 21.91MB 0.6s
#7 sha256:85e84b4c858fae373ccdf48432de781210efb7fd75d9d801be9917577fe6ca09 0B / 2.93MB 0.6s
#7 sha256:62deabe7a6db312ed773ccd640cd7cfbf51c22bf466886345684558f1036e358 19.92MB / 22.53MB 0.8s
#7 sha256:bc29352cb629712e7fbce7227a16b53308b541ef41e19122a04c15646756b176 16.78MB / 21.91MB 0.8s
#7 sha256:85e84b4c858fae373ccdf48432de781210efb7fd75d9d801be9917577fe6ca09 2.93MB / 2.93MB 0.8s
#7 sha256:62deabe7a6db312ed773ccd640cd7cfbf51c22bf466886345684558f1036e358 22.53MB / 22.53MB 1.0s
#7 sha256:bc29352cb629712e7fbce7227a16b53308b541ef41e19122a04c15646756b176 21.91MB / 21.91MB 1.0s
#7 sha256:85e84b4c858fae373ccdf48432de781210efb7fd75d9d801be9917577fe6ca09 2.93MB / 2.93MB 0.8s done
#7 sha256:62deabe7a6db312ed773ccd640cd7cfbf51c22bf466886345684558f1036e358 22.53MB / 22.53MB 1.2s done
#7 sha256:ac72e4359589952a2e38fbe10287d792cbb57f2ec3cd1eb730e9bab685ac9754 0B / 295B 1.3s
#7 extracting sha256:62deabe7a6db312ed773ccd640cd7cfbf51c22bf466886345684558f1036e358
#7 sha256:ac72e4359589952a2e38fbe10287d792cbb57f2ec3cd1eb730e9bab685ac9754 295B / 295B 1.4s
#7 sha256:bc29352cb629712e7fbce7227a16b53308b541ef41e19122a04c15646756b176 21.91MB / 21.91MB 1.6s done
#7 sha256:ac72e4359589952a2e38fbe10287d792cbb57f2ec3cd1eb730e9bab685ac9754 295B / 295B 1.7s done
#7 extracting sha256:62deabe7a6db312ed773ccd640cd7cfbf51c22bf466886345684558f1036e358 2.3s done
#7 extracting sha256:f698164f6049bead44aeb7590e88d3df323011c20f0cedbff3d86f62e4c9f184
#7 extracting sha256:f698164f6049bead44aeb7590e88d3df323011c20f0cedbff3d86f62e4c9f184 0.1s done
#7 extracting sha256:bc29352cb629712e7fbce7227a16b53308b541ef41e19122a04c15646756b176
#7 extracting sha256:bc29352cb629712e7fbce7227a16b53308b541ef41e19122a04c15646756b176 1.8s done
#7 ...

#8 [builder 1/9] FROM docker.io/library/node:10-stretch@sha256:59531d2835edd5161c8f9512f9e095b1836f7a1fcb0ab73e005ec46047384911
#8 resolve docker.io/library/node:10-stretch@sha256:59531d2835edd5161c8f9512f9e095b1836f7a1fcb0ab73e005ec46047384911 0.3s done
#8 sha256:59531d2835edd5161c8f9512f9e095b1836f7a1fcb0ab73e005ec46047384911 776B / 776B done
#8 sha256:686e0e859358f28bfe1641e1627549b9cd0ad74f222b953d74209213488c6858 2.21kB / 2.21kB done
#8 sha256:28dca6642db82aaecbed18101d9966f001e8de6691e1a1718c2927c124d81262 7.83kB / 7.83kB done
#8 sha256:76b8ef87096fa726adbe8f073ef69bb5664bac19474c5cce4dd69e08a234903b 45.38MB / 45.38MB 4.3s done
#8 sha256:2e2bafe8a0f40509cc10249087268e66a662e437f10e9598a09abb5687038a57 11.29MB / 11.29MB 3.3s done
#8 sha256:b53ce1fd2746e8d2037f1b0b91ddea0cc7411eb3e5949fe10c0320aca8f7392b 4.34MB / 4.34MB 2.3s done
#8 sha256:7a803dc0b40fcd10faee3fb3ebb2d7aaa88500520e6295295f5163c4bb48548b 214.35MB / 214.35MB 7.9s
#8 sha256:84a8c1bd5887cc4a89e1f286fed9ee31ce12dba9f6813cf14082ada3e9ab6f63 49.79MB / 49.79MB 5.2s done
#8 extracting sha256:76b8ef87096fa726adbe8f073ef69bb5664bac19474c5cce4dd69e08a234903b 2.7s done
#8 sha256:b800e94e7303e276b8fb4911a40bfe28f46180d997022c69bf1ee02fb7b86721 4.19kB / 4.19kB 5.3s done
#8 sha256:04dccde934cf0d6ab9d303fe73b36bc4ed84329d9d562049a69a5d38afb83f14 2.48MB / 2.48MB 5.7s done
#8 sha256:0da9fbf60d485c74d153bfc7562f34533550e3dd8aa78f5e8c2476ed500e0e73 21.42MB / 21.42MB 6.4s done
#8 sha256:73269890f6fdf96184d0fdb0afe3cf697b0c8dbe1e7a077f0fab445d74372c78 294B / 294B 6.0s done
#8 sha256:7a803dc0b40fcd10faee3fb3ebb2d7aaa88500520e6295295f5163c4bb48548b 214.35MB / 214.35MB 10.2s done
#8 ...

#7 [stage-1 1/6] FROM docker.io/library/node:10-stretch-slim@sha256:88932859e3d022d79161b99628c4c2c50e836437455e2d1b1a008d98367b10d6
#7 extracting sha256:85e84b4c858fae373ccdf48432de781210efb7fd75d9d801be9917577fe6ca09
#7 extracting sha256:85e84b4c858fae373ccdf48432de781210efb7fd75d9d801be9917577fe6ca09 0.3s done
#7 extracting sha256:ac72e4359589952a2e38fbe10287d792cbb57f2ec3cd1eb730e9bab685ac9754
#7 extracting sha256:ac72e4359589952a2e38fbe10287d792cbb57f2ec3cd1eb730e9bab685ac9754 done
#7 DONE 14.5s

#8 [builder 1/9] FROM docker.io/library/node:10-stretch@sha256:59531d2835edd5161c8f9512f9e095b1836f7a1fcb0ab73e005ec46047384911
#8 extracting sha256:2e2bafe8a0f40509cc10249087268e66a662e437f10e9598a09abb5687038a57 1.0s done
#8 extracting sha256:b53ce1fd2746e8d2037f1b0b91ddea0cc7411eb3e5949fe10c0320aca8f7392b 0.2s done
#8 extracting sha256:84a8c1bd5887cc4a89e1f286fed9ee31ce12dba9f6813cf14082ada3e9ab6f63 0.6s
#8 extracting sha256:84a8c1bd5887cc4a89e1f286fed9ee31ce12dba9f6813cf14082ada3e9ab6f63 4.9s done
#8 extracting sha256:7a803dc0b40fcd10faee3fb3ebb2d7aaa88500520e6295295f5163c4bb48548b
#8 extracting sha256:7a803dc0b40fcd10faee3fb3ebb2d7aaa88500520e6295295f5163c4bb48548b 5.1s
#8 ...

#9 [stage-1 2/6] RUN apt-get -qq update && apt-get install -qqy libavahi-compat-libdnssd1
#9 5.012 W: The repository 'http://security.debian.org/debian-security stretch/updates Release' does not have a Release file.
#9 5.012 W: The repository 'http://deb.debian.org/debian stretch Release' does not have a Release file.
#9 5.012 W: The repository 'http://deb.debian.org/debian stretch-updates Release' does not have a Release file.
#9 5.012 E: Failed to fetch http://security.debian.org/debian-security/dists/stretch/updates/main/binary-amd64/Packages  404  Not Found [IP: 151.101.194.132 80]
#9 5.012 E: Failed to fetch http://deb.debian.org/debian/dists/stretch/main/binary-amd64/Packages  404  Not Found
#9 5.012 E: Failed to fetch http://deb.debian.org/debian/dists/stretch-updates/main/binary-amd64/Packages  404  Not Found
#9 5.012 E: Some index files failed to download. They have been ignored, or old ones used instead.
#9 ...

#8 [builder 1/9] FROM docker.io/library/node:10-stretch@sha256:59531d2835edd5161c8f9512f9e095b1836f7a1fcb0ab73e005ec46047384911
#8 extracting sha256:7a803dc0b40fcd10faee3fb3ebb2d7aaa88500520e6295295f5163c4bb48548b 10.2s
#8 extracting sha256:7a803dc0b40fcd10faee3fb3ebb2d7aaa88500520e6295295f5163c4bb48548b 12.1s done
#8 ...

#9 [stage-1 2/6] RUN apt-get -qq update && apt-get install -qqy libavahi-compat-libdnssd1
#9 ERROR: process "/bin/sh -c apt-get -qq update && apt-get install -qqy libavahi-compat-libdnssd1" did not complete successfully: exit code: 100

#8 [builder 1/9] FROM docker.io/library/node:10-stretch@sha256:59531d2835edd5161c8f9512f9e095b1836f7a1fcb0ab73e005ec46047384911
#8 CANCELED
------
 > [stage-1 2/6] RUN apt-get -qq update && apt-get install -qqy libavahi-compat-libdnssd1:
5.012 W: The repository 'http://security.debian.org/debian-security stretch/updates Release' does not have a Release file.
5.012 W: The repository 'http://deb.debian.org/debian stretch Release' does not have a Release file.
5.012 W: The repository 'http://deb.debian.org/debian stretch-updates Release' does not have a Release file.
5.012 E: Failed to fetch http://security.debian.org/debian-security/dists/stretch/updates/main/binary-amd64/Packages  404  Not Found [IP: 151.101.194.132 80]
5.012 E: Failed to fetch http://deb.debian.org/debian/dists/stretch/main/binary-amd64/Packages  404  Not Found
5.012 E: Failed to fetch http://deb.debian.org/debian/dists/stretch-updates/main/binary-amd64/Packages  404  Not Found
5.012 E: Some index files failed to download. They have been ignored, or old ones used instead.
------
Dockerfile:17
--------------------
  15 |     FROM node:10-stretch-slim
  16 |     
  17 | >>> RUN apt-get -qq update && apt-get install -qqy libavahi-compat-libdnssd1
  18 |     
  19 |     WORKDIR /dashkiosk
--------------------
ERROR: failed to solve: process "/bin/sh -c apt-get -qq update && apt-get install -qqy libavahi-compat-libdnssd1" did not complete successfully: exit code: 100
Duration: 0:51.38