#0 building with "default" instance using docker driver

#1 [internal] load .dockerignore
#1 transferring context: 2B 0.0s done
#1 DONE 0.5s

#2 [internal] load build definition from Dockerfile
#2 transferring dockerfile: 1.00kB done
#2 DONE 0.4s

#3 [internal] load metadata for registry.access.redhat.com/ubi8/nodejs-16:latest
#3 DONE 1.6s

#4 [internal] load build context
#4 DONE 0.0s

#5 [stage-1 1/7] FROM registry.access.redhat.com/ubi8/nodejs-16@sha256:d4a32cc382fdd326a3c0c3f41fad72486f44136bb0018edb3a6720c074be065a
#5 resolve registry.access.redhat.com/ubi8/nodejs-16@sha256:d4a32cc382fdd326a3c0c3f41fad72486f44136bb0018edb3a6720c074be065a 0.1s done
#5 sha256:d4a32cc382fdd326a3c0c3f41fad72486f44136bb0018edb3a6720c074be065a 1.47kB / 1.47kB done
#5 sha256:35fb559bc20aee999444c6fe4f875efd27f7ad0aa42eac4ea788449249a36864 761B / 761B done
#5 sha256:24889869fb1361abeccfa651c0d91a4b2591a4ad9ef1a27f104c5f7a8aded030 19.85kB / 19.85kB done
#5 sha256:2efec45cd878dd2784f6aa8338e6f4a788be9a65fd288fe555bc971308f70615 0B / 78.74MB 0.4s
#5 sha256:d00882c4b1c5772067807aa2f443f30f6905dee69d684ab667da23f3a0fc3468 0B / 18.39MB 0.6s
#5 sha256:cd73af88c2dd0b438e154bcb5e39e06cee2d17cd5cb96685f7a5a1b7639855d6 0B / 145.12MB 0.8s
#5 sha256:2efec45cd878dd2784f6aa8338e6f4a788be9a65fd288fe555bc971308f70615 7.34MB / 78.74MB 0.9s
#5 sha256:d00882c4b1c5772067807aa2f443f30f6905dee69d684ab667da23f3a0fc3468 3.15MB / 18.39MB 0.9s
#5 sha256:2efec45cd878dd2784f6aa8338e6f4a788be9a65fd288fe555bc971308f70615 15.73MB / 78.74MB 1.1s
#5 sha256:d00882c4b1c5772067807aa2f443f30f6905dee69d684ab667da23f3a0fc3468 13.63MB / 18.39MB 1.1s
#5 ...

#4 [internal] load build context
#4 transferring context: 8.71MB 1.0s done
#4 DONE 1.3s

#5 [stage-1 1/7] FROM registry.access.redhat.com/ubi8/nodejs-16@sha256:d4a32cc382fdd326a3c0c3f41fad72486f44136bb0018edb3a6720c074be065a
#5 sha256:2efec45cd878dd2784f6aa8338e6f4a788be9a65fd288fe555bc971308f70615 20.97MB / 78.74MB 1.2s
#5 sha256:d00882c4b1c5772067807aa2f443f30f6905dee69d684ab667da23f3a0fc3468 18.39MB / 18.39MB 1.2s
#5 sha256:2efec45cd878dd2784f6aa8338e6f4a788be9a65fd288fe555bc971308f70615 31.46MB / 78.74MB 1.4s
#5 sha256:cd73af88c2dd0b438e154bcb5e39e06cee2d17cd5cb96685f7a5a1b7639855d6 9.44MB / 145.12MB 1.4s
#5 sha256:2efec45cd878dd2784f6aa8338e6f4a788be9a65fd288fe555bc971308f70615 36.70MB / 78.74MB 1.5s
#5 sha256:2efec45cd878dd2784f6aa8338e6f4a788be9a65fd288fe555bc971308f70615 50.33MB / 78.74MB 1.7s
#5 sha256:d00882c4b1c5772067807aa2f443f30f6905dee69d684ab667da23f3a0fc3468 18.39MB / 18.39MB 1.5s done
#5 sha256:cd73af88c2dd0b438e154bcb5e39e06cee2d17cd5cb96685f7a5a1b7639855d6 16.78MB / 145.12MB 1.7s
#5 sha256:2efec45cd878dd2784f6aa8338e6f4a788be9a65fd288fe555bc971308f70615 63.96MB / 78.74MB 2.0s
#5 sha256:cd73af88c2dd0b438e154bcb5e39e06cee2d17cd5cb96685f7a5a1b7639855d6 25.17MB / 145.12MB 2.0s
#5 sha256:2efec45cd878dd2784f6aa8338e6f4a788be9a65fd288fe555bc971308f70615 68.16MB / 78.74MB 2.1s
#5 sha256:2efec45cd878dd2784f6aa8338e6f4a788be9a65fd288fe555bc971308f70615 73.40MB / 78.74MB 2.3s
#5 sha256:cd73af88c2dd0b438e154bcb5e39e06cee2d17cd5cb96685f7a5a1b7639855d6 33.55MB / 145.12MB 2.3s
#5 sha256:2efec45cd878dd2784f6aa8338e6f4a788be9a65fd288fe555bc971308f70615 78.74MB / 78.74MB 2.5s
#5 sha256:cd73af88c2dd0b438e154bcb5e39e06cee2d17cd5cb96685f7a5a1b7639855d6 44.04MB / 145.12MB 2.6s
#5 sha256:cd73af88c2dd0b438e154bcb5e39e06cee2d17cd5cb96685f7a5a1b7639855d6 52.43MB / 145.12MB 3.0s
#5 sha256:cd73af88c2dd0b438e154bcb5e39e06cee2d17cd5cb96685f7a5a1b7639855d6 61.87MB / 145.12MB 3.3s
#5 sha256:cd73af88c2dd0b438e154bcb5e39e06cee2d17cd5cb96685f7a5a1b7639855d6 69.21MB / 145.12MB 3.5s
#5 sha256:2efec45cd878dd2784f6aa8338e6f4a788be9a65fd288fe555bc971308f70615 78.74MB / 78.74MB 3.7s done
#5 sha256:cd73af88c2dd0b438e154bcb5e39e06cee2d17cd5cb96685f7a5a1b7639855d6 76.55MB / 145.12MB 3.7s
#5 sha256:cd73af88c2dd0b438e154bcb5e39e06cee2d17cd5cb96685f7a5a1b7639855d6 84.93MB / 145.12MB 3.9s
#5 sha256:cd73af88c2dd0b438e154bcb5e39e06cee2d17cd5cb96685f7a5a1b7639855d6 94.37MB / 145.12MB 4.1s
#5 extracting sha256:2efec45cd878dd2784f6aa8338e6f4a788be9a65fd288fe555bc971308f70615
#5 sha256:cd73af88c2dd0b438e154bcb5e39e06cee2d17cd5cb96685f7a5a1b7639855d6 102.76MB / 145.12MB 4.4s
#5 sha256:cd73af88c2dd0b438e154bcb5e39e06cee2d17cd5cb96685f7a5a1b7639855d6 115.34MB / 145.12MB 4.8s
#5 sha256:cd73af88c2dd0b438e154bcb5e39e06cee2d17cd5cb96685f7a5a1b7639855d6 130.02MB / 145.12MB 5.1s
#5 sha256:cd73af88c2dd0b438e154bcb5e39e06cee2d17cd5cb96685f7a5a1b7639855d6 138.41MB / 145.12MB 5.3s
#5 sha256:cd73af88c2dd0b438e154bcb5e39e06cee2d17cd5cb96685f7a5a1b7639855d6 145.12MB / 145.12MB 9.1s done
#5 extracting sha256:2efec45cd878dd2784f6aa8338e6f4a788be9a65fd288fe555bc971308f70615 5.1s
#5 extracting sha256:2efec45cd878dd2784f6aa8338e6f4a788be9a65fd288fe555bc971308f70615 10.1s
#5 extracting sha256:2efec45cd878dd2784f6aa8338e6f4a788be9a65fd288fe555bc971308f70615 13.1s done
#5 extracting sha256:d00882c4b1c5772067807aa2f443f30f6905dee69d684ab667da23f3a0fc3468
#5 extracting sha256:d00882c4b1c5772067807aa2f443f30f6905dee69d684ab667da23f3a0fc3468 2.9s done
#5 extracting sha256:cd73af88c2dd0b438e154bcb5e39e06cee2d17cd5cb96685f7a5a1b7639855d6
#5 extracting sha256:cd73af88c2dd0b438e154bcb5e39e06cee2d17cd5cb96685f7a5a1b7639855d6 5.0s
#5 extracting sha256:cd73af88c2dd0b438e154bcb5e39e06cee2d17cd5cb96685f7a5a1b7639855d6 10.1s
#5 extracting sha256:cd73af88c2dd0b438e154bcb5e39e06cee2d17cd5cb96685f7a5a1b7639855d6 15.2s
#5 extracting sha256:cd73af88c2dd0b438e154bcb5e39e06cee2d17cd5cb96685f7a5a1b7639855d6 19.1s done
#5 DONE 51.0s

#6 [builder 2/4] COPY . /mig-ui
#6 DONE 4.0s

#7 [builder 3/4] WORKDIR /mig-ui
#7 DONE 0.4s

#8 [builder 4/4] RUN dnf config-manager --add-repo https://dl.yarnpkg.com/rpm/yarn.repo &&     dnf -y install yarn && yarn && yarn build && yarn install --production
#8 3.111 Updating Subscription Management repositories.
#8 3.111 Unable to read consumer identity
#8 3.119 
#8 3.119 This system is not registered with an entitlement server. You can use subscription-manager to register.
#8 3.119 
#8 3.156 Adding repo from: https://dl.yarnpkg.com/rpm/yarn.repo
#8 4.635 Updating Subscription Management repositories.
#8 4.635 Unable to read consumer identity
#8 4.642 
#8 4.642 This system is not registered with an entitlement server. You can use subscription-manager to register.
#8 4.642 
#8 6.195 Red Hat Universal Base Image 8 (RPMs) - BaseOS  568 kB/s | 722 kB     00:01    
#8 7.570 Red Hat Universal Base Image 8 (RPMs) - AppStre 4.9 MB/s | 3.2 MB     00:00    
#8 10.16 Red Hat Universal Base Image 8 (RPMs) - CodeRea 452 kB/s | 185 kB     00:00    
#8 10.82 Yarn Repository                                 832 kB/s | 363 kB     00:00    
#8 12.51 Dependencies resolved.
#8 12.51 ================================================================================
#8 12.51  Package         Architecture      Version                Repository       Size
#8 12.51 ================================================================================
#8 12.51 Installing:
#8 12.51  yarn            noarch            1.22.22-1              yarn            1.2 M
#8 12.51 
#8 12.51 Transaction Summary
#8 12.51 ================================================================================
#8 12.51 Install  1 Package
#8 12.51 
#8 12.51 Total download size: 1.2 M
#8 12.51 Installed size: 5.1 M
#8 12.51 Downloading Packages:
#8 12.75 yarn-1.22.22-1.noarch.rpm                       4.9 MB/s | 1.2 MB     00:00    
#8 12.76 --------------------------------------------------------------------------------
#8 12.76 Total                                           4.8 MB/s | 1.2 MB     00:00     
#8 13.03 Yarn Repository                                 9.6 kB/s | 1.6 kB     00:00    
#8 13.45 Importing GPG key 0x6963F07F:
#8 13.45  Userid     : "Yarn RPM Packaging <yarn@dan.cx>"
#8 13.45  Fingerprint: 9A6F 73F3 4BEB 7473 4D8C 6914 9CBB B558 6963 F07F
#8 13.45  From       : https://dl.yarnpkg.com/rpm/pubkey.gpg
#8 14.56 Key imported successfully
#8 14.66 Running transaction check
#8 14.67 Transaction check succeeded.
#8 14.67 Running transaction test
#8 14.78 Transaction test succeeded.
#8 14.80 Running transaction
#8 14.91   Preparing        :                                                        1/1 
#8 15.11   Installing       : yarn-1.22.22-1.noarch                                  1/1 
#8 15.50   Verifying        : yarn-1.22.22-1.noarch                                  1/1 
#8 16.15 Installed products updated.
#8 16.19 
#8 16.19 Installed:
#8 16.19   yarn-1.22.22-1.noarch                                                         
#8 16.19 
#8 16.19 Complete!
#8 17.72 yarn install v1.22.22
#8 18.00 [1/4] Resolving packages...
#8 20.44 [2/4] Fetching packages...
#8 56.60 info There appears to be trouble with your network connection. Retrying...
#8 71.49 info There appears to be trouble with your network connection. Retrying...
#8 89.82 info There appears to be trouble with your network connection. Retrying...
#8 104.7 info There appears to be trouble with your network connection. Retrying...
#8 118.9 info There appears to be trouble with your network connection. Retrying...
#8 123.2 info There appears to be trouble with your network connection. Retrying...
#8 138.0 info There appears to be trouble with your network connection. Retrying...
#8 152.3 info There appears to be trouble with your network connection. Retrying...
#8 156.4 info There appears to be trouble with your network connection. Retrying...
#8 160.7 info There appears to be trouble with your network connection. Retrying...
#8 171.4 info There appears to be trouble with your network connection. Retrying...
#8 185.5 info There appears to be trouble with your network connection. Retrying...
#8 189.5 info There appears to be trouble with your network connection. Retrying...
#8 193.6 info There appears to be trouble with your network connection. Retrying...
#8 204.4 error Error: https://registry.yarnpkg.com/@patternfly/react-tokens/-/react-tokens-4.11.8.tgz: ESOCKETTIMEDOUT
#8 204.4     at ClientRequest.<anonymous> (/usr/share/yarn/lib/cli.js:142037:19)
#8 204.4     at Object.onceWrapper (node:events:627:28)
#8 204.4     at ClientRequest.emit (node:events:513:28)
#8 204.4     at TLSSocket.emitRequestTimeout (node:_http_client:839:9)
#8 204.4     at Object.onceWrapper (node:events:627:28)
#8 204.4     at TLSSocket.emit (node:events:525:35)
#8 204.4     at TLSSocket.Socket._onTimeout (node:net:550:8)
#8 204.4     at listOnTimeout (node:internal/timers:559:17)
#8 204.4     at processTimers (node:internal/timers:502:7)
#8 204.4 info Visit https://yarnpkg.com/en/docs/cli/install for documentation about this command.
#8 222.6 info There appears to be trouble with your network connection. Retrying...
#8 255.8 info There appears to be trouble with your network connection. Retrying...
#8 263.7 info There appears to be trouble with your network connection. Retrying...
#8 ERROR: process "/bin/sh -c dnf config-manager --add-repo https://dl.yarnpkg.com/rpm/yarn.repo &&     dnf -y install yarn && yarn && yarn build && yarn install --production" did not complete successfully: exit code: 1
------
 > [builder 4/4] RUN dnf config-manager --add-repo https://dl.yarnpkg.com/rpm/yarn.repo &&     dnf -y install yarn && yarn && yarn build && yarn install --production:
204.4     at TLSSocket.emitRequestTimeout (node:_http_client:839:9)
204.4     at Object.onceWrapper (node:events:627:28)
204.4     at TLSSocket.emit (node:events:525:35)
204.4     at TLSSocket.Socket._onTimeout (node:net:550:8)
204.4     at listOnTimeout (node:internal/timers:559:17)
204.4     at processTimers (node:internal/timers:502:7)
204.4 info Visit https://yarnpkg.com/en/docs/cli/install for documentation about this command.
222.6 info There appears to be trouble with your network connection. Retrying...
255.8 info There appears to be trouble with your network connection. Retrying...
263.7 info There appears to be trouble with your network connection. Retrying...
------
Dockerfile:5
--------------------
   4 |     USER root
   5 | >>> RUN dnf config-manager --add-repo https://dl.yarnpkg.com/rpm/yarn.repo && \
   6 | >>>     dnf -y install yarn && yarn && yarn build && yarn install --production
   7 |     
--------------------
ERROR: failed to solve: process "/bin/sh -c dnf config-manager --add-repo https://dl.yarnpkg.com/rpm/yarn.repo &&     dnf -y install yarn && yarn && yarn build && yarn install --production" did not complete successfully: exit code: 1
Duration: 6:43.93