#0 building with "default" instance using docker driver

#1 [internal] load build definition from v1_Dockerfile
#1 transferring dockerfile: 417B done
#1 DONE 0.0s

#2 [internal] load metadata for docker.io/library/python:3.7
#2 ...

#3 [auth] library/python:pull token for registry-1.docker.io
#3 DONE 0.0s

#2 [internal] load metadata for docker.io/library/python:3.7
#2 DONE 1.0s

#4 [internal] load .dockerignore
#4 transferring context: 293B done
#4 DONE 0.0s

#5 [internal] load build context
#5 transferring context: 142.71kB 0.0s done
#5 DONE 0.1s

#6 [1/9] FROM docker.io/library/python:3.7@sha256:eedf63967cdb57d8214db38ce21f105003ed4e4d0358f02bedc057341bcf92a0
#6 resolve docker.io/library/python:3.7@sha256:eedf63967cdb57d8214db38ce21f105003ed4e4d0358f02bedc057341bcf92a0 0.0s done
#6 sha256:eedf63967cdb57d8214db38ce21f105003ed4e4d0358f02bedc057341bcf92a0 1.86kB / 1.86kB done
#6 sha256:b47a222d28fa95680198398973d0a29b82a968f03e7ef361cc8ded562e4d84a3 0B / 24.03MB 0.2s
#6 sha256:2011a37d2a08fe83dd9ff923e0f83bfd7290152e2e6afe359bde1453170d9bdc 2.01kB / 2.01kB done
#6 sha256:16d93ae3411be3db255b6b52fdfc155a0dff0f697c2e4e3d862caf8d978830b2 8.13kB / 8.13kB done
#6 sha256:167b8a53ca4504bc6aa3182e336fa96f4ef76875d158c1933d3e2fa19c57e0c3 0B / 49.56MB 0.2s
#6 sha256:debce5f9f3a9709885f7f2ad3cf41f036a3b57b406b27ba3a883928315787042 0B / 64.11MB 0.2s
#6 sha256:b47a222d28fa95680198398973d0a29b82a968f03e7ef361cc8ded562e4d84a3 2.10MB / 24.03MB 0.3s
#6 sha256:b47a222d28fa95680198398973d0a29b82a968f03e7ef361cc8ded562e4d84a3 10.49MB / 24.03MB 0.4s
#6 sha256:b47a222d28fa95680198398973d0a29b82a968f03e7ef361cc8ded562e4d84a3 20.97MB / 24.03MB 0.6s
#6 sha256:167b8a53ca4504bc6aa3182e336fa96f4ef76875d158c1933d3e2fa19c57e0c3 4.19MB / 49.56MB 0.6s
#6 sha256:debce5f9f3a9709885f7f2ad3cf41f036a3b57b406b27ba3a883928315787042 10.49MB / 64.11MB 0.6s
#6 sha256:b47a222d28fa95680198398973d0a29b82a968f03e7ef361cc8ded562e4d84a3 24.03MB / 24.03MB 0.7s done
#6 sha256:167b8a53ca4504bc6aa3182e336fa96f4ef76875d158c1933d3e2fa19c57e0c3 9.44MB / 49.56MB 0.8s
#6 sha256:debce5f9f3a9709885f7f2ad3cf41f036a3b57b406b27ba3a883928315787042 23.07MB / 64.11MB 0.8s
#6 sha256:1d7ca7cd2e066ae77ac6284a9d027f72a31a02a18bfc2a249ef2e7b01074338b 0B / 211.04MB 0.8s
#6 sha256:167b8a53ca4504bc6aa3182e336fa96f4ef76875d158c1933d3e2fa19c57e0c3 13.63MB / 49.56MB 0.9s
#6 sha256:debce5f9f3a9709885f7f2ad3cf41f036a3b57b406b27ba3a883928315787042 28.31MB / 64.11MB 0.9s
#6 sha256:167b8a53ca4504bc6aa3182e336fa96f4ef76875d158c1933d3e2fa19c57e0c3 20.97MB / 49.56MB 1.1s
#6 sha256:debce5f9f3a9709885f7f2ad3cf41f036a3b57b406b27ba3a883928315787042 35.65MB / 64.11MB 1.1s
#6 sha256:167b8a53ca4504bc6aa3182e336fa96f4ef76875d158c1933d3e2fa19c57e0c3 28.31MB / 49.56MB 1.3s
#6 sha256:debce5f9f3a9709885f7f2ad3cf41f036a3b57b406b27ba3a883928315787042 44.04MB / 64.11MB 1.3s
#6 sha256:1d7ca7cd2e066ae77ac6284a9d027f72a31a02a18bfc2a249ef2e7b01074338b 18.87MB / 211.04MB 1.3s
#6 sha256:167b8a53ca4504bc6aa3182e336fa96f4ef76875d158c1933d3e2fa19c57e0c3 35.65MB / 49.56MB 1.5s
#6 sha256:debce5f9f3a9709885f7f2ad3cf41f036a3b57b406b27ba3a883928315787042 52.43MB / 64.11MB 1.5s
#6 sha256:167b8a53ca4504bc6aa3182e336fa96f4ef76875d158c1933d3e2fa19c57e0c3 39.85MB / 49.56MB 1.6s
#6 sha256:debce5f9f3a9709885f7f2ad3cf41f036a3b57b406b27ba3a883928315787042 56.62MB / 64.11MB 1.6s
#6 sha256:1d7ca7cd2e066ae77ac6284a9d027f72a31a02a18bfc2a249ef2e7b01074338b 31.46MB / 211.04MB 1.6s
#6 sha256:167b8a53ca4504bc6aa3182e336fa96f4ef76875d158c1933d3e2fa19c57e0c3 44.04MB / 49.56MB 1.7s
#6 sha256:debce5f9f3a9709885f7f2ad3cf41f036a3b57b406b27ba3a883928315787042 60.82MB / 64.11MB 1.7s
#6 sha256:167b8a53ca4504bc6aa3182e336fa96f4ef76875d158c1933d3e2fa19c57e0c3 49.56MB / 49.56MB 1.9s
#6 sha256:debce5f9f3a9709885f7f2ad3cf41f036a3b57b406b27ba3a883928315787042 64.11MB / 64.11MB 1.9s
#6 sha256:1d7ca7cd2e066ae77ac6284a9d027f72a31a02a18bfc2a249ef2e7b01074338b 46.14MB / 211.04MB 1.9s
#6 sha256:167b8a53ca4504bc6aa3182e336fa96f4ef76875d158c1933d3e2fa19c57e0c3 49.56MB / 49.56MB 1.9s done
#6 extracting sha256:167b8a53ca4504bc6aa3182e336fa96f4ef76875d158c1933d3e2fa19c57e0c3
#6 sha256:debce5f9f3a9709885f7f2ad3cf41f036a3b57b406b27ba3a883928315787042 64.11MB / 64.11MB 2.1s done
#6 sha256:1d7ca7cd2e066ae77ac6284a9d027f72a31a02a18bfc2a249ef2e7b01074338b 61.87MB / 211.04MB 2.1s
#6 sha256:ff3119008f58beef8f336fa833707b0fe914db94ca6b7bb55abe3e1bf2b1ad56 0B / 6.39MB 2.1s
#6 sha256:c2423a76a32b7ffb2ee7bb6d1e0c74bb1811237eddcb3200594daf7a52d4f378 0B / 14.70MB 2.1s
#6 sha256:ff3119008f58beef8f336fa833707b0fe914db94ca6b7bb55abe3e1bf2b1ad56 913.41kB / 6.39MB 2.2s
#6 sha256:1d7ca7cd2e066ae77ac6284a9d027f72a31a02a18bfc2a249ef2e7b01074338b 73.40MB / 211.04MB 2.3s
#6 sha256:ff3119008f58beef8f336fa833707b0fe914db94ca6b7bb55abe3e1bf2b1ad56 4.19MB / 6.39MB 2.3s
#6 sha256:c2423a76a32b7ffb2ee7bb6d1e0c74bb1811237eddcb3200594daf7a52d4f378 2.10MB / 14.70MB 2.3s
#6 sha256:ff3119008f58beef8f336fa833707b0fe914db94ca6b7bb55abe3e1bf2b1ad56 6.39MB / 6.39MB 2.4s done
#6 sha256:c2423a76a32b7ffb2ee7bb6d1e0c74bb1811237eddcb3200594daf7a52d4f378 7.34MB / 14.70MB 2.4s
#6 sha256:e1c98ca4926a91839805ce76d76a70225e303007331ee60f45dfabbbf55fd8c8 0B / 244B 2.4s
#6 sha256:1d7ca7cd2e066ae77ac6284a9d027f72a31a02a18bfc2a249ef2e7b01074338b 92.27MB / 211.04MB 2.6s
#6 sha256:c2423a76a32b7ffb2ee7bb6d1e0c74bb1811237eddcb3200594daf7a52d4f378 14.70MB / 14.70MB 2.5s done
#6 sha256:e1c98ca4926a91839805ce76d76a70225e303007331ee60f45dfabbbf55fd8c8 244B / 244B 2.5s done
#6 sha256:3b62c8e1d79b6554a8bffcf196ff5dd822858c179f1f8dc6f0c74a288859a6fb 0B / 2.85MB 2.6s
#6 sha256:3b62c8e1d79b6554a8bffcf196ff5dd822858c179f1f8dc6f0c74a288859a6fb 2.85MB / 2.85MB 2.7s done
#6 sha256:1d7ca7cd2e066ae77ac6284a9d027f72a31a02a18bfc2a249ef2e7b01074338b 110.10MB / 211.04MB 2.8s
#6 sha256:1d7ca7cd2e066ae77ac6284a9d027f72a31a02a18bfc2a249ef2e7b01074338b 131.07MB / 211.04MB 3.0s
#6 sha256:1d7ca7cd2e066ae77ac6284a9d027f72a31a02a18bfc2a249ef2e7b01074338b 149.95MB / 211.04MB 3.2s
#6 sha256:1d7ca7cd2e066ae77ac6284a9d027f72a31a02a18bfc2a249ef2e7b01074338b 171.97MB / 211.04MB 3.4s
#6 sha256:1d7ca7cd2e066ae77ac6284a9d027f72a31a02a18bfc2a249ef2e7b01074338b 191.89MB / 211.04MB 3.6s
#6 sha256:1d7ca7cd2e066ae77ac6284a9d027f72a31a02a18bfc2a249ef2e7b01074338b 206.57MB / 211.04MB 3.8s
#6 sha256:1d7ca7cd2e066ae77ac6284a9d027f72a31a02a18bfc2a249ef2e7b01074338b 211.04MB / 211.04MB 4.5s done
#6 extracting sha256:167b8a53ca4504bc6aa3182e336fa96f4ef76875d158c1933d3e2fa19c57e0c3 2.9s done
#6 extracting sha256:b47a222d28fa95680198398973d0a29b82a968f03e7ef361cc8ded562e4d84a3
#6 extracting sha256:b47a222d28fa95680198398973d0a29b82a968f03e7ef361cc8ded562e4d84a3 0.8s done
#6 extracting sha256:debce5f9f3a9709885f7f2ad3cf41f036a3b57b406b27ba3a883928315787042
#6 extracting sha256:debce5f9f3a9709885f7f2ad3cf41f036a3b57b406b27ba3a883928315787042 3.5s done
#6 extracting sha256:1d7ca7cd2e066ae77ac6284a9d027f72a31a02a18bfc2a249ef2e7b01074338b
#6 extracting sha256:1d7ca7cd2e066ae77ac6284a9d027f72a31a02a18bfc2a249ef2e7b01074338b 5.1s
#6 extracting sha256:1d7ca7cd2e066ae77ac6284a9d027f72a31a02a18bfc2a249ef2e7b01074338b 9.0s done
#6 extracting sha256:ff3119008f58beef8f336fa833707b0fe914db94ca6b7bb55abe3e1bf2b1ad56
#6 extracting sha256:ff3119008f58beef8f336fa833707b0fe914db94ca6b7bb55abe3e1bf2b1ad56 0.4s done
#6 extracting sha256:c2423a76a32b7ffb2ee7bb6d1e0c74bb1811237eddcb3200594daf7a52d4f378
#6 extracting sha256:c2423a76a32b7ffb2ee7bb6d1e0c74bb1811237eddcb3200594daf7a52d4f378 0.6s done
#6 extracting sha256:e1c98ca4926a91839805ce76d76a70225e303007331ee60f45dfabbbf55fd8c8
#6 extracting sha256:e1c98ca4926a91839805ce76d76a70225e303007331ee60f45dfabbbf55fd8c8 done
#6 extracting sha256:3b62c8e1d79b6554a8bffcf196ff5dd822858c179f1f8dc6f0c74a288859a6fb 0.1s
#6 extracting sha256:3b62c8e1d79b6554a8bffcf196ff5dd822858c179f1f8dc6f0c74a288859a6fb 0.3s done
#6 DONE 20.4s

#7 [2/9] RUN mkdir -p /code
#7 DONE 7.3s

#8 [3/9] ADD ./examples/ /code/examples
#8 DONE 0.0s

#9 [4/9] WORKDIR /code
#9 DONE 0.0s

#10 [5/9] RUN pip install git+https://github.com/toluaina/pgsync.git
#10 1.578 Collecting git+https://github.com/toluaina/pgsync.git
#10 1.578   Cloning https://github.com/toluaina/pgsync.git to /tmp/pip-req-build-48r64e5b
#10 1.582   Running command git clone --filter=blob:none --quiet https://github.com/toluaina/pgsync.git /tmp/pip-req-build-48r64e5b
#10 2.397   Resolved https://github.com/toluaina/pgsync.git to commit 800073967eb03a33d8a3d4902f9df8ebc836d96e
#10 2.405   Installing build dependencies: started
#10 4.281   Installing build dependencies: finished with status 'done'
#10 4.282   Getting requirements to build wheel: started
#10 4.461   Getting requirements to build wheel: finished with status 'done'
#10 4.464   Installing backend dependencies: started
#10 5.137   Installing backend dependencies: finished with status 'done'
#10 5.138   Preparing metadata (pyproject.toml): started
#10 5.368   Preparing metadata (pyproject.toml): finished with status 'done'
#10 5.549 Collecting redis==5.0.7
#10 5.617   Downloading redis-5.0.7-py3-none-any.whl (252 kB)
#10 5.675      ━━━━━━━━━━━━━━━━━━━━━━━━━━━━━━━━━━━━━━━ 252.1/252.1 kB 4.4 MB/s eta 0:00:00
#10 5.704 Collecting events==0.5
#10 5.719   Downloading Events-0.5-py3-none-any.whl (6.8 kB)
#10 5.765 Collecting python-dateutil==2.9.0.post0
#10 5.780   Downloading python_dateutil-2.9.0.post0-py2.py3-none-any.whl (229 kB)
#10 5.789      ━━━━━━━━━━━━━━━━━━━━━━━━━━━━━━━━━━━━━━ 229.9/229.9 kB 32.2 MB/s eta 0:00:00
#10 5.903 Collecting elasticsearch==8.14.0
#10 5.924   Downloading elasticsearch-8.14.0-py3-none-any.whl (480 kB)
#10 5.942      ━━━━━━━━━━━━━━━━━━━━━━━━━━━━━━━━━━━━━━ 480.2/480.2 kB 29.6 MB/s eta 0:00:00
#10 5.983 ERROR: Ignored the following versions that require a different python version: 0.10.0 Requires-Python >= 3.8; 0.10.1 Requires-Python >= 3.8; 0.10.2 Requires-Python >=3.8; 0.9.0 Requires-Python >= 3.8; 5.1.0b1 Requires-Python >=3.8; 5.1.0b2 Requires-Python >=3.8; 5.1.0b3 Requires-Python >=3.8; 5.1.0b4 Requires-Python >=3.8; 5.1.0b5 Requires-Python >=3.8; 5.1.0b6 Requires-Python >=3.8; 5.1.0b7 Requires-Python >=3.8
#10 5.983 ERROR: Could not find a version that satisfies the requirement s3transfer==0.10.2 (from pgsync) (from versions: 0.0.1, 0.1.0, 0.1.1, 0.1.2, 0.1.3, 0.1.4, 0.1.5, 0.1.6, 0.1.7, 0.1.8, 0.1.9, 0.1.10, 0.1.11, 0.1.12, 0.1.13, 0.2.0, 0.2.1, 0.3.0, 0.3.1, 0.3.2, 0.3.3, 0.3.4, 0.3.5, 0.3.6, 0.3.7, 0.4.0, 0.4.1, 0.4.2, 0.5.0, 0.5.1, 0.5.2, 0.6.0, 0.6.1, 0.6.2, 0.7.0, 0.8.0, 0.8.1, 0.8.2)
#10 5.983 ERROR: No matching distribution found for s3transfer==0.10.2
#10 5.988 
#10 5.988 [notice] A new release of pip is available: 23.0.1 -> 24.0
#10 5.988 [notice] To update, run: pip install --upgrade pip
#10 ERROR: process "/bin/sh -c pip install git+https://github.com/toluaina/pgsync.git" did not complete successfully: exit code: 1
------
 > [5/9] RUN pip install git+https://github.com/toluaina/pgsync.git:
5.789      ━━━━━━━━━━━━━━━━━━━━━━━━━━━━━━━━━━━━━━ 229.9/229.9 kB 32.2 MB/s eta 0:00:00
5.903 Collecting elasticsearch==8.14.0
5.924   Downloading elasticsearch-8.14.0-py3-none-any.whl (480 kB)
5.942      ━━━━━━━━━━━━━━━━━━━━━━━━━━━━━━━━━━━━━━ 480.2/480.2 kB 29.6 MB/s eta 0:00:00
5.983 ERROR: Ignored the following versions that require a different python version: 0.10.0 Requires-Python >= 3.8; 0.10.1 Requires-Python >= 3.8; 0.10.2 Requires-Python >=3.8; 0.9.0 Requires-Python >= 3.8; 5.1.0b1 Requires-Python >=3.8; 5.1.0b2 Requires-Python >=3.8; 5.1.0b3 Requires-Python >=3.8; 5.1.0b4 Requires-Python >=3.8; 5.1.0b5 Requires-Python >=3.8; 5.1.0b6 Requires-Python >=3.8; 5.1.0b7 Requires-Python >=3.8
5.983 ERROR: Could not find a version that satisfies the requirement s3transfer==0.10.2 (from pgsync) (from versions: 0.0.1, 0.1.0, 0.1.1, 0.1.2, 0.1.3, 0.1.4, 0.1.5, 0.1.6, 0.1.7, 0.1.8, 0.1.9, 0.1.10, 0.1.11, 0.1.12, 0.1.13, 0.2.0, 0.2.1, 0.3.0, 0.3.1, 0.3.2, 0.3.3, 0.3.4, 0.3.5, 0.3.6, 0.3.7, 0.4.0, 0.4.1, 0.4.2, 0.5.0, 0.5.1, 0.5.2, 0.6.0, 0.6.1, 0.6.2, 0.7.0, 0.8.0, 0.8.1, 0.8.2)
5.983 ERROR: No matching distribution found for s3transfer==0.10.2
5.988 
5.988 [notice] A new release of pip is available: 23.0.1 -> 24.0
5.988 [notice] To update, run: pip install --upgrade pip
------
v1_Dockerfile:7
--------------------
   5 |     ADD ./examples/ $WORKDIR/examples
   6 |     WORKDIR $WORKDIR
   7 | >>> RUN pip install git+https://github.com/toluaina/pgsync.git
   8 |     COPY ./docker/wait-for-it.sh wait-for-it.sh
   9 |     COPY ./docker/runserver.sh runserver.sh
--------------------
ERROR: failed to solve: process "/bin/sh -c pip install git+https://github.com/toluaina/pgsync.git" did not complete successfully: exit code: 1
Duration: 0:35.27