#0 building with "default" instance using docker driver

#1 [internal] load build definition from v1_Dockerfile
#1 transferring dockerfile: 592B done
#1 DONE 0.0s

#2 [internal] load metadata for docker.io/library/node:10
#2 DONE 0.7s

#3 [internal] load .dockerignore
#3 transferring context: 126B done
#3 DONE 0.0s

#4 [1/7] FROM docker.io/library/node:10@sha256:59531d2835edd5161c8f9512f9e095b1836f7a1fcb0ab73e005ec46047384911
#4 resolve docker.io/library/node:10@sha256:59531d2835edd5161c8f9512f9e095b1836f7a1fcb0ab73e005ec46047384911 0.0s done
#4 sha256:59531d2835edd5161c8f9512f9e095b1836f7a1fcb0ab73e005ec46047384911 776B / 776B done
#4 sha256:686e0e859358f28bfe1641e1627549b9cd0ad74f222b953d74209213488c6858 2.21kB / 2.21kB done
#4 sha256:28dca6642db82aaecbed18101d9966f001e8de6691e1a1718c2927c124d81262 7.83kB / 7.83kB done
#4 sha256:2e2bafe8a0f40509cc10249087268e66a662e437f10e9598a09abb5687038a57 0B / 11.29MB 0.1s
#4 sha256:b53ce1fd2746e8d2037f1b0b91ddea0cc7411eb3e5949fe10c0320aca8f7392b 0B / 4.34MB 0.1s
#4 sha256:76b8ef87096fa726adbe8f073ef69bb5664bac19474c5cce4dd69e08a234903b 0B / 45.38MB 0.1s
#4 sha256:2e2bafe8a0f40509cc10249087268e66a662e437f10e9598a09abb5687038a57 3.15MB / 11.29MB 0.3s
#4 sha256:2e2bafe8a0f40509cc10249087268e66a662e437f10e9598a09abb5687038a57 11.29MB / 11.29MB 0.5s
#4 sha256:b53ce1fd2746e8d2037f1b0b91ddea0cc7411eb3e5949fe10c0320aca8f7392b 4.34MB / 4.34MB 0.4s done
#4 sha256:76b8ef87096fa726adbe8f073ef69bb5664bac19474c5cce4dd69e08a234903b 10.49MB / 45.38MB 0.5s
#4 sha256:84a8c1bd5887cc4a89e1f286fed9ee31ce12dba9f6813cf14082ada3e9ab6f63 0B / 49.79MB 0.5s
#4 sha256:2e2bafe8a0f40509cc10249087268e66a662e437f10e9598a09abb5687038a57 11.29MB / 11.29MB 0.5s done
#4 sha256:76b8ef87096fa726adbe8f073ef69bb5664bac19474c5cce4dd69e08a234903b 14.68MB / 45.38MB 0.6s
#4 sha256:7a803dc0b40fcd10faee3fb3ebb2d7aaa88500520e6295295f5163c4bb48548b 0B / 214.35MB 0.6s
#4 sha256:76b8ef87096fa726adbe8f073ef69bb5664bac19474c5cce4dd69e08a234903b 22.02MB / 45.38MB 0.8s
#4 sha256:84a8c1bd5887cc4a89e1f286fed9ee31ce12dba9f6813cf14082ada3e9ab6f63 10.49MB / 49.79MB 0.8s
#4 sha256:84a8c1bd5887cc4a89e1f286fed9ee31ce12dba9f6813cf14082ada3e9ab6f63 14.68MB / 49.79MB 0.9s
#4 sha256:7a803dc0b40fcd10faee3fb3ebb2d7aaa88500520e6295295f5163c4bb48548b 11.53MB / 214.35MB 0.9s
#4 sha256:76b8ef87096fa726adbe8f073ef69bb5664bac19474c5cce4dd69e08a234903b 27.26MB / 45.38MB 1.0s
#4 sha256:84a8c1bd5887cc4a89e1f286fed9ee31ce12dba9f6813cf14082ada3e9ab6f63 17.83MB / 49.79MB 1.0s
#4 sha256:76b8ef87096fa726adbe8f073ef69bb5664bac19474c5cce4dd69e08a234903b 34.60MB / 45.38MB 1.2s
#4 sha256:84a8c1bd5887cc4a89e1f286fed9ee31ce12dba9f6813cf14082ada3e9ab6f63 25.17MB / 49.79MB 1.2s
#4 sha256:7a803dc0b40fcd10faee3fb3ebb2d7aaa88500520e6295295f5163c4bb48548b 27.26MB / 214.35MB 1.2s
#4 sha256:76b8ef87096fa726adbe8f073ef69bb5664bac19474c5cce4dd69e08a234903b 37.75MB / 45.38MB 1.3s
#4 sha256:84a8c1bd5887cc4a89e1f286fed9ee31ce12dba9f6813cf14082ada3e9ab6f63 28.31MB / 49.79MB 1.3s
#4 sha256:84a8c1bd5887cc4a89e1f286fed9ee31ce12dba9f6813cf14082ada3e9ab6f63 32.51MB / 49.79MB 1.4s
#4 sha256:76b8ef87096fa726adbe8f073ef69bb5664bac19474c5cce4dd69e08a234903b 44.04MB / 45.38MB 1.5s
#4 sha256:84a8c1bd5887cc4a89e1f286fed9ee31ce12dba9f6813cf14082ada3e9ab6f63 35.65MB / 49.79MB 1.5s
#4 sha256:7a803dc0b40fcd10faee3fb3ebb2d7aaa88500520e6295295f5163c4bb48548b 45.09MB / 214.35MB 1.5s
#4 sha256:84a8c1bd5887cc4a89e1f286fed9ee31ce12dba9f6813cf14082ada3e9ab6f63 39.85MB / 49.79MB 1.6s
#4 sha256:76b8ef87096fa726adbe8f073ef69bb5664bac19474c5cce4dd69e08a234903b 45.38MB / 45.38MB 1.6s done
#4 sha256:84a8c1bd5887cc4a89e1f286fed9ee31ce12dba9f6813cf14082ada3e9ab6f63 44.04MB / 49.79MB 1.7s
#4 sha256:7a803dc0b40fcd10faee3fb3ebb2d7aaa88500520e6295295f5163c4bb48548b 58.72MB / 214.35MB 1.7s
#4 extracting sha256:76b8ef87096fa726adbe8f073ef69bb5664bac19474c5cce4dd69e08a234903b
#4 sha256:b800e94e7303e276b8fb4911a40bfe28f46180d997022c69bf1ee02fb7b86721 0B / 4.19kB 1.7s
#4 sha256:84a8c1bd5887cc4a89e1f286fed9ee31ce12dba9f6813cf14082ada3e9ab6f63 49.28MB / 49.79MB 1.8s
#4 sha256:b800e94e7303e276b8fb4911a40bfe28f46180d997022c69bf1ee02fb7b86721 4.19kB / 4.19kB 1.7s done
#4 sha256:0da9fbf60d485c74d153bfc7562f34533550e3dd8aa78f5e8c2476ed500e0e73 0B / 21.42MB 1.8s
#4 sha256:7a803dc0b40fcd10faee3fb3ebb2d7aaa88500520e6295295f5163c4bb48548b 72.35MB / 214.35MB 1.9s
#4 sha256:84a8c1bd5887cc4a89e1f286fed9ee31ce12dba9f6813cf14082ada3e9ab6f63 49.79MB / 49.79MB 1.9s done
#4 sha256:0da9fbf60d485c74d153bfc7562f34533550e3dd8aa78f5e8c2476ed500e0e73 7.34MB / 21.42MB 2.0s
#4 sha256:04dccde934cf0d6ab9d303fe73b36bc4ed84329d9d562049a69a5d38afb83f14 0B / 2.48MB 2.0s
#4 sha256:7a803dc0b40fcd10faee3fb3ebb2d7aaa88500520e6295295f5163c4bb48548b 90.18MB / 214.35MB 2.2s
#4 sha256:0da9fbf60d485c74d153bfc7562f34533550e3dd8aa78f5e8c2476ed500e0e73 16.01MB / 21.42MB 2.2s
#4 sha256:04dccde934cf0d6ab9d303fe73b36bc4ed84329d9d562049a69a5d38afb83f14 2.48MB / 2.48MB 2.2s done
#4 sha256:0da9fbf60d485c74d153bfc7562f34533550e3dd8aa78f5e8c2476ed500e0e73 21.42MB / 21.42MB 2.3s
#4 sha256:73269890f6fdf96184d0fdb0afe3cf697b0c8dbe1e7a077f0fab445d74372c78 294B / 294B 2.3s
#4 sha256:0da9fbf60d485c74d153bfc7562f34533550e3dd8aa78f5e8c2476ed500e0e73 21.42MB / 21.42MB 2.4s done
#4 sha256:73269890f6fdf96184d0fdb0afe3cf697b0c8dbe1e7a077f0fab445d74372c78 294B / 294B 2.4s done
#4 ...

#5 [internal] load build context
#5 transferring context: 329.17MB 2.4s done
#5 DONE 2.5s

#4 [1/7] FROM docker.io/library/node:10@sha256:59531d2835edd5161c8f9512f9e095b1836f7a1fcb0ab73e005ec46047384911
#4 sha256:7a803dc0b40fcd10faee3fb3ebb2d7aaa88500520e6295295f5163c4bb48548b 103.81MB / 214.35MB 2.5s
#4 sha256:7a803dc0b40fcd10faee3fb3ebb2d7aaa88500520e6295295f5163c4bb48548b 127.93MB / 214.35MB 2.9s
#4 sha256:7a803dc0b40fcd10faee3fb3ebb2d7aaa88500520e6295295f5163c4bb48548b 148.90MB / 214.35MB 3.1s
#4 sha256:7a803dc0b40fcd10faee3fb3ebb2d7aaa88500520e6295295f5163c4bb48548b 167.77MB / 214.35MB 3.3s
#4 sha256:7a803dc0b40fcd10faee3fb3ebb2d7aaa88500520e6295295f5163c4bb48548b 186.65MB / 214.35MB 3.5s
#4 sha256:7a803dc0b40fcd10faee3fb3ebb2d7aaa88500520e6295295f5163c4bb48548b 214.35MB / 214.35MB 3.8s
#4 extracting sha256:76b8ef87096fa726adbe8f073ef69bb5664bac19474c5cce4dd69e08a234903b 3.3s done
#4 extracting sha256:2e2bafe8a0f40509cc10249087268e66a662e437f10e9598a09abb5687038a57
#4 sha256:7a803dc0b40fcd10faee3fb3ebb2d7aaa88500520e6295295f5163c4bb48548b 214.35MB / 214.35MB 6.3s done
#4 extracting sha256:2e2bafe8a0f40509cc10249087268e66a662e437f10e9598a09abb5687038a57 0.8s done
#4 extracting sha256:b53ce1fd2746e8d2037f1b0b91ddea0cc7411eb3e5949fe10c0320aca8f7392b 0.1s
#4 extracting sha256:b53ce1fd2746e8d2037f1b0b91ddea0cc7411eb3e5949fe10c0320aca8f7392b 0.1s done
#4 extracting sha256:84a8c1bd5887cc4a89e1f286fed9ee31ce12dba9f6813cf14082ada3e9ab6f63
#4 extracting sha256:84a8c1bd5887cc4a89e1f286fed9ee31ce12dba9f6813cf14082ada3e9ab6f63 3.2s done
#4 extracting sha256:7a803dc0b40fcd10faee3fb3ebb2d7aaa88500520e6295295f5163c4bb48548b
#4 extracting sha256:7a803dc0b40fcd10faee3fb3ebb2d7aaa88500520e6295295f5163c4bb48548b 5.0s
#4 extracting sha256:7a803dc0b40fcd10faee3fb3ebb2d7aaa88500520e6295295f5163c4bb48548b 10.1s
#4 extracting sha256:7a803dc0b40fcd10faee3fb3ebb2d7aaa88500520e6295295f5163c4bb48548b 11.6s done
#4 extracting sha256:b800e94e7303e276b8fb4911a40bfe28f46180d997022c69bf1ee02fb7b86721
#4 extracting sha256:b800e94e7303e276b8fb4911a40bfe28f46180d997022c69bf1ee02fb7b86721 done
#4 extracting sha256:0da9fbf60d485c74d153bfc7562f34533550e3dd8aa78f5e8c2476ed500e0e73 0.1s
#4 extracting sha256:0da9fbf60d485c74d153bfc7562f34533550e3dd8aa78f5e8c2476ed500e0e73 2.1s done
#4 extracting sha256:04dccde934cf0d6ab9d303fe73b36bc4ed84329d9d562049a69a5d38afb83f14
#4 extracting sha256:04dccde934cf0d6ab9d303fe73b36bc4ed84329d9d562049a69a5d38afb83f14 0.1s done
#4 extracting sha256:73269890f6fdf96184d0fdb0afe3cf697b0c8dbe1e7a077f0fab445d74372c78
#4 extracting sha256:73269890f6fdf96184d0fdb0afe3cf697b0c8dbe1e7a077f0fab445d74372c78 done
#4 DONE 24.7s

#6 [2/7] RUN apt-get update && apt-get install -y     sqlite3 && rm -rf /var/lib/apt/lists/*
#6 0.223 Ign:1 http://deb.debian.org/debian stretch InRelease
#6 0.223 Ign:2 http://security.debian.org/debian-security stretch/updates InRelease
#6 0.235 Ign:3 http://security.debian.org/debian-security stretch/updates Release
#6 0.235 Ign:4 http://deb.debian.org/debian stretch-updates InRelease
#6 0.246 Ign:5 http://deb.debian.org/debian stretch Release
#6 0.246 Ign:6 http://security.debian.org/debian-security stretch/updates/main all Packages
#6 0.258 Ign:7 http://deb.debian.org/debian stretch-updates Release
#6 0.258 Ign:8 http://security.debian.org/debian-security stretch/updates/main amd64 Packages
#6 0.269 Ign:9 http://deb.debian.org/debian stretch/main all Packages
#6 0.270 Ign:6 http://security.debian.org/debian-security stretch/updates/main all Packages
#6 0.281 Ign:10 http://deb.debian.org/debian stretch/main amd64 Packages
#6 0.281 Ign:8 http://security.debian.org/debian-security stretch/updates/main amd64 Packages
#6 0.293 Ign:11 http://deb.debian.org/debian stretch-updates/main all Packages
#6 0.293 Ign:6 http://security.debian.org/debian-security stretch/updates/main all Packages
#6 0.303 Ign:12 http://deb.debian.org/debian stretch-updates/main amd64 Packages
#6 0.303 Ign:8 http://security.debian.org/debian-security stretch/updates/main amd64 Packages
#6 0.312 Ign:9 http://deb.debian.org/debian stretch/main all Packages
#6 0.313 Ign:6 http://security.debian.org/debian-security stretch/updates/main all Packages
#6 0.325 Ign:10 http://deb.debian.org/debian stretch/main amd64 Packages
#6 0.325 Ign:8 http://security.debian.org/debian-security stretch/updates/main amd64 Packages
#6 0.335 Ign:11 http://deb.debian.org/debian stretch-updates/main all Packages
#6 0.336 Ign:6 http://security.debian.org/debian-security stretch/updates/main all Packages
#6 0.347 Ign:12 http://deb.debian.org/debian stretch-updates/main amd64 Packages
#6 0.347 Ign:8 http://security.debian.org/debian-security stretch/updates/main amd64 Packages
#6 0.357 Ign:9 http://deb.debian.org/debian stretch/main all Packages
#6 0.359 Ign:6 http://security.debian.org/debian-security stretch/updates/main all Packages
#6 0.370 Ign:10 http://deb.debian.org/debian stretch/main amd64 Packages
#6 0.370 Err:8 http://security.debian.org/debian-security stretch/updates/main amd64 Packages
#6 0.370   404  Not Found
#6 0.384 Ign:11 http://deb.debian.org/debian stretch-updates/main all Packages
#6 0.398 Ign:12 http://deb.debian.org/debian stretch-updates/main amd64 Packages
#6 0.408 Ign:9 http://deb.debian.org/debian stretch/main all Packages
#6 0.418 Ign:10 http://deb.debian.org/debian stretch/main amd64 Packages
#6 0.430 Ign:11 http://deb.debian.org/debian stretch-updates/main all Packages
#6 0.439 Ign:12 http://deb.debian.org/debian stretch-updates/main amd64 Packages
#6 0.451 Ign:9 http://deb.debian.org/debian stretch/main all Packages
#6 0.461 Ign:10 http://deb.debian.org/debian stretch/main amd64 Packages
#6 0.471 Ign:11 http://deb.debian.org/debian stretch-updates/main all Packages
#6 0.482 Ign:12 http://deb.debian.org/debian stretch-updates/main amd64 Packages
#6 0.494 Ign:9 http://deb.debian.org/debian stretch/main all Packages
#6 0.514 Err:10 http://deb.debian.org/debian stretch/main amd64 Packages
#6 0.514   404  Not Found
#6 0.526 Ign:11 http://deb.debian.org/debian stretch-updates/main all Packages
#6 0.538 Err:12 http://deb.debian.org/debian stretch-updates/main amd64 Packages
#6 0.538   404  Not Found
#6 0.544 Reading package lists...
#6 0.553 W: The repository 'http://security.debian.org/debian-security stretch/updates Release' does not have a Release file.
#6 0.553 W: The repository 'http://deb.debian.org/debian stretch Release' does not have a Release file.
#6 0.553 W: The repository 'http://deb.debian.org/debian stretch-updates Release' does not have a Release file.
#6 0.553 E: Failed to fetch http://security.debian.org/debian-security/dists/stretch/updates/main/binary-amd64/Packages  404  Not Found
#6 0.553 E: Failed to fetch http://deb.debian.org/debian/dists/stretch/main/binary-amd64/Packages  404  Not Found
#6 0.553 E: Failed to fetch http://deb.debian.org/debian/dists/stretch-updates/main/binary-amd64/Packages  404  Not Found
#6 0.553 E: Some index files failed to download. They have been ignored, or old ones used instead.
#6 ERROR: process "/bin/sh -c apt-get update && apt-get install -y     sqlite3 && rm -rf /var/lib/apt/lists/*" did not complete successfully: exit code: 100
------
 > [2/7] RUN apt-get update && apt-get install -y     sqlite3 && rm -rf /var/lib/apt/lists/*:
0.538 Err:12 http://deb.debian.org/debian stretch-updates/main amd64 Packages
0.538   404  Not Found
0.544 Reading package lists...
0.553 W: The repository 'http://security.debian.org/debian-security stretch/updates Release' does not have a Release file.
0.553 W: The repository 'http://deb.debian.org/debian stretch Release' does not have a Release file.
0.553 W: The repository 'http://deb.debian.org/debian stretch-updates Release' does not have a Release file.
0.553 E: Failed to fetch http://security.debian.org/debian-security/dists/stretch/updates/main/binary-amd64/Packages  404  Not Found
0.553 E: Failed to fetch http://deb.debian.org/debian/dists/stretch/main/binary-amd64/Packages  404  Not Found
0.553 E: Failed to fetch http://deb.debian.org/debian/dists/stretch-updates/main/binary-amd64/Packages  404  Not Found
0.553 E: Some index files failed to download. They have been ignored, or old ones used instead.
------
v1_Dockerfile:7
--------------------
   6 |     # Install build-essential, sqlite in order
   7 | >>> RUN apt-get update && apt-get install -y \
   8 | >>>     sqlite3 \
   9 | >>> && rm -rf /var/lib/apt/lists/*
  10 |     
--------------------
ERROR: failed to solve: process "/bin/sh -c apt-get update && apt-get install -y     sqlite3 && rm -rf /var/lib/apt/lists/*" did not complete successfully: exit code: 100
Duration: 0:35.40