#0 building with "default" instance using docker driver

#1 [internal] load .dockerignore
#1 transferring context:
#1 transferring context: 2B done
#1 DONE 0.4s

#2 [internal] load build definition from Dockerfile
#2 transferring dockerfile: 569B done
#2 DONE 0.5s

#3 [internal] load metadata for docker.io/library/debian:stretch-slim
#3 ...

#4 [auth] library/debian:pull token for registry-1.docker.io
#4 DONE 0.0s

#3 [internal] load metadata for docker.io/library/debian:stretch-slim
#3 DONE 1.4s

#5 [1/2] FROM docker.io/library/debian:stretch-slim@sha256:abaa313c7e1dfe16069a1a42fa254014780f165d4fd084844602edbe29915e70
#5 resolve docker.io/library/debian:stretch-slim@sha256:abaa313c7e1dfe16069a1a42fa254014780f165d4fd084844602edbe29915e70 0.1s done
#5 sha256:abaa313c7e1dfe16069a1a42fa254014780f165d4fd084844602edbe29915e70 1.21kB / 1.21kB done
#5 sha256:c5cd3ffceeb25b683bf5111ea89bf8049a177e00fb237235d48076a19cc80097 529B / 529B done
#5 sha256:0e23ec2ce5e621c0e8fa57a53c7781d59d57de8c139a8a351b7236530cd85ec2 1.46kB / 1.46kB done
#5 DONE 0.4s

#6 [2/2] RUN apt-get update && apt-get install --yes --no-install-recommends     ca-certificates     curl     gnupg   && echo "deb http://packages.cloud.google.com/apt gcsfuse-stretch main"     | tee /etc/apt/sources.list.d/gcsfuse.list   && curl https://packages.cloud.google.com/apt/doc/apt-key.gpg | apt-key add -   && apt-get update   && apt-get install --yes gcsfuse   && apt-get clean && rm -rf /var/lib/apt/lists/* /tmp/* /var/tmp/*
#6 0.491 Ign:1 http://security.debian.org/debian-security stretch/updates InRelease
#6 0.494 Ign:2 http://security.debian.org/debian-security stretch/updates Release
#6 0.507 Ign:3 http://deb.debian.org/debian stretch InRelease
#6 0.794 Ign:4 http://security.debian.org/debian-security stretch/updates/main amd64 Packages
#6 0.797 Ign:5 http://security.debian.org/debian-security stretch/updates/main all Packages
#6 0.954 Ign:6 http://deb.debian.org/debian stretch-updates InRelease
#6 0.969 Ign:7 http://deb.debian.org/debian stretch Release
#6 1.109 Ign:4 http://security.debian.org/debian-security stretch/updates/main amd64 Packages
#6 1.112 Ign:5 http://security.debian.org/debian-security stretch/updates/main all Packages
#6 1.265 Ign:4 http://security.debian.org/debian-security stretch/updates/main amd64 Packages
#6 1.268 Ign:5 http://security.debian.org/debian-security stretch/updates/main all Packages
#6 1.289 Ign:8 http://deb.debian.org/debian stretch-updates Release
#6 1.300 Ign:9 http://deb.debian.org/debian stretch/main amd64 Packages
#6 1.311 Ign:10 http://deb.debian.org/debian stretch/main all Packages
#6 1.472 Ign:11 http://deb.debian.org/debian stretch-updates/main amd64 Packages
#6 1.572 Ign:4 http://security.debian.org/debian-security stretch/updates/main amd64 Packages
#6 1.575 Ign:5 http://security.debian.org/debian-security stretch/updates/main all Packages
#6 1.851 Ign:12 http://deb.debian.org/debian stretch-updates/main all Packages
#6 1.862 Ign:9 http://deb.debian.org/debian stretch/main amd64 Packages
#6 1.873 Ign:10 http://deb.debian.org/debian stretch/main all Packages
#6 1.875 Ign:4 http://security.debian.org/debian-security stretch/updates/main amd64 Packages
#6 1.877 Ign:5 http://security.debian.org/debian-security stretch/updates/main all Packages
#6 2.030 Err:4 http://security.debian.org/debian-security stretch/updates/main amd64 Packages
#6 2.030   404  Not Found [IP: 151.101.130.132 80]
#6 2.034 Ign:5 http://security.debian.org/debian-security stretch/updates/main all Packages
#6 2.384 Ign:11 http://deb.debian.org/debian stretch-updates/main amd64 Packages
#6 2.674 Ign:12 http://deb.debian.org/debian stretch-updates/main all Packages
#6 2.685 Ign:9 http://deb.debian.org/debian stretch/main amd64 Packages
#6 2.696 Ign:10 http://deb.debian.org/debian stretch/main all Packages
#6 3.290 Ign:11 http://deb.debian.org/debian stretch-updates/main amd64 Packages
#6 3.301 Ign:12 http://deb.debian.org/debian stretch-updates/main all Packages
#6 3.318 Ign:9 http://deb.debian.org/debian stretch/main amd64 Packages
#6 3.328 Ign:10 http://deb.debian.org/debian stretch/main all Packages
#6 3.487 Ign:11 http://deb.debian.org/debian stretch-updates/main amd64 Packages
#6 3.498 Ign:12 http://deb.debian.org/debian stretch-updates/main all Packages
#6 3.508 Ign:9 http://deb.debian.org/debian stretch/main amd64 Packages
#6 3.519 Ign:10 http://deb.debian.org/debian stretch/main all Packages
#6 4.259 Ign:11 http://deb.debian.org/debian stretch-updates/main amd64 Packages
#6 4.269 Ign:12 http://deb.debian.org/debian stretch-updates/main all Packages
#6 4.280 Err:9 http://deb.debian.org/debian stretch/main amd64 Packages
#6 4.280   404  Not Found
#6 4.301 Ign:10 http://deb.debian.org/debian stretch/main all Packages
#6 4.684 Err:11 http://deb.debian.org/debian stretch-updates/main amd64 Packages
#6 4.684   404  Not Found
#6 4.694 Ign:12 http://deb.debian.org/debian stretch-updates/main all Packages
#6 4.698 Reading package lists...
#6 4.707 W: The repository 'http://security.debian.org/debian-security stretch/updates Release' does not have a Release file.
#6 4.707 W: The repository 'http://deb.debian.org/debian stretch Release' does not have a Release file.
#6 4.707 W: The repository 'http://deb.debian.org/debian stretch-updates Release' does not have a Release file.
#6 4.707 E: Failed to fetch http://security.debian.org/debian-security/dists/stretch/updates/main/binary-amd64/Packages  404  Not Found [IP: 151.101.130.132 80]
#6 4.707 E: Failed to fetch http://deb.debian.org/debian/dists/stretch/main/binary-amd64/Packages  404  Not Found
#6 4.707 E: Failed to fetch http://deb.debian.org/debian/dists/stretch-updates/main/binary-amd64/Packages  404  Not Found
#6 4.707 E: Some index files failed to download. They have been ignored, or old ones used instead.
#6 ERROR: process "/bin/sh -c apt-get update && apt-get install --yes --no-install-recommends     ca-certificates     curl     gnupg   && echo \"deb http://packages.cloud.google.com/apt $GCSFUSE_REPO main\"     | tee /etc/apt/sources.list.d/gcsfuse.list   && curl https://packages.cloud.google.com/apt/doc/apt-key.gpg | apt-key add -   && apt-get update   && apt-get install --yes gcsfuse   && apt-get clean && rm -rf /var/lib/apt/lists/* /tmp/* /var/tmp/*" did not complete successfully: exit code: 100
------
 > [2/2] RUN apt-get update && apt-get install --yes --no-install-recommends     ca-certificates     curl     gnupg   && echo "deb http://packages.cloud.google.com/apt gcsfuse-stretch main"     | tee /etc/apt/sources.list.d/gcsfuse.list   && curl https://packages.cloud.google.com/apt/doc/apt-key.gpg | apt-key add -   && apt-get update   && apt-get install --yes gcsfuse   && apt-get clean && rm -rf /var/lib/apt/lists/* /tmp/* /var/tmp/*:
4.684   404  Not Found
4.694 Ign:12 http://deb.debian.org/debian stretch-updates/main all Packages
4.698 Reading package lists...
4.707 W: The repository 'http://security.debian.org/debian-security stretch/updates Release' does not have a Release file.
4.707 W: The repository 'http://deb.debian.org/debian stretch Release' does not have a Release file.
4.707 W: The repository 'http://deb.debian.org/debian stretch-updates Release' does not have a Release file.
4.707 E: Failed to fetch http://security.debian.org/debian-security/dists/stretch/updates/main/binary-amd64/Packages  404  Not Found [IP: 151.101.130.132 80]
4.707 E: Failed to fetch http://deb.debian.org/debian/dists/stretch/main/binary-amd64/Packages  404  Not Found
4.707 E: Failed to fetch http://deb.debian.org/debian/dists/stretch-updates/main/binary-amd64/Packages  404  Not Found
4.707 E: Some index files failed to download. They have been ignored, or old ones used instead.
------
Dockerfile:4
--------------------
   3 |     
   4 | >>> RUN apt-get update && apt-get install --yes --no-install-recommends \
   5 | >>>     ca-certificates \
   6 | >>>     curl \
   7 | >>>     gnupg \
   8 | >>>   && echo "deb http://packages.cloud.google.com/apt $GCSFUSE_REPO main" \
   9 | >>>     | tee /etc/apt/sources.list.d/gcsfuse.list \
  10 | >>>   && curl https://packages.cloud.google.com/apt/doc/apt-key.gpg | apt-key add - \
  11 | >>>   && apt-get update \
  12 | >>>   && apt-get install --yes gcsfuse \
  13 | >>>   && apt-get clean && rm -rf /var/lib/apt/lists/* /tmp/* /var/tmp/* 
  14 |     
--------------------
ERROR: failed to solve: process "/bin/sh -c apt-get update && apt-get install --yes --no-install-recommends     ca-certificates     curl     gnupg   && echo \"deb http://packages.cloud.google.com/apt $GCSFUSE_REPO main\"     | tee /etc/apt/sources.list.d/gcsfuse.list   && curl https://packages.cloud.google.com/apt/doc/apt-key.gpg | apt-key add -   && apt-get update   && apt-get install --yes gcsfuse   && apt-get clean && rm -rf /var/lib/apt/lists/* /tmp/* /var/tmp/*" did not complete successfully: exit code: 100
Duration: 0:8.18