#0 building with "default" instance using docker driver

#1 [internal] load build definition from v1_Dockerfile
#1 transferring dockerfile: 1.47kB done
#1 DONE 0.0s

#2 [internal] load metadata for docker.io/heroku/heroku:18-build
#2 ...

#3 [auth] heroku/heroku:pull token for registry-1.docker.io
#3 DONE 0.0s

#2 [internal] load metadata for docker.io/heroku/heroku:18-build
#2 DONE 0.9s

#4 [internal] load .dockerignore
#4 transferring context: 2B done
#4 DONE 0.0s

#5 [internal] load build context
#5 transferring context: 73.56kB done
#5 DONE 0.0s

#6 [ 1/13] FROM docker.io/heroku/heroku:18-build@sha256:4f70f5266c15458ac2dc3ef8d0bf695bacbd6c15549f710c521e4fe12c46ba79
#6 resolve docker.io/heroku/heroku:18-build@sha256:4f70f5266c15458ac2dc3ef8d0bf695bacbd6c15549f710c521e4fe12c46ba79 0.0s done
#6 sha256:4f70f5266c15458ac2dc3ef8d0bf695bacbd6c15549f710c521e4fe12c46ba79 1.37kB / 1.37kB done
#6 sha256:2b99b5077b6acc2b6441ac76730a790cd95e6c4cf1af317f3cb44c4258f6d6ec 2.96kB / 2.96kB done
#6 sha256:7c457f213c7634afb95a0fb2410a74b7b5bc0ba527033362c240c7a11bef4331 0B / 25.69MB 0.1s
#6 sha256:c72a7ef1c8ef68d0c52bfc6ba8d9c0ed1402075159c356625a808fa7f905ae52 0B / 5.77kB 0.1s
#6 sha256:716560c470ec7e8564fe73ec992c833780af1ddaeae454d36e999a35a5bb620a 0B / 181.47MB 0.1s
#6 sha256:7c457f213c7634afb95a0fb2410a74b7b5bc0ba527033362c240c7a11bef4331 10.49MB / 25.69MB 0.3s
#6 sha256:c72a7ef1c8ef68d0c52bfc6ba8d9c0ed1402075159c356625a808fa7f905ae52 5.77kB / 5.77kB 0.2s done
#6 sha256:bcb17703f8956043db91d1b0463f62f7d135cbe2525307c59212b29f9ac60b4b 0B / 756B 0.3s
#6 sha256:7c457f213c7634afb95a0fb2410a74b7b5bc0ba527033362c240c7a11bef4331 25.69MB / 25.69MB 0.5s
#6 sha256:bcb17703f8956043db91d1b0463f62f7d135cbe2525307c59212b29f9ac60b4b 756B / 756B 0.3s done
#6 sha256:0ebbd37d579fbc2e18df1f6602066061ec7c6974e2750ba204289bc7ee3ce355 0B / 225.47MB 0.5s
#6 sha256:7c457f213c7634afb95a0fb2410a74b7b5bc0ba527033362c240c7a11bef4331 25.69MB / 25.69MB 0.5s done
#6 extracting sha256:7c457f213c7634afb95a0fb2410a74b7b5bc0ba527033362c240c7a11bef4331 0.1s
#6 sha256:0ebbd37d579fbc2e18df1f6602066061ec7c6974e2750ba204289bc7ee3ce355 14.68MB / 225.47MB 0.7s
#6 sha256:716560c470ec7e8564fe73ec992c833780af1ddaeae454d36e999a35a5bb620a 11.53MB / 181.47MB 0.8s
#6 sha256:716560c470ec7e8564fe73ec992c833780af1ddaeae454d36e999a35a5bb620a 20.97MB / 181.47MB 1.0s
#6 sha256:0ebbd37d579fbc2e18df1f6602066061ec7c6974e2750ba204289bc7ee3ce355 31.46MB / 225.47MB 1.0s
#6 sha256:716560c470ec7e8564fe73ec992c833780af1ddaeae454d36e999a35a5bb620a 32.51MB / 181.47MB 1.2s
#6 sha256:0ebbd37d579fbc2e18df1f6602066061ec7c6974e2750ba204289bc7ee3ce355 42.99MB / 225.47MB 1.2s
#6 sha256:716560c470ec7e8564fe73ec992c833780af1ddaeae454d36e999a35a5bb620a 42.99MB / 181.47MB 1.4s
#6 sha256:0ebbd37d579fbc2e18df1f6602066061ec7c6974e2750ba204289bc7ee3ce355 54.53MB / 225.47MB 1.4s
#6 sha256:716560c470ec7e8564fe73ec992c833780af1ddaeae454d36e999a35a5bb620a 54.53MB / 181.47MB 1.6s
#6 sha256:0ebbd37d579fbc2e18df1f6602066061ec7c6974e2750ba204289bc7ee3ce355 71.30MB / 225.47MB 1.7s
#6 sha256:716560c470ec7e8564fe73ec992c833780af1ddaeae454d36e999a35a5bb620a 68.72MB / 181.47MB 1.9s
#6 sha256:0ebbd37d579fbc2e18df1f6602066061ec7c6974e2750ba204289bc7ee3ce355 88.08MB / 225.47MB 2.0s
#6 sha256:716560c470ec7e8564fe73ec992c833780af1ddaeae454d36e999a35a5bb620a 80.54MB / 181.47MB 2.1s
#6 extracting sha256:7c457f213c7634afb95a0fb2410a74b7b5bc0ba527033362c240c7a11bef4331 1.5s done
#6 extracting sha256:c72a7ef1c8ef68d0c52bfc6ba8d9c0ed1402075159c356625a808fa7f905ae52 done
#6 sha256:716560c470ec7e8564fe73ec992c833780af1ddaeae454d36e999a35a5bb620a 90.18MB / 181.47MB 2.3s
#6 sha256:0ebbd37d579fbc2e18df1f6602066061ec7c6974e2750ba204289bc7ee3ce355 104.86MB / 225.47MB 2.3s
#6 sha256:716560c470ec7e8564fe73ec992c833780af1ddaeae454d36e999a35a5bb620a 101.71MB / 181.47MB 2.5s
#6 sha256:0ebbd37d579fbc2e18df1f6602066061ec7c6974e2750ba204289bc7ee3ce355 116.39MB / 225.47MB 2.5s
#6 sha256:716560c470ec7e8564fe73ec992c833780af1ddaeae454d36e999a35a5bb620a 116.39MB / 181.47MB 2.8s
#6 sha256:0ebbd37d579fbc2e18df1f6602066061ec7c6974e2750ba204289bc7ee3ce355 132.12MB / 225.47MB 2.8s
#6 sha256:716560c470ec7e8564fe73ec992c833780af1ddaeae454d36e999a35a5bb620a 126.88MB / 181.47MB 3.0s
#6 sha256:0ebbd37d579fbc2e18df1f6602066061ec7c6974e2750ba204289bc7ee3ce355 143.65MB / 225.47MB 3.0s
#6 sha256:716560c470ec7e8564fe73ec992c833780af1ddaeae454d36e999a35a5bb620a 142.61MB / 181.47MB 3.3s
#6 sha256:0ebbd37d579fbc2e18df1f6602066061ec7c6974e2750ba204289bc7ee3ce355 159.38MB / 225.47MB 3.3s
#6 sha256:716560c470ec7e8564fe73ec992c833780af1ddaeae454d36e999a35a5bb620a 154.14MB / 181.47MB 3.5s
#6 sha256:716560c470ec7e8564fe73ec992c833780af1ddaeae454d36e999a35a5bb620a 164.63MB / 181.47MB 3.7s
#6 sha256:0ebbd37d579fbc2e18df1f6602066061ec7c6974e2750ba204289bc7ee3ce355 181.40MB / 225.47MB 3.7s
#6 sha256:716560c470ec7e8564fe73ec992c833780af1ddaeae454d36e999a35a5bb620a 180.36MB / 181.47MB 4.0s
#6 sha256:0ebbd37d579fbc2e18df1f6602066061ec7c6974e2750ba204289bc7ee3ce355 197.13MB / 225.47MB 4.0s
#6 sha256:0ebbd37d579fbc2e18df1f6602066061ec7c6974e2750ba204289bc7ee3ce355 212.86MB / 225.47MB 4.2s
#6 sha256:0ebbd37d579fbc2e18df1f6602066061ec7c6974e2750ba204289bc7ee3ce355 225.47MB / 225.47MB 4.4s
#6 sha256:716560c470ec7e8564fe73ec992c833780af1ddaeae454d36e999a35a5bb620a 181.47MB / 181.47MB 4.6s done
#6 extracting sha256:716560c470ec7e8564fe73ec992c833780af1ddaeae454d36e999a35a5bb620a
#6 sha256:0ebbd37d579fbc2e18df1f6602066061ec7c6974e2750ba204289bc7ee3ce355 225.47MB / 225.47MB 6.1s done
#6 extracting sha256:716560c470ec7e8564fe73ec992c833780af1ddaeae454d36e999a35a5bb620a 5.0s
#6 extracting sha256:716560c470ec7e8564fe73ec992c833780af1ddaeae454d36e999a35a5bb620a 9.0s done
#6 extracting sha256:bcb17703f8956043db91d1b0463f62f7d135cbe2525307c59212b29f9ac60b4b
#6 extracting sha256:bcb17703f8956043db91d1b0463f62f7d135cbe2525307c59212b29f9ac60b4b done
#6 extracting sha256:0ebbd37d579fbc2e18df1f6602066061ec7c6974e2750ba204289bc7ee3ce355 0.1s
#6 extracting sha256:0ebbd37d579fbc2e18df1f6602066061ec7c6974e2750ba204289bc7ee3ce355 5.2s
#6 extracting sha256:0ebbd37d579fbc2e18df1f6602066061ec7c6974e2750ba204289bc7ee3ce355 9.9s done
#6 DONE 24.2s

#7 [ 2/13] RUN apt-get update && apt-get upgrade -y && apt-get install --no-install-recommends python3.7-dev -y && rm -rf /var/lib/apt/lists/*;
#7 0.489 Get:1 http://archive.ubuntu.com/ubuntu bionic InRelease [242 kB]
#7 0.670 Ign:2 http://apt.postgresql.org/pub/repos/apt bionic-pgdg InRelease
#7 0.836 Err:3 http://apt.postgresql.org/pub/repos/apt bionic-pgdg Release
#7 0.836   404  Not Found [IP: 147.75.85.69 80]
#7 1.302 Get:4 http://archive.ubuntu.com/ubuntu bionic-security InRelease [102 kB]
#7 1.487 Get:5 http://archive.ubuntu.com/ubuntu bionic-updates InRelease [102 kB]
#7 1.673 Get:6 http://archive.ubuntu.com/ubuntu bionic/main amd64 Packages [1344 kB]
#7 2.069 Get:7 http://archive.ubuntu.com/ubuntu bionic/universe amd64 Packages [11.3 MB]
#7 3.087 Get:8 http://archive.ubuntu.com/ubuntu bionic-security/main amd64 Packages [3373 kB]
#7 3.390 Get:9 http://archive.ubuntu.com/ubuntu bionic-security/universe amd64 Packages [1637 kB]
#7 3.536 Get:10 http://archive.ubuntu.com/ubuntu bionic-updates/universe amd64 Packages [2411 kB]
#7 3.747 Get:11 http://archive.ubuntu.com/ubuntu bionic-updates/main amd64 Packages [3786 kB]
#7 4.653 Reading package lists...
#7 5.687 E: The repository 'http://apt.postgresql.org/pub/repos/apt bionic-pgdg Release' does not have a Release file.
#7 ERROR: process "/bin/sh -c apt-get update && apt-get upgrade -y && apt-get install --no-install-recommends python3.7-dev -y && rm -rf /var/lib/apt/lists/*;" did not complete successfully: exit code: 100
------
 > [ 2/13] RUN apt-get update && apt-get upgrade -y && apt-get install --no-install-recommends python3.7-dev -y && rm -rf /var/lib/apt/lists/*;:
1.302 Get:4 http://archive.ubuntu.com/ubuntu bionic-security InRelease [102 kB]
1.487 Get:5 http://archive.ubuntu.com/ubuntu bionic-updates InRelease [102 kB]
1.673 Get:6 http://archive.ubuntu.com/ubuntu bionic/main amd64 Packages [1344 kB]
2.069 Get:7 http://archive.ubuntu.com/ubuntu bionic/universe amd64 Packages [11.3 MB]
3.087 Get:8 http://archive.ubuntu.com/ubuntu bionic-security/main amd64 Packages [3373 kB]
3.390 Get:9 http://archive.ubuntu.com/ubuntu bionic-security/universe amd64 Packages [1637 kB]
3.536 Get:10 http://archive.ubuntu.com/ubuntu bionic-updates/universe amd64 Packages [2411 kB]
3.747 Get:11 http://archive.ubuntu.com/ubuntu bionic-updates/main amd64 Packages [3786 kB]

5.687 E: The repository 'http://apt.postgresql.org/pub/repos/apt bionic-pgdg Release' does not have a Release file.
------
v1_Dockerfile:8
--------------------
   6 |     
   7 |     # -- Install Pipenv:
   8 | >>> RUN apt-get update && apt-get upgrade -y && apt-get install --no-install-recommends python3.7-dev -y && rm -rf /var/lib/apt/lists/*;
   9 |     RUN curl -f -L --silent https://bootstrap.pypa.io/get-pip.py | python3.7
  10 |     
--------------------
ERROR: failed to solve: process "/bin/sh -c apt-get update && apt-get upgrade -y && apt-get install --no-install-recommends python3.7-dev -y && rm -rf /var/lib/apt/lists/*;" did not complete successfully: exit code: 100
Duration: 0:40.10