#0 building with "default" instance using docker driver

#1 [internal] load build definition from v1_Dockerfile
#1 transferring dockerfile: 905B done
#1 DONE 0.0s

#2 [internal] load metadata for docker.io/library/python:3
#2 DONE 0.6s

#3 [internal] load .dockerignore
#3 transferring context: 2B done
#3 DONE 0.0s

#4 [1/6] FROM docker.io/library/python:3@sha256:b40b4e5c86136e5400e9347459a9366315ff129e07175fdde8e221147ec5d541
#4 resolve docker.io/library/python:3@sha256:b40b4e5c86136e5400e9347459a9366315ff129e07175fdde8e221147ec5d541 0.0s done
#4 ...

#5 [internal] load build context
#5 transferring context: 139.04kB 0.0s done
#5 DONE 0.1s

#4 [1/6] FROM docker.io/library/python:3@sha256:b40b4e5c86136e5400e9347459a9366315ff129e07175fdde8e221147ec5d541
#4 sha256:89cae5f42a4d7611fb518de30622ec93f4095c722d04dafb209e3c00c41e6ebf 7.05kB / 7.05kB done
#4 sha256:c826de9e0ee3db708138161cc1d0efb61bb2a48dc7320d5eb02235a39375c3e8 2.52kB / 2.52kB done
#4 sha256:ca4e5d6727252f0dbc207fbf283cb95e278bf562bda42d35ce6c919583a110a0 5.24MB / 49.55MB 0.2s
#4 sha256:30b93c12a9c9326732b35d9e3ebe57148abe33f8fa6e25ab76867410b0ccf876 0B / 24.05MB 0.2s
#4 sha256:10d643a5fa823cd013a108b2076f4d2edf1b2a921f863b533e83ea5ed8d09bd4 0B / 64.14MB 0.2s
#4 sha256:b40b4e5c86136e5400e9347459a9366315ff129e07175fdde8e221147ec5d541 9.72kB / 9.72kB done
#4 sha256:ca4e5d6727252f0dbc207fbf283cb95e278bf562bda42d35ce6c919583a110a0 10.49MB / 49.55MB 0.3s
#4 sha256:30b93c12a9c9326732b35d9e3ebe57148abe33f8fa6e25ab76867410b0ccf876 3.15MB / 24.05MB 0.3s
#4 sha256:ca4e5d6727252f0dbc207fbf283cb95e278bf562bda42d35ce6c919583a110a0 18.87MB / 49.55MB 0.5s
#4 sha256:30b93c12a9c9326732b35d9e3ebe57148abe33f8fa6e25ab76867410b0ccf876 11.53MB / 24.05MB 0.5s
#4 sha256:10d643a5fa823cd013a108b2076f4d2edf1b2a921f863b533e83ea5ed8d09bd4 8.39MB / 64.14MB 0.5s
#4 sha256:ca4e5d6727252f0dbc207fbf283cb95e278bf562bda42d35ce6c919583a110a0 27.26MB / 49.55MB 0.7s
#4 sha256:30b93c12a9c9326732b35d9e3ebe57148abe33f8fa6e25ab76867410b0ccf876 19.92MB / 24.05MB 0.7s
#4 sha256:10d643a5fa823cd013a108b2076f4d2edf1b2a921f863b533e83ea5ed8d09bd4 16.78MB / 64.14MB 0.7s
#4 sha256:ca4e5d6727252f0dbc207fbf283cb95e278bf562bda42d35ce6c919583a110a0 37.75MB / 49.55MB 0.9s
#4 sha256:30b93c12a9c9326732b35d9e3ebe57148abe33f8fa6e25ab76867410b0ccf876 24.05MB / 24.05MB 0.9s done
#4 sha256:10d643a5fa823cd013a108b2076f4d2edf1b2a921f863b533e83ea5ed8d09bd4 25.17MB / 64.14MB 0.9s
#4 sha256:d6dc1019d7935fe82827434da11bf96cf14e24979f8155e73b794286f10b7f05 0B / 211.24MB 0.9s
#4 sha256:ca4e5d6727252f0dbc207fbf283cb95e278bf562bda42d35ce6c919583a110a0 41.94MB / 49.55MB 1.1s
#4 sha256:10d643a5fa823cd013a108b2076f4d2edf1b2a921f863b533e83ea5ed8d09bd4 38.80MB / 64.14MB 1.1s
#4 sha256:ca4e5d6727252f0dbc207fbf283cb95e278bf562bda42d35ce6c919583a110a0 45.09MB / 49.55MB 1.2s
#4 sha256:10d643a5fa823cd013a108b2076f4d2edf1b2a921f863b533e83ea5ed8d09bd4 42.99MB / 64.14MB 1.2s
#4 sha256:ca4e5d6727252f0dbc207fbf283cb95e278bf562bda42d35ce6c919583a110a0 49.55MB / 49.55MB 1.4s
#4 sha256:10d643a5fa823cd013a108b2076f4d2edf1b2a921f863b533e83ea5ed8d09bd4 55.57MB / 64.14MB 1.4s
#4 sha256:d6dc1019d7935fe82827434da11bf96cf14e24979f8155e73b794286f10b7f05 14.68MB / 211.24MB 1.4s
#4 sha256:ca4e5d6727252f0dbc207fbf283cb95e278bf562bda42d35ce6c919583a110a0 49.55MB / 49.55MB 1.5s done
#4 sha256:10d643a5fa823cd013a108b2076f4d2edf1b2a921f863b533e83ea5ed8d09bd4 61.87MB / 64.14MB 1.5s
#4 sha256:a620f0f174f1a761e84c4140503f31bb28ea9d75b6e28ec64872cf99f19c72a2 0B / 6.16MB 1.5s
#4 extracting sha256:ca4e5d6727252f0dbc207fbf283cb95e278bf562bda42d35ce6c919583a110a0
#4 sha256:d6dc1019d7935fe82827434da11bf96cf14e24979f8155e73b794286f10b7f05 26.21MB / 211.24MB 1.6s
#4 sha256:a620f0f174f1a761e84c4140503f31bb28ea9d75b6e28ec64872cf99f19c72a2 6.16MB / 6.16MB 1.7s
#4 sha256:10d643a5fa823cd013a108b2076f4d2edf1b2a921f863b533e83ea5ed8d09bd4 64.14MB / 64.14MB 1.7s done
#4 sha256:a620f0f174f1a761e84c4140503f31bb28ea9d75b6e28ec64872cf99f19c72a2 6.16MB / 6.16MB 1.7s done
#4 sha256:ad8837c5b819f173d8d9000d3f913102e8f6189c6203fe64be152d8ab11ed1f7 0B / 22.72MB 1.8s
#4 sha256:d22f40fe2848777052f59dff579a1954a8c382eef71724b118abb88d9709c8ea 0B / 232B 1.8s
#4 sha256:d6dc1019d7935fe82827434da11bf96cf14e24979f8155e73b794286f10b7f05 39.85MB / 211.24MB 2.0s
#4 sha256:ad8837c5b819f173d8d9000d3f913102e8f6189c6203fe64be152d8ab11ed1f7 9.44MB / 22.72MB 2.0s
#4 sha256:d22f40fe2848777052f59dff579a1954a8c382eef71724b118abb88d9709c8ea 232B / 232B 1.9s done
#4 sha256:25faddfd0b6bfdcb79de65b8438b6dd1fb4a2d3f9ba8e3db93e19e013e5f4d16 0B / 4.16MB 2.0s
#4 sha256:ad8837c5b819f173d8d9000d3f913102e8f6189c6203fe64be152d8ab11ed1f7 14.68MB / 22.72MB 2.1s
#4 sha256:25faddfd0b6bfdcb79de65b8438b6dd1fb4a2d3f9ba8e3db93e19e013e5f4d16 4.16MB / 4.16MB 2.1s
#4 sha256:ad8837c5b819f173d8d9000d3f913102e8f6189c6203fe64be152d8ab11ed1f7 17.83MB / 22.72MB 2.2s
#4 sha256:25faddfd0b6bfdcb79de65b8438b6dd1fb4a2d3f9ba8e3db93e19e013e5f4d16 4.16MB / 4.16MB 2.1s done
#4 sha256:d6dc1019d7935fe82827434da11bf96cf14e24979f8155e73b794286f10b7f05 57.67MB / 211.24MB 2.3s
#4 sha256:ad8837c5b819f173d8d9000d3f913102e8f6189c6203fe64be152d8ab11ed1f7 22.72MB / 22.72MB 2.3s
#4 sha256:ad8837c5b819f173d8d9000d3f913102e8f6189c6203fe64be152d8ab11ed1f7 22.72MB / 22.72MB 2.3s done
#4 sha256:d6dc1019d7935fe82827434da11bf96cf14e24979f8155e73b794286f10b7f05 88.36MB / 211.24MB 2.6s
#4 sha256:d6dc1019d7935fe82827434da11bf96cf14e24979f8155e73b794286f10b7f05 108.00MB / 211.24MB 2.8s
#4 sha256:d6dc1019d7935fe82827434da11bf96cf14e24979f8155e73b794286f10b7f05 127.93MB / 211.24MB 3.0s
#4 sha256:d6dc1019d7935fe82827434da11bf96cf14e24979f8155e73b794286f10b7f05 146.80MB / 211.24MB 3.2s
#4 sha256:d6dc1019d7935fe82827434da11bf96cf14e24979f8155e73b794286f10b7f05 165.68MB / 211.24MB 3.4s
#4 sha256:d6dc1019d7935fe82827434da11bf96cf14e24979f8155e73b794286f10b7f05 178.26MB / 211.24MB 3.6s
#4 sha256:d6dc1019d7935fe82827434da11bf96cf14e24979f8155e73b794286f10b7f05 196.08MB / 211.24MB 3.8s
#4 sha256:d6dc1019d7935fe82827434da11bf96cf14e24979f8155e73b794286f10b7f05 211.24MB / 211.24MB 4.0s
#4 sha256:d6dc1019d7935fe82827434da11bf96cf14e24979f8155e73b794286f10b7f05 211.24MB / 211.24MB 4.6s done
#4 extracting sha256:ca4e5d6727252f0dbc207fbf283cb95e278bf562bda42d35ce6c919583a110a0 3.1s done
#4 extracting sha256:30b93c12a9c9326732b35d9e3ebe57148abe33f8fa6e25ab76867410b0ccf876
#4 extracting sha256:30b93c12a9c9326732b35d9e3ebe57148abe33f8fa6e25ab76867410b0ccf876 0.9s done
#4 extracting sha256:10d643a5fa823cd013a108b2076f4d2edf1b2a921f863b533e83ea5ed8d09bd4
#4 extracting sha256:10d643a5fa823cd013a108b2076f4d2edf1b2a921f863b533e83ea5ed8d09bd4 3.7s done
#4 extracting sha256:d6dc1019d7935fe82827434da11bf96cf14e24979f8155e73b794286f10b7f05
#4 extracting sha256:d6dc1019d7935fe82827434da11bf96cf14e24979f8155e73b794286f10b7f05 5.0s
#4 extracting sha256:d6dc1019d7935fe82827434da11bf96cf14e24979f8155e73b794286f10b7f05 9.9s done
#4 extracting sha256:a620f0f174f1a761e84c4140503f31bb28ea9d75b6e28ec64872cf99f19c72a2
#4 extracting sha256:a620f0f174f1a761e84c4140503f31bb28ea9d75b6e28ec64872cf99f19c72a2 0.4s done
#4 extracting sha256:ad8837c5b819f173d8d9000d3f913102e8f6189c6203fe64be152d8ab11ed1f7
#4 extracting sha256:ad8837c5b819f173d8d9000d3f913102e8f6189c6203fe64be152d8ab11ed1f7 1.0s done
#4 extracting sha256:d22f40fe2848777052f59dff579a1954a8c382eef71724b118abb88d9709c8ea done
#4 extracting sha256:25faddfd0b6bfdcb79de65b8438b6dd1fb4a2d3f9ba8e3db93e19e013e5f4d16 0.1s
#4 extracting sha256:25faddfd0b6bfdcb79de65b8438b6dd1fb4a2d3f9ba8e3db93e19e013e5f4d16 0.5s done
#4 DONE 22.1s

#6 [2/6] WORKDIR /app
#6 DONE 7.4s

#7 [3/6] RUN apt-get update && apt-get install -y wget
#7 0.245 Get:1 http://deb.debian.org/debian bookworm InRelease [151 kB]
#7 0.282 Get:2 http://deb.debian.org/debian bookworm-updates InRelease [55.4 kB]
#7 0.294 Get:3 http://deb.debian.org/debian-security bookworm-security InRelease [48.0 kB]
#7 0.361 Get:4 http://deb.debian.org/debian bookworm/main amd64 Packages [8788 kB]
#7 0.491 Get:5 http://deb.debian.org/debian bookworm-updates/main amd64 Packages [13.8 kB]
#7 0.500 Get:6 http://deb.debian.org/debian-security bookworm-security/main amd64 Packages [169 kB]
#7 1.639 Fetched 9225 kB in 1s (6518 kB/s)
#7 1.639 Reading package lists...
#7 2.261 Reading package lists...
#7 2.862 Building dependency tree...
#7 3.026 Reading state information...
#7 3.197 wget is already the newest version (1.21.3-1+b2).
#7 3.197 0 upgraded, 0 newly installed, 0 to remove and 0 not upgraded.
#7 DONE 3.3s

#8 [4/6] RUN wget https://raw.githubusercontent.com/qbittorrent/qBittorrent/master/src/searchengine/nova3/helpers.py &&     wget https://raw.githubusercontent.com/qbittorrent/qBittorrent/master/src/searchengine/nova3/nova2.py &&     wget https://raw.githubusercontent.com/qbittorrent/qBittorrent/master/src/searchengine/nova3/nova2dl.py &&     wget https://raw.githubusercontent.com/qbittorrent/qBittorrent/master/src/searchengine/nova3/novaprinter.py &&     wget https://raw.githubusercontent.com/qbittorrent/qBittorrent/master/src/searchengine/nova3/sgmllib3.py &&     wget https://raw.githubusercontent.com/qbittorrent/qBittorrent/master/src/searchengine/nova3/socks.py
#8 0.201 --2024-08-01 00:26:49--  https://raw.githubusercontent.com/qbittorrent/qBittorrent/master/src/searchengine/nova3/helpers.py
#8 0.211 Resolving raw.githubusercontent.com (raw.githubusercontent.com)... 185.199.111.133, 185.199.108.133, 185.199.109.133, ...
#8 0.213 Connecting to raw.githubusercontent.com (raw.githubusercontent.com)|185.199.111.133|:443... connected.
#8 0.235 HTTP request sent, awaiting response... 200 OK
#8 0.405 Length: 5467 (5.3K) [text/plain]
#8 0.405 Saving to: ‘helpers.py’
#8 0.405 
#8 0.405      0K .....                                                 100% 51.4M=0s
#8 0.406 
#8 0.406 2024-08-01 00:26:50 (51.4 MB/s) - ‘helpers.py’ saved [5467/5467]
#8 0.406 
#8 0.413 --2024-08-01 00:26:50--  https://raw.githubusercontent.com/qbittorrent/qBittorrent/master/src/searchengine/nova3/nova2.py
#8 0.422 Resolving raw.githubusercontent.com (raw.githubusercontent.com)... 185.199.110.133, 185.199.109.133, 185.199.108.133, ...
#8 0.423 Connecting to raw.githubusercontent.com (raw.githubusercontent.com)|185.199.110.133|:443... connected.
#8 0.449 HTTP request sent, awaiting response... 200 OK
#8 0.653 Length: 8508 (8.3K) [text/plain]
#8 0.653 Saving to: ‘nova2.py’
#8 0.653 
#8 0.653      0K ........                                              100% 56.5M=0s
#8 0.653 
#8 0.653 2024-08-01 00:26:50 (56.5 MB/s) - ‘nova2.py’ saved [8508/8508]
#8 0.653 
#8 0.657 --2024-08-01 00:26:50--  https://raw.githubusercontent.com/qbittorrent/qBittorrent/master/src/searchengine/nova3/nova2dl.py
#8 0.667 Resolving raw.githubusercontent.com (raw.githubusercontent.com)... 185.199.111.133, 185.199.110.133, 185.199.109.133, ...
#8 0.669 Connecting to raw.githubusercontent.com (raw.githubusercontent.com)|185.199.111.133|:443... connected.
#8 0.696 HTTP request sent, awaiting response... 200 OK
#8 0.864 Length: 2569 (2.5K) [text/plain]
#8 0.864 Saving to: ‘nova2dl.py’
#8 0.864 
#8 0.864      0K ..                                                    100% 42.5M=0s
#8 0.864 
#8 0.864 2024-08-01 00:26:50 (42.5 MB/s) - ‘nova2dl.py’ saved [2569/2569]
#8 0.864 
#8 0.868 --2024-08-01 00:26:50--  https://raw.githubusercontent.com/qbittorrent/qBittorrent/master/src/searchengine/nova3/novaprinter.py
#8 0.877 Resolving raw.githubusercontent.com (raw.githubusercontent.com)... 185.199.108.133, 185.199.111.133, 185.199.110.133, ...
#8 0.878 Connecting to raw.githubusercontent.com (raw.githubusercontent.com)|185.199.108.133|:443... connected.
#8 0.900 HTTP request sent, awaiting response... 200 OK
#8 1.048 Length: 3494 (3.4K) [text/plain]
#8 1.048 Saving to: ‘novaprinter.py’
#8 1.048 
#8 1.048      0K ...                                                   100% 48.4M=0s
#8 1.048 
#8 1.048 2024-08-01 00:26:50 (48.4 MB/s) - ‘novaprinter.py’ saved [3494/3494]
#8 1.048 
#8 1.051 --2024-08-01 00:26:50--  https://raw.githubusercontent.com/qbittorrent/qBittorrent/master/src/searchengine/nova3/sgmllib3.py
#8 1.060 Resolving raw.githubusercontent.com (raw.githubusercontent.com)... 185.199.109.133, 185.199.108.133, 185.199.111.133, ...
#8 1.061 Connecting to raw.githubusercontent.com (raw.githubusercontent.com)|185.199.109.133|:443... connected.
#8 1.090 HTTP request sent, awaiting response... 404 Not Found
#8 1.227 2024-08-01 00:26:50 ERROR 404: Not Found.
#8 1.227 
#8 ERROR: process "/bin/sh -c wget https://raw.githubusercontent.com/qbittorrent/qBittorrent/master/src/searchengine/nova3/helpers.py &&     wget https://raw.githubusercontent.com/qbittorrent/qBittorrent/master/src/searchengine/nova3/nova2.py &&     wget https://raw.githubusercontent.com/qbittorrent/qBittorrent/master/src/searchengine/nova3/nova2dl.py &&     wget https://raw.githubusercontent.com/qbittorrent/qBittorrent/master/src/searchengine/nova3/novaprinter.py &&     wget https://raw.githubusercontent.com/qbittorrent/qBittorrent/master/src/searchengine/nova3/sgmllib3.py &&     wget https://raw.githubusercontent.com/qbittorrent/qBittorrent/master/src/searchengine/nova3/socks.py" did not complete successfully: exit code: 8
------
 > [4/6] RUN wget https://raw.githubusercontent.com/qbittorrent/qBittorrent/master/src/searchengine/nova3/helpers.py &&     wget https://raw.githubusercontent.com/qbittorrent/qBittorrent/master/src/searchengine/nova3/nova2.py &&     wget https://raw.githubusercontent.com/qbittorrent/qBittorrent/master/src/searchengine/nova3/nova2dl.py &&     wget https://raw.githubusercontent.com/qbittorrent/qBittorrent/master/src/searchengine/nova3/novaprinter.py &&     wget https://raw.githubusercontent.com/qbittorrent/qBittorrent/master/src/searchengine/nova3/sgmllib3.py &&     wget https://raw.githubusercontent.com/qbittorrent/qBittorrent/master/src/searchengine/nova3/socks.py:
1.048      0K ...                                                   100% 48.4M=0s
1.048 
1.048 2024-08-01 00:26:50 (48.4 MB/s) - ‘novaprinter.py’ saved [3494/3494]
1.048 
1.051 --2024-08-01 00:26:50--  https://raw.githubusercontent.com/qbittorrent/qBittorrent/master/src/searchengine/nova3/sgmllib3.py
1.060 Resolving raw.githubusercontent.com (raw.githubusercontent.com)... 185.199.109.133, 185.199.108.133, 185.199.111.133, ...
1.061 Connecting to raw.githubusercontent.com (raw.githubusercontent.com)|185.199.109.133|:443... connected.
1.090 HTTP request sent, awaiting response... 404 Not Found
1.227 2024-08-01 00:26:50 ERROR 404: Not Found.
1.227 
------
v1_Dockerfile:8
--------------------
   7 |     
   8 | >>> RUN wget https://raw.githubusercontent.com/qbittorrent/qBittorrent/master/src/searchengine/nova3/helpers.py && \
   9 | >>>     wget https://raw.githubusercontent.com/qbittorrent/qBittorrent/master/src/searchengine/nova3/nova2.py && \
  10 | >>>     wget https://raw.githubusercontent.com/qbittorrent/qBittorrent/master/src/searchengine/nova3/nova2dl.py && \
  11 | >>>     wget https://raw.githubusercontent.com/qbittorrent/qBittorrent/master/src/searchengine/nova3/novaprinter.py && \
  12 | >>>     wget https://raw.githubusercontent.com/qbittorrent/qBittorrent/master/src/searchengine/nova3/sgmllib3.py && \
  13 | >>>     wget https://raw.githubusercontent.com/qbittorrent/qBittorrent/master/src/searchengine/nova3/socks.py
  14 |     
--------------------
ERROR: failed to solve: process "/bin/sh -c wget https://raw.githubusercontent.com/qbittorrent/qBittorrent/master/src/searchengine/nova3/helpers.py &&     wget https://raw.githubusercontent.com/qbittorrent/qBittorrent/master/src/searchengine/nova3/nova2.py &&     wget https://raw.githubusercontent.com/qbittorrent/qBittorrent/master/src/searchengine/nova3/nova2dl.py &&     wget https://raw.githubusercontent.com/qbittorrent/qBittorrent/master/src/searchengine/nova3/novaprinter.py &&     wget https://raw.githubusercontent.com/qbittorrent/qBittorrent/master/src/searchengine/nova3/sgmllib3.py &&     wget https://raw.githubusercontent.com/qbittorrent/qBittorrent/master/src/searchengine/nova3/socks.py" did not complete successfully: exit code: 8
Duration: 0:35.01