#0 building with "default" instance using docker driver

#1 [internal] load build definition from v1_Dockerfile
#1 transferring dockerfile: 670B done
#1 DONE 0.0s

#2 [internal] load metadata for docker.io/library/ruby:2.5.0
#2 DONE 0.7s

#3 [internal] load .dockerignore
#3 transferring context: 2B done
#3 DONE 0.0s

#4 [1/6] FROM docker.io/library/ruby:2.5.0@sha256:cde5649ea901f6b36714b69a0ad8717ddaffa42131343dba30a02b61f3177fca
#4 resolve docker.io/library/ruby:2.5.0@sha256:cde5649ea901f6b36714b69a0ad8717ddaffa42131343dba30a02b61f3177fca 0.0s done
#4 ...

#5 [internal] load build context
#5 transferring context: 5.34MB 0.2s done
#5 DONE 0.2s

#4 [1/6] FROM docker.io/library/ruby:2.5.0@sha256:cde5649ea901f6b36714b69a0ad8717ddaffa42131343dba30a02b61f3177fca
#4 sha256:4947ec4b29a808d17901bbf117fb02004b59da22e2613306f9734d95bc0da0f2 2.00kB / 2.00kB done
#4 sha256:b542772b417703c0311c0b90136091369bcd9c2176c0e3ceed5a0114d743ee3c 0B / 4.34MB 0.2s
#4 sha256:cde5649ea901f6b36714b69a0ad8717ddaffa42131343dba30a02b61f3177fca 2.37kB / 2.37kB done
#4 sha256:213a086149f6b857c21f0e968fabaa11349613ba43339022d98bad90a3d390eb 7.54kB / 7.54kB done
#4 sha256:c73ab1c6897bf5c11da3c95cab103e7ca8cf10a6d041eda2ff836f45a40e3d3b 2.10MB / 45.14MB 0.2s
#4 sha256:1ab373b3deaed929a15574ac1912afc6e173f80d400aba0e96c89f6a58961f2d 0B / 11.11MB 0.2s
#4 sha256:b542772b417703c0311c0b90136091369bcd9c2176c0e3ceed5a0114d743ee3c 4.34MB / 4.34MB 0.4s done
#4 sha256:c73ab1c6897bf5c11da3c95cab103e7ca8cf10a6d041eda2ff836f45a40e3d3b 12.58MB / 45.14MB 0.4s
#4 sha256:1ab373b3deaed929a15574ac1912afc6e173f80d400aba0e96c89f6a58961f2d 2.10MB / 11.11MB 0.4s
#4 sha256:57c8de432dbe337bb6cb1ad328e6c564303a3d3fd05b5e872fd9c47c16fdd02c 0B / 50.02MB 0.4s
#4 sha256:c73ab1c6897bf5c11da3c95cab103e7ca8cf10a6d041eda2ff836f45a40e3d3b 20.97MB / 45.14MB 0.6s
#4 sha256:1ab373b3deaed929a15574ac1912afc6e173f80d400aba0e96c89f6a58961f2d 11.11MB / 11.11MB 0.6s
#4 sha256:57c8de432dbe337bb6cb1ad328e6c564303a3d3fd05b5e872fd9c47c16fdd02c 4.19MB / 50.02MB 0.6s
#4 sha256:c73ab1c6897bf5c11da3c95cab103e7ca8cf10a6d041eda2ff836f45a40e3d3b 26.21MB / 45.14MB 0.7s
#4 sha256:1ab373b3deaed929a15574ac1912afc6e173f80d400aba0e96c89f6a58961f2d 11.11MB / 11.11MB 0.6s done
#4 sha256:57c8de432dbe337bb6cb1ad328e6c564303a3d3fd05b5e872fd9c47c16fdd02c 9.44MB / 50.02MB 0.7s
#4 sha256:1785850988c5179b2b83fc5877b21c5d95fd9b769561956798b83cb4c86d7de1 0B / 213.16MB 0.7s
#4 sha256:c73ab1c6897bf5c11da3c95cab103e7ca8cf10a6d041eda2ff836f45a40e3d3b 33.55MB / 45.14MB 0.9s
#4 sha256:57c8de432dbe337bb6cb1ad328e6c564303a3d3fd05b5e872fd9c47c16fdd02c 17.83MB / 50.02MB 0.9s
#4 sha256:c73ab1c6897bf5c11da3c95cab103e7ca8cf10a6d041eda2ff836f45a40e3d3b 37.75MB / 45.14MB 1.0s
#4 sha256:57c8de432dbe337bb6cb1ad328e6c564303a3d3fd05b5e872fd9c47c16fdd02c 22.02MB / 50.02MB 1.0s
#4 sha256:c73ab1c6897bf5c11da3c95cab103e7ca8cf10a6d041eda2ff836f45a40e3d3b 45.14MB / 45.14MB 1.2s
#4 sha256:57c8de432dbe337bb6cb1ad328e6c564303a3d3fd05b5e872fd9c47c16fdd02c 30.41MB / 50.02MB 1.2s
#4 sha256:1785850988c5179b2b83fc5877b21c5d95fd9b769561956798b83cb4c86d7de1 16.78MB / 213.16MB 1.2s
#4 sha256:c73ab1c6897bf5c11da3c95cab103e7ca8cf10a6d041eda2ff836f45a40e3d3b 45.14MB / 45.14MB 1.3s done
#4 sha256:57c8de432dbe337bb6cb1ad328e6c564303a3d3fd05b5e872fd9c47c16fdd02c 42.99MB / 50.02MB 1.4s
#4 extracting sha256:c73ab1c6897bf5c11da3c95cab103e7ca8cf10a6d041eda2ff836f45a40e3d3b
#4 sha256:953e617a9c219c94b8de48800e0f9a918162365fe012481cbbd44f43b2940b03 207B / 207B 1.4s done
#4 sha256:1785850988c5179b2b83fc5877b21c5d95fd9b769561956798b83cb4c86d7de1 29.36MB / 213.16MB 1.5s
#4 sha256:aa1f26029ba5253e256c4afec7533ac7ef450056866818643e750d7c92770484 0B / 21.49MB 1.5s
#4 sha256:57c8de432dbe337bb6cb1ad328e6c564303a3d3fd05b5e872fd9c47c16fdd02c 46.14MB / 50.02MB 1.6s
#4 sha256:aa1f26029ba5253e256c4afec7533ac7ef450056866818643e750d7c92770484 4.19MB / 21.49MB 1.6s
#4 sha256:57c8de432dbe337bb6cb1ad328e6c564303a3d3fd05b5e872fd9c47c16fdd02c 50.02MB / 50.02MB 1.7s
#4 sha256:aa1f26029ba5253e256c4afec7533ac7ef450056866818643e750d7c92770484 8.39MB / 21.49MB 1.7s
#4 sha256:1785850988c5179b2b83fc5877b21c5d95fd9b769561956798b83cb4c86d7de1 45.09MB / 213.16MB 1.8s
#4 sha256:aa1f26029ba5253e256c4afec7533ac7ef450056866818643e750d7c92770484 12.58MB / 21.49MB 1.8s
#4 sha256:57c8de432dbe337bb6cb1ad328e6c564303a3d3fd05b5e872fd9c47c16fdd02c 50.02MB / 50.02MB 1.8s done
#4 sha256:1785850988c5179b2b83fc5877b21c5d95fd9b769561956798b83cb4c86d7de1 58.72MB / 213.16MB 2.0s
#4 sha256:aa1f26029ba5253e256c4afec7533ac7ef450056866818643e750d7c92770484 21.49MB / 21.49MB 2.0s
#4 sha256:0ee3623a364d614e28b2a3f1ac2ec793dd27b5f0990981d43704ea8e86e3a299 164B / 164B 2.0s done
#4 sha256:aa1f26029ba5253e256c4afec7533ac7ef450056866818643e750d7c92770484 21.49MB / 21.49MB 2.0s done
#4 sha256:1785850988c5179b2b83fc5877b21c5d95fd9b769561956798b83cb4c86d7de1 88.08MB / 213.16MB 2.3s
#4 sha256:1785850988c5179b2b83fc5877b21c5d95fd9b769561956798b83cb4c86d7de1 106.95MB / 213.16MB 2.5s
#4 sha256:1785850988c5179b2b83fc5877b21c5d95fd9b769561956798b83cb4c86d7de1 124.78MB / 213.16MB 2.7s
#4 sha256:1785850988c5179b2b83fc5877b21c5d95fd9b769561956798b83cb4c86d7de1 144.70MB / 213.16MB 2.9s
#4 sha256:1785850988c5179b2b83fc5877b21c5d95fd9b769561956798b83cb4c86d7de1 164.63MB / 213.16MB 3.1s
#4 sha256:1785850988c5179b2b83fc5877b21c5d95fd9b769561956798b83cb4c86d7de1 183.50MB / 213.16MB 3.3s
#4 sha256:1785850988c5179b2b83fc5877b21c5d95fd9b769561956798b83cb4c86d7de1 203.42MB / 213.16MB 3.5s
#4 extracting sha256:c73ab1c6897bf5c11da3c95cab103e7ca8cf10a6d041eda2ff836f45a40e3d3b 3.1s done
#4 sha256:1785850988c5179b2b83fc5877b21c5d95fd9b769561956798b83cb4c86d7de1 213.16MB / 213.16MB 4.5s done
#4 extracting sha256:1ab373b3deaed929a15574ac1912afc6e173f80d400aba0e96c89f6a58961f2d
#4 extracting sha256:1ab373b3deaed929a15574ac1912afc6e173f80d400aba0e96c89f6a58961f2d 0.6s done
#4 extracting sha256:b542772b417703c0311c0b90136091369bcd9c2176c0e3ceed5a0114d743ee3c 0.1s
#4 extracting sha256:b542772b417703c0311c0b90136091369bcd9c2176c0e3ceed5a0114d743ee3c 0.1s done
#4 extracting sha256:57c8de432dbe337bb6cb1ad328e6c564303a3d3fd05b5e872fd9c47c16fdd02c
#4 extracting sha256:57c8de432dbe337bb6cb1ad328e6c564303a3d3fd05b5e872fd9c47c16fdd02c 3.3s done
#4 extracting sha256:1785850988c5179b2b83fc5877b21c5d95fd9b769561956798b83cb4c86d7de1
#4 extracting sha256:1785850988c5179b2b83fc5877b21c5d95fd9b769561956798b83cb4c86d7de1 5.0s
#4 extracting sha256:1785850988c5179b2b83fc5877b21c5d95fd9b769561956798b83cb4c86d7de1 10.3s
#4 extracting sha256:1785850988c5179b2b83fc5877b21c5d95fd9b769561956798b83cb4c86d7de1 11.1s done
#4 extracting sha256:953e617a9c219c94b8de48800e0f9a918162365fe012481cbbd44f43b2940b03
#4 extracting sha256:953e617a9c219c94b8de48800e0f9a918162365fe012481cbbd44f43b2940b03 done
#4 extracting sha256:aa1f26029ba5253e256c4afec7533ac7ef450056866818643e750d7c92770484 0.1s
#4 extracting sha256:aa1f26029ba5253e256c4afec7533ac7ef450056866818643e750d7c92770484 1.4s done
#4 extracting sha256:0ee3623a364d614e28b2a3f1ac2ec793dd27b5f0990981d43704ea8e86e3a299 done
#4 DONE 21.8s

#6 [2/6] RUN apt-get update -qq &&     apt-get install -y       build-essential       libpq-dev       nodejs &&     rm -rf /var/lib/apt/lists/*
#6 0.753 W: The repository 'http://security.debian.org stretch/updates Release' does not have a Release file.
#6 0.753 W: The repository 'http://deb.debian.org/debian stretch Release' does not have a Release file.
#6 0.753 W: The repository 'http://deb.debian.org/debian stretch-updates Release' does not have a Release file.
#6 0.753 E: Failed to fetch http://security.debian.org/dists/stretch/updates/main/binary-amd64/Packages  404  Not Found
#6 0.753 E: Failed to fetch http://deb.debian.org/debian/dists/stretch/main/binary-amd64/Packages  404  Not Found
#6 0.753 E: Failed to fetch http://deb.debian.org/debian/dists/stretch-updates/main/binary-amd64/Packages  404  Not Found
#6 0.753 E: Some index files failed to download. They have been ignored, or old ones used instead.
#6 ERROR: process "/bin/sh -c apt-get update -qq &&     apt-get install -y       build-essential       libpq-dev       nodejs &&     rm -rf /var/lib/apt/lists/*" did not complete successfully: exit code: 100
------
 > [2/6] RUN apt-get update -qq &&     apt-get install -y       build-essential       libpq-dev       nodejs &&     rm -rf /var/lib/apt/lists/*:
0.753 W: The repository 'http://security.debian.org stretch/updates Release' does not have a Release file.
0.753 W: The repository 'http://deb.debian.org/debian stretch Release' does not have a Release file.
0.753 W: The repository 'http://deb.debian.org/debian stretch-updates Release' does not have a Release file.
0.753 E: Failed to fetch http://security.debian.org/dists/stretch/updates/main/binary-amd64/Packages  404  Not Found
0.753 E: Failed to fetch http://deb.debian.org/debian/dists/stretch/main/binary-amd64/Packages  404  Not Found
0.753 E: Failed to fetch http://deb.debian.org/debian/dists/stretch-updates/main/binary-amd64/Packages  404  Not Found
0.753 E: Some index files failed to download. They have been ignored, or old ones used instead.
------
v1_Dockerfile:13
--------------------
  12 |     
  13 | >>> RUN apt-get update -qq && \
  14 | >>>     apt-get install -y \
  15 | >>>       build-essential \
  16 | >>>       libpq-dev \
  17 | >>>       nodejs && \
  18 | >>>     rm -rf /var/lib/apt/lists/*
  19 |     
--------------------
ERROR: failed to solve: process "/bin/sh -c apt-get update -qq &&     apt-get install -y       build-essential       libpq-dev       nodejs &&     rm -rf /var/lib/apt/lists/*" did not complete successfully: exit code: 100
Duration: 0:29.85