#0 building with "default" instance using docker driver

#1 [internal] load .dockerignore
#1 transferring context:
#1 transferring context: 2B done
#1 DONE 0.3s

#2 [internal] load build definition from Dockerfile
#2 transferring dockerfile: 1.51kB done
#2 DONE 0.4s

#3 [internal] load metadata for docker.io/library/debian:stretch-slim
#3 ...

#4 [auth] library/debian:pull token for registry-1.docker.io
#4 DONE 0.0s

#3 [internal] load metadata for docker.io/library/debian:stretch-slim
#3 DONE 1.5s

#5 [internal] load build context
#5 DONE 0.0s

#6 [1/8] FROM docker.io/library/debian:stretch-slim@sha256:abaa313c7e1dfe16069a1a42fa254014780f165d4fd084844602edbe29915e70
#6 resolve docker.io/library/debian:stretch-slim@sha256:abaa313c7e1dfe16069a1a42fa254014780f165d4fd084844602edbe29915e70
#6 resolve docker.io/library/debian:stretch-slim@sha256:abaa313c7e1dfe16069a1a42fa254014780f165d4fd084844602edbe29915e70 0.2s done
#6 sha256:abaa313c7e1dfe16069a1a42fa254014780f165d4fd084844602edbe29915e70 1.21kB / 1.21kB done
#6 sha256:c5cd3ffceeb25b683bf5111ea89bf8049a177e00fb237235d48076a19cc80097 529B / 529B done
#6 sha256:0e23ec2ce5e621c0e8fa57a53c7781d59d57de8c139a8a351b7236530cd85ec2 1.46kB / 1.46kB done
#6 ...

#5 [internal] load build context
#5 transferring context: 1.03kB done
#5 DONE 0.4s

#6 [1/8] FROM docker.io/library/debian:stretch-slim@sha256:abaa313c7e1dfe16069a1a42fa254014780f165d4fd084844602edbe29915e70
#6 sha256:bff3e048017eab8adaed886bad4b3c5c81f7d952b65b056dca8d6dbc198222dd 7.34MB / 22.57MB 0.4s
#6 sha256:bff3e048017eab8adaed886bad4b3c5c81f7d952b65b056dca8d6dbc198222dd 22.26MB / 22.57MB 0.5s
#6 extracting sha256:bff3e048017eab8adaed886bad4b3c5c81f7d952b65b056dca8d6dbc198222dd
#6 sha256:bff3e048017eab8adaed886bad4b3c5c81f7d952b65b056dca8d6dbc198222dd 22.57MB / 22.57MB 0.9s done
#6 extracting sha256:bff3e048017eab8adaed886bad4b3c5c81f7d952b65b056dca8d6dbc198222dd 1.5s done
#6 DONE 3.1s

#7 [2/8] RUN groupadd -r bitcoin && useradd -r -m -g bitcoin bitcoin
#7 DONE 2.7s

#8 [3/8] RUN set -ex     && apt-get update     && apt-get install -qq --no-install-recommends ca-certificates dirmngr gosu gpg wget procps     && rm -rf /var/lib/apt/lists/*
#8 0.602 + apt-get update
#8 0.646 Ign:1 http://deb.debian.org/debian stretch InRelease
#8 0.656 Ign:2 http://deb.debian.org/debian stretch-updates InRelease
#8 0.666 Ign:3 http://deb.debian.org/debian stretch Release
#8 0.676 Ign:4 http://deb.debian.org/debian stretch-updates Release
#8 0.686 Ign:5 http://deb.debian.org/debian stretch/main all Packages
#8 0.697 Ign:6 http://deb.debian.org/debian stretch/main amd64 Packages
#8 0.707 Ign:7 http://deb.debian.org/debian stretch-updates/main all Packages
#8 0.717 Ign:8 http://deb.debian.org/debian stretch-updates/main amd64 Packages
#8 0.726 Ign:5 http://deb.debian.org/debian stretch/main all Packages
#8 0.736 Ign:6 http://deb.debian.org/debian stretch/main amd64 Packages
#8 0.746 Ign:7 http://deb.debian.org/debian stretch-updates/main all Packages
#8 0.756 Ign:8 http://deb.debian.org/debian stretch-updates/main amd64 Packages
#8 0.766 Ign:5 http://deb.debian.org/debian stretch/main all Packages
#8 0.777 Ign:6 http://deb.debian.org/debian stretch/main amd64 Packages
#8 0.784 Ign:9 http://security.debian.org/debian-security stretch/updates InRelease
#8 0.786 Ign:7 http://deb.debian.org/debian stretch-updates/main all Packages
#8 0.796 Ign:8 http://deb.debian.org/debian stretch-updates/main amd64 Packages
#8 0.806 Ign:5 http://deb.debian.org/debian stretch/main all Packages
#8 0.816 Ign:6 http://deb.debian.org/debian stretch/main amd64 Packages
#8 0.825 Ign:7 http://deb.debian.org/debian stretch-updates/main all Packages
#8 0.836 Ign:8 http://deb.debian.org/debian stretch-updates/main amd64 Packages
#8 0.846 Ign:5 http://deb.debian.org/debian stretch/main all Packages
#8 0.856 Ign:6 http://deb.debian.org/debian stretch/main amd64 Packages
#8 0.865 Ign:7 http://deb.debian.org/debian stretch-updates/main all Packages
#8 0.876 Ign:8 http://deb.debian.org/debian stretch-updates/main amd64 Packages
#8 0.886 Ign:5 http://deb.debian.org/debian stretch/main all Packages
#8 0.904 Err:6 http://deb.debian.org/debian stretch/main amd64 Packages
#8 0.904   404  Not Found
#8 0.914 Ign:7 http://deb.debian.org/debian stretch-updates/main all Packages
#8 0.924 Err:8 http://deb.debian.org/debian stretch-updates/main amd64 Packages
#8 0.924   404  Not Found
#8 0.932 Ign:10 http://security.debian.org/debian-security stretch/updates Release
#8 1.083 Ign:11 http://security.debian.org/debian-security stretch/updates/main amd64 Packages
#8 1.232 Ign:12 http://security.debian.org/debian-security stretch/updates/main all Packages
#8 1.382 Ign:11 http://security.debian.org/debian-security stretch/updates/main amd64 Packages
#8 1.532 Ign:12 http://security.debian.org/debian-security stretch/updates/main all Packages
#8 1.681 Ign:11 http://security.debian.org/debian-security stretch/updates/main amd64 Packages
#8 1.835 Ign:12 http://security.debian.org/debian-security stretch/updates/main all Packages
#8 1.986 Ign:11 http://security.debian.org/debian-security stretch/updates/main amd64 Packages
#8 2.136 Ign:12 http://security.debian.org/debian-security stretch/updates/main all Packages
#8 2.287 Ign:11 http://security.debian.org/debian-security stretch/updates/main amd64 Packages
#8 2.437 Ign:12 http://security.debian.org/debian-security stretch/updates/main all Packages
#8 2.590 Err:11 http://security.debian.org/debian-security stretch/updates/main amd64 Packages
#8 2.590   404  Not Found [IP: 151.101.2.132 80]
#8 2.743 Ign:12 http://security.debian.org/debian-security stretch/updates/main all Packages
#8 3.406 Reading package lists...
#8 3.415 W: The repository 'http://deb.debian.org/debian stretch Release' does not have a Release file.
#8 3.415 W: The repository 'http://deb.debian.org/debian stretch-updates Release' does not have a Release file.
#8 3.415 W: The repository 'http://security.debian.org/debian-security stretch/updates Release' does not have a Release file.
#8 3.415 E: Failed to fetch http://deb.debian.org/debian/dists/stretch/main/binary-amd64/Packages  404  Not Found
#8 3.415 E: Failed to fetch http://deb.debian.org/debian/dists/stretch-updates/main/binary-amd64/Packages  404  Not Found
#8 3.415 E: Failed to fetch http://security.debian.org/debian-security/dists/stretch/updates/main/binary-amd64/Packages  404  Not Found [IP: 151.101.2.132 80]
#8 3.415 E: Some index files failed to download. They have been ignored, or old ones used instead.
#8 ERROR: process "/bin/sh -c set -ex     && apt-get update     && apt-get install -qq --no-install-recommends ca-certificates dirmngr gosu gpg wget procps     && rm -rf /var/lib/apt/lists/*" did not complete successfully: exit code: 100
------
 > [3/8] RUN set -ex     && apt-get update     && apt-get install -qq --no-install-recommends ca-certificates dirmngr gosu gpg wget procps     && rm -rf /var/lib/apt/lists/*:
2.590   404  Not Found [IP: 151.101.2.132 80]
2.743 Ign:12 http://security.debian.org/debian-security stretch/updates/main all Packages

3.415 W: The repository 'http://deb.debian.org/debian stretch Release' does not have a Release file.
3.415 W: The repository 'http://deb.debian.org/debian stretch-updates Release' does not have a Release file.
3.415 W: The repository 'http://security.debian.org/debian-security stretch/updates Release' does not have a Release file.
3.415 E: Failed to fetch http://deb.debian.org/debian/dists/stretch/main/binary-amd64/Packages  404  Not Found
3.415 E: Failed to fetch http://deb.debian.org/debian/dists/stretch-updates/main/binary-amd64/Packages  404  Not Found
3.415 E: Failed to fetch http://security.debian.org/debian-security/dists/stretch/updates/main/binary-amd64/Packages  404  Not Found [IP: 151.101.2.132 80]
3.415 E: Some index files failed to download. They have been ignored, or old ones used instead.
------
Dockerfile:5
--------------------
   4 |     
   5 | >>> RUN set -ex \
   6 | >>>     && apt-get update \
   7 | >>>     && apt-get install -qq --no-install-recommends ca-certificates dirmngr gosu gpg wget procps \
   8 | >>>     && rm -rf /var/lib/apt/lists/*
   9 |     
--------------------
ERROR: failed to solve: process "/bin/sh -c set -ex     && apt-get update     && apt-get install -qq --no-install-recommends ca-certificates dirmngr gosu gpg wget procps     && rm -rf /var/lib/apt/lists/*" did not complete successfully: exit code: 100
Duration: 0:12.29