#0 building with "default" instance using docker driver

#1 [internal] load build definition from v1_Dockerfile
#1 transferring dockerfile: 607B done
#1 DONE 0.1s

#2 [internal] load metadata for docker.io/library/python:3.7.3
#2 DONE 0.6s

#3 [internal] load .dockerignore
#3 transferring context: 2B done
#3 DONE 0.0s

#4 [1/6] FROM docker.io/library/python:3.7.3@sha256:9e0b4f32487ca1863b45383420b8db77990debae748e2e875d2f86fa9510d4a5
#4 resolve docker.io/library/python:3.7.3@sha256:9e0b4f32487ca1863b45383420b8db77990debae748e2e875d2f86fa9510d4a5 0.0s done
#4 sha256:e3e087ca7fe013554b3a8b8d4088ab33a9f13af85b5c3f37cd4e69a8e53f14e1 2.22kB / 2.22kB done
#4 sha256:34a518642c76e77f0cace72bd993352ac99802c3295931f70a407b735ecb6e27 7.39kB / 7.39kB done
#4 sha256:6f2f362378c5a6fd915d96d11dda1e0223ccf213bf121ace56ae0f6616ea1dc8 0B / 45.34MB 0.1s
#4 sha256:494c27a8a6b820f9167ec7e368b3a9bb47d7029f4dc8c97c67091f3757a5bc4e 0B / 10.79MB 0.1s
#4 sha256:7596bb83081b6c8410df557d538a0ae45922cbf81e469c6f4cfa835247cb24ab 0B / 4.34MB 0.1s
#4 sha256:9e0b4f32487ca1863b45383420b8db77990debae748e2e875d2f86fa9510d4a5 2.38kB / 2.38kB done
#4 sha256:6f2f362378c5a6fd915d96d11dda1e0223ccf213bf121ace56ae0f6616ea1dc8 5.24MB / 45.34MB 0.2s
#4 sha256:6f2f362378c5a6fd915d96d11dda1e0223ccf213bf121ace56ae0f6616ea1dc8 8.39MB / 45.34MB 0.3s
#4 sha256:494c27a8a6b820f9167ec7e368b3a9bb47d7029f4dc8c97c67091f3757a5bc4e 6.29MB / 10.79MB 0.3s
#4 sha256:6f2f362378c5a6fd915d96d11dda1e0223ccf213bf121ace56ae0f6616ea1dc8 19.92MB / 45.34MB 0.5s
#4 sha256:494c27a8a6b820f9167ec7e368b3a9bb47d7029f4dc8c97c67091f3757a5bc4e 10.79MB / 10.79MB 0.4s done
#4 sha256:372744b62d49eba993652ee4a1201801fe278b687d85489101e07e7b9a4900e0 0B / 50.07MB 0.5s
#4 sha256:6f2f362378c5a6fd915d96d11dda1e0223ccf213bf121ace56ae0f6616ea1dc8 23.07MB / 45.34MB 0.6s
#4 sha256:7596bb83081b6c8410df557d538a0ae45922cbf81e469c6f4cfa835247cb24ab 4.34MB / 4.34MB 0.6s
#4 sha256:372744b62d49eba993652ee4a1201801fe278b687d85489101e07e7b9a4900e0 3.15MB / 50.07MB 0.6s
#4 ...

#5 [internal] load build context
#5 transferring context: 27.14MB 0.6s done
#5 DONE 0.7s

#4 [1/6] FROM docker.io/library/python:3.7.3@sha256:9e0b4f32487ca1863b45383420b8db77990debae748e2e875d2f86fa9510d4a5
#4 sha256:6f2f362378c5a6fd915d96d11dda1e0223ccf213bf121ace56ae0f6616ea1dc8 33.55MB / 45.34MB 0.8s
#4 sha256:7596bb83081b6c8410df557d538a0ae45922cbf81e469c6f4cfa835247cb24ab 4.34MB / 4.34MB 0.6s done
#4 sha256:372744b62d49eba993652ee4a1201801fe278b687d85489101e07e7b9a4900e0 13.63MB / 50.07MB 0.8s
#4 sha256:615db220d76c063138a2e6c5849703a7a80d682a682f7e1a841e6e7ed5f43879 1.05MB / 215.08MB 0.8s
#4 sha256:6f2f362378c5a6fd915d96d11dda1e0223ccf213bf121ace56ae0f6616ea1dc8 37.75MB / 45.34MB 0.9s
#4 sha256:372744b62d49eba993652ee4a1201801fe278b687d85489101e07e7b9a4900e0 17.83MB / 50.07MB 0.9s
#4 sha256:6f2f362378c5a6fd915d96d11dda1e0223ccf213bf121ace56ae0f6616ea1dc8 45.34MB / 45.34MB 1.1s
#4 sha256:372744b62d49eba993652ee4a1201801fe278b687d85489101e07e7b9a4900e0 27.26MB / 50.07MB 1.1s
#4 sha256:615db220d76c063138a2e6c5849703a7a80d682a682f7e1a841e6e7ed5f43879 13.63MB / 215.08MB 1.1s
#4 sha256:6f2f362378c5a6fd915d96d11dda1e0223ccf213bf121ace56ae0f6616ea1dc8 45.34MB / 45.34MB 1.2s done
#4 sha256:372744b62d49eba993652ee4a1201801fe278b687d85489101e07e7b9a4900e0 33.55MB / 50.07MB 1.2s
#4 extracting sha256:6f2f362378c5a6fd915d96d11dda1e0223ccf213bf121ace56ae0f6616ea1dc8
#4 sha256:372744b62d49eba993652ee4a1201801fe278b687d85489101e07e7b9a4900e0 40.89MB / 50.07MB 1.3s
#4 sha256:39aa0c89bda1ee16e94ab7039cb0b9a9fce8a390769c2194aaf5fdf0ae1a2bdd 0B / 5.83MB 1.3s
#4 sha256:372744b62d49eba993652ee4a1201801fe278b687d85489101e07e7b9a4900e0 45.09MB / 50.07MB 1.4s
#4 sha256:615db220d76c063138a2e6c5849703a7a80d682a682f7e1a841e6e7ed5f43879 26.21MB / 215.08MB 1.4s
#4 sha256:39aa0c89bda1ee16e94ab7039cb0b9a9fce8a390769c2194aaf5fdf0ae1a2bdd 3.15MB / 5.83MB 1.4s
#4 sha256:372744b62d49eba993652ee4a1201801fe278b687d85489101e07e7b9a4900e0 50.07MB / 50.07MB 1.5s
#4 sha256:39aa0c89bda1ee16e94ab7039cb0b9a9fce8a390769c2194aaf5fdf0ae1a2bdd 5.83MB / 5.83MB 1.5s
#4 sha256:615db220d76c063138a2e6c5849703a7a80d682a682f7e1a841e6e7ed5f43879 38.80MB / 215.08MB 1.6s
#4 sha256:39aa0c89bda1ee16e94ab7039cb0b9a9fce8a390769c2194aaf5fdf0ae1a2bdd 5.83MB / 5.83MB 1.5s done
#4 sha256:ac275157d894bedd09171a43b2b24ee6e7587a9544a1eae42ef2ea6b60584100 0B / 22.48MB 1.6s
#4 sha256:372744b62d49eba993652ee4a1201801fe278b687d85489101e07e7b9a4900e0 50.07MB / 50.07MB 1.7s done
#4 sha256:98d16dec829a865dcb9bad110c7f1fc04ceecb52cb00f4b37f85b592aa68089d 0B / 239B 1.7s
#4 sha256:615db220d76c063138a2e6c5849703a7a80d682a682f7e1a841e6e7ed5f43879 53.48MB / 215.08MB 1.8s
#4 sha256:ac275157d894bedd09171a43b2b24ee6e7587a9544a1eae42ef2ea6b60584100 4.19MB / 22.48MB 1.8s
#4 sha256:98d16dec829a865dcb9bad110c7f1fc04ceecb52cb00f4b37f85b592aa68089d 239B / 239B 1.8s done
#4 sha256:ac275157d894bedd09171a43b2b24ee6e7587a9544a1eae42ef2ea6b60584100 8.39MB / 22.48MB 1.9s
#4 sha256:c8514b1c6524ef491c388ca3114b7f7e969e0e7507ea9efac08e663b982ec5d1 0B / 1.82MB 1.9s
#4 sha256:615db220d76c063138a2e6c5849703a7a80d682a682f7e1a841e6e7ed5f43879 75.50MB / 215.08MB 2.1s
#4 sha256:ac275157d894bedd09171a43b2b24ee6e7587a9544a1eae42ef2ea6b60584100 16.78MB / 22.48MB 2.1s
#4 sha256:c8514b1c6524ef491c388ca3114b7f7e969e0e7507ea9efac08e663b982ec5d1 1.82MB / 1.82MB 2.0s done
#4 sha256:ac275157d894bedd09171a43b2b24ee6e7587a9544a1eae42ef2ea6b60584100 20.45MB / 22.48MB 2.2s
#4 sha256:615db220d76c063138a2e6c5849703a7a80d682a682f7e1a841e6e7ed5f43879 87.03MB / 215.08MB 2.3s
#4 sha256:ac275157d894bedd09171a43b2b24ee6e7587a9544a1eae42ef2ea6b60584100 22.48MB / 22.48MB 2.3s
#4 sha256:ac275157d894bedd09171a43b2b24ee6e7587a9544a1eae42ef2ea6b60584100 22.48MB / 22.48MB 2.3s done
#4 sha256:615db220d76c063138a2e6c5849703a7a80d682a682f7e1a841e6e7ed5f43879 105.91MB / 215.08MB 2.5s
#4 sha256:615db220d76c063138a2e6c5849703a7a80d682a682f7e1a841e6e7ed5f43879 120.59MB / 215.08MB 2.7s
#4 sha256:615db220d76c063138a2e6c5849703a7a80d682a682f7e1a841e6e7ed5f43879 140.51MB / 215.08MB 2.9s
#4 sha256:615db220d76c063138a2e6c5849703a7a80d682a682f7e1a841e6e7ed5f43879 161.48MB / 215.08MB 3.1s
#4 sha256:615db220d76c063138a2e6c5849703a7a80d682a682f7e1a841e6e7ed5f43879 172.29MB / 215.08MB 3.2s
#4 sha256:615db220d76c063138a2e6c5849703a7a80d682a682f7e1a841e6e7ed5f43879 184.55MB / 215.08MB 3.3s
#4 sha256:615db220d76c063138a2e6c5849703a7a80d682a682f7e1a841e6e7ed5f43879 200.28MB / 215.08MB 3.5s
#4 sha256:615db220d76c063138a2e6c5849703a7a80d682a682f7e1a841e6e7ed5f43879 215.08MB / 215.08MB 3.8s
#4 extracting sha256:6f2f362378c5a6fd915d96d11dda1e0223ccf213bf121ace56ae0f6616ea1dc8 2.8s done
#4 extracting sha256:494c27a8a6b820f9167ec7e368b3a9bb47d7029f4dc8c97c67091f3757a5bc4e
#4 sha256:615db220d76c063138a2e6c5849703a7a80d682a682f7e1a841e6e7ed5f43879 215.08MB / 215.08MB 4.3s done
#4 extracting sha256:494c27a8a6b820f9167ec7e368b3a9bb47d7029f4dc8c97c67091f3757a5bc4e 0.5s done
#4 extracting sha256:7596bb83081b6c8410df557d538a0ae45922cbf81e469c6f4cfa835247cb24ab
#4 extracting sha256:7596bb83081b6c8410df557d538a0ae45922cbf81e469c6f4cfa835247cb24ab 0.1s done
#4 extracting sha256:372744b62d49eba993652ee4a1201801fe278b687d85489101e07e7b9a4900e0
#4 extracting sha256:372744b62d49eba993652ee4a1201801fe278b687d85489101e07e7b9a4900e0 2.9s done
#4 extracting sha256:615db220d76c063138a2e6c5849703a7a80d682a682f7e1a841e6e7ed5f43879
#4 extracting sha256:615db220d76c063138a2e6c5849703a7a80d682a682f7e1a841e6e7ed5f43879 5.1s
#4 extracting sha256:615db220d76c063138a2e6c5849703a7a80d682a682f7e1a841e6e7ed5f43879 10.0s done
#4 extracting sha256:39aa0c89bda1ee16e94ab7039cb0b9a9fce8a390769c2194aaf5fdf0ae1a2bdd
#4 extracting sha256:39aa0c89bda1ee16e94ab7039cb0b9a9fce8a390769c2194aaf5fdf0ae1a2bdd 0.3s done
#4 extracting sha256:ac275157d894bedd09171a43b2b24ee6e7587a9544a1eae42ef2ea6b60584100 0.1s
#4 extracting sha256:ac275157d894bedd09171a43b2b24ee6e7587a9544a1eae42ef2ea6b60584100 0.9s done
#4 extracting sha256:98d16dec829a865dcb9bad110c7f1fc04ceecb52cb00f4b37f85b592aa68089d done
#4 extracting sha256:c8514b1c6524ef491c388ca3114b7f7e969e0e7507ea9efac08e663b982ec5d1 0.1s
#4 extracting sha256:c8514b1c6524ef491c388ca3114b7f7e969e0e7507ea9efac08e663b982ec5d1 0.2s done
#4 DONE 20.1s

#6 [2/6] RUN apt-get update && apt-get install -y     libjpeg-dev     libpq-dev     python3-dev     python3-psycopg2     git     python3-pip     gettext     cron     && apt-get clean     && rm -rf /var/lib/apt/lists/*
#6 0.199 Ign:1 http://security.debian.org/debian-security stretch/updates InRelease
#6 0.200 Ign:2 http://deb.debian.org/debian stretch InRelease
#6 0.211 Ign:3 http://security.debian.org/debian-security stretch/updates Release
#6 0.211 Ign:4 http://deb.debian.org/debian stretch-updates InRelease
#6 0.223 Ign:5 http://deb.debian.org/debian stretch Release
#6 0.234 Ign:6 http://deb.debian.org/debian stretch-updates Release
#6 0.245 Ign:7 http://deb.debian.org/debian stretch/main amd64 Packages
#6 0.256 Ign:8 http://deb.debian.org/debian stretch/main all Packages
#6 0.268 Ign:9 http://deb.debian.org/debian stretch-updates/main amd64 Packages
#6 0.278 Ign:10 http://deb.debian.org/debian stretch-updates/main all Packages
#6 0.288 Ign:7 http://deb.debian.org/debian stretch/main amd64 Packages
#6 0.300 Ign:8 http://deb.debian.org/debian stretch/main all Packages
#6 0.312 Ign:9 http://deb.debian.org/debian stretch-updates/main amd64 Packages
#6 0.331 Ign:10 http://deb.debian.org/debian stretch-updates/main all Packages
#6 0.342 Ign:7 http://deb.debian.org/debian stretch/main amd64 Packages
#6 0.353 Ign:8 http://deb.debian.org/debian stretch/main all Packages
#6 0.363 Ign:9 http://deb.debian.org/debian stretch-updates/main amd64 Packages
#6 0.368 Ign:11 http://security.debian.org/debian-security stretch/updates/main amd64 Packages
#6 0.374 Ign:10 http://deb.debian.org/debian stretch-updates/main all Packages
#6 0.381 Ign:12 http://security.debian.org/debian-security stretch/updates/main all Packages
#6 0.385 Ign:7 http://deb.debian.org/debian stretch/main amd64 Packages
#6 0.396 Ign:8 http://deb.debian.org/debian stretch/main all Packages
#6 0.406 Ign:9 http://deb.debian.org/debian stretch-updates/main amd64 Packages
#6 0.417 Ign:10 http://deb.debian.org/debian stretch-updates/main all Packages
#6 0.430 Ign:7 http://deb.debian.org/debian stretch/main amd64 Packages
#6 0.439 Ign:8 http://deb.debian.org/debian stretch/main all Packages
#6 0.451 Ign:9 http://deb.debian.org/debian stretch-updates/main amd64 Packages
#6 0.462 Ign:10 http://deb.debian.org/debian stretch-updates/main all Packages
#6 0.473 Err:7 http://deb.debian.org/debian stretch/main amd64 Packages
#6 0.473   404  Not Found
#6 0.493 Ign:8 http://deb.debian.org/debian stretch/main all Packages
#6 0.505 Err:9 http://deb.debian.org/debian stretch-updates/main amd64 Packages
#6 0.505   404  Not Found
#6 0.516 Ign:10 http://deb.debian.org/debian stretch-updates/main all Packages
#6 0.542 Ign:11 http://security.debian.org/debian-security stretch/updates/main amd64 Packages
#6 0.553 Ign:12 http://security.debian.org/debian-security stretch/updates/main all Packages
#6 0.711 Ign:11 http://security.debian.org/debian-security stretch/updates/main amd64 Packages
#6 0.721 Ign:12 http://security.debian.org/debian-security stretch/updates/main all Packages
#6 0.879 Ign:11 http://security.debian.org/debian-security stretch/updates/main amd64 Packages
#6 0.892 Ign:12 http://security.debian.org/debian-security stretch/updates/main all Packages
#6 1.052 Ign:11 http://security.debian.org/debian-security stretch/updates/main amd64 Packages
#6 1.064 Ign:12 http://security.debian.org/debian-security stretch/updates/main all Packages
#6 1.223 Err:11 http://security.debian.org/debian-security stretch/updates/main amd64 Packages
#6 1.223   404  Not Found
#6 1.234 Ign:12 http://security.debian.org/debian-security stretch/updates/main all Packages
#6 1.239 Reading package lists...
#6 1.250 W: The repository 'http://security.debian.org/debian-security stretch/updates Release' does not have a Release file.
#6 1.250 W: The repository 'http://deb.debian.org/debian stretch Release' does not have a Release file.
#6 1.250 W: The repository 'http://deb.debian.org/debian stretch-updates Release' does not have a Release file.
#6 1.250 E: Failed to fetch http://security.debian.org/debian-security/dists/stretch/updates/main/binary-amd64/Packages  404  Not Found
#6 1.250 E: Failed to fetch http://deb.debian.org/debian/dists/stretch/main/binary-amd64/Packages  404  Not Found
#6 1.250 E: Failed to fetch http://deb.debian.org/debian/dists/stretch-updates/main/binary-amd64/Packages  404  Not Found
#6 1.250 E: Some index files failed to download. They have been ignored, or old ones used instead.
#6 ERROR: process "/bin/sh -c apt-get update && apt-get install -y     libjpeg-dev     libpq-dev     python3-dev     python3-psycopg2     git     python3-pip     gettext     cron     && apt-get clean     && rm -rf /var/lib/apt/lists/*" did not complete successfully: exit code: 100
------
 > [2/6] RUN apt-get update && apt-get install -y     libjpeg-dev     libpq-dev     python3-dev     python3-psycopg2     git     python3-pip     gettext     cron     && apt-get clean     && rm -rf /var/lib/apt/lists/*:
1.223   404  Not Found
1.234 Ign:12 http://security.debian.org/debian-security stretch/updates/main all Packages
1.239 Reading package lists...
1.250 W: The repository 'http://security.debian.org/debian-security stretch/updates Release' does not have a Release file.
1.250 W: The repository 'http://deb.debian.org/debian stretch Release' does not have a Release file.
1.250 W: The repository 'http://deb.debian.org/debian stretch-updates Release' does not have a Release file.
1.250 E: Failed to fetch http://security.debian.org/debian-security/dists/stretch/updates/main/binary-amd64/Packages  404  Not Found
1.250 E: Failed to fetch http://deb.debian.org/debian/dists/stretch/main/binary-amd64/Packages  404  Not Found
1.250 E: Failed to fetch http://deb.debian.org/debian/dists/stretch-updates/main/binary-amd64/Packages  404  Not Found
1.250 E: Some index files failed to download. They have been ignored, or old ones used instead.
------
v1_Dockerfile:4
--------------------
   3 |     
   4 | >>> RUN apt-get update && apt-get install -y \
   5 | >>>     libjpeg-dev \
   6 | >>>     libpq-dev \
   7 | >>>     python3-dev \
   8 | >>>     python3-psycopg2 \
   9 | >>>     git \
  10 | >>>     python3-pip \
  11 | >>>     gettext \
  12 | >>>     cron \
  13 | >>>     && apt-get clean \
  14 | >>>     && rm -rf /var/lib/apt/lists/*
  15 |     
--------------------
ERROR: failed to solve: process "/bin/sh -c apt-get update && apt-get install -y     libjpeg-dev     libpq-dev     python3-dev     python3-psycopg2     git     python3-pip     gettext     cron     && apt-get clean     && rm -rf /var/lib/apt/lists/*" did not complete successfully: exit code: 100
Duration: 0:29.26