#0 building with "default" instance using docker driver

#1 [internal] load build definition from v1_Dockerfile
#1 transferring dockerfile: 899B done
#1 DONE 0.0s

#2 [internal] load metadata for docker.io/library/debian:9.5-slim
#2 DONE 1.0s

#3 [internal] load .dockerignore
#3 transferring context: 2B done
#3 DONE 0.0s

#4 [internal] load build context
#4 transferring context: 376B done
#4 DONE 0.0s

#5 [1/4] FROM docker.io/library/debian:9.5-slim@sha256:ef6be890318a105f7401d0504c01c2888daa5d9e45b308cf0e45c7cb8e44634f
#5 resolve docker.io/library/debian:9.5-slim@sha256:ef6be890318a105f7401d0504c01c2888daa5d9e45b308cf0e45c7cb8e44634f 0.0s done
#5 sha256:ef6be890318a105f7401d0504c01c2888daa5d9e45b308cf0e45c7cb8e44634f 2.36kB / 2.36kB done
#5 sha256:048ed193a2bbc27673ee67e0125aaf8e0d239eeb399d458e31d681b139e410af 529B / 529B done
#5 sha256:4b4471f624dc7e48def965e55258167668ec39680eaeabacf1c3fa4b3e7e875f 1.50kB / 1.50kB done
#5 sha256:f17d81b4b692f7e0d6c1176c86b81d9f2cb5ac5349703adca51c61debcfe413c 2.10MB / 22.49MB 0.2s
#5 sha256:f17d81b4b692f7e0d6c1176c86b81d9f2cb5ac5349703adca51c61debcfe413c 20.97MB / 22.49MB 0.4s
#5 sha256:f17d81b4b692f7e0d6c1176c86b81d9f2cb5ac5349703adca51c61debcfe413c 22.49MB / 22.49MB 0.5s done
#5 extracting sha256:f17d81b4b692f7e0d6c1176c86b81d9f2cb5ac5349703adca51c61debcfe413c 0.1s
#5 extracting sha256:f17d81b4b692f7e0d6c1176c86b81d9f2cb5ac5349703adca51c61debcfe413c 1.7s done
#5 DONE 2.3s

#6 [2/4] RUN apt-get update &&     apt-get -yq install rsync openssh-client &&     apt-get clean &&     rm -rf /var/lib/apt/lists/*
#6 0.210 Ign:1 http://security.debian.org/debian-security stretch/updates InRelease
#6 0.212 Ign:2 http://deb.debian.org/debian stretch InRelease
#6 0.220 Ign:3 http://security.debian.org/debian-security stretch/updates Release
#6 0.222 Ign:4 http://deb.debian.org/debian stretch-updates InRelease
#6 0.232 Ign:5 http://security.debian.org/debian-security stretch/updates/main amd64 Packages
#6 0.235 Ign:6 http://deb.debian.org/debian stretch Release
#6 0.244 Ign:7 http://security.debian.org/debian-security stretch/updates/main all Packages
#6 0.248 Ign:8 http://deb.debian.org/debian stretch-updates Release
#6 0.254 Ign:5 http://security.debian.org/debian-security stretch/updates/main amd64 Packages
#6 0.265 Ign:7 http://security.debian.org/debian-security stretch/updates/main all Packages
#6 0.266 Ign:9 http://deb.debian.org/debian stretch/main all Packages
#6 0.276 Ign:10 http://deb.debian.org/debian stretch/main amd64 Packages
#6 0.276 Ign:5 http://security.debian.org/debian-security stretch/updates/main amd64 Packages
#6 0.287 Ign:11 http://deb.debian.org/debian stretch-updates/main all Packages
#6 0.287 Ign:7 http://security.debian.org/debian-security stretch/updates/main all Packages
#6 0.296 Ign:5 http://security.debian.org/debian-security stretch/updates/main amd64 Packages
#6 0.297 Ign:12 http://deb.debian.org/debian stretch-updates/main amd64 Packages
#6 0.309 Ign:7 http://security.debian.org/debian-security stretch/updates/main all Packages
#6 0.309 Ign:9 http://deb.debian.org/debian stretch/main all Packages
#6 0.318 Ign:5 http://security.debian.org/debian-security stretch/updates/main amd64 Packages
#6 0.319 Ign:10 http://deb.debian.org/debian stretch/main amd64 Packages
#6 0.329 Ign:11 http://deb.debian.org/debian stretch-updates/main all Packages
#6 0.330 Ign:7 http://security.debian.org/debian-security stretch/updates/main all Packages
#6 0.340 Ign:12 http://deb.debian.org/debian stretch-updates/main amd64 Packages
#6 0.340 Err:5 http://security.debian.org/debian-security stretch/updates/main amd64 Packages
#6 0.340   404  Not Found [IP: 151.101.194.132 80]
#6 0.351 Ign:9 http://deb.debian.org/debian stretch/main all Packages
#6 0.351 Ign:7 http://security.debian.org/debian-security stretch/updates/main all Packages
#6 0.362 Ign:10 http://deb.debian.org/debian stretch/main amd64 Packages
#6 0.372 Ign:11 http://deb.debian.org/debian stretch-updates/main all Packages
#6 0.383 Ign:12 http://deb.debian.org/debian stretch-updates/main amd64 Packages
#6 0.392 Ign:9 http://deb.debian.org/debian stretch/main all Packages
#6 0.403 Ign:10 http://deb.debian.org/debian stretch/main amd64 Packages
#6 0.421 Ign:11 http://deb.debian.org/debian stretch-updates/main all Packages
#6 0.432 Ign:12 http://deb.debian.org/debian stretch-updates/main amd64 Packages
#6 0.443 Ign:9 http://deb.debian.org/debian stretch/main all Packages
#6 0.455 Ign:10 http://deb.debian.org/debian stretch/main amd64 Packages
#6 0.464 Ign:11 http://deb.debian.org/debian stretch-updates/main all Packages
#6 0.474 Ign:12 http://deb.debian.org/debian stretch-updates/main amd64 Packages
#6 0.486 Ign:9 http://deb.debian.org/debian stretch/main all Packages
#6 0.505 Err:10 http://deb.debian.org/debian stretch/main amd64 Packages
#6 0.505   404  Not Found
#6 0.515 Ign:11 http://deb.debian.org/debian stretch-updates/main all Packages
#6 0.527 Err:12 http://deb.debian.org/debian stretch-updates/main amd64 Packages
#6 0.527   404  Not Found
#6 0.531 Reading package lists...
#6 0.538 W: The repository 'http://security.debian.org/debian-security stretch/updates Release' does not have a Release file.
#6 0.538 W: The repository 'http://deb.debian.org/debian stretch Release' does not have a Release file.
#6 0.538 W: The repository 'http://deb.debian.org/debian stretch-updates Release' does not have a Release file.
#6 0.538 E: Failed to fetch http://security.debian.org/debian-security/dists/stretch/updates/main/binary-amd64/Packages  404  Not Found [IP: 151.101.194.132 80]
#6 0.538 E: Failed to fetch http://deb.debian.org/debian/dists/stretch/main/binary-amd64/Packages  404  Not Found
#6 0.538 E: Failed to fetch http://deb.debian.org/debian/dists/stretch-updates/main/binary-amd64/Packages  404  Not Found
#6 0.538 E: Some index files failed to download. They have been ignored, or old ones used instead.
#6 ERROR: process "/bin/sh -c apt-get update &&     apt-get -yq install rsync openssh-client &&     apt-get clean &&     rm -rf /var/lib/apt/lists/*" did not complete successfully: exit code: 100
------
 > [2/4] RUN apt-get update &&     apt-get -yq install rsync openssh-client &&     apt-get clean &&     rm -rf /var/lib/apt/lists/*:
0.527 Err:12 http://deb.debian.org/debian stretch-updates/main amd64 Packages
0.527   404  Not Found
0.531 Reading package lists...
0.538 W: The repository 'http://security.debian.org/debian-security stretch/updates Release' does not have a Release file.
0.538 W: The repository 'http://deb.debian.org/debian stretch Release' does not have a Release file.
0.538 W: The repository 'http://deb.debian.org/debian stretch-updates Release' does not have a Release file.
0.538 E: Failed to fetch http://security.debian.org/debian-security/dists/stretch/updates/main/binary-amd64/Packages  404  Not Found [IP: 151.101.194.132 80]
0.538 E: Failed to fetch http://deb.debian.org/debian/dists/stretch/main/binary-amd64/Packages  404  Not Found
0.538 E: Failed to fetch http://deb.debian.org/debian/dists/stretch-updates/main/binary-amd64/Packages  404  Not Found
0.538 E: Some index files failed to download. They have been ignored, or old ones used instead.
------
v1_Dockerfile:5
--------------------
   4 |     # Update and install packages in a single RUN command to reduce layers and ensure consistency
   5 | >>> RUN apt-get update && \
   6 | >>>     apt-get -yq install rsync openssh-client && \
   7 | >>>     apt-get clean && \
   8 | >>>     rm -rf /var/lib/apt/lists/*
   9 |     
--------------------
ERROR: failed to solve: process "/bin/sh -c apt-get update &&     apt-get -yq install rsync openssh-client &&     apt-get clean &&     rm -rf /var/lib/apt/lists/*" did not complete successfully: exit code: 100
Duration: 0:4.42