#0 building with "default" instance using docker driver

#1 [internal] load .dockerignore
#1 transferring context:
#1 transferring context: 2B done
#1 DONE 0.5s

#2 [internal] load build definition from Dockerfile
#2 transferring dockerfile: 721B done
#2 DONE 0.4s

#3 [internal] load metadata for docker.io/library/python:3.7
#3 ...

#4 [auth] library/python:pull token for registry-1.docker.io
#4 DONE 0.0s

#3 [internal] load metadata for docker.io/library/python:3.7
#3 DONE 1.5s

#5 [internal] load build context
#5 DONE 0.0s

#6 [1/8] FROM docker.io/library/python:3.7@sha256:eedf63967cdb57d8214db38ce21f105003ed4e4d0358f02bedc057341bcf92a0
#6 resolve docker.io/library/python:3.7@sha256:eedf63967cdb57d8214db38ce21f105003ed4e4d0358f02bedc057341bcf92a0 0.1s done
#6 sha256:eedf63967cdb57d8214db38ce21f105003ed4e4d0358f02bedc057341bcf92a0 1.86kB / 1.86kB done
#6 sha256:2011a37d2a08fe83dd9ff923e0f83bfd7290152e2e6afe359bde1453170d9bdc 2.01kB / 2.01kB done
#6 sha256:16d93ae3411be3db255b6b52fdfc155a0dff0f697c2e4e3d862caf8d978830b2 8.13kB / 8.13kB done
#6 sha256:b47a222d28fa95680198398973d0a29b82a968f03e7ef361cc8ded562e4d84a3 0B / 24.03MB 0.2s
#6 ...

#5 [internal] load build context
#5 transferring context: 1.04MB 0.0s done
#5 DONE 0.4s

#6 [1/8] FROM docker.io/library/python:3.7@sha256:eedf63967cdb57d8214db38ce21f105003ed4e4d0358f02bedc057341bcf92a0
#6 sha256:b47a222d28fa95680198398973d0a29b82a968f03e7ef361cc8ded562e4d84a3 3.15MB / 24.03MB 0.3s
#6 sha256:debce5f9f3a9709885f7f2ad3cf41f036a3b57b406b27ba3a883928315787042 0B / 64.11MB 0.3s
#6 sha256:b47a222d28fa95680198398973d0a29b82a968f03e7ef361cc8ded562e4d84a3 9.44MB / 24.03MB 0.5s
#6 sha256:167b8a53ca4504bc6aa3182e336fa96f4ef76875d158c1933d3e2fa19c57e0c3 0B / 49.56MB 0.5s
#6 sha256:b47a222d28fa95680198398973d0a29b82a968f03e7ef361cc8ded562e4d84a3 11.53MB / 24.03MB 0.6s
#6 sha256:b47a222d28fa95680198398973d0a29b82a968f03e7ef361cc8ded562e4d84a3 17.83MB / 24.03MB 0.8s
#6 sha256:debce5f9f3a9709885f7f2ad3cf41f036a3b57b406b27ba3a883928315787042 6.29MB / 64.11MB 0.8s
#6 sha256:167b8a53ca4504bc6aa3182e336fa96f4ef76875d158c1933d3e2fa19c57e0c3 12.58MB / 49.56MB 0.8s
#6 sha256:b47a222d28fa95680198398973d0a29b82a968f03e7ef361cc8ded562e4d84a3 23.07MB / 24.03MB 0.9s
#6 sha256:167b8a53ca4504bc6aa3182e336fa96f4ef76875d158c1933d3e2fa19c57e0c3 17.83MB / 49.56MB 0.9s
#6 sha256:debce5f9f3a9709885f7f2ad3cf41f036a3b57b406b27ba3a883928315787042 12.58MB / 64.11MB 1.0s
#6 sha256:167b8a53ca4504bc6aa3182e336fa96f4ef76875d158c1933d3e2fa19c57e0c3 20.97MB / 49.56MB 1.0s
#6 sha256:debce5f9f3a9709885f7f2ad3cf41f036a3b57b406b27ba3a883928315787042 16.78MB / 64.11MB 1.2s
#6 sha256:167b8a53ca4504bc6aa3182e336fa96f4ef76875d158c1933d3e2fa19c57e0c3 28.31MB / 49.56MB 1.2s
#6 sha256:b47a222d28fa95680198398973d0a29b82a968f03e7ef361cc8ded562e4d84a3 24.03MB / 24.03MB 1.3s done
#6 sha256:167b8a53ca4504bc6aa3182e336fa96f4ef76875d158c1933d3e2fa19c57e0c3 36.70MB / 49.56MB 1.4s
#6 sha256:1d7ca7cd2e066ae77ac6284a9d027f72a31a02a18bfc2a249ef2e7b01074338b 0B / 211.04MB 1.4s
#6 sha256:debce5f9f3a9709885f7f2ad3cf41f036a3b57b406b27ba3a883928315787042 25.17MB / 64.11MB 1.5s
#6 sha256:167b8a53ca4504bc6aa3182e336fa96f4ef76875d158c1933d3e2fa19c57e0c3 39.85MB / 49.56MB 1.5s
#6 sha256:debce5f9f3a9709885f7f2ad3cf41f036a3b57b406b27ba3a883928315787042 33.55MB / 64.11MB 1.7s
#6 sha256:167b8a53ca4504bc6aa3182e336fa96f4ef76875d158c1933d3e2fa19c57e0c3 48.23MB / 49.56MB 1.7s
#6 sha256:debce5f9f3a9709885f7f2ad3cf41f036a3b57b406b27ba3a883928315787042 37.75MB / 64.11MB 1.9s
#6 sha256:1d7ca7cd2e066ae77ac6284a9d027f72a31a02a18bfc2a249ef2e7b01074338b 17.83MB / 211.04MB 1.9s
#6 sha256:debce5f9f3a9709885f7f2ad3cf41f036a3b57b406b27ba3a883928315787042 41.94MB / 64.11MB 2.2s
#6 sha256:1d7ca7cd2e066ae77ac6284a9d027f72a31a02a18bfc2a249ef2e7b01074338b 31.46MB / 211.04MB 2.1s
#6 sha256:1d7ca7cd2e066ae77ac6284a9d027f72a31a02a18bfc2a249ef2e7b01074338b 47.19MB / 211.04MB 2.3s
#6 sha256:debce5f9f3a9709885f7f2ad3cf41f036a3b57b406b27ba3a883928315787042 48.23MB / 64.11MB 2.4s
#6 sha256:167b8a53ca4504bc6aa3182e336fa96f4ef76875d158c1933d3e2fa19c57e0c3 49.56MB / 49.56MB 2.5s done
#6 sha256:1d7ca7cd2e066ae77ac6284a9d027f72a31a02a18bfc2a249ef2e7b01074338b 62.91MB / 211.04MB 2.6s
#6 extracting sha256:167b8a53ca4504bc6aa3182e336fa96f4ef76875d158c1933d3e2fa19c57e0c3
#6 sha256:ff3119008f58beef8f336fa833707b0fe914db94ca6b7bb55abe3e1bf2b1ad56 0B / 6.39MB 2.7s
#6 sha256:ff3119008f58beef8f336fa833707b0fe914db94ca6b7bb55abe3e1bf2b1ad56 5.24MB / 6.39MB 2.8s
#6 sha256:debce5f9f3a9709885f7f2ad3cf41f036a3b57b406b27ba3a883928315787042 56.62MB / 64.11MB 2.9s
#6 sha256:1d7ca7cd2e066ae77ac6284a9d027f72a31a02a18bfc2a249ef2e7b01074338b 79.69MB / 211.04MB 2.9s
#6 sha256:ff3119008f58beef8f336fa833707b0fe914db94ca6b7bb55abe3e1bf2b1ad56 6.39MB / 6.39MB 2.9s
#6 sha256:debce5f9f3a9709885f7f2ad3cf41f036a3b57b406b27ba3a883928315787042 60.82MB / 64.11MB 3.0s
#6 sha256:ff3119008f58beef8f336fa833707b0fe914db94ca6b7bb55abe3e1bf2b1ad56 6.39MB / 6.39MB 3.0s done
#6 sha256:debce5f9f3a9709885f7f2ad3cf41f036a3b57b406b27ba3a883928315787042 64.11MB / 64.11MB 3.2s
#6 sha256:1d7ca7cd2e066ae77ac6284a9d027f72a31a02a18bfc2a249ef2e7b01074338b 95.42MB / 211.04MB 3.2s
#6 sha256:c2423a76a32b7ffb2ee7bb6d1e0c74bb1811237eddcb3200594daf7a52d4f378 2.10MB / 14.70MB 3.2s
#6 sha256:c2423a76a32b7ffb2ee7bb6d1e0c74bb1811237eddcb3200594daf7a52d4f378 6.29MB / 14.70MB 3.3s
#6 sha256:c2423a76a32b7ffb2ee7bb6d1e0c74bb1811237eddcb3200594daf7a52d4f378 10.49MB / 14.70MB 3.4s
#6 sha256:1d7ca7cd2e066ae77ac6284a9d027f72a31a02a18bfc2a249ef2e7b01074338b 108.00MB / 211.04MB 3.5s
#6 sha256:c2423a76a32b7ffb2ee7bb6d1e0c74bb1811237eddcb3200594daf7a52d4f378 14.70MB / 14.70MB 3.5s
#6 sha256:1d7ca7cd2e066ae77ac6284a9d027f72a31a02a18bfc2a249ef2e7b01074338b 120.59MB / 211.04MB 3.7s
#6 sha256:1d7ca7cd2e066ae77ac6284a9d027f72a31a02a18bfc2a249ef2e7b01074338b 134.22MB / 211.04MB 4.0s
#6 sha256:debce5f9f3a9709885f7f2ad3cf41f036a3b57b406b27ba3a883928315787042 64.11MB / 64.11MB 4.2s done
#6 sha256:1d7ca7cd2e066ae77ac6284a9d027f72a31a02a18bfc2a249ef2e7b01074338b 146.80MB / 211.04MB 4.4s
#6 sha256:1d7ca7cd2e066ae77ac6284a9d027f72a31a02a18bfc2a249ef2e7b01074338b 160.43MB / 211.04MB 4.6s
#6 sha256:c2423a76a32b7ffb2ee7bb6d1e0c74bb1811237eddcb3200594daf7a52d4f378 14.70MB / 14.70MB 4.5s done
#6 sha256:e1c98ca4926a91839805ce76d76a70225e303007331ee60f45dfabbbf55fd8c8 0B / 244B 4.6s
#6 sha256:e1c98ca4926a91839805ce76d76a70225e303007331ee60f45dfabbbf55fd8c8 244B / 244B 4.7s
#6 sha256:3b62c8e1d79b6554a8bffcf196ff5dd822858c179f1f8dc6f0c74a288859a6fb 0B / 2.85MB 4.7s
#6 sha256:e1c98ca4926a91839805ce76d76a70225e303007331ee60f45dfabbbf55fd8c8 244B / 244B 4.7s done
#6 sha256:3b62c8e1d79b6554a8bffcf196ff5dd822858c179f1f8dc6f0c74a288859a6fb 2.85MB / 2.85MB 4.9s
#6 sha256:1d7ca7cd2e066ae77ac6284a9d027f72a31a02a18bfc2a249ef2e7b01074338b 180.36MB / 211.04MB 5.1s
#6 sha256:3b62c8e1d79b6554a8bffcf196ff5dd822858c179f1f8dc6f0c74a288859a6fb 2.85MB / 2.85MB 4.9s done
#6 sha256:1d7ca7cd2e066ae77ac6284a9d027f72a31a02a18bfc2a249ef2e7b01074338b 199.23MB / 211.04MB 5.5s
#6 extracting sha256:167b8a53ca4504bc6aa3182e336fa96f4ef76875d158c1933d3e2fa19c57e0c3 2.8s done
#6 extracting sha256:b47a222d28fa95680198398973d0a29b82a968f03e7ef361cc8ded562e4d84a3
#6 sha256:1d7ca7cd2e066ae77ac6284a9d027f72a31a02a18bfc2a249ef2e7b01074338b 211.04MB / 211.04MB 5.8s
#6 extracting sha256:b47a222d28fa95680198398973d0a29b82a968f03e7ef361cc8ded562e4d84a3 1.1s done
#6 sha256:1d7ca7cd2e066ae77ac6284a9d027f72a31a02a18bfc2a249ef2e7b01074338b 211.04MB / 211.04MB 9.0s done
#6 extracting sha256:debce5f9f3a9709885f7f2ad3cf41f036a3b57b406b27ba3a883928315787042
#6 extracting sha256:debce5f9f3a9709885f7f2ad3cf41f036a3b57b406b27ba3a883928315787042 4.0s done
#6 extracting sha256:1d7ca7cd2e066ae77ac6284a9d027f72a31a02a18bfc2a249ef2e7b01074338b
#6 extracting sha256:1d7ca7cd2e066ae77ac6284a9d027f72a31a02a18bfc2a249ef2e7b01074338b 5.0s
#6 extracting sha256:1d7ca7cd2e066ae77ac6284a9d027f72a31a02a18bfc2a249ef2e7b01074338b 10.1s
#6 extracting sha256:1d7ca7cd2e066ae77ac6284a9d027f72a31a02a18bfc2a249ef2e7b01074338b 15.2s
#6 extracting sha256:1d7ca7cd2e066ae77ac6284a9d027f72a31a02a18bfc2a249ef2e7b01074338b 15.3s done
#6 extracting sha256:ff3119008f58beef8f336fa833707b0fe914db94ca6b7bb55abe3e1bf2b1ad56
#6 extracting sha256:ff3119008f58beef8f336fa833707b0fe914db94ca6b7bb55abe3e1bf2b1ad56 0.4s done
#6 extracting sha256:c2423a76a32b7ffb2ee7bb6d1e0c74bb1811237eddcb3200594daf7a52d4f378
#6 extracting sha256:c2423a76a32b7ffb2ee7bb6d1e0c74bb1811237eddcb3200594daf7a52d4f378 0.8s done
#6 extracting sha256:e1c98ca4926a91839805ce76d76a70225e303007331ee60f45dfabbbf55fd8c8
#6 extracting sha256:e1c98ca4926a91839805ce76d76a70225e303007331ee60f45dfabbbf55fd8c8 done
#6 extracting sha256:3b62c8e1d79b6554a8bffcf196ff5dd822858c179f1f8dc6f0c74a288859a6fb
#6 extracting sha256:3b62c8e1d79b6554a8bffcf196ff5dd822858c179f1f8dc6f0c74a288859a6fb 0.3s done
#6 DONE 33.4s

#7 [2/8] RUN curl -sL https://deb.nodesource.com/setup_10.x | bash -
#7 0.655 
#7 0.655 ================================================================================
#7 0.655 ================================================================================
#7 0.655 
#7 0.655                               DEPRECATION WARNING                            
#7 0.655 
#7 0.655   Node.js 10.x is no longer actively supported!
#7 0.655 
#7 0.655   You will not receive security or critical stability updates for this version.
#7 0.655 
#7 0.655   You should migrate to a supported version of Node.js as soon as possible.
#7 0.655   Use the installation script that corresponds to the version of Node.js you
#7 0.655   wish to install. e.g.
#7 0.655 
#7 0.655    * https://deb.nodesource.com/setup_16.x — Node.js 16 "Gallium"
#7 0.655    * https://deb.nodesource.com/setup_18.x — Node.js 18 LTS "Hydrogen" (recommended)
#7 0.655    * https://deb.nodesource.com/setup_19.x — Node.js 19 "Nineteen"
#7 0.655    * https://deb.nodesource.com/setup_20.x — Node.js 20 "Iron" (current)
#7 0.655 
#7 0.655   Please see https://github.com/nodejs/Release for details about which
#7 0.655   version may be appropriate for you.
#7 0.655 
#7 0.655   The NodeSource Node.js distributions repository contains
#7 0.655   information both about supported versions of Node.js and supported Linux
#7 0.655   distributions. To learn more about usage, see the repository:
#7 0.655     https://github.com/nodesource/distributions
#7 0.655 
#7 0.655 ================================================================================
#7 0.655 ================================================================================
#7 0.655 
#7 0.655 Continuing in 20 seconds ...
#7 0.655 
#7 20.66 
#7 20.66 ================================================================================
#7 20.66 ▓▓▓▓▓▓▓▓▓▓▓▓▓▓▓▓▓▓▓▓▓▓▓▓▓▓▓▓▓▓▓▓▓▓▓▓▓▓▓▓▓▓▓▓▓▓▓▓▓▓▓▓▓▓▓▓▓▓▓▓▓▓▓▓▓▓▓▓▓▓▓▓▓▓▓▓▓▓▓▓
#7 20.66 ================================================================================
#7 20.66 
#7 20.66                            SCRIPT DEPRECATION WARNING                    
#7 20.66 
#7 20.66   
#7 20.66   This script, located at https://deb.nodesource.com/setup_X, used to
#7 20.66   install Node.js is deprecated now and will eventually be made inactive.
#7 20.66 
#7 20.66   Please visit the NodeSource distributions Github and follow the
#7 20.66   instructions to migrate your repo.
#7 20.66   https://github.com/nodesource/distributions
#7 20.66 
#7 20.66   The NodeSource Node.js Linux distributions GitHub repository contains
#7 20.66   information about which versions of Node.js and which Linux distributions
#7 20.66   are supported and how to install it.
#7 20.66   https://github.com/nodesource/distributions
#7 20.66 
#7 20.66 
#7 20.66                           SCRIPT DEPRECATION WARNING
#7 20.66 
#7 20.66 ================================================================================
#7 20.66 ▓▓▓▓▓▓▓▓▓▓▓▓▓▓▓▓▓▓▓▓▓▓▓▓▓▓▓▓▓▓▓▓▓▓▓▓▓▓▓▓▓▓▓▓▓▓▓▓▓▓▓▓▓▓▓▓▓▓▓▓▓▓▓▓▓▓▓▓▓▓▓▓▓▓▓▓▓▓▓▓
#7 20.66 ================================================================================
#7 20.66 
#7 20.66 TO AVOID THIS WAIT MIGRATE THE SCRIPT
#7 20.66 Continuing in 60 seconds (press Ctrl-C to abort) ...
#7 20.66 
#7 80.66 
#7 80.66 ## Installing the NodeSource Node.js 10.x repo...
#7 80.66 
#7 80.66 
#7 80.66 ## Populating apt-get cache...
#7 80.66 
#7 80.66 + apt-get update
#7 80.73 Get:1 http://deb.debian.org/debian bookworm InRelease [151 kB]
#7 80.76 Get:2 http://deb.debian.org/debian bookworm-updates InRelease [55.4 kB]
#7 80.77 Get:3 http://deb.debian.org/debian-security bookworm-security InRelease [48.0 kB]
#7 80.85 Get:4 http://deb.debian.org/debian bookworm/main amd64 Packages [8788 kB]
#7 80.96 Get:5 http://deb.debian.org/debian bookworm-updates/main amd64 Packages [13.8 kB]
#7 80.99 Get:6 http://deb.debian.org/debian-security bookworm-security/main amd64 Packages [169 kB]
#7 82.28 Fetched 9225 kB in 2s (5824 kB/s)
#7 82.28 Reading package lists...
#7 82.97 
#7 82.97 ## Installing packages required for setup: lsb-release...
#7 82.97 
#7 82.97 + apt-get install -y lsb-release > /dev/null 2>&1
#7 84.83 
#7 84.83 ## Confirming "bookworm" is supported...
#7 84.83 
#7 84.83 + curl -sLf -o /dev/null 'https://deb.nodesource.com/node_10.x/dists/bookworm/Release'
#7 84.96 
#7 84.96 ## Your distribution, identified as "bookworm", is not currently supported, please contact NodeSource at https://github.com/nodesource/distributions/issues if you think this is incorrect or would like your distribution to be considered for support
#7 84.96 
#7 ERROR: process "/bin/sh -c curl -sL https://deb.nodesource.com/setup_10.x | bash -" did not complete successfully: exit code: 1
------
 > [2/8] RUN curl -sL https://deb.nodesource.com/setup_10.x | bash -:
82.97 ## Installing packages required for setup: lsb-release...
82.97 
82.97 + apt-get install -y lsb-release > /dev/null 2>&1
84.83 
84.83 ## Confirming "bookworm" is supported...
84.83 
84.83 + curl -sLf -o /dev/null 'https://deb.nodesource.com/node_10.x/dists/bookworm/Release'
84.96 
84.96 ## Your distribution, identified as "bookworm", is not currently supported, please contact NodeSource at https://github.com/nodesource/distributions/issues if you think this is incorrect or would like your distribution to be considered for support
84.96 
------
Dockerfile:10
--------------------
   8 |     
   9 |     # Install dependencies
  10 | >>> RUN curl -sL https://deb.nodesource.com/setup_10.x | bash -
  11 |     RUN apt-get install -y nodejs
  12 |     
--------------------
ERROR: failed to solve: process "/bin/sh -c curl -sL https://deb.nodesource.com/setup_10.x | bash -" did not complete successfully: exit code: 1
Duration: 2:1.88