#0 building with "default" instance using docker driver

#1 [internal] load build definition from v1_Dockerfile
#1 ...

#2 [internal] load .dockerignore
#2 transferring context: 69B done
#2 DONE 0.4s

#1 [internal] load build definition from v1_Dockerfile
#1 transferring dockerfile: 661B done
#1 DONE 0.5s

#3 [internal] load metadata for docker.io/library/ruby:2.7.1
#3 DONE 1.1s

#4 [ 1/11] FROM docker.io/library/ruby:2.7.1@sha256:b3aab6a052e2397456342d97a4d0591d4b2bf54b1ee6e599867fb95440f22a6c
#4 resolve docker.io/library/ruby:2.7.1@sha256:b3aab6a052e2397456342d97a4d0591d4b2bf54b1ee6e599867fb95440f22a6c
#4 ...

#5 [internal] load build context
#5 transferring context: 557.90kB 0.0s done
#5 DONE 0.3s

#4 [ 1/11] FROM docker.io/library/ruby:2.7.1@sha256:b3aab6a052e2397456342d97a4d0591d4b2bf54b1ee6e599867fb95440f22a6c
#4 resolve docker.io/library/ruby:2.7.1@sha256:b3aab6a052e2397456342d97a4d0591d4b2bf54b1ee6e599867fb95440f22a6c 0.3s done
#4 sha256:b3aab6a052e2397456342d97a4d0591d4b2bf54b1ee6e599867fb95440f22a6c 1.86kB / 1.86kB done
#4 sha256:915dfd096c156c2b151ee236b5daa1085d17ded7646e77622ccd351da951335d 2.00kB / 2.00kB done
#4 sha256:d8ca8585551657d6530396ed251f460ffe33c3fa0b587a8522ac230378ff12cd 7.28kB / 7.28kB done
#4 sha256:71e126169501d71bbbd0d3c8d9f35836c41660869fe8432ac606341ed21f7adb 0B / 7.81MB 0.2s
#4 sha256:1af28a55c3f320826db8df3146a2c198f9042877ef679f9e32210aa9a7fac9ef 0B / 10.00MB 0.2s
#4 sha256:71e126169501d71bbbd0d3c8d9f35836c41660869fe8432ac606341ed21f7adb 3.15MB / 7.81MB 0.3s
#4 sha256:1af28a55c3f320826db8df3146a2c198f9042877ef679f9e32210aa9a7fac9ef 2.10MB / 10.00MB 0.3s
#4 sha256:57df1a1f1ad841deaf50c8f662d77e93b4b17af776ed66148116607f9aceffa8 0B / 50.40MB 0.3s
#4 sha256:71e126169501d71bbbd0d3c8d9f35836c41660869fe8432ac606341ed21f7adb 7.81MB / 7.81MB 0.5s
#4 sha256:1af28a55c3f320826db8df3146a2c198f9042877ef679f9e32210aa9a7fac9ef 10.00MB / 10.00MB 0.5s
#4 sha256:57df1a1f1ad841deaf50c8f662d77e93b4b17af776ed66148116607f9aceffa8 10.49MB / 50.40MB 0.5s
#4 sha256:71e126169501d71bbbd0d3c8d9f35836c41660869fe8432ac606341ed21f7adb 7.81MB / 7.81MB 0.5s done
#4 sha256:57df1a1f1ad841deaf50c8f662d77e93b4b17af776ed66148116607f9aceffa8 28.31MB / 50.40MB 0.6s
#4 sha256:1af28a55c3f320826db8df3146a2c198f9042877ef679f9e32210aa9a7fac9ef 10.00MB / 10.00MB 0.7s done
#4 sha256:57df1a1f1ad841deaf50c8f662d77e93b4b17af776ed66148116607f9aceffa8 48.23MB / 50.40MB 0.8s
#4 sha256:65b3db15f518f11e53c95664d0675a5d78a5329d18d5316a406c2a45907a0723 0B / 192.25MB 0.8s
#4 sha256:03f1c9932170e54fface2382b2550b8052ae3d41f27e66ea1294e2055dd2b2e7 0B / 51.83MB 0.8s
#4 sha256:03f1c9932170e54fface2382b2550b8052ae3d41f27e66ea1294e2055dd2b2e7 4.19MB / 51.83MB 1.0s
#4 sha256:03f1c9932170e54fface2382b2550b8052ae3d41f27e66ea1294e2055dd2b2e7 17.83MB / 51.83MB 1.1s
#4 sha256:65b3db15f518f11e53c95664d0675a5d78a5329d18d5316a406c2a45907a0723 15.73MB / 192.25MB 1.3s
#4 sha256:03f1c9932170e54fface2382b2550b8052ae3d41f27e66ea1294e2055dd2b2e7 23.07MB / 51.83MB 1.3s
#4 sha256:65b3db15f518f11e53c95664d0675a5d78a5329d18d5316a406c2a45907a0723 27.26MB / 192.25MB 1.5s
#4 sha256:03f1c9932170e54fface2382b2550b8052ae3d41f27e66ea1294e2055dd2b2e7 34.60MB / 51.83MB 1.5s
#4 sha256:03f1c9932170e54fface2382b2550b8052ae3d41f27e66ea1294e2055dd2b2e7 39.85MB / 51.83MB 1.6s
#4 sha256:57df1a1f1ad841deaf50c8f662d77e93b4b17af776ed66148116607f9aceffa8 50.40MB / 50.40MB 1.6s done
#4 sha256:65b3db15f518f11e53c95664d0675a5d78a5329d18d5316a406c2a45907a0723 39.15MB / 192.25MB 1.7s
#4 sha256:03f1c9932170e54fface2382b2550b8052ae3d41f27e66ea1294e2055dd2b2e7 46.14MB / 51.83MB 1.7s
#4 sha256:65b3db15f518f11e53c95664d0675a5d78a5329d18d5316a406c2a45907a0723 53.48MB / 192.25MB 1.8s
#4 sha256:03f1c9932170e54fface2382b2550b8052ae3d41f27e66ea1294e2055dd2b2e7 51.83MB / 51.83MB 1.8s
#4 extracting sha256:57df1a1f1ad841deaf50c8f662d77e93b4b17af776ed66148116607f9aceffa8 0.1s
#4 sha256:1226ce1a691454a004fbab74c678f63a86d2afe58c5ff21d8427dfd515788c6f 201B / 201B 1.8s
#4 sha256:65b3db15f518f11e53c95664d0675a5d78a5329d18d5316a406c2a45907a0723 72.35MB / 192.25MB 2.0s
#4 sha256:65b3db15f518f11e53c95664d0675a5d78a5329d18d5316a406c2a45907a0723 82.84MB / 192.25MB 2.1s
#4 sha256:65b3db15f518f11e53c95664d0675a5d78a5329d18d5316a406c2a45907a0723 102.76MB / 192.25MB 2.3s
#4 sha256:65b3db15f518f11e53c95664d0675a5d78a5329d18d5316a406c2a45907a0723 122.68MB / 192.25MB 2.5s
#4 sha256:03f1c9932170e54fface2382b2550b8052ae3d41f27e66ea1294e2055dd2b2e7 51.83MB / 51.83MB 2.5s done
#4 sha256:1226ce1a691454a004fbab74c678f63a86d2afe58c5ff21d8427dfd515788c6f 201B / 201B 2.6s done
#4 sha256:193f324d2a7af8c7a3adbf848767fedaf27624651637b87013922d0ba69548e7 0B / 22.88MB 2.6s
#4 sha256:65b3db15f518f11e53c95664d0675a5d78a5329d18d5316a406c2a45907a0723 143.60MB / 192.25MB 2.7s
#4 sha256:9370d60f4535bac7a02acbe2ff70f5271d0e805dc7c89608509b1136791b0757 0B / 142B 2.7s
#4 sha256:193f324d2a7af8c7a3adbf848767fedaf27624651637b87013922d0ba69548e7 5.24MB / 22.88MB 2.8s
#4 sha256:9370d60f4535bac7a02acbe2ff70f5271d0e805dc7c89608509b1136791b0757 142B / 142B 2.8s done
#4 sha256:65b3db15f518f11e53c95664d0675a5d78a5329d18d5316a406c2a45907a0723 158.33MB / 192.25MB 2.9s
#4 sha256:193f324d2a7af8c7a3adbf848767fedaf27624651637b87013922d0ba69548e7 10.49MB / 22.88MB 2.9s
#4 sha256:65b3db15f518f11e53c95664d0675a5d78a5329d18d5316a406c2a45907a0723 169.87MB / 192.25MB 3.1s
#4 sha256:193f324d2a7af8c7a3adbf848767fedaf27624651637b87013922d0ba69548e7 22.88MB / 22.88MB 3.1s
#4 sha256:65b3db15f518f11e53c95664d0675a5d78a5329d18d5316a406c2a45907a0723 186.65MB / 192.25MB 3.3s
#4 sha256:193f324d2a7af8c7a3adbf848767fedaf27624651637b87013922d0ba69548e7 22.88MB / 22.88MB 3.6s done
#4 extracting sha256:57df1a1f1ad841deaf50c8f662d77e93b4b17af776ed66148116607f9aceffa8 5.1s done
#4 sha256:65b3db15f518f11e53c95664d0675a5d78a5329d18d5316a406c2a45907a0723 192.25MB / 192.25MB 7.3s done
#4 extracting sha256:71e126169501d71bbbd0d3c8d9f35836c41660869fe8432ac606341ed21f7adb
#4 extracting sha256:71e126169501d71bbbd0d3c8d9f35836c41660869fe8432ac606341ed21f7adb 0.4s done
#4 extracting sha256:1af28a55c3f320826db8df3146a2c198f9042877ef679f9e32210aa9a7fac9ef
#4 extracting sha256:1af28a55c3f320826db8df3146a2c198f9042877ef679f9e32210aa9a7fac9ef 0.4s done
#4 extracting sha256:03f1c9932170e54fface2382b2550b8052ae3d41f27e66ea1294e2055dd2b2e7
#4 extracting sha256:03f1c9932170e54fface2382b2550b8052ae3d41f27e66ea1294e2055dd2b2e7 3.3s done
#4 extracting sha256:65b3db15f518f11e53c95664d0675a5d78a5329d18d5316a406c2a45907a0723
#4 extracting sha256:65b3db15f518f11e53c95664d0675a5d78a5329d18d5316a406c2a45907a0723 5.1s
#4 extracting sha256:65b3db15f518f11e53c95664d0675a5d78a5329d18d5316a406c2a45907a0723 10.1s
#4 extracting sha256:65b3db15f518f11e53c95664d0675a5d78a5329d18d5316a406c2a45907a0723 10.6s done
#4 extracting sha256:1226ce1a691454a004fbab74c678f63a86d2afe58c5ff21d8427dfd515788c6f
#4 extracting sha256:1226ce1a691454a004fbab74c678f63a86d2afe58c5ff21d8427dfd515788c6f done
#4 extracting sha256:193f324d2a7af8c7a3adbf848767fedaf27624651637b87013922d0ba69548e7
#4 extracting sha256:193f324d2a7af8c7a3adbf848767fedaf27624651637b87013922d0ba69548e7 0.9s done
#4 extracting sha256:9370d60f4535bac7a02acbe2ff70f5271d0e805dc7c89608509b1136791b0757
#4 extracting sha256:9370d60f4535bac7a02acbe2ff70f5271d0e805dc7c89608509b1136791b0757 done
#4 DONE 28.2s

#6 [ 2/11] WORKDIR /opt
#6 DONE 20.3s

#7 [ 3/11] RUN curl -Ls https://bitbucket.org/ariya/phantomjs/downloads/phantomjs-2.1.1-linux-x86_64.tar.bz2 | tar -jxf -
#7 DONE 6.3s

#8 [ 4/11] RUN apt-get -qq update && apt-get -qq install fontconfig
#8 DONE 4.7s

#9 [ 5/11] RUN ln -s /opt/phantomjs-2.1.1-linux-x86_64/bin/phantomjs /usr/local/bin/
#9 DONE 0.8s

#10 [ 6/11] RUN sed -ri '/policy.*name="height"/s/value="([^"]*)"/value="32KP"/' /etc/ImageMagick-6/policy.xml
#10 DONE 0.8s

#11 [ 7/11] WORKDIR /app
#11 DONE 0.4s

#12 [ 8/11] ADD Gemfile* /app/
#12 DONE 0.3s

#13 [ 9/11] RUN gem install bundler -v 2.4.22 && bundle config build.nokogiri --use-system-libraries && bundle install --quiet --jobs 16 --retry 5 --without test
#13 23.44 Successfully installed bundler-2.4.22
#13 23.44 1 gem installed
#13 23.86 [DEPRECATED] The `--without` flag is deprecated because it relies on being remembered across bundler invocations, which bundler will no longer do in future versions. Instead please use `bundle config set without 'test'`, and stop using this flag
#13 DONE 99.6s

#14 [10/11] RUN bundle install
#14 0.945 Your Gemfile lists the gem poltergeist (>= 0) more than once.
#14 0.945 You should probably keep only one of them.
#14 0.945 Remove any duplicate entries and specify the gem only once.
#14 0.945 While it's not a problem now, it could cause errors if you change the version of one of them later.
#14 1.070 Using rake 13.0.1
#14 1.070 Using concurrent-ruby 1.1.5
#14 1.070 Using i18n 1.6.0
#14 1.070 Using minitest 5.11.3
#14 1.070 Using thread_safe 0.3.6
#14 1.071 Using tzinfo 1.2.5
#14 1.071 Using activesupport 5.0.7.2
#14 1.071 Using builder 3.2.3
#14 1.071 Using erubis 2.7.0
#14 1.071 Using mini_portile2 2.4.0
#14 1.071 Using nokogiri 1.10.9
#14 1.071 Using rails-dom-testing 2.0.3
#14 1.071 Using crass 1.0.5
#14 1.072 Using loofah 2.3.1
#14 1.072 Using rails-html-sanitizer 1.0.4
#14 1.072 Using actionview 5.0.7.2
#14 1.072 Using rack 2.2.2
#14 1.072 Using rack-test 0.6.3
#14 1.072 Using actionpack 5.0.7.2
#14 1.072 Using nio4r 2.3.1
#14 1.073 Using websocket-extensions 0.1.3
#14 1.073 Using websocket-driver 0.6.5
#14 1.073 Using actioncable 5.0.7.2
#14 1.073 Using globalid 0.4.2
#14 1.073 Using activejob 5.0.7.2
#14 1.073 Using mini_mime 1.0.1
#14 1.073 Using mail 2.7.1
#14 1.073 Using actionmailer 5.0.7.2
#14 1.074 Using activemodel 5.0.7.2
#14 1.074 Using arel 7.1.4
#14 1.074 Using activerecord 5.0.7.2
#14 1.074 Using public_suffix 3.0.3
#14 1.074 Using addressable 2.6.0
#14 1.074 Using debug_inspector 0.0.3
#14 1.074 Using binding_of_caller 0.8.0
#14 1.074 Using bundler 2.1.4
#14 1.075 Using byebug 11.0.1
#14 1.075 Using regexp_parser 1.4.0
#14 1.075 Using xpath 3.2.0
#14 1.075 Using capybara 3.18.0
#14 1.075 Using cliver 0.3.2
#14 1.075 Using coffee-script-source 1.12.2
#14 1.075 Using execjs 2.7.0
#14 1.076 Using coffee-script 2.4.1
#14 1.076 Using method_source 0.9.2
#14 1.076 Using thor 0.20.3
#14 1.076 Using railties 5.0.7.2
#14 1.076 Using coffee-rails 4.1.1
#14 1.076 Using diff-lcs 1.3
#14 1.076 Using unf_ext 0.0.7.6
#14 1.077 Using unf 0.1.4
#14 1.077 Using domain_name 0.5.20180417
#14 1.077 Using multi_json 1.13.1
#14 1.077 Using dragonfly 1.0.12
#14 1.077 Using excon 0.73.0
#14 1.077 Using formatador 0.2.5
#14 1.077 Using mime-types-data 3.2019.0331
#14 1.077 Using mime-types 3.2.2
#14 1.078 Using fog-core 2.2.0
#14 1.078 Using fog-json 1.2.0
#14 1.078 Using fog-xml 0.1.3
#14 1.078 Using ipaddress 0.8.3
#14 1.078 Using fog-aws 3.6.2
#14 1.078 Using dragonfly-s3_data_store 1.3.0
#14 1.078 Using factory_girl 4.9.0
#14 1.079 Using factory_girl_rails 4.9.0
#14 1.079 Using ffi 1.10.0
#14 1.079 Using font-awesome-rails 4.7.0.5
#14 1.079 Using temple 0.8.1
#14 1.079 Using tilt 2.0.9
#14 1.079 Using haml 5.0.4
#14 1.080 Using http-cookie 1.0.3
#14 1.080 Using image_size 2.0.0
#14 1.080 Using jbuilder 2.8.0
#14 1.080 Using jquery-rails 4.3.3
#14 1.080 Using jquery-ui-rails 6.0.1
#14 1.080 Using json 1.8.6
#14 1.080 Using kaminari-core 1.1.1
#14 1.081 Using kaminari-actionview 1.1.1
#14 1.081 Using kaminari-activerecord 1.1.1
#14 1.081 Using kaminari 1.1.1
#14 1.081 Using libv8 3.16.14.19 (x86_64-linux)
#14 1.082 Using nested_form 0.3.2
#14 1.082 Using netrc 0.11.0
#14 1.082 Using pg 1.1.4
#14 1.082 Using poltergeist 1.18.1
#14 1.082 Using puma 3.12.2
#14 1.082 Using rack-pjax 1.1.0
#14 1.083 Using sprockets 3.7.2
#14 1.083 Using sprockets-rails 3.2.1
#14 1.083 Using rails 5.0.7.2
#14 1.083 Using remotipart 1.4.2
#14 1.083 Using rb-fsevent 0.10.3
#14 1.083 Using rb-inotify 0.10.0
#14 1.084 Using sass-listen 4.0.0
#14 1.084 Using sass 3.7.4
#14 1.084 Using sass-rails 5.0.7
#14 1.084 Using rails_admin 1.4.2
#14 1.084 Using rdoc 4.3.0
#14 1.084 Using ref 2.0.0
#14 1.085 Using rest-client 2.0.2
#14 1.085 Using rmagick 3.1.0
#14 1.085 Using rspec-support 3.8.0
#14 1.085 Using rspec-core 3.8.0
#14 1.085 Using rspec-expectations 3.8.3
#14 1.085 Using rspec-mocks 3.8.0
#14 1.086 Using rspec 3.8.0
#14 1.086 Using rspec-rails 3.8.2
#14 1.086 Using sdoc 0.4.2
#14 1.086 Using sequenced 3.1.1
#14 1.086 Using spectre_client 0.1.87 from https://github.com/wearefriday/spectre_client.git (at master@c55325a)
#14 1.088 Using spring 2.0.2
#14 1.088 Using therubyracer 0.12.3
#14 1.089 Using uglifier 4.1.20
#14 1.089 Using web-console 2.3.0
#14 1.096 Bundle complete! 29 Gemfile dependencies, 115 gems now installed.
#14 1.096 Gems in the group test were not installed.
#14 1.096 Use `bundle info [gemname]` to see where a bundled gem is installed.
#14 DONE 1.3s

#15 [11/11] ADD . /app
#15 DONE 0.6s

#16 exporting to image
#16 exporting layers
#16 exporting layers 4.5s done
#16 writing image sha256:086df1f4937b17def3bd9ee5488123167b29f7762337bd69051dd5115acb38cd 0.0s done
#16 naming to docker.io/library/image_name_v1_1 0.0s done
#16 DONE 4.6s
Duration: 2:50.26