#0 building with "default" instance using docker driver

#1 [internal] load build definition from Dockerfile
#1 transferring dockerfile:
#1 transferring dockerfile: 537B done
#1 DONE 0.5s

#2 [internal] load .dockerignore
#2 transferring context: 87B done
#2 DONE 0.6s

#3 [internal] load metadata for docker.io/klokantech/tileserver-gl:v2.3.0
#3 ...

#4 [auth] klokantech/tileserver-gl:pull token for registry-1.docker.io
#4 DONE 0.0s

#3 [internal] load metadata for docker.io/klokantech/tileserver-gl:v2.3.0
#3 DONE 1.3s

#5 [internal] load build context
#5 DONE 0.0s

#6 [1/7] FROM docker.io/klokantech/tileserver-gl:v2.3.0@sha256:3fbb96894769495f498db1e84b6eaa8eae7556fdee1da4e980412ed5279c53d8
#6 resolve docker.io/klokantech/tileserver-gl:v2.3.0@sha256:3fbb96894769495f498db1e84b6eaa8eae7556fdee1da4e980412ed5279c53d8 0.1s done
#6 sha256:3fbb96894769495f498db1e84b6eaa8eae7556fdee1da4e980412ed5279c53d8 3.27kB / 3.27kB done
#6 sha256:600f715e04bf4f8c156dce1d3fe8a9e138a75cdb86f0b31f94d360a55d5e47fc 9.85kB / 9.85kB done
#6 sha256:fdfb54153de72cf4a3cc0efc63ce86aadbf20ce22441eca2cc9aa395b91e3cf1 0B / 11.11MB 0.1s
#6 ...

#5 [internal] load build context
#5 transferring context: 1.13kB done
#5 DONE 0.5s

#6 [1/7] FROM docker.io/klokantech/tileserver-gl:v2.3.0@sha256:3fbb96894769495f498db1e84b6eaa8eae7556fdee1da4e980412ed5279c53d8
#6 sha256:fdfb54153de72cf4a3cc0efc63ce86aadbf20ce22441eca2cc9aa395b91e3cf1 11.11MB / 11.11MB 0.4s
#6 sha256:3e17c6eae66cd23c59751c8d8f5eaf7044e0611dc5cebb12b1273be07cdac242 4.19MB / 45.13MB 0.4s
#6 sha256:a4ca6e73242a7c306a8175afdd4a7d648b35a5dd19523401e6ebb8f903fa0edc 0B / 4.34MB 0.4s
#6 sha256:3e17c6eae66cd23c59751c8d8f5eaf7044e0611dc5cebb12b1273be07cdac242 13.63MB / 45.13MB 0.5s
#6 sha256:fdfb54153de72cf4a3cc0efc63ce86aadbf20ce22441eca2cc9aa395b91e3cf1 11.11MB / 11.11MB 0.5s done
#6 sha256:3e17c6eae66cd23c59751c8d8f5eaf7044e0611dc5cebb12b1273be07cdac242 20.30MB / 45.13MB 0.6s
#6 sha256:a4ca6e73242a7c306a8175afdd4a7d648b35a5dd19523401e6ebb8f903fa0edc 4.34MB / 4.34MB 0.7s done
#6 sha256:93bd198d0a5f34c083f529767ffc7052e2754810db4a258db1c560ac4c523730 0B / 50.02MB 0.6s
#6 sha256:3e17c6eae66cd23c59751c8d8f5eaf7044e0611dc5cebb12b1273be07cdac242 36.70MB / 45.13MB 0.8s
#6 sha256:93bd198d0a5f34c083f529767ffc7052e2754810db4a258db1c560ac4c523730 4.19MB / 50.02MB 0.8s
#6 sha256:e0e31c1862427cfb8d8a464c7a91b059e914f511a2901cbf26ed269d0154ed6c 0B / 213.07MB 0.8s
#6 sha256:3e17c6eae66cd23c59751c8d8f5eaf7044e0611dc5cebb12b1273be07cdac242 44.04MB / 45.13MB 0.9s
#6 sha256:93bd198d0a5f34c083f529767ffc7052e2754810db4a258db1c560ac4c523730 9.44MB / 50.02MB 0.9s
#6 sha256:93bd198d0a5f34c083f529767ffc7052e2754810db4a258db1c560ac4c523730 17.83MB / 50.02MB 1.0s
#6 sha256:93bd198d0a5f34c083f529767ffc7052e2754810db4a258db1c560ac4c523730 29.36MB / 50.02MB 1.2s
#6 sha256:93bd198d0a5f34c083f529767ffc7052e2754810db4a258db1c560ac4c523730 39.85MB / 50.02MB 1.4s
#6 sha256:e0e31c1862427cfb8d8a464c7a91b059e914f511a2901cbf26ed269d0154ed6c 15.73MB / 213.07MB 1.4s
#6 sha256:93bd198d0a5f34c083f529767ffc7052e2754810db4a258db1c560ac4c523730 48.23MB / 50.02MB 1.6s
#6 sha256:e0e31c1862427cfb8d8a464c7a91b059e914f511a2901cbf26ed269d0154ed6c 28.31MB / 213.07MB 1.6s
#6 sha256:3e17c6eae66cd23c59751c8d8f5eaf7044e0611dc5cebb12b1273be07cdac242 45.13MB / 45.13MB 1.7s done
#6 extracting sha256:3e17c6eae66cd23c59751c8d8f5eaf7044e0611dc5cebb12b1273be07cdac242
#6 sha256:e0e31c1862427cfb8d8a464c7a91b059e914f511a2901cbf26ed269d0154ed6c 41.94MB / 213.07MB 1.8s
#6 sha256:e0e31c1862427cfb8d8a464c7a91b059e914f511a2901cbf26ed269d0154ed6c 55.57MB / 213.07MB 2.0s
#6 sha256:e0e31c1862427cfb8d8a464c7a91b059e914f511a2901cbf26ed269d0154ed6c 67.11MB / 213.07MB 2.2s
#6 sha256:e0e31c1862427cfb8d8a464c7a91b059e914f511a2901cbf26ed269d0154ed6c 78.64MB / 213.07MB 2.4s
#6 sha256:93bd198d0a5f34c083f529767ffc7052e2754810db4a258db1c560ac4c523730 50.02MB / 50.02MB 2.4s done
#6 sha256:e0e31c1862427cfb8d8a464c7a91b059e914f511a2901cbf26ed269d0154ed6c 96.47MB / 213.07MB 2.6s
#6 sha256:e0e31c1862427cfb8d8a464c7a91b059e914f511a2901cbf26ed269d0154ed6c 116.39MB / 213.07MB 2.8s
#6 sha256:e0e31c1862427cfb8d8a464c7a91b059e914f511a2901cbf26ed269d0154ed6c 136.31MB / 213.07MB 3.0s
#6 sha256:c2ea0931335383f8bd0e415840d96888abc8a24539acc09704f61ab9db61f986 0B / 113.58kB 3.1s
#6 sha256:e0e31c1862427cfb8d8a464c7a91b059e914f511a2901cbf26ed269d0154ed6c 156.24MB / 213.07MB 3.2s
#6 sha256:e0e31c1862427cfb8d8a464c7a91b059e914f511a2901cbf26ed269d0154ed6c 174.06MB / 213.07MB 3.4s
#6 sha256:c2ea0931335383f8bd0e415840d96888abc8a24539acc09704f61ab9db61f986 113.58kB / 113.58kB 3.6s done
#6 sha256:e0e31c1862427cfb8d8a464c7a91b059e914f511a2901cbf26ed269d0154ed6c 200.28MB / 213.07MB 3.7s
#6 sha256:a2569e3b80c072af7e7d52b006121b3d4afe7ab2455955948572d9fb92ee1cbb 4.17kB / 4.17kB 3.7s
#6 sha256:ecb7f9b4a6aca31f617bdd03000c55e8a9b52014757c6df48699ebd7c31e2086 0B / 14.43MB 3.7s
#6 sha256:a2569e3b80c072af7e7d52b006121b3d4afe7ab2455955948572d9fb92ee1cbb 4.17kB / 4.17kB 3.7s done
#6 sha256:ecb7f9b4a6aca31f617bdd03000c55e8a9b52014757c6df48699ebd7c31e2086 1.05MB / 14.43MB 3.8s
#6 sha256:926ee460120897abee8ce1a3a18cc93793d0f3221cd91077486d8bd8f67039e1 0B / 1.01MB 3.8s
#6 sha256:e0e31c1862427cfb8d8a464c7a91b059e914f511a2901cbf26ed269d0154ed6c 213.07MB / 213.07MB 3.9s
#6 sha256:ecb7f9b4a6aca31f617bdd03000c55e8a9b52014757c6df48699ebd7c31e2086 7.34MB / 14.43MB 3.9s
#6 sha256:ecb7f9b4a6aca31f617bdd03000c55e8a9b52014757c6df48699ebd7c31e2086 14.43MB / 14.43MB 4.1s
#6 sha256:926ee460120897abee8ce1a3a18cc93793d0f3221cd91077486d8bd8f67039e1 1.01MB / 1.01MB 4.1s
#6 extracting sha256:3e17c6eae66cd23c59751c8d8f5eaf7044e0611dc5cebb12b1273be07cdac242 2.5s done
#6 sha256:e0e31c1862427cfb8d8a464c7a91b059e914f511a2901cbf26ed269d0154ed6c 213.07MB / 213.07MB 7.1s done
#6 sha256:926ee460120897abee8ce1a3a18cc93793d0f3221cd91077486d8bd8f67039e1 1.01MB / 1.01MB 7.1s done
#6 sha256:ecb7f9b4a6aca31f617bdd03000c55e8a9b52014757c6df48699ebd7c31e2086 14.43MB / 14.43MB 7.4s done
#6 sha256:cee74f1524f59c66c1da50256a12b4b87ac8b5256aea78e07513a159b24c656b 0B / 58.34MB 7.5s
#6 extracting sha256:fdfb54153de72cf4a3cc0efc63ce86aadbf20ce22441eca2cc9aa395b91e3cf1 0.1s
#6 sha256:61fd08aa6d623c5bb9fe0dcc713eb649cfd842943221c549f77a362b9b39827e 0B / 125B 7.6s
#6 sha256:cee74f1524f59c66c1da50256a12b4b87ac8b5256aea78e07513a159b24c656b 3.15MB / 58.34MB 7.7s
#6 sha256:cee74f1524f59c66c1da50256a12b4b87ac8b5256aea78e07513a159b24c656b 13.63MB / 58.34MB 7.8s
#6 sha256:61fd08aa6d623c5bb9fe0dcc713eb649cfd842943221c549f77a362b9b39827e 125B / 125B 7.8s
#6 sha256:9c118857f5884e912e5b016073442718e5c8f3d3a5cf1e4771437337a9492183 0B / 93B 7.8s
#6 sha256:cee74f1524f59c66c1da50256a12b4b87ac8b5256aea78e07513a159b24c656b 20.97MB / 58.34MB 7.9s
#6 sha256:61fd08aa6d623c5bb9fe0dcc713eb649cfd842943221c549f77a362b9b39827e 125B / 125B 7.8s done
#6 sha256:9c118857f5884e912e5b016073442718e5c8f3d3a5cf1e4771437337a9492183 93B / 93B 7.9s
#6 sha256:3657159c48351c4bf45a5f1e4be8d3d716e2a0e7f934a321e35b7e2419910772 0B / 1.71MB 7.9s
#6 sha256:cee74f1524f59c66c1da50256a12b4b87ac8b5256aea78e07513a159b24c656b 28.31MB / 58.34MB 8.0s
#6 sha256:9c118857f5884e912e5b016073442718e5c8f3d3a5cf1e4771437337a9492183 93B / 93B 7.9s done
#6 sha256:ca67d11e1b156aacfce973e23d3f6c0e4d9678120e4da142ce54e968f57575b8 0B / 66.77MB 8.0s
#6 sha256:cee74f1524f59c66c1da50256a12b4b87ac8b5256aea78e07513a159b24c656b 40.89MB / 58.34MB 8.2s
#6 extracting sha256:fdfb54153de72cf4a3cc0efc63ce86aadbf20ce22441eca2cc9aa395b91e3cf1 0.5s done
#6 sha256:3657159c48351c4bf45a5f1e4be8d3d716e2a0e7f934a321e35b7e2419910772 1.71MB / 1.71MB 8.1s
#6 sha256:ca67d11e1b156aacfce973e23d3f6c0e4d9678120e4da142ce54e968f57575b8 4.19MB / 66.77MB 8.2s
#6 sha256:cee74f1524f59c66c1da50256a12b4b87ac8b5256aea78e07513a159b24c656b 46.14MB / 58.34MB 8.3s
#6 sha256:3657159c48351c4bf45a5f1e4be8d3d716e2a0e7f934a321e35b7e2419910772 1.71MB / 1.71MB 8.1s done
#6 sha256:ca67d11e1b156aacfce973e23d3f6c0e4d9678120e4da142ce54e968f57575b8 9.44MB / 66.77MB 8.3s
#6 extracting sha256:a4ca6e73242a7c306a8175afdd4a7d648b35a5dd19523401e6ebb8f903fa0edc
#6 sha256:cee74f1524f59c66c1da50256a12b4b87ac8b5256aea78e07513a159b24c656b 52.43MB / 58.34MB 8.4s
#6 sha256:ca67d11e1b156aacfce973e23d3f6c0e4d9678120e4da142ce54e968f57575b8 14.68MB / 66.77MB 8.4s
#6 sha256:cee74f1524f59c66c1da50256a12b4b87ac8b5256aea78e07513a159b24c656b 58.34MB / 58.34MB 8.6s
#6 sha256:ca67d11e1b156aacfce973e23d3f6c0e4d9678120e4da142ce54e968f57575b8 23.07MB / 66.77MB 8.6s
#6 extracting sha256:a4ca6e73242a7c306a8175afdd4a7d648b35a5dd19523401e6ebb8f903fa0edc 0.3s done
#6 sha256:ca67d11e1b156aacfce973e23d3f6c0e4d9678120e4da142ce54e968f57575b8 33.55MB / 66.77MB 8.7s
#6 sha256:ca67d11e1b156aacfce973e23d3f6c0e4d9678120e4da142ce54e968f57575b8 40.89MB / 66.77MB 8.8s
#6 sha256:ca67d11e1b156aacfce973e23d3f6c0e4d9678120e4da142ce54e968f57575b8 58.73MB / 66.77MB 9.0s
#6 sha256:ca67d11e1b156aacfce973e23d3f6c0e4d9678120e4da142ce54e968f57575b8 66.77MB / 66.77MB 9.4s
#6 sha256:cee74f1524f59c66c1da50256a12b4b87ac8b5256aea78e07513a159b24c656b 58.34MB / 58.34MB 9.6s done
#6 sha256:ca67d11e1b156aacfce973e23d3f6c0e4d9678120e4da142ce54e968f57575b8 66.77MB / 66.77MB 10.6s done
#6 extracting sha256:93bd198d0a5f34c083f529767ffc7052e2754810db4a258db1c560ac4c523730 0.1s
#6 extracting sha256:93bd198d0a5f34c083f529767ffc7052e2754810db4a258db1c560ac4c523730 3.2s done
#6 extracting sha256:e0e31c1862427cfb8d8a464c7a91b059e914f511a2901cbf26ed269d0154ed6c
#6 extracting sha256:e0e31c1862427cfb8d8a464c7a91b059e914f511a2901cbf26ed269d0154ed6c 5.6s
#6 extracting sha256:e0e31c1862427cfb8d8a464c7a91b059e914f511a2901cbf26ed269d0154ed6c 10.7s
#6 extracting sha256:e0e31c1862427cfb8d8a464c7a91b059e914f511a2901cbf26ed269d0154ed6c 12.8s done
#6 extracting sha256:a2569e3b80c072af7e7d52b006121b3d4afe7ab2455955948572d9fb92ee1cbb
#6 extracting sha256:a2569e3b80c072af7e7d52b006121b3d4afe7ab2455955948572d9fb92ee1cbb 0.1s done
#6 extracting sha256:c2ea0931335383f8bd0e415840d96888abc8a24539acc09704f61ab9db61f986
#6 extracting sha256:c2ea0931335383f8bd0e415840d96888abc8a24539acc09704f61ab9db61f986 0.1s done
#6 extracting sha256:ecb7f9b4a6aca31f617bdd03000c55e8a9b52014757c6df48699ebd7c31e2086
#6 extracting sha256:ecb7f9b4a6aca31f617bdd03000c55e8a9b52014757c6df48699ebd7c31e2086 1.2s done
#6 extracting sha256:926ee460120897abee8ce1a3a18cc93793d0f3221cd91077486d8bd8f67039e1
#6 extracting sha256:926ee460120897abee8ce1a3a18cc93793d0f3221cd91077486d8bd8f67039e1 0.1s done
#6 extracting sha256:9c118857f5884e912e5b016073442718e5c8f3d3a5cf1e4771437337a9492183
#6 extracting sha256:9c118857f5884e912e5b016073442718e5c8f3d3a5cf1e4771437337a9492183 done
#6 extracting sha256:cee74f1524f59c66c1da50256a12b4b87ac8b5256aea78e07513a159b24c656b
#6 extracting sha256:cee74f1524f59c66c1da50256a12b4b87ac8b5256aea78e07513a159b24c656b 2.7s done
#6 extracting sha256:61fd08aa6d623c5bb9fe0dcc713eb649cfd842943221c549f77a362b9b39827e
#6 extracting sha256:61fd08aa6d623c5bb9fe0dcc713eb649cfd842943221c549f77a362b9b39827e done
#6 extracting sha256:3657159c48351c4bf45a5f1e4be8d3d716e2a0e7f934a321e35b7e2419910772
#6 extracting sha256:3657159c48351c4bf45a5f1e4be8d3d716e2a0e7f934a321e35b7e2419910772 0.1s done
#6 extracting sha256:ca67d11e1b156aacfce973e23d3f6c0e4d9678120e4da142ce54e968f57575b8
#6 extracting sha256:ca67d11e1b156aacfce973e23d3f6c0e4d9678120e4da142ce54e968f57575b8 3.4s done
#6 DONE 44.2s

#7 [2/7] RUN set -x     && rm -rf /var/lib/apt/lists/*     && apt-get update     && apt-get install -y jq curl
#7 0.500 + rm -rf /var/lib/apt/lists/deb.debian.org_debian_dists_stretch-updates_InRelease /var/lib/apt/lists/deb.debian.org_debian_dists_stretch-updates_main_binary-amd64_Packages.lz4 /var/lib/apt/lists/deb.debian.org_debian_dists_stretch_Release /var/lib/apt/lists/deb.debian.org_debian_dists_stretch_Release.gpg /var/lib/apt/lists/deb.debian.org_debian_dists_stretch_main_binary-amd64_Packages.lz4 /var/lib/apt/lists/lock /var/lib/apt/lists/partial /var/lib/apt/lists/security.debian.org_dists_stretch_updates_InRelease /var/lib/apt/lists/security.debian.org_dists_stretch_updates_main_binary-amd64_Packages.lz4
#7 0.502 + apt-get update
#7 0.547 Ign:1 http://security.debian.org stretch/updates InRelease
#7 0.557 Ign:2 http://security.debian.org stretch/updates Release
#7 0.567 Ign:3 http://security.debian.org stretch/updates/main amd64 Packages
#7 0.577 Ign:4 http://security.debian.org stretch/updates/main all Packages
#7 0.587 Ign:3 http://security.debian.org stretch/updates/main amd64 Packages
#7 0.597 Ign:4 http://security.debian.org stretch/updates/main all Packages
#7 0.606 Ign:3 http://security.debian.org stretch/updates/main amd64 Packages
#7 0.616 Ign:4 http://security.debian.org stretch/updates/main all Packages
#7 0.626 Ign:3 http://security.debian.org stretch/updates/main amd64 Packages
#7 0.637 Ign:4 http://security.debian.org stretch/updates/main all Packages
#7 0.646 Ign:3 http://security.debian.org stretch/updates/main amd64 Packages
#7 0.656 Ign:4 http://security.debian.org stretch/updates/main all Packages
#7 0.666 Err:3 http://security.debian.org stretch/updates/main amd64 Packages
#7 0.666   404  Not Found
#7 0.676 Ign:4 http://security.debian.org stretch/updates/main all Packages
#7 0.695 Ign:5 http://deb.debian.org/debian stretch InRelease
#7 1.003 Ign:6 http://deb.debian.org/debian stretch-updates InRelease
#7 1.161 Ign:7 http://deb.debian.org/debian stretch Release
#7 1.319 Ign:8 http://deb.debian.org/debian stretch-updates Release
#7 1.477 Ign:9 http://deb.debian.org/debian stretch/main all Packages
#7 1.635 Ign:10 http://deb.debian.org/debian stretch/main amd64 Packages
#7 1.793 Ign:11 http://deb.debian.org/debian stretch-updates/main all Packages
#7 1.951 Ign:12 http://deb.debian.org/debian stretch-updates/main amd64 Packages
#7 2.109 Ign:9 http://deb.debian.org/debian stretch/main all Packages
#7 2.266 Ign:10 http://deb.debian.org/debian stretch/main amd64 Packages
#7 2.423 Ign:11 http://deb.debian.org/debian stretch-updates/main all Packages
#7 2.581 Ign:12 http://deb.debian.org/debian stretch-updates/main amd64 Packages
#7 2.739 Ign:9 http://deb.debian.org/debian stretch/main all Packages
#7 2.898 Ign:10 http://deb.debian.org/debian stretch/main amd64 Packages
#7 3.055 Ign:11 http://deb.debian.org/debian stretch-updates/main all Packages
#7 3.223 Ign:12 http://deb.debian.org/debian stretch-updates/main amd64 Packages
#7 3.381 Ign:9 http://deb.debian.org/debian stretch/main all Packages
#7 3.539 Ign:10 http://deb.debian.org/debian stretch/main amd64 Packages
#7 3.697 Ign:11 http://deb.debian.org/debian stretch-updates/main all Packages
#7 3.854 Ign:12 http://deb.debian.org/debian stretch-updates/main amd64 Packages
#7 4.011 Ign:9 http://deb.debian.org/debian stretch/main all Packages
#7 4.169 Ign:10 http://deb.debian.org/debian stretch/main amd64 Packages
#7 4.326 Ign:11 http://deb.debian.org/debian stretch-updates/main all Packages
#7 4.484 Ign:12 http://deb.debian.org/debian stretch-updates/main amd64 Packages
#7 4.643 Ign:9 http://deb.debian.org/debian stretch/main all Packages
#7 4.810 Err:10 http://deb.debian.org/debian stretch/main amd64 Packages
#7 4.810   404  Not Found
#7 4.968 Ign:11 http://deb.debian.org/debian stretch-updates/main all Packages
#7 5.125 Err:12 http://deb.debian.org/debian stretch-updates/main amd64 Packages
#7 5.125   404  Not Found
#7 5.129 Reading package lists...
#7 5.144 W: The repository 'http://security.debian.org stretch/updates Release' does not have a Release file.
#7 5.144 W: The repository 'http://deb.debian.org/debian stretch Release' does not have a Release file.
#7 5.144 W: The repository 'http://deb.debian.org/debian stretch-updates Release' does not have a Release file.
#7 5.144 E: Failed to fetch http://security.debian.org/dists/stretch/updates/main/binary-amd64/Packages  404  Not Found
#7 5.144 E: Failed to fetch http://deb.debian.org/debian/dists/stretch/main/binary-amd64/Packages  404  Not Found
#7 5.144 E: Failed to fetch http://deb.debian.org/debian/dists/stretch-updates/main/binary-amd64/Packages  404  Not Found
#7 5.144 E: Some index files failed to download. They have been ignored, or old ones used instead.
#7 ERROR: process "/bin/sh -c set -x     && rm -rf /var/lib/apt/lists/*     && apt-get update     && apt-get install -y jq curl" did not complete successfully: exit code: 100
------
 > [2/7] RUN set -x     && rm -rf /var/lib/apt/lists/*     && apt-get update     && apt-get install -y jq curl:
5.125 Err:12 http://deb.debian.org/debian stretch-updates/main amd64 Packages
5.125   404  Not Found
5.129 Reading package lists...
5.144 W: The repository 'http://security.debian.org stretch/updates Release' does not have a Release file.
5.144 W: The repository 'http://deb.debian.org/debian stretch Release' does not have a Release file.
5.144 W: The repository 'http://deb.debian.org/debian stretch-updates Release' does not have a Release file.
5.144 E: Failed to fetch http://security.debian.org/dists/stretch/updates/main/binary-amd64/Packages  404  Not Found
5.144 E: Failed to fetch http://deb.debian.org/debian/dists/stretch/main/binary-amd64/Packages  404  Not Found
5.144 E: Failed to fetch http://deb.debian.org/debian/dists/stretch-updates/main/binary-amd64/Packages  404  Not Found
5.144 E: Some index files failed to download. They have been ignored, or old ones used instead.
------
Dockerfile:3
--------------------
   2 |     
   3 | >>> RUN set -x \
   4 | >>>     && rm -rf /var/lib/apt/lists/* \
   5 | >>>     && apt-get update \
   6 | >>>     && apt-get install -y jq curl
   7 |     
--------------------
ERROR: failed to solve: process "/bin/sh -c set -x     && rm -rf /var/lib/apt/lists/*     && apt-get update     && apt-get install -y jq curl" did not complete successfully: exit code: 100
Duration: 1:12.20