#0 building with "default" instance using docker driver

#1 [internal] load .dockerignore
#1 transferring context:
#1 transferring context: 2B done
#1 DONE 0.5s

#2 [internal] load build definition from v1_Dockerfile
#2 transferring dockerfile: 826B done
#2 DONE 0.4s

#3 [internal] load metadata for docker.io/library/node:10
#3 DONE 1.0s

#4 [1/7] FROM docker.io/library/node:10@sha256:59531d2835edd5161c8f9512f9e095b1836f7a1fcb0ab73e005ec46047384911
#4 resolve docker.io/library/node:10@sha256:59531d2835edd5161c8f9512f9e095b1836f7a1fcb0ab73e005ec46047384911
#4 resolve docker.io/library/node:10@sha256:59531d2835edd5161c8f9512f9e095b1836f7a1fcb0ab73e005ec46047384911 0.2s done
#4 sha256:59531d2835edd5161c8f9512f9e095b1836f7a1fcb0ab73e005ec46047384911 776B / 776B done
#4 sha256:686e0e859358f28bfe1641e1627549b9cd0ad74f222b953d74209213488c6858 2.21kB / 2.21kB done
#4 sha256:28dca6642db82aaecbed18101d9966f001e8de6691e1a1718c2927c124d81262 7.83kB / 7.83kB done
#4 ...

#5 [internal] load build context
#5 transferring context: 166.16kB 0.0s done
#5 DONE 0.4s

#4 [1/7] FROM docker.io/library/node:10@sha256:59531d2835edd5161c8f9512f9e095b1836f7a1fcb0ab73e005ec46047384911
#4 sha256:76b8ef87096fa726adbe8f073ef69bb5664bac19474c5cce4dd69e08a234903b 0B / 45.38MB 0.1s
#4 sha256:76b8ef87096fa726adbe8f073ef69bb5664bac19474c5cce4dd69e08a234903b 9.44MB / 45.38MB 0.3s
#4 sha256:2e2bafe8a0f40509cc10249087268e66a662e437f10e9598a09abb5687038a57 0B / 11.29MB 0.3s
#4 sha256:b53ce1fd2746e8d2037f1b0b91ddea0cc7411eb3e5949fe10c0320aca8f7392b 0B / 4.34MB 0.3s
#4 sha256:76b8ef87096fa726adbe8f073ef69bb5664bac19474c5cce4dd69e08a234903b 17.83MB / 45.38MB 0.4s
#4 sha256:76b8ef87096fa726adbe8f073ef69bb5664bac19474c5cce4dd69e08a234903b 23.07MB / 45.38MB 0.5s
#4 sha256:2e2bafe8a0f40509cc10249087268e66a662e437f10e9598a09abb5687038a57 4.19MB / 11.29MB 0.5s
#4 sha256:b53ce1fd2746e8d2037f1b0b91ddea0cc7411eb3e5949fe10c0320aca8f7392b 3.15MB / 4.34MB 0.5s
#4 sha256:76b8ef87096fa726adbe8f073ef69bb5664bac19474c5cce4dd69e08a234903b 38.80MB / 45.38MB 0.7s
#4 sha256:2e2bafe8a0f40509cc10249087268e66a662e437f10e9598a09abb5687038a57 7.34MB / 11.29MB 0.7s
#4 sha256:b53ce1fd2746e8d2037f1b0b91ddea0cc7411eb3e5949fe10c0320aca8f7392b 4.34MB / 4.34MB 0.6s done
#4 sha256:84a8c1bd5887cc4a89e1f286fed9ee31ce12dba9f6813cf14082ada3e9ab6f63 0B / 49.79MB 0.7s
#4 sha256:76b8ef87096fa726adbe8f073ef69bb5664bac19474c5cce4dd69e08a234903b 45.38MB / 45.38MB 1.0s
#4 sha256:2e2bafe8a0f40509cc10249087268e66a662e437f10e9598a09abb5687038a57 11.29MB / 11.29MB 1.0s
#4 sha256:84a8c1bd5887cc4a89e1f286fed9ee31ce12dba9f6813cf14082ada3e9ab6f63 23.07MB / 49.79MB 1.0s
#4 sha256:84a8c1bd5887cc4a89e1f286fed9ee31ce12dba9f6813cf14082ada3e9ab6f63 30.41MB / 49.79MB 1.1s
#4 sha256:84a8c1bd5887cc4a89e1f286fed9ee31ce12dba9f6813cf14082ada3e9ab6f63 49.79MB / 49.79MB 1.3s
#4 sha256:76b8ef87096fa726adbe8f073ef69bb5664bac19474c5cce4dd69e08a234903b 45.38MB / 45.38MB 1.5s done
#4 extracting sha256:76b8ef87096fa726adbe8f073ef69bb5664bac19474c5cce4dd69e08a234903b
#4 sha256:2e2bafe8a0f40509cc10249087268e66a662e437f10e9598a09abb5687038a57 11.29MB / 11.29MB 1.7s done
#4 sha256:84a8c1bd5887cc4a89e1f286fed9ee31ce12dba9f6813cf14082ada3e9ab6f63 49.79MB / 49.79MB 2.5s done
#4 sha256:7a803dc0b40fcd10faee3fb3ebb2d7aaa88500520e6295295f5163c4bb48548b 0B / 214.35MB 2.6s
#4 sha256:b800e94e7303e276b8fb4911a40bfe28f46180d997022c69bf1ee02fb7b86721 0B / 4.19kB 2.7s
#4 sha256:0da9fbf60d485c74d153bfc7562f34533550e3dd8aa78f5e8c2476ed500e0e73 0B / 21.42MB 2.7s
#4 sha256:7a803dc0b40fcd10faee3fb3ebb2d7aaa88500520e6295295f5163c4bb48548b 11.53MB / 214.35MB 2.8s
#4 sha256:b800e94e7303e276b8fb4911a40bfe28f46180d997022c69bf1ee02fb7b86721 4.19kB / 4.19kB 2.8s
#4 sha256:0da9fbf60d485c74d153bfc7562f34533550e3dd8aa78f5e8c2476ed500e0e73 2.10MB / 21.42MB 2.8s
#4 sha256:7a803dc0b40fcd10faee3fb3ebb2d7aaa88500520e6295295f5163c4bb48548b 27.26MB / 214.35MB 3.0s
#4 sha256:b800e94e7303e276b8fb4911a40bfe28f46180d997022c69bf1ee02fb7b86721 4.19kB / 4.19kB 2.9s done
#4 sha256:0da9fbf60d485c74d153bfc7562f34533550e3dd8aa78f5e8c2476ed500e0e73 10.49MB / 21.42MB 3.0s
#4 sha256:7a803dc0b40fcd10faee3fb3ebb2d7aaa88500520e6295295f5163c4bb48548b 41.94MB / 214.35MB 3.2s
#4 sha256:0da9fbf60d485c74d153bfc7562f34533550e3dd8aa78f5e8c2476ed500e0e73 18.87MB / 21.42MB 3.2s
#4 sha256:7a803dc0b40fcd10faee3fb3ebb2d7aaa88500520e6295295f5163c4bb48548b 57.67MB / 214.35MB 3.4s
#4 sha256:0da9fbf60d485c74d153bfc7562f34533550e3dd8aa78f5e8c2476ed500e0e73 21.42MB / 21.42MB 3.4s
#4 sha256:7a803dc0b40fcd10faee3fb3ebb2d7aaa88500520e6295295f5163c4bb48548b 87.03MB / 214.35MB 3.7s
#4 sha256:7a803dc0b40fcd10faee3fb3ebb2d7aaa88500520e6295295f5163c4bb48548b 98.57MB / 214.35MB 3.8s
#4 sha256:7a803dc0b40fcd10faee3fb3ebb2d7aaa88500520e6295295f5163c4bb48548b 122.68MB / 214.35MB 4.1s
#4 sha256:7a803dc0b40fcd10faee3fb3ebb2d7aaa88500520e6295295f5163c4bb48548b 144.70MB / 214.35MB 4.3s
#4 sha256:0da9fbf60d485c74d153bfc7562f34533550e3dd8aa78f5e8c2476ed500e0e73 21.42MB / 21.42MB 4.1s done
#4 sha256:04dccde934cf0d6ab9d303fe73b36bc4ed84329d9d562049a69a5d38afb83f14 0B / 2.48MB 4.3s
#4 sha256:73269890f6fdf96184d0fdb0afe3cf697b0c8dbe1e7a077f0fab445d74372c78 0B / 294B 4.3s
#4 sha256:04dccde934cf0d6ab9d303fe73b36bc4ed84329d9d562049a69a5d38afb83f14 2.48MB / 2.48MB 4.4s
#4 sha256:73269890f6fdf96184d0fdb0afe3cf697b0c8dbe1e7a077f0fab445d74372c78 294B / 294B 4.4s
#4 sha256:7a803dc0b40fcd10faee3fb3ebb2d7aaa88500520e6295295f5163c4bb48548b 162.53MB / 214.35MB 4.5s
#4 sha256:04dccde934cf0d6ab9d303fe73b36bc4ed84329d9d562049a69a5d38afb83f14 2.48MB / 2.48MB 4.5s done
#4 sha256:73269890f6fdf96184d0fdb0afe3cf697b0c8dbe1e7a077f0fab445d74372c78 294B / 294B 4.6s done
#4 sha256:7a803dc0b40fcd10faee3fb3ebb2d7aaa88500520e6295295f5163c4bb48548b 175.11MB / 214.35MB 4.7s
#4 sha256:7a803dc0b40fcd10faee3fb3ebb2d7aaa88500520e6295295f5163c4bb48548b 192.94MB / 214.35MB 4.9s
#4 sha256:7a803dc0b40fcd10faee3fb3ebb2d7aaa88500520e6295295f5163c4bb48548b 210.76MB / 214.35MB 5.1s
#4 extracting sha256:76b8ef87096fa726adbe8f073ef69bb5664bac19474c5cce4dd69e08a234903b 3.7s done
#4 sha256:7a803dc0b40fcd10faee3fb3ebb2d7aaa88500520e6295295f5163c4bb48548b 214.35MB / 214.35MB 8.5s done
#4 extracting sha256:2e2bafe8a0f40509cc10249087268e66a662e437f10e9598a09abb5687038a57
#4 extracting sha256:2e2bafe8a0f40509cc10249087268e66a662e437f10e9598a09abb5687038a57 0.6s done
#4 extracting sha256:b53ce1fd2746e8d2037f1b0b91ddea0cc7411eb3e5949fe10c0320aca8f7392b
#4 extracting sha256:b53ce1fd2746e8d2037f1b0b91ddea0cc7411eb3e5949fe10c0320aca8f7392b 0.2s done
#4 extracting sha256:84a8c1bd5887cc4a89e1f286fed9ee31ce12dba9f6813cf14082ada3e9ab6f63
#4 extracting sha256:84a8c1bd5887cc4a89e1f286fed9ee31ce12dba9f6813cf14082ada3e9ab6f63 3.3s done
#4 extracting sha256:7a803dc0b40fcd10faee3fb3ebb2d7aaa88500520e6295295f5163c4bb48548b
#4 extracting sha256:7a803dc0b40fcd10faee3fb3ebb2d7aaa88500520e6295295f5163c4bb48548b 5.1s
#4 extracting sha256:7a803dc0b40fcd10faee3fb3ebb2d7aaa88500520e6295295f5163c4bb48548b 10.2s
#4 extracting sha256:7a803dc0b40fcd10faee3fb3ebb2d7aaa88500520e6295295f5163c4bb48548b 13.6s done
#4 extracting sha256:b800e94e7303e276b8fb4911a40bfe28f46180d997022c69bf1ee02fb7b86721
#4 extracting sha256:b800e94e7303e276b8fb4911a40bfe28f46180d997022c69bf1ee02fb7b86721 0.1s done
#4 extracting sha256:0da9fbf60d485c74d153bfc7562f34533550e3dd8aa78f5e8c2476ed500e0e73
#4 extracting sha256:0da9fbf60d485c74d153bfc7562f34533550e3dd8aa78f5e8c2476ed500e0e73 1.7s done
#4 extracting sha256:04dccde934cf0d6ab9d303fe73b36bc4ed84329d9d562049a69a5d38afb83f14
#4 extracting sha256:04dccde934cf0d6ab9d303fe73b36bc4ed84329d9d562049a69a5d38afb83f14 0.2s done
#4 extracting sha256:73269890f6fdf96184d0fdb0afe3cf697b0c8dbe1e7a077f0fab445d74372c78
#4 extracting sha256:73269890f6fdf96184d0fdb0afe3cf697b0c8dbe1e7a077f0fab445d74372c78 done
#4 DONE 32.2s

#6 [2/7] RUN apt-get update &&     apt-get install -yq gconf-service libasound2 libatk1.0-0 libc6 libcairo2 libcups2 libdbus-1-3     libexpat1 libfontconfig1 libgcc1 libgconf-2-4 libgdk-pixbuf2.0-0 libglib2.0-0 libgtk-3-0 libnspr4     libpango-1.0-0 libpangocairo-1.0-0 libstdc++6 libx11-6 libx11-xcb1 libxcb1 libxcomposite1     libxcursor1 libxdamage1 libxext6 libxfixes3 libxi6 libxrandr2 libxrender1 libxss1 libxtst6     ca-certificates fonts-liberation libappindicator1 libnss3 lsb-release xdg-utils wget --fix-missing
#6 0.540 Ign:1 http://security.debian.org/debian-security stretch/updates InRelease
#6 0.550 Ign:2 http://security.debian.org/debian-security stretch/updates Release
#6 0.561 Ign:3 http://security.debian.org/debian-security stretch/updates/main amd64 Packages
#6 0.571 Ign:4 http://security.debian.org/debian-security stretch/updates/main all Packages
#6 0.583 Ign:3 http://security.debian.org/debian-security stretch/updates/main amd64 Packages
#6 0.594 Ign:4 http://security.debian.org/debian-security stretch/updates/main all Packages
#6 0.604 Ign:3 http://security.debian.org/debian-security stretch/updates/main amd64 Packages
#6 0.615 Ign:4 http://security.debian.org/debian-security stretch/updates/main all Packages
#6 0.625 Ign:3 http://security.debian.org/debian-security stretch/updates/main amd64 Packages
#6 0.636 Ign:4 http://security.debian.org/debian-security stretch/updates/main all Packages
#6 0.646 Ign:3 http://security.debian.org/debian-security stretch/updates/main amd64 Packages
#6 0.656 Ign:4 http://security.debian.org/debian-security stretch/updates/main all Packages
#6 0.667 Err:3 http://security.debian.org/debian-security stretch/updates/main amd64 Packages
#6 0.667   404  Not Found
#6 0.677 Ign:4 http://security.debian.org/debian-security stretch/updates/main all Packages
#6 0.687 Ign:5 http://deb.debian.org/debian stretch InRelease
#6 0.845 Ign:6 http://deb.debian.org/debian stretch-updates InRelease
#6 1.003 Ign:7 http://deb.debian.org/debian stretch Release
#6 1.161 Ign:8 http://deb.debian.org/debian stretch-updates Release
#6 1.172 Ign:9 http://deb.debian.org/debian stretch/main amd64 Packages
#6 1.330 Ign:10 http://deb.debian.org/debian stretch/main all Packages
#6 1.340 Ign:11 http://deb.debian.org/debian stretch-updates/main amd64 Packages
#6 1.497 Ign:12 http://deb.debian.org/debian stretch-updates/main all Packages
#6 1.507 Ign:9 http://deb.debian.org/debian stretch/main amd64 Packages
#6 1.665 Ign:10 http://deb.debian.org/debian stretch/main all Packages
#6 1.675 Ign:11 http://deb.debian.org/debian stretch-updates/main amd64 Packages
#6 1.834 Ign:12 http://deb.debian.org/debian stretch-updates/main all Packages
#6 1.844 Ign:9 http://deb.debian.org/debian stretch/main amd64 Packages
#6 2.002 Ign:10 http://deb.debian.org/debian stretch/main all Packages
#6 2.012 Ign:11 http://deb.debian.org/debian stretch-updates/main amd64 Packages
#6 2.170 Ign:12 http://deb.debian.org/debian stretch-updates/main all Packages
#6 2.180 Ign:9 http://deb.debian.org/debian stretch/main amd64 Packages
#6 2.339 Ign:10 http://deb.debian.org/debian stretch/main all Packages
#6 2.349 Ign:11 http://deb.debian.org/debian stretch-updates/main amd64 Packages
#6 2.507 Ign:12 http://deb.debian.org/debian stretch-updates/main all Packages
#6 2.517 Ign:9 http://deb.debian.org/debian stretch/main amd64 Packages
#6 2.674 Ign:10 http://deb.debian.org/debian stretch/main all Packages
#6 2.684 Ign:11 http://deb.debian.org/debian stretch-updates/main amd64 Packages
#6 2.842 Ign:12 http://deb.debian.org/debian stretch-updates/main all Packages
#6 2.852 Err:9 http://deb.debian.org/debian stretch/main amd64 Packages
#6 2.852   404  Not Found
#6 3.020 Ign:10 http://deb.debian.org/debian stretch/main all Packages
#6 3.030 Err:11 http://deb.debian.org/debian stretch-updates/main amd64 Packages
#6 3.030   404  Not Found
#6 3.040 Ign:12 http://deb.debian.org/debian stretch-updates/main all Packages
#6 3.044 Reading package lists...
#6 3.057 W: The repository 'http://security.debian.org/debian-security stretch/updates Release' does not have a Release file.
#6 3.057 W: The repository 'http://deb.debian.org/debian stretch Release' does not have a Release file.
#6 3.057 W: The repository 'http://deb.debian.org/debian stretch-updates Release' does not have a Release file.
#6 3.057 E: Failed to fetch http://security.debian.org/debian-security/dists/stretch/updates/main/binary-amd64/Packages  404  Not Found
#6 3.057 E: Failed to fetch http://deb.debian.org/debian/dists/stretch/main/binary-amd64/Packages  404  Not Found
#6 3.057 E: Failed to fetch http://deb.debian.org/debian/dists/stretch-updates/main/binary-amd64/Packages  404  Not Found
#6 3.057 E: Some index files failed to download. They have been ignored, or old ones used instead.
#6 ERROR: process "/bin/sh -c apt-get update &&     apt-get install -yq gconf-service libasound2 libatk1.0-0 libc6 libcairo2 libcups2 libdbus-1-3     libexpat1 libfontconfig1 libgcc1 libgconf-2-4 libgdk-pixbuf2.0-0 libglib2.0-0 libgtk-3-0 libnspr4     libpango-1.0-0 libpangocairo-1.0-0 libstdc++6 libx11-6 libx11-xcb1 libxcb1 libxcomposite1     libxcursor1 libxdamage1 libxext6 libxfixes3 libxi6 libxrandr2 libxrender1 libxss1 libxtst6     ca-certificates fonts-liberation libappindicator1 libnss3 lsb-release xdg-utils wget --fix-missing" did not complete successfully: exit code: 100
------
 > [2/7] RUN apt-get update &&     apt-get install -yq gconf-service libasound2 libatk1.0-0 libc6 libcairo2 libcups2 libdbus-1-3     libexpat1 libfontconfig1 libgcc1 libgconf-2-4 libgdk-pixbuf2.0-0 libglib2.0-0 libgtk-3-0 libnspr4     libpango-1.0-0 libpangocairo-1.0-0 libstdc++6 libx11-6 libx11-xcb1 libxcb1 libxcomposite1     libxcursor1 libxdamage1 libxext6 libxfixes3 libxi6 libxrandr2 libxrender1 libxss1 libxtst6     ca-certificates fonts-liberation libappindicator1 libnss3 lsb-release xdg-utils wget --fix-missing:
3.030   404  Not Found
3.040 Ign:12 http://deb.debian.org/debian stretch-updates/main all Packages
3.044 Reading package lists...
3.057 W: The repository 'http://security.debian.org/debian-security stretch/updates Release' does not have a Release file.
3.057 W: The repository 'http://deb.debian.org/debian stretch Release' does not have a Release file.
3.057 W: The repository 'http://deb.debian.org/debian stretch-updates Release' does not have a Release file.
3.057 E: Failed to fetch http://security.debian.org/debian-security/dists/stretch/updates/main/binary-amd64/Packages  404  Not Found
3.057 E: Failed to fetch http://deb.debian.org/debian/dists/stretch/main/binary-amd64/Packages  404  Not Found
3.057 E: Failed to fetch http://deb.debian.org/debian/dists/stretch-updates/main/binary-amd64/Packages  404  Not Found
3.057 E: Some index files failed to download. They have been ignored, or old ones used instead.
------
v1_Dockerfile:4
--------------------
   3 |     # Adds required libs
   4 | >>> RUN apt-get update && \
   5 | >>>     apt-get install -yq gconf-service libasound2 libatk1.0-0 libc6 libcairo2 libcups2 libdbus-1-3 \
   6 | >>>     libexpat1 libfontconfig1 libgcc1 libgconf-2-4 libgdk-pixbuf2.0-0 libglib2.0-0 libgtk-3-0 libnspr4 \
   7 | >>>     libpango-1.0-0 libpangocairo-1.0-0 libstdc++6 libx11-6 libx11-xcb1 libxcb1 libxcomposite1 \
   8 | >>>     libxcursor1 libxdamage1 libxext6 libxfixes3 libxi6 libxrandr2 libxrender1 libxss1 libxtst6 \
   9 | >>>     ca-certificates fonts-liberation libappindicator1 libnss3 lsb-release xdg-utils wget --fix-missing
  10 |     
--------------------
ERROR: failed to solve: process "/bin/sh -c apt-get update &&     apt-get install -yq gconf-service libasound2 libatk1.0-0 libc6 libcairo2 libcups2 libdbus-1-3     libexpat1 libfontconfig1 libgcc1 libgconf-2-4 libgdk-pixbuf2.0-0 libglib2.0-0 libgtk-3-0 libnspr4     libpango-1.0-0 libpangocairo-1.0-0 libstdc++6 libx11-6 libx11-xcb1 libxcb1 libxcomposite1     libxcursor1 libxdamage1 libxext6 libxfixes3 libxi6 libxrandr2 libxrender1 libxss1 libxtst6     ca-certificates fonts-liberation libappindicator1 libnss3 lsb-release xdg-utils wget --fix-missing" did not complete successfully: exit code: 100
Duration: 1:0.74