#0 building with "default" instance using docker driver

#1 [internal] load build definition from v1_Dockerfile
#1 transferring dockerfile: 806B done
#1 DONE 0.0s

#2 [internal] load metadata for docker.io/library/erlang:18.3.4
#2 ...

#3 [auth] library/erlang:pull token for registry-1.docker.io
#3 DONE 0.0s

#2 [internal] load metadata for docker.io/library/erlang:18.3.4
#2 DONE 1.0s

#4 [internal] load .dockerignore
#4 transferring context: 2B done
#4 DONE 0.0s

#5 [internal] load build context
#5 transferring context: 22.14kB done
#5 DONE 0.0s

#6 [1/9] FROM docker.io/library/erlang:18.3.4@sha256:ba863dbd07cf97be1e3cfbd196112a10192144500bb2e43ac4e71d90db081aef
#6 resolve docker.io/library/erlang:18.3.4@sha256:ba863dbd07cf97be1e3cfbd196112a10192144500bb2e43ac4e71d90db081aef 0.0s done
#6 sha256:e6cf50aa0a4b80b39d1bf4be232d404da0b1ad38cdd3bb1a017b727947b5f4bb 0B / 4.34MB 0.2s
#6 sha256:8372a04f222be82bf67eb0010a59644b1e52f1246b3da9034edaa98f3d591cae 1.05MB / 45.43MB 0.2s
#6 sha256:a1728fee80d376293a9ef5fdcc0acd3f6398fc4159b12064ce4c1e66f67e7e9d 0B / 11.30MB 0.2s
#6 sha256:45d724a99587fe02ea05480b02935ae2d0015f3402008238a3e1599929f8fa44 7.99kB / 7.99kB done
#6 sha256:ba863dbd07cf97be1e3cfbd196112a10192144500bb2e43ac4e71d90db081aef 988B / 988B done
#6 sha256:ba5eee3c33c4b86ed9484fa6cc8853a047822afd0b7c4f7a1a54a08f3f2abbcb 2.01kB / 2.01kB done
#6 sha256:e6cf50aa0a4b80b39d1bf4be232d404da0b1ad38cdd3bb1a017b727947b5f4bb 2.10MB / 4.34MB 0.4s
#6 sha256:8372a04f222be82bf67eb0010a59644b1e52f1246b3da9034edaa98f3d591cae 12.58MB / 45.43MB 0.4s
#6 sha256:a1728fee80d376293a9ef5fdcc0acd3f6398fc4159b12064ce4c1e66f67e7e9d 4.19MB / 11.30MB 0.4s
#6 sha256:e6cf50aa0a4b80b39d1bf4be232d404da0b1ad38cdd3bb1a017b727947b5f4bb 4.34MB / 4.34MB 0.4s done
#6 sha256:8372a04f222be82bf67eb0010a59644b1e52f1246b3da9034edaa98f3d591cae 17.83MB / 45.43MB 0.5s
#6 sha256:a1728fee80d376293a9ef5fdcc0acd3f6398fc4159b12064ce4c1e66f67e7e9d 8.39MB / 11.30MB 0.5s
#6 sha256:f576518faec8cbe1e4fdcc36cb9870736c6a0889e0c7db2bde641503f37b6d19 0B / 49.77MB 0.5s
#6 sha256:8372a04f222be82bf67eb0010a59644b1e52f1246b3da9034edaa98f3d591cae 29.36MB / 45.43MB 0.7s
#6 sha256:a1728fee80d376293a9ef5fdcc0acd3f6398fc4159b12064ce4c1e66f67e7e9d 11.30MB / 11.30MB 0.6s done
#6 sha256:f576518faec8cbe1e4fdcc36cb9870736c6a0889e0c7db2bde641503f37b6d19 5.24MB / 49.77MB 0.7s
#6 sha256:c64b5c196fadb13c3034f714e7570ec624d247244a4b4eea48a626c12fa71ae2 0B / 214.49MB 0.7s
#6 sha256:8372a04f222be82bf67eb0010a59644b1e52f1246b3da9034edaa98f3d591cae 32.51MB / 45.43MB 0.8s
#6 sha256:f576518faec8cbe1e4fdcc36cb9870736c6a0889e0c7db2bde641503f37b6d19 10.49MB / 49.77MB 0.8s
#6 sha256:8372a04f222be82bf67eb0010a59644b1e52f1246b3da9034edaa98f3d591cae 38.80MB / 45.43MB 1.0s
#6 sha256:f576518faec8cbe1e4fdcc36cb9870736c6a0889e0c7db2bde641503f37b6d19 19.92MB / 49.77MB 1.0s
#6 sha256:c64b5c196fadb13c3034f714e7570ec624d247244a4b4eea48a626c12fa71ae2 11.53MB / 214.49MB 1.0s
#6 sha256:8372a04f222be82bf67eb0010a59644b1e52f1246b3da9034edaa98f3d591cae 45.43MB / 45.43MB 1.2s
#6 sha256:f576518faec8cbe1e4fdcc36cb9870736c6a0889e0c7db2bde641503f37b6d19 29.36MB / 49.77MB 1.2s
#6 sha256:f576518faec8cbe1e4fdcc36cb9870736c6a0889e0c7db2bde641503f37b6d19 35.65MB / 49.77MB 1.3s
#6 sha256:c64b5c196fadb13c3034f714e7570ec624d247244a4b4eea48a626c12fa71ae2 25.17MB / 214.49MB 1.3s
#6 extracting sha256:8372a04f222be82bf67eb0010a59644b1e52f1246b3da9034edaa98f3d591cae
#6 sha256:8372a04f222be82bf67eb0010a59644b1e52f1246b3da9034edaa98f3d591cae 45.43MB / 45.43MB 1.3s done
#6 sha256:f576518faec8cbe1e4fdcc36cb9870736c6a0889e0c7db2bde641503f37b6d19 42.99MB / 49.77MB 1.4s
#6 sha256:a4a9e8e2a0a23a7cdcbef09141c2edd694cc87fbf2ce11b310f562de729f6786 0B / 142.94MB 1.4s
#6 sha256:f576518faec8cbe1e4fdcc36cb9870736c6a0889e0c7db2bde641503f37b6d19 47.19MB / 49.77MB 1.5s
#6 sha256:f576518faec8cbe1e4fdcc36cb9870736c6a0889e0c7db2bde641503f37b6d19 49.77MB / 49.77MB 1.6s
#6 sha256:c64b5c196fadb13c3034f714e7570ec624d247244a4b4eea48a626c12fa71ae2 37.75MB / 214.49MB 1.6s
#6 sha256:f576518faec8cbe1e4fdcc36cb9870736c6a0889e0c7db2bde641503f37b6d19 49.77MB / 49.77MB 1.6s done
#6 sha256:a4a9e8e2a0a23a7cdcbef09141c2edd694cc87fbf2ce11b310f562de729f6786 9.44MB / 142.94MB 1.7s
#6 sha256:9d86bbe292d61b1b491fd5b020bec5e207ebe0f86f5eb224281a8d958361df07 0B / 200.37kB 1.7s
#6 sha256:c64b5c196fadb13c3034f714e7570ec624d247244a4b4eea48a626c12fa71ae2 55.57MB / 214.49MB 1.9s
#6 sha256:a4a9e8e2a0a23a7cdcbef09141c2edd694cc87fbf2ce11b310f562de729f6786 16.78MB / 142.94MB 1.9s
#6 sha256:9d86bbe292d61b1b491fd5b020bec5e207ebe0f86f5eb224281a8d958361df07 200.37kB / 200.37kB 1.8s done
#6 sha256:22b9c837545c4a3f1e126cfd4744caa5c52ce68237da815963d22d6fd6ad6940 951.91kB / 951.91kB 1.9s
#6 sha256:22b9c837545c4a3f1e126cfd4744caa5c52ce68237da815963d22d6fd6ad6940 951.91kB / 951.91kB 1.9s done
#6 sha256:c64b5c196fadb13c3034f714e7570ec624d247244a4b4eea48a626c12fa71ae2 69.21MB / 214.49MB 2.1s
#6 sha256:a4a9e8e2a0a23a7cdcbef09141c2edd694cc87fbf2ce11b310f562de729f6786 25.17MB / 142.94MB 2.1s
#6 sha256:a4a9e8e2a0a23a7cdcbef09141c2edd694cc87fbf2ce11b310f562de729f6786 36.70MB / 142.94MB 2.3s
#6 sha256:c64b5c196fadb13c3034f714e7570ec624d247244a4b4eea48a626c12fa71ae2 90.18MB / 214.49MB 2.5s
#6 sha256:a4a9e8e2a0a23a7cdcbef09141c2edd694cc87fbf2ce11b310f562de729f6786 48.23MB / 142.94MB 2.5s
#6 sha256:c64b5c196fadb13c3034f714e7570ec624d247244a4b4eea48a626c12fa71ae2 101.71MB / 214.49MB 2.7s
#6 sha256:a4a9e8e2a0a23a7cdcbef09141c2edd694cc87fbf2ce11b310f562de729f6786 58.72MB / 142.94MB 2.7s
#6 sha256:a4a9e8e2a0a23a7cdcbef09141c2edd694cc87fbf2ce11b310f562de729f6786 71.30MB / 142.94MB 2.9s
#6 sha256:c64b5c196fadb13c3034f714e7570ec624d247244a4b4eea48a626c12fa71ae2 117.44MB / 214.49MB 3.0s
#6 sha256:a4a9e8e2a0a23a7cdcbef09141c2edd694cc87fbf2ce11b310f562de729f6786 80.74MB / 142.94MB 3.1s
#6 sha256:c64b5c196fadb13c3034f714e7570ec624d247244a4b4eea48a626c12fa71ae2 134.22MB / 214.49MB 3.3s
#6 sha256:a4a9e8e2a0a23a7cdcbef09141c2edd694cc87fbf2ce11b310f562de729f6786 92.27MB / 142.94MB 3.3s
#6 sha256:a4a9e8e2a0a23a7cdcbef09141c2edd694cc87fbf2ce11b310f562de729f6786 102.76MB / 142.94MB 3.5s
#6 sha256:c64b5c196fadb13c3034f714e7570ec624d247244a4b4eea48a626c12fa71ae2 155.19MB / 214.49MB 3.7s
#6 sha256:a4a9e8e2a0a23a7cdcbef09141c2edd694cc87fbf2ce11b310f562de729f6786 113.25MB / 142.94MB 3.7s
#6 sha256:c64b5c196fadb13c3034f714e7570ec624d247244a4b4eea48a626c12fa71ae2 166.72MB / 214.49MB 3.9s
#6 sha256:a4a9e8e2a0a23a7cdcbef09141c2edd694cc87fbf2ce11b310f562de729f6786 122.68MB / 142.94MB 3.9s
#6 sha256:a4a9e8e2a0a23a7cdcbef09141c2edd694cc87fbf2ce11b310f562de729f6786 134.22MB / 142.94MB 4.1s
#6 sha256:c64b5c196fadb13c3034f714e7570ec624d247244a4b4eea48a626c12fa71ae2 181.40MB / 214.49MB 4.2s
#6 extracting sha256:8372a04f222be82bf67eb0010a59644b1e52f1246b3da9034edaa98f3d591cae 2.9s done
#6 sha256:a4a9e8e2a0a23a7cdcbef09141c2edd694cc87fbf2ce11b310f562de729f6786 142.94MB / 142.94MB 4.3s
#6 sha256:c64b5c196fadb13c3034f714e7570ec624d247244a4b4eea48a626c12fa71ae2 204.47MB / 214.49MB 4.5s
#6 sha256:a4a9e8e2a0a23a7cdcbef09141c2edd694cc87fbf2ce11b310f562de729f6786 142.94MB / 142.94MB 4.6s done
#6 extracting sha256:a1728fee80d376293a9ef5fdcc0acd3f6398fc4159b12064ce4c1e66f67e7e9d 0.1s
#6 extracting sha256:a1728fee80d376293a9ef5fdcc0acd3f6398fc4159b12064ce4c1e66f67e7e9d 0.5s done
#6 extracting sha256:e6cf50aa0a4b80b39d1bf4be232d404da0b1ad38cdd3bb1a017b727947b5f4bb
#6 extracting sha256:e6cf50aa0a4b80b39d1bf4be232d404da0b1ad38cdd3bb1a017b727947b5f4bb 0.2s done
#6 extracting sha256:f576518faec8cbe1e4fdcc36cb9870736c6a0889e0c7db2bde641503f37b6d19
#6 sha256:c64b5c196fadb13c3034f714e7570ec624d247244a4b4eea48a626c12fa71ae2 214.49MB / 214.49MB 6.0s done
#6 extracting sha256:f576518faec8cbe1e4fdcc36cb9870736c6a0889e0c7db2bde641503f37b6d19 2.8s done
#6 extracting sha256:c64b5c196fadb13c3034f714e7570ec624d247244a4b4eea48a626c12fa71ae2
#6 extracting sha256:c64b5c196fadb13c3034f714e7570ec624d247244a4b4eea48a626c12fa71ae2 5.1s
#6 extracting sha256:c64b5c196fadb13c3034f714e7570ec624d247244a4b4eea48a626c12fa71ae2 9.8s done
#6 extracting sha256:a4a9e8e2a0a23a7cdcbef09141c2edd694cc87fbf2ce11b310f562de729f6786
#6 extracting sha256:a4a9e8e2a0a23a7cdcbef09141c2edd694cc87fbf2ce11b310f562de729f6786 3.7s done
#6 extracting sha256:9d86bbe292d61b1b491fd5b020bec5e207ebe0f86f5eb224281a8d958361df07
#6 extracting sha256:9d86bbe292d61b1b491fd5b020bec5e207ebe0f86f5eb224281a8d958361df07 done
#6 extracting sha256:22b9c837545c4a3f1e126cfd4744caa5c52ce68237da815963d22d6fd6ad6940 0.0s done
#6 DONE 23.1s

#7 [2/9] RUN apt-get update &&     apt-get install -y --no-install-recommends --assume-yes inotify-tools &&     apt-get clean &&     rm -rf /var/lib/apt/lists/* /tmp/* /var/tmp/*
#7 0.211 Ign:1 http://security.debian.org/debian-security stretch/updates InRelease
#7 0.211 Ign:2 http://deb.debian.org/debian stretch InRelease
#7 0.221 Ign:3 http://security.debian.org/debian-security stretch/updates Release
#7 0.224 Ign:4 http://deb.debian.org/debian stretch-updates InRelease
#7 0.232 Ign:5 http://security.debian.org/debian-security stretch/updates/main all Packages
#7 0.237 Ign:6 http://deb.debian.org/debian stretch Release
#7 0.246 Ign:7 http://security.debian.org/debian-security stretch/updates/main amd64 Packages
#7 0.249 Ign:8 http://deb.debian.org/debian stretch-updates Release
#7 0.256 Ign:5 http://security.debian.org/debian-security stretch/updates/main all Packages
#7 0.262 Ign:9 http://deb.debian.org/debian stretch/main amd64 Packages
#7 0.266 Ign:7 http://security.debian.org/debian-security stretch/updates/main amd64 Packages
#7 0.274 Ign:10 http://deb.debian.org/debian stretch/main all Packages
#7 0.278 Ign:5 http://security.debian.org/debian-security stretch/updates/main all Packages
#7 0.286 Ign:11 http://deb.debian.org/debian stretch-updates/main amd64 Packages
#7 0.289 Ign:7 http://security.debian.org/debian-security stretch/updates/main amd64 Packages
#7 0.300 Ign:5 http://security.debian.org/debian-security stretch/updates/main all Packages
#7 0.311 Ign:7 http://security.debian.org/debian-security stretch/updates/main amd64 Packages
#7 0.322 Ign:5 http://security.debian.org/debian-security stretch/updates/main all Packages
#7 0.333 Ign:7 http://security.debian.org/debian-security stretch/updates/main amd64 Packages
#7 0.344 Ign:5 http://security.debian.org/debian-security stretch/updates/main all Packages
#7 0.355 Err:7 http://security.debian.org/debian-security stretch/updates/main amd64 Packages
#7 0.355   404  Not Found
#7 0.437 Ign:12 http://deb.debian.org/debian stretch-updates/main all Packages
#7 0.449 Ign:9 http://deb.debian.org/debian stretch/main amd64 Packages
#7 0.461 Ign:10 http://deb.debian.org/debian stretch/main all Packages
#7 0.472 Ign:11 http://deb.debian.org/debian stretch-updates/main amd64 Packages
#7 0.484 Ign:12 http://deb.debian.org/debian stretch-updates/main all Packages
#7 0.497 Ign:9 http://deb.debian.org/debian stretch/main amd64 Packages
#7 0.509 Ign:10 http://deb.debian.org/debian stretch/main all Packages
#7 0.520 Ign:11 http://deb.debian.org/debian stretch-updates/main amd64 Packages
#7 0.533 Ign:12 http://deb.debian.org/debian stretch-updates/main all Packages
#7 0.545 Ign:9 http://deb.debian.org/debian stretch/main amd64 Packages
#7 0.557 Ign:10 http://deb.debian.org/debian stretch/main all Packages
#7 0.570 Ign:11 http://deb.debian.org/debian stretch-updates/main amd64 Packages
#7 0.582 Ign:12 http://deb.debian.org/debian stretch-updates/main all Packages
#7 0.595 Ign:9 http://deb.debian.org/debian stretch/main amd64 Packages
#7 0.608 Ign:10 http://deb.debian.org/debian stretch/main all Packages
#7 0.621 Ign:11 http://deb.debian.org/debian stretch-updates/main amd64 Packages
#7 0.633 Ign:12 http://deb.debian.org/debian stretch-updates/main all Packages
#7 0.645 Err:9 http://deb.debian.org/debian stretch/main amd64 Packages
#7 0.645   404  Not Found
#7 0.669 Ign:10 http://deb.debian.org/debian stretch/main all Packages
#7 0.680 Err:11 http://deb.debian.org/debian stretch-updates/main amd64 Packages
#7 0.680   404  Not Found
#7 0.692 Ign:12 http://deb.debian.org/debian stretch-updates/main all Packages
#7 0.697 Reading package lists...
#7 0.709 W: The repository 'http://security.debian.org/debian-security stretch/updates Release' does not have a Release file.
#7 0.709 W: The repository 'http://deb.debian.org/debian stretch Release' does not have a Release file.
#7 0.709 W: The repository 'http://deb.debian.org/debian stretch-updates Release' does not have a Release file.
#7 0.709 E: Failed to fetch http://security.debian.org/debian-security/dists/stretch/updates/main/binary-amd64/Packages  404  Not Found
#7 0.709 E: Failed to fetch http://deb.debian.org/debian/dists/stretch/main/binary-amd64/Packages  404  Not Found
#7 0.709 E: Failed to fetch http://deb.debian.org/debian/dists/stretch-updates/main/binary-amd64/Packages  404  Not Found
#7 0.709 E: Some index files failed to download. They have been ignored, or old ones used instead.
#7 ERROR: process "/bin/sh -c apt-get update &&     apt-get install -y --no-install-recommends --assume-yes inotify-tools &&     apt-get clean &&     rm -rf /var/lib/apt/lists/* /tmp/* /var/tmp/*" did not complete successfully: exit code: 100
------
 > [2/9] RUN apt-get update &&     apt-get install -y --no-install-recommends --assume-yes inotify-tools &&     apt-get clean &&     rm -rf /var/lib/apt/lists/* /tmp/* /var/tmp/*:
0.680   404  Not Found
0.692 Ign:12 http://deb.debian.org/debian stretch-updates/main all Packages
0.697 Reading package lists...
0.709 W: The repository 'http://security.debian.org/debian-security stretch/updates Release' does not have a Release file.
0.709 W: The repository 'http://deb.debian.org/debian stretch Release' does not have a Release file.
0.709 W: The repository 'http://deb.debian.org/debian stretch-updates Release' does not have a Release file.
0.709 E: Failed to fetch http://security.debian.org/debian-security/dists/stretch/updates/main/binary-amd64/Packages  404  Not Found
0.709 E: Failed to fetch http://deb.debian.org/debian/dists/stretch/main/binary-amd64/Packages  404  Not Found
0.709 E: Failed to fetch http://deb.debian.org/debian/dists/stretch-updates/main/binary-amd64/Packages  404  Not Found
0.709 E: Some index files failed to download. They have been ignored, or old ones used instead.
------
v1_Dockerfile:2
--------------------
   1 |     FROM erlang:18.3.4
   2 | >>> RUN apt-get update && \
   3 | >>>     apt-get install -y --no-install-recommends --assume-yes inotify-tools && \
   4 | >>>     apt-get clean && \
   5 | >>>     rm -rf /var/lib/apt/lists/* /tmp/* /var/tmp/*
   6 |     RUN cd /usr/local/lib/erlang/lib && \
--------------------
ERROR: failed to solve: process "/bin/sh -c apt-get update &&     apt-get install -y --no-install-recommends --assume-yes inotify-tools &&     apt-get clean &&     rm -rf /var/lib/apt/lists/* /tmp/* /var/tmp/*" did not complete successfully: exit code: 100
Duration: 0:33.20