#0 building with "default" instance using docker driver

#1 [internal] load build definition from v2_Dockerfile
#1 transferring dockerfile:
#1 ...

#2 [internal] load .dockerignore
#2 transferring context: 2B done
#2 DONE 0.4s

#1 [internal] load build definition from v2_Dockerfile
#1 transferring dockerfile: 1.20kB done
#1 DONE 0.5s

#3 [internal] load metadata for docker.io/library/ruby:2.6.4-stretch
#3 DONE 1.1s

#4 [internal] load build context
#4 DONE 0.0s

#5 [ 1/14] FROM docker.io/library/ruby:2.6.4-stretch@sha256:9a658e68603971b3d64e600c16139ceef9bc540c68ff15692826cc78323681d7
#5 resolve docker.io/library/ruby:2.6.4-stretch@sha256:9a658e68603971b3d64e600c16139ceef9bc540c68ff15692826cc78323681d7 0.1s done
#5 sha256:9a658e68603971b3d64e600c16139ceef9bc540c68ff15692826cc78323681d7 1.65kB / 1.65kB done
#5 sha256:8503464682051f47f48483f67ee4d4a853ca21858aeacbeb7f571b2be81616be 2.00kB / 2.00kB done
#5 sha256:f1bfdfd6539ce3d6a35ad529201aeb3af8cff77130cb37a0ade316669c6b5948 7.32kB / 7.32kB done
#5 sha256:092586df92068bd6b59c497f379e48302aa1b27cf76b2de64d262ba7bc19e47b 0B / 45.38MB 0.2s
#5 ...

#4 [internal] load build context
#4 transferring context: 13.70kB done
#4 DONE 0.4s

#5 [ 1/14] FROM docker.io/library/ruby:2.6.4-stretch@sha256:9a658e68603971b3d64e600c16139ceef9bc540c68ff15692826cc78323681d7
#5 sha256:4530c6472b5d2a08201c9cd65f43a788e526eb4fe498a4fbe5e4d5688535cd21 0B / 4.34MB 0.3s
#5 sha256:092586df92068bd6b59c497f379e48302aa1b27cf76b2de64d262ba7bc19e47b 7.34MB / 45.38MB 0.4s
#5 sha256:ef599477fae0e7485cae7d038240cda6358b3af22c7eb4ea502c60771b68dcae 0B / 10.79MB 0.4s
#5 sha256:092586df92068bd6b59c497f379e48302aa1b27cf76b2de64d262ba7bc19e47b 11.53MB / 45.38MB 0.5s
#5 sha256:4530c6472b5d2a08201c9cd65f43a788e526eb4fe498a4fbe5e4d5688535cd21 1.05MB / 4.34MB 0.5s
#5 sha256:ef599477fae0e7485cae7d038240cda6358b3af22c7eb4ea502c60771b68dcae 1.05MB / 10.79MB 0.5s
#5 sha256:092586df92068bd6b59c497f379e48302aa1b27cf76b2de64d262ba7bc19e47b 17.83MB / 45.38MB 0.7s
#5 sha256:4530c6472b5d2a08201c9cd65f43a788e526eb4fe498a4fbe5e4d5688535cd21 4.34MB / 4.34MB 0.7s
#5 sha256:ef599477fae0e7485cae7d038240cda6358b3af22c7eb4ea502c60771b68dcae 10.79MB / 10.79MB 0.7s
#5 sha256:092586df92068bd6b59c497f379e48302aa1b27cf76b2de64d262ba7bc19e47b 29.36MB / 45.38MB 0.9s
#5 sha256:4530c6472b5d2a08201c9cd65f43a788e526eb4fe498a4fbe5e4d5688535cd21 4.34MB / 4.34MB 0.7s done
#5 sha256:092586df92068bd6b59c497f379e48302aa1b27cf76b2de64d262ba7bc19e47b 39.85MB / 45.38MB 1.1s
#5 sha256:ef599477fae0e7485cae7d038240cda6358b3af22c7eb4ea502c60771b68dcae 10.79MB / 10.79MB 0.9s done
#5 sha256:d34d61487075d127bf6dd2906ea3abc50e0a3cd9aa2f230fc41b253b153a17ee 0B / 50.07MB 1.1s
#5 sha256:87fc2710b63fcf6c0a5c876b1b37773d9e949cb4d66eeb06889ef84f7b5a5a93 0B / 214.83MB 1.1s
#5 sha256:092586df92068bd6b59c497f379e48302aa1b27cf76b2de64d262ba7bc19e47b 45.38MB / 45.38MB 1.2s
#5 sha256:d34d61487075d127bf6dd2906ea3abc50e0a3cd9aa2f230fc41b253b153a17ee 5.24MB / 50.07MB 1.2s
#5 sha256:d34d61487075d127bf6dd2906ea3abc50e0a3cd9aa2f230fc41b253b153a17ee 11.53MB / 50.07MB 1.4s
#5 sha256:d34d61487075d127bf6dd2906ea3abc50e0a3cd9aa2f230fc41b253b153a17ee 15.73MB / 50.07MB 1.5s
#5 sha256:87fc2710b63fcf6c0a5c876b1b37773d9e949cb4d66eeb06889ef84f7b5a5a93 16.78MB / 214.83MB 1.5s
#5 sha256:d34d61487075d127bf6dd2906ea3abc50e0a3cd9aa2f230fc41b253b153a17ee 20.97MB / 50.07MB 1.6s
#5 sha256:d34d61487075d127bf6dd2906ea3abc50e0a3cd9aa2f230fc41b253b153a17ee 33.55MB / 50.07MB 1.8s
#5 sha256:87fc2710b63fcf6c0a5c876b1b37773d9e949cb4d66eeb06889ef84f7b5a5a93 29.36MB / 214.83MB 1.8s
#5 sha256:092586df92068bd6b59c497f379e48302aa1b27cf76b2de64d262ba7bc19e47b 45.38MB / 45.38MB 2.0s done
#5 sha256:d34d61487075d127bf6dd2906ea3abc50e0a3cd9aa2f230fc41b253b153a17ee 44.04MB / 50.07MB 2.0s
#5 sha256:d34d61487075d127bf6dd2906ea3abc50e0a3cd9aa2f230fc41b253b153a17ee 50.07MB / 50.07MB 2.1s
#5 extracting sha256:092586df92068bd6b59c497f379e48302aa1b27cf76b2de64d262ba7bc19e47b
#5 sha256:f3d2062d3b46979d875b8b9e71d82ece0c53868f24e5b83d3301e374ec542af1 0B / 205B 2.1s
#5 sha256:87fc2710b63fcf6c0a5c876b1b37773d9e949cb4d66eeb06889ef84f7b5a5a93 52.43MB / 214.83MB 2.3s
#5 sha256:f3d2062d3b46979d875b8b9e71d82ece0c53868f24e5b83d3301e374ec542af1 205B / 205B 2.3s
#5 sha256:87fc2710b63fcf6c0a5c876b1b37773d9e949cb4d66eeb06889ef84f7b5a5a93 65.01MB / 214.83MB 2.5s
#5 sha256:87fc2710b63fcf6c0a5c876b1b37773d9e949cb4d66eeb06889ef84f7b5a5a93 82.92MB / 214.83MB 2.7s
#5 sha256:d34d61487075d127bf6dd2906ea3abc50e0a3cd9aa2f230fc41b253b153a17ee 50.07MB / 50.07MB 2.9s done
#5 sha256:87fc2710b63fcf6c0a5c876b1b37773d9e949cb4d66eeb06889ef84f7b5a5a93 105.91MB / 214.83MB 3.0s
#5 sha256:f3d2062d3b46979d875b8b9e71d82ece0c53868f24e5b83d3301e374ec542af1 205B / 205B 3.0s done
#5 sha256:f3a0acce7cc568e7ee8fa450ff3ef5949b30bb5cbca7815100e7e39ee9ba74d7 0B / 19.71MB 3.1s
#5 sha256:87fc2710b63fcf6c0a5c876b1b37773d9e949cb4d66eeb06889ef84f7b5a5a93 121.63MB / 214.83MB 3.2s
#5 sha256:4e39f5ed89ef7f829ac27c7035e0fed2d881208de8f07f757843c9c8f87e54b0 0B / 148B 3.2s
#5 sha256:f3a0acce7cc568e7ee8fa450ff3ef5949b30bb5cbca7815100e7e39ee9ba74d7 4.19MB / 19.71MB 3.3s
#5 sha256:4e39f5ed89ef7f829ac27c7035e0fed2d881208de8f07f757843c9c8f87e54b0 148B / 148B 3.3s done
#5 sha256:87fc2710b63fcf6c0a5c876b1b37773d9e949cb4d66eeb06889ef84f7b5a5a93 135.27MB / 214.83MB 3.4s
#5 sha256:f3a0acce7cc568e7ee8fa450ff3ef5949b30bb5cbca7815100e7e39ee9ba74d7 6.29MB / 19.71MB 3.4s
#5 sha256:f3a0acce7cc568e7ee8fa450ff3ef5949b30bb5cbca7815100e7e39ee9ba74d7 8.39MB / 19.71MB 3.5s
#5 sha256:f3a0acce7cc568e7ee8fa450ff3ef5949b30bb5cbca7815100e7e39ee9ba74d7 10.49MB / 19.71MB 3.6s
#5 sha256:87fc2710b63fcf6c0a5c876b1b37773d9e949cb4d66eeb06889ef84f7b5a5a93 156.36MB / 214.83MB 3.8s
#5 sha256:f3a0acce7cc568e7ee8fa450ff3ef5949b30bb5cbca7815100e7e39ee9ba74d7 16.78MB / 19.71MB 3.8s
#5 sha256:f3a0acce7cc568e7ee8fa450ff3ef5949b30bb5cbca7815100e7e39ee9ba74d7 19.71MB / 19.71MB 3.9s
#5 sha256:87fc2710b63fcf6c0a5c876b1b37773d9e949cb4d66eeb06889ef84f7b5a5a93 168.82MB / 214.83MB 4.0s
#5 sha256:f3a0acce7cc568e7ee8fa450ff3ef5949b30bb5cbca7815100e7e39ee9ba74d7 19.71MB / 19.71MB 4.2s done
#5 sha256:87fc2710b63fcf6c0a5c876b1b37773d9e949cb4d66eeb06889ef84f7b5a5a93 191.89MB / 214.83MB 4.4s
#5 sha256:87fc2710b63fcf6c0a5c876b1b37773d9e949cb4d66eeb06889ef84f7b5a5a93 206.57MB / 214.83MB 4.6s
#5 extracting sha256:092586df92068bd6b59c497f379e48302aa1b27cf76b2de64d262ba7bc19e47b 2.6s done
#5 sha256:87fc2710b63fcf6c0a5c876b1b37773d9e949cb4d66eeb06889ef84f7b5a5a93 214.83MB / 214.83MB 7.9s done
#5 extracting sha256:ef599477fae0e7485cae7d038240cda6358b3af22c7eb4ea502c60771b68dcae
#5 extracting sha256:ef599477fae0e7485cae7d038240cda6358b3af22c7eb4ea502c60771b68dcae 0.5s done
#5 extracting sha256:4530c6472b5d2a08201c9cd65f43a788e526eb4fe498a4fbe5e4d5688535cd21
#5 extracting sha256:4530c6472b5d2a08201c9cd65f43a788e526eb4fe498a4fbe5e4d5688535cd21 0.2s done
#5 extracting sha256:d34d61487075d127bf6dd2906ea3abc50e0a3cd9aa2f230fc41b253b153a17ee
#5 extracting sha256:d34d61487075d127bf6dd2906ea3abc50e0a3cd9aa2f230fc41b253b153a17ee 3.2s done
#5 extracting sha256:87fc2710b63fcf6c0a5c876b1b37773d9e949cb4d66eeb06889ef84f7b5a5a93
#5 extracting sha256:87fc2710b63fcf6c0a5c876b1b37773d9e949cb4d66eeb06889ef84f7b5a5a93 5.0s
#5 extracting sha256:87fc2710b63fcf6c0a5c876b1b37773d9e949cb4d66eeb06889ef84f7b5a5a93 10.1s
#5 extracting sha256:87fc2710b63fcf6c0a5c876b1b37773d9e949cb4d66eeb06889ef84f7b5a5a93 12.4s done
#5 extracting sha256:f3d2062d3b46979d875b8b9e71d82ece0c53868f24e5b83d3301e374ec542af1
#5 extracting sha256:f3d2062d3b46979d875b8b9e71d82ece0c53868f24e5b83d3301e374ec542af1 done
#5 extracting sha256:f3a0acce7cc568e7ee8fa450ff3ef5949b30bb5cbca7815100e7e39ee9ba74d7
#5 extracting sha256:f3a0acce7cc568e7ee8fa450ff3ef5949b30bb5cbca7815100e7e39ee9ba74d7 0.8s done
#5 extracting sha256:4e39f5ed89ef7f829ac27c7035e0fed2d881208de8f07f757843c9c8f87e54b0
#5 extracting sha256:4e39f5ed89ef7f829ac27c7035e0fed2d881208de8f07f757843c9c8f87e54b0 done
#5 DONE 28.8s

#6 [ 2/14] RUN curl -sL https://deb.nodesource.com/setup_10.x | bash - && apt-get install -y nodejs
#6 0.565 
#6 0.565 ================================================================================
#6 0.565 ================================================================================
#6 0.565 
#6 0.565                               DEPRECATION WARNING                            
#6 0.565 
#6 0.565   Node.js 10.x is no longer actively supported!
#6 0.565 
#6 0.565   You will not receive security or critical stability updates for this version.
#6 0.565 
#6 0.565   You should migrate to a supported version of Node.js as soon as possible.
#6 0.565   Use the installation script that corresponds to the version of Node.js you
#6 0.565   wish to install. e.g.
#6 0.565 
#6 0.565    * https://deb.nodesource.com/setup_16.x — Node.js 16 "Gallium"
#6 0.565    * https://deb.nodesource.com/setup_18.x — Node.js 18 LTS "Hydrogen" (recommended)
#6 0.565    * https://deb.nodesource.com/setup_19.x — Node.js 19 "Nineteen"
#6 0.565    * https://deb.nodesource.com/setup_20.x — Node.js 20 "Iron" (current)
#6 0.565 
#6 0.565   Please see https://github.com/nodejs/Release for details about which
#6 0.565   version may be appropriate for you.
#6 0.565 
#6 0.565   The NodeSource Node.js distributions repository contains
#6 0.565   information both about supported versions of Node.js and supported Linux
#6 0.565   distributions. To learn more about usage, see the repository:
#6 0.565     https://github.com/nodesource/distributions
#6 0.565 
#6 0.565 ================================================================================
#6 0.565 ================================================================================
#6 0.565 
#6 0.565 Continuing in 20 seconds ...
#6 0.565 
#6 20.57 
#6 20.57 ================================================================================
#6 20.57 ▓▓▓▓▓▓▓▓▓▓▓▓▓▓▓▓▓▓▓▓▓▓▓▓▓▓▓▓▓▓▓▓▓▓▓▓▓▓▓▓▓▓▓▓▓▓▓▓▓▓▓▓▓▓▓▓▓▓▓▓▓▓▓▓▓▓▓▓▓▓▓▓▓▓▓▓▓▓▓▓
#6 20.57 ================================================================================
#6 20.57 
#6 20.57                            SCRIPT DEPRECATION WARNING                    
#6 20.57 
#6 20.57   
#6 20.57   This script, located at https://deb.nodesource.com/setup_X, used to
#6 20.57   install Node.js is deprecated now and will eventually be made inactive.
#6 20.57 
#6 20.57   Please visit the NodeSource distributions Github and follow the
#6 20.57   instructions to migrate your repo.
#6 20.57   https://github.com/nodesource/distributions
#6 20.57 
#6 20.57   The NodeSource Node.js Linux distributions GitHub repository contains
#6 20.57   information about which versions of Node.js and which Linux distributions
#6 20.57   are supported and how to install it.
#6 20.57   https://github.com/nodesource/distributions
#6 20.57 
#6 20.57 
#6 20.57                           SCRIPT DEPRECATION WARNING
#6 20.57 
#6 20.57 ================================================================================
#6 20.57 ▓▓▓▓▓▓▓▓▓▓▓▓▓▓▓▓▓▓▓▓▓▓▓▓▓▓▓▓▓▓▓▓▓▓▓▓▓▓▓▓▓▓▓▓▓▓▓▓▓▓▓▓▓▓▓▓▓▓▓▓▓▓▓▓▓▓▓▓▓▓▓▓▓▓▓▓▓▓▓▓
#6 20.57 ================================================================================
#6 20.57 
#6 20.57 TO AVOID THIS WAIT MIGRATE THE SCRIPT
#6 20.57 Continuing in 60 seconds (press Ctrl-C to abort) ...
#6 20.57 
#6 80.57 
#6 80.57 ## Installing the NodeSource Node.js 10.x repo...
#6 80.57 
#6 80.57 
#6 80.57 ## Populating apt-get cache...
#6 80.57 
#6 80.57 + apt-get update
#6 80.63 Ign:1 http://security.debian.org/debian-security stretch/updates InRelease
#6 80.64 Ign:2 http://deb.debian.org/debian stretch InRelease
#6 80.64 Ign:3 http://security.debian.org/debian-security stretch/updates Release
#6 80.65 Ign:4 http://deb.debian.org/debian stretch-updates InRelease
#6 80.66 Ign:5 http://security.debian.org/debian-security stretch/updates/main amd64 Packages
#6 80.66 Ign:6 http://deb.debian.org/debian stretch Release
#6 80.67 Ign:7 http://security.debian.org/debian-security stretch/updates/main all Packages
#6 80.67 Ign:8 http://deb.debian.org/debian stretch-updates Release
#6 80.68 Ign:5 http://security.debian.org/debian-security stretch/updates/main amd64 Packages
#6 80.69 Ign:7 http://security.debian.org/debian-security stretch/updates/main all Packages
#6 80.70 Ign:5 http://security.debian.org/debian-security stretch/updates/main amd64 Packages
#6 80.71 Ign:7 http://security.debian.org/debian-security stretch/updates/main all Packages
#6 80.72 Ign:5 http://security.debian.org/debian-security stretch/updates/main amd64 Packages
#6 80.73 Ign:7 http://security.debian.org/debian-security stretch/updates/main all Packages
#6 80.74 Ign:5 http://security.debian.org/debian-security stretch/updates/main amd64 Packages
#6 80.75 Ign:7 http://security.debian.org/debian-security stretch/updates/main all Packages
#6 80.76 Err:5 http://security.debian.org/debian-security stretch/updates/main amd64 Packages
#6 80.76   404  Not Found
#6 80.77 Ign:7 http://security.debian.org/debian-security stretch/updates/main all Packages
#6 80.83 Ign:9 http://deb.debian.org/debian stretch/main amd64 Packages
#6 81.08 Ign:10 http://deb.debian.org/debian stretch/main all Packages
#6 81.41 Ign:11 http://deb.debian.org/debian stretch-updates/main all Packages
#6 81.61 Ign:12 http://deb.debian.org/debian stretch-updates/main amd64 Packages
#6 81.92 Ign:9 http://deb.debian.org/debian stretch/main amd64 Packages
#6 82.08 Ign:10 http://deb.debian.org/debian stretch/main all Packages
#6 82.28 Ign:11 http://deb.debian.org/debian stretch-updates/main all Packages
#6 82.82 Ign:12 http://deb.debian.org/debian stretch-updates/main amd64 Packages
#6 83.02 Ign:9 http://deb.debian.org/debian stretch/main amd64 Packages
#6 83.21 Ign:10 http://deb.debian.org/debian stretch/main all Packages
#6 83.36 Ign:11 http://deb.debian.org/debian stretch-updates/main all Packages
#6 83.91 Ign:12 http://deb.debian.org/debian stretch-updates/main amd64 Packages
#6 84.07 Ign:9 http://deb.debian.org/debian stretch/main amd64 Packages
#6 84.57 Ign:10 http://deb.debian.org/debian stretch/main all Packages
#6 84.75 Ign:11 http://deb.debian.org/debian stretch-updates/main all Packages
#6 84.90 Ign:12 http://deb.debian.org/debian stretch-updates/main amd64 Packages
#6 85.13 Ign:9 http://deb.debian.org/debian stretch/main amd64 Packages
#6 85.30 Ign:10 http://deb.debian.org/debian stretch/main all Packages
#6 85.46 Ign:11 http://deb.debian.org/debian stretch-updates/main all Packages
#6 85.62 Ign:12 http://deb.debian.org/debian stretch-updates/main amd64 Packages
#6 85.82 Err:9 http://deb.debian.org/debian stretch/main amd64 Packages
#6 85.82   404  Not Found
#6 85.99 Ign:10 http://deb.debian.org/debian stretch/main all Packages
#6 86.20 Ign:11 http://deb.debian.org/debian stretch-updates/main all Packages
#6 86.38 Err:12 http://deb.debian.org/debian stretch-updates/main amd64 Packages
#6 86.38   404  Not Found
#6 86.38 Reading package lists...
#6 86.39 W: The repository 'http://security.debian.org/debian-security stretch/updates Release' does not have a Release file.
#6 86.39 W: The repository 'http://deb.debian.org/debian stretch Release' does not have a Release file.
#6 86.39 W: The repository 'http://deb.debian.org/debian stretch-updates Release' does not have a Release file.
#6 86.39 E: Failed to fetch http://security.debian.org/debian-security/dists/stretch/updates/main/binary-amd64/Packages  404  Not Found
#6 86.39 E: Failed to fetch http://deb.debian.org/debian/dists/stretch/main/binary-amd64/Packages  404  Not Found
#6 86.39 E: Failed to fetch http://deb.debian.org/debian/dists/stretch-updates/main/binary-amd64/Packages  404  Not Found
#6 86.39 E: Some index files failed to download. They have been ignored, or old ones used instead.
#6 86.40 Error executing command, exiting
#6 ERROR: process "/bin/sh -c curl -sL https://deb.nodesource.com/setup_10.x | bash - && apt-get install -y nodejs" did not complete successfully: exit code: 1
------
 > [ 2/14] RUN curl -sL https://deb.nodesource.com/setup_10.x | bash - && apt-get install -y nodejs:
86.38   404  Not Found
86.38 Reading package lists...
86.39 W: The repository 'http://security.debian.org/debian-security stretch/updates Release' does not have a Release file.
86.39 W: The repository 'http://deb.debian.org/debian stretch Release' does not have a Release file.
86.39 W: The repository 'http://deb.debian.org/debian stretch-updates Release' does not have a Release file.
86.39 E: Failed to fetch http://security.debian.org/debian-security/dists/stretch/updates/main/binary-amd64/Packages  404  Not Found
86.39 E: Failed to fetch http://deb.debian.org/debian/dists/stretch/main/binary-amd64/Packages  404  Not Found
86.39 E: Failed to fetch http://deb.debian.org/debian/dists/stretch-updates/main/binary-amd64/Packages  404  Not Found
86.39 E: Some index files failed to download. They have been ignored, or old ones used instead.
86.40 Error executing command, exiting
------
v2_Dockerfile:8
--------------------
   6 |     # NodeJS and npm
   7 |     ## Heroku-16 uses node 10.14. This installs node 10.15
   8 | >>> RUN curl -sL https://deb.nodesource.com/setup_10.x | bash - && apt-get install -y nodejs
   9 |     
  10 |     #Postgresql client
--------------------
ERROR: failed to solve: process "/bin/sh -c curl -sL https://deb.nodesource.com/setup_10.x | bash - && apt-get install -y nodejs" did not complete successfully: exit code: 1
Duration: 1:57.62