#0 building with "default" instance using docker driver

#1 [internal] load .dockerignore
#1 transferring context:
#1 transferring context: 88B done
#1 ...

#2 [internal] load build definition from Dockerfile
#2 transferring dockerfile: 1.25kB done
#2 DONE 0.6s

#1 [internal] load .dockerignore
#1 DONE 0.7s

#3 [auth] library/node:pull token for registry-1.docker.io
#3 DONE 0.0s

#4 [internal] load metadata for docker.io/library/node:10-alpine
#4 DONE 1.5s

#5 [ 1/10] FROM docker.io/library/node:10-alpine@sha256:dc98dac24efd4254f75976c40bce46944697a110d06ce7fa47e7268470cf2e28
#5 resolve docker.io/library/node:10-alpine@sha256:dc98dac24efd4254f75976c40bce46944697a110d06ce7fa47e7268470cf2e28
#5 resolve docker.io/library/node:10-alpine@sha256:dc98dac24efd4254f75976c40bce46944697a110d06ce7fa47e7268470cf2e28 0.4s done
#5 ...

#6 [internal] load build context
#6 transferring context: 2.72MB 0.1s done
#6 DONE 0.5s

#5 [ 1/10] FROM docker.io/library/node:10-alpine@sha256:dc98dac24efd4254f75976c40bce46944697a110d06ce7fa47e7268470cf2e28
#5 sha256:dc98dac24efd4254f75976c40bce46944697a110d06ce7fa47e7268470cf2e28 1.65kB / 1.65kB done
#5 sha256:02767d92553e465bf51e0bd661074f2e70bd575c4a69a0d610aa6e78fd20a9bf 1.16kB / 1.16kB done
#5 sha256:aa67ba258e1877ed6ec455a7f4cc69e25cf0f0b027a7f6f3c63a8eca2c8a440c 6.73kB / 6.73kB done
#5 sha256:de915e575d22c7e33c83fddaf7aee0672e5d6a67e598a26fe0b30c7022f53cdd 0B / 22.21MB 0.2s
#5 sha256:7150aa69525b95f82b3df6a61a002f82382b2f3ea8ce51b9000b965f7476a5cc 0B / 2.35MB 0.2s
#5 sha256:ddad3d7c1e96adf9153f8921a7c9790f880a390163df453be1566e9ef0d546e0 0B / 2.82MB 0.4s
#5 sha256:de915e575d22c7e33c83fddaf7aee0672e5d6a67e598a26fe0b30c7022f53cdd 6.29MB / 22.21MB 0.5s
#5 sha256:7150aa69525b95f82b3df6a61a002f82382b2f3ea8ce51b9000b965f7476a5cc 1.75MB / 2.35MB 0.5s
#5 sha256:ddad3d7c1e96adf9153f8921a7c9790f880a390163df453be1566e9ef0d546e0 1.05MB / 2.82MB 0.5s
#5 sha256:de915e575d22c7e33c83fddaf7aee0672e5d6a67e598a26fe0b30c7022f53cdd 9.44MB / 22.21MB 0.6s
#5 sha256:7150aa69525b95f82b3df6a61a002f82382b2f3ea8ce51b9000b965f7476a5cc 2.35MB / 2.35MB 0.6s done
#5 sha256:ddad3d7c1e96adf9153f8921a7c9790f880a390163df453be1566e9ef0d546e0 2.82MB / 2.82MB 0.6s
#5 sha256:de915e575d22c7e33c83fddaf7aee0672e5d6a67e598a26fe0b30c7022f53cdd 17.83MB / 22.21MB 0.7s
#5 sha256:ddad3d7c1e96adf9153f8921a7c9790f880a390163df453be1566e9ef0d546e0 2.82MB / 2.82MB 0.6s done
#5 extracting sha256:ddad3d7c1e96adf9153f8921a7c9790f880a390163df453be1566e9ef0d546e0 0.1s
#5 sha256:de915e575d22c7e33c83fddaf7aee0672e5d6a67e598a26fe0b30c7022f53cdd 22.21MB / 22.21MB 0.8s
#5 sha256:d7aa47be044e5a988e3e7f204e2e28cb9f070daa32ed081072ad6d5bf6c085d1 0B / 280B 0.8s
#5 extracting sha256:ddad3d7c1e96adf9153f8921a7c9790f880a390163df453be1566e9ef0d546e0 0.2s done
#5 sha256:d7aa47be044e5a988e3e7f204e2e28cb9f070daa32ed081072ad6d5bf6c085d1 280B / 280B 1.0s
#5 sha256:de915e575d22c7e33c83fddaf7aee0672e5d6a67e598a26fe0b30c7022f53cdd 22.21MB / 22.21MB 1.1s done
#5 sha256:d7aa47be044e5a988e3e7f204e2e28cb9f070daa32ed081072ad6d5bf6c085d1 280B / 280B 1.2s done
#5 extracting sha256:de915e575d22c7e33c83fddaf7aee0672e5d6a67e598a26fe0b30c7022f53cdd
#5 extracting sha256:de915e575d22c7e33c83fddaf7aee0672e5d6a67e598a26fe0b30c7022f53cdd 1.8s done
#5 extracting sha256:7150aa69525b95f82b3df6a61a002f82382b2f3ea8ce51b9000b965f7476a5cc
#5 extracting sha256:7150aa69525b95f82b3df6a61a002f82382b2f3ea8ce51b9000b965f7476a5cc 0.2s done
#5 extracting sha256:d7aa47be044e5a988e3e7f204e2e28cb9f070daa32ed081072ad6d5bf6c085d1
#5 extracting sha256:d7aa47be044e5a988e3e7f204e2e28cb9f070daa32ed081072ad6d5bf6c085d1 done
#5 DONE 5.4s

#7 [ 2/10] RUN mkdir -p /API
#7 DONE 5.8s

#8 [ 3/10] WORKDIR /API
#8 DONE 0.6s

#9 [ 4/10] RUN apk --no-cache --virtual build-dependencies add python make g++
#9 0.772 fetch http://dl-cdn.alpinelinux.org/alpine/v3.11/main/x86_64/APKINDEX.tar.gz
#9 0.973 fetch http://dl-cdn.alpinelinux.org/alpine/v3.11/community/x86_64/APKINDEX.tar.gz
#9 1.232 (1/22) Installing libbz2 (1.0.8-r1)
#9 1.446 (2/22) Installing expat (2.2.9-r1)
#9 1.452 (3/22) Installing libffi (3.2.1-r6)
#9 1.711 (4/22) Installing gdbm (1.13-r1)
#9 1.934 (5/22) Installing ncurses-terminfo-base (6.1_p20200118-r4)
#9 2.144 (6/22) Installing ncurses-libs (6.1_p20200118-r4)
#9 2.405 (7/22) Installing readline (8.0.1-r0)
#9 2.622 (8/22) Installing sqlite-libs (3.30.1-r2)
#9 2.853 (9/22) Installing python2 (2.7.18-r0)
#9 3.743 (10/22) Installing make (4.2.1-r2)
#9 3.749 (11/22) Installing binutils (2.33.1-r1)
#9 3.858 (12/22) Installing gmp (6.1.2-r1)
#9 4.070 (13/22) Installing isl (0.18-r0)
#9 4.097 (14/22) Installing libgomp (9.3.0-r0)
#9 4.103 (15/22) Installing libatomic (9.3.0-r0)
#9 4.106 (16/22) Installing mpfr4 (4.0.2-r1)
#9 4.115 (17/22) Installing mpc1 (1.1.0-r1)
#9 4.120 (18/22) Installing gcc (9.3.0-r0)
#9 4.983 (19/22) Installing musl-dev (1.1.24-r3)
#9 5.102 (20/22) Installing libc-dev (0.7.2-r0)
#9 5.107 (21/22) Installing g++ (9.3.0-r0)
#9 5.747 (22/22) Installing build-dependencies (20240801.045325)
#9 5.748 Executing busybox-1.31.1-r10.trigger
#9 5.756 OK: 212 MiB in 38 packages
#9 DONE 10.9s

#10 [ 5/10] RUN yarn global add pm2
#10 1.263 yarn global v1.22.5
#10 1.324 [1/4] Resolving packages...
#10 2.689 [2/4] Fetching packages...
#10 5.570 info fsevents@2.3.3: The platform "linux" is incompatible with this module.
#10 5.570 info "fsevents@2.3.3" is an optional dependency and failed compatibility check. Excluding it from installation.
#10 5.571 error proxy-agent@6.3.1: The engine "node" is incompatible with this module. Expected version ">= 14". Got "10.24.1"
#10 5.586 error Found incompatible module.
#10 5.586 info Visit https://yarnpkg.com/en/docs/cli/global for documentation about this command.
#10 ERROR: process "/bin/sh -c yarn global add pm2" did not complete successfully: exit code: 1
------
 > [ 5/10] RUN yarn global add pm2:
1.263 yarn global v1.22.5
1.324 [1/4] Resolving packages...
2.689 [2/4] Fetching packages...
5.570 info fsevents@2.3.3: The platform "linux" is incompatible with this module.
5.570 info "fsevents@2.3.3" is an optional dependency and failed compatibility check. Excluding it from installation.
5.571 error proxy-agent@6.3.1: The engine "node" is incompatible with this module. Expected version ">= 14". Got "10.24.1"
5.586 error Found incompatible module.
5.586 info Visit https://yarnpkg.com/en/docs/cli/global for documentation about this command.
------
Dockerfile:19
--------------------
  17 |     RUN apk --no-cache --virtual build-dependencies add python make g++
  18 |     
  19 | >>> RUN yarn global add pm2
  20 |     
  21 |     # install app dependencies
--------------------
ERROR: failed to solve: process "/bin/sh -c yarn global add pm2" did not complete successfully: exit code: 1
Duration: 0:32.49