#0 building with "default" instance using docker driver

#1 [internal] load build definition from v1_Dockerfile
#1 transferring dockerfile: 559B done
#1 DONE 0.0s

#2 [internal] load metadata for docker.io/library/golang:1.12.3-stretch
#2 DONE 0.7s

#3 [internal] load .dockerignore
#3 transferring context: 123B done
#3 DONE 0.0s

#4 [1/6] FROM docker.io/library/golang:1.12.3-stretch@sha256:d87fdffe18e4cf8a82771d1340d107a8aa4c99d84031d675c1aec1f3c11afcea
#4 resolve docker.io/library/golang:1.12.3-stretch@sha256:d87fdffe18e4cf8a82771d1340d107a8aa4c99d84031d675c1aec1f3c11afcea 0.0s done
#4 ...

#5 [internal] load build context
#5 transferring context: 267.27kB 0.0s done
#5 DONE 0.1s

#4 [1/6] FROM docker.io/library/golang:1.12.3-stretch@sha256:d87fdffe18e4cf8a82771d1340d107a8aa4c99d84031d675c1aec1f3c11afcea
#4 sha256:e79bb959ec00faf01da52437df4fad4537ec669f60455a38ad583ec2b8f00498 0B / 45.34MB 0.2s
#4 sha256:d87fdffe18e4cf8a82771d1340d107a8aa4c99d84031d675c1aec1f3c11afcea 2.04kB / 2.04kB done
#4 sha256:1d14d4efd0a2b2dbbb3ee08c2e370c8a0eafe74b226643880b9f6d418f1224b1 5.46kB / 5.46kB done
#4 sha256:d4b7902036fe0cefdfe9ccf0404fe13322ecbd552f132be73d3e840f95538838 0B / 10.78MB 0.2s
#4 sha256:1b2a72d4e03052566e99130108071fc4eca4942c62923e3e5cf19666a23088ef 0B / 4.34MB 0.2s
#4 sha256:072b17205ff6c6606bf943b699cfcee8624c1052702e9854488ee06686acf361 1.80kB / 1.80kB done
#4 sha256:e79bb959ec00faf01da52437df4fad4537ec669f60455a38ad583ec2b8f00498 5.24MB / 45.34MB 0.4s
#4 sha256:d4b7902036fe0cefdfe9ccf0404fe13322ecbd552f132be73d3e840f95538838 5.24MB / 10.78MB 0.4s
#4 sha256:1b2a72d4e03052566e99130108071fc4eca4942c62923e3e5cf19666a23088ef 3.15MB / 4.34MB 0.4s
#4 sha256:e79bb959ec00faf01da52437df4fad4537ec669f60455a38ad583ec2b8f00498 9.44MB / 45.34MB 0.5s
#4 sha256:1b2a72d4e03052566e99130108071fc4eca4942c62923e3e5cf19666a23088ef 4.34MB / 4.34MB 0.4s done
#4 sha256:d54db43011fd116b8cb6d9e49e268cee1fa6212f152b30cbfa7f3c4c684427c3 0B / 50.07MB 0.5s
#4 sha256:e79bb959ec00faf01da52437df4fad4537ec669f60455a38ad583ec2b8f00498 17.83MB / 45.34MB 0.7s
#4 sha256:d4b7902036fe0cefdfe9ccf0404fe13322ecbd552f132be73d3e840f95538838 10.78MB / 10.78MB 0.5s done
#4 sha256:d54db43011fd116b8cb6d9e49e268cee1fa6212f152b30cbfa7f3c4c684427c3 8.39MB / 50.07MB 0.7s
#4 sha256:963c818ebafc12959707fcabfc8952ba84ad92514041f7b6ec66ddfb5702141f 2.10MB / 57.63MB 0.7s
#4 sha256:e79bb959ec00faf01da52437df4fad4537ec669f60455a38ad583ec2b8f00498 20.97MB / 45.34MB 0.8s
#4 sha256:d54db43011fd116b8cb6d9e49e268cee1fa6212f152b30cbfa7f3c4c684427c3 13.63MB / 50.07MB 0.8s
#4 sha256:963c818ebafc12959707fcabfc8952ba84ad92514041f7b6ec66ddfb5702141f 6.29MB / 57.63MB 0.8s
#4 sha256:e79bb959ec00faf01da52437df4fad4537ec669f60455a38ad583ec2b8f00498 28.31MB / 45.34MB 1.0s
#4 sha256:d54db43011fd116b8cb6d9e49e268cee1fa6212f152b30cbfa7f3c4c684427c3 25.17MB / 50.07MB 1.0s
#4 sha256:963c818ebafc12959707fcabfc8952ba84ad92514041f7b6ec66ddfb5702141f 13.63MB / 57.63MB 1.0s
#4 sha256:e79bb959ec00faf01da52437df4fad4537ec669f60455a38ad583ec2b8f00498 33.55MB / 45.34MB 1.2s
#4 sha256:d54db43011fd116b8cb6d9e49e268cee1fa6212f152b30cbfa7f3c4c684427c3 34.60MB / 50.07MB 1.2s
#4 sha256:963c818ebafc12959707fcabfc8952ba84ad92514041f7b6ec66ddfb5702141f 19.92MB / 57.63MB 1.2s
#4 sha256:e79bb959ec00faf01da52437df4fad4537ec669f60455a38ad583ec2b8f00498 41.94MB / 45.34MB 1.4s
#4 sha256:d54db43011fd116b8cb6d9e49e268cee1fa6212f152b30cbfa7f3c4c684427c3 45.09MB / 50.07MB 1.4s
#4 sha256:963c818ebafc12959707fcabfc8952ba84ad92514041f7b6ec66ddfb5702141f 27.26MB / 57.63MB 1.4s
#4 sha256:e79bb959ec00faf01da52437df4fad4537ec669f60455a38ad583ec2b8f00498 45.34MB / 45.34MB 1.5s
#4 sha256:d54db43011fd116b8cb6d9e49e268cee1fa6212f152b30cbfa7f3c4c684427c3 50.07MB / 50.07MB 1.5s
#4 sha256:963c818ebafc12959707fcabfc8952ba84ad92514041f7b6ec66ddfb5702141f 31.46MB / 57.63MB 1.5s
#4 sha256:e79bb959ec00faf01da52437df4fad4537ec669f60455a38ad583ec2b8f00498 45.34MB / 45.34MB 1.6s done
#4 sha256:963c818ebafc12959707fcabfc8952ba84ad92514041f7b6ec66ddfb5702141f 37.75MB / 57.63MB 1.6s
#4 sha256:963c818ebafc12959707fcabfc8952ba84ad92514041f7b6ec66ddfb5702141f 46.14MB / 57.63MB 1.7s
#4 extracting sha256:e79bb959ec00faf01da52437df4fad4537ec669f60455a38ad583ec2b8f00498 0.1s
#4 sha256:d54db43011fd116b8cb6d9e49e268cee1fa6212f152b30cbfa7f3c4c684427c3 50.07MB / 50.07MB 1.7s done
#4 sha256:963c818ebafc12959707fcabfc8952ba84ad92514041f7b6ec66ddfb5702141f 52.43MB / 57.63MB 1.8s
#4 sha256:5e4c274d8ea14b463fe1cabad5cf97e220ab3e295c0dce9a8d65a0c34490ff39 0B / 127.92MB 1.8s
#4 sha256:8713ed87c86cb8817906933459377c9257d8855d5aea47e14d3831ac4a8a2799 0B / 127B 1.8s
#4 sha256:8713ed87c86cb8817906933459377c9257d8855d5aea47e14d3831ac4a8a2799 127B / 127B 1.8s done
#4 sha256:963c818ebafc12959707fcabfc8952ba84ad92514041f7b6ec66ddfb5702141f 57.63MB / 57.63MB 2.0s
#4 sha256:5e4c274d8ea14b463fe1cabad5cf97e220ab3e295c0dce9a8d65a0c34490ff39 10.49MB / 127.92MB 2.0s
#4 sha256:963c818ebafc12959707fcabfc8952ba84ad92514041f7b6ec66ddfb5702141f 57.63MB / 57.63MB 2.1s done
#4 sha256:5e4c274d8ea14b463fe1cabad5cf97e220ab3e295c0dce9a8d65a0c34490ff39 17.83MB / 127.92MB 2.1s
#4 sha256:5e4c274d8ea14b463fe1cabad5cf97e220ab3e295c0dce9a8d65a0c34490ff39 25.17MB / 127.92MB 2.2s
#4 sha256:5e4c274d8ea14b463fe1cabad5cf97e220ab3e295c0dce9a8d65a0c34490ff39 36.70MB / 127.92MB 2.3s
#4 sha256:5e4c274d8ea14b463fe1cabad5cf97e220ab3e295c0dce9a8d65a0c34490ff39 55.57MB / 127.92MB 2.5s
#4 sha256:5e4c274d8ea14b463fe1cabad5cf97e220ab3e295c0dce9a8d65a0c34490ff39 65.01MB / 127.92MB 2.6s
#4 sha256:5e4c274d8ea14b463fe1cabad5cf97e220ab3e295c0dce9a8d65a0c34490ff39 75.50MB / 127.92MB 2.7s
#4 sha256:5e4c274d8ea14b463fe1cabad5cf97e220ab3e295c0dce9a8d65a0c34490ff39 84.93MB / 127.92MB 2.8s
#4 sha256:5e4c274d8ea14b463fe1cabad5cf97e220ab3e295c0dce9a8d65a0c34490ff39 93.32MB / 127.92MB 2.9s
#4 sha256:5e4c274d8ea14b463fe1cabad5cf97e220ab3e295c0dce9a8d65a0c34490ff39 101.71MB / 127.92MB 3.0s
#4 sha256:5e4c274d8ea14b463fe1cabad5cf97e220ab3e295c0dce9a8d65a0c34490ff39 117.44MB / 127.92MB 3.2s
#4 sha256:5e4c274d8ea14b463fe1cabad5cf97e220ab3e295c0dce9a8d65a0c34490ff39 127.92MB / 127.92MB 3.4s
#4 sha256:5e4c274d8ea14b463fe1cabad5cf97e220ab3e295c0dce9a8d65a0c34490ff39 127.92MB / 127.92MB 3.7s done
#4 extracting sha256:e79bb959ec00faf01da52437df4fad4537ec669f60455a38ad583ec2b8f00498 2.7s done
#4 extracting sha256:d4b7902036fe0cefdfe9ccf0404fe13322ecbd552f132be73d3e840f95538838
#4 extracting sha256:d4b7902036fe0cefdfe9ccf0404fe13322ecbd552f132be73d3e840f95538838 0.5s done
#4 extracting sha256:1b2a72d4e03052566e99130108071fc4eca4942c62923e3e5cf19666a23088ef
#4 extracting sha256:1b2a72d4e03052566e99130108071fc4eca4942c62923e3e5cf19666a23088ef 0.1s done
#4 extracting sha256:d54db43011fd116b8cb6d9e49e268cee1fa6212f152b30cbfa7f3c4c684427c3
#4 extracting sha256:d54db43011fd116b8cb6d9e49e268cee1fa6212f152b30cbfa7f3c4c684427c3 2.8s done
#4 extracting sha256:963c818ebafc12959707fcabfc8952ba84ad92514041f7b6ec66ddfb5702141f
#4 extracting sha256:963c818ebafc12959707fcabfc8952ba84ad92514041f7b6ec66ddfb5702141f 2.3s done
#4 extracting sha256:5e4c274d8ea14b463fe1cabad5cf97e220ab3e295c0dce9a8d65a0c34490ff39
#4 extracting sha256:5e4c274d8ea14b463fe1cabad5cf97e220ab3e295c0dce9a8d65a0c34490ff39 5.1s
#4 extracting sha256:5e4c274d8ea14b463fe1cabad5cf97e220ab3e295c0dce9a8d65a0c34490ff39 5.6s done
#4 extracting sha256:8713ed87c86cb8817906933459377c9257d8855d5aea47e14d3831ac4a8a2799
#4 extracting sha256:8713ed87c86cb8817906933459377c9257d8855d5aea47e14d3831ac4a8a2799 done
#4 DONE 16.5s

#6 [2/6] RUN apt-get update && apt-get install --no-install-recommends -y libpcap0.8-dev libgeoip-dev jq && rm -rf /var/lib/apt/lists/*; # install bats
#6 0.205 Ign:1 http://security.debian.org/debian-security stretch/updates InRelease
#6 0.205 Ign:2 http://deb.debian.org/debian stretch InRelease
#6 0.215 Ign:3 http://deb.debian.org/debian stretch-updates InRelease
#6 0.215 Ign:4 http://security.debian.org/debian-security stretch/updates Release
#6 0.224 Ign:5 http://security.debian.org/debian-security stretch/updates/main amd64 Packages
#6 0.225 Ign:6 http://deb.debian.org/debian stretch Release
#6 0.234 Ign:7 http://security.debian.org/debian-security stretch/updates/main all Packages
#6 0.234 Ign:8 http://deb.debian.org/debian stretch-updates Release
#6 0.244 Ign:5 http://security.debian.org/debian-security stretch/updates/main amd64 Packages
#6 0.245 Ign:9 http://deb.debian.org/debian stretch/main amd64 Packages
#6 0.253 Ign:7 http://security.debian.org/debian-security stretch/updates/main all Packages
#6 0.256 Ign:10 http://deb.debian.org/debian stretch/main all Packages
#6 0.268 Ign:11 http://deb.debian.org/debian stretch-updates/main amd64 Packages
#6 0.278 Ign:12 http://deb.debian.org/debian stretch-updates/main all Packages
#6 0.289 Ign:9 http://deb.debian.org/debian stretch/main amd64 Packages
#6 0.301 Ign:10 http://deb.debian.org/debian stretch/main all Packages
#6 0.311 Ign:11 http://deb.debian.org/debian stretch-updates/main amd64 Packages
#6 0.322 Ign:12 http://deb.debian.org/debian stretch-updates/main all Packages
#6 0.333 Ign:9 http://deb.debian.org/debian stretch/main amd64 Packages
#6 0.345 Ign:10 http://deb.debian.org/debian stretch/main all Packages
#6 0.355 Ign:11 http://deb.debian.org/debian stretch-updates/main amd64 Packages
#6 0.367 Ign:12 http://deb.debian.org/debian stretch-updates/main all Packages
#6 0.376 Ign:9 http://deb.debian.org/debian stretch/main amd64 Packages
#6 0.387 Ign:10 http://deb.debian.org/debian stretch/main all Packages
#6 0.397 Ign:11 http://deb.debian.org/debian stretch-updates/main amd64 Packages
#6 0.410 Ign:12 http://deb.debian.org/debian stretch-updates/main all Packages
#6 0.415 Ign:5 http://security.debian.org/debian-security stretch/updates/main amd64 Packages
#6 0.419 Ign:9 http://deb.debian.org/debian stretch/main amd64 Packages
#6 0.426 Ign:7 http://security.debian.org/debian-security stretch/updates/main all Packages
#6 0.430 Ign:10 http://deb.debian.org/debian stretch/main all Packages
#6 0.440 Ign:11 http://deb.debian.org/debian stretch-updates/main amd64 Packages
#6 0.452 Ign:12 http://deb.debian.org/debian stretch-updates/main all Packages
#6 0.462 Err:9 http://deb.debian.org/debian stretch/main amd64 Packages
#6 0.462   404  Not Found
#6 0.483 Ign:10 http://deb.debian.org/debian stretch/main all Packages
#6 0.499 Err:11 http://deb.debian.org/debian stretch-updates/main amd64 Packages
#6 0.499   404  Not Found
#6 0.509 Ign:12 http://deb.debian.org/debian stretch-updates/main all Packages
#6 0.588 Ign:5 http://security.debian.org/debian-security stretch/updates/main amd64 Packages
#6 0.596 Ign:7 http://security.debian.org/debian-security stretch/updates/main all Packages
#6 0.606 Ign:5 http://security.debian.org/debian-security stretch/updates/main amd64 Packages
#6 0.617 Ign:7 http://security.debian.org/debian-security stretch/updates/main all Packages
#6 0.626 Err:5 http://security.debian.org/debian-security stretch/updates/main amd64 Packages
#6 0.626   404  Not Found
#6 0.635 Ign:7 http://security.debian.org/debian-security stretch/updates/main all Packages
#6 0.639 Reading package lists...
#6 0.647 W: The repository 'http://security.debian.org/debian-security stretch/updates Release' does not have a Release file.
#6 0.647 W: The repository 'http://deb.debian.org/debian stretch Release' does not have a Release file.
#6 0.647 W: The repository 'http://deb.debian.org/debian stretch-updates Release' does not have a Release file.
#6 0.647 E: Failed to fetch http://security.debian.org/debian-security/dists/stretch/updates/main/binary-amd64/Packages  404  Not Found
#6 0.647 E: Failed to fetch http://deb.debian.org/debian/dists/stretch/main/binary-amd64/Packages  404  Not Found
#6 0.647 E: Failed to fetch http://deb.debian.org/debian/dists/stretch-updates/main/binary-amd64/Packages  404  Not Found
#6 0.647 E: Some index files failed to download. They have been ignored, or old ones used instead.
#6 ERROR: process "/bin/sh -c apt-get update && apt-get install --no-install-recommends -y libpcap0.8-dev libgeoip-dev jq && rm -rf /var/lib/apt/lists/*; # install bats" did not complete successfully: exit code: 100
------
 > [2/6] RUN apt-get update && apt-get install --no-install-recommends -y libpcap0.8-dev libgeoip-dev jq && rm -rf /var/lib/apt/lists/*; # install bats:
0.626   404  Not Found
0.635 Ign:7 http://security.debian.org/debian-security stretch/updates/main all Packages
0.639 Reading package lists...
0.647 W: The repository 'http://security.debian.org/debian-security stretch/updates Release' does not have a Release file.
0.647 W: The repository 'http://deb.debian.org/debian stretch Release' does not have a Release file.
0.647 W: The repository 'http://deb.debian.org/debian stretch-updates Release' does not have a Release file.
0.647 E: Failed to fetch http://security.debian.org/debian-security/dists/stretch/updates/main/binary-amd64/Packages  404  Not Found
0.647 E: Failed to fetch http://deb.debian.org/debian/dists/stretch/main/binary-amd64/Packages  404  Not Found
0.647 E: Failed to fetch http://deb.debian.org/debian/dists/stretch-updates/main/binary-amd64/Packages  404  Not Found
0.647 E: Some index files failed to download. They have been ignored, or old ones used instead.
------
v1_Dockerfile:3
--------------------
   1 |     FROM golang:1.12.3-stretch
   2 |     
   3 | >>> RUN apt-get update && apt-get install --no-install-recommends -y libpcap0.8-dev libgeoip-dev jq && rm -rf /var/lib/apt/lists/*; # install bats
   4 |     RUN git clone https://github.com/sstephenson/bats.git && cd bats && ./install.sh /usr
   5 |     
--------------------
ERROR: failed to solve: process "/bin/sh -c apt-get update && apt-get install --no-install-recommends -y libpcap0.8-dev libgeoip-dev jq && rm -rf /var/lib/apt/lists/*; # install bats" did not complete successfully: exit code: 100
Duration: 0:23.70