#0 building with "default" instance using docker driver

#1 [internal] load build definition from v1_Dockerfile
#1 transferring dockerfile:
#1 transferring dockerfile: 414B done
#1 DONE 0.3s

#2 [internal] load .dockerignore
#2 transferring context: 2B done
#2 DONE 0.4s

#3 [internal] load metadata for docker.io/library/alpine:latest
#3 DONE 1.0s

#4 [1/5] FROM docker.io/library/alpine@sha256:0a4eaa0eecf5f8c050e5bba433f58c052be7587ee8af3e8b3910ef9ab5fbe9f5
#4 resolve docker.io/library/alpine@sha256:0a4eaa0eecf5f8c050e5bba433f58c052be7587ee8af3e8b3910ef9ab5fbe9f5
#4 ...

#5 [internal] load build context
#5 transferring context: 1.54kB done
#5 DONE 0.2s

#4 [1/5] FROM docker.io/library/alpine@sha256:0a4eaa0eecf5f8c050e5bba433f58c052be7587ee8af3e8b3910ef9ab5fbe9f5
#4 resolve docker.io/library/alpine@sha256:0a4eaa0eecf5f8c050e5bba433f58c052be7587ee8af3e8b3910ef9ab5fbe9f5 0.3s done
#4 sha256:0a4eaa0eecf5f8c050e5bba433f58c052be7587ee8af3e8b3910ef9ab5fbe9f5 1.85kB / 1.85kB done
#4 sha256:eddacbc7e24bf8799a4ed3cdcfa50d4b88a323695ad80f317b6629883b2c2a78 528B / 528B done
#4 sha256:324bc02ae1231fd9255658c128086395d3fa0aedd5a41ab6b034fd649d1a9260 1.47kB / 1.47kB done
#4 sha256:c6a83fedfae6ed8a4f5f7cbb6a7b6f1c1ec3d86fea8cb9e5ba2e5e6673fde9f6 0B / 3.62MB 0.2s
#4 sha256:c6a83fedfae6ed8a4f5f7cbb6a7b6f1c1ec3d86fea8cb9e5ba2e5e6673fde9f6 3.62MB / 3.62MB 0.3s done
#4 extracting sha256:c6a83fedfae6ed8a4f5f7cbb6a7b6f1c1ec3d86fea8cb9e5ba2e5e6673fde9f6 0.1s
#4 extracting sha256:c6a83fedfae6ed8a4f5f7cbb6a7b6f1c1ec3d86fea8cb9e5ba2e5e6673fde9f6 0.2s done
#4 DONE 1.3s

#6 [2/5] RUN apk add --update python3 wget     && wget --no-check-certificate https://bootstrap.pypa.io/get-pip.py     && apk del wget     && python3 get-pip.py     && rm get-pip.py
#6 0.455 fetch https://dl-cdn.alpinelinux.org/alpine/v3.20/main/x86_64/APKINDEX.tar.gz
#6 0.696 fetch https://dl-cdn.alpinelinux.org/alpine/v3.20/community/x86_64/APKINDEX.tar.gz
#6 1.217 (1/21) Installing libbz2 (1.0.8-r6)
#6 1.221 (2/21) Installing libexpat (2.6.2-r0)
#6 1.226 (3/21) Installing libffi (3.4.6-r0)
#6 1.228 (4/21) Installing gdbm (1.23-r1)
#6 1.251 (5/21) Installing xz-libs (5.6.1-r3)
#6 1.267 (6/21) Installing libgcc (13.2.1_git20240309-r0)
#6 1.271 (7/21) Installing libstdc++ (13.2.1_git20240309-r0)
#6 1.295 (8/21) Installing mpdecimal (4.0.0-r0)
#6 1.300 (9/21) Installing ncurses-terminfo-base (6.4_p20240420-r0)
#6 1.325 (10/21) Installing libncursesw (6.4_p20240420-r0)
#6 1.333 (11/21) Installing libpanelw (6.4_p20240420-r0)
#6 1.335 (12/21) Installing readline (8.2.10-r0)
#6 1.341 (13/21) Installing sqlite-libs (3.45.3-r1)
#6 1.361 (14/21) Installing python3 (3.12.3-r1)
#6 1.668 (15/21) Installing python3-pycache-pyc0 (3.12.3-r1)
#6 1.913 (16/21) Installing pyc (3.12.3-r1)
#6 1.915 (17/21) Installing python3-pyc (3.12.3-r1)
#6 1.916 (18/21) Installing libunistring (1.2-r0)
#6 1.934 (19/21) Installing libidn2 (2.3.7-r0)
#6 1.941 (20/21) Installing pcre2 (10.43-r0)
#6 1.952 (21/21) Installing wget (1.24.5-r0)
#6 1.961 Executing busybox-1.36.1-r29.trigger
#6 1.967 OK: 53 MiB in 35 packages
#6 2.038 --2024-07-31 22:34:58--  https://bootstrap.pypa.io/get-pip.py
#6 2.061 Resolving bootstrap.pypa.io (bootstrap.pypa.io)... 151.101.128.175, 151.101.64.175, 151.101.0.175, ...
#6 2.062 Connecting to bootstrap.pypa.io (bootstrap.pypa.io)|151.101.128.175|:443... connected.
#6 2.069 HTTP request sent, awaiting response... 200 OK
#6 2.074 Length: 2266755 (2.2M) [text/x-python]
#6 2.074 Saving to: 'get-pip.py'
#6 2.074 
#6 2.074      0K .......... .......... .......... .......... ..........  2% 37.5M 0s
#6 2.075     50K .......... .......... .......... .......... ..........  4%  101M 0s
#6 2.076    100K .......... .......... .......... .......... ..........  6% 47.1M 0s
#6 2.077    150K .......... .......... .......... .......... ..........  9% 97.9M 0s
#6 2.077    200K .......... .......... .......... .......... .......... 11% 97.3M 0s
#6 2.078    250K .......... .......... .......... .......... .......... 13%  117M 0s
#6 2.078    300K .......... .......... .......... .......... .......... 15%  108M 0s
#6 2.079    350K .......... .......... .......... .......... .......... 18% 93.4M 0s
#6 2.079    400K .......... .......... .......... .......... .......... 20%  119M 0s
#6 2.079    450K .......... .......... .......... .......... .......... 22%  112M 0s
#6 2.080    500K .......... .......... .......... .......... .......... 24%  101M 0s
#6 2.080    550K .......... .......... .......... .......... .......... 27%  117M 0s
#6 2.081    600K .......... .......... .......... .......... .......... 29% 86.9M 0s
#6 2.081    650K .......... .......... .......... .......... .......... 31% 92.0M 0s
#6 2.082    700K .......... .......... .......... .......... .......... 33% 90.5M 0s
#6 2.083    750K .......... .......... .......... .......... .......... 36% 86.5M 0s
#6 2.083    800K .......... .......... .......... .......... .......... 38%  113M 0s
#6 2.083    850K .......... .......... .......... .......... .......... 40%  110M 0s
#6 2.084    900K .......... .......... .......... .......... .......... 42%  122M 0s
#6 2.084    950K .......... .......... .......... .......... .......... 45% 94.6M 0s
#6 2.085   1000K .......... .......... .......... .......... .......... 47%  114M 0s
#6 2.085   1050K .......... .......... .......... .......... .......... 49%  122M 0s
#6 2.086   1100K .......... .......... .......... .......... .......... 51%  121M 0s
#6 2.086   1150K .......... .......... .......... .......... .......... 54%  126M 0s
#6 2.086   1200K .......... .......... .......... .......... .......... 56%  127M 0s
#6 2.087   1250K .......... .......... .......... .......... .......... 58% 93.7M 0s
#6 2.087   1300K .......... .......... .......... .......... .......... 60%  123M 0s
#6 2.088   1350K .......... .......... .......... .......... .......... 63%  114M 0s
#6 2.088   1400K .......... .......... .......... .......... .......... 65%  125M 0s
#6 2.089   1450K .......... .......... .......... .......... .......... 67%  123M 0s
#6 2.089   1500K .......... .......... .......... .......... .......... 70%  133M 0s
#6 2.089   1550K .......... .......... .......... .......... .......... 72% 90.2M 0s
#6 2.090   1600K .......... .......... .......... .......... .......... 74%  123M 0s
#6 2.090   1650K .......... .......... .......... .......... .......... 76%  126M 0s
#6 2.091   1700K .......... .......... .......... .......... .......... 79%  123M 0s
#6 2.091   1750K .......... .......... .......... .......... .......... 81%  108M 0s
#6 2.091   1800K .......... .......... .......... .......... .......... 83%  113M 0s
#6 2.092   1850K .......... .......... .......... .......... .......... 85%  111M 0s
#6 2.092   1900K .......... .......... .......... .......... .......... 88%  122M 0s
#6 2.093   1950K .......... .......... .......... .......... .......... 90% 92.7M 0s
#6 2.093   2000K .......... .......... .......... .......... .......... 92%  121M 0s
#6 2.094   2050K .......... .......... .......... .......... .......... 94%  125M 0s
#6 2.094   2100K .......... .......... .......... .......... .......... 97%  133M 0s
#6 2.094   2150K .......... .......... .......... .......... .......... 99%  117M 0s
#6 2.095   2200K .......... ...                                        100%  121M=0.02s
#6 2.095 
#6 2.095 2024-07-31 22:34:58 (102 MB/s) - 'get-pip.py' saved [2266755/2266755]
#6 2.095 
#6 2.478 (1/4) Purging wget (1.24.5-r0)
#6 2.478 (2/4) Purging libidn2 (2.3.7-r0)
#6 2.478 (3/4) Purging libunistring (1.2-r0)
#6 2.479 (4/4) Purging pcre2 (10.43-r0)
#6 2.479 Executing busybox-1.36.1-r29.trigger
#6 2.485 OK: 50 MiB in 31 packages
#6 5.213 error: externally-managed-environment
#6 5.213 
#6 5.213 × This environment is externally managed
#6 5.213 ╰─> 
#6 5.213     The system-wide python installation should be maintained using the system
#6 5.213     package manager (apk) only.
#6 5.213     
#6 5.213     If the package in question is not packaged already (and hence installable via
#6 5.213     "apk add py3-somepackage"), please consider installing it inside a virtual
#6 5.213     environment, e.g.:
#6 5.213     
#6 5.213     python3 -m venv /path/to/venv
#6 5.213     . /path/to/venv/bin/activate
#6 5.213     pip install mypackage
#6 5.213     
#6 5.213     To exit the virtual environment, run:
#6 5.213     
#6 5.213     deactivate
#6 5.213     
#6 5.213     The virtual environment is not deleted, and can be re-entered by re-sourcing
#6 5.213     the activate file.
#6 5.213     
#6 5.213     To automatically manage virtual environments, consider using pipx (from the
#6 5.213     pipx package).
#6 5.213 
#6 5.213 note: If you believe this is a mistake, please contact your Python installation or OS distribution provider. You can override this, at the risk of breaking your Python installation or OS, by passing --break-system-packages.
#6 5.213 hint: See PEP 668 for the detailed specification.
#6 ERROR: process "/bin/sh -c apk add --update python3 wget     && wget --no-check-certificate https://bootstrap.pypa.io/get-pip.py     && apk del wget     && python3 get-pip.py     && rm get-pip.py" did not complete successfully: exit code: 1
------
 > [2/5] RUN apk add --update python3 wget     && wget --no-check-certificate https://bootstrap.pypa.io/get-pip.py     && apk del wget     && python3 get-pip.py     && rm get-pip.py:
5.213     deactivate
5.213     
5.213     The virtual environment is not deleted, and can be re-entered by re-sourcing
5.213     the activate file.
5.213     
5.213     To automatically manage virtual environments, consider using pipx (from the
5.213     pipx package).
5.213 
5.213 note: If you believe this is a mistake, please contact your Python installation or OS distribution provider. You can override this, at the risk of breaking your Python installation or OS, by passing --break-system-packages.
5.213 hint: See PEP 668 for the detailed specification.
------
v1_Dockerfile:3
--------------------
   2 |     
   3 | >>> RUN apk add --update python3 wget \
   4 | >>>     && wget --no-check-certificate https://bootstrap.pypa.io/get-pip.py \
   5 | >>>     && apk del wget \
   6 | >>>     && python3 get-pip.py \
   7 | >>>     && rm get-pip.py
   8 |     
--------------------
ERROR: failed to solve: process "/bin/sh -c apk add --update python3 wget     && wget --no-check-certificate https://bootstrap.pypa.io/get-pip.py     && apk del wget     && python3 get-pip.py     && rm get-pip.py" did not complete successfully: exit code: 1
Duration: 0:9.98