#0 building with "default" instance using docker driver

#1 [internal] load build definition from Dockerfile
#1 transferring dockerfile:
#1 transferring dockerfile: 637B done
#1 DONE 0.3s

#2 [internal] load .dockerignore
#2 transferring context: 2B done
#2 DONE 0.4s

#3 [internal] load metadata for docker.io/library/haskell:8.8
#3 ...

#4 [auth] library/debian:pull token for registry-1.docker.io
#4 DONE 0.0s

#5 [auth] library/haskell:pull token for registry-1.docker.io
#5 DONE 0.0s

#6 [internal] load metadata for docker.io/library/debian:stretch-slim
#6 DONE 1.7s

#3 [internal] load metadata for docker.io/library/haskell:8.8
#3 DONE 1.9s

#7 [internal] load build context
#7 DONE 0.0s

#8 [build 1/6] FROM docker.io/library/haskell:8.8@sha256:b6ef32c8805ef8601db1c90fae177c9b8c069fb992660ebc5c2eaae1e71b8ce4
#8 resolve docker.io/library/haskell:8.8@sha256:b6ef32c8805ef8601db1c90fae177c9b8c069fb992660ebc5c2eaae1e71b8ce4
#8 resolve docker.io/library/haskell:8.8@sha256:b6ef32c8805ef8601db1c90fae177c9b8c069fb992660ebc5c2eaae1e71b8ce4 0.4s done
#8 sha256:b6ef32c8805ef8601db1c90fae177c9b8c069fb992660ebc5c2eaae1e71b8ce4 320B / 320B done
#8 sha256:a2fff27f485dac664822ed6da4f4af5235b4889044a120d865a7c6b8eae2f476 1.17kB / 1.17kB done
#8 sha256:13ae59f753e1c454cf392b4b19a4578492b2438d045342ab6f669a812c7c6987 5.63kB / 5.63kB done
#8 sha256:2ad260544cf2fa38f837713f9084f14a108fd6885600daacbb694d8dbca3c3e5 0B / 13.85MB 0.5s
#8 sha256:8dceab098e7c2bbb31a716f0df40a35edffab228da4716935da12eed324189de 0B / 278.86MB 0.5s
#8 sha256:004f1eed87df3f75f5e2a1a649fa7edd7f713d1300532fd0909bb39cd48437d7 0B / 50.43MB 0.6s
#8 ...

#7 [internal] load build context
#7 transferring context: 711.46kB 0.4s done
#7 DONE 1.0s

#9 [stage-1 1/3] FROM docker.io/library/debian:stretch-slim@sha256:abaa313c7e1dfe16069a1a42fa254014780f165d4fd084844602edbe29915e70
#9 resolve docker.io/library/debian:stretch-slim@sha256:abaa313c7e1dfe16069a1a42fa254014780f165d4fd084844602edbe29915e70 0.4s done
#9 sha256:abaa313c7e1dfe16069a1a42fa254014780f165d4fd084844602edbe29915e70 1.21kB / 1.21kB done
#9 sha256:c5cd3ffceeb25b683bf5111ea89bf8049a177e00fb237235d48076a19cc80097 529B / 529B done
#9 sha256:0e23ec2ce5e621c0e8fa57a53c7781d59d57de8c139a8a351b7236530cd85ec2 1.46kB / 1.46kB done
#9 DONE 1.4s

#8 [build 1/6] FROM docker.io/library/haskell:8.8@sha256:b6ef32c8805ef8601db1c90fae177c9b8c069fb992660ebc5c2eaae1e71b8ce4
#8 sha256:2ad260544cf2fa38f837713f9084f14a108fd6885600daacbb694d8dbca3c3e5 1.05MB / 13.85MB 1.0s
#8 sha256:004f1eed87df3f75f5e2a1a649fa7edd7f713d1300532fd0909bb39cd48437d7 6.29MB / 50.43MB 1.0s
#8 sha256:2ad260544cf2fa38f837713f9084f14a108fd6885600daacbb694d8dbca3c3e5 3.34MB / 13.85MB 1.1s
#8 sha256:004f1eed87df3f75f5e2a1a649fa7edd7f713d1300532fd0909bb39cd48437d7 10.49MB / 50.43MB 1.1s
#8 sha256:2ad260544cf2fa38f837713f9084f14a108fd6885600daacbb694d8dbca3c3e5 11.53MB / 13.85MB 1.3s
#8 sha256:8dceab098e7c2bbb31a716f0df40a35edffab228da4716935da12eed324189de 17.83MB / 278.86MB 1.3s
#8 sha256:004f1eed87df3f75f5e2a1a649fa7edd7f713d1300532fd0909bb39cd48437d7 16.78MB / 50.43MB 1.3s
#8 sha256:2ad260544cf2fa38f837713f9084f14a108fd6885600daacbb694d8dbca3c3e5 13.85MB / 13.85MB 1.4s
#8 sha256:004f1eed87df3f75f5e2a1a649fa7edd7f713d1300532fd0909bb39cd48437d7 19.92MB / 50.43MB 1.4s
#8 sha256:2ad260544cf2fa38f837713f9084f14a108fd6885600daacbb694d8dbca3c3e5 13.85MB / 13.85MB 1.6s done
#8 sha256:004f1eed87df3f75f5e2a1a649fa7edd7f713d1300532fd0909bb39cd48437d7 30.41MB / 50.43MB 1.6s
#8 sha256:8dceab098e7c2bbb31a716f0df40a35edffab228da4716935da12eed324189de 32.51MB / 278.86MB 1.7s
#8 sha256:004f1eed87df3f75f5e2a1a649fa7edd7f713d1300532fd0909bb39cd48437d7 33.55MB / 50.43MB 1.7s
#8 sha256:3d0bde5fad4d7b2b5dfa5c2f14477bea7695c862b5f38178c200d21645ff8bee 0B / 14.56MB 1.7s
#8 sha256:004f1eed87df3f75f5e2a1a649fa7edd7f713d1300532fd0909bb39cd48437d7 40.89MB / 50.43MB 1.9s
#8 sha256:8dceab098e7c2bbb31a716f0df40a35edffab228da4716935da12eed324189de 49.28MB / 278.86MB 2.0s
#8 sha256:004f1eed87df3f75f5e2a1a649fa7edd7f713d1300532fd0909bb39cd48437d7 45.09MB / 50.43MB 2.0s
#8 sha256:004f1eed87df3f75f5e2a1a649fa7edd7f713d1300532fd0909bb39cd48437d7 50.43MB / 50.43MB 2.2s
#8 sha256:8dceab098e7c2bbb31a716f0df40a35edffab228da4716935da12eed324189de 74.45MB / 278.86MB 2.4s
#8 sha256:3d0bde5fad4d7b2b5dfa5c2f14477bea7695c862b5f38178c200d21645ff8bee 1.05MB / 14.56MB 2.5s
#8 sha256:8dceab098e7c2bbb31a716f0df40a35edffab228da4716935da12eed324189de 92.27MB / 278.86MB 2.7s
#8 sha256:3d0bde5fad4d7b2b5dfa5c2f14477bea7695c862b5f38178c200d21645ff8bee 7.34MB / 14.56MB 2.7s
#8 sha256:3d0bde5fad4d7b2b5dfa5c2f14477bea7695c862b5f38178c200d21645ff8bee 13.63MB / 14.56MB 2.8s
#8 sha256:3d0bde5fad4d7b2b5dfa5c2f14477bea7695c862b5f38178c200d21645ff8bee 14.56MB / 14.56MB 2.9s
#8 sha256:004f1eed87df3f75f5e2a1a649fa7edd7f713d1300532fd0909bb39cd48437d7 50.43MB / 50.43MB 2.9s done
#8 extracting sha256:004f1eed87df3f75f5e2a1a649fa7edd7f713d1300532fd0909bb39cd48437d7
#8 sha256:8dceab098e7c2bbb31a716f0df40a35edffab228da4716935da12eed324189de 110.10MB / 278.86MB 3.2s
#8 sha256:3d0bde5fad4d7b2b5dfa5c2f14477bea7695c862b5f38178c200d21645ff8bee 14.56MB / 14.56MB 3.2s done
#8 sha256:8dceab098e7c2bbb31a716f0df40a35edffab228da4716935da12eed324189de 126.88MB / 278.86MB 3.6s
#8 sha256:8dceab098e7c2bbb31a716f0df40a35edffab228da4716935da12eed324189de 146.80MB / 278.86MB 4.0s
#8 sha256:8dceab098e7c2bbb31a716f0df40a35edffab228da4716935da12eed324189de 162.53MB / 278.86MB 4.3s
#8 sha256:8dceab098e7c2bbb31a716f0df40a35edffab228da4716935da12eed324189de 182.45MB / 278.86MB 4.7s
#8 sha256:8dceab098e7c2bbb31a716f0df40a35edffab228da4716935da12eed324189de 197.13MB / 278.86MB 5.0s
#8 sha256:8dceab098e7c2bbb31a716f0df40a35edffab228da4716935da12eed324189de 218.10MB / 278.86MB 5.3s
#8 sha256:8dceab098e7c2bbb31a716f0df40a35edffab228da4716935da12eed324189de 232.17MB / 278.86MB 5.5s
#8 sha256:8dceab098e7c2bbb31a716f0df40a35edffab228da4716935da12eed324189de 251.66MB / 278.86MB 5.9s
#8 extracting sha256:004f1eed87df3f75f5e2a1a649fa7edd7f713d1300532fd0909bb39cd48437d7 2.8s done
#8 sha256:8dceab098e7c2bbb31a716f0df40a35edffab228da4716935da12eed324189de 267.39MB / 278.86MB 6.2s
#8 sha256:8dceab098e7c2bbb31a716f0df40a35edffab228da4716935da12eed324189de 278.86MB / 278.86MB 10.0s done
#8 CANCELED

#10 [stage-1 2/3] RUN apt-get update &&   apt-get install -y     libgmp10     libc6     &&   apt-get autoremove -y &&   apt-get clean -y &&   rm -rf /var/lib/apt/lists/*
#10 0.644 Ign:1 http://deb.debian.org/debian stretch InRelease
#10 0.675 Ign:2 http://security.debian.org/debian-security stretch/updates InRelease
#10 0.810 Ign:3 http://deb.debian.org/debian stretch-updates InRelease
#10 0.821 Ign:4 http://security.debian.org/debian-security stretch/updates Release
#10 0.823 Ign:5 http://security.debian.org/debian-security stretch/updates/main amd64 Packages
#10 0.962 Ign:6 http://deb.debian.org/debian stretch Release
#10 0.973 Ign:7 http://security.debian.org/debian-security stretch/updates/main all Packages
#10 0.976 Ign:5 http://security.debian.org/debian-security stretch/updates/main amd64 Packages
#10 1.121 Ign:8 http://deb.debian.org/debian stretch-updates Release
#10 1.131 Ign:7 http://security.debian.org/debian-security stretch/updates/main all Packages
#10 1.132 Ign:9 http://deb.debian.org/debian stretch/main amd64 Packages
#10 1.294 Ign:10 http://deb.debian.org/debian stretch/main all Packages
#10 1.438 Ign:5 http://security.debian.org/debian-security stretch/updates/main amd64 Packages
#10 1.449 Ign:11 http://deb.debian.org/debian stretch-updates/main all Packages
#10 1.460 Ign:12 http://deb.debian.org/debian stretch-updates/main amd64 Packages
#10 1.470 Ign:9 http://deb.debian.org/debian stretch/main amd64 Packages
#10 1.588 Ign:7 http://security.debian.org/debian-security stretch/updates/main all Packages
#10 1.591 Ign:5 http://security.debian.org/debian-security stretch/updates/main amd64 Packages
#10 1.632 Ign:10 http://deb.debian.org/debian stretch/main all Packages
#10 1.745 Ign:7 http://security.debian.org/debian-security stretch/updates/main all Packages
#10 1.787 Ign:11 http://deb.debian.org/debian stretch-updates/main all Packages
#10 1.799 Ign:12 http://deb.debian.org/debian stretch-updates/main amd64 Packages
#10 1.810 Ign:9 http://deb.debian.org/debian stretch/main amd64 Packages
#10 1.969 Ign:10 http://deb.debian.org/debian stretch/main all Packages
#10 2.047 Ign:5 http://security.debian.org/debian-security stretch/updates/main amd64 Packages
#10 2.127 Ign:11 http://deb.debian.org/debian stretch-updates/main all Packages
#10 2.138 Ign:12 http://deb.debian.org/debian stretch-updates/main amd64 Packages
#10 2.150 Ign:9 http://deb.debian.org/debian stretch/main amd64 Packages
#10 2.199 Ign:7 http://security.debian.org/debian-security stretch/updates/main all Packages
#10 2.308 Ign:10 http://deb.debian.org/debian stretch/main all Packages
#10 2.466 Ign:11 http://deb.debian.org/debian stretch-updates/main all Packages
#10 2.476 Ign:12 http://deb.debian.org/debian stretch-updates/main amd64 Packages
#10 2.487 Ign:9 http://deb.debian.org/debian stretch/main amd64 Packages
#10 2.498 Ign:10 http://deb.debian.org/debian stretch/main all Packages
#10 2.500 Err:5 http://security.debian.org/debian-security stretch/updates/main amd64 Packages
#10 2.500   404  Not Found [IP: 151.101.2.132 80]
#10 2.509 Ign:11 http://deb.debian.org/debian stretch-updates/main all Packages
#10 2.521 Ign:12 http://deb.debian.org/debian stretch-updates/main amd64 Packages
#10 2.531 Err:9 http://deb.debian.org/debian stretch/main amd64 Packages
#10 2.531   404  Not Found
#10 2.551 Ign:10 http://deb.debian.org/debian stretch/main all Packages
#10 2.564 Ign:11 http://deb.debian.org/debian stretch-updates/main all Packages
#10 2.575 Err:12 http://deb.debian.org/debian stretch-updates/main amd64 Packages
#10 2.575   404  Not Found
#10 2.653 Ign:7 http://security.debian.org/debian-security stretch/updates/main all Packages
#10 2.657 Reading package lists...
#10 2.666 W: The repository 'http://security.debian.org/debian-security stretch/updates Release' does not have a Release file.
#10 2.666 W: The repository 'http://deb.debian.org/debian stretch Release' does not have a Release file.
#10 2.666 W: The repository 'http://deb.debian.org/debian stretch-updates Release' does not have a Release file.
#10 2.666 E: Failed to fetch http://security.debian.org/debian-security/dists/stretch/updates/main/binary-amd64/Packages  404  Not Found [IP: 151.101.2.132 80]
#10 2.666 E: Failed to fetch http://deb.debian.org/debian/dists/stretch/main/binary-amd64/Packages  404  Not Found
#10 2.666 E: Failed to fetch http://deb.debian.org/debian/dists/stretch-updates/main/binary-amd64/Packages  404  Not Found
#10 2.666 E: Some index files failed to download. They have been ignored, or old ones used instead.
#10 ERROR: process "/bin/sh -c apt-get update &&   apt-get install -y     libgmp10     libc6     &&   apt-get autoremove -y &&   apt-get clean -y &&   rm -rf /var/lib/apt/lists/*" did not complete successfully: exit code: 100
------
 > [stage-1 2/3] RUN apt-get update &&   apt-get install -y     libgmp10     libc6     &&   apt-get autoremove -y &&   apt-get clean -y &&   rm -rf /var/lib/apt/lists/*:
2.575   404  Not Found
2.653 Ign:7 http://security.debian.org/debian-security stretch/updates/main all Packages
2.657 Reading package lists...
2.666 W: The repository 'http://security.debian.org/debian-security stretch/updates Release' does not have a Release file.
2.666 W: The repository 'http://deb.debian.org/debian stretch Release' does not have a Release file.
2.666 W: The repository 'http://deb.debian.org/debian stretch-updates Release' does not have a Release file.
2.666 E: Failed to fetch http://security.debian.org/debian-security/dists/stretch/updates/main/binary-amd64/Packages  404  Not Found [IP: 151.101.2.132 80]
2.666 E: Failed to fetch http://deb.debian.org/debian/dists/stretch/main/binary-amd64/Packages  404  Not Found
2.666 E: Failed to fetch http://deb.debian.org/debian/dists/stretch-updates/main/binary-amd64/Packages  404  Not Found
2.666 E: Some index files failed to download. They have been ignored, or old ones used instead.
------
Dockerfile:14
--------------------
  13 |     
  14 | >>> RUN apt-get update && \
  15 | >>>   apt-get install -y \
  16 | >>>     libgmp10 \
  17 | >>>     libc6 \
  18 | >>>     && \
  19 | >>>   apt-get autoremove -y && \
  20 | >>>   apt-get clean -y && \
  21 | >>>   rm -rf /var/lib/apt/lists/*
  22 |     
--------------------
ERROR: failed to solve: process "/bin/sh -c apt-get update &&   apt-get install -y     libgmp10     libc6     &&   apt-get autoremove -y &&   apt-get clean -y &&   rm -rf /var/lib/apt/lists/*" did not complete successfully: exit code: 100
Duration: 0:13.57