#0 building with "default" instance using docker driver

#1 [internal] load build definition from v1_Dockerfile
#1 transferring dockerfile:
#1 transferring dockerfile: 329B done
#1 ...

#2 [internal] load .dockerignore
#2 transferring context: 2B done
#2 DONE 0.5s

#1 [internal] load build definition from v1_Dockerfile
#1 DONE 0.7s

#3 [internal] load metadata for docker.io/library/php:5.6-apache
#3 DONE 0.5s

#4 [1/4] FROM docker.io/library/php:5.6-apache@sha256:0a40fd273961b99d8afe69a61a68c73c04bc0caa9de384d3b2dd9e7986eec86d
#4 resolve docker.io/library/php:5.6-apache@sha256:0a40fd273961b99d8afe69a61a68c73c04bc0caa9de384d3b2dd9e7986eec86d
#4 resolve docker.io/library/php:5.6-apache@sha256:0a40fd273961b99d8afe69a61a68c73c04bc0caa9de384d3b2dd9e7986eec86d 0.3s done
#4 sha256:0a40fd273961b99d8afe69a61a68c73c04bc0caa9de384d3b2dd9e7986eec86d 2.06kB / 2.06kB done
#4 sha256:24c791995c1e498255393db857040793a7a040fa0f8ddd4bbe8fb230648e37d7 12.45kB / 12.45kB done
#4 sha256:95f5e2cf93f20c1cd5199f9be5e28097c0317086c4f3492bf33a7d0dc4176b94 3.04kB / 3.04kB done
#4 sha256:cf165947b5b75ef63a7872634239e795a3063179895699dc8e0726f1039946b3 0B / 229B 0.1s
#4 sha256:5e6ec7f28fb77f84f64b8c29fcb0a746260563f5858315e3e9fcc4aee2844840 0B / 22.50MB 0.1s
#4 sha256:cf165947b5b75ef63a7872634239e795a3063179895699dc8e0726f1039946b3 229B / 229B 0.3s done
#4 sha256:5e6ec7f28fb77f84f64b8c29fcb0a746260563f5858315e3e9fcc4aee2844840 15.73MB / 22.50MB 0.3s
#4 sha256:7bd37682846da479bcfb64459fa36e043d3380a77b401f6de5b862d00d8dcebf 0B / 67.44MB 0.3s
#4 sha256:5e6ec7f28fb77f84f64b8c29fcb0a746260563f5858315e3e9fcc4aee2844840 22.50MB / 22.50MB 0.4s
#4 sha256:99daf8e838e14fb73055ddac03535d506dbf36a5a01c37497ff001c0dbd68f3e 0B / 181B 0.4s
#4 sha256:99daf8e838e14fb73055ddac03535d506dbf36a5a01c37497ff001c0dbd68f3e 181B / 181B 0.6s
#4 sha256:5e6ec7f28fb77f84f64b8c29fcb0a746260563f5858315e3e9fcc4aee2844840 22.50MB / 22.50MB 0.8s done
#4 sha256:7bd37682846da479bcfb64459fa36e043d3380a77b401f6de5b862d00d8dcebf 4.19MB / 67.44MB 0.8s
#4 sha256:99daf8e838e14fb73055ddac03535d506dbf36a5a01c37497ff001c0dbd68f3e 181B / 181B 0.8s done
#4 extracting sha256:5e6ec7f28fb77f84f64b8c29fcb0a746260563f5858315e3e9fcc4aee2844840
#4 sha256:ae320713efba9e138236c82142d67bd9d5f05ef4d4a3de877e7aa27d1456ce3e 0B / 17.13MB 0.9s
#4 sha256:ebcb99c48d8c8dd49d64a2d097966dacca7117b4381a54b6835b0afa487e9814 0B / 1.34kB 1.0s
#4 sha256:ae320713efba9e138236c82142d67bd9d5f05ef4d4a3de877e7aa27d1456ce3e 4.19MB / 17.13MB 1.1s
#4 sha256:ebcb99c48d8c8dd49d64a2d097966dacca7117b4381a54b6835b0afa487e9814 1.34kB / 1.34kB 1.1s
#4 sha256:ae320713efba9e138236c82142d67bd9d5f05ef4d4a3de877e7aa27d1456ce3e 7.34MB / 17.13MB 1.2s
#4 sha256:ebcb99c48d8c8dd49d64a2d097966dacca7117b4381a54b6835b0afa487e9814 1.34kB / 1.34kB 1.1s done
#4 sha256:9867e71b4ab60b84952cf76ca4f3446e994d0760b3d6e16658417c496656dca2 0B / 430B 1.2s
#4 sha256:ae320713efba9e138236c82142d67bd9d5f05ef4d4a3de877e7aa27d1456ce3e 10.49MB / 17.13MB 1.3s
#4 sha256:ae320713efba9e138236c82142d67bd9d5f05ef4d4a3de877e7aa27d1456ce3e 15.73MB / 17.13MB 1.4s
#4 sha256:9867e71b4ab60b84952cf76ca4f3446e994d0760b3d6e16658417c496656dca2 430B / 430B 1.4s done
#4 sha256:7bd37682846da479bcfb64459fa36e043d3380a77b401f6de5b862d00d8dcebf 8.39MB / 67.44MB 1.5s
#4 sha256:ae320713efba9e138236c82142d67bd9d5f05ef4d4a3de877e7aa27d1456ce3e 17.13MB / 17.13MB 1.5s
#4 sha256:936eb418164ae6e2bb965f03cb699d969f0ed568d0f965d6f276c944511dbcfb 0B / 487B 1.5s
#4 sha256:7bd37682846da479bcfb64459fa36e043d3380a77b401f6de5b862d00d8dcebf 12.58MB / 67.44MB 1.6s
#4 sha256:936eb418164ae6e2bb965f03cb699d969f0ed568d0f965d6f276c944511dbcfb 487B / 487B 1.6s
#4 sha256:7bd37682846da479bcfb64459fa36e043d3380a77b401f6de5b862d00d8dcebf 17.83MB / 67.44MB 1.7s
#4 sha256:7bd37682846da479bcfb64459fa36e043d3380a77b401f6de5b862d00d8dcebf 24.12MB / 67.44MB 1.8s
#4 sha256:ae320713efba9e138236c82142d67bd9d5f05ef4d4a3de877e7aa27d1456ce3e 17.13MB / 17.13MB 1.8s done
#4 sha256:936eb418164ae6e2bb965f03cb699d969f0ed568d0f965d6f276c944511dbcfb 487B / 487B 1.8s done
#4 sha256:7bd37682846da479bcfb64459fa36e043d3380a77b401f6de5b862d00d8dcebf 29.36MB / 67.44MB 1.9s
#4 sha256:bc298e7adaf7d0aa550c78b610cf10f7c71a414aee30948f132c0102579a54b9 0B / 12.82MB 1.9s
#4 sha256:7bd37682846da479bcfb64459fa36e043d3380a77b401f6de5b862d00d8dcebf 37.75MB / 67.44MB 2.1s
#4 sha256:bc298e7adaf7d0aa550c78b610cf10f7c71a414aee30948f132c0102579a54b9 5.24MB / 12.82MB 2.1s
#4 sha256:ccd61b587bcd1e85123c101e6bff7ab461b1070ca1758f6f6c53862a2a7b9d7f 498B / 498B 2.1s
#4 sha256:bc298e7adaf7d0aa550c78b610cf10f7c71a414aee30948f132c0102579a54b9 8.39MB / 12.82MB 2.2s
#4 sha256:ccd61b587bcd1e85123c101e6bff7ab461b1070ca1758f6f6c53862a2a7b9d7f 498B / 498B 2.2s done
#4 sha256:7bd37682846da479bcfb64459fa36e043d3380a77b401f6de5b862d00d8dcebf 49.28MB / 67.44MB 2.4s
#4 extracting sha256:5e6ec7f28fb77f84f64b8c29fcb0a746260563f5858315e3e9fcc4aee2844840 1.5s done
#4 sha256:bc298e7adaf7d0aa550c78b610cf10f7c71a414aee30948f132c0102579a54b9 12.82MB / 12.82MB 2.4s
#4 sha256:b2d4b347f67cc1279b9a7c3643a07d465ab3eac59b96b593be3466220747fd4e 1.05MB / 9.73MB 2.4s
#4 sha256:7bd37682846da479bcfb64459fa36e043d3380a77b401f6de5b862d00d8dcebf 53.48MB / 67.44MB 2.5s
#4 sha256:b2d4b347f67cc1279b9a7c3643a07d465ab3eac59b96b593be3466220747fd4e 4.19MB / 9.73MB 2.5s
#4 sha256:7bd37682846da479bcfb64459fa36e043d3380a77b401f6de5b862d00d8dcebf 57.67MB / 67.44MB 2.6s
#4 sha256:bc298e7adaf7d0aa550c78b610cf10f7c71a414aee30948f132c0102579a54b9 12.82MB / 12.82MB 2.6s done
#4 sha256:b2d4b347f67cc1279b9a7c3643a07d465ab3eac59b96b593be3466220747fd4e 7.34MB / 9.73MB 2.6s
#4 sha256:7bd37682846da479bcfb64459fa36e043d3380a77b401f6de5b862d00d8dcebf 67.44MB / 67.44MB 2.8s
#4 sha256:b2d4b347f67cc1279b9a7c3643a07d465ab3eac59b96b593be3466220747fd4e 9.73MB / 9.73MB 2.8s
#4 sha256:56e9dde341528a1f5e6bde75bdc8679cb232d3d4c76c319bf4e6bfbaacf21ba7 2.20kB / 2.20kB 2.8s
#4 extracting sha256:cf165947b5b75ef63a7872634239e795a3063179895699dc8e0726f1039946b3
#4 sha256:b2d4b347f67cc1279b9a7c3643a07d465ab3eac59b96b593be3466220747fd4e 9.73MB / 9.73MB 2.9s done
#4 extracting sha256:cf165947b5b75ef63a7872634239e795a3063179895699dc8e0726f1039946b3 done
#4 sha256:7bd37682846da479bcfb64459fa36e043d3380a77b401f6de5b862d00d8dcebf 67.44MB / 67.44MB 4.0s done
#4 sha256:56e9dde341528a1f5e6bde75bdc8679cb232d3d4c76c319bf4e6bfbaacf21ba7 2.20kB / 2.20kB 4.1s done
#4 sha256:9ad99b17eb781e5b1e2d8d71ea4327547e082ceb262544e100bb077da9695e75 0B / 906B 4.3s
#4 sha256:9ad99b17eb781e5b1e2d8d71ea4327547e082ceb262544e100bb077da9695e75 906B / 906B 4.4s done
#4 extracting sha256:7bd37682846da479bcfb64459fa36e043d3380a77b401f6de5b862d00d8dcebf 0.1s
#4 extracting sha256:7bd37682846da479bcfb64459fa36e043d3380a77b401f6de5b862d00d8dcebf 4.2s done
#4 extracting sha256:99daf8e838e14fb73055ddac03535d506dbf36a5a01c37497ff001c0dbd68f3e
#4 extracting sha256:99daf8e838e14fb73055ddac03535d506dbf36a5a01c37497ff001c0dbd68f3e done
#4 extracting sha256:ae320713efba9e138236c82142d67bd9d5f05ef4d4a3de877e7aa27d1456ce3e
#4 extracting sha256:ae320713efba9e138236c82142d67bd9d5f05ef4d4a3de877e7aa27d1456ce3e 0.9s done
#4 extracting sha256:ebcb99c48d8c8dd49d64a2d097966dacca7117b4381a54b6835b0afa487e9814
#4 extracting sha256:ebcb99c48d8c8dd49d64a2d097966dacca7117b4381a54b6835b0afa487e9814 done
#4 extracting sha256:9867e71b4ab60b84952cf76ca4f3446e994d0760b3d6e16658417c496656dca2
#4 extracting sha256:9867e71b4ab60b84952cf76ca4f3446e994d0760b3d6e16658417c496656dca2 done
#4 extracting sha256:936eb418164ae6e2bb965f03cb699d969f0ed568d0f965d6f276c944511dbcfb
#4 extracting sha256:936eb418164ae6e2bb965f03cb699d969f0ed568d0f965d6f276c944511dbcfb done
#4 extracting sha256:bc298e7adaf7d0aa550c78b610cf10f7c71a414aee30948f132c0102579a54b9
#4 extracting sha256:bc298e7adaf7d0aa550c78b610cf10f7c71a414aee30948f132c0102579a54b9 0.2s done
#4 extracting sha256:ccd61b587bcd1e85123c101e6bff7ab461b1070ca1758f6f6c53862a2a7b9d7f
#4 extracting sha256:ccd61b587bcd1e85123c101e6bff7ab461b1070ca1758f6f6c53862a2a7b9d7f done
#4 extracting sha256:b2d4b347f67cc1279b9a7c3643a07d465ab3eac59b96b593be3466220747fd4e
#4 extracting sha256:b2d4b347f67cc1279b9a7c3643a07d465ab3eac59b96b593be3466220747fd4e 0.6s done
#4 extracting sha256:56e9dde341528a1f5e6bde75bdc8679cb232d3d4c76c319bf4e6bfbaacf21ba7
#4 extracting sha256:56e9dde341528a1f5e6bde75bdc8679cb232d3d4c76c319bf4e6bfbaacf21ba7 done
#4 extracting sha256:9ad99b17eb781e5b1e2d8d71ea4327547e082ceb262544e100bb077da9695e75
#4 extracting sha256:9ad99b17eb781e5b1e2d8d71ea4327547e082ceb262544e100bb077da9695e75 done
#4 DONE 16.2s

#5 [2/4] RUN a2enmod rewrite
#5 0.552 Enabling module rewrite.
#5 0.557 To activate the new configuration, you need to run:
#5 0.557   service apache2 restart
#5 DONE 10.4s

#6 [3/4] RUN echo "date.timezone = Europe/London" > /usr/local/etc/php/conf.d/timezone.ini
#6 DONE 1.0s

#7 [4/4] RUN apt-get update && apt-get install -y libmcrypt-dev     && docker-php-ext-install mcrypt     && apt-get clean     && rm -rf /var/lib/apt/lists/*
#7 0.755 Ign:1 http://security.debian.org/debian-security stretch/updates InRelease
#7 0.758 Ign:2 http://security.debian.org/debian-security stretch/updates Release
#7 0.760 Ign:3 http://security.debian.org/debian-security stretch/updates/main amd64 Packages
#7 0.763 Ign:4 http://security.debian.org/debian-security stretch/updates/main all Packages
#7 0.765 Ign:3 http://security.debian.org/debian-security stretch/updates/main amd64 Packages
#7 0.767 Ign:4 http://security.debian.org/debian-security stretch/updates/main all Packages
#7 0.770 Ign:3 http://security.debian.org/debian-security stretch/updates/main amd64 Packages
#7 0.772 Ign:4 http://security.debian.org/debian-security stretch/updates/main all Packages
#7 0.775 Ign:3 http://security.debian.org/debian-security stretch/updates/main amd64 Packages
#7 0.777 Ign:4 http://security.debian.org/debian-security stretch/updates/main all Packages
#7 0.779 Ign:3 http://security.debian.org/debian-security stretch/updates/main amd64 Packages
#7 0.782 Ign:4 http://security.debian.org/debian-security stretch/updates/main all Packages
#7 0.783 Err:3 http://security.debian.org/debian-security stretch/updates/main amd64 Packages
#7 0.783   404  Not Found [IP: 151.101.2.132 80]
#7 0.784 Ign:5 http://deb.debian.org/debian stretch InRelease
#7 0.785 Ign:4 http://security.debian.org/debian-security stretch/updates/main all Packages
#7 0.793 Ign:6 http://deb.debian.org/debian stretch-updates InRelease
#7 0.805 Ign:7 http://deb.debian.org/debian stretch Release
#7 0.815 Ign:8 http://deb.debian.org/debian stretch-updates Release
#7 0.825 Ign:9 http://deb.debian.org/debian stretch/main amd64 Packages
#7 0.835 Ign:10 http://deb.debian.org/debian stretch/main all Packages
#7 0.846 Ign:11 http://deb.debian.org/debian stretch-updates/main all Packages
#7 0.857 Ign:12 http://deb.debian.org/debian stretch-updates/main amd64 Packages
#7 0.872 Ign:9 http://deb.debian.org/debian stretch/main amd64 Packages
#7 0.881 Ign:10 http://deb.debian.org/debian stretch/main all Packages
#7 0.891 Ign:11 http://deb.debian.org/debian stretch-updates/main all Packages
#7 0.900 Ign:12 http://deb.debian.org/debian stretch-updates/main amd64 Packages
#7 0.910 Ign:9 http://deb.debian.org/debian stretch/main amd64 Packages
#7 0.919 Ign:10 http://deb.debian.org/debian stretch/main all Packages
#7 0.929 Ign:11 http://deb.debian.org/debian stretch-updates/main all Packages
#7 0.939 Ign:12 http://deb.debian.org/debian stretch-updates/main amd64 Packages
#7 0.949 Ign:9 http://deb.debian.org/debian stretch/main amd64 Packages
#7 0.958 Ign:10 http://deb.debian.org/debian stretch/main all Packages
#7 0.968 Ign:11 http://deb.debian.org/debian stretch-updates/main all Packages
#7 0.977 Ign:12 http://deb.debian.org/debian stretch-updates/main amd64 Packages
#7 0.986 Ign:9 http://deb.debian.org/debian stretch/main amd64 Packages
#7 0.996 Ign:10 http://deb.debian.org/debian stretch/main all Packages
#7 1.005 Ign:11 http://deb.debian.org/debian stretch-updates/main all Packages
#7 1.015 Ign:12 http://deb.debian.org/debian stretch-updates/main amd64 Packages
#7 1.026 Err:9 http://deb.debian.org/debian stretch/main amd64 Packages
#7 1.026   404  Not Found
#7 1.044 Ign:10 http://deb.debian.org/debian stretch/main all Packages
#7 1.054 Ign:11 http://deb.debian.org/debian stretch-updates/main all Packages
#7 1.063 Err:12 http://deb.debian.org/debian stretch-updates/main amd64 Packages
#7 1.063   404  Not Found
#7 1.067 Reading package lists...
#7 1.077 W: The repository 'http://security.debian.org/debian-security stretch/updates Release' does not have a Release file.
#7 1.077 W: The repository 'http://deb.debian.org/debian stretch Release' does not have a Release file.
#7 1.077 W: The repository 'http://deb.debian.org/debian stretch-updates Release' does not have a Release file.
#7 1.077 E: Failed to fetch http://security.debian.org/debian-security/dists/stretch/updates/main/binary-amd64/Packages  404  Not Found [IP: 151.101.2.132 80]
#7 1.077 E: Failed to fetch http://deb.debian.org/debian/dists/stretch/main/binary-amd64/Packages  404  Not Found
#7 1.077 E: Failed to fetch http://deb.debian.org/debian/dists/stretch-updates/main/binary-amd64/Packages  404  Not Found
#7 1.077 E: Some index files failed to download. They have been ignored, or old ones used instead.
#7 ERROR: process "/bin/sh -c apt-get update && apt-get install -y libmcrypt-dev     && docker-php-ext-install mcrypt     && apt-get clean     && rm -rf /var/lib/apt/lists/*" did not complete successfully: exit code: 100
------
 > [4/4] RUN apt-get update && apt-get install -y libmcrypt-dev     && docker-php-ext-install mcrypt     && apt-get clean     && rm -rf /var/lib/apt/lists/*:
1.063 Err:12 http://deb.debian.org/debian stretch-updates/main amd64 Packages
1.063   404  Not Found
1.067 Reading package lists...
1.077 W: The repository 'http://security.debian.org/debian-security stretch/updates Release' does not have a Release file.
1.077 W: The repository 'http://deb.debian.org/debian stretch Release' does not have a Release file.
1.077 W: The repository 'http://deb.debian.org/debian stretch-updates Release' does not have a Release file.
1.077 E: Failed to fetch http://security.debian.org/debian-security/dists/stretch/updates/main/binary-amd64/Packages  404  Not Found [IP: 151.101.2.132 80]
1.077 E: Failed to fetch http://deb.debian.org/debian/dists/stretch/main/binary-amd64/Packages  404  Not Found
1.077 E: Failed to fetch http://deb.debian.org/debian/dists/stretch-updates/main/binary-amd64/Packages  404  Not Found
1.077 E: Some index files failed to download. They have been ignored, or old ones used instead.
------
v1_Dockerfile:8
--------------------
   7 |     # mcrypt
   8 | >>> RUN apt-get update && apt-get install -y libmcrypt-dev \
   9 | >>>     && docker-php-ext-install mcrypt \
  10 | >>>     && apt-get clean \
  11 | >>>     && rm -rf /var/lib/apt/lists/*
--------------------
ERROR: failed to solve: process "/bin/sh -c apt-get update && apt-get install -y libmcrypt-dev     && docker-php-ext-install mcrypt     && apt-get clean     && rm -rf /var/lib/apt/lists/*" did not complete successfully: exit code: 100
Duration: 0:30.59