#0 building with "default" instance using docker driver

#1 [internal] load .dockerignore
#1 transferring context:
#1 ...

#2 [internal] load build definition from v1_Dockerfile
#2 transferring dockerfile: 535B done
#2 DONE 0.4s

#1 [internal] load .dockerignore
#1 transferring context: 2B done
#1 DONE 0.5s

#3 [internal] load metadata for docker.io/library/python:3.7.3
#3 ...

#4 [auth] library/python:pull token for registry-1.docker.io
#4 DONE 0.0s

#3 [internal] load metadata for docker.io/library/python:3.7.3
#3 DONE 1.3s

#5 [internal] load build context
#5 DONE 0.0s

#6 [1/6] FROM docker.io/library/python:3.7.3@sha256:9e0b4f32487ca1863b45383420b8db77990debae748e2e875d2f86fa9510d4a5
#6 resolve docker.io/library/python:3.7.3@sha256:9e0b4f32487ca1863b45383420b8db77990debae748e2e875d2f86fa9510d4a5 0.1s done
#6 sha256:e3e087ca7fe013554b3a8b8d4088ab33a9f13af85b5c3f37cd4e69a8e53f14e1 2.22kB / 2.22kB done
#6 sha256:9e0b4f32487ca1863b45383420b8db77990debae748e2e875d2f86fa9510d4a5 2.38kB / 2.38kB done
#6 sha256:34a518642c76e77f0cace72bd993352ac99802c3295931f70a407b735ecb6e27 7.39kB / 7.39kB done
#6 sha256:494c27a8a6b820f9167ec7e368b3a9bb47d7029f4dc8c97c67091f3757a5bc4e 0B / 10.79MB 0.1s
#6 sha256:7596bb83081b6c8410df557d538a0ae45922cbf81e469c6f4cfa835247cb24ab 0B / 4.34MB 0.2s
#6 sha256:494c27a8a6b820f9167ec7e368b3a9bb47d7029f4dc8c97c67091f3757a5bc4e 7.34MB / 10.79MB 0.3s
#6 sha256:6f2f362378c5a6fd915d96d11dda1e0223ccf213bf121ace56ae0f6616ea1dc8 0B / 45.34MB 0.3s
#6 sha256:494c27a8a6b820f9167ec7e368b3a9bb47d7029f4dc8c97c67091f3757a5bc4e 10.79MB / 10.79MB 0.5s
#6 sha256:7596bb83081b6c8410df557d538a0ae45922cbf81e469c6f4cfa835247cb24ab 4.34MB / 4.34MB 0.5s
#6 sha256:6f2f362378c5a6fd915d96d11dda1e0223ccf213bf121ace56ae0f6616ea1dc8 10.49MB / 45.34MB 0.5s
#6 sha256:494c27a8a6b820f9167ec7e368b3a9bb47d7029f4dc8c97c67091f3757a5bc4e 10.79MB / 10.79MB 0.6s done
#6 sha256:6f2f362378c5a6fd915d96d11dda1e0223ccf213bf121ace56ae0f6616ea1dc8 15.73MB / 45.34MB 0.6s
#6 sha256:6f2f362378c5a6fd915d96d11dda1e0223ccf213bf121ace56ae0f6616ea1dc8 24.12MB / 45.34MB 0.7s
#6 ...

#5 [internal] load build context
#5 transferring context: 25.71MB 0.5s done
#5 DONE 1.0s

#6 [1/6] FROM docker.io/library/python:3.7.3@sha256:9e0b4f32487ca1863b45383420b8db77990debae748e2e875d2f86fa9510d4a5
#6 sha256:7596bb83081b6c8410df557d538a0ae45922cbf81e469c6f4cfa835247cb24ab 4.34MB / 4.34MB 0.7s done
#6 sha256:6f2f362378c5a6fd915d96d11dda1e0223ccf213bf121ace56ae0f6616ea1dc8 32.51MB / 45.34MB 0.8s
#6 sha256:6f2f362378c5a6fd915d96d11dda1e0223ccf213bf121ace56ae0f6616ea1dc8 45.09MB / 45.34MB 1.0s
#6 sha256:372744b62d49eba993652ee4a1201801fe278b687d85489101e07e7b9a4900e0 0B / 50.07MB 1.0s
#6 sha256:615db220d76c063138a2e6c5849703a7a80d682a682f7e1a841e6e7ed5f43879 0B / 215.08MB 1.0s
#6 sha256:372744b62d49eba993652ee4a1201801fe278b687d85489101e07e7b9a4900e0 13.63MB / 50.07MB 1.2s
#6 sha256:372744b62d49eba993652ee4a1201801fe278b687d85489101e07e7b9a4900e0 23.07MB / 50.07MB 1.4s
#6 sha256:615db220d76c063138a2e6c5849703a7a80d682a682f7e1a841e6e7ed5f43879 18.87MB / 215.08MB 1.4s
#6 sha256:372744b62d49eba993652ee4a1201801fe278b687d85489101e07e7b9a4900e0 28.31MB / 50.07MB 1.5s
#6 sha256:372744b62d49eba993652ee4a1201801fe278b687d85489101e07e7b9a4900e0 34.60MB / 50.07MB 1.6s
#6 sha256:615db220d76c063138a2e6c5849703a7a80d682a682f7e1a841e6e7ed5f43879 32.51MB / 215.08MB 1.6s
#6 sha256:6f2f362378c5a6fd915d96d11dda1e0223ccf213bf121ace56ae0f6616ea1dc8 45.34MB / 45.34MB 1.7s done
#6 sha256:372744b62d49eba993652ee4a1201801fe278b687d85489101e07e7b9a4900e0 39.85MB / 50.07MB 1.7s
#6 extracting sha256:6f2f362378c5a6fd915d96d11dda1e0223ccf213bf121ace56ae0f6616ea1dc8
#6 sha256:372744b62d49eba993652ee4a1201801fe278b687d85489101e07e7b9a4900e0 50.07MB / 50.07MB 1.9s
#6 sha256:615db220d76c063138a2e6c5849703a7a80d682a682f7e1a841e6e7ed5f43879 50.33MB / 215.08MB 1.9s
#6 sha256:39aa0c89bda1ee16e94ab7039cb0b9a9fce8a390769c2194aaf5fdf0ae1a2bdd 1.05MB / 5.83MB 1.9s
#6 sha256:39aa0c89bda1ee16e94ab7039cb0b9a9fce8a390769c2194aaf5fdf0ae1a2bdd 5.83MB / 5.83MB 2.0s
#6 sha256:615db220d76c063138a2e6c5849703a7a80d682a682f7e1a841e6e7ed5f43879 65.01MB / 215.08MB 2.1s
#6 sha256:615db220d76c063138a2e6c5849703a7a80d682a682f7e1a841e6e7ed5f43879 84.93MB / 215.08MB 2.3s
#6 sha256:615db220d76c063138a2e6c5849703a7a80d682a682f7e1a841e6e7ed5f43879 110.10MB / 215.08MB 2.6s
#6 sha256:615db220d76c063138a2e6c5849703a7a80d682a682f7e1a841e6e7ed5f43879 130.02MB / 215.08MB 2.8s
#6 sha256:372744b62d49eba993652ee4a1201801fe278b687d85489101e07e7b9a4900e0 50.07MB / 50.07MB 2.8s done
#6 sha256:615db220d76c063138a2e6c5849703a7a80d682a682f7e1a841e6e7ed5f43879 159.38MB / 215.08MB 3.1s
#6 sha256:39aa0c89bda1ee16e94ab7039cb0b9a9fce8a390769c2194aaf5fdf0ae1a2bdd 5.83MB / 5.83MB 2.9s done
#6 sha256:615db220d76c063138a2e6c5849703a7a80d682a682f7e1a841e6e7ed5f43879 180.36MB / 215.08MB 3.3s
#6 sha256:615db220d76c063138a2e6c5849703a7a80d682a682f7e1a841e6e7ed5f43879 210.76MB / 215.08MB 3.6s
#6 sha256:ac275157d894bedd09171a43b2b24ee6e7587a9544a1eae42ef2ea6b60584100 0B / 22.48MB 4.0s
#6 sha256:98d16dec829a865dcb9bad110c7f1fc04ceecb52cb00f4b37f85b592aa68089d 0B / 239B 4.0s
#6 sha256:ac275157d894bedd09171a43b2b24ee6e7587a9544a1eae42ef2ea6b60584100 6.29MB / 22.48MB 4.1s
#6 sha256:ac275157d894bedd09171a43b2b24ee6e7587a9544a1eae42ef2ea6b60584100 15.73MB / 22.48MB 4.2s
#6 sha256:98d16dec829a865dcb9bad110c7f1fc04ceecb52cb00f4b37f85b592aa68089d 239B / 239B 4.2s
#6 sha256:ac275157d894bedd09171a43b2b24ee6e7587a9544a1eae42ef2ea6b60584100 22.48MB / 22.48MB 4.3s
#6 extracting sha256:6f2f362378c5a6fd915d96d11dda1e0223ccf213bf121ace56ae0f6616ea1dc8 3.4s done
#6 sha256:615db220d76c063138a2e6c5849703a7a80d682a682f7e1a841e6e7ed5f43879 215.08MB / 215.08MB 7.4s done
#6 sha256:98d16dec829a865dcb9bad110c7f1fc04ceecb52cb00f4b37f85b592aa68089d 239B / 239B 7.6s done
#6 sha256:ac275157d894bedd09171a43b2b24ee6e7587a9544a1eae42ef2ea6b60584100 22.48MB / 22.48MB 8.0s done
#6 sha256:c8514b1c6524ef491c388ca3114b7f7e969e0e7507ea9efac08e663b982ec5d1 0B / 1.82MB 8.1s
#6 sha256:c8514b1c6524ef491c388ca3114b7f7e969e0e7507ea9efac08e663b982ec5d1 1.82MB / 1.82MB 8.2s
#6 extracting sha256:494c27a8a6b820f9167ec7e368b3a9bb47d7029f4dc8c97c67091f3757a5bc4e
#6 sha256:c8514b1c6524ef491c388ca3114b7f7e969e0e7507ea9efac08e663b982ec5d1 1.82MB / 1.82MB 8.3s done
#6 extracting sha256:494c27a8a6b820f9167ec7e368b3a9bb47d7029f4dc8c97c67091f3757a5bc4e 0.5s done
#6 extracting sha256:7596bb83081b6c8410df557d538a0ae45922cbf81e469c6f4cfa835247cb24ab
#6 extracting sha256:7596bb83081b6c8410df557d538a0ae45922cbf81e469c6f4cfa835247cb24ab 0.2s done
#6 extracting sha256:372744b62d49eba993652ee4a1201801fe278b687d85489101e07e7b9a4900e0
#6 extracting sha256:372744b62d49eba993652ee4a1201801fe278b687d85489101e07e7b9a4900e0 3.2s done
#6 extracting sha256:615db220d76c063138a2e6c5849703a7a80d682a682f7e1a841e6e7ed5f43879
#6 extracting sha256:615db220d76c063138a2e6c5849703a7a80d682a682f7e1a841e6e7ed5f43879 5.0s
#6 extracting sha256:615db220d76c063138a2e6c5849703a7a80d682a682f7e1a841e6e7ed5f43879 10.0s
#6 extracting sha256:615db220d76c063138a2e6c5849703a7a80d682a682f7e1a841e6e7ed5f43879 12.3s done
#6 extracting sha256:39aa0c89bda1ee16e94ab7039cb0b9a9fce8a390769c2194aaf5fdf0ae1a2bdd
#6 extracting sha256:39aa0c89bda1ee16e94ab7039cb0b9a9fce8a390769c2194aaf5fdf0ae1a2bdd 0.4s done
#6 extracting sha256:ac275157d894bedd09171a43b2b24ee6e7587a9544a1eae42ef2ea6b60584100
#6 extracting sha256:ac275157d894bedd09171a43b2b24ee6e7587a9544a1eae42ef2ea6b60584100 1.4s done
#6 extracting sha256:98d16dec829a865dcb9bad110c7f1fc04ceecb52cb00f4b37f85b592aa68089d
#6 extracting sha256:98d16dec829a865dcb9bad110c7f1fc04ceecb52cb00f4b37f85b592aa68089d done
#6 extracting sha256:c8514b1c6524ef491c388ca3114b7f7e969e0e7507ea9efac08e663b982ec5d1
#6 extracting sha256:c8514b1c6524ef491c388ca3114b7f7e969e0e7507ea9efac08e663b982ec5d1 0.2s done
#6 DONE 30.1s

#7 [2/6] RUN apt-get update && apt-get install -y     libjpeg-dev     libpq-dev     python3-dev     python3-psycopg2     git     python3-pip     gettext     cron     && apt-get clean     && rm -rf /var/lib/apt/lists/*
#7 0.556 Ign:1 http://security.debian.org/debian-security stretch/updates InRelease
#7 0.572 Ign:2 http://security.debian.org/debian-security stretch/updates Release
#7 0.591 Ign:3 http://security.debian.org/debian-security stretch/updates/main all Packages
#7 0.718 Ign:4 http://deb.debian.org/debian stretch InRelease
#7 0.760 Ign:5 http://security.debian.org/debian-security stretch/updates/main amd64 Packages
#7 0.769 Ign:3 http://security.debian.org/debian-security stretch/updates/main all Packages
#7 0.877 Ign:6 http://deb.debian.org/debian stretch-updates InRelease
#7 0.938 Ign:5 http://security.debian.org/debian-security stretch/updates/main amd64 Packages
#7 0.948 Ign:3 http://security.debian.org/debian-security stretch/updates/main all Packages
#7 1.036 Ign:7 http://deb.debian.org/debian stretch Release
#7 1.117 Ign:5 http://security.debian.org/debian-security stretch/updates/main amd64 Packages
#7 1.127 Ign:3 http://security.debian.org/debian-security stretch/updates/main all Packages
#7 1.194 Ign:8 http://deb.debian.org/debian stretch-updates Release
#7 1.205 Ign:9 http://deb.debian.org/debian stretch/main amd64 Packages
#7 1.299 Ign:5 http://security.debian.org/debian-security stretch/updates/main amd64 Packages
#7 1.309 Ign:3 http://security.debian.org/debian-security stretch/updates/main all Packages
#7 1.363 Ign:10 http://deb.debian.org/debian stretch/main all Packages
#7 1.478 Ign:5 http://security.debian.org/debian-security stretch/updates/main amd64 Packages
#7 1.489 Ign:3 http://security.debian.org/debian-security stretch/updates/main all Packages
#7 1.521 Ign:11 http://deb.debian.org/debian stretch-updates/main all Packages
#7 1.531 Ign:12 http://deb.debian.org/debian stretch-updates/main amd64 Packages
#7 1.541 Ign:9 http://deb.debian.org/debian stretch/main amd64 Packages
#7 1.659 Err:5 http://security.debian.org/debian-security stretch/updates/main amd64 Packages
#7 1.659   404  Not Found
#7 1.700 Ign:10 http://deb.debian.org/debian stretch/main all Packages
#7 1.877 Ign:11 http://deb.debian.org/debian stretch-updates/main all Packages
#7 1.887 Ign:12 http://deb.debian.org/debian stretch-updates/main amd64 Packages
#7 1.898 Ign:9 http://deb.debian.org/debian stretch/main amd64 Packages
#7 2.056 Ign:10 http://deb.debian.org/debian stretch/main all Packages
#7 2.214 Ign:11 http://deb.debian.org/debian stretch-updates/main all Packages
#7 2.224 Ign:12 http://deb.debian.org/debian stretch-updates/main amd64 Packages
#7 2.234 Ign:9 http://deb.debian.org/debian stretch/main amd64 Packages
#7 2.392 Ign:10 http://deb.debian.org/debian stretch/main all Packages
#7 2.550 Ign:11 http://deb.debian.org/debian stretch-updates/main all Packages
#7 2.561 Ign:12 http://deb.debian.org/debian stretch-updates/main amd64 Packages
#7 2.572 Ign:9 http://deb.debian.org/debian stretch/main amd64 Packages
#7 2.728 Ign:10 http://deb.debian.org/debian stretch/main all Packages
#7 2.888 Ign:11 http://deb.debian.org/debian stretch-updates/main all Packages
#7 2.898 Ign:12 http://deb.debian.org/debian stretch-updates/main amd64 Packages
#7 2.909 Err:9 http://deb.debian.org/debian stretch/main amd64 Packages
#7 2.909   404  Not Found
#7 3.077 Ign:10 http://deb.debian.org/debian stretch/main all Packages
#7 3.235 Ign:11 http://deb.debian.org/debian stretch-updates/main all Packages
#7 3.245 Err:12 http://deb.debian.org/debian stretch-updates/main amd64 Packages
#7 3.245   404  Not Found
#7 3.250 Reading package lists...
#7 3.264 W: The repository 'http://security.debian.org/debian-security stretch/updates Release' does not have a Release file.
#7 3.264 W: The repository 'http://deb.debian.org/debian stretch Release' does not have a Release file.
#7 3.264 W: The repository 'http://deb.debian.org/debian stretch-updates Release' does not have a Release file.
#7 3.264 E: Failed to fetch http://security.debian.org/debian-security/dists/stretch/updates/main/binary-amd64/Packages  404  Not Found
#7 3.264 E: Failed to fetch http://deb.debian.org/debian/dists/stretch/main/binary-amd64/Packages  404  Not Found
#7 3.264 E: Failed to fetch http://deb.debian.org/debian/dists/stretch-updates/main/binary-amd64/Packages  404  Not Found
#7 3.264 E: Some index files failed to download. They have been ignored, or old ones used instead.
#7 ERROR: process "/bin/sh -c apt-get update && apt-get install -y     libjpeg-dev     libpq-dev     python3-dev     python3-psycopg2     git     python3-pip     gettext     cron     && apt-get clean     && rm -rf /var/lib/apt/lists/*" did not complete successfully: exit code: 100
------
 > [2/6] RUN apt-get update && apt-get install -y     libjpeg-dev     libpq-dev     python3-dev     python3-psycopg2     git     python3-pip     gettext     cron     && apt-get clean     && rm -rf /var/lib/apt/lists/*:
3.245 Err:12 http://deb.debian.org/debian stretch-updates/main amd64 Packages
3.245   404  Not Found
3.250 Reading package lists...
3.264 W: The repository 'http://security.debian.org/debian-security stretch/updates Release' does not have a Release file.
3.264 W: The repository 'http://deb.debian.org/debian stretch Release' does not have a Release file.
3.264 W: The repository 'http://deb.debian.org/debian stretch-updates Release' does not have a Release file.
3.264 E: Failed to fetch http://security.debian.org/debian-security/dists/stretch/updates/main/binary-amd64/Packages  404  Not Found
3.264 E: Failed to fetch http://deb.debian.org/debian/dists/stretch/main/binary-amd64/Packages  404  Not Found
3.264 E: Failed to fetch http://deb.debian.org/debian/dists/stretch-updates/main/binary-amd64/Packages  404  Not Found
3.264 E: Some index files failed to download. They have been ignored, or old ones used instead.
------
v1_Dockerfile:3
--------------------
   2 |     
   3 | >>> RUN apt-get update && apt-get install -y \
   4 | >>>     libjpeg-dev \
   5 | >>>     libpq-dev \
   6 | >>>     python3-dev \
   7 | >>>     python3-psycopg2 \
   8 | >>>     git \
   9 | >>>     python3-pip \
  10 | >>>     gettext \
  11 | >>>     cron \
  12 | >>>     && apt-get clean \
  13 | >>>     && rm -rf /var/lib/apt/lists/*
  14 |     
--------------------
ERROR: failed to solve: process "/bin/sh -c apt-get update && apt-get install -y     libjpeg-dev     libpq-dev     python3-dev     python3-psycopg2     git     python3-pip     gettext     cron     && apt-get clean     && rm -rf /var/lib/apt/lists/*" did not complete successfully: exit code: 100
Duration: 0:59.55