#0 building with "default" instance using docker driver

#1 [internal] load build definition from v1_Dockerfile
#1 transferring dockerfile: 664B done
#1 DONE 0.0s

#2 [internal] load metadata for docker.io/library/debian:stretch
#2 DONE 0.6s

#3 [internal] load .dockerignore
#3 transferring context: 2B done
#3 DONE 0.0s

#4 [internal] load build context
#4 transferring context: 5.21kB done
#4 DONE 0.0s

#5 [1/5] FROM docker.io/library/debian:stretch@sha256:c5c5200ff1e9c73ffbf188b4a67eb1c91531b644856b4aefe86a58d2f0cb05be
#5 resolve docker.io/library/debian:stretch@sha256:c5c5200ff1e9c73ffbf188b4a67eb1c91531b644856b4aefe86a58d2f0cb05be 0.0s done
#5 sha256:c5c5200ff1e9c73ffbf188b4a67eb1c91531b644856b4aefe86a58d2f0cb05be 1.21kB / 1.21kB done
#5 sha256:16ee3e11da473f6565ef94a715f1a38b3079e0664913be78869c336a71cb6085 529B / 529B done
#5 sha256:662c05203bab4c59568d24689fa5c3955439360a35c483178598d226b9a5ad10 1.46kB / 1.46kB done
#5 sha256:8372a04f222be82bf67eb0010a59644b1e52f1246b3da9034edaa98f3d591cae 0B / 45.43MB 0.1s
#5 sha256:8372a04f222be82bf67eb0010a59644b1e52f1246b3da9034edaa98f3d591cae 8.39MB / 45.43MB 0.2s
#5 sha256:8372a04f222be82bf67eb0010a59644b1e52f1246b3da9034edaa98f3d591cae 19.92MB / 45.43MB 0.3s
#5 sha256:8372a04f222be82bf67eb0010a59644b1e52f1246b3da9034edaa98f3d591cae 36.70MB / 45.43MB 0.5s
#5 sha256:8372a04f222be82bf67eb0010a59644b1e52f1246b3da9034edaa98f3d591cae 45.43MB / 45.43MB 0.6s
#5 extracting sha256:8372a04f222be82bf67eb0010a59644b1e52f1246b3da9034edaa98f3d591cae
#5 sha256:8372a04f222be82bf67eb0010a59644b1e52f1246b3da9034edaa98f3d591cae 45.43MB / 45.43MB 0.7s done
#5 extracting sha256:8372a04f222be82bf67eb0010a59644b1e52f1246b3da9034edaa98f3d591cae 2.8s done
#5 DONE 3.6s

#6 [2/5] RUN apt-get update &&     DEBIAN_FRONTEND=noninteractive apt-get install --no-install-recommends -y         slapd=2.4.44* &&     apt-get clean &&     rm -rf /var/lib/apt/lists/*
#6 0.218 Ign:1 http://security.debian.org/debian-security stretch/updates InRelease
#6 0.218 Ign:2 http://deb.debian.org/debian stretch InRelease
#6 0.229 Ign:3 http://deb.debian.org/debian stretch-updates InRelease
#6 0.229 Ign:4 http://security.debian.org/debian-security stretch/updates Release
#6 0.241 Ign:5 http://security.debian.org/debian-security stretch/updates/main all Packages
#6 0.241 Ign:6 http://deb.debian.org/debian stretch Release
#6 0.250 Ign:7 http://deb.debian.org/debian stretch-updates Release
#6 0.252 Ign:8 http://security.debian.org/debian-security stretch/updates/main amd64 Packages
#6 0.261 Ign:9 http://deb.debian.org/debian stretch/main all Packages
#6 0.261 Ign:5 http://security.debian.org/debian-security stretch/updates/main all Packages
#6 0.272 Ign:8 http://security.debian.org/debian-security stretch/updates/main amd64 Packages
#6 0.274 Ign:10 http://deb.debian.org/debian stretch/main amd64 Packages
#6 0.283 Ign:5 http://security.debian.org/debian-security stretch/updates/main all Packages
#6 0.287 Ign:11 http://deb.debian.org/debian stretch-updates/main amd64 Packages
#6 0.293 Ign:8 http://security.debian.org/debian-security stretch/updates/main amd64 Packages
#6 0.298 Ign:12 http://deb.debian.org/debian stretch-updates/main all Packages
#6 0.303 Ign:5 http://security.debian.org/debian-security stretch/updates/main all Packages
#6 0.308 Ign:9 http://deb.debian.org/debian stretch/main all Packages
#6 0.315 Ign:8 http://security.debian.org/debian-security stretch/updates/main amd64 Packages
#6 0.319 Ign:10 http://deb.debian.org/debian stretch/main amd64 Packages
#6 0.326 Ign:5 http://security.debian.org/debian-security stretch/updates/main all Packages
#6 0.330 Ign:11 http://deb.debian.org/debian stretch-updates/main amd64 Packages
#6 0.337 Ign:8 http://security.debian.org/debian-security stretch/updates/main amd64 Packages
#6 0.342 Ign:12 http://deb.debian.org/debian stretch-updates/main all Packages
#6 0.349 Ign:5 http://security.debian.org/debian-security stretch/updates/main all Packages
#6 0.353 Ign:9 http://deb.debian.org/debian stretch/main all Packages
#6 0.359 Err:8 http://security.debian.org/debian-security stretch/updates/main amd64 Packages
#6 0.359   404  Not Found [IP: 151.101.66.132 80]
#6 0.365 Ign:10 http://deb.debian.org/debian stretch/main amd64 Packages
#6 0.374 Ign:11 http://deb.debian.org/debian stretch-updates/main amd64 Packages
#6 0.395 Ign:12 http://deb.debian.org/debian stretch-updates/main all Packages
#6 0.409 Ign:9 http://deb.debian.org/debian stretch/main all Packages
#6 0.420 Ign:10 http://deb.debian.org/debian stretch/main amd64 Packages
#6 0.433 Ign:11 http://deb.debian.org/debian stretch-updates/main amd64 Packages
#6 0.444 Ign:12 http://deb.debian.org/debian stretch-updates/main all Packages
#6 0.458 Ign:9 http://deb.debian.org/debian stretch/main all Packages
#6 0.469 Ign:10 http://deb.debian.org/debian stretch/main amd64 Packages
#6 0.480 Ign:11 http://deb.debian.org/debian stretch-updates/main amd64 Packages
#6 0.490 Ign:12 http://deb.debian.org/debian stretch-updates/main all Packages
#6 0.501 Ign:9 http://deb.debian.org/debian stretch/main all Packages
#6 0.521 Err:10 http://deb.debian.org/debian stretch/main amd64 Packages
#6 0.521   404  Not Found
#6 0.531 Err:11 http://deb.debian.org/debian stretch-updates/main amd64 Packages
#6 0.531   404  Not Found
#6 0.543 Ign:12 http://deb.debian.org/debian stretch-updates/main all Packages
#6 0.550 Reading package lists...
#6 0.556 W: The repository 'http://security.debian.org/debian-security stretch/updates Release' does not have a Release file.
#6 0.556 W: The repository 'http://deb.debian.org/debian stretch Release' does not have a Release file.
#6 0.556 W: The repository 'http://deb.debian.org/debian stretch-updates Release' does not have a Release file.
#6 0.556 E: Failed to fetch http://security.debian.org/debian-security/dists/stretch/updates/main/binary-amd64/Packages  404  Not Found [IP: 151.101.66.132 80]
#6 0.556 E: Failed to fetch http://deb.debian.org/debian/dists/stretch/main/binary-amd64/Packages  404  Not Found
#6 0.556 E: Failed to fetch http://deb.debian.org/debian/dists/stretch-updates/main/binary-amd64/Packages  404  Not Found
#6 0.556 E: Some index files failed to download. They have been ignored, or old ones used instead.
#6 ERROR: process "/bin/sh -c apt-get update &&     DEBIAN_FRONTEND=noninteractive apt-get install --no-install-recommends -y         slapd=${OPENLDAP_VERSION}* &&     apt-get clean &&     rm -rf /var/lib/apt/lists/*" did not complete successfully: exit code: 100
------
 > [2/5] RUN apt-get update &&     DEBIAN_FRONTEND=noninteractive apt-get install --no-install-recommends -y         slapd=2.4.44* &&     apt-get clean &&     rm -rf /var/lib/apt/lists/*:
0.531   404  Not Found
0.543 Ign:12 http://deb.debian.org/debian stretch-updates/main all Packages
0.550 Reading package lists...
0.556 W: The repository 'http://security.debian.org/debian-security stretch/updates Release' does not have a Release file.
0.556 W: The repository 'http://deb.debian.org/debian stretch Release' does not have a Release file.
0.556 W: The repository 'http://deb.debian.org/debian stretch-updates Release' does not have a Release file.
0.556 E: Failed to fetch http://security.debian.org/debian-security/dists/stretch/updates/main/binary-amd64/Packages  404  Not Found [IP: 151.101.66.132 80]
0.556 E: Failed to fetch http://deb.debian.org/debian/dists/stretch/main/binary-amd64/Packages  404  Not Found
0.556 E: Failed to fetch http://deb.debian.org/debian/dists/stretch-updates/main/binary-amd64/Packages  404  Not Found
0.556 E: Some index files failed to download. They have been ignored, or old ones used instead.
------
v1_Dockerfile:7
--------------------
   6 |     
   7 | >>> RUN apt-get update && \
   8 | >>>     DEBIAN_FRONTEND=noninteractive apt-get install --no-install-recommends -y \
   9 | >>>         slapd=${OPENLDAP_VERSION}* && \
  10 | >>>     apt-get clean && \
  11 | >>>     rm -rf /var/lib/apt/lists/*
  12 |     
--------------------
ERROR: failed to solve: process "/bin/sh -c apt-get update &&     DEBIAN_FRONTEND=noninteractive apt-get install --no-install-recommends -y         slapd=${OPENLDAP_VERSION}* &&     apt-get clean &&     rm -rf /var/lib/apt/lists/*" did not complete successfully: exit code: 100
Duration: 0:5.63