#0 building with "default" instance using docker driver

#1 [internal] load build definition from v1_Dockerfile
#1 transferring dockerfile: 1.73kB done
#1 DONE 0.0s

#2 [auth] library/ubuntu:pull token for registry-1.docker.io
#2 DONE 0.0s

#3 [internal] load metadata for docker.io/library/ubuntu:14.04
#3 DONE 0.9s

#4 [internal] load .dockerignore
#4 transferring context: 116B done
#4 DONE 0.0s

#5 [internal] load build context
#5 transferring context: 55.39kB 0.0s done
#5 DONE 0.0s

#6 [1/9] FROM docker.io/library/ubuntu:14.04@sha256:64483f3496c1373bfd55348e88694d1c4d0c9b660dee6bfef5e12f43b9933b30
#6 resolve docker.io/library/ubuntu:14.04@sha256:64483f3496c1373bfd55348e88694d1c4d0c9b660dee6bfef5e12f43b9933b30 0.0s done
#6 sha256:0551a797c01db074ab0233ceb567e66b8ebdcb9de9a2e7baa36d57dfbca463a3 0B / 72.66kB 0.1s
#6 sha256:512123a864da5e2a62949e65b67106292c5c704eff90cac2b949fc8d7ac1e58e 0B / 189B 0.1s
#6 sha256:64483f3496c1373bfd55348e88694d1c4d0c9b660dee6bfef5e12f43b9933b30 1.20kB / 1.20kB done
#6 sha256:881afbae521c910f764f7187dbfbca3cc10c26f8bafa458c76dda009a901c29d 945B / 945B done
#6 sha256:13b66b487594a1f2b75396013bc05d29d9f527852d96c5577cc4f187559875d0 3.31kB / 3.31kB done
#6 sha256:2e6e20c8e2e69fa5c3fcc310f419975cef5fbeb6f7f2fe1374071141281b6a06 0B / 70.69MB 0.1s
#6 sha256:0551a797c01db074ab0233ceb567e66b8ebdcb9de9a2e7baa36d57dfbca463a3 72.66kB / 72.66kB 0.2s done
#6 sha256:2e6e20c8e2e69fa5c3fcc310f419975cef5fbeb6f7f2fe1374071141281b6a06 7.34MB / 70.69MB 0.2s
#6 sha256:512123a864da5e2a62949e65b67106292c5c704eff90cac2b949fc8d7ac1e58e 189B / 189B 0.2s done
#6 sha256:2e6e20c8e2e69fa5c3fcc310f419975cef5fbeb6f7f2fe1374071141281b6a06 12.58MB / 70.69MB 0.4s
#6 sha256:2e6e20c8e2e69fa5c3fcc310f419975cef5fbeb6f7f2fe1374071141281b6a06 29.36MB / 70.69MB 0.6s
#6 sha256:2e6e20c8e2e69fa5c3fcc310f419975cef5fbeb6f7f2fe1374071141281b6a06 39.85MB / 70.69MB 0.7s
#6 sha256:2e6e20c8e2e69fa5c3fcc310f419975cef5fbeb6f7f2fe1374071141281b6a06 59.77MB / 70.69MB 0.9s
#6 sha256:2e6e20c8e2e69fa5c3fcc310f419975cef5fbeb6f7f2fe1374071141281b6a06 70.69MB / 70.69MB 1.1s
#6 sha256:2e6e20c8e2e69fa5c3fcc310f419975cef5fbeb6f7f2fe1374071141281b6a06 70.69MB / 70.69MB 1.2s done
#6 extracting sha256:2e6e20c8e2e69fa5c3fcc310f419975cef5fbeb6f7f2fe1374071141281b6a06
#6 extracting sha256:2e6e20c8e2e69fa5c3fcc310f419975cef5fbeb6f7f2fe1374071141281b6a06 3.9s done
#6 extracting sha256:0551a797c01db074ab0233ceb567e66b8ebdcb9de9a2e7baa36d57dfbca463a3
#6 extracting sha256:0551a797c01db074ab0233ceb567e66b8ebdcb9de9a2e7baa36d57dfbca463a3 done
#6 extracting sha256:512123a864da5e2a62949e65b67106292c5c704eff90cac2b949fc8d7ac1e58e done
#6 DONE 5.5s

#7 [2/9] RUN sh -c "echo 'Asia/Shanghai' > /etc/timezone" &&     dpkg-reconfigure -f noninteractive tzdata
#7 0.301 
#7 0.301 Current default time zone: 'Asia/Shanghai'
#7 0.303 Local time is now:      Thu Aug  1 08:21:58 CST 2024.
#7 0.303 Universal Time is now:  Thu Aug  1 00:21:58 UTC 2024.
#7 0.303 
#7 DONE 1.3s

#8 [3/9] RUN echo '\ndeb http://mirrors.aliyun.com/ubuntu/ trusty main restricted universe multiverse\ndeb http://mirrors.aliyun.com/ubuntu/ trusty-security main restricted universe multiverse\ndeb http://mirrors.aliyun.com/ubuntu/ trusty-updates main restricted universe multiverse\ndeb http://mirrors.aliyun.com/ubuntu/ trusty-proposed main restricted universe multiverse\ndeb http://mirrors.aliyun.com/ubuntu/ trusty-backports main restricted universe multiverse\ndeb-src http://mirrors.aliyun.com/ubuntu/ trusty main restricted universe multiverse\ndeb-src http://mirrors.aliyun.com/ubuntu/ trusty-security main restricted universe multiverse\ndeb-src http://mirrors.aliyun.com/ubuntu/ trusty-updates main restricted universe multiverse\ndeb-src http://mirrors.aliyun.com/ubuntu/ trusty-proposed main restricted universe multiverse\ndeb-src http://mirrors.aliyun.com/ubuntu/ trusty-backports main restricted universe multiverse\n'> /etc/apt/sources.list
#8 DONE 0.2s

#9 [4/9] RUN apt-get update &&     apt-get install -y wget
#9 1.063 Get:1 https://esm.ubuntu.com trusty-infra-security InRelease
#9 1.216 Get:2 https://esm.ubuntu.com trusty-infra-updates InRelease
#9 1.227 Ign http://mirrors.aliyun.com trusty InRelease
#9 1.239 Get:3 http://mirrors.aliyun.com trusty-security InRelease [56.4 kB]
#9 1.288 Get:4 http://mirrors.aliyun.com trusty-updates InRelease [56.5 kB]
#9 1.351 Get:5 http://mirrors.aliyun.com trusty-proposed InRelease [56.5 kB]
#9 1.394 Get:6 https://esm.ubuntu.com trusty-infra-security/main amd64 Packages
#9 1.402 Get:7 http://mirrors.aliyun.com trusty-backports InRelease [65.9 kB]
#9 2.247 Get:8 https://esm.ubuntu.com trusty-infra-updates/main amd64 Packages
#9 2.946 Get:9 http://mirrors.aliyun.com trusty Release.gpg [933 B]
#9 3.828 Get:10 http://mirrors.aliyun.com trusty-security/main Sources [314 kB]
#9 4.835 Get:11 http://mirrors.aliyun.com trusty-security/restricted Sources [7832 B]
#9 6.414 Get:12 http://mirrors.aliyun.com trusty-security/universe Sources [188 kB]
#9 7.976 Get:13 http://mirrors.aliyun.com trusty-security/multiverse Sources [4253 B]
#9 9.335 Get:14 http://mirrors.aliyun.com trusty-security/main amd64 Packages [877 kB]
#9 10.79 Get:15 http://mirrors.aliyun.com trusty-security/restricted amd64 Packages [24.6 kB]
#9 12.10 Get:16 http://mirrors.aliyun.com trusty-security/universe amd64 Packages [490 kB]
#9 13.55 Get:17 http://mirrors.aliyun.com trusty-security/multiverse amd64 Packages [6133 B]
#9 14.66 Get:18 http://mirrors.aliyun.com trusty-updates/main Sources [809 kB]
#9 16.04 Get:19 http://mirrors.aliyun.com trusty-updates/restricted Sources [9993 B]
#9 17.56 Get:20 http://mirrors.aliyun.com trusty-updates/universe Sources [435 kB]
#9 18.44 Get:21 http://mirrors.aliyun.com trusty-updates/multiverse Sources [10.5 kB]
#9 19.98 Get:22 http://mirrors.aliyun.com trusty-updates/main amd64 Packages [1460 kB]
#9 21.83 Get:23 http://mirrors.aliyun.com trusty-updates/restricted amd64 Packages [28.8 kB]
#9 22.76 Get:24 http://mirrors.aliyun.com trusty-updates/universe amd64 Packages [883 kB]
#9 24.31 Get:25 http://mirrors.aliyun.com trusty-updates/multiverse amd64 Packages [21.7 kB]
#9 24.89 Get:26 http://mirrors.aliyun.com trusty-proposed/main Sources [1345 B]
#9 26.12 Get:27 http://mirrors.aliyun.com trusty-proposed/restricted Sources [937 B]
#9 27.27 Get:28 http://mirrors.aliyun.com trusty-proposed/universe Sources [30.7 kB]
#9 27.85 Get:29 http://mirrors.aliyun.com trusty-proposed/multiverse Sources [40 B]
#9 29.25 Get:30 http://mirrors.aliyun.com trusty-proposed/main amd64 Packages [5701 B]
#9 30.28 Get:31 http://mirrors.aliyun.com trusty-proposed/restricted amd64 Packages [770 B]
#9 31.30 Get:32 http://mirrors.aliyun.com trusty-proposed/universe amd64 Packages [14.0 kB]
#9 31.89 Get:33 http://mirrors.aliyun.com trusty-proposed/multiverse amd64 Packages [40 B]
#9 32.48 Get:34 http://mirrors.aliyun.com trusty-backports/main Sources [10.4 kB]
#9 33.93 Get:35 http://mirrors.aliyun.com trusty-backports/restricted Sources [40 B]
#9 34.51 Get:36 http://mirrors.aliyun.com trusty-backports/universe Sources [41.3 kB]
#9 36.05 Get:37 http://mirrors.aliyun.com trusty-backports/multiverse Sources [1747 B]
#9 36.89 Get:38 http://mirrors.aliyun.com trusty-backports/main amd64 Packages [14.7 kB]
#9 37.46 Get:39 http://mirrors.aliyun.com trusty-backports/restricted amd64 Packages [40 B]
#9 38.97 Get:40 http://mirrors.aliyun.com trusty-backports/universe amd64 Packages [52.5 kB]
#9 39.57 Get:41 http://mirrors.aliyun.com trusty-backports/multiverse amd64 Packages [1392 B]
#9 39.58 Get:42 http://mirrors.aliyun.com trusty Release [58.5 kB]
#9 40.28 Get:43 http://mirrors.aliyun.com trusty/main Sources [1335 kB]
#9 42.33 Get:44 http://mirrors.aliyun.com trusty/restricted Sources [5335 B]
#9 42.98 Get:45 http://mirrors.aliyun.com trusty/universe Sources [7926 kB]
#9 51.21 Get:46 http://mirrors.aliyun.com trusty/multiverse Sources [211 kB]
#9 52.61 Get:47 http://mirrors.aliyun.com trusty/main amd64 Packages [1743 kB]
#9 55.28 Get:48 http://mirrors.aliyun.com trusty/restricted amd64 Packages [16.0 kB]
#9 55.92 Get:49 http://mirrors.aliyun.com trusty/universe amd64 Packages [7589 kB]
#9 63.09 Get:50 http://mirrors.aliyun.com trusty/multiverse amd64 Packages [169 kB]
#9 63.26 Fetched 25.9 MB in 1min 2s (411 kB/s)
#9 63.26 Reading package lists...
#9 64.38 Reading package lists...
#9 65.52 Building dependency tree...
#9 65.63 Reading state information...
#9 65.70 The following NEW packages will be installed:
#9 65.70   wget
#9 67.17 0 upgraded, 1 newly installed, 0 to remove and 3 not upgraded.
#9 67.17 Need to get 270 kB of archives.
#9 67.17 After this operation, 651 kB of additional disk space will be used.
#9 67.17 Get:1 http://mirrors.aliyun.com/ubuntu/ trusty-security/main wget amd64 1.15-1ubuntu1.14.04.5 [270 kB]
#9 67.56 debconf: unable to initialize frontend: Dialog
#9 67.56 debconf: (TERM is not set, so the dialog frontend is not usable.)
#9 67.56 debconf: falling back to frontend: Readline
#9 67.56 debconf: unable to initialize frontend: Readline
#9 67.56 debconf: (This frontend requires a controlling tty.)
#9 67.56 debconf: falling back to frontend: Teletype
#9 67.57 dpkg-preconfigure: unable to re-open stdin: 
#9 67.58 Fetched 270 kB in 1s (155 kB/s)
#9 67.61 Selecting previously unselected package wget.
#9 67.61 (Reading database ... 12097 files and directories currently installed.)
#9 67.61 Preparing to unpack .../wget_1.15-1ubuntu1.14.04.5_amd64.deb ...
#9 67.62 Unpacking wget (1.15-1ubuntu1.14.04.5) ...
#9 67.68 Setting up wget (1.15-1ubuntu1.14.04.5) ...
#9 DONE 67.8s

#10 [5/9] RUN wget https://npm.taobao.org/mirrors/node/v8.9.1/node-v8.9.1-linux-x64.tar.gz &&     tar -C /usr/local --strip-components 1 -xzf node-v8.9.1-linux-x64.tar.gz &&     rm node-v8.9.1-linux-x64.tar.gz
#10 0.182 --2024-08-01 08:23:07--  https://npm.taobao.org/mirrors/node/v8.9.1/node-v8.9.1-linux-x64.tar.gz
#10 0.183 Resolving npm.taobao.org (npm.taobao.org)... 47.246.23.214, 47.246.23.213
#10 0.560 Connecting to npm.taobao.org (npm.taobao.org)|47.246.23.214|:443... connected.
#10 0.632 ERROR: no certificate subject alternative name matches
#10 0.632 	requested host name 'npm.taobao.org'.
#10 0.632 To connect to npm.taobao.org insecurely, use `--no-check-certificate'.
#10 ERROR: process "/bin/sh -c wget https://npm.taobao.org/mirrors/node/v8.9.1/node-v8.9.1-linux-x64.tar.gz &&     tar -C /usr/local --strip-components 1 -xzf node-v8.9.1-linux-x64.tar.gz &&     rm node-v8.9.1-linux-x64.tar.gz" did not complete successfully: exit code: 5
------
 > [5/9] RUN wget https://npm.taobao.org/mirrors/node/v8.9.1/node-v8.9.1-linux-x64.tar.gz &&     tar -C /usr/local --strip-components 1 -xzf node-v8.9.1-linux-x64.tar.gz &&     rm node-v8.9.1-linux-x64.tar.gz:
0.182 --2024-08-01 08:23:07--  https://npm.taobao.org/mirrors/node/v8.9.1/node-v8.9.1-linux-x64.tar.gz
connected.
0.632 ERROR: no certificate subject alternative name matches
0.632 	requested host name 'npm.taobao.org'.
0.632 To connect to npm.taobao.org insecurely, use `--no-check-certificate'.
------
v1_Dockerfile:27
--------------------
  26 |     # 安装node v8.9.1
  27 | >>> RUN wget https://npm.taobao.org/mirrors/node/v8.9.1/node-v8.9.1-linux-x64.tar.gz && \
  28 | >>>     tar -C /usr/local --strip-components 1 -xzf node-v8.9.1-linux-x64.tar.gz && \
  29 | >>>     rm node-v8.9.1-linux-x64.tar.gz 
  30 |     
--------------------
ERROR: failed to solve: process "/bin/sh -c wget https://npm.taobao.org/mirrors/node/v8.9.1/node-v8.9.1-linux-x64.tar.gz &&     tar -C /usr/local --strip-components 1 -xzf node-v8.9.1-linux-x64.tar.gz &&     rm node-v8.9.1-linux-x64.tar.gz" did not complete successfully: exit code: 5
Duration: 1:16.63