#0 building with "default" instance using docker driver

#1 [internal] load build definition from v1_Dockerfile
#1 transferring dockerfile: 445B done
#1 DONE 0.0s

#2 [auth] library/node:pull token for registry-1.docker.io
#2 DONE 0.0s

#3 [internal] load metadata for docker.io/library/node:12
#3 DONE 0.9s

#4 [internal] load .dockerignore
#4 transferring context: 236B done
#4 DONE 0.0s

#5 [internal] load build context
#5 transferring context: 97.67kB done
#5 DONE 0.0s

#6 [1/7] FROM docker.io/library/node:12@sha256:01627afeb110b3054ba4a1405541ca095c8bfca1cb6f2be9479c767a2711879e
#6 resolve docker.io/library/node:12@sha256:01627afeb110b3054ba4a1405541ca095c8bfca1cb6f2be9479c767a2711879e 0.0s done
#6 sha256:9bed1e86f01ee95c76d2c8b4385a47ae336e6d293afade9368469d99daa9369f 0B / 11.30MB 0.2s
#6 sha256:01627afeb110b3054ba4a1405541ca095c8bfca1cb6f2be9479c767a2711879e 776B / 776B done
#6 sha256:3a69ea1270dbf4ef20477361be4b7a43400e559c6abdfaf69d73f7c755f434f5 2.21kB / 2.21kB done
#6 sha256:f44e4bdb3a6c1325cc4d40e585ed7a759127c0c87b0388ec0236b1698827d70d 0B / 4.34MB 0.2s
#6 sha256:6c8de432fc7f7d8c58899f61982d1662ec6b73fb3ef92f862ba170dcc5b64fa9 7.68kB / 7.68kB done
#6 sha256:f5196cdf25181bc7e4411865a2e002932b7b6b0ffce787c04c1bdeaf1f204f20 3.15MB / 45.43MB 0.2s
#6 sha256:9bed1e86f01ee95c76d2c8b4385a47ae336e6d293afade9368469d99daa9369f 3.15MB / 11.30MB 0.3s
#6 sha256:f5196cdf25181bc7e4411865a2e002932b7b6b0ffce787c04c1bdeaf1f204f20 9.44MB / 45.43MB 0.3s
#6 sha256:9bed1e86f01ee95c76d2c8b4385a47ae336e6d293afade9368469d99daa9369f 11.30MB / 11.30MB 0.5s done
#6 sha256:f44e4bdb3a6c1325cc4d40e585ed7a759127c0c87b0388ec0236b1698827d70d 4.19MB / 4.34MB 0.5s
#6 sha256:f5196cdf25181bc7e4411865a2e002932b7b6b0ffce787c04c1bdeaf1f204f20 19.92MB / 45.43MB 0.5s
#6 sha256:2f75d131f4060950dd6cc1f580e2fa5504ece8d692113a9cdb0a866637b397d7 0B / 49.77MB 0.5s
#6 sha256:f44e4bdb3a6c1325cc4d40e585ed7a759127c0c87b0388ec0236b1698827d70d 4.34MB / 4.34MB 0.5s done
#6 sha256:f5196cdf25181bc7e4411865a2e002932b7b6b0ffce787c04c1bdeaf1f204f20 28.31MB / 45.43MB 0.6s
#6 sha256:07dff4ad21ebdb3ce3e329699663b2f81af70152453025f6624584a39a8e22b6 0B / 214.48MB 0.6s
#6 sha256:f5196cdf25181bc7e4411865a2e002932b7b6b0ffce787c04c1bdeaf1f204f20 32.51MB / 45.43MB 0.7s
#6 sha256:f5196cdf25181bc7e4411865a2e002932b7b6b0ffce787c04c1bdeaf1f204f20 36.70MB / 45.43MB 0.8s
#6 sha256:2f75d131f4060950dd6cc1f580e2fa5504ece8d692113a9cdb0a866637b397d7 7.34MB / 49.77MB 0.8s
#6 sha256:f5196cdf25181bc7e4411865a2e002932b7b6b0ffce787c04c1bdeaf1f204f20 39.85MB / 45.43MB 0.9s
#6 sha256:2f75d131f4060950dd6cc1f580e2fa5504ece8d692113a9cdb0a866637b397d7 10.49MB / 49.77MB 0.9s
#6 sha256:07dff4ad21ebdb3ce3e329699663b2f81af70152453025f6624584a39a8e22b6 11.53MB / 214.48MB 0.9s
#6 sha256:f5196cdf25181bc7e4411865a2e002932b7b6b0ffce787c04c1bdeaf1f204f20 45.43MB / 45.43MB 1.1s
#6 sha256:2f75d131f4060950dd6cc1f580e2fa5504ece8d692113a9cdb0a866637b397d7 20.97MB / 49.77MB 1.1s
#6 sha256:f5196cdf25181bc7e4411865a2e002932b7b6b0ffce787c04c1bdeaf1f204f20 45.43MB / 45.43MB 1.2s done
#6 sha256:2f75d131f4060950dd6cc1f580e2fa5504ece8d692113a9cdb0a866637b397d7 34.60MB / 49.77MB 1.3s
#6 sha256:07dff4ad21ebdb3ce3e329699663b2f81af70152453025f6624584a39a8e22b6 29.36MB / 214.48MB 1.3s
#6 extracting sha256:f5196cdf25181bc7e4411865a2e002932b7b6b0ffce787c04c1bdeaf1f204f20
#6 sha256:e0ac4f13b766d321acc3b650d3d23b82828995711f6f247ff591722c00d04cec 4.19kB / 4.19kB 1.3s done
#6 sha256:2f75d131f4060950dd6cc1f580e2fa5504ece8d692113a9cdb0a866637b397d7 40.89MB / 49.77MB 1.4s
#6 sha256:df2c3b2eb7cc63351bb32f26457bbe0402af8082548f26975f0c329bc7841881 0B / 23.70MB 1.4s
#6 sha256:2f75d131f4060950dd6cc1f580e2fa5504ece8d692113a9cdb0a866637b397d7 45.09MB / 49.77MB 1.5s
#6 sha256:df2c3b2eb7cc63351bb32f26457bbe0402af8082548f26975f0c329bc7841881 2.10MB / 23.70MB 1.5s
#6 sha256:2f75d131f4060950dd6cc1f580e2fa5504ece8d692113a9cdb0a866637b397d7 49.77MB / 49.77MB 1.6s
#6 sha256:07dff4ad21ebdb3ce3e329699663b2f81af70152453025f6624584a39a8e22b6 44.04MB / 214.48MB 1.6s
#6 sha256:df2c3b2eb7cc63351bb32f26457bbe0402af8082548f26975f0c329bc7841881 5.24MB / 23.70MB 1.6s
#6 sha256:df2c3b2eb7cc63351bb32f26457bbe0402af8082548f26975f0c329bc7841881 8.39MB / 23.70MB 1.7s
#6 sha256:2f75d131f4060950dd6cc1f580e2fa5504ece8d692113a9cdb0a866637b397d7 49.77MB / 49.77MB 1.7s done
#6 sha256:07dff4ad21ebdb3ce3e329699663b2f81af70152453025f6624584a39a8e22b6 58.72MB / 214.48MB 1.8s
#6 sha256:df2c3b2eb7cc63351bb32f26457bbe0402af8082548f26975f0c329bc7841881 12.58MB / 23.70MB 1.8s
#6 sha256:efe636eac583776a8a114d50fef15bc65b648f3d2bb53326cf1f21cc5ef2b3ae 0B / 2.34MB 1.8s
#6 sha256:df2c3b2eb7cc63351bb32f26457bbe0402af8082548f26975f0c329bc7841881 15.73MB / 23.70MB 1.9s
#6 sha256:efe636eac583776a8a114d50fef15bc65b648f3d2bb53326cf1f21cc5ef2b3ae 2.34MB / 2.34MB 1.9s done
#6 sha256:07dff4ad21ebdb3ce3e329699663b2f81af70152453025f6624584a39a8e22b6 71.30MB / 214.48MB 2.0s
#6 sha256:df2c3b2eb7cc63351bb32f26457bbe0402af8082548f26975f0c329bc7841881 18.87MB / 23.70MB 2.0s
#6 sha256:fe17849545bb51455d3f7c8773ded2dbb1d6668a85bd00564573a4b88afd36f6 0B / 464B 2.0s
#6 sha256:07dff4ad21ebdb3ce3e329699663b2f81af70152453025f6624584a39a8e22b6 90.18MB / 214.48MB 2.2s
#6 sha256:df2c3b2eb7cc63351bb32f26457bbe0402af8082548f26975f0c329bc7841881 23.70MB / 23.70MB 2.1s done
#6 sha256:fe17849545bb51455d3f7c8773ded2dbb1d6668a85bd00564573a4b88afd36f6 464B / 464B 2.0s done
#6 sha256:07dff4ad21ebdb3ce3e329699663b2f81af70152453025f6624584a39a8e22b6 109.05MB / 214.48MB 2.4s
#6 sha256:07dff4ad21ebdb3ce3e329699663b2f81af70152453025f6624584a39a8e22b6 130.02MB / 214.48MB 2.6s
#6 sha256:07dff4ad21ebdb3ce3e329699663b2f81af70152453025f6624584a39a8e22b6 161.48MB / 214.48MB 2.9s
#6 sha256:07dff4ad21ebdb3ce3e329699663b2f81af70152453025f6624584a39a8e22b6 180.36MB / 214.48MB 3.1s
#6 sha256:07dff4ad21ebdb3ce3e329699663b2f81af70152453025f6624584a39a8e22b6 211.81MB / 214.48MB 3.4s
#6 sha256:07dff4ad21ebdb3ce3e329699663b2f81af70152453025f6624584a39a8e22b6 214.48MB / 214.48MB 4.1s done
#6 extracting sha256:f5196cdf25181bc7e4411865a2e002932b7b6b0ffce787c04c1bdeaf1f204f20 3.0s done
#6 extracting sha256:9bed1e86f01ee95c76d2c8b4385a47ae336e6d293afade9368469d99daa9369f
#6 extracting sha256:9bed1e86f01ee95c76d2c8b4385a47ae336e6d293afade9368469d99daa9369f 0.6s done
#6 extracting sha256:f44e4bdb3a6c1325cc4d40e585ed7a759127c0c87b0388ec0236b1698827d70d 0.1s
#6 extracting sha256:f44e4bdb3a6c1325cc4d40e585ed7a759127c0c87b0388ec0236b1698827d70d 0.1s done
#6 extracting sha256:2f75d131f4060950dd6cc1f580e2fa5504ece8d692113a9cdb0a866637b397d7
#6 extracting sha256:2f75d131f4060950dd6cc1f580e2fa5504ece8d692113a9cdb0a866637b397d7 3.0s done
#6 extracting sha256:07dff4ad21ebdb3ce3e329699663b2f81af70152453025f6624584a39a8e22b6
#6 extracting sha256:07dff4ad21ebdb3ce3e329699663b2f81af70152453025f6624584a39a8e22b6 5.0s
#6 extracting sha256:07dff4ad21ebdb3ce3e329699663b2f81af70152453025f6624584a39a8e22b6 10.1s
#6 extracting sha256:07dff4ad21ebdb3ce3e329699663b2f81af70152453025f6624584a39a8e22b6 10.6s done
#6 extracting sha256:e0ac4f13b766d321acc3b650d3d23b82828995711f6f247ff591722c00d04cec
#6 extracting sha256:e0ac4f13b766d321acc3b650d3d23b82828995711f6f247ff591722c00d04cec done
#6 extracting sha256:df2c3b2eb7cc63351bb32f26457bbe0402af8082548f26975f0c329bc7841881 0.1s
#6 extracting sha256:df2c3b2eb7cc63351bb32f26457bbe0402af8082548f26975f0c329bc7841881 2.2s done
#6 extracting sha256:efe636eac583776a8a114d50fef15bc65b648f3d2bb53326cf1f21cc5ef2b3ae
#6 extracting sha256:efe636eac583776a8a114d50fef15bc65b648f3d2bb53326cf1f21cc5ef2b3ae 0.1s done
#6 extracting sha256:fe17849545bb51455d3f7c8773ded2dbb1d6668a85bd00564573a4b88afd36f6
#6 extracting sha256:fe17849545bb51455d3f7c8773ded2dbb1d6668a85bd00564573a4b88afd36f6 done
#6 DONE 21.9s

#7 [2/7] RUN apt-get update &&   apt-get install --no-install-recommends -y     libcairo2     libjpeg-dev     libgif-dev     fonts-wqy-zenhei && rm -rf /var/lib/apt/lists/*;
#7 0.210 Ign:1 http://deb.debian.org/debian stretch InRelease
#7 0.211 Ign:2 http://security.debian.org/debian-security stretch/updates InRelease
#7 0.220 Ign:3 http://deb.debian.org/debian stretch-updates InRelease
#7 0.221 Ign:4 http://security.debian.org/debian-security stretch/updates Release
#7 0.230 Ign:5 http://deb.debian.org/debian stretch Release
#7 0.230 Ign:6 http://security.debian.org/debian-security stretch/updates/main all Packages
#7 0.241 Ign:7 http://security.debian.org/debian-security stretch/updates/main amd64 Packages
#7 0.241 Ign:8 http://deb.debian.org/debian stretch-updates Release
#7 0.252 Ign:6 http://security.debian.org/debian-security stretch/updates/main all Packages
#7 0.252 Ign:9 http://deb.debian.org/debian stretch/main amd64 Packages
#7 0.262 Ign:10 http://deb.debian.org/debian stretch/main all Packages
#7 0.262 Ign:7 http://security.debian.org/debian-security stretch/updates/main amd64 Packages
#7 0.273 Ign:11 http://deb.debian.org/debian stretch-updates/main amd64 Packages
#7 0.273 Ign:6 http://security.debian.org/debian-security stretch/updates/main all Packages
#7 0.283 Ign:7 http://security.debian.org/debian-security stretch/updates/main amd64 Packages
#7 0.284 Ign:12 http://deb.debian.org/debian stretch-updates/main all Packages
#7 0.294 Ign:9 http://deb.debian.org/debian stretch/main amd64 Packages
#7 0.294 Ign:6 http://security.debian.org/debian-security stretch/updates/main all Packages
#7 0.303 Ign:10 http://deb.debian.org/debian stretch/main all Packages
#7 0.305 Ign:7 http://security.debian.org/debian-security stretch/updates/main amd64 Packages
#7 0.315 Ign:11 http://deb.debian.org/debian stretch-updates/main amd64 Packages
#7 0.315 Ign:6 http://security.debian.org/debian-security stretch/updates/main all Packages
#7 0.324 Ign:12 http://deb.debian.org/debian stretch-updates/main all Packages
#7 0.326 Ign:7 http://security.debian.org/debian-security stretch/updates/main amd64 Packages
#7 0.336 Ign:9 http://deb.debian.org/debian stretch/main amd64 Packages
#7 0.336 Ign:6 http://security.debian.org/debian-security stretch/updates/main all Packages
#7 0.344 Ign:10 http://deb.debian.org/debian stretch/main all Packages
#7 0.346 Err:7 http://security.debian.org/debian-security stretch/updates/main amd64 Packages
#7 0.346   404  Not Found
#7 0.495 Ign:11 http://deb.debian.org/debian stretch-updates/main amd64 Packages
#7 0.507 Ign:12 http://deb.debian.org/debian stretch-updates/main all Packages
#7 0.660 Ign:9 http://deb.debian.org/debian stretch/main amd64 Packages
#7 0.672 Ign:10 http://deb.debian.org/debian stretch/main all Packages
#7 0.820 Ign:11 http://deb.debian.org/debian stretch-updates/main amd64 Packages
#7 0.831 Ign:12 http://deb.debian.org/debian stretch-updates/main all Packages
#7 0.841 Ign:9 http://deb.debian.org/debian stretch/main amd64 Packages
#7 0.853 Ign:10 http://deb.debian.org/debian stretch/main all Packages
#7 1.000 Ign:11 http://deb.debian.org/debian stretch-updates/main amd64 Packages
#7 1.011 Ign:12 http://deb.debian.org/debian stretch-updates/main all Packages
#7 1.022 Err:9 http://deb.debian.org/debian stretch/main amd64 Packages
#7 1.022   404  Not Found
#7 1.042 Ign:10 http://deb.debian.org/debian stretch/main all Packages
#7 1.052 Err:11 http://deb.debian.org/debian stretch-updates/main amd64 Packages
#7 1.052   404  Not Found
#7 1.065 Ign:12 http://deb.debian.org/debian stretch-updates/main all Packages
#7 1.069 Reading package lists...
#7 1.078 W: The repository 'http://security.debian.org/debian-security stretch/updates Release' does not have a Release file.
#7 1.078 W: The repository 'http://deb.debian.org/debian stretch Release' does not have a Release file.
#7 1.078 W: The repository 'http://deb.debian.org/debian stretch-updates Release' does not have a Release file.
#7 1.078 E: Failed to fetch http://security.debian.org/debian-security/dists/stretch/updates/main/binary-amd64/Packages  404  Not Found
#7 1.078 E: Failed to fetch http://deb.debian.org/debian/dists/stretch/main/binary-amd64/Packages  404  Not Found
#7 1.078 E: Failed to fetch http://deb.debian.org/debian/dists/stretch-updates/main/binary-amd64/Packages  404  Not Found
#7 1.078 E: Some index files failed to download. They have been ignored, or old ones used instead.
#7 ERROR: process "/bin/sh -c apt-get update &&   apt-get install --no-install-recommends -y     libcairo2     libjpeg-dev     libgif-dev     fonts-wqy-zenhei && rm -rf /var/lib/apt/lists/*;" did not complete successfully: exit code: 100
------
 > [2/7] RUN apt-get update &&   apt-get install --no-install-recommends -y     libcairo2     libjpeg-dev     libgif-dev     fonts-wqy-zenhei && rm -rf /var/lib/apt/lists/*;:
1.052   404  Not Found
1.065 Ign:12 http://deb.debian.org/debian stretch-updates/main all Packages
1.069 Reading package lists...
1.078 W: The repository 'http://security.debian.org/debian-security stretch/updates Release' does not have a Release file.
1.078 W: The repository 'http://deb.debian.org/debian stretch Release' does not have a Release file.
1.078 W: The repository 'http://deb.debian.org/debian stretch-updates Release' does not have a Release file.
1.078 E: Failed to fetch http://security.debian.org/debian-security/dists/stretch/updates/main/binary-amd64/Packages  404  Not Found
1.078 E: Failed to fetch http://deb.debian.org/debian/dists/stretch/main/binary-amd64/Packages  404  Not Found
1.078 E: Failed to fetch http://deb.debian.org/debian/dists/stretch-updates/main/binary-amd64/Packages  404  Not Found
1.078 E: Some index files failed to download. They have been ignored, or old ones used instead.
------
v1_Dockerfile:3
--------------------
   2 |     
   3 | >>> RUN apt-get update && \
   4 | >>>   apt-get install --no-install-recommends -y \
   5 | >>>     libcairo2 \
   6 | >>>     libjpeg-dev \
   7 | >>>     libgif-dev \
   8 | >>>     fonts-wqy-zenhei && rm -rf /var/lib/apt/lists/*;
   9 |     
--------------------
ERROR: failed to solve: process "/bin/sh -c apt-get update &&   apt-get install --no-install-recommends -y     libcairo2     libjpeg-dev     libgif-dev     fonts-wqy-zenhei && rm -rf /var/lib/apt/lists/*;" did not complete successfully: exit code: 100
Duration: 0:30.83