#0 building with "default" instance using docker driver

#1 [internal] load .dockerignore
#1 transferring context:
#1 transferring context: 93B done
#1 DONE 0.4s

#2 [internal] load build definition from v1_Dockerfile
#2 transferring dockerfile: 403B done
#2 DONE 0.5s

#3 [internal] load metadata for docker.io/library/php:7.0-apache
#3 DONE 1.2s

#4 [1/3] FROM docker.io/library/php:7.0-apache@sha256:1d34b2e491a02ba7a8d26478132015e197a5ffea37f0a93b42621d11cfe042cc
#4 resolve docker.io/library/php:7.0-apache@sha256:1d34b2e491a02ba7a8d26478132015e197a5ffea37f0a93b42621d11cfe042cc
#4 ...

#5 [internal] load build context
#5 transferring context: 3.35kB done
#5 DONE 0.4s

#4 [1/3] FROM docker.io/library/php:7.0-apache@sha256:1d34b2e491a02ba7a8d26478132015e197a5ffea37f0a93b42621d11cfe042cc
#4 resolve docker.io/library/php:7.0-apache@sha256:1d34b2e491a02ba7a8d26478132015e197a5ffea37f0a93b42621d11cfe042cc 0.3s done
#4 sha256:aa67a9c9814fb920a3aa01122b56010ddf1130710caf71a8871a0f1dbb4d78fd 12.45kB / 12.45kB done
#4 sha256:1d34b2e491a02ba7a8d26478132015e197a5ffea37f0a93b42621d11cfe042cc 2.37kB / 2.37kB done
#4 sha256:b4e5b78afa2504589f3a9868535e2b099418c9de14711574b09691fc3e0f0054 3.04kB / 3.04kB done
#4 sha256:177e7ef0df6987e0c5738a1fb5aba98b6b6e7a5fef992e481977dbb5ba3f91be 0B / 22.49MB 0.1s
#4 sha256:9bf89f2eda244c750e106e9751aa6714e8002accc9ebc4efe784800ff424e2a8 0B / 225B 0.2s
#4 sha256:177e7ef0df6987e0c5738a1fb5aba98b6b6e7a5fef992e481977dbb5ba3f91be 2.10MB / 22.49MB 0.3s
#4 sha256:9bf89f2eda244c750e106e9751aa6714e8002accc9ebc4efe784800ff424e2a8 225B / 225B 0.3s
#4 sha256:350207dcf1b7e69d73ee5e688ec3f1bb6576481773105b8635193dc7fe5010bb 0B / 67.44MB 0.3s
#4 sha256:177e7ef0df6987e0c5738a1fb5aba98b6b6e7a5fef992e481977dbb5ba3f91be 6.29MB / 22.49MB 0.4s
#4 sha256:9bf89f2eda244c750e106e9751aa6714e8002accc9ebc4efe784800ff424e2a8 225B / 225B 0.3s done
#4 sha256:a8a33d96b4e7acb10a1e637ccc316d5e823debfa5c64704b4935af982bd79926 0B / 183B 0.4s
#4 sha256:177e7ef0df6987e0c5738a1fb5aba98b6b6e7a5fef992e481977dbb5ba3f91be 11.53MB / 22.49MB 0.5s
#4 sha256:350207dcf1b7e69d73ee5e688ec3f1bb6576481773105b8635193dc7fe5010bb 6.29MB / 67.44MB 0.5s
#4 sha256:177e7ef0df6987e0c5738a1fb5aba98b6b6e7a5fef992e481977dbb5ba3f91be 17.83MB / 22.49MB 0.6s
#4 sha256:350207dcf1b7e69d73ee5e688ec3f1bb6576481773105b8635193dc7fe5010bb 10.49MB / 67.44MB 0.6s
#4 sha256:a8a33d96b4e7acb10a1e637ccc316d5e823debfa5c64704b4935af982bd79926 183B / 183B 0.6s done
#4 sha256:177e7ef0df6987e0c5738a1fb5aba98b6b6e7a5fef992e481977dbb5ba3f91be 22.02MB / 22.49MB 0.7s
#4 sha256:350207dcf1b7e69d73ee5e688ec3f1bb6576481773105b8635193dc7fe5010bb 15.73MB / 67.44MB 0.7s
#4 sha256:c0421d5b63d69a2ae480d7c5caa3d21f8105a682249c55f4923f655e73e2f492 0B / 17.13MB 0.7s
#4 sha256:350207dcf1b7e69d73ee5e688ec3f1bb6576481773105b8635193dc7fe5010bb 23.07MB / 67.44MB 0.9s
#4 sha256:c0421d5b63d69a2ae480d7c5caa3d21f8105a682249c55f4923f655e73e2f492 7.34MB / 17.13MB 0.9s
#4 sha256:350207dcf1b7e69d73ee5e688ec3f1bb6576481773105b8635193dc7fe5010bb 28.31MB / 67.44MB 1.0s
#4 sha256:c0421d5b63d69a2ae480d7c5caa3d21f8105a682249c55f4923f655e73e2f492 11.53MB / 17.13MB 1.0s
#4 sha256:350207dcf1b7e69d73ee5e688ec3f1bb6576481773105b8635193dc7fe5010bb 33.55MB / 67.44MB 1.2s
#4 sha256:c0421d5b63d69a2ae480d7c5caa3d21f8105a682249c55f4923f655e73e2f492 17.13MB / 17.13MB 1.2s
#4 sha256:350207dcf1b7e69d73ee5e688ec3f1bb6576481773105b8635193dc7fe5010bb 39.85MB / 67.44MB 1.3s
#4 sha256:350207dcf1b7e69d73ee5e688ec3f1bb6576481773105b8635193dc7fe5010bb 44.04MB / 67.44MB 1.4s
#4 sha256:350207dcf1b7e69d73ee5e688ec3f1bb6576481773105b8635193dc7fe5010bb 48.23MB / 67.44MB 1.5s
#4 sha256:350207dcf1b7e69d73ee5e688ec3f1bb6576481773105b8635193dc7fe5010bb 53.48MB / 67.44MB 1.7s
#4 sha256:350207dcf1b7e69d73ee5e688ec3f1bb6576481773105b8635193dc7fe5010bb 58.72MB / 67.44MB 1.9s
#4 sha256:350207dcf1b7e69d73ee5e688ec3f1bb6576481773105b8635193dc7fe5010bb 63.96MB / 67.44MB 2.0s
#4 sha256:350207dcf1b7e69d73ee5e688ec3f1bb6576481773105b8635193dc7fe5010bb 67.44MB / 67.44MB 2.1s
#4 sha256:177e7ef0df6987e0c5738a1fb5aba98b6b6e7a5fef992e481977dbb5ba3f91be 22.49MB / 22.49MB 2.0s done
#4 sha256:c0421d5b63d69a2ae480d7c5caa3d21f8105a682249c55f4923f655e73e2f492 17.13MB / 17.13MB 2.7s done
#4 extracting sha256:177e7ef0df6987e0c5738a1fb5aba98b6b6e7a5fef992e481977dbb5ba3f91be 0.1s
#4 sha256:350207dcf1b7e69d73ee5e688ec3f1bb6576481773105b8635193dc7fe5010bb 67.44MB / 67.44MB 3.7s done
#4 sha256:d9f072d61771f0bc903b453eca2aa1816ee9aaae195e7be586492a38619c45ce 0B / 483B 3.8s
#4 sha256:f76e300fbe727910ee01d0011a0d011f7cffe00483aea448496dbe49029aa8ad 0B / 1.34kB 3.9s
#4 sha256:af9ff1b9ce5b028cb1a7c3ad2bc442aacb9a8ddd46cb8a41485b947536e3f4f6 0B / 429B 3.9s
#4 sha256:d9f072d61771f0bc903b453eca2aa1816ee9aaae195e7be586492a38619c45ce 483B / 483B 4.0s done
#4 sha256:f76e300fbe727910ee01d0011a0d011f7cffe00483aea448496dbe49029aa8ad 1.34kB / 1.34kB 4.1s
#4 sha256:af9ff1b9ce5b028cb1a7c3ad2bc442aacb9a8ddd46cb8a41485b947536e3f4f6 429B / 429B 4.1s done
#4 sha256:37007e29219807979c0fc57591ff103c795c0c60438a29b6ca8c6ad79b70058e 0B / 12.38MB 4.1s
#4 sha256:f76e300fbe727910ee01d0011a0d011f7cffe00483aea448496dbe49029aa8ad 1.34kB / 1.34kB 4.2s done
#4 sha256:37007e29219807979c0fc57591ff103c795c0c60438a29b6ca8c6ad79b70058e 2.10MB / 12.38MB 4.2s
#4 sha256:8ba923990f244d0ec64c6b247dc8bc9de707da22c6baca8750767ba674b33ff4 0B / 500B 4.2s
#4 sha256:37007e29219807979c0fc57591ff103c795c0c60438a29b6ca8c6ad79b70058e 6.29MB / 12.38MB 4.3s
#4 sha256:8ba923990f244d0ec64c6b247dc8bc9de707da22c6baca8750767ba674b33ff4 500B / 500B 4.3s done
#4 sha256:98af8902979aea4195030c6189edac2a470abcdd834648808b0f95bc90a1d0f0 0B / 13.90MB 4.3s
#4 sha256:37007e29219807979c0fc57591ff103c795c0c60438a29b6ca8c6ad79b70058e 11.53MB / 12.38MB 4.5s
#4 sha256:98af8902979aea4195030c6189edac2a470abcdd834648808b0f95bc90a1d0f0 5.24MB / 13.90MB 4.5s
#4 sha256:f1548c2cd3762f0550634038ffb2e4e15a342ff40861121b4236ddc58b768c54 2.19kB / 2.19kB 4.5s
#4 sha256:37007e29219807979c0fc57591ff103c795c0c60438a29b6ca8c6ad79b70058e 12.38MB / 12.38MB 4.6s
#4 sha256:98af8902979aea4195030c6189edac2a470abcdd834648808b0f95bc90a1d0f0 9.44MB / 13.90MB 4.6s
#4 sha256:f1548c2cd3762f0550634038ffb2e4e15a342ff40861121b4236ddc58b768c54 2.19kB / 2.19kB 4.5s done
#4 sha256:e1062fd0605a7573b74b18dc834091cbb94662b46863858735775181fd01b55c 0B / 903B 4.6s
#4 sha256:98af8902979aea4195030c6189edac2a470abcdd834648808b0f95bc90a1d0f0 12.58MB / 13.90MB 4.7s
#4 sha256:e1062fd0605a7573b74b18dc834091cbb94662b46863858735775181fd01b55c 903B / 903B 4.7s
#4 sha256:98af8902979aea4195030c6189edac2a470abcdd834648808b0f95bc90a1d0f0 13.90MB / 13.90MB 4.8s
#4 sha256:37007e29219807979c0fc57591ff103c795c0c60438a29b6ca8c6ad79b70058e 12.38MB / 12.38MB 4.8s done
#4 sha256:e1062fd0605a7573b74b18dc834091cbb94662b46863858735775181fd01b55c 903B / 903B 4.9s done
#4 sha256:98af8902979aea4195030c6189edac2a470abcdd834648808b0f95bc90a1d0f0 13.90MB / 13.90MB 5.1s done
#4 extracting sha256:177e7ef0df6987e0c5738a1fb5aba98b6b6e7a5fef992e481977dbb5ba3f91be 3.7s done
#4 extracting sha256:9bf89f2eda244c750e106e9751aa6714e8002accc9ebc4efe784800ff424e2a8
#4 extracting sha256:9bf89f2eda244c750e106e9751aa6714e8002accc9ebc4efe784800ff424e2a8 done
#4 extracting sha256:350207dcf1b7e69d73ee5e688ec3f1bb6576481773105b8635193dc7fe5010bb
#4 extracting sha256:350207dcf1b7e69d73ee5e688ec3f1bb6576481773105b8635193dc7fe5010bb 5.2s
#4 extracting sha256:350207dcf1b7e69d73ee5e688ec3f1bb6576481773105b8635193dc7fe5010bb 10.3s
#4 extracting sha256:350207dcf1b7e69d73ee5e688ec3f1bb6576481773105b8635193dc7fe5010bb 11.0s done
#4 extracting sha256:a8a33d96b4e7acb10a1e637ccc316d5e823debfa5c64704b4935af982bd79926
#4 extracting sha256:a8a33d96b4e7acb10a1e637ccc316d5e823debfa5c64704b4935af982bd79926 done
#4 extracting sha256:c0421d5b63d69a2ae480d7c5caa3d21f8105a682249c55f4923f655e73e2f492
#4 extracting sha256:c0421d5b63d69a2ae480d7c5caa3d21f8105a682249c55f4923f655e73e2f492 2.2s done
#4 extracting sha256:f76e300fbe727910ee01d0011a0d011f7cffe00483aea448496dbe49029aa8ad done
#4 extracting sha256:af9ff1b9ce5b028cb1a7c3ad2bc442aacb9a8ddd46cb8a41485b947536e3f4f6
#4 extracting sha256:af9ff1b9ce5b028cb1a7c3ad2bc442aacb9a8ddd46cb8a41485b947536e3f4f6 done
#4 extracting sha256:d9f072d61771f0bc903b453eca2aa1816ee9aaae195e7be586492a38619c45ce
#4 extracting sha256:d9f072d61771f0bc903b453eca2aa1816ee9aaae195e7be586492a38619c45ce done
#4 extracting sha256:37007e29219807979c0fc57591ff103c795c0c60438a29b6ca8c6ad79b70058e
#4 extracting sha256:37007e29219807979c0fc57591ff103c795c0c60438a29b6ca8c6ad79b70058e 0.5s done
#4 extracting sha256:8ba923990f244d0ec64c6b247dc8bc9de707da22c6baca8750767ba674b33ff4 done
#4 extracting sha256:98af8902979aea4195030c6189edac2a470abcdd834648808b0f95bc90a1d0f0 0.1s
#4 extracting sha256:98af8902979aea4195030c6189edac2a470abcdd834648808b0f95bc90a1d0f0 2.5s done
#4 extracting sha256:f1548c2cd3762f0550634038ffb2e4e15a342ff40861121b4236ddc58b768c54 done
#4 extracting sha256:e1062fd0605a7573b74b18dc834091cbb94662b46863858735775181fd01b55c done
#4 DONE 41.2s

#6 [2/3] RUN echo "deb http://archive.debian.org/debian stretch main" > /etc/apt/sources.list &&     echo "deb http://archive.debian.org/debian-security stretch/updates main" >> /etc/apt/sources.list &&     apt-get -qq update
#6 DONE 10.1s

#7 [3/3] COPY . /var/www/html
#7 DONE 0.5s

#8 exporting to image
#8 exporting layers
#8 exporting layers 0.6s done
#8 writing image sha256:3b63629799ddc14e495dd2fc96498c5a4a4b1cc14d29ff2579c80df4aa8383ca
#8 writing image sha256:3b63629799ddc14e495dd2fc96498c5a4a4b1cc14d29ff2579c80df4aa8383ca 0.0s done
#8 naming to docker.io/library/image_name_v1_1 0.0s done
#8 DONE 0.6s
Duration: 0:55.99