#0 building with "default" instance using docker driver

#1 [internal] load .dockerignore
#1 transferring context:
#1 transferring context: 356B done
#1 ...

#2 [internal] load build definition from v1_Dockerfile
#2 transferring dockerfile: 836B done
#2 DONE 0.6s

#1 [internal] load .dockerignore
#1 DONE 0.7s

#3 [internal] load metadata for docker.io/library/ruby:2.6-alpine
#3 DONE 0.5s

#4 [internal] load build context
#4 DONE 0.0s

#5 [ 1/10] FROM docker.io/library/ruby:2.6-alpine@sha256:382ce92de42ef027bf1bfe382c3f3c3878042c41c07da8b8aa41855db0894762
#5 resolve docker.io/library/ruby:2.6-alpine@sha256:382ce92de42ef027bf1bfe382c3f3c3878042c41c07da8b8aa41855db0894762
#5 resolve docker.io/library/ruby:2.6-alpine@sha256:382ce92de42ef027bf1bfe382c3f3c3878042c41c07da8b8aa41855db0894762 0.2s done
#5 sha256:2254a013410a3f972c30a5a7daaa62816eaba9300d2cdc7f045c56ca2531b7db 6.29kB / 6.29kB done
#5 sha256:382ce92de42ef027bf1bfe382c3f3c3878042c41c07da8b8aa41855db0894762 1.65kB / 1.65kB done
#5 sha256:9bfe9f8689cf57f5ff4a333a91f01bceb92a73e352912ddb36bf75a2d204a4ed 1.36kB / 1.36kB done
#5 sha256:c7850f1a8c234d7e3e08596122f1e1bbb5a2b2abedb7d91bb3017697821fe168 225B / 225B 0.3s
#5 sha256:837e9cfc7e430bf6c3aa43a0b8a8e3d11115abb5b84d75783752c38e06145e85 0B / 3.68MB 0.3s
#5 sha256:c7850f1a8c234d7e3e08596122f1e1bbb5a2b2abedb7d91bb3017697821fe168 225B / 225B 0.3s done
#5 ...

#4 [internal] load build context
#4 transferring context: 695.13kB 0.0s done
#4 DONE 0.6s

#5 [ 1/10] FROM docker.io/library/ruby:2.6-alpine@sha256:382ce92de42ef027bf1bfe382c3f3c3878042c41c07da8b8aa41855db0894762
#5 sha256:837e9cfc7e430bf6c3aa43a0b8a8e3d11115abb5b84d75783752c38e06145e85 3.68MB / 3.68MB 0.6s
#5 sha256:df9b9388f04ad6279a7410b85cedfdcb2208c0a003da7ab5613af71079148139 0B / 2.81MB 0.6s
#5 sha256:b303053af85043500e6a7c79724719d71c2d834b81edbd6cf3914d100a2ecba5 0B / 19.46MB 0.6s
#5 sha256:837e9cfc7e430bf6c3aa43a0b8a8e3d11115abb5b84d75783752c38e06145e85 3.68MB / 3.68MB 0.6s done
#5 sha256:df9b9388f04ad6279a7410b85cedfdcb2208c0a003da7ab5613af71079148139 2.81MB / 2.81MB 0.8s
#5 sha256:b303053af85043500e6a7c79724719d71c2d834b81edbd6cf3914d100a2ecba5 10.49MB / 19.46MB 0.8s
#5 sha256:df9b9388f04ad6279a7410b85cedfdcb2208c0a003da7ab5613af71079148139 2.81MB / 2.81MB 0.8s done
#5 sha256:b303053af85043500e6a7c79724719d71c2d834b81edbd6cf3914d100a2ecba5 16.78MB / 19.46MB 0.9s
#5 extracting sha256:df9b9388f04ad6279a7410b85cedfdcb2208c0a003da7ab5613af71079148139 0.1s
#5 sha256:b303053af85043500e6a7c79724719d71c2d834b81edbd6cf3914d100a2ecba5 19.46MB / 19.46MB 1.0s
#5 sha256:f3d5bf52dffae418e9dd73f50a8c60b29a59d77dbec562507e1480221e0d2c75 0B / 172B 1.0s
#5 extracting sha256:df9b9388f04ad6279a7410b85cedfdcb2208c0a003da7ab5613af71079148139 0.2s done
#5 sha256:f3d5bf52dffae418e9dd73f50a8c60b29a59d77dbec562507e1480221e0d2c75 172B / 172B 1.2s
#5 sha256:b303053af85043500e6a7c79724719d71c2d834b81edbd6cf3914d100a2ecba5 19.46MB / 19.46MB 1.2s done
#5 extracting sha256:837e9cfc7e430bf6c3aa43a0b8a8e3d11115abb5b84d75783752c38e06145e85
#5 sha256:f3d5bf52dffae418e9dd73f50a8c60b29a59d77dbec562507e1480221e0d2c75 172B / 172B 1.3s done
#5 extracting sha256:837e9cfc7e430bf6c3aa43a0b8a8e3d11115abb5b84d75783752c38e06145e85 0.4s done
#5 extracting sha256:c7850f1a8c234d7e3e08596122f1e1bbb5a2b2abedb7d91bb3017697821fe168
#5 extracting sha256:c7850f1a8c234d7e3e08596122f1e1bbb5a2b2abedb7d91bb3017697821fe168 done
#5 extracting sha256:b303053af85043500e6a7c79724719d71c2d834b81edbd6cf3914d100a2ecba5
#5 extracting sha256:b303053af85043500e6a7c79724719d71c2d834b81edbd6cf3914d100a2ecba5 0.8s done
#5 extracting sha256:f3d5bf52dffae418e9dd73f50a8c60b29a59d77dbec562507e1480221e0d2c75
#5 extracting sha256:f3d5bf52dffae418e9dd73f50a8c60b29a59d77dbec562507e1480221e0d2c75 done
#5 DONE 4.9s

#6 [ 2/10] RUN apk --update add postgresql-client libstdc++
#6 0.523 fetch https://dl-cdn.alpinelinux.org/alpine/v3.15/main/x86_64/APKINDEX.tar.gz
#6 0.761 fetch https://dl-cdn.alpinelinux.org/alpine/v3.15/community/x86_64/APKINDEX.tar.gz
#6 1.153 (1/3) Installing postgresql-common (1.1-r1)
#6 1.157 Executing postgresql-common-1.1-r1.pre-install
#6 1.311 (2/3) Installing libpq (14.10-r0)
#6 1.319 (3/3) Installing postgresql14-client (14.10-r0)
#6 1.371 Executing busybox-1.34.1-r5.trigger
#6 1.376 Executing postgresql-common-1.1-r1.trigger
#6 1.379 * Setting postgresql14 as the default version
#6 1.741 OK: 23 MiB in 39 packages
#6 DONE 3.9s

#7 [ 3/10] RUN gem install bundler --no-document
#7 85.68 ERROR:  Error installing bundler:
#7 85.68 	The last version of bundler (>= 0) to support your Ruby & RubyGems was 2.4.22. Try installing it with `gem install bundler -v 2.4.22`
#7 85.68 	bundler requires Ruby version >= 3.0.0. The current ruby version is 2.6.10.210.
#7 ERROR: process "/bin/sh -c gem install bundler --no-document" did not complete successfully: exit code: 1
------
 > [ 3/10] RUN gem install bundler --no-document:
85.68 ERROR:  Error installing bundler:
85.68 	The last version of bundler (>= 0) to support your Ruby & RubyGems was 2.4.22. Try installing it with `gem install bundler -v 2.4.22`
85.68 	bundler requires Ruby version >= 3.0.0. The current ruby version is 2.6.10.210.
------
v1_Dockerfile:22
--------------------
  20 |     
  21 |     # Rubygems and bundler
  22 | >>> RUN gem install bundler --no-document
  23 |     
  24 |     RUN mkdir /app
--------------------
ERROR: failed to solve: process "/bin/sh -c gem install bundler --no-document" did not complete successfully: exit code: 1
Duration: 1:36.70