#0 building with "default" instance using docker driver

#1 [internal] load .dockerignore
#1 ...

#2 [internal] load build definition from Dockerfile
#2 transferring dockerfile: 597B done
#2 DONE 0.4s

#1 [internal] load .dockerignore
#1 transferring context: 2B done
#1 DONE 0.5s

#3 [internal] load metadata for docker.io/library/node:6
#3 ...

#4 [auth] library/node:pull token for registry-1.docker.io
#4 DONE 0.0s

#3 [internal] load metadata for docker.io/library/node:6
#3 DONE 1.6s

#5 [1/7] FROM docker.io/library/node:6@sha256:e133e66ec3bfc98da0440e552f452e5cdf6413319d27a2db3b01ac4b319759b3
#5 resolve docker.io/library/node:6@sha256:e133e66ec3bfc98da0440e552f452e5cdf6413319d27a2db3b01ac4b319759b3
#5 resolve docker.io/library/node:6@sha256:e133e66ec3bfc98da0440e552f452e5cdf6413319d27a2db3b01ac4b319759b3 0.2s done
#5 sha256:e133e66ec3bfc98da0440e552f452e5cdf6413319d27a2db3b01ac4b319759b3 2.04kB / 2.04kB done
#5 sha256:92a780ce4191097a1470be20a40a590ac9601e53811c518effeb152ecd41548a 2.01kB / 2.01kB done
#5 sha256:ab290b853066caedc75778bd4839da568ecb2a6b8e27442e0b1ce3c4741f1184 7.34kB / 7.34kB done
#5 sha256:c5e155d5a1d130a7f8a3e24cee0d9e1349bff13f90ec6a941478e558fde53c14 0B / 45.34MB 0.2s
#5 sha256:221d80d00ae9675aad24913aacbadfac1ce8b7084f9765a6c0813486082c5c69 0B / 10.78MB 0.2s
#5 sha256:4250b3117dca5e14edc32ebf1366cd54e4cda91f17610b76c504a86917ff8b95 0B / 4.34MB 0.2s
#5 sha256:c5e155d5a1d130a7f8a3e24cee0d9e1349bff13f90ec6a941478e558fde53c14 5.24MB / 45.34MB 0.2s
#5 sha256:c5e155d5a1d130a7f8a3e24cee0d9e1349bff13f90ec6a941478e558fde53c14 10.49MB / 45.34MB 0.4s
#5 sha256:221d80d00ae9675aad24913aacbadfac1ce8b7084f9765a6c0813486082c5c69 4.19MB / 10.78MB 0.4s
#5 sha256:4250b3117dca5e14edc32ebf1366cd54e4cda91f17610b76c504a86917ff8b95 1.05MB / 4.34MB 0.4s
#5 sha256:c5e155d5a1d130a7f8a3e24cee0d9e1349bff13f90ec6a941478e558fde53c14 23.07MB / 45.34MB 0.6s
#5 sha256:221d80d00ae9675aad24913aacbadfac1ce8b7084f9765a6c0813486082c5c69 10.78MB / 10.78MB 0.6s
#5 sha256:4250b3117dca5e14edc32ebf1366cd54e4cda91f17610b76c504a86917ff8b95 4.34MB / 4.34MB 0.6s
#5 sha256:c5e155d5a1d130a7f8a3e24cee0d9e1349bff13f90ec6a941478e558fde53c14 28.31MB / 45.34MB 0.7s
#5 sha256:4250b3117dca5e14edc32ebf1366cd54e4cda91f17610b76c504a86917ff8b95 4.34MB / 4.34MB 0.6s done
#5 sha256:3b7ca19181b24b87e24423c01b490633bc1e47d2fcdc1987bf2e37949d6789b5 0B / 50.07MB 0.7s
#5 sha256:c5e155d5a1d130a7f8a3e24cee0d9e1349bff13f90ec6a941478e558fde53c14 39.85MB / 45.34MB 0.9s
#5 sha256:221d80d00ae9675aad24913aacbadfac1ce8b7084f9765a6c0813486082c5c69 10.78MB / 10.78MB 0.8s done
#5 sha256:3b7ca19181b24b87e24423c01b490633bc1e47d2fcdc1987bf2e37949d6789b5 5.24MB / 50.07MB 0.9s
#5 sha256:c5e155d5a1d130a7f8a3e24cee0d9e1349bff13f90ec6a941478e558fde53c14 45.34MB / 45.34MB 1.0s
#5 sha256:3b7ca19181b24b87e24423c01b490633bc1e47d2fcdc1987bf2e37949d6789b5 11.53MB / 50.07MB 1.0s
#5 sha256:425d7b2a5bcc7e8df5041d66655cd6173c16799afefb1645ca0e0b3fa8a1043d 0B / 215.08MB 1.0s
#5 sha256:3b7ca19181b24b87e24423c01b490633bc1e47d2fcdc1987bf2e37949d6789b5 23.07MB / 50.07MB 1.2s
#5 sha256:3b7ca19181b24b87e24423c01b490633bc1e47d2fcdc1987bf2e37949d6789b5 34.60MB / 50.07MB 1.4s
#5 sha256:425d7b2a5bcc7e8df5041d66655cd6173c16799afefb1645ca0e0b3fa8a1043d 17.83MB / 215.08MB 1.4s
#5 sha256:3b7ca19181b24b87e24423c01b490633bc1e47d2fcdc1987bf2e37949d6789b5 39.85MB / 50.07MB 1.5s
#5 sha256:c5e155d5a1d130a7f8a3e24cee0d9e1349bff13f90ec6a941478e558fde53c14 45.34MB / 45.34MB 1.6s done
#5 sha256:3b7ca19181b24b87e24423c01b490633bc1e47d2fcdc1987bf2e37949d6789b5 50.07MB / 50.07MB 1.7s
#5 sha256:425d7b2a5bcc7e8df5041d66655cd6173c16799afefb1645ca0e0b3fa8a1043d 37.75MB / 215.08MB 1.7s
#5 sha256:69df12c70287cf403446724e92cae1e0aa1c74713e27106525e433037c43a087 0B / 4.16kB 1.8s
#5 sha256:425d7b2a5bcc7e8df5041d66655cd6173c16799afefb1645ca0e0b3fa8a1043d 50.33MB / 215.08MB 1.9s
#5 sha256:69df12c70287cf403446724e92cae1e0aa1c74713e27106525e433037c43a087 4.16kB / 4.16kB 1.9s
#5 extracting sha256:c5e155d5a1d130a7f8a3e24cee0d9e1349bff13f90ec6a941478e558fde53c14
#5 sha256:425d7b2a5bcc7e8df5041d66655cd6173c16799afefb1645ca0e0b3fa8a1043d 69.21MB / 215.08MB 2.2s
#5 sha256:425d7b2a5bcc7e8df5041d66655cd6173c16799afefb1645ca0e0b3fa8a1043d 81.79MB / 215.08MB 2.4s
#5 sha256:3b7ca19181b24b87e24423c01b490633bc1e47d2fcdc1987bf2e37949d6789b5 50.07MB / 50.07MB 2.6s done
#5 sha256:425d7b2a5bcc7e8df5041d66655cd6173c16799afefb1645ca0e0b3fa8a1043d 95.44MB / 215.08MB 2.6s
#5 sha256:ea2f5386a42d42ff9729d1cb357ca3741edc32be894150e5024a85655b8523ec 0B / 14.58MB 2.6s
#5 sha256:69df12c70287cf403446724e92cae1e0aa1c74713e27106525e433037c43a087 4.16kB / 4.16kB 2.7s done
#5 sha256:ea2f5386a42d42ff9729d1cb357ca3741edc32be894150e5024a85655b8523ec 4.19MB / 14.58MB 2.9s
#5 sha256:d421d2b3c5eb9a47f42f42f82356e2f63b493c49c8bbcc0c070ab4a06446a972 0B / 1.32MB 2.9s
#5 sha256:425d7b2a5bcc7e8df5041d66655cd6173c16799afefb1645ca0e0b3fa8a1043d 110.10MB / 215.08MB 3.0s
#5 sha256:ea2f5386a42d42ff9729d1cb357ca3741edc32be894150e5024a85655b8523ec 9.44MB / 14.58MB 3.0s
#5 sha256:d421d2b3c5eb9a47f42f42f82356e2f63b493c49c8bbcc0c070ab4a06446a972 1.32MB / 1.32MB 3.0s
#5 sha256:ea2f5386a42d42ff9729d1cb357ca3741edc32be894150e5024a85655b8523ec 13.63MB / 14.58MB 3.0s
#5 sha256:d421d2b3c5eb9a47f42f42f82356e2f63b493c49c8bbcc0c070ab4a06446a972 1.32MB / 1.32MB 3.0s done
#5 sha256:425d7b2a5bcc7e8df5041d66655cd6173c16799afefb1645ca0e0b3fa8a1043d 122.68MB / 215.08MB 3.3s
#5 sha256:ea2f5386a42d42ff9729d1cb357ca3741edc32be894150e5024a85655b8523ec 14.58MB / 14.58MB 3.3s
#5 sha256:ea2f5386a42d42ff9729d1cb357ca3741edc32be894150e5024a85655b8523ec 14.58MB / 14.58MB 3.3s done
#5 sha256:425d7b2a5bcc7e8df5041d66655cd6173c16799afefb1645ca0e0b3fa8a1043d 141.56MB / 215.08MB 3.7s
#5 sha256:425d7b2a5bcc7e8df5041d66655cd6173c16799afefb1645ca0e0b3fa8a1043d 157.29MB / 215.08MB 4.0s
#5 sha256:425d7b2a5bcc7e8df5041d66655cd6173c16799afefb1645ca0e0b3fa8a1043d 173.02MB / 215.08MB 4.3s
#5 sha256:425d7b2a5bcc7e8df5041d66655cd6173c16799afefb1645ca0e0b3fa8a1043d 192.94MB / 215.08MB 4.7s
#5 sha256:425d7b2a5bcc7e8df5041d66655cd6173c16799afefb1645ca0e0b3fa8a1043d 212.86MB / 215.08MB 5.1s
#5 extracting sha256:c5e155d5a1d130a7f8a3e24cee0d9e1349bff13f90ec6a941478e558fde53c14 5.1s
#5 sha256:425d7b2a5bcc7e8df5041d66655cd6173c16799afefb1645ca0e0b3fa8a1043d 215.08MB / 215.08MB 8.5s done
#5 extracting sha256:c5e155d5a1d130a7f8a3e24cee0d9e1349bff13f90ec6a941478e558fde53c14 6.9s done
#5 extracting sha256:221d80d00ae9675aad24913aacbadfac1ce8b7084f9765a6c0813486082c5c69 0.1s
#5 extracting sha256:221d80d00ae9675aad24913aacbadfac1ce8b7084f9765a6c0813486082c5c69 1.1s done
#5 extracting sha256:4250b3117dca5e14edc32ebf1366cd54e4cda91f17610b76c504a86917ff8b95
#5 extracting sha256:4250b3117dca5e14edc32ebf1366cd54e4cda91f17610b76c504a86917ff8b95 0.8s done
#5 extracting sha256:3b7ca19181b24b87e24423c01b490633bc1e47d2fcdc1987bf2e37949d6789b5
#5 extracting sha256:3b7ca19181b24b87e24423c01b490633bc1e47d2fcdc1987bf2e37949d6789b5 5.2s
#5 extracting sha256:3b7ca19181b24b87e24423c01b490633bc1e47d2fcdc1987bf2e37949d6789b5 8.2s done
#5 extracting sha256:425d7b2a5bcc7e8df5041d66655cd6173c16799afefb1645ca0e0b3fa8a1043d
#5 extracting sha256:425d7b2a5bcc7e8df5041d66655cd6173c16799afefb1645ca0e0b3fa8a1043d 5.0s
#5 extracting sha256:425d7b2a5bcc7e8df5041d66655cd6173c16799afefb1645ca0e0b3fa8a1043d 10.2s
#5 extracting sha256:425d7b2a5bcc7e8df5041d66655cd6173c16799afefb1645ca0e0b3fa8a1043d 15.3s
#5 extracting sha256:425d7b2a5bcc7e8df5041d66655cd6173c16799afefb1645ca0e0b3fa8a1043d 20.3s
#5 extracting sha256:425d7b2a5bcc7e8df5041d66655cd6173c16799afefb1645ca0e0b3fa8a1043d 25.3s
#5 extracting sha256:425d7b2a5bcc7e8df5041d66655cd6173c16799afefb1645ca0e0b3fa8a1043d 30.1s done
#5 extracting sha256:69df12c70287cf403446724e92cae1e0aa1c74713e27106525e433037c43a087
#5 extracting sha256:69df12c70287cf403446724e92cae1e0aa1c74713e27106525e433037c43a087 0.3s done
#5 extracting sha256:ea2f5386a42d42ff9729d1cb357ca3741edc32be894150e5024a85655b8523ec
#5 extracting sha256:ea2f5386a42d42ff9729d1cb357ca3741edc32be894150e5024a85655b8523ec 2.6s done
#5 extracting sha256:d421d2b3c5eb9a47f42f42f82356e2f63b493c49c8bbcc0c070ab4a06446a972
#5 extracting sha256:d421d2b3c5eb9a47f42f42f82356e2f63b493c49c8bbcc0c070ab4a06446a972 0.6s done
#5 DONE 61.8s

#6 [2/7] RUN apt-get update && apt-get install p7zip-full wget
#6 1.252 Ign:1 http://security.debian.org/debian-security stretch/updates InRelease
#6 1.270 Ign:2 http://security.debian.org/debian-security stretch/updates Release
#6 1.430 Ign:3 http://deb.debian.org/debian stretch InRelease
#6 1.440 Ign:4 http://security.debian.org/debian-security stretch/updates/main all Packages
#6 1.588 Ign:5 http://deb.debian.org/debian stretch-updates InRelease
#6 1.747 Ign:6 http://deb.debian.org/debian stretch Release
#6 1.774 Ign:7 http://security.debian.org/debian-security stretch/updates/main amd64 Packages
#6 1.916 Ign:8 http://deb.debian.org/debian stretch-updates Release
#6 1.947 Ign:4 http://security.debian.org/debian-security stretch/updates/main all Packages
#6 2.080 Ign:9 http://deb.debian.org/debian stretch/main amd64 Packages
#6 2.116 Ign:7 http://security.debian.org/debian-security stretch/updates/main amd64 Packages
#6 2.240 Ign:10 http://deb.debian.org/debian stretch/main all Packages
#6 2.290 Ign:4 http://security.debian.org/debian-security stretch/updates/main all Packages
#6 2.400 Ign:11 http://deb.debian.org/debian stretch-updates/main amd64 Packages
#6 2.411 Ign:12 http://deb.debian.org/debian stretch-updates/main all Packages
#6 2.574 Ign:9 http://deb.debian.org/debian stretch/main amd64 Packages
#6 2.627 Ign:7 http://security.debian.org/debian-security stretch/updates/main amd64 Packages
#6 2.637 Ign:4 http://security.debian.org/debian-security stretch/updates/main all Packages
#6 2.731 Ign:10 http://deb.debian.org/debian stretch/main all Packages
#6 2.889 Ign:11 http://deb.debian.org/debian stretch-updates/main amd64 Packages
#6 2.976 Ign:7 http://security.debian.org/debian-security stretch/updates/main amd64 Packages
#6 2.987 Ign:4 http://security.debian.org/debian-security stretch/updates/main all Packages
#6 3.053 Ign:12 http://deb.debian.org/debian stretch-updates/main all Packages
#6 3.214 Ign:9 http://deb.debian.org/debian stretch/main amd64 Packages
#6 3.317 Ign:7 http://security.debian.org/debian-security stretch/updates/main amd64 Packages
#6 3.328 Ign:4 http://security.debian.org/debian-security stretch/updates/main all Packages
#6 3.372 Ign:10 http://deb.debian.org/debian stretch/main all Packages
#6 3.530 Ign:11 http://deb.debian.org/debian stretch-updates/main amd64 Packages
#6 3.673 Err:7 http://security.debian.org/debian-security stretch/updates/main amd64 Packages
#6 3.673   404  Not Found
#6 3.689 Ign:12 http://deb.debian.org/debian stretch-updates/main all Packages
#6 3.847 Ign:9 http://deb.debian.org/debian stretch/main amd64 Packages
#6 4.005 Ign:10 http://deb.debian.org/debian stretch/main all Packages
#6 4.164 Ign:11 http://deb.debian.org/debian stretch-updates/main amd64 Packages
#6 4.323 Ign:12 http://deb.debian.org/debian stretch-updates/main all Packages
#6 4.485 Ign:9 http://deb.debian.org/debian stretch/main amd64 Packages
#6 4.643 Ign:10 http://deb.debian.org/debian stretch/main all Packages
#6 4.801 Ign:11 http://deb.debian.org/debian stretch-updates/main amd64 Packages
#6 4.960 Ign:12 http://deb.debian.org/debian stretch-updates/main all Packages
#6 5.117 Err:9 http://deb.debian.org/debian stretch/main amd64 Packages
#6 5.117   404  Not Found
#6 5.284 Ign:10 http://deb.debian.org/debian stretch/main all Packages
#6 5.442 Err:11 http://deb.debian.org/debian stretch-updates/main amd64 Packages
#6 5.442   404  Not Found
#6 5.600 Ign:12 http://deb.debian.org/debian stretch-updates/main all Packages
#6 5.629 Reading package lists...
#6 5.706 W: The repository 'http://security.debian.org/debian-security stretch/updates Release' does not have a Release file.
#6 5.706 W: The repository 'http://deb.debian.org/debian stretch Release' does not have a Release file.
#6 5.706 W: The repository 'http://deb.debian.org/debian stretch-updates Release' does not have a Release file.
#6 5.706 E: Failed to fetch http://security.debian.org/debian-security/dists/stretch/updates/main/binary-amd64/Packages  404  Not Found
#6 5.706 E: Failed to fetch http://deb.debian.org/debian/dists/stretch/main/binary-amd64/Packages  404  Not Found
#6 5.706 E: Failed to fetch http://deb.debian.org/debian/dists/stretch-updates/main/binary-amd64/Packages  404  Not Found
#6 5.706 E: Some index files failed to download. They have been ignored, or old ones used instead.
#6 ERROR: process "/bin/sh -c apt-get update && apt-get install p7zip-full wget" did not complete successfully: exit code: 100
------
 > [2/7] RUN apt-get update && apt-get install p7zip-full wget:
5.442   404  Not Found
5.600 Ign:12 http://deb.debian.org/debian stretch-updates/main all Packages
5.629 Reading package lists...
5.706 W: The repository 'http://security.debian.org/debian-security stretch/updates Release' does not have a Release file.
5.706 W: The repository 'http://deb.debian.org/debian stretch Release' does not have a Release file.
5.706 W: The repository 'http://deb.debian.org/debian stretch-updates Release' does not have a Release file.
5.706 E: Failed to fetch http://security.debian.org/debian-security/dists/stretch/updates/main/binary-amd64/Packages  404  Not Found
5.706 E: Failed to fetch http://deb.debian.org/debian/dists/stretch/main/binary-amd64/Packages  404  Not Found
5.706 E: Failed to fetch http://deb.debian.org/debian/dists/stretch-updates/main/binary-amd64/Packages  404  Not Found
5.706 E: Some index files failed to download. They have been ignored, or old ones used instead.
------
Dockerfile:7
--------------------
   5 |     # docker run -p 8080:8080 -it --rm --name snorpy_container snorpy_app
   6 |     
   7 | >>> RUN apt-get update && apt-get install p7zip-full wget
   8 |     
   9 |     RUN useradd -m --user-group -p $(echo SOMEPASSWORDHERE | openssl passwd -1 -stdin) snorpy
--------------------
ERROR: failed to solve: process "/bin/sh -c apt-get update && apt-get install p7zip-full wget" did not complete successfully: exit code: 100
Duration: 1:25.48