#0 building with "default" instance using docker driver

#1 [internal] load build definition from Dockerfile
#1 ...

#2 [internal] load .dockerignore
#2 transferring context: 2B done
#2 DONE 0.4s

#1 [internal] load build definition from Dockerfile
#1 transferring dockerfile: 478B done
#1 DONE 0.4s

#3 [internal] load metadata for docker.io/library/golang:1.14.2-stretch
#3 ...

#4 [internal] load metadata for docker.io/library/debian:9.12-slim
#4 DONE 1.4s

#3 [internal] load metadata for docker.io/library/golang:1.14.2-stretch
#3 DONE 1.5s

#5 [internal] load build context
#5 DONE 0.0s

#6 [stage-1 1/3] FROM docker.io/library/debian:9.12-slim@sha256:583e0a6588d4eb8cf90baf75dc2d22ebe47765891dfd006c4edf0247add9019b
#6 resolve docker.io/library/debian:9.12-slim@sha256:583e0a6588d4eb8cf90baf75dc2d22ebe47765891dfd006c4edf0247add9019b
#6 resolve docker.io/library/debian:9.12-slim@sha256:583e0a6588d4eb8cf90baf75dc2d22ebe47765891dfd006c4edf0247add9019b 0.4s done
#6 sha256:583e0a6588d4eb8cf90baf75dc2d22ebe47765891dfd006c4edf0247add9019b 1.85kB / 1.85kB done
#6 sha256:a0862e5787377f554a71125399c1a1d03882498cc6b0a12d845f4b48244cad39 529B / 529B done
#6 sha256:3718ed702ef53ea1048308a008bb0bdf7e26f3712ca49ba6b482c746390482ae 1.50kB / 1.50kB done
#6 ...

#5 [internal] load build context
#5 transferring context: 1.59MB 0.0s done
#5 DONE 0.6s

#7 [stage-0 1/7] FROM docker.io/library/golang:1.14.2-stretch@sha256:d55edfc0258f9aa7f83b2023ede8f6b7f159e8fe377b0d018463510f0c1bcb17
#7 resolve docker.io/library/golang:1.14.2-stretch@sha256:d55edfc0258f9aa7f83b2023ede8f6b7f159e8fe377b0d018463510f0c1bcb17 0.4s done
#7 sha256:d55edfc0258f9aa7f83b2023ede8f6b7f159e8fe377b0d018463510f0c1bcb17 1.42kB / 1.42kB done
#7 sha256:5c2a5046bc1b3588eb7d95f71836bef45d95cfffb50e3c95c4efcc1e7b04f594 1.80kB / 1.80kB done
#7 sha256:a58e31ece45e1695a730399d5d158ece3a28946bf39671998663a50b0a05c303 5.46kB / 5.46kB done
#7 sha256:99760bc62448fbba69f6f0981d09bb4b7532e17362ecfb709141a7195d9b01d3 14.68MB / 45.38MB 0.6s
#7 sha256:a222a2af289fc1fe54c037f02e7651e0aead2f81f40cb2885786bfe57aed10a9 2.10MB / 4.34MB 0.6s
#7 sha256:e3fa264a7a881e244e7fd3420edda0d550ee3b26ed870f5c021d937497ffd602 1.05MB / 10.80MB 0.6s
#7 sha256:99760bc62448fbba69f6f0981d09bb4b7532e17362ecfb709141a7195d9b01d3 24.12MB / 45.38MB 0.8s
#7 sha256:a222a2af289fc1fe54c037f02e7651e0aead2f81f40cb2885786bfe57aed10a9 4.34MB / 4.34MB 0.8s done
#7 sha256:e3fa264a7a881e244e7fd3420edda0d550ee3b26ed870f5c021d937497ffd602 9.44MB / 10.80MB 0.8s
#7 sha256:99760bc62448fbba69f6f0981d09bb4b7532e17362ecfb709141a7195d9b01d3 29.36MB / 45.38MB 0.9s
#7 sha256:e3fa264a7a881e244e7fd3420edda0d550ee3b26ed870f5c021d937497ffd602 10.80MB / 10.80MB 0.9s
#7 sha256:c1f89293f045ce3c13f0d10aa189292713a213532b69efada74fe25d2d4db381 0B / 50.08MB 0.9s
#7 sha256:99760bc62448fbba69f6f0981d09bb4b7532e17362ecfb709141a7195d9b01d3 38.80MB / 45.38MB 1.1s
#7 sha256:e3fa264a7a881e244e7fd3420edda0d550ee3b26ed870f5c021d937497ffd602 10.80MB / 10.80MB 1.1s done
#7 sha256:ceff3078f756b7d9ee22a74dbb17e7e80443f850a09d735b8412c7960e59d3c4 0B / 57.72MB 1.1s
#7 sha256:99760bc62448fbba69f6f0981d09bb4b7532e17362ecfb709141a7195d9b01d3 45.38MB / 45.38MB 1.2s
#7 sha256:c1f89293f045ce3c13f0d10aa189292713a213532b69efada74fe25d2d4db381 4.19MB / 50.08MB 1.2s
#7 sha256:ceff3078f756b7d9ee22a74dbb17e7e80443f850a09d735b8412c7960e59d3c4 8.39MB / 57.72MB 1.3s
#7 sha256:c1f89293f045ce3c13f0d10aa189292713a213532b69efada74fe25d2d4db381 14.68MB / 50.08MB 1.5s
#7 sha256:ceff3078f756b7d9ee22a74dbb17e7e80443f850a09d735b8412c7960e59d3c4 19.92MB / 57.72MB 1.5s
#7 sha256:c1f89293f045ce3c13f0d10aa189292713a213532b69efada74fe25d2d4db381 18.87MB / 50.08MB 1.6s
#7 sha256:ceff3078f756b7d9ee22a74dbb17e7e80443f850a09d735b8412c7960e59d3c4 24.12MB / 57.72MB 1.6s
#7 sha256:c1f89293f045ce3c13f0d10aa189292713a213532b69efada74fe25d2d4db381 23.07MB / 50.08MB 1.7s
#7 sha256:ceff3078f756b7d9ee22a74dbb17e7e80443f850a09d735b8412c7960e59d3c4 30.41MB / 57.72MB 1.7s
#7 sha256:c1f89293f045ce3c13f0d10aa189292713a213532b69efada74fe25d2d4db381 28.31MB / 50.08MB 1.8s
#7 sha256:ceff3078f756b7d9ee22a74dbb17e7e80443f850a09d735b8412c7960e59d3c4 37.75MB / 57.72MB 1.8s
#7 sha256:99760bc62448fbba69f6f0981d09bb4b7532e17362ecfb709141a7195d9b01d3 45.38MB / 45.38MB 2.0s done
#7 sha256:c1f89293f045ce3c13f0d10aa189292713a213532b69efada74fe25d2d4db381 32.69MB / 50.08MB 2.0s
#7 sha256:ceff3078f756b7d9ee22a74dbb17e7e80443f850a09d735b8412c7960e59d3c4 45.09MB / 57.72MB 2.0s
#7 sha256:c1f89293f045ce3c13f0d10aa189292713a213532b69efada74fe25d2d4db381 38.80MB / 50.08MB 2.2s
#7 sha256:ceff3078f756b7d9ee22a74dbb17e7e80443f850a09d735b8412c7960e59d3c4 57.72MB / 57.72MB 2.2s
#7 extracting sha256:99760bc62448fbba69f6f0981d09bb4b7532e17362ecfb709141a7195d9b01d3
#7 sha256:b4c0ece59339cb167ec8f84b755b8c427b2368ef3d32a408a7cb70710f41ae07 0B / 123.66MB 2.2s
#7 sha256:c1f89293f045ce3c13f0d10aa189292713a213532b69efada74fe25d2d4db381 44.04MB / 50.08MB 2.4s
#7 sha256:b4c0ece59339cb167ec8f84b755b8c427b2368ef3d32a408a7cb70710f41ae07 7.34MB / 123.66MB 2.4s
#7 sha256:c1f89293f045ce3c13f0d10aa189292713a213532b69efada74fe25d2d4db381 50.08MB / 50.08MB 2.5s
#7 sha256:b4c0ece59339cb167ec8f84b755b8c427b2368ef3d32a408a7cb70710f41ae07 14.68MB / 123.66MB 2.6s
#7 sha256:b4c0ece59339cb167ec8f84b755b8c427b2368ef3d32a408a7cb70710f41ae07 22.02MB / 123.66MB 2.9s
#7 sha256:b4c0ece59339cb167ec8f84b755b8c427b2368ef3d32a408a7cb70710f41ae07 29.36MB / 123.66MB 3.1s
#7 sha256:ceff3078f756b7d9ee22a74dbb17e7e80443f850a09d735b8412c7960e59d3c4 57.72MB / 57.72MB 3.1s done
#7 sha256:b4c0ece59339cb167ec8f84b755b8c427b2368ef3d32a408a7cb70710f41ae07 36.70MB / 123.66MB 3.4s
#7 sha256:b4c0ece59339cb167ec8f84b755b8c427b2368ef3d32a408a7cb70710f41ae07 45.09MB / 123.66MB 3.7s
#7 sha256:c1f89293f045ce3c13f0d10aa189292713a213532b69efada74fe25d2d4db381 50.08MB / 50.08MB 3.9s done
#7 sha256:b4c0ece59339cb167ec8f84b755b8c427b2368ef3d32a408a7cb70710f41ae07 53.48MB / 123.66MB 3.9s
#7 sha256:46f844a8f848bab8ca047640e346d0e913d977c5f205a97b749735a6995db58b 0B / 126B 4.0s
#7 sha256:b4c0ece59339cb167ec8f84b755b8c427b2368ef3d32a408a7cb70710f41ae07 60.82MB / 123.66MB 4.2s
#7 sha256:46f844a8f848bab8ca047640e346d0e913d977c5f205a97b749735a6995db58b 126B / 126B 4.1s done
#7 sha256:b4c0ece59339cb167ec8f84b755b8c427b2368ef3d32a408a7cb70710f41ae07 67.11MB / 123.66MB 4.5s
#7 extracting sha256:99760bc62448fbba69f6f0981d09bb4b7532e17362ecfb709141a7195d9b01d3 2.6s done
#7 sha256:b4c0ece59339cb167ec8f84b755b8c427b2368ef3d32a408a7cb70710f41ae07 79.69MB / 123.66MB 4.8s
#7 sha256:b4c0ece59339cb167ec8f84b755b8c427b2368ef3d32a408a7cb70710f41ae07 89.13MB / 123.66MB 5.0s
#7 extracting sha256:e3fa264a7a881e244e7fd3420edda0d550ee3b26ed870f5c021d937497ffd602
#7 sha256:b4c0ece59339cb167ec8f84b755b8c427b2368ef3d32a408a7cb70710f41ae07 97.52MB / 123.66MB 5.2s
#7 sha256:b4c0ece59339cb167ec8f84b755b8c427b2368ef3d32a408a7cb70710f41ae07 105.91MB / 123.66MB 5.4s
#7 sha256:b4c0ece59339cb167ec8f84b755b8c427b2368ef3d32a408a7cb70710f41ae07 113.25MB / 123.66MB 5.6s
#7 extracting sha256:e3fa264a7a881e244e7fd3420edda0d550ee3b26ed870f5c021d937497ffd602 0.6s done
#7 sha256:b4c0ece59339cb167ec8f84b755b8c427b2368ef3d32a408a7cb70710f41ae07 123.66MB / 123.66MB 5.8s
#7 sha256:b4c0ece59339cb167ec8f84b755b8c427b2368ef3d32a408a7cb70710f41ae07 123.66MB / 123.66MB 7.9s done
#7 extracting sha256:a222a2af289fc1fe54c037f02e7651e0aead2f81f40cb2885786bfe57aed10a9 0.1s
#7 ...

#6 [stage-1 1/3] FROM docker.io/library/debian:9.12-slim@sha256:583e0a6588d4eb8cf90baf75dc2d22ebe47765891dfd006c4edf0247add9019b
#6 sha256:7d2977b12acb33f192e3f20b7e15a467cc8f3f5124a15d975a6d4afe5fa3d258 22.52MB / 22.52MB 4.9s done
#6 extracting sha256:7d2977b12acb33f192e3f20b7e15a467cc8f3f5124a15d975a6d4afe5fa3d258 1.5s done
#6 DONE 8.9s

#7 [stage-0 1/7] FROM docker.io/library/golang:1.14.2-stretch@sha256:d55edfc0258f9aa7f83b2023ede8f6b7f159e8fe377b0d018463510f0c1bcb17
#7 extracting sha256:a222a2af289fc1fe54c037f02e7651e0aead2f81f40cb2885786bfe57aed10a9 0.2s done
#7 ...

#8 [stage-1 2/3] RUN apt-get update && apt-get install -y ca-certificates
#8 1.250 Ign:1 http://security.debian.org/debian-security stretch/updates InRelease
#8 1.253 Ign:2 http://security.debian.org/debian-security stretch/updates Release
#8 1.255 Ign:3 http://security.debian.org/debian-security stretch/updates/main all Packages
#8 1.258 Ign:4 http://security.debian.org/debian-security stretch/updates/main amd64 Packages
#8 1.262 Ign:3 http://security.debian.org/debian-security stretch/updates/main all Packages
#8 1.263 Ign:5 http://deb.debian.org/debian stretch InRelease
#8 1.264 Ign:4 http://security.debian.org/debian-security stretch/updates/main amd64 Packages
#8 1.267 Ign:3 http://security.debian.org/debian-security stretch/updates/main all Packages
#8 1.270 Ign:4 http://security.debian.org/debian-security stretch/updates/main amd64 Packages
#8 1.272 Ign:3 http://security.debian.org/debian-security stretch/updates/main all Packages
#8 1.273 Ign:6 http://deb.debian.org/debian stretch-updates InRelease
#8 1.274 Ign:4 http://security.debian.org/debian-security stretch/updates/main amd64 Packages
#8 1.277 Ign:3 http://security.debian.org/debian-security stretch/updates/main all Packages
#8 1.280 Ign:4 http://security.debian.org/debian-security stretch/updates/main amd64 Packages
#8 1.282 Ign:3 http://security.debian.org/debian-security stretch/updates/main all Packages
#8 1.284 Ign:7 http://deb.debian.org/debian stretch Release
#8 1.284 Err:4 http://security.debian.org/debian-security stretch/updates/main amd64 Packages
#8 1.284   404  Not Found [IP: 151.101.130.132 80]
#8 1.296 Ign:8 http://deb.debian.org/debian stretch-updates Release
#8 1.306 Ign:9 http://deb.debian.org/debian stretch/main amd64 Packages
#8 1.316 Ign:10 http://deb.debian.org/debian stretch/main all Packages
#8 1.327 Ign:11 http://deb.debian.org/debian stretch-updates/main all Packages
#8 1.336 Ign:12 http://deb.debian.org/debian stretch-updates/main amd64 Packages
#8 1.346 Ign:9 http://deb.debian.org/debian stretch/main amd64 Packages
#8 1.357 Ign:10 http://deb.debian.org/debian stretch/main all Packages
#8 1.366 Ign:11 http://deb.debian.org/debian stretch-updates/main all Packages
#8 1.377 Ign:12 http://deb.debian.org/debian stretch-updates/main amd64 Packages
#8 1.387 Ign:9 http://deb.debian.org/debian stretch/main amd64 Packages
#8 1.396 Ign:10 http://deb.debian.org/debian stretch/main all Packages
#8 1.406 Ign:11 http://deb.debian.org/debian stretch-updates/main all Packages
#8 1.416 Ign:12 http://deb.debian.org/debian stretch-updates/main amd64 Packages
#8 1.426 Ign:9 http://deb.debian.org/debian stretch/main amd64 Packages
#8 1.436 Ign:10 http://deb.debian.org/debian stretch/main all Packages
#8 1.450 Ign:11 http://deb.debian.org/debian stretch-updates/main all Packages
#8 1.461 Ign:12 http://deb.debian.org/debian stretch-updates/main amd64 Packages
#8 1.470 Ign:9 http://deb.debian.org/debian stretch/main amd64 Packages
#8 1.480 Ign:10 http://deb.debian.org/debian stretch/main all Packages
#8 1.490 Ign:11 http://deb.debian.org/debian stretch-updates/main all Packages
#8 1.500 Ign:12 http://deb.debian.org/debian stretch-updates/main amd64 Packages
#8 1.510 Err:9 http://deb.debian.org/debian stretch/main amd64 Packages
#8 1.510   404  Not Found
#8 1.529 Ign:10 http://deb.debian.org/debian stretch/main all Packages
#8 1.538 Ign:11 http://deb.debian.org/debian stretch-updates/main all Packages
#8 1.548 Err:12 http://deb.debian.org/debian stretch-updates/main amd64 Packages
#8 1.548   404  Not Found
#8 1.552 Reading package lists...
#8 1.561 W: The repository 'http://security.debian.org/debian-security stretch/updates Release' does not have a Release file.
#8 1.561 W: The repository 'http://deb.debian.org/debian stretch Release' does not have a Release file.
#8 1.561 W: The repository 'http://deb.debian.org/debian stretch-updates Release' does not have a Release file.
#8 1.561 E: Failed to fetch http://security.debian.org/debian-security/dists/stretch/updates/main/binary-amd64/Packages  404  Not Found [IP: 151.101.130.132 80]
#8 1.561 E: Failed to fetch http://deb.debian.org/debian/dists/stretch/main/binary-amd64/Packages  404  Not Found
#8 1.561 E: Failed to fetch http://deb.debian.org/debian/dists/stretch-updates/main/binary-amd64/Packages  404  Not Found
#8 1.561 E: Some index files failed to download. They have been ignored, or old ones used instead.
#8 ERROR: process "/bin/sh -c apt-get update && apt-get install -y ca-certificates" did not complete successfully: exit code: 100

#7 [stage-0 1/7] FROM docker.io/library/golang:1.14.2-stretch@sha256:d55edfc0258f9aa7f83b2023ede8f6b7f159e8fe377b0d018463510f0c1bcb17
#7 extracting sha256:c1f89293f045ce3c13f0d10aa189292713a213532b69efada74fe25d2d4db381 3.3s done
#7 CANCELED
------
 > [stage-1 2/3] RUN apt-get update && apt-get install -y ca-certificates:
1.548 Err:12 http://deb.debian.org/debian stretch-updates/main amd64 Packages
1.548   404  Not Found
1.552 Reading package lists...
1.561 W: The repository 'http://security.debian.org/debian-security stretch/updates Release' does not have a Release file.
1.561 W: The repository 'http://deb.debian.org/debian stretch Release' does not have a Release file.
1.561 W: The repository 'http://deb.debian.org/debian stretch-updates Release' does not have a Release file.
1.561 E: Failed to fetch http://security.debian.org/debian-security/dists/stretch/updates/main/binary-amd64/Packages  404  Not Found [IP: 151.101.130.132 80]
1.561 E: Failed to fetch http://deb.debian.org/debian/dists/stretch/main/binary-amd64/Packages  404  Not Found
1.561 E: Failed to fetch http://deb.debian.org/debian/dists/stretch-updates/main/binary-amd64/Packages  404  Not Found
1.561 E: Some index files failed to download. They have been ignored, or old ones used instead.
------
Dockerfile:13
--------------------
  11 |     
  12 |     FROM debian:9.12-slim
  13 | >>> RUN apt-get update && apt-get install -y ca-certificates
  14 |     USER 1001:1001
  15 |     COPY --from=0 /go/bin/gangway /bin/gangway
--------------------
ERROR: failed to solve: process "/bin/sh -c apt-get update && apt-get install -y ca-certificates" did not complete successfully: exit code: 100
Duration: 0:20.02