#0 building with "default" instance using docker driver

#1 [internal] load build definition from v1_Dockerfile
#1 transferring dockerfile: 321B done
#1 DONE 0.0s

#2 [internal] load metadata for docker.io/library/debian:stable-slim
#2 DONE 0.6s

#3 [internal] load .dockerignore
#3 transferring context: 104B done
#3 DONE 0.0s

#4 [internal] load build context
#4 transferring context: 1.18kB done
#4 DONE 0.0s

#5 [1/3] FROM docker.io/library/debian:stable-slim@sha256:57bd74e95092e6d4c0cdb6e36ca3db5bb828c2f592788734d1a707a4b92e7755
#5 resolve docker.io/library/debian:stable-slim@sha256:57bd74e95092e6d4c0cdb6e36ca3db5bb828c2f592788734d1a707a4b92e7755 0.0s done
#5 sha256:e5365b94db65754594422a8a101c873728711c6a4df029677f4a7f7200d6e1c3 529B / 529B done
#5 sha256:ea3dacfdd555d2342b58d6ce6515c3a2c10ac60a826e15df4b213effd45e54ff 1.46kB / 1.46kB done
#5 sha256:b7d7012a817065b5fd444bd84265e11162ea9cc3d4388e8732ce320bf88aa9c6 0B / 29.13MB 0.1s
#5 sha256:57bd74e95092e6d4c0cdb6e36ca3db5bb828c2f592788734d1a707a4b92e7755 1.85kB / 1.85kB done
#5 sha256:b7d7012a817065b5fd444bd84265e11162ea9cc3d4388e8732ce320bf88aa9c6 7.34MB / 29.13MB 0.2s
#5 sha256:b7d7012a817065b5fd444bd84265e11162ea9cc3d4388e8732ce320bf88aa9c6 17.83MB / 29.13MB 0.3s
#5 sha256:b7d7012a817065b5fd444bd84265e11162ea9cc3d4388e8732ce320bf88aa9c6 25.17MB / 29.13MB 0.4s
#5 sha256:b7d7012a817065b5fd444bd84265e11162ea9cc3d4388e8732ce320bf88aa9c6 29.13MB / 29.13MB 0.5s
#5 sha256:b7d7012a817065b5fd444bd84265e11162ea9cc3d4388e8732ce320bf88aa9c6 29.13MB / 29.13MB 0.5s done
#5 extracting sha256:b7d7012a817065b5fd444bd84265e11162ea9cc3d4388e8732ce320bf88aa9c6 0.1s
#5 extracting sha256:b7d7012a817065b5fd444bd84265e11162ea9cc3d4388e8732ce320bf88aa9c6 1.7s done
#5 DONE 2.4s

#6 [2/3] RUN apt-get update && apt-get install -y --no-install-recommends netcat && rm -rf /var/lib/apt/lists/*
#6 0.380 Get:1 http://deb.debian.org/debian stable InRelease [151 kB]
#6 0.419 Get:2 http://deb.debian.org/debian stable-updates InRelease [55.4 kB]
#6 0.430 Get:3 http://deb.debian.org/debian-security stable-security InRelease [48.0 kB]
#6 0.492 Get:4 http://deb.debian.org/debian stable/main amd64 Packages [8788 kB]
#6 0.622 Get:5 http://deb.debian.org/debian stable-updates/main amd64 Packages [13.8 kB]
#6 0.624 Get:6 http://deb.debian.org/debian-security stable-security/main amd64 Packages [169 kB]
#6 1.740 Fetched 9225 kB in 2s (5917 kB/s)
#6 1.740 Reading package lists...
#6 2.271 Reading package lists...
#6 2.789 Building dependency tree...
#6 2.900 Reading state information...
#6 2.904 Package netcat is a virtual package provided by:
#6 2.904   netcat-openbsd 1.219-1
#6 2.904   netcat-traditional 1.10-47
#6 2.904 
#6 2.905 E: Package 'netcat' has no installation candidate
#6 ERROR: process "/bin/sh -c apt-get update && apt-get install -y --no-install-recommends netcat && rm -rf /var/lib/apt/lists/*" did not complete successfully: exit code: 100
------
 > [2/3] RUN apt-get update && apt-get install -y --no-install-recommends netcat && rm -rf /var/lib/apt/lists/*:
0.624 Get:6 http://deb.debian.org/debian-security stable-security/main amd64 Packages [169 kB]


2.789 Building dependency tree...
2.900 Reading state information...
2.904 Package netcat is a virtual package provided by:
2.904   netcat-openbsd 1.219-1
2.904   netcat-traditional 1.10-47
2.904 
2.905 E: Package 'netcat' has no installation candidate
------
v1_Dockerfile:5
--------------------
   3 |     MAINTAINER Neil Chambers <n3llyb0y.uk@gmail.com>
   4 |     
   5 | >>> RUN apt-get update && apt-get install -y --no-install-recommends netcat && rm -rf /var/lib/apt/lists/*
   6 |     
   7 |     ADD wait /wait
--------------------
ERROR: failed to solve: process "/bin/sh -c apt-get update && apt-get install -y --no-install-recommends netcat && rm -rf /var/lib/apt/lists/*" did not complete successfully: exit code: 100
Duration: 0:6.75