#0 building with "default" instance using docker driver

#1 [internal] load .dockerignore
#1 transferring context:
#1 ...

#2 [internal] load build definition from Dockerfile
#2 transferring dockerfile: 547B 0.2s done
#2 DONE 2.5s

#1 [internal] load .dockerignore
#1 transferring context: 2B done
#1 DONE 2.6s

#3 [internal] load metadata for docker.io/library/debian:9
#3 ...

#4 [auth] library/debian:pull token for registry-1.docker.io
#4 DONE 0.0s

#3 [internal] load metadata for docker.io/library/debian:9
#3 DONE 1.6s

#5 [1/6] FROM docker.io/library/debian:9@sha256:c5c5200ff1e9c73ffbf188b4a67eb1c91531b644856b4aefe86a58d2f0cb05be
#5 resolve docker.io/library/debian:9@sha256:c5c5200ff1e9c73ffbf188b4a67eb1c91531b644856b4aefe86a58d2f0cb05be
#5 resolve docker.io/library/debian:9@sha256:c5c5200ff1e9c73ffbf188b4a67eb1c91531b644856b4aefe86a58d2f0cb05be 0.2s done
#5 DONE 0.2s

#5 [1/6] FROM docker.io/library/debian:9@sha256:c5c5200ff1e9c73ffbf188b4a67eb1c91531b644856b4aefe86a58d2f0cb05be
#5 sha256:8372a04f222be82bf67eb0010a59644b1e52f1246b3da9034edaa98f3d591cae 0B / 45.43MB 0.1s
#5 sha256:c5c5200ff1e9c73ffbf188b4a67eb1c91531b644856b4aefe86a58d2f0cb05be 1.21kB / 1.21kB done
#5 sha256:16ee3e11da473f6565ef94a715f1a38b3079e0664913be78869c336a71cb6085 529B / 529B done
#5 sha256:662c05203bab4c59568d24689fa5c3955439360a35c483178598d226b9a5ad10 1.46kB / 1.46kB done
#5 sha256:8372a04f222be82bf67eb0010a59644b1e52f1246b3da9034edaa98f3d591cae 8.39MB / 45.43MB 0.4s
#5 sha256:8372a04f222be82bf67eb0010a59644b1e52f1246b3da9034edaa98f3d591cae 12.58MB / 45.43MB 0.5s
#5 sha256:8372a04f222be82bf67eb0010a59644b1e52f1246b3da9034edaa98f3d591cae 27.26MB / 45.43MB 0.8s
#5 sha256:8372a04f222be82bf67eb0010a59644b1e52f1246b3da9034edaa98f3d591cae 31.46MB / 45.43MB 0.9s
#5 sha256:8372a04f222be82bf67eb0010a59644b1e52f1246b3da9034edaa98f3d591cae 35.65MB / 45.43MB 1.0s
#5 sha256:8372a04f222be82bf67eb0010a59644b1e52f1246b3da9034edaa98f3d591cae 40.89MB / 45.43MB 1.2s
#5 sha256:8372a04f222be82bf67eb0010a59644b1e52f1246b3da9034edaa98f3d591cae 45.43MB / 45.43MB 1.3s
#5 sha256:8372a04f222be82bf67eb0010a59644b1e52f1246b3da9034edaa98f3d591cae 45.43MB / 45.43MB 2.0s done
#5 extracting sha256:8372a04f222be82bf67eb0010a59644b1e52f1246b3da9034edaa98f3d591cae
#5 extracting sha256:8372a04f222be82bf67eb0010a59644b1e52f1246b3da9034edaa98f3d591cae 5.1s
#5 extracting sha256:8372a04f222be82bf67eb0010a59644b1e52f1246b3da9034edaa98f3d591cae 6.5s done
#5 DONE 9.7s

#6 [2/6] RUN apt-get update && apt-get install -y     build-essential git python python-ecdsa gcc-arm-none-eabi curl
#6 1.810 Ign:1 http://deb.debian.org/debian stretch InRelease
#6 1.829 Ign:2 http://deb.debian.org/debian stretch-updates InRelease
#6 1.852 Ign:3 http://deb.debian.org/debian stretch Release
#6 1.873 Ign:4 http://deb.debian.org/debian stretch-updates Release
#6 1.921 Ign:5 http://security.debian.org/debian-security stretch/updates InRelease
#6 2.033 Ign:6 http://deb.debian.org/debian stretch/main amd64 Packages
#6 2.049 Ign:7 http://deb.debian.org/debian stretch/main all Packages
#6 2.079 Ign:8 http://security.debian.org/debian-security stretch/updates Release
#6 2.229 Ign:9 http://deb.debian.org/debian stretch-updates/main amd64 Packages
#6 2.240 Ign:10 http://security.debian.org/debian-security stretch/updates/main amd64 Packages
#6 2.251 Ign:11 http://deb.debian.org/debian stretch-updates/main all Packages
#6 2.394 Ign:12 http://security.debian.org/debian-security stretch/updates/main all Packages
#6 2.550 Ign:6 http://deb.debian.org/debian stretch/main amd64 Packages
#6 2.559 Ign:10 http://security.debian.org/debian-security stretch/updates/main amd64 Packages
#6 2.573 Ign:7 http://deb.debian.org/debian stretch/main all Packages
#6 2.711 Ign:12 http://security.debian.org/debian-security stretch/updates/main all Packages
#6 2.758 Ign:9 http://deb.debian.org/debian stretch-updates/main amd64 Packages
#6 2.769 Ign:11 http://deb.debian.org/debian stretch-updates/main all Packages
#6 2.875 Ign:10 http://security.debian.org/debian-security stretch/updates/main amd64 Packages
#6 3.011 Ign:6 http://deb.debian.org/debian stretch/main amd64 Packages
#6 3.021 Ign:7 http://deb.debian.org/debian stretch/main all Packages
#6 3.028 Ign:12 http://security.debian.org/debian-security stretch/updates/main all Packages
#6 3.187 Ign:10 http://security.debian.org/debian-security stretch/updates/main amd64 Packages
#6 3.188 Ign:9 http://deb.debian.org/debian stretch-updates/main amd64 Packages
#6 3.201 Ign:11 http://deb.debian.org/debian stretch-updates/main all Packages
#6 3.352 Ign:12 http://security.debian.org/debian-security stretch/updates/main all Packages
#6 3.402 Ign:6 http://deb.debian.org/debian stretch/main amd64 Packages
#6 3.416 Ign:7 http://deb.debian.org/debian stretch/main all Packages
#6 3.506 Ign:10 http://security.debian.org/debian-security stretch/updates/main amd64 Packages
#6 3.581 Ign:9 http://deb.debian.org/debian stretch-updates/main amd64 Packages
#6 3.595 Ign:11 http://deb.debian.org/debian stretch-updates/main all Packages
#6 3.660 Ign:12 http://security.debian.org/debian-security stretch/updates/main all Packages
#6 3.760 Ign:6 http://deb.debian.org/debian stretch/main amd64 Packages
#6 3.776 Ign:7 http://deb.debian.org/debian stretch/main all Packages
#6 3.812 Err:10 http://security.debian.org/debian-security stretch/updates/main amd64 Packages
#6 3.812   404  Not Found [IP: 151.101.66.132 80]
#6 3.933 Ign:9 http://deb.debian.org/debian stretch-updates/main amd64 Packages
#6 3.943 Ign:11 http://deb.debian.org/debian stretch-updates/main all Packages
#6 3.974 Ign:12 http://security.debian.org/debian-security stretch/updates/main all Packages
#6 4.183 Err:6 http://deb.debian.org/debian stretch/main amd64 Packages
#6 4.183   404  Not Found
#6 4.202 Ign:7 http://deb.debian.org/debian stretch/main all Packages
#6 4.421 Err:9 http://deb.debian.org/debian stretch-updates/main amd64 Packages
#6 4.421   404  Not Found
#6 4.437 Ign:11 http://deb.debian.org/debian stretch-updates/main all Packages
#6 4.476 Reading package lists...
#6 4.528 W: The repository 'http://deb.debian.org/debian stretch Release' does not have a Release file.
#6 4.528 W: The repository 'http://deb.debian.org/debian stretch-updates Release' does not have a Release file.
#6 4.528 W: The repository 'http://security.debian.org/debian-security stretch/updates Release' does not have a Release file.
#6 4.528 E: Failed to fetch http://deb.debian.org/debian/dists/stretch/main/binary-amd64/Packages  404  Not Found
#6 4.528 E: Failed to fetch http://deb.debian.org/debian/dists/stretch-updates/main/binary-amd64/Packages  404  Not Found
#6 4.528 E: Failed to fetch http://security.debian.org/debian-security/dists/stretch/updates/main/binary-amd64/Packages  404  Not Found [IP: 151.101.66.132 80]
#6 4.528 E: Some index files failed to download. They have been ignored, or old ones used instead.
#6 ERROR: process "/bin/sh -c apt-get update && apt-get install -y     build-essential git python python-ecdsa gcc-arm-none-eabi curl" did not complete successfully: exit code: 100
------
 > [2/6] RUN apt-get update && apt-get install -y     build-essential git python python-ecdsa gcc-arm-none-eabi curl:
4.421   404  Not Found
4.437 Ign:11 http://deb.debian.org/debian stretch-updates/main all Packages
4.476 Reading package lists...
4.528 W: The repository 'http://deb.debian.org/debian stretch Release' does not have a Release file.
4.528 W: The repository 'http://deb.debian.org/debian stretch-updates Release' does not have a Release file.
4.528 W: The repository 'http://security.debian.org/debian-security stretch/updates Release' does not have a Release file.
4.528 E: Failed to fetch http://deb.debian.org/debian/dists/stretch/main/binary-amd64/Packages  404  Not Found
4.528 E: Failed to fetch http://deb.debian.org/debian/dists/stretch-updates/main/binary-amd64/Packages  404  Not Found
4.528 E: Failed to fetch http://security.debian.org/debian-security/dists/stretch/updates/main/binary-amd64/Packages  404  Not Found [IP: 151.101.66.132 80]
4.528 E: Some index files failed to download. They have been ignored, or old ones used instead.
------
Dockerfile:7
--------------------
   6 |     
   7 | >>> RUN apt-get update && apt-get install -y \
   8 | >>>     build-essential git python python-ecdsa gcc-arm-none-eabi curl
   9 |     RUN apt-get install -y unzip python-pip
--------------------
ERROR: failed to solve: process "/bin/sh -c apt-get update && apt-get install -y     build-essential git python python-ecdsa gcc-arm-none-eabi curl" did not complete successfully: exit code: 100
Duration: 0:24.20