#0 building with "default" instance using docker driver

#1 [internal] load build definition from v1_Dockerfile
#1 transferring dockerfile:
#1 transferring dockerfile: 543B done
#1 DONE 0.3s

#2 [internal] load .dockerignore
#2 transferring context: 45B done
#2 DONE 0.4s

#3 [internal] load metadata for docker.io/library/alpine:latest
#3 ...

#4 [internal] load metadata for docker.io/library/nginx:1.17-alpine
#4 DONE 1.4s

#3 [internal] load metadata for docker.io/library/alpine:latest
#3 DONE 1.5s

#5 [builder  1/11] FROM docker.io/library/alpine@sha256:0a4eaa0eecf5f8c050e5bba433f58c052be7587ee8af3e8b3910ef9ab5fbe9f5
#5 resolve docker.io/library/alpine@sha256:0a4eaa0eecf5f8c050e5bba433f58c052be7587ee8af3e8b3910ef9ab5fbe9f5
#5 ...

#6 [internal] load build context
#6 transferring context: 837.62kB 0.0s done
#6 DONE 0.3s

#7 [stage-1 1/4] FROM docker.io/library/nginx:1.17-alpine@sha256:763e7f0188e378fef0c761854552c70bbd817555dc4de029681a2e972e25e30e
#7 resolve docker.io/library/nginx:1.17-alpine@sha256:763e7f0188e378fef0c761854552c70bbd817555dc4de029681a2e972e25e30e
#7 resolve docker.io/library/nginx:1.17-alpine@sha256:763e7f0188e378fef0c761854552c70bbd817555dc4de029681a2e972e25e30e 0.4s done
#7 sha256:763e7f0188e378fef0c761854552c70bbd817555dc4de029681a2e972e25e30e 1.41kB / 1.41kB done
#7 sha256:630d39f3970740583f96ec6b26cc7b0f531c35a5c2068c551f02f5236b1e373f 739B / 739B done
#7 sha256:89ec9da682137d6b18ab8244ca263b6771067f251562f884c7510c8f1e5ac910 7.01kB / 7.01kB done
#7 sha256:cbdbe7a5bc2a134ca8ec91be58565ec07d037386d1f1d8385412d224deafca08 0B / 2.81MB 0.1s
#7 sha256:cbdbe7a5bc2a134ca8ec91be58565ec07d037386d1f1d8385412d224deafca08 2.10MB / 2.81MB 0.2s
#7 sha256:c554c602ff329d94bcb532a7f3c97c27af3abcbb678bdd809e4e894135bb88c9 0B / 5.77MB 0.2s
#7 sha256:c554c602ff329d94bcb532a7f3c97c27af3abcbb678bdd809e4e894135bb88c9 3.15MB / 5.77MB 0.3s
#7 extracting sha256:cbdbe7a5bc2a134ca8ec91be58565ec07d037386d1f1d8385412d224deafca08
#7 sha256:cbdbe7a5bc2a134ca8ec91be58565ec07d037386d1f1d8385412d224deafca08 2.81MB / 2.81MB 0.3s done
#7 sha256:c554c602ff329d94bcb532a7f3c97c27af3abcbb678bdd809e4e894135bb88c9 5.77MB / 5.77MB 0.4s
#7 sha256:c554c602ff329d94bcb532a7f3c97c27af3abcbb678bdd809e4e894135bb88c9 5.77MB / 5.77MB 0.4s done
#7 extracting sha256:cbdbe7a5bc2a134ca8ec91be58565ec07d037386d1f1d8385412d224deafca08 0.2s done
#7 extracting sha256:c554c602ff329d94bcb532a7f3c97c27af3abcbb678bdd809e4e894135bb88c9
#7 ...

#5 [builder  1/11] FROM docker.io/library/alpine@sha256:0a4eaa0eecf5f8c050e5bba433f58c052be7587ee8af3e8b3910ef9ab5fbe9f5
#5 resolve docker.io/library/alpine@sha256:0a4eaa0eecf5f8c050e5bba433f58c052be7587ee8af3e8b3910ef9ab5fbe9f5 0.5s done
#5 sha256:0a4eaa0eecf5f8c050e5bba433f58c052be7587ee8af3e8b3910ef9ab5fbe9f5 1.85kB / 1.85kB done
#5 sha256:eddacbc7e24bf8799a4ed3cdcfa50d4b88a323695ad80f317b6629883b2c2a78 528B / 528B done
#5 sha256:324bc02ae1231fd9255658c128086395d3fa0aedd5a41ab6b034fd649d1a9260 1.47kB / 1.47kB done
#5 sha256:c6a83fedfae6ed8a4f5f7cbb6a7b6f1c1ec3d86fea8cb9e5ba2e5e6673fde9f6 3.62MB / 3.62MB 0.5s done
#5 extracting sha256:c6a83fedfae6ed8a4f5f7cbb6a7b6f1c1ec3d86fea8cb9e5ba2e5e6673fde9f6 0.2s done
#5 DONE 1.8s

#7 [stage-1 1/4] FROM docker.io/library/nginx:1.17-alpine@sha256:763e7f0188e378fef0c761854552c70bbd817555dc4de029681a2e972e25e30e
#7 extracting sha256:c554c602ff329d94bcb532a7f3c97c27af3abcbb678bdd809e4e894135bb88c9 0.4s done
#7 DONE 2.6s

#8 [builder  2/11] RUN mkdir /src /app
#8 DONE 1.7s

#9 [builder  3/11] WORKDIR /src
#9 DONE 0.4s

#10 [builder  4/11] COPY . /src/
#10 DONE 0.4s

#11 [builder  5/11] COPY CHECKS /app/CHECKS
#11 DONE 0.3s

#12 [builder  6/11] RUN apk add --no-cache curl make gcc musl-dev libffi-dev python3 python3-dev
#12 0.564 fetch https://dl-cdn.alpinelinux.org/alpine/v3.20/main/x86_64/APKINDEX.tar.gz
#12 0.807 fetch https://dl-cdn.alpinelinux.org/alpine/v3.20/community/x86_64/APKINDEX.tar.gz
#12 1.302 (1/42) Installing ca-certificates (20240705-r0)
#12 1.327 (2/42) Installing brotli-libs (1.1.0-r2)
#12 1.350 (3/42) Installing c-ares (1.28.1-r0)
#12 1.367 (4/42) Installing libunistring (1.2-r0)
#12 1.389 (5/42) Installing libidn2 (2.3.7-r0)
#12 1.402 (6/42) Installing nghttp2-libs (1.62.1-r0)
#12 1.407 (7/42) Installing libpsl (0.21.5-r1)
#12 1.411 (8/42) Installing zstd-libs (1.5.6-r0)
#12 1.423 (9/42) Installing libcurl (8.9.0-r0)
#12 1.433 (10/42) Installing curl (8.9.0-r0)
#12 1.440 (11/42) Installing libgcc (13.2.1_git20240309-r0)
#12 1.443 (12/42) Installing jansson (2.14-r4)
#12 1.446 (13/42) Installing libstdc++ (13.2.1_git20240309-r0)
#12 1.472 (14/42) Installing binutils (2.42-r0)
#12 1.568 (15/42) Installing libgomp (13.2.1_git20240309-r0)
#12 1.576 (16/42) Installing libatomic (13.2.1_git20240309-r0)
#12 1.578 (17/42) Installing gmp (6.3.0-r1)
#12 1.587 (18/42) Installing isl26 (0.26-r1)
#12 1.611 (19/42) Installing mpfr4 (4.2.1-r0)
#12 1.622 (20/42) Installing mpc1 (1.3.1-r1)
#12 1.627 (21/42) Installing gcc (13.2.1_git20240309-r0)
#12 2.819 (22/42) Installing linux-headers (6.6-r0)
#12 2.995 (23/42) Installing libffi (3.4.6-r0)
#12 2.998 (24/42) Installing pkgconf (2.2.0-r0)
#12 3.002 (25/42) Installing libffi-dev (3.4.6-r0)
#12 3.007 (26/42) Installing make (4.4.1-r2)
#12 3.013 (27/42) Installing musl-dev (1.2.5-r0)
#12 3.124 (28/42) Installing libbz2 (1.0.8-r6)
#12 3.127 (29/42) Installing libexpat (2.6.2-r0)
#12 3.131 (30/42) Installing gdbm (1.23-r1)
#12 3.135 (31/42) Installing xz-libs (5.6.1-r3)
#12 3.140 (32/42) Installing mpdecimal (4.0.0-r0)
#12 3.145 (33/42) Installing ncurses-terminfo-base (6.4_p20240420-r0)
#12 3.174 (34/42) Installing libncursesw (6.4_p20240420-r0)
#12 3.181 (35/42) Installing libpanelw (6.4_p20240420-r0)
#12 3.183 (36/42) Installing readline (8.2.10-r0)
#12 3.189 (37/42) Installing sqlite-libs (3.45.3-r1)
#12 3.211 (38/42) Installing python3 (3.12.3-r1)
#12 3.534 (39/42) Installing python3-pycache-pyc0 (3.12.3-r1)
#12 3.776 (40/42) Installing pyc (3.12.3-r1)
#12 3.778 (41/42) Installing python3-pyc (3.12.3-r1)
#12 3.780 (42/42) Installing python3-dev (3.12.3-r1)
#12 4.607 Executing busybox-1.36.1-r29.trigger
#12 4.612 Executing ca-certificates-20240705-r0.trigger
#12 4.658 OK: 302 MiB in 56 packages
#12 DONE 10.4s

#13 [builder  7/11] RUN env
#13 0.628 SHLVL=1
#13 0.628 HOME=/root
#13 0.628 PATH=/usr/local/sbin:/usr/local/bin:/usr/sbin:/usr/bin:/sbin:/bin
#13 0.628 PWD=/src
#13 DONE 0.8s

#14 [builder  8/11] RUN curl -sSL https://install.python-poetry.org | POETRY_HOME=/etc/poetry python3 -
#14 26.05 Retrieving Poetry metadata
#14 26.05 
#14 26.05 # Welcome to Poetry!
#14 26.05 
#14 26.05 This will download and install the latest version of Poetry,
#14 26.05 a dependency and package manager for Python.
#14 26.05 
#14 26.05 It will add the `poetry` command to Poetry's bin directory, located at:
#14 26.05 
#14 26.05 /etc/poetry/bin
#14 26.05 
#14 26.05 You can uninstall at any time by executing this script with the --uninstall option,
#14 26.05 and these changes will be reverted.
#14 26.05 
#14 26.05 Installing Poetry (1.8.3)
#14 26.05 Installing Poetry (1.8.3): Creating environment
#14 26.05 Installing Poetry (1.8.3): Installing Poetry
#14 26.05 Installing Poetry (1.8.3): Creating script
#14 26.05 Installing Poetry (1.8.3): Done
#14 26.05 
#14 26.05 Poetry (1.8.3) is installed now. Great!
#14 26.05 
#14 26.05 To get started you need Poetry's bin directory (/etc/poetry/bin) in your `PATH`
#14 26.05 environment variable.
#14 26.05 
#14 26.05 Add `export PATH="/etc/poetry/bin:$PATH"` to your shell configuration file.
#14 26.05 
#14 26.05 Alternatively, you can call Poetry explicitly with `/etc/poetry/bin/poetry`.
#14 26.05 
#14 26.05 You can test that everything is set up by executing:
#14 26.05 
#14 26.05 `poetry --version`
#14 26.05 
#14 DONE 27.9s

#15 [builder  9/11] RUN poetry lock --no-update
#15 1.276 Creating virtualenv osgameclones-VsnhxLU2-py3.12 in /root/.cache/pypoetry/virtualenvs
#15 1.928 Resolving dependencies...
#15 29.76 
#15 29.76 Writing lock file
#15 DONE 30.1s

#16 [builder 10/11] RUN poetry install
#16 1.413 Installing dependencies from lock file
#16 1.533 
#16 1.533 Package operations: 18 installs, 0 updates, 0 removals
#16 1.533 
#16 1.533   - Installing six (1.16.0)
#16 1.691   - Installing docopt (0.6.2)
#16 1.692   - Installing markupsafe (2.0.1)
#16 1.694   - Installing python-dateutil (2.8.2)
#16 1.696   - Installing ruamel-yaml (0.17.19)
#16 4.626   - Installing click (8.0.3)
#16 4.627   - Installing jinja2 (3.0.3)
#16 4.629   - Installing pathspec (0.9.0)
#16 4.631   - Installing pykwalify (1.8.0)
#16 4.631   - Installing setuptools (72.1.0)
#16 4.634   - Installing pyyaml (6.0)
#16 4.641   - Installing text-unidecode (1.3)
#16 7.535 
#16 7.535   ChefBuildError
#16 7.535 
#16 7.535   Backend subprocess exited when trying to invoke get_requires_for_build_wheel
#16 7.535   
#16 7.535   running egg_info
#16 7.535   writing lib/PyYAML.egg-info/PKG-INFO
#16 7.535   writing dependency_links to lib/PyYAML.egg-info/dependency_links.txt
#16 7.535   writing top-level names to lib/PyYAML.egg-info/top_level.txt
#16 7.535   Traceback (most recent call last):
#16 7.535     File "/etc/poetry/venv/lib/python3.12/site-packages/pyproject_hooks/_in_process/_in_process.py", line 373, in <module>
#16 7.535       main()
#16 7.535     File "/etc/poetry/venv/lib/python3.12/site-packages/pyproject_hooks/_in_process/_in_process.py", line 357, in main
#16 7.535       json_out["return_val"] = hook(**hook_input["kwargs"])
#16 7.535                                ^^^^^^^^^^^^^^^^^^^^^^^^^^^^
#16 7.535     File "/etc/poetry/venv/lib/python3.12/site-packages/pyproject_hooks/_in_process/_in_process.py", line 134, in get_requires_for_build_wheel
#16 7.535       return hook(config_settings)
#16 7.535              ^^^^^^^^^^^^^^^^^^^^^
#16 7.535     File "/tmp/tmpwuj1x591/.venv/lib/python3.12/site-packages/setuptools/build_meta.py", line 327, in get_requires_for_build_wheel
#16 7.535       return self._get_build_requires(config_settings, requirements=[])
#16 7.535              ^^^^^^^^^^^^^^^^^^^^^^^^^^^^^^^^^^^^^^^^^^^^^^^^^^^^^^^^^^
#16 7.535     File "/tmp/tmpwuj1x591/.venv/lib/python3.12/site-packages/setuptools/build_meta.py", line 297, in _get_build_requires
#16 7.535       self.run_setup()
#16 7.535     File "/tmp/tmpwuj1x591/.venv/lib/python3.12/site-packages/setuptools/build_meta.py", line 313, in run_setup
#16 7.535       exec(code, locals())
#16 7.535     File "<string>", line 288, in <module>
#16 7.535     File "/tmp/tmpwuj1x591/.venv/lib/python3.12/site-packages/setuptools/__init__.py", line 108, in setup
#16 7.535       return distutils.core.setup(**attrs)
#16 7.535              ^^^^^^^^^^^^^^^^^^^^^^^^^^^^^
#16 7.535     File "/tmp/tmpwuj1x591/.venv/lib/python3.12/site-packages/setuptools/_distutils/core.py", line 184, in setup
#16 7.535       return run_commands(dist)
#16 7.535              ^^^^^^^^^^^^^^^^^^
#16 7.535     File "/tmp/tmpwuj1x591/.venv/lib/python3.12/site-packages/setuptools/_distutils/core.py", line 200, in run_commands
#16 7.535       dist.run_commands()
#16 7.535     File "/tmp/tmpwuj1x591/.venv/lib/python3.12/site-packages/setuptools/_distutils/dist.py", line 970, in run_commands
#16 7.535       self.run_command(cmd)
#16 7.535     File "/tmp/tmpwuj1x591/.venv/lib/python3.12/site-packages/setuptools/dist.py", line 945, in run_command
#16 7.535       super().run_command(command)
#16 7.535     File "/tmp/tmpwuj1x591/.venv/lib/python3.12/site-packages/setuptools/_distutils/dist.py", line 989, in run_command
#16 7.535       cmd_obj.run()
#16 7.535     File "/tmp/tmpwuj1x591/.venv/lib/python3.12/site-packages/setuptools/command/egg_info.py", line 310, in run
#16 7.535       self.find_sources()
#16 7.535     File "/tmp/tmpwuj1x591/.venv/lib/python3.12/site-packages/setuptools/command/egg_info.py", line 318, in find_sources
#16 7.535       mm.run()
#16 7.535     File "/tmp/tmpwuj1x591/.venv/lib/python3.12/site-packages/setuptools/command/egg_info.py", line 539, in run
#16 7.535       self.add_defaults()
#16 7.535     File "/tmp/tmpwuj1x591/.venv/lib/python3.12/site-packages/setuptools/command/egg_info.py", line 577, in add_defaults
#16 7.535       sdist.add_defaults(self)
#16 7.535     File "/tmp/tmpwuj1x591/.venv/lib/python3.12/site-packages/setuptools/command/sdist.py", line 102, in add_defaults
#16 7.535       super().add_defaults()
#16 7.535     File "/tmp/tmpwuj1x591/.venv/lib/python3.12/site-packages/setuptools/_distutils/command/sdist.py", line 250, in add_defaults
#16 7.535       self._add_defaults_ext()
#16 7.535     File "/tmp/tmpwuj1x591/.venv/lib/python3.12/site-packages/setuptools/_distutils/command/sdist.py", line 335, in _add_defaults_ext
#16 7.535       self.filelist.extend(build_ext.get_source_files())
#16 7.535                            ^^^^^^^^^^^^^^^^^^^^^^^^^^^^
#16 7.535     File "<string>", line 204, in get_source_files
#16 7.535     File "/tmp/tmpwuj1x591/.venv/lib/python3.12/site-packages/setuptools/_distutils/cmd.py", line 107, in __getattr__
#16 7.535       raise AttributeError(attr)
#16 7.535   AttributeError: cython_sources
#16 7.535   
#16 7.535 
#16 7.535   at /etc/poetry/venv/lib/python3.12/site-packages/poetry/installation/chef.py:164 in _prepare
#16 7.543       160│ 
#16 7.543       161│                 error = ChefBuildError("\n\n".join(message_parts))
#16 7.543       162│ 
#16 7.543       163│             if error is not None:
#16 7.543     → 164│                 raise error from None
#16 7.543       165│ 
#16 7.544       166│             return path
#16 7.544       167│ 
#16 7.544       168│     def _prepare_sdist(self, archive: Path, destination: Path | None = None) -> Path:
#16 7.544 
#16 7.544 Note: This error originates from the build backend, and is likely not a problem with poetry but with pyyaml (6.0) not supporting PEP 517 builds. You can verify this by running 'pip wheel --no-cache-dir --use-pep517 "pyyaml (==6.0)"'.
#16 7.544 
#16 ERROR: process "/bin/sh -c poetry install" did not complete successfully: exit code: 1
------
 > [builder 10/11] RUN poetry install:
7.543       162│ 
7.543       163│             if error is not None:
7.543     → 164│                 raise error from None
7.543       165│ 
7.544       166│             return path
7.544       167│ 
7.544       168│     def _prepare_sdist(self, archive: Path, destination: Path | None = None) -> Path:
7.544 
7.544 Note: This error originates from the build backend, and is likely not a problem with poetry but with pyyaml (6.0) not supporting PEP 517 builds. You can verify this by running 'pip wheel --no-cache-dir --use-pep517 "pyyaml (==6.0)"'.
7.544 
------
v1_Dockerfile:15
--------------------
  13 |     
  14 |     RUN poetry lock --no-update
  15 | >>> RUN poetry install
  16 |     RUN make run 
  17 |     
--------------------
ERROR: failed to solve: process "/bin/sh -c poetry install" did not complete successfully: exit code: 1
Duration: 1:24.84