#0 building with "default" instance using docker driver

#1 [internal] load build definition from v1_Dockerfile
#1 transferring dockerfile: 2.52kB done
#1 DONE 0.0s

#2 [internal] load metadata for docker.io/library/debian:stretch-slim
#2 ...

#3 [auth] library/debian:pull token for registry-1.docker.io
#3 DONE 0.0s

#2 [internal] load metadata for docker.io/library/debian:stretch-slim
#2 DONE 1.0s

#4 [internal] load .dockerignore
#4 transferring context: 1.02kB done
#4 DONE 0.1s

#5 [1/7] FROM docker.io/library/debian:stretch-slim@sha256:abaa313c7e1dfe16069a1a42fa254014780f165d4fd084844602edbe29915e70
#5 resolve docker.io/library/debian:stretch-slim@sha256:abaa313c7e1dfe16069a1a42fa254014780f165d4fd084844602edbe29915e70 0.0s done
#5 sha256:bff3e048017eab8adaed886bad4b3c5c81f7d952b65b056dca8d6dbc198222dd 0B / 22.57MB 0.1s
#5 sha256:abaa313c7e1dfe16069a1a42fa254014780f165d4fd084844602edbe29915e70 1.21kB / 1.21kB done
#5 sha256:c5cd3ffceeb25b683bf5111ea89bf8049a177e00fb237235d48076a19cc80097 529B / 529B done
#5 sha256:0e23ec2ce5e621c0e8fa57a53c7781d59d57de8c139a8a351b7236530cd85ec2 1.46kB / 1.46kB done
#5 sha256:bff3e048017eab8adaed886bad4b3c5c81f7d952b65b056dca8d6dbc198222dd 12.58MB / 22.57MB 0.3s
#5 sha256:bff3e048017eab8adaed886bad4b3c5c81f7d952b65b056dca8d6dbc198222dd 20.97MB / 22.57MB 0.4s
#5 extracting sha256:bff3e048017eab8adaed886bad4b3c5c81f7d952b65b056dca8d6dbc198222dd
#5 sha256:bff3e048017eab8adaed886bad4b3c5c81f7d952b65b056dca8d6dbc198222dd 22.57MB / 22.57MB 0.5s done
#5 extracting sha256:bff3e048017eab8adaed886bad4b3c5c81f7d952b65b056dca8d6dbc198222dd 1.8s done
#5 DONE 2.5s

#6 [2/7] RUN apt-get update     && apt-get install -y --no-install-recommends         ca-certificates         curl         git         gnupg2         gosu         lynx     && apt-get autoremove -yqq --purge     && apt-get clean     && rm -rf /var/lib/apt/lists/*
#6 0.220 Ign:1 http://security.debian.org/debian-security stretch/updates InRelease
#6 0.226 Ign:2 http://deb.debian.org/debian stretch InRelease
#6 0.231 Ign:3 http://security.debian.org/debian-security stretch/updates Release
#6 0.239 Ign:4 http://deb.debian.org/debian stretch-updates InRelease
#6 0.251 Ign:5 http://deb.debian.org/debian stretch Release
#6 0.263 Ign:6 http://deb.debian.org/debian stretch-updates Release
#6 0.273 Ign:7 http://deb.debian.org/debian stretch/main amd64 Packages
#6 0.388 Ign:8 http://security.debian.org/debian-security stretch/updates/main amd64 Packages
#6 0.399 Ign:9 http://security.debian.org/debian-security stretch/updates/main all Packages
#6 0.423 Ign:10 http://deb.debian.org/debian stretch/main all Packages
#6 0.434 Ign:11 http://deb.debian.org/debian stretch-updates/main amd64 Packages
#6 0.550 Ign:8 http://security.debian.org/debian-security stretch/updates/main amd64 Packages
#6 0.561 Ign:9 http://security.debian.org/debian-security stretch/updates/main all Packages
#6 0.585 Ign:12 http://deb.debian.org/debian stretch-updates/main all Packages
#6 0.597 Ign:7 http://deb.debian.org/debian stretch/main amd64 Packages
#6 0.718 Ign:8 http://security.debian.org/debian-security stretch/updates/main amd64 Packages
#6 0.729 Ign:9 http://security.debian.org/debian-security stretch/updates/main all Packages
#6 0.746 Ign:10 http://deb.debian.org/debian stretch/main all Packages
#6 0.756 Ign:11 http://deb.debian.org/debian stretch-updates/main amd64 Packages
#6 0.886 Ign:8 http://security.debian.org/debian-security stretch/updates/main amd64 Packages
#6 0.896 Ign:9 http://security.debian.org/debian-security stretch/updates/main all Packages
#6 0.911 Ign:12 http://deb.debian.org/debian stretch-updates/main all Packages
#6 0.922 Ign:7 http://deb.debian.org/debian stretch/main amd64 Packages
#6 1.056 Ign:8 http://security.debian.org/debian-security stretch/updates/main amd64 Packages
#6 1.067 Ign:10 http://deb.debian.org/debian stretch/main all Packages
#6 1.067 Ign:9 http://security.debian.org/debian-security stretch/updates/main all Packages
#6 1.078 Ign:11 http://deb.debian.org/debian stretch-updates/main amd64 Packages
#6 1.224 Err:8 http://security.debian.org/debian-security stretch/updates/main amd64 Packages
#6 1.224   404  Not Found [IP: 151.101.66.132 80]
#6 1.227 Ign:12 http://deb.debian.org/debian stretch-updates/main all Packages
#6 1.234 Ign:9 http://security.debian.org/debian-security stretch/updates/main all Packages
#6 1.238 Ign:7 http://deb.debian.org/debian stretch/main amd64 Packages
#6 1.392 Ign:10 http://deb.debian.org/debian stretch/main all Packages
#6 1.403 Ign:11 http://deb.debian.org/debian stretch-updates/main amd64 Packages
#6 1.556 Ign:12 http://deb.debian.org/debian stretch-updates/main all Packages
#6 1.567 Ign:7 http://deb.debian.org/debian stretch/main amd64 Packages
#6 1.711 Ign:10 http://deb.debian.org/debian stretch/main all Packages
#6 1.722 Ign:11 http://deb.debian.org/debian stretch-updates/main amd64 Packages
#6 1.873 Ign:12 http://deb.debian.org/debian stretch-updates/main all Packages
#6 1.883 Err:7 http://deb.debian.org/debian stretch/main amd64 Packages
#6 1.883   404  Not Found
#6 1.904 Ign:10 http://deb.debian.org/debian stretch/main all Packages
#6 1.915 Err:11 http://deb.debian.org/debian stretch-updates/main amd64 Packages
#6 1.915   404  Not Found
#6 1.927 Ign:12 http://deb.debian.org/debian stretch-updates/main all Packages
#6 1.932 Reading package lists...
#6 1.939 W: The repository 'http://security.debian.org/debian-security stretch/updates Release' does not have a Release file.
#6 1.939 W: The repository 'http://deb.debian.org/debian stretch Release' does not have a Release file.
#6 1.939 W: The repository 'http://deb.debian.org/debian stretch-updates Release' does not have a Release file.
#6 1.939 E: Failed to fetch http://security.debian.org/debian-security/dists/stretch/updates/main/binary-amd64/Packages  404  Not Found [IP: 151.101.66.132 80]
#6 1.939 E: Failed to fetch http://deb.debian.org/debian/dists/stretch/main/binary-amd64/Packages  404  Not Found
#6 1.939 E: Failed to fetch http://deb.debian.org/debian/dists/stretch-updates/main/binary-amd64/Packages  404  Not Found
#6 1.939 E: Some index files failed to download. They have been ignored, or old ones used instead.
#6 ERROR: process "/bin/bash -o pipefail -c apt-get update     && apt-get install -y --no-install-recommends         ca-certificates         curl         git         gnupg2         gosu         lynx     && apt-get autoremove -yqq --purge     && apt-get clean     && rm -rf /var/lib/apt/lists/*" did not complete successfully: exit code: 100
------
 > [2/7] RUN apt-get update     && apt-get install -y --no-install-recommends         ca-certificates         curl         git         gnupg2         gosu         lynx     && apt-get autoremove -yqq --purge     && apt-get clean     && rm -rf /var/lib/apt/lists/*:
1.915   404  Not Found
1.927 Ign:12 http://deb.debian.org/debian stretch-updates/main all Packages
1.932 Reading package lists...
1.939 W: The repository 'http://security.debian.org/debian-security stretch/updates Release' does not have a Release file.
1.939 W: The repository 'http://deb.debian.org/debian stretch Release' does not have a Release file.
1.939 W: The repository 'http://deb.debian.org/debian stretch-updates Release' does not have a Release file.
1.939 E: Failed to fetch http://security.debian.org/debian-security/dists/stretch/updates/main/binary-amd64/Packages  404  Not Found [IP: 151.101.66.132 80]
1.939 E: Failed to fetch http://deb.debian.org/debian/dists/stretch/main/binary-amd64/Packages  404  Not Found
1.939 E: Failed to fetch http://deb.debian.org/debian/dists/stretch-updates/main/binary-amd64/Packages  404  Not Found
1.939 E: Some index files failed to download. They have been ignored, or old ones used instead.
------
v1_Dockerfile:30
--------------------
  29 |     
  30 | >>> RUN apt-get update \
  31 | >>>     && apt-get install -y --no-install-recommends \
  32 | >>>         ca-certificates \
  33 | >>>         curl \
  34 | >>>         git \
  35 | >>>         gnupg2 \
  36 | >>>         gosu \
  37 | >>>         lynx \
  38 | >>>     && apt-get autoremove -yqq --purge \
  39 | >>>     && apt-get clean \
  40 | >>>     && rm -rf /var/lib/apt/lists/*
  41 |     
--------------------
ERROR: failed to solve: process "/bin/bash -o pipefail -c apt-get update     && apt-get install -y --no-install-recommends         ca-certificates         curl         git         gnupg2         gosu         lynx     && apt-get autoremove -yqq --purge     && apt-get clean     && rm -rf /var/lib/apt/lists/*" did not complete successfully: exit code: 100
Duration: 0:6.17