#0 building with "default" instance using docker driver

#1 [internal] load build definition from Dockerfile
#1 transferring dockerfile:
#1 transferring dockerfile: 741B done
#1 ...

#2 [internal] load .dockerignore
#2 transferring context: 2B done
#2 DONE 0.6s

#1 [internal] load build definition from Dockerfile
#1 DONE 0.7s

#3 [internal] load metadata for docker.io/library/alpine:latest
#3 ...

#4 [auth] library/alpine:pull token for registry-1.docker.io
#4 DONE 0.0s

#3 [internal] load metadata for docker.io/library/alpine:latest
#3 DONE 1.5s

#5 [internal] load build context
#5 DONE 0.0s

#6 [1/6] FROM docker.io/library/alpine:latest@sha256:0a4eaa0eecf5f8c050e5bba433f58c052be7587ee8af3e8b3910ef9ab5fbe9f5
#6 resolve docker.io/library/alpine:latest@sha256:0a4eaa0eecf5f8c050e5bba433f58c052be7587ee8af3e8b3910ef9ab5fbe9f5
#6 resolve docker.io/library/alpine:latest@sha256:0a4eaa0eecf5f8c050e5bba433f58c052be7587ee8af3e8b3910ef9ab5fbe9f5 0.2s done
#6 sha256:0a4eaa0eecf5f8c050e5bba433f58c052be7587ee8af3e8b3910ef9ab5fbe9f5 1.85kB / 1.85kB done
#6 sha256:eddacbc7e24bf8799a4ed3cdcfa50d4b88a323695ad80f317b6629883b2c2a78 528B / 528B done
#6 sha256:324bc02ae1231fd9255658c128086395d3fa0aedd5a41ab6b034fd649d1a9260 1.47kB / 1.47kB done
#6 sha256:c6a83fedfae6ed8a4f5f7cbb6a7b6f1c1ec3d86fea8cb9e5ba2e5e6673fde9f6 2.10MB / 3.62MB 0.3s
#6 ...

#5 [internal] load build context
#5 transferring context: 253.13kB done
#5 DONE 0.6s

#6 [1/6] FROM docker.io/library/alpine:latest@sha256:0a4eaa0eecf5f8c050e5bba433f58c052be7587ee8af3e8b3910ef9ab5fbe9f5
#6 sha256:c6a83fedfae6ed8a4f5f7cbb6a7b6f1c1ec3d86fea8cb9e5ba2e5e6673fde9f6 3.62MB / 3.62MB 0.4s
#6 sha256:c6a83fedfae6ed8a4f5f7cbb6a7b6f1c1ec3d86fea8cb9e5ba2e5e6673fde9f6 3.62MB / 3.62MB 0.4s done
#6 extracting sha256:c6a83fedfae6ed8a4f5f7cbb6a7b6f1c1ec3d86fea8cb9e5ba2e5e6673fde9f6 0.1s
#6 extracting sha256:c6a83fedfae6ed8a4f5f7cbb6a7b6f1c1ec3d86fea8cb9e5ba2e5e6673fde9f6 0.2s done
#6 DONE 1.5s

#7 [2/6] RUN apk add --no-cache 	ca-certificates 	python3 	py-pip 	weechat 	weechat-perl 	weechat-python
#7 0.528 fetch https://dl-cdn.alpinelinux.org/alpine/v3.20/main/x86_64/APKINDEX.tar.gz
#7 0.778 fetch https://dl-cdn.alpinelinux.org/alpine/v3.20/community/x86_64/APKINDEX.tar.gz
#7 1.271 (1/47) Installing ca-certificates (20240705-r0)
#7 1.312 (2/47) Installing libbz2 (1.0.8-r6)
#7 1.317 (3/47) Installing libexpat (2.6.2-r0)
#7 1.323 (4/47) Installing libffi (3.4.6-r0)
#7 1.332 (5/47) Installing gdbm (1.23-r1)
#7 2.681 (6/47) Installing xz-libs (5.6.1-r3)
#7 3.058 (7/47) Installing libgcc (13.2.1_git20240309-r0)
#7 3.108 (8/47) Installing libstdc++ (13.2.1_git20240309-r0)
#7 3.134 (9/47) Installing mpdecimal (4.0.0-r0)
#7 3.139 (10/47) Installing ncurses-terminfo-base (6.4_p20240420-r0)
#7 3.208 (11/47) Installing libncursesw (6.4_p20240420-r0)
#7 3.215 (12/47) Installing libpanelw (6.4_p20240420-r0)
#7 3.218 (13/47) Installing readline (8.2.10-r0)
#7 3.225 (14/47) Installing sqlite-libs (3.45.3-r1)
#7 3.246 (15/47) Installing python3 (3.12.3-r1)
#7 3.566 (16/47) Installing python3-pycache-pyc0 (3.12.3-r1)
#7 3.818 (17/47) Installing pyc (3.12.3-r1)
#7 3.820 (18/47) Installing py3-setuptools-pyc (69.5.1-r0)
#7 3.947 (19/47) Installing py3-pip-pyc (24.0-r2)
#7 4.199 (20/47) Installing py3-parsing (3.1.2-r1)
#7 4.212 (21/47) Installing py3-parsing-pyc (3.1.2-r1)
#7 4.228 (22/47) Installing py3-packaging-pyc (24.0-r1)
#7 4.236 (23/47) Installing python3-pyc (3.12.3-r1)
#7 4.242 (24/47) Installing py3-packaging (24.0-r1)
#7 4.275 (25/47) Installing py3-setuptools (69.5.1-r0)
#7 4.372 (26/47) Installing py3-pip (24.0-r2)
#7 4.682 (27/47) Installing brotli-libs (1.1.0-r2)
#7 4.707 (28/47) Installing c-ares (1.28.1-r0)
#7 4.712 (29/47) Installing libunistring (1.2-r0)
#7 4.732 (30/47) Installing libidn2 (2.3.7-r0)
#7 4.737 (31/47) Installing nghttp2-libs (1.62.1-r0)
#7 4.742 (32/47) Installing libpsl (0.21.5-r1)
#7 4.745 (33/47) Installing zstd-libs (1.5.6-r0)
#7 4.759 (34/47) Installing libcurl (8.9.0-r0)
#7 4.771 (35/47) Installing libgpg-error (1.49-r0)
#7 4.777 (36/47) Installing libgcrypt (1.10.3-r0)
#7 4.797 (37/47) Installing gmp (6.3.0-r1)
#7 4.806 (38/47) Installing nettle (3.9.1-r0)
#7 4.818 (39/47) Installing libtasn1 (4.19.0-r2)
#7 4.823 (40/47) Installing p11-kit (0.25.3-r0)
#7 4.838 (41/47) Installing gnutls (3.8.5-r0)
#7 4.864 (42/47) Installing libintl (0.22.5-r0)
#7 4.869 (43/47) Installing weechat (4.2.2-r1)
#7 6.094 (44/47) Installing perl (5.38.2-r0)
#7 6.599 (45/47) Installing perl-pod-parser (1.67-r0)
#7 6.612 (46/47) Installing weechat-perl (4.2.2-r1)
#7 6.618 (47/47) Installing weechat-python (4.2.2-r1)
#7 6.629 Executing busybox-1.36.1-r29.trigger
#7 6.634 Executing ca-certificates-20240705-r0.trigger
#7 6.681 OK: 130 MiB in 61 packages
#7 DONE 10.8s

#8 [3/6] RUN pip install websocket-client
#8 2.493 error: externally-managed-environment
#8 2.493 
#8 2.493 × This environment is externally managed
#8 2.493 ╰─> 
#8 2.493     The system-wide python installation should be maintained using the system
#8 2.493     package manager (apk) only.
#8 2.493     
#8 2.493     If the package in question is not packaged already (and hence installable via
#8 2.493     "apk add py3-somepackage"), please consider installing it inside a virtual
#8 2.493     environment, e.g.:
#8 2.493     
#8 2.493     python3 -m venv /path/to/venv
#8 2.493     . /path/to/venv/bin/activate
#8 2.493     pip install mypackage
#8 2.493     
#8 2.493     To exit the virtual environment, run:
#8 2.493     
#8 2.493     deactivate
#8 2.493     
#8 2.493     The virtual environment is not deleted, and can be re-entered by re-sourcing
#8 2.493     the activate file.
#8 2.493     
#8 2.493     To automatically manage virtual environments, consider using pipx (from the
#8 2.493     pipx package).
#8 2.493 
#8 2.493 note: If you believe this is a mistake, please contact your Python installation or OS distribution provider. You can override this, at the risk of breaking your Python installation or OS, by passing --break-system-packages.
#8 2.493 hint: See PEP 668 for the detailed specification.
#8 ERROR: process "/bin/sh -c pip install websocket-client" did not complete successfully: exit code: 1
------
 > [3/6] RUN pip install websocket-client:
2.493     deactivate
2.493     
2.493     The virtual environment is not deleted, and can be re-entered by re-sourcing
2.493     the activate file.
2.493     
2.493     To automatically manage virtual environments, consider using pipx (from the
2.493     pipx package).
2.493 
2.493 note: If you believe this is a mistake, please contact your Python installation or OS distribution provider. You can override this, at the risk of breaking your Python installation or OS, by passing --break-system-packages.
2.493 hint: See PEP 668 for the detailed specification.
------
Dockerfile:24
--------------------
  22 |     	weechat-python
  23 |     
  24 | >>> RUN pip install websocket-client
  25 |     
  26 |     ENV HOME /home/user
--------------------
ERROR: failed to solve: process "/bin/sh -c pip install websocket-client" did not complete successfully: exit code: 1
Duration: 0:19.16