#0 building with "default" instance using docker driver

#1 [internal] load .dockerignore
#1 transferring context:
#1 transferring context: 2B done
#1 DONE 0.4s

#2 [internal] load build definition from v1_Dockerfile
#2 transferring dockerfile: 295B done
#2 DONE 0.3s

#3 [internal] load metadata for docker.io/library/node:12
#3 DONE 0.5s

#4 [internal] load build context
#4 DONE 0.0s

#5 [1/5] FROM docker.io/library/node:12@sha256:01627afeb110b3054ba4a1405541ca095c8bfca1cb6f2be9479c767a2711879e
#5 resolve docker.io/library/node:12@sha256:01627afeb110b3054ba4a1405541ca095c8bfca1cb6f2be9479c767a2711879e
#5 resolve docker.io/library/node:12@sha256:01627afeb110b3054ba4a1405541ca095c8bfca1cb6f2be9479c767a2711879e 0.2s done
#5 sha256:6c8de432fc7f7d8c58899f61982d1662ec6b73fb3ef92f862ba170dcc5b64fa9 7.68kB / 7.68kB done
#5 sha256:3a69ea1270dbf4ef20477361be4b7a43400e559c6abdfaf69d73f7c755f434f5 2.21kB / 2.21kB done
#5 sha256:01627afeb110b3054ba4a1405541ca095c8bfca1cb6f2be9479c767a2711879e 776B / 776B done
#5 sha256:f5196cdf25181bc7e4411865a2e002932b7b6b0ffce787c04c1bdeaf1f204f20 0B / 45.43MB 0.1s
#5 sha256:9bed1e86f01ee95c76d2c8b4385a47ae336e6d293afade9368469d99daa9369f 0B / 11.30MB 0.2s
#5 ...

#4 [internal] load build context
#4 transferring context: 2.59MB 0.1s done
#4 DONE 0.4s

#5 [1/5] FROM docker.io/library/node:12@sha256:01627afeb110b3054ba4a1405541ca095c8bfca1cb6f2be9479c767a2711879e
#5 sha256:f5196cdf25181bc7e4411865a2e002932b7b6b0ffce787c04c1bdeaf1f204f20 5.24MB / 45.43MB 0.3s
#5 sha256:9bed1e86f01ee95c76d2c8b4385a47ae336e6d293afade9368469d99daa9369f 1.05MB / 11.30MB 0.3s
#5 sha256:f44e4bdb3a6c1325cc4d40e585ed7a759127c0c87b0388ec0236b1698827d70d 0B / 4.34MB 0.3s
#5 sha256:f5196cdf25181bc7e4411865a2e002932b7b6b0ffce787c04c1bdeaf1f204f20 11.53MB / 45.43MB 0.4s
#5 sha256:9bed1e86f01ee95c76d2c8b4385a47ae336e6d293afade9368469d99daa9369f 5.24MB / 11.30MB 0.4s
#5 sha256:f5196cdf25181bc7e4411865a2e002932b7b6b0ffce787c04c1bdeaf1f204f20 16.78MB / 45.43MB 0.5s
#5 sha256:9bed1e86f01ee95c76d2c8b4385a47ae336e6d293afade9368469d99daa9369f 8.39MB / 11.30MB 0.5s
#5 sha256:f44e4bdb3a6c1325cc4d40e585ed7a759127c0c87b0388ec0236b1698827d70d 4.19MB / 4.34MB 0.5s
#5 sha256:f5196cdf25181bc7e4411865a2e002932b7b6b0ffce787c04c1bdeaf1f204f20 26.21MB / 45.43MB 0.7s
#5 sha256:9bed1e86f01ee95c76d2c8b4385a47ae336e6d293afade9368469d99daa9369f 11.30MB / 11.30MB 0.7s
#5 sha256:f44e4bdb3a6c1325cc4d40e585ed7a759127c0c87b0388ec0236b1698827d70d 4.34MB / 4.34MB 0.6s done
#5 sha256:2f75d131f4060950dd6cc1f580e2fa5504ece8d692113a9cdb0a866637b397d7 0B / 49.77MB 0.7s
#5 sha256:f5196cdf25181bc7e4411865a2e002932b7b6b0ffce787c04c1bdeaf1f204f20 32.51MB / 45.43MB 0.8s
#5 sha256:f5196cdf25181bc7e4411865a2e002932b7b6b0ffce787c04c1bdeaf1f204f20 37.75MB / 45.43MB 0.9s
#5 sha256:9bed1e86f01ee95c76d2c8b4385a47ae336e6d293afade9368469d99daa9369f 11.30MB / 11.30MB 0.9s done
#5 sha256:2f75d131f4060950dd6cc1f580e2fa5504ece8d692113a9cdb0a866637b397d7 3.15MB / 49.77MB 0.9s
#5 sha256:f5196cdf25181bc7e4411865a2e002932b7b6b0ffce787c04c1bdeaf1f204f20 45.43MB / 45.43MB 1.1s
#5 sha256:2f75d131f4060950dd6cc1f580e2fa5504ece8d692113a9cdb0a866637b397d7 11.53MB / 49.77MB 1.1s
#5 sha256:07dff4ad21ebdb3ce3e329699663b2f81af70152453025f6624584a39a8e22b6 1.05MB / 214.48MB 1.1s
#5 sha256:2f75d131f4060950dd6cc1f580e2fa5504ece8d692113a9cdb0a866637b397d7 14.68MB / 49.77MB 1.2s
#5 sha256:2f75d131f4060950dd6cc1f580e2fa5504ece8d692113a9cdb0a866637b397d7 18.87MB / 49.77MB 1.3s
#5 sha256:07dff4ad21ebdb3ce3e329699663b2f81af70152453025f6624584a39a8e22b6 12.58MB / 214.48MB 1.3s
#5 sha256:2f75d131f4060950dd6cc1f580e2fa5504ece8d692113a9cdb0a866637b397d7 25.17MB / 49.77MB 1.5s
#5 sha256:07dff4ad21ebdb3ce3e329699663b2f81af70152453025f6624584a39a8e22b6 24.12MB / 214.48MB 1.5s
#5 sha256:2f75d131f4060950dd6cc1f580e2fa5504ece8d692113a9cdb0a866637b397d7 29.36MB / 49.77MB 1.6s
#5 sha256:f5196cdf25181bc7e4411865a2e002932b7b6b0ffce787c04c1bdeaf1f204f20 45.43MB / 45.43MB 1.8s done
#5 sha256:2f75d131f4060950dd6cc1f580e2fa5504ece8d692113a9cdb0a866637b397d7 36.70MB / 49.77MB 1.8s
#5 sha256:07dff4ad21ebdb3ce3e329699663b2f81af70152453025f6624584a39a8e22b6 35.65MB / 214.48MB 1.8s
#5 sha256:2f75d131f4060950dd6cc1f580e2fa5504ece8d692113a9cdb0a866637b397d7 39.85MB / 49.77MB 1.9s
#5 sha256:e0ac4f13b766d321acc3b650d3d23b82828995711f6f247ff591722c00d04cec 0B / 4.19kB 1.9s
#5 sha256:2f75d131f4060950dd6cc1f580e2fa5504ece8d692113a9cdb0a866637b397d7 42.99MB / 49.77MB 2.0s
#5 sha256:e0ac4f13b766d321acc3b650d3d23b82828995711f6f247ff591722c00d04cec 4.19kB / 4.19kB 2.0s
#5 sha256:2f75d131f4060950dd6cc1f580e2fa5504ece8d692113a9cdb0a866637b397d7 49.77MB / 49.77MB 2.2s
#5 sha256:07dff4ad21ebdb3ce3e329699663b2f81af70152453025f6624584a39a8e22b6 51.38MB / 214.48MB 2.2s
#5 sha256:e0ac4f13b766d321acc3b650d3d23b82828995711f6f247ff591722c00d04cec 4.19kB / 4.19kB 2.0s done
#5 extracting sha256:f5196cdf25181bc7e4411865a2e002932b7b6b0ffce787c04c1bdeaf1f204f20
#5 sha256:df2c3b2eb7cc63351bb32f26457bbe0402af8082548f26975f0c329bc7841881 0B / 23.70MB 2.3s
#5 sha256:07dff4ad21ebdb3ce3e329699663b2f81af70152453025f6624584a39a8e22b6 62.91MB / 214.48MB 2.5s
#5 sha256:df2c3b2eb7cc63351bb32f26457bbe0402af8082548f26975f0c329bc7841881 7.34MB / 23.70MB 2.5s
#5 sha256:df2c3b2eb7cc63351bb32f26457bbe0402af8082548f26975f0c329bc7841881 10.49MB / 23.70MB 2.6s
#5 sha256:07dff4ad21ebdb3ce3e329699663b2f81af70152453025f6624584a39a8e22b6 79.69MB / 214.48MB 2.8s
#5 sha256:df2c3b2eb7cc63351bb32f26457bbe0402af8082548f26975f0c329bc7841881 18.87MB / 23.70MB 2.8s
#5 sha256:df2c3b2eb7cc63351bb32f26457bbe0402af8082548f26975f0c329bc7841881 23.70MB / 23.70MB 2.9s
#5 sha256:2f75d131f4060950dd6cc1f580e2fa5504ece8d692113a9cdb0a866637b397d7 49.77MB / 49.77MB 3.0s done
#5 sha256:07dff4ad21ebdb3ce3e329699663b2f81af70152453025f6624584a39a8e22b6 97.52MB / 214.48MB 3.1s
#5 sha256:efe636eac583776a8a114d50fef15bc65b648f3d2bb53326cf1f21cc5ef2b3ae 0B / 2.34MB 3.1s
#5 sha256:efe636eac583776a8a114d50fef15bc65b648f3d2bb53326cf1f21cc5ef2b3ae 2.34MB / 2.34MB 3.3s
#5 sha256:07dff4ad21ebdb3ce3e329699663b2f81af70152453025f6624584a39a8e22b6 116.39MB / 214.48MB 3.5s
#5 sha256:df2c3b2eb7cc63351bb32f26457bbe0402af8082548f26975f0c329bc7841881 23.70MB / 23.70MB 3.5s done
#5 sha256:fe17849545bb51455d3f7c8773ded2dbb1d6668a85bd00564573a4b88afd36f6 0B / 464B 3.6s
#5 sha256:efe636eac583776a8a114d50fef15bc65b648f3d2bb53326cf1f21cc5ef2b3ae 2.34MB / 2.34MB 3.6s done
#5 sha256:fe17849545bb51455d3f7c8773ded2dbb1d6668a85bd00564573a4b88afd36f6 464B / 464B 3.7s
#5 sha256:07dff4ad21ebdb3ce3e329699663b2f81af70152453025f6624584a39a8e22b6 132.12MB / 214.48MB 3.9s
#5 sha256:fe17849545bb51455d3f7c8773ded2dbb1d6668a85bd00564573a4b88afd36f6 464B / 464B 3.7s done
#5 sha256:07dff4ad21ebdb3ce3e329699663b2f81af70152453025f6624584a39a8e22b6 147.85MB / 214.48MB 4.3s
#5 sha256:07dff4ad21ebdb3ce3e329699663b2f81af70152453025f6624584a39a8e22b6 167.77MB / 214.48MB 4.7s
#5 sha256:07dff4ad21ebdb3ce3e329699663b2f81af70152453025f6624584a39a8e22b6 179.31MB / 214.48MB 4.9s
#5 sha256:07dff4ad21ebdb3ce3e329699663b2f81af70152453025f6624584a39a8e22b6 190.84MB / 214.48MB 5.1s
#5 sha256:07dff4ad21ebdb3ce3e329699663b2f81af70152453025f6624584a39a8e22b6 203.42MB / 214.48MB 5.3s
#5 sha256:07dff4ad21ebdb3ce3e329699663b2f81af70152453025f6624584a39a8e22b6 214.48MB / 214.48MB 5.6s
#5 extracting sha256:f5196cdf25181bc7e4411865a2e002932b7b6b0ffce787c04c1bdeaf1f204f20 5.1s
#5 sha256:07dff4ad21ebdb3ce3e329699663b2f81af70152453025f6624584a39a8e22b6 214.48MB / 214.48MB 8.8s done
#5 extracting sha256:f5196cdf25181bc7e4411865a2e002932b7b6b0ffce787c04c1bdeaf1f204f20 7.1s done
#5 extracting sha256:9bed1e86f01ee95c76d2c8b4385a47ae336e6d293afade9368469d99daa9369f
#5 extracting sha256:9bed1e86f01ee95c76d2c8b4385a47ae336e6d293afade9368469d99daa9369f 1.4s done
#5 extracting sha256:f44e4bdb3a6c1325cc4d40e585ed7a759127c0c87b0388ec0236b1698827d70d
#5 extracting sha256:f44e4bdb3a6c1325cc4d40e585ed7a759127c0c87b0388ec0236b1698827d70d 0.7s done
#5 extracting sha256:2f75d131f4060950dd6cc1f580e2fa5504ece8d692113a9cdb0a866637b397d7
#5 extracting sha256:2f75d131f4060950dd6cc1f580e2fa5504ece8d692113a9cdb0a866637b397d7 6.5s
#5 extracting sha256:2f75d131f4060950dd6cc1f580e2fa5504ece8d692113a9cdb0a866637b397d7 10.9s done
#5 extracting sha256:07dff4ad21ebdb3ce3e329699663b2f81af70152453025f6624584a39a8e22b6
#5 extracting sha256:07dff4ad21ebdb3ce3e329699663b2f81af70152453025f6624584a39a8e22b6 5.0s
#5 extracting sha256:07dff4ad21ebdb3ce3e329699663b2f81af70152453025f6624584a39a8e22b6 10.0s
#5 extracting sha256:07dff4ad21ebdb3ce3e329699663b2f81af70152453025f6624584a39a8e22b6 15.1s
#5 extracting sha256:07dff4ad21ebdb3ce3e329699663b2f81af70152453025f6624584a39a8e22b6 20.1s
#5 extracting sha256:07dff4ad21ebdb3ce3e329699663b2f81af70152453025f6624584a39a8e22b6 25.2s
#5 extracting sha256:07dff4ad21ebdb3ce3e329699663b2f81af70152453025f6624584a39a8e22b6 30.4s
#5 extracting sha256:07dff4ad21ebdb3ce3e329699663b2f81af70152453025f6624584a39a8e22b6 32.0s done
#5 extracting sha256:e0ac4f13b766d321acc3b650d3d23b82828995711f6f247ff591722c00d04cec
#5 extracting sha256:e0ac4f13b766d321acc3b650d3d23b82828995711f6f247ff591722c00d04cec 0.4s done
#5 extracting sha256:df2c3b2eb7cc63351bb32f26457bbe0402af8082548f26975f0c329bc7841881
#5 extracting sha256:df2c3b2eb7cc63351bb32f26457bbe0402af8082548f26975f0c329bc7841881 4.8s done
#5 extracting sha256:efe636eac583776a8a114d50fef15bc65b648f3d2bb53326cf1f21cc5ef2b3ae
#5 extracting sha256:efe636eac583776a8a114d50fef15bc65b648f3d2bb53326cf1f21cc5ef2b3ae 0.6s done
#5 extracting sha256:fe17849545bb51455d3f7c8773ded2dbb1d6668a85bd00564573a4b88afd36f6 0.0s done
#5 DONE 81.0s

#6 [2/5] ADD . /app
#6 DONE 4.7s

#7 [3/5] WORKDIR /app
#7 DONE 0.3s

#8 [4/5] RUN apt-get update   && apt-get install -qq build-essential libcairo2-dev libpango1.0-dev libjpeg-dev libgif-dev librsvg2-dev   && rm -rf /var/lib/apt/lists/*
#8 1.520 Ign:1 http://security.debian.org/debian-security stretch/updates InRelease
#8 1.532 Ign:2 http://deb.debian.org/debian stretch InRelease
#8 1.546 Ign:3 http://security.debian.org/debian-security stretch/updates Release
#8 1.546 Ign:4 http://deb.debian.org/debian stretch-updates InRelease
#8 1.563 Ign:5 http://deb.debian.org/debian stretch Release
#8 1.565 Ign:6 http://security.debian.org/debian-security stretch/updates/main all Packages
#8 1.579 Ign:7 http://deb.debian.org/debian stretch-updates Release
#8 1.597 Ign:8 http://deb.debian.org/debian stretch/main amd64 Packages
#8 1.615 Ign:9 http://deb.debian.org/debian stretch/main all Packages
#8 1.628 Ign:10 http://deb.debian.org/debian stretch-updates/main all Packages
#8 1.643 Ign:11 http://deb.debian.org/debian stretch-updates/main amd64 Packages
#8 1.658 Ign:8 http://deb.debian.org/debian stretch/main amd64 Packages
#8 1.673 Ign:9 http://deb.debian.org/debian stretch/main all Packages
#8 1.688 Ign:10 http://deb.debian.org/debian stretch-updates/main all Packages
#8 1.703 Ign:11 http://deb.debian.org/debian stretch-updates/main amd64 Packages
#8 1.719 Ign:8 http://deb.debian.org/debian stretch/main amd64 Packages
#8 1.734 Ign:9 http://deb.debian.org/debian stretch/main all Packages
#8 1.735 Ign:12 http://security.debian.org/debian-security stretch/updates/main amd64 Packages
#8 1.748 Ign:6 http://security.debian.org/debian-security stretch/updates/main all Packages
#8 1.760 Ign:10 http://deb.debian.org/debian stretch-updates/main all Packages
#8 1.772 Ign:11 http://deb.debian.org/debian stretch-updates/main amd64 Packages
#8 1.787 Ign:8 http://deb.debian.org/debian stretch/main amd64 Packages
#8 1.787 Ign:9 http://deb.debian.org/debian stretch/main all Packages
#8 1.801 Ign:10 http://deb.debian.org/debian stretch-updates/main all Packages
#8 1.816 Ign:11 http://deb.debian.org/debian stretch-updates/main amd64 Packages
#8 1.831 Ign:8 http://deb.debian.org/debian stretch/main amd64 Packages
#8 1.846 Ign:9 http://deb.debian.org/debian stretch/main all Packages
#8 1.861 Ign:10 http://deb.debian.org/debian stretch-updates/main all Packages
#8 1.876 Ign:11 http://deb.debian.org/debian stretch-updates/main amd64 Packages
#8 1.890 Err:8 http://deb.debian.org/debian stretch/main amd64 Packages
#8 1.890   404  Not Found
#8 1.909 Ign:9 http://deb.debian.org/debian stretch/main all Packages
#8 1.920 Ign:10 http://deb.debian.org/debian stretch-updates/main all Packages
#8 1.930 Ign:12 http://security.debian.org/debian-security stretch/updates/main amd64 Packages
#8 1.930 Err:11 http://deb.debian.org/debian stretch-updates/main amd64 Packages
#8 1.930   404  Not Found
#8 1.943 Ign:6 http://security.debian.org/debian-security stretch/updates/main all Packages
#8 2.117 Ign:12 http://security.debian.org/debian-security stretch/updates/main amd64 Packages
#8 2.287 Ign:6 http://security.debian.org/debian-security stretch/updates/main all Packages
#8 2.460 Ign:12 http://security.debian.org/debian-security stretch/updates/main amd64 Packages
#8 2.639 Ign:6 http://security.debian.org/debian-security stretch/updates/main all Packages
#8 2.813 Ign:12 http://security.debian.org/debian-security stretch/updates/main amd64 Packages
#8 2.982 Ign:6 http://security.debian.org/debian-security stretch/updates/main all Packages
#8 3.152 Err:12 http://security.debian.org/debian-security stretch/updates/main amd64 Packages
#8 3.152   404  Not Found
#8 3.188 Reading package lists...
#8 3.297 W: The repository 'http://security.debian.org/debian-security stretch/updates Release' does not have a Release file.
#8 3.297 W: The repository 'http://deb.debian.org/debian stretch Release' does not have a Release file.
#8 3.297 W: The repository 'http://deb.debian.org/debian stretch-updates Release' does not have a Release file.
#8 3.297 E: Failed to fetch http://security.debian.org/debian-security/dists/stretch/updates/main/binary-amd64/Packages  404  Not Found
#8 3.297 E: Failed to fetch http://deb.debian.org/debian/dists/stretch/main/binary-amd64/Packages  404  Not Found
#8 3.297 E: Failed to fetch http://deb.debian.org/debian/dists/stretch-updates/main/binary-amd64/Packages  404  Not Found
#8 3.297 E: Some index files failed to download. They have been ignored, or old ones used instead.
#8 ERROR: process "/bin/sh -c apt-get update   && apt-get install -qq build-essential libcairo2-dev libpango1.0-dev libjpeg-dev libgif-dev librsvg2-dev   && rm -rf /var/lib/apt/lists/*" did not complete successfully: exit code: 100
------
 > [4/5] RUN apt-get update   && apt-get install -qq build-essential libcairo2-dev libpango1.0-dev libjpeg-dev libgif-dev librsvg2-dev   && rm -rf /var/lib/apt/lists/*:
3.152 Err:12 http://security.debian.org/debian-security stretch/updates/main amd64 Packages
3.152   404  Not Found
3.188 Reading package lists...
3.297 W: The repository 'http://security.debian.org/debian-security stretch/updates Release' does not have a Release file.
3.297 W: The repository 'http://deb.debian.org/debian stretch Release' does not have a Release file.
3.297 W: The repository 'http://deb.debian.org/debian stretch-updates Release' does not have a Release file.
3.297 E: Failed to fetch http://security.debian.org/debian-security/dists/stretch/updates/main/binary-amd64/Packages  404  Not Found
3.297 E: Failed to fetch http://deb.debian.org/debian/dists/stretch/main/binary-amd64/Packages  404  Not Found
3.297 E: Failed to fetch http://deb.debian.org/debian/dists/stretch-updates/main/binary-amd64/Packages  404  Not Found
3.297 E: Some index files failed to download. They have been ignored, or old ones used instead.
------
v1_Dockerfile:5
--------------------
   4 |     WORKDIR /app
   5 | >>> RUN apt-get update \
   6 | >>>   && apt-get install -qq build-essential libcairo2-dev libpango1.0-dev libjpeg-dev libgif-dev librsvg2-dev \
   7 | >>>   && rm -rf /var/lib/apt/lists/*
   8 |     RUN npm install
--------------------
ERROR: failed to solve: process "/bin/sh -c apt-get update   && apt-get install -qq build-essential libcairo2-dev libpango1.0-dev libjpeg-dev libgif-dev librsvg2-dev   && rm -rf /var/lib/apt/lists/*" did not complete successfully: exit code: 100
Duration: 1:31.92