#0 building with "default" instance using docker driver

#1 [internal] load .dockerignore
#1 transferring context:
#1 transferring context: 2B done
#1 DONE 0.4s

#2 [internal] load build definition from Dockerfile
#2 transferring dockerfile: 135B done
#2 DONE 0.5s

#3 [internal] load metadata for docker.io/ababy/python-deepnude:latest
#3 ...

#4 [auth] ababy/python-deepnude:pull token for registry-1.docker.io
#4 DONE 0.0s

#3 [internal] load metadata for docker.io/ababy/python-deepnude:latest
#3 DONE 1.4s

#5 [1/2] FROM docker.io/ababy/python-deepnude@sha256:3d7571ee8c4e10de2dca840b57cb4ffaaf35503182c0b8884aec4760ce7c76fc
#5 resolve docker.io/ababy/python-deepnude@sha256:3d7571ee8c4e10de2dca840b57cb4ffaaf35503182c0b8884aec4760ce7c76fc 0.1s done
#5 sha256:029f1fbfbb8ec4c41b3d467d10e18f82e7bb70d03209e8ec82e5ca5f32b54e8b 8.32kB / 8.32kB done
#5 sha256:494c27a8a6b820f9167ec7e368b3a9bb47d7029f4dc8c97c67091f3757a5bc4e 0B / 10.79MB 0.1s
#5 sha256:3d7571ee8c4e10de2dca840b57cb4ffaaf35503182c0b8884aec4760ce7c76fc 2.64kB / 2.64kB done
#5 sha256:6f2f362378c5a6fd915d96d11dda1e0223ccf213bf121ace56ae0f6616ea1dc8 0B / 45.34MB 0.2s
#5 sha256:7596bb83081b6c8410df557d538a0ae45922cbf81e469c6f4cfa835247cb24ab 0B / 4.34MB 0.2s
#5 sha256:494c27a8a6b820f9167ec7e368b3a9bb47d7029f4dc8c97c67091f3757a5bc4e 3.15MB / 10.79MB 0.4s
#5 sha256:7596bb83081b6c8410df557d538a0ae45922cbf81e469c6f4cfa835247cb24ab 4.34MB / 4.34MB 0.4s
#5 sha256:494c27a8a6b820f9167ec7e368b3a9bb47d7029f4dc8c97c67091f3757a5bc4e 10.79MB / 10.79MB 0.6s
#5 sha256:6f2f362378c5a6fd915d96d11dda1e0223ccf213bf121ace56ae0f6616ea1dc8 10.49MB / 45.34MB 0.6s
#5 sha256:7596bb83081b6c8410df557d538a0ae45922cbf81e469c6f4cfa835247cb24ab 4.34MB / 4.34MB 0.4s done
#5 sha256:372744b62d49eba993652ee4a1201801fe278b687d85489101e07e7b9a4900e0 0B / 50.07MB 0.6s
#5 sha256:494c27a8a6b820f9167ec7e368b3a9bb47d7029f4dc8c97c67091f3757a5bc4e 10.79MB / 10.79MB 0.7s done
#5 sha256:6f2f362378c5a6fd915d96d11dda1e0223ccf213bf121ace56ae0f6616ea1dc8 18.87MB / 45.34MB 0.8s
#5 sha256:372744b62d49eba993652ee4a1201801fe278b687d85489101e07e7b9a4900e0 5.24MB / 50.07MB 0.8s
#5 sha256:615db220d76c063138a2e6c5849703a7a80d682a682f7e1a841e6e7ed5f43879 0B / 215.08MB 0.8s
#5 sha256:6f2f362378c5a6fd915d96d11dda1e0223ccf213bf121ace56ae0f6616ea1dc8 27.26MB / 45.34MB 1.0s
#5 sha256:372744b62d49eba993652ee4a1201801fe278b687d85489101e07e7b9a4900e0 16.78MB / 50.07MB 1.0s
#5 sha256:6f2f362378c5a6fd915d96d11dda1e0223ccf213bf121ace56ae0f6616ea1dc8 31.46MB / 45.34MB 1.2s
#5 sha256:372744b62d49eba993652ee4a1201801fe278b687d85489101e07e7b9a4900e0 25.17MB / 50.07MB 1.2s
#5 sha256:372744b62d49eba993652ee4a1201801fe278b687d85489101e07e7b9a4900e0 28.31MB / 50.07MB 1.3s
#5 sha256:6f2f362378c5a6fd915d96d11dda1e0223ccf213bf121ace56ae0f6616ea1dc8 35.65MB / 45.34MB 1.5s
#5 sha256:372744b62d49eba993652ee4a1201801fe278b687d85489101e07e7b9a4900e0 33.55MB / 50.07MB 1.5s
#5 sha256:615db220d76c063138a2e6c5849703a7a80d682a682f7e1a841e6e7ed5f43879 15.73MB / 215.08MB 1.5s
#5 sha256:6f2f362378c5a6fd915d96d11dda1e0223ccf213bf121ace56ae0f6616ea1dc8 40.89MB / 45.34MB 1.8s
#5 sha256:372744b62d49eba993652ee4a1201801fe278b687d85489101e07e7b9a4900e0 39.85MB / 50.07MB 1.8s
#5 sha256:6f2f362378c5a6fd915d96d11dda1e0223ccf213bf121ace56ae0f6616ea1dc8 45.34MB / 45.34MB 2.0s
#5 sha256:372744b62d49eba993652ee4a1201801fe278b687d85489101e07e7b9a4900e0 48.77MB / 50.07MB 2.0s
#5 sha256:615db220d76c063138a2e6c5849703a7a80d682a682f7e1a841e6e7ed5f43879 30.41MB / 215.08MB 2.0s
#5 sha256:615db220d76c063138a2e6c5849703a7a80d682a682f7e1a841e6e7ed5f43879 44.04MB / 215.08MB 2.4s
#5 sha256:6f2f362378c5a6fd915d96d11dda1e0223ccf213bf121ace56ae0f6616ea1dc8 45.34MB / 45.34MB 2.6s done
#5 sha256:615db220d76c063138a2e6c5849703a7a80d682a682f7e1a841e6e7ed5f43879 59.77MB / 215.08MB 2.7s
#5 extracting sha256:6f2f362378c5a6fd915d96d11dda1e0223ccf213bf121ace56ae0f6616ea1dc8
#5 sha256:615db220d76c063138a2e6c5849703a7a80d682a682f7e1a841e6e7ed5f43879 73.40MB / 215.08MB 3.0s
#5 sha256:615db220d76c063138a2e6c5849703a7a80d682a682f7e1a841e6e7ed5f43879 87.03MB / 215.08MB 3.4s
#5 sha256:372744b62d49eba993652ee4a1201801fe278b687d85489101e07e7b9a4900e0 50.07MB / 50.07MB 3.4s done
#5 sha256:39aa0c89bda1ee16e94ab7039cb0b9a9fce8a390769c2194aaf5fdf0ae1a2bdd 0B / 5.83MB 3.5s
#5 sha256:da1dae8da560139dccae2e23decf8f2af372c1ba36a6c195b915c4742cb7eb02 0B / 22.50MB 3.6s
#5 sha256:615db220d76c063138a2e6c5849703a7a80d682a682f7e1a841e6e7ed5f43879 103.81MB / 215.08MB 3.7s
#5 sha256:39aa0c89bda1ee16e94ab7039cb0b9a9fce8a390769c2194aaf5fdf0ae1a2bdd 3.15MB / 5.83MB 3.7s
#5 sha256:39aa0c89bda1ee16e94ab7039cb0b9a9fce8a390769c2194aaf5fdf0ae1a2bdd 5.83MB / 5.83MB 3.8s
#5 sha256:da1dae8da560139dccae2e23decf8f2af372c1ba36a6c195b915c4742cb7eb02 2.10MB / 22.50MB 3.8s
#5 sha256:39aa0c89bda1ee16e94ab7039cb0b9a9fce8a390769c2194aaf5fdf0ae1a2bdd 5.83MB / 5.83MB 3.9s done
#5 sha256:da1dae8da560139dccae2e23decf8f2af372c1ba36a6c195b915c4742cb7eb02 4.19MB / 22.50MB 3.9s
#5 sha256:615db220d76c063138a2e6c5849703a7a80d682a682f7e1a841e6e7ed5f43879 117.44MB / 215.08MB 4.0s
#5 sha256:da1dae8da560139dccae2e23decf8f2af372c1ba36a6c195b915c4742cb7eb02 6.29MB / 22.50MB 4.0s
#5 sha256:3b8162139e71c974605808df30b4081f49e461ba4137725521bee81b237007f6 0B / 243B 4.0s
#5 sha256:da1dae8da560139dccae2e23decf8f2af372c1ba36a6c195b915c4742cb7eb02 17.83MB / 22.50MB 4.2s
#5 sha256:3b8162139e71c974605808df30b4081f49e461ba4137725521bee81b237007f6 243B / 243B 4.1s done
#5 sha256:615db220d76c063138a2e6c5849703a7a80d682a682f7e1a841e6e7ed5f43879 128.97MB / 215.08MB 4.3s
#5 sha256:da1dae8da560139dccae2e23decf8f2af372c1ba36a6c195b915c4742cb7eb02 22.50MB / 22.50MB 4.3s
#5 sha256:f94aa49947d35cb0d320efdcc96c062742de056e3c776dbf953f4cdb0beb9364 0B / 1.82MB 4.3s
#5 sha256:f94aa49947d35cb0d320efdcc96c062742de056e3c776dbf953f4cdb0beb9364 1.82MB / 1.82MB 4.5s
#5 sha256:615db220d76c063138a2e6c5849703a7a80d682a682f7e1a841e6e7ed5f43879 146.80MB / 215.08MB 4.6s
#5 sha256:615db220d76c063138a2e6c5849703a7a80d682a682f7e1a841e6e7ed5f43879 162.53MB / 215.08MB 4.8s
#5 sha256:da1dae8da560139dccae2e23decf8f2af372c1ba36a6c195b915c4742cb7eb02 22.50MB / 22.50MB 4.6s done
#5 sha256:f94aa49947d35cb0d320efdcc96c062742de056e3c776dbf953f4cdb0beb9364 1.82MB / 1.82MB 4.7s done
#5 sha256:8f1f89c2ca6cea086612f496a0ec2129fb17e97e69e27b439de13ae29e81ce94 0B / 1.80GB 4.9s
#5 sha256:615db220d76c063138a2e6c5849703a7a80d682a682f7e1a841e6e7ed5f43879 177.21MB / 215.08MB 5.1s
#5 sha256:0558c2c7813dab7c132c6421fb2f3ab441d18ae2cae13f4cbb10b47b74409beb 0B / 63.68MB 5.1s
#5 sha256:615db220d76c063138a2e6c5849703a7a80d682a682f7e1a841e6e7ed5f43879 188.74MB / 215.08MB 5.3s
#5 extracting sha256:6f2f362378c5a6fd915d96d11dda1e0223ccf213bf121ace56ae0f6616ea1dc8 2.6s done
#5 sha256:0558c2c7813dab7c132c6421fb2f3ab441d18ae2cae13f4cbb10b47b74409beb 9.44MB / 63.68MB 5.5s
#5 sha256:615db220d76c063138a2e6c5849703a7a80d682a682f7e1a841e6e7ed5f43879 200.28MB / 215.08MB 5.6s
#5 extracting sha256:494c27a8a6b820f9167ec7e368b3a9bb47d7029f4dc8c97c67091f3757a5bc4e 0.1s
#5 sha256:0558c2c7813dab7c132c6421fb2f3ab441d18ae2cae13f4cbb10b47b74409beb 16.78MB / 63.68MB 5.7s
#5 sha256:0558c2c7813dab7c132c6421fb2f3ab441d18ae2cae13f4cbb10b47b74409beb 20.97MB / 63.68MB 5.8s
#5 sha256:615db220d76c063138a2e6c5849703a7a80d682a682f7e1a841e6e7ed5f43879 212.86MB / 215.08MB 6.0s
#5 sha256:0558c2c7813dab7c132c6421fb2f3ab441d18ae2cae13f4cbb10b47b74409beb 30.41MB / 63.68MB 6.0s
#5 sha256:0558c2c7813dab7c132c6421fb2f3ab441d18ae2cae13f4cbb10b47b74409beb 35.65MB / 63.68MB 6.1s
#5 extracting sha256:494c27a8a6b820f9167ec7e368b3a9bb47d7029f4dc8c97c67091f3757a5bc4e 0.6s done
#5 sha256:0558c2c7813dab7c132c6421fb2f3ab441d18ae2cae13f4cbb10b47b74409beb 44.04MB / 63.68MB 6.3s
#5 sha256:0558c2c7813dab7c132c6421fb2f3ab441d18ae2cae13f4cbb10b47b74409beb 55.57MB / 63.68MB 6.5s
#5 sha256:0558c2c7813dab7c132c6421fb2f3ab441d18ae2cae13f4cbb10b47b74409beb 63.68MB / 63.68MB 6.7s
#5 sha256:8f1f89c2ca6cea086612f496a0ec2129fb17e97e69e27b439de13ae29e81ce94 90.18MB / 1.80GB 6.8s
#5 sha256:8f1f89c2ca6cea086612f496a0ec2129fb17e97e69e27b439de13ae29e81ce94 187.70MB / 1.80GB 8.8s
#5 sha256:615db220d76c063138a2e6c5849703a7a80d682a682f7e1a841e6e7ed5f43879 215.08MB / 215.08MB 9.3s done
#5 sha256:0558c2c7813dab7c132c6421fb2f3ab441d18ae2cae13f4cbb10b47b74409beb 63.68MB / 63.68MB 10.3s done
#5 sha256:8f1f89c2ca6cea086612f496a0ec2129fb17e97e69e27b439de13ae29e81ce94 277.87MB / 1.80GB 10.5s
#5 extracting sha256:7596bb83081b6c8410df557d538a0ae45922cbf81e469c6f4cfa835247cb24ab 0.1s
#5 extracting sha256:7596bb83081b6c8410df557d538a0ae45922cbf81e469c6f4cfa835247cb24ab 0.2s done
#5 extracting sha256:372744b62d49eba993652ee4a1201801fe278b687d85489101e07e7b9a4900e0
#5 sha256:8f1f89c2ca6cea086612f496a0ec2129fb17e97e69e27b439de13ae29e81ce94 373.29MB / 1.80GB 12.7s
#5 extracting sha256:372744b62d49eba993652ee4a1201801fe278b687d85489101e07e7b9a4900e0 3.2s done
#5 extracting sha256:615db220d76c063138a2e6c5849703a7a80d682a682f7e1a841e6e7ed5f43879
#5 sha256:8f1f89c2ca6cea086612f496a0ec2129fb17e97e69e27b439de13ae29e81ce94 464.52MB / 1.80GB 14.6s
#5 sha256:8f1f89c2ca6cea086612f496a0ec2129fb17e97e69e27b439de13ae29e81ce94 557.84MB / 1.80GB 16.6s
#5 sha256:8f1f89c2ca6cea086612f496a0ec2129fb17e97e69e27b439de13ae29e81ce94 656.41MB / 1.80GB 18.6s
#5 extracting sha256:615db220d76c063138a2e6c5849703a7a80d682a682f7e1a841e6e7ed5f43879 5.2s
#5 sha256:8f1f89c2ca6cea086612f496a0ec2129fb17e97e69e27b439de13ae29e81ce94 748.68MB / 1.80GB 20.1s
#5 sha256:8f1f89c2ca6cea086612f496a0ec2129fb17e97e69e27b439de13ae29e81ce94 840.96MB / 1.80GB 21.8s
#5 sha256:8f1f89c2ca6cea086612f496a0ec2129fb17e97e69e27b439de13ae29e81ce94 931.14MB / 1.80GB 23.4s
#5 extracting sha256:615db220d76c063138a2e6c5849703a7a80d682a682f7e1a841e6e7ed5f43879 10.2s
#5 sha256:8f1f89c2ca6cea086612f496a0ec2129fb17e97e69e27b439de13ae29e81ce94 1.02GB / 1.80GB 24.9s
#5 extracting sha256:615db220d76c063138a2e6c5849703a7a80d682a682f7e1a841e6e7ed5f43879 11.9s done
#5 extracting sha256:39aa0c89bda1ee16e94ab7039cb0b9a9fce8a390769c2194aaf5fdf0ae1a2bdd
#5 sha256:8f1f89c2ca6cea086612f496a0ec2129fb17e97e69e27b439de13ae29e81ce94 1.11GB / 1.80GB 26.9s
#5 extracting sha256:39aa0c89bda1ee16e94ab7039cb0b9a9fce8a390769c2194aaf5fdf0ae1a2bdd 0.4s done
#5 extracting sha256:da1dae8da560139dccae2e23decf8f2af372c1ba36a6c195b915c4742cb7eb02
#5 sha256:8f1f89c2ca6cea086612f496a0ec2129fb17e97e69e27b439de13ae29e81ce94 1.20GB / 1.80GB 28.6s
#5 extracting sha256:da1dae8da560139dccae2e23decf8f2af372c1ba36a6c195b915c4742cb7eb02 1.4s done
#5 extracting sha256:3b8162139e71c974605808df30b4081f49e461ba4137725521bee81b237007f6 done
#5 extracting sha256:f94aa49947d35cb0d320efdcc96c062742de056e3c776dbf953f4cdb0beb9364
#5 extracting sha256:f94aa49947d35cb0d320efdcc96c062742de056e3c776dbf953f4cdb0beb9364 0.2s done
#5 sha256:8f1f89c2ca6cea086612f496a0ec2129fb17e97e69e27b439de13ae29e81ce94 1.30GB / 1.80GB 30.6s
#5 sha256:8f1f89c2ca6cea086612f496a0ec2129fb17e97e69e27b439de13ae29e81ce94 1.40GB / 1.80GB 32.3s
#5 sha256:8f1f89c2ca6cea086612f496a0ec2129fb17e97e69e27b439de13ae29e81ce94 1.49GB / 1.80GB 35.2s
#5 sha256:8f1f89c2ca6cea086612f496a0ec2129fb17e97e69e27b439de13ae29e81ce94 1.58GB / 1.80GB 37.9s
#5 sha256:8f1f89c2ca6cea086612f496a0ec2129fb17e97e69e27b439de13ae29e81ce94 1.67GB / 1.80GB 40.4s
#5 sha256:8f1f89c2ca6cea086612f496a0ec2129fb17e97e69e27b439de13ae29e81ce94 1.77GB / 1.80GB 43.2s
#5 sha256:8f1f89c2ca6cea086612f496a0ec2129fb17e97e69e27b439de13ae29e81ce94 1.80GB / 1.80GB 48.4s
#5 sha256:8f1f89c2ca6cea086612f496a0ec2129fb17e97e69e27b439de13ae29e81ce94 1.80GB / 1.80GB 53.5s
#5 sha256:8f1f89c2ca6cea086612f496a0ec2129fb17e97e69e27b439de13ae29e81ce94 1.80GB / 1.80GB 58.6s
#5 sha256:8f1f89c2ca6cea086612f496a0ec2129fb17e97e69e27b439de13ae29e81ce94 1.80GB / 1.80GB 63.7s
#5 sha256:8f1f89c2ca6cea086612f496a0ec2129fb17e97e69e27b439de13ae29e81ce94 1.80GB / 1.80GB 68.7s
#5 sha256:8f1f89c2ca6cea086612f496a0ec2129fb17e97e69e27b439de13ae29e81ce94 1.80GB / 1.80GB 73.9s
#5 sha256:8f1f89c2ca6cea086612f496a0ec2129fb17e97e69e27b439de13ae29e81ce94 1.80GB / 1.80GB 79.0s
#5 sha256:8f1f89c2ca6cea086612f496a0ec2129fb17e97e69e27b439de13ae29e81ce94 1.80GB / 1.80GB 84.2s
#5 sha256:8f1f89c2ca6cea086612f496a0ec2129fb17e97e69e27b439de13ae29e81ce94 1.80GB / 1.80GB 87.3s done
#5 extracting sha256:8f1f89c2ca6cea086612f496a0ec2129fb17e97e69e27b439de13ae29e81ce94
#5 extracting sha256:8f1f89c2ca6cea086612f496a0ec2129fb17e97e69e27b439de13ae29e81ce94 5.1s
#5 extracting sha256:8f1f89c2ca6cea086612f496a0ec2129fb17e97e69e27b439de13ae29e81ce94 10.1s
#5 extracting sha256:8f1f89c2ca6cea086612f496a0ec2129fb17e97e69e27b439de13ae29e81ce94 15.2s
#5 extracting sha256:8f1f89c2ca6cea086612f496a0ec2129fb17e97e69e27b439de13ae29e81ce94 20.2s
#5 extracting sha256:8f1f89c2ca6cea086612f496a0ec2129fb17e97e69e27b439de13ae29e81ce94 25.3s
#5 extracting sha256:8f1f89c2ca6cea086612f496a0ec2129fb17e97e69e27b439de13ae29e81ce94 30.4s
#5 extracting sha256:8f1f89c2ca6cea086612f496a0ec2129fb17e97e69e27b439de13ae29e81ce94 35.4s
#5 extracting sha256:8f1f89c2ca6cea086612f496a0ec2129fb17e97e69e27b439de13ae29e81ce94 40.5s
#5 extracting sha256:8f1f89c2ca6cea086612f496a0ec2129fb17e97e69e27b439de13ae29e81ce94 44.4s done
#5 extracting sha256:0558c2c7813dab7c132c6421fb2f3ab441d18ae2cae13f4cbb10b47b74409beb
#5 extracting sha256:0558c2c7813dab7c132c6421fb2f3ab441d18ae2cae13f4cbb10b47b74409beb 2.3s done
#5 DONE 159.2s

#6 [2/2] RUN apt update && apt install ffmpeg -y && pip install ffmpeg-python
#6 0.469 
#6 0.469 WARNING: apt does not have a stable CLI interface. Use with caution in scripts.
#6 0.469 
#6 0.509 Ign:1 http://security.debian.org/debian-security stretch/updates InRelease
#6 0.510 Ign:2 http://deb.debian.org/debian stretch InRelease
#6 0.519 Err:3 http://security.debian.org/debian-security stretch/updates Release
#6 0.519   404  Not Found
#6 0.520 Ign:4 http://deb.debian.org/debian stretch-updates InRelease
#6 0.531 Err:5 http://deb.debian.org/debian stretch Release
#6 0.531   404  Not Found
#6 0.541 Err:6 http://deb.debian.org/debian stretch-updates Release
#6 0.541   404  Not Found
#6 0.545 Reading package lists...
#6 0.559 E: The repository 'http://security.debian.org/debian-security stretch/updates Release' does not have a Release file.
#6 0.559 E: The repository 'http://deb.debian.org/debian stretch Release' does not have a Release file.
#6 0.559 E: The repository 'http://deb.debian.org/debian stretch-updates Release' does not have a Release file.
#6 ERROR: process "/bin/sh -c apt update && apt install ffmpeg -y && pip install ffmpeg-python" did not complete successfully: exit code: 100
------
 > [2/2] RUN apt update && apt install ffmpeg -y && pip install ffmpeg-python:
0.519   404  Not Found
0.520 Ign:4 http://deb.debian.org/debian stretch-updates InRelease
0.531 Err:5 http://deb.debian.org/debian stretch Release
0.531   404  Not Found
0.541 Err:6 http://deb.debian.org/debian stretch-updates Release
0.541   404  Not Found
0.545 Reading package lists...
0.559 E: The repository 'http://security.debian.org/debian-security stretch/updates Release' does not have a Release file.
0.559 E: The repository 'http://deb.debian.org/debian stretch Release' does not have a Release file.
0.559 E: The repository 'http://deb.debian.org/debian stretch-updates Release' does not have a Release file.
------
Dockerfile:2
--------------------
   1 |     FROM ababy/python-deepnude
   2 | >>> RUN apt update && apt install ffmpeg -y && pip install ffmpeg-python
   3 |     
--------------------
ERROR: failed to solve: process "/bin/sh -c apt update && apt install ffmpeg -y && pip install ffmpeg-python" did not complete successfully: exit code: 100
Duration: 2:47.33