#0 building with "default" instance using docker driver

#1 [internal] load build definition from v1_Dockerfile
#1 transferring dockerfile: 233B done
#1 DONE 0.0s

#2 [internal] load metadata for docker.io/library/node:10
#2 DONE 0.7s

#3 [internal] load .dockerignore
#3 transferring context: 2B done
#3 DONE 0.0s

#4 [1/2] FROM docker.io/library/node:10@sha256:59531d2835edd5161c8f9512f9e095b1836f7a1fcb0ab73e005ec46047384911
#4 resolve docker.io/library/node:10@sha256:59531d2835edd5161c8f9512f9e095b1836f7a1fcb0ab73e005ec46047384911 0.0s done
#4 sha256:28dca6642db82aaecbed18101d9966f001e8de6691e1a1718c2927c124d81262 7.83kB / 7.83kB done
#4 sha256:b53ce1fd2746e8d2037f1b0b91ddea0cc7411eb3e5949fe10c0320aca8f7392b 0B / 4.34MB 0.1s
#4 sha256:59531d2835edd5161c8f9512f9e095b1836f7a1fcb0ab73e005ec46047384911 776B / 776B done
#4 sha256:686e0e859358f28bfe1641e1627549b9cd0ad74f222b953d74209213488c6858 2.21kB / 2.21kB done
#4 sha256:76b8ef87096fa726adbe8f073ef69bb5664bac19474c5cce4dd69e08a234903b 0B / 45.38MB 0.1s
#4 sha256:2e2bafe8a0f40509cc10249087268e66a662e437f10e9598a09abb5687038a57 0B / 11.29MB 0.1s
#4 sha256:b53ce1fd2746e8d2037f1b0b91ddea0cc7411eb3e5949fe10c0320aca8f7392b 3.15MB / 4.34MB 0.4s
#4 sha256:2e2bafe8a0f40509cc10249087268e66a662e437f10e9598a09abb5687038a57 2.10MB / 11.29MB 0.4s
#4 sha256:b53ce1fd2746e8d2037f1b0b91ddea0cc7411eb3e5949fe10c0320aca8f7392b 4.34MB / 4.34MB 0.4s done
#4 sha256:76b8ef87096fa726adbe8f073ef69bb5664bac19474c5cce4dd69e08a234903b 8.39MB / 45.38MB 0.6s
#4 sha256:2e2bafe8a0f40509cc10249087268e66a662e437f10e9598a09abb5687038a57 11.29MB / 11.29MB 0.6s done
#4 sha256:84a8c1bd5887cc4a89e1f286fed9ee31ce12dba9f6813cf14082ada3e9ab6f63 3.15MB / 49.79MB 0.6s
#4 sha256:7a803dc0b40fcd10faee3fb3ebb2d7aaa88500520e6295295f5163c4bb48548b 0B / 214.35MB 0.6s
#4 sha256:76b8ef87096fa726adbe8f073ef69bb5664bac19474c5cce4dd69e08a234903b 16.78MB / 45.38MB 0.8s
#4 sha256:84a8c1bd5887cc4a89e1f286fed9ee31ce12dba9f6813cf14082ada3e9ab6f63 11.53MB / 49.79MB 0.8s
#4 sha256:76b8ef87096fa726adbe8f073ef69bb5664bac19474c5cce4dd69e08a234903b 25.17MB / 45.38MB 1.0s
#4 sha256:84a8c1bd5887cc4a89e1f286fed9ee31ce12dba9f6813cf14082ada3e9ab6f63 18.87MB / 49.79MB 1.0s
#4 sha256:7a803dc0b40fcd10faee3fb3ebb2d7aaa88500520e6295295f5163c4bb48548b 12.58MB / 214.35MB 1.0s
#4 sha256:76b8ef87096fa726adbe8f073ef69bb5664bac19474c5cce4dd69e08a234903b 34.60MB / 45.38MB 1.2s
#4 sha256:84a8c1bd5887cc4a89e1f286fed9ee31ce12dba9f6813cf14082ada3e9ab6f63 26.21MB / 49.79MB 1.2s
#4 sha256:76b8ef87096fa726adbe8f073ef69bb5664bac19474c5cce4dd69e08a234903b 39.85MB / 45.38MB 1.3s
#4 sha256:84a8c1bd5887cc4a89e1f286fed9ee31ce12dba9f6813cf14082ada3e9ab6f63 29.36MB / 49.79MB 1.3s
#4 sha256:7a803dc0b40fcd10faee3fb3ebb2d7aaa88500520e6295295f5163c4bb48548b 24.12MB / 214.35MB 1.3s
#4 sha256:76b8ef87096fa726adbe8f073ef69bb5664bac19474c5cce4dd69e08a234903b 45.38MB / 45.38MB 1.5s
#4 sha256:84a8c1bd5887cc4a89e1f286fed9ee31ce12dba9f6813cf14082ada3e9ab6f63 35.65MB / 49.79MB 1.5s
#4 sha256:76b8ef87096fa726adbe8f073ef69bb5664bac19474c5cce4dd69e08a234903b 45.38MB / 45.38MB 1.5s done
#4 sha256:84a8c1bd5887cc4a89e1f286fed9ee31ce12dba9f6813cf14082ada3e9ab6f63 40.89MB / 49.79MB 1.6s
#4 sha256:7a803dc0b40fcd10faee3fb3ebb2d7aaa88500520e6295295f5163c4bb48548b 35.65MB / 214.35MB 1.6s
#4 extracting sha256:76b8ef87096fa726adbe8f073ef69bb5664bac19474c5cce4dd69e08a234903b
#4 sha256:b800e94e7303e276b8fb4911a40bfe28f46180d997022c69bf1ee02fb7b86721 0B / 4.19kB 1.6s
#4 sha256:84a8c1bd5887cc4a89e1f286fed9ee31ce12dba9f6813cf14082ada3e9ab6f63 46.14MB / 49.79MB 1.7s
#4 sha256:b800e94e7303e276b8fb4911a40bfe28f46180d997022c69bf1ee02fb7b86721 4.19kB / 4.19kB 1.6s done
#4 sha256:0da9fbf60d485c74d153bfc7562f34533550e3dd8aa78f5e8c2476ed500e0e73 0B / 21.42MB 1.7s
#4 sha256:84a8c1bd5887cc4a89e1f286fed9ee31ce12dba9f6813cf14082ada3e9ab6f63 49.79MB / 49.79MB 1.8s
#4 sha256:84a8c1bd5887cc4a89e1f286fed9ee31ce12dba9f6813cf14082ada3e9ab6f63 49.79MB / 49.79MB 1.9s done
#4 sha256:7a803dc0b40fcd10faee3fb3ebb2d7aaa88500520e6295295f5163c4bb48548b 57.67MB / 214.35MB 2.0s
#4 sha256:0da9fbf60d485c74d153bfc7562f34533550e3dd8aa78f5e8c2476ed500e0e73 12.58MB / 21.42MB 2.0s
#4 sha256:04dccde934cf0d6ab9d303fe73b36bc4ed84329d9d562049a69a5d38afb83f14 0B / 2.48MB 2.0s
#4 sha256:0da9fbf60d485c74d153bfc7562f34533550e3dd8aa78f5e8c2476ed500e0e73 16.78MB / 21.42MB 2.1s
#4 sha256:04dccde934cf0d6ab9d303fe73b36bc4ed84329d9d562049a69a5d38afb83f14 2.10MB / 2.48MB 2.1s
#4 sha256:7a803dc0b40fcd10faee3fb3ebb2d7aaa88500520e6295295f5163c4bb48548b 69.21MB / 214.35MB 2.2s
#4 sha256:0da9fbf60d485c74d153bfc7562f34533550e3dd8aa78f5e8c2476ed500e0e73 21.42MB / 21.42MB 2.2s
#4 sha256:04dccde934cf0d6ab9d303fe73b36bc4ed84329d9d562049a69a5d38afb83f14 2.48MB / 2.48MB 2.1s done
#4 sha256:73269890f6fdf96184d0fdb0afe3cf697b0c8dbe1e7a077f0fab445d74372c78 0B / 294B 2.2s
#4 sha256:0da9fbf60d485c74d153bfc7562f34533550e3dd8aa78f5e8c2476ed500e0e73 21.42MB / 21.42MB 2.3s done
#4 sha256:73269890f6fdf96184d0fdb0afe3cf697b0c8dbe1e7a077f0fab445d74372c78 294B / 294B 2.3s done
#4 sha256:7a803dc0b40fcd10faee3fb3ebb2d7aaa88500520e6295295f5163c4bb48548b 98.57MB / 214.35MB 2.5s
#4 sha256:7a803dc0b40fcd10faee3fb3ebb2d7aaa88500520e6295295f5163c4bb48548b 116.10MB / 214.35MB 2.7s
#4 sha256:7a803dc0b40fcd10faee3fb3ebb2d7aaa88500520e6295295f5163c4bb48548b 133.17MB / 214.35MB 2.9s
#4 sha256:7a803dc0b40fcd10faee3fb3ebb2d7aaa88500520e6295295f5163c4bb48548b 148.90MB / 214.35MB 3.1s
#4 sha256:7a803dc0b40fcd10faee3fb3ebb2d7aaa88500520e6295295f5163c4bb48548b 167.77MB / 214.35MB 3.3s
#4 sha256:7a803dc0b40fcd10faee3fb3ebb2d7aaa88500520e6295295f5163c4bb48548b 182.45MB / 214.35MB 3.5s
#4 sha256:7a803dc0b40fcd10faee3fb3ebb2d7aaa88500520e6295295f5163c4bb48548b 199.23MB / 214.35MB 3.7s
#4 sha256:7a803dc0b40fcd10faee3fb3ebb2d7aaa88500520e6295295f5163c4bb48548b 214.35MB / 214.35MB 3.9s
#4 extracting sha256:76b8ef87096fa726adbe8f073ef69bb5664bac19474c5cce4dd69e08a234903b 2.8s done
#4 sha256:7a803dc0b40fcd10faee3fb3ebb2d7aaa88500520e6295295f5163c4bb48548b 214.35MB / 214.35MB 4.5s done
#4 extracting sha256:2e2bafe8a0f40509cc10249087268e66a662e437f10e9598a09abb5687038a57 0.1s
#4 extracting sha256:2e2bafe8a0f40509cc10249087268e66a662e437f10e9598a09abb5687038a57 0.5s done
#4 extracting sha256:b53ce1fd2746e8d2037f1b0b91ddea0cc7411eb3e5949fe10c0320aca8f7392b 0.1s
#4 extracting sha256:b53ce1fd2746e8d2037f1b0b91ddea0cc7411eb3e5949fe10c0320aca8f7392b 0.1s done
#4 extracting sha256:84a8c1bd5887cc4a89e1f286fed9ee31ce12dba9f6813cf14082ada3e9ab6f63
#4 extracting sha256:84a8c1bd5887cc4a89e1f286fed9ee31ce12dba9f6813cf14082ada3e9ab6f63 2.9s done
#4 extracting sha256:7a803dc0b40fcd10faee3fb3ebb2d7aaa88500520e6295295f5163c4bb48548b
#4 extracting sha256:7a803dc0b40fcd10faee3fb3ebb2d7aaa88500520e6295295f5163c4bb48548b 5.1s
#4 extracting sha256:7a803dc0b40fcd10faee3fb3ebb2d7aaa88500520e6295295f5163c4bb48548b 10.1s done
#4 extracting sha256:b800e94e7303e276b8fb4911a40bfe28f46180d997022c69bf1ee02fb7b86721
#4 extracting sha256:b800e94e7303e276b8fb4911a40bfe28f46180d997022c69bf1ee02fb7b86721 done
#4 extracting sha256:0da9fbf60d485c74d153bfc7562f34533550e3dd8aa78f5e8c2476ed500e0e73 0.1s
#4 extracting sha256:0da9fbf60d485c74d153bfc7562f34533550e3dd8aa78f5e8c2476ed500e0e73 2.0s done
#4 extracting sha256:04dccde934cf0d6ab9d303fe73b36bc4ed84329d9d562049a69a5d38afb83f14
#4 extracting sha256:04dccde934cf0d6ab9d303fe73b36bc4ed84329d9d562049a69a5d38afb83f14 0.1s done
#4 extracting sha256:73269890f6fdf96184d0fdb0afe3cf697b0c8dbe1e7a077f0fab445d74372c78
#4 extracting sha256:73269890f6fdf96184d0fdb0afe3cf697b0c8dbe1e7a077f0fab445d74372c78 done
#4 DONE 21.3s

#5 [2/2] RUN apt-get update && apt-get install -y     p7zip-full     nsis     && rm -rf /var/lib/apt/lists/*
#5 0.212 Ign:1 http://security.debian.org/debian-security stretch/updates InRelease
#5 0.214 Ign:2 http://deb.debian.org/debian stretch InRelease
#5 0.224 Ign:3 http://security.debian.org/debian-security stretch/updates Release
#5 0.224 Ign:4 http://deb.debian.org/debian stretch-updates InRelease
#5 0.234 Ign:5 http://security.debian.org/debian-security stretch/updates/main all Packages
#5 0.235 Ign:6 http://deb.debian.org/debian stretch Release
#5 0.243 Ign:7 http://security.debian.org/debian-security stretch/updates/main amd64 Packages
#5 0.246 Ign:8 http://deb.debian.org/debian stretch-updates Release
#5 0.255 Ign:5 http://security.debian.org/debian-security stretch/updates/main all Packages
#5 0.260 Ign:9 http://deb.debian.org/debian stretch/main all Packages
#5 0.263 Ign:7 http://security.debian.org/debian-security stretch/updates/main amd64 Packages
#5 0.270 Ign:10 http://deb.debian.org/debian stretch/main amd64 Packages
#5 0.274 Ign:5 http://security.debian.org/debian-security stretch/updates/main all Packages
#5 0.281 Ign:11 http://deb.debian.org/debian stretch-updates/main all Packages
#5 0.282 Ign:7 http://security.debian.org/debian-security stretch/updates/main amd64 Packages
#5 0.291 Ign:12 http://deb.debian.org/debian stretch-updates/main amd64 Packages
#5 0.292 Ign:5 http://security.debian.org/debian-security stretch/updates/main all Packages
#5 0.301 Ign:7 http://security.debian.org/debian-security stretch/updates/main amd64 Packages
#5 0.302 Ign:9 http://deb.debian.org/debian stretch/main all Packages
#5 0.311 Ign:5 http://security.debian.org/debian-security stretch/updates/main all Packages
#5 0.315 Ign:10 http://deb.debian.org/debian stretch/main amd64 Packages
#5 0.320 Ign:7 http://security.debian.org/debian-security stretch/updates/main amd64 Packages
#5 0.324 Ign:11 http://deb.debian.org/debian stretch-updates/main all Packages
#5 0.330 Ign:5 http://security.debian.org/debian-security stretch/updates/main all Packages
#5 0.338 Ign:12 http://deb.debian.org/debian stretch-updates/main amd64 Packages
#5 0.341 Err:7 http://security.debian.org/debian-security stretch/updates/main amd64 Packages
#5 0.341   404  Not Found
#5 0.346 Ign:9 http://deb.debian.org/debian stretch/main all Packages
#5 0.357 Ign:10 http://deb.debian.org/debian stretch/main amd64 Packages
#5 0.369 Ign:11 http://deb.debian.org/debian stretch-updates/main all Packages
#5 0.379 Ign:12 http://deb.debian.org/debian stretch-updates/main amd64 Packages
#5 0.390 Ign:9 http://deb.debian.org/debian stretch/main all Packages
#5 0.401 Ign:10 http://deb.debian.org/debian stretch/main amd64 Packages
#5 0.412 Ign:11 http://deb.debian.org/debian stretch-updates/main all Packages
#5 0.423 Ign:12 http://deb.debian.org/debian stretch-updates/main amd64 Packages
#5 0.432 Ign:9 http://deb.debian.org/debian stretch/main all Packages
#5 0.443 Ign:10 http://deb.debian.org/debian stretch/main amd64 Packages
#5 0.458 Ign:11 http://deb.debian.org/debian stretch-updates/main all Packages
#5 0.468 Ign:12 http://deb.debian.org/debian stretch-updates/main amd64 Packages
#5 0.479 Ign:9 http://deb.debian.org/debian stretch/main all Packages
#5 0.497 Err:10 http://deb.debian.org/debian stretch/main amd64 Packages
#5 0.497   404  Not Found
#5 0.510 Ign:11 http://deb.debian.org/debian stretch-updates/main all Packages
#5 0.524 Err:12 http://deb.debian.org/debian stretch-updates/main amd64 Packages
#5 0.524   404  Not Found
#5 0.530 Reading package lists...
#5 0.540 W: The repository 'http://security.debian.org/debian-security stretch/updates Release' does not have a Release file.
#5 0.540 W: The repository 'http://deb.debian.org/debian stretch Release' does not have a Release file.
#5 0.540 W: The repository 'http://deb.debian.org/debian stretch-updates Release' does not have a Release file.
#5 0.540 E: Failed to fetch http://security.debian.org/debian-security/dists/stretch/updates/main/binary-amd64/Packages  404  Not Found
#5 0.540 E: Failed to fetch http://deb.debian.org/debian/dists/stretch/main/binary-amd64/Packages  404  Not Found
#5 0.540 E: Failed to fetch http://deb.debian.org/debian/dists/stretch-updates/main/binary-amd64/Packages  404  Not Found
#5 0.540 E: Some index files failed to download. They have been ignored, or old ones used instead.
#5 ERROR: process "/bin/sh -c apt-get update && apt-get install -y     p7zip-full     nsis     && rm -rf /var/lib/apt/lists/*" did not complete successfully: exit code: 100
------
 > [2/2] RUN apt-get update && apt-get install -y     p7zip-full     nsis     && rm -rf /var/lib/apt/lists/*:
0.524 Err:12 http://deb.debian.org/debian stretch-updates/main amd64 Packages
0.524   404  Not Found
0.530 Reading package lists...
0.540 W: The repository 'http://security.debian.org/debian-security stretch/updates Release' does not have a Release file.
0.540 W: The repository 'http://deb.debian.org/debian stretch Release' does not have a Release file.
0.540 W: The repository 'http://deb.debian.org/debian stretch-updates Release' does not have a Release file.
0.540 E: Failed to fetch http://security.debian.org/debian-security/dists/stretch/updates/main/binary-amd64/Packages  404  Not Found
0.540 E: Failed to fetch http://deb.debian.org/debian/dists/stretch/main/binary-amd64/Packages  404  Not Found
0.540 E: Failed to fetch http://deb.debian.org/debian/dists/stretch-updates/main/binary-amd64/Packages  404  Not Found
0.540 E: Some index files failed to download. They have been ignored, or old ones used instead.
------
v1_Dockerfile:4
--------------------
   3 |     
   4 | >>> RUN apt-get update && apt-get install -y \
   5 | >>>     p7zip-full \
   6 | >>>     nsis \
   7 | >>>     && rm -rf /var/lib/apt/lists/*
--------------------
ERROR: failed to solve: process "/bin/sh -c apt-get update && apt-get install -y     p7zip-full     nsis     && rm -rf /var/lib/apt/lists/*" did not complete successfully: exit code: 100
Duration: 0:29.54