#0 building with "default" instance using docker driver

#1 [internal] load .dockerignore
#1 transferring context:
#1 ...

#2 [internal] load build definition from v1_Dockerfile
#2 transferring dockerfile: 718B 0.0s done
#2 DONE 0.3s

#1 [internal] load .dockerignore
#1 transferring context: 2B done
#1 DONE 0.4s

#3 [internal] load metadata for docker.io/library/elixir:1.4.5
#3 DONE 0.5s

#4 [internal] load build context
#4 DONE 0.0s

#5 [ 1/12] FROM docker.io/library/elixir:1.4.5@sha256:8ede3a3af161625995c62221d2c9549d0e9dbee0e1fc9c710d23c5aa12901eb0
#5 resolve docker.io/library/elixir:1.4.5@sha256:8ede3a3af161625995c62221d2c9549d0e9dbee0e1fc9c710d23c5aa12901eb0
#5 resolve docker.io/library/elixir:1.4.5@sha256:8ede3a3af161625995c62221d2c9549d0e9dbee0e1fc9c710d23c5aa12901eb0 0.2s done
#5 sha256:8ede3a3af161625995c62221d2c9549d0e9dbee0e1fc9c710d23c5aa12901eb0 988B / 988B done
#5 sha256:2eeb60b190d601e099d60a755676f436d6ec2efef50c21859da10b2bb59314e7 2.22kB / 2.22kB done
#5 sha256:e9e0b42d090789ceffb59d5d61052e33c1a2ba42accff9663b7756c27fc9770d 8.52kB / 8.52kB done
#5 sha256:0400ac8f7460260a663e0e97c24d7dfd8a2c947736f0351752b45c53e26d6e02 1.05MB / 45.37MB 0.4s
#5 sha256:fa8559aa5ebb59d52475c0142459015fb9be267e1a497d8664f3fc8a35445173 0B / 10.75MB 0.4s
#5 sha256:da32bfbbc3bad880f731e2f37903c9e359e180a5e74a703293a9441260cf3551 0B / 4.34MB 0.4s
#5 sha256:0400ac8f7460260a663e0e97c24d7dfd8a2c947736f0351752b45c53e26d6e02 5.24MB / 45.37MB 0.5s
#5 sha256:fa8559aa5ebb59d52475c0142459015fb9be267e1a497d8664f3fc8a35445173 1.05MB / 10.75MB 0.5s
#5 sha256:0400ac8f7460260a663e0e97c24d7dfd8a2c947736f0351752b45c53e26d6e02 9.44MB / 45.37MB 0.6s
#5 sha256:fa8559aa5ebb59d52475c0142459015fb9be267e1a497d8664f3fc8a35445173 5.24MB / 10.75MB 0.6s
#5 sha256:da32bfbbc3bad880f731e2f37903c9e359e180a5e74a703293a9441260cf3551 1.05MB / 4.34MB 0.6s
#5 sha256:0400ac8f7460260a663e0e97c24d7dfd8a2c947736f0351752b45c53e26d6e02 20.97MB / 45.37MB 0.8s
#5 sha256:fa8559aa5ebb59d52475c0142459015fb9be267e1a497d8664f3fc8a35445173 10.75MB / 10.75MB 0.8s
#5 sha256:da32bfbbc3bad880f731e2f37903c9e359e180a5e74a703293a9441260cf3551 4.34MB / 4.34MB 0.8s
#5 sha256:0400ac8f7460260a663e0e97c24d7dfd8a2c947736f0351752b45c53e26d6e02 27.26MB / 45.37MB 0.9s
#5 ...

#4 [internal] load build context
#4 transferring context: 15.31MB 0.5s done
#4 DONE 1.2s

#5 [ 1/12] FROM docker.io/library/elixir:1.4.5@sha256:8ede3a3af161625995c62221d2c9549d0e9dbee0e1fc9c710d23c5aa12901eb0
#5 sha256:0400ac8f7460260a663e0e97c24d7dfd8a2c947736f0351752b45c53e26d6e02 38.80MB / 45.37MB 1.1s
#5 sha256:fa8559aa5ebb59d52475c0142459015fb9be267e1a497d8664f3fc8a35445173 10.75MB / 10.75MB 0.9s done
#5 sha256:e1dc6725529d1d5ae67097d74db110cdfe3b60173dd4d9914c825ca6358ef8b5 0B / 50.11MB 1.1s
#5 sha256:0400ac8f7460260a663e0e97c24d7dfd8a2c947736f0351752b45c53e26d6e02 44.04MB / 45.37MB 1.2s
#5 sha256:da32bfbbc3bad880f731e2f37903c9e359e180a5e74a703293a9441260cf3551 4.34MB / 4.34MB 1.1s done
#5 sha256:e1dc6725529d1d5ae67097d74db110cdfe3b60173dd4d9914c825ca6358ef8b5 6.29MB / 50.11MB 1.3s
#5 sha256:572866ab72a68759e23b071fbbdce6341137c9606936b4fff9846f74997bbaac 0B / 214.25MB 1.3s
#5 sha256:e1dc6725529d1d5ae67097d74db110cdfe3b60173dd4d9914c825ca6358ef8b5 12.58MB / 50.11MB 1.4s
#5 sha256:e1dc6725529d1d5ae67097d74db110cdfe3b60173dd4d9914c825ca6358ef8b5 22.02MB / 50.11MB 1.6s
#5 sha256:e1dc6725529d1d5ae67097d74db110cdfe3b60173dd4d9914c825ca6358ef8b5 26.21MB / 50.11MB 1.7s
#5 sha256:572866ab72a68759e23b071fbbdce6341137c9606936b4fff9846f74997bbaac 13.63MB / 214.25MB 1.7s
#5 sha256:e1dc6725529d1d5ae67097d74db110cdfe3b60173dd4d9914c825ca6358ef8b5 33.55MB / 50.11MB 1.9s
#5 sha256:e1dc6725529d1d5ae67097d74db110cdfe3b60173dd4d9914c825ca6358ef8b5 36.70MB / 50.11MB 2.0s
#5 sha256:0400ac8f7460260a663e0e97c24d7dfd8a2c947736f0351752b45c53e26d6e02 45.37MB / 45.37MB 2.0s done
#5 sha256:e1dc6725529d1d5ae67097d74db110cdfe3b60173dd4d9914c825ca6358ef8b5 41.94MB / 50.11MB 2.2s
#5 sha256:572866ab72a68759e23b071fbbdce6341137c9606936b4fff9846f74997bbaac 28.31MB / 214.25MB 2.2s
#5 sha256:7de158c945f338f6c80480df6fafb5afec5258bb5b961599c90348d008a466a9 0B / 143.49MB 2.2s
#5 sha256:e1dc6725529d1d5ae67097d74db110cdfe3b60173dd4d9914c825ca6358ef8b5 45.09MB / 50.11MB 2.4s
#5 extracting sha256:0400ac8f7460260a663e0e97c24d7dfd8a2c947736f0351752b45c53e26d6e02
#5 sha256:7de158c945f338f6c80480df6fafb5afec5258bb5b961599c90348d008a466a9 7.34MB / 143.49MB 2.7s
#5 sha256:e1dc6725529d1d5ae67097d74db110cdfe3b60173dd4d9914c825ca6358ef8b5 48.23MB / 50.11MB 2.8s
#5 sha256:7de158c945f338f6c80480df6fafb5afec5258bb5b961599c90348d008a466a9 14.68MB / 143.49MB 3.4s
#5 sha256:e1dc6725529d1d5ae67097d74db110cdfe3b60173dd4d9914c825ca6358ef8b5 50.11MB / 50.11MB 4.0s done
#5 sha256:a84fc0f3844390195b53b046708eb1ec3279a2d41b04b88109e4fcf7418bee01 0B / 199.22kB 4.1s
#5 sha256:a84fc0f3844390195b53b046708eb1ec3279a2d41b04b88109e4fcf7418bee01 199.22kB / 199.22kB 4.3s
#5 sha256:a84fc0f3844390195b53b046708eb1ec3279a2d41b04b88109e4fcf7418bee01 199.22kB / 199.22kB 4.3s done
#5 sha256:8b5b8225a4174e9f5cc64c767828ec1d1d8fc38b7362e6c5ecc72a74c4cea7e8 0B / 959.43kB 4.5s
#5 sha256:8b5b8225a4174e9f5cc64c767828ec1d1d8fc38b7362e6c5ecc72a74c4cea7e8 959.43kB / 959.43kB 5.1s
#5 sha256:8b5b8225a4174e9f5cc64c767828ec1d1d8fc38b7362e6c5ecc72a74c4cea7e8 959.43kB / 959.43kB 5.2s done
#5 sha256:0f40879e235c3b834191a0120f240480b7ab556a480f1b5d2f967423bf08f711 0B / 4.06MB 5.4s
#5 sha256:572866ab72a68759e23b071fbbdce6341137c9606936b4fff9846f74997bbaac 39.85MB / 214.25MB 6.1s
#5 sha256:0f40879e235c3b834191a0120f240480b7ab556a480f1b5d2f967423bf08f711 1.05MB / 4.06MB 6.3s
#5 sha256:0f40879e235c3b834191a0120f240480b7ab556a480f1b5d2f967423bf08f711 2.10MB / 4.06MB 6.8s
#5 extracting sha256:0400ac8f7460260a663e0e97c24d7dfd8a2c947736f0351752b45c53e26d6e02 5.0s
#5 sha256:7de158c945f338f6c80480df6fafb5afec5258bb5b961599c90348d008a466a9 22.02MB / 143.49MB 7.5s
#5 sha256:0f40879e235c3b834191a0120f240480b7ab556a480f1b5d2f967423bf08f711 3.15MB / 4.06MB 7.5s
#5 sha256:0f40879e235c3b834191a0120f240480b7ab556a480f1b5d2f967423bf08f711 4.06MB / 4.06MB 7.6s
#5 sha256:0f40879e235c3b834191a0120f240480b7ab556a480f1b5d2f967423bf08f711 4.06MB / 4.06MB 7.7s done
#5 sha256:7de158c945f338f6c80480df6fafb5afec5258bb5b961599c90348d008a466a9 31.46MB / 143.49MB 8.1s
#5 sha256:572866ab72a68759e23b071fbbdce6341137c9606936b4fff9846f74997bbaac 52.02MB / 214.25MB 8.2s
#5 sha256:572866ab72a68759e23b071fbbdce6341137c9606936b4fff9846f74997bbaac 62.91MB / 214.25MB 8.5s
#5 sha256:7de158c945f338f6c80480df6fafb5afec5258bb5b961599c90348d008a466a9 38.80MB / 143.49MB 8.5s
#5 sha256:572866ab72a68759e23b071fbbdce6341137c9606936b4fff9846f74997bbaac 77.59MB / 214.25MB 8.8s
#5 sha256:7de158c945f338f6c80480df6fafb5afec5258bb5b961599c90348d008a466a9 49.28MB / 143.49MB 8.9s
#5 sha256:572866ab72a68759e23b071fbbdce6341137c9606936b4fff9846f74997bbaac 95.42MB / 214.25MB 9.1s
#5 sha256:572866ab72a68759e23b071fbbdce6341137c9606936b4fff9846f74997bbaac 111.15MB / 214.25MB 9.4s
#5 sha256:7de158c945f338f6c80480df6fafb5afec5258bb5b961599c90348d008a466a9 59.77MB / 143.49MB 9.4s
#5 extracting sha256:0400ac8f7460260a663e0e97c24d7dfd8a2c947736f0351752b45c53e26d6e02 7.2s done
#5 sha256:572866ab72a68759e23b071fbbdce6341137c9606936b4fff9846f74997bbaac 122.68MB / 214.25MB 9.6s
#5 sha256:572866ab72a68759e23b071fbbdce6341137c9606936b4fff9846f74997bbaac 140.51MB / 214.25MB 9.9s
#5 sha256:7de158c945f338f6c80480df6fafb5afec5258bb5b961599c90348d008a466a9 70.25MB / 143.49MB 9.9s
#5 sha256:572866ab72a68759e23b071fbbdce6341137c9606936b4fff9846f74997bbaac 152.04MB / 214.25MB 10.1s
#5 extracting sha256:fa8559aa5ebb59d52475c0142459015fb9be267e1a497d8664f3fc8a35445173
#5 sha256:572866ab72a68759e23b071fbbdce6341137c9606936b4fff9846f74997bbaac 166.72MB / 214.25MB 10.4s
#5 sha256:7de158c945f338f6c80480df6fafb5afec5258bb5b961599c90348d008a466a9 81.79MB / 143.49MB 10.4s
#5 sha256:572866ab72a68759e23b071fbbdce6341137c9606936b4fff9846f74997bbaac 183.50MB / 214.25MB 10.7s
#5 sha256:7de158c945f338f6c80480df6fafb5afec5258bb5b961599c90348d008a466a9 89.13MB / 143.49MB 10.8s
#5 sha256:572866ab72a68759e23b071fbbdce6341137c9606936b4fff9846f74997bbaac 196.08MB / 214.25MB 11.1s
#5 sha256:7de158c945f338f6c80480df6fafb5afec5258bb5b961599c90348d008a466a9 96.47MB / 143.49MB 11.3s
#5 sha256:572866ab72a68759e23b071fbbdce6341137c9606936b4fff9846f74997bbaac 214.25MB / 214.25MB 11.5s
#5 sha256:7de158c945f338f6c80480df6fafb5afec5258bb5b961599c90348d008a466a9 105.91MB / 143.49MB 11.6s
#5 extracting sha256:fa8559aa5ebb59d52475c0142459015fb9be267e1a497d8664f3fc8a35445173 1.5s done
#5 sha256:7de158c945f338f6c80480df6fafb5afec5258bb5b961599c90348d008a466a9 123.73MB / 143.49MB 12.2s
#5 sha256:7de158c945f338f6c80480df6fafb5afec5258bb5b961599c90348d008a466a9 131.07MB / 143.49MB 12.5s
#5 sha256:7de158c945f338f6c80480df6fafb5afec5258bb5b961599c90348d008a466a9 143.49MB / 143.49MB 13.0s
#5 sha256:572866ab72a68759e23b071fbbdce6341137c9606936b4fff9846f74997bbaac 214.25MB / 214.25MB 14.6s done
#5 sha256:7de158c945f338f6c80480df6fafb5afec5258bb5b961599c90348d008a466a9 143.49MB / 143.49MB 16.9s done
#5 extracting sha256:da32bfbbc3bad880f731e2f37903c9e359e180a5e74a703293a9441260cf3551
#5 extracting sha256:da32bfbbc3bad880f731e2f37903c9e359e180a5e74a703293a9441260cf3551 0.8s done
#5 extracting sha256:e1dc6725529d1d5ae67097d74db110cdfe3b60173dd4d9914c825ca6358ef8b5
#5 extracting sha256:e1dc6725529d1d5ae67097d74db110cdfe3b60173dd4d9914c825ca6358ef8b5 5.1s
#5 extracting sha256:e1dc6725529d1d5ae67097d74db110cdfe3b60173dd4d9914c825ca6358ef8b5 10.3s
#5 extracting sha256:e1dc6725529d1d5ae67097d74db110cdfe3b60173dd4d9914c825ca6358ef8b5 10.9s done
#5 extracting sha256:572866ab72a68759e23b071fbbdce6341137c9606936b4fff9846f74997bbaac
#5 extracting sha256:572866ab72a68759e23b071fbbdce6341137c9606936b4fff9846f74997bbaac 5.0s
#5 extracting sha256:572866ab72a68759e23b071fbbdce6341137c9606936b4fff9846f74997bbaac 10.0s
#5 extracting sha256:572866ab72a68759e23b071fbbdce6341137c9606936b4fff9846f74997bbaac 15.1s
#5 extracting sha256:572866ab72a68759e23b071fbbdce6341137c9606936b4fff9846f74997bbaac 20.6s
#5 extracting sha256:572866ab72a68759e23b071fbbdce6341137c9606936b4fff9846f74997bbaac 25.6s
#5 extracting sha256:572866ab72a68759e23b071fbbdce6341137c9606936b4fff9846f74997bbaac 30.7s
#5 extracting sha256:572866ab72a68759e23b071fbbdce6341137c9606936b4fff9846f74997bbaac 33.3s done
#5 extracting sha256:7de158c945f338f6c80480df6fafb5afec5258bb5b961599c90348d008a466a9
#5 extracting sha256:7de158c945f338f6c80480df6fafb5afec5258bb5b961599c90348d008a466a9 5.1s
#5 extracting sha256:7de158c945f338f6c80480df6fafb5afec5258bb5b961599c90348d008a466a9 10.2s
#5 extracting sha256:7de158c945f338f6c80480df6fafb5afec5258bb5b961599c90348d008a466a9 14.9s done
#5 extracting sha256:a84fc0f3844390195b53b046708eb1ec3279a2d41b04b88109e4fcf7418bee01
#5 extracting sha256:a84fc0f3844390195b53b046708eb1ec3279a2d41b04b88109e4fcf7418bee01 0.3s done
#5 extracting sha256:8b5b8225a4174e9f5cc64c767828ec1d1d8fc38b7362e6c5ecc72a74c4cea7e8
#5 extracting sha256:8b5b8225a4174e9f5cc64c767828ec1d1d8fc38b7362e6c5ecc72a74c4cea7e8 0.4s done
#5 extracting sha256:0f40879e235c3b834191a0120f240480b7ab556a480f1b5d2f967423bf08f711 0.1s
#5 extracting sha256:0f40879e235c3b834191a0120f240480b7ab556a480f1b5d2f967423bf08f711 0.6s done
#5 DONE 93.0s

#6 [ 2/12] RUN mix local.hex --force
#6 24.72 * creating root/.mix/archives/hex-1.0.1
#6 DONE 25.3s

#7 [ 3/12] RUN mix local.rebar --force
#7 11.17 * creating root/.mix/rebar
#7 11.53 * creating root/.mix/rebar3
#7 DONE 12.1s

#8 [ 4/12] RUN mix archive.install hex phx_new 1.4.0 --force
#8 15.29 Resolving Hex dependencies...
#8 15.33 Dependency resolution completed:
#8 15.33 New:
#8 15.33   phx_new 1.4.0
#8 15.38 * Getting phx_new (Hex package)
#8 20.24 ** (Mix) You're trying to run :phx_new on Elixir v1.4.5 but it has declared in its mix.exs file it supports only Elixir ~> 1.5
#8 ERROR: process "/bin/sh -c mix archive.install hex phx_new 1.4.0 --force" did not complete successfully: exit code: 1
------
 > [ 4/12] RUN mix archive.install hex phx_new 1.4.0 --force:
15.29 Resolving Hex dependencies...
15.33 Dependency resolution completed:
15.33 New:
15.33   phx_new 1.4.0
15.38 * Getting phx_new (Hex package)
20.24 ** (Mix) You're trying to run :phx_new on Elixir v1.4.5 but it has declared in its mix.exs file it supports only Elixir ~> 1.5
------
v1_Dockerfile:12
--------------------
  10 |     
  11 |     # Install the Phoenix framework itself
  12 | >>> RUN mix archive.install hex phx_new 1.4.0 --force
  13 |     
  14 |     # Install NodeJS 6.x and the NPM
--------------------
ERROR: failed to solve: process "/bin/sh -c mix archive.install hex phx_new 1.4.0 --force" did not complete successfully: exit code: 1
Duration: 2:33.60