#0 building with "default" instance using docker driver

#1 [internal] load .dockerignore
#1 transferring context:
#1 transferring context: 2B done
#1 DONE 0.4s

#2 [internal] load build definition from v1_Dockerfile
#2 transferring dockerfile: 403B done
#2 DONE 0.3s

#3 [auth] library/ruby:pull token for registry-1.docker.io
#3 DONE 0.0s

#4 [internal] load metadata for docker.io/library/ruby:2.6.1
#4 DONE 0.9s

#5 [internal] load build context
#5 DONE 0.0s

#6 [1/5] FROM docker.io/library/ruby:2.6.1@sha256:bf8a5574e5724cea0f545a4027c54a97f0bd768a0e96f4bfb14a718234fa4d0f
#6 resolve docker.io/library/ruby:2.6.1@sha256:bf8a5574e5724cea0f545a4027c54a97f0bd768a0e96f4bfb14a718234fa4d0f
#6 resolve docker.io/library/ruby:2.6.1@sha256:bf8a5574e5724cea0f545a4027c54a97f0bd768a0e96f4bfb14a718234fa4d0f 0.2s done
#6 sha256:bf8a5574e5724cea0f545a4027c54a97f0bd768a0e96f4bfb14a718234fa4d0f 2.37kB / 2.37kB done
#6 sha256:da32b8851e504a3a2e962998f1155c9b3452cb7c81041b56b179382a33e3bfd3 2.00kB / 2.00kB done
#6 sha256:99ef552a6db814ae87e30a26773babe1887631e6aff56fc743c2861718e70edf 7.49kB / 7.49kB done
#6 sha256:22dbe790f71562dfd3d49406b1dfd1e85e50f3dd7cb2e97b3918376ca39cae4e 0B / 45.34MB 0.2s
#6 ...

#5 [internal] load build context
#5 transferring context: 3.78kB done
#5 DONE 0.4s

#6 [1/5] FROM docker.io/library/ruby:2.6.1@sha256:bf8a5574e5724cea0f545a4027c54a97f0bd768a0e96f4bfb14a718234fa4d0f
#6 sha256:0250231711a047a6e54e7107d7a3bfb0afd807f5f408d00be0d407c5b8395219 0B / 10.78MB 0.3s
#6 sha256:6fba9447437b5ee1da9b33b2e2d18add55a33d0b763075202e17cad7efd3ff8f 0B / 4.34MB 0.4s
#6 sha256:0250231711a047a6e54e7107d7a3bfb0afd807f5f408d00be0d407c5b8395219 5.24MB / 10.78MB 0.5s
#6 sha256:22dbe790f71562dfd3d49406b1dfd1e85e50f3dd7cb2e97b3918376ca39cae4e 3.15MB / 45.34MB 0.6s
#6 sha256:0250231711a047a6e54e7107d7a3bfb0afd807f5f408d00be0d407c5b8395219 10.78MB / 10.78MB 0.6s
#6 sha256:6fba9447437b5ee1da9b33b2e2d18add55a33d0b763075202e17cad7efd3ff8f 4.19MB / 4.34MB 0.6s
#6 sha256:22dbe790f71562dfd3d49406b1dfd1e85e50f3dd7cb2e97b3918376ca39cae4e 13.88MB / 45.34MB 0.8s
#6 sha256:22dbe790f71562dfd3d49406b1dfd1e85e50f3dd7cb2e97b3918376ca39cae4e 26.21MB / 45.34MB 1.0s
#6 sha256:0250231711a047a6e54e7107d7a3bfb0afd807f5f408d00be0d407c5b8395219 10.78MB / 10.78MB 0.8s done
#6 sha256:6fba9447437b5ee1da9b33b2e2d18add55a33d0b763075202e17cad7efd3ff8f 4.34MB / 4.34MB 0.9s done
#6 sha256:c2b4d327b352258a8208acc249d97d70cac3c5cda0cea4a08de4de3cb406d8e5 0B / 50.07MB 1.0s
#6 sha256:22dbe790f71562dfd3d49406b1dfd1e85e50f3dd7cb2e97b3918376ca39cae4e 31.46MB / 45.34MB 1.1s
#6 sha256:c2b4d327b352258a8208acc249d97d70cac3c5cda0cea4a08de4de3cb406d8e5 5.24MB / 50.07MB 1.1s
#6 sha256:270e1baa52991965b3f6894a941b703500d5cc07550f9fcbd9b2fc0d86103389 0B / 215.05MB 1.1s
#6 sha256:22dbe790f71562dfd3d49406b1dfd1e85e50f3dd7cb2e97b3918376ca39cae4e 38.80MB / 45.34MB 1.2s
#6 sha256:22dbe790f71562dfd3d49406b1dfd1e85e50f3dd7cb2e97b3918376ca39cae4e 44.04MB / 45.34MB 1.3s
#6 sha256:c2b4d327b352258a8208acc249d97d70cac3c5cda0cea4a08de4de3cb406d8e5 8.39MB / 50.07MB 1.3s
#6 sha256:270e1baa52991965b3f6894a941b703500d5cc07550f9fcbd9b2fc0d86103389 11.53MB / 215.05MB 1.4s
#6 sha256:c2b4d327b352258a8208acc249d97d70cac3c5cda0cea4a08de4de3cb406d8e5 14.68MB / 50.07MB 1.6s
#6 sha256:270e1baa52991965b3f6894a941b703500d5cc07550f9fcbd9b2fc0d86103389 23.07MB / 215.05MB 1.6s
#6 sha256:c2b4d327b352258a8208acc249d97d70cac3c5cda0cea4a08de4de3cb406d8e5 24.12MB / 50.07MB 1.9s
#6 sha256:270e1baa52991965b3f6894a941b703500d5cc07550f9fcbd9b2fc0d86103389 40.27MB / 215.05MB 1.9s
#6 sha256:22dbe790f71562dfd3d49406b1dfd1e85e50f3dd7cb2e97b3918376ca39cae4e 45.34MB / 45.34MB 2.0s done
#6 sha256:c2b4d327b352258a8208acc249d97d70cac3c5cda0cea4a08de4de3cb406d8e5 28.31MB / 50.07MB 2.1s
#6 sha256:270e1baa52991965b3f6894a941b703500d5cc07550f9fcbd9b2fc0d86103389 53.48MB / 215.05MB 2.1s
#6 sha256:01cbe6152974ee19f2ce3f0226420b805bdf0038b0b1339a4bfc979577e5582a 0B / 205B 2.2s
#6 sha256:c2b4d327b352258a8208acc249d97d70cac3c5cda0cea4a08de4de3cb406d8e5 31.46MB / 50.07MB 2.3s
#6 sha256:270e1baa52991965b3f6894a941b703500d5cc07550f9fcbd9b2fc0d86103389 65.01MB / 215.05MB 2.3s
#6 sha256:01cbe6152974ee19f2ce3f0226420b805bdf0038b0b1339a4bfc979577e5582a 205B / 205B 2.3s
#6 extracting sha256:22dbe790f71562dfd3d49406b1dfd1e85e50f3dd7cb2e97b3918376ca39cae4e
#6 sha256:c2b4d327b352258a8208acc249d97d70cac3c5cda0cea4a08de4de3cb406d8e5 36.70MB / 50.07MB 2.4s
#6 sha256:01cbe6152974ee19f2ce3f0226420b805bdf0038b0b1339a4bfc979577e5582a 205B / 205B 2.3s done
#6 sha256:171304b3c85e90883c1eb1e4ed6c436cee9711a9c9ea236cf5bf98f42bffa73c 0B / 21.98MB 2.4s
#6 sha256:270e1baa52991965b3f6894a941b703500d5cc07550f9fcbd9b2fc0d86103389 83.89MB / 215.05MB 2.6s
#6 sha256:171304b3c85e90883c1eb1e4ed6c436cee9711a9c9ea236cf5bf98f42bffa73c 4.19MB / 21.98MB 2.6s
#6 sha256:c2b4d327b352258a8208acc249d97d70cac3c5cda0cea4a08de4de3cb406d8e5 39.85MB / 50.07MB 2.7s
#6 sha256:171304b3c85e90883c1eb1e4ed6c436cee9711a9c9ea236cf5bf98f42bffa73c 7.34MB / 21.98MB 2.7s
#6 sha256:171304b3c85e90883c1eb1e4ed6c436cee9711a9c9ea236cf5bf98f42bffa73c 11.53MB / 21.98MB 2.8s
#6 sha256:c2b4d327b352258a8208acc249d97d70cac3c5cda0cea4a08de4de3cb406d8e5 46.14MB / 50.07MB 2.9s
#6 sha256:270e1baa52991965b3f6894a941b703500d5cc07550f9fcbd9b2fc0d86103389 98.57MB / 215.05MB 2.9s
#6 sha256:171304b3c85e90883c1eb1e4ed6c436cee9711a9c9ea236cf5bf98f42bffa73c 16.78MB / 21.98MB 2.9s
#6 sha256:c2b4d327b352258a8208acc249d97d70cac3c5cda0cea4a08de4de3cb406d8e5 49.28MB / 50.07MB 3.1s
#6 sha256:171304b3c85e90883c1eb1e4ed6c436cee9711a9c9ea236cf5bf98f42bffa73c 21.98MB / 21.98MB 3.1s
#6 sha256:270e1baa52991965b3f6894a941b703500d5cc07550f9fcbd9b2fc0d86103389 113.25MB / 215.05MB 3.2s
#6 sha256:171304b3c85e90883c1eb1e4ed6c436cee9711a9c9ea236cf5bf98f42bffa73c 21.98MB / 21.98MB 3.3s done
#6 sha256:270e1baa52991965b3f6894a941b703500d5cc07550f9fcbd9b2fc0d86103389 128.59MB / 215.05MB 3.5s
#6 sha256:270e1baa52991965b3f6894a941b703500d5cc07550f9fcbd9b2fc0d86103389 139.46MB / 215.05MB 3.7s
#6 sha256:270e1baa52991965b3f6894a941b703500d5cc07550f9fcbd9b2fc0d86103389 150.99MB / 215.05MB 3.9s
#6 sha256:270e1baa52991965b3f6894a941b703500d5cc07550f9fcbd9b2fc0d86103389 162.53MB / 215.05MB 4.1s
#6 sha256:c2b4d327b352258a8208acc249d97d70cac3c5cda0cea4a08de4de3cb406d8e5 50.07MB / 50.07MB 4.1s done
#6 sha256:270e1baa52991965b3f6894a941b703500d5cc07550f9fcbd9b2fc0d86103389 175.11MB / 215.05MB 4.3s
#6 sha256:39d24672b947ef35d0adc34ea22fc9c143628ecfe75bd73ca2f2181f0774bc31 0B / 148B 4.3s
#6 sha256:270e1baa52991965b3f6894a941b703500d5cc07550f9fcbd9b2fc0d86103389 187.70MB / 215.05MB 4.5s
#6 sha256:39d24672b947ef35d0adc34ea22fc9c143628ecfe75bd73ca2f2181f0774bc31 148B / 148B 4.3s done
#6 sha256:270e1baa52991965b3f6894a941b703500d5cc07550f9fcbd9b2fc0d86103389 201.33MB / 215.05MB 4.7s
#6 sha256:270e1baa52991965b3f6894a941b703500d5cc07550f9fcbd9b2fc0d86103389 213.91MB / 215.05MB 4.9s
#6 extracting sha256:22dbe790f71562dfd3d49406b1dfd1e85e50f3dd7cb2e97b3918376ca39cae4e 5.2s
#6 sha256:270e1baa52991965b3f6894a941b703500d5cc07550f9fcbd9b2fc0d86103389 215.05MB / 215.05MB 8.2s done
#6 extracting sha256:22dbe790f71562dfd3d49406b1dfd1e85e50f3dd7cb2e97b3918376ca39cae4e 7.0s done
#6 extracting sha256:0250231711a047a6e54e7107d7a3bfb0afd807f5f408d00be0d407c5b8395219 0.1s
#6 extracting sha256:0250231711a047a6e54e7107d7a3bfb0afd807f5f408d00be0d407c5b8395219 1.3s done
#6 extracting sha256:6fba9447437b5ee1da9b33b2e2d18add55a33d0b763075202e17cad7efd3ff8f
#6 extracting sha256:6fba9447437b5ee1da9b33b2e2d18add55a33d0b763075202e17cad7efd3ff8f 0.8s done
#6 extracting sha256:c2b4d327b352258a8208acc249d97d70cac3c5cda0cea4a08de4de3cb406d8e5
#6 extracting sha256:c2b4d327b352258a8208acc249d97d70cac3c5cda0cea4a08de4de3cb406d8e5 5.1s
#6 extracting sha256:c2b4d327b352258a8208acc249d97d70cac3c5cda0cea4a08de4de3cb406d8e5 10.4s
#6 extracting sha256:c2b4d327b352258a8208acc249d97d70cac3c5cda0cea4a08de4de3cb406d8e5 10.5s done
#6 extracting sha256:270e1baa52991965b3f6894a941b703500d5cc07550f9fcbd9b2fc0d86103389
#6 extracting sha256:270e1baa52991965b3f6894a941b703500d5cc07550f9fcbd9b2fc0d86103389 5.0s
#6 extracting sha256:270e1baa52991965b3f6894a941b703500d5cc07550f9fcbd9b2fc0d86103389 10.1s
#6 extracting sha256:270e1baa52991965b3f6894a941b703500d5cc07550f9fcbd9b2fc0d86103389 15.2s
#6 extracting sha256:270e1baa52991965b3f6894a941b703500d5cc07550f9fcbd9b2fc0d86103389 20.3s
#6 extracting sha256:270e1baa52991965b3f6894a941b703500d5cc07550f9fcbd9b2fc0d86103389 25.3s
#6 extracting sha256:270e1baa52991965b3f6894a941b703500d5cc07550f9fcbd9b2fc0d86103389 30.4s
#6 extracting sha256:270e1baa52991965b3f6894a941b703500d5cc07550f9fcbd9b2fc0d86103389 31.0s done
#6 extracting sha256:01cbe6152974ee19f2ce3f0226420b805bdf0038b0b1339a4bfc979577e5582a
#6 extracting sha256:01cbe6152974ee19f2ce3f0226420b805bdf0038b0b1339a4bfc979577e5582a done
#6 extracting sha256:171304b3c85e90883c1eb1e4ed6c436cee9711a9c9ea236cf5bf98f42bffa73c
#6 extracting sha256:171304b3c85e90883c1eb1e4ed6c436cee9711a9c9ea236cf5bf98f42bffa73c 2.7s done
#6 extracting sha256:39d24672b947ef35d0adc34ea22fc9c143628ecfe75bd73ca2f2181f0774bc31
#6 extracting sha256:39d24672b947ef35d0adc34ea22fc9c143628ecfe75bd73ca2f2181f0774bc31 done
#6 DONE 68.0s

#7 [2/5] RUN apt-get update && apt-get install -y curl &&     curl -sL https://deb.nodesource.com/setup_14.x | bash - &&     apt-get install -y nodejs
#7 1.649 Ign:1 http://deb.debian.org/debian stretch InRelease
#7 1.650 Ign:2 http://security.debian.org/debian-security stretch/updates InRelease
#7 1.664 Ign:3 http://security.debian.org/debian-security stretch/updates Release
#7 1.665 Ign:4 http://deb.debian.org/debian stretch-updates InRelease
#7 1.678 Ign:5 http://deb.debian.org/debian stretch Release
#7 1.679 Ign:6 http://security.debian.org/debian-security stretch/updates/main amd64 Packages
#7 1.691 Ign:7 http://security.debian.org/debian-security stretch/updates/main all Packages
#7 1.697 Ign:8 http://deb.debian.org/debian stretch-updates Release
#7 1.701 Ign:6 http://security.debian.org/debian-security stretch/updates/main amd64 Packages
#7 1.714 Ign:9 http://deb.debian.org/debian stretch/main all Packages
#7 1.722 Ign:7 http://security.debian.org/debian-security stretch/updates/main all Packages
#7 1.733 Ign:10 http://deb.debian.org/debian stretch/main amd64 Packages
#7 1.733 Ign:6 http://security.debian.org/debian-security stretch/updates/main amd64 Packages
#7 1.736 Ign:11 http://deb.debian.org/debian stretch-updates/main amd64 Packages
#7 1.747 Ign:12 http://deb.debian.org/debian stretch-updates/main all Packages
#7 1.769 Ign:9 http://deb.debian.org/debian stretch/main all Packages
#7 1.769 Ign:7 http://security.debian.org/debian-security stretch/updates/main all Packages
#7 1.773 Ign:10 http://deb.debian.org/debian stretch/main amd64 Packages
#7 1.789 Ign:6 http://security.debian.org/debian-security stretch/updates/main amd64 Packages
#7 1.790 Ign:11 http://deb.debian.org/debian stretch-updates/main amd64 Packages
#7 1.802 Ign:12 http://deb.debian.org/debian stretch-updates/main all Packages
#7 1.806 Ign:7 http://security.debian.org/debian-security stretch/updates/main all Packages
#7 1.820 Ign:6 http://security.debian.org/debian-security stretch/updates/main amd64 Packages
#7 1.821 Ign:9 http://deb.debian.org/debian stretch/main all Packages
#7 1.834 Ign:7 http://security.debian.org/debian-security stretch/updates/main all Packages
#7 1.837 Ign:10 http://deb.debian.org/debian stretch/main amd64 Packages
#7 1.845 Err:6 http://security.debian.org/debian-security stretch/updates/main amd64 Packages
#7 1.845   404  Not Found
#7 1.857 Ign:11 http://deb.debian.org/debian stretch-updates/main amd64 Packages
#7 1.858 Ign:7 http://security.debian.org/debian-security stretch/updates/main all Packages
#7 1.873 Ign:12 http://deb.debian.org/debian stretch-updates/main all Packages
#7 1.885 Ign:9 http://deb.debian.org/debian stretch/main all Packages
#7 1.898 Ign:10 http://deb.debian.org/debian stretch/main amd64 Packages
#7 1.910 Ign:11 http://deb.debian.org/debian stretch-updates/main amd64 Packages
#7 1.922 Ign:12 http://deb.debian.org/debian stretch-updates/main all Packages
#7 1.935 Ign:9 http://deb.debian.org/debian stretch/main all Packages
#7 1.945 Ign:10 http://deb.debian.org/debian stretch/main amd64 Packages
#7 1.966 Ign:11 http://deb.debian.org/debian stretch-updates/main amd64 Packages
#7 1.982 Ign:12 http://deb.debian.org/debian stretch-updates/main all Packages
#7 1.999 Ign:9 http://deb.debian.org/debian stretch/main all Packages
#7 2.025 Err:10 http://deb.debian.org/debian stretch/main amd64 Packages
#7 2.025   404  Not Found
#7 2.036 Err:11 http://deb.debian.org/debian stretch-updates/main amd64 Packages
#7 2.036   404  Not Found
#7 2.053 Ign:12 http://deb.debian.org/debian stretch-updates/main all Packages
#7 2.089 Reading package lists...
#7 2.174 W: The repository 'http://security.debian.org/debian-security stretch/updates Release' does not have a Release file.
#7 2.174 W: The repository 'http://deb.debian.org/debian stretch Release' does not have a Release file.
#7 2.174 W: The repository 'http://deb.debian.org/debian stretch-updates Release' does not have a Release file.
#7 2.174 E: Failed to fetch http://security.debian.org/debian-security/dists/stretch/updates/main/binary-amd64/Packages  404  Not Found
#7 2.174 E: Failed to fetch http://deb.debian.org/debian/dists/stretch/main/binary-amd64/Packages  404  Not Found
#7 2.174 E: Failed to fetch http://deb.debian.org/debian/dists/stretch-updates/main/binary-amd64/Packages  404  Not Found
#7 2.174 E: Some index files failed to download. They have been ignored, or old ones used instead.
#7 ERROR: process "/bin/sh -c apt-get update && apt-get install -y curl &&     curl -sL https://deb.nodesource.com/setup_14.x | bash - &&     apt-get install -y nodejs" did not complete successfully: exit code: 100
------
 > [2/5] RUN apt-get update && apt-get install -y curl &&     curl -sL https://deb.nodesource.com/setup_14.x | bash - &&     apt-get install -y nodejs:
2.036   404  Not Found
2.053 Ign:12 http://deb.debian.org/debian stretch-updates/main all Packages
2.089 Reading package lists...
2.174 W: The repository 'http://security.debian.org/debian-security stretch/updates Release' does not have a Release file.
2.174 W: The repository 'http://deb.debian.org/debian stretch Release' does not have a Release file.
2.174 W: The repository 'http://deb.debian.org/debian stretch-updates Release' does not have a Release file.
2.174 E: Failed to fetch http://security.debian.org/debian-security/dists/stretch/updates/main/binary-amd64/Packages  404  Not Found
2.174 E: Failed to fetch http://deb.debian.org/debian/dists/stretch/main/binary-amd64/Packages  404  Not Found
2.174 E: Failed to fetch http://deb.debian.org/debian/dists/stretch-updates/main/binary-amd64/Packages  404  Not Found
2.174 E: Some index files failed to download. They have been ignored, or old ones used instead.
------
v1_Dockerfile:4
--------------------
   3 |     # Install Node.js
   4 | >>> RUN apt-get update && apt-get install -y curl && \
   5 | >>>     curl -sL https://deb.nodesource.com/setup_14.x | bash - && \
   6 | >>>     apt-get install -y nodejs
   7 |     
--------------------
ERROR: failed to solve: process "/bin/sh -c apt-get update && apt-get install -y curl &&     curl -sL https://deb.nodesource.com/setup_14.x | bash - &&     apt-get install -y nodejs" did not complete successfully: exit code: 100
Duration: 1:25.94