#0 building with "default" instance using docker driver

#1 [internal] load build definition from Dockerfile
#1 transferring dockerfile:
#1 transferring dockerfile: 1.06kB done
#1 ...

#2 [internal] load .dockerignore
#2 transferring context: 2B done
#2 DONE 0.6s

#1 [internal] load build definition from Dockerfile
#1 DONE 0.7s

#3 [internal] load metadata for docker.io/library/node:6
#3 ...

#4 [auth] library/node:pull token for registry-1.docker.io
#4 DONE 0.0s

#3 [internal] load metadata for docker.io/library/node:6
#3 DONE 1.6s

#5 [ 1/12] FROM docker.io/library/node:6@sha256:e133e66ec3bfc98da0440e552f452e5cdf6413319d27a2db3b01ac4b319759b3
#5 resolve docker.io/library/node:6@sha256:e133e66ec3bfc98da0440e552f452e5cdf6413319d27a2db3b01ac4b319759b3
#5 resolve docker.io/library/node:6@sha256:e133e66ec3bfc98da0440e552f452e5cdf6413319d27a2db3b01ac4b319759b3 0.4s done
#5 sha256:e133e66ec3bfc98da0440e552f452e5cdf6413319d27a2db3b01ac4b319759b3 2.04kB / 2.04kB done
#5 sha256:92a780ce4191097a1470be20a40a590ac9601e53811c518effeb152ecd41548a 2.01kB / 2.01kB done
#5 sha256:ab290b853066caedc75778bd4839da568ecb2a6b8e27442e0b1ce3c4741f1184 7.34kB / 7.34kB done
#5 sha256:c5e155d5a1d130a7f8a3e24cee0d9e1349bff13f90ec6a941478e558fde53c14 0B / 45.34MB 0.2s
#5 ...

#6 [internal] load build context
#6 transferring context: 10.45MB 0.2s done
#6 DONE 0.7s

#5 [ 1/12] FROM docker.io/library/node:6@sha256:e133e66ec3bfc98da0440e552f452e5cdf6413319d27a2db3b01ac4b319759b3
#5 sha256:c5e155d5a1d130a7f8a3e24cee0d9e1349bff13f90ec6a941478e558fde53c14 10.69MB / 45.34MB 0.4s
#5 sha256:221d80d00ae9675aad24913aacbadfac1ce8b7084f9765a6c0813486082c5c69 2.10MB / 10.78MB 0.4s
#5 sha256:4250b3117dca5e14edc32ebf1366cd54e4cda91f17610b76c504a86917ff8b95 0B / 4.34MB 0.4s
#5 sha256:c5e155d5a1d130a7f8a3e24cee0d9e1349bff13f90ec6a941478e558fde53c14 23.07MB / 45.34MB 0.6s
#5 sha256:221d80d00ae9675aad24913aacbadfac1ce8b7084f9765a6c0813486082c5c69 10.78MB / 10.78MB 0.6s
#5 sha256:4250b3117dca5e14edc32ebf1366cd54e4cda91f17610b76c504a86917ff8b95 2.10MB / 4.34MB 0.6s
#5 sha256:c5e155d5a1d130a7f8a3e24cee0d9e1349bff13f90ec6a941478e558fde53c14 28.31MB / 45.34MB 0.7s
#5 sha256:4250b3117dca5e14edc32ebf1366cd54e4cda91f17610b76c504a86917ff8b95 4.34MB / 4.34MB 0.7s
#5 sha256:c5e155d5a1d130a7f8a3e24cee0d9e1349bff13f90ec6a941478e558fde53c14 45.20MB / 45.34MB 0.9s
#5 sha256:221d80d00ae9675aad24913aacbadfac1ce8b7084f9765a6c0813486082c5c69 10.78MB / 10.78MB 0.8s done
#5 sha256:4250b3117dca5e14edc32ebf1366cd54e4cda91f17610b76c504a86917ff8b95 4.34MB / 4.34MB 0.9s done
#5 sha256:425d7b2a5bcc7e8df5041d66655cd6173c16799afefb1645ca0e0b3fa8a1043d 0B / 215.08MB 1.0s
#5 sha256:3b7ca19181b24b87e24423c01b490633bc1e47d2fcdc1987bf2e37949d6789b5 0B / 50.07MB 1.0s
#5 sha256:425d7b2a5bcc7e8df5041d66655cd6173c16799afefb1645ca0e0b3fa8a1043d 12.58MB / 215.08MB 1.3s
#5 sha256:3b7ca19181b24b87e24423c01b490633bc1e47d2fcdc1987bf2e37949d6789b5 10.49MB / 50.07MB 1.3s
#5 sha256:3b7ca19181b24b87e24423c01b490633bc1e47d2fcdc1987bf2e37949d6789b5 16.78MB / 50.07MB 1.4s
#5 sha256:425d7b2a5bcc7e8df5041d66655cd6173c16799afefb1645ca0e0b3fa8a1043d 25.17MB / 215.08MB 1.6s
#5 sha256:3b7ca19181b24b87e24423c01b490633bc1e47d2fcdc1987bf2e37949d6789b5 31.46MB / 50.07MB 1.6s
#5 sha256:3b7ca19181b24b87e24423c01b490633bc1e47d2fcdc1987bf2e37949d6789b5 37.75MB / 50.07MB 1.7s
#5 sha256:c5e155d5a1d130a7f8a3e24cee0d9e1349bff13f90ec6a941478e558fde53c14 45.34MB / 45.34MB 1.7s done
#5 sha256:3b7ca19181b24b87e24423c01b490633bc1e47d2fcdc1987bf2e37949d6789b5 45.09MB / 50.07MB 1.8s
#5 sha256:69df12c70287cf403446724e92cae1e0aa1c74713e27106525e433037c43a087 0B / 4.16kB 1.8s
#5 extracting sha256:c5e155d5a1d130a7f8a3e24cee0d9e1349bff13f90ec6a941478e558fde53c14
#5 sha256:3b7ca19181b24b87e24423c01b490633bc1e47d2fcdc1987bf2e37949d6789b5 50.07MB / 50.07MB 1.9s
#5 sha256:69df12c70287cf403446724e92cae1e0aa1c74713e27106525e433037c43a087 4.16kB / 4.16kB 1.9s
#5 sha256:425d7b2a5bcc7e8df5041d66655cd6173c16799afefb1645ca0e0b3fa8a1043d 36.70MB / 215.08MB 2.0s
#5 sha256:425d7b2a5bcc7e8df5041d66655cd6173c16799afefb1645ca0e0b3fa8a1043d 50.33MB / 215.08MB 2.3s
#5 sha256:425d7b2a5bcc7e8df5041d66655cd6173c16799afefb1645ca0e0b3fa8a1043d 66.06MB / 215.08MB 2.6s
#5 sha256:3b7ca19181b24b87e24423c01b490633bc1e47d2fcdc1987bf2e37949d6789b5 50.07MB / 50.07MB 2.8s done
#5 sha256:425d7b2a5bcc7e8df5041d66655cd6173c16799afefb1645ca0e0b3fa8a1043d 78.64MB / 215.08MB 3.0s
#5 sha256:69df12c70287cf403446724e92cae1e0aa1c74713e27106525e433037c43a087 4.16kB / 4.16kB 2.8s done
#5 sha256:ea2f5386a42d42ff9729d1cb357ca3741edc32be894150e5024a85655b8523ec 0B / 14.58MB 3.0s
#5 sha256:d421d2b3c5eb9a47f42f42f82356e2f63b493c49c8bbcc0c070ab4a06446a972 0B / 1.32MB 3.0s
#5 sha256:ea2f5386a42d42ff9729d1cb357ca3741edc32be894150e5024a85655b8523ec 4.19MB / 14.58MB 3.1s
#5 sha256:ea2f5386a42d42ff9729d1cb357ca3741edc32be894150e5024a85655b8523ec 9.44MB / 14.58MB 3.2s
#5 sha256:d421d2b3c5eb9a47f42f42f82356e2f63b493c49c8bbcc0c070ab4a06446a972 1.32MB / 1.32MB 3.2s
#5 sha256:425d7b2a5bcc7e8df5041d66655cd6173c16799afefb1645ca0e0b3fa8a1043d 95.42MB / 215.08MB 3.3s
#5 sha256:ea2f5386a42d42ff9729d1cb357ca3741edc32be894150e5024a85655b8523ec 14.58MB / 14.58MB 3.3s
#5 sha256:d421d2b3c5eb9a47f42f42f82356e2f63b493c49c8bbcc0c070ab4a06446a972 1.32MB / 1.32MB 3.2s done
#5 sha256:425d7b2a5bcc7e8df5041d66655cd6173c16799afefb1645ca0e0b3fa8a1043d 108.00MB / 215.08MB 3.5s
#5 sha256:425d7b2a5bcc7e8df5041d66655cd6173c16799afefb1645ca0e0b3fa8a1043d 127.93MB / 215.08MB 3.7s
#5 sha256:ea2f5386a42d42ff9729d1cb357ca3741edc32be894150e5024a85655b8523ec 14.58MB / 14.58MB 3.5s done
#5 sha256:425d7b2a5bcc7e8df5041d66655cd6173c16799afefb1645ca0e0b3fa8a1043d 143.65MB / 215.08MB 3.9s
#5 sha256:425d7b2a5bcc7e8df5041d66655cd6173c16799afefb1645ca0e0b3fa8a1043d 168.82MB / 215.08MB 4.2s
#5 sha256:425d7b2a5bcc7e8df5041d66655cd6173c16799afefb1645ca0e0b3fa8a1043d 192.94MB / 215.08MB 4.5s
#5 extracting sha256:c5e155d5a1d130a7f8a3e24cee0d9e1349bff13f90ec6a941478e558fde53c14 2.6s done
#5 sha256:425d7b2a5bcc7e8df5041d66655cd6173c16799afefb1645ca0e0b3fa8a1043d 207.62MB / 215.08MB 4.7s
#5 extracting sha256:221d80d00ae9675aad24913aacbadfac1ce8b7084f9765a6c0813486082c5c69
#5 extracting sha256:221d80d00ae9675aad24913aacbadfac1ce8b7084f9765a6c0813486082c5c69 0.5s done
#5 sha256:425d7b2a5bcc7e8df5041d66655cd6173c16799afefb1645ca0e0b3fa8a1043d 215.08MB / 215.08MB 8.1s done
#5 extracting sha256:4250b3117dca5e14edc32ebf1366cd54e4cda91f17610b76c504a86917ff8b95 0.1s
#5 extracting sha256:4250b3117dca5e14edc32ebf1366cd54e4cda91f17610b76c504a86917ff8b95 0.3s done
#5 extracting sha256:3b7ca19181b24b87e24423c01b490633bc1e47d2fcdc1987bf2e37949d6789b5
#5 extracting sha256:3b7ca19181b24b87e24423c01b490633bc1e47d2fcdc1987bf2e37949d6789b5 3.2s done
#5 extracting sha256:425d7b2a5bcc7e8df5041d66655cd6173c16799afefb1645ca0e0b3fa8a1043d
#5 extracting sha256:425d7b2a5bcc7e8df5041d66655cd6173c16799afefb1645ca0e0b3fa8a1043d 5.0s
#5 extracting sha256:425d7b2a5bcc7e8df5041d66655cd6173c16799afefb1645ca0e0b3fa8a1043d 10.0s
#5 extracting sha256:425d7b2a5bcc7e8df5041d66655cd6173c16799afefb1645ca0e0b3fa8a1043d 13.9s done
#5 extracting sha256:69df12c70287cf403446724e92cae1e0aa1c74713e27106525e433037c43a087
#5 extracting sha256:69df12c70287cf403446724e92cae1e0aa1c74713e27106525e433037c43a087 0.1s done
#5 extracting sha256:ea2f5386a42d42ff9729d1cb357ca3741edc32be894150e5024a85655b8523ec
#5 extracting sha256:ea2f5386a42d42ff9729d1cb357ca3741edc32be894150e5024a85655b8523ec 1.1s done
#5 extracting sha256:d421d2b3c5eb9a47f42f42f82356e2f63b493c49c8bbcc0c070ab4a06446a972
#5 extracting sha256:d421d2b3c5eb9a47f42f42f82356e2f63b493c49c8bbcc0c070ab4a06446a972 0.2s done
#5 DONE 30.8s

#7 [ 2/12] RUN apt-get update -y && apt-get install -y curl
#7 0.608 Ign:1 http://security.debian.org/debian-security stretch/updates InRelease
#7 0.618 Ign:2 http://security.debian.org/debian-security stretch/updates Release
#7 0.774 Ign:3 http://deb.debian.org/debian stretch InRelease
#7 0.785 Ign:4 http://deb.debian.org/debian stretch-updates InRelease
#7 0.792 Ign:5 http://security.debian.org/debian-security stretch/updates/main amd64 Packages
#7 0.795 Ign:6 http://deb.debian.org/debian stretch Release
#7 0.803 Ign:7 http://security.debian.org/debian-security stretch/updates/main all Packages
#7 0.806 Ign:8 http://deb.debian.org/debian stretch-updates Release
#7 0.964 Ign:9 http://deb.debian.org/debian stretch/main all Packages
#7 0.972 Ign:5 http://security.debian.org/debian-security stretch/updates/main amd64 Packages
#7 0.982 Ign:7 http://security.debian.org/debian-security stretch/updates/main all Packages
#7 1.122 Ign:10 http://deb.debian.org/debian stretch/main amd64 Packages
#7 1.151 Ign:5 http://security.debian.org/debian-security stretch/updates/main amd64 Packages
#7 1.162 Ign:7 http://security.debian.org/debian-security stretch/updates/main all Packages
#7 1.279 Ign:11 http://deb.debian.org/debian stretch-updates/main amd64 Packages
#7 1.334 Ign:5 http://security.debian.org/debian-security stretch/updates/main amd64 Packages
#7 1.345 Ign:7 http://security.debian.org/debian-security stretch/updates/main all Packages
#7 1.437 Ign:12 http://deb.debian.org/debian stretch-updates/main all Packages
#7 1.515 Ign:5 http://security.debian.org/debian-security stretch/updates/main amd64 Packages
#7 1.525 Ign:7 http://security.debian.org/debian-security stretch/updates/main all Packages
#7 1.595 Ign:9 http://deb.debian.org/debian stretch/main all Packages
#7 1.698 Err:5 http://security.debian.org/debian-security stretch/updates/main amd64 Packages
#7 1.698   404  Not Found
#7 1.708 Ign:7 http://security.debian.org/debian-security stretch/updates/main all Packages
#7 1.753 Ign:10 http://deb.debian.org/debian stretch/main amd64 Packages
#7 1.911 Ign:11 http://deb.debian.org/debian stretch-updates/main amd64 Packages
#7 2.069 Ign:12 http://deb.debian.org/debian stretch-updates/main all Packages
#7 2.227 Ign:9 http://deb.debian.org/debian stretch/main all Packages
#7 2.386 Ign:10 http://deb.debian.org/debian stretch/main amd64 Packages
#7 2.544 Ign:11 http://deb.debian.org/debian stretch-updates/main amd64 Packages
#7 2.701 Ign:12 http://deb.debian.org/debian stretch-updates/main all Packages
#7 2.859 Ign:9 http://deb.debian.org/debian stretch/main all Packages
#7 3.017 Ign:10 http://deb.debian.org/debian stretch/main amd64 Packages
#7 3.174 Ign:11 http://deb.debian.org/debian stretch-updates/main amd64 Packages
#7 3.184 Ign:12 http://deb.debian.org/debian stretch-updates/main all Packages
#7 3.194 Ign:9 http://deb.debian.org/debian stretch/main all Packages
#7 3.353 Ign:10 http://deb.debian.org/debian stretch/main amd64 Packages
#7 3.510 Ign:11 http://deb.debian.org/debian stretch-updates/main amd64 Packages
#7 3.521 Ign:12 http://deb.debian.org/debian stretch-updates/main all Packages
#7 3.531 Ign:9 http://deb.debian.org/debian stretch/main all Packages
#7 3.698 Err:10 http://deb.debian.org/debian stretch/main amd64 Packages
#7 3.698   404  Not Found
#7 3.856 Err:11 http://deb.debian.org/debian stretch-updates/main amd64 Packages
#7 3.856   404  Not Found
#7 3.866 Ign:12 http://deb.debian.org/debian stretch-updates/main all Packages
#7 3.870 Reading package lists...
#7 3.884 W: The repository 'http://security.debian.org/debian-security stretch/updates Release' does not have a Release file.
#7 3.884 W: The repository 'http://deb.debian.org/debian stretch Release' does not have a Release file.
#7 3.884 W: The repository 'http://deb.debian.org/debian stretch-updates Release' does not have a Release file.
#7 3.884 E: Failed to fetch http://security.debian.org/debian-security/dists/stretch/updates/main/binary-amd64/Packages  404  Not Found
#7 3.884 E: Failed to fetch http://deb.debian.org/debian/dists/stretch/main/binary-amd64/Packages  404  Not Found
#7 3.884 E: Failed to fetch http://deb.debian.org/debian/dists/stretch-updates/main/binary-amd64/Packages  404  Not Found
#7 3.884 E: Some index files failed to download. They have been ignored, or old ones used instead.
#7 ERROR: process "/bin/sh -c apt-get update -y && apt-get install -y curl" did not complete successfully: exit code: 100
------
 > [ 2/12] RUN apt-get update -y && apt-get install -y curl:
3.856   404  Not Found
3.866 Ign:12 http://deb.debian.org/debian stretch-updates/main all Packages
3.870 Reading package lists...
3.884 W: The repository 'http://security.debian.org/debian-security stretch/updates Release' does not have a Release file.
3.884 W: The repository 'http://deb.debian.org/debian stretch Release' does not have a Release file.
3.884 W: The repository 'http://deb.debian.org/debian stretch-updates Release' does not have a Release file.
3.884 E: Failed to fetch http://security.debian.org/debian-security/dists/stretch/updates/main/binary-amd64/Packages  404  Not Found
3.884 E: Failed to fetch http://deb.debian.org/debian/dists/stretch/main/binary-amd64/Packages  404  Not Found
3.884 E: Failed to fetch http://deb.debian.org/debian/dists/stretch-updates/main/binary-amd64/Packages  404  Not Found
3.884 E: Some index files failed to download. They have been ignored, or old ones used instead.
------
Dockerfile:10
--------------------
   8 |     
   9 |     # s6 overlay
  10 | >>> RUN apt-get update -y && apt-get install -y curl
  11 |     
  12 |     RUN curl -L -s https://github.com/just-containers/s6-overlay/releases/download/v1.18.1.5/s6-overlay-amd64.tar.gz \
--------------------
ERROR: failed to solve: process "/bin/sh -c apt-get update -y && apt-get install -y curl" did not complete successfully: exit code: 100
Duration: 1:2.74