#0 building with "default" instance using docker driver

#1 [internal] load build definition from v1_Dockerfile
#1 transferring dockerfile: 2.85kB done
#1 DONE 0.0s

#2 [internal] load metadata for docker.io/library/php:7.1.22
#2 DONE 0.8s

#3 [internal] load .dockerignore
#3 transferring context: 2B done
#3 DONE 0.0s

#4 [1/6] FROM docker.io/library/php:7.1.22@sha256:65c211bf6160596b612469e0cb983c24b8b198333bdc92d50dc70ee7c138fb91
#4 resolve docker.io/library/php:7.1.22@sha256:65c211bf6160596b612469e0cb983c24b8b198333bdc92d50dc70ee7c138fb91 0.0s done
#4 ...

#5 [internal] load build context
#5 transferring context: 401.44kB 0.0s done
#5 DONE 0.1s

#4 [1/6] FROM docker.io/library/php:7.1.22@sha256:65c211bf6160596b612469e0cb983c24b8b198333bdc92d50dc70ee7c138fb91
#4 sha256:1efa965f8b64c31b3f978d4eef92eff8d657d764f426ef51aa64deca01cb0b52 1.99kB / 1.99kB done
#4 sha256:2a0163830230d419e54314bab158ce870383cbea8a73cdee49a8664eef867a7e 9.24kB / 9.24kB done
#4 sha256:59f5a5a895f85ce514e7f66d3715d42e54b6735957b02a2406d3625dd75a2185 0B / 226B 0.2s
#4 sha256:6898b2dbcfeb5f9532f39c5906364d294c90c4fa0c942068e0ba27bdcd73029b 0B / 67.43MB 0.2s
#4 sha256:65c211bf6160596b612469e0cb983c24b8b198333bdc92d50dc70ee7c138fb91 2.37kB / 2.37kB done
#4 sha256:802b00ed6f79f48e6a5f44ecbcaf43563d6077aaecb565eee1dfc615c0b18c00 4.19MB / 22.49MB 0.2s
#4 sha256:59f5a5a895f85ce514e7f66d3715d42e54b6735957b02a2406d3625dd75a2185 226B / 226B 0.3s done
#4 sha256:802b00ed6f79f48e6a5f44ecbcaf43563d6077aaecb565eee1dfc615c0b18c00 7.34MB / 22.49MB 0.3s
#4 sha256:8e0903aaa47ebca2076b2f4d52c1118efa2fd755741247b509ced1085f5c1a72 0B / 183B 0.3s
#4 sha256:802b00ed6f79f48e6a5f44ecbcaf43563d6077aaecb565eee1dfc615c0b18c00 16.78MB / 22.49MB 0.5s
#4 sha256:8e0903aaa47ebca2076b2f4d52c1118efa2fd755741247b509ced1085f5c1a72 183B / 183B 0.4s done
#4 sha256:ee3cf719252202ffa610d61d1470499362da637a5e97d6a3fbc79bb67122d480 0B / 12.56MB 0.5s
#4 sha256:6898b2dbcfeb5f9532f39c5906364d294c90c4fa0c942068e0ba27bdcd73029b 4.19MB / 67.43MB 0.6s
#4 sha256:802b00ed6f79f48e6a5f44ecbcaf43563d6077aaecb565eee1dfc615c0b18c00 22.49MB / 22.49MB 0.6s
#4 extracting sha256:802b00ed6f79f48e6a5f44ecbcaf43563d6077aaecb565eee1dfc615c0b18c00
#4 sha256:6898b2dbcfeb5f9532f39c5906364d294c90c4fa0c942068e0ba27bdcd73029b 10.49MB / 67.43MB 0.7s
#4 sha256:802b00ed6f79f48e6a5f44ecbcaf43563d6077aaecb565eee1dfc615c0b18c00 22.49MB / 22.49MB 0.7s done
#4 sha256:2f0bdaf1f436d1e46728005832f3602b850eaf5e71d27affce2f999b9e9c949b 0B / 501B 0.7s
#4 sha256:6898b2dbcfeb5f9532f39c5906364d294c90c4fa0c942068e0ba27bdcd73029b 17.37MB / 67.43MB 0.8s
#4 sha256:6898b2dbcfeb5f9532f39c5906364d294c90c4fa0c942068e0ba27bdcd73029b 24.12MB / 67.43MB 0.9s
#4 sha256:ee3cf719252202ffa610d61d1470499362da637a5e97d6a3fbc79bb67122d480 1.05MB / 12.56MB 0.9s
#4 sha256:2f0bdaf1f436d1e46728005832f3602b850eaf5e71d27affce2f999b9e9c949b 501B / 501B 0.9s done
#4 sha256:51dce272488e3593d15b7f6f4c21f81b0cd759850051fea860298bea60dda288 0B / 27.96MB 0.9s
#4 sha256:6898b2dbcfeb5f9532f39c5906364d294c90c4fa0c942068e0ba27bdcd73029b 36.70MB / 67.43MB 1.1s
#4 sha256:ee3cf719252202ffa610d61d1470499362da637a5e97d6a3fbc79bb67122d480 4.19MB / 12.56MB 1.1s
#4 sha256:6898b2dbcfeb5f9532f39c5906364d294c90c4fa0c942068e0ba27bdcd73029b 41.94MB / 67.43MB 1.2s
#4 sha256:ee3cf719252202ffa610d61d1470499362da637a5e97d6a3fbc79bb67122d480 6.29MB / 12.56MB 1.2s
#4 sha256:51dce272488e3593d15b7f6f4c21f81b0cd759850051fea860298bea60dda288 2.10MB / 27.96MB 1.2s
#4 sha256:6898b2dbcfeb5f9532f39c5906364d294c90c4fa0c942068e0ba27bdcd73029b 46.14MB / 67.43MB 1.3s
#4 sha256:ee3cf719252202ffa610d61d1470499362da637a5e97d6a3fbc79bb67122d480 9.44MB / 12.56MB 1.3s
#4 sha256:51dce272488e3593d15b7f6f4c21f81b0cd759850051fea860298bea60dda288 7.34MB / 27.96MB 1.3s
#4 sha256:6898b2dbcfeb5f9532f39c5906364d294c90c4fa0c942068e0ba27bdcd73029b 50.33MB / 67.43MB 1.4s
#4 sha256:ee3cf719252202ffa610d61d1470499362da637a5e97d6a3fbc79bb67122d480 12.56MB / 12.56MB 1.4s
#4 sha256:51dce272488e3593d15b7f6f4c21f81b0cd759850051fea860298bea60dda288 12.07MB / 27.96MB 1.4s
#4 sha256:6898b2dbcfeb5f9532f39c5906364d294c90c4fa0c942068e0ba27bdcd73029b 57.67MB / 67.43MB 1.6s
#4 sha256:ee3cf719252202ffa610d61d1470499362da637a5e97d6a3fbc79bb67122d480 12.56MB / 12.56MB 1.4s done
#4 sha256:51dce272488e3593d15b7f6f4c21f81b0cd759850051fea860298bea60dda288 27.96MB / 27.96MB 1.6s
#4 sha256:b9c7353ef0ac27723ec495f07d33dd6b5c8885f71e453a82b31a69538a6cd1fc 0B / 2.18kB 1.6s
#4 sha256:51dce272488e3593d15b7f6f4c21f81b0cd759850051fea860298bea60dda288 27.96MB / 27.96MB 1.7s done
#4 sha256:b9c7353ef0ac27723ec495f07d33dd6b5c8885f71e453a82b31a69538a6cd1fc 2.18kB / 2.18kB 1.7s done
#4 sha256:6898b2dbcfeb5f9532f39c5906364d294c90c4fa0c942068e0ba27bdcd73029b 67.43MB / 67.43MB 1.9s
#4 sha256:6898b2dbcfeb5f9532f39c5906364d294c90c4fa0c942068e0ba27bdcd73029b 67.43MB / 67.43MB 2.1s done
#4 extracting sha256:802b00ed6f79f48e6a5f44ecbcaf43563d6077aaecb565eee1dfc615c0b18c00 1.6s done
#4 extracting sha256:59f5a5a895f85ce514e7f66d3715d42e54b6735957b02a2406d3625dd75a2185 done
#4 extracting sha256:6898b2dbcfeb5f9532f39c5906364d294c90c4fa0c942068e0ba27bdcd73029b
#4 extracting sha256:6898b2dbcfeb5f9532f39c5906364d294c90c4fa0c942068e0ba27bdcd73029b 3.3s done
#4 extracting sha256:8e0903aaa47ebca2076b2f4d52c1118efa2fd755741247b509ced1085f5c1a72 done
#4 extracting sha256:ee3cf719252202ffa610d61d1470499362da637a5e97d6a3fbc79bb67122d480
#4 extracting sha256:ee3cf719252202ffa610d61d1470499362da637a5e97d6a3fbc79bb67122d480 0.1s done
#4 extracting sha256:2f0bdaf1f436d1e46728005832f3602b850eaf5e71d27affce2f999b9e9c949b done
#4 extracting sha256:51dce272488e3593d15b7f6f4c21f81b0cd759850051fea860298bea60dda288
#4 extracting sha256:51dce272488e3593d15b7f6f4c21f81b0cd759850051fea860298bea60dda288 0.9s done
#4 extracting sha256:b9c7353ef0ac27723ec495f07d33dd6b5c8885f71e453a82b31a69538a6cd1fc
#4 extracting sha256:b9c7353ef0ac27723ec495f07d33dd6b5c8885f71e453a82b31a69538a6cd1fc done
#4 DONE 7.3s

#6 [2/6] RUN apt-get update     && apt-get install -y --no-install-recommends         curl wget git zip unzip less vim procps lsof tcpdump htop openssl         libz-dev         libssl-dev         libnghttp2-dev         libpcre3-dev         libjpeg-dev         libpng-dev         libfreetype6-dev         strace     && docker-php-ext-install        bcmath gd pdo_mysql mbstring sockets zip sysvmsg sysvsem sysvshm
#6 0.214 Ign:1 http://deb.debian.org/debian stretch InRelease
#6 0.218 Ign:2 http://security.debian.org/debian-security stretch/updates InRelease
#6 0.224 Ign:3 http://deb.debian.org/debian stretch-updates InRelease
#6 0.229 Ign:4 http://security.debian.org/debian-security stretch/updates Release
#6 0.234 Ign:5 http://deb.debian.org/debian stretch Release
#6 0.241 Ign:6 http://security.debian.org/debian-security stretch/updates/main amd64 Packages
#6 0.243 Ign:7 http://deb.debian.org/debian stretch-updates Release
#6 0.251 Ign:8 http://security.debian.org/debian-security stretch/updates/main all Packages
#6 0.253 Ign:9 http://deb.debian.org/debian stretch/main amd64 Packages
#6 0.263 Ign:6 http://security.debian.org/debian-security stretch/updates/main amd64 Packages
#6 0.272 Ign:8 http://security.debian.org/debian-security stretch/updates/main all Packages
#6 0.283 Ign:6 http://security.debian.org/debian-security stretch/updates/main amd64 Packages
#6 0.293 Ign:8 http://security.debian.org/debian-security stretch/updates/main all Packages
#6 0.305 Ign:6 http://security.debian.org/debian-security stretch/updates/main amd64 Packages
#6 0.313 Ign:8 http://security.debian.org/debian-security stretch/updates/main all Packages
#6 0.323 Ign:6 http://security.debian.org/debian-security stretch/updates/main amd64 Packages
#6 0.334 Ign:8 http://security.debian.org/debian-security stretch/updates/main all Packages
#6 0.344 Err:6 http://security.debian.org/debian-security stretch/updates/main amd64 Packages
#6 0.344   404  Not Found [IP: 151.101.2.132 80]
#6 0.354 Ign:8 http://security.debian.org/debian-security stretch/updates/main all Packages
#6 0.407 Ign:10 http://deb.debian.org/debian stretch/main all Packages
#6 0.422 Ign:11 http://deb.debian.org/debian stretch-updates/main amd64 Packages
#6 0.570 Ign:12 http://deb.debian.org/debian stretch-updates/main all Packages
#6 0.581 Ign:9 http://deb.debian.org/debian stretch/main amd64 Packages
#6 0.728 Ign:10 http://deb.debian.org/debian stretch/main all Packages
#6 0.737 Ign:11 http://deb.debian.org/debian stretch-updates/main amd64 Packages
#6 0.885 Ign:12 http://deb.debian.org/debian stretch-updates/main all Packages
#6 0.902 Ign:9 http://deb.debian.org/debian stretch/main amd64 Packages
#6 1.046 Ign:10 http://deb.debian.org/debian stretch/main all Packages
#6 1.056 Ign:11 http://deb.debian.org/debian stretch-updates/main amd64 Packages
#6 1.206 Ign:12 http://deb.debian.org/debian stretch-updates/main all Packages
#6 1.216 Ign:9 http://deb.debian.org/debian stretch/main amd64 Packages
#6 1.364 Ign:10 http://deb.debian.org/debian stretch/main all Packages
#6 1.374 Ign:11 http://deb.debian.org/debian stretch-updates/main amd64 Packages
#6 1.520 Ign:12 http://deb.debian.org/debian stretch-updates/main all Packages
#6 1.532 Ign:9 http://deb.debian.org/debian stretch/main amd64 Packages
#6 1.680 Ign:10 http://deb.debian.org/debian stretch/main all Packages
#6 1.690 Ign:11 http://deb.debian.org/debian stretch-updates/main amd64 Packages
#6 1.838 Ign:12 http://deb.debian.org/debian stretch-updates/main all Packages
#6 1.849 Err:9 http://deb.debian.org/debian stretch/main amd64 Packages
#6 1.849   404  Not Found
#6 1.868 Ign:10 http://deb.debian.org/debian stretch/main all Packages
#6 1.877 Err:11 http://deb.debian.org/debian stretch-updates/main amd64 Packages
#6 1.877   404  Not Found
#6 1.886 Ign:12 http://deb.debian.org/debian stretch-updates/main all Packages
#6 1.891 Reading package lists...
#6 1.899 W: The repository 'http://security.debian.org/debian-security stretch/updates Release' does not have a Release file.
#6 1.899 W: The repository 'http://deb.debian.org/debian stretch Release' does not have a Release file.
#6 1.899 W: The repository 'http://deb.debian.org/debian stretch-updates Release' does not have a Release file.
#6 1.899 E: Failed to fetch http://security.debian.org/debian-security/dists/stretch/updates/main/binary-amd64/Packages  404  Not Found [IP: 151.101.2.132 80]
#6 1.899 E: Failed to fetch http://deb.debian.org/debian/dists/stretch/main/binary-amd64/Packages  404  Not Found
#6 1.899 E: Failed to fetch http://deb.debian.org/debian/dists/stretch-updates/main/binary-amd64/Packages  404  Not Found
#6 1.899 E: Some index files failed to download. They have been ignored, or old ones used instead.
#6 ERROR: process "/bin/sh -c apt-get update     && apt-get install -y --no-install-recommends         curl wget git zip unzip less vim procps lsof tcpdump htop openssl         libz-dev         libssl-dev         libnghttp2-dev         libpcre3-dev         libjpeg-dev         libpng-dev         libfreetype6-dev         strace     && docker-php-ext-install        bcmath gd pdo_mysql mbstring sockets zip sysvmsg sysvsem sysvshm" did not complete successfully: exit code: 100
------
 > [2/6] RUN apt-get update     && apt-get install -y --no-install-recommends         curl wget git zip unzip less vim procps lsof tcpdump htop openssl         libz-dev         libssl-dev         libnghttp2-dev         libpcre3-dev         libjpeg-dev         libpng-dev         libfreetype6-dev         strace     && docker-php-ext-install        bcmath gd pdo_mysql mbstring sockets zip sysvmsg sysvsem sysvshm:
1.877   404  Not Found
1.886 Ign:12 http://deb.debian.org/debian stretch-updates/main all Packages
1.891 Reading package lists...
1.899 W: The repository 'http://security.debian.org/debian-security stretch/updates Release' does not have a Release file.
1.899 W: The repository 'http://deb.debian.org/debian stretch Release' does not have a Release file.
1.899 W: The repository 'http://deb.debian.org/debian stretch-updates Release' does not have a Release file.
1.899 E: Failed to fetch http://security.debian.org/debian-security/dists/stretch/updates/main/binary-amd64/Packages  404  Not Found [IP: 151.101.2.132 80]
1.899 E: Failed to fetch http://deb.debian.org/debian/dists/stretch/main/binary-amd64/Packages  404  Not Found
1.899 E: Failed to fetch http://deb.debian.org/debian/dists/stretch-updates/main/binary-amd64/Packages  404  Not Found
1.899 E: Some index files failed to download. They have been ignored, or old ones used instead.
------
v1_Dockerfile:18
--------------------
  17 |     # Libs -y --no-install-recommends
  18 | >>> RUN apt-get update \
  19 | >>>     && apt-get install -y --no-install-recommends \
  20 | >>>         curl wget git zip unzip less vim procps lsof tcpdump htop openssl \
  21 | >>>         libz-dev \
  22 | >>>         libssl-dev \
  23 | >>>         libnghttp2-dev \
  24 | >>>         libpcre3-dev \
  25 | >>>         libjpeg-dev \
  26 | >>>         libpng-dev \
  27 | >>>         libfreetype6-dev \
  28 | >>>         strace \
  29 | >>> # Install PHP extensions
  30 | >>>     && docker-php-ext-install \
  31 | >>>        bcmath gd pdo_mysql mbstring sockets zip sysvmsg sysvsem sysvshm
  32 |     
--------------------
ERROR: failed to solve: process "/bin/sh -c apt-get update     && apt-get install -y --no-install-recommends         curl wget git zip unzip less vim procps lsof tcpdump htop openssl         libz-dev         libssl-dev         libnghttp2-dev         libpcre3-dev         libjpeg-dev         libpng-dev         libfreetype6-dev         strace     && docker-php-ext-install        bcmath gd pdo_mysql mbstring sockets zip sysvmsg sysvsem sysvshm" did not complete successfully: exit code: 100
Duration: 0:12.30