#0 building with "default" instance using docker driver

#1 [internal] load .dockerignore
#1 transferring context:
#1 ...

#2 [internal] load build definition from Dockerfile
#2 transferring dockerfile: 259B done
#2 DONE 0.5s

#1 [internal] load .dockerignore
#1 transferring context: 2B done
#1 DONE 0.7s

#3 [internal] load metadata for docker.io/library/java:7
#3 ...

#4 [auth] library/java:pull token for registry-1.docker.io
#4 DONE 0.0s

#3 [internal] load metadata for docker.io/library/java:7
#3 ERROR: docker.io/library/java:7: not found
------
 > [internal] load metadata for docker.io/library/java:7:
------
Dockerfile:1
--------------------
   1 | >>> FROM java:7
   2 |     MAINTAINER Matt Fullerton <matt.fullerton@gmail.com>
   3 |     
--------------------
ERROR: failed to solve: java:7: docker.io/library/java:7: not found
Duration: 0:1.74