#0 building with "default" instance using docker driver

#1 [internal] load build definition from v1_Dockerfile
#1 transferring dockerfile: 298B done
#1 DONE 0.0s

#2 [internal] load metadata for docker.io/library/debian:latest
#2 DONE 0.7s

#3 [internal] load .dockerignore
#3 transferring context: 104B done
#3 DONE 0.0s

#4 [internal] load build context
#4 transferring context: 1.18kB done
#4 DONE 0.0s

#5 [1/3] FROM docker.io/library/debian:latest@sha256:45f2e735295654f13e3be10da2a6892c708f71a71be845818f6058982761a6d3
#5 resolve docker.io/library/debian:latest@sha256:45f2e735295654f13e3be10da2a6892c708f71a71be845818f6058982761a6d3 0.0s done
#5 sha256:ca4e5d6727252f0dbc207fbf283cb95e278bf562bda42d35ce6c919583a110a0 0B / 49.55MB 0.1s
#5 sha256:45f2e735295654f13e3be10da2a6892c708f71a71be845818f6058982761a6d3 1.85kB / 1.85kB done
#5 sha256:b1ae8b5bfaa9afa86b50c2a151a442d832c4449cf3731bddf8a728e5628ebb59 529B / 529B done
#5 sha256:2e5b8d3ef33ebde2b2a943fadb241a63de1535a007a7bd185e7037abfff99f63 1.46kB / 1.46kB done
#5 sha256:ca4e5d6727252f0dbc207fbf283cb95e278bf562bda42d35ce6c919583a110a0 18.87MB / 49.55MB 0.3s
#5 sha256:ca4e5d6727252f0dbc207fbf283cb95e278bf562bda42d35ce6c919583a110a0 28.31MB / 49.55MB 0.4s
#5 sha256:ca4e5d6727252f0dbc207fbf283cb95e278bf562bda42d35ce6c919583a110a0 49.55MB / 49.55MB 0.6s
#5 extracting sha256:ca4e5d6727252f0dbc207fbf283cb95e278bf562bda42d35ce6c919583a110a0
#5 sha256:ca4e5d6727252f0dbc207fbf283cb95e278bf562bda42d35ce6c919583a110a0 49.55MB / 49.55MB 0.7s done
#5 extracting sha256:ca4e5d6727252f0dbc207fbf283cb95e278bf562bda42d35ce6c919583a110a0 2.5s done
#5 DONE 3.5s

#6 [2/3] RUN apt-get update && apt-get install --no-install-recommends -y netcat && rm -rf /var/lib/apt/lists/*;
#6 0.227 Get:1 http://deb.debian.org/debian bookworm InRelease [151 kB]
#6 0.267 Get:2 http://deb.debian.org/debian bookworm-updates InRelease [55.4 kB]
#6 0.281 Get:3 http://deb.debian.org/debian-security bookworm-security InRelease [48.0 kB]
#6 0.337 Get:4 http://deb.debian.org/debian bookworm/main amd64 Packages [8788 kB]
#6 0.459 Get:5 http://deb.debian.org/debian bookworm-updates/main amd64 Packages [13.8 kB]
#6 0.459 Get:6 http://deb.debian.org/debian-security bookworm-security/main amd64 Packages [169 kB]
#6 1.580 Fetched 9225 kB in 1s (6703 kB/s)
#6 1.580 Reading package lists...
#6 2.132 Reading package lists...
#6 2.664 Building dependency tree...
#6 2.773 Reading state information...
#6 2.779 Package netcat is a virtual package provided by:
#6 2.779   netcat-openbsd 1.219-1
#6 2.779   netcat-traditional 1.10-47
#6 2.779 
#6 2.780 E: Package 'netcat' has no installation candidate
#6 ERROR: process "/bin/sh -c apt-get update && apt-get install --no-install-recommends -y netcat && rm -rf /var/lib/apt/lists/*;" did not complete successfully: exit code: 100
------
 > [2/3] RUN apt-get update && apt-get install --no-install-recommends -y netcat && rm -rf /var/lib/apt/lists/*;:
0.459 Get:6 http://deb.debian.org/debian-security bookworm-security/main amd64 Packages [169 kB]


2.664 Building dependency tree...
2.773 Reading state information...
2.779 Package netcat is a virtual package provided by:
2.779   netcat-openbsd 1.219-1
2.779   netcat-traditional 1.10-47
2.779 
2.780 E: Package 'netcat' has no installation candidate
------
v1_Dockerfile:4
--------------------
   2 |     MAINTAINER Neil Chambers <n3llyb0y.uk@gmail.com>
   3 |     
   4 | >>> RUN apt-get update && apt-get install --no-install-recommends -y netcat && rm -rf /var/lib/apt/lists/*;
   5 |     
   6 |     COPY wait /wait
--------------------
ERROR: failed to solve: process "/bin/sh -c apt-get update && apt-get install --no-install-recommends -y netcat && rm -rf /var/lib/apt/lists/*;" did not complete successfully: exit code: 100
Duration: 0:8.05