#0 building with "default" instance using docker driver

#1 [internal] load build definition from Dockerfile
#1 transferring dockerfile:
#1 transferring dockerfile: 721B done
#1 DONE 0.5s

#2 [internal] load .dockerignore
#2 transferring context: 2B done
#2 DONE 0.4s

#3 [auth] library/python:pull token for registry-1.docker.io
#3 DONE 0.0s

#4 [internal] load metadata for docker.io/library/python:3.7
#4 DONE 1.4s

#5 [internal] load build context
#5 DONE 0.0s

#6 [1/8] FROM docker.io/library/python:3.7@sha256:eedf63967cdb57d8214db38ce21f105003ed4e4d0358f02bedc057341bcf92a0
#6 resolve docker.io/library/python:3.7@sha256:eedf63967cdb57d8214db38ce21f105003ed4e4d0358f02bedc057341bcf92a0 0.1s done
#6 sha256:16d93ae3411be3db255b6b52fdfc155a0dff0f697c2e4e3d862caf8d978830b2 8.13kB / 8.13kB done
#6 sha256:eedf63967cdb57d8214db38ce21f105003ed4e4d0358f02bedc057341bcf92a0 1.86kB / 1.86kB done
#6 sha256:2011a37d2a08fe83dd9ff923e0f83bfd7290152e2e6afe359bde1453170d9bdc 2.01kB / 2.01kB done
#6 sha256:167b8a53ca4504bc6aa3182e336fa96f4ef76875d158c1933d3e2fa19c57e0c3 0B / 49.56MB 0.1s
#6 sha256:167b8a53ca4504bc6aa3182e336fa96f4ef76875d158c1933d3e2fa19c57e0c3 6.29MB / 49.56MB 0.3s
#6 sha256:debce5f9f3a9709885f7f2ad3cf41f036a3b57b406b27ba3a883928315787042 0B / 64.11MB 0.3s
#6 ...

#5 [internal] load build context
#5 transferring context: 1.05MB 0.0s done
#5 DONE 0.5s

#6 [1/8] FROM docker.io/library/python:3.7@sha256:eedf63967cdb57d8214db38ce21f105003ed4e4d0358f02bedc057341bcf92a0
#6 sha256:167b8a53ca4504bc6aa3182e336fa96f4ef76875d158c1933d3e2fa19c57e0c3 25.17MB / 49.56MB 0.5s
#6 sha256:b47a222d28fa95680198398973d0a29b82a968f03e7ef361cc8ded562e4d84a3 0B / 24.03MB 0.5s
#6 sha256:167b8a53ca4504bc6aa3182e336fa96f4ef76875d158c1933d3e2fa19c57e0c3 40.61MB / 49.56MB 0.7s
#6 sha256:debce5f9f3a9709885f7f2ad3cf41f036a3b57b406b27ba3a883928315787042 11.53MB / 64.11MB 0.7s
#6 sha256:167b8a53ca4504bc6aa3182e336fa96f4ef76875d158c1933d3e2fa19c57e0c3 48.23MB / 49.56MB 0.8s
#6 sha256:debce5f9f3a9709885f7f2ad3cf41f036a3b57b406b27ba3a883928315787042 16.78MB / 64.11MB 0.8s
#6 sha256:debce5f9f3a9709885f7f2ad3cf41f036a3b57b406b27ba3a883928315787042 36.70MB / 64.11MB 1.0s
#6 sha256:debce5f9f3a9709885f7f2ad3cf41f036a3b57b406b27ba3a883928315787042 40.89MB / 64.11MB 1.1s
#6 sha256:debce5f9f3a9709885f7f2ad3cf41f036a3b57b406b27ba3a883928315787042 56.62MB / 64.11MB 1.3s
#6 sha256:debce5f9f3a9709885f7f2ad3cf41f036a3b57b406b27ba3a883928315787042 64.11MB / 64.11MB 1.4s
#6 sha256:b47a222d28fa95680198398973d0a29b82a968f03e7ef361cc8ded562e4d84a3 6.29MB / 24.03MB 1.6s
#6 sha256:b47a222d28fa95680198398973d0a29b82a968f03e7ef361cc8ded562e4d84a3 23.07MB / 24.03MB 1.8s
#6 sha256:167b8a53ca4504bc6aa3182e336fa96f4ef76875d158c1933d3e2fa19c57e0c3 49.56MB / 49.56MB 3.3s done
#6 extracting sha256:167b8a53ca4504bc6aa3182e336fa96f4ef76875d158c1933d3e2fa19c57e0c3
#6 sha256:debce5f9f3a9709885f7f2ad3cf41f036a3b57b406b27ba3a883928315787042 64.11MB / 64.11MB 4.5s done
#6 sha256:b47a222d28fa95680198398973d0a29b82a968f03e7ef361cc8ded562e4d84a3 24.03MB / 24.03MB 4.9s done
#6 sha256:1d7ca7cd2e066ae77ac6284a9d027f72a31a02a18bfc2a249ef2e7b01074338b 0B / 211.04MB 5.0s
#6 sha256:c2423a76a32b7ffb2ee7bb6d1e0c74bb1811237eddcb3200594daf7a52d4f378 0B / 14.70MB 5.1s
#6 sha256:c2423a76a32b7ffb2ee7bb6d1e0c74bb1811237eddcb3200594daf7a52d4f378 1.05MB / 14.70MB 5.2s
#6 sha256:ff3119008f58beef8f336fa833707b0fe914db94ca6b7bb55abe3e1bf2b1ad56 0B / 6.39MB 5.2s
#6 sha256:1d7ca7cd2e066ae77ac6284a9d027f72a31a02a18bfc2a249ef2e7b01074338b 22.02MB / 211.04MB 5.4s
#6 sha256:c2423a76a32b7ffb2ee7bb6d1e0c74bb1811237eddcb3200594daf7a52d4f378 9.44MB / 14.70MB 5.4s
#6 sha256:ff3119008f58beef8f336fa833707b0fe914db94ca6b7bb55abe3e1bf2b1ad56 2.10MB / 6.39MB 5.4s
#6 sha256:c2423a76a32b7ffb2ee7bb6d1e0c74bb1811237eddcb3200594daf7a52d4f378 13.63MB / 14.70MB 5.5s
#6 sha256:ff3119008f58beef8f336fa833707b0fe914db94ca6b7bb55abe3e1bf2b1ad56 6.29MB / 6.39MB 5.5s
#6 sha256:1d7ca7cd2e066ae77ac6284a9d027f72a31a02a18bfc2a249ef2e7b01074338b 34.60MB / 211.04MB 5.6s
#6 sha256:c2423a76a32b7ffb2ee7bb6d1e0c74bb1811237eddcb3200594daf7a52d4f378 14.70MB / 14.70MB 5.6s
#6 sha256:ff3119008f58beef8f336fa833707b0fe914db94ca6b7bb55abe3e1bf2b1ad56 6.39MB / 6.39MB 5.6s done
#6 sha256:1d7ca7cd2e066ae77ac6284a9d027f72a31a02a18bfc2a249ef2e7b01074338b 54.53MB / 211.04MB 5.8s
#6 sha256:1d7ca7cd2e066ae77ac6284a9d027f72a31a02a18bfc2a249ef2e7b01074338b 84.93MB / 211.04MB 6.1s
#6 sha256:c2423a76a32b7ffb2ee7bb6d1e0c74bb1811237eddcb3200594daf7a52d4f378 14.70MB / 14.70MB 5.9s done
#6 sha256:e1c98ca4926a91839805ce76d76a70225e303007331ee60f45dfabbbf55fd8c8 0B / 244B 6.1s
#6 sha256:3b62c8e1d79b6554a8bffcf196ff5dd822858c179f1f8dc6f0c74a288859a6fb 0B / 2.85MB 6.1s
#6 extracting sha256:167b8a53ca4504bc6aa3182e336fa96f4ef76875d158c1933d3e2fa19c57e0c3 2.8s done
#6 sha256:e1c98ca4926a91839805ce76d76a70225e303007331ee60f45dfabbbf55fd8c8 244B / 244B 6.2s done
#6 sha256:1d7ca7cd2e066ae77ac6284a9d027f72a31a02a18bfc2a249ef2e7b01074338b 115.34MB / 211.04MB 6.4s
#6 sha256:3b62c8e1d79b6554a8bffcf196ff5dd822858c179f1f8dc6f0c74a288859a6fb 2.85MB / 2.85MB 6.4s done
#6 sha256:1d7ca7cd2e066ae77ac6284a9d027f72a31a02a18bfc2a249ef2e7b01074338b 134.22MB / 211.04MB 6.6s
#6 extracting sha256:b47a222d28fa95680198398973d0a29b82a968f03e7ef361cc8ded562e4d84a3 0.1s
#6 sha256:1d7ca7cd2e066ae77ac6284a9d027f72a31a02a18bfc2a249ef2e7b01074338b 154.14MB / 211.04MB 6.8s
#6 sha256:1d7ca7cd2e066ae77ac6284a9d027f72a31a02a18bfc2a249ef2e7b01074338b 173.02MB / 211.04MB 7.0s
#6 sha256:1d7ca7cd2e066ae77ac6284a9d027f72a31a02a18bfc2a249ef2e7b01074338b 193.99MB / 211.04MB 7.2s
#6 sha256:1d7ca7cd2e066ae77ac6284a9d027f72a31a02a18bfc2a249ef2e7b01074338b 211.04MB / 211.04MB 7.4s
#6 extracting sha256:b47a222d28fa95680198398973d0a29b82a968f03e7ef361cc8ded562e4d84a3 1.1s done
#6 sha256:1d7ca7cd2e066ae77ac6284a9d027f72a31a02a18bfc2a249ef2e7b01074338b 211.04MB / 211.04MB 10.6s done
#6 extracting sha256:debce5f9f3a9709885f7f2ad3cf41f036a3b57b406b27ba3a883928315787042
#6 extracting sha256:debce5f9f3a9709885f7f2ad3cf41f036a3b57b406b27ba3a883928315787042 3.9s done
#6 extracting sha256:1d7ca7cd2e066ae77ac6284a9d027f72a31a02a18bfc2a249ef2e7b01074338b
#6 extracting sha256:1d7ca7cd2e066ae77ac6284a9d027f72a31a02a18bfc2a249ef2e7b01074338b 5.1s
#6 extracting sha256:1d7ca7cd2e066ae77ac6284a9d027f72a31a02a18bfc2a249ef2e7b01074338b 10.1s
#6 extracting sha256:1d7ca7cd2e066ae77ac6284a9d027f72a31a02a18bfc2a249ef2e7b01074338b 12.1s done
#6 extracting sha256:ff3119008f58beef8f336fa833707b0fe914db94ca6b7bb55abe3e1bf2b1ad56
#6 extracting sha256:ff3119008f58beef8f336fa833707b0fe914db94ca6b7bb55abe3e1bf2b1ad56 0.4s done
#6 extracting sha256:c2423a76a32b7ffb2ee7bb6d1e0c74bb1811237eddcb3200594daf7a52d4f378
#6 extracting sha256:c2423a76a32b7ffb2ee7bb6d1e0c74bb1811237eddcb3200594daf7a52d4f378 0.8s done
#6 extracting sha256:e1c98ca4926a91839805ce76d76a70225e303007331ee60f45dfabbbf55fd8c8
#6 extracting sha256:e1c98ca4926a91839805ce76d76a70225e303007331ee60f45dfabbbf55fd8c8 done
#6 extracting sha256:3b62c8e1d79b6554a8bffcf196ff5dd822858c179f1f8dc6f0c74a288859a6fb
#6 extracting sha256:3b62c8e1d79b6554a8bffcf196ff5dd822858c179f1f8dc6f0c74a288859a6fb 0.3s done
#6 DONE 34.3s

#7 [2/8] RUN curl -sL https://deb.nodesource.com/setup_10.x | bash -
#7 0.549 
#7 0.549 ================================================================================
#7 0.549 ================================================================================
#7 0.549 
#7 0.549                               DEPRECATION WARNING                            
#7 0.549 
#7 0.549   Node.js 10.x is no longer actively supported!
#7 0.549 
#7 0.549   You will not receive security or critical stability updates for this version.
#7 0.549 
#7 0.549   You should migrate to a supported version of Node.js as soon as possible.
#7 0.549   Use the installation script that corresponds to the version of Node.js you
#7 0.549   wish to install. e.g.
#7 0.549 
#7 0.549    * https://deb.nodesource.com/setup_16.x — Node.js 16 "Gallium"
#7 0.549    * https://deb.nodesource.com/setup_18.x — Node.js 18 LTS "Hydrogen" (recommended)
#7 0.549    * https://deb.nodesource.com/setup_19.x — Node.js 19 "Nineteen"
#7 0.549    * https://deb.nodesource.com/setup_20.x — Node.js 20 "Iron" (current)
#7 0.549 
#7 0.549   Please see https://github.com/nodejs/Release for details about which
#7 0.549   version may be appropriate for you.
#7 0.549 
#7 0.549   The NodeSource Node.js distributions repository contains
#7 0.549   information both about supported versions of Node.js and supported Linux
#7 0.549   distributions. To learn more about usage, see the repository:
#7 0.549     https://github.com/nodesource/distributions
#7 0.549 
#7 0.549 ================================================================================
#7 0.549 ================================================================================
#7 0.549 
#7 0.549 Continuing in 20 seconds ...
#7 0.549 
#7 20.55 
#7 20.55 ================================================================================
#7 20.55 ▓▓▓▓▓▓▓▓▓▓▓▓▓▓▓▓▓▓▓▓▓▓▓▓▓▓▓▓▓▓▓▓▓▓▓▓▓▓▓▓▓▓▓▓▓▓▓▓▓▓▓▓▓▓▓▓▓▓▓▓▓▓▓▓▓▓▓▓▓▓▓▓▓▓▓▓▓▓▓▓
#7 20.55 ================================================================================
#7 20.55 
#7 20.55                            SCRIPT DEPRECATION WARNING                    
#7 20.55 
#7 20.55   
#7 20.55   This script, located at https://deb.nodesource.com/setup_X, used to
#7 20.55   install Node.js is deprecated now and will eventually be made inactive.
#7 20.55 
#7 20.55   Please visit the NodeSource distributions Github and follow the
#7 20.55   instructions to migrate your repo.
#7 20.55   https://github.com/nodesource/distributions
#7 20.55 
#7 20.55   The NodeSource Node.js Linux distributions GitHub repository contains
#7 20.55   information about which versions of Node.js and which Linux distributions
#7 20.55   are supported and how to install it.
#7 20.55   https://github.com/nodesource/distributions
#7 20.55 
#7 20.55 
#7 20.55                           SCRIPT DEPRECATION WARNING
#7 20.55 
#7 20.55 ================================================================================
#7 20.55 ▓▓▓▓▓▓▓▓▓▓▓▓▓▓▓▓▓▓▓▓▓▓▓▓▓▓▓▓▓▓▓▓▓▓▓▓▓▓▓▓▓▓▓▓▓▓▓▓▓▓▓▓▓▓▓▓▓▓▓▓▓▓▓▓▓▓▓▓▓▓▓▓▓▓▓▓▓▓▓▓
#7 20.55 ================================================================================
#7 20.55 
#7 20.55 TO AVOID THIS WAIT MIGRATE THE SCRIPT
#7 20.55 Continuing in 60 seconds (press Ctrl-C to abort) ...
#7 20.55 
#7 80.55 
#7 80.55 ## Installing the NodeSource Node.js 10.x repo...
#7 80.55 
#7 80.56 
#7 80.56 ## Populating apt-get cache...
#7 80.56 
#7 80.56 + apt-get update
#7 80.61 Get:1 http://deb.debian.org/debian bookworm InRelease [151 kB]
#7 80.64 Get:2 http://deb.debian.org/debian bookworm-updates InRelease [55.4 kB]
#7 80.65 Get:3 http://deb.debian.org/debian-security bookworm-security InRelease [48.0 kB]
#7 80.73 Get:4 http://deb.debian.org/debian bookworm/main amd64 Packages [8788 kB]
#7 80.85 Get:5 http://deb.debian.org/debian bookworm-updates/main amd64 Packages [13.8 kB]
#7 80.87 Get:6 http://deb.debian.org/debian-security bookworm-security/main amd64 Packages [169 kB]
#7 82.19 Fetched 9225 kB in 2s (5767 kB/s)
#7 82.19 Reading package lists...
#7 82.87 
#7 82.87 ## Installing packages required for setup: lsb-release...
#7 82.87 
#7 82.87 + apt-get install -y lsb-release > /dev/null 2>&1
#7 84.73 
#7 84.73 ## Confirming "bookworm" is supported...
#7 84.73 
#7 84.73 + curl -sLf -o /dev/null 'https://deb.nodesource.com/node_10.x/dists/bookworm/Release'
#7 84.88 
#7 84.88 ## Your distribution, identified as "bookworm", is not currently supported, please contact NodeSource at https://github.com/nodesource/distributions/issues if you think this is incorrect or would like your distribution to be considered for support
#7 84.88 
#7 ERROR: process "/bin/sh -c curl -sL https://deb.nodesource.com/setup_10.x | bash -" did not complete successfully: exit code: 1
------
 > [2/8] RUN curl -sL https://deb.nodesource.com/setup_10.x | bash -:
82.87 ## Installing packages required for setup: lsb-release...
82.87 
82.87 + apt-get install -y lsb-release > /dev/null 2>&1
84.73 
84.73 ## Confirming "bookworm" is supported...
84.73 
84.73 + curl -sLf -o /dev/null 'https://deb.nodesource.com/node_10.x/dists/bookworm/Release'
84.88 
84.88 ## Your distribution, identified as "bookworm", is not currently supported, please contact NodeSource at https://github.com/nodesource/distributions/issues if you think this is incorrect or would like your distribution to be considered for support
84.88 
------
Dockerfile:10
--------------------
   8 |     
   9 |     # Install dependencies
  10 | >>> RUN curl -sL https://deb.nodesource.com/setup_10.x | bash -
  11 |     RUN apt-get install -y nodejs
  12 |     
--------------------
ERROR: failed to solve: process "/bin/sh -c curl -sL https://deb.nodesource.com/setup_10.x | bash -" did not complete successfully: exit code: 1
Duration: 2:2.05