#0 building with "default" instance using docker driver

#1 [internal] load build definition from Dockerfile
#1 transferring dockerfile:
#1 ...

#2 [internal] load .dockerignore
#2 transferring context: 2B done
#2 DONE 0.5s

#1 [internal] load build definition from Dockerfile
#1 transferring dockerfile: 283B done
#1 DONE 0.7s

#3 [internal] load metadata for docker.io/library/python:3.6.8-stretch
#3 ...

#4 [auth] library/python:pull token for registry-1.docker.io
#4 DONE 0.0s

#3 [internal] load metadata for docker.io/library/python:3.6.8-stretch
#3 DONE 1.5s

#5 [internal] load build context
#5 DONE 0.0s

#6 [1/7] FROM docker.io/library/python:3.6.8-stretch@sha256:c1b1294103262879af89ee2da9bbfbc1ded3bf6dae7dca499aaf16637916cb62
#6 resolve docker.io/library/python:3.6.8-stretch@sha256:c1b1294103262879af89ee2da9bbfbc1ded3bf6dae7dca499aaf16637916cb62
#6 resolve docker.io/library/python:3.6.8-stretch@sha256:c1b1294103262879af89ee2da9bbfbc1ded3bf6dae7dca499aaf16637916cb62 0.2s done
#6 sha256:c1b1294103262879af89ee2da9bbfbc1ded3bf6dae7dca499aaf16637916cb62 1.65kB / 1.65kB done
#6 sha256:e2b625c433e2e3c9a72eb92483c7e6ebe32163e320258f6a60badc44d9eb2806 2.22kB / 2.22kB done
#6 sha256:48c06762acf0bb8fa6a7f10686f3430cc3d149cf798556c138a82ded6c61e438 7.38kB / 7.38kB done
#6 sha256:6f2f362378c5a6fd915d96d11dda1e0223ccf213bf121ace56ae0f6616ea1dc8 1.05MB / 45.34MB 0.3s
#6 ...

#5 [internal] load build context
#5 transferring context: 1.30MB 0.0s done
#5 DONE 0.5s

#6 [1/7] FROM docker.io/library/python:3.6.8-stretch@sha256:c1b1294103262879af89ee2da9bbfbc1ded3bf6dae7dca499aaf16637916cb62
#6 sha256:6f2f362378c5a6fd915d96d11dda1e0223ccf213bf121ace56ae0f6616ea1dc8 10.49MB / 45.34MB 0.4s
#6 sha256:7596bb83081b6c8410df557d538a0ae45922cbf81e469c6f4cfa835247cb24ab 0B / 4.34MB 0.4s
#6 sha256:6f2f362378c5a6fd915d96d11dda1e0223ccf213bf121ace56ae0f6616ea1dc8 13.63MB / 45.34MB 0.5s
#6 sha256:7596bb83081b6c8410df557d538a0ae45922cbf81e469c6f4cfa835247cb24ab 1.05MB / 4.34MB 0.5s
#6 sha256:494c27a8a6b820f9167ec7e368b3a9bb47d7029f4dc8c97c67091f3757a5bc4e 0B / 10.79MB 0.5s
#6 sha256:6f2f362378c5a6fd915d96d11dda1e0223ccf213bf121ace56ae0f6616ea1dc8 19.92MB / 45.34MB 0.6s
#6 sha256:7596bb83081b6c8410df557d538a0ae45922cbf81e469c6f4cfa835247cb24ab 4.34MB / 4.34MB 0.6s
#6 sha256:494c27a8a6b820f9167ec7e368b3a9bb47d7029f4dc8c97c67091f3757a5bc4e 1.05MB / 10.79MB 0.6s
#6 sha256:6f2f362378c5a6fd915d96d11dda1e0223ccf213bf121ace56ae0f6616ea1dc8 32.51MB / 45.34MB 0.8s
#6 sha256:7596bb83081b6c8410df557d538a0ae45922cbf81e469c6f4cfa835247cb24ab 4.34MB / 4.34MB 0.6s done
#6 sha256:494c27a8a6b820f9167ec7e368b3a9bb47d7029f4dc8c97c67091f3757a5bc4e 10.79MB / 10.79MB 0.8s
#6 sha256:372744b62d49eba993652ee4a1201801fe278b687d85489101e07e7b9a4900e0 0B / 50.07MB 0.8s
#6 sha256:6f2f362378c5a6fd915d96d11dda1e0223ccf213bf121ace56ae0f6616ea1dc8 40.89MB / 45.34MB 0.9s
#6 sha256:372744b62d49eba993652ee4a1201801fe278b687d85489101e07e7b9a4900e0 3.15MB / 50.07MB 0.9s
#6 sha256:6f2f362378c5a6fd915d96d11dda1e0223ccf213bf121ace56ae0f6616ea1dc8 45.34MB / 45.34MB 1.1s
#6 sha256:494c27a8a6b820f9167ec7e368b3a9bb47d7029f4dc8c97c67091f3757a5bc4e 10.79MB / 10.79MB 1.0s done
#6 sha256:372744b62d49eba993652ee4a1201801fe278b687d85489101e07e7b9a4900e0 15.73MB / 50.07MB 1.1s
#6 sha256:372744b62d49eba993652ee4a1201801fe278b687d85489101e07e7b9a4900e0 35.65MB / 50.07MB 1.3s
#6 sha256:372744b62d49eba993652ee4a1201801fe278b687d85489101e07e7b9a4900e0 45.09MB / 50.07MB 1.4s
#6 sha256:372744b62d49eba993652ee4a1201801fe278b687d85489101e07e7b9a4900e0 50.07MB / 50.07MB 1.6s
#6 sha256:6f2f362378c5a6fd915d96d11dda1e0223ccf213bf121ace56ae0f6616ea1dc8 45.34MB / 45.34MB 1.6s done
#6 extracting sha256:6f2f362378c5a6fd915d96d11dda1e0223ccf213bf121ace56ae0f6616ea1dc8
#6 sha256:615db220d76c063138a2e6c5849703a7a80d682a682f7e1a841e6e7ed5f43879 0B / 215.08MB 1.8s
#6 sha256:615db220d76c063138a2e6c5849703a7a80d682a682f7e1a841e6e7ed5f43879 14.68MB / 215.08MB 2.0s
#6 sha256:615db220d76c063138a2e6c5849703a7a80d682a682f7e1a841e6e7ed5f43879 32.51MB / 215.08MB 2.2s
#6 sha256:615db220d76c063138a2e6c5849703a7a80d682a682f7e1a841e6e7ed5f43879 61.87MB / 215.08MB 2.5s
#6 sha256:372744b62d49eba993652ee4a1201801fe278b687d85489101e07e7b9a4900e0 50.07MB / 50.07MB 2.6s done
#6 sha256:615db220d76c063138a2e6c5849703a7a80d682a682f7e1a841e6e7ed5f43879 81.79MB / 215.08MB 2.7s
#6 sha256:7159b3304cc0ff68a7903c2660aa37fdae97a02164449400c6ef283a6aaf3879 0B / 20.98MB 2.8s
#6 sha256:1865698adfb04b47d1aa53e0f8dac0a511d78285cb4dda39b4f3b0b3b091bb2e 0B / 5.75MB 2.8s
#6 sha256:615db220d76c063138a2e6c5849703a7a80d682a682f7e1a841e6e7ed5f43879 101.71MB / 215.08MB 2.9s
#6 sha256:1865698adfb04b47d1aa53e0f8dac0a511d78285cb4dda39b4f3b0b3b091bb2e 3.15MB / 5.75MB 2.9s
#6 sha256:1865698adfb04b47d1aa53e0f8dac0a511d78285cb4dda39b4f3b0b3b091bb2e 5.75MB / 5.75MB 3.0s
#6 sha256:615db220d76c063138a2e6c5849703a7a80d682a682f7e1a841e6e7ed5f43879 116.39MB / 215.08MB 3.1s
#6 sha256:7159b3304cc0ff68a7903c2660aa37fdae97a02164449400c6ef283a6aaf3879 3.15MB / 20.98MB 3.1s
#6 sha256:1865698adfb04b47d1aa53e0f8dac0a511d78285cb4dda39b4f3b0b3b091bb2e 5.75MB / 5.75MB 3.0s done
#6 sha256:7159b3304cc0ff68a7903c2660aa37fdae97a02164449400c6ef283a6aaf3879 7.34MB / 20.98MB 3.2s
#6 sha256:ad0713808ef687d1e541819f50497506f5dce12604d1af54dbae153d61d5cf21 0B / 240B 3.2s
#6 sha256:615db220d76c063138a2e6c5849703a7a80d682a682f7e1a841e6e7ed5f43879 137.11MB / 215.08MB 3.4s
#6 sha256:7159b3304cc0ff68a7903c2660aa37fdae97a02164449400c6ef283a6aaf3879 17.83MB / 20.98MB 3.4s
#6 sha256:ad0713808ef687d1e541819f50497506f5dce12604d1af54dbae153d61d5cf21 240B / 240B 3.3s done
#6 sha256:7ba59390457320287875a9c381fee7936b50ecfd21abfe3c50278ac2f39b9786 0B / 1.82MB 3.4s
#6 sha256:7159b3304cc0ff68a7903c2660aa37fdae97a02164449400c6ef283a6aaf3879 20.98MB / 20.98MB 3.5s
#6 sha256:7ba59390457320287875a9c381fee7936b50ecfd21abfe3c50278ac2f39b9786 1.05MB / 1.82MB 3.5s
#6 sha256:615db220d76c063138a2e6c5849703a7a80d682a682f7e1a841e6e7ed5f43879 153.09MB / 215.08MB 3.6s
#6 sha256:7ba59390457320287875a9c381fee7936b50ecfd21abfe3c50278ac2f39b9786 1.82MB / 1.82MB 3.6s
#6 sha256:615db220d76c063138a2e6c5849703a7a80d682a682f7e1a841e6e7ed5f43879 183.50MB / 215.08MB 3.9s
#6 sha256:7159b3304cc0ff68a7903c2660aa37fdae97a02164449400c6ef283a6aaf3879 20.98MB / 20.98MB 3.8s done
#6 sha256:7ba59390457320287875a9c381fee7936b50ecfd21abfe3c50278ac2f39b9786 1.82MB / 1.82MB 3.9s done
#6 sha256:615db220d76c063138a2e6c5849703a7a80d682a682f7e1a841e6e7ed5f43879 214.96MB / 215.08MB 4.2s
#6 extracting sha256:6f2f362378c5a6fd915d96d11dda1e0223ccf213bf121ace56ae0f6616ea1dc8 2.6s done
#6 sha256:615db220d76c063138a2e6c5849703a7a80d682a682f7e1a841e6e7ed5f43879 215.08MB / 215.08MB 7.5s done
#6 extracting sha256:494c27a8a6b820f9167ec7e368b3a9bb47d7029f4dc8c97c67091f3757a5bc4e
#6 extracting sha256:494c27a8a6b820f9167ec7e368b3a9bb47d7029f4dc8c97c67091f3757a5bc4e 0.5s done
#6 extracting sha256:7596bb83081b6c8410df557d538a0ae45922cbf81e469c6f4cfa835247cb24ab
#6 extracting sha256:7596bb83081b6c8410df557d538a0ae45922cbf81e469c6f4cfa835247cb24ab 0.2s done
#6 extracting sha256:372744b62d49eba993652ee4a1201801fe278b687d85489101e07e7b9a4900e0
#6 extracting sha256:372744b62d49eba993652ee4a1201801fe278b687d85489101e07e7b9a4900e0 3.2s done
#6 extracting sha256:615db220d76c063138a2e6c5849703a7a80d682a682f7e1a841e6e7ed5f43879
#6 extracting sha256:615db220d76c063138a2e6c5849703a7a80d682a682f7e1a841e6e7ed5f43879 5.1s
#6 extracting sha256:615db220d76c063138a2e6c5849703a7a80d682a682f7e1a841e6e7ed5f43879 10.1s
#6 extracting sha256:615db220d76c063138a2e6c5849703a7a80d682a682f7e1a841e6e7ed5f43879 14.0s done
#6 extracting sha256:1865698adfb04b47d1aa53e0f8dac0a511d78285cb4dda39b4f3b0b3b091bb2e
#6 extracting sha256:1865698adfb04b47d1aa53e0f8dac0a511d78285cb4dda39b4f3b0b3b091bb2e 0.4s done
#6 extracting sha256:7159b3304cc0ff68a7903c2660aa37fdae97a02164449400c6ef283a6aaf3879
#6 extracting sha256:7159b3304cc0ff68a7903c2660aa37fdae97a02164449400c6ef283a6aaf3879 1.3s done
#6 extracting sha256:ad0713808ef687d1e541819f50497506f5dce12604d1af54dbae153d61d5cf21
#6 extracting sha256:ad0713808ef687d1e541819f50497506f5dce12604d1af54dbae153d61d5cf21 done
#6 extracting sha256:7ba59390457320287875a9c381fee7936b50ecfd21abfe3c50278ac2f39b9786
#6 extracting sha256:7ba59390457320287875a9c381fee7936b50ecfd21abfe3c50278ac2f39b9786 0.2s done
#6 DONE 31.8s

#7 [2/7] WORKDIR /config
#7 DONE 23.5s

#8 [3/7] COPY . /web
#8 DONE 0.6s

#9 [4/7] RUN apt-get update && apt-get install -y cron
#9 0.713 Ign:1 http://security.debian.org/debian-security stretch/updates InRelease
#9 0.714 Ign:2 http://deb.debian.org/debian stretch InRelease
#9 0.723 Ign:3 http://security.debian.org/debian-security stretch/updates Release
#9 0.724 Ign:4 http://deb.debian.org/debian stretch-updates InRelease
#9 0.734 Ign:5 http://security.debian.org/debian-security stretch/updates/main amd64 Packages
#9 0.735 Ign:6 http://deb.debian.org/debian stretch Release
#9 0.744 Ign:7 http://security.debian.org/debian-security stretch/updates/main all Packages
#9 0.746 Ign:8 http://deb.debian.org/debian stretch-updates Release
#9 0.755 Ign:5 http://security.debian.org/debian-security stretch/updates/main amd64 Packages
#9 0.756 Ign:9 http://deb.debian.org/debian stretch/main amd64 Packages
#9 0.765 Ign:7 http://security.debian.org/debian-security stretch/updates/main all Packages
#9 0.766 Ign:10 http://deb.debian.org/debian stretch/main all Packages
#9 0.775 Ign:5 http://security.debian.org/debian-security stretch/updates/main amd64 Packages
#9 0.776 Ign:11 http://deb.debian.org/debian stretch-updates/main amd64 Packages
#9 0.784 Ign:7 http://security.debian.org/debian-security stretch/updates/main all Packages
#9 0.786 Ign:12 http://deb.debian.org/debian stretch-updates/main all Packages
#9 0.795 Ign:5 http://security.debian.org/debian-security stretch/updates/main amd64 Packages
#9 0.796 Ign:9 http://deb.debian.org/debian stretch/main amd64 Packages
#9 0.805 Ign:7 http://security.debian.org/debian-security stretch/updates/main all Packages
#9 0.806 Ign:10 http://deb.debian.org/debian stretch/main all Packages
#9 0.816 Ign:5 http://security.debian.org/debian-security stretch/updates/main amd64 Packages
#9 0.817 Ign:11 http://deb.debian.org/debian stretch-updates/main amd64 Packages
#9 0.827 Ign:7 http://security.debian.org/debian-security stretch/updates/main all Packages
#9 0.827 Ign:12 http://deb.debian.org/debian stretch-updates/main all Packages
#9 0.837 Err:5 http://security.debian.org/debian-security stretch/updates/main amd64 Packages
#9 0.837   404  Not Found
#9 0.837 Ign:9 http://deb.debian.org/debian stretch/main amd64 Packages
#9 0.847 Ign:10 http://deb.debian.org/debian stretch/main all Packages
#9 0.848 Ign:7 http://security.debian.org/debian-security stretch/updates/main all Packages
#9 0.857 Ign:11 http://deb.debian.org/debian stretch-updates/main amd64 Packages
#9 0.868 Ign:12 http://deb.debian.org/debian stretch-updates/main all Packages
#9 0.878 Ign:9 http://deb.debian.org/debian stretch/main amd64 Packages
#9 0.888 Ign:10 http://deb.debian.org/debian stretch/main all Packages
#9 0.898 Ign:11 http://deb.debian.org/debian stretch-updates/main amd64 Packages
#9 0.908 Ign:12 http://deb.debian.org/debian stretch-updates/main all Packages
#9 0.918 Ign:9 http://deb.debian.org/debian stretch/main amd64 Packages
#9 0.929 Ign:10 http://deb.debian.org/debian stretch/main all Packages
#9 0.939 Ign:11 http://deb.debian.org/debian stretch-updates/main amd64 Packages
#9 0.949 Ign:12 http://deb.debian.org/debian stretch-updates/main all Packages
#9 0.959 Err:9 http://deb.debian.org/debian stretch/main amd64 Packages
#9 0.959   404  Not Found
#9 0.978 Ign:10 http://deb.debian.org/debian stretch/main all Packages
#9 0.988 Err:11 http://deb.debian.org/debian stretch-updates/main amd64 Packages
#9 0.988   404  Not Found
#9 0.999 Ign:12 http://deb.debian.org/debian stretch-updates/main all Packages
#9 1.002 Reading package lists...
#9 1.017 W: The repository 'http://security.debian.org/debian-security stretch/updates Release' does not have a Release file.
#9 1.017 W: The repository 'http://deb.debian.org/debian stretch Release' does not have a Release file.
#9 1.017 W: The repository 'http://deb.debian.org/debian stretch-updates Release' does not have a Release file.
#9 1.017 E: Failed to fetch http://security.debian.org/debian-security/dists/stretch/updates/main/binary-amd64/Packages  404  Not Found
#9 1.017 E: Failed to fetch http://deb.debian.org/debian/dists/stretch/main/binary-amd64/Packages  404  Not Found
#9 1.017 E: Failed to fetch http://deb.debian.org/debian/dists/stretch-updates/main/binary-amd64/Packages  404  Not Found
#9 1.017 E: Some index files failed to download. They have been ignored, or old ones used instead.
#9 ERROR: process "/bin/sh -c apt-get update && apt-get install -y cron" did not complete successfully: exit code: 100
------
 > [4/7] RUN apt-get update && apt-get install -y cron:
0.988   404  Not Found
0.999 Ign:12 http://deb.debian.org/debian stretch-updates/main all Packages
1.002 Reading package lists...
1.017 W: The repository 'http://security.debian.org/debian-security stretch/updates Release' does not have a Release file.
1.017 W: The repository 'http://deb.debian.org/debian stretch Release' does not have a Release file.
1.017 W: The repository 'http://deb.debian.org/debian stretch-updates Release' does not have a Release file.
1.017 E: Failed to fetch http://security.debian.org/debian-security/dists/stretch/updates/main/binary-amd64/Packages  404  Not Found
1.017 E: Failed to fetch http://deb.debian.org/debian/dists/stretch/main/binary-amd64/Packages  404  Not Found
1.017 E: Failed to fetch http://deb.debian.org/debian/dists/stretch-updates/main/binary-amd64/Packages  404  Not Found
1.017 E: Some index files failed to download. They have been ignored, or old ones used instead.
------
Dockerfile:6
--------------------
   4 |     WORKDIR /config
   5 |     COPY . /web
   6 | >>> RUN apt-get update && apt-get install -y cron
   7 |     ADD requirements.txt /config/
   8 |     RUN pip install -r requirements.txt
--------------------
ERROR: failed to solve: process "/bin/sh -c apt-get update && apt-get install -y cron" did not complete successfully: exit code: 100
Duration: 1:1.59