#0 building with "default" instance using docker driver

#1 [internal] load .dockerignore
#1 transferring context:
#1 transferring context: 2B done
#1 DONE 0.5s

#2 [internal] load build definition from v1_Dockerfile
#2 transferring dockerfile: 384B done
#2 DONE 0.5s

#3 [internal] load metadata for docker.io/library/python:3.5.3-slim
#3 DONE 0.8s

#4 [1/5] FROM docker.io/library/python:3.5.3-slim@sha256:b04f52a2a0cb52fe648cd379e11329e4790ff9124b6ae11f1848273933abe8ec
#4 resolve docker.io/library/python:3.5.3-slim@sha256:b04f52a2a0cb52fe648cd379e11329e4790ff9124b6ae11f1848273933abe8ec 0.1s done
#4 sha256:2567cbb02293c1c5dec3f6e9a688f6750cea49b3c03d3749f43ab03b177436cc 5.90kB / 5.90kB done
#4 ...

#5 [internal] load build context
#5 transferring context: 60.58kB done
#5 DONE 0.3s

#4 [1/5] FROM docker.io/library/python:3.5.3-slim@sha256:b04f52a2a0cb52fe648cd379e11329e4790ff9124b6ae11f1848273933abe8ec
#4 sha256:b04f52a2a0cb52fe648cd379e11329e4790ff9124b6ae11f1848273933abe8ec 1.37kB / 1.37kB done
#4 sha256:ad74af05f5a24bcf9459ae1cf7718628c2aeb6b587eb51b6eeaf639aca3e566f 0B / 52.61MB 0.2s
#4 sha256:ad74af05f5a24bcf9459ae1cf7718628c2aeb6b587eb51b6eeaf639aca3e566f 8.39MB / 52.61MB 0.4s
#4 sha256:0a004373a9cb06e679ea69cce0b8f6dbc33b7e77aa068d1b9092f499cf371cd2 3.15MB / 3.64MB 0.4s
#4 sha256:98a91263cb54a4a6cdbea29478380451d5c8f5c06a648ba12c3b204700932461 0B / 19.45MB 0.4s
#4 sha256:ad74af05f5a24bcf9459ae1cf7718628c2aeb6b587eb51b6eeaf639aca3e566f 22.02MB / 52.61MB 0.6s
#4 sha256:0a004373a9cb06e679ea69cce0b8f6dbc33b7e77aa068d1b9092f499cf371cd2 3.64MB / 3.64MB 0.4s done
#4 sha256:98a91263cb54a4a6cdbea29478380451d5c8f5c06a648ba12c3b204700932461 8.39MB / 19.45MB 0.6s
#4 sha256:5278d9dbbfc9222c750c50bbec1ad91e1e82c80d0e83d0bd3b3ad5d76cdb412e 0B / 233B 0.6s
#4 sha256:ad74af05f5a24bcf9459ae1cf7718628c2aeb6b587eb51b6eeaf639aca3e566f 33.55MB / 52.61MB 0.8s
#4 sha256:98a91263cb54a4a6cdbea29478380451d5c8f5c06a648ba12c3b204700932461 19.45MB / 19.45MB 0.8s
#4 sha256:5278d9dbbfc9222c750c50bbec1ad91e1e82c80d0e83d0bd3b3ad5d76cdb412e 233B / 233B 0.8s
#4 sha256:ad74af05f5a24bcf9459ae1cf7718628c2aeb6b587eb51b6eeaf639aca3e566f 41.94MB / 52.61MB 0.9s
#4 sha256:ad74af05f5a24bcf9459ae1cf7718628c2aeb6b587eb51b6eeaf639aca3e566f 52.61MB / 52.61MB 1.1s
#4 sha256:98a91263cb54a4a6cdbea29478380451d5c8f5c06a648ba12c3b204700932461 19.45MB / 19.45MB 1.0s done
#4 sha256:5278d9dbbfc9222c750c50bbec1ad91e1e82c80d0e83d0bd3b3ad5d76cdb412e 233B / 233B 1.0s done
#4 sha256:ad74af05f5a24bcf9459ae1cf7718628c2aeb6b587eb51b6eeaf639aca3e566f 52.61MB / 52.61MB 1.8s done
#4 extracting sha256:ad74af05f5a24bcf9459ae1cf7718628c2aeb6b587eb51b6eeaf639aca3e566f 0.1s
#4 sha256:1b922ac708ab974e90bf6af0e87cfa6fbb6c3433719c6dbf5a952d66ebc1f502 0B / 1.74MB 2.0s
#4 sha256:1b922ac708ab974e90bf6af0e87cfa6fbb6c3433719c6dbf5a952d66ebc1f502 1.74MB / 1.74MB 2.0s
#4 sha256:1b922ac708ab974e90bf6af0e87cfa6fbb6c3433719c6dbf5a952d66ebc1f502 1.74MB / 1.74MB 2.1s done
#4 extracting sha256:ad74af05f5a24bcf9459ae1cf7718628c2aeb6b587eb51b6eeaf639aca3e566f 3.0s done
#4 extracting sha256:0a004373a9cb06e679ea69cce0b8f6dbc33b7e77aa068d1b9092f499cf371cd2
#4 extracting sha256:0a004373a9cb06e679ea69cce0b8f6dbc33b7e77aa068d1b9092f499cf371cd2 0.2s done
#4 extracting sha256:98a91263cb54a4a6cdbea29478380451d5c8f5c06a648ba12c3b204700932461
#4 extracting sha256:98a91263cb54a4a6cdbea29478380451d5c8f5c06a648ba12c3b204700932461 1.2s done
#4 extracting sha256:5278d9dbbfc9222c750c50bbec1ad91e1e82c80d0e83d0bd3b3ad5d76cdb412e
#4 extracting sha256:5278d9dbbfc9222c750c50bbec1ad91e1e82c80d0e83d0bd3b3ad5d76cdb412e done
#4 extracting sha256:1b922ac708ab974e90bf6af0e87cfa6fbb6c3433719c6dbf5a952d66ebc1f502
#4 extracting sha256:1b922ac708ab974e90bf6af0e87cfa6fbb6c3433719c6dbf5a952d66ebc1f502 0.2s done
#4 DONE 10.0s

#6 [2/5] RUN apt-get update && apt-get install -y locales && rm -rf /var/lib/apt/lists/* && localedef -i en_US -c -f UTF-8 -A /usr/share/locale/locale.alias en_US.UTF-8
#6 16.98 Ign http://deb.debian.org jessie InRelease
#6 16.99 Ign http://deb.debian.org jessie-updates InRelease
#6 17.00 Ign http://deb.debian.org jessie Release.gpg
#6 17.01 Ign http://deb.debian.org jessie-updates Release.gpg
#6 17.02 Ign http://deb.debian.org jessie Release
#6 17.03 Ign http://deb.debian.org jessie-updates Release
#6 17.11 Ign http://security.debian.org jessie/updates InRelease
#6 17.12 Ign http://security.debian.org jessie/updates Release.gpg
#6 17.12 Err http://deb.debian.org jessie/main amd64 Packages
#6 17.12   404  Not Found
#6 17.13 Err http://deb.debian.org jessie-updates/main amd64 Packages
#6 17.13   404  Not Found
#6 17.27 Ign http://security.debian.org jessie/updates Release
#6 17.41 Err http://security.debian.org jessie/updates/main amd64 Packages
#6 17.41   
#6 17.57 Err http://security.debian.org jessie/updates/main amd64 Packages
#6 17.57   
#6 17.72 Err http://security.debian.org jessie/updates/main amd64 Packages
#6 17.72   
#6 17.87 Err http://security.debian.org jessie/updates/main amd64 Packages
#6 17.87   
#6 18.02 Err http://security.debian.org jessie/updates/main amd64 Packages
#6 18.02   404  Not Found [IP: 151.101.130.132 80]
#6 18.02 W: Failed to fetch http://deb.debian.org/debian/dists/jessie/main/binary-amd64/Packages  404  Not Found
#6 18.02 
#6 18.02 W: Failed to fetch http://deb.debian.org/debian/dists/jessie-updates/main/binary-amd64/Packages  404  Not Found
#6 18.02 
#6 18.02 W: Failed to fetch http://security.debian.org/dists/jessie/updates/main/binary-amd64/Packages  404  Not Found [IP: 151.101.130.132 80]
#6 18.02 
#6 18.02 E: Some index files failed to download. They have been ignored, or old ones used instead.
#6 ERROR: process "/bin/sh -c apt-get update && apt-get install -y locales && rm -rf /var/lib/apt/lists/* && localedef -i en_US -c -f UTF-8 -A /usr/share/locale/locale.alias en_US.UTF-8" did not complete successfully: exit code: 100
------
 > [2/5] RUN apt-get update && apt-get install -y locales && rm -rf /var/lib/apt/lists/* && localedef -i en_US -c -f UTF-8 -A /usr/share/locale/locale.alias en_US.UTF-8:
17.87   
18.02 Err http://security.debian.org jessie/updates/main amd64 Packages
18.02   404  Not Found [IP: 151.101.130.132 80]
18.02 W: Failed to fetch http://deb.debian.org/debian/dists/jessie/main/binary-amd64/Packages  404  Not Found
18.02 
18.02 W: Failed to fetch http://deb.debian.org/debian/dists/jessie-updates/main/binary-amd64/Packages  404  Not Found
18.02 
18.02 W: Failed to fetch http://security.debian.org/dists/jessie/updates/main/binary-amd64/Packages  404  Not Found [IP: 151.101.130.132 80]
18.02 
18.02 E: Some index files failed to download. They have been ignored, or old ones used instead.
------
v1_Dockerfile:3
--------------------
   1 |     FROM python:3.5.3-slim
   2 |     
   3 | >>> RUN apt-get update && apt-get install -y locales && rm -rf /var/lib/apt/lists/* && localedef -i en_US -c -f UTF-8 -A /usr/share/locale/locale.alias en_US.UTF-8
   4 |     
   5 |     COPY requirements.txt /tmp/
--------------------
ERROR: failed to solve: process "/bin/sh -c apt-get update && apt-get install -y locales && rm -rf /var/lib/apt/lists/* && localedef -i en_US -c -f UTF-8 -A /usr/share/locale/locale.alias en_US.UTF-8" did not complete successfully: exit code: 100
Duration: 0:35.00