#0 building with "default" instance using docker driver

#1 [internal] load .dockerignore
#1 ...

#2 [internal] load build definition from Dockerfile
#2 transferring dockerfile: 294B done
#2 DONE 0.3s

#1 [internal] load .dockerignore
#1 transferring context: 167B done
#1 DONE 0.4s

#3 [internal] load metadata for docker.io/library/maven:3.5-jdk-8-slim
#3 ...

#4 [auth] library/maven:pull token for registry-1.docker.io
#4 DONE 0.0s

#3 [internal] load metadata for docker.io/library/maven:3.5-jdk-8-slim
#3 DONE 1.9s

#5 [1/4] FROM docker.io/library/maven:3.5-jdk-8-slim@sha256:ec1edb56d6803521e65f83769063bfe34e4e5264b7e13e90f2c38823ea37503c
#5 resolve docker.io/library/maven:3.5-jdk-8-slim@sha256:ec1edb56d6803521e65f83769063bfe34e4e5264b7e13e90f2c38823ea37503c
#5 resolve docker.io/library/maven:3.5-jdk-8-slim@sha256:ec1edb56d6803521e65f83769063bfe34e4e5264b7e13e90f2c38823ea37503c 0.2s done
#5 sha256:9beeeb05aa4653b87a6fa2268a20c197222c3223c01f5e20552ffaab449b6994 0B / 249B 0.0s
#5 sha256:5daccf5eb3e0a05c0c5594883409f7c1313c23168c5f5efee45a5e79ab581bbc 2.41kB / 2.41kB done
#5 sha256:a045f84d6a3d67b59cb982fd994a082dc384a254e6d001a7673ca8b392219c6a 7.29kB / 7.29kB done
#5 sha256:ec1edb56d6803521e65f83769063bfe34e4e5264b7e13e90f2c38823ea37503c 2.37kB / 2.37kB done
#5 sha256:f17d81b4b692f7e0d6c1176c86b81d9f2cb5ac5349703adca51c61debcfe413c 0B / 22.49MB 0.2s
#5 sha256:9beeeb05aa4653b87a6fa2268a20c197222c3223c01f5e20552ffaab449b6994 249B / 249B 0.2s done
#5 sha256:93c48fea920808538de92047d2615ee465bb0461b3a9c7030e22784400268ffc 0B / 454.84kB 0.3s
#5 sha256:f17d81b4b692f7e0d6c1176c86b81d9f2cb5ac5349703adca51c61debcfe413c 8.39MB / 22.49MB 0.4s
#5 sha256:93c48fea920808538de92047d2615ee465bb0461b3a9c7030e22784400268ffc 454.84kB / 454.84kB 0.4s done
#5 sha256:b1cf2782bd40eebe1d10c7efbde028e6c9321cd49331f11be5354633b0424a88 131B / 131B 0.4s
#5 sha256:f17d81b4b692f7e0d6c1176c86b81d9f2cb5ac5349703adca51c61debcfe413c 18.87MB / 22.49MB 0.6s
#5 sha256:b1cf2782bd40eebe1d10c7efbde028e6c9321cd49331f11be5354633b0424a88 131B / 131B 0.5s done
#5 sha256:2b4c36b48cf1e371776a9e2d07b042373463ffbf2af7f0e5007df73bb426de33 0B / 67.50MB 0.6s
#5 sha256:425e838cd2fa8dcd9e00d2f53da4aea1f7982283b1640c3697bc50ba7ea8bba7 0B / 246.69kB 0.6s
#5 sha256:f17d81b4b692f7e0d6c1176c86b81d9f2cb5ac5349703adca51c61debcfe413c 22.49MB / 22.49MB 0.8s
#5 sha256:2b4c36b48cf1e371776a9e2d07b042373463ffbf2af7f0e5007df73bb426de33 6.29MB / 67.50MB 0.8s
#5 sha256:425e838cd2fa8dcd9e00d2f53da4aea1f7982283b1640c3697bc50ba7ea8bba7 246.69kB / 246.69kB 0.8s
#5 sha256:2b4c36b48cf1e371776a9e2d07b042373463ffbf2af7f0e5007df73bb426de33 13.63MB / 67.50MB 0.9s
#5 sha256:2b4c36b48cf1e371776a9e2d07b042373463ffbf2af7f0e5007df73bb426de33 24.12MB / 67.50MB 1.1s
#5 sha256:f17d81b4b692f7e0d6c1176c86b81d9f2cb5ac5349703adca51c61debcfe413c 22.49MB / 22.49MB 1.1s done
#5 sha256:2b4c36b48cf1e371776a9e2d07b042373463ffbf2af7f0e5007df73bb426de33 31.46MB / 67.50MB 1.2s
#5 sha256:425e838cd2fa8dcd9e00d2f53da4aea1f7982283b1640c3697bc50ba7ea8bba7 246.69kB / 246.69kB 1.1s done
#5 sha256:2b4c36b48cf1e371776a9e2d07b042373463ffbf2af7f0e5007df73bb426de33 36.70MB / 67.50MB 1.2s
#5 extracting sha256:f17d81b4b692f7e0d6c1176c86b81d9f2cb5ac5349703adca51c61debcfe413c 0.1s
#5 sha256:5f5edd63f937c96a688c7404fe3ee5b55c48e2c880acd1b95c51b97ec5e5bf59 0B / 3.95MB 1.3s
#5 sha256:5f5edd63f937c96a688c7404fe3ee5b55c48e2c880acd1b95c51b97ec5e5bf59 1.05MB / 3.95MB 1.3s
#5 sha256:7436b46f9127bcb29932dc463e60b811d09aa7ecc539fe9bd79b342c1ffbb28e 0B / 8.99MB 1.3s
#5 sha256:5f5edd63f937c96a688c7404fe3ee5b55c48e2c880acd1b95c51b97ec5e5bf59 3.95MB / 3.95MB 1.4s
#5 sha256:2b4c36b48cf1e371776a9e2d07b042373463ffbf2af7f0e5007df73bb426de33 40.89MB / 67.50MB 1.5s
#5 sha256:7436b46f9127bcb29932dc463e60b811d09aa7ecc539fe9bd79b342c1ffbb28e 3.15MB / 8.99MB 1.5s
#5 sha256:5f5edd63f937c96a688c7404fe3ee5b55c48e2c880acd1b95c51b97ec5e5bf59 3.95MB / 3.95MB 1.5s done
#5 sha256:7436b46f9127bcb29932dc463e60b811d09aa7ecc539fe9bd79b342c1ffbb28e 8.99MB / 8.99MB 1.7s
#5 sha256:1436442ff75a5c699475d01394857acdd57aa63aadd5b9bdd234e4618faee473 0B / 751B 1.7s
#5 sha256:1436442ff75a5c699475d01394857acdd57aa63aadd5b9bdd234e4618faee473 751B / 751B 1.8s
#5 sha256:2b4c36b48cf1e371776a9e2d07b042373463ffbf2af7f0e5007df73bb426de33 45.09MB / 67.50MB 1.8s
#5 sha256:7436b46f9127bcb29932dc463e60b811d09aa7ecc539fe9bd79b342c1ffbb28e 8.99MB / 8.99MB 1.8s done
#5 sha256:1436442ff75a5c699475d01394857acdd57aa63aadd5b9bdd234e4618faee473 751B / 751B 1.9s done
#5 sha256:259be081cb751ec54c856b0b2a364ba16c338293392bc987b579ad53f26679c3 0B / 361B 2.0s
#5 sha256:2b4c36b48cf1e371776a9e2d07b042373463ffbf2af7f0e5007df73bb426de33 57.67MB / 67.50MB 2.2s
#5 sha256:259be081cb751ec54c856b0b2a364ba16c338293392bc987b579ad53f26679c3 361B / 361B 2.2s
#5 sha256:2b4c36b48cf1e371776a9e2d07b042373463ffbf2af7f0e5007df73bb426de33 62.26MB / 67.50MB 2.3s
#5 sha256:259be081cb751ec54c856b0b2a364ba16c338293392bc987b579ad53f26679c3 361B / 361B 2.3s done
#5 sha256:2b4c36b48cf1e371776a9e2d07b042373463ffbf2af7f0e5007df73bb426de33 66.06MB / 67.50MB 2.4s
#5 extracting sha256:f17d81b4b692f7e0d6c1176c86b81d9f2cb5ac5349703adca51c61debcfe413c 1.5s done
#5 sha256:2b4c36b48cf1e371776a9e2d07b042373463ffbf2af7f0e5007df73bb426de33 67.50MB / 67.50MB 3.5s done
#5 extracting sha256:93c48fea920808538de92047d2615ee465bb0461b3a9c7030e22784400268ffc
#5 extracting sha256:93c48fea920808538de92047d2615ee465bb0461b3a9c7030e22784400268ffc 0.1s done
#5 extracting sha256:9beeeb05aa4653b87a6fa2268a20c197222c3223c01f5e20552ffaab449b6994
#5 extracting sha256:9beeeb05aa4653b87a6fa2268a20c197222c3223c01f5e20552ffaab449b6994 done
#5 extracting sha256:b1cf2782bd40eebe1d10c7efbde028e6c9321cd49331f11be5354633b0424a88
#5 extracting sha256:b1cf2782bd40eebe1d10c7efbde028e6c9321cd49331f11be5354633b0424a88 done
#5 extracting sha256:2b4c36b48cf1e371776a9e2d07b042373463ffbf2af7f0e5007df73bb426de33
#5 extracting sha256:2b4c36b48cf1e371776a9e2d07b042373463ffbf2af7f0e5007df73bb426de33 3.6s done
#5 extracting sha256:425e838cd2fa8dcd9e00d2f53da4aea1f7982283b1640c3697bc50ba7ea8bba7
#5 extracting sha256:425e838cd2fa8dcd9e00d2f53da4aea1f7982283b1640c3697bc50ba7ea8bba7 0.1s done
#5 extracting sha256:5f5edd63f937c96a688c7404fe3ee5b55c48e2c880acd1b95c51b97ec5e5bf59
#5 extracting sha256:5f5edd63f937c96a688c7404fe3ee5b55c48e2c880acd1b95c51b97ec5e5bf59 0.3s done
#5 extracting sha256:7436b46f9127bcb29932dc463e60b811d09aa7ecc539fe9bd79b342c1ffbb28e
#5 extracting sha256:7436b46f9127bcb29932dc463e60b811d09aa7ecc539fe9bd79b342c1ffbb28e 0.3s done
#5 extracting sha256:1436442ff75a5c699475d01394857acdd57aa63aadd5b9bdd234e4618faee473
#5 extracting sha256:1436442ff75a5c699475d01394857acdd57aa63aadd5b9bdd234e4618faee473 done
#5 extracting sha256:259be081cb751ec54c856b0b2a364ba16c338293392bc987b579ad53f26679c3
#5 extracting sha256:259be081cb751ec54c856b0b2a364ba16c338293392bc987b579ad53f26679c3 done
#5 DONE 12.8s

#6 [2/4] RUN apt-get -y update && apt-get -y install git
#6 0.492 Ign:1 http://deb.debian.org/debian stretch InRelease
#6 0.502 Ign:2 http://deb.debian.org/debian stretch-updates InRelease
#6 0.512 Ign:3 http://deb.debian.org/debian stretch Release
#6 0.522 Ign:4 http://deb.debian.org/debian stretch-updates Release
#6 0.533 Ign:5 http://deb.debian.org/debian stretch/main amd64 Packages
#6 0.543 Ign:6 http://deb.debian.org/debian stretch/main all Packages
#6 0.552 Ign:7 http://deb.debian.org/debian stretch-updates/main all Packages
#6 0.563 Ign:8 http://deb.debian.org/debian stretch-updates/main amd64 Packages
#6 0.572 Ign:5 http://deb.debian.org/debian stretch/main amd64 Packages
#6 0.582 Ign:6 http://deb.debian.org/debian stretch/main all Packages
#6 0.591 Ign:7 http://deb.debian.org/debian stretch-updates/main all Packages
#6 0.602 Ign:8 http://deb.debian.org/debian stretch-updates/main amd64 Packages
#6 0.612 Ign:5 http://deb.debian.org/debian stretch/main amd64 Packages
#6 0.621 Ign:6 http://deb.debian.org/debian stretch/main all Packages
#6 0.629 Ign:9 http://security.debian.org/debian-security stretch/updates InRelease
#6 0.631 Ign:7 http://deb.debian.org/debian stretch-updates/main all Packages
#6 0.640 Ign:8 http://deb.debian.org/debian stretch-updates/main amd64 Packages
#6 0.650 Ign:5 http://deb.debian.org/debian stretch/main amd64 Packages
#6 0.660 Ign:6 http://deb.debian.org/debian stretch/main all Packages
#6 0.670 Ign:7 http://deb.debian.org/debian stretch-updates/main all Packages
#6 0.679 Ign:8 http://deb.debian.org/debian stretch-updates/main amd64 Packages
#6 0.689 Ign:5 http://deb.debian.org/debian stretch/main amd64 Packages
#6 0.699 Ign:6 http://deb.debian.org/debian stretch/main all Packages
#6 0.709 Ign:7 http://deb.debian.org/debian stretch-updates/main all Packages
#6 0.719 Ign:8 http://deb.debian.org/debian stretch-updates/main amd64 Packages
#6 0.729 Err:5 http://deb.debian.org/debian stretch/main amd64 Packages
#6 0.729   404  Not Found
#6 0.747 Ign:6 http://deb.debian.org/debian stretch/main all Packages
#6 0.758 Ign:7 http://deb.debian.org/debian stretch-updates/main all Packages
#6 0.768 Err:8 http://deb.debian.org/debian stretch-updates/main amd64 Packages
#6 0.768   404  Not Found
#6 0.783 Ign:10 http://security.debian.org/debian-security stretch/updates Release
#6 0.934 Ign:11 http://security.debian.org/debian-security stretch/updates/main all Packages
#6 1.085 Ign:12 http://security.debian.org/debian-security stretch/updates/main amd64 Packages
#6 1.251 Ign:11 http://security.debian.org/debian-security stretch/updates/main all Packages
#6 1.403 Ign:12 http://security.debian.org/debian-security stretch/updates/main amd64 Packages
#6 1.555 Ign:11 http://security.debian.org/debian-security stretch/updates/main all Packages
#6 1.706 Ign:12 http://security.debian.org/debian-security stretch/updates/main amd64 Packages
#6 1.859 Ign:11 http://security.debian.org/debian-security stretch/updates/main all Packages
#6 2.014 Ign:12 http://security.debian.org/debian-security stretch/updates/main amd64 Packages
#6 2.175 Ign:11 http://security.debian.org/debian-security stretch/updates/main all Packages
#6 2.357 Ign:12 http://security.debian.org/debian-security stretch/updates/main amd64 Packages
#6 2.508 Ign:11 http://security.debian.org/debian-security stretch/updates/main all Packages
#6 2.661 Err:12 http://security.debian.org/debian-security stretch/updates/main amd64 Packages
#6 2.661   404  Not Found [IP: 151.101.66.132 80]
#6 2.665 Reading package lists...
#6 2.675 W: The repository 'http://deb.debian.org/debian stretch Release' does not have a Release file.
#6 2.675 W: The repository 'http://deb.debian.org/debian stretch-updates Release' does not have a Release file.
#6 2.675 W: The repository 'http://security.debian.org/debian-security stretch/updates Release' does not have a Release file.
#6 2.675 E: Failed to fetch http://deb.debian.org/debian/dists/stretch/main/binary-amd64/Packages  404  Not Found
#6 2.675 E: Failed to fetch http://deb.debian.org/debian/dists/stretch-updates/main/binary-amd64/Packages  404  Not Found
#6 2.675 E: Failed to fetch http://security.debian.org/debian-security/dists/stretch/updates/main/binary-amd64/Packages  404  Not Found [IP: 151.101.66.132 80]
#6 2.675 E: Some index files failed to download. They have been ignored, or old ones used instead.
#6 ERROR: process "/bin/sh -c apt-get -y update && apt-get -y install git" did not complete successfully: exit code: 100
------
 > [2/4] RUN apt-get -y update && apt-get -y install git:
2.661 Err:12 http://security.debian.org/debian-security stretch/updates/main amd64 Packages
2.661   404  Not Found [IP: 151.101.66.132 80]
2.665 Reading package lists...
2.675 W: The repository 'http://deb.debian.org/debian stretch Release' does not have a Release file.
2.675 W: The repository 'http://deb.debian.org/debian stretch-updates Release' does not have a Release file.
2.675 W: The repository 'http://security.debian.org/debian-security stretch/updates Release' does not have a Release file.
2.675 E: Failed to fetch http://deb.debian.org/debian/dists/stretch/main/binary-amd64/Packages  404  Not Found
2.675 E: Failed to fetch http://deb.debian.org/debian/dists/stretch-updates/main/binary-amd64/Packages  404  Not Found
2.675 E: Failed to fetch http://security.debian.org/debian-security/dists/stretch/updates/main/binary-amd64/Packages  404  Not Found [IP: 151.101.66.132 80]
2.675 E: Some index files failed to download. They have been ignored, or old ones used instead.
------
Dockerfile:4
--------------------
   2 |     
   3 |     # install git
   4 | >>> RUN apt-get -y update && apt-get -y install git
   5 |     RUN apt-get clean && rm -rf /var/lib/apt/lists/* /tmp/* /var/tmp/* /usr/share/man/?? /usr/share/man/??_*
   6 |     
--------------------
ERROR: failed to solve: process "/bin/sh -c apt-get -y update && apt-get -y install git" did not complete successfully: exit code: 100
Duration: 0:23.83