#0 building with "default" instance using docker driver

#1 [internal] load build definition from v1_Dockerfile
#1 transferring dockerfile: 372B done
#1 DONE 0.0s

#2 [internal] load metadata for docker.io/mhart/alpine-node:9
#2 ...

#3 [auth] mhart/alpine-node:pull token for registry-1.docker.io
#3 DONE 0.0s

#2 [internal] load metadata for docker.io/mhart/alpine-node:9
#2 DONE 1.0s

#4 [internal] load .dockerignore
#4 transferring context: 2B done
#4 DONE 0.0s

#5 [internal] load build context
#5 transferring context: 1.83MB 0.0s done
#5 DONE 0.1s

#6 [1/4] FROM docker.io/mhart/alpine-node:9@sha256:3c3f7e30beb78b26a602f12da483d4fa0132e6d2b625c3c1b752c8a8f0fbd359
#6 resolve docker.io/mhart/alpine-node:9@sha256:3c3f7e30beb78b26a602f12da483d4fa0132e6d2b625c3c1b752c8a8f0fbd359 0.0s done
#6 sha256:3c3f7e30beb78b26a602f12da483d4fa0132e6d2b625c3c1b752c8a8f0fbd359 740B / 740B done
#6 sha256:bd69a82c390b85bfa0c4e646b1a932d4a92c75a7f9fae147fdc92a63962130ff 6.87kB / 6.87kB done
#6 sha256:ff3a5c916c92643ff77519ffa742d3ec61b7f591b6b7504599d95a4a41134e28 0B / 2.07MB 0.2s
#6 sha256:c77918da3c7293b6396cb86435332998e984ccc110626edbf1f2578fcd3e777a 0B / 20.86MB 0.2s
#6 sha256:ff3a5c916c92643ff77519ffa742d3ec61b7f591b6b7504599d95a4a41134e28 2.07MB / 2.07MB 0.3s
#6 extracting sha256:ff3a5c916c92643ff77519ffa742d3ec61b7f591b6b7504599d95a4a41134e28
#6 sha256:ff3a5c916c92643ff77519ffa742d3ec61b7f591b6b7504599d95a4a41134e28 2.07MB / 2.07MB 0.3s done
#6 sha256:c77918da3c7293b6396cb86435332998e984ccc110626edbf1f2578fcd3e777a 1.05MB / 20.86MB 0.5s
#6 extracting sha256:ff3a5c916c92643ff77519ffa742d3ec61b7f591b6b7504599d95a4a41134e28 0.1s done
#6 sha256:c77918da3c7293b6396cb86435332998e984ccc110626edbf1f2578fcd3e777a 9.44MB / 20.86MB 0.7s
#6 sha256:c77918da3c7293b6396cb86435332998e984ccc110626edbf1f2578fcd3e777a 14.68MB / 20.86MB 0.8s
#6 sha256:c77918da3c7293b6396cb86435332998e984ccc110626edbf1f2578fcd3e777a 20.86MB / 20.86MB 0.9s
#6 sha256:c77918da3c7293b6396cb86435332998e984ccc110626edbf1f2578fcd3e777a 20.86MB / 20.86MB 0.9s done
#6 extracting sha256:c77918da3c7293b6396cb86435332998e984ccc110626edbf1f2578fcd3e777a 0.1s
#6 extracting sha256:c77918da3c7293b6396cb86435332998e984ccc110626edbf1f2578fcd3e777a 2.2s done
#6 DONE 3.3s

#7 [2/4] WORKDIR /app
#7 DONE 0.4s

#8 [3/4] COPY . /app
#8 DONE 0.1s

#9 [4/4] RUN rm -f package-lock.json     && rm -rf .idea     && rm -rf node_modules     && npm config set registry "https://registry.npm.taobao.org/"     && npm install
#9 3.064 npm ERR! code CERT_HAS_EXPIRED
#9 3.064 npm ERR! errno CERT_HAS_EXPIRED
#9 3.064 npm ERR! request to https://registry.npm.taobao.org/axios failed, reason: certificate has expired
#9 3.070 
#9 3.070 npm ERR! A complete log of this run can be found in:
#9 3.070 npm ERR!     /root/.npm/_logs/2024-08-01T01_48_05_673Z-debug.log
#9 ERROR: process "/bin/sh -c rm -f package-lock.json     && rm -rf .idea     && rm -rf node_modules     && npm config set registry \"https://registry.npm.taobao.org/\"     && npm install" did not complete successfully: exit code: 1
------
 > [4/4] RUN rm -f package-lock.json     && rm -rf .idea     && rm -rf node_modules     && npm config set registry "https://registry.npm.taobao.org/"     && npm install:
3.064 npm ERR! code CERT_HAS_EXPIRED
3.064 npm ERR! errno CERT_HAS_EXPIRED
3.064 npm ERR! request to https://registry.npm.taobao.org/axios failed, reason: certificate has expired
3.070 
3.070 npm ERR! A complete log of this run can be found in:
3.070 npm ERR!     /root/.npm/_logs/2024-08-01T01_48_05_673Z-debug.log
------
v1_Dockerfile:7
--------------------
   6 |     
   7 | >>> RUN rm -f package-lock.json \
   8 | >>>     && rm -rf .idea \
   9 | >>>     && rm -rf node_modules \
  10 | >>>     && npm config set registry "https://registry.npm.taobao.org/" \
  11 | >>>     && npm install
  12 |     
--------------------
ERROR: failed to solve: process "/bin/sh -c rm -f package-lock.json     && rm -rf .idea     && rm -rf node_modules     && npm config set registry \"https://registry.npm.taobao.org/\"     && npm install" did not complete successfully: exit code: 1
Duration: 0:8.30