#0 building with "default" instance using docker driver

#1 [internal] load build definition from v1_Dockerfile
#1 transferring dockerfile: 2.44kB done
#1 DONE 0.0s

#2 [internal] load metadata for docker.io/library/php:8.1-apache
#2 ...

#3 [auth] library/php:pull token for registry-1.docker.io
#3 DONE 0.0s

#4 [auth] library/composer:pull token for registry-1.docker.io
#4 DONE 0.0s

#5 [internal] load metadata for docker.io/library/composer:latest
#5 ...

#2 [internal] load metadata for docker.io/library/php:8.1-apache
#2 DONE 0.9s

#5 [internal] load metadata for docker.io/library/composer:latest
#5 DONE 1.0s

#6 [internal] load .dockerignore
#6 transferring context: 217B done
#6 DONE 0.0s

#7 [internal] load build context
#7 DONE 0.0s

#8 [stage-1  1/14] FROM docker.io/library/php:8.1-apache@sha256:20b54d2104bad48cee81bb66a59c5eb74ba872782b8b016b872bbbf6c3a2c57c
#8 resolve docker.io/library/php:8.1-apache@sha256:20b54d2104bad48cee81bb66a59c5eb74ba872782b8b016b872bbbf6c3a2c57c 0.0s done
#8 ...

#7 [internal] load build context
#7 transferring context: 603.08kB 0.0s done
#7 DONE 0.1s

#8 [stage-1  1/14] FROM docker.io/library/php:8.1-apache@sha256:20b54d2104bad48cee81bb66a59c5eb74ba872782b8b016b872bbbf6c3a2c57c
#8 sha256:20b54d2104bad48cee81bb66a59c5eb74ba872782b8b016b872bbbf6c3a2c57c 1.86kB / 1.86kB done
#8 sha256:efc2b5ad9eec05befa54239d53feeae3569ccbef689aa5e5dbfc25da6c4df559 0B / 29.13MB 0.1s
#8 sha256:a6a83fa76a2b6c79f2ceb6a3ac1d705844e9f1b13544b372353738d852317d8a 0B / 224B 0.1s
#8 sha256:efb3cd9e6b429af5419fe7f9a9d1ebd1b80eec307fb1eb50d85e9ce901775300 0B / 104.35MB 0.1s
#8 sha256:82edfa1356dba1ef4b068be10104f0e14b7dd7c79dc7c414c37288094f767f00 3.04kB / 3.04kB done
#8 sha256:31bddac07ddc4a9355ee1f0de929940f31528b3166ebc27edbe7d3924994ac6c 12.86kB / 12.86kB done
#8 sha256:efc2b5ad9eec05befa54239d53feeae3569ccbef689aa5e5dbfc25da6c4df559 5.24MB / 29.13MB 0.5s
#8 sha256:a6a83fa76a2b6c79f2ceb6a3ac1d705844e9f1b13544b372353738d852317d8a 224B / 224B 0.3s done
#8 sha256:efb3cd9e6b429af5419fe7f9a9d1ebd1b80eec307fb1eb50d85e9ce901775300 14.68MB / 104.35MB 0.5s
#8 sha256:f41714dd6e6a02a12b553a69607d296b4acfe06ebfd34170e47f89ce43f2fd09 225B / 225B 0.4s done
#8 sha256:e362d14d0b88a76a0df065fd31bfc25b16f4f2afc88ecb30273c08bd21d1ab60 0B / 20.33MB 0.5s
#8 sha256:efc2b5ad9eec05befa54239d53feeae3569ccbef689aa5e5dbfc25da6c4df559 9.44MB / 29.13MB 0.6s
#8 sha256:efb3cd9e6b429af5419fe7f9a9d1ebd1b80eec307fb1eb50d85e9ce901775300 22.02MB / 104.35MB 0.6s
#8 sha256:efc2b5ad9eec05befa54239d53feeae3569ccbef689aa5e5dbfc25da6c4df559 19.92MB / 29.13MB 0.8s
#8 sha256:efb3cd9e6b429af5419fe7f9a9d1ebd1b80eec307fb1eb50d85e9ce901775300 33.55MB / 104.35MB 0.8s
#8 sha256:e362d14d0b88a76a0df065fd31bfc25b16f4f2afc88ecb30273c08bd21d1ab60 1.05MB / 20.33MB 0.8s
#8 sha256:efc2b5ad9eec05befa54239d53feeae3569ccbef689aa5e5dbfc25da6c4df559 26.21MB / 29.13MB 1.0s
#8 sha256:efb3cd9e6b429af5419fe7f9a9d1ebd1b80eec307fb1eb50d85e9ce901775300 46.14MB / 104.35MB 1.0s
#8 sha256:e362d14d0b88a76a0df065fd31bfc25b16f4f2afc88ecb30273c08bd21d1ab60 4.19MB / 20.33MB 1.0s
#8 sha256:efc2b5ad9eec05befa54239d53feeae3569ccbef689aa5e5dbfc25da6c4df559 29.13MB / 29.13MB 1.1s
#8 sha256:efb3cd9e6b429af5419fe7f9a9d1ebd1b80eec307fb1eb50d85e9ce901775300 52.43MB / 104.35MB 1.1s
#8 sha256:e362d14d0b88a76a0df065fd31bfc25b16f4f2afc88ecb30273c08bd21d1ab60 5.24MB / 20.33MB 1.1s
#8 extracting sha256:efc2b5ad9eec05befa54239d53feeae3569ccbef689aa5e5dbfc25da6c4df559
#8 sha256:efc2b5ad9eec05befa54239d53feeae3569ccbef689aa5e5dbfc25da6c4df559 29.13MB / 29.13MB 1.1s done
#8 sha256:efb3cd9e6b429af5419fe7f9a9d1ebd1b80eec307fb1eb50d85e9ce901775300 60.82MB / 104.35MB 1.2s
#8 sha256:e362d14d0b88a76a0df065fd31bfc25b16f4f2afc88ecb30273c08bd21d1ab60 8.39MB / 20.33MB 1.2s
#8 sha256:d1b475c73fa4cd4c57941308b5448392792620bdb6654ebde07c1856ea462830 0B / 436B 1.2s
#8 sha256:efb3cd9e6b429af5419fe7f9a9d1ebd1b80eec307fb1eb50d85e9ce901775300 67.11MB / 104.35MB 1.3s
#8 sha256:e362d14d0b88a76a0df065fd31bfc25b16f4f2afc88ecb30273c08bd21d1ab60 12.58MB / 20.33MB 1.3s
#8 sha256:d1b475c73fa4cd4c57941308b5448392792620bdb6654ebde07c1856ea462830 436B / 436B 1.2s done
#8 sha256:8c1c872d3db8284d29f89158d5ecb0ff14ebbc08e78834d499468496a1232bd9 0B / 484B 1.3s
#8 sha256:efb3cd9e6b429af5419fe7f9a9d1ebd1b80eec307fb1eb50d85e9ce901775300 73.40MB / 104.35MB 1.4s
#8 sha256:e362d14d0b88a76a0df065fd31bfc25b16f4f2afc88ecb30273c08bd21d1ab60 16.78MB / 20.33MB 1.4s
#8 sha256:8c1c872d3db8284d29f89158d5ecb0ff14ebbc08e78834d499468496a1232bd9 484B / 484B 1.4s done
#8 sha256:779aa4c257b37678504b4b45883431bcb72c96c581602376ac5cb54b96bdd763 0B / 12.16MB 1.4s
#8 sha256:efb3cd9e6b429af5419fe7f9a9d1ebd1b80eec307fb1eb50d85e9ce901775300 85.98MB / 104.35MB 1.6s
#8 sha256:e362d14d0b88a76a0df065fd31bfc25b16f4f2afc88ecb30273c08bd21d1ab60 20.33MB / 20.33MB 1.5s done
#8 sha256:779aa4c257b37678504b4b45883431bcb72c96c581602376ac5cb54b96bdd763 4.19MB / 12.16MB 1.6s
#8 sha256:fd3ef6f77923fa8abe1781df9028c8562854fd897e0f31d27a44613ecfb847ec 0B / 493B 1.6s
#8 sha256:efb3cd9e6b429af5419fe7f9a9d1ebd1b80eec307fb1eb50d85e9ce901775300 91.23MB / 104.35MB 1.7s
#8 sha256:779aa4c257b37678504b4b45883431bcb72c96c581602376ac5cb54b96bdd763 10.49MB / 12.16MB 1.7s
#8 sha256:fd3ef6f77923fa8abe1781df9028c8562854fd897e0f31d27a44613ecfb847ec 493B / 493B 1.6s done
#8 sha256:d2c7ac1aa6e2247bf6ac2e6cb8ae6d3adf514082075c7bfa21e37685da7d8c16 0B / 11.16MB 1.7s
#8 sha256:efb3cd9e6b429af5419fe7f9a9d1ebd1b80eec307fb1eb50d85e9ce901775300 98.57MB / 104.35MB 1.8s
#8 sha256:779aa4c257b37678504b4b45883431bcb72c96c581602376ac5cb54b96bdd763 12.16MB / 12.16MB 1.8s
#8 sha256:d2c7ac1aa6e2247bf6ac2e6cb8ae6d3adf514082075c7bfa21e37685da7d8c16 3.15MB / 11.16MB 1.8s
#8 sha256:efb3cd9e6b429af5419fe7f9a9d1ebd1b80eec307fb1eb50d85e9ce901775300 104.35MB / 104.35MB 1.9s
#8 sha256:779aa4c257b37678504b4b45883431bcb72c96c581602376ac5cb54b96bdd763 12.16MB / 12.16MB 1.8s done
#8 sha256:d2c7ac1aa6e2247bf6ac2e6cb8ae6d3adf514082075c7bfa21e37685da7d8c16 7.34MB / 11.16MB 1.9s
#8 sha256:2acfa523b99da95ea5fdbc701fcf32e7bb7df0abf096c63c67fad4db97b5ac96 0B / 2.46kB 1.9s
#8 sha256:d2c7ac1aa6e2247bf6ac2e6cb8ae6d3adf514082075c7bfa21e37685da7d8c16 11.16MB / 11.16MB 2.0s
#8 sha256:2acfa523b99da95ea5fdbc701fcf32e7bb7df0abf096c63c67fad4db97b5ac96 2.46kB / 2.46kB 2.0s
#8 sha256:efb3cd9e6b429af5419fe7f9a9d1ebd1b80eec307fb1eb50d85e9ce901775300 104.35MB / 104.35MB 2.2s done
#8 sha256:d2c7ac1aa6e2247bf6ac2e6cb8ae6d3adf514082075c7bfa21e37685da7d8c16 11.16MB / 11.16MB 2.2s done
#8 sha256:2acfa523b99da95ea5fdbc701fcf32e7bb7df0abf096c63c67fad4db97b5ac96 2.46kB / 2.46kB 2.2s done
#8 sha256:3eca0a80d1a5344c54a8ca12f4adf72e00bf5d8ea0f649f67b495b2e166263e9 247B / 247B 2.3s
#8 sha256:2bfbfa103fe53d07038fd5ba6606292a29930ea456fd9765ab652b6b1a226cb1 0B / 893B 2.3s
#8 sha256:3eca0a80d1a5344c54a8ca12f4adf72e00bf5d8ea0f649f67b495b2e166263e9 247B / 247B 2.3s done
#8 sha256:2bfbfa103fe53d07038fd5ba6606292a29930ea456fd9765ab652b6b1a226cb1 893B / 893B 2.4s done
#8 extracting sha256:efc2b5ad9eec05befa54239d53feeae3569ccbef689aa5e5dbfc25da6c4df559 2.0s done
#8 extracting sha256:a6a83fa76a2b6c79f2ceb6a3ac1d705844e9f1b13544b372353738d852317d8a done
#8 extracting sha256:efb3cd9e6b429af5419fe7f9a9d1ebd1b80eec307fb1eb50d85e9ce901775300
#8 ...

#9 FROM docker.io/library/composer:latest@sha256:6d2b5386580c3ba67399c6ccfb50873146d68fcd7c31549f8802781559bed709
#9 resolve docker.io/library/composer:latest@sha256:6d2b5386580c3ba67399c6ccfb50873146d68fcd7c31549f8802781559bed709 0.0s done
#9 sha256:6d2b5386580c3ba67399c6ccfb50873146d68fcd7c31549f8802781559bed709 10.07kB / 10.07kB done
#9 sha256:dbb1e001ed2c7b71cf83a0d4482e646aa3d63181228f2deb0e12402ae1c26ae3 3.60kB / 3.60kB done
#9 sha256:a59edfa96e04c4d40ecfe7465485035976d7595276702cd00161632f08edd837 11.32kB / 11.32kB done
#9 sha256:c6a83fedfae6ed8a4f5f7cbb6a7b6f1c1ec3d86fea8cb9e5ba2e5e6673fde9f6 3.62MB / 3.62MB 2.5s done
#9 sha256:3ae0d9dfc4dada15e6a030ba7b9c9a3b16f9f5a7597a4d46ff24226e91b91db7 3.27MB / 3.27MB 2.6s done
#9 sha256:ce295ca8623e5dc914104e970c5496db996db5f2abb336389bcbadd10465d21d 941B / 941B 2.5s done
#9 extracting sha256:c6a83fedfae6ed8a4f5f7cbb6a7b6f1c1ec3d86fea8cb9e5ba2e5e6673fde9f6 0.1s done
#9 sha256:60d3eb99f3c122bc8d6c22107602ed9c22fce771289b54bb2598142d1626f693 223B / 223B 2.6s done
#9 sha256:5da48d7a5e0690b25131025f4187cd876e3ef774226b1565897b1d8a7bd5e5dd 12.49MB / 12.49MB 2.9s done
#9 extracting sha256:3ae0d9dfc4dada15e6a030ba7b9c9a3b16f9f5a7597a4d46ff24226e91b91db7 0.1s done
#9 sha256:61e142cb738903ef1899d23399f4e2e6300c8874a2c664604ec9b2775ef9e258 497B / 497B 2.7s done
#9 sha256:29730a6e13b27677c98aae645d2b244d383908506ec4529f6e3f3b447d6b1a70 17.21MB / 17.21MB 3.0s done
#9 sha256:e6c72ceb0cb5822610cc809ab8555d5d0668bcc1cefae5ec982bae91a0ed6ef1 2.44kB / 2.44kB 2.8s done
#9 sha256:51ea4d2072fa2a974ecf0027c6c9717307073d1cb4e7e4f583505df1c1e58c3d 19.69kB / 19.69kB 2.9s done
#9 sha256:bddc30664defc9178e7de252e34a38b8d9cd973bf68410e69eda9ede2f2b18fe 30.65MB / 30.65MB 3.5s done
#9 extracting sha256:ce295ca8623e5dc914104e970c5496db996db5f2abb336389bcbadd10465d21d done
#9 extracting sha256:60d3eb99f3c122bc8d6c22107602ed9c22fce771289b54bb2598142d1626f693 done
#9 extracting sha256:5da48d7a5e0690b25131025f4187cd876e3ef774226b1565897b1d8a7bd5e5dd 0.1s done
#9 sha256:8ab37c093bb0c54711c78f5434cbaa709ae1f534353f9b29d2f4710589c38e52 256B / 256B 3.1s done
#9 sha256:59263a7d833e2240d71355983d8e0d2c4c2bdf546673200077ef628158d6a4bd 946.32kB / 946.32kB 3.2s done
#9 sha256:b714dd3075313227921c065d66d109fd72e875b8d96d52fd4761dcd321abc26f 419B / 419B 3.2s done
#9 extracting sha256:61e142cb738903ef1899d23399f4e2e6300c8874a2c664604ec9b2775ef9e258 done
#9 extracting sha256:29730a6e13b27677c98aae645d2b244d383908506ec4529f6e3f3b447d6b1a70 1.0s done
#9 sha256:0e98278c16ae19ff7bfb6995b6467b1172e90b1879571538d2ef70a3073b295a 93B / 93B 3.3s done
#9 extracting sha256:e6c72ceb0cb5822610cc809ab8555d5d0668bcc1cefae5ec982bae91a0ed6ef1 done
#9 extracting sha256:51ea4d2072fa2a974ecf0027c6c9717307073d1cb4e7e4f583505df1c1e58c3d done
#9 extracting sha256:bddc30664defc9178e7de252e34a38b8d9cd973bf68410e69eda9ede2f2b18fe 1.6s done
#9 extracting sha256:8ab37c093bb0c54711c78f5434cbaa709ae1f534353f9b29d2f4710589c38e52 done
#9 extracting sha256:59263a7d833e2240d71355983d8e0d2c4c2bdf546673200077ef628158d6a4bd 0.0s done
#9 extracting sha256:b714dd3075313227921c065d66d109fd72e875b8d96d52fd4761dcd321abc26f done
#9 extracting sha256:0e98278c16ae19ff7bfb6995b6467b1172e90b1879571538d2ef70a3073b295a done
#9 DONE 6.6s

#8 [stage-1  1/14] FROM docker.io/library/php:8.1-apache@sha256:20b54d2104bad48cee81bb66a59c5eb74ba872782b8b016b872bbbf6c3a2c57c
#8 extracting sha256:efb3cd9e6b429af5419fe7f9a9d1ebd1b80eec307fb1eb50d85e9ce901775300 5.1s done
#8 extracting sha256:f41714dd6e6a02a12b553a69607d296b4acfe06ebfd34170e47f89ce43f2fd09
#8 extracting sha256:f41714dd6e6a02a12b553a69607d296b4acfe06ebfd34170e47f89ce43f2fd09 done
#8 extracting sha256:e362d14d0b88a76a0df065fd31bfc25b16f4f2afc88ecb30273c08bd21d1ab60
#8 extracting sha256:e362d14d0b88a76a0df065fd31bfc25b16f4f2afc88ecb30273c08bd21d1ab60 0.8s done
#8 extracting sha256:d1b475c73fa4cd4c57941308b5448392792620bdb6654ebde07c1856ea462830
#8 extracting sha256:d1b475c73fa4cd4c57941308b5448392792620bdb6654ebde07c1856ea462830 done
#8 extracting sha256:8c1c872d3db8284d29f89158d5ecb0ff14ebbc08e78834d499468496a1232bd9 done
#8 extracting sha256:779aa4c257b37678504b4b45883431bcb72c96c581602376ac5cb54b96bdd763 0.1s
#8 extracting sha256:779aa4c257b37678504b4b45883431bcb72c96c581602376ac5cb54b96bdd763 0.2s done
#8 extracting sha256:fd3ef6f77923fa8abe1781df9028c8562854fd897e0f31d27a44613ecfb847ec
#8 extracting sha256:fd3ef6f77923fa8abe1781df9028c8562854fd897e0f31d27a44613ecfb847ec done
#8 extracting sha256:d2c7ac1aa6e2247bf6ac2e6cb8ae6d3adf514082075c7bfa21e37685da7d8c16 0.1s
#8 extracting sha256:d2c7ac1aa6e2247bf6ac2e6cb8ae6d3adf514082075c7bfa21e37685da7d8c16 0.7s done
#8 extracting sha256:2acfa523b99da95ea5fdbc701fcf32e7bb7df0abf096c63c67fad4db97b5ac96
#8 extracting sha256:2acfa523b99da95ea5fdbc701fcf32e7bb7df0abf096c63c67fad4db97b5ac96 done
#8 extracting sha256:3eca0a80d1a5344c54a8ca12f4adf72e00bf5d8ea0f649f67b495b2e166263e9 done
#8 extracting sha256:2bfbfa103fe53d07038fd5ba6606292a29930ea456fd9765ab652b6b1a226cb1 done
#8 DONE 12.2s

#10 [build  2/10] WORKDIR /build
#10 ...

#11 [stage-1  2/14] WORKDIR /var/www/html
#11 DONE 0.4s

#10 [build  2/10] WORKDIR /build
#10 DONE 0.4s

#12 [build  3/10] RUN apt-get update && apt-get install --no-install-recommends -y git wget zip libmpdec-dev     && pecl install decimal     && docker-php-ext-enable decimal && rm -rf /var/lib/apt/lists/*;
#12 0.303 Get:1 http://deb.debian.org/debian bookworm InRelease [151 kB]
#12 0.348 Get:2 http://deb.debian.org/debian bookworm-updates InRelease [55.4 kB]
#12 0.361 Get:3 http://deb.debian.org/debian-security bookworm-security InRelease [48.0 kB]
#12 0.418 Get:4 http://deb.debian.org/debian bookworm/main amd64 Packages [8788 kB]
#12 0.984 Get:5 http://deb.debian.org/debian bookworm-updates/main amd64 Packages [13.8 kB]
#12 0.984 Get:6 http://deb.debian.org/debian-security bookworm-security/main amd64 Packages [169 kB]
#12 2.127 Fetched 9225 kB in 2s (5001 kB/s)
#12 2.127 Reading package lists...
#12 2.721 Reading package lists...
#12 ...

#13 [stage-1  3/14] RUN apt-get update && apt-get install --no-install-recommends -y zip zlib1g-dev libzip-dev libmpdec-dev uuid-dev     && docker-php-ext-install zip opcache     && pecl install decimal uuid     && docker-php-ext-enable decimal uuid     && a2enmod rewrite && rm -rf /var/lib/apt/lists/*;
#13 0.278 Get:1 http://deb.debian.org/debian bookworm InRelease [151 kB]
#13 0.317 Get:2 http://deb.debian.org/debian bookworm-updates InRelease [55.4 kB]
#13 0.328 Get:3 http://deb.debian.org/debian-security bookworm-security InRelease [48.0 kB]
#13 0.397 Get:4 http://deb.debian.org/debian bookworm/main amd64 Packages [8788 kB]
#13 0.542 Get:5 http://deb.debian.org/debian bookworm-updates/main amd64 Packages [13.8 kB]
#13 0.542 Get:6 http://deb.debian.org/debian-security bookworm-security/main amd64 Packages [169 kB]
#13 1.687 Fetched 9225 kB in 1s (6431 kB/s)
#13 1.687 Reading package lists...
#13 2.276 Reading package lists...
#13 2.889 Building dependency tree...
#13 3.039 Reading state information...
#13 3.047 E: Unable to locate package libmpdec-dev
#13 ERROR: process "/bin/sh -c apt-get update && apt-get install --no-install-recommends -y zip zlib1g-dev libzip-dev libmpdec-dev uuid-dev     && docker-php-ext-install zip opcache     && pecl install decimal uuid     && docker-php-ext-enable decimal uuid     && a2enmod rewrite && rm -rf /var/lib/apt/lists/*;" did not complete successfully: exit code: 100

#12 [build  3/10] RUN apt-get update && apt-get install --no-install-recommends -y git wget zip libmpdec-dev     && pecl install decimal     && docker-php-ext-enable decimal && rm -rf /var/lib/apt/lists/*;
#12 2.721 Reading package lists...
#12 CANCELED
------
 > [stage-1  3/14] RUN apt-get update && apt-get install --no-install-recommends -y zip zlib1g-dev libzip-dev libmpdec-dev uuid-dev     && docker-php-ext-install zip opcache     && pecl install decimal uuid     && docker-php-ext-enable decimal uuid     && a2enmod rewrite && rm -rf /var/lib/apt/lists/*;:
0.328 Get:3 http://deb.debian.org/debian-security bookworm-security InRelease [48.0 kB]
0.397 Get:4 http://deb.debian.org/debian bookworm/main amd64 Packages [8788 kB]
0.542 Get:5 http://deb.debian.org/debian bookworm-updates/main amd64 Packages [13.8 kB]
0.542 Get:6 http://deb.debian.org/debian-security bookworm-security/main amd64 Packages [169 kB]
1.687 Fetched 9225 kB in 1s (6431 kB/s)
1.687 Reading package lists...
2.276 Reading package lists...
2.889 Building dependency tree...
3.039 Reading state information...
3.047 E: Unable to locate package libmpdec-dev
------
v1_Dockerfile:36
--------------------
  35 |     
  36 | >>> RUN apt-get update && apt-get install --no-install-recommends -y zip zlib1g-dev libzip-dev libmpdec-dev uuid-dev \
  37 | >>>     && docker-php-ext-install zip opcache \
  38 | >>>     && pecl install decimal uuid \
  39 | >>>     && docker-php-ext-enable decimal uuid \
  40 | >>>     && a2enmod rewrite && rm -rf /var/lib/apt/lists/*;
  41 |     
--------------------
ERROR: failed to solve: process "/bin/sh -c apt-get update && apt-get install --no-install-recommends -y zip zlib1g-dev libzip-dev libmpdec-dev uuid-dev     && docker-php-ext-install zip opcache     && pecl install decimal uuid     && docker-php-ext-enable decimal uuid     && a2enmod rewrite && rm -rf /var/lib/apt/lists/*;" did not complete successfully: exit code: 100
Duration: 0:17.32