#0 building with "default" instance using docker driver

#1 [internal] load build definition from v1_Dockerfile
#1 transferring dockerfile: 1.16kB done
#1 DONE 0.0s

#2 [internal] load metadata for docker.io/library/ruby:2.4-stretch
#2 ...

#3 [auth] library/ruby:pull token for registry-1.docker.io
#3 DONE 0.0s

#2 [internal] load metadata for docker.io/library/ruby:2.4-stretch
#2 DONE 1.0s

#4 [internal] load .dockerignore
#4 transferring context: 206B done
#4 DONE 0.0s

#5 [1/9] FROM docker.io/library/ruby:2.4-stretch@sha256:0a73ceb6a8bad89caa384fe189c9fbf0ed5ba4be13af158b07d04c3b95662219
#5 resolve docker.io/library/ruby:2.4-stretch@sha256:0a73ceb6a8bad89caa384fe189c9fbf0ed5ba4be13af158b07d04c3b95662219 0.0s done
#5 ...

#6 [internal] load build context
#6 transferring context: 819.51kB 0.0s done
#6 DONE 0.1s

#5 [1/9] FROM docker.io/library/ruby:2.4-stretch@sha256:0a73ceb6a8bad89caa384fe189c9fbf0ed5ba4be13af158b07d04c3b95662219
#5 sha256:fbfe0f13ac4531fb6d077fda0e94ced4b9ed8a354c54b4efced9b7755d3f39d1 0B / 10.80MB 0.2s
#5 sha256:6254ff6d0e6052b7bead70e37703002eda28ac40f9a1167ea9bf813bf9c17d7f 0B / 4.34MB 0.2s
#5 sha256:0a73ceb6a8bad89caa384fe189c9fbf0ed5ba4be13af158b07d04c3b95662219 1.65kB / 1.65kB done
#5 sha256:d77326d44b2f4320bcaf441d0f12ab739ff9f0fb1dd8326702b8823b476b132c 7.50kB / 7.50kB done
#5 sha256:56da78ce36e97a8ba1f860575bb1422d1cb6ab4dade70b06ddf1651302dde955 2.10MB / 45.38MB 0.2s
#5 sha256:e932ae985bce29c1e1b845332af331fbc7b2cc9a7cb5477b1727f665c78aba0a 2.00kB / 2.00kB done
#5 sha256:fbfe0f13ac4531fb6d077fda0e94ced4b9ed8a354c54b4efced9b7755d3f39d1 4.19MB / 10.80MB 0.4s
#5 sha256:56da78ce36e97a8ba1f860575bb1422d1cb6ab4dade70b06ddf1651302dde955 12.58MB / 45.38MB 0.4s
#5 sha256:fbfe0f13ac4531fb6d077fda0e94ced4b9ed8a354c54b4efced9b7755d3f39d1 10.80MB / 10.80MB 0.5s done
#5 sha256:6254ff6d0e6052b7bead70e37703002eda28ac40f9a1167ea9bf813bf9c17d7f 4.34MB / 4.34MB 0.5s done
#5 sha256:56da78ce36e97a8ba1f860575bb1422d1cb6ab4dade70b06ddf1651302dde955 25.17MB / 45.38MB 0.6s
#5 sha256:e0e1e13bd9f6c381f158a5366b3eff242e8b4a4decfa940e915b1d5705ef4a28 0B / 50.07MB 0.6s
#5 sha256:b86b38b40a24c042077b816eebfc5356bf938c6aed3069e102175ef1720416b8 0B / 214.91MB 0.6s
#5 sha256:56da78ce36e97a8ba1f860575bb1422d1cb6ab4dade70b06ddf1651302dde955 30.41MB / 45.38MB 0.7s
#5 sha256:e0e1e13bd9f6c381f158a5366b3eff242e8b4a4decfa940e915b1d5705ef4a28 3.15MB / 50.07MB 0.7s
#5 sha256:56da78ce36e97a8ba1f860575bb1422d1cb6ab4dade70b06ddf1651302dde955 33.55MB / 45.38MB 0.8s
#5 sha256:e0e1e13bd9f6c381f158a5366b3eff242e8b4a4decfa940e915b1d5705ef4a28 7.34MB / 50.07MB 0.8s
#5 sha256:56da78ce36e97a8ba1f860575bb1422d1cb6ab4dade70b06ddf1651302dde955 40.89MB / 45.38MB 1.0s
#5 sha256:e0e1e13bd9f6c381f158a5366b3eff242e8b4a4decfa940e915b1d5705ef4a28 15.73MB / 50.07MB 1.0s
#5 sha256:b86b38b40a24c042077b816eebfc5356bf938c6aed3069e102175ef1720416b8 13.63MB / 214.91MB 1.0s
#5 sha256:56da78ce36e97a8ba1f860575bb1422d1cb6ab4dade70b06ddf1651302dde955 45.38MB / 45.38MB 1.2s
#5 sha256:e0e1e13bd9f6c381f158a5366b3eff242e8b4a4decfa940e915b1d5705ef4a28 27.26MB / 50.07MB 1.2s
#5 sha256:56da78ce36e97a8ba1f860575bb1422d1cb6ab4dade70b06ddf1651302dde955 45.38MB / 45.38MB 1.2s done
#5 sha256:e0e1e13bd9f6c381f158a5366b3eff242e8b4a4decfa940e915b1d5705ef4a28 33.55MB / 50.07MB 1.3s
#5 sha256:b86b38b40a24c042077b816eebfc5356bf938c6aed3069e102175ef1720416b8 28.31MB / 214.91MB 1.3s
#5 extracting sha256:56da78ce36e97a8ba1f860575bb1422d1cb6ab4dade70b06ddf1651302dde955 0.1s
#5 sha256:959fdd9d24bb8e2be6fdac2aee8a2f1761bbfad64bfc02f840d5edbf71579b47 0B / 206B 1.3s
#5 sha256:e0e1e13bd9f6c381f158a5366b3eff242e8b4a4decfa940e915b1d5705ef4a28 42.99MB / 50.07MB 1.5s
#5 sha256:959fdd9d24bb8e2be6fdac2aee8a2f1761bbfad64bfc02f840d5edbf71579b47 206B / 206B 1.3s done
#5 sha256:04ffcbde4d5e2e23d9d54166068411df993eb24c4ba9efcd5331f3b66b651c85 3.15MB / 20.54MB 1.5s
#5 sha256:e0e1e13bd9f6c381f158a5366b3eff242e8b4a4decfa940e915b1d5705ef4a28 47.19MB / 50.07MB 1.6s
#5 sha256:b86b38b40a24c042077b816eebfc5356bf938c6aed3069e102175ef1720416b8 42.99MB / 214.91MB 1.6s
#5 sha256:04ffcbde4d5e2e23d9d54166068411df993eb24c4ba9efcd5331f3b66b651c85 6.29MB / 20.54MB 1.6s
#5 sha256:e0e1e13bd9f6c381f158a5366b3eff242e8b4a4decfa940e915b1d5705ef4a28 50.07MB / 50.07MB 1.7s
#5 sha256:04ffcbde4d5e2e23d9d54166068411df993eb24c4ba9efcd5331f3b66b651c85 11.53MB / 20.54MB 1.7s
#5 sha256:04ffcbde4d5e2e23d9d54166068411df993eb24c4ba9efcd5331f3b66b651c85 18.87MB / 20.54MB 1.8s
#5 sha256:e0e1e13bd9f6c381f158a5366b3eff242e8b4a4decfa940e915b1d5705ef4a28 50.07MB / 50.07MB 1.8s done
#5 sha256:b86b38b40a24c042077b816eebfc5356bf938c6aed3069e102175ef1720416b8 57.67MB / 214.91MB 2.0s
#5 sha256:04ffcbde4d5e2e23d9d54166068411df993eb24c4ba9efcd5331f3b66b651c85 20.54MB / 20.54MB 1.9s done
#5 sha256:e6350c368754459f593683bbaa2cfe59e23475d128c4c3fa4e029e8fec7f523b 147B / 147B 1.9s done
#5 sha256:b86b38b40a24c042077b816eebfc5356bf938c6aed3069e102175ef1720416b8 73.40MB / 214.91MB 2.4s
#5 sha256:b86b38b40a24c042077b816eebfc5356bf938c6aed3069e102175ef1720416b8 89.13MB / 214.91MB 2.6s
#5 sha256:b86b38b40a24c042077b816eebfc5356bf938c6aed3069e102175ef1720416b8 108.00MB / 214.91MB 2.8s
#5 sha256:b86b38b40a24c042077b816eebfc5356bf938c6aed3069e102175ef1720416b8 126.88MB / 214.91MB 3.0s
#5 sha256:b86b38b40a24c042077b816eebfc5356bf938c6aed3069e102175ef1720416b8 146.80MB / 214.91MB 3.2s
#5 sha256:b86b38b40a24c042077b816eebfc5356bf938c6aed3069e102175ef1720416b8 167.77MB / 214.91MB 3.4s
#5 sha256:b86b38b40a24c042077b816eebfc5356bf938c6aed3069e102175ef1720416b8 196.08MB / 214.91MB 3.7s
#5 sha256:b86b38b40a24c042077b816eebfc5356bf938c6aed3069e102175ef1720416b8 212.86MB / 214.91MB 3.9s
#5 extracting sha256:56da78ce36e97a8ba1f860575bb1422d1cb6ab4dade70b06ddf1651302dde955 3.0s done
#5 sha256:b86b38b40a24c042077b816eebfc5356bf938c6aed3069e102175ef1720416b8 214.91MB / 214.91MB 4.6s done
#5 extracting sha256:fbfe0f13ac4531fb6d077fda0e94ced4b9ed8a354c54b4efced9b7755d3f39d1 0.1s
#5 extracting sha256:fbfe0f13ac4531fb6d077fda0e94ced4b9ed8a354c54b4efced9b7755d3f39d1 0.5s done
#5 extracting sha256:6254ff6d0e6052b7bead70e37703002eda28ac40f9a1167ea9bf813bf9c17d7f
#5 extracting sha256:6254ff6d0e6052b7bead70e37703002eda28ac40f9a1167ea9bf813bf9c17d7f 0.1s done
#5 extracting sha256:e0e1e13bd9f6c381f158a5366b3eff242e8b4a4decfa940e915b1d5705ef4a28
#5 extracting sha256:e0e1e13bd9f6c381f158a5366b3eff242e8b4a4decfa940e915b1d5705ef4a28 3.2s done
#5 extracting sha256:b86b38b40a24c042077b816eebfc5356bf938c6aed3069e102175ef1720416b8
#5 extracting sha256:b86b38b40a24c042077b816eebfc5356bf938c6aed3069e102175ef1720416b8 5.0s
#5 extracting sha256:b86b38b40a24c042077b816eebfc5356bf938c6aed3069e102175ef1720416b8 10.1s
#5 extracting sha256:b86b38b40a24c042077b816eebfc5356bf938c6aed3069e102175ef1720416b8 11.0s done
#5 extracting sha256:959fdd9d24bb8e2be6fdac2aee8a2f1761bbfad64bfc02f840d5edbf71579b47
#5 extracting sha256:959fdd9d24bb8e2be6fdac2aee8a2f1761bbfad64bfc02f840d5edbf71579b47 done
#5 extracting sha256:04ffcbde4d5e2e23d9d54166068411df993eb24c4ba9efcd5331f3b66b651c85 0.1s
#5 extracting sha256:04ffcbde4d5e2e23d9d54166068411df993eb24c4ba9efcd5331f3b66b651c85 1.1s done
#5 extracting sha256:e6350c368754459f593683bbaa2cfe59e23475d128c4c3fa4e029e8fec7f523b
#5 extracting sha256:e6350c368754459f593683bbaa2cfe59e23475d128c4c3fa4e029e8fec7f523b done
#5 DONE 21.4s

#7 [2/9] WORKDIR /opt/duckrails
#7 DONE 6.3s

#8 [3/9] RUN apt-get update 	  && apt-get install -y --no-install-recommends nodejs libpq-dev libxml2-dev default-libmysqlclient-dev libsqlite3-dev     && rm -rf /var/lib/apt/lists/*
#8 0.219 Ign:1 http://deb.debian.org/debian stretch InRelease
#8 0.221 Ign:2 http://security.debian.org/debian-security stretch/updates InRelease
#8 0.228 Ign:3 http://deb.debian.org/debian stretch-updates InRelease
#8 0.231 Ign:4 http://security.debian.org/debian-security stretch/updates Release
#8 0.238 Ign:5 http://deb.debian.org/debian stretch Release
#8 0.241 Ign:6 http://security.debian.org/debian-security stretch/updates/main all Packages
#8 0.248 Ign:7 http://deb.debian.org/debian stretch-updates Release
#8 0.252 Ign:8 http://security.debian.org/debian-security stretch/updates/main amd64 Packages
#8 0.256 Ign:9 http://deb.debian.org/debian stretch/main amd64 Packages
#8 0.265 Ign:6 http://security.debian.org/debian-security stretch/updates/main all Packages
#8 0.265 Ign:10 http://deb.debian.org/debian stretch/main all Packages
#8 0.274 Ign:8 http://security.debian.org/debian-security stretch/updates/main amd64 Packages
#8 0.274 Ign:11 http://deb.debian.org/debian stretch-updates/main all Packages
#8 0.283 Ign:12 http://deb.debian.org/debian stretch-updates/main amd64 Packages
#8 0.286 Ign:6 http://security.debian.org/debian-security stretch/updates/main all Packages
#8 0.292 Ign:9 http://deb.debian.org/debian stretch/main amd64 Packages
#8 0.296 Ign:8 http://security.debian.org/debian-security stretch/updates/main amd64 Packages
#8 0.300 Ign:10 http://deb.debian.org/debian stretch/main all Packages
#8 0.307 Ign:6 http://security.debian.org/debian-security stretch/updates/main all Packages
#8 0.310 Ign:11 http://deb.debian.org/debian stretch-updates/main all Packages
#8 0.320 Ign:12 http://deb.debian.org/debian stretch-updates/main amd64 Packages
#8 0.321 Ign:8 http://security.debian.org/debian-security stretch/updates/main amd64 Packages
#8 0.329 Ign:9 http://deb.debian.org/debian stretch/main amd64 Packages
#8 0.332 Ign:6 http://security.debian.org/debian-security stretch/updates/main all Packages
#8 0.338 Ign:10 http://deb.debian.org/debian stretch/main all Packages
#8 0.342 Ign:8 http://security.debian.org/debian-security stretch/updates/main amd64 Packages
#8 0.347 Ign:11 http://deb.debian.org/debian stretch-updates/main all Packages
#8 0.353 Ign:6 http://security.debian.org/debian-security stretch/updates/main all Packages
#8 0.356 Ign:12 http://deb.debian.org/debian stretch-updates/main amd64 Packages
#8 0.364 Err:8 http://security.debian.org/debian-security stretch/updates/main amd64 Packages
#8 0.364   404  Not Found
#8 0.369 Ign:9 http://deb.debian.org/debian stretch/main amd64 Packages
#8 0.378 Ign:10 http://deb.debian.org/debian stretch/main all Packages
#8 0.388 Ign:11 http://deb.debian.org/debian stretch-updates/main all Packages
#8 0.395 Ign:12 http://deb.debian.org/debian stretch-updates/main amd64 Packages
#8 0.404 Ign:9 http://deb.debian.org/debian stretch/main amd64 Packages
#8 0.413 Ign:10 http://deb.debian.org/debian stretch/main all Packages
#8 0.423 Ign:11 http://deb.debian.org/debian stretch-updates/main all Packages
#8 0.431 Ign:12 http://deb.debian.org/debian stretch-updates/main amd64 Packages
#8 0.439 Err:9 http://deb.debian.org/debian stretch/main amd64 Packages
#8 0.439   404  Not Found
#8 0.457 Ign:10 http://deb.debian.org/debian stretch/main all Packages
#8 0.466 Ign:11 http://deb.debian.org/debian stretch-updates/main all Packages
#8 0.475 Err:12 http://deb.debian.org/debian stretch-updates/main amd64 Packages
#8 0.475   404  Not Found
#8 0.480 Reading package lists...
#8 0.492 W: The repository 'http://security.debian.org/debian-security stretch/updates Release' does not have a Release file.
#8 0.492 W: The repository 'http://deb.debian.org/debian stretch Release' does not have a Release file.
#8 0.492 W: The repository 'http://deb.debian.org/debian stretch-updates Release' does not have a Release file.
#8 0.492 E: Failed to fetch http://security.debian.org/debian-security/dists/stretch/updates/main/binary-amd64/Packages  404  Not Found
#8 0.492 E: Failed to fetch http://deb.debian.org/debian/dists/stretch/main/binary-amd64/Packages  404  Not Found
#8 0.492 E: Failed to fetch http://deb.debian.org/debian/dists/stretch-updates/main/binary-amd64/Packages  404  Not Found
#8 0.492 E: Some index files failed to download. They have been ignored, or old ones used instead.
#8 ERROR: process "/bin/sh -c apt-get update \t  && apt-get install -y --no-install-recommends nodejs libpq-dev libxml2-dev default-libmysqlclient-dev libsqlite3-dev     && rm -rf /var/lib/apt/lists/*" did not complete successfully: exit code: 100
------
 > [3/9] RUN apt-get update 	  && apt-get install -y --no-install-recommends nodejs libpq-dev libxml2-dev default-libmysqlclient-dev libsqlite3-dev     && rm -rf /var/lib/apt/lists/*:
0.475 Err:12 http://deb.debian.org/debian stretch-updates/main amd64 Packages
0.475   404  Not Found
0.480 Reading package lists...
0.492 W: The repository 'http://security.debian.org/debian-security stretch/updates Release' does not have a Release file.
0.492 W: The repository 'http://deb.debian.org/debian stretch Release' does not have a Release file.
0.492 W: The repository 'http://deb.debian.org/debian stretch-updates Release' does not have a Release file.
0.492 E: Failed to fetch http://security.debian.org/debian-security/dists/stretch/updates/main/binary-amd64/Packages  404  Not Found
0.492 E: Failed to fetch http://deb.debian.org/debian/dists/stretch/main/binary-amd64/Packages  404  Not Found
0.492 E: Failed to fetch http://deb.debian.org/debian/dists/stretch-updates/main/binary-amd64/Packages  404  Not Found
0.492 E: Some index files failed to download. They have been ignored, or old ones used instead.
------
v1_Dockerfile:15
--------------------
  14 |     # Add Required Packages
  15 | >>> RUN apt-get update \
  16 | >>> 	  && apt-get install -y --no-install-recommends nodejs libpq-dev libxml2-dev default-libmysqlclient-dev libsqlite3-dev \
  17 | >>>     && rm -rf /var/lib/apt/lists/*
  18 |     
--------------------
ERROR: failed to solve: process "/bin/sh -c apt-get update \t  && apt-get install -y --no-install-recommends nodejs libpq-dev libxml2-dev default-libmysqlclient-dev libsqlite3-dev     && rm -rf /var/lib/apt/lists/*" did not complete successfully: exit code: 100
Duration: 0:29.60