#0 building with "default" instance using docker driver

#1 [internal] load .dockerignore
#1 transferring context:
#1 transferring context: 2B done
#1 DONE 0.6s

#2 [internal] load build definition from Dockerfile
#2 transferring dockerfile: 461B done
#2 DONE 0.7s

#3 [internal] load metadata for docker.io/library/python:2.7
#3 ...

#4 [auth] library/python:pull token for registry-1.docker.io
#4 DONE 0.0s

#3 [internal] load metadata for docker.io/library/python:2.7
#3 DONE 1.6s

#5 [internal] load build context
#5 DONE 0.0s

#6 [1/6] FROM docker.io/library/python:2.7@sha256:cfa62318c459b1fde9e0841c619906d15ada5910d625176e24bf692cf8a2601d
#6 resolve docker.io/library/python:2.7@sha256:cfa62318c459b1fde9e0841c619906d15ada5910d625176e24bf692cf8a2601d
#6 resolve docker.io/library/python:2.7@sha256:cfa62318c459b1fde9e0841c619906d15ada5910d625176e24bf692cf8a2601d 0.2s done
#6 sha256:c934af72b8bd03b9804d5bde2569c320926e70392d708d113a2e71bcf98c8a20 2.22kB / 2.22kB done
#6 sha256:68e7be49c28c89833fc91b44a8c1db6982b52695749d57c3d6fe995a9bb1df5f 8.93kB / 8.93kB done
#6 sha256:cfa62318c459b1fde9e0841c619906d15ada5910d625176e24bf692cf8a2601d 2.14kB / 2.14kB done
#6 sha256:7e2b2a5af8f65687add6d864d5841067e23bd435eb1a051be6fe1ea2384946b4 0B / 50.38MB 0.1s
#6 sha256:dc3f0c679f0f4c39597721c1df5cdb4f9685b26bd789a44eeb406835a1800d5f 0B / 10.00MB 0.2s
#6 sha256:7e2b2a5af8f65687add6d864d5841067e23bd435eb1a051be6fe1ea2384946b4 8.39MB / 50.38MB 0.3s
#6 ...

#5 [internal] load build context
#5 transferring context: 447.48kB 0.0s done
#5 DONE 0.5s

#6 [1/6] FROM docker.io/library/python:2.7@sha256:cfa62318c459b1fde9e0841c619906d15ada5910d625176e24bf692cf8a2601d
#6 sha256:7e2b2a5af8f65687add6d864d5841067e23bd435eb1a051be6fe1ea2384946b4 23.07MB / 50.38MB 0.5s
#6 sha256:dc3f0c679f0f4c39597721c1df5cdb4f9685b26bd789a44eeb406835a1800d5f 6.29MB / 10.00MB 0.5s
#6 sha256:09b6f03ffac4cb4e42f8ab0bfc480bd3a3fa20e1ddee37784db63bc886b0cbb3 0B / 7.81MB 0.5s
#6 sha256:7e2b2a5af8f65687add6d864d5841067e23bd435eb1a051be6fe1ea2384946b4 28.31MB / 50.38MB 0.6s
#6 sha256:dc3f0c679f0f4c39597721c1df5cdb4f9685b26bd789a44eeb406835a1800d5f 10.00MB / 10.00MB 0.6s
#6 sha256:09b6f03ffac4cb4e42f8ab0bfc480bd3a3fa20e1ddee37784db63bc886b0cbb3 1.05MB / 7.81MB 0.6s
#6 sha256:7e2b2a5af8f65687add6d864d5841067e23bd435eb1a051be6fe1ea2384946b4 36.70MB / 50.38MB 0.8s
#6 sha256:dc3f0c679f0f4c39597721c1df5cdb4f9685b26bd789a44eeb406835a1800d5f 10.00MB / 10.00MB 0.7s done
#6 sha256:09b6f03ffac4cb4e42f8ab0bfc480bd3a3fa20e1ddee37784db63bc886b0cbb3 7.81MB / 7.81MB 0.8s
#6 sha256:7e2b2a5af8f65687add6d864d5841067e23bd435eb1a051be6fe1ea2384946b4 44.04MB / 50.38MB 0.9s
#6 sha256:7e2b2a5af8f65687add6d864d5841067e23bd435eb1a051be6fe1ea2384946b4 50.38MB / 50.38MB 1.1s
#6 sha256:09b6f03ffac4cb4e42f8ab0bfc480bd3a3fa20e1ddee37784db63bc886b0cbb3 7.81MB / 7.81MB 0.9s done
#6 sha256:fd4b47407fc30b8206971ec60f280b107b00df8007da2fb912ebb8656b53695e 0B / 51.83MB 1.1s
#6 sha256:b32f6bf7d96d26a22dc62da6522f384dcdc936c30c88b233d378e06cf127346d 0B / 192.17MB 1.1s
#6 sha256:fd4b47407fc30b8206971ec60f280b107b00df8007da2fb912ebb8656b53695e 11.53MB / 51.83MB 1.3s
#6 sha256:fd4b47407fc30b8206971ec60f280b107b00df8007da2fb912ebb8656b53695e 17.83MB / 51.83MB 1.4s
#6 sha256:b32f6bf7d96d26a22dc62da6522f384dcdc936c30c88b233d378e06cf127346d 13.63MB / 192.17MB 1.4s
#6 sha256:fd4b47407fc30b8206971ec60f280b107b00df8007da2fb912ebb8656b53695e 25.17MB / 51.83MB 1.5s
#6 sha256:fd4b47407fc30b8206971ec60f280b107b00df8007da2fb912ebb8656b53695e 33.55MB / 51.83MB 1.7s
#6 sha256:b32f6bf7d96d26a22dc62da6522f384dcdc936c30c88b233d378e06cf127346d 31.46MB / 192.17MB 1.7s
#6 sha256:7e2b2a5af8f65687add6d864d5841067e23bd435eb1a051be6fe1ea2384946b4 50.38MB / 50.38MB 1.8s done
#6 sha256:fd4b47407fc30b8206971ec60f280b107b00df8007da2fb912ebb8656b53695e 38.80MB / 51.83MB 1.8s
#6 extracting sha256:7e2b2a5af8f65687add6d864d5841067e23bd435eb1a051be6fe1ea2384946b4
#6 sha256:fd4b47407fc30b8206971ec60f280b107b00df8007da2fb912ebb8656b53695e 50.33MB / 51.83MB 2.0s
#6 sha256:b32f6bf7d96d26a22dc62da6522f384dcdc936c30c88b233d378e06cf127346d 49.28MB / 192.17MB 2.0s
#6 sha256:6f4489a7e4cfcda98c90d9fb220ab8dbf5e40a7a6d756ed414707967aa96bfbd 0B / 5.79MB 2.0s
#6 sha256:6f4489a7e4cfcda98c90d9fb220ab8dbf5e40a7a6d756ed414707967aa96bfbd 4.19MB / 5.79MB 2.1s
#6 sha256:b32f6bf7d96d26a22dc62da6522f384dcdc936c30c88b233d378e06cf127346d 59.77MB / 192.17MB 2.2s
#6 sha256:6f4489a7e4cfcda98c90d9fb220ab8dbf5e40a7a6d756ed414707967aa96bfbd 5.79MB / 5.79MB 2.2s
#6 sha256:b32f6bf7d96d26a22dc62da6522f384dcdc936c30c88b233d378e06cf127346d 72.35MB / 192.17MB 2.4s
#6 sha256:b32f6bf7d96d26a22dc62da6522f384dcdc936c30c88b233d378e06cf127346d 84.93MB / 192.17MB 2.6s
#6 sha256:b32f6bf7d96d26a22dc62da6522f384dcdc936c30c88b233d378e06cf127346d 98.57MB / 192.17MB 2.8s
#6 sha256:fd4b47407fc30b8206971ec60f280b107b00df8007da2fb912ebb8656b53695e 51.83MB / 51.83MB 2.9s done
#6 sha256:b32f6bf7d96d26a22dc62da6522f384dcdc936c30c88b233d378e06cf127346d 110.10MB / 192.17MB 3.0s
#6 sha256:6f4489a7e4cfcda98c90d9fb220ab8dbf5e40a7a6d756ed414707967aa96bfbd 5.79MB / 5.79MB 3.0s done
#6 sha256:af4b99ad9ef03daa029d78458e669f135a3c41764bbc154e9d56a3d9b2ee7bf1 0B / 18.33MB 3.1s
#6 sha256:b32f6bf7d96d26a22dc62da6522f384dcdc936c30c88b233d378e06cf127346d 120.59MB / 192.17MB 3.2s
#6 sha256:39db0bc48c262bd32f4b201a4fad3dde162e73d3d1135fdaab433477156ad816 0B / 1.89MB 3.2s
#6 sha256:af4b99ad9ef03daa029d78458e669f135a3c41764bbc154e9d56a3d9b2ee7bf1 2.10MB / 18.33MB 3.3s
#6 sha256:b32f6bf7d96d26a22dc62da6522f384dcdc936c30c88b233d378e06cf127346d 132.12MB / 192.17MB 3.5s
#6 sha256:af4b99ad9ef03daa029d78458e669f135a3c41764bbc154e9d56a3d9b2ee7bf1 8.39MB / 18.33MB 3.5s
#6 sha256:39db0bc48c262bd32f4b201a4fad3dde162e73d3d1135fdaab433477156ad816 1.89MB / 1.89MB 3.4s done
#6 sha256:af4b99ad9ef03daa029d78458e669f135a3c41764bbc154e9d56a3d9b2ee7bf1 10.49MB / 18.33MB 3.6s
#6 sha256:acb4a89489fc21e4c05c6ef86dacf640cab884b3b3e207cfd5ad24da02f14661 0B / 7.68MB 3.6s
#6 sha256:af4b99ad9ef03daa029d78458e669f135a3c41764bbc154e9d56a3d9b2ee7bf1 12.58MB / 18.33MB 3.7s
#6 sha256:acb4a89489fc21e4c05c6ef86dacf640cab884b3b3e207cfd5ad24da02f14661 1.05MB / 7.68MB 3.7s
#6 sha256:af4b99ad9ef03daa029d78458e669f135a3c41764bbc154e9d56a3d9b2ee7bf1 14.68MB / 18.33MB 3.8s
#6 sha256:acb4a89489fc21e4c05c6ef86dacf640cab884b3b3e207cfd5ad24da02f14661 3.15MB / 7.68MB 3.8s
#6 sha256:b32f6bf7d96d26a22dc62da6522f384dcdc936c30c88b233d378e06cf127346d 143.65MB / 192.17MB 3.9s
#6 sha256:af4b99ad9ef03daa029d78458e669f135a3c41764bbc154e9d56a3d9b2ee7bf1 16.78MB / 18.33MB 3.9s
#6 sha256:acb4a89489fc21e4c05c6ef86dacf640cab884b3b3e207cfd5ad24da02f14661 5.24MB / 7.68MB 3.9s
#6 sha256:af4b99ad9ef03daa029d78458e669f135a3c41764bbc154e9d56a3d9b2ee7bf1 18.33MB / 18.33MB 4.0s
#6 sha256:acb4a89489fc21e4c05c6ef86dacf640cab884b3b3e207cfd5ad24da02f14661 7.68MB / 7.68MB 4.0s
#6 sha256:b32f6bf7d96d26a22dc62da6522f384dcdc936c30c88b233d378e06cf127346d 154.14MB / 192.17MB 4.2s
#6 sha256:b32f6bf7d96d26a22dc62da6522f384dcdc936c30c88b233d378e06cf127346d 166.72MB / 192.17MB 4.4s
#6 sha256:af4b99ad9ef03daa029d78458e669f135a3c41764bbc154e9d56a3d9b2ee7bf1 18.33MB / 18.33MB 4.3s done
#6 sha256:b32f6bf7d96d26a22dc62da6522f384dcdc936c30c88b233d378e06cf127346d 185.60MB / 192.17MB 4.6s
#6 sha256:acb4a89489fc21e4c05c6ef86dacf640cab884b3b3e207cfd5ad24da02f14661 7.68MB / 7.68MB 4.4s done
#6 extracting sha256:7e2b2a5af8f65687add6d864d5841067e23bd435eb1a051be6fe1ea2384946b4 2.9s done
#6 sha256:b32f6bf7d96d26a22dc62da6522f384dcdc936c30c88b233d378e06cf127346d 192.17MB / 192.17MB 7.4s done
#6 extracting sha256:09b6f03ffac4cb4e42f8ab0bfc480bd3a3fa20e1ddee37784db63bc886b0cbb3
#6 extracting sha256:09b6f03ffac4cb4e42f8ab0bfc480bd3a3fa20e1ddee37784db63bc886b0cbb3 0.4s done
#6 extracting sha256:dc3f0c679f0f4c39597721c1df5cdb4f9685b26bd789a44eeb406835a1800d5f
#6 extracting sha256:dc3f0c679f0f4c39597721c1df5cdb4f9685b26bd789a44eeb406835a1800d5f 0.4s done
#6 extracting sha256:fd4b47407fc30b8206971ec60f280b107b00df8007da2fb912ebb8656b53695e
#6 extracting sha256:fd4b47407fc30b8206971ec60f280b107b00df8007da2fb912ebb8656b53695e 3.2s done
#6 extracting sha256:b32f6bf7d96d26a22dc62da6522f384dcdc936c30c88b233d378e06cf127346d
#6 extracting sha256:b32f6bf7d96d26a22dc62da6522f384dcdc936c30c88b233d378e06cf127346d 5.0s
#6 extracting sha256:b32f6bf7d96d26a22dc62da6522f384dcdc936c30c88b233d378e06cf127346d 10.1s
#6 extracting sha256:b32f6bf7d96d26a22dc62da6522f384dcdc936c30c88b233d378e06cf127346d 10.5s done
#6 extracting sha256:6f4489a7e4cfcda98c90d9fb220ab8dbf5e40a7a6d756ed414707967aa96bfbd
#6 extracting sha256:6f4489a7e4cfcda98c90d9fb220ab8dbf5e40a7a6d756ed414707967aa96bfbd 0.4s done
#6 extracting sha256:af4b99ad9ef03daa029d78458e669f135a3c41764bbc154e9d56a3d9b2ee7bf1
#6 extracting sha256:af4b99ad9ef03daa029d78458e669f135a3c41764bbc154e9d56a3d9b2ee7bf1 1.1s done
#6 extracting sha256:39db0bc48c262bd32f4b201a4fad3dde162e73d3d1135fdaab433477156ad816
#6 extracting sha256:39db0bc48c262bd32f4b201a4fad3dde162e73d3d1135fdaab433477156ad816 0.3s done
#6 extracting sha256:acb4a89489fc21e4c05c6ef86dacf640cab884b3b3e207cfd5ad24da02f14661
#6 extracting sha256:acb4a89489fc21e4c05c6ef86dacf640cab884b3b3e207cfd5ad24da02f14661 0.4s done
#6 DONE 31.3s

#7 [2/6] RUN pip install --upgrade     pip
#7 0.849 DEPRECATION: Python 2.7 reached the end of its life on January 1st, 2020. Please upgrade your Python as Python 2.7 is no longer maintained. A future version of pip will drop support for Python 2.7. More details about Python 2 support in pip, can be found at https://pip.pypa.io/en/latest/development/release-process/#python-2-support
#7 1.407 Collecting pip
#7 1.442   Downloading pip-20.3.4-py2.py3-none-any.whl (1.5 MB)
#7 1.754 Installing collected packages: pip
#7 1.754   Attempting uninstall: pip
#7 1.755     Found existing installation: pip 20.0.2
#7 1.850     Uninstalling pip-20.0.2:
#7 2.199       Successfully uninstalled pip-20.0.2
#7 3.296 Successfully installed pip-20.3.4
#7 DONE 28.5s

#8 [3/6] RUN wget https://spideroak.com/releases/semaphor/debian     && dpkg -i debian     && rm -rf debian
#8 0.770 --2024-08-01 06:03:10--  https://spideroak.com/releases/semaphor/debian
#8 0.778 Resolving spideroak.com (spideroak.com)... 3.136.70.228
#8 0.826 Connecting to spideroak.com (spideroak.com)|3.136.70.228|:443... connected.
#8 1.092 HTTP request sent, awaiting response... 404 Not Found
#8 2.482 2024-08-01 06:03:12 ERROR 404: Not Found.
#8 2.482 
#8 ERROR: process "/bin/sh -c wget https://spideroak.com/releases/semaphor/debian     && dpkg -i debian     && rm -rf debian" did not complete successfully: exit code: 8
------
 > [3/6] RUN wget https://spideroak.com/releases/semaphor/debian     && dpkg -i debian     && rm -rf debian:
0.770 --2024-08-01 06:03:10--  https://spideroak.com/releases/semaphor/debian
0.778 Resolving spideroak.com (spideroak.com)... 3.136.70.228
0.826 Connecting to spideroak.com (spideroak.com)|3.136.70.228|:443... connected.
404 Not Found
2.482 2024-08-01 06:03:12 ERROR 404: Not Found.
2.482 
------
Dockerfile:10
--------------------
   9 |     # Download and install Semaphor
  10 | >>> RUN wget https://spideroak.com/releases/semaphor/debian \
  11 | >>>     && dpkg -i debian \
  12 | >>>     && rm -rf debian
  13 |     
--------------------
ERROR: failed to solve: process "/bin/sh -c wget https://spideroak.com/releases/semaphor/debian     && dpkg -i debian     && rm -rf debian" did not complete successfully: exit code: 8
Duration: 1:5.36