#0 building with "default" instance using docker driver

#1 [internal] load .dockerignore
#1 transferring context:
#1 transferring context: 174B done
#1 DONE 0.6s

#2 [internal] load build definition from v1_Dockerfile
#2 transferring dockerfile: 618B done
#2 DONE 0.7s

#3 [internal] load metadata for docker.io/mhart/alpine-node:8.9
#3 DONE 0.4s

#4 [internal] load build context
#4 DONE 0.0s

#5 [1/7] FROM docker.io/mhart/alpine-node:8.9@sha256:f0995682c724a4a91d5343b77fa505414cc9a4ebdfab1d437a5957e97c9d7bb2
#5 resolve docker.io/mhart/alpine-node:8.9@sha256:f0995682c724a4a91d5343b77fa505414cc9a4ebdfab1d437a5957e97c9d7bb2 0.1s done
#5 sha256:f0995682c724a4a91d5343b77fa505414cc9a4ebdfab1d437a5957e97c9d7bb2 740B / 740B done
#5 sha256:9b2702ab4719621becb2c66ce01586674999d447ee903bfd4474ea16df40e3d7 6.87kB / 6.87kB done
#5 sha256:605ce1bd3f3164f2949a30501cc596f52a72de05da1306ab360055f0d7130c32 1.99MB / 1.99MB 0.3s
#5 sha256:1a6c57c6563ef99c36b144c48f2663034a40f906b683759b61450d4cb8216ca7 0B / 20.24MB 0.3s
#5 ...

#4 [internal] load build context
#4 transferring context: 844.27kB 0.0s done
#4 DONE 0.5s

#5 [1/7] FROM docker.io/mhart/alpine-node:8.9@sha256:f0995682c724a4a91d5343b77fa505414cc9a4ebdfab1d437a5957e97c9d7bb2
#5 sha256:605ce1bd3f3164f2949a30501cc596f52a72de05da1306ab360055f0d7130c32 1.99MB / 1.99MB 0.3s done
#5 sha256:1a6c57c6563ef99c36b144c48f2663034a40f906b683759b61450d4cb8216ca7 8.39MB / 20.24MB 0.4s
#5 extracting sha256:605ce1bd3f3164f2949a30501cc596f52a72de05da1306ab360055f0d7130c32
#5 sha256:1a6c57c6563ef99c36b144c48f2663034a40f906b683759b61450d4cb8216ca7 16.78MB / 20.24MB 0.5s
#5 extracting sha256:605ce1bd3f3164f2949a30501cc596f52a72de05da1306ab360055f0d7130c32 0.2s done
#5 sha256:1a6c57c6563ef99c36b144c48f2663034a40f906b683759b61450d4cb8216ca7 20.24MB / 20.24MB 0.7s
#5 sha256:1a6c57c6563ef99c36b144c48f2663034a40f906b683759b61450d4cb8216ca7 20.24MB / 20.24MB 0.9s done
#5 extracting sha256:1a6c57c6563ef99c36b144c48f2663034a40f906b683759b61450d4cb8216ca7 0.1s
#5 extracting sha256:1a6c57c6563ef99c36b144c48f2663034a40f906b683759b61450d4cb8216ca7 1.8s done
#5 DONE 3.8s

#6 [2/7] RUN mkdir -p /usr/local/project/
#6 DONE 4.4s

#7 [3/7] COPY . /usr/local/project/
#7 DONE 0.7s

#8 [4/7] WORKDIR /usr/local/project/
#8 DONE 0.5s

#9 [5/7] RUN npm config set strict-ssl false
#9 DONE 1.3s

#10 [6/7] RUN npm i --registry=https://registry.npm.taobao.org
#10 27.19 npm WARN tar zlib error: unexpected end of file
#10 35.57 npm ERR! cb() never called!
#10 35.57 
#10 35.57 npm ERR! This is an error with npm itself. Please report this error at:
#10 35.57 npm ERR!     <https://github.com/npm/npm/issues>
#10 35.72 
#10 35.72 npm ERR! A complete log of this run can be found in:
#10 35.72 npm ERR!     /root/.npm/_logs/2024-08-01T08_48_18_267Z-debug.log
#10 ERROR: process "/bin/sh -c npm i --registry=https://registry.npm.taobao.org" did not complete successfully: exit code: 1
------
 > [6/7] RUN npm i --registry=https://registry.npm.taobao.org:
27.19 npm WARN tar zlib error: unexpected end of file
35.57 npm ERR! cb() never called!
35.57 
35.57 npm ERR! This is an error with npm itself. Please report this error at:
35.57 npm ERR!     <https://github.com/npm/npm/issues>
35.72 
35.72 npm ERR! A complete log of this run can be found in:
35.72 npm ERR!     /root/.npm/_logs/2024-08-01T08_48_18_267Z-debug.log
------
v1_Dockerfile:15
--------------------
  13 |     # 安装依赖
  14 |     RUN npm config set strict-ssl false
  15 | >>> RUN npm i --registry=https://registry.npm.taobao.org
  16 |     
  17 |     # 编译
--------------------
ERROR: failed to solve: process "/bin/sh -c npm i --registry=https://registry.npm.taobao.org" did not complete successfully: exit code: 1
Duration: 0:54.12