#0 building with "default" instance using docker driver

#1 [internal] load build definition from v1_Dockerfile
#1 transferring dockerfile:
#1 transferring dockerfile: 540B done
#1 DONE 0.3s

#2 [internal] load .dockerignore
#2 transferring context: 107B done
#2 DONE 0.4s

#3 [internal] load metadata for docker.io/library/node:16
#3 DONE 1.0s

#4 [internal] load build context
#4 DONE 0.0s

#5 [1/7] FROM docker.io/library/node:16@sha256:f77a1aef2da8d83e45ec990f45df50f1a286c5fe8bbfb8c6e4246c6389705c0b
#5 resolve docker.io/library/node:16@sha256:f77a1aef2da8d83e45ec990f45df50f1a286c5fe8bbfb8c6e4246c6389705c0b 0.1s done
#5 sha256:c94b82f9827cab6e421b350965a9ef11b25b13ffbd1030536203d541f55dcbe2 2.00kB / 2.00kB done
#5 sha256:1ddc7e4055fdb6f6bf31063b593befda814294f9f904b6ddfc21ab1513bafa8e 7.23kB / 7.23kB done
#5 sha256:f77a1aef2da8d83e45ec990f45df50f1a286c5fe8bbfb8c6e4246c6389705c0b 776B / 776B done
#5 sha256:311da6c465ea1576925360eba391bcd32dece9be95960a0bc9ffcb25fe712017 0B / 50.50MB 0.1s
#5 sha256:7e9bf114588c05b2df612b083b96582f3b8dbf51647aa6138a50d09d42df2454 0B / 17.58MB 0.2s
#5 ...

#4 [internal] load build context
#4 transferring context: 1.78MB 0.0s done
#4 DONE 0.4s

#5 [1/7] FROM docker.io/library/node:16@sha256:f77a1aef2da8d83e45ec990f45df50f1a286c5fe8bbfb8c6e4246c6389705c0b
#5 sha256:311da6c465ea1576925360eba391bcd32dece9be95960a0bc9ffcb25fe712017 6.29MB / 50.50MB 0.4s
#5 sha256:7e9bf114588c05b2df612b083b96582f3b8dbf51647aa6138a50d09d42df2454 5.24MB / 17.58MB 0.4s
#5 sha256:ffd9397e94b74abcb54e514f1430e00f604328d1f895eadbd482f08cc02444e5 0B / 51.89MB 0.4s
#5 sha256:311da6c465ea1576925360eba391bcd32dece9be95960a0bc9ffcb25fe712017 11.53MB / 50.50MB 0.5s
#5 sha256:7e9bf114588c05b2df612b083b96582f3b8dbf51647aa6138a50d09d42df2454 9.44MB / 17.58MB 0.5s
#5 sha256:311da6c465ea1576925360eba391bcd32dece9be95960a0bc9ffcb25fe712017 16.78MB / 50.50MB 0.6s
#5 sha256:7e9bf114588c05b2df612b083b96582f3b8dbf51647aa6138a50d09d42df2454 14.81MB / 17.58MB 0.6s
#5 sha256:311da6c465ea1576925360eba391bcd32dece9be95960a0bc9ffcb25fe712017 24.12MB / 50.50MB 0.8s
#5 sha256:7e9bf114588c05b2df612b083b96582f3b8dbf51647aa6138a50d09d42df2454 17.58MB / 17.58MB 0.8s
#5 sha256:ffd9397e94b74abcb54e514f1430e00f604328d1f895eadbd482f08cc02444e5 12.58MB / 51.89MB 0.8s
#5 sha256:311da6c465ea1576925360eba391bcd32dece9be95960a0bc9ffcb25fe712017 34.60MB / 50.50MB 1.0s
#5 sha256:7e9bf114588c05b2df612b083b96582f3b8dbf51647aa6138a50d09d42df2454 17.58MB / 17.58MB 0.9s done
#5 sha256:ffd9397e94b74abcb54e514f1430e00f604328d1f895eadbd482f08cc02444e5 26.21MB / 51.89MB 1.0s
#5 sha256:513d779256048c961239af5f500589330546b072775217272e19ffae1635e98e 0B / 191.90MB 1.0s
#5 sha256:311da6c465ea1576925360eba391bcd32dece9be95960a0bc9ffcb25fe712017 37.75MB / 50.50MB 1.1s
#5 sha256:ffd9397e94b74abcb54e514f1430e00f604328d1f895eadbd482f08cc02444e5 32.51MB / 51.89MB 1.1s
#5 sha256:311da6c465ea1576925360eba391bcd32dece9be95960a0bc9ffcb25fe712017 40.89MB / 50.50MB 1.2s
#5 sha256:ffd9397e94b74abcb54e514f1430e00f604328d1f895eadbd482f08cc02444e5 37.75MB / 51.89MB 1.2s
#5 sha256:311da6c465ea1576925360eba391bcd32dece9be95960a0bc9ffcb25fe712017 49.28MB / 50.50MB 1.4s
#5 sha256:ffd9397e94b74abcb54e514f1430e00f604328d1f895eadbd482f08cc02444e5 45.09MB / 51.89MB 1.4s
#5 sha256:ffd9397e94b74abcb54e514f1430e00f604328d1f895eadbd482f08cc02444e5 51.89MB / 51.89MB 1.6s
#5 sha256:513d779256048c961239af5f500589330546b072775217272e19ffae1635e98e 23.07MB / 191.90MB 1.6s
#5 sha256:513d779256048c961239af5f500589330546b072775217272e19ffae1635e98e 34.60MB / 191.90MB 1.8s
#5 sha256:513d779256048c961239af5f500589330546b072775217272e19ffae1635e98e 51.38MB / 191.90MB 2.0s
#5 sha256:311da6c465ea1576925360eba391bcd32dece9be95960a0bc9ffcb25fe712017 50.50MB / 50.50MB 2.2s done
#5 sha256:513d779256048c961239af5f500589330546b072775217272e19ffae1635e98e 71.30MB / 191.90MB 2.4s
#5 extracting sha256:311da6c465ea1576925360eba391bcd32dece9be95960a0bc9ffcb25fe712017
#5 sha256:513d779256048c961239af5f500589330546b072775217272e19ffae1635e98e 84.93MB / 191.90MB 2.7s
#5 sha256:ffd9397e94b74abcb54e514f1430e00f604328d1f895eadbd482f08cc02444e5 51.89MB / 51.89MB 3.0s done
#5 sha256:513d779256048c961239af5f500589330546b072775217272e19ffae1635e98e 98.57MB / 191.90MB 3.1s
#5 sha256:ae3b95bbaa61ce24cefdd89e7c74d6fbd7713b2bcae93af47063d06bd7e02172 0B / 4.20kB 3.1s
#5 sha256:0e421f66aff42bb069dffc26af6d132194b22a1082b08c5ef7cd69c627783c04 0B / 34.79MB 3.2s
#5 sha256:ae3b95bbaa61ce24cefdd89e7c74d6fbd7713b2bcae93af47063d06bd7e02172 4.20kB / 4.20kB 3.2s done
#5 sha256:ca266fd6192108b67fb57b74753a8c4ca5d8bd458baae3d4df7ce9f42dedcc1d 0B / 2.27MB 3.3s
#5 sha256:0e421f66aff42bb069dffc26af6d132194b22a1082b08c5ef7cd69c627783c04 5.24MB / 34.79MB 3.4s
#5 sha256:513d779256048c961239af5f500589330546b072775217272e19ffae1635e98e 110.10MB / 191.90MB 3.5s
#5 sha256:0e421f66aff42bb069dffc26af6d132194b22a1082b08c5ef7cd69c627783c04 9.44MB / 34.79MB 3.5s
#5 sha256:ca266fd6192108b67fb57b74753a8c4ca5d8bd458baae3d4df7ce9f42dedcc1d 1.05MB / 2.27MB 3.5s
#5 sha256:0e421f66aff42bb069dffc26af6d132194b22a1082b08c5ef7cd69c627783c04 12.58MB / 34.79MB 3.6s
#5 sha256:ca266fd6192108b67fb57b74753a8c4ca5d8bd458baae3d4df7ce9f42dedcc1d 2.27MB / 2.27MB 3.6s done
#5 sha256:0e421f66aff42bb069dffc26af6d132194b22a1082b08c5ef7cd69c627783c04 16.78MB / 34.79MB 3.7s
#5 sha256:ee7d78be1eb92caf6ae84fc3af736b23eca018d5dedc967ae5bdee6d7082403b 0B / 450B 3.7s
#5 sha256:0e421f66aff42bb069dffc26af6d132194b22a1082b08c5ef7cd69c627783c04 23.07MB / 34.79MB 3.8s
#5 sha256:ee7d78be1eb92caf6ae84fc3af736b23eca018d5dedc967ae5bdee6d7082403b 450B / 450B 3.8s done
#5 sha256:0e421f66aff42bb069dffc26af6d132194b22a1082b08c5ef7cd69c627783c04 29.36MB / 34.79MB 3.9s
#5 sha256:513d779256048c961239af5f500589330546b072775217272e19ffae1635e98e 123.73MB / 191.90MB 4.1s
#5 sha256:0e421f66aff42bb069dffc26af6d132194b22a1082b08c5ef7cd69c627783c04 34.79MB / 34.79MB 4.1s
#5 sha256:513d779256048c961239af5f500589330546b072775217272e19ffae1635e98e 138.41MB / 191.90MB 4.4s
#5 sha256:0e421f66aff42bb069dffc26af6d132194b22a1082b08c5ef7cd69c627783c04 34.79MB / 34.79MB 4.6s done
#5 sha256:513d779256048c961239af5f500589330546b072775217272e19ffae1635e98e 150.99MB / 191.90MB 4.9s
#5 sha256:513d779256048c961239af5f500589330546b072775217272e19ffae1635e98e 175.11MB / 191.90MB 5.2s
#5 extracting sha256:311da6c465ea1576925360eba391bcd32dece9be95960a0bc9ffcb25fe712017 2.8s done
#5 sha256:513d779256048c961239af5f500589330546b072775217272e19ffae1635e98e 191.89MB / 191.90MB 5.4s
#5 extracting sha256:7e9bf114588c05b2df612b083b96582f3b8dbf51647aa6138a50d09d42df2454 0.1s
#5 extracting sha256:7e9bf114588c05b2df612b083b96582f3b8dbf51647aa6138a50d09d42df2454 0.7s done
#5 sha256:513d779256048c961239af5f500589330546b072775217272e19ffae1635e98e 191.90MB / 191.90MB 8.5s done
#5 extracting sha256:ffd9397e94b74abcb54e514f1430e00f604328d1f895eadbd482f08cc02444e5
#5 extracting sha256:ffd9397e94b74abcb54e514f1430e00f604328d1f895eadbd482f08cc02444e5 3.3s done
#5 extracting sha256:513d779256048c961239af5f500589330546b072775217272e19ffae1635e98e
#5 extracting sha256:513d779256048c961239af5f500589330546b072775217272e19ffae1635e98e 5.1s
#5 extracting sha256:513d779256048c961239af5f500589330546b072775217272e19ffae1635e98e 10.1s
#5 extracting sha256:513d779256048c961239af5f500589330546b072775217272e19ffae1635e98e 10.5s done
#5 extracting sha256:ae3b95bbaa61ce24cefdd89e7c74d6fbd7713b2bcae93af47063d06bd7e02172
#5 extracting sha256:ae3b95bbaa61ce24cefdd89e7c74d6fbd7713b2bcae93af47063d06bd7e02172 0.1s done
#5 extracting sha256:0e421f66aff42bb069dffc26af6d132194b22a1082b08c5ef7cd69c627783c04
#5 extracting sha256:0e421f66aff42bb069dffc26af6d132194b22a1082b08c5ef7cd69c627783c04 2.1s done
#5 extracting sha256:ca266fd6192108b67fb57b74753a8c4ca5d8bd458baae3d4df7ce9f42dedcc1d
#5 extracting sha256:ca266fd6192108b67fb57b74753a8c4ca5d8bd458baae3d4df7ce9f42dedcc1d 0.2s done
#5 extracting sha256:ee7d78be1eb92caf6ae84fc3af736b23eca018d5dedc967ae5bdee6d7082403b
#5 extracting sha256:ee7d78be1eb92caf6ae84fc3af736b23eca018d5dedc967ae5bdee6d7082403b done
#5 DONE 29.2s

#6 [2/7] RUN mkdir -p /usr/src/app
#6 DONE 18.5s

#7 [3/7] WORKDIR /usr/src/app
#7 DONE 0.5s

#8 [4/7] COPY package.json /usr/src/app
#8 DONE 0.4s

#9 [5/7] RUN npm install && npm cache clean --force
#9 18.69 npm WARN EBADENGINE Unsupported engine {
#9 18.69 npm WARN EBADENGINE   package: 'eslint@9.8.0',
#9 18.69 npm WARN EBADENGINE   required: { node: '^18.18.0 || ^20.9.0 || >=21.1.0' },
#9 18.69 npm WARN EBADENGINE   current: { node: 'v16.20.2', npm: '8.19.4' }
#9 18.69 npm WARN EBADENGINE }
#9 18.69 npm WARN EBADENGINE Unsupported engine {
#9 18.69 npm WARN EBADENGINE   package: '@eslint/config-array@0.17.1',
#9 18.69 npm WARN EBADENGINE   required: { node: '^18.18.0 || ^20.9.0 || >=21.1.0' },
#9 18.69 npm WARN EBADENGINE   current: { node: 'v16.20.2', npm: '8.19.4' }
#9 18.69 npm WARN EBADENGINE }
#9 18.69 npm WARN EBADENGINE Unsupported engine {
#9 18.69 npm WARN EBADENGINE   package: '@eslint/eslintrc@3.1.0',
#9 18.69 npm WARN EBADENGINE   required: { node: '^18.18.0 || ^20.9.0 || >=21.1.0' },
#9 18.69 npm WARN EBADENGINE   current: { node: 'v16.20.2', npm: '8.19.4' }
#9 18.69 npm WARN EBADENGINE }
#9 18.69 npm WARN EBADENGINE Unsupported engine {
#9 18.69 npm WARN EBADENGINE   package: '@eslint/js@9.8.0',
#9 18.69 npm WARN EBADENGINE   required: { node: '^18.18.0 || ^20.9.0 || >=21.1.0' },
#9 18.69 npm WARN EBADENGINE   current: { node: 'v16.20.2', npm: '8.19.4' }
#9 18.69 npm WARN EBADENGINE }
#9 18.69 npm WARN EBADENGINE Unsupported engine {
#9 18.69 npm WARN EBADENGINE   package: '@humanwhocodes/retry@0.3.0',
#9 18.69 npm WARN EBADENGINE   required: { node: '>=18.18' },
#9 18.69 npm WARN EBADENGINE   current: { node: 'v16.20.2', npm: '8.19.4' }
#9 18.69 npm WARN EBADENGINE }
#9 18.69 npm WARN EBADENGINE Unsupported engine {
#9 18.69 npm WARN EBADENGINE   package: 'eslint-scope@8.0.2',
#9 18.69 npm WARN EBADENGINE   required: { node: '^18.18.0 || ^20.9.0 || >=21.1.0' },
#9 18.69 npm WARN EBADENGINE   current: { node: 'v16.20.2', npm: '8.19.4' }
#9 18.69 npm WARN EBADENGINE }
#9 18.69 npm WARN EBADENGINE Unsupported engine {
#9 18.69 npm WARN EBADENGINE   package: 'eslint-visitor-keys@4.0.0',
#9 18.69 npm WARN EBADENGINE   required: { node: '^18.18.0 || ^20.9.0 || >=21.1.0' },
#9 18.70 npm WARN EBADENGINE   current: { node: 'v16.20.2', npm: '8.19.4' }
#9 18.70 npm WARN EBADENGINE }
#9 18.70 npm WARN EBADENGINE Unsupported engine {
#9 18.70 npm WARN EBADENGINE   package: 'espree@10.1.0',
#9 18.70 npm WARN EBADENGINE   required: { node: '^18.18.0 || ^20.9.0 || >=21.1.0' },
#9 18.70 npm WARN EBADENGINE   current: { node: 'v16.20.2', npm: '8.19.4' }
#9 18.70 npm WARN EBADENGINE }
#9 18.70 npm WARN EBADENGINE Unsupported engine {
#9 18.70 npm WARN EBADENGINE   package: '@eslint/object-schema@2.1.4',
#9 18.70 npm WARN EBADENGINE   required: { node: '^18.18.0 || ^20.9.0 || >=21.1.0' },
#9 18.70 npm WARN EBADENGINE   current: { node: 'v16.20.2', npm: '8.19.4' }
#9 18.70 npm WARN EBADENGINE }
#9 18.70 npm WARN EBADENGINE Unsupported engine {
#9 18.70 npm WARN EBADENGINE   package: 'globals@14.0.0',
#9 18.70 npm WARN EBADENGINE   required: { node: '>=18' },
#9 18.70 npm WARN EBADENGINE   current: { node: 'v16.20.2', npm: '8.19.4' }
#9 18.70 npm WARN EBADENGINE }
#9 22.64 npm WARN deprecated natives@1.1.6: This module relies on Node.js's internals and will break at some point. Do not use it, and update to graceful-fs@4.x.
#9 22.64 npm WARN deprecated cryptiles@0.2.2: This version has been deprecated in accordance with the hapi support policy (hapi.im/support). Please upgrade to the latest version to get the best features, bug fixes, and security patches. If you are unable to upgrade at this time, paid support is available for older versions (hapi.im/commercial).
#9 22.81 npm WARN deprecated circular-json@0.3.3: CircularJSON is in maintenance only, flatted is its successor.
#9 22.89 npm WARN deprecated sntp@0.2.4: This module moved to @hapi/sntp. Please make sure to switch over as this distribution is no longer supported and may contain bugs and critical security issues.
#9 22.89 npm WARN deprecated boom@0.4.2: This version has been deprecated in accordance with the hapi support policy (hapi.im/support). Please upgrade to the latest version to get the best features, bug fixes, and security patches. If you are unable to upgrade at this time, paid support is available for older versions (hapi.im/commercial).
#9 23.24 npm WARN deprecated hoek@0.9.1: This version has been deprecated in accordance with the hapi support policy (hapi.im/support). Please upgrade to the latest version to get the best features, bug fixes, and security patches. If you are unable to upgrade at this time, paid support is available for older versions (hapi.im/commercial).
#9 23.28 npm WARN deprecated node-uuid@1.4.8: Use uuid module instead
#9 23.65 npm WARN deprecated swagger-methods@1.0.8: This package is no longer being maintained.
#9 23.86 npm WARN deprecated urix@0.1.0: Please see https://github.com/lydell/urix#deprecated
#9 23.86 npm WARN deprecated source-map-url@0.4.1: See https://github.com/lydell/source-map-url#deprecated
#9 23.90 npm WARN deprecated resolve-url@0.2.1: https://github.com/lydell/resolve-url#deprecated
#9 23.94 npm WARN deprecated chokidar@2.1.8: Chokidar 2 does not receive security updates since 2019. Upgrade to chokidar 3 with 15x fewer dependencies
#9 24.03 npm WARN deprecated formidable@1.0.17: Please upgrade to latest, formidable@v2 or formidable@v3! Check these notes: https://bit.ly/2ZEqIau
#9 24.03 npm WARN deprecated source-map-resolve@0.5.3: See https://github.com/lydell/source-map-resolve#deprecated
#9 24.07 npm WARN deprecated phantomjs-prebuilt@2.1.16: this package is now deprecated
#9 24.21 npm WARN deprecated har-validator@5.1.5: this library is no longer supported
#9 24.63 npm WARN deprecated hawk@1.1.1: This module moved to @hapi/hawk. Please make sure to switch over as this distribution is no longer supported and may contain bugs and critical security issues.
#9 25.18 npm WARN deprecated uuid@2.0.3: Please upgrade  to version 7 or higher.  Older versions may use Math.random() in certain circumstances, which is known to be problematic.  See https://v8.dev/blog/math-random for details.
#9 26.08 npm WARN deprecated inflight@1.0.6: This module is not supported, and leaks memory. Do not use it. Check out lru-cache if you want a good and tested way to coalesce async requests by a key value, which is much more comprehensive and powerful.
#9 26.12 npm WARN deprecated rimraf@2.7.1: Rimraf versions prior to v4 are no longer supported
#9 26.16 npm WARN deprecated gulp-util@3.0.8: gulp-util is deprecated - replace it, following the guidelines at https://medium.com/gulpjs/gulp-util-ca3b1f9f9ac5
#9 26.99 npm WARN deprecated superagent@1.8.5: Please upgrade to v9.0.0+ as we have fixed a public vulnerability with formidable dependency. Note that v9.0.0+ requires Node.js v14.18.0+. See https://github.com/ladjs/superagent/pull/1800 for insight. This project is supported and maintained by the team at Forward Email @ https://forwardemail.net
#9 27.09 npm WARN deprecated glob@7.2.3: Glob versions prior to v9 are no longer supported
#9 27.58 npm WARN deprecated glob@4.5.3: Glob versions prior to v9 are no longer supported
#9 27.58 npm WARN deprecated minimatch@2.0.10: Please update to minimatch 3.0.2 or higher to avoid a RegExp DoS issue
#9 27.58 npm WARN deprecated graceful-fs@1.2.3: please upgrade to graceful-fs 4 for compatibility with current and future versions of Node.js
#9 27.75 npm WARN deprecated minimatch@0.2.14: Please update to minimatch 3.0.2 or higher to avoid a RegExp DoS issue
#9 28.26 npm WARN deprecated glob@3.1.21: Glob versions prior to v9 are no longer supported
#9 28.26 npm WARN deprecated glob@7.0.6: Glob versions prior to v9 are no longer supported
#9 28.26 npm WARN deprecated glob@5.0.15: Glob versions prior to v9 are no longer supported
#9 28.32 npm WARN deprecated glob@6.0.4: Glob versions prior to v9 are no longer supported
#9 28.33 npm WARN deprecated request@2.88.2: request has been deprecated, see https://github.com/request/request/issues/3142
#9 28.33 npm WARN deprecated minimatch@0.3.0: Please update to minimatch 3.0.2 or higher to avoid a RegExp DoS issue
#9 28.34 npm WARN deprecated minimatch@0.2.14: Please update to minimatch 3.0.2 or higher to avoid a RegExp DoS issue
#9 28.34 npm WARN deprecated rimraf@2.4.5: Rimraf versions prior to v4 are no longer supported
#9 28.47 npm WARN deprecated bson@1.0.9: Fixed a critical issue with BSON serialization documented in CVE-2019-2391, see https://bit.ly/2KcpXdo for more details
#9 28.48 npm WARN deprecated rimraf@2.6.3: Rimraf versions prior to v4 are no longer supported
#9 28.61 npm WARN deprecated uuid@3.4.0: Please upgrade  to version 7 or higher.  Older versions may use Math.random() in certain circumstances, which is known to be problematic.  See https://v8.dev/blog/math-random for details.
#9 28.66 npm WARN deprecated glob@3.2.11: Glob versions prior to v9 are no longer supported
#9 28.80 npm WARN deprecated request@2.40.0: request has been deprecated, see https://github.com/request/request/issues/3142
#9 29.22 npm WARN deprecated json-schema-ref-parser@1.4.1: Please switch to @apidevtools/json-schema-ref-parser
#9 30.06 npm WARN deprecated cucumber@1.3.3: Cucumber is publishing new releases under @cucumber/cucumber
#9 30.08 npm WARN deprecated newrelic@4.6.0: This version of the New Relic Node Agent has reached the end of life.
#9 30.14 npm WARN deprecated gherkin@4.1.3: This package is now published under @cucumber/gherkin
#9 30.17 npm WARN deprecated elasticsearch@12.1.3: Package no longer supported. Contact Support at https://www.npmjs.com/support for more info.
#9 31.48 npm WARN deprecated core-js@2.6.12: core-js@<3.23.3 is no longer maintained and not recommended for usage due to the number of issues. Because of the V8 engine whims, feature detection in old core-js versions could cause a slowdown up to 100x even if nothing is polyfilled. Some versions have web compatibility issues. Please, upgrade your dependencies to the actual version of core-js.
#9 37.23 
#9 37.23 added 960 packages, and audited 961 packages in 36s
#9 37.23 
#9 37.23 52 packages are looking for funding
#9 37.23   run `npm fund` for details
#9 37.33 
#9 37.33 67 vulnerabilities (23 moderate, 42 high, 2 critical)
#9 37.33 
#9 37.33 To address issues that do not require attention, run:
#9 37.33   npm audit fix
#9 37.33 
#9 37.33 To address all issues (including breaking changes), run:
#9 37.33   npm audit fix --force
#9 37.33 
#9 37.33 Run `npm audit` for details.
#9 37.33 npm notice 
#9 37.33 npm notice New major version of npm available! 8.19.4 -> 10.8.2
#9 37.33 npm notice Changelog: <https://github.com/npm/cli/releases/tag/v10.8.2>
#9 37.33 npm notice Run `npm install -g npm@10.8.2` to update!
#9 37.33 npm notice 
#9 37.76 npm WARN using --force Recommended protections disabled.
#9 DONE 44.1s

#10 [6/7] COPY . /usr/src/app
#10 DONE 0.7s

#11 [7/7] RUN mkdir -p /var/opt/app/storage/{upload,exports}
#11 DONE 0.8s

#12 exporting to image
#12 exporting layers
#12 exporting layers 4.1s done
#12 writing image sha256:95de0fd5e2ef520e3e19434824a1d6895455f13f9b6f8c369b2ff65a3d9ed683 0.0s done
#12 naming to docker.io/library/image_name_v1_1 0.0s done
#12 DONE 4.1s
Duration: 1:40.33