#0 building with "default" instance using docker driver

#1 [internal] load .dockerignore
#1 transferring context:
#1 ...

#2 [internal] load build definition from Dockerfile
#2 transferring dockerfile: 262B done
#2 DONE 0.5s

#1 [internal] load .dockerignore
#1 transferring context: 2B done
#1 DONE 0.6s

#3 [internal] load metadata for docker.io/library/php:5.6-apache
#3 ...

#4 [auth] library/php:pull token for registry-1.docker.io
#4 DONE 0.0s

#3 [internal] load metadata for docker.io/library/php:5.6-apache
#3 DONE 1.5s

#5 [1/5] FROM docker.io/library/php:5.6-apache@sha256:0a40fd273961b99d8afe69a61a68c73c04bc0caa9de384d3b2dd9e7986eec86d
#5 resolve docker.io/library/php:5.6-apache@sha256:0a40fd273961b99d8afe69a61a68c73c04bc0caa9de384d3b2dd9e7986eec86d
#5 resolve docker.io/library/php:5.6-apache@sha256:0a40fd273961b99d8afe69a61a68c73c04bc0caa9de384d3b2dd9e7986eec86d 0.2s done
#5 sha256:24c791995c1e498255393db857040793a7a040fa0f8ddd4bbe8fb230648e37d7 12.45kB / 12.45kB done
#5 sha256:95f5e2cf93f20c1cd5199f9be5e28097c0317086c4f3492bf33a7d0dc4176b94 3.04kB / 3.04kB done
#5 sha256:0a40fd273961b99d8afe69a61a68c73c04bc0caa9de384d3b2dd9e7986eec86d 2.06kB / 2.06kB done
#5 sha256:cf165947b5b75ef63a7872634239e795a3063179895699dc8e0726f1039946b3 0B / 229B 0.2s
#5 sha256:5e6ec7f28fb77f84f64b8c29fcb0a746260563f5858315e3e9fcc4aee2844840 4.19MB / 22.50MB 0.2s
#5 sha256:7bd37682846da479bcfb64459fa36e043d3380a77b401f6de5b862d00d8dcebf 0B / 67.44MB 0.2s
#5 sha256:cf165947b5b75ef63a7872634239e795a3063179895699dc8e0726f1039946b3 229B / 229B 0.3s done
#5 sha256:5e6ec7f28fb77f84f64b8c29fcb0a746260563f5858315e3e9fcc4aee2844840 15.94MB / 22.50MB 0.4s
#5 sha256:7bd37682846da479bcfb64459fa36e043d3380a77b401f6de5b862d00d8dcebf 4.19MB / 67.44MB 0.4s
#5 sha256:99daf8e838e14fb73055ddac03535d506dbf36a5a01c37497ff001c0dbd68f3e 0B / 181B 0.4s
#5 sha256:5e6ec7f28fb77f84f64b8c29fcb0a746260563f5858315e3e9fcc4aee2844840 20.97MB / 22.50MB 0.5s
#5 sha256:99daf8e838e14fb73055ddac03535d506dbf36a5a01c37497ff001c0dbd68f3e 181B / 181B 0.5s
#5 sha256:5e6ec7f28fb77f84f64b8c29fcb0a746260563f5858315e3e9fcc4aee2844840 22.50MB / 22.50MB 0.6s
#5 sha256:7bd37682846da479bcfb64459fa36e043d3380a77b401f6de5b862d00d8dcebf 14.68MB / 67.44MB 0.6s
#5 sha256:99daf8e838e14fb73055ddac03535d506dbf36a5a01c37497ff001c0dbd68f3e 181B / 181B 0.5s done
#5 sha256:7bd37682846da479bcfb64459fa36e043d3380a77b401f6de5b862d00d8dcebf 23.07MB / 67.44MB 0.8s
#5 sha256:5e6ec7f28fb77f84f64b8c29fcb0a746260563f5858315e3e9fcc4aee2844840 22.50MB / 22.50MB 0.9s done
#5 sha256:7bd37682846da479bcfb64459fa36e043d3380a77b401f6de5b862d00d8dcebf 27.26MB / 67.44MB 0.9s
#5 extracting sha256:5e6ec7f28fb77f84f64b8c29fcb0a746260563f5858315e3e9fcc4aee2844840
#5 sha256:ebcb99c48d8c8dd49d64a2d097966dacca7117b4381a54b6835b0afa487e9814 0B / 1.34kB 1.0s
#5 sha256:7bd37682846da479bcfb64459fa36e043d3380a77b401f6de5b862d00d8dcebf 33.55MB / 67.44MB 1.1s
#5 sha256:ebcb99c48d8c8dd49d64a2d097966dacca7117b4381a54b6835b0afa487e9814 1.34kB / 1.34kB 1.1s
#5 sha256:ae320713efba9e138236c82142d67bd9d5f05ef4d4a3de877e7aa27d1456ce3e 0B / 17.13MB 1.1s
#5 sha256:7bd37682846da479bcfb64459fa36e043d3380a77b401f6de5b862d00d8dcebf 39.85MB / 67.44MB 1.2s
#5 sha256:ebcb99c48d8c8dd49d64a2d097966dacca7117b4381a54b6835b0afa487e9814 1.34kB / 1.34kB 1.1s done
#5 sha256:ae320713efba9e138236c82142d67bd9d5f05ef4d4a3de877e7aa27d1456ce3e 3.15MB / 17.13MB 1.2s
#5 sha256:9867e71b4ab60b84952cf76ca4f3446e994d0760b3d6e16658417c496656dca2 0B / 430B 1.2s
#5 sha256:7bd37682846da479bcfb64459fa36e043d3380a77b401f6de5b862d00d8dcebf 54.53MB / 67.44MB 1.4s
#5 sha256:ae320713efba9e138236c82142d67bd9d5f05ef4d4a3de877e7aa27d1456ce3e 8.39MB / 17.13MB 1.4s
#5 sha256:9867e71b4ab60b84952cf76ca4f3446e994d0760b3d6e16658417c496656dca2 430B / 430B 1.4s done
#5 sha256:7bd37682846da479bcfb64459fa36e043d3380a77b401f6de5b862d00d8dcebf 60.94MB / 67.44MB 1.5s
#5 sha256:ae320713efba9e138236c82142d67bd9d5f05ef4d4a3de877e7aa27d1456ce3e 12.58MB / 17.13MB 1.5s
#5 sha256:936eb418164ae6e2bb965f03cb699d969f0ed568d0f965d6f276c944511dbcfb 0B / 487B 1.5s
#5 sha256:7bd37682846da479bcfb64459fa36e043d3380a77b401f6de5b862d00d8dcebf 67.44MB / 67.44MB 1.6s
#5 sha256:ae320713efba9e138236c82142d67bd9d5f05ef4d4a3de877e7aa27d1456ce3e 17.13MB / 17.13MB 1.6s
#5 sha256:936eb418164ae6e2bb965f03cb699d969f0ed568d0f965d6f276c944511dbcfb 487B / 487B 1.6s done
#5 extracting sha256:5e6ec7f28fb77f84f64b8c29fcb0a746260563f5858315e3e9fcc4aee2844840 1.5s done
#5 sha256:7bd37682846da479bcfb64459fa36e043d3380a77b401f6de5b862d00d8dcebf 67.44MB / 67.44MB 2.8s done
#5 sha256:ae320713efba9e138236c82142d67bd9d5f05ef4d4a3de877e7aa27d1456ce3e 17.13MB / 17.13MB 3.1s done
#5 extracting sha256:cf165947b5b75ef63a7872634239e795a3063179895699dc8e0726f1039946b3
#5 extracting sha256:cf165947b5b75ef63a7872634239e795a3063179895699dc8e0726f1039946b3 done
#5 sha256:b2d4b347f67cc1279b9a7c3643a07d465ab3eac59b96b593be3466220747fd4e 0B / 9.73MB 3.4s
#5 sha256:bc298e7adaf7d0aa550c78b610cf10f7c71a414aee30948f132c0102579a54b9 3.15MB / 12.82MB 3.4s
#5 sha256:ccd61b587bcd1e85123c101e6bff7ab461b1070ca1758f6f6c53862a2a7b9d7f 0B / 498B 3.4s
#5 sha256:b2d4b347f67cc1279b9a7c3643a07d465ab3eac59b96b593be3466220747fd4e 2.10MB / 9.73MB 3.5s
#5 sha256:bc298e7adaf7d0aa550c78b610cf10f7c71a414aee30948f132c0102579a54b9 7.34MB / 12.82MB 3.5s
#5 sha256:b2d4b347f67cc1279b9a7c3643a07d465ab3eac59b96b593be3466220747fd4e 6.29MB / 9.73MB 3.6s
#5 sha256:bc298e7adaf7d0aa550c78b610cf10f7c71a414aee30948f132c0102579a54b9 12.82MB / 12.82MB 3.6s
#5 sha256:ccd61b587bcd1e85123c101e6bff7ab461b1070ca1758f6f6c53862a2a7b9d7f 498B / 498B 3.5s done
#5 extracting sha256:7bd37682846da479bcfb64459fa36e043d3380a77b401f6de5b862d00d8dcebf
#5 sha256:56e9dde341528a1f5e6bde75bdc8679cb232d3d4c76c319bf4e6bfbaacf21ba7 0B / 2.20kB 3.6s
#5 sha256:b2d4b347f67cc1279b9a7c3643a07d465ab3eac59b96b593be3466220747fd4e 7.34MB / 9.73MB 3.7s
#5 sha256:b2d4b347f67cc1279b9a7c3643a07d465ab3eac59b96b593be3466220747fd4e 9.73MB / 9.73MB 3.8s
#5 sha256:56e9dde341528a1f5e6bde75bdc8679cb232d3d4c76c319bf4e6bfbaacf21ba7 2.20kB / 2.20kB 3.8s
#5 sha256:bc298e7adaf7d0aa550c78b610cf10f7c71a414aee30948f132c0102579a54b9 12.82MB / 12.82MB 3.8s done
#5 sha256:56e9dde341528a1f5e6bde75bdc8679cb232d3d4c76c319bf4e6bfbaacf21ba7 2.20kB / 2.20kB 3.9s done
#5 sha256:b2d4b347f67cc1279b9a7c3643a07d465ab3eac59b96b593be3466220747fd4e 9.73MB / 9.73MB 4.1s done
#5 sha256:9ad99b17eb781e5b1e2d8d71ea4327547e082ceb262544e100bb077da9695e75 0B / 906B 4.2s
#5 sha256:9ad99b17eb781e5b1e2d8d71ea4327547e082ceb262544e100bb077da9695e75 906B / 906B 4.4s done
#5 extracting sha256:7bd37682846da479bcfb64459fa36e043d3380a77b401f6de5b862d00d8dcebf 4.2s done
#5 extracting sha256:99daf8e838e14fb73055ddac03535d506dbf36a5a01c37497ff001c0dbd68f3e
#5 extracting sha256:99daf8e838e14fb73055ddac03535d506dbf36a5a01c37497ff001c0dbd68f3e done
#5 extracting sha256:ae320713efba9e138236c82142d67bd9d5f05ef4d4a3de877e7aa27d1456ce3e
#5 extracting sha256:ae320713efba9e138236c82142d67bd9d5f05ef4d4a3de877e7aa27d1456ce3e 0.9s done
#5 extracting sha256:ebcb99c48d8c8dd49d64a2d097966dacca7117b4381a54b6835b0afa487e9814
#5 extracting sha256:ebcb99c48d8c8dd49d64a2d097966dacca7117b4381a54b6835b0afa487e9814 done
#5 extracting sha256:9867e71b4ab60b84952cf76ca4f3446e994d0760b3d6e16658417c496656dca2
#5 extracting sha256:9867e71b4ab60b84952cf76ca4f3446e994d0760b3d6e16658417c496656dca2 done
#5 extracting sha256:936eb418164ae6e2bb965f03cb699d969f0ed568d0f965d6f276c944511dbcfb
#5 extracting sha256:936eb418164ae6e2bb965f03cb699d969f0ed568d0f965d6f276c944511dbcfb done
#5 extracting sha256:bc298e7adaf7d0aa550c78b610cf10f7c71a414aee30948f132c0102579a54b9
#5 extracting sha256:bc298e7adaf7d0aa550c78b610cf10f7c71a414aee30948f132c0102579a54b9 0.2s done
#5 extracting sha256:ccd61b587bcd1e85123c101e6bff7ab461b1070ca1758f6f6c53862a2a7b9d7f
#5 extracting sha256:ccd61b587bcd1e85123c101e6bff7ab461b1070ca1758f6f6c53862a2a7b9d7f done
#5 extracting sha256:b2d4b347f67cc1279b9a7c3643a07d465ab3eac59b96b593be3466220747fd4e
#5 extracting sha256:b2d4b347f67cc1279b9a7c3643a07d465ab3eac59b96b593be3466220747fd4e 0.6s done
#5 extracting sha256:56e9dde341528a1f5e6bde75bdc8679cb232d3d4c76c319bf4e6bfbaacf21ba7
#5 extracting sha256:56e9dde341528a1f5e6bde75bdc8679cb232d3d4c76c319bf4e6bfbaacf21ba7 done
#5 extracting sha256:9ad99b17eb781e5b1e2d8d71ea4327547e082ceb262544e100bb077da9695e75
#5 extracting sha256:9ad99b17eb781e5b1e2d8d71ea4327547e082ceb262544e100bb077da9695e75 done
#5 DONE 15.2s

#6 [2/5] RUN a2enmod rewrite
#6 0.540 Enabling module rewrite.
#6 0.546 To activate the new configuration, you need to run:
#6 0.546   service apache2 restart
#6 DONE 9.8s

#7 [3/5] RUN echo "date.timezone = Europe/London" > /usr/local/etc/php/conf.d/timezone.ini
#7 DONE 2.6s

#8 [4/5] RUN apt-get update && apt-get install -y libmcrypt-dev
#8 0.761 Ign:1 http://security.debian.org/debian-security stretch/updates InRelease
#8 0.764 Ign:2 http://security.debian.org/debian-security stretch/updates Release
#8 0.767 Ign:3 http://security.debian.org/debian-security stretch/updates/main all Packages
#8 0.778 Ign:4 http://deb.debian.org/debian stretch InRelease
#8 0.788 Ign:5 http://deb.debian.org/debian stretch-updates InRelease
#8 0.799 Ign:6 http://deb.debian.org/debian stretch Release
#8 0.809 Ign:7 http://deb.debian.org/debian stretch-updates Release
#8 0.819 Ign:8 http://deb.debian.org/debian stretch/main all Packages
#8 1.069 Ign:9 http://security.debian.org/debian-security stretch/updates/main amd64 Packages
#8 1.072 Ign:3 http://security.debian.org/debian-security stretch/updates/main all Packages
#8 1.123 Ign:10 http://deb.debian.org/debian stretch/main amd64 Packages
#8 1.133 Ign:11 http://deb.debian.org/debian stretch-updates/main all Packages
#8 1.370 Ign:9 http://security.debian.org/debian-security stretch/updates/main amd64 Packages
#8 1.373 Ign:3 http://security.debian.org/debian-security stretch/updates/main all Packages
#8 1.500 Ign:12 http://deb.debian.org/debian stretch-updates/main amd64 Packages
#8 1.510 Ign:8 http://deb.debian.org/debian stretch/main all Packages
#8 1.668 Ign:10 http://deb.debian.org/debian stretch/main amd64 Packages
#8 1.675 Ign:9 http://security.debian.org/debian-security stretch/updates/main amd64 Packages
#8 1.677 Ign:11 http://deb.debian.org/debian stretch-updates/main all Packages
#8 1.678 Ign:3 http://security.debian.org/debian-security stretch/updates/main all Packages
#8 1.835 Ign:12 http://deb.debian.org/debian stretch-updates/main amd64 Packages
#8 1.845 Ign:8 http://deb.debian.org/debian stretch/main all Packages
#8 1.980 Ign:9 http://security.debian.org/debian-security stretch/updates/main amd64 Packages
#8 1.983 Ign:3 http://security.debian.org/debian-security stretch/updates/main all Packages
#8 2.152 Ign:10 http://deb.debian.org/debian stretch/main amd64 Packages
#8 2.162 Ign:11 http://deb.debian.org/debian stretch-updates/main all Packages
#8 2.291 Ign:9 http://security.debian.org/debian-security stretch/updates/main amd64 Packages
#8 2.294 Ign:3 http://security.debian.org/debian-security stretch/updates/main all Packages
#8 2.319 Ign:12 http://deb.debian.org/debian stretch-updates/main amd64 Packages
#8 2.329 Ign:8 http://deb.debian.org/debian stretch/main all Packages
#8 2.596 Err:9 http://security.debian.org/debian-security stretch/updates/main amd64 Packages
#8 2.596   404  Not Found [IP: 151.101.194.132 80]
#8 2.636 Ign:10 http://deb.debian.org/debian stretch/main amd64 Packages
#8 2.646 Ign:11 http://deb.debian.org/debian stretch-updates/main all Packages
#8 2.805 Ign:12 http://deb.debian.org/debian stretch-updates/main amd64 Packages
#8 2.815 Ign:8 http://deb.debian.org/debian stretch/main all Packages
#8 2.973 Ign:10 http://deb.debian.org/debian stretch/main amd64 Packages
#8 2.983 Ign:11 http://deb.debian.org/debian stretch-updates/main all Packages
#8 3.289 Ign:12 http://deb.debian.org/debian stretch-updates/main amd64 Packages
#8 3.299 Ign:8 http://deb.debian.org/debian stretch/main all Packages
#8 3.613 Err:10 http://deb.debian.org/debian stretch/main amd64 Packages
#8 3.613   404  Not Found
#8 3.623 Ign:11 http://deb.debian.org/debian stretch-updates/main all Packages
#8 3.781 Err:12 http://deb.debian.org/debian stretch-updates/main amd64 Packages
#8 3.781   404  Not Found
#8 3.784 Reading package lists...
#8 3.795 W: The repository 'http://security.debian.org/debian-security stretch/updates Release' does not have a Release file.
#8 3.795 W: The repository 'http://deb.debian.org/debian stretch Release' does not have a Release file.
#8 3.795 W: The repository 'http://deb.debian.org/debian stretch-updates Release' does not have a Release file.
#8 3.795 E: Failed to fetch http://security.debian.org/debian-security/dists/stretch/updates/main/binary-amd64/Packages  404  Not Found [IP: 151.101.194.132 80]
#8 3.795 E: Failed to fetch http://deb.debian.org/debian/dists/stretch/main/binary-amd64/Packages  404  Not Found
#8 3.795 E: Failed to fetch http://deb.debian.org/debian/dists/stretch-updates/main/binary-amd64/Packages  404  Not Found
#8 3.795 E: Some index files failed to download. They have been ignored, or old ones used instead.
#8 ERROR: process "/bin/sh -c apt-get update && apt-get install -y libmcrypt-dev" did not complete successfully: exit code: 100
------
 > [4/5] RUN apt-get update && apt-get install -y libmcrypt-dev:
3.781 Err:12 http://deb.debian.org/debian stretch-updates/main amd64 Packages
3.781   404  Not Found
3.784 Reading package lists...
3.795 W: The repository 'http://security.debian.org/debian-security stretch/updates Release' does not have a Release file.
3.795 W: The repository 'http://deb.debian.org/debian stretch Release' does not have a Release file.
3.795 W: The repository 'http://deb.debian.org/debian stretch-updates Release' does not have a Release file.
3.795 E: Failed to fetch http://security.debian.org/debian-security/dists/stretch/updates/main/binary-amd64/Packages  404  Not Found [IP: 151.101.194.132 80]
3.795 E: Failed to fetch http://deb.debian.org/debian/dists/stretch/main/binary-amd64/Packages  404  Not Found
3.795 E: Failed to fetch http://deb.debian.org/debian/dists/stretch-updates/main/binary-amd64/Packages  404  Not Found
3.795 E: Some index files failed to download. They have been ignored, or old ones used instead.
------
Dockerfile:8
--------------------
   6 |     
   7 |     # mcrypt
   8 | >>> RUN apt-get update && apt-get install -y libmcrypt-dev
   9 |     RUN docker-php-ext-install mcrypt
  10 |     
--------------------
ERROR: failed to solve: process "/bin/sh -c apt-get update && apt-get install -y libmcrypt-dev" did not complete successfully: exit code: 100
Duration: 0:34.35