#0 building with "default" instance using docker driver

#1 [internal] load build definition from Dockerfile
#1 ...

#2 [internal] load .dockerignore
#2 transferring context: 2B done
#2 DONE 0.3s

#1 [internal] load build definition from Dockerfile
#1 transferring dockerfile: 519B done
#1 DONE 0.4s

#3 [internal] load metadata for docker.io/library/node:lts-stretch-slim
#3 ...

#4 [auth] library/node:pull token for registry-1.docker.io
#4 DONE 0.0s

#3 [internal] load metadata for docker.io/library/node:lts-stretch-slim
#3 DONE 1.5s

#5 [1/9] FROM docker.io/library/node:lts-stretch-slim@sha256:afef4a8000f747fdb0b22479fb4c7a2a19cd6f05b0e08c9f67e430853152c7fc
#5 resolve docker.io/library/node:lts-stretch-slim@sha256:afef4a8000f747fdb0b22479fb4c7a2a19cd6f05b0e08c9f67e430853152c7fc
#5 resolve docker.io/library/node:lts-stretch-slim@sha256:afef4a8000f747fdb0b22479fb4c7a2a19cd6f05b0e08c9f67e430853152c7fc 0.2s done
#5 sha256:47595b7bcd906fa61a0b3a745fa1f9f447fe6476bee72cc079a49d08a01e19ca 1.37kB / 1.37kB done
#5 sha256:d53b6cbca523fbed12a91121d153618dab88dc00fb7a470bcd03712963ca36d8 7.03kB / 7.03kB done
#5 sha256:afef4a8000f747fdb0b22479fb4c7a2a19cd6f05b0e08c9f67e430853152c7fc 776B / 776B done
#5 sha256:bff3e048017eab8adaed886bad4b3c5c81f7d952b65b056dca8d6dbc198222dd 0B / 22.57MB 0.1s
#5 sha256:bff3e048017eab8adaed886bad4b3c5c81f7d952b65b056dca8d6dbc198222dd 2.10MB / 22.57MB 0.2s
#5 sha256:126dbb4e8fc003a404a542c1955774b791cc6c538c363784ecda22b6f9c98f46 0B / 4.17kB 0.2s
#5 sha256:2daf78eeb282b2ab64f85004bfbe03f97fbbe3dabcf9ea0faa430d903102b7ba 0B / 34.61MB 0.2s
#5 ...

#6 [internal] load build context
#6 transferring context: 11.53MB 0.4s done
#6 DONE 0.6s

#5 [1/9] FROM docker.io/library/node:lts-stretch-slim@sha256:afef4a8000f747fdb0b22479fb4c7a2a19cd6f05b0e08c9f67e430853152c7fc
#5 sha256:bff3e048017eab8adaed886bad4b3c5c81f7d952b65b056dca8d6dbc198222dd 12.58MB / 22.57MB 0.4s
#5 sha256:126dbb4e8fc003a404a542c1955774b791cc6c538c363784ecda22b6f9c98f46 4.17kB / 4.17kB 0.4s
#5 sha256:bff3e048017eab8adaed886bad4b3c5c81f7d952b65b056dca8d6dbc198222dd 20.97MB / 22.57MB 0.6s
#5 sha256:bff3e048017eab8adaed886bad4b3c5c81f7d952b65b056dca8d6dbc198222dd 22.57MB / 22.57MB 0.8s
#5 sha256:126dbb4e8fc003a404a542c1955774b791cc6c538c363784ecda22b6f9c98f46 4.17kB / 4.17kB 0.6s done
#5 sha256:2daf78eeb282b2ab64f85004bfbe03f97fbbe3dabcf9ea0faa430d903102b7ba 12.58MB / 34.61MB 0.8s
#5 sha256:bff3e048017eab8adaed886bad4b3c5c81f7d952b65b056dca8d6dbc198222dd 22.57MB / 22.57MB 0.9s done
#5 sha256:2daf78eeb282b2ab64f85004bfbe03f97fbbe3dabcf9ea0faa430d903102b7ba 27.26MB / 34.61MB 0.9s
#5 sha256:2daf78eeb282b2ab64f85004bfbe03f97fbbe3dabcf9ea0faa430d903102b7ba 34.61MB / 34.61MB 1.0s
#5 extracting sha256:bff3e048017eab8adaed886bad4b3c5c81f7d952b65b056dca8d6dbc198222dd
#5 sha256:1dc472aca539b4ffe3939394393d5d497cf65e0bb0bad27f83f74c4338e9fc83 0B / 2.78MB 1.0s
#5 sha256:150bc8d386a3d58a36e055fd85a1f24b37655b94ad0ca2de54c5c2474ce9c61e 0B / 464B 1.1s
#5 sha256:1dc472aca539b4ffe3939394393d5d497cf65e0bb0bad27f83f74c4338e9fc83 2.78MB / 2.78MB 1.2s
#5 sha256:150bc8d386a3d58a36e055fd85a1f24b37655b94ad0ca2de54c5c2474ce9c61e 464B / 464B 1.4s
#5 sha256:2daf78eeb282b2ab64f85004bfbe03f97fbbe3dabcf9ea0faa430d903102b7ba 34.61MB / 34.61MB 1.6s done
#5 sha256:1dc472aca539b4ffe3939394393d5d497cf65e0bb0bad27f83f74c4338e9fc83 2.78MB / 2.78MB 1.7s done
#5 sha256:150bc8d386a3d58a36e055fd85a1f24b37655b94ad0ca2de54c5c2474ce9c61e 464B / 464B 1.8s done
#5 extracting sha256:bff3e048017eab8adaed886bad4b3c5c81f7d952b65b056dca8d6dbc198222dd 1.4s done
#5 extracting sha256:126dbb4e8fc003a404a542c1955774b791cc6c538c363784ecda22b6f9c98f46
#5 extracting sha256:126dbb4e8fc003a404a542c1955774b791cc6c538c363784ecda22b6f9c98f46 0.1s done
#5 extracting sha256:2daf78eeb282b2ab64f85004bfbe03f97fbbe3dabcf9ea0faa430d903102b7ba
#5 extracting sha256:2daf78eeb282b2ab64f85004bfbe03f97fbbe3dabcf9ea0faa430d903102b7ba 2.1s done
#5 extracting sha256:1dc472aca539b4ffe3939394393d5d497cf65e0bb0bad27f83f74c4338e9fc83
#5 extracting sha256:1dc472aca539b4ffe3939394393d5d497cf65e0bb0bad27f83f74c4338e9fc83 0.2s done
#5 extracting sha256:150bc8d386a3d58a36e055fd85a1f24b37655b94ad0ca2de54c5c2474ce9c61e
#5 extracting sha256:150bc8d386a3d58a36e055fd85a1f24b37655b94ad0ca2de54c5c2474ce9c61e done
#5 DONE 8.2s

#7 [2/9] RUN apt update && apt install --assume-yes git python curl dnsutils build-essential
#7 0.445 
#7 0.445 WARNING: apt does not have a stable CLI interface. Use with caution in scripts.
#7 0.445 
#7 0.616 Ign:1 http://security.debian.org/debian-security stretch/updates InRelease
#7 0.629 Ign:2 http://deb.debian.org/debian stretch InRelease
#7 0.765 Err:3 http://security.debian.org/debian-security stretch/updates Release
#7 0.765   404  Not Found [IP: 151.101.66.132 80]
#7 0.788 Ign:4 http://deb.debian.org/debian stretch-updates InRelease
#7 0.946 Err:5 http://deb.debian.org/debian stretch Release
#7 0.946   404  Not Found
#7 1.103 Err:6 http://deb.debian.org/debian stretch-updates Release
#7 1.103   404  Not Found
#7 1.107 Reading package lists...
#7 1.116 E: The repository 'http://security.debian.org/debian-security stretch/updates Release' does not have a Release file.
#7 1.116 E: The repository 'http://deb.debian.org/debian stretch Release' does not have a Release file.
#7 1.116 E: The repository 'http://deb.debian.org/debian stretch-updates Release' does not have a Release file.
#7 ERROR: process "/bin/sh -c apt update && apt install --assume-yes git python curl dnsutils build-essential" did not complete successfully: exit code: 100
------
 > [2/9] RUN apt update && apt install --assume-yes git python curl dnsutils build-essential:
0.765   404  Not Found [IP: 151.101.66.132 80]
0.788 Ign:4 http://deb.debian.org/debian stretch-updates InRelease
0.946 Err:5 http://deb.debian.org/debian stretch Release
0.946   404  Not Found
1.103 Err:6 http://deb.debian.org/debian stretch-updates Release
1.103   404  Not Found
1.107 Reading package lists...
1.116 E: The repository 'http://security.debian.org/debian-security stretch/updates Release' does not have a Release file.
1.116 E: The repository 'http://deb.debian.org/debian stretch Release' does not have a Release file.
1.116 E: The repository 'http://deb.debian.org/debian stretch-updates Release' does not have a Release file.
------
Dockerfile:3
--------------------
   1 |     # Start with node 10.15.0
   2 |     FROM node:lts-stretch-slim
   3 | >>> RUN apt update && apt install --assume-yes git python curl dnsutils build-essential
   4 |     
   5 |     ARG buildtime_settings=local_docker
--------------------
ERROR: failed to solve: process "/bin/sh -c apt update && apt install --assume-yes git python curl dnsutils build-essential" did not complete successfully: exit code: 100
Duration: 0:16.21