#0 building with "default" instance using docker driver

#1 [internal] load .dockerignore
#1 transferring context:
#1 transferring context: 125B done
#1 DONE 0.3s

#2 [internal] load build definition from Dockerfile
#2 transferring dockerfile: 315B done
#2 DONE 0.4s

#3 [auth] library/node:pull token for registry-1.docker.io
#3 DONE 0.0s

#4 [internal] load metadata for docker.io/library/node:10
#4 DONE 1.9s

#5 [internal] load build context
#5 DONE 0.0s

#6 [1/8] FROM docker.io/library/node:10@sha256:59531d2835edd5161c8f9512f9e095b1836f7a1fcb0ab73e005ec46047384911
#6 resolve docker.io/library/node:10@sha256:59531d2835edd5161c8f9512f9e095b1836f7a1fcb0ab73e005ec46047384911 0.1s done
#6 sha256:59531d2835edd5161c8f9512f9e095b1836f7a1fcb0ab73e005ec46047384911 776B / 776B done
#6 sha256:28dca6642db82aaecbed18101d9966f001e8de6691e1a1718c2927c124d81262 7.83kB / 7.83kB done
#6 sha256:686e0e859358f28bfe1641e1627549b9cd0ad74f222b953d74209213488c6858 2.21kB / 2.21kB done
#6 ...

#5 [internal] load build context
#5 transferring context: 393.73kB 0.0s done
#5 DONE 0.3s

#6 [1/8] FROM docker.io/library/node:10@sha256:59531d2835edd5161c8f9512f9e095b1836f7a1fcb0ab73e005ec46047384911
#6 sha256:2e2bafe8a0f40509cc10249087268e66a662e437f10e9598a09abb5687038a57 5.24MB / 11.29MB 0.3s
#6 sha256:76b8ef87096fa726adbe8f073ef69bb5664bac19474c5cce4dd69e08a234903b 0B / 45.38MB 0.3s
#6 sha256:2e2bafe8a0f40509cc10249087268e66a662e437f10e9598a09abb5687038a57 11.29MB / 11.29MB 0.4s
#6 sha256:b53ce1fd2746e8d2037f1b0b91ddea0cc7411eb3e5949fe10c0320aca8f7392b 2.10MB / 4.34MB 0.4s
#6 sha256:2e2bafe8a0f40509cc10249087268e66a662e437f10e9598a09abb5687038a57 11.29MB / 11.29MB 0.6s done
#6 sha256:76b8ef87096fa726adbe8f073ef69bb5664bac19474c5cce4dd69e08a234903b 16.78MB / 45.38MB 0.6s
#6 sha256:b53ce1fd2746e8d2037f1b0b91ddea0cc7411eb3e5949fe10c0320aca8f7392b 4.34MB / 4.34MB 0.6s
#6 sha256:76b8ef87096fa726adbe8f073ef69bb5664bac19474c5cce4dd69e08a234903b 24.12MB / 45.38MB 0.7s
#6 sha256:76b8ef87096fa726adbe8f073ef69bb5664bac19474c5cce4dd69e08a234903b 31.46MB / 45.38MB 0.8s
#6 sha256:b53ce1fd2746e8d2037f1b0b91ddea0cc7411eb3e5949fe10c0320aca8f7392b 4.34MB / 4.34MB 0.7s done
#6 sha256:84a8c1bd5887cc4a89e1f286fed9ee31ce12dba9f6813cf14082ada3e9ab6f63 0B / 49.79MB 0.8s
#6 sha256:7a803dc0b40fcd10faee3fb3ebb2d7aaa88500520e6295295f5163c4bb48548b 0B / 214.35MB 0.8s
#6 sha256:76b8ef87096fa726adbe8f073ef69bb5664bac19474c5cce4dd69e08a234903b 44.04MB / 45.38MB 1.0s
#6 sha256:84a8c1bd5887cc4a89e1f286fed9ee31ce12dba9f6813cf14082ada3e9ab6f63 9.44MB / 49.79MB 1.2s
#6 sha256:7a803dc0b40fcd10faee3fb3ebb2d7aaa88500520e6295295f5163c4bb48548b 18.87MB / 214.35MB 1.2s
#6 sha256:84a8c1bd5887cc4a89e1f286fed9ee31ce12dba9f6813cf14082ada3e9ab6f63 23.07MB / 49.79MB 1.4s
#6 sha256:84a8c1bd5887cc4a89e1f286fed9ee31ce12dba9f6813cf14082ada3e9ab6f63 36.70MB / 49.79MB 1.6s
#6 sha256:7a803dc0b40fcd10faee3fb3ebb2d7aaa88500520e6295295f5163c4bb48548b 36.70MB / 214.35MB 1.6s
#6 sha256:84a8c1bd5887cc4a89e1f286fed9ee31ce12dba9f6813cf14082ada3e9ab6f63 44.04MB / 49.79MB 1.7s
#6 extracting sha256:76b8ef87096fa726adbe8f073ef69bb5664bac19474c5cce4dd69e08a234903b
#6 sha256:76b8ef87096fa726adbe8f073ef69bb5664bac19474c5cce4dd69e08a234903b 45.38MB / 45.38MB 1.7s done
#6 sha256:84a8c1bd5887cc4a89e1f286fed9ee31ce12dba9f6813cf14082ada3e9ab6f63 49.79MB / 49.79MB 1.9s
#6 sha256:7a803dc0b40fcd10faee3fb3ebb2d7aaa88500520e6295295f5163c4bb48548b 56.62MB / 214.35MB 1.9s
#6 sha256:b800e94e7303e276b8fb4911a40bfe28f46180d997022c69bf1ee02fb7b86721 0B / 4.19kB 1.9s
#6 sha256:b800e94e7303e276b8fb4911a40bfe28f46180d997022c69bf1ee02fb7b86721 4.19kB / 4.19kB 2.0s
#6 sha256:7a803dc0b40fcd10faee3fb3ebb2d7aaa88500520e6295295f5163c4bb48548b 76.55MB / 214.35MB 2.1s
#6 sha256:7a803dc0b40fcd10faee3fb3ebb2d7aaa88500520e6295295f5163c4bb48548b 97.52MB / 214.35MB 2.3s
#6 sha256:7a803dc0b40fcd10faee3fb3ebb2d7aaa88500520e6295295f5163c4bb48548b 109.05MB / 214.35MB 2.4s
#6 sha256:7a803dc0b40fcd10faee3fb3ebb2d7aaa88500520e6295295f5163c4bb48548b 127.93MB / 214.35MB 2.6s
#6 sha256:84a8c1bd5887cc4a89e1f286fed9ee31ce12dba9f6813cf14082ada3e9ab6f63 49.79MB / 49.79MB 2.7s done
#6 sha256:7a803dc0b40fcd10faee3fb3ebb2d7aaa88500520e6295295f5163c4bb48548b 146.80MB / 214.35MB 2.8s
#6 sha256:b800e94e7303e276b8fb4911a40bfe28f46180d997022c69bf1ee02fb7b86721 4.19kB / 4.19kB 2.7s done
#6 sha256:0da9fbf60d485c74d153bfc7562f34533550e3dd8aa78f5e8c2476ed500e0e73 0B / 21.42MB 2.8s
#6 sha256:04dccde934cf0d6ab9d303fe73b36bc4ed84329d9d562049a69a5d38afb83f14 0B / 2.48MB 2.9s
#6 sha256:7a803dc0b40fcd10faee3fb3ebb2d7aaa88500520e6295295f5163c4bb48548b 161.48MB / 214.35MB 3.0s
#6 sha256:0da9fbf60d485c74d153bfc7562f34533550e3dd8aa78f5e8c2476ed500e0e73 4.19MB / 21.42MB 3.0s
#6 sha256:04dccde934cf0d6ab9d303fe73b36bc4ed84329d9d562049a69a5d38afb83f14 1.05MB / 2.48MB 3.0s
#6 sha256:0da9fbf60d485c74d153bfc7562f34533550e3dd8aa78f5e8c2476ed500e0e73 9.44MB / 21.42MB 3.1s
#6 sha256:04dccde934cf0d6ab9d303fe73b36bc4ed84329d9d562049a69a5d38afb83f14 2.48MB / 2.48MB 3.1s done
#6 sha256:7a803dc0b40fcd10faee3fb3ebb2d7aaa88500520e6295295f5163c4bb48548b 179.31MB / 214.35MB 3.3s
#6 sha256:0da9fbf60d485c74d153bfc7562f34533550e3dd8aa78f5e8c2476ed500e0e73 19.92MB / 21.42MB 3.3s
#6 sha256:73269890f6fdf96184d0fdb0afe3cf697b0c8dbe1e7a077f0fab445d74372c78 294B / 294B 3.3s
#6 sha256:0da9fbf60d485c74d153bfc7562f34533550e3dd8aa78f5e8c2476ed500e0e73 21.42MB / 21.42MB 3.4s
#6 sha256:73269890f6fdf96184d0fdb0afe3cf697b0c8dbe1e7a077f0fab445d74372c78 294B / 294B 3.3s done
#6 sha256:7a803dc0b40fcd10faee3fb3ebb2d7aaa88500520e6295295f5163c4bb48548b 197.13MB / 214.35MB 3.5s
#6 sha256:7a803dc0b40fcd10faee3fb3ebb2d7aaa88500520e6295295f5163c4bb48548b 214.35MB / 214.35MB 3.7s
#6 sha256:0da9fbf60d485c74d153bfc7562f34533550e3dd8aa78f5e8c2476ed500e0e73 21.42MB / 21.42MB 3.8s done
#6 extracting sha256:76b8ef87096fa726adbe8f073ef69bb5664bac19474c5cce4dd69e08a234903b 2.6s done
#6 sha256:7a803dc0b40fcd10faee3fb3ebb2d7aaa88500520e6295295f5163c4bb48548b 214.35MB / 214.35MB 6.9s done
#6 extracting sha256:2e2bafe8a0f40509cc10249087268e66a662e437f10e9598a09abb5687038a57
#6 extracting sha256:2e2bafe8a0f40509cc10249087268e66a662e437f10e9598a09abb5687038a57 0.6s done
#6 extracting sha256:b53ce1fd2746e8d2037f1b0b91ddea0cc7411eb3e5949fe10c0320aca8f7392b
#6 extracting sha256:b53ce1fd2746e8d2037f1b0b91ddea0cc7411eb3e5949fe10c0320aca8f7392b 0.2s done
#6 extracting sha256:84a8c1bd5887cc4a89e1f286fed9ee31ce12dba9f6813cf14082ada3e9ab6f63
#6 extracting sha256:84a8c1bd5887cc4a89e1f286fed9ee31ce12dba9f6813cf14082ada3e9ab6f63 3.2s done
#6 extracting sha256:7a803dc0b40fcd10faee3fb3ebb2d7aaa88500520e6295295f5163c4bb48548b
#6 extracting sha256:7a803dc0b40fcd10faee3fb3ebb2d7aaa88500520e6295295f5163c4bb48548b 5.1s
#6 extracting sha256:7a803dc0b40fcd10faee3fb3ebb2d7aaa88500520e6295295f5163c4bb48548b 10.1s
#6 extracting sha256:7a803dc0b40fcd10faee3fb3ebb2d7aaa88500520e6295295f5163c4bb48548b 12.0s done
#6 extracting sha256:b800e94e7303e276b8fb4911a40bfe28f46180d997022c69bf1ee02fb7b86721
#6 extracting sha256:b800e94e7303e276b8fb4911a40bfe28f46180d997022c69bf1ee02fb7b86721 0.1s done
#6 extracting sha256:0da9fbf60d485c74d153bfc7562f34533550e3dd8aa78f5e8c2476ed500e0e73
#6 extracting sha256:0da9fbf60d485c74d153bfc7562f34533550e3dd8aa78f5e8c2476ed500e0e73 1.7s done
#6 extracting sha256:04dccde934cf0d6ab9d303fe73b36bc4ed84329d9d562049a69a5d38afb83f14
#6 extracting sha256:04dccde934cf0d6ab9d303fe73b36bc4ed84329d9d562049a69a5d38afb83f14 0.2s done
#6 extracting sha256:73269890f6fdf96184d0fdb0afe3cf697b0c8dbe1e7a077f0fab445d74372c78
#6 extracting sha256:73269890f6fdf96184d0fdb0afe3cf697b0c8dbe1e7a077f0fab445d74372c78 done
#6 DONE 31.9s

#7 [2/8] RUN apt-get update && apt-get -y install cron
#7 0.674 Ign:1 http://deb.debian.org/debian stretch InRelease
#7 0.674 Ign:2 http://security.debian.org/debian-security stretch/updates InRelease
#7 0.684 Ign:3 http://deb.debian.org/debian stretch-updates InRelease
#7 0.685 Ign:4 http://security.debian.org/debian-security stretch/updates Release
#7 0.694 Ign:5 http://deb.debian.org/debian stretch Release
#7 0.696 Ign:6 http://security.debian.org/debian-security stretch/updates/main all Packages
#7 0.705 Ign:7 http://deb.debian.org/debian stretch-updates Release
#7 0.863 Ign:8 http://deb.debian.org/debian stretch/main amd64 Packages
#7 0.868 Ign:9 http://security.debian.org/debian-security stretch/updates/main amd64 Packages
#7 0.873 Ign:10 http://deb.debian.org/debian stretch/main all Packages
#7 0.879 Ign:6 http://security.debian.org/debian-security stretch/updates/main all Packages
#7 1.030 Ign:11 http://deb.debian.org/debian stretch-updates/main amd64 Packages
#7 1.041 Ign:12 http://deb.debian.org/debian stretch-updates/main all Packages
#7 1.052 Ign:9 http://security.debian.org/debian-security stretch/updates/main amd64 Packages
#7 1.062 Ign:6 http://security.debian.org/debian-security stretch/updates/main all Packages
#7 1.199 Ign:8 http://deb.debian.org/debian stretch/main amd64 Packages
#7 1.209 Ign:10 http://deb.debian.org/debian stretch/main all Packages
#7 1.231 Ign:9 http://security.debian.org/debian-security stretch/updates/main amd64 Packages
#7 1.242 Ign:6 http://security.debian.org/debian-security stretch/updates/main all Packages
#7 1.367 Ign:11 http://deb.debian.org/debian stretch-updates/main amd64 Packages
#7 1.378 Ign:12 http://deb.debian.org/debian stretch-updates/main all Packages
#7 1.411 Ign:9 http://security.debian.org/debian-security stretch/updates/main amd64 Packages
#7 1.422 Ign:6 http://security.debian.org/debian-security stretch/updates/main all Packages
#7 1.536 Ign:8 http://deb.debian.org/debian stretch/main amd64 Packages
#7 1.548 Ign:10 http://deb.debian.org/debian stretch/main all Packages
#7 1.592 Ign:9 http://security.debian.org/debian-security stretch/updates/main amd64 Packages
#7 1.603 Ign:6 http://security.debian.org/debian-security stretch/updates/main all Packages
#7 1.707 Ign:11 http://deb.debian.org/debian stretch-updates/main amd64 Packages
#7 1.717 Ign:12 http://deb.debian.org/debian stretch-updates/main all Packages
#7 1.773 Err:9 http://security.debian.org/debian-security stretch/updates/main amd64 Packages
#7 1.773   404  Not Found
#7 1.875 Ign:8 http://deb.debian.org/debian stretch/main amd64 Packages
#7 1.886 Ign:10 http://deb.debian.org/debian stretch/main all Packages
#7 2.096 Ign:11 http://deb.debian.org/debian stretch-updates/main amd64 Packages
#7 2.106 Ign:12 http://deb.debian.org/debian stretch-updates/main all Packages
#7 2.317 Ign:8 http://deb.debian.org/debian stretch/main amd64 Packages
#7 2.327 Ign:10 http://deb.debian.org/debian stretch/main all Packages
#7 2.505 Ign:11 http://deb.debian.org/debian stretch-updates/main amd64 Packages
#7 2.516 Ign:12 http://deb.debian.org/debian stretch-updates/main all Packages
#7 2.725 Err:8 http://deb.debian.org/debian stretch/main amd64 Packages
#7 2.725   404  Not Found
#7 2.745 Ign:10 http://deb.debian.org/debian stretch/main all Packages
#7 2.943 Err:11 http://deb.debian.org/debian stretch-updates/main amd64 Packages
#7 2.943   404  Not Found
#7 2.954 Ign:12 http://deb.debian.org/debian stretch-updates/main all Packages
#7 2.958 Reading package lists...
#7 2.971 W: The repository 'http://security.debian.org/debian-security stretch/updates Release' does not have a Release file.
#7 2.971 W: The repository 'http://deb.debian.org/debian stretch Release' does not have a Release file.
#7 2.971 W: The repository 'http://deb.debian.org/debian stretch-updates Release' does not have a Release file.
#7 2.971 E: Failed to fetch http://security.debian.org/debian-security/dists/stretch/updates/main/binary-amd64/Packages  404  Not Found
#7 2.971 E: Failed to fetch http://deb.debian.org/debian/dists/stretch/main/binary-amd64/Packages  404  Not Found
#7 2.971 E: Failed to fetch http://deb.debian.org/debian/dists/stretch-updates/main/binary-amd64/Packages  404  Not Found
#7 2.971 E: Some index files failed to download. They have been ignored, or old ones used instead.
#7 ERROR: process "/bin/sh -c apt-get update && apt-get -y install cron" did not complete successfully: exit code: 100
------
 > [2/8] RUN apt-get update && apt-get -y install cron:
2.943   404  Not Found
2.954 Ign:12 http://deb.debian.org/debian stretch-updates/main all Packages
2.958 Reading package lists...
2.971 W: The repository 'http://security.debian.org/debian-security stretch/updates Release' does not have a Release file.
2.971 W: The repository 'http://deb.debian.org/debian stretch Release' does not have a Release file.
2.971 W: The repository 'http://deb.debian.org/debian stretch-updates Release' does not have a Release file.
2.971 E: Failed to fetch http://security.debian.org/debian-security/dists/stretch/updates/main/binary-amd64/Packages  404  Not Found
2.971 E: Failed to fetch http://deb.debian.org/debian/dists/stretch/main/binary-amd64/Packages  404  Not Found
2.971 E: Failed to fetch http://deb.debian.org/debian/dists/stretch-updates/main/binary-amd64/Packages  404  Not Found
2.971 E: Some index files failed to download. They have been ignored, or old ones used instead.
------
Dockerfile:3
--------------------
   1 |     FROM node:10
   2 |     
   3 | >>> RUN apt-get update && apt-get -y install cron
   4 |     
   5 |     WORKDIR /var/www/
--------------------
ERROR: failed to solve: process "/bin/sh -c apt-get update && apt-get -y install cron" did not complete successfully: exit code: 100
Duration: 0:57.03