#0 building with "default" instance using docker driver

#1 [internal] load build definition from v1_Dockerfile
#1 transferring dockerfile: 791B done
#1 DONE 0.0s

#2 [internal] load metadata for docker.io/library/node:12-slim
#2 DONE 0.6s

#3 [internal] load .dockerignore
#3 transferring context: 158B done
#3 DONE 0.0s

#4 [internal] load build context
#4 transferring context: 8.68kB done
#4 DONE 0.0s

#5 [1/4] FROM docker.io/library/node:12-slim@sha256:c28ca4124ac84ff1e72ee68abfe70aa4cc86f499c1ef20408dc2d35af1058ac1
#5 resolve docker.io/library/node:12-slim@sha256:c28ca4124ac84ff1e72ee68abfe70aa4cc86f499c1ef20408dc2d35af1058ac1 0.0s done
#5 sha256:c28ca4124ac84ff1e72ee68abfe70aa4cc86f499c1ef20408dc2d35af1058ac1 776B / 776B done
#5 sha256:b8922ead40512613bedabb3a930b3a8069dae988f50c30b3b06cd81a469f095f 1.37kB / 1.37kB done
#5 sha256:9b792ac6810e5c2cc2e28612129101c1ea2922cf322b708e8f08a93905a0729d 6.94kB / 6.94kB done
#5 sha256:8bd3f5a20b90c0e84cc65ea4a9172a51b7b5c0b9a097fa88d7102cac91cddf2c 0B / 22.57MB 0.1s
#5 sha256:3a665e454db5bb98a702660a6db59d14ca11984612bdc76b7537323421356c16 0B / 4.17kB 0.1s
#5 sha256:b5b0e172ab63b10d88fbdbb73cc3d8e7009291ecb7e8c069750245277c032f28 0B / 24.20MB 0.1s
#5 sha256:8bd3f5a20b90c0e84cc65ea4a9172a51b7b5c0b9a097fa88d7102cac91cddf2c 8.39MB / 22.57MB 0.2s
#5 sha256:3a665e454db5bb98a702660a6db59d14ca11984612bdc76b7537323421356c16 4.17kB / 4.17kB 0.2s
#5 sha256:8bd3f5a20b90c0e84cc65ea4a9172a51b7b5c0b9a097fa88d7102cac91cddf2c 15.73MB / 22.57MB 0.3s
#5 sha256:3a665e454db5bb98a702660a6db59d14ca11984612bdc76b7537323421356c16 4.17kB / 4.17kB 0.2s done
#5 sha256:b5b0e172ab63b10d88fbdbb73cc3d8e7009291ecb7e8c069750245277c032f28 3.15MB / 24.20MB 0.3s
#5 sha256:45013ee4878f2d36efd91adeb4912c7758d53bd4a2ff7d832f3bc153d6f4d5fb 0B / 2.79MB 0.3s
#5 sha256:8bd3f5a20b90c0e84cc65ea4a9172a51b7b5c0b9a097fa88d7102cac91cddf2c 20.97MB / 22.57MB 0.4s
#5 sha256:b5b0e172ab63b10d88fbdbb73cc3d8e7009291ecb7e8c069750245277c032f28 6.29MB / 24.20MB 0.4s
#5 sha256:45013ee4878f2d36efd91adeb4912c7758d53bd4a2ff7d832f3bc153d6f4d5fb 2.79MB / 2.79MB 0.4s done
#5 extracting sha256:8bd3f5a20b90c0e84cc65ea4a9172a51b7b5c0b9a097fa88d7102cac91cddf2c
#5 sha256:8bd3f5a20b90c0e84cc65ea4a9172a51b7b5c0b9a097fa88d7102cac91cddf2c 22.57MB / 22.57MB 0.5s done
#5 sha256:42a4482331385c806f0929ed421e6fa381b24ebd0c0642992457db1ed33e1472 0B / 463B 0.5s
#5 sha256:b5b0e172ab63b10d88fbdbb73cc3d8e7009291ecb7e8c069750245277c032f28 14.68MB / 24.20MB 0.6s
#5 sha256:42a4482331385c806f0929ed421e6fa381b24ebd0c0642992457db1ed33e1472 463B / 463B 0.5s done
#5 sha256:b5b0e172ab63b10d88fbdbb73cc3d8e7009291ecb7e8c069750245277c032f28 24.20MB / 24.20MB 0.8s done
#5 extracting sha256:8bd3f5a20b90c0e84cc65ea4a9172a51b7b5c0b9a097fa88d7102cac91cddf2c 1.6s done
#5 extracting sha256:3a665e454db5bb98a702660a6db59d14ca11984612bdc76b7537323421356c16
#5 extracting sha256:3a665e454db5bb98a702660a6db59d14ca11984612bdc76b7537323421356c16 done
#5 extracting sha256:b5b0e172ab63b10d88fbdbb73cc3d8e7009291ecb7e8c069750245277c032f28 0.1s
#5 extracting sha256:b5b0e172ab63b10d88fbdbb73cc3d8e7009291ecb7e8c069750245277c032f28 2.4s done
#5 extracting sha256:45013ee4878f2d36efd91adeb4912c7758d53bd4a2ff7d832f3bc153d6f4d5fb
#5 extracting sha256:45013ee4878f2d36efd91adeb4912c7758d53bd4a2ff7d832f3bc153d6f4d5fb 0.1s done
#5 extracting sha256:42a4482331385c806f0929ed421e6fa381b24ebd0c0642992457db1ed33e1472 done
#5 DONE 5.1s

#6 [2/4] RUN apt-get update && apt-get -y --no-install-recommends install git jq findutils curl ca-certificates && rm -rf /var/lib/apt/lists/*
#6 0.218 Ign:1 http://deb.debian.org/debian stretch InRelease
#6 0.218 Ign:2 http://security.debian.org/debian-security stretch/updates InRelease
#6 0.228 Ign:3 http://deb.debian.org/debian stretch-updates InRelease
#6 0.232 Ign:4 http://security.debian.org/debian-security stretch/updates Release
#6 0.237 Ign:5 http://deb.debian.org/debian stretch Release
#6 0.243 Ign:6 http://security.debian.org/debian-security stretch/updates/main all Packages
#6 0.247 Ign:7 http://deb.debian.org/debian stretch-updates Release
#6 0.255 Ign:8 http://security.debian.org/debian-security stretch/updates/main amd64 Packages
#6 0.268 Ign:6 http://security.debian.org/debian-security stretch/updates/main all Packages
#6 0.280 Ign:8 http://security.debian.org/debian-security stretch/updates/main amd64 Packages
#6 0.291 Ign:6 http://security.debian.org/debian-security stretch/updates/main all Packages
#6 0.303 Ign:8 http://security.debian.org/debian-security stretch/updates/main amd64 Packages
#6 0.316 Ign:6 http://security.debian.org/debian-security stretch/updates/main all Packages
#6 0.328 Ign:8 http://security.debian.org/debian-security stretch/updates/main amd64 Packages
#6 0.340 Ign:6 http://security.debian.org/debian-security stretch/updates/main all Packages
#6 0.351 Ign:8 http://security.debian.org/debian-security stretch/updates/main amd64 Packages
#6 0.362 Ign:6 http://security.debian.org/debian-security stretch/updates/main all Packages
#6 0.374 Err:8 http://security.debian.org/debian-security stretch/updates/main amd64 Packages
#6 0.374   404  Not Found [IP: 151.101.66.132 80]
#6 0.397 Ign:9 http://deb.debian.org/debian stretch/main amd64 Packages
#6 0.407 Ign:10 http://deb.debian.org/debian stretch/main all Packages
#6 0.417 Ign:11 http://deb.debian.org/debian stretch-updates/main all Packages
#6 0.565 Ign:12 http://deb.debian.org/debian stretch-updates/main amd64 Packages
#6 0.573 Ign:9 http://deb.debian.org/debian stretch/main amd64 Packages
#6 0.582 Ign:10 http://deb.debian.org/debian stretch/main all Packages
#6 0.593 Ign:11 http://deb.debian.org/debian stretch-updates/main all Packages
#6 0.744 Ign:12 http://deb.debian.org/debian stretch-updates/main amd64 Packages
#6 0.892 Ign:9 http://deb.debian.org/debian stretch/main amd64 Packages
#6 0.901 Ign:10 http://deb.debian.org/debian stretch/main all Packages
#6 0.911 Ign:11 http://deb.debian.org/debian stretch-updates/main all Packages
#6 1.061 Ign:12 http://deb.debian.org/debian stretch-updates/main amd64 Packages
#6 1.071 Ign:9 http://deb.debian.org/debian stretch/main amd64 Packages
#6 1.081 Ign:10 http://deb.debian.org/debian stretch/main all Packages
#6 1.089 Ign:11 http://deb.debian.org/debian stretch-updates/main all Packages
#6 1.241 Ign:12 http://deb.debian.org/debian stretch-updates/main amd64 Packages
#6 1.410 Ign:9 http://deb.debian.org/debian stretch/main amd64 Packages
#6 1.420 Ign:10 http://deb.debian.org/debian stretch/main all Packages
#6 1.428 Ign:11 http://deb.debian.org/debian stretch-updates/main all Packages
#6 1.577 Ign:12 http://deb.debian.org/debian stretch-updates/main amd64 Packages
#6 1.730 Err:9 http://deb.debian.org/debian stretch/main amd64 Packages
#6 1.730   404  Not Found
#6 1.749 Ign:10 http://deb.debian.org/debian stretch/main all Packages
#6 1.758 Ign:11 http://deb.debian.org/debian stretch-updates/main all Packages
#6 1.906 Err:12 http://deb.debian.org/debian stretch-updates/main amd64 Packages
#6 1.906   404  Not Found
#6 1.909 Reading package lists...
#6 1.917 W: The repository 'http://security.debian.org/debian-security stretch/updates Release' does not have a Release file.
#6 1.917 W: The repository 'http://deb.debian.org/debian stretch Release' does not have a Release file.
#6 1.917 W: The repository 'http://deb.debian.org/debian stretch-updates Release' does not have a Release file.
#6 1.917 E: Failed to fetch http://security.debian.org/debian-security/dists/stretch/updates/main/binary-amd64/Packages  404  Not Found [IP: 151.101.66.132 80]
#6 1.917 E: Failed to fetch http://deb.debian.org/debian/dists/stretch/main/binary-amd64/Packages  404  Not Found
#6 1.917 E: Failed to fetch http://deb.debian.org/debian/dists/stretch-updates/main/binary-amd64/Packages  404  Not Found
#6 1.917 E: Some index files failed to download. They have been ignored, or old ones used instead.
#6 ERROR: process "/bin/sh -c apt-get update && apt-get -y --no-install-recommends install git jq findutils curl ca-certificates && rm -rf /var/lib/apt/lists/*" did not complete successfully: exit code: 100
------
 > [2/4] RUN apt-get update && apt-get -y --no-install-recommends install git jq findutils curl ca-certificates && rm -rf /var/lib/apt/lists/*:
1.906 Err:12 http://deb.debian.org/debian stretch-updates/main amd64 Packages
1.906   404  Not Found
1.909 Reading package lists...
1.917 W: The repository 'http://security.debian.org/debian-security stretch/updates Release' does not have a Release file.
1.917 W: The repository 'http://deb.debian.org/debian stretch Release' does not have a Release file.
1.917 W: The repository 'http://deb.debian.org/debian stretch-updates Release' does not have a Release file.
1.917 E: Failed to fetch http://security.debian.org/debian-security/dists/stretch/updates/main/binary-amd64/Packages  404  Not Found [IP: 151.101.66.132 80]
1.917 E: Failed to fetch http://deb.debian.org/debian/dists/stretch/main/binary-amd64/Packages  404  Not Found
1.917 E: Failed to fetch http://deb.debian.org/debian/dists/stretch-updates/main/binary-amd64/Packages  404  Not Found
1.917 E: Some index files failed to download. They have been ignored, or old ones used instead.
------
v1_Dockerfile:14
--------------------
  12 |     LABEL com.github.actions.color="red"
  13 |     
  14 | >>> RUN apt-get update && apt-get -y --no-install-recommends install git jq findutils curl ca-certificates && rm -rf /var/lib/apt/lists/*
  15 |     
  16 |     COPY . .
--------------------
ERROR: failed to solve: process "/bin/sh -c apt-get update && apt-get -y --no-install-recommends install git jq findutils curl ca-certificates && rm -rf /var/lib/apt/lists/*" did not complete successfully: exit code: 100
Duration: 0:8.70