#0 building with "default" instance using docker driver

#1 [internal] load build definition from v1_Dockerfile
#1 transferring dockerfile:
#1 transferring dockerfile: 252B done
#1 DONE 0.5s

#2 [internal] load .dockerignore
#2 transferring context: 2B done
#2 DONE 0.6s

#3 [internal] load metadata for docker.io/bvlc/caffe:cpu
#3 DONE 0.4s

#4 [internal] load build context
#4 DONE 0.0s

#5 [1/5] FROM docker.io/bvlc/caffe:cpu@sha256:1dd685def250ef965599c2794508aeddf8c4b91447c2e923ac0bf5e8ecf2a499
#5 resolve docker.io/bvlc/caffe:cpu@sha256:1dd685def250ef965599c2794508aeddf8c4b91447c2e923ac0bf5e8ecf2a499 0.1s done
#5 sha256:1dd685def250ef965599c2794508aeddf8c4b91447c2e923ac0bf5e8ecf2a499 2.40kB / 2.40kB done
#5 sha256:0b577b83638692f93091cdeef7199847caab7f97845b72b642707548b4c18ef1 6.65kB / 6.65kB done
#5 sha256:22dc81ace0ea2f45ad67b790cddad29a45e206d51db0af826dc9495ba21a0b06 0B / 42.96MB 0.2s
#5 sha256:22dc81ace0ea2f45ad67b790cddad29a45e206d51db0af826dc9495ba21a0b06 4.19MB / 42.96MB 0.3s
#5 sha256:1a8b3c87dba3ed16956c881a26eb0c40502c176a35767627d87557d16ea1e0df 0B / 847B 0.3s
#5 ...

#4 [internal] load build context
#4 transferring context: 460.21kB done
#4 DONE 0.5s

#5 [1/5] FROM docker.io/bvlc/caffe:cpu@sha256:1dd685def250ef965599c2794508aeddf8c4b91447c2e923ac0bf5e8ecf2a499
#5 sha256:22dc81ace0ea2f45ad67b790cddad29a45e206d51db0af826dc9495ba21a0b06 13.63MB / 42.96MB 0.4s
#5 sha256:91390a1c435a20661a9e9afdaeb818638299a20d6ee1cc06bbcab8ae4d51994f 0B / 620B 0.4s
#5 sha256:22dc81ace0ea2f45ad67b790cddad29a45e206d51db0af826dc9495ba21a0b06 33.55MB / 42.96MB 0.6s
#5 sha256:1a8b3c87dba3ed16956c881a26eb0c40502c176a35767627d87557d16ea1e0df 847B / 847B 0.4s done
#5 sha256:91390a1c435a20661a9e9afdaeb818638299a20d6ee1cc06bbcab8ae4d51994f 620B / 620B 0.5s done
#5 sha256:07844b14977e91f82408cbb8932c7d6141d6ca8da7d6587b4d3065750d69186f 0B / 854B 0.6s
#5 sha256:22dc81ace0ea2f45ad67b790cddad29a45e206d51db0af826dc9495ba21a0b06 42.96MB / 42.96MB 0.7s
#5 sha256:07844b14977e91f82408cbb8932c7d6141d6ca8da7d6587b4d3065750d69186f 854B / 854B 0.6s done
#5 sha256:b78396653dae2bc0d9c02c0178bd904bb12195b2b4e541a92cd8793ac7d7d689 0B / 169B 0.7s
#5 sha256:b78396653dae2bc0d9c02c0178bd904bb12195b2b4e541a92cd8793ac7d7d689 169B / 169B 0.8s
#5 sha256:efebd366640a06b5b2d195cf9778d78ae9f754b66f3d752a446aefdb09399cd2 0B / 341.38MB 0.8s
#5 sha256:efebd366640a06b5b2d195cf9778d78ae9f754b66f3d752a446aefdb09399cd2 51.38MB / 341.38MB 1.4s
#5 sha256:22dc81ace0ea2f45ad67b790cddad29a45e206d51db0af826dc9495ba21a0b06 42.96MB / 42.96MB 1.4s done
#5 sha256:b78396653dae2bc0d9c02c0178bd904bb12195b2b4e541a92cd8793ac7d7d689 169B / 169B 1.5s done
#5 sha256:efebd366640a06b5b2d195cf9778d78ae9f754b66f3d752a446aefdb09399cd2 76.55MB / 341.38MB 1.6s
#5 extracting sha256:22dc81ace0ea2f45ad67b790cddad29a45e206d51db0af826dc9495ba21a0b06 0.1s
#5 sha256:384c8a5cd8c427d26d2e9610e9bc5165d97295a33834d38af67fb7d2e2414ae6 0B / 239.34MB 1.6s
#5 sha256:4e325e9a951a91c6d7cd5eb780ac8d2e4d8a223e71e2d00b3ef296976b1942ad 0B / 113B 1.6s
#5 sha256:4e325e9a951a91c6d7cd5eb780ac8d2e4d8a223e71e2d00b3ef296976b1942ad 113B / 113B 1.7s done
#5 sha256:0df2c13a8aa18315c05e3ca0c7b460a200c2208272b6da920e66d8c38a5b396d 0B / 17.19kB 1.8s
#5 sha256:efebd366640a06b5b2d195cf9778d78ae9f754b66f3d752a446aefdb09399cd2 100.66MB / 341.38MB 1.9s
#5 sha256:0df2c13a8aa18315c05e3ca0c7b460a200c2208272b6da920e66d8c38a5b396d 17.19kB / 17.19kB 1.9s
#5 sha256:384c8a5cd8c427d26d2e9610e9bc5165d97295a33834d38af67fb7d2e2414ae6 15.73MB / 239.34MB 2.0s
#5 sha256:0df2c13a8aa18315c05e3ca0c7b460a200c2208272b6da920e66d8c38a5b396d 17.19kB / 17.19kB 1.9s done
#5 sha256:41474c5b537edc79241fc91d5ed990106aacfcd5e657a1f28c13d80d8fb40944 0B / 98B 2.1s
#5 sha256:efebd366640a06b5b2d195cf9778d78ae9f754b66f3d752a446aefdb09399cd2 119.54MB / 341.38MB 2.2s
#5 sha256:41474c5b537edc79241fc91d5ed990106aacfcd5e657a1f28c13d80d8fb40944 98B / 98B 2.2s done
#5 sha256:384c8a5cd8c427d26d2e9610e9bc5165d97295a33834d38af67fb7d2e2414ae6 32.51MB / 239.34MB 2.3s
#5 sha256:384c8a5cd8c427d26d2e9610e9bc5165d97295a33834d38af67fb7d2e2414ae6 45.09MB / 239.34MB 2.5s
#5 sha256:efebd366640a06b5b2d195cf9778d78ae9f754b66f3d752a446aefdb09399cd2 146.80MB / 341.38MB 2.7s
#5 sha256:384c8a5cd8c427d26d2e9610e9bc5165d97295a33834d38af67fb7d2e2414ae6 57.67MB / 239.34MB 2.7s
#5 sha256:384c8a5cd8c427d26d2e9610e9bc5165d97295a33834d38af67fb7d2e2414ae6 75.50MB / 239.34MB 3.0s
#5 sha256:efebd366640a06b5b2d195cf9778d78ae9f754b66f3d752a446aefdb09399cd2 168.82MB / 341.38MB 3.1s
#5 sha256:384c8a5cd8c427d26d2e9610e9bc5165d97295a33834d38af67fb7d2e2414ae6 91.23MB / 239.34MB 3.3s
#5 sha256:efebd366640a06b5b2d195cf9778d78ae9f754b66f3d752a446aefdb09399cd2 190.84MB / 341.38MB 3.4s
#5 sha256:efebd366640a06b5b2d195cf9778d78ae9f754b66f3d752a446aefdb09399cd2 212.96MB / 341.38MB 3.7s
#5 sha256:384c8a5cd8c427d26d2e9610e9bc5165d97295a33834d38af67fb7d2e2414ae6 106.95MB / 239.34MB 3.7s
#5 sha256:efebd366640a06b5b2d195cf9778d78ae9f754b66f3d752a446aefdb09399cd2 230.69MB / 341.38MB 4.0s
#5 sha256:384c8a5cd8c427d26d2e9610e9bc5165d97295a33834d38af67fb7d2e2414ae6 123.73MB / 239.34MB 4.0s
#5 extracting sha256:22dc81ace0ea2f45ad67b790cddad29a45e206d51db0af826dc9495ba21a0b06 2.7s done
#5 sha256:384c8a5cd8c427d26d2e9610e9bc5165d97295a33834d38af67fb7d2e2414ae6 137.36MB / 239.34MB 4.2s
#5 sha256:efebd366640a06b5b2d195cf9778d78ae9f754b66f3d752a446aefdb09399cd2 249.56MB / 341.38MB 4.4s
#5 sha256:384c8a5cd8c427d26d2e9610e9bc5165d97295a33834d38af67fb7d2e2414ae6 150.99MB / 239.34MB 4.4s
#5 sha256:384c8a5cd8c427d26d2e9610e9bc5165d97295a33834d38af67fb7d2e2414ae6 169.87MB / 239.34MB 4.7s
#5 sha256:efebd366640a06b5b2d195cf9778d78ae9f754b66f3d752a446aefdb09399cd2 276.82MB / 341.38MB 4.9s
#5 sha256:384c8a5cd8c427d26d2e9610e9bc5165d97295a33834d38af67fb7d2e2414ae6 188.74MB / 239.34MB 5.0s
#5 extracting sha256:1a8b3c87dba3ed16956c881a26eb0c40502c176a35767627d87557d16ea1e0df done
#5 extracting sha256:91390a1c435a20661a9e9afdaeb818638299a20d6ee1cc06bbcab8ae4d51994f
#5 sha256:efebd366640a06b5b2d195cf9778d78ae9f754b66f3d752a446aefdb09399cd2 299.89MB / 341.38MB 5.3s
#5 sha256:384c8a5cd8c427d26d2e9610e9bc5165d97295a33834d38af67fb7d2e2414ae6 205.52MB / 239.34MB 5.3s
#5 extracting sha256:91390a1c435a20661a9e9afdaeb818638299a20d6ee1cc06bbcab8ae4d51994f done
#5 extracting sha256:07844b14977e91f82408cbb8932c7d6141d6ca8da7d6587b4d3065750d69186f
#5 sha256:384c8a5cd8c427d26d2e9610e9bc5165d97295a33834d38af67fb7d2e2414ae6 224.40MB / 239.34MB 5.6s
#5 extracting sha256:07844b14977e91f82408cbb8932c7d6141d6ca8da7d6587b4d3065750d69186f done
#5 sha256:efebd366640a06b5b2d195cf9778d78ae9f754b66f3d752a446aefdb09399cd2 320.86MB / 341.38MB 5.7s
#5 extracting sha256:b78396653dae2bc0d9c02c0178bd904bb12195b2b4e541a92cd8793ac7d7d689 done
#5 sha256:384c8a5cd8c427d26d2e9610e9bc5165d97295a33834d38af67fb7d2e2414ae6 236.98MB / 239.34MB 5.8s
#5 sha256:efebd366640a06b5b2d195cf9778d78ae9f754b66f3d752a446aefdb09399cd2 341.18MB / 341.38MB 6.0s
#5 sha256:384c8a5cd8c427d26d2e9610e9bc5165d97295a33834d38af67fb7d2e2414ae6 239.34MB / 239.34MB 10.9s
#5 sha256:efebd366640a06b5b2d195cf9778d78ae9f754b66f3d752a446aefdb09399cd2 341.38MB / 341.38MB 11.1s
#5 sha256:384c8a5cd8c427d26d2e9610e9bc5165d97295a33834d38af67fb7d2e2414ae6 239.34MB / 239.34MB 11.0s done
#5 sha256:efebd366640a06b5b2d195cf9778d78ae9f754b66f3d752a446aefdb09399cd2 341.38MB / 341.38MB 16.3s
#5 sha256:efebd366640a06b5b2d195cf9778d78ae9f754b66f3d752a446aefdb09399cd2 341.38MB / 341.38MB 16.4s done
#5 extracting sha256:efebd366640a06b5b2d195cf9778d78ae9f754b66f3d752a446aefdb09399cd2
#5 extracting sha256:efebd366640a06b5b2d195cf9778d78ae9f754b66f3d752a446aefdb09399cd2 5.1s
#5 extracting sha256:efebd366640a06b5b2d195cf9778d78ae9f754b66f3d752a446aefdb09399cd2 10.2s
#5 extracting sha256:efebd366640a06b5b2d195cf9778d78ae9f754b66f3d752a446aefdb09399cd2 15.2s
#5 extracting sha256:efebd366640a06b5b2d195cf9778d78ae9f754b66f3d752a446aefdb09399cd2 20.2s
#5 extracting sha256:efebd366640a06b5b2d195cf9778d78ae9f754b66f3d752a446aefdb09399cd2 21.7s done
#5 extracting sha256:4e325e9a951a91c6d7cd5eb780ac8d2e4d8a223e71e2d00b3ef296976b1942ad
#5 extracting sha256:4e325e9a951a91c6d7cd5eb780ac8d2e4d8a223e71e2d00b3ef296976b1942ad done
#5 extracting sha256:384c8a5cd8c427d26d2e9610e9bc5165d97295a33834d38af67fb7d2e2414ae6
#5 extracting sha256:384c8a5cd8c427d26d2e9610e9bc5165d97295a33834d38af67fb7d2e2414ae6 5.1s
#5 extracting sha256:384c8a5cd8c427d26d2e9610e9bc5165d97295a33834d38af67fb7d2e2414ae6 8.9s done
#5 extracting sha256:0df2c13a8aa18315c05e3ca0c7b460a200c2208272b6da920e66d8c38a5b396d
#5 extracting sha256:0df2c13a8aa18315c05e3ca0c7b460a200c2208272b6da920e66d8c38a5b396d 0.1s done
#5 extracting sha256:41474c5b537edc79241fc91d5ed990106aacfcd5e657a1f28c13d80d8fb40944
#5 extracting sha256:41474c5b537edc79241fc91d5ed990106aacfcd5e657a1f28c13d80d8fb40944 done
#5 DONE 86.9s

#6 [2/5] ADD ./app /code
#6 DONE 0.4s

#7 [3/5] WORKDIR /code
#7 DONE 0.4s

#8 [4/5] RUN pip install --upgrade pip
#8 1.242 Collecting pip
#8 1.439   Downloading https://files.pythonhosted.org/packages/27/79/8a850fe3496446ff0d584327ae44e7500daf6764ca1a382d2d02789accf7/pip-20.3.4-py2.py3-none-any.whl (1.5MB)
#8 1.694 Installing collected packages: pip
#8 1.695   Found existing installation: pip 9.0.3
#8 1.743     Uninstalling pip-9.0.3:
#8 14.34       Successfully uninstalled pip-9.0.3
#8 15.81 Successfully installed pip-20.3.4
#8 15.98 You are using pip version 20.3.4, however version 24.2 is available.
#8 15.98 You should consider upgrading via the 'pip install --upgrade pip' command.
#8 DONE 16.5s

#9 [5/5] RUN pip install -r requirements.txt
#9 1.045 DEPRECATION: Python 2.7 reached the end of its life on January 1st, 2020. Please upgrade your Python as Python 2.7 is no longer maintained. pip 21.0 will drop support for Python 2.7 in January 2021. More details about Python 2 support in pip can be found at https://pip.pypa.io/en/latest/development/release-process/#python-2-support pip 21.0 will remove support for this functionality.
#9 1.087 Requirement already satisfied: pillow in /usr/local/lib/python2.7/dist-packages (from -r requirements.txt (line 1)) (5.1.0)
#9 1.089 Requirement already satisfied: numpy in /usr/lib/python2.7/dist-packages (from -r requirements.txt (line 2)) (1.11.0)
#9 1.090 Requirement already satisfied: scipy in /usr/lib/python2.7/dist-packages (from -r requirements.txt (line 3)) (0.17.0)
#9 1.092 Requirement already satisfied: scikit-image in /usr/local/lib/python2.7/dist-packages (from -r requirements.txt (line 4)) (0.13.1)
#9 1.297 Collecting flask
#9 1.335   Downloading Flask-1.1.4-py2.py3-none-any.whl (94 kB)
#9 1.454 Collecting sklearn
#9 1.464   Downloading sklearn-0.0.post12.tar.gz (2.6 kB)
#9 1.628     ERROR: Command errored out with exit status 1:
#9 1.628      command: /usr/bin/python -c 'import sys, setuptools, tokenize; sys.argv[0] = '"'"'/tmp/pip-install-nEk2H7/sklearn/setup.py'"'"'; __file__='"'"'/tmp/pip-install-nEk2H7/sklearn/setup.py'"'"';f=getattr(tokenize, '"'"'open'"'"', open)(__file__);code=f.read().replace('"'"'\r\n'"'"', '"'"'\n'"'"');f.close();exec(compile(code, __file__, '"'"'exec'"'"'))' egg_info --egg-base /tmp/pip-pip-egg-info-1RMwlJ
#9 1.628          cwd: /tmp/pip-install-nEk2H7/sklearn/
#9 1.628     Complete output (5 lines):
#9 1.628     Traceback (most recent call last):
#9 1.628       File "<string>", line 1, in <module>
#9 1.628       File "/tmp/pip-install-nEk2H7/sklearn/setup.py", line 8, in <module>
#9 1.628         with open("README.md", encoding="utf-8") as f:
#9 1.628     TypeError: 'encoding' is an invalid keyword argument for this function
#9 1.628     ----------------------------------------
#9 1.628 ERROR: Command errored out with exit status 1: python setup.py egg_info Check the logs for full command output.
#9 ERROR: process "/bin/sh -c pip install -r requirements.txt" did not complete successfully: exit code: 1
------
 > [5/5] RUN pip install -r requirements.txt:
1.628      command: /usr/bin/python -c 'import sys, setuptools, tokenize; sys.argv[0] = '"'"'/tmp/pip-install-nEk2H7/sklearn/setup.py'"'"'; __file__='"'"'/tmp/pip-install-nEk2H7/sklearn/setup.py'"'"';f=getattr(tokenize, '"'"'open'"'"', open)(__file__);code=f.read().replace('"'"'\r\n'"'"', '"'"'\n'"'"');f.close();exec(compile(code, __file__, '"'"'exec'"'"'))' egg_info --egg-base /tmp/pip-pip-egg-info-1RMwlJ
1.628          cwd: /tmp/pip-install-nEk2H7/sklearn/
1.628     Complete output (5 lines):
1.628     Traceback (most recent call last):
1.628       File "<string>", line 1, in <module>
1.628       File "/tmp/pip-install-nEk2H7/sklearn/setup.py", line 8, in <module>
1.628         with open("README.md", encoding="utf-8") as f:
1.628     TypeError: 'encoding' is an invalid keyword argument for this function
1.628     ----------------------------------------
1.628 ERROR: Command errored out with exit status 1: python setup.py egg_info Check the logs for full command output.
------
v1_Dockerfile:9
--------------------
   7 |     RUN pip install --upgrade pip
   8 |     
   9 | >>> RUN pip install -r requirements.txt
  10 |     
  11 |     CMD ["python", "app.py"]
--------------------
ERROR: failed to solve: process "/bin/sh -c pip install -r requirements.txt" did not complete successfully: exit code: 1
Duration: 1:48.07