#0 building with "default" instance using docker driver

#1 [internal] load .dockerignore
#1 transferring context: 2B 0.0s done
#1 DONE 0.4s

#2 [internal] load build definition from Dockerfile
#2 transferring dockerfile: 256B done
#2 DONE 0.5s

#3 [internal] load metadata for docker.io/library/python:3.7.3
#3 ...

#4 [auth] library/python:pull token for registry-1.docker.io
#4 DONE 0.0s

#3 [internal] load metadata for docker.io/library/python:3.7.3
#3 DONE 1.6s

#5 [internal] load build context
#5 DONE 0.0s

#6 [1/5] FROM docker.io/library/python:3.7.3@sha256:9e0b4f32487ca1863b45383420b8db77990debae748e2e875d2f86fa9510d4a5
#6 resolve docker.io/library/python:3.7.3@sha256:9e0b4f32487ca1863b45383420b8db77990debae748e2e875d2f86fa9510d4a5
#6 resolve docker.io/library/python:3.7.3@sha256:9e0b4f32487ca1863b45383420b8db77990debae748e2e875d2f86fa9510d4a5 0.2s done
#6 sha256:9e0b4f32487ca1863b45383420b8db77990debae748e2e875d2f86fa9510d4a5 2.38kB / 2.38kB done
#6 sha256:e3e087ca7fe013554b3a8b8d4088ab33a9f13af85b5c3f37cd4e69a8e53f14e1 2.22kB / 2.22kB done
#6 sha256:34a518642c76e77f0cace72bd993352ac99802c3295931f70a407b735ecb6e27 7.39kB / 7.39kB done
#6 sha256:6f2f362378c5a6fd915d96d11dda1e0223ccf213bf121ace56ae0f6616ea1dc8 0B / 45.34MB 0.2s
#6 ...

#5 [internal] load build context
#5 transferring context: 401B done
#5 DONE 0.4s

#6 [1/5] FROM docker.io/library/python:3.7.3@sha256:9e0b4f32487ca1863b45383420b8db77990debae748e2e875d2f86fa9510d4a5
#6 sha256:6f2f362378c5a6fd915d96d11dda1e0223ccf213bf121ace56ae0f6616ea1dc8 7.34MB / 45.34MB 0.4s
#6 sha256:494c27a8a6b820f9167ec7e368b3a9bb47d7029f4dc8c97c67091f3757a5bc4e 0B / 10.79MB 0.4s
#6 sha256:7596bb83081b6c8410df557d538a0ae45922cbf81e469c6f4cfa835247cb24ab 0B / 4.34MB 0.4s
#6 sha256:6f2f362378c5a6fd915d96d11dda1e0223ccf213bf121ace56ae0f6616ea1dc8 13.63MB / 45.34MB 0.5s
#6 sha256:494c27a8a6b820f9167ec7e368b3a9bb47d7029f4dc8c97c67091f3757a5bc4e 2.10MB / 10.79MB 0.5s
#6 sha256:6f2f362378c5a6fd915d96d11dda1e0223ccf213bf121ace56ae0f6616ea1dc8 18.87MB / 45.34MB 0.6s
#6 sha256:494c27a8a6b820f9167ec7e368b3a9bb47d7029f4dc8c97c67091f3757a5bc4e 8.39MB / 10.79MB 0.6s
#6 sha256:7596bb83081b6c8410df557d538a0ae45922cbf81e469c6f4cfa835247cb24ab 1.05MB / 4.34MB 0.6s
#6 sha256:6f2f362378c5a6fd915d96d11dda1e0223ccf213bf121ace56ae0f6616ea1dc8 29.36MB / 45.34MB 0.8s
#6 sha256:494c27a8a6b820f9167ec7e368b3a9bb47d7029f4dc8c97c67091f3757a5bc4e 10.79MB / 10.79MB 0.8s
#6 sha256:7596bb83081b6c8410df557d538a0ae45922cbf81e469c6f4cfa835247cb24ab 4.34MB / 4.34MB 0.8s
#6 sha256:6f2f362378c5a6fd915d96d11dda1e0223ccf213bf121ace56ae0f6616ea1dc8 39.85MB / 45.34MB 1.0s
#6 sha256:494c27a8a6b820f9167ec7e368b3a9bb47d7029f4dc8c97c67091f3757a5bc4e 10.79MB / 10.79MB 0.8s done
#6 sha256:7596bb83081b6c8410df557d538a0ae45922cbf81e469c6f4cfa835247cb24ab 4.34MB / 4.34MB 1.0s done
#6 sha256:372744b62d49eba993652ee4a1201801fe278b687d85489101e07e7b9a4900e0 0B / 50.07MB 1.0s
#6 sha256:6f2f362378c5a6fd915d96d11dda1e0223ccf213bf121ace56ae0f6616ea1dc8 45.34MB / 45.34MB 1.1s
#6 sha256:372744b62d49eba993652ee4a1201801fe278b687d85489101e07e7b9a4900e0 5.24MB / 50.07MB 1.1s
#6 sha256:615db220d76c063138a2e6c5849703a7a80d682a682f7e1a841e6e7ed5f43879 0B / 215.08MB 1.1s
#6 sha256:372744b62d49eba993652ee4a1201801fe278b687d85489101e07e7b9a4900e0 17.83MB / 50.07MB 1.4s
#6 sha256:372744b62d49eba993652ee4a1201801fe278b687d85489101e07e7b9a4900e0 25.17MB / 50.07MB 1.5s
#6 sha256:615db220d76c063138a2e6c5849703a7a80d682a682f7e1a841e6e7ed5f43879 15.73MB / 215.08MB 1.5s
#6 sha256:372744b62d49eba993652ee4a1201801fe278b687d85489101e07e7b9a4900e0 30.41MB / 50.07MB 1.6s
#6 sha256:372744b62d49eba993652ee4a1201801fe278b687d85489101e07e7b9a4900e0 40.89MB / 50.07MB 1.8s
#6 sha256:615db220d76c063138a2e6c5849703a7a80d682a682f7e1a841e6e7ed5f43879 30.41MB / 215.08MB 1.8s
#6 sha256:6f2f362378c5a6fd915d96d11dda1e0223ccf213bf121ace56ae0f6616ea1dc8 45.34MB / 45.34MB 1.8s done
#6 sha256:372744b62d49eba993652ee4a1201801fe278b687d85489101e07e7b9a4900e0 46.14MB / 50.07MB 1.9s
#6 sha256:372744b62d49eba993652ee4a1201801fe278b687d85489101e07e7b9a4900e0 50.07MB / 50.07MB 2.0s
#6 sha256:615db220d76c063138a2e6c5849703a7a80d682a682f7e1a841e6e7ed5f43879 45.09MB / 215.08MB 2.1s
#6 extracting sha256:6f2f362378c5a6fd915d96d11dda1e0223ccf213bf121ace56ae0f6616ea1dc8
#6 sha256:615db220d76c063138a2e6c5849703a7a80d682a682f7e1a841e6e7ed5f43879 59.77MB / 215.08MB 2.4s
#6 sha256:615db220d76c063138a2e6c5849703a7a80d682a682f7e1a841e6e7ed5f43879 80.74MB / 215.08MB 2.8s
#6 sha256:615db220d76c063138a2e6c5849703a7a80d682a682f7e1a841e6e7ed5f43879 92.27MB / 215.08MB 3.0s
#6 sha256:39aa0c89bda1ee16e94ab7039cb0b9a9fce8a390769c2194aaf5fdf0ae1a2bdd 0B / 5.83MB 3.1s
#6 sha256:39aa0c89bda1ee16e94ab7039cb0b9a9fce8a390769c2194aaf5fdf0ae1a2bdd 3.15MB / 5.83MB 3.2s
#6 sha256:615db220d76c063138a2e6c5849703a7a80d682a682f7e1a841e6e7ed5f43879 105.91MB / 215.08MB 3.3s
#6 sha256:39aa0c89bda1ee16e94ab7039cb0b9a9fce8a390769c2194aaf5fdf0ae1a2bdd 5.83MB / 5.83MB 3.3s
#6 sha256:615db220d76c063138a2e6c5849703a7a80d682a682f7e1a841e6e7ed5f43879 117.44MB / 215.08MB 3.5s
#6 sha256:615db220d76c063138a2e6c5849703a7a80d682a682f7e1a841e6e7ed5f43879 132.12MB / 215.08MB 3.8s
#6 sha256:615db220d76c063138a2e6c5849703a7a80d682a682f7e1a841e6e7ed5f43879 143.65MB / 215.08MB 4.0s
#6 sha256:372744b62d49eba993652ee4a1201801fe278b687d85489101e07e7b9a4900e0 50.07MB / 50.07MB 4.0s done
#6 sha256:615db220d76c063138a2e6c5849703a7a80d682a682f7e1a841e6e7ed5f43879 154.75MB / 215.08MB 4.2s
#6 sha256:ac275157d894bedd09171a43b2b24ee6e7587a9544a1eae42ef2ea6b60584100 0B / 22.48MB 4.2s
#6 sha256:39aa0c89bda1ee16e94ab7039cb0b9a9fce8a390769c2194aaf5fdf0ae1a2bdd 5.83MB / 5.83MB 4.2s done
#6 sha256:ac275157d894bedd09171a43b2b24ee6e7587a9544a1eae42ef2ea6b60584100 4.19MB / 22.48MB 4.3s
#6 sha256:615db220d76c063138a2e6c5849703a7a80d682a682f7e1a841e6e7ed5f43879 173.02MB / 215.08MB 4.5s
#6 sha256:ac275157d894bedd09171a43b2b24ee6e7587a9544a1eae42ef2ea6b60584100 16.78MB / 22.48MB 4.5s
#6 sha256:98d16dec829a865dcb9bad110c7f1fc04ceecb52cb00f4b37f85b592aa68089d 239B / 239B 4.4s done
#6 sha256:ac275157d894bedd09171a43b2b24ee6e7587a9544a1eae42ef2ea6b60584100 22.02MB / 22.48MB 4.6s
#6 sha256:c8514b1c6524ef491c388ca3114b7f7e969e0e7507ea9efac08e663b982ec5d1 0B / 1.82MB 4.6s
#6 sha256:c8514b1c6524ef491c388ca3114b7f7e969e0e7507ea9efac08e663b982ec5d1 1.82MB / 1.82MB 4.7s
#6 sha256:615db220d76c063138a2e6c5849703a7a80d682a682f7e1a841e6e7ed5f43879 189.79MB / 215.08MB 4.9s
#6 sha256:ac275157d894bedd09171a43b2b24ee6e7587a9544a1eae42ef2ea6b60584100 22.48MB / 22.48MB 5.0s done
#6 sha256:c8514b1c6524ef491c388ca3114b7f7e969e0e7507ea9efac08e663b982ec5d1 1.82MB / 1.82MB 5.1s done
#6 sha256:615db220d76c063138a2e6c5849703a7a80d682a682f7e1a841e6e7ed5f43879 203.42MB / 215.08MB 5.2s
#6 sha256:615db220d76c063138a2e6c5849703a7a80d682a682f7e1a841e6e7ed5f43879 214.96MB / 215.08MB 5.4s
#6 extracting sha256:6f2f362378c5a6fd915d96d11dda1e0223ccf213bf121ace56ae0f6616ea1dc8 5.1s
#6 sha256:615db220d76c063138a2e6c5849703a7a80d682a682f7e1a841e6e7ed5f43879 215.08MB / 215.08MB 9.0s done
#6 extracting sha256:6f2f362378c5a6fd915d96d11dda1e0223ccf213bf121ace56ae0f6616ea1dc8 8.3s done
#6 extracting sha256:494c27a8a6b820f9167ec7e368b3a9bb47d7029f4dc8c97c67091f3757a5bc4e
#6 extracting sha256:494c27a8a6b820f9167ec7e368b3a9bb47d7029f4dc8c97c67091f3757a5bc4e 1.6s done
#6 extracting sha256:7596bb83081b6c8410df557d538a0ae45922cbf81e469c6f4cfa835247cb24ab
#6 extracting sha256:7596bb83081b6c8410df557d538a0ae45922cbf81e469c6f4cfa835247cb24ab 0.6s done
#6 extracting sha256:372744b62d49eba993652ee4a1201801fe278b687d85489101e07e7b9a4900e0
#6 extracting sha256:372744b62d49eba993652ee4a1201801fe278b687d85489101e07e7b9a4900e0 5.3s
#6 extracting sha256:372744b62d49eba993652ee4a1201801fe278b687d85489101e07e7b9a4900e0 8.1s done
#6 extracting sha256:615db220d76c063138a2e6c5849703a7a80d682a682f7e1a841e6e7ed5f43879
#6 extracting sha256:615db220d76c063138a2e6c5849703a7a80d682a682f7e1a841e6e7ed5f43879 5.1s
#6 extracting sha256:615db220d76c063138a2e6c5849703a7a80d682a682f7e1a841e6e7ed5f43879 10.3s
#6 extracting sha256:615db220d76c063138a2e6c5849703a7a80d682a682f7e1a841e6e7ed5f43879 15.4s
#6 extracting sha256:615db220d76c063138a2e6c5849703a7a80d682a682f7e1a841e6e7ed5f43879 20.5s
#6 extracting sha256:615db220d76c063138a2e6c5849703a7a80d682a682f7e1a841e6e7ed5f43879 25.6s
#6 extracting sha256:615db220d76c063138a2e6c5849703a7a80d682a682f7e1a841e6e7ed5f43879 30.3s done
#6 extracting sha256:39aa0c89bda1ee16e94ab7039cb0b9a9fce8a390769c2194aaf5fdf0ae1a2bdd 0.1s
#6 extracting sha256:39aa0c89bda1ee16e94ab7039cb0b9a9fce8a390769c2194aaf5fdf0ae1a2bdd 1.0s done
#6 extracting sha256:ac275157d894bedd09171a43b2b24ee6e7587a9544a1eae42ef2ea6b60584100
#6 extracting sha256:ac275157d894bedd09171a43b2b24ee6e7587a9544a1eae42ef2ea6b60584100 3.3s done
#6 extracting sha256:98d16dec829a865dcb9bad110c7f1fc04ceecb52cb00f4b37f85b592aa68089d
#6 extracting sha256:98d16dec829a865dcb9bad110c7f1fc04ceecb52cb00f4b37f85b592aa68089d done
#6 extracting sha256:c8514b1c6524ef491c388ca3114b7f7e969e0e7507ea9efac08e663b982ec5d1
#6 extracting sha256:c8514b1c6524ef491c388ca3114b7f7e969e0e7507ea9efac08e663b982ec5d1 0.8s done
#6 DONE 68.7s

#7 [2/5] WORKDIR /usr/local/app
#7 DONE 15.4s

#8 [3/5] RUN apt-get update && apt-get install -y groff-base
#8 1.680 Ign:1 http://security.debian.org/debian-security stretch/updates InRelease
#8 1.697 Ign:2 http://security.debian.org/debian-security stretch/updates Release
#8 1.716 Ign:3 http://security.debian.org/debian-security stretch/updates/main all Packages
#8 1.824 Ign:4 http://deb.debian.org/debian stretch InRelease
#8 1.982 Ign:5 http://deb.debian.org/debian stretch-updates InRelease
#8 2.055 Ign:6 http://security.debian.org/debian-security stretch/updates/main amd64 Packages
#8 2.067 Ign:3 http://security.debian.org/debian-security stretch/updates/main all Packages
#8 2.141 Ign:7 http://deb.debian.org/debian stretch Release
#8 2.300 Ign:8 http://deb.debian.org/debian stretch-updates Release
#8 2.402 Ign:6 http://security.debian.org/debian-security stretch/updates/main amd64 Packages
#8 2.414 Ign:3 http://security.debian.org/debian-security stretch/updates/main all Packages
#8 2.460 Ign:9 http://deb.debian.org/debian stretch/main all Packages
#8 2.749 Ign:6 http://security.debian.org/debian-security stretch/updates/main amd64 Packages
#8 2.760 Ign:3 http://security.debian.org/debian-security stretch/updates/main all Packages
#8 2.771 Ign:10 http://deb.debian.org/debian stretch/main amd64 Packages
#8 2.934 Ign:11 http://deb.debian.org/debian stretch-updates/main amd64 Packages
#8 3.090 Ign:6 http://security.debian.org/debian-security stretch/updates/main amd64 Packages
#8 3.100 Ign:3 http://security.debian.org/debian-security stretch/updates/main all Packages
#8 3.100 Ign:12 http://deb.debian.org/debian stretch-updates/main all Packages
#8 3.264 Ign:9 http://deb.debian.org/debian stretch/main all Packages
#8 3.275 Ign:6 http://security.debian.org/debian-security stretch/updates/main amd64 Packages
#8 3.287 Ign:3 http://security.debian.org/debian-security stretch/updates/main all Packages
#8 3.571 Ign:10 http://deb.debian.org/debian stretch/main amd64 Packages
#8 3.616 Err:6 http://security.debian.org/debian-security stretch/updates/main amd64 Packages
#8 3.616   404  Not Found
#8 3.728 Ign:11 http://deb.debian.org/debian stretch-updates/main amd64 Packages
#8 3.887 Ign:12 http://deb.debian.org/debian stretch-updates/main all Packages
#8 4.047 Ign:9 http://deb.debian.org/debian stretch/main all Packages
#8 4.359 Ign:10 http://deb.debian.org/debian stretch/main amd64 Packages
#8 4.517 Ign:11 http://deb.debian.org/debian stretch-updates/main amd64 Packages
#8 4.675 Ign:12 http://deb.debian.org/debian stretch-updates/main all Packages
#8 4.834 Ign:9 http://deb.debian.org/debian stretch/main all Packages
#8 5.140 Ign:10 http://deb.debian.org/debian stretch/main amd64 Packages
#8 5.305 Ign:11 http://deb.debian.org/debian stretch-updates/main amd64 Packages
#8 5.463 Ign:12 http://deb.debian.org/debian stretch-updates/main all Packages
#8 5.620 Ign:9 http://deb.debian.org/debian stretch/main all Packages
#8 5.929 Ign:10 http://deb.debian.org/debian stretch/main amd64 Packages
#8 6.087 Ign:11 http://deb.debian.org/debian stretch-updates/main amd64 Packages
#8 6.245 Ign:12 http://deb.debian.org/debian stretch-updates/main all Packages
#8 6.403 Ign:9 http://deb.debian.org/debian stretch/main all Packages
#8 6.717 Err:10 http://deb.debian.org/debian stretch/main amd64 Packages
#8 6.717   404  Not Found
#8 6.878 Err:11 http://deb.debian.org/debian stretch-updates/main amd64 Packages
#8 6.878   404  Not Found
#8 7.036 Ign:12 http://deb.debian.org/debian stretch-updates/main all Packages
#8 7.061 Reading package lists...
#8 7.167 W: The repository 'http://security.debian.org/debian-security stretch/updates Release' does not have a Release file.
#8 7.167 W: The repository 'http://deb.debian.org/debian stretch Release' does not have a Release file.
#8 7.167 W: The repository 'http://deb.debian.org/debian stretch-updates Release' does not have a Release file.
#8 7.167 E: Failed to fetch http://security.debian.org/debian-security/dists/stretch/updates/main/binary-amd64/Packages  404  Not Found
#8 7.167 E: Failed to fetch http://deb.debian.org/debian/dists/stretch/main/binary-amd64/Packages  404  Not Found
#8 7.167 E: Failed to fetch http://deb.debian.org/debian/dists/stretch-updates/main/binary-amd64/Packages  404  Not Found
#8 7.167 E: Some index files failed to download. They have been ignored, or old ones used instead.
#8 ERROR: process "/bin/sh -c apt-get update && apt-get install -y groff-base" did not complete successfully: exit code: 100
------
 > [3/5] RUN apt-get update && apt-get install -y groff-base:
6.878 Err:11 http://deb.debian.org/debian stretch-updates/main amd64 Packages
6.878   404  Not Found

7.167 W: The repository 'http://security.debian.org/debian-security stretch/updates Release' does not have a Release file.
7.167 W: The repository 'http://deb.debian.org/debian stretch Release' does not have a Release file.
7.167 W: The repository 'http://deb.debian.org/debian stretch-updates Release' does not have a Release file.
7.167 E: Failed to fetch http://security.debian.org/debian-security/dists/stretch/updates/main/binary-amd64/Packages  404  Not Found
7.167 E: Failed to fetch http://deb.debian.org/debian/dists/stretch/main/binary-amd64/Packages  404  Not Found
7.167 E: Failed to fetch http://deb.debian.org/debian/dists/stretch-updates/main/binary-amd64/Packages  404  Not Found
7.167 E: Some index files failed to download. They have been ignored, or old ones used instead.
------
Dockerfile:3
--------------------
   1 |     FROM python:3.7.3
   2 |     WORKDIR /usr/local/app
   3 | >>> RUN apt-get update && apt-get install -y groff-base
   4 |     ADD Pipfile /usr/local/app
   5 |     RUN pip install pipenv==2018.11.26 && pipenv install --skip-lock -d
--------------------
ERROR: failed to solve: process "/bin/sh -c apt-get update && apt-get install -y groff-base" did not complete successfully: exit code: 100
Duration: 1:35.37