#0 building with "default" instance using docker driver

#1 [internal] load build definition from v1_Dockerfile
#1 transferring dockerfile: 1.25kB done
#1 DONE 0.0s

#2 [internal] load metadata for docker.io/library/debian:stretch
#2 DONE 0.6s

#3 [internal] load .dockerignore
#3 transferring context: 2B done
#3 DONE 0.0s

#4 [internal] load build context
#4 transferring context: 106B done
#4 DONE 0.0s

#5 [1/6] FROM docker.io/library/debian:stretch@sha256:c5c5200ff1e9c73ffbf188b4a67eb1c91531b644856b4aefe86a58d2f0cb05be
#5 resolve docker.io/library/debian:stretch@sha256:c5c5200ff1e9c73ffbf188b4a67eb1c91531b644856b4aefe86a58d2f0cb05be 0.0s done
#5 sha256:c5c5200ff1e9c73ffbf188b4a67eb1c91531b644856b4aefe86a58d2f0cb05be 1.21kB / 1.21kB done
#5 sha256:16ee3e11da473f6565ef94a715f1a38b3079e0664913be78869c336a71cb6085 529B / 529B done
#5 sha256:662c05203bab4c59568d24689fa5c3955439360a35c483178598d226b9a5ad10 1.46kB / 1.46kB done
#5 sha256:8372a04f222be82bf67eb0010a59644b1e52f1246b3da9034edaa98f3d591cae 7.34MB / 45.43MB 0.2s
#5 sha256:8372a04f222be82bf67eb0010a59644b1e52f1246b3da9034edaa98f3d591cae 16.78MB / 45.43MB 0.3s
#5 sha256:8372a04f222be82bf67eb0010a59644b1e52f1246b3da9034edaa98f3d591cae 26.21MB / 45.43MB 0.4s
#5 sha256:8372a04f222be82bf67eb0010a59644b1e52f1246b3da9034edaa98f3d591cae 42.99MB / 45.43MB 0.6s
#5 sha256:8372a04f222be82bf67eb0010a59644b1e52f1246b3da9034edaa98f3d591cae 45.43MB / 45.43MB 0.7s
#5 extracting sha256:8372a04f222be82bf67eb0010a59644b1e52f1246b3da9034edaa98f3d591cae
#5 sha256:8372a04f222be82bf67eb0010a59644b1e52f1246b3da9034edaa98f3d591cae 45.43MB / 45.43MB 0.7s done
#5 extracting sha256:8372a04f222be82bf67eb0010a59644b1e52f1246b3da9034edaa98f3d591cae 3.0s done
#5 DONE 4.0s

#6 [2/6] RUN apt-get update && apt-get install -y     sqlite3     libcrypto++6     libcurl3     libfuse2     wget     btrfs-tools
#6 0.228 Ign:1 http://deb.debian.org/debian stretch InRelease
#6 0.232 Ign:2 http://security.debian.org/debian-security stretch/updates InRelease
#6 0.236 Ign:3 http://deb.debian.org/debian stretch-updates InRelease
#6 0.243 Ign:4 http://security.debian.org/debian-security stretch/updates Release
#6 0.245 Ign:5 http://deb.debian.org/debian stretch Release
#6 0.251 Ign:6 http://security.debian.org/debian-security stretch/updates/main all Packages
#6 0.254 Ign:7 http://deb.debian.org/debian stretch-updates Release
#6 0.262 Ign:8 http://security.debian.org/debian-security stretch/updates/main amd64 Packages
#6 0.265 Ign:9 http://deb.debian.org/debian stretch/main all Packages
#6 0.275 Ign:6 http://security.debian.org/debian-security stretch/updates/main all Packages
#6 0.275 Ign:10 http://deb.debian.org/debian stretch/main amd64 Packages
#6 0.285 Ign:11 http://deb.debian.org/debian stretch-updates/main amd64 Packages
#6 0.285 Ign:8 http://security.debian.org/debian-security stretch/updates/main amd64 Packages
#6 0.294 Ign:12 http://deb.debian.org/debian stretch-updates/main all Packages
#6 0.294 Ign:6 http://security.debian.org/debian-security stretch/updates/main all Packages
#6 0.304 Ign:9 http://deb.debian.org/debian stretch/main all Packages
#6 0.304 Ign:8 http://security.debian.org/debian-security stretch/updates/main amd64 Packages
#6 0.314 Ign:6 http://security.debian.org/debian-security stretch/updates/main all Packages
#6 0.314 Ign:10 http://deb.debian.org/debian stretch/main amd64 Packages
#6 0.324 Ign:11 http://deb.debian.org/debian stretch-updates/main amd64 Packages
#6 0.324 Ign:8 http://security.debian.org/debian-security stretch/updates/main amd64 Packages
#6 0.333 Ign:6 http://security.debian.org/debian-security stretch/updates/main all Packages
#6 0.334 Ign:12 http://deb.debian.org/debian stretch-updates/main all Packages
#6 0.342 Ign:8 http://security.debian.org/debian-security stretch/updates/main amd64 Packages
#6 0.343 Ign:9 http://deb.debian.org/debian stretch/main all Packages
#6 0.355 Ign:10 http://deb.debian.org/debian stretch/main amd64 Packages
#6 0.355 Ign:6 http://security.debian.org/debian-security stretch/updates/main all Packages
#6 0.362 Ign:11 http://deb.debian.org/debian stretch-updates/main amd64 Packages
#6 0.362 Err:8 http://security.debian.org/debian-security stretch/updates/main amd64 Packages
#6 0.362   404  Not Found [IP: 151.101.66.132 80]
#6 0.372 Ign:12 http://deb.debian.org/debian stretch-updates/main all Packages
#6 0.382 Ign:9 http://deb.debian.org/debian stretch/main all Packages
#6 0.392 Ign:10 http://deb.debian.org/debian stretch/main amd64 Packages
#6 0.402 Ign:11 http://deb.debian.org/debian stretch-updates/main amd64 Packages
#6 0.411 Ign:12 http://deb.debian.org/debian stretch-updates/main all Packages
#6 0.421 Ign:9 http://deb.debian.org/debian stretch/main all Packages
#6 0.432 Ign:10 http://deb.debian.org/debian stretch/main amd64 Packages
#6 0.441 Ign:11 http://deb.debian.org/debian stretch-updates/main amd64 Packages
#6 0.451 Ign:12 http://deb.debian.org/debian stretch-updates/main all Packages
#6 0.460 Ign:9 http://deb.debian.org/debian stretch/main all Packages
#6 0.479 Err:10 http://deb.debian.org/debian stretch/main amd64 Packages
#6 0.479   404  Not Found
#6 0.488 Err:11 http://deb.debian.org/debian stretch-updates/main amd64 Packages
#6 0.488   404  Not Found
#6 0.498 Ign:12 http://deb.debian.org/debian stretch-updates/main all Packages
#6 0.502 Reading package lists...
#6 0.509 W: The repository 'http://security.debian.org/debian-security stretch/updates Release' does not have a Release file.
#6 0.509 W: The repository 'http://deb.debian.org/debian stretch Release' does not have a Release file.
#6 0.509 W: The repository 'http://deb.debian.org/debian stretch-updates Release' does not have a Release file.
#6 0.509 E: Failed to fetch http://security.debian.org/debian-security/dists/stretch/updates/main/binary-amd64/Packages  404  Not Found [IP: 151.101.66.132 80]
#6 0.509 E: Failed to fetch http://deb.debian.org/debian/dists/stretch/main/binary-amd64/Packages  404  Not Found
#6 0.509 E: Failed to fetch http://deb.debian.org/debian/dists/stretch-updates/main/binary-amd64/Packages  404  Not Found
#6 0.509 E: Some index files failed to download. They have been ignored, or old ones used instead.
#6 ERROR: process "/bin/sh -c apt-get update && apt-get install -y     sqlite3     libcrypto++6     libcurl3     libfuse2     wget     btrfs-tools" did not complete successfully: exit code: 100
------
 > [2/6] RUN apt-get update && apt-get install -y     sqlite3     libcrypto++6     libcurl3     libfuse2     wget     btrfs-tools:
0.488   404  Not Found
0.498 Ign:12 http://deb.debian.org/debian stretch-updates/main all Packages
0.502 Reading package lists...
0.509 W: The repository 'http://security.debian.org/debian-security stretch/updates Release' does not have a Release file.
0.509 W: The repository 'http://deb.debian.org/debian stretch Release' does not have a Release file.
0.509 W: The repository 'http://deb.debian.org/debian stretch-updates Release' does not have a Release file.
0.509 E: Failed to fetch http://security.debian.org/debian-security/dists/stretch/updates/main/binary-amd64/Packages  404  Not Found [IP: 151.101.66.132 80]
0.509 E: Failed to fetch http://deb.debian.org/debian/dists/stretch/main/binary-amd64/Packages  404  Not Found
0.509 E: Failed to fetch http://deb.debian.org/debian/dists/stretch-updates/main/binary-amd64/Packages  404  Not Found
0.509 E: Some index files failed to download. They have been ignored, or old ones used instead.
------
v1_Dockerfile:6
--------------------
   5 |     
   6 | >>> RUN apt-get update && apt-get install -y \
   7 | >>>     sqlite3 \
   8 | >>>     libcrypto++6 \
   9 | >>>     libcurl3 \
  10 | >>>     libfuse2 \
  11 | >>>     wget \
  12 | >>>     btrfs-tools
  13 |     
--------------------
ERROR: failed to solve: process "/bin/sh -c apt-get update && apt-get install -y     sqlite3     libcrypto++6     libcurl3     libfuse2     wget     btrfs-tools" did not complete successfully: exit code: 100
Duration: 0:6.15