#0 building with "default" instance using docker driver

#1 [internal] load build definition from v1_Dockerfile
#1 ...

#2 [internal] load .dockerignore
#2 transferring context: 129B done
#2 DONE 0.4s

#1 [internal] load build definition from v1_Dockerfile
#1 transferring dockerfile: 321B done
#1 DONE 0.5s

#3 [internal] load metadata for docker.io/library/clojure:openjdk-8-lein-2.8.3
#3 DONE 1.2s

#4 [internal] load build context
#4 DONE 0.0s

#5 [1/8] FROM docker.io/library/clojure:openjdk-8-lein-2.8.3@sha256:bc8168687870b640cf72b2e37452a80e3aa9ed6db0332ccd85acabd694ddceaa
#5 resolve docker.io/library/clojure:openjdk-8-lein-2.8.3@sha256:bc8168687870b640cf72b2e37452a80e3aa9ed6db0332ccd85acabd694ddceaa 0.1s done
#5 sha256:bc8168687870b640cf72b2e37452a80e3aa9ed6db0332ccd85acabd694ddceaa 2.37kB / 2.37kB done
#5 sha256:289f2f241358ec2285521ba2e8d7076647a0d0f3e4a9a5e6bef106576f2d5dd6 2.42kB / 2.42kB done
#5 sha256:394dba97640ba9da6e536f283249e5a7ad3bb5b83ef054cd99a447dda5647705 7.57kB / 7.57kB done
#5 sha256:741437d97401b83849ccbfe4ed8964049b752081647d7f1ea8aea29d989f8968 3.15MB / 45.34MB 0.3s
#5 sha256:34d8874714d74b636739b8a52204650a664fca8ff9741dd66810f30196f103e2 0B / 10.78MB 0.3s
#5 ...

#4 [internal] load build context
#4 transferring context: 128.53kB 0.0s done
#4 DONE 0.5s

#5 [1/8] FROM docker.io/library/clojure:openjdk-8-lein-2.8.3@sha256:bc8168687870b640cf72b2e37452a80e3aa9ed6db0332ccd85acabd694ddceaa
#5 sha256:741437d97401b83849ccbfe4ed8964049b752081647d7f1ea8aea29d989f8968 17.83MB / 45.34MB 0.5s
#5 sha256:34d8874714d74b636739b8a52204650a664fca8ff9741dd66810f30196f103e2 1.05MB / 10.78MB 0.5s
#5 sha256:0a108aa2667933b852b8d003f97b344d014fcd7e06a0c0e6e04f2d6906738388 0B / 4.34MB 0.4s
#5 sha256:741437d97401b83849ccbfe4ed8964049b752081647d7f1ea8aea29d989f8968 28.31MB / 45.34MB 0.7s
#5 sha256:34d8874714d74b636739b8a52204650a664fca8ff9741dd66810f30196f103e2 8.39MB / 10.78MB 0.7s
#5 sha256:0a108aa2667933b852b8d003f97b344d014fcd7e06a0c0e6e04f2d6906738388 4.34MB / 4.34MB 0.7s
#5 sha256:741437d97401b83849ccbfe4ed8964049b752081647d7f1ea8aea29d989f8968 35.65MB / 45.34MB 0.8s
#5 sha256:34d8874714d74b636739b8a52204650a664fca8ff9741dd66810f30196f103e2 10.78MB / 10.78MB 0.8s
#5 sha256:0a108aa2667933b852b8d003f97b344d014fcd7e06a0c0e6e04f2d6906738388 4.34MB / 4.34MB 0.7s done
#5 sha256:741437d97401b83849ccbfe4ed8964049b752081647d7f1ea8aea29d989f8968 42.99MB / 45.34MB 0.9s
#5 sha256:741437d97401b83849ccbfe4ed8964049b752081647d7f1ea8aea29d989f8968 45.34MB / 45.34MB 1.1s
#5 sha256:34d8874714d74b636739b8a52204650a664fca8ff9741dd66810f30196f103e2 10.78MB / 10.78MB 0.9s done
#5 sha256:7f0334c36886bd4619e8d05ccf68003e53b0b6098b2166a216bd009dba678ed8 0B / 50.06MB 1.1s
#5 sha256:aa29d9cbdbf5eff98907d574c79da86d6123e841a32d7c285b723393b9865a92 0B / 892.40kB 1.1s
#5 sha256:7f0334c36886bd4619e8d05ccf68003e53b0b6098b2166a216bd009dba678ed8 7.34MB / 50.06MB 1.3s
#5 sha256:aa29d9cbdbf5eff98907d574c79da86d6123e841a32d7c285b723393b9865a92 892.40kB / 892.40kB 1.3s
#5 sha256:7f0334c36886bd4619e8d05ccf68003e53b0b6098b2166a216bd009dba678ed8 14.68MB / 50.06MB 1.4s
#5 sha256:7f0334c36886bd4619e8d05ccf68003e53b0b6098b2166a216bd009dba678ed8 25.17MB / 50.06MB 1.6s
#5 sha256:7f0334c36886bd4619e8d05ccf68003e53b0b6098b2166a216bd009dba678ed8 32.51MB / 50.06MB 1.8s
#5 sha256:741437d97401b83849ccbfe4ed8964049b752081647d7f1ea8aea29d989f8968 45.34MB / 45.34MB 1.8s done
#5 sha256:7f0334c36886bd4619e8d05ccf68003e53b0b6098b2166a216bd009dba678ed8 35.65MB / 50.06MB 1.9s
#5 sha256:7f0334c36886bd4619e8d05ccf68003e53b0b6098b2166a216bd009dba678ed8 40.89MB / 50.06MB 2.0s
#5 sha256:aa29d9cbdbf5eff98907d574c79da86d6123e841a32d7c285b723393b9865a92 892.40kB / 892.40kB 1.9s done
#5 extracting sha256:741437d97401b83849ccbfe4ed8964049b752081647d7f1ea8aea29d989f8968 0.1s
#5 sha256:e54d29f744131db0b44cf31e1c59e6320b17d5127afe41ffc745e6400b2f97c5 0B / 248B 2.0s
#5 sha256:7f0334c36886bd4619e8d05ccf68003e53b0b6098b2166a216bd009dba678ed8 47.19MB / 50.06MB 2.1s
#5 sha256:e54d29f744131db0b44cf31e1c59e6320b17d5127afe41ffc745e6400b2f97c5 248B / 248B 2.1s
#5 sha256:eb5b24cf4e1f1b9b16619a147fafe74bf61004e00035c6f62c9f02b5a9885662 0B / 131B 2.1s
#5 sha256:7f0334c36886bd4619e8d05ccf68003e53b0b6098b2166a216bd009dba678ed8 50.06MB / 50.06MB 2.2s
#5 sha256:e54d29f744131db0b44cf31e1c59e6320b17d5127afe41ffc745e6400b2f97c5 248B / 248B 2.1s done
#5 sha256:eb5b24cf4e1f1b9b16619a147fafe74bf61004e00035c6f62c9f02b5a9885662 131B / 131B 2.2s
#5 sha256:5edfd6c9b4758084121024a24ed4b3721c12387bdfb6a87c6efea3e9a090bd51 0B / 133.98MB 2.2s
#5 sha256:5edfd6c9b4758084121024a24ed4b3721c12387bdfb6a87c6efea3e9a090bd51 7.34MB / 133.98MB 2.5s
#5 sha256:5edfd6c9b4758084121024a24ed4b3721c12387bdfb6a87c6efea3e9a090bd51 17.83MB / 133.98MB 2.8s
#5 sha256:7f0334c36886bd4619e8d05ccf68003e53b0b6098b2166a216bd009dba678ed8 50.06MB / 50.06MB 3.0s done
#5 sha256:eb5b24cf4e1f1b9b16619a147fafe74bf61004e00035c6f62c9f02b5a9885662 131B / 131B 3.0s done
#5 sha256:5edfd6c9b4758084121024a24ed4b3721c12387bdfb6a87c6efea3e9a090bd51 27.26MB / 133.98MB 3.1s
#5 sha256:9fa41b9d11914455e7929bc7dd35a25a7d70dfbb7c31a36a92c65f6e3a6d2559 0B / 4.16MB 3.2s
#5 sha256:a3802fe926ab2bf3f626348c0c5c00af1201ed90f11029d11f879b142e5e9d39 0B / 12.20MB 3.2s
#5 sha256:5edfd6c9b4758084121024a24ed4b3721c12387bdfb6a87c6efea3e9a090bd51 34.60MB / 133.98MB 3.3s
#5 sha256:a3802fe926ab2bf3f626348c0c5c00af1201ed90f11029d11f879b142e5e9d39 3.15MB / 12.20MB 3.3s
#5 sha256:5edfd6c9b4758084121024a24ed4b3721c12387bdfb6a87c6efea3e9a090bd51 42.99MB / 133.98MB 3.5s
#5 sha256:9fa41b9d11914455e7929bc7dd35a25a7d70dfbb7c31a36a92c65f6e3a6d2559 4.16MB / 4.16MB 3.5s
#5 sha256:a3802fe926ab2bf3f626348c0c5c00af1201ed90f11029d11f879b142e5e9d39 12.20MB / 12.20MB 3.5s
#5 sha256:5edfd6c9b4758084121024a24ed4b3721c12387bdfb6a87c6efea3e9a090bd51 52.43MB / 133.98MB 3.7s
#5 sha256:a3802fe926ab2bf3f626348c0c5c00af1201ed90f11029d11f879b142e5e9d39 12.20MB / 12.20MB 3.7s done
#5 sha256:5edfd6c9b4758084121024a24ed4b3721c12387bdfb6a87c6efea3e9a090bd51 59.77MB / 133.98MB 3.8s
#5 sha256:9fa41b9d11914455e7929bc7dd35a25a7d70dfbb7c31a36a92c65f6e3a6d2559 4.16MB / 4.16MB 3.8s done
#5 sha256:5edfd6c9b4758084121024a24ed4b3721c12387bdfb6a87c6efea3e9a090bd51 82.69MB / 133.98MB 4.1s
#5 sha256:5edfd6c9b4758084121024a24ed4b3721c12387bdfb6a87c6efea3e9a090bd51 95.42MB / 133.98MB 4.3s
#5 sha256:5edfd6c9b4758084121024a24ed4b3721c12387bdfb6a87c6efea3e9a090bd51 110.10MB / 133.98MB 4.5s
#5 sha256:5edfd6c9b4758084121024a24ed4b3721c12387bdfb6a87c6efea3e9a090bd51 122.68MB / 133.98MB 4.9s
#5 sha256:5edfd6c9b4758084121024a24ed4b3721c12387bdfb6a87c6efea3e9a090bd51 130.02MB / 133.98MB 5.1s
#5 extracting sha256:741437d97401b83849ccbfe4ed8964049b752081647d7f1ea8aea29d989f8968 5.2s done
#5 sha256:5edfd6c9b4758084121024a24ed4b3721c12387bdfb6a87c6efea3e9a090bd51 133.98MB / 133.98MB 8.5s done
#5 extracting sha256:34d8874714d74b636739b8a52204650a664fca8ff9741dd66810f30196f103e2
#5 extracting sha256:34d8874714d74b636739b8a52204650a664fca8ff9741dd66810f30196f103e2 0.5s done
#5 extracting sha256:0a108aa2667933b852b8d003f97b344d014fcd7e06a0c0e6e04f2d6906738388
#5 extracting sha256:0a108aa2667933b852b8d003f97b344d014fcd7e06a0c0e6e04f2d6906738388 0.2s done
#5 extracting sha256:7f0334c36886bd4619e8d05ccf68003e53b0b6098b2166a216bd009dba678ed8
#5 extracting sha256:7f0334c36886bd4619e8d05ccf68003e53b0b6098b2166a216bd009dba678ed8 3.3s done
#5 extracting sha256:aa29d9cbdbf5eff98907d574c79da86d6123e841a32d7c285b723393b9865a92
#5 extracting sha256:aa29d9cbdbf5eff98907d574c79da86d6123e841a32d7c285b723393b9865a92 0.1s done
#5 extracting sha256:e54d29f744131db0b44cf31e1c59e6320b17d5127afe41ffc745e6400b2f97c5
#5 extracting sha256:e54d29f744131db0b44cf31e1c59e6320b17d5127afe41ffc745e6400b2f97c5 done
#5 extracting sha256:eb5b24cf4e1f1b9b16619a147fafe74bf61004e00035c6f62c9f02b5a9885662
#5 extracting sha256:eb5b24cf4e1f1b9b16619a147fafe74bf61004e00035c6f62c9f02b5a9885662 done
#5 extracting sha256:5edfd6c9b4758084121024a24ed4b3721c12387bdfb6a87c6efea3e9a090bd51
#5 extracting sha256:5edfd6c9b4758084121024a24ed4b3721c12387bdfb6a87c6efea3e9a090bd51 5.0s
#5 extracting sha256:5edfd6c9b4758084121024a24ed4b3721c12387bdfb6a87c6efea3e9a090bd51 7.6s done
#5 extracting sha256:a3802fe926ab2bf3f626348c0c5c00af1201ed90f11029d11f879b142e5e9d39
#5 extracting sha256:a3802fe926ab2bf3f626348c0c5c00af1201ed90f11029d11f879b142e5e9d39 0.3s done
#5 extracting sha256:9fa41b9d11914455e7929bc7dd35a25a7d70dfbb7c31a36a92c65f6e3a6d2559
#5 extracting sha256:9fa41b9d11914455e7929bc7dd35a25a7d70dfbb7c31a36a92c65f6e3a6d2559 0.2s done
#5 DONE 24.7s

#6 [2/8] WORKDIR /usr/src/app
#6 DONE 18.2s

#7 [3/8] RUN curl -sL https://deb.nodesource.com/setup_14.x | bash -
#7 0.690 
#7 0.690 ================================================================================
#7 0.690 ================================================================================
#7 0.690 
#7 0.690                               DEPRECATION WARNING                            
#7 0.690 
#7 0.690   Node.js 14.x is no longer actively supported!
#7 0.690 
#7 0.690   You will not receive security or critical stability updates for this version.
#7 0.690 
#7 0.690   You should migrate to a supported version of Node.js as soon as possible.
#7 0.690   Use the installation script that corresponds to the version of Node.js you
#7 0.690   wish to install. e.g.
#7 0.690 
#7 0.690    * https://deb.nodesource.com/setup_16.x — Node.js 16 "Gallium"
#7 0.690    * https://deb.nodesource.com/setup_18.x — Node.js 18 LTS "Hydrogen" (recommended)
#7 0.690    * https://deb.nodesource.com/setup_19.x — Node.js 19 "Nineteen"
#7 0.690    * https://deb.nodesource.com/setup_20.x — Node.js 20 "Iron" (current)
#7 0.690 
#7 0.690   Please see https://github.com/nodejs/Release for details about which
#7 0.690   version may be appropriate for you.
#7 0.690 
#7 0.690   The NodeSource Node.js distributions repository contains
#7 0.690   information both about supported versions of Node.js and supported Linux
#7 0.690   distributions. To learn more about usage, see the repository:
#7 0.690     https://github.com/nodesource/distributions
#7 0.690 
#7 0.690 ================================================================================
#7 0.690 ================================================================================
#7 0.690 
#7 0.690 Continuing in 20 seconds ...
#7 0.690 
#7 20.69 
#7 20.69 ================================================================================
#7 20.69 ▓▓▓▓▓▓▓▓▓▓▓▓▓▓▓▓▓▓▓▓▓▓▓▓▓▓▓▓▓▓▓▓▓▓▓▓▓▓▓▓▓▓▓▓▓▓▓▓▓▓▓▓▓▓▓▓▓▓▓▓▓▓▓▓▓▓▓▓▓▓▓▓▓▓▓▓▓▓▓▓
#7 20.69 ================================================================================
#7 20.69 
#7 20.69                            SCRIPT DEPRECATION WARNING                    
#7 20.69 
#7 20.69   
#7 20.69   This script, located at https://deb.nodesource.com/setup_X, used to
#7 20.69   install Node.js is deprecated now and will eventually be made inactive.
#7 20.69 
#7 20.69   Please visit the NodeSource distributions Github and follow the
#7 20.69   instructions to migrate your repo.
#7 20.69   https://github.com/nodesource/distributions
#7 20.69 
#7 20.69   The NodeSource Node.js Linux distributions GitHub repository contains
#7 20.69   information about which versions of Node.js and which Linux distributions
#7 20.69   are supported and how to install it.
#7 20.69   https://github.com/nodesource/distributions
#7 20.69 
#7 20.69 
#7 20.69                           SCRIPT DEPRECATION WARNING
#7 20.69 
#7 20.69 ================================================================================
#7 20.69 ▓▓▓▓▓▓▓▓▓▓▓▓▓▓▓▓▓▓▓▓▓▓▓▓▓▓▓▓▓▓▓▓▓▓▓▓▓▓▓▓▓▓▓▓▓▓▓▓▓▓▓▓▓▓▓▓▓▓▓▓▓▓▓▓▓▓▓▓▓▓▓▓▓▓▓▓▓▓▓▓
#7 20.69 ================================================================================
#7 20.69 
#7 20.69 TO AVOID THIS WAIT MIGRATE THE SCRIPT
#7 20.69 Continuing in 60 seconds (press Ctrl-C to abort) ...
#7 20.69 
#7 80.69 
#7 80.69 ## Installing the NodeSource Node.js 14.x repo...
#7 80.69 
#7 80.70 
#7 80.70 ## Populating apt-get cache...
#7 80.70 
#7 80.70 + apt-get update
#7 80.76 Ign:1 http://security.debian.org/debian-security stretch/updates InRelease
#7 80.77 Ign:2 http://security.debian.org/debian-security stretch/updates Release
#7 80.78 Ign:3 http://security.debian.org/debian-security stretch/updates/main amd64 Packages
#7 80.91 Ign:4 http://deb.debian.org/debian stretch InRelease
#7 80.95 Ign:5 http://security.debian.org/debian-security stretch/updates/main all Packages
#7 80.96 Ign:3 http://security.debian.org/debian-security stretch/updates/main amd64 Packages
#7 81.06 Ign:6 http://deb.debian.org/debian stretch-updates InRelease
#7 81.13 Ign:5 http://security.debian.org/debian-security stretch/updates/main all Packages
#7 81.15 Ign:3 http://security.debian.org/debian-security stretch/updates/main amd64 Packages
#7 81.22 Ign:7 http://deb.debian.org/debian stretch Release
#7 81.32 Ign:5 http://security.debian.org/debian-security stretch/updates/main all Packages
#7 81.33 Ign:3 http://security.debian.org/debian-security stretch/updates/main amd64 Packages
#7 81.38 Ign:8 http://deb.debian.org/debian stretch-updates Release
#7 81.50 Ign:5 http://security.debian.org/debian-security stretch/updates/main all Packages
#7 81.51 Ign:3 http://security.debian.org/debian-security stretch/updates/main amd64 Packages
#7 81.54 Ign:9 http://deb.debian.org/debian stretch/main all Packages
#7 81.68 Ign:5 http://security.debian.org/debian-security stretch/updates/main all Packages
#7 81.69 Err:3 http://security.debian.org/debian-security stretch/updates/main amd64 Packages
#7 81.69   404  Not Found
#7 81.70 Ign:10 http://deb.debian.org/debian stretch/main amd64 Packages
#7 81.86 Ign:11 http://deb.debian.org/debian stretch-updates/main amd64 Packages
#7 81.86 Ign:5 http://security.debian.org/debian-security stretch/updates/main all Packages
#7 82.02 Ign:12 http://deb.debian.org/debian stretch-updates/main all Packages
#7 82.17 Ign:9 http://deb.debian.org/debian stretch/main all Packages
#7 82.33 Ign:10 http://deb.debian.org/debian stretch/main amd64 Packages
#7 82.49 Ign:11 http://deb.debian.org/debian stretch-updates/main amd64 Packages
#7 82.65 Ign:12 http://deb.debian.org/debian stretch-updates/main all Packages
#7 82.81 Ign:9 http://deb.debian.org/debian stretch/main all Packages
#7 82.97 Ign:10 http://deb.debian.org/debian stretch/main amd64 Packages
#7 83.12 Ign:11 http://deb.debian.org/debian stretch-updates/main amd64 Packages
#7 83.28 Ign:12 http://deb.debian.org/debian stretch-updates/main all Packages
#7 83.44 Ign:9 http://deb.debian.org/debian stretch/main all Packages
#7 83.60 Ign:10 http://deb.debian.org/debian stretch/main amd64 Packages
#7 83.76 Ign:11 http://deb.debian.org/debian stretch-updates/main amd64 Packages
#7 83.91 Ign:12 http://deb.debian.org/debian stretch-updates/main all Packages
#7 84.07 Ign:9 http://deb.debian.org/debian stretch/main all Packages
#7 84.23 Ign:10 http://deb.debian.org/debian stretch/main amd64 Packages
#7 84.39 Ign:11 http://deb.debian.org/debian stretch-updates/main amd64 Packages
#7 84.55 Ign:12 http://deb.debian.org/debian stretch-updates/main all Packages
#7 84.70 Ign:9 http://deb.debian.org/debian stretch/main all Packages
#7 84.93 Err:10 http://deb.debian.org/debian stretch/main amd64 Packages
#7 84.93   404  Not Found
#7 85.09 Err:11 http://deb.debian.org/debian stretch-updates/main amd64 Packages
#7 85.09   404  Not Found
#7 85.25 Ign:12 http://deb.debian.org/debian stretch-updates/main all Packages
#7 85.25 Reading package lists...
#7 85.26 W: The repository 'http://security.debian.org/debian-security stretch/updates Release' does not have a Release file.
#7 85.26 W: The repository 'http://deb.debian.org/debian stretch Release' does not have a Release file.
#7 85.26 W: The repository 'http://deb.debian.org/debian stretch-updates Release' does not have a Release file.
#7 85.26 E: Failed to fetch http://security.debian.org/debian-security/dists/stretch/updates/main/binary-amd64/Packages  404  Not Found
#7 85.26 E: Failed to fetch http://deb.debian.org/debian/dists/stretch/main/binary-amd64/Packages  404  Not Found
#7 85.26 E: Failed to fetch http://deb.debian.org/debian/dists/stretch-updates/main/binary-amd64/Packages  404  Not Found
#7 85.26 E: Some index files failed to download. They have been ignored, or old ones used instead.
#7 85.27 Error executing command, exiting
#7 ERROR: process "/bin/sh -c curl -sL https://deb.nodesource.com/setup_14.x | bash -" did not complete successfully: exit code: 1
------
 > [3/8] RUN curl -sL https://deb.nodesource.com/setup_14.x | bash -:
85.25 Ign:12 http://deb.debian.org/debian stretch-updates/main all Packages
85.25 Reading package lists...
85.26 W: The repository 'http://security.debian.org/debian-security stretch/updates Release' does not have a Release file.
85.26 W: The repository 'http://deb.debian.org/debian stretch Release' does not have a Release file.
85.26 W: The repository 'http://deb.debian.org/debian stretch-updates Release' does not have a Release file.
85.26 E: Failed to fetch http://security.debian.org/debian-security/dists/stretch/updates/main/binary-amd64/Packages  404  Not Found
85.26 E: Failed to fetch http://deb.debian.org/debian/dists/stretch/main/binary-amd64/Packages  404  Not Found
85.26 E: Failed to fetch http://deb.debian.org/debian/dists/stretch-updates/main/binary-amd64/Packages  404  Not Found
85.26 E: Some index files failed to download. They have been ignored, or old ones used instead.
85.27 Error executing command, exiting
------
v1_Dockerfile:5
--------------------
   3 |     WORKDIR /usr/src/app
   4 |     
   5 | >>> RUN curl -sL https://deb.nodesource.com/setup_14.x | bash -
   6 |     RUN apt-get update && apt-get install --yes build-essential nodejs
   7 |     
--------------------
ERROR: failed to solve: process "/bin/sh -c curl -sL https://deb.nodesource.com/setup_14.x | bash -" did not complete successfully: exit code: 1
Duration: 2:10.64