#0 building with "default" instance using docker driver

#1 [internal] load build definition from v1_Dockerfile
#1 transferring dockerfile: 492B done
#1 DONE 0.0s

#2 [internal] load metadata for docker.io/library/node:boron
#2 DONE 0.6s

#3 [internal] load .dockerignore
#3 transferring context: 126B done
#3 DONE 0.0s

#4 [internal] load build context
#4 transferring context: 828.36kB 0.0s done
#4 DONE 0.1s

#5 [1/8] FROM docker.io/library/node:boron@sha256:e133e66ec3bfc98da0440e552f452e5cdf6413319d27a2db3b01ac4b319759b3
#5 resolve docker.io/library/node:boron@sha256:e133e66ec3bfc98da0440e552f452e5cdf6413319d27a2db3b01ac4b319759b3 0.0s done
#5 sha256:c5e155d5a1d130a7f8a3e24cee0d9e1349bff13f90ec6a941478e558fde53c14 4.19MB / 45.34MB 0.2s
#5 sha256:4250b3117dca5e14edc32ebf1366cd54e4cda91f17610b76c504a86917ff8b95 0B / 4.34MB 0.2s
#5 sha256:e133e66ec3bfc98da0440e552f452e5cdf6413319d27a2db3b01ac4b319759b3 2.04kB / 2.04kB done
#5 sha256:92a780ce4191097a1470be20a40a590ac9601e53811c518effeb152ecd41548a 2.01kB / 2.01kB done
#5 sha256:ab290b853066caedc75778bd4839da568ecb2a6b8e27442e0b1ce3c4741f1184 7.34kB / 7.34kB done
#5 sha256:221d80d00ae9675aad24913aacbadfac1ce8b7084f9765a6c0813486082c5c69 0B / 10.78MB 0.2s
#5 sha256:c5e155d5a1d130a7f8a3e24cee0d9e1349bff13f90ec6a941478e558fde53c14 8.39MB / 45.34MB 0.3s
#5 sha256:221d80d00ae9675aad24913aacbadfac1ce8b7084f9765a6c0813486082c5c69 4.19MB / 10.78MB 0.3s
#5 sha256:c5e155d5a1d130a7f8a3e24cee0d9e1349bff13f90ec6a941478e558fde53c14 19.92MB / 45.34MB 0.5s
#5 sha256:4250b3117dca5e14edc32ebf1366cd54e4cda91f17610b76c504a86917ff8b95 4.34MB / 4.34MB 0.5s done
#5 sha256:221d80d00ae9675aad24913aacbadfac1ce8b7084f9765a6c0813486082c5c69 10.78MB / 10.78MB 0.4s done
#5 sha256:425d7b2a5bcc7e8df5041d66655cd6173c16799afefb1645ca0e0b3fa8a1043d 0B / 215.08MB 0.5s
#5 sha256:3b7ca19181b24b87e24423c01b490633bc1e47d2fcdc1987bf2e37949d6789b5 0B / 50.07MB 0.5s
#5 sha256:c5e155d5a1d130a7f8a3e24cee0d9e1349bff13f90ec6a941478e558fde53c14 27.26MB / 45.34MB 0.6s
#5 sha256:c5e155d5a1d130a7f8a3e24cee0d9e1349bff13f90ec6a941478e558fde53c14 31.46MB / 45.34MB 0.7s
#5 sha256:3b7ca19181b24b87e24423c01b490633bc1e47d2fcdc1987bf2e37949d6789b5 3.15MB / 50.07MB 0.7s
#5 sha256:c5e155d5a1d130a7f8a3e24cee0d9e1349bff13f90ec6a941478e558fde53c14 41.94MB / 45.34MB 0.9s
#5 sha256:425d7b2a5bcc7e8df5041d66655cd6173c16799afefb1645ca0e0b3fa8a1043d 14.68MB / 215.08MB 0.9s
#5 sha256:3b7ca19181b24b87e24423c01b490633bc1e47d2fcdc1987bf2e37949d6789b5 8.11MB / 50.07MB 0.9s
#5 sha256:c5e155d5a1d130a7f8a3e24cee0d9e1349bff13f90ec6a941478e558fde53c14 45.34MB / 45.34MB 1.1s
#5 sha256:3b7ca19181b24b87e24423c01b490633bc1e47d2fcdc1987bf2e37949d6789b5 13.63MB / 50.07MB 1.1s
#5 sha256:c5e155d5a1d130a7f8a3e24cee0d9e1349bff13f90ec6a941478e558fde53c14 45.34MB / 45.34MB 1.1s done
#5 sha256:425d7b2a5bcc7e8df5041d66655cd6173c16799afefb1645ca0e0b3fa8a1043d 29.36MB / 215.08MB 1.2s
#5 sha256:3b7ca19181b24b87e24423c01b490633bc1e47d2fcdc1987bf2e37949d6789b5 16.78MB / 50.07MB 1.2s
#5 extracting sha256:c5e155d5a1d130a7f8a3e24cee0d9e1349bff13f90ec6a941478e558fde53c14
#5 sha256:69df12c70287cf403446724e92cae1e0aa1c74713e27106525e433037c43a087 0B / 4.16kB 1.2s
#5 sha256:69df12c70287cf403446724e92cae1e0aa1c74713e27106525e433037c43a087 4.16kB / 4.16kB 1.2s done
#5 sha256:ea2f5386a42d42ff9729d1cb357ca3741edc32be894150e5024a85655b8523ec 0B / 14.58MB 1.3s
#5 sha256:3b7ca19181b24b87e24423c01b490633bc1e47d2fcdc1987bf2e37949d6789b5 22.02MB / 50.07MB 1.4s
#5 sha256:ea2f5386a42d42ff9729d1cb357ca3741edc32be894150e5024a85655b8523ec 1.05MB / 14.58MB 1.4s
#5 sha256:425d7b2a5bcc7e8df5041d66655cd6173c16799afefb1645ca0e0b3fa8a1043d 42.99MB / 215.08MB 1.5s
#5 sha256:3b7ca19181b24b87e24423c01b490633bc1e47d2fcdc1987bf2e37949d6789b5 25.17MB / 50.07MB 1.5s
#5 sha256:ea2f5386a42d42ff9729d1cb357ca3741edc32be894150e5024a85655b8523ec 5.24MB / 14.58MB 1.5s
#5 sha256:3b7ca19181b24b87e24423c01b490633bc1e47d2fcdc1987bf2e37949d6789b5 29.36MB / 50.07MB 1.6s
#5 sha256:ea2f5386a42d42ff9729d1cb357ca3741edc32be894150e5024a85655b8523ec 9.44MB / 14.58MB 1.6s
#5 sha256:3b7ca19181b24b87e24423c01b490633bc1e47d2fcdc1987bf2e37949d6789b5 33.55MB / 50.07MB 1.7s
#5 sha256:ea2f5386a42d42ff9729d1cb357ca3741edc32be894150e5024a85655b8523ec 14.58MB / 14.58MB 1.7s
#5 sha256:425d7b2a5bcc7e8df5041d66655cd6173c16799afefb1645ca0e0b3fa8a1043d 55.57MB / 215.08MB 1.8s
#5 sha256:3b7ca19181b24b87e24423c01b490633bc1e47d2fcdc1987bf2e37949d6789b5 39.85MB / 50.07MB 1.8s
#5 sha256:ea2f5386a42d42ff9729d1cb357ca3741edc32be894150e5024a85655b8523ec 14.58MB / 14.58MB 1.7s done
#5 sha256:d421d2b3c5eb9a47f42f42f82356e2f63b493c49c8bbcc0c070ab4a06446a972 0B / 1.32MB 1.8s
#5 sha256:3b7ca19181b24b87e24423c01b490633bc1e47d2fcdc1987bf2e37949d6789b5 50.07MB / 50.07MB 2.0s
#5 sha256:d421d2b3c5eb9a47f42f42f82356e2f63b493c49c8bbcc0c070ab4a06446a972 1.32MB / 1.32MB 1.9s done
#5 sha256:425d7b2a5bcc7e8df5041d66655cd6173c16799afefb1645ca0e0b3fa8a1043d 68.16MB / 215.08MB 2.1s
#5 sha256:3b7ca19181b24b87e24423c01b490633bc1e47d2fcdc1987bf2e37949d6789b5 50.07MB / 50.07MB 2.1s done
#5 sha256:425d7b2a5bcc7e8df5041d66655cd6173c16799afefb1645ca0e0b3fa8a1043d 80.74MB / 215.08MB 2.3s
#5 sha256:425d7b2a5bcc7e8df5041d66655cd6173c16799afefb1645ca0e0b3fa8a1043d 101.71MB / 215.08MB 2.5s
#5 sha256:425d7b2a5bcc7e8df5041d66655cd6173c16799afefb1645ca0e0b3fa8a1043d 121.63MB / 215.08MB 2.7s
#5 sha256:425d7b2a5bcc7e8df5041d66655cd6173c16799afefb1645ca0e0b3fa8a1043d 138.41MB / 215.08MB 2.9s
#5 sha256:425d7b2a5bcc7e8df5041d66655cd6173c16799afefb1645ca0e0b3fa8a1043d 154.14MB / 215.08MB 3.1s
#5 sha256:425d7b2a5bcc7e8df5041d66655cd6173c16799afefb1645ca0e0b3fa8a1043d 175.11MB / 215.08MB 3.3s
#5 sha256:425d7b2a5bcc7e8df5041d66655cd6173c16799afefb1645ca0e0b3fa8a1043d 191.89MB / 215.08MB 3.5s
#5 extracting sha256:c5e155d5a1d130a7f8a3e24cee0d9e1349bff13f90ec6a941478e558fde53c14 2.4s done
#5 sha256:425d7b2a5bcc7e8df5041d66655cd6173c16799afefb1645ca0e0b3fa8a1043d 211.81MB / 215.08MB 3.7s
#5 extracting sha256:221d80d00ae9675aad24913aacbadfac1ce8b7084f9765a6c0813486082c5c69 0.1s
#5 extracting sha256:221d80d00ae9675aad24913aacbadfac1ce8b7084f9765a6c0813486082c5c69 0.4s done
#5 extracting sha256:4250b3117dca5e14edc32ebf1366cd54e4cda91f17610b76c504a86917ff8b95
#5 sha256:425d7b2a5bcc7e8df5041d66655cd6173c16799afefb1645ca0e0b3fa8a1043d 215.08MB / 215.08MB 4.4s done
#5 extracting sha256:4250b3117dca5e14edc32ebf1366cd54e4cda91f17610b76c504a86917ff8b95 0.1s done
#5 extracting sha256:3b7ca19181b24b87e24423c01b490633bc1e47d2fcdc1987bf2e37949d6789b5
#5 extracting sha256:3b7ca19181b24b87e24423c01b490633bc1e47d2fcdc1987bf2e37949d6789b5 2.2s done
#5 extracting sha256:425d7b2a5bcc7e8df5041d66655cd6173c16799afefb1645ca0e0b3fa8a1043d
#5 extracting sha256:425d7b2a5bcc7e8df5041d66655cd6173c16799afefb1645ca0e0b3fa8a1043d 5.0s
#5 extracting sha256:425d7b2a5bcc7e8df5041d66655cd6173c16799afefb1645ca0e0b3fa8a1043d 7.6s done
#5 extracting sha256:69df12c70287cf403446724e92cae1e0aa1c74713e27106525e433037c43a087
#5 extracting sha256:69df12c70287cf403446724e92cae1e0aa1c74713e27106525e433037c43a087 done
#5 extracting sha256:ea2f5386a42d42ff9729d1cb357ca3741edc32be894150e5024a85655b8523ec 0.1s
#5 extracting sha256:ea2f5386a42d42ff9729d1cb357ca3741edc32be894150e5024a85655b8523ec 0.9s done
#5 extracting sha256:d421d2b3c5eb9a47f42f42f82356e2f63b493c49c8bbcc0c070ab4a06446a972
#5 extracting sha256:d421d2b3c5eb9a47f42f42f82356e2f63b493c49c8bbcc0c070ab4a06446a972 0.0s done
#5 DONE 16.0s

#6 [2/8] RUN mkdir -p /usr/src/app
#6 DONE 6.6s

#7 [3/8] WORKDIR /usr/src/app
#7 DONE 0.1s

#8 [4/8] COPY package.json /usr/src/app/
#8 DONE 0.1s

#9 [5/8] RUN npm install
#9 1.020 npm WARN deprecated angular@1.6.10: For the actively supported Angular, see https://www.npmjs.com/package/@angular/core. AngularJS support has officially ended. For extended AngularJS support options, see https://goo.gle/angularjs-path-forward.
#9 1.031 npm WARN deprecated angular-sanitize@1.6.10: For the actively supported Angular, see https://www.npmjs.com/package/@angular/core. AngularJS support has officially ended. For extended AngularJS support options, see https://goo.gle/angularjs-path-forward.
#9 1.168 npm WARN deprecated node-sass@4.5.3: Node Sass is no longer supported. Please use `sass` or `sass-embedded` instead.
#9 5.141 npm WARN deprecated npmlog@4.1.2: This package is no longer supported.
#9 5.197 npm WARN deprecated request@2.88.2: request has been deprecated, see https://github.com/request/request/issues/3142
#9 5.260 npm WARN deprecated glob@7.2.3: Glob versions prior to v9 are no longer supported
#9 5.936 npm WARN deprecated glob@7.1.7: Glob versions prior to v9 are no longer supported
#9 6.203 npm WARN deprecated inflight@1.0.6: This module is not supported, and leaks memory. Do not use it. Check out lru-cache if you want a good and tested way to coalesce async requests by a key value, which is much more comprehensive and powerful.
#9 8.631 npm WARN deprecated fstream@1.0.12: This package is no longer supported.
#9 8.637 npm WARN deprecated osenv@0.1.5: This package is no longer supported.
#9 8.650 npm WARN deprecated rimraf@2.7.1: Rimraf versions prior to v4 are no longer supported
#9 8.675 npm WARN deprecated tar@2.2.2: This version of tar is no longer supported, and will not receive security updates. Please upgrade asap.
#9 8.888 npm WARN deprecated gauge@2.7.4: This package is no longer supported.
#9 8.905 npm WARN deprecated are-we-there-yet@1.1.7: This package is no longer supported.
#9 9.704 npm WARN deprecated har-validator@5.1.5: this library is no longer supported
#9 9.736 npm WARN deprecated uuid@3.4.0: Please upgrade  to version 7 or higher.  Older versions may use Math.random() in certain circumstances, which is known to be problematic.  See https://v8.dev/blog/math-random for details.
#9 12.05 npm WARN deprecated request-promise@4.2.6: request-promise has been deprecated because it extends the now deprecated request package, see https://github.com/request/request/issues/3142
#9 14.32 npm WARN deprecated core-js@2.6.12: core-js@<3.23.3 is no longer maintained and not recommended for usage due to the number of issues. Because of the V8 engine whims, feature detection in old core-js versions could cause a slowdown up to 100x even if nothing is polyfilled. Some versions have web compatibility issues. Please, upgrade your dependencies to the actual version of core-js.
#9 29.40 tarchivebot@1.0.0 /usr/src/app
#9 29.40 +-- angular@1.6.10 
#9 29.40 +-- angular-sanitize@1.6.10 
#9 29.40 +-- body-parser@1.20.2 
#9 29.40 | +-- bytes@3.1.2 
#9 29.40 | +-- content-type@1.0.5 
#9 29.40 | +-- debug@2.6.9 
#9 29.40 | | `-- ms@2.0.0 
#9 29.40 | +-- depd@2.0.0 
#9 29.40 | +-- destroy@1.2.0 
#9 29.40 | +-- http-errors@2.0.0 
#9 29.40 | | +-- inherits@2.0.4 
#9 29.40 | | `-- toidentifier@1.0.1 
#9 29.40 | +-- iconv-lite@0.4.24 
#9 29.40 | | `-- safer-buffer@2.1.2 
#9 29.40 | +-- on-finished@2.4.1 
#9 29.40 | | `-- ee-first@1.1.1 
#9 29.40 | +-- qs@6.11.0 
#9 29.40 | | `-- side-channel@1.0.6 
#9 29.40 | |   +-- es-errors@1.3.0 
#9 29.40 | |   +-- get-intrinsic@1.2.4 
#9 29.40 | |   `-- object-inspect@1.13.2 
#9 29.40 | +-- raw-body@2.5.2 
#9 29.40 | +-- type-is@1.6.18 
#9 29.40 | | +-- media-typer@0.3.0 
#9 29.40 | | `-- mime-types@2.1.35 
#9 29.40 | |   `-- mime-db@1.52.0 
#9 29.40 | `-- unpipe@1.0.0 
#9 29.40 +-- bootstrap@3.3.7 
#9 29.40 +-- express@4.19.2 
#9 29.40 | +-- accepts@1.3.8 
#9 29.40 | | `-- negotiator@0.6.3 
#9 29.40 | +-- array-flatten@1.1.1 
#9 29.40 | +-- content-disposition@0.5.4 
#9 29.40 | +-- cookie@0.6.0 
#9 29.40 | +-- cookie-signature@1.0.6 
#9 29.40 | +-- encodeurl@1.0.2 
#9 29.40 | +-- escape-html@1.0.3 
#9 29.40 | +-- etag@1.8.1 
#9 29.40 | +-- finalhandler@1.2.0 
#9 29.40 | +-- fresh@0.5.2 
#9 29.40 | +-- merge-descriptors@1.0.1 
#9 29.40 | +-- methods@1.1.2 
#9 29.40 | +-- parseurl@1.3.3 
#9 29.40 | +-- path-to-regexp@0.1.7 
#9 29.40 | +-- proxy-addr@2.0.7 
#9 29.40 | | +-- forwarded@0.2.0 
#9 29.40 | | `-- ipaddr.js@1.9.1 
#9 29.40 | +-- range-parser@1.2.1 
#9 29.40 | +-- safe-buffer@5.2.1 
#9 29.40 | +-- send@0.18.0 
#9 29.40 | | `-- ms@2.1.3 
#9 29.40 | +-- serve-static@1.15.0 
#9 29.40 | +-- setprototypeof@1.2.0 
#9 29.40 | +-- statuses@2.0.1 
#9 29.40 | +-- utils-merge@1.0.1 
#9 29.40 | `-- vary@1.1.2 
#9 29.40 +-- grunt@1.6.1 
#9 29.40 | +-- dateformat@4.6.3 
#9 29.40 | +-- eventemitter2@0.4.14 
#9 29.40 | +-- exit@0.1.2 
#9 29.40 | +-- findup-sync@5.0.0 
#9 29.40 | | +-- detect-file@1.0.0 
#9 29.40 | | +-- is-glob@4.0.3 
#9 29.40 | | | `-- is-extglob@2.1.1 
#9 29.40 | | +-- micromatch@4.0.7 
#9 29.40 | | | +-- braces@3.0.3 
#9 29.40 | | | | `-- fill-range@7.1.1 
#9 29.40 | | | |   `-- to-regex-range@5.0.1 
#9 29.40 | | | |     `-- is-number@7.0.0 
#9 29.40 | | | `-- picomatch@2.3.1 
#9 29.40 | | `-- resolve-dir@1.0.1 
#9 29.40 | |   +-- expand-tilde@2.0.2 
#9 29.40 | |   `-- global-modules@1.0.0 
#9 29.40 | |     +-- global-prefix@1.0.2 
#9 29.40 | |     | `-- ini@1.3.8 
#9 29.40 | |     `-- is-windows@1.0.2 
#9 29.40 | +-- glob@7.1.7 
#9 29.40 | | +-- fs.realpath@1.0.0 
#9 29.40 | | +-- inflight@1.0.6 
#9 29.40 | | | `-- wrappy@1.0.2 
#9 29.40 | | +-- once@1.4.0 
#9 29.40 | | `-- path-is-absolute@1.0.1 
#9 29.40 | +-- grunt-cli@1.4.3 
#9 29.40 | | +-- interpret@1.1.0 
#9 29.40 | | +-- liftup@3.0.1 
#9 29.40 | | | +-- findup-sync@4.0.0 
#9 29.40 | | | +-- fined@1.2.0 
#9 29.40 | | | | +-- object.defaults@1.1.0 
#9 29.40 | | | | | +-- array-each@1.0.1 
#9 29.40 | | | | | `-- array-slice@1.1.0 
#9 29.40 | | | | +-- object.pick@1.3.0 
#9 29.40 | | | | `-- parse-filepath@1.0.2 
#9 29.40 | | | |   +-- is-absolute@1.0.0 
#9 29.40 | | | |   | `-- is-relative@1.0.0 
#9 29.40 | | | |   |   `-- is-unc-path@1.0.0 
#9 29.40 | | | |   |     `-- unc-path-regex@0.1.2 
#9 29.40 | | | |   +-- map-cache@0.2.2 
#9 29.40 | | | |   `-- path-root@0.1.1 
#9 29.40 | | | |     `-- path-root-regex@0.1.2 
#9 29.40 | | | +-- flagged-respawn@1.0.1 
#9 29.40 | | | +-- is-plain-object@2.0.4 
#9 29.40 | | | | `-- isobject@3.0.1 
#9 29.40 | | | +-- object.map@1.0.1 
#9 29.40 | | | | +-- for-own@1.0.0 
#9 29.40 | | | | | `-- for-in@1.0.2 
#9 29.40 | | | | `-- make-iterator@1.0.1 
#9 29.40 | | | |   `-- kind-of@6.0.3 
#9 29.40 | | | +-- rechoir@0.7.1 
#9 29.40 | | | `-- resolve@1.22.8 
#9 29.40 | | |   +-- is-core-module@2.15.0 
#9 29.40 | | |   +-- path-parse@1.0.7 
#9 29.40 | | |   `-- supports-preserve-symlinks-flag@1.0.0 
#9 29.40 | | +-- nopt@4.0.3 
#9 29.40 | | `-- v8flags@3.2.0 
#9 29.40 | |   `-- homedir-polyfill@1.0.3 
#9 29.40 | |     `-- parse-passwd@1.0.0 
#9 29.40 | +-- grunt-known-options@2.0.0 
#9 29.40 | +-- grunt-legacy-log@3.0.0 
#9 29.40 | | +-- colors@1.1.2 
#9 29.40 | | +-- grunt-legacy-log-utils@2.1.0 
#9 29.40 | | | `-- chalk@4.1.2 
#9 29.40 | | |   +-- ansi-styles@4.3.0 
#9 29.40 | | |   | `-- color-convert@2.0.1 
#9 29.40 | | |   |   `-- color-name@1.1.4 
#9 29.40 | | |   `-- supports-color@7.2.0 
#9 29.40 | | |     `-- has-flag@4.0.0 
#9 29.40 | | `-- hooker@0.2.3 
#9 29.40 | +-- grunt-legacy-util@2.0.1 
#9 29.40 | | +-- async@3.2.5 
#9 29.40 | | +-- getobject@1.0.2 
#9 29.40 | | +-- underscore.string@3.3.6 
#9 29.40 | | | +-- sprintf-js@1.1.3 
#9 29.40 | | | `-- util-deprecate@1.0.2 
#9 29.40 | | `-- which@2.0.2 
#9 29.40 | |   `-- isexe@2.0.0 
#9 29.40 | +-- iconv-lite@0.6.3 
#9 29.40 | +-- js-yaml@3.14.1 
#9 29.40 | | +-- argparse@1.0.10 
#9 29.40 | | | `-- sprintf-js@1.0.3 
#9 29.40 | | `-- esprima@4.0.1 
#9 29.40 | +-- minimatch@3.0.8 
#9 29.40 | | `-- brace-expansion@1.1.11 
#9 29.40 | |   +-- balanced-match@1.0.2 
#9 29.40 | |   `-- concat-map@0.0.1 
#9 29.40 | `-- nopt@3.0.6 
#9 29.40 |   `-- abbrev@1.1.1 
#9 29.40 +-- grunt-contrib-cssmin@2.2.1 
#9 29.40 | +-- chalk@1.1.3 
#9 29.40 | | +-- ansi-styles@2.2.1 
#9 29.40 | | +-- escape-string-regexp@1.0.5 
#9 29.40 | | +-- has-ansi@2.0.0 
#9 29.40 | | `-- supports-color@2.0.0 
#9 29.40 | +-- clean-css@4.1.11 
#9 29.40 | | `-- source-map@0.5.7 
#9 29.40 | `-- maxmin@2.1.0 
#9 29.40 |   +-- figures@1.7.0 
#9 29.40 |   +-- gzip-size@3.0.0 
#9 29.40 |   | `-- duplexer@0.1.2 
#9 29.40 |   `-- pretty-bytes@3.0.1 
#9 29.40 |     `-- number-is-nan@1.0.1 
#9 29.40 +-- grunt-contrib-uglify@3.4.0 
#9 29.40 | +-- uglify-js@3.4.10 
#9 29.40 | | +-- commander@2.19.0 
#9 29.40 | | `-- source-map@0.6.1 
#9 29.40 | `-- uri-path@1.0.0 
#9 29.40 +-- grunt-contrib-watch@1.1.0 
#9 29.40 | +-- async@2.6.4 
#9 29.40 | +-- gaze@1.1.3 
#9 29.40 | | `-- globule@1.3.4 
#9 29.40 | |   `-- glob@7.1.7 
#9 29.40 | +-- lodash@4.17.21 
#9 29.40 | `-- tiny-lr@1.1.1 
#9 29.40 |   +-- body@5.1.0 
#9 29.40 |   | +-- continuable-cache@0.3.1 
#9 29.40 |   | +-- error@7.2.1 
#9 29.40 |   | | `-- string-template@0.2.1 
#9 29.40 |   | +-- raw-body@1.1.7 
#9 29.40 |   | | +-- bytes@1.0.0 
#9 29.40 |   | | `-- string_decoder@0.10.31 
#9 29.40 |   | `-- safe-json-parse@1.0.1 
#9 29.40 |   +-- debug@3.2.7 
#9 29.40 |   | `-- ms@2.1.3 
#9 29.40 |   +-- faye-websocket@0.10.0 
#9 29.40 |   | `-- websocket-driver@0.7.4 
#9 29.40 |   |   +-- http-parser-js@0.5.8 
#9 29.40 |   |   `-- websocket-extensions@0.1.4 
#9 29.40 |   +-- livereload-js@2.4.0 
#9 29.40 |   `-- object-assign@4.1.1 
#9 29.40 +-- grunt-run@0.7.0 
#9 29.40 | +-- lodash@3.10.1 
#9 29.40 | `-- strip-ansi@3.0.1 
#9 29.40 |   `-- ansi-regex@2.1.1 
#9 29.40 +-- jquery@3.2.1 
#9 29.40 +-- jsonfile@2.4.0 
#9 29.40 | `-- graceful-fs@4.2.11 
#9 29.40 +-- node-sass@4.5.3 
#9 29.40 | +-- async-foreach@0.1.3 
#9 29.40 | +-- cross-spawn@3.0.1 
#9 29.40 | | +-- lru-cache@4.1.5 
#9 29.40 | | | +-- pseudomap@1.0.2 
#9 29.40 | | | `-- yallist@2.1.2 
#9 29.40 | | `-- which@1.3.1 
#9 29.40 | +-- get-stdin@4.0.1 
#9 29.40 | +-- glob@7.2.3 
#9 29.40 | | `-- minimatch@3.1.2 
#9 29.40 | +-- in-publish@2.0.1 
#9 29.40 | +-- lodash.assign@4.2.0 
#9 29.40 | +-- lodash.clonedeep@4.5.0 
#9 29.40 | +-- lodash.mergewith@4.6.2 
#9 29.40 | +-- meow@3.7.0 
#9 29.40 | | +-- camelcase-keys@2.1.0 
#9 29.40 | | | `-- camelcase@2.1.1 
#9 29.40 | | +-- decamelize@1.2.0 
#9 29.40 | | +-- loud-rejection@1.6.0 
#9 29.40 | | | +-- currently-unhandled@0.4.1 
#9 29.40 | | | | `-- array-find-index@1.0.2 
#9 29.40 | | | `-- signal-exit@3.0.7 
#9 29.40 | | +-- map-obj@1.0.1 
#9 29.40 | | +-- minimist@1.2.8 
#9 29.40 | | +-- normalize-package-data@2.5.0 
#9 29.40 | | | +-- hosted-git-info@2.8.9 
#9 29.40 | | | +-- semver@5.7.2 
#9 29.40 | | | `-- validate-npm-package-license@3.0.4 
#9 29.40 | | |   +-- spdx-correct@3.2.0 
#9 29.40 | | |   | `-- spdx-license-ids@3.0.18 
#9 29.40 | | |   `-- spdx-expression-parse@3.0.1 
#9 29.40 | | |     `-- spdx-exceptions@2.5.0 
#9 29.40 | | +-- read-pkg-up@1.0.1 
#9 29.40 | | | +-- find-up@1.1.2 
#9 29.40 | | | | +-- path-exists@2.1.0 
#9 29.40 | | | | `-- pinkie-promise@2.0.1 
#9 29.40 | | | |   `-- pinkie@2.0.4 
#9 29.40 | | | `-- read-pkg@1.1.0 
#9 29.40 | | |   +-- load-json-file@1.1.0 
#9 29.40 | | |   | +-- parse-json@2.2.0 
#9 29.40 | | |   | | `-- error-ex@1.3.2 
#9 29.40 | | |   | |   `-- is-arrayish@0.2.1 
#9 29.40 | | |   | +-- pify@2.3.0 
#9 29.40 | | |   | `-- strip-bom@2.0.0 
#9 29.40 | | |   |   `-- is-utf8@0.2.1 
#9 29.40 | | |   `-- path-type@1.1.0 
#9 29.40 | | +-- redent@1.0.0 
#9 29.40 | | | +-- indent-string@2.1.0 
#9 29.40 | | | | `-- repeating@2.0.1 
#9 29.40 | | | |   `-- is-finite@1.1.0 
#9 29.40 | | | `-- strip-indent@1.0.1 
#9 29.40 | | `-- trim-newlines@1.0.0 
#9 29.40 | +-- mkdirp@0.5.6 
#9 29.40 | +-- nan@2.20.0 
#9 29.40 | +-- node-gyp@3.8.0 
#9 29.40 | | +-- fstream@1.0.12 
#9 29.40 | | +-- osenv@0.1.5 
#9 29.40 | | | +-- os-homedir@1.0.2 
#9 29.40 | | | `-- os-tmpdir@1.0.2 
#9 29.40 | | +-- rimraf@2.7.1 
#9 29.40 | | +-- semver@5.3.0 
#9 29.40 | | `-- tar@2.2.2 
#9 29.40 | |   `-- block-stream@0.0.9 
#9 29.40 | +-- npmlog@4.1.2 
#9 29.40 | | +-- are-we-there-yet@1.1.7 
#9 29.40 | | | `-- delegates@1.0.0 
#9 29.40 | | +-- console-control-strings@1.1.0 
#9 29.40 | | +-- gauge@2.7.4 
#9 29.40 | | | +-- aproba@1.2.0 
#9 29.40 | | | +-- has-unicode@2.0.1 
#9 29.40 | | | +-- string-width@1.0.2 
#9 29.40 | | | | +-- code-point-at@1.1.0 
#9 29.40 | | | | `-- is-fullwidth-code-point@1.0.0 
#9 29.40 | | | `-- wide-align@1.1.5 
#9 29.40 | | `-- set-blocking@2.0.0 
#9 29.40 | +-- request@2.88.2 
#9 29.40 | | +-- aws-sign2@0.7.0 
#9 29.40 | | +-- aws4@1.13.0 
#9 29.40 | | +-- caseless@0.12.0 
#9 29.40 | | +-- combined-stream@1.0.8 
#9 29.40 | | | `-- delayed-stream@1.0.0 
#9 29.40 | | +-- extend@3.0.2 
#9 29.40 | | +-- forever-agent@0.6.1 
#9 29.40 | | +-- form-data@2.3.3 
#9 29.40 | | | `-- asynckit@0.4.0 
#9 29.40 | | +-- har-validator@5.1.5 
#9 29.40 | | | +-- ajv@6.12.6 
#9 29.40 | | | | +-- fast-deep-equal@3.1.3 
#9 29.40 | | | | +-- fast-json-stable-stringify@2.1.0 
#9 29.40 | | | | +-- json-schema-traverse@0.4.1 
#9 29.40 | | | | `-- uri-js@4.4.1 
#9 29.40 | | | `-- har-schema@2.0.0 
#9 29.40 | | +-- http-signature@1.2.0 
#9 29.40 | | | +-- assert-plus@1.0.0 
#9 29.40 | | | +-- jsprim@1.4.2 
#9 29.40 | | | | +-- extsprintf@1.3.0 
#9 29.40 | | | | +-- json-schema@0.4.0 
#9 29.40 | | | | `-- verror@1.10.0 
#9 29.40 | | | |   `-- core-util-is@1.0.2 
#9 29.40 | | | `-- sshpk@1.18.0 
#9 29.40 | | |   +-- asn1@0.2.6 
#9 29.40 | | |   +-- bcrypt-pbkdf@1.0.2 
#9 29.40 | | |   +-- dashdash@1.14.1 
#9 29.40 | | |   +-- ecc-jsbn@0.1.2 
#9 29.40 | | |   +-- getpass@0.1.7 
#9 29.40 | | |   +-- jsbn@0.1.1 
#9 29.40 | | |   `-- tweetnacl@0.14.5 
#9 29.40 | | +-- is-typedarray@1.0.0 
#9 29.40 | | +-- isstream@0.1.2 
#9 29.40 | | +-- json-stringify-safe@5.0.1 
#9 29.40 | | +-- oauth-sign@0.9.0 
#9 29.40 | | +-- performance-now@2.1.0 
#9 29.40 | | +-- qs@6.5.3 
#9 29.40 | | +-- tough-cookie@2.5.0 
#9 29.40 | | | +-- psl@1.9.0 
#9 29.40 | | | `-- punycode@2.3.1 
#9 29.40 | | +-- tunnel-agent@0.6.0 
#9 29.40 | | `-- uuid@3.4.0 
#9 29.40 | +-- sass-graph@2.2.6 
#9 29.40 | | +-- scss-tokenizer@0.2.3 
#9 29.40 | | | +-- js-base64@2.6.4 
#9 29.40 | | | `-- source-map@0.4.4 
#9 29.40 | | |   `-- amdefine@1.0.1 
#9 29.40 | | `-- yargs@7.1.2 
#9 29.40 | |   +-- camelcase@3.0.0 
#9 29.40 | |   +-- cliui@3.2.0 
#9 29.40 | |   | `-- wrap-ansi@2.1.0 
#9 29.40 | |   +-- get-caller-file@1.0.3 
#9 29.40 | |   +-- os-locale@1.4.0 
#9 29.40 | |   | `-- lcid@1.0.0 
#9 29.40 | |   |   `-- invert-kv@1.0.0 
#9 29.40 | |   +-- require-directory@2.1.1 
#9 29.40 | |   +-- require-main-filename@1.0.1 
#9 29.40 | |   +-- which-module@1.0.0 
#9 29.40 | |   +-- y18n@3.2.2 
#9 29.40 | |   `-- yargs-parser@5.0.1 
#9 29.40 | |     `-- camelcase@3.0.0 
#9 29.40 | `-- stdout-stream@1.4.1 
#9 29.40 |   `-- readable-stream@2.3.8 
#9 29.40 |     +-- core-util-is@1.0.3 
#9 29.40 |     +-- isarray@1.0.0 
#9 29.40 |     +-- process-nextick-args@2.0.1 
#9 29.40 |     +-- safe-buffer@5.1.2 
#9 29.40 |     `-- string_decoder@1.1.1 
#9 29.40 |       `-- safe-buffer@5.1.2 
#9 29.40 +-- node-sass-middleware@0.11.0 
#9 29.40 +-- node-telegram-bot-api@0.27.1 
#9 29.40 | +-- array.prototype.findindex@2.2.3 
#9 29.40 | | +-- call-bind@1.0.7 
#9 29.40 | | | +-- es-define-property@1.0.0 
#9 29.40 | | | +-- function-bind@1.1.2 
#9 29.40 | | | `-- set-function-length@1.2.2 
#9 29.40 | | +-- define-properties@1.2.1 
#9 29.40 | | | +-- define-data-property@1.1.4 
#9 29.40 | | | +-- has-property-descriptors@1.0.2 
#9 29.40 | | | `-- object-keys@1.1.1 
#9 29.40 | | +-- es-abstract@1.23.3 
#9 29.40 | | | +-- array-buffer-byte-length@1.0.1 
#9 29.40 | | | +-- arraybuffer.prototype.slice@1.0.3 
#9 29.40 | | | +-- available-typed-arrays@1.0.7 
#9 29.40 | | | | `-- possible-typed-array-names@1.0.0 
#9 29.40 | | | +-- data-view-buffer@1.0.1 
#9 29.40 | | | +-- data-view-byte-length@1.0.1 
#9 29.40 | | | +-- data-view-byte-offset@1.0.0 
#9 29.40 | | | +-- es-set-tostringtag@2.0.3 
#9 29.40 | | | | `-- has-tostringtag@1.0.2 
#9 29.40 | | | +-- es-to-primitive@1.2.1 
#9 29.40 | | | | +-- is-date-object@1.0.5 
#9 29.40 | | | | `-- is-symbol@1.0.4 
#9 29.40 | | | +-- function.prototype.name@1.1.6 
#9 29.40 | | | | `-- functions-have-names@1.2.3 
#9 29.40 | | | +-- get-symbol-description@1.0.2 
#9 29.40 | | | +-- globalthis@1.0.4 
#9 29.40 | | | +-- gopd@1.0.1 
#9 29.40 | | | +-- has-proto@1.0.3 
#9 29.40 | | | +-- has-symbols@1.0.3 
#9 29.40 | | | +-- hasown@2.0.2 
#9 29.40 | | | +-- internal-slot@1.0.7 
#9 29.40 | | | +-- is-array-buffer@3.0.4 
#9 29.40 | | | +-- is-callable@1.2.7 
#9 29.40 | | | +-- is-data-view@1.0.1 
#9 29.40 | | | +-- is-negative-zero@2.0.3 
#9 29.40 | | | +-- is-regex@1.1.4 
#9 29.40 | | | +-- is-shared-array-buffer@1.0.3 
#9 29.40 | | | +-- is-string@1.0.7 
#9 29.40 | | | +-- is-typed-array@1.1.13 
#9 29.40 | | | +-- is-weakref@1.0.2 
#9 29.40 | | | +-- object.assign@4.1.5 
#9 29.40 | | | +-- regexp.prototype.flags@1.5.2 
#9 29.40 | | | | `-- set-function-name@2.0.2 
#9 29.40 | | | +-- safe-array-concat@1.1.2 
#9 29.40 | | | | `-- isarray@2.0.5 
#9 29.40 | | | +-- safe-regex-test@1.0.3 
#9 29.40 | | | +-- string.prototype.trim@1.2.9 
#9 29.40 | | | +-- string.prototype.trimend@1.0.8 
#9 29.40 | | | +-- string.prototype.trimstart@1.0.8 
#9 29.40 | | | +-- typed-array-buffer@1.0.2 
#9 29.40 | | | +-- typed-array-byte-length@1.0.1 
#9 29.40 | | | | `-- for-each@0.3.3 
#9 29.40 | | | +-- typed-array-byte-offset@1.0.2 
#9 29.40 | | | +-- typed-array-length@1.0.6 
#9 29.40 | | | +-- unbox-primitive@1.0.2 
#9 29.40 | | | | +-- has-bigints@1.0.2 
#9 29.40 | | | | `-- which-boxed-primitive@1.0.2 
#9 29.40 | | | |   +-- is-bigint@1.0.4 
#9 29.40 | | | |   +-- is-boolean-object@1.1.2 
#9 29.40 | | | |   `-- is-number-object@1.0.7 
#9 29.40 | | | `-- which-typed-array@1.1.15 
#9 29.40 | | +-- es-object-atoms@1.0.0 
#9 29.40 | | `-- es-shim-unscopables@1.0.2 
#9 29.40 | +-- bl@1.2.3 
#9 29.40 | +-- bluebird@3.7.2 
#9 29.40 | +-- depd@1.1.2 
#9 29.40 | +-- eventemitter3@2.0.3 
#9 29.40 | +-- file-type@3.9.0 
#9 29.40 | +-- mime@1.6.0 
#9 29.40 | +-- pump@1.0.3 
#9 29.40 | | `-- end-of-stream@1.4.4 
#9 29.40 | `-- request-promise@4.2.6 
#9 29.40 |   +-- request-promise-core@1.1.4 
#9 29.40 |   `-- stealthy-require@1.1.1 
#9 29.40 +-- sqlite3@3.1.13 
#9 29.40 | +-- nan@2.7.0 
#9 29.40 | `-- node-pre-gyp@0.6.38 
#9 29.40 |   +-- hawk@3.1.3 
#9 29.40 |   | +-- boom@2.10.1 
#9 29.40 |   | +-- cryptiles@2.0.5 
#9 29.40 |   | +-- hoek@2.16.3 
#9 29.40 |   | `-- sntp@1.0.9 
#9 29.40 |   +-- mkdirp@0.5.1 
#9 29.40 |   | `-- minimist@0.0.8 
#9 29.40 |   +-- nopt@4.0.1 
#9 29.40 |   | +-- abbrev@1.1.1 
#9 29.40 |   | `-- osenv@0.1.4 
#9 29.40 |   |   +-- os-homedir@1.0.2 
#9 29.40 |   |   `-- os-tmpdir@1.0.2 
#9 29.40 |   +-- npmlog@4.1.2 
#9 29.40 |   | +-- are-we-there-yet@1.1.4 
#9 29.40 |   | | `-- delegates@1.0.0 
#9 29.40 |   | +-- console-control-strings@1.1.0 
#9 29.40 |   | +-- gauge@2.7.4 
#9 29.40 |   | | +-- aproba@1.2.0 
#9 29.40 |   | | +-- has-unicode@2.0.1 
#9 29.40 |   | | +-- object-assign@4.1.1 
#9 29.40 |   | | +-- signal-exit@3.0.2 
#9 29.40 |   | | +-- string-width@1.0.2 
#9 29.40 |   | | | +-- code-point-at@1.1.0 
#9 29.40 |   | | | `-- is-fullwidth-code-point@1.0.0 
#9 29.40 |   | | |   `-- number-is-nan@1.0.1 
#9 29.40 |   | | +-- strip-ansi@3.0.1 
#9 29.40 |   | | | `-- ansi-regex@2.1.1 
#9 29.40 |   | | `-- wide-align@1.1.2 
#9 29.40 |   | `-- set-blocking@2.0.0 
#9 29.40 |   +-- rc@1.2.1 
#9 29.40 |   | +-- deep-extend@0.4.2 
#9 29.40 |   | +-- ini@1.3.4 
#9 29.40 |   | +-- minimist@1.2.0 
#9 29.40 |   | `-- strip-json-comments@2.0.1 
#9 29.40 |   +-- request@2.81.0 
#9 29.40 |   | +-- aws-sign2@0.6.0 
#9 29.40 |   | +-- aws4@1.6.0 
#9 29.40 |   | +-- caseless@0.12.0 
#9 29.40 |   | +-- combined-stream@1.0.5 
#9 29.40 |   | | `-- delayed-stream@1.0.0 
#9 29.40 |   | +-- extend@3.0.1 
#9 29.40 |   | +-- forever-agent@0.6.1 
#9 29.40 |   | +-- form-data@2.1.4 
#9 29.40 |   | | `-- asynckit@0.4.0 
#9 29.40 |   | +-- har-validator@4.2.1 
#9 29.40 |   | | +-- ajv@4.11.8 
#9 29.40 |   | | | +-- co@4.6.0 
#9 29.40 |   | | | `-- json-stable-stringify@1.0.1 
#9 29.40 |   | | |   `-- jsonify@0.0.0 
#9 29.40 |   | | `-- har-schema@1.0.5 
#9 29.40 |   | +-- http-signature@1.1.1 
#9 29.40 |   | | +-- assert-plus@0.2.0 
#9 29.40 |   | | +-- jsprim@1.4.1 
#9 29.40 |   | | | +-- assert-plus@1.0.0 
#9 29.40 |   | | | +-- extsprintf@1.3.0 
#9 29.40 |   | | | +-- json-schema@0.2.3 
#9 29.40 |   | | | `-- verror@1.10.0 
#9 29.40 |   | | |   `-- assert-plus@1.0.0 
#9 29.40 |   | | `-- sshpk@1.13.1 
#9 29.40 |   | |   +-- asn1@0.2.3 
#9 29.40 |   | |   +-- assert-plus@1.0.0 
#9 29.40 |   | |   +-- bcrypt-pbkdf@1.0.1 
#9 29.40 |   | |   +-- dashdash@1.14.1 
#9 29.40 |   | |   | `-- assert-plus@1.0.0 
#9 29.40 |   | |   +-- ecc-jsbn@0.1.1 
#9 29.40 |   | |   +-- getpass@0.1.7 
#9 29.40 |   | |   | `-- assert-plus@1.0.0 
#9 29.40 |   | |   +-- jsbn@0.1.1 
#9 29.40 |   | |   `-- tweetnacl@0.14.5 
#9 29.40 |   | +-- is-typedarray@1.0.0 
#9 29.40 |   | +-- isstream@0.1.2 
#9 29.40 |   | +-- json-stringify-safe@5.0.1 
#9 29.40 |   | +-- mime-types@2.1.17 
#9 29.40 |   | | `-- mime-db@1.30.0 
#9 29.40 |   | +-- oauth-sign@0.8.2 
#9 29.40 |   | +-- performance-now@0.2.0 
#9 29.40 |   | +-- qs@6.4.0 
#9 29.40 |   | +-- safe-buffer@5.1.1 
#9 29.40 |   | +-- stringstream@0.0.5 
#9 29.40 |   | +-- tough-cookie@2.3.3 
#9 29.40 |   | | `-- punycode@1.4.1 
#9 29.40 |   | +-- tunnel-agent@0.6.0 
#9 29.40 |   | `-- uuid@3.1.0 
#9 29.40 |   +-- rimraf@2.6.2 
#9 29.40 |   | `-- glob@7.1.2 
#9 29.40 |   |   +-- fs.realpath@1.0.0 
#9 29.40 |   |   +-- inflight@1.0.6 
#9 29.40 |   |   +-- minimatch@3.0.4 
#9 29.40 |   |   | `-- brace-expansion@1.1.8 
#9 29.40 |   |   |   +-- balanced-match@1.0.0 
#9 29.40 |   |   |   `-- concat-map@0.0.1 
#9 29.40 |   |   `-- path-is-absolute@1.0.1 
#9 29.40 |   +-- semver@5.4.1 
#9 29.40 |   +-- tar@2.2.1 
#9 29.40 |   | +-- block-stream@0.0.9 
#9 29.40 |   | +-- fstream@1.0.11 
#9 29.40 |   | | `-- graceful-fs@4.1.11 
#9 29.40 |   | `-- inherits@2.0.3 
#9 29.40 |   `-- tar-pack@3.4.0 
#9 29.40 |     +-- debug@2.6.9 
#9 29.40 |     | `-- ms@2.0.0 
#9 29.40 |     +-- fstream-ignore@1.0.5 
#9 29.40 |     +-- once@1.4.0 
#9 29.40 |     | `-- wrappy@1.0.2 
#9 29.40 |     +-- readable-stream@2.3.3 
#9 29.40 |     | +-- core-util-is@1.0.2 
#9 29.40 |     | +-- isarray@1.0.0 
#9 29.40 |     | +-- process-nextick-args@1.0.7 
#9 29.40 |     | +-- string_decoder@1.0.3 
#9 29.40 |     | `-- util-deprecate@1.0.2 
#9 29.40 |     `-- uid-number@0.0.6 
#9 29.40 `-- sweetalert@1.1.3 
#9 29.40 
#9 29.40 npm ERR! Linux 5.14.0-427.20.1.el9_4.x86_64
#9 29.40 npm ERR! argv "/usr/local/bin/node" "/usr/local/bin/npm" "install"
#9 29.40 npm ERR! node v6.17.1
#9 29.40 npm ERR! npm  v3.10.10
#9 29.40 npm ERR! path /usr/src/app/node_modules/.staging/@types/babylon-34a7a879/package.json
#9 29.40 npm ERR! code ENOTDIR
#9 29.40 npm ERR! errno -20
#9 29.40 npm ERR! syscall open
#9 29.40 
#9 29.40 npm ERR! ENOTDIR: not a directory, open '/usr/src/app/node_modules/.staging/@types/babylon-34a7a879/package.json'
#9 29.40 npm ERR! 
#9 29.40 npm ERR! If you need help, you may report this error at:
#9 29.40 npm ERR!     <https://github.com/npm/npm/issues>
#9 29.46 
#9 29.46 npm ERR! Please include the following file with any support request:
#9 29.46 npm ERR!     /usr/src/app/npm-debug.log
#9 ERROR: process "/bin/sh -c npm install" did not complete successfully: exit code: 236
------
 > [5/8] RUN npm install:
29.40 npm ERR! errno -20
29.40 npm ERR! syscall open
29.40 
29.40 npm ERR! ENOTDIR: not a directory, open '/usr/src/app/node_modules/.staging/@types/babylon-34a7a879/package.json'
29.40 npm ERR! 
29.40 npm ERR! If you need help, you may report this error at:
29.40 npm ERR!     <https://github.com/npm/npm/issues>
29.46 
29.46 npm ERR! Please include the following file with any support request:
29.46 npm ERR!     /usr/src/app/npm-debug.log
------
v1_Dockerfile:10
--------------------
   8 |     # Install app dependencies
   9 |     COPY package.json /usr/src/app/
  10 | >>> RUN npm install
  11 |     
  12 |     # Bundle app source
--------------------
ERROR: failed to solve: process "/bin/sh -c npm install" did not complete successfully: exit code: 236
Duration: 0:53.43