#0 building with "default" instance using docker driver

#1 [internal] load build definition from v1_Dockerfile
#1 transferring dockerfile: 1.38kB done
#1 DONE 0.0s

#2 [internal] load metadata for docker.io/davidcaste/alpine-tomcat:jdk8tomcat7
#2 ...

#3 [auth] davidcaste/alpine-tomcat:pull token for registry-1.docker.io
#3 DONE 0.0s

#2 [internal] load metadata for docker.io/davidcaste/alpine-tomcat:jdk8tomcat7
#2 DONE 0.9s

#4 [internal] load .dockerignore
#4 transferring context: 110B done
#4 DONE 0.0s

#5 [internal] load build context
#5 transferring context: 1.55kB done
#5 DONE 0.0s

#6 [1/6] FROM docker.io/davidcaste/alpine-tomcat:jdk8tomcat7@sha256:9fd9c74e8e7068d226f48f35c3094c829f7a792d3de278f9d9a65a9633335986
#6 resolve docker.io/davidcaste/alpine-tomcat:jdk8tomcat7@sha256:9fd9c74e8e7068d226f48f35c3094c829f7a792d3de278f9d9a65a9633335986 0.0s done
#6 sha256:9fd9c74e8e7068d226f48f35c3094c829f7a792d3de278f9d9a65a9633335986 1.58kB / 1.58kB done
#6 sha256:c38029b6005b7fbb61c13d284c34c8c2d7328144ff9f2ca665f4928f647101df 8.60kB / 8.60kB done
#6 sha256:e110a4a1794126ef308a49f2d65785af2f25538f06700721aad8283b81fdfa58 0B / 2.31MB 0.1s
#6 sha256:1451fd43a83823140abeac577a1435b01268822802b504940db39ef9f98e822f 0B / 62.38MB 0.1s
#6 sha256:5774568e23427ca41d8dbae9102fc671e42ac72d5791c6c16d24fd382a32257a 0B / 3.66MB 0.1s
#6 sha256:e110a4a1794126ef308a49f2d65785af2f25538f06700721aad8283b81fdfa58 1.05MB / 2.31MB 0.3s
#6 sha256:1451fd43a83823140abeac577a1435b01268822802b504940db39ef9f98e822f 6.29MB / 62.38MB 0.4s
#6 sha256:5774568e23427ca41d8dbae9102fc671e42ac72d5791c6c16d24fd382a32257a 3.66MB / 3.66MB 0.4s
#6 sha256:e110a4a1794126ef308a49f2d65785af2f25538f06700721aad8283b81fdfa58 2.31MB / 2.31MB 0.4s done
#6 sha256:1451fd43a83823140abeac577a1435b01268822802b504940db39ef9f98e822f 16.78MB / 62.38MB 0.5s
#6 sha256:5774568e23427ca41d8dbae9102fc671e42ac72d5791c6c16d24fd382a32257a 3.66MB / 3.66MB 0.4s done
#6 extracting sha256:e110a4a1794126ef308a49f2d65785af2f25538f06700721aad8283b81fdfa58
#6 sha256:446848f24fdb6f45daae2837e365395a382e88328952a4883b43df837078c863 0B / 7.54MB 0.5s
#6 sha256:2c6ea2638105ce0ac5e5e7627674ef3db37ecb282835fa54608c144f5106f02e 0B / 1.12kB 0.5s
#6 sha256:1451fd43a83823140abeac577a1435b01268822802b504940db39ef9f98e822f 23.07MB / 62.38MB 0.6s
#6 extracting sha256:e110a4a1794126ef308a49f2d65785af2f25538f06700721aad8283b81fdfa58 0.1s done
#6 sha256:446848f24fdb6f45daae2837e365395a382e88328952a4883b43df837078c863 4.19MB / 7.54MB 0.6s
#6 sha256:1451fd43a83823140abeac577a1435b01268822802b504940db39ef9f98e822f 28.31MB / 62.38MB 0.7s
#6 sha256:446848f24fdb6f45daae2837e365395a382e88328952a4883b43df837078c863 7.54MB / 7.54MB 0.6s done
#6 sha256:f0fc79891d87f822ce5c498a3276829842f20d6211aab82a08f9bbf55b7fa5e2 0B / 2.62kB 0.7s
#6 sha256:1451fd43a83823140abeac577a1435b01268822802b504940db39ef9f98e822f 38.80MB / 62.38MB 0.8s
#6 sha256:2c6ea2638105ce0ac5e5e7627674ef3db37ecb282835fa54608c144f5106f02e 1.12kB / 1.12kB 0.8s done
#6 sha256:f0fc79891d87f822ce5c498a3276829842f20d6211aab82a08f9bbf55b7fa5e2 2.62kB / 2.62kB 0.8s done
#6 sha256:1451fd43a83823140abeac577a1435b01268822802b504940db39ef9f98e822f 58.72MB / 62.38MB 1.0s
#6 sha256:1451fd43a83823140abeac577a1435b01268822802b504940db39ef9f98e822f 62.38MB / 62.38MB 1.2s done
#6 extracting sha256:1451fd43a83823140abeac577a1435b01268822802b504940db39ef9f98e822f 0.1s
#6 extracting sha256:1451fd43a83823140abeac577a1435b01268822802b504940db39ef9f98e822f 2.1s done
#6 extracting sha256:5774568e23427ca41d8dbae9102fc671e42ac72d5791c6c16d24fd382a32257a
#6 extracting sha256:5774568e23427ca41d8dbae9102fc671e42ac72d5791c6c16d24fd382a32257a 0.5s done
#6 extracting sha256:446848f24fdb6f45daae2837e365395a382e88328952a4883b43df837078c863
#6 extracting sha256:446848f24fdb6f45daae2837e365395a382e88328952a4883b43df837078c863 0.1s done
#6 extracting sha256:2c6ea2638105ce0ac5e5e7627674ef3db37ecb282835fa54608c144f5106f02e done
#6 extracting sha256:f0fc79891d87f822ce5c498a3276829842f20d6211aab82a08f9bbf55b7fa5e2 done
#6 DONE 4.7s

#7 [2/6] RUN apk add --no-cache curl tar procps  && mkdir -p /usr/share/maven/ref  && curl -fsSL -o /tmp/apache-maven.tar.gz "https://apache.osuosl.org/maven/maven-3/3.5.4/binaries/apache-maven-3.5.4-bin.tar.gz"  && echo "ce50b1c91364cb77efe3776f756a6d92b76d9038b0a0782f7d53acf1e997a14d  /tmp/apache-maven.tar.gz" | sha256sum -c - || true  && tar -xzf /tmp/apache-maven.tar.gz -C /usr/share/maven --strip-components=1  && rm -f /tmp/apache-maven.tar.gz  && ln -s /usr/share/maven/bin/mvn /usr/bin/mvn
#7 0.183 fetch http://dl-cdn.alpinelinux.org/alpine/v3.4/main/x86_64/APKINDEX.tar.gz
#7 0.403 fetch http://dl-cdn.alpinelinux.org/alpine/v3.4/community/x86_64/APKINDEX.tar.gz
#7 0.577 (1/6) Installing libssh2 (1.7.0-r0)
#7 0.592 (2/6) Installing libcurl (7.60.0-r1)
#7 0.608 (3/6) Installing curl (7.60.0-r1)
#7 0.622 (4/6) Installing libproc (3.3.9-r3)
#7 0.634 (5/6) Installing procps (3.3.9-r3)
#7 0.653 (6/6) Installing tar (1.29-r1)
#7 0.810 Executing busybox-1.24.2-r14.trigger
#7 0.815 Executing glibc-bin-2.23-r3.trigger
#7 0.822 OK: 22 MiB in 26 packages
#7 1.005 curl: (22) The requested URL returned error: 404 Not Found
#7 1.006 tar (child): /tmp/apache-maven.tar.gz: Cannot open: No such file or directory
#7 1.006 tar (child): Error is not recoverable: exiting now
#7 1.006 tar: Child returned status 2
#7 1.006 tar: Error is not recoverable: exiting now
#7 ERROR: process "/bin/sh -c apk add --no-cache curl tar procps  && mkdir -p /usr/share/maven/ref  && curl -fsSL -o /tmp/apache-maven.tar.gz \"${BASE_URL}/apache-maven-${MAVEN_VERSION}-bin.tar.gz\"  && echo \"${SHA}  /tmp/apache-maven.tar.gz\" | sha256sum -c - || true  && tar -xzf /tmp/apache-maven.tar.gz -C /usr/share/maven --strip-components=1  && rm -f /tmp/apache-maven.tar.gz  && ln -s /usr/share/maven/bin/mvn /usr/bin/mvn" did not complete successfully: exit code: 2
------
 > [2/6] RUN apk add --no-cache curl tar procps  && mkdir -p /usr/share/maven/ref  && curl -fsSL -o /tmp/apache-maven.tar.gz "https://apache.osuosl.org/maven/maven-3/3.5.4/binaries/apache-maven-3.5.4-bin.tar.gz"  && echo "ce50b1c91364cb77efe3776f756a6d92b76d9038b0a0782f7d53acf1e997a14d  /tmp/apache-maven.tar.gz" | sha256sum -c - || true  && tar -xzf /tmp/apache-maven.tar.gz -C /usr/share/maven --strip-components=1  && rm -f /tmp/apache-maven.tar.gz  && ln -s /usr/share/maven/bin/mvn /usr/bin/mvn:
0.634 (5/6) Installing procps (3.3.9-r3)
0.653 (6/6) Installing tar (1.29-r1)
0.810 Executing busybox-1.24.2-r14.trigger
0.815 Executing glibc-bin-2.23-r3.trigger
0.822 OK: 22 MiB in 26 packages
1.005 curl: (22) The requested URL returned error: 404 Not Found
1.006 tar (child): /tmp/apache-maven.tar.gz: Cannot open: No such file or directory
1.006 tar (child): Error is not recoverable: exiting now
1.006 tar: Child returned status 2
1.006 tar: Error is not recoverable: exiting now
------
v1_Dockerfile:11
--------------------
  10 |     
  11 | >>> RUN apk add --no-cache curl tar procps \
  12 | >>>  && mkdir -p /usr/share/maven/ref \
  13 | >>>  && curl -fsSL -o /tmp/apache-maven.tar.gz "${BASE_URL}/apache-maven-${MAVEN_VERSION}-bin.tar.gz" \
  14 | >>>  && echo "${SHA}  /tmp/apache-maven.tar.gz" | sha256sum -c - || true \
  15 | >>>  && tar -xzf /tmp/apache-maven.tar.gz -C /usr/share/maven --strip-components=1 \
  16 | >>>  && rm -f /tmp/apache-maven.tar.gz \
  17 | >>>  && ln -s /usr/share/maven/bin/mvn /usr/bin/mvn
  18 |     
--------------------
ERROR: failed to solve: process "/bin/sh -c apk add --no-cache curl tar procps  && mkdir -p /usr/share/maven/ref  && curl -fsSL -o /tmp/apache-maven.tar.gz \"${BASE_URL}/apache-maven-${MAVEN_VERSION}-bin.tar.gz\"  && echo \"${SHA}  /tmp/apache-maven.tar.gz\" | sha256sum -c - || true  && tar -xzf /tmp/apache-maven.tar.gz -C /usr/share/maven --strip-components=1  && rm -f /tmp/apache-maven.tar.gz  && ln -s /usr/share/maven/bin/mvn /usr/bin/mvn" did not complete successfully: exit code: 2
Duration: 0:7.49