#0 building with "default" instance using docker driver

#1 [internal] load build definition from Dockerfile
#1 transferring dockerfile:
#1 transferring dockerfile: 611B done
#1 DONE 0.5s

#2 [internal] load .dockerignore
#2 transferring context: 81B done
#2 DONE 0.4s

#3 [internal] load metadata for docker.io/library/ruby:2.1.5
#3 ...

#4 [auth] library/ruby:pull token for registry-1.docker.io
#4 DONE 0.0s

#3 [internal] load metadata for docker.io/library/ruby:2.1.5
#3 DONE 1.0s

#5 [internal] load build context
#5 DONE 0.0s

#6 [1/9] FROM docker.io/library/ruby:2.1.5@sha256:d7d98dc1cdd6d68b4733fac4a3f60b350b6996bf4f6ea7839a85ea126c7c61f2
#6 resolve docker.io/library/ruby:2.1.5@sha256:d7d98dc1cdd6d68b4733fac4a3f60b350b6996bf4f6ea7839a85ea126c7c61f2 0.1s done
#6 DONE 0.1s

#6 [1/9] FROM docker.io/library/ruby:2.1.5@sha256:d7d98dc1cdd6d68b4733fac4a3f60b350b6996bf4f6ea7839a85ea126c7c61f2
#6 resolve docker.io/library/ruby:2.1.5@sha256:d7d98dc1cdd6d68b4733fac4a3f60b350b6996bf4f6ea7839a85ea126c7c61f2 done
#6 ...

#5 [internal] load build context
#5 transferring context: 41.22MB 0.5s done
#5 DONE 0.9s

#6 [1/9] FROM docker.io/library/ruby:2.1.5@sha256:d7d98dc1cdd6d68b4733fac4a3f60b350b6996bf4f6ea7839a85ea126c7c61f2
#6 sha256:4a0259d19e5a6fb9d0790163e3887092d34d6e64e037fd230e9f96f191a98a5f 151B / 151B done
#6 sha256:6b5533cc32ba9bdd71daee9ee8c399eb70662d20a3ee2773b680d5952f64be56 1.32MB / 1.32MB done
#6 sha256:12649778a0a706458c34a059c98c489e67d444a0dc7e354d2b1ff157f1e70803 51.27MB / 51.27MB done
#6 sha256:4f1a6db129d71f7345d8a47a5394ee39a61482cc9b6dee3536516ad430f2ce88 18.54MB / 18.54MB done
#6 sha256:010325efa0c93685dcd2e6a1c8609b8df789fd4897152ee0a191ce1aa44cb35f 42.36MB / 42.36MB done
#6 sha256:108da95ed78521bd27c9dcc694110ed9e539195fe22ffb73b9fdfaea9597b72f 160.40MB / 160.40MB done
#6 sha256:094b718bab19f28be4f1e2d288ebafc85408371c9dbeb107924fabdb21805a89 28.16MB / 28.16MB done
#6 extracting sha256:12649778a0a706458c34a059c98c489e67d444a0dc7e354d2b1ff157f1e70803 0.1s
#6 extracting sha256:12649778a0a706458c34a059c98c489e67d444a0dc7e354d2b1ff157f1e70803 3.1s done
#6 extracting sha256:4f1a6db129d71f7345d8a47a5394ee39a61482cc9b6dee3536516ad430f2ce88
#6 extracting sha256:4f1a6db129d71f7345d8a47a5394ee39a61482cc9b6dee3536516ad430f2ce88 1.0s done
#6 extracting sha256:010325efa0c93685dcd2e6a1c8609b8df789fd4897152ee0a191ce1aa44cb35f
#6 extracting sha256:010325efa0c93685dcd2e6a1c8609b8df789fd4897152ee0a191ce1aa44cb35f 2.8s done
#6 extracting sha256:108da95ed78521bd27c9dcc694110ed9e539195fe22ffb73b9fdfaea9597b72f
#6 extracting sha256:108da95ed78521bd27c9dcc694110ed9e539195fe22ffb73b9fdfaea9597b72f 5.0s
#6 extracting sha256:108da95ed78521bd27c9dcc694110ed9e539195fe22ffb73b9fdfaea9597b72f 8.5s done
#6 extracting sha256:094b718bab19f28be4f1e2d288ebafc85408371c9dbeb107924fabdb21805a89
#6 extracting sha256:094b718bab19f28be4f1e2d288ebafc85408371c9dbeb107924fabdb21805a89 1.9s done
#6 extracting sha256:4a0259d19e5a6fb9d0790163e3887092d34d6e64e037fd230e9f96f191a98a5f
#6 extracting sha256:4a0259d19e5a6fb9d0790163e3887092d34d6e64e037fd230e9f96f191a98a5f done
#6 extracting sha256:6b5533cc32ba9bdd71daee9ee8c399eb70662d20a3ee2773b680d5952f64be56
#6 extracting sha256:6b5533cc32ba9bdd71daee9ee8c399eb70662d20a3ee2773b680d5952f64be56 0.1s done
#6 DONE 36.5s

#7 [2/9] RUN apt-get update
#7 22.62 Ign http://security.debian.org jessie/updates InRelease
#7 22.62 Ign http://security.debian.org jessie/updates Release.gpg
#7 22.62 Ign http://security.debian.org jessie/updates Release
#7 22.63 Err http://security.debian.org jessie/updates/main amd64 Packages
#7 22.63   
#7 22.63 Err http://security.debian.org jessie/updates/main amd64 Packages
#7 22.63   
#7 22.63 Err http://security.debian.org jessie/updates/main amd64 Packages
#7 22.63   
#7 22.63 Err http://security.debian.org jessie/updates/main amd64 Packages
#7 22.63   
#7 22.64 Err http://security.debian.org jessie/updates/main amd64 Packages
#7 22.64   404  Not Found [IP: 151.101.194.132 80]
#7 22.79 Ign http://http.debian.net jessie InRelease
#7 23.09 Ign http://http.debian.net jessie-updates InRelease
#7 23.25 Ign http://http.debian.net jessie Release.gpg
#7 23.41 Ign http://http.debian.net jessie-updates Release.gpg
#7 23.72 Ign http://http.debian.net jessie Release
#7 23.87 Ign http://http.debian.net jessie-updates Release
#7 24.03 Err http://http.debian.net jessie/main amd64 Packages
#7 24.03   
#7 24.19 Err http://http.debian.net jessie-updates/main amd64 Packages
#7 24.19   
#7 24.35 Err http://http.debian.net jessie/main amd64 Packages
#7 24.35   
#7 24.50 Err http://http.debian.net jessie-updates/main amd64 Packages
#7 24.50   
#7 24.81 Err http://http.debian.net jessie/main amd64 Packages
#7 24.81   
#7 24.97 Err http://http.debian.net jessie-updates/main amd64 Packages
#7 24.97   
#7 25.12 Err http://http.debian.net jessie/main amd64 Packages
#7 25.12   
#7 25.43 Err http://http.debian.net jessie-updates/main amd64 Packages
#7 25.43   
#7 25.59 Err http://http.debian.net jessie/main amd64 Packages
#7 25.59   404  Not Found
#7 25.75 Err http://http.debian.net jessie-updates/main amd64 Packages
#7 25.75   404  Not Found
#7 25.75 W: Failed to fetch http://security.debian.org/dists/jessie/updates/main/binary-amd64/Packages  404  Not Found [IP: 151.101.194.132 80]
#7 25.75 
#7 25.75 W: Failed to fetch http://http.debian.net/debian/dists/jessie/main/binary-amd64/Packages  404  Not Found
#7 25.75 
#7 25.75 W: Failed to fetch http://http.debian.net/debian/dists/jessie-updates/main/binary-amd64/Packages  404  Not Found
#7 25.75 
#7 25.75 E: Some index files failed to download. They have been ignored, or old ones used instead.
#7 ERROR: process "/bin/sh -c apt-get update" did not complete successfully: exit code: 100
------
 > [2/9] RUN apt-get update:
25.59   404  Not Found
25.75 Err http://http.debian.net jessie-updates/main amd64 Packages
25.75   404  Not Found
25.75 W: Failed to fetch http://security.debian.org/dists/jessie/updates/main/binary-amd64/Packages  404  Not Found [IP: 151.101.194.132 80]
25.75 
25.75 W: Failed to fetch http://http.debian.net/debian/dists/jessie/main/binary-amd64/Packages  404  Not Found
25.75 
25.75 W: Failed to fetch http://http.debian.net/debian/dists/jessie-updates/main/binary-amd64/Packages  404  Not Found
25.75 
25.75 E: Some index files failed to download. They have been ignored, or old ones used instead.
------
Dockerfile:7
--------------------
   5 |     
   6 |     #Install dependencies:
   7 | >>> RUN apt-get update
   8 |     
   9 |     #Set ENV variable to store app inside the image
--------------------
ERROR: failed to solve: process "/bin/sh -c apt-get update" did not complete successfully: exit code: 100
Duration: 1:8.75