#0 building with "default" instance using docker driver

#1 [internal] load .dockerignore
#1 transferring context:
#1 transferring context: 2B done
#1 ...

#2 [internal] load build definition from v1_Dockerfile
#2 transferring dockerfile: 2.33kB done
#2 DONE 0.6s

#1 [internal] load .dockerignore
#1 DONE 0.8s

#3 [internal] load metadata for docker.io/library/golang:1.19.3-alpine3.16
#3 ...

#4 [internal] load metadata for docker.io/library/alpine:3.12
#4 DONE 0.5s

#3 [internal] load metadata for docker.io/library/golang:1.19.3-alpine3.16
#3 DONE 0.6s

#5 [internal] load build context
#5 DONE 0.0s

#6 [stage-1 1/4] FROM docker.io/library/alpine:3.12@sha256:c75ac27b49326926b803b9ed43bf088bc220d22556de1bc5f72d742c91398f69
#6 resolve docker.io/library/alpine:3.12@sha256:c75ac27b49326926b803b9ed43bf088bc220d22556de1bc5f72d742c91398f69
#6 resolve docker.io/library/alpine:3.12@sha256:c75ac27b49326926b803b9ed43bf088bc220d22556de1bc5f72d742c91398f69 0.4s done
#6 sha256:c75ac27b49326926b803b9ed43bf088bc220d22556de1bc5f72d742c91398f69 1.64kB / 1.64kB done
#6 sha256:cb64bbe7fa613666c234e1090e91427314ee18ec6420e9426cf4e7f314056813 528B / 528B done
#6 sha256:24c8ece58a1aa807c0d8ea121f91cee2efba99624d0a8aed732155fb31f28993 1.47kB / 1.47kB done
#6 sha256:1b7ca6aea1ddfe716f3694edb811ab35114db9e93f3ce38d7dab6b4d9270cb0c 0B / 2.81MB 0.2s
#6 sha256:1b7ca6aea1ddfe716f3694edb811ab35114db9e93f3ce38d7dab6b4d9270cb0c 2.81MB / 2.81MB 0.5s
#6 extracting sha256:1b7ca6aea1ddfe716f3694edb811ab35114db9e93f3ce38d7dab6b4d9270cb0c
#6 sha256:1b7ca6aea1ddfe716f3694edb811ab35114db9e93f3ce38d7dab6b4d9270cb0c 2.81MB / 2.81MB 0.6s done
#6 extracting sha256:1b7ca6aea1ddfe716f3694edb811ab35114db9e93f3ce38d7dab6b4d9270cb0c 0.3s done
#6 DONE 2.4s

#7 [build 1/6] FROM docker.io/library/golang:1.19.3-alpine3.16@sha256:3607071679bd7702e5461ff72ad0886760a03cb00a09163be3020d8f1cda5299
#7 resolve docker.io/library/golang:1.19.3-alpine3.16@sha256:3607071679bd7702e5461ff72ad0886760a03cb00a09163be3020d8f1cda5299 0.5s done
#7 sha256:16b1fb18ff2a1f76068d3abfe09a904ced0bd6e5d05645a7a5b92467d7327022 1.16kB / 1.16kB done
#7 sha256:3607071679bd7702e5461ff72ad0886760a03cb00a09163be3020d8f1cda5299 1.65kB / 1.65kB done
#7 sha256:f51c49a20f6bea3f7c3037a70d765a324e3f7d7fafcae0c9d858a594e3e65e00 5.11kB / 5.11kB done
#7 sha256:ca7dd9ec2225f2385955c43b2379305acd51543c28cf1d4e94522b3d94cce3ce 2.81MB / 2.81MB 0.4s done
#7 sha256:c41ae7ad2b39813485dabd88ae2e5ddce71b71a47d19af1377b0251055edf373 284.75kB / 284.75kB 0.6s done
#7 extracting sha256:ca7dd9ec2225f2385955c43b2379305acd51543c28cf1d4e94522b3d94cce3ce 0.2s done
#7 sha256:78c439d7dfa8da59a735ff7b8d1c30727458d709976deac35467be0a714f3393 25.17MB / 122.66MB 1.7s
#7 sha256:5f95585a4da8ec248e15ab7eb458b72940d7582491526a5d985f7def7ec1866e 155B / 155B 1.0s done
#7 extracting sha256:c41ae7ad2b39813485dabd88ae2e5ddce71b71a47d19af1377b0251055edf373 0.1s done
#7 ...

#5 [internal] load build context
#5 transferring context: 115.49MB 1.4s done
#5 DONE 2.1s

#7 [build 1/6] FROM docker.io/library/golang:1.19.3-alpine3.16@sha256:3607071679bd7702e5461ff72ad0886760a03cb00a09163be3020d8f1cda5299
#7 sha256:78c439d7dfa8da59a735ff7b8d1c30727458d709976deac35467be0a714f3393 33.55MB / 122.66MB 2.2s
#7 sha256:78c439d7dfa8da59a735ff7b8d1c30727458d709976deac35467be0a714f3393 44.04MB / 122.66MB 2.5s
#7 sha256:78c439d7dfa8da59a735ff7b8d1c30727458d709976deac35467be0a714f3393 53.48MB / 122.66MB 2.8s
#7 sha256:78c439d7dfa8da59a735ff7b8d1c30727458d709976deac35467be0a714f3393 68.16MB / 122.66MB 3.1s
#7 sha256:78c439d7dfa8da59a735ff7b8d1c30727458d709976deac35467be0a714f3393 77.59MB / 122.66MB 3.3s
#7 sha256:78c439d7dfa8da59a735ff7b8d1c30727458d709976deac35467be0a714f3393 83.89MB / 122.66MB 3.4s
#7 sha256:78c439d7dfa8da59a735ff7b8d1c30727458d709976deac35467be0a714f3393 90.18MB / 122.66MB 3.7s
#7 sha256:78c439d7dfa8da59a735ff7b8d1c30727458d709976deac35467be0a714f3393 100.66MB / 122.66MB 4.0s
#7 sha256:78c439d7dfa8da59a735ff7b8d1c30727458d709976deac35467be0a714f3393 111.15MB / 122.66MB 4.2s
#7 sha256:78c439d7dfa8da59a735ff7b8d1c30727458d709976deac35467be0a714f3393 118.49MB / 122.66MB 4.3s
#7 sha256:78c439d7dfa8da59a735ff7b8d1c30727458d709976deac35467be0a714f3393 122.66MB / 122.66MB 8.3s done
#7 extracting sha256:78c439d7dfa8da59a735ff7b8d1c30727458d709976deac35467be0a714f3393
#7 ...

#8 [stage-1 2/4] RUN apk update 	&& apk add ca-certificates 	&& rm -rf /var/cache/apk/*
#8 0.633 fetch http://dl-cdn.alpinelinux.org/alpine/v3.12/main/x86_64/APKINDEX.tar.gz
#8 0.859 fetch http://dl-cdn.alpinelinux.org/alpine/v3.12/community/x86_64/APKINDEX.tar.gz
#8 1.158 v3.12.12-52-g800c17231ad [http://dl-cdn.alpinelinux.org/alpine/v3.12/main]
#8 1.158 v3.12.12-52-g800c17231ad [http://dl-cdn.alpinelinux.org/alpine/v3.12/community]
#8 1.158 OK: 12767 distinct packages available
#8 1.369 (1/1) Installing ca-certificates (20220614-r0)
#8 1.402 Executing busybox-1.31.1-r22.trigger
#8 1.407 Executing ca-certificates-20220614-r0.trigger
#8 1.452 OK: 6 MiB in 15 packages
#8 DONE 9.0s

#7 [build 1/6] FROM docker.io/library/golang:1.19.3-alpine3.16@sha256:3607071679bd7702e5461ff72ad0886760a03cb00a09163be3020d8f1cda5299
#7 extracting sha256:78c439d7dfa8da59a735ff7b8d1c30727458d709976deac35467be0a714f3393 5.0s
#7 extracting sha256:78c439d7dfa8da59a735ff7b8d1c30727458d709976deac35467be0a714f3393 7.6s done
#7 extracting sha256:5f95585a4da8ec248e15ab7eb458b72940d7582491526a5d985f7def7ec1866e
#7 extracting sha256:5f95585a4da8ec248e15ab7eb458b72940d7582491526a5d985f7def7ec1866e done
#7 DONE 18.8s

#9 [build 2/6] RUN apk update 	&& apk add musl-dev gcc
#9 0.526 fetch https://dl-cdn.alpinelinux.org/alpine/v3.16/main/x86_64/APKINDEX.tar.gz
#9 0.763 fetch https://dl-cdn.alpinelinux.org/alpine/v3.16/community/x86_64/APKINDEX.tar.gz
#9 1.179 v3.16.9-124-g7ebe731c813 [https://dl-cdn.alpinelinux.org/alpine/v3.16/main]
#9 1.179 v3.16.9-125-gec300a94000 [https://dl-cdn.alpinelinux.org/alpine/v3.16/community]
#9 1.179 OK: 17049 distinct packages available
#9 1.484 (1/12) Upgrading musl (1.2.3-r2 -> 1.2.3-r3)
#9 1.548 (2/12) Installing libgcc (11.2.1_git20220219-r2)
#9 1.553 (3/12) Installing libstdc++ (11.2.1_git20220219-r2)
#9 1.598 (4/12) Installing binutils (2.38-r3)
#9 1.727 (5/12) Installing libgomp (11.2.1_git20220219-r2)
#9 1.742 (6/12) Installing libatomic (11.2.1_git20220219-r2)
#9 1.750 (7/12) Installing gmp (6.2.1-r2)
#9 1.761 (8/12) Installing isl22 (0.22-r0)
#9 1.782 (9/12) Installing mpfr4 (4.1.0-r0)
#9 1.855 (10/12) Installing mpc1 (1.2.1-r0)
#9 1.859 (11/12) Installing gcc (11.2.1_git20220219-r2)
#9 4.949 (12/12) Installing musl-dev (1.2.3-r3)
#9 5.064 Executing busybox-1.35.0-r17.trigger
#9 5.070 OK: 119 MiB in 26 packages
#9 DONE 16.5s

#10 [build 3/6] RUN mkdir -p /go/src/github.com/go-spatial/tegola
#10 DONE 1.0s

#11 [build 4/6] COPY . /go/src/github.com/go-spatial/tegola
#11 DONE 3.3s

#12 [build 5/6] RUN env
#12 0.807 BRANCH=not set
#12 0.807 SHLVL=1
#12 0.807 HOME=/root
#12 0.807 BUILDPKG=github.com/go-spatial/tegola/internal/build
#12 0.807 VER=Version Not Set
#12 0.807 VERSION=Version Not Set
#12 0.807 GIT_REVISION=not set
#12 0.807 GIT_BRANCH=not set
#12 0.807 PATH=/go/bin:/usr/local/go/bin:/usr/local/sbin:/usr/local/bin:/usr/sbin:/usr/bin:/sbin:/bin
#12 0.807 REVISION=not set
#12 0.807 GOPATH=/go
#12 0.807 BUILD_PKG=github.com/go-spatial/tegola/internal/build
#12 0.807 PWD=/go
#12 0.807 GOLANG_VERSION=1.19.3
#12 DONE 1.0s

#13 [build 6/6] RUN cd /go/src/github.com/go-spatial/tegola/cmd/tegola  	&& go build -v      -ldflags "-w -X 'github.com/go-spatial/tegola/internal/build.Version=Version Not Set' -X 'github.com/go-spatial/tegola/internal/build.GitRevision=not set' -X 'github.com/go-spatial/tegola/internal/build.GitBranch=not set'"     -gcflags "-N -l"     -o /opt/tegola 	&& chmod a+x /opt/tegola
#13 3.574 golang.org/x/sys/internal/unsafeheader
#13 3.574 google.golang.org/grpc/attributes
#13 3.575 google.golang.org/grpc/serviceconfig
#13 3.576 go.opencensus.io
#13 3.576 go.opencensus.io/trace/internal
#13 3.577 golang.org/x/xerrors/internal
#13 3.578 cloud.google.com/go/storage/internal
#13 3.579 go.opencensus.io/internal/tagencoding
#13 3.583 github.com/google/go-cmp/cmp/internal/flags
#13 3.583 github.com/aws/aws-sdk-go/aws/client/metadata
#13 3.584 google.golang.org/protobuf/internal/set
#13 3.584 github.com/golang/groupcache/lru
#13 3.584 google.golang.org/protobuf/internal/flags
#13 3.585 github.com/go-spatial/geom/encoding/wkb/internal/consts
#13 3.585 github.com/go-spatial/tegola/mapbox/style
#13 3.586 github.com/go-spatial/tegola/mapbox/tilejson
#13 3.589 github.com/theckman/goconstraint/go1.8/gte
#13 3.592 github.com/googleapis/gax-go/v2/internal
#13 3.593 github.com/aws/aws-sdk-go/internal/sdkmath
#13 3.611 google.golang.org/protobuf/internal/pragma
#13 3.620 google.golang.org/grpc/backoff
#13 3.620 google.golang.org/grpc/internal/grpcrand
#13 3.621 google.golang.org/grpc/encoding
#13 3.629 github.com/go-spatial/tegola/maths/webmercator
#13 3.632 github.com/go-spatial/geom
#13 3.634 github.com/spf13/pflag
#13 3.635 google.golang.org/protobuf/internal/detrand
#13 3.652 google.golang.org/protobuf/internal/version
#13 3.657 github.com/go-spatial/tegola/dict
#13 3.668 google.golang.org/api/internal/third_party/uritemplates
#13 3.668 google.golang.org/grpc/codes
#13 3.669 golang.org/x/net/internal/timeseries
#13 3.682 github.com/Azure/azure-pipeline-go/pipeline
#13 3.682 golang.org/x/sys/unix
#13 3.684 google.golang.org/grpc/internal/grpclog
#13 3.684 cloud.google.com/go/compute/metadata
#13 3.684 google.golang.org/grpc/metadata
#13 3.701 google.golang.org/grpc/internal/buffer
#13 3.701 google.golang.org/grpc/internal/backoff
#13 3.701 google.golang.org/grpc/internal/grpcsync
#13 3.702 google.golang.org/grpc/internal/envconfig
#13 3.711 golang.org/x/text/transform
#13 3.722 google.golang.org/grpc/keepalive
#13 3.722 golang.org/x/net/http2/hpack
#13 3.723 google.golang.org/grpc/tap
#13 3.724 golang.org/x/text/unicode/bidi
#13 3.764 cloud.google.com/go/internal/optional
#13 3.777 go.opencensus.io/internal
#13 3.777 google.golang.org/api/googleapi
#13 3.785 google.golang.org/protobuf/internal/errors
#13 3.793 go.opencensus.io/trace/tracestate
#13 3.801 cloud.google.com/go/internal/version
#13 3.801 golang.org/x/xerrors
#13 3.802 google.golang.org/api/iterator
#13 3.810 golang.org/x/net/context/ctxhttp
#13 3.813 golang.org/x/oauth2/jws
#13 3.839 go.opencensus.io/resource
#13 3.851 golang.org/x/net/trace
#13 3.864 google.golang.org/grpc/internal/balancerload
#13 3.864 google.golang.org/grpc/grpclog
#13 3.864 go.opencensus.io/tag
#13 3.866 google.golang.org/grpc/internal/grpcutil
#13 3.894 google.golang.org/grpc/stats
#13 3.901 golang.org/x/text/unicode/norm
#13 4.018 github.com/googleapis/enterprise-certificate-proxy/client/util
#13 4.023 google.golang.org/protobuf/encoding/protowire
#13 4.024 github.com/google/go-cmp/cmp/internal/diff
#13 4.025 github.com/google/go-cmp/cmp/internal/function
#13 4.026 github.com/google/go-cmp/cmp/internal/value
#13 4.032 github.com/go-spatial/geom/cmp
#13 4.032 github.com/go-spatial/tegola
#13 4.047 github.com/go-spatial/geom/slippy
#13 4.060 github.com/google/uuid
#13 4.066 github.com/Azure/azure-storage-blob-go/2017-07-29/azblob
#13 4.079 golang.org/x/oauth2/internal
#13 4.079 google.golang.org/api/googleapi/transport
#13 4.079 go.opencensus.io/metric/metricdata
#13 4.094 go.uber.org/atomic
#13 4.105 go.opencensus.io/trace
#13 4.115 golang.org/x/text/secure/bidirule
#13 4.124 go.uber.org/zap/buffer
#13 4.125 google.golang.org/protobuf/reflect/protoreflect
#13 4.152 github.com/googleapis/enterprise-certificate-proxy/client
#13 4.161 go.uber.org/zap/internal/color
#13 4.186 go.opencensus.io/metric/metricproducer
#13 4.190 github.com/go-spatial/geom/encoding/wkt
#13 4.190 github.com/go-spatial/cobra
#13 4.224 go.uber.org/zap/internal/exit
#13 4.245 github.com/go-redis/redis/internal
#13 4.247 github.com/go-redis/redis/internal/consistenthash
#13 4.260 go.opencensus.io/stats/internal
#13 4.262 github.com/go-spatial/tegola/maths
#13 4.269 github.com/go-redis/redis/internal/hashtag
#13 4.276 golang.org/x/oauth2
#13 4.278 go.uber.org/multierr
#13 4.284 google.golang.org/grpc/connectivity
#13 4.284 google.golang.org/grpc/internal/credentials
#13 4.284 google.golang.org/api/transport/cert
#13 4.286 google.golang.org/grpc/internal/googlecloud
#13 4.296 github.com/google/go-cmp/cmp
#13 4.300 github.com/go-redis/redis/internal/singleflight
#13 4.301 github.com/aws/aws-sdk-go/aws/awserr
#13 4.318 go.uber.org/zap/internal/bufferpool
#13 4.344 go.opencensus.io/stats
#13 4.351 github.com/aws/aws-sdk-go/internal/shareddefaults
#13 4.362 github.com/aws/aws-sdk-go/internal/sdkio
#13 4.362 github.com/aws/aws-sdk-go/internal/sdkrand
#13 4.363 github.com/jmespath/go-jmespath
#13 4.394 github.com/aws/aws-sdk-go/internal/sdkuri
#13 4.402 github.com/aws/aws-sdk-go/aws/arn
#13 4.420 github.com/go-spatial/tegola/internal/p
#13 4.438 github.com/beorn7/perks/quantile
#13 4.452 golang.org/x/oauth2/authhandler
#13 4.465 golang.org/x/oauth2/jwt
#13 4.465 golang.org/x/oauth2/google/internal/externalaccount
#13 4.472 google.golang.org/api/internal/impersonate
#13 4.473 github.com/go-redis/redis/internal/proto
#13 4.491 github.com/aws/aws-sdk-go/internal/ini
#13 4.495 github.com/aws/aws-sdk-go/aws/endpoints
#13 4.495 go.uber.org/zap/zapcore
#13 4.512 github.com/cespare/xxhash/v2
#13 4.523 github.com/prometheus/common/internal/bitbucket.org/ww/goautoneg
#13 4.531 google.golang.org/protobuf/internal/encoding/messageset
#13 4.532 google.golang.org/protobuf/internal/strs
#13 4.544 google.golang.org/protobuf/internal/genid
#13 4.549 google.golang.org/protobuf/internal/order
#13 4.556 google.golang.org/protobuf/runtime/protoiface
#13 4.567 google.golang.org/protobuf/internal/descfmt
#13 4.621 google.golang.org/protobuf/internal/descopts
#13 4.635 go.opencensus.io/stats/view
#13 4.635 go.opencensus.io/trace/propagation
#13 4.639 github.com/aws/aws-sdk-go/service/s3/internal/arn
#13 4.648 github.com/go-spatial/tegola/internal/env
#13 4.667 github.com/go-redis/redis/internal/pool
#13 4.710 github.com/prometheus/common/model
#13 4.711 google.golang.org/protobuf/internal/encoding/text
#13 4.727 google.golang.org/protobuf/internal/encoding/json
#13 4.749 github.com/prometheus/procfs/internal/fs
#13 4.779 github.com/prometheus/procfs/internal/util
#13 4.786 github.com/go-spatial/tegola/maths/lines
#13 4.792 github.com/ajstarks/svgo
#13 4.801 google.golang.org/protobuf/reflect/protoregistry
#13 4.812 go.opencensus.io/plugin/ochttp/propagation/b3
#13 4.847 google.golang.org/api/transport/http/internal/propagation
#13 4.870 google.golang.org/grpc/internal/syscall
#13 4.906 github.com/go-spatial/tegola/basic
#13 4.928 github.com/go-spatial/tegola/cache
#13 4.939 github.com/aws/aws-sdk-go/aws/awsutil
#13 4.951 golang.org/x/oauth2/google
#13 4.955 golang.org/x/net/idna
#13 4.969 github.com/go-spatial/tegola/maths/points
#13 4.974 github.com/go-redis/redis
#13 4.981 github.com/pborman/uuid
#13 4.983 github.com/aws/aws-sdk-go/aws/credentials
#13 5.002 github.com/go-spatial/geom/encoding/wkb/internal/decode
#13 5.012 github.com/go-spatial/geom/encoding/wkb/internal/encode
#13 5.022 go.opencensus.io/plugin/ochttp
#13 5.025 github.com/prometheus/procfs
#13 5.030 github.com/BurntSushi/toml/internal
#13 5.092 github.com/go-spatial/tegola/cache/file
#13 5.121 github.com/BurntSushi/toml
#13 5.158 github.com/jackc/chunkreader/v2
#13 5.167 github.com/jackc/pgio
#13 5.167 github.com/gofrs/uuid
#13 5.197 github.com/jackc/pgconn/internal/ctxwatch
#13 5.209 github.com/go-spatial/geom/encoding/wkb
#13 5.212 google.golang.org/protobuf/proto
#13 5.235 google.golang.org/protobuf/internal/encoding/defval
#13 5.235 github.com/aws/aws-sdk-go/aws/credentials/processcreds
#13 5.244 github.com/jackc/pgpassfile
#13 5.279 github.com/jackc/pgservicefile
#13 5.299 golang.org/x/crypto/pbkdf2
#13 5.300 golang.org/x/text/internal/tag
#13 5.303 golang.org/x/text/runes
#13 5.315 github.com/mattn/go-sqlite3
#13 5.351 golang.org/x/text/width
#13 5.361 github.com/jackc/pgproto3/v2
#13 5.370 github.com/jackc/pgtype
#13 5.382 github.com/jackc/pgx/v4/internal/sanitize
#13 5.413 github.com/go-spatial/tegola/internal/convert
#13 5.414 github.com/go-spatial/tegola/maths/simplify
#13 5.416 github.com/go-spatial/tegola/maths/clip
#13 5.422 go.uber.org/zap
#13 5.424 golang.org/x/text/internal/language
#13 5.452 github.com/jackc/puddle
#13 5.470 github.com/go-spatial/tegola/internal/cmd
#13 5.471 github.com/dimfeld/httptreemux
#13 5.473 gopkg.in/go-playground/colors.v1
#13 5.645 github.com/go-spatial/tegola/maths/hitmap
#13 5.723 golang.org/x/net/http/httpguts
#13 5.757 google.golang.org/protobuf/encoding/prototext
#13 5.759 google.golang.org/protobuf/internal/filedesc
#13 5.794 github.com/go-spatial/tegola/maths/makevalid/plyg
#13 5.897 golang.org/x/net/http2
#13 6.217 golang.org/x/text/internal/language/compact
#13 6.263 github.com/go-spatial/tegola/maths/makevalid
#13 6.364 golang.org/x/text/language
#13 6.374 github.com/go-spatial/tegola/internal/log
#13 6.455 github.com/go-spatial/tegola/maths/validate
#13 6.483 google.golang.org/protobuf/internal/encoding/tag
#13 6.484 google.golang.org/protobuf/encoding/protojson
#13 6.558 github.com/go-spatial/tegola/ui
#13 6.559 github.com/go-spatial/tegola/provider
#13 6.598 google.golang.org/protobuf/internal/impl
#13 6.639 github.com/go-spatial/tegola/internal/build
#13 6.664 golang.org/x/text/internal
#13 6.738 github.com/go-spatial/tegola/provider/debug
#13 6.738 github.com/go-spatial/tegola/config
#13 6.766 golang.org/x/text/cases
#13 6.867 github.com/go-spatial/tegola/cache/azblob
#13 7.102 golang.org/x/text/secure/precis
#13 7.333 github.com/go-spatial/tegola/cache/redis
#13 7.360 github.com/aws/aws-sdk-go/aws
#13 7.477 github.com/jackc/pgconn
#13 7.568 github.com/aws/aws-sdk-go/private/protocol/eventstream
#13 7.569 github.com/aws/aws-sdk-go/aws/request
#13 7.859 github.com/jackc/pgconn/stmtcache
#13 7.933 github.com/aws/aws-sdk-go/internal/s3err
#13 7.934 github.com/aws/aws-sdk-go/aws/corehandlers
#13 7.934 github.com/aws/aws-sdk-go/aws/client
#13 7.934 github.com/aws/aws-sdk-go/aws/csm
#13 7.934 github.com/aws/aws-sdk-go/private/protocol
#13 8.062 github.com/aws/aws-sdk-go/aws/ec2metadata
#13 8.087 github.com/aws/aws-sdk-go/private/protocol/query/queryutil
#13 8.087 github.com/aws/aws-sdk-go/private/protocol/rest
#13 8.087 github.com/aws/aws-sdk-go/private/protocol/xml/xmlutil
#13 8.087 github.com/aws/aws-sdk-go/private/protocol/json/jsonutil
#13 8.088 github.com/aws/aws-sdk-go/private/protocol/eventstream/eventstreamapi
#13 8.095 google.golang.org/protobuf/internal/filetype
#13 8.209 github.com/aws/aws-sdk-go/aws/credentials/ec2rolecreds
#13 8.235 google.golang.org/protobuf/runtime/protoimpl
#13 8.268 github.com/aws/aws-sdk-go/aws/credentials/endpointcreds
#13 8.303 github.com/aws/aws-sdk-go/private/protocol/query
#13 8.319 github.com/aws/aws-sdk-go/aws/signer/v4
#13 8.345 google.golang.org/genproto/googleapis/rpc/code
#13 8.345 google.golang.org/protobuf/types/known/anypb
#13 8.345 google.golang.org/protobuf/types/known/durationpb
#13 8.345 google.golang.org/genproto/googleapis/type/expr
#13 8.345 google.golang.org/protobuf/types/known/timestamppb
#13 8.345 google.golang.org/protobuf/types/known/fieldmaskpb
#13 8.345 google.golang.org/protobuf/types/known/emptypb
#13 8.345 google.golang.org/genproto/googleapis/type/date
#13 8.346 google.golang.org/protobuf/types/descriptorpb
#13 8.354 github.com/jackc/pgtype/ext/gofrs-uuid
#13 8.355 github.com/jackc/pgx/v4
#13 8.372 github.com/aws/aws-sdk-go/aws/defaults
#13 8.414 github.com/aws/aws-sdk-go/private/protocol/restxml
#13 8.449 github.com/golang/protobuf/ptypes/empty
#13 8.464 github.com/golang/protobuf/ptypes/duration
#13 8.464 google.golang.org/genproto/googleapis/rpc/errdetails
#13 8.477 github.com/golang/protobuf/ptypes/timestamp
#13 8.502 github.com/golang/protobuf/ptypes/any
#13 8.502 google.golang.org/genproto/googleapis/rpc/status
#13 8.502 github.com/googleapis/gax-go/v2/apierror/internal/proto
#13 8.541 github.com/aws/aws-sdk-go/service/sts
#13 8.541 google.golang.org/genproto/protobuf/field_mask
#13 8.549 github.com/aws/aws-sdk-go/service/s3
#13 8.723 google.golang.org/protobuf/reflect/protodesc
#13 8.723 google.golang.org/genproto/googleapis/api/annotations
#13 8.731 github.com/jackc/pgx/v4/pgxpool
#13 8.804 github.com/aws/aws-sdk-go/service/sts/stsiface
#13 8.979 github.com/aws/aws-sdk-go/aws/credentials/stscreds
#13 9.038 github.com/golang/protobuf/proto
#13 9.068 github.com/aws/aws-sdk-go/aws/session
#13 9.376 google.golang.org/grpc/encoding/proto
#13 9.376 github.com/go-spatial/geom/encoding/mvt/vector_tile
#13 9.376 github.com/matttproud/golang_protobuf_extensions/pbutil
#13 9.376 google.golang.org/grpc/credentials
#13 9.376 github.com/golang/protobuf/ptypes
#13 9.376 github.com/prometheus/client_model/go
#13 9.377 github.com/golang/protobuf/jsonpb
#13 9.377 google.golang.org/grpc/binarylog/grpc_binarylog_v1
#13 9.493 github.com/go-spatial/geom/encoding/mvt
#13 9.530 google.golang.org/grpc/internal/status
#13 9.536 google.golang.org/grpc/credentials/alts/internal
#13 9.536 google.golang.org/grpc/peer
#13 9.536 google.golang.org/grpc/credentials/oauth
#13 9.536 google.golang.org/grpc/credentials/insecure
#13 9.536 google.golang.org/grpc/internal/channelz
#13 9.585 github.com/prometheus/client_golang/prometheus/internal
#13 9.587 github.com/prometheus/common/expfmt
#13 9.627 google.golang.org/grpc/credentials/alts/internal/conn
#13 9.648 google.golang.org/grpc/status
#13 9.718 google.golang.org/grpc/internal/pretty
#13 9.764 cloud.google.com/go/internal/trace
#13 9.764 github.com/googleapis/gax-go/v2/apierror
#13 9.765 google.golang.org/grpc/internal/binarylog
#13 9.765 go.opencensus.io/plugin/ocgrpc
#13 9.789 google.golang.org/grpc/resolver
#13 9.831 google.golang.org/grpc/channelz
#13 9.887 google.golang.org/grpc/balancer/grpclb/state
#13 9.887 google.golang.org/grpc/internal/metadata
#13 9.887 google.golang.org/grpc/internal/resolver/passthrough
#13 9.887 google.golang.org/grpc/internal/transport/networktype
#13 9.888 google.golang.org/grpc/internal
#13 9.932 github.com/prometheus/client_golang/prometheus
#13 9.956 google.golang.org/grpc/internal/resolver/unix
#13 9.966 google.golang.org/grpc/internal/resolver/dns
#13 9.995 google.golang.org/grpc/balancer
#13 10.01 google.golang.org/grpc/internal/transport
#13 10.07 google.golang.org/grpc/internal/serviceconfig
#13 10.07 google.golang.org/grpc/balancer/base
#13 10.14 google.golang.org/grpc/internal/resolver
#13 10.18 google.golang.org/grpc/balancer/roundrobin
#13 10.18 google.golang.org/grpc/internal/balancer/gracefulswitch
#13 10.48 github.com/go-spatial/tegola/internal/observer
#13 10.48 github.com/prometheus/client_golang/prometheus/push
#13 10.48 github.com/prometheus/client_golang/prometheus/promhttp
#13 10.57 github.com/go-spatial/tegola/observability
#13 10.68 github.com/go-spatial/tegola/provider/postgis
#13 10.69 google.golang.org/grpc
#13 10.88 github.com/go-spatial/tegola/cache/s3
#13 10.93 github.com/go-spatial/tegola/observability/prometheus
#13 11.41 google.golang.org/api/internal
#13 11.41 google.golang.org/grpc/credentials/alts/internal/handshaker/service
#13 11.41 github.com/googleapis/gax-go/v2
#13 11.41 google.golang.org/grpc/balancer/grpclb/grpc_lb_v1
#13 11.41 google.golang.org/genproto/googleapis/iam/v1
#13 11.41 google.golang.org/grpc/credentials/alts/internal/proto/grpc_gcp
#13 11.54 cloud.google.com/go/internal
#13 11.55 google.golang.org/api/transport/internal/dca
#13 11.55 google.golang.org/api/option
#13 11.56 google.golang.org/api/internal/gensupport
#13 11.63 google.golang.org/grpc/balancer/grpclb
#13 11.67 cloud.google.com/go/iam
#13 11.68 cloud.google.com/go/storage/internal/apiv2/stubs
#13 11.70 google.golang.org/grpc/credentials/alts/internal/authinfo
#13 11.70 google.golang.org/api/transport/http
#13 11.70 google.golang.org/api/option/internaloption
#13 11.79 google.golang.org/grpc/credentials/alts/internal/handshaker
#13 11.86 google.golang.org/api/iamcredentials/v1
#13 11.87 google.golang.org/api/storage/v1
#13 11.92 google.golang.org/grpc/credentials/alts
#13 12.05 google.golang.org/grpc/credentials/google
#13 12.12 google.golang.org/api/transport/grpc
#13 12.35 google.golang.org/api/transport
#13 12.46 cloud.google.com/go/storage/internal/apiv2
#13 12.81 cloud.google.com/go/storage
#13 13.69 github.com/go-spatial/tegola/cache/gcs
#13 75.86 github.com/go-spatial/tegola/provider/gpkg
#13 76.00 github.com/go-spatial/tegola/atlas
#13 76.18 github.com/go-spatial/tegola/cmd/internal/register
#13 76.18 github.com/go-spatial/tegola/cmd/tegola/cmd/cache
#13 76.18 github.com/go-spatial/tegola/server
#13 76.40 github.com/go-spatial/tegola/cmd/tegola/cmd
#13 76.52 github.com/go-spatial/tegola/cmd/tegola
#13 DONE 79.8s

#14 [stage-1 3/4] COPY --from=build /opt/tegola /opt/
#14 DONE 0.9s

#15 [stage-1 4/4] WORKDIR /opt
#15 DONE 0.4s

#16 exporting to image
#16 exporting layers
#16 exporting layers 0.6s done
#16 writing image sha256:bddef3b9ab907021b380c0264da2654fea81f0d797b989f77416c7cb7e6b5ead 0.0s done
#16 naming to docker.io/library/image_name_v1_1 0.0s done
#16 DONE 0.7s
Duration: 2:5.19