#0 building with "default" instance using docker driver

#1 [internal] load .dockerignore
#1 transferring context:
#1 ...

#2 [internal] load build definition from v3_Dockerfile
#2 transferring dockerfile: 410B done
#2 DONE 0.4s

#1 [internal] load .dockerignore
#1 transferring context: 167B done
#1 DONE 0.5s

#3 [internal] load metadata for docker.io/library/node:8.12-alpine
#3 ...

#4 [auth] library/nginx:pull token for registry-1.docker.io
#4 DONE 0.0s

#5 [auth] library/node:pull token for registry-1.docker.io
#5 DONE 0.0s

#6 [internal] load metadata for docker.io/library/nginx:latest
#6 ...

#3 [internal] load metadata for docker.io/library/node:8.12-alpine
#3 DONE 1.8s

#6 [internal] load metadata for docker.io/library/nginx:latest
#6 DONE 2.0s

#7 [internal] load build context
#7 DONE 0.0s

#8 [stage-1 1/3] FROM docker.io/library/nginx@sha256:6af79ae5de407283dcea8b00d5c37ace95441fd58a8b1d2aa1ed93f5511bb18c
#8 resolve docker.io/library/nginx@sha256:6af79ae5de407283dcea8b00d5c37ace95441fd58a8b1d2aa1ed93f5511bb18c
#8 resolve docker.io/library/nginx@sha256:6af79ae5de407283dcea8b00d5c37ace95441fd58a8b1d2aa1ed93f5511bb18c 0.4s done
#8 sha256:6af79ae5de407283dcea8b00d5c37ace95441fd58a8b1d2aa1ed93f5511bb18c 10.27kB / 10.27kB done
#8 sha256:baa881b012a49e3c2cd6ab9d80f9fcd2962a98af8ede947d0ef930a427b28afc 2.29kB / 2.29kB done
#8 sha256:a72860cb95fd59e9c696c66441c64f18e66915fa26b249911e83c3854477ed9a 7.30kB / 7.30kB done
#8 ...

#7 [internal] load build context
#7 transferring context: 1.97MB 0.1s done
#7 DONE 0.5s

#9 [builder 1/9] FROM docker.io/library/node:8.12-alpine@sha256:d75742c5fd41261113ed4706f961a21238db84648c825a5126ada373c361f46e
#9 resolve docker.io/library/node:8.12-alpine@sha256:d75742c5fd41261113ed4706f961a21238db84648c825a5126ada373c361f46e 0.4s done
#9 sha256:d75742c5fd41261113ed4706f961a21238db84648c825a5126ada373c361f46e 2.03kB / 2.03kB done
#9 sha256:81abb8de1e5e8b6e55bca143b3c2ec1e2d167cb27fd2cd3191a0d222f7c5e710 951B / 951B done
#9 sha256:df48b68da02a3ac8e7df87a5024808ef969852db941c93346352f673bb135e27 5.09kB / 5.09kB done
#9 sha256:4fe2ade4980c2dda4fc95858ebb981489baec8c1e4bd282ab1c3560be8ff9bde 2.21MB / 2.21MB 0.4s done
#9 sha256:e35f88fcc25962e9894d7e7da2b79ec9ce1b503ef2fe0e800bad87bcb2438319 1.08MB / 1.08MB 0.4s
#9 sha256:eeb7d76f44e71e809d68e84491576534c80dea0b607501e1f476b6949124d646 0B / 18.82MB 0.4s
#9 extracting sha256:4fe2ade4980c2dda4fc95858ebb981489baec8c1e4bd282ab1c3560be8ff9bde
#9 sha256:e35f88fcc25962e9894d7e7da2b79ec9ce1b503ef2fe0e800bad87bcb2438319 1.08MB / 1.08MB 0.5s done
#9 sha256:eeb7d76f44e71e809d68e84491576534c80dea0b607501e1f476b6949124d646 9.44MB / 18.82MB 0.6s
#9 sha256:eeb7d76f44e71e809d68e84491576534c80dea0b607501e1f476b6949124d646 13.63MB / 18.82MB 0.7s
#9 sha256:eeb7d76f44e71e809d68e84491576534c80dea0b607501e1f476b6949124d646 18.82MB / 18.82MB 0.9s
#9 extracting sha256:4fe2ade4980c2dda4fc95858ebb981489baec8c1e4bd282ab1c3560be8ff9bde 0.7s done
#9 sha256:eeb7d76f44e71e809d68e84491576534c80dea0b607501e1f476b6949124d646 18.82MB / 18.82MB 1.2s done
#9 extracting sha256:eeb7d76f44e71e809d68e84491576534c80dea0b607501e1f476b6949124d646
#9 extracting sha256:eeb7d76f44e71e809d68e84491576534c80dea0b607501e1f476b6949124d646 4.3s done
#9 extracting sha256:e35f88fcc25962e9894d7e7da2b79ec9ce1b503ef2fe0e800bad87bcb2438319
#9 extracting sha256:e35f88fcc25962e9894d7e7da2b79ec9ce1b503ef2fe0e800bad87bcb2438319 0.8s done
#9 ...

#8 [stage-1 1/3] FROM docker.io/library/nginx@sha256:6af79ae5de407283dcea8b00d5c37ace95441fd58a8b1d2aa1ed93f5511bb18c
#8 sha256:8fe9a55eb80f3167f7b3a9c39f90b9eacf833841e5a9f8d60c51f4d2400154a3 41.83MB / 41.83MB 2.5s done
#8 sha256:efc2b5ad9eec05befa54239d53feeae3569ccbef689aa5e5dbfc25da6c4df559 29.13MB / 29.13MB 3.1s done
#8 sha256:045037a63be803c1d446a5239439580a49cd8a8682a5addf4f03b2c1638948a4 627B / 627B 1.5s done
#8 sha256:7111b42b4bfa1b5273abcc4b138983f48f9cb96bb3f896a6cb36af3dade80383 955B / 955B 1.7s done
#8 sha256:3dfc528a4df9e1be9b2817271a35cef87f001e699e5b8ef944640b383ca27e1f 394B / 394B 3.1s done
#8 sha256:9e891cdb453be97c53e1ddbe4b955ee71099f18f16e68e7010c33662aaa944bf 1.21kB / 1.21kB 3.2s done
#8 sha256:0f11e17345c583a30e9cc89b80b1423b7b52b0e36cda9a6dc5de587ecf6ed54c 1.40kB / 1.40kB 3.4s done
#8 extracting sha256:efc2b5ad9eec05befa54239d53feeae3569ccbef689aa5e5dbfc25da6c4df559 3.7s
#8 ...

#9 [builder 1/9] FROM docker.io/library/node:8.12-alpine@sha256:d75742c5fd41261113ed4706f961a21238db84648c825a5126ada373c361f46e
#9 DONE 10.3s

#8 [stage-1 1/3] FROM docker.io/library/nginx@sha256:6af79ae5de407283dcea8b00d5c37ace95441fd58a8b1d2aa1ed93f5511bb18c
#8 ...

#10 [builder 2/9] RUN apk add g++ make python
#10 1.437 fetch http://dl-cdn.alpinelinux.org/alpine/v3.8/main/x86_64/APKINDEX.tar.gz
#10 1.977 fetch http://dl-cdn.alpinelinux.org/alpine/v3.8/community/x86_64/APKINDEX.tar.gz
#10 2.350 (1/26) Upgrading musl (1.1.19-r10 -> 1.1.19-r11)
#10 2.375 (2/26) Upgrading libstdc++ (6.4.0-r8 -> 6.4.0-r9)
#10 2.419 (3/26) Installing binutils (2.30-r6)
#10 2.963 (4/26) Installing gmp (6.1.2-r1)
#10 2.983 (5/26) Installing isl (0.18-r0)
#10 3.033 (6/26) Installing libgomp (6.4.0-r9)
#10 3.069 (7/26) Installing libatomic (6.4.0-r9)
#10 3.082 (8/26) Installing pkgconf (1.5.3-r0)
#10 3.086 (9/26) Installing mpfr3 (3.1.5-r1)
#10 3.100 (10/26) Installing mpc1 (1.0.3-r1)
#10 3.108 (11/26) Installing gcc (6.4.0-r9)
#10 5.246 (12/26) Installing musl-dev (1.1.19-r11)
#10 5.713 (13/26) Installing libc-dev (0.7.1-r0)
#10 5.715 (14/26) Installing g++ (6.4.0-r9)
#10 ...

#8 [stage-1 1/3] FROM docker.io/library/nginx@sha256:6af79ae5de407283dcea8b00d5c37ace95441fd58a8b1d2aa1ed93f5511bb18c
#8 extracting sha256:efc2b5ad9eec05befa54239d53feeae3569ccbef689aa5e5dbfc25da6c4df559 7.0s done
#8 extracting sha256:8fe9a55eb80f3167f7b3a9c39f90b9eacf833841e5a9f8d60c51f4d2400154a3 5.2s
#8 extracting sha256:8fe9a55eb80f3167f7b3a9c39f90b9eacf833841e5a9f8d60c51f4d2400154a3 5.6s done
#8 extracting sha256:045037a63be803c1d446a5239439580a49cd8a8682a5addf4f03b2c1638948a4 0.0s done
#8 extracting sha256:7111b42b4bfa1b5273abcc4b138983f48f9cb96bb3f896a6cb36af3dade80383 done
#8 extracting sha256:3dfc528a4df9e1be9b2817271a35cef87f001e699e5b8ef944640b383ca27e1f 0.0s done
#8 extracting sha256:9e891cdb453be97c53e1ddbe4b955ee71099f18f16e68e7010c33662aaa944bf done
#8 ...

#10 [builder 2/9] RUN apk add g++ make python
#10 9.419 (15/26) Upgrading musl-utils (1.1.19-r10 -> 1.1.19-r11)
#10 9.437 (16/26) Installing make (4.2.1-r2)
#10 9.454 (17/26) Installing libbz2 (1.0.6-r7)
#10 9.469 (18/26) Installing expat (2.2.8-r0)
#10 9.475 (19/26) Installing libffi (3.2.1-r4)
#10 9.485 (20/26) Installing gdbm (1.13-r1)
#10 9.496 (21/26) Installing ncurses-terminfo-base (6.1_p20180818-r1)
#10 9.510 (22/26) Installing ncurses-terminfo (6.1_p20180818-r1)
#10 10.60 (23/26) Installing ncurses-libs (6.1_p20180818-r1)
#10 10.63 (24/26) Installing readline (7.0.003-r0)
#10 10.65 (25/26) Installing sqlite-libs (3.25.3-r4)
#10 10.69 (26/26) Installing python2 (2.7.15-r3)
#10 ...

#8 [stage-1 1/3] FROM docker.io/library/nginx@sha256:6af79ae5de407283dcea8b00d5c37ace95441fd58a8b1d2aa1ed93f5511bb18c
#8 extracting sha256:0f11e17345c583a30e9cc89b80b1423b7b52b0e36cda9a6dc5de587ecf6ed54c 0.0s done
#8 DONE 21.6s

#11 [stage-1 2/3] COPY nginx.conf /etc/nginx/
#11 DONE 21.2s

#10 [builder 2/9] RUN apk add g++ make python
#10 32.49 Executing busybox-1.28.4-r1.trigger
#10 32.55 OK: 207 MiB in 38 packages
#10 DONE 33.0s

#12 [builder 3/9] WORKDIR /app
#12 DONE 0.5s

#13 [builder 4/9] COPY ./package.json ./
#13 DONE 0.6s

#14 [builder 5/9] RUN npm i node-sass --sass_binary_site=https://npm.taobao.org/mirrors/node-sass/
#14 5.409 npm WARN deprecated node-sass@4.14.1: Node Sass is no longer supported. Please use `sass` or `sass-embedded` instead.
#14 6.761 npm WARN deprecated npmlog@4.1.2: This package is no longer supported.
#14 7.038 npm WARN deprecated request@2.88.2: request has been deprecated, see https://github.com/request/request/issues/3142
#14 7.146 npm WARN deprecated glob@7.2.3: Glob versions prior to v9 are no longer supported
#14 8.629 npm WARN deprecated glob@7.1.7: Glob versions prior to v9 are no longer supported
#14 8.892 npm WARN deprecated inflight@1.0.6: This module is not supported, and leaks memory. Do not use it. Check out lru-cache if you want a good and tested way to coalesce async requests by a key value, which is much more comprehensive and powerful.
#14 14.22 npm WARN deprecated osenv@0.1.5: This package is no longer supported.
#14 14.24 npm WARN deprecated fstream@1.0.12: This package is no longer supported.
#14 14.24 npm WARN deprecated rimraf@2.7.1: Rimraf versions prior to v4 are no longer supported
#14 14.24 npm WARN deprecated tar@2.2.2: This version of tar is no longer supported, and will not receive security updates. Please upgrade asap.
#14 14.77 npm WARN deprecated gauge@2.7.4: This package is no longer supported.
#14 14.77 npm WARN deprecated are-we-there-yet@1.1.7: This package is no longer supported.
#14 16.70 npm WARN deprecated har-validator@5.1.5: this library is no longer supported
#14 17.15 npm WARN deprecated uuid@3.4.0: Please upgrade  to version 7 or higher.  Older versions may use Math.random() in certain circumstances, which is known to be problematic.  See https://v8.dev/blog/math-random for details.
#14 34.90 
#14 34.90 > node-sass@4.14.1 install /app/node_modules/node-sass
#14 34.90 > node scripts/install.js
#14 34.90 
#14 36.05 Downloading binary from https://npm.taobao.org/mirrors/node-sass//v4.14.1/linux_musl-x64-57_binding.node
#14 37.60 Cannot download "https://npm.taobao.org/mirrors/node-sass//v4.14.1/linux_musl-x64-57_binding.node": 
#14 37.60 
#14 37.60 HTTP error 404 Not Found
#14 37.60 
#14 37.60 Hint: If github.com is not accessible in your location
#14 37.60       try setting a proxy via HTTP_PROXY, e.g. 
#14 37.60 
#14 37.60       export HTTP_PROXY=http://example.com:1234
#14 37.60 
#14 37.60 or configure npm proxy via
#14 37.60 
#14 37.60       npm config set proxy http://example.com:8080
#14 37.91 
#14 37.91 > node-sass@4.14.1 postinstall /app/node_modules/node-sass
#14 37.91 > node scripts/build.js
#14 37.91 
#14 38.49 Building: /usr/local/bin/node /app/node_modules/node-gyp/bin/node-gyp.js rebuild --verbose --libsass_ext= --libsass_cflags= --libsass_ldflags= --libsass_library=
#14 39.26 gyp info it worked if it ends with ok
#14 39.28 gyp verb cli [ '/usr/local/bin/node',
#14 39.28 gyp verb cli   '/app/node_modules/node-gyp/bin/node-gyp.js',
#14 39.28 gyp verb cli   'rebuild',
#14 39.28 gyp verb cli   '--verbose',
#14 39.28 gyp verb cli   '--libsass_ext=',
#14 39.28 gyp verb cli   '--libsass_cflags=',
#14 39.28 gyp verb cli   '--libsass_ldflags=',
#14 39.28 gyp verb cli   '--libsass_library=' ]
#14 39.28 gyp info using node-gyp@3.8.0
#14 39.28 gyp info using node@8.12.0 | linux | x64
#14 39.28 gyp verb command rebuild []
#14 39.29 gyp verb command clean []
#14 39.33 gyp verb clean removing "build" directory
#14 39.36 gyp verb command configure []
#14 39.41 gyp verb check python checking for Python executable "python2" in the PATH
#14 39.44 gyp verb `which` succeeded python2 /usr/bin/python2
#14 39.53 gyp verb check python version `/usr/bin/python2 -c "import sys; print "2.7.15
#14 39.53 gyp verb check python version .%s.%s" % sys.version_info[:3];"` returned: %j
#14 39.56 gyp verb get node dir no --target version specified, falling back to host node version: 8.12.0
#14 39.56 gyp verb command install [ '8.12.0' ]
#14 40.12 gyp verb install input version string "8.12.0"
#14 40.12 gyp verb install installing version: 8.12.0
#14 40.12 gyp verb install --ensure was passed, so won't reinstall if already installed
#14 40.12 gyp verb install version not already installed, continuing with install 8.12.0
#14 40.12 gyp verb ensuring nodedir is created /root/.node-gyp/8.12.0
#14 40.13 gyp verb created nodedir /root/.node-gyp
#14 40.14 gyp http GET https://nodejs.org/download/release/v8.12.0/node-v8.12.0-headers.tar.gz
#14 40.28 gyp http 200 https://nodejs.org/download/release/v8.12.0/node-v8.12.0-headers.tar.gz
#14 40.32 gyp verb extracted file from tarball include/node/android-ifaddrs.h
#14 40.33 gyp verb extracted file from tarball include/node/common.gypi
#14 40.34 gyp verb extracted file from tarball include/node/config.gypi
#14 40.34 gyp verb extracted file from tarball include/node/node.h
#14 40.35 gyp verb extracted file from tarball include/node/node_api.h
#14 40.35 gyp verb extracted file from tarball include/node/node_api_types.h
#14 40.35 gyp verb extracted file from tarball include/node/node_buffer.h
#14 40.35 gyp verb extracted file from tarball include/node/node_object_wrap.h
#14 40.36 gyp verb extracted file from tarball include/node/node_version.h
#14 40.36 gyp verb extracted file from tarball include/node/pthread-barrier.h
#14 40.36 gyp verb extracted file from tarball include/node/stdint-msvc2008.h
#14 40.36 gyp verb extracted file from tarball include/node/tree.h
#14 40.37 gyp verb extracted file from tarball include/node/uv-aix.h
#14 40.38 gyp verb extracted file from tarball include/node/uv-bsd.h
#14 40.41 gyp verb extracted file from tarball include/node/uv-darwin.h
#14 40.42 gyp verb extracted file from tarball include/node/uv-errno.h
#14 40.43 gyp verb extracted file from tarball include/node/uv-linux.h
#14 40.43 gyp verb extracted file from tarball include/node/uv-os390.h
#14 40.44 gyp verb extracted file from tarball include/node/uv-posix.h
#14 40.44 gyp verb extracted file from tarball include/node/uv-sunos.h
#14 40.44 gyp verb extracted file from tarball include/node/uv-threadpool.h
#14 40.44 gyp verb extracted file from tarball include/node/uv-unix.h
#14 40.45 gyp verb extracted file from tarball include/node/uv-version.h
#14 40.48 gyp verb extracted file from tarball include/node/uv-win.h
#14 40.48 gyp verb extracted file from tarball include/node/uv.h
#14 40.49 gyp verb extracted file from tarball include/node/v8-debug.h
#14 40.51 gyp verb extracted file from tarball include/node/v8-inspector-protocol.h
#14 40.52 gyp verb extracted file from tarball include/node/v8-inspector.h
#14 40.52 gyp verb extracted file from tarball include/node/v8-platform.h
#14 40.52 gyp verb extracted file from tarball include/node/v8-profiler.h
#14 40.53 gyp verb extracted file from tarball include/node/v8-testing.h
#14 40.54 gyp verb extracted file from tarball include/node/v8-util.h
#14 40.60 gyp verb extracted file from tarball include/node/v8-value-serializer-version.h
#14 40.62 gyp verb extracted file from tarball include/node/v8-version-string.h
#14 40.62 gyp verb extracted file from tarball include/node/v8-version.h
#14 40.62 gyp verb extracted file from tarball include/node/v8.h
#14 40.71 gyp verb extracted file from tarball include/node/v8config.h
#14 40.71 gyp verb extracted file from tarball include/node/zconf.h
#14 40.72 gyp verb extracted file from tarball include/node/zlib.h
#14 40.73 gyp verb extracted file from tarball include/node/openssl/aes.h
#14 40.73 gyp verb extracted file from tarball include/node/openssl/asn1.h
#14 40.74 gyp verb extracted file from tarball include/node/openssl/asn1_mac.h
#14 40.74 gyp verb extracted file from tarball include/node/openssl/asn1t.h
#14 40.76 gyp verb extracted file from tarball include/node/openssl/bio.h
#14 40.76 gyp verb extracted file from tarball include/node/openssl/blowfish.h
#14 40.78 gyp verb extracted file from tarball include/node/openssl/bn.h
#14 40.78 gyp verb content checksum node-v8.12.0-headers.tar.gz 68768e555161e54795fb61ac3de3de0933638f6356a8cead097b34eab16a1aa3
#14 40.78 gyp verb extracted file from tarball include/node/openssl/buffer.h
#14 40.79 gyp verb extracted file from tarball include/node/openssl/camellia.h
#14 40.79 gyp verb extracted file from tarball include/node/openssl/cast.h
#14 40.79 gyp verb extracted file from tarball include/node/openssl/cmac.h
#14 40.79 gyp verb extracted file from tarball include/node/openssl/cms.h
#14 40.80 gyp verb extracted file from tarball include/node/openssl/comp.h
#14 40.80 gyp verb extracted file from tarball include/node/openssl/conf.h
#14 40.80 gyp verb extracted file from tarball include/node/openssl/conf_api.h
#14 40.80 gyp verb extracted file from tarball include/node/openssl/crypto.h
#14 40.80 gyp verb extracted file from tarball include/node/openssl/des.h
#14 40.80 gyp verb extracted file from tarball include/node/openssl/des_old.h
#14 40.81 gyp verb extracted file from tarball include/node/openssl/dh.h
#14 40.82 gyp verb extracted file from tarball include/node/openssl/dsa.h
#14 40.83 gyp verb extracted file from tarball include/node/openssl/dso.h
#14 40.85 gyp verb extracted file from tarball include/node/openssl/dtls1.h
#14 40.85 gyp verb extracted file from tarball include/node/openssl/e_os2.h
#14 40.85 gyp verb extracted file from tarball include/node/openssl/ebcdic.h
#14 40.86 gyp verb extracted file from tarball include/node/openssl/ec.h
#14 40.87 gyp verb extracted file from tarball include/node/openssl/ecdh.h
#14 40.87 gyp verb extracted file from tarball include/node/openssl/ecdsa.h
#14 40.87 gyp verb extracted file from tarball include/node/openssl/engine.h
#14 40.87 gyp verb extracted file from tarball include/node/openssl/err.h
#14 40.88 gyp verb extracted file from tarball include/node/openssl/evp.h
#14 40.88 gyp verb extracted file from tarball include/node/openssl/hmac.h
#14 40.88 gyp verb extracted file from tarball include/node/openssl/idea.h
#14 40.88 gyp verb extracted file from tarball include/node/openssl/krb5_asn.h
#14 40.88 gyp verb extracted file from tarball include/node/openssl/kssl.h
#14 40.88 gyp verb extracted file from tarball include/node/openssl/lhash.h
#14 40.88 gyp verb extracted file from tarball include/node/openssl/md4.h
#14 40.88 gyp verb extracted file from tarball include/node/openssl/md5.h
#14 40.88 gyp verb extracted file from tarball include/node/openssl/mdc2.h
#14 40.89 gyp verb extracted file from tarball include/node/openssl/modes.h
#14 40.89 gyp verb extracted file from tarball include/node/openssl/obj_mac.h
#14 40.94 gyp verb extracted file from tarball include/node/openssl/objects.h
#14 40.95 gyp verb extracted file from tarball include/node/openssl/ocsp.h
#14 40.95 gyp verb extracted file from tarball include/node/openssl/opensslconf.h
#14 40.95 gyp verb extracted file from tarball include/node/openssl/opensslv.h
#14 40.96 gyp verb extracted file from tarball include/node/openssl/ossl_typ.h
#14 40.96 gyp verb extracted file from tarball include/node/openssl/pem.h
#14 40.96 gyp verb extracted file from tarball include/node/openssl/pem2.h
#14 40.96 gyp verb extracted file from tarball include/node/openssl/pkcs12.h
#14 40.98 gyp verb extracted file from tarball include/node/openssl/pkcs7.h
#14 40.98 gyp verb extracted file from tarball include/node/openssl/pqueue.h
#14 40.98 gyp verb extracted file from tarball include/node/openssl/rand.h
#14 40.98 gyp verb extracted file from tarball include/node/openssl/rc2.h
#14 40.98 gyp verb extracted file from tarball include/node/openssl/rc4.h
#14 41.00 gyp verb extracted file from tarball include/node/openssl/ripemd.h
#14 41.00 gyp verb extracted file from tarball include/node/openssl/rsa.h
#14 41.00 gyp verb extracted file from tarball include/node/openssl/safestack.h
#14 41.00 gyp verb extracted file from tarball include/node/openssl/seed.h
#14 41.00 gyp verb extracted file from tarball include/node/openssl/sha.h
#14 41.02 gyp verb extracted file from tarball include/node/openssl/srp.h
#14 41.07 gyp verb extracted file from tarball include/node/openssl/srtp.h
#14 41.12 gyp verb extracted file from tarball include/node/openssl/ssl.h
#14 41.26 gyp verb extracted file from tarball include/node/openssl/ssl2.h
#14 41.31 gyp verb extracted file from tarball include/node/openssl/ssl23.h
#14 41.36 gyp verb extracted file from tarball include/node/openssl/ssl3.h
#14 41.40 gyp verb extracted file from tarball include/node/openssl/stack.h
#14 41.46 gyp verb extracted file from tarball include/node/openssl/symhacks.h
#14 41.51 gyp verb extracted file from tarball include/node/openssl/tls1.h
#14 41.59 gyp verb extracted file from tarball include/node/openssl/ts.h
#14 41.70 gyp verb extracted file from tarball include/node/openssl/txt_db.h
#14 41.74 gyp verb extracted file from tarball include/node/openssl/ui.h
#14 41.79 gyp verb extracted file from tarball include/node/openssl/ui_compat.h
#14 41.83 gyp verb extracted file from tarball include/node/openssl/whrlpool.h
#14 41.89 gyp verb extracted file from tarball include/node/openssl/x509.h
#14 41.98 gyp verb extracted file from tarball include/node/openssl/x509_vfy.h
#14 42.07 gyp verb extracted file from tarball include/node/openssl/x509v3.h
#14 42.26 gyp verb extracted file from tarball include/node/openssl/archs/VC-WIN64A/opensslconf.h
#14 42.33 gyp verb extracted file from tarball include/node/openssl/archs/VC-WIN32/opensslconf.h
#14 42.33 gyp verb extracted file from tarball include/node/openssl/archs/solaris64-x86_64-gcc/opensslconf.h
#14 42.38 gyp verb extracted file from tarball include/node/openssl/archs/solaris-x86-gcc/opensslconf.h
#14 42.42 gyp verb extracted file from tarball include/node/openssl/archs/linux64-s390x/opensslconf.h
#14 42.50 gyp verb extracted file from tarball include/node/openssl/archs/linux32-s390x/opensslconf.h
#14 42.58 gyp verb extracted file from tarball include/node/openssl/archs/linux-x86_64/opensslconf.h
#14 42.64 gyp verb extracted file from tarball include/node/openssl/archs/linux-x32/opensslconf.h
#14 42.71 gyp verb extracted file from tarball include/node/openssl/archs/linux-ppc64/opensslconf.h
#14 42.84 gyp verb extracted file from tarball include/node/openssl/archs/linux-ppc/opensslconf.h
#14 42.91 gyp verb extracted file from tarball include/node/openssl/archs/linux-elf/opensslconf.h
#14 42.96 gyp verb extracted file from tarball include/node/openssl/archs/linux-armv4/opensslconf.h
#14 43.01 gyp verb extracted file from tarball include/node/openssl/archs/linux-aarch64/opensslconf.h
#14 43.08 gyp verb extracted file from tarball include/node/openssl/archs/darwin64-x86_64-cc/opensslconf.h
#14 43.12 gyp verb extracted file from tarball include/node/openssl/archs/darwin-i386-cc/opensslconf.h
#14 43.17 gyp verb extracted file from tarball include/node/openssl/archs/BSD-x86_64/opensslconf.h
#14 43.22 gyp verb extracted file from tarball include/node/openssl/archs/BSD-x86/opensslconf.h
#14 43.33 gyp verb extracted file from tarball include/node/openssl/archs/aix64-gcc/opensslconf.h
#14 43.34 gyp verb extracted file from tarball include/node/openssl/archs/aix-gcc/opensslconf.h
#14 43.34 gyp verb extracted file from tarball include/node/libplatform/libplatform-export.h
#14 43.36 gyp verb extracted file from tarball include/node/libplatform/libplatform.h
#14 43.36 gyp verb extracted file from tarball include/node/libplatform/v8-tracing.h
#14 43.36 gyp verb tarball done parsing tarball
#14 43.37 gyp verb check download content checksum, need to download `SHASUMS256.txt`... 
#14 43.37 gyp verb checksum url https://nodejs.org/download/release/v8.12.0/SHASUMS256.txt
#14 43.37 gyp http GET https://nodejs.org/download/release/v8.12.0/SHASUMS256.txt
#14 43.43 gyp http 200 https://nodejs.org/download/release/v8.12.0/SHASUMS256.txt
#14 43.44 gyp verb checksum data {"node-v8.12.0-aix-ppc64.tar.gz":"6a514208421b0643769fb7064d2edaadedd10c6eef4647b645907481e575fca6","node-v8.12.0-darwin-x64.tar.gz":"ca131b84dfcf2b6f653a6521d31f7a108ad7d83f4d7e781945b2eca8172064aa","node-v8.12.0-darwin-x64.tar.xz":"2d8b162cfc568d3d585c459fa0ded25b6d64e5f984a73bc0f89f2d6e5461baa3","node-v8.12.0-headers.tar.gz":"68768e555161e54795fb61ac3de3de0933638f6356a8cead097b34eab16a1aa3","node-v8.12.0-headers.tar.xz":"a5a8b2bdc0e202dfd8a0d2ee3667e28ec828b1c06f62d0c627cfbe262f173b51","node-v8.12.0-linux-arm64.tar.gz":"781ecf1ecb14b4c671ef0732988636282d6fb7071c4bd52567f663b008796bc9","node-v8.12.0-linux-arm64.tar.xz":"0fbdcfd8cf0cb5e8f5beff84ba091fd47126ba44c628e3a351501419b211aa1a","node-v8.12.0-linux-armv6l.tar.gz":"d7e9d6666075fa210767215b333bf9fb45f2e049b80e01208054749cd782d47e","node-v8.12.0-linux-armv6l.tar.xz":"699ff3799f1b6374be342b1ae0e71b69507cc431cd3094d791f00a10d7673fdb","node-v8.12.0-linux-armv7l.tar.gz":"9c564069c5c9f0c9062cb399db02670c79fc4a2a079e67edcc5785a73a663f6e","node-v8.12.0-linux-armv7l.tar.xz":"a437f347e12d499f72edea97ebd127abe403417316a3f23cba7e1db6fcf770d1","node-v8.12.0-linux-ppc64le.tar.gz":"a0c52c8f175566b1b6664ea9bbb82ba93c17c0178d2148368ed070d7a54da291","node-v8.12.0-linux-ppc64le.tar.xz":"3070989b41045faea4a923ea9d290ab9ac0983e462fc435e645b002ead05de68","node-v8.12.0-linux-s390x.tar.gz":"7e13da69c0932800ba1d6d96c95ebaf520cc220d6ff61ca1d0b544c61ee84628","node-v8.12.0-linux-s390x.tar.xz":"ac5d0645af733d5f9eb49caf27d2cb72f9ed0858806af2c967aff23c7ad40ede","node-v8.12.0-linux-x64.tar.gz":"3df19b748ee2b6dfe3a03448ebc6186a3a86aeab557018d77a0f7f3314594ef6","node-v8.12.0-linux-x64.tar.xz":"29a20479cd1e3a03396a4e74a1784ccdd1cf2f96928b56f6ffa4c8dae40c88f2","node-v8.12.0-linux-x86.tar.gz":"56ecffbd8a656991f71e4b53ab00af333c97453062cadc20a2103b933088d24d","node-v8.12.0-linux-x86.tar.xz":"2f9820411c5d53a19daf85d575f01f99664d2aff1c85c281c7b12d8086b83b31","node-v8.12.0.pkg":"c11b745e28628a89eaf667031541ab58c2c2f0baf03f7aecf36d668463a59c62","node-v8.12.0-sunos-x64.tar.gz":"74664b84c571c608943dc1dfff53d3eb058f929f5dba763d779b830cddef3331","node-v8.12.0-sunos-x64.tar.xz":"69aa7141050924079ffc9b1c8d76fe22b2801e6a71ac57a473c3553e2a91e38c","node-v8.12.0-sunos-x86.tar.gz":"05ac84818d45e64b0958f7bd81e073c5b8ca7bd9d7f71569ae8e511aeefaae09","node-v8.12.0-sunos-x86.tar.xz":"cca30c21f932d13ca4b31ccfbe57711c6c52006ac49fd53c90c8ba7d8ff4e09b","node-v8.12.0.tar.gz":"b4797843136edd9195c28221a1680ae52c29d867fc5fc1c99f7d6e2f2126a67b","node-v8.12.0.tar.xz":"5a9dff58016c18fb4bf902d963b124ff058a550ebcd9840c677757387bce419a","node-v8.12.0-win-x64.7z":"c1fb949ca07542b491b896d73e9606bd26501bbaae8deb8b1e3dd8652349a6b6","node-v8.12.0-win-x64.zip":"9b22c9b23148b61ea0052826b3ac0255b8a3a542c125272b8f014f15bf11b091","node-v8.12.0-win-x86.7z":"4516c85c7b353fb6b8c5116f72c553c7ff52fe6801119cf0afc8d7d3a11c08f1","node-v8.12.0-win-x86.zip":"f3c7f4b06c1252137ad5bc416bc5b347c58c271d32cd6e6030a624aa21b1bdfd","node-v8.12.0-x64.msi":"e359b26b8ba52eb24c49af6222c4bf9e454d3d266290897b492e13fc2f06e316","node-v8.12.0-x86.msi":"0e7b5601c6819d5fd042f21dc375c9cf067fa43c7ecb84ca8ce3646ae9624e73","win-x64/node.exe":"b270192df4ebc036b8ce1898244c28bfeb89992ac89c8f73c60a458faf57d93a","win-x64/node.lib":"9206d0c000a2ea83e41bfaa00ac001b8b3cd9e6c6ba8f5f6826bf26dbedf396a","win-x64/node_pdb.7z":"0d0687170293f839e2a0bcf97e38163bb68a1043b29b7609e75dbc9bbe53b5fc","win-x64/node_pdb.zip":"47897e35f3316f9271e7a26ac6d81d22b1a43a7319a2aacc4304b45e0296cf5b","win-x86/node.exe":"4ce2168afe0f7c5bfe070b3d4741c1d492d6d00a6076c6903f9097b8ab061036","win-x86/node.lib":"d042cab5ef26cec479fb001bf7cfea2aa14570efae3b7edecd8dde5e7ae01747","win-x86/node_pdb.7z":"350c96042bfc6106eb78e60c270239c51c89697eb5c3f242eea5e3f90aa53654","win-x86/node_pdb.zip":"98db5e9cb1b36be698b91b964fd4c3353075f4de650deb20deb4043a11aa94e3"}
#14 43.44 gyp verb download contents checksum {"node-v8.12.0-headers.tar.gz":"68768e555161e54795fb61ac3de3de0933638f6356a8cead097b34eab16a1aa3"}
#14 43.44 gyp verb validating download checksum for node-v8.12.0-headers.tar.gz (68768e555161e54795fb61ac3de3de0933638f6356a8cead097b34eab16a1aa3 == 68768e555161e54795fb61ac3de3de0933638f6356a8cead097b34eab16a1aa3)
#14 43.44 gyp verb get node dir target node version installed: 8.12.0
#14 43.44 gyp verb build dir attempting to create "build" dir: /app/node_modules/node-sass/build
#14 43.44 gyp verb build dir "build" dir needed to be created? /app/node_modules/node-sass/build
#14 43.44 gyp verb build/config.gypi creating config file
#14 43.45 gyp verb build/config.gypi writing out config file: /app/node_modules/node-sass/build/config.gypi
#14 43.45 gyp verb config.gypi checking for gypi file: /app/node_modules/node-sass/config.gypi
#14 43.45 gyp verb common.gypi checking for gypi file: /app/node_modules/node-sass/common.gypi
#14 43.45 gyp verb gyp gyp format was not specified; forcing "make"
#14 43.48 gyp info spawn /usr/bin/python2
#14 43.48 gyp info spawn args [ '/app/node_modules/node-gyp/gyp/gyp_main.py',
#14 43.48 gyp info spawn args   'binding.gyp',
#14 43.48 gyp info spawn args   '-f',
#14 43.48 gyp info spawn args   'make',
#14 43.48 gyp info spawn args   '-I',
#14 43.48 gyp info spawn args   '/app/node_modules/node-sass/build/config.gypi',
#14 43.48 gyp info spawn args   '-I',
#14 43.48 gyp info spawn args   '/app/node_modules/node-gyp/addon.gypi',
#14 43.48 gyp info spawn args   '-I',
#14 43.48 gyp info spawn args   '/root/.node-gyp/8.12.0/include/node/common.gypi',
#14 43.48 gyp info spawn args   '-Dlibrary=shared_library',
#14 43.48 gyp info spawn args   '-Dvisibility=default',
#14 43.48 gyp info spawn args   '-Dnode_root_dir=/root/.node-gyp/8.12.0',
#14 43.48 gyp info spawn args   '-Dnode_gyp_dir=/app/node_modules/node-gyp',
#14 43.48 gyp info spawn args   '-Dnode_lib_file=/root/.node-gyp/8.12.0/<(target_arch)/node.lib',
#14 43.48 gyp info spawn args   '-Dmodule_root_dir=/app/node_modules/node-sass',
#14 43.48 gyp info spawn args   '-Dnode_engine=v8',
#14 43.48 gyp info spawn args   '--depth=.',
#14 43.48 gyp info spawn args   '--no-parallel',
#14 43.48 gyp info spawn args   '--generator-output',
#14 43.48 gyp info spawn args   'build',
#14 43.48 gyp info spawn args   '-Goutput_dir=.' ]
#14 44.45 gyp verb command build []
#14 44.49 gyp verb build type Release
#14 44.49 gyp verb architecture x64
#14 44.49 gyp verb node dev dir /root/.node-gyp/8.12.0
#14 44.53 gyp verb `which` succeeded for `make` /usr/bin/make
#14 44.55 gyp info spawn make
#14 44.55 gyp info spawn args [ 'V=1', 'BUILDTYPE=Release', '-C', 'build' ]
#14 44.57 make: Entering directory '/app/node_modules/node-sass/build'
#14 44.58   g++ '-DNODE_GYP_MODULE_NAME=libsass' '-DUSING_UV_SHARED=1' '-DUSING_V8_SHARED=1' '-DV8_DEPRECATION_WARNINGS=1' '-D_LARGEFILE_SOURCE' '-D_FILE_OFFSET_BITS=64' '-DLIBSASS_VERSION="3.5.5"' -I/root/.node-gyp/8.12.0/include/node -I/root/.node-gyp/8.12.0/src -I/root/.node-gyp/8.12.0/deps/openssl/config -I/root/.node-gyp/8.12.0/deps/openssl/openssl/include -I/root/.node-gyp/8.12.0/deps/uv/include -I/root/.node-gyp/8.12.0/deps/zlib -I/root/.node-gyp/8.12.0/deps/v8/include -I../src/libsass/include  -fPIC -pthread -Wall -Wextra -Wno-unused-parameter -m64 -O3 -fno-omit-frame-pointer -std=gnu++0x -std=c++0x -fexceptions -frtti -MMD -MF ./Release/.deps/Release/obj.target/libsass/src/libsass/src/ast.o.d.raw   -c -o Release/obj.target/libsass/src/libsass/src/ast.o ../src/libsass/src/ast.cpp
#14 80.68   g++ '-DNODE_GYP_MODULE_NAME=libsass' '-DUSING_UV_SHARED=1' '-DUSING_V8_SHARED=1' '-DV8_DEPRECATION_WARNINGS=1' '-D_LARGEFILE_SOURCE' '-D_FILE_OFFSET_BITS=64' '-DLIBSASS_VERSION="3.5.5"' -I/root/.node-gyp/8.12.0/include/node -I/root/.node-gyp/8.12.0/src -I/root/.node-gyp/8.12.0/deps/openssl/config -I/root/.node-gyp/8.12.0/deps/openssl/openssl/include -I/root/.node-gyp/8.12.0/deps/uv/include -I/root/.node-gyp/8.12.0/deps/zlib -I/root/.node-gyp/8.12.0/deps/v8/include -I../src/libsass/include  -fPIC -pthread -Wall -Wextra -Wno-unused-parameter -m64 -O3 -fno-omit-frame-pointer -std=gnu++0x -std=c++0x -fexceptions -frtti -MMD -MF ./Release/.deps/Release/obj.target/libsass/src/libsass/src/ast_fwd_decl.o.d.raw   -c -o Release/obj.target/libsass/src/libsass/src/ast_fwd_decl.o ../src/libsass/src/ast_fwd_decl.cpp
#14 85.08   g++ '-DNODE_GYP_MODULE_NAME=libsass' '-DUSING_UV_SHARED=1' '-DUSING_V8_SHARED=1' '-DV8_DEPRECATION_WARNINGS=1' '-D_LARGEFILE_SOURCE' '-D_FILE_OFFSET_BITS=64' '-DLIBSASS_VERSION="3.5.5"' -I/root/.node-gyp/8.12.0/include/node -I/root/.node-gyp/8.12.0/src -I/root/.node-gyp/8.12.0/deps/openssl/config -I/root/.node-gyp/8.12.0/deps/openssl/openssl/include -I/root/.node-gyp/8.12.0/deps/uv/include -I/root/.node-gyp/8.12.0/deps/zlib -I/root/.node-gyp/8.12.0/deps/v8/include -I../src/libsass/include  -fPIC -pthread -Wall -Wextra -Wno-unused-parameter -m64 -O3 -fno-omit-frame-pointer -std=gnu++0x -std=c++0x -fexceptions -frtti -MMD -MF ./Release/.deps/Release/obj.target/libsass/src/libsass/src/backtrace.o.d.raw   -c -o Release/obj.target/libsass/src/libsass/src/backtrace.o ../src/libsass/src/backtrace.cpp
#14 87.76   g++ '-DNODE_GYP_MODULE_NAME=libsass' '-DUSING_UV_SHARED=1' '-DUSING_V8_SHARED=1' '-DV8_DEPRECATION_WARNINGS=1' '-D_LARGEFILE_SOURCE' '-D_FILE_OFFSET_BITS=64' '-DLIBSASS_VERSION="3.5.5"' -I/root/.node-gyp/8.12.0/include/node -I/root/.node-gyp/8.12.0/src -I/root/.node-gyp/8.12.0/deps/openssl/config -I/root/.node-gyp/8.12.0/deps/openssl/openssl/include -I/root/.node-gyp/8.12.0/deps/uv/include -I/root/.node-gyp/8.12.0/deps/zlib -I/root/.node-gyp/8.12.0/deps/v8/include -I../src/libsass/include  -fPIC -pthread -Wall -Wextra -Wno-unused-parameter -m64 -O3 -fno-omit-frame-pointer -std=gnu++0x -std=c++0x -fexceptions -frtti -MMD -MF ./Release/.deps/Release/obj.target/libsass/src/libsass/src/base64vlq.o.d.raw   -c -o Release/obj.target/libsass/src/libsass/src/base64vlq.o ../src/libsass/src/base64vlq.cpp
#14 88.76   g++ '-DNODE_GYP_MODULE_NAME=libsass' '-DUSING_UV_SHARED=1' '-DUSING_V8_SHARED=1' '-DV8_DEPRECATION_WARNINGS=1' '-D_LARGEFILE_SOURCE' '-D_FILE_OFFSET_BITS=64' '-DLIBSASS_VERSION="3.5.5"' -I/root/.node-gyp/8.12.0/include/node -I/root/.node-gyp/8.12.0/src -I/root/.node-gyp/8.12.0/deps/openssl/config -I/root/.node-gyp/8.12.0/deps/openssl/openssl/include -I/root/.node-gyp/8.12.0/deps/uv/include -I/root/.node-gyp/8.12.0/deps/zlib -I/root/.node-gyp/8.12.0/deps/v8/include -I../src/libsass/include  -fPIC -pthread -Wall -Wextra -Wno-unused-parameter -m64 -O3 -fno-omit-frame-pointer -std=gnu++0x -std=c++0x -fexceptions -frtti -MMD -MF ./Release/.deps/Release/obj.target/libsass/src/libsass/src/bind.o.d.raw   -c -o Release/obj.target/libsass/src/libsass/src/bind.o ../src/libsass/src/bind.cpp
#14 102.4   cc '-DNODE_GYP_MODULE_NAME=libsass' '-DUSING_UV_SHARED=1' '-DUSING_V8_SHARED=1' '-DV8_DEPRECATION_WARNINGS=1' '-D_LARGEFILE_SOURCE' '-D_FILE_OFFSET_BITS=64' '-DLIBSASS_VERSION="3.5.5"' -I/root/.node-gyp/8.12.0/include/node -I/root/.node-gyp/8.12.0/src -I/root/.node-gyp/8.12.0/deps/openssl/config -I/root/.node-gyp/8.12.0/deps/openssl/openssl/include -I/root/.node-gyp/8.12.0/deps/uv/include -I/root/.node-gyp/8.12.0/deps/zlib -I/root/.node-gyp/8.12.0/deps/v8/include -I../src/libsass/include  -fPIC -pthread -Wall -Wextra -Wno-unused-parameter -m64 -O3 -fno-omit-frame-pointer  -MMD -MF ./Release/.deps/Release/obj.target/libsass/src/libsass/src/cencode.o.d.raw   -c -o Release/obj.target/libsass/src/libsass/src/cencode.o ../src/libsass/src/cencode.c
#14 102.9   g++ '-DNODE_GYP_MODULE_NAME=libsass' '-DUSING_UV_SHARED=1' '-DUSING_V8_SHARED=1' '-DV8_DEPRECATION_WARNINGS=1' '-D_LARGEFILE_SOURCE' '-D_FILE_OFFSET_BITS=64' '-DLIBSASS_VERSION="3.5.5"' -I/root/.node-gyp/8.12.0/include/node -I/root/.node-gyp/8.12.0/src -I/root/.node-gyp/8.12.0/deps/openssl/config -I/root/.node-gyp/8.12.0/deps/openssl/openssl/include -I/root/.node-gyp/8.12.0/deps/uv/include -I/root/.node-gyp/8.12.0/deps/zlib -I/root/.node-gyp/8.12.0/deps/v8/include -I../src/libsass/include  -fPIC -pthread -Wall -Wextra -Wno-unused-parameter -m64 -O3 -fno-omit-frame-pointer -std=gnu++0x -std=c++0x -fexceptions -frtti -MMD -MF ./Release/.deps/Release/obj.target/libsass/src/libsass/src/check_nesting.o.d.raw   -c -o Release/obj.target/libsass/src/libsass/src/check_nesting.o ../src/libsass/src/check_nesting.cpp
#14 110.6   g++ '-DNODE_GYP_MODULE_NAME=libsass' '-DUSING_UV_SHARED=1' '-DUSING_V8_SHARED=1' '-DV8_DEPRECATION_WARNINGS=1' '-D_LARGEFILE_SOURCE' '-D_FILE_OFFSET_BITS=64' '-DLIBSASS_VERSION="3.5.5"' -I/root/.node-gyp/8.12.0/include/node -I/root/.node-gyp/8.12.0/src -I/root/.node-gyp/8.12.0/deps/openssl/config -I/root/.node-gyp/8.12.0/deps/openssl/openssl/include -I/root/.node-gyp/8.12.0/deps/uv/include -I/root/.node-gyp/8.12.0/deps/zlib -I/root/.node-gyp/8.12.0/deps/v8/include -I../src/libsass/include  -fPIC -pthread -Wall -Wextra -Wno-unused-parameter -m64 -O3 -fno-omit-frame-pointer -std=gnu++0x -std=c++0x -fexceptions -frtti -MMD -MF ./Release/.deps/Release/obj.target/libsass/src/libsass/src/color_maps.o.d.raw   -c -o Release/obj.target/libsass/src/libsass/src/color_maps.o ../src/libsass/src/color_maps.cpp
#14 117.7   g++ '-DNODE_GYP_MODULE_NAME=libsass' '-DUSING_UV_SHARED=1' '-DUSING_V8_SHARED=1' '-DV8_DEPRECATION_WARNINGS=1' '-D_LARGEFILE_SOURCE' '-D_FILE_OFFSET_BITS=64' '-DLIBSASS_VERSION="3.5.5"' -I/root/.node-gyp/8.12.0/include/node -I/root/.node-gyp/8.12.0/src -I/root/.node-gyp/8.12.0/deps/openssl/config -I/root/.node-gyp/8.12.0/deps/openssl/openssl/include -I/root/.node-gyp/8.12.0/deps/uv/include -I/root/.node-gyp/8.12.0/deps/zlib -I/root/.node-gyp/8.12.0/deps/v8/include -I../src/libsass/include  -fPIC -pthread -Wall -Wextra -Wno-unused-parameter -m64 -O3 -fno-omit-frame-pointer -std=gnu++0x -std=c++0x -fexceptions -frtti -MMD -MF ./Release/.deps/Release/obj.target/libsass/src/libsass/src/constants.o.d.raw   -c -o Release/obj.target/libsass/src/libsass/src/constants.o ../src/libsass/src/constants.cpp
#14 118.6   g++ '-DNODE_GYP_MODULE_NAME=libsass' '-DUSING_UV_SHARED=1' '-DUSING_V8_SHARED=1' '-DV8_DEPRECATION_WARNINGS=1' '-D_LARGEFILE_SOURCE' '-D_FILE_OFFSET_BITS=64' '-DLIBSASS_VERSION="3.5.5"' -I/root/.node-gyp/8.12.0/include/node -I/root/.node-gyp/8.12.0/src -I/root/.node-gyp/8.12.0/deps/openssl/config -I/root/.node-gyp/8.12.0/deps/openssl/openssl/include -I/root/.node-gyp/8.12.0/deps/uv/include -I/root/.node-gyp/8.12.0/deps/zlib -I/root/.node-gyp/8.12.0/deps/v8/include -I../src/libsass/include  -fPIC -pthread -Wall -Wextra -Wno-unused-parameter -m64 -O3 -fno-omit-frame-pointer -std=gnu++0x -std=c++0x -fexceptions -frtti -MMD -MF ./Release/.deps/Release/obj.target/libsass/src/libsass/src/context.o.d.raw   -c -o Release/obj.target/libsass/src/libsass/src/context.o ../src/libsass/src/context.cpp
#14 134.1   g++ '-DNODE_GYP_MODULE_NAME=libsass' '-DUSING_UV_SHARED=1' '-DUSING_V8_SHARED=1' '-DV8_DEPRECATION_WARNINGS=1' '-D_LARGEFILE_SOURCE' '-D_FILE_OFFSET_BITS=64' '-DLIBSASS_VERSION="3.5.5"' -I/root/.node-gyp/8.12.0/include/node -I/root/.node-gyp/8.12.0/src -I/root/.node-gyp/8.12.0/deps/openssl/config -I/root/.node-gyp/8.12.0/deps/openssl/openssl/include -I/root/.node-gyp/8.12.0/deps/uv/include -I/root/.node-gyp/8.12.0/deps/zlib -I/root/.node-gyp/8.12.0/deps/v8/include -I../src/libsass/include  -fPIC -pthread -Wall -Wextra -Wno-unused-parameter -m64 -O3 -fno-omit-frame-pointer -std=gnu++0x -std=c++0x -fexceptions -frtti -MMD -MF ./Release/.deps/Release/obj.target/libsass/src/libsass/src/cssize.o.d.raw   -c -o Release/obj.target/libsass/src/libsass/src/cssize.o ../src/libsass/src/cssize.cpp
#14 146.4   g++ '-DNODE_GYP_MODULE_NAME=libsass' '-DUSING_UV_SHARED=1' '-DUSING_V8_SHARED=1' '-DV8_DEPRECATION_WARNINGS=1' '-D_LARGEFILE_SOURCE' '-D_FILE_OFFSET_BITS=64' '-DLIBSASS_VERSION="3.5.5"' -I/root/.node-gyp/8.12.0/include/node -I/root/.node-gyp/8.12.0/src -I/root/.node-gyp/8.12.0/deps/openssl/config -I/root/.node-gyp/8.12.0/deps/openssl/openssl/include -I/root/.node-gyp/8.12.0/deps/uv/include -I/root/.node-gyp/8.12.0/deps/zlib -I/root/.node-gyp/8.12.0/deps/v8/include -I../src/libsass/include  -fPIC -pthread -Wall -Wextra -Wno-unused-parameter -m64 -O3 -fno-omit-frame-pointer -std=gnu++0x -std=c++0x -fexceptions -frtti -MMD -MF ./Release/.deps/Release/obj.target/libsass/src/libsass/src/emitter.o.d.raw   -c -o Release/obj.target/libsass/src/libsass/src/emitter.o ../src/libsass/src/emitter.cpp
#14 149.7   g++ '-DNODE_GYP_MODULE_NAME=libsass' '-DUSING_UV_SHARED=1' '-DUSING_V8_SHARED=1' '-DV8_DEPRECATION_WARNINGS=1' '-D_LARGEFILE_SOURCE' '-D_FILE_OFFSET_BITS=64' '-DLIBSASS_VERSION="3.5.5"' -I/root/.node-gyp/8.12.0/include/node -I/root/.node-gyp/8.12.0/src -I/root/.node-gyp/8.12.0/deps/openssl/config -I/root/.node-gyp/8.12.0/deps/openssl/openssl/include -I/root/.node-gyp/8.12.0/deps/uv/include -I/root/.node-gyp/8.12.0/deps/zlib -I/root/.node-gyp/8.12.0/deps/v8/include -I../src/libsass/include  -fPIC -pthread -Wall -Wextra -Wno-unused-parameter -m64 -O3 -fno-omit-frame-pointer -std=gnu++0x -std=c++0x -fexceptions -frtti -MMD -MF ./Release/.deps/Release/obj.target/libsass/src/libsass/src/environment.o.d.raw   -c -o Release/obj.target/libsass/src/libsass/src/environment.o ../src/libsass/src/environment.cpp
#14 155.4   g++ '-DNODE_GYP_MODULE_NAME=libsass' '-DUSING_UV_SHARED=1' '-DUSING_V8_SHARED=1' '-DV8_DEPRECATION_WARNINGS=1' '-D_LARGEFILE_SOURCE' '-D_FILE_OFFSET_BITS=64' '-DLIBSASS_VERSION="3.5.5"' -I/root/.node-gyp/8.12.0/include/node -I/root/.node-gyp/8.12.0/src -I/root/.node-gyp/8.12.0/deps/openssl/config -I/root/.node-gyp/8.12.0/deps/openssl/openssl/include -I/root/.node-gyp/8.12.0/deps/uv/include -I/root/.node-gyp/8.12.0/deps/zlib -I/root/.node-gyp/8.12.0/deps/v8/include -I../src/libsass/include  -fPIC -pthread -Wall -Wextra -Wno-unused-parameter -m64 -O3 -fno-omit-frame-pointer -std=gnu++0x -std=c++0x -fexceptions -frtti -MMD -MF ./Release/.deps/Release/obj.target/libsass/src/libsass/src/error_handling.o.d.raw   -c -o Release/obj.target/libsass/src/libsass/src/error_handling.o ../src/libsass/src/error_handling.cpp
#14 166.1   g++ '-DNODE_GYP_MODULE_NAME=libsass' '-DUSING_UV_SHARED=1' '-DUSING_V8_SHARED=1' '-DV8_DEPRECATION_WARNINGS=1' '-D_LARGEFILE_SOURCE' '-D_FILE_OFFSET_BITS=64' '-DLIBSASS_VERSION="3.5.5"' -I/root/.node-gyp/8.12.0/include/node -I/root/.node-gyp/8.12.0/src -I/root/.node-gyp/8.12.0/deps/openssl/config -I/root/.node-gyp/8.12.0/deps/openssl/openssl/include -I/root/.node-gyp/8.12.0/deps/uv/include -I/root/.node-gyp/8.12.0/deps/zlib -I/root/.node-gyp/8.12.0/deps/v8/include -I../src/libsass/include  -fPIC -pthread -Wall -Wextra -Wno-unused-parameter -m64 -O3 -fno-omit-frame-pointer -std=gnu++0x -std=c++0x -fexceptions -frtti -MMD -MF ./Release/.deps/Release/obj.target/libsass/src/libsass/src/eval.o.d.raw   -c -o Release/obj.target/libsass/src/libsass/src/eval.o ../src/libsass/src/eval.cpp
#14 186.8   g++ '-DNODE_GYP_MODULE_NAME=libsass' '-DUSING_UV_SHARED=1' '-DUSING_V8_SHARED=1' '-DV8_DEPRECATION_WARNINGS=1' '-D_LARGEFILE_SOURCE' '-D_FILE_OFFSET_BITS=64' '-DLIBSASS_VERSION="3.5.5"' -I/root/.node-gyp/8.12.0/include/node -I/root/.node-gyp/8.12.0/src -I/root/.node-gyp/8.12.0/deps/openssl/config -I/root/.node-gyp/8.12.0/deps/openssl/openssl/include -I/root/.node-gyp/8.12.0/deps/uv/include -I/root/.node-gyp/8.12.0/deps/zlib -I/root/.node-gyp/8.12.0/deps/v8/include -I../src/libsass/include  -fPIC -pthread -Wall -Wextra -Wno-unused-parameter -m64 -O3 -fno-omit-frame-pointer -std=gnu++0x -std=c++0x -fexceptions -frtti -MMD -MF ./Release/.deps/Release/obj.target/libsass/src/libsass/src/expand.o.d.raw   -c -o Release/obj.target/libsass/src/libsass/src/expand.o ../src/libsass/src/expand.cpp
#14 207.9   g++ '-DNODE_GYP_MODULE_NAME=libsass' '-DUSING_UV_SHARED=1' '-DUSING_V8_SHARED=1' '-DV8_DEPRECATION_WARNINGS=1' '-D_LARGEFILE_SOURCE' '-D_FILE_OFFSET_BITS=64' '-DLIBSASS_VERSION="3.5.5"' -I/root/.node-gyp/8.12.0/include/node -I/root/.node-gyp/8.12.0/src -I/root/.node-gyp/8.12.0/deps/openssl/config -I/root/.node-gyp/8.12.0/deps/openssl/openssl/include -I/root/.node-gyp/8.12.0/deps/uv/include -I/root/.node-gyp/8.12.0/deps/zlib -I/root/.node-gyp/8.12.0/deps/v8/include -I../src/libsass/include  -fPIC -pthread -Wall -Wextra -Wno-unused-parameter -m64 -O3 -fno-omit-frame-pointer -std=gnu++0x -std=c++0x -fexceptions -frtti -MMD -MF ./Release/.deps/Release/obj.target/libsass/src/libsass/src/extend.o.d.raw   -c -o Release/obj.target/libsass/src/libsass/src/extend.o ../src/libsass/src/extend.cpp
#14 228.8   g++ '-DNODE_GYP_MODULE_NAME=libsass' '-DUSING_UV_SHARED=1' '-DUSING_V8_SHARED=1' '-DV8_DEPRECATION_WARNINGS=1' '-D_LARGEFILE_SOURCE' '-D_FILE_OFFSET_BITS=64' '-DLIBSASS_VERSION="3.5.5"' -I/root/.node-gyp/8.12.0/include/node -I/root/.node-gyp/8.12.0/src -I/root/.node-gyp/8.12.0/deps/openssl/config -I/root/.node-gyp/8.12.0/deps/openssl/openssl/include -I/root/.node-gyp/8.12.0/deps/uv/include -I/root/.node-gyp/8.12.0/deps/zlib -I/root/.node-gyp/8.12.0/deps/v8/include -I../src/libsass/include  -fPIC -pthread -Wall -Wextra -Wno-unused-parameter -m64 -O3 -fno-omit-frame-pointer -std=gnu++0x -std=c++0x -fexceptions -frtti -MMD -MF ./Release/.deps/Release/obj.target/libsass/src/libsass/src/file.o.d.raw   -c -o Release/obj.target/libsass/src/libsass/src/file.o ../src/libsass/src/file.cpp
#14 237.4   g++ '-DNODE_GYP_MODULE_NAME=libsass' '-DUSING_UV_SHARED=1' '-DUSING_V8_SHARED=1' '-DV8_DEPRECATION_WARNINGS=1' '-D_LARGEFILE_SOURCE' '-D_FILE_OFFSET_BITS=64' '-DLIBSASS_VERSION="3.5.5"' -I/root/.node-gyp/8.12.0/include/node -I/root/.node-gyp/8.12.0/src -I/root/.node-gyp/8.12.0/deps/openssl/config -I/root/.node-gyp/8.12.0/deps/openssl/openssl/include -I/root/.node-gyp/8.12.0/deps/uv/include -I/root/.node-gyp/8.12.0/deps/zlib -I/root/.node-gyp/8.12.0/deps/v8/include -I../src/libsass/include  -fPIC -pthread -Wall -Wextra -Wno-unused-parameter -m64 -O3 -fno-omit-frame-pointer -std=gnu++0x -std=c++0x -fexceptions -frtti -MMD -MF ./Release/.deps/Release/obj.target/libsass/src/libsass/src/functions.o.d.raw   -c -o Release/obj.target/libsass/src/libsass/src/functions.o ../src/libsass/src/functions.cpp
#14 266.3   g++ '-DNODE_GYP_MODULE_NAME=libsass' '-DUSING_UV_SHARED=1' '-DUSING_V8_SHARED=1' '-DV8_DEPRECATION_WARNINGS=1' '-D_LARGEFILE_SOURCE' '-D_FILE_OFFSET_BITS=64' '-DLIBSASS_VERSION="3.5.5"' -I/root/.node-gyp/8.12.0/include/node -I/root/.node-gyp/8.12.0/src -I/root/.node-gyp/8.12.0/deps/openssl/config -I/root/.node-gyp/8.12.0/deps/openssl/openssl/include -I/root/.node-gyp/8.12.0/deps/uv/include -I/root/.node-gyp/8.12.0/deps/zlib -I/root/.node-gyp/8.12.0/deps/v8/include -I../src/libsass/include  -fPIC -pthread -Wall -Wextra -Wno-unused-parameter -m64 -O3 -fno-omit-frame-pointer -std=gnu++0x -std=c++0x -fexceptions -frtti -MMD -MF ./Release/.deps/Release/obj.target/libsass/src/libsass/src/inspect.o.d.raw   -c -o Release/obj.target/libsass/src/libsass/src/inspect.o ../src/libsass/src/inspect.cpp
#14 276.7   g++ '-DNODE_GYP_MODULE_NAME=libsass' '-DUSING_UV_SHARED=1' '-DUSING_V8_SHARED=1' '-DV8_DEPRECATION_WARNINGS=1' '-D_LARGEFILE_SOURCE' '-D_FILE_OFFSET_BITS=64' '-DLIBSASS_VERSION="3.5.5"' -I/root/.node-gyp/8.12.0/include/node -I/root/.node-gyp/8.12.0/src -I/root/.node-gyp/8.12.0/deps/openssl/config -I/root/.node-gyp/8.12.0/deps/openssl/openssl/include -I/root/.node-gyp/8.12.0/deps/uv/include -I/root/.node-gyp/8.12.0/deps/zlib -I/root/.node-gyp/8.12.0/deps/v8/include -I../src/libsass/include  -fPIC -pthread -Wall -Wextra -Wno-unused-parameter -m64 -O3 -fno-omit-frame-pointer -std=gnu++0x -std=c++0x -fexceptions -frtti -MMD -MF ./Release/.deps/Release/obj.target/libsass/src/libsass/src/json.o.d.raw   -c -o Release/obj.target/libsass/src/libsass/src/json.o ../src/libsass/src/json.cpp
#14 279.2   g++ '-DNODE_GYP_MODULE_NAME=libsass' '-DUSING_UV_SHARED=1' '-DUSING_V8_SHARED=1' '-DV8_DEPRECATION_WARNINGS=1' '-D_LARGEFILE_SOURCE' '-D_FILE_OFFSET_BITS=64' '-DLIBSASS_VERSION="3.5.5"' -I/root/.node-gyp/8.12.0/include/node -I/root/.node-gyp/8.12.0/src -I/root/.node-gyp/8.12.0/deps/openssl/config -I/root/.node-gyp/8.12.0/deps/openssl/openssl/include -I/root/.node-gyp/8.12.0/deps/uv/include -I/root/.node-gyp/8.12.0/deps/zlib -I/root/.node-gyp/8.12.0/deps/v8/include -I../src/libsass/include  -fPIC -pthread -Wall -Wextra -Wno-unused-parameter -m64 -O3 -fno-omit-frame-pointer -std=gnu++0x -std=c++0x -fexceptions -frtti -MMD -MF ./Release/.deps/Release/obj.target/libsass/src/libsass/src/lexer.o.d.raw   -c -o Release/obj.target/libsass/src/libsass/src/lexer.o ../src/libsass/src/lexer.cpp
#14 280.8   g++ '-DNODE_GYP_MODULE_NAME=libsass' '-DUSING_UV_SHARED=1' '-DUSING_V8_SHARED=1' '-DV8_DEPRECATION_WARNINGS=1' '-D_LARGEFILE_SOURCE' '-D_FILE_OFFSET_BITS=64' '-DLIBSASS_VERSION="3.5.5"' -I/root/.node-gyp/8.12.0/include/node -I/root/.node-gyp/8.12.0/src -I/root/.node-gyp/8.12.0/deps/openssl/config -I/root/.node-gyp/8.12.0/deps/openssl/openssl/include -I/root/.node-gyp/8.12.0/deps/uv/include -I/root/.node-gyp/8.12.0/deps/zlib -I/root/.node-gyp/8.12.0/deps/v8/include -I../src/libsass/include  -fPIC -pthread -Wall -Wextra -Wno-unused-parameter -m64 -O3 -fno-omit-frame-pointer -std=gnu++0x -std=c++0x -fexceptions -frtti -MMD -MF ./Release/.deps/Release/obj.target/libsass/src/libsass/src/listize.o.d.raw   -c -o Release/obj.target/libsass/src/libsass/src/listize.o ../src/libsass/src/listize.cpp
#14 287.1   g++ '-DNODE_GYP_MODULE_NAME=libsass' '-DUSING_UV_SHARED=1' '-DUSING_V8_SHARED=1' '-DV8_DEPRECATION_WARNINGS=1' '-D_LARGEFILE_SOURCE' '-D_FILE_OFFSET_BITS=64' '-DLIBSASS_VERSION="3.5.5"' -I/root/.node-gyp/8.12.0/include/node -I/root/.node-gyp/8.12.0/src -I/root/.node-gyp/8.12.0/deps/openssl/config -I/root/.node-gyp/8.12.0/deps/openssl/openssl/include -I/root/.node-gyp/8.12.0/deps/uv/include -I/root/.node-gyp/8.12.0/deps/zlib -I/root/.node-gyp/8.12.0/deps/v8/include -I../src/libsass/include  -fPIC -pthread -Wall -Wextra -Wno-unused-parameter -m64 -O3 -fno-omit-frame-pointer -std=gnu++0x -std=c++0x -fexceptions -frtti -MMD -MF ./Release/.deps/Release/obj.target/libsass/src/libsass/src/memory/SharedPtr.o.d.raw   -c -o Release/obj.target/libsass/src/libsass/src/memory/SharedPtr.o ../src/libsass/src/memory/SharedPtr.cpp
#14 289.0   g++ '-DNODE_GYP_MODULE_NAME=libsass' '-DUSING_UV_SHARED=1' '-DUSING_V8_SHARED=1' '-DV8_DEPRECATION_WARNINGS=1' '-D_LARGEFILE_SOURCE' '-D_FILE_OFFSET_BITS=64' '-DLIBSASS_VERSION="3.5.5"' -I/root/.node-gyp/8.12.0/include/node -I/root/.node-gyp/8.12.0/src -I/root/.node-gyp/8.12.0/deps/openssl/config -I/root/.node-gyp/8.12.0/deps/openssl/openssl/include -I/root/.node-gyp/8.12.0/deps/uv/include -I/root/.node-gyp/8.12.0/deps/zlib -I/root/.node-gyp/8.12.0/deps/v8/include -I../src/libsass/include  -fPIC -pthread -Wall -Wextra -Wno-unused-parameter -m64 -O3 -fno-omit-frame-pointer -std=gnu++0x -std=c++0x -fexceptions -frtti -MMD -MF ./Release/.deps/Release/obj.target/libsass/src/libsass/src/node.o.d.raw   -c -o Release/obj.target/libsass/src/libsass/src/node.o ../src/libsass/src/node.cpp
#14 296.9   g++ '-DNODE_GYP_MODULE_NAME=libsass' '-DUSING_UV_SHARED=1' '-DUSING_V8_SHARED=1' '-DV8_DEPRECATION_WARNINGS=1' '-D_LARGEFILE_SOURCE' '-D_FILE_OFFSET_BITS=64' '-DLIBSASS_VERSION="3.5.5"' -I/root/.node-gyp/8.12.0/include/node -I/root/.node-gyp/8.12.0/src -I/root/.node-gyp/8.12.0/deps/openssl/config -I/root/.node-gyp/8.12.0/deps/openssl/openssl/include -I/root/.node-gyp/8.12.0/deps/uv/include -I/root/.node-gyp/8.12.0/deps/zlib -I/root/.node-gyp/8.12.0/deps/v8/include -I../src/libsass/include  -fPIC -pthread -Wall -Wextra -Wno-unused-parameter -m64 -O3 -fno-omit-frame-pointer -std=gnu++0x -std=c++0x -fexceptions -frtti -MMD -MF ./Release/.deps/Release/obj.target/libsass/src/libsass/src/operators.o.d.raw   -c -o Release/obj.target/libsass/src/libsass/src/operators.o ../src/libsass/src/operators.cpp
#14 304.8   g++ '-DNODE_GYP_MODULE_NAME=libsass' '-DUSING_UV_SHARED=1' '-DUSING_V8_SHARED=1' '-DV8_DEPRECATION_WARNINGS=1' '-D_LARGEFILE_SOURCE' '-D_FILE_OFFSET_BITS=64' '-DLIBSASS_VERSION="3.5.5"' -I/root/.node-gyp/8.12.0/include/node -I/root/.node-gyp/8.12.0/src -I/root/.node-gyp/8.12.0/deps/openssl/config -I/root/.node-gyp/8.12.0/deps/openssl/openssl/include -I/root/.node-gyp/8.12.0/deps/uv/include -I/root/.node-gyp/8.12.0/deps/zlib -I/root/.node-gyp/8.12.0/deps/v8/include -I../src/libsass/include  -fPIC -pthread -Wall -Wextra -Wno-unused-parameter -m64 -O3 -fno-omit-frame-pointer -std=gnu++0x -std=c++0x -fexceptions -frtti -MMD -MF ./Release/.deps/Release/obj.target/libsass/src/libsass/src/output.o.d.raw   -c -o Release/obj.target/libsass/src/libsass/src/output.o ../src/libsass/src/output.cpp
#14 311.8   g++ '-DNODE_GYP_MODULE_NAME=libsass' '-DUSING_UV_SHARED=1' '-DUSING_V8_SHARED=1' '-DV8_DEPRECATION_WARNINGS=1' '-D_LARGEFILE_SOURCE' '-D_FILE_OFFSET_BITS=64' '-DLIBSASS_VERSION="3.5.5"' -I/root/.node-gyp/8.12.0/include/node -I/root/.node-gyp/8.12.0/src -I/root/.node-gyp/8.12.0/deps/openssl/config -I/root/.node-gyp/8.12.0/deps/openssl/openssl/include -I/root/.node-gyp/8.12.0/deps/uv/include -I/root/.node-gyp/8.12.0/deps/zlib -I/root/.node-gyp/8.12.0/deps/v8/include -I../src/libsass/include  -fPIC -pthread -Wall -Wextra -Wno-unused-parameter -m64 -O3 -fno-omit-frame-pointer -std=gnu++0x -std=c++0x -fexceptions -frtti -MMD -MF ./Release/.deps/Release/obj.target/libsass/src/libsass/src/parser.o.d.raw   -c -o Release/obj.target/libsass/src/libsass/src/parser.o ../src/libsass/src/parser.cpp
#14 350.3   g++ '-DNODE_GYP_MODULE_NAME=libsass' '-DUSING_UV_SHARED=1' '-DUSING_V8_SHARED=1' '-DV8_DEPRECATION_WARNINGS=1' '-D_LARGEFILE_SOURCE' '-D_FILE_OFFSET_BITS=64' '-DLIBSASS_VERSION="3.5.5"' -I/root/.node-gyp/8.12.0/include/node -I/root/.node-gyp/8.12.0/src -I/root/.node-gyp/8.12.0/deps/openssl/config -I/root/.node-gyp/8.12.0/deps/openssl/openssl/include -I/root/.node-gyp/8.12.0/deps/uv/include -I/root/.node-gyp/8.12.0/deps/zlib -I/root/.node-gyp/8.12.0/deps/v8/include -I../src/libsass/include  -fPIC -pthread -Wall -Wextra -Wno-unused-parameter -m64 -O3 -fno-omit-frame-pointer -std=gnu++0x -std=c++0x -fexceptions -frtti -MMD -MF ./Release/.deps/Release/obj.target/libsass/src/libsass/src/plugins.o.d.raw   -c -o Release/obj.target/libsass/src/libsass/src/plugins.o ../src/libsass/src/plugins.cpp
#14 352.3   g++ '-DNODE_GYP_MODULE_NAME=libsass' '-DUSING_UV_SHARED=1' '-DUSING_V8_SHARED=1' '-DV8_DEPRECATION_WARNINGS=1' '-D_LARGEFILE_SOURCE' '-D_FILE_OFFSET_BITS=64' '-DLIBSASS_VERSION="3.5.5"' -I/root/.node-gyp/8.12.0/include/node -I/root/.node-gyp/8.12.0/src -I/root/.node-gyp/8.12.0/deps/openssl/config -I/root/.node-gyp/8.12.0/deps/openssl/openssl/include -I/root/.node-gyp/8.12.0/deps/uv/include -I/root/.node-gyp/8.12.0/deps/zlib -I/root/.node-gyp/8.12.0/deps/v8/include -I../src/libsass/include  -fPIC -pthread -Wall -Wextra -Wno-unused-parameter -m64 -O3 -fno-omit-frame-pointer -std=gnu++0x -std=c++0x -fexceptions -frtti -MMD -MF ./Release/.deps/Release/obj.target/libsass/src/libsass/src/position.o.d.raw   -c -o Release/obj.target/libsass/src/libsass/src/position.o ../src/libsass/src/position.cpp
#14 353.4   g++ '-DNODE_GYP_MODULE_NAME=libsass' '-DUSING_UV_SHARED=1' '-DUSING_V8_SHARED=1' '-DV8_DEPRECATION_WARNINGS=1' '-D_LARGEFILE_SOURCE' '-D_FILE_OFFSET_BITS=64' '-DLIBSASS_VERSION="3.5.5"' -I/root/.node-gyp/8.12.0/include/node -I/root/.node-gyp/8.12.0/src -I/root/.node-gyp/8.12.0/deps/openssl/config -I/root/.node-gyp/8.12.0/deps/openssl/openssl/include -I/root/.node-gyp/8.12.0/deps/uv/include -I/root/.node-gyp/8.12.0/deps/zlib -I/root/.node-gyp/8.12.0/deps/v8/include -I../src/libsass/include  -fPIC -pthread -Wall -Wextra -Wno-unused-parameter -m64 -O3 -fno-omit-frame-pointer -std=gnu++0x -std=c++0x -fexceptions -frtti -MMD -MF ./Release/.deps/Release/obj.target/libsass/src/libsass/src/prelexer.o.d.raw   -c -o Release/obj.target/libsass/src/libsass/src/prelexer.o ../src/libsass/src/prelexer.cpp
#14 359.6   g++ '-DNODE_GYP_MODULE_NAME=libsass' '-DUSING_UV_SHARED=1' '-DUSING_V8_SHARED=1' '-DV8_DEPRECATION_WARNINGS=1' '-D_LARGEFILE_SOURCE' '-D_FILE_OFFSET_BITS=64' '-DLIBSASS_VERSION="3.5.5"' -I/root/.node-gyp/8.12.0/include/node -I/root/.node-gyp/8.12.0/src -I/root/.node-gyp/8.12.0/deps/openssl/config -I/root/.node-gyp/8.12.0/deps/openssl/openssl/include -I/root/.node-gyp/8.12.0/deps/uv/include -I/root/.node-gyp/8.12.0/deps/zlib -I/root/.node-gyp/8.12.0/deps/v8/include -I../src/libsass/include  -fPIC -pthread -Wall -Wextra -Wno-unused-parameter -m64 -O3 -fno-omit-frame-pointer -std=gnu++0x -std=c++0x -fexceptions -frtti -MMD -MF ./Release/.deps/Release/obj.target/libsass/src/libsass/src/remove_placeholders.o.d.raw   -c -o Release/obj.target/libsass/src/libsass/src/remove_placeholders.o ../src/libsass/src/remove_placeholders.cpp
#14 367.6   g++ '-DNODE_GYP_MODULE_NAME=libsass' '-DUSING_UV_SHARED=1' '-DUSING_V8_SHARED=1' '-DV8_DEPRECATION_WARNINGS=1' '-D_LARGEFILE_SOURCE' '-D_FILE_OFFSET_BITS=64' '-DLIBSASS_VERSION="3.5.5"' -I/root/.node-gyp/8.12.0/include/node -I/root/.node-gyp/8.12.0/src -I/root/.node-gyp/8.12.0/deps/openssl/config -I/root/.node-gyp/8.12.0/deps/openssl/openssl/include -I/root/.node-gyp/8.12.0/deps/uv/include -I/root/.node-gyp/8.12.0/deps/zlib -I/root/.node-gyp/8.12.0/deps/v8/include -I../src/libsass/include  -fPIC -pthread -Wall -Wextra -Wno-unused-parameter -m64 -O3 -fno-omit-frame-pointer -std=gnu++0x -std=c++0x -fexceptions -frtti -MMD -MF ./Release/.deps/Release/obj.target/libsass/src/libsass/src/sass.o.d.raw   -c -o Release/obj.target/libsass/src/libsass/src/sass.o ../src/libsass/src/sass.cpp
#14 373.9   g++ '-DNODE_GYP_MODULE_NAME=libsass' '-DUSING_UV_SHARED=1' '-DUSING_V8_SHARED=1' '-DV8_DEPRECATION_WARNINGS=1' '-D_LARGEFILE_SOURCE' '-D_FILE_OFFSET_BITS=64' '-DLIBSASS_VERSION="3.5.5"' -I/root/.node-gyp/8.12.0/include/node -I/root/.node-gyp/8.12.0/src -I/root/.node-gyp/8.12.0/deps/openssl/config -I/root/.node-gyp/8.12.0/deps/openssl/openssl/include -I/root/.node-gyp/8.12.0/deps/uv/include -I/root/.node-gyp/8.12.0/deps/zlib -I/root/.node-gyp/8.12.0/deps/v8/include -I../src/libsass/include  -fPIC -pthread -Wall -Wextra -Wno-unused-parameter -m64 -O3 -fno-omit-frame-pointer -std=gnu++0x -std=c++0x -fexceptions -frtti -MMD -MF ./Release/.deps/Release/obj.target/libsass/src/libsass/src/sass2scss.o.d.raw   -c -o Release/obj.target/libsass/src/libsass/src/sass2scss.o ../src/libsass/src/sass2scss.cpp
#14 378.2   g++ '-DNODE_GYP_MODULE_NAME=libsass' '-DUSING_UV_SHARED=1' '-DUSING_V8_SHARED=1' '-DV8_DEPRECATION_WARNINGS=1' '-D_LARGEFILE_SOURCE' '-D_FILE_OFFSET_BITS=64' '-DLIBSASS_VERSION="3.5.5"' -I/root/.node-gyp/8.12.0/include/node -I/root/.node-gyp/8.12.0/src -I/root/.node-gyp/8.12.0/deps/openssl/config -I/root/.node-gyp/8.12.0/deps/openssl/openssl/include -I/root/.node-gyp/8.12.0/deps/uv/include -I/root/.node-gyp/8.12.0/deps/zlib -I/root/.node-gyp/8.12.0/deps/v8/include -I../src/libsass/include  -fPIC -pthread -Wall -Wextra -Wno-unused-parameter -m64 -O3 -fno-omit-frame-pointer -std=gnu++0x -std=c++0x -fexceptions -frtti -MMD -MF ./Release/.deps/Release/obj.target/libsass/src/libsass/src/sass_context.o.d.raw   -c -o Release/obj.target/libsass/src/libsass/src/sass_context.o ../src/libsass/src/sass_context.cpp
#14 385.1   g++ '-DNODE_GYP_MODULE_NAME=libsass' '-DUSING_UV_SHARED=1' '-DUSING_V8_SHARED=1' '-DV8_DEPRECATION_WARNINGS=1' '-D_LARGEFILE_SOURCE' '-D_FILE_OFFSET_BITS=64' '-DLIBSASS_VERSION="3.5.5"' -I/root/.node-gyp/8.12.0/include/node -I/root/.node-gyp/8.12.0/src -I/root/.node-gyp/8.12.0/deps/openssl/config -I/root/.node-gyp/8.12.0/deps/openssl/openssl/include -I/root/.node-gyp/8.12.0/deps/uv/include -I/root/.node-gyp/8.12.0/deps/zlib -I/root/.node-gyp/8.12.0/deps/v8/include -I../src/libsass/include  -fPIC -pthread -Wall -Wextra -Wno-unused-parameter -m64 -O3 -fno-omit-frame-pointer -std=gnu++0x -std=c++0x -fexceptions -frtti -MMD -MF ./Release/.deps/Release/obj.target/libsass/src/libsass/src/sass_functions.o.d.raw   -c -o Release/obj.target/libsass/src/libsass/src/sass_functions.o ../src/libsass/src/sass_functions.cpp
#14 390.0   g++ '-DNODE_GYP_MODULE_NAME=libsass' '-DUSING_UV_SHARED=1' '-DUSING_V8_SHARED=1' '-DV8_DEPRECATION_WARNINGS=1' '-D_LARGEFILE_SOURCE' '-D_FILE_OFFSET_BITS=64' '-DLIBSASS_VERSION="3.5.5"' -I/root/.node-gyp/8.12.0/include/node -I/root/.node-gyp/8.12.0/src -I/root/.node-gyp/8.12.0/deps/openssl/config -I/root/.node-gyp/8.12.0/deps/openssl/openssl/include -I/root/.node-gyp/8.12.0/deps/uv/include -I/root/.node-gyp/8.12.0/deps/zlib -I/root/.node-gyp/8.12.0/deps/v8/include -I../src/libsass/include  -fPIC -pthread -Wall -Wextra -Wno-unused-parameter -m64 -O3 -fno-omit-frame-pointer -std=gnu++0x -std=c++0x -fexceptions -frtti -MMD -MF ./Release/.deps/Release/obj.target/libsass/src/libsass/src/sass_util.o.d.raw   -c -o Release/obj.target/libsass/src/libsass/src/sass_util.o ../src/libsass/src/sass_util.cpp
#14 394.7   g++ '-DNODE_GYP_MODULE_NAME=libsass' '-DUSING_UV_SHARED=1' '-DUSING_V8_SHARED=1' '-DV8_DEPRECATION_WARNINGS=1' '-D_LARGEFILE_SOURCE' '-D_FILE_OFFSET_BITS=64' '-DLIBSASS_VERSION="3.5.5"' -I/root/.node-gyp/8.12.0/include/node -I/root/.node-gyp/8.12.0/src -I/root/.node-gyp/8.12.0/deps/openssl/config -I/root/.node-gyp/8.12.0/deps/openssl/openssl/include -I/root/.node-gyp/8.12.0/deps/uv/include -I/root/.node-gyp/8.12.0/deps/zlib -I/root/.node-gyp/8.12.0/deps/v8/include -I../src/libsass/include  -fPIC -pthread -Wall -Wextra -Wno-unused-parameter -m64 -O3 -fno-omit-frame-pointer -std=gnu++0x -std=c++0x -fexceptions -frtti -MMD -MF ./Release/.deps/Release/obj.target/libsass/src/libsass/src/sass_values.o.d.raw   -c -o Release/obj.target/libsass/src/libsass/src/sass_values.o ../src/libsass/src/sass_values.cpp
#14 400.0   g++ '-DNODE_GYP_MODULE_NAME=libsass' '-DUSING_UV_SHARED=1' '-DUSING_V8_SHARED=1' '-DV8_DEPRECATION_WARNINGS=1' '-D_LARGEFILE_SOURCE' '-D_FILE_OFFSET_BITS=64' '-DLIBSASS_VERSION="3.5.5"' -I/root/.node-gyp/8.12.0/include/node -I/root/.node-gyp/8.12.0/src -I/root/.node-gyp/8.12.0/deps/openssl/config -I/root/.node-gyp/8.12.0/deps/openssl/openssl/include -I/root/.node-gyp/8.12.0/deps/uv/include -I/root/.node-gyp/8.12.0/deps/zlib -I/root/.node-gyp/8.12.0/deps/v8/include -I../src/libsass/include  -fPIC -pthread -Wall -Wextra -Wno-unused-parameter -m64 -O3 -fno-omit-frame-pointer -std=gnu++0x -std=c++0x -fexceptions -frtti -MMD -MF ./Release/.deps/Release/obj.target/libsass/src/libsass/src/source_map.o.d.raw   -c -o Release/obj.target/libsass/src/libsass/src/source_map.o ../src/libsass/src/source_map.cpp
#14 406.1   g++ '-DNODE_GYP_MODULE_NAME=libsass' '-DUSING_UV_SHARED=1' '-DUSING_V8_SHARED=1' '-DV8_DEPRECATION_WARNINGS=1' '-D_LARGEFILE_SOURCE' '-D_FILE_OFFSET_BITS=64' '-DLIBSASS_VERSION="3.5.5"' -I/root/.node-gyp/8.12.0/include/node -I/root/.node-gyp/8.12.0/src -I/root/.node-gyp/8.12.0/deps/openssl/config -I/root/.node-gyp/8.12.0/deps/openssl/openssl/include -I/root/.node-gyp/8.12.0/deps/uv/include -I/root/.node-gyp/8.12.0/deps/zlib -I/root/.node-gyp/8.12.0/deps/v8/include -I../src/libsass/include  -fPIC -pthread -Wall -Wextra -Wno-unused-parameter -m64 -O3 -fno-omit-frame-pointer -std=gnu++0x -std=c++0x -fexceptions -frtti -MMD -MF ./Release/.deps/Release/obj.target/libsass/src/libsass/src/subset_map.o.d.raw   -c -o Release/obj.target/libsass/src/libsass/src/subset_map.o ../src/libsass/src/subset_map.cpp
#14 412.5   g++ '-DNODE_GYP_MODULE_NAME=libsass' '-DUSING_UV_SHARED=1' '-DUSING_V8_SHARED=1' '-DV8_DEPRECATION_WARNINGS=1' '-D_LARGEFILE_SOURCE' '-D_FILE_OFFSET_BITS=64' '-DLIBSASS_VERSION="3.5.5"' -I/root/.node-gyp/8.12.0/include/node -I/root/.node-gyp/8.12.0/src -I/root/.node-gyp/8.12.0/deps/openssl/config -I/root/.node-gyp/8.12.0/deps/openssl/openssl/include -I/root/.node-gyp/8.12.0/deps/uv/include -I/root/.node-gyp/8.12.0/deps/zlib -I/root/.node-gyp/8.12.0/deps/v8/include -I../src/libsass/include  -fPIC -pthread -Wall -Wextra -Wno-unused-parameter -m64 -O3 -fno-omit-frame-pointer -std=gnu++0x -std=c++0x -fexceptions -frtti -MMD -MF ./Release/.deps/Release/obj.target/libsass/src/libsass/src/to_c.o.d.raw   -c -o Release/obj.target/libsass/src/libsass/src/to_c.o ../src/libsass/src/to_c.cpp
#14 417.4   g++ '-DNODE_GYP_MODULE_NAME=libsass' '-DUSING_UV_SHARED=1' '-DUSING_V8_SHARED=1' '-DV8_DEPRECATION_WARNINGS=1' '-D_LARGEFILE_SOURCE' '-D_FILE_OFFSET_BITS=64' '-DLIBSASS_VERSION="3.5.5"' -I/root/.node-gyp/8.12.0/include/node -I/root/.node-gyp/8.12.0/src -I/root/.node-gyp/8.12.0/deps/openssl/config -I/root/.node-gyp/8.12.0/deps/openssl/openssl/include -I/root/.node-gyp/8.12.0/deps/uv/include -I/root/.node-gyp/8.12.0/deps/zlib -I/root/.node-gyp/8.12.0/deps/v8/include -I../src/libsass/include  -fPIC -pthread -Wall -Wextra -Wno-unused-parameter -m64 -O3 -fno-omit-frame-pointer -std=gnu++0x -std=c++0x -fexceptions -frtti -MMD -MF ./Release/.deps/Release/obj.target/libsass/src/libsass/src/to_value.o.d.raw   -c -o Release/obj.target/libsass/src/libsass/src/to_value.o ../src/libsass/src/to_value.cpp
#14 424.7   g++ '-DNODE_GYP_MODULE_NAME=libsass' '-DUSING_UV_SHARED=1' '-DUSING_V8_SHARED=1' '-DV8_DEPRECATION_WARNINGS=1' '-D_LARGEFILE_SOURCE' '-D_FILE_OFFSET_BITS=64' '-DLIBSASS_VERSION="3.5.5"' -I/root/.node-gyp/8.12.0/include/node -I/root/.node-gyp/8.12.0/src -I/root/.node-gyp/8.12.0/deps/openssl/config -I/root/.node-gyp/8.12.0/deps/openssl/openssl/include -I/root/.node-gyp/8.12.0/deps/uv/include -I/root/.node-gyp/8.12.0/deps/zlib -I/root/.node-gyp/8.12.0/deps/v8/include -I../src/libsass/include  -fPIC -pthread -Wall -Wextra -Wno-unused-parameter -m64 -O3 -fno-omit-frame-pointer -std=gnu++0x -std=c++0x -fexceptions -frtti -MMD -MF ./Release/.deps/Release/obj.target/libsass/src/libsass/src/units.o.d.raw   -c -o Release/obj.target/libsass/src/libsass/src/units.o ../src/libsass/src/units.cpp
#14 431.1   g++ '-DNODE_GYP_MODULE_NAME=libsass' '-DUSING_UV_SHARED=1' '-DUSING_V8_SHARED=1' '-DV8_DEPRECATION_WARNINGS=1' '-D_LARGEFILE_SOURCE' '-D_FILE_OFFSET_BITS=64' '-DLIBSASS_VERSION="3.5.5"' -I/root/.node-gyp/8.12.0/include/node -I/root/.node-gyp/8.12.0/src -I/root/.node-gyp/8.12.0/deps/openssl/config -I/root/.node-gyp/8.12.0/deps/openssl/openssl/include -I/root/.node-gyp/8.12.0/deps/uv/include -I/root/.node-gyp/8.12.0/deps/zlib -I/root/.node-gyp/8.12.0/deps/v8/include -I../src/libsass/include  -fPIC -pthread -Wall -Wextra -Wno-unused-parameter -m64 -O3 -fno-omit-frame-pointer -std=gnu++0x -std=c++0x -fexceptions -frtti -MMD -MF ./Release/.deps/Release/obj.target/libsass/src/libsass/src/utf8_string.o.d.raw   -c -o Release/obj.target/libsass/src/libsass/src/utf8_string.o ../src/libsass/src/utf8_string.cpp
#14 433.2   g++ '-DNODE_GYP_MODULE_NAME=libsass' '-DUSING_UV_SHARED=1' '-DUSING_V8_SHARED=1' '-DV8_DEPRECATION_WARNINGS=1' '-D_LARGEFILE_SOURCE' '-D_FILE_OFFSET_BITS=64' '-DLIBSASS_VERSION="3.5.5"' -I/root/.node-gyp/8.12.0/include/node -I/root/.node-gyp/8.12.0/src -I/root/.node-gyp/8.12.0/deps/openssl/config -I/root/.node-gyp/8.12.0/deps/openssl/openssl/include -I/root/.node-gyp/8.12.0/deps/uv/include -I/root/.node-gyp/8.12.0/deps/zlib -I/root/.node-gyp/8.12.0/deps/v8/include -I../src/libsass/include  -fPIC -pthread -Wall -Wextra -Wno-unused-parameter -m64 -O3 -fno-omit-frame-pointer -std=gnu++0x -std=c++0x -fexceptions -frtti -MMD -MF ./Release/.deps/Release/obj.target/libsass/src/libsass/src/util.o.d.raw   -c -o Release/obj.target/libsass/src/libsass/src/util.o ../src/libsass/src/util.cpp
#14 438.3   g++ '-DNODE_GYP_MODULE_NAME=libsass' '-DUSING_UV_SHARED=1' '-DUSING_V8_SHARED=1' '-DV8_DEPRECATION_WARNINGS=1' '-D_LARGEFILE_SOURCE' '-D_FILE_OFFSET_BITS=64' '-DLIBSASS_VERSION="3.5.5"' -I/root/.node-gyp/8.12.0/include/node -I/root/.node-gyp/8.12.0/src -I/root/.node-gyp/8.12.0/deps/openssl/config -I/root/.node-gyp/8.12.0/deps/openssl/openssl/include -I/root/.node-gyp/8.12.0/deps/uv/include -I/root/.node-gyp/8.12.0/deps/zlib -I/root/.node-gyp/8.12.0/deps/v8/include -I../src/libsass/include  -fPIC -pthread -Wall -Wextra -Wno-unused-parameter -m64 -O3 -fno-omit-frame-pointer -std=gnu++0x -std=c++0x -fexceptions -frtti -MMD -MF ./Release/.deps/Release/obj.target/libsass/src/libsass/src/values.o.d.raw   -c -o Release/obj.target/libsass/src/libsass/src/values.o ../src/libsass/src/values.cpp
#14 444.0   rm -f Release/obj.target/src/sass.a && ar crs Release/obj.target/src/sass.a Release/obj.target/libsass/src/libsass/src/ast.o Release/obj.target/libsass/src/libsass/src/ast_fwd_decl.o Release/obj.target/libsass/src/libsass/src/backtrace.o Release/obj.target/libsass/src/libsass/src/base64vlq.o Release/obj.target/libsass/src/libsass/src/bind.o Release/obj.target/libsass/src/libsass/src/cencode.o Release/obj.target/libsass/src/libsass/src/check_nesting.o Release/obj.target/libsass/src/libsass/src/color_maps.o Release/obj.target/libsass/src/libsass/src/constants.o Release/obj.target/libsass/src/libsass/src/context.o Release/obj.target/libsass/src/libsass/src/cssize.o Release/obj.target/libsass/src/libsass/src/emitter.o Release/obj.target/libsass/src/libsass/src/environment.o Release/obj.target/libsass/src/libsass/src/error_handling.o Release/obj.target/libsass/src/libsass/src/eval.o Release/obj.target/libsass/src/libsass/src/expand.o Release/obj.target/libsass/src/libsass/src/extend.o Release/obj.target/libsass/src/libsass/src/file.o Release/obj.target/libsass/src/libsass/src/functions.o Release/obj.target/libsass/src/libsass/src/inspect.o Release/obj.target/libsass/src/libsass/src/json.o Release/obj.target/libsass/src/libsass/src/lexer.o Release/obj.target/libsass/src/libsass/src/listize.o Release/obj.target/libsass/src/libsass/src/memory/SharedPtr.o Release/obj.target/libsass/src/libsass/src/node.o Release/obj.target/libsass/src/libsass/src/operators.o Release/obj.target/libsass/src/libsass/src/output.o Release/obj.target/libsass/src/libsass/src/parser.o Release/obj.target/libsass/src/libsass/src/plugins.o Release/obj.target/libsass/src/libsass/src/position.o Release/obj.target/libsass/src/libsass/src/prelexer.o Release/obj.target/libsass/src/libsass/src/remove_placeholders.o Release/obj.target/libsass/src/libsass/src/sass.o Release/obj.target/libsass/src/libsass/src/sass2scss.o Release/obj.target/libsass/src/libsass/src/sass_context.o Release/obj.target/libsass/src/libsass/src/sass_functions.o Release/obj.target/libsass/src/libsass/src/sass_util.o Release/obj.target/libsass/src/libsass/src/sass_values.o Release/obj.target/libsass/src/libsass/src/source_map.o Release/obj.target/libsass/src/libsass/src/subset_map.o Release/obj.target/libsass/src/libsass/src/to_c.o Release/obj.target/libsass/src/libsass/src/to_value.o Release/obj.target/libsass/src/libsass/src/units.o Release/obj.target/libsass/src/libsass/src/utf8_string.o Release/obj.target/libsass/src/libsass/src/util.o Release/obj.target/libsass/src/libsass/src/values.o
#14 444.3   rm -rf "Release/sass.a" && cp -af "Release/obj.target/src/sass.a" "Release/sass.a"
#14 444.4   g++ '-DNODE_GYP_MODULE_NAME=binding' '-DUSING_UV_SHARED=1' '-DUSING_V8_SHARED=1' '-DV8_DEPRECATION_WARNINGS=1' '-D_LARGEFILE_SOURCE' '-D_FILE_OFFSET_BITS=64' '-DBUILDING_NODE_EXTENSION' -I/root/.node-gyp/8.12.0/include/node -I/root/.node-gyp/8.12.0/src -I/root/.node-gyp/8.12.0/deps/openssl/config -I/root/.node-gyp/8.12.0/deps/openssl/openssl/include -I/root/.node-gyp/8.12.0/deps/uv/include -I/root/.node-gyp/8.12.0/deps/zlib -I/root/.node-gyp/8.12.0/deps/v8/include -I../../nan -I../src/libsass/include  -fPIC -pthread -Wall -Wextra -Wno-unused-parameter -m64 -O3 -fno-omit-frame-pointer -fno-rtti -fno-exceptions -std=gnu++0x -std=c++0x -MMD -MF ./Release/.deps/Release/obj.target/binding/src/binding.o.d.raw   -c -o Release/obj.target/binding/src/binding.o ../src/binding.cpp
#14 448.8   g++ '-DNODE_GYP_MODULE_NAME=binding' '-DUSING_UV_SHARED=1' '-DUSING_V8_SHARED=1' '-DV8_DEPRECATION_WARNINGS=1' '-D_LARGEFILE_SOURCE' '-D_FILE_OFFSET_BITS=64' '-DBUILDING_NODE_EXTENSION' -I/root/.node-gyp/8.12.0/include/node -I/root/.node-gyp/8.12.0/src -I/root/.node-gyp/8.12.0/deps/openssl/config -I/root/.node-gyp/8.12.0/deps/openssl/openssl/include -I/root/.node-gyp/8.12.0/deps/uv/include -I/root/.node-gyp/8.12.0/deps/zlib -I/root/.node-gyp/8.12.0/deps/v8/include -I../../nan -I../src/libsass/include  -fPIC -pthread -Wall -Wextra -Wno-unused-parameter -m64 -O3 -fno-omit-frame-pointer -fno-rtti -fno-exceptions -std=gnu++0x -std=c++0x -MMD -MF ./Release/.deps/Release/obj.target/binding/src/create_string.o.d.raw   -c -o Release/obj.target/binding/src/create_string.o ../src/create_string.cpp
#14 451.6   g++ '-DNODE_GYP_MODULE_NAME=binding' '-DUSING_UV_SHARED=1' '-DUSING_V8_SHARED=1' '-DV8_DEPRECATION_WARNINGS=1' '-D_LARGEFILE_SOURCE' '-D_FILE_OFFSET_BITS=64' '-DBUILDING_NODE_EXTENSION' -I/root/.node-gyp/8.12.0/include/node -I/root/.node-gyp/8.12.0/src -I/root/.node-gyp/8.12.0/deps/openssl/config -I/root/.node-gyp/8.12.0/deps/openssl/openssl/include -I/root/.node-gyp/8.12.0/deps/uv/include -I/root/.node-gyp/8.12.0/deps/zlib -I/root/.node-gyp/8.12.0/deps/v8/include -I../../nan -I../src/libsass/include  -fPIC -pthread -Wall -Wextra -Wno-unused-parameter -m64 -O3 -fno-omit-frame-pointer -fno-rtti -fno-exceptions -std=gnu++0x -std=c++0x -MMD -MF ./Release/.deps/Release/obj.target/binding/src/custom_function_bridge.o.d.raw   -c -o Release/obj.target/binding/src/custom_function_bridge.o ../src/custom_function_bridge.cpp
#14 453.7   g++ '-DNODE_GYP_MODULE_NAME=binding' '-DUSING_UV_SHARED=1' '-DUSING_V8_SHARED=1' '-DV8_DEPRECATION_WARNINGS=1' '-D_LARGEFILE_SOURCE' '-D_FILE_OFFSET_BITS=64' '-DBUILDING_NODE_EXTENSION' -I/root/.node-gyp/8.12.0/include/node -I/root/.node-gyp/8.12.0/src -I/root/.node-gyp/8.12.0/deps/openssl/config -I/root/.node-gyp/8.12.0/deps/openssl/openssl/include -I/root/.node-gyp/8.12.0/deps/uv/include -I/root/.node-gyp/8.12.0/deps/zlib -I/root/.node-gyp/8.12.0/deps/v8/include -I../../nan -I../src/libsass/include  -fPIC -pthread -Wall -Wextra -Wno-unused-parameter -m64 -O3 -fno-omit-frame-pointer -fno-rtti -fno-exceptions -std=gnu++0x -std=c++0x -MMD -MF ./Release/.deps/Release/obj.target/binding/src/custom_importer_bridge.o.d.raw   -c -o Release/obj.target/binding/src/custom_importer_bridge.o ../src/custom_importer_bridge.cpp
#14 457.1   g++ '-DNODE_GYP_MODULE_NAME=binding' '-DUSING_UV_SHARED=1' '-DUSING_V8_SHARED=1' '-DV8_DEPRECATION_WARNINGS=1' '-D_LARGEFILE_SOURCE' '-D_FILE_OFFSET_BITS=64' '-DBUILDING_NODE_EXTENSION' -I/root/.node-gyp/8.12.0/include/node -I/root/.node-gyp/8.12.0/src -I/root/.node-gyp/8.12.0/deps/openssl/config -I/root/.node-gyp/8.12.0/deps/openssl/openssl/include -I/root/.node-gyp/8.12.0/deps/uv/include -I/root/.node-gyp/8.12.0/deps/zlib -I/root/.node-gyp/8.12.0/deps/v8/include -I../../nan -I../src/libsass/include  -fPIC -pthread -Wall -Wextra -Wno-unused-parameter -m64 -O3 -fno-omit-frame-pointer -fno-rtti -fno-exceptions -std=gnu++0x -std=c++0x -MMD -MF ./Release/.deps/Release/obj.target/binding/src/sass_context_wrapper.o.d.raw   -c -o Release/obj.target/binding/src/sass_context_wrapper.o ../src/sass_context_wrapper.cpp
#14 459.6   g++ '-DNODE_GYP_MODULE_NAME=binding' '-DUSING_UV_SHARED=1' '-DUSING_V8_SHARED=1' '-DV8_DEPRECATION_WARNINGS=1' '-D_LARGEFILE_SOURCE' '-D_FILE_OFFSET_BITS=64' '-DBUILDING_NODE_EXTENSION' -I/root/.node-gyp/8.12.0/include/node -I/root/.node-gyp/8.12.0/src -I/root/.node-gyp/8.12.0/deps/openssl/config -I/root/.node-gyp/8.12.0/deps/openssl/openssl/include -I/root/.node-gyp/8.12.0/deps/uv/include -I/root/.node-gyp/8.12.0/deps/zlib -I/root/.node-gyp/8.12.0/deps/v8/include -I../../nan -I../src/libsass/include  -fPIC -pthread -Wall -Wextra -Wno-unused-parameter -m64 -O3 -fno-omit-frame-pointer -fno-rtti -fno-exceptions -std=gnu++0x -std=c++0x -MMD -MF ./Release/.deps/Release/obj.target/binding/src/sass_types/boolean.o.d.raw   -c -o Release/obj.target/binding/src/sass_types/boolean.o ../src/sass_types/boolean.cpp
#14 463.0   g++ '-DNODE_GYP_MODULE_NAME=binding' '-DUSING_UV_SHARED=1' '-DUSING_V8_SHARED=1' '-DV8_DEPRECATION_WARNINGS=1' '-D_LARGEFILE_SOURCE' '-D_FILE_OFFSET_BITS=64' '-DBUILDING_NODE_EXTENSION' -I/root/.node-gyp/8.12.0/include/node -I/root/.node-gyp/8.12.0/src -I/root/.node-gyp/8.12.0/deps/openssl/config -I/root/.node-gyp/8.12.0/deps/openssl/openssl/include -I/root/.node-gyp/8.12.0/deps/uv/include -I/root/.node-gyp/8.12.0/deps/zlib -I/root/.node-gyp/8.12.0/deps/v8/include -I../../nan -I../src/libsass/include  -fPIC -pthread -Wall -Wextra -Wno-unused-parameter -m64 -O3 -fno-omit-frame-pointer -fno-rtti -fno-exceptions -std=gnu++0x -std=c++0x -MMD -MF ./Release/.deps/Release/obj.target/binding/src/sass_types/color.o.d.raw   -c -o Release/obj.target/binding/src/sass_types/color.o ../src/sass_types/color.cpp
#14 465.8   g++ '-DNODE_GYP_MODULE_NAME=binding' '-DUSING_UV_SHARED=1' '-DUSING_V8_SHARED=1' '-DV8_DEPRECATION_WARNINGS=1' '-D_LARGEFILE_SOURCE' '-D_FILE_OFFSET_BITS=64' '-DBUILDING_NODE_EXTENSION' -I/root/.node-gyp/8.12.0/include/node -I/root/.node-gyp/8.12.0/src -I/root/.node-gyp/8.12.0/deps/openssl/config -I/root/.node-gyp/8.12.0/deps/openssl/openssl/include -I/root/.node-gyp/8.12.0/deps/uv/include -I/root/.node-gyp/8.12.0/deps/zlib -I/root/.node-gyp/8.12.0/deps/v8/include -I../../nan -I../src/libsass/include  -fPIC -pthread -Wall -Wextra -Wno-unused-parameter -m64 -O3 -fno-omit-frame-pointer -fno-rtti -fno-exceptions -std=gnu++0x -std=c++0x -MMD -MF ./Release/.deps/Release/obj.target/binding/src/sass_types/error.o.d.raw   -c -o Release/obj.target/binding/src/sass_types/error.o ../src/sass_types/error.cpp
#14 468.0   g++ '-DNODE_GYP_MODULE_NAME=binding' '-DUSING_UV_SHARED=1' '-DUSING_V8_SHARED=1' '-DV8_DEPRECATION_WARNINGS=1' '-D_LARGEFILE_SOURCE' '-D_FILE_OFFSET_BITS=64' '-DBUILDING_NODE_EXTENSION' -I/root/.node-gyp/8.12.0/include/node -I/root/.node-gyp/8.12.0/src -I/root/.node-gyp/8.12.0/deps/openssl/config -I/root/.node-gyp/8.12.0/deps/openssl/openssl/include -I/root/.node-gyp/8.12.0/deps/uv/include -I/root/.node-gyp/8.12.0/deps/zlib -I/root/.node-gyp/8.12.0/deps/v8/include -I../../nan -I../src/libsass/include  -fPIC -pthread -Wall -Wextra -Wno-unused-parameter -m64 -O3 -fno-omit-frame-pointer -fno-rtti -fno-exceptions -std=gnu++0x -std=c++0x -MMD -MF ./Release/.deps/Release/obj.target/binding/src/sass_types/factory.o.d.raw   -c -o Release/obj.target/binding/src/sass_types/factory.o ../src/sass_types/factory.cpp
#14 472.9   g++ '-DNODE_GYP_MODULE_NAME=binding' '-DUSING_UV_SHARED=1' '-DUSING_V8_SHARED=1' '-DV8_DEPRECATION_WARNINGS=1' '-D_LARGEFILE_SOURCE' '-D_FILE_OFFSET_BITS=64' '-DBUILDING_NODE_EXTENSION' -I/root/.node-gyp/8.12.0/include/node -I/root/.node-gyp/8.12.0/src -I/root/.node-gyp/8.12.0/deps/openssl/config -I/root/.node-gyp/8.12.0/deps/openssl/openssl/include -I/root/.node-gyp/8.12.0/deps/uv/include -I/root/.node-gyp/8.12.0/deps/zlib -I/root/.node-gyp/8.12.0/deps/v8/include -I../../nan -I../src/libsass/include  -fPIC -pthread -Wall -Wextra -Wno-unused-parameter -m64 -O3 -fno-omit-frame-pointer -fno-rtti -fno-exceptions -std=gnu++0x -std=c++0x -MMD -MF ./Release/.deps/Release/obj.target/binding/src/sass_types/list.o.d.raw   -c -o Release/obj.target/binding/src/sass_types/list.o ../src/sass_types/list.cpp
#14 476.5   g++ '-DNODE_GYP_MODULE_NAME=binding' '-DUSING_UV_SHARED=1' '-DUSING_V8_SHARED=1' '-DV8_DEPRECATION_WARNINGS=1' '-D_LARGEFILE_SOURCE' '-D_FILE_OFFSET_BITS=64' '-DBUILDING_NODE_EXTENSION' -I/root/.node-gyp/8.12.0/include/node -I/root/.node-gyp/8.12.0/src -I/root/.node-gyp/8.12.0/deps/openssl/config -I/root/.node-gyp/8.12.0/deps/openssl/openssl/include -I/root/.node-gyp/8.12.0/deps/uv/include -I/root/.node-gyp/8.12.0/deps/zlib -I/root/.node-gyp/8.12.0/deps/v8/include -I../../nan -I../src/libsass/include  -fPIC -pthread -Wall -Wextra -Wno-unused-parameter -m64 -O3 -fno-omit-frame-pointer -fno-rtti -fno-exceptions -std=gnu++0x -std=c++0x -MMD -MF ./Release/.deps/Release/obj.target/binding/src/sass_types/map.o.d.raw   -c -o Release/obj.target/binding/src/sass_types/map.o ../src/sass_types/map.cpp
#14 480.0   g++ '-DNODE_GYP_MODULE_NAME=binding' '-DUSING_UV_SHARED=1' '-DUSING_V8_SHARED=1' '-DV8_DEPRECATION_WARNINGS=1' '-D_LARGEFILE_SOURCE' '-D_FILE_OFFSET_BITS=64' '-DBUILDING_NODE_EXTENSION' -I/root/.node-gyp/8.12.0/include/node -I/root/.node-gyp/8.12.0/src -I/root/.node-gyp/8.12.0/deps/openssl/config -I/root/.node-gyp/8.12.0/deps/openssl/openssl/include -I/root/.node-gyp/8.12.0/deps/uv/include -I/root/.node-gyp/8.12.0/deps/zlib -I/root/.node-gyp/8.12.0/deps/v8/include -I../../nan -I../src/libsass/include  -fPIC -pthread -Wall -Wextra -Wno-unused-parameter -m64 -O3 -fno-omit-frame-pointer -fno-rtti -fno-exceptions -std=gnu++0x -std=c++0x -MMD -MF ./Release/.deps/Release/obj.target/binding/src/sass_types/null.o.d.raw   -c -o Release/obj.target/binding/src/sass_types/null.o ../src/sass_types/null.cpp
#14 482.8   g++ '-DNODE_GYP_MODULE_NAME=binding' '-DUSING_UV_SHARED=1' '-DUSING_V8_SHARED=1' '-DV8_DEPRECATION_WARNINGS=1' '-D_LARGEFILE_SOURCE' '-D_FILE_OFFSET_BITS=64' '-DBUILDING_NODE_EXTENSION' -I/root/.node-gyp/8.12.0/include/node -I/root/.node-gyp/8.12.0/src -I/root/.node-gyp/8.12.0/deps/openssl/config -I/root/.node-gyp/8.12.0/deps/openssl/openssl/include -I/root/.node-gyp/8.12.0/deps/uv/include -I/root/.node-gyp/8.12.0/deps/zlib -I/root/.node-gyp/8.12.0/deps/v8/include -I../../nan -I../src/libsass/include  -fPIC -pthread -Wall -Wextra -Wno-unused-parameter -m64 -O3 -fno-omit-frame-pointer -fno-rtti -fno-exceptions -std=gnu++0x -std=c++0x -MMD -MF ./Release/.deps/Release/obj.target/binding/src/sass_types/number.o.d.raw   -c -o Release/obj.target/binding/src/sass_types/number.o ../src/sass_types/number.cpp
#14 486.0   g++ '-DNODE_GYP_MODULE_NAME=binding' '-DUSING_UV_SHARED=1' '-DUSING_V8_SHARED=1' '-DV8_DEPRECATION_WARNINGS=1' '-D_LARGEFILE_SOURCE' '-D_FILE_OFFSET_BITS=64' '-DBUILDING_NODE_EXTENSION' -I/root/.node-gyp/8.12.0/include/node -I/root/.node-gyp/8.12.0/src -I/root/.node-gyp/8.12.0/deps/openssl/config -I/root/.node-gyp/8.12.0/deps/openssl/openssl/include -I/root/.node-gyp/8.12.0/deps/uv/include -I/root/.node-gyp/8.12.0/deps/zlib -I/root/.node-gyp/8.12.0/deps/v8/include -I../../nan -I../src/libsass/include  -fPIC -pthread -Wall -Wextra -Wno-unused-parameter -m64 -O3 -fno-omit-frame-pointer -fno-rtti -fno-exceptions -std=gnu++0x -std=c++0x -MMD -MF ./Release/.deps/Release/obj.target/binding/src/sass_types/string.o.d.raw   -c -o Release/obj.target/binding/src/sass_types/string.o ../src/sass_types/string.cpp
#14 489.1   g++ -shared -pthread -rdynamic -m64  -Wl,-soname=binding.node -o Release/obj.target/binding.node -Wl,--start-group Release/obj.target/binding/src/binding.o Release/obj.target/binding/src/create_string.o Release/obj.target/binding/src/custom_function_bridge.o Release/obj.target/binding/src/custom_importer_bridge.o Release/obj.target/binding/src/sass_context_wrapper.o Release/obj.target/binding/src/sass_types/boolean.o Release/obj.target/binding/src/sass_types/color.o Release/obj.target/binding/src/sass_types/error.o Release/obj.target/binding/src/sass_types/factory.o Release/obj.target/binding/src/sass_types/list.o Release/obj.target/binding/src/sass_types/map.o Release/obj.target/binding/src/sass_types/null.o Release/obj.target/binding/src/sass_types/number.o Release/obj.target/binding/src/sass_types/string.o Release/obj.target/src/sass.a -Wl,--end-group 
#14 490.3   rm -rf "Release/binding.node" && cp -af "Release/obj.target/binding.node" "Release/binding.node"
#14 490.4 make: Leaving directory '/app/node_modules/node-sass/build'
#14 490.4 gyp info ok 
#14 490.5 Installed to /app/node_modules/node-sass/vendor/linux_musl-x64-57/binding.node
#14 491.2 npm notice created a lockfile as package-lock.json. You should commit this file.
#14 491.2 npm WARN The package connect is included as both a dev and production dependency.
#14 491.2 npm WARN The package mockjs is included as both a dev and production dependency.
#14 491.2 
#14 491.2 + node-sass@4.14.1
#14 491.2 added 199 packages from 140 contributors and audited 199 packages in 487.722s
#14 491.2 found 11 vulnerabilities (7 moderate, 4 high)
#14 491.2   run `npm audit fix` to fix them, or `npm audit` for details
#14 DONE 491.7s

#15 [builder 6/9] RUN npm config set strict-ssl false
#15 DONE 3.6s

#16 [builder 7/9] RUN npm install
#16 7.646 npm WARN deprecated babel-eslint@10.0.1: babel-eslint is now @babel/eslint-parser. This package will no longer receive updates.
#16 8.826 npm WARN deprecated chokidar@2.1.5: Chokidar 2 does not receive security updates since 2019. Upgrade to chokidar 3 with 15x fewer dependencies
#16 9.725 npm WARN deprecated html-webpack-plugin@3.2.0: 3.x is no longer supported
#16 10.55 npm WARN deprecated runjs@4.4.2: This project has been renamed to 'tasksfile'. Install using 'npm install tasksfile' instead.
#16 12.24 npm WARN deprecated svgo@1.2.0: This SVGO version is no longer supported. Upgrade to v2.x.x.
#16 16.84 npm WARN deprecated vue@2.6.10: Vue 2 has reached EOL and is no longer actively maintained. See https://v2.vuejs.org/eol/ for more details.
#16 18.34 npm WARN deprecated core-js@2.6.12: core-js@<3.23.3 is no longer maintained and not recommended for usage due to the number of issues. Because of the V8 engine whims, feature detection in old core-js versions could cause a slowdown up to 100x even if nothing is polyfilled. Some versions have web compatibility issues. Please, upgrade your dependencies to the actual version of core-js.
#16 19.78 npm WARN deprecated babel-eslint@10.1.0: babel-eslint is now @babel/eslint-parser. This package will no longer receive updates.
#16 20.46 npm WARN deprecated eslint-loader@2.2.1: This loader has been deprecated. Please use eslint-webpack-plugin
#16 22.73 npm WARN deprecated source-map-url@0.4.1: See https://github.com/lydell/source-map-url#deprecated
#16 23.62 npm WARN deprecated webpack-chain@4.12.1: Package no longer supported. Contact Support at https://www.npmjs.com/support for more info.
#16 24.70 npm WARN deprecated fsevents@1.2.13: The v1 package contains DANGEROUS / INSECURE binaries. Upgrade to safe fsevents v2
#16 25.35 npm WARN deprecated microcli@1.3.3: This project has been renamed to @pawelgalazka/cli . Install using @pawelgalazka/cli instead
#16 28.57 npm WARN deprecated stable@0.1.8: Modern JS already guarantees Array#sort() is a stable sort, so this library is deprecated. See the compatibility table on MDN: https://developer.mozilla.org/en-US/docs/Web/JavaScript/Reference/Global_Objects/Array/sort#browser_compatibility
#16 29.76 npm WARN deprecated core-js@2.3.0: core-js@<3.23.3 is no longer maintained and not recommended for usage due to the number of issues. Because of the V8 engine whims, feature detection in old core-js versions could cause a slowdown up to 100x even if nothing is polyfilled. Some versions have web compatibility issues. Please, upgrade your dependencies to the actual version of core-js.
#16 30.30 npm WARN deprecated axios@0.19.2: Critical security vulnerability fixed in v0.21.1. For more information, see https://github.com/axios/axios/pull/3410
#16 30.37 npm WARN deprecated nomnom@1.8.1: Package no longer supported. Contact support@npmjs.com for more info.
#16 33.94 npm WARN deprecated vue@2.7.16: Vue 2 has reached EOL and is no longer actively maintained. See https://v2.vuejs.org/eol/ for more details.
#16 36.42 npm WARN deprecated request-promise-native@1.0.9: request-promise-native has been deprecated because it extends the now deprecated request package, see https://github.com/request/request/issues/3142
#16 36.89 npm WARN deprecated @hapi/joi@15.1.1: Switch to 'npm install joi'
#16 37.65 npm WARN deprecated @babel/plugin-proposal-class-properties@7.18.6: This proposal has been merged to the ECMAScript standard and thus this plugin is no longer maintained. Please use @babel/plugin-transform-class-properties instead.
#16 39.20 npm WARN deprecated acorn-dynamic-import@3.0.0: This is probably built in to whatever tool you're using. If you still need it... idk
#16 39.59 npm WARN deprecated consolidate@0.15.1: Please upgrade to consolidate v1.0.0+ as it has been modernized with several long-awaited fixes implemented. Maintenance is supported by Forward Email at https://forwardemail.net ; follow/watch https://github.com/ladjs/consolidate for updates and release changelog
#16 42.23 npm WARN deprecated figgy-pudding@3.5.2: This module is no longer supported.
#16 44.51 npm WARN deprecated chokidar@2.1.8: Chokidar 2 does not receive security updates since 2019. Upgrade to chokidar 3 with 15x fewer dependencies
#16 48.63 npm WARN deprecated microargs@1.1.2: This project has been renamed to @pawelgalazka/cli-args. Install using @pawelgalazka/cli-args instead
#16 53.38 npm WARN deprecated q@1.5.1: You or someone you depend on is using Q, the JavaScript Promise library that gave JavaScript developers strong feelings about promises. They can almost certainly migrate to the native JavaScript promise now. Thank you literally everyone for joining me in this bet against the odds. Be excellent to each other.
#16 53.38 npm WARN deprecated 
#16 53.40 npm WARN deprecated (For a CapTP with native promises, see @endo/eventual-send and @endo/captp)
#16 57.92 npm WARN deprecated @hapi/hoek@8.5.1: This version has been deprecated and is no longer supported or maintained
#16 58.14 npm WARN deprecated @hapi/topo@3.1.6: This version has been deprecated and is no longer supported or maintained
#16 58.37 npm WARN deprecated @hapi/bourne@1.3.2: This version has been deprecated and is no longer supported or maintained
#16 58.46 npm WARN deprecated @hapi/address@2.1.4: Moved to 'npm install @sideway/address'
#16 61.45 npm WARN deprecated @babel/plugin-proposal-json-strings@7.18.6: This proposal has been merged to the ECMAScript standard and thus this plugin is no longer maintained. Please use @babel/plugin-transform-json-strings instead.
#16 62.72 npm WARN deprecated @babel/plugin-proposal-object-rest-spread@7.20.7: This proposal has been merged to the ECMAScript standard and thus this plugin is no longer maintained. Please use @babel/plugin-transform-object-rest-spread instead.
#16 63.08 npm WARN deprecated @babel/plugin-proposal-optional-catch-binding@7.18.6: This proposal has been merged to the ECMAScript standard and thus this plugin is no longer maintained. Please use @babel/plugin-transform-optional-catch-binding instead.
#16 63.12 npm WARN deprecated @babel/plugin-proposal-unicode-property-regex@7.18.6: This proposal has been merged to the ECMAScript standard and thus this plugin is no longer maintained. Please use @babel/plugin-transform-unicode-property-regex instead.
#16 63.15 npm WARN deprecated @babel/plugin-proposal-async-generator-functions@7.20.7: This proposal has been merged to the ECMAScript standard and thus this plugin is no longer maintained. Please use @babel/plugin-transform-async-generator-functions instead.
#16 66.99 npm WARN deprecated move-concurrently@1.0.1: This package is no longer supported.
#16 72.24 npm WARN deprecated source-map-resolve@0.5.3: See https://github.com/lydell/source-map-resolve#deprecated
#16 77.71 npm WARN deprecated rimraf@2.6.3: Rimraf versions prior to v4 are no longer supported
#16 80.34 npm WARN deprecated circular-json@0.3.3: CircularJSON is in maintenance only, flatted is its successor.
#16 83.42 npm WARN deprecated svgo@1.3.2: This SVGO version is no longer supported. Upgrade to v2.x.x.
#16 84.39 npm WARN deprecated copy-concurrently@1.0.5: This package is no longer supported.
#16 84.53 npm WARN deprecated fs-write-stream-atomic@1.0.10: This package is no longer supported.
#16 86.46 npm WARN deprecated urix@0.1.0: Please see https://github.com/lydell/urix#deprecated
#16 86.48 npm WARN deprecated resolve-url@0.2.1: https://github.com/lydell/resolve-url#deprecated
#16 88.15 npm WARN deprecated kleur@2.0.2: Please upgrade to kleur@3 or migrate to 'ansi-colors' if you prefer the old syntax. Visit <https://github.com/lukeed/kleur/releases/tag/v3.0.0\> for migration path(s).
#16 89.57 npm WARN deprecated sane@2.5.2: some dependency vulnerabilities fixed, support for node < 10 dropped, and newer ECMAScript syntax/features added
#16 94.16 npm WARN deprecated abab@2.0.6: Use your platform's native atob() and btoa() methods instead
#16 94.31 npm WARN deprecated left-pad@1.3.0: use String.prototype.padStart()
#16 94.42 npm WARN deprecated domexception@1.0.1: Use your platform's native DOMException instead
#16 94.44 npm WARN deprecated w3c-hr-time@1.0.2: Use your platform's native performance.now() and performance.timeOrigin.
#16 113.0 npm WARN optional SKIPPING OPTIONAL DEPENDENCY: fsevents@~2.3.2 (node_modules/watchpack/node_modules/chokidar/node_modules/fsevents):
#16 113.0 npm WARN notsup SKIPPING OPTIONAL DEPENDENCY: Unsupported platform for fsevents@2.3.3: wanted {"os":"darwin","arch":"any"} (current: {"os":"linux","arch":"x64"})
#16 113.0 npm WARN optional SKIPPING OPTIONAL DEPENDENCY: fsevents@^1.2.7 (node_modules/watchpack-chokidar2/node_modules/chokidar/node_modules/fsevents):
#16 113.0 npm WARN notsup SKIPPING OPTIONAL DEPENDENCY: Unsupported platform for fsevents@1.2.13: wanted {"os":"darwin","arch":"any"} (current: {"os":"linux","arch":"x64"})
#16 113.0 npm WARN optional SKIPPING OPTIONAL DEPENDENCY: fsevents@^1.2.3 (node_modules/sane/node_modules/fsevents):
#16 113.0 npm WARN notsup SKIPPING OPTIONAL DEPENDENCY: Unsupported platform for fsevents@1.2.13: wanted {"os":"darwin","arch":"any"} (current: {"os":"linux","arch":"x64"})
#16 113.0 
#16 113.0 npm ERR! Invalid dependency type requested: alias
#16 113.1 
#16 113.1 npm ERR! A complete log of this run can be found in:
#16 113.1 npm ERR!     /root/.npm/_logs/2024-07-31T02_00_18_463Z-debug.log
#16 ERROR: process "/bin/sh -c npm install" did not complete successfully: exit code: 1
------
 > [builder 7/9] RUN npm install:
113.0 npm WARN notsup SKIPPING OPTIONAL DEPENDENCY: Unsupported platform for fsevents@2.3.3: wanted {"os":"darwin","arch":"any"} (current: {"os":"linux","arch":"x64"})
113.0 npm WARN optional SKIPPING OPTIONAL DEPENDENCY: fsevents@^1.2.7 (node_modules/watchpack-chokidar2/node_modules/chokidar/node_modules/fsevents):
113.0 npm WARN notsup SKIPPING OPTIONAL DEPENDENCY: Unsupported platform for fsevents@1.2.13: wanted {"os":"darwin","arch":"any"} (current: {"os":"linux","arch":"x64"})
113.0 npm WARN optional SKIPPING OPTIONAL DEPENDENCY: fsevents@^1.2.3 (node_modules/sane/node_modules/fsevents):
113.0 npm WARN notsup SKIPPING OPTIONAL DEPENDENCY: Unsupported platform for fsevents@1.2.13: wanted {"os":"darwin","arch":"any"} (current: {"os":"linux","arch":"x64"})
113.0 
113.0 npm ERR! Invalid dependency type requested: alias
113.1 
113.1 npm ERR! A complete log of this run can be found in:
113.1 npm ERR!     /root/.npm/_logs/2024-07-31T02_00_18_463Z-debug.log
------
v3_Dockerfile:7
--------------------
   5 |     RUN npm i node-sass --sass_binary_site=https://npm.taobao.org/mirrors/node-sass/
   6 |     RUN npm config set strict-ssl false
   7 | >>> RUN npm install
   8 |     COPY . .
   9 |     RUN npm run build:prod
--------------------
ERROR: failed to solve: process "/bin/sh -c npm install" did not complete successfully: exit code: 1
Duration: 10:57.21