#0 building with "default" instance using docker driver

#1 [internal] load .dockerignore
#1 transferring context:
#1 ...

#2 [internal] load build definition from Dockerfile
#2 transferring dockerfile: 142B done
#2 DONE 0.4s

#1 [internal] load .dockerignore
#1 transferring context: 2B done
#1 DONE 0.5s

#3 [internal] load metadata for docker.io/rocker/tidyverse:3.6.2
#3 ...

#4 [auth] rocker/tidyverse:pull token for registry-1.docker.io
#4 DONE 0.0s

#3 [internal] load metadata for docker.io/rocker/tidyverse:3.6.2
#3 DONE 1.5s

#5 [1/2] FROM docker.io/rocker/tidyverse:3.6.2@sha256:bb2e9db6f164bb11c9048e75b52e5648c9163a6b16df00873aefa6e18035333a
#5 resolve docker.io/rocker/tidyverse:3.6.2@sha256:bb2e9db6f164bb11c9048e75b52e5648c9163a6b16df00873aefa6e18035333a 0.1s done
#5 sha256:360cea38f20baa2b44b55f81917e9c96da9babd2b9da3853e6c8193a8d166f7e 14.13kB / 14.13kB done
#5 sha256:f15005b0235fa8bd31cc6988c4f2758016fe412d696e81aecf73e52be079f19e 0B / 50.38MB 0.1s
#5 sha256:bb2e9db6f164bb11c9048e75b52e5648c9163a6b16df00873aefa6e18035333a 2.00kB / 2.00kB done
#5 sha256:42690f23c99b12f1e7f5d7be929c0bcbd7b22f43983bf28b0ca0607815f8d82f 0B / 222.88MB 0.2s
#5 sha256:f15005b0235fa8bd31cc6988c4f2758016fe412d696e81aecf73e52be079f19e 3.15MB / 50.38MB 0.3s
#5 sha256:1b76218df68049ea0ad8226ceb5340a6868cc24d00aededb9185ef67e7f943f3 0B / 195.17MB 0.3s
#5 sha256:f15005b0235fa8bd31cc6988c4f2758016fe412d696e81aecf73e52be079f19e 7.34MB / 50.38MB 0.4s
#5 sha256:f15005b0235fa8bd31cc6988c4f2758016fe412d696e81aecf73e52be079f19e 15.73MB / 50.38MB 0.6s
#5 sha256:f15005b0235fa8bd31cc6988c4f2758016fe412d696e81aecf73e52be079f19e 22.02MB / 50.38MB 0.7s
#5 sha256:f15005b0235fa8bd31cc6988c4f2758016fe412d696e81aecf73e52be079f19e 32.51MB / 50.38MB 0.9s
#5 sha256:f15005b0235fa8bd31cc6988c4f2758016fe412d696e81aecf73e52be079f19e 41.94MB / 50.38MB 1.1s
#5 sha256:42690f23c99b12f1e7f5d7be929c0bcbd7b22f43983bf28b0ca0607815f8d82f 11.53MB / 222.88MB 1.1s
#5 sha256:1b76218df68049ea0ad8226ceb5340a6868cc24d00aededb9185ef67e7f943f3 11.53MB / 195.17MB 1.1s
#5 sha256:f15005b0235fa8bd31cc6988c4f2758016fe412d696e81aecf73e52be079f19e 45.09MB / 50.38MB 1.3s
#5 sha256:f15005b0235fa8bd31cc6988c4f2758016fe412d696e81aecf73e52be079f19e 50.38MB / 50.38MB 1.5s
#5 sha256:42690f23c99b12f1e7f5d7be929c0bcbd7b22f43983bf28b0ca0607815f8d82f 27.26MB / 222.88MB 1.5s
#5 sha256:1b76218df68049ea0ad8226ceb5340a6868cc24d00aededb9185ef67e7f943f3 25.17MB / 195.17MB 1.5s
#5 sha256:42690f23c99b12f1e7f5d7be929c0bcbd7b22f43983bf28b0ca0607815f8d82f 39.85MB / 222.88MB 1.8s
#5 sha256:1b76218df68049ea0ad8226ceb5340a6868cc24d00aededb9185ef67e7f943f3 38.80MB / 195.17MB 1.8s
#5 sha256:1b76218df68049ea0ad8226ceb5340a6868cc24d00aededb9185ef67e7f943f3 49.28MB / 195.17MB 2.1s
#5 sha256:42690f23c99b12f1e7f5d7be929c0bcbd7b22f43983bf28b0ca0607815f8d82f 54.53MB / 222.88MB 2.2s
#5 sha256:f15005b0235fa8bd31cc6988c4f2758016fe412d696e81aecf73e52be079f19e 50.38MB / 50.38MB 2.2s done
#5 sha256:1b76218df68049ea0ad8226ceb5340a6868cc24d00aededb9185ef67e7f943f3 59.77MB / 195.17MB 2.4s
#5 sha256:0f7d3f8300a6689a203b34da1df882c0cdd54d695ea310de2449379a39828fed 0B / 1.52kB 2.4s
#5 sha256:42690f23c99b12f1e7f5d7be929c0bcbd7b22f43983bf28b0ca0607815f8d82f 66.06MB / 222.88MB 2.5s
#5 extracting sha256:f15005b0235fa8bd31cc6988c4f2758016fe412d696e81aecf73e52be079f19e
#5 sha256:1b76218df68049ea0ad8226ceb5340a6868cc24d00aededb9185ef67e7f943f3 71.30MB / 195.17MB 2.7s
#5 sha256:42690f23c99b12f1e7f5d7be929c0bcbd7b22f43983bf28b0ca0607815f8d82f 79.69MB / 222.88MB 2.9s
#5 sha256:1b76218df68049ea0ad8226ceb5340a6868cc24d00aededb9185ef67e7f943f3 83.89MB / 195.17MB 3.1s
#5 sha256:0f7d3f8300a6689a203b34da1df882c0cdd54d695ea310de2449379a39828fed 1.52kB / 1.52kB 3.1s
#5 sha256:42690f23c99b12f1e7f5d7be929c0bcbd7b22f43983bf28b0ca0607815f8d82f 94.37MB / 222.88MB 3.2s
#5 sha256:1b76218df68049ea0ad8226ceb5340a6868cc24d00aededb9185ef67e7f943f3 97.52MB / 195.17MB 3.4s
#5 sha256:42690f23c99b12f1e7f5d7be929c0bcbd7b22f43983bf28b0ca0607815f8d82f 109.05MB / 222.88MB 3.7s
#5 sha256:1b76218df68049ea0ad8226ceb5340a6868cc24d00aededb9185ef67e7f943f3 108.00MB / 195.17MB 3.7s
#5 sha256:0f7d3f8300a6689a203b34da1df882c0cdd54d695ea310de2449379a39828fed 1.52kB / 1.52kB 3.5s done
#5 sha256:e4fad83ca59e6c72736b0ad7dfcfb8e0152248c82b045e5d7fe5c1c7fd13d075 0B / 716B 3.7s
#5 sha256:1b76218df68049ea0ad8226ceb5340a6868cc24d00aededb9185ef67e7f943f3 118.49MB / 195.17MB 4.0s
#5 sha256:42690f23c99b12f1e7f5d7be929c0bcbd7b22f43983bf28b0ca0607815f8d82f 126.88MB / 222.88MB 4.2s
#5 sha256:e4fad83ca59e6c72736b0ad7dfcfb8e0152248c82b045e5d7fe5c1c7fd13d075 716B / 716B 4.0s done
#5 sha256:c321724eb23aef59a3859e930f47ae49e9ff76468d48f5ded570dd22caa41f60 0B / 245B 4.2s
#5 sha256:1b76218df68049ea0ad8226ceb5340a6868cc24d00aededb9185ef67e7f943f3 132.12MB / 195.17MB 4.4s
#5 sha256:42690f23c99b12f1e7f5d7be929c0bcbd7b22f43983bf28b0ca0607815f8d82f 140.51MB / 222.88MB 4.5s
#5 sha256:42690f23c99b12f1e7f5d7be929c0bcbd7b22f43983bf28b0ca0607815f8d82f 152.04MB / 222.88MB 4.8s
#5 sha256:1b76218df68049ea0ad8226ceb5340a6868cc24d00aededb9185ef67e7f943f3 143.65MB / 195.17MB 4.8s
#5 sha256:c321724eb23aef59a3859e930f47ae49e9ff76468d48f5ded570dd22caa41f60 245B / 245B 4.7s done
#5 sha256:227f02970fdb52080e74d24884b1fe7115b75ae5e243484967e1c8d998d2b1b3 0B / 411B 4.9s
#5 sha256:42690f23c99b12f1e7f5d7be929c0bcbd7b22f43983bf28b0ca0607815f8d82f 166.72MB / 222.88MB 5.2s
#5 sha256:1b76218df68049ea0ad8226ceb5340a6868cc24d00aededb9185ef67e7f943f3 155.19MB / 195.17MB 5.2s
#5 sha256:227f02970fdb52080e74d24884b1fe7115b75ae5e243484967e1c8d998d2b1b3 411B / 411B 5.1s done
#5 sha256:ee877695f5945b82d5692dce543cb7cc24b01510b0801a13c045a65bd7efb0f8 0B / 323.62MB 5.4s
#5 sha256:42690f23c99b12f1e7f5d7be929c0bcbd7b22f43983bf28b0ca0607815f8d82f 178.26MB / 222.88MB 5.6s
#5 sha256:1b76218df68049ea0ad8226ceb5340a6868cc24d00aededb9185ef67e7f943f3 168.82MB / 195.17MB 5.6s
#5 sha256:42690f23c99b12f1e7f5d7be929c0bcbd7b22f43983bf28b0ca0607815f8d82f 192.94MB / 222.88MB 5.9s
#5 sha256:1b76218df68049ea0ad8226ceb5340a6868cc24d00aededb9185ef67e7f943f3 181.40MB / 195.17MB 6.1s
#5 sha256:42690f23c99b12f1e7f5d7be929c0bcbd7b22f43983bf28b0ca0607815f8d82f 204.47MB / 222.88MB 6.2s
#5 sha256:ee877695f5945b82d5692dce543cb7cc24b01510b0801a13c045a65bd7efb0f8 20.97MB / 323.62MB 6.2s
#5 sha256:1b76218df68049ea0ad8226ceb5340a6868cc24d00aededb9185ef67e7f943f3 193.99MB / 195.17MB 6.5s
#5 sha256:42690f23c99b12f1e7f5d7be929c0bcbd7b22f43983bf28b0ca0607815f8d82f 216.01MB / 222.88MB 6.6s
#5 sha256:ee877695f5945b82d5692dce543cb7cc24b01510b0801a13c045a65bd7efb0f8 40.89MB / 323.62MB 6.7s
#5 sha256:ee877695f5945b82d5692dce543cb7cc24b01510b0801a13c045a65bd7efb0f8 57.67MB / 323.62MB 7.0s
#5 sha256:ee877695f5945b82d5692dce543cb7cc24b01510b0801a13c045a65bd7efb0f8 78.64MB / 323.62MB 7.5s
#5 extracting sha256:f15005b0235fa8bd31cc6988c4f2758016fe412d696e81aecf73e52be079f19e 5.1s
#5 sha256:ee877695f5945b82d5692dce543cb7cc24b01510b0801a13c045a65bd7efb0f8 98.57MB / 323.62MB 7.9s
#5 sha256:ee877695f5945b82d5692dce543cb7cc24b01510b0801a13c045a65bd7efb0f8 115.34MB / 323.62MB 8.3s
#5 sha256:ee877695f5945b82d5692dce543cb7cc24b01510b0801a13c045a65bd7efb0f8 132.12MB / 323.62MB 8.7s
#5 sha256:ee877695f5945b82d5692dce543cb7cc24b01510b0801a13c045a65bd7efb0f8 148.90MB / 323.62MB 9.1s
#5 sha256:ee877695f5945b82d5692dce543cb7cc24b01510b0801a13c045a65bd7efb0f8 170.92MB / 323.62MB 9.5s
#5 sha256:1b76218df68049ea0ad8226ceb5340a6868cc24d00aededb9185ef67e7f943f3 195.17MB / 195.17MB 9.7s done
#5 sha256:ee877695f5945b82d5692dce543cb7cc24b01510b0801a13c045a65bd7efb0f8 190.84MB / 323.62MB 9.9s
#5 sha256:ee877695f5945b82d5692dce543cb7cc24b01510b0801a13c045a65bd7efb0f8 210.76MB / 323.62MB 10.3s
#5 sha256:ee877695f5945b82d5692dce543cb7cc24b01510b0801a13c045a65bd7efb0f8 228.59MB / 323.62MB 10.8s
#5 extracting sha256:f15005b0235fa8bd31cc6988c4f2758016fe412d696e81aecf73e52be079f19e 8.7s done
#5 sha256:ee877695f5945b82d5692dce543cb7cc24b01510b0801a13c045a65bd7efb0f8 246.42MB / 323.62MB 11.4s
#5 sha256:42690f23c99b12f1e7f5d7be929c0bcbd7b22f43983bf28b0ca0607815f8d82f 222.88MB / 222.88MB 11.6s
#5 sha256:ee877695f5945b82d5692dce543cb7cc24b01510b0801a13c045a65bd7efb0f8 268.44MB / 323.62MB 11.9s
#5 sha256:ee877695f5945b82d5692dce543cb7cc24b01510b0801a13c045a65bd7efb0f8 286.26MB / 323.62MB 12.5s
#5 sha256:ee877695f5945b82d5692dce543cb7cc24b01510b0801a13c045a65bd7efb0f8 306.83MB / 323.62MB 12.9s
#5 sha256:42690f23c99b12f1e7f5d7be929c0bcbd7b22f43983bf28b0ca0607815f8d82f 222.88MB / 222.88MB 13.2s done
#5 sha256:ee877695f5945b82d5692dce543cb7cc24b01510b0801a13c045a65bd7efb0f8 323.62MB / 323.62MB 13.3s
#5 sha256:ee877695f5945b82d5692dce543cb7cc24b01510b0801a13c045a65bd7efb0f8 323.62MB / 323.62MB 18.2s done
#5 extracting sha256:42690f23c99b12f1e7f5d7be929c0bcbd7b22f43983bf28b0ca0607815f8d82f
#5 extracting sha256:42690f23c99b12f1e7f5d7be929c0bcbd7b22f43983bf28b0ca0607815f8d82f 5.0s
#5 extracting sha256:42690f23c99b12f1e7f5d7be929c0bcbd7b22f43983bf28b0ca0607815f8d82f 10.2s
#5 extracting sha256:42690f23c99b12f1e7f5d7be929c0bcbd7b22f43983bf28b0ca0607815f8d82f 15.3s
#5 extracting sha256:42690f23c99b12f1e7f5d7be929c0bcbd7b22f43983bf28b0ca0607815f8d82f 20.3s
#5 extracting sha256:42690f23c99b12f1e7f5d7be929c0bcbd7b22f43983bf28b0ca0607815f8d82f 25.4s
#5 extracting sha256:42690f23c99b12f1e7f5d7be929c0bcbd7b22f43983bf28b0ca0607815f8d82f 28.3s done
#5 extracting sha256:1b76218df68049ea0ad8226ceb5340a6868cc24d00aededb9185ef67e7f943f3
#5 extracting sha256:1b76218df68049ea0ad8226ceb5340a6868cc24d00aededb9185ef67e7f943f3 5.1s
#5 extracting sha256:1b76218df68049ea0ad8226ceb5340a6868cc24d00aededb9185ef67e7f943f3 10.3s
#5 extracting sha256:1b76218df68049ea0ad8226ceb5340a6868cc24d00aededb9185ef67e7f943f3 15.4s
#5 extracting sha256:1b76218df68049ea0ad8226ceb5340a6868cc24d00aededb9185ef67e7f943f3 20.5s
#5 extracting sha256:1b76218df68049ea0ad8226ceb5340a6868cc24d00aededb9185ef67e7f943f3 25.6s
#5 extracting sha256:1b76218df68049ea0ad8226ceb5340a6868cc24d00aededb9185ef67e7f943f3 30.6s
#5 extracting sha256:1b76218df68049ea0ad8226ceb5340a6868cc24d00aededb9185ef67e7f943f3 35.3s done
#5 extracting sha256:0f7d3f8300a6689a203b34da1df882c0cdd54d695ea310de2449379a39828fed done
#5 extracting sha256:e4fad83ca59e6c72736b0ad7dfcfb8e0152248c82b045e5d7fe5c1c7fd13d075 done
#5 extracting sha256:c321724eb23aef59a3859e930f47ae49e9ff76468d48f5ded570dd22caa41f60
#5 extracting sha256:c321724eb23aef59a3859e930f47ae49e9ff76468d48f5ded570dd22caa41f60 done
#5 extracting sha256:227f02970fdb52080e74d24884b1fe7115b75ae5e243484967e1c8d998d2b1b3 done
#5 extracting sha256:ee877695f5945b82d5692dce543cb7cc24b01510b0801a13c045a65bd7efb0f8
#5 extracting sha256:ee877695f5945b82d5692dce543cb7cc24b01510b0801a13c045a65bd7efb0f8 5.1s
#5 extracting sha256:ee877695f5945b82d5692dce543cb7cc24b01510b0801a13c045a65bd7efb0f8 10.2s
#5 extracting sha256:ee877695f5945b82d5692dce543cb7cc24b01510b0801a13c045a65bd7efb0f8 15.3s
#5 extracting sha256:ee877695f5945b82d5692dce543cb7cc24b01510b0801a13c045a65bd7efb0f8 20.3s
#5 extracting sha256:ee877695f5945b82d5692dce543cb7cc24b01510b0801a13c045a65bd7efb0f8 25.4s
#5 extracting sha256:ee877695f5945b82d5692dce543cb7cc24b01510b0801a13c045a65bd7efb0f8 30.5s
#5 extracting sha256:ee877695f5945b82d5692dce543cb7cc24b01510b0801a13c045a65bd7efb0f8 35.6s
#5 extracting sha256:ee877695f5945b82d5692dce543cb7cc24b01510b0801a13c045a65bd7efb0f8 40.7s
#5 extracting sha256:ee877695f5945b82d5692dce543cb7cc24b01510b0801a13c045a65bd7efb0f8 41.5s done
#5 DONE 128.5s

#6 [2/2] RUN install2.r --error     zeallot  && rm -rf /tmp/downloaded_packages/
#6 5.187 Warning: unable to access index for repository https://mran.microsoft.com/snapshot/2020-02-28/src/contrib:
#6 5.187   cannot open URL 'https://mran.microsoft.com/snapshot/2020-02-28/src/contrib/PACKAGES'
#6 5.517 Error: package ‘zeallot’ is not available (for R version 3.6.2)
#6 5.517 In addition: Warning message:
#6 5.517 package ‘zeallot’ is not available (for R version 3.6.2) 
#6 ERROR: process "/bin/sh -c install2.r --error     zeallot  && rm -rf /tmp/downloaded_packages/" did not complete successfully: exit code: 1
------
 > [2/2] RUN install2.r --error     zeallot  && rm -rf /tmp/downloaded_packages/:
5.187 Warning: unable to access index for repository https://mran.microsoft.com/snapshot/2020-02-28/src/contrib:
5.187   cannot open URL 'https://mran.microsoft.com/snapshot/2020-02-28/src/contrib/PACKAGES'
5.517 Error: package ‘zeallot’ is not available (for R version 3.6.2)
5.517 In addition: Warning message:
5.517 package ‘zeallot’ is not available (for R version 3.6.2) 
------
Dockerfile:3
--------------------
   2 |     
   3 | >>> RUN install2.r --error \
   4 | >>>     zeallot \
   5 | >>>  && rm -rf /tmp/downloaded_packages/
   6 |     
--------------------
ERROR: failed to solve: process "/bin/sh -c install2.r --error     zeallot  && rm -rf /tmp/downloaded_packages/" did not complete successfully: exit code: 1
Duration: 2:26.59