#0 building with "default" instance using docker driver

#1 [internal] load build definition from Dockerfile
#1 ...

#2 [internal] load .dockerignore
#2 transferring context: 2B done
#2 DONE 0.4s

#1 [internal] load build definition from Dockerfile
#1 transferring dockerfile: 290B done
#1 DONE 0.5s

#3 [internal] load metadata for harbor.ntppool.org/perlorg/base-os:3.14.1
#3 ERROR: harbor.ntppool.org/perlorg/base-os:3.14.1: not found
------
 > [internal] load metadata for harbor.ntppool.org/perlorg/base-os:3.14.1:
------
Dockerfile:1
--------------------
   1 | >>> FROM harbor.ntppool.org/perlorg/base-os:3.14.1
   2 |     
   3 |     ENV LAST_UPDATED 2021-08-30
--------------------
ERROR: failed to solve: harbor.ntppool.org/perlorg/base-os:3.14.1: harbor.ntppool.org/perlorg/base-os:3.14.1: not found
Duration: 0:2.18