#0 building with "default" instance using docker driver

#1 [internal] load build definition from Dockerfile
#1 transferring dockerfile:
#1 ...

#2 [internal] load .dockerignore
#2 transferring context: 67B done
#2 DONE 0.5s

#1 [internal] load build definition from Dockerfile
#1 transferring dockerfile: 517B done
#1 DONE 0.6s

#3 [internal] load metadata for docker.io/library/node:10
#3 ...

#4 [auth] library/node:pull token for registry-1.docker.io
#4 DONE 0.0s

#3 [internal] load metadata for docker.io/library/node:10
#3 DONE 1.4s

#5 [internal] load build context
#5 DONE 0.0s

#6 [1/7] FROM docker.io/library/node:10@sha256:59531d2835edd5161c8f9512f9e095b1836f7a1fcb0ab73e005ec46047384911
#6 resolve docker.io/library/node:10@sha256:59531d2835edd5161c8f9512f9e095b1836f7a1fcb0ab73e005ec46047384911 0.1s done
#6 sha256:59531d2835edd5161c8f9512f9e095b1836f7a1fcb0ab73e005ec46047384911 776B / 776B done
#6 sha256:686e0e859358f28bfe1641e1627549b9cd0ad74f222b953d74209213488c6858 2.21kB / 2.21kB done
#6 sha256:28dca6642db82aaecbed18101d9966f001e8de6691e1a1718c2927c124d81262 7.83kB / 7.83kB done
#6 sha256:76b8ef87096fa726adbe8f073ef69bb5664bac19474c5cce4dd69e08a234903b 1.05MB / 45.38MB 0.2s
#6 sha256:76b8ef87096fa726adbe8f073ef69bb5664bac19474c5cce4dd69e08a234903b 7.34MB / 45.38MB 0.3s
#6 sha256:b53ce1fd2746e8d2037f1b0b91ddea0cc7411eb3e5949fe10c0320aca8f7392b 0B / 4.34MB 0.3s
#6 sha256:76b8ef87096fa726adbe8f073ef69bb5664bac19474c5cce4dd69e08a234903b 16.78MB / 45.38MB 0.4s
#6 sha256:b53ce1fd2746e8d2037f1b0b91ddea0cc7411eb3e5949fe10c0320aca8f7392b 1.05MB / 4.34MB 0.4s
#6 sha256:2e2bafe8a0f40509cc10249087268e66a662e437f10e9598a09abb5687038a57 0B / 11.29MB 0.4s
#6 sha256:76b8ef87096fa726adbe8f073ef69bb5664bac19474c5cce4dd69e08a234903b 25.17MB / 45.38MB 0.5s
#6 sha256:b53ce1fd2746e8d2037f1b0b91ddea0cc7411eb3e5949fe10c0320aca8f7392b 4.34MB / 4.34MB 0.5s
#6 sha256:76b8ef87096fa726adbe8f073ef69bb5664bac19474c5cce4dd69e08a234903b 30.41MB / 45.38MB 0.6s
#6 sha256:b53ce1fd2746e8d2037f1b0b91ddea0cc7411eb3e5949fe10c0320aca8f7392b 4.34MB / 4.34MB 0.6s done
#6 sha256:2e2bafe8a0f40509cc10249087268e66a662e437f10e9598a09abb5687038a57 4.19MB / 11.29MB 0.6s
#6 sha256:76b8ef87096fa726adbe8f073ef69bb5664bac19474c5cce4dd69e08a234903b 35.65MB / 45.38MB 0.7s
#6 sha256:2e2bafe8a0f40509cc10249087268e66a662e437f10e9598a09abb5687038a57 10.49MB / 11.29MB 0.7s
#6 sha256:84a8c1bd5887cc4a89e1f286fed9ee31ce12dba9f6813cf14082ada3e9ab6f63 0B / 49.79MB 0.7s
#6 sha256:76b8ef87096fa726adbe8f073ef69bb5664bac19474c5cce4dd69e08a234903b 42.99MB / 45.38MB 0.8s
#6 sha256:2e2bafe8a0f40509cc10249087268e66a662e437f10e9598a09abb5687038a57 11.29MB / 11.29MB 0.8s
#6 sha256:76b8ef87096fa726adbe8f073ef69bb5664bac19474c5cce4dd69e08a234903b 45.38MB / 45.38MB 0.9s
#6 sha256:84a8c1bd5887cc4a89e1f286fed9ee31ce12dba9f6813cf14082ada3e9ab6f63 8.39MB / 49.79MB 0.9s
#6 sha256:2e2bafe8a0f40509cc10249087268e66a662e437f10e9598a09abb5687038a57 11.29MB / 11.29MB 0.9s done
#6 sha256:84a8c1bd5887cc4a89e1f286fed9ee31ce12dba9f6813cf14082ada3e9ab6f63 17.83MB / 49.79MB 1.0s
#6 sha256:84a8c1bd5887cc4a89e1f286fed9ee31ce12dba9f6813cf14082ada3e9ab6f63 26.21MB / 49.79MB 1.1s
#6 sha256:84a8c1bd5887cc4a89e1f286fed9ee31ce12dba9f6813cf14082ada3e9ab6f63 36.70MB / 49.79MB 1.2s
#6 sha256:84a8c1bd5887cc4a89e1f286fed9ee31ce12dba9f6813cf14082ada3e9ab6f63 49.79MB / 49.79MB 1.4s
#6 sha256:76b8ef87096fa726adbe8f073ef69bb5664bac19474c5cce4dd69e08a234903b 45.38MB / 45.38MB 1.6s done
#6 sha256:7a803dc0b40fcd10faee3fb3ebb2d7aaa88500520e6295295f5163c4bb48548b 0B / 214.35MB 1.7s
#6 extracting sha256:76b8ef87096fa726adbe8f073ef69bb5664bac19474c5cce4dd69e08a234903b
#6 sha256:b800e94e7303e276b8fb4911a40bfe28f46180d997022c69bf1ee02fb7b86721 0B / 4.19kB 1.8s
#6 sha256:b800e94e7303e276b8fb4911a40bfe28f46180d997022c69bf1ee02fb7b86721 4.19kB / 4.19kB 1.9s
#6 sha256:7a803dc0b40fcd10faee3fb3ebb2d7aaa88500520e6295295f5163c4bb48548b 16.78MB / 214.35MB 2.0s
#6 sha256:7a803dc0b40fcd10faee3fb3ebb2d7aaa88500520e6295295f5163c4bb48548b 34.60MB / 214.35MB 2.2s
#6 sha256:7a803dc0b40fcd10faee3fb3ebb2d7aaa88500520e6295295f5163c4bb48548b 53.48MB / 214.35MB 2.4s
#6 sha256:84a8c1bd5887cc4a89e1f286fed9ee31ce12dba9f6813cf14082ada3e9ab6f63 49.79MB / 49.79MB 2.6s done
#6 sha256:7a803dc0b40fcd10faee3fb3ebb2d7aaa88500520e6295295f5163c4bb48548b 72.35MB / 214.35MB 2.6s
#6 sha256:b800e94e7303e276b8fb4911a40bfe28f46180d997022c69bf1ee02fb7b86721 4.19kB / 4.19kB 2.6s done
#6 sha256:7a803dc0b40fcd10faee3fb3ebb2d7aaa88500520e6295295f5163c4bb48548b 92.70MB / 214.35MB 2.8s
#6 sha256:0da9fbf60d485c74d153bfc7562f34533550e3dd8aa78f5e8c2476ed500e0e73 0B / 21.42MB 2.8s
#6 sha256:0da9fbf60d485c74d153bfc7562f34533550e3dd8aa78f5e8c2476ed500e0e73 3.15MB / 21.42MB 2.9s
#6 sha256:04dccde934cf0d6ab9d303fe73b36bc4ed84329d9d562049a69a5d38afb83f14 0B / 2.48MB 2.9s
#6 sha256:7a803dc0b40fcd10faee3fb3ebb2d7aaa88500520e6295295f5163c4bb48548b 114.29MB / 214.35MB 3.1s
#6 sha256:0da9fbf60d485c74d153bfc7562f34533550e3dd8aa78f5e8c2476ed500e0e73 12.58MB / 21.42MB 3.1s
#6 sha256:04dccde934cf0d6ab9d303fe73b36bc4ed84329d9d562049a69a5d38afb83f14 2.48MB / 2.48MB 3.1s
#6 sha256:0da9fbf60d485c74d153bfc7562f34533550e3dd8aa78f5e8c2476ed500e0e73 16.78MB / 21.42MB 3.2s
#6 sha256:7a803dc0b40fcd10faee3fb3ebb2d7aaa88500520e6295295f5163c4bb48548b 127.93MB / 214.35MB 3.3s
#6 sha256:0da9fbf60d485c74d153bfc7562f34533550e3dd8aa78f5e8c2476ed500e0e73 21.42MB / 21.42MB 3.3s
#6 sha256:04dccde934cf0d6ab9d303fe73b36bc4ed84329d9d562049a69a5d38afb83f14 2.48MB / 2.48MB 3.2s done
#6 sha256:73269890f6fdf96184d0fdb0afe3cf697b0c8dbe1e7a077f0fab445d74372c78 0B / 294B 3.3s
#6 sha256:73269890f6fdf96184d0fdb0afe3cf697b0c8dbe1e7a077f0fab445d74372c78 294B / 294B 3.4s
#6 sha256:7a803dc0b40fcd10faee3fb3ebb2d7aaa88500520e6295295f5163c4bb48548b 152.04MB / 214.35MB 3.6s
#6 sha256:7a803dc0b40fcd10faee3fb3ebb2d7aaa88500520e6295295f5163c4bb48548b 167.77MB / 214.35MB 3.9s
#6 sha256:7a803dc0b40fcd10faee3fb3ebb2d7aaa88500520e6295295f5163c4bb48548b 182.45MB / 214.35MB 4.2s
#6 sha256:7a803dc0b40fcd10faee3fb3ebb2d7aaa88500520e6295295f5163c4bb48548b 197.13MB / 214.35MB 4.5s
#6 sha256:0da9fbf60d485c74d153bfc7562f34533550e3dd8aa78f5e8c2476ed500e0e73 21.42MB / 21.42MB 4.6s done
#6 ...

#5 [internal] load build context
#5 transferring context: 329.17MB 3.5s done
#5 DONE 4.9s

#6 [1/7] FROM docker.io/library/node:10@sha256:59531d2835edd5161c8f9512f9e095b1836f7a1fcb0ab73e005ec46047384911
#6 sha256:73269890f6fdf96184d0fdb0afe3cf697b0c8dbe1e7a077f0fab445d74372c78 294B / 294B 4.7s done
#6 sha256:7a803dc0b40fcd10faee3fb3ebb2d7aaa88500520e6295295f5163c4bb48548b 212.86MB / 214.35MB 4.8s
#6 extracting sha256:76b8ef87096fa726adbe8f073ef69bb5664bac19474c5cce4dd69e08a234903b 3.5s done
#6 sha256:7a803dc0b40fcd10faee3fb3ebb2d7aaa88500520e6295295f5163c4bb48548b 214.35MB / 214.35MB 8.0s done
#6 extracting sha256:2e2bafe8a0f40509cc10249087268e66a662e437f10e9598a09abb5687038a57
#6 extracting sha256:2e2bafe8a0f40509cc10249087268e66a662e437f10e9598a09abb5687038a57 0.6s done
#6 extracting sha256:b53ce1fd2746e8d2037f1b0b91ddea0cc7411eb3e5949fe10c0320aca8f7392b
#6 extracting sha256:b53ce1fd2746e8d2037f1b0b91ddea0cc7411eb3e5949fe10c0320aca8f7392b 0.2s done
#6 extracting sha256:84a8c1bd5887cc4a89e1f286fed9ee31ce12dba9f6813cf14082ada3e9ab6f63
#6 extracting sha256:84a8c1bd5887cc4a89e1f286fed9ee31ce12dba9f6813cf14082ada3e9ab6f63 3.2s done
#6 extracting sha256:7a803dc0b40fcd10faee3fb3ebb2d7aaa88500520e6295295f5163c4bb48548b
#6 extracting sha256:7a803dc0b40fcd10faee3fb3ebb2d7aaa88500520e6295295f5163c4bb48548b 5.1s
#6 extracting sha256:7a803dc0b40fcd10faee3fb3ebb2d7aaa88500520e6295295f5163c4bb48548b 10.1s
#6 extracting sha256:7a803dc0b40fcd10faee3fb3ebb2d7aaa88500520e6295295f5163c4bb48548b 12.3s done
#6 extracting sha256:b800e94e7303e276b8fb4911a40bfe28f46180d997022c69bf1ee02fb7b86721
#6 extracting sha256:b800e94e7303e276b8fb4911a40bfe28f46180d997022c69bf1ee02fb7b86721 0.1s done
#6 extracting sha256:0da9fbf60d485c74d153bfc7562f34533550e3dd8aa78f5e8c2476ed500e0e73
#6 extracting sha256:0da9fbf60d485c74d153bfc7562f34533550e3dd8aa78f5e8c2476ed500e0e73 1.7s done
#6 extracting sha256:04dccde934cf0d6ab9d303fe73b36bc4ed84329d9d562049a69a5d38afb83f14
#6 extracting sha256:04dccde934cf0d6ab9d303fe73b36bc4ed84329d9d562049a69a5d38afb83f14 0.2s done
#6 extracting sha256:73269890f6fdf96184d0fdb0afe3cf697b0c8dbe1e7a077f0fab445d74372c78
#6 extracting sha256:73269890f6fdf96184d0fdb0afe3cf697b0c8dbe1e7a077f0fab445d74372c78 done
#6 DONE 31.0s

#7 [2/7] RUN apt-get update && apt-get install -y     sqlite && rm -rf /var/lib/apt/lists/*
#7 0.582 Ign:1 http://deb.debian.org/debian stretch InRelease
#7 0.582 Ign:2 http://security.debian.org/debian-security stretch/updates InRelease
#7 0.592 Ign:3 http://deb.debian.org/debian stretch-updates InRelease
#7 0.593 Ign:4 http://security.debian.org/debian-security stretch/updates Release
#7 0.603 Ign:5 http://security.debian.org/debian-security stretch/updates/main amd64 Packages
#7 0.603 Ign:6 http://deb.debian.org/debian stretch Release
#7 0.613 Ign:7 http://security.debian.org/debian-security stretch/updates/main all Packages
#7 0.614 Ign:8 http://deb.debian.org/debian stretch-updates Release
#7 0.624 Ign:5 http://security.debian.org/debian-security stretch/updates/main amd64 Packages
#7 0.625 Ign:9 http://deb.debian.org/debian stretch/main all Packages
#7 0.639 Ign:7 http://security.debian.org/debian-security stretch/updates/main all Packages
#7 0.649 Ign:5 http://security.debian.org/debian-security stretch/updates/main amd64 Packages
#7 0.660 Ign:7 http://security.debian.org/debian-security stretch/updates/main all Packages
#7 0.671 Ign:5 http://security.debian.org/debian-security stretch/updates/main amd64 Packages
#7 0.681 Ign:7 http://security.debian.org/debian-security stretch/updates/main all Packages
#7 0.692 Ign:5 http://security.debian.org/debian-security stretch/updates/main amd64 Packages
#7 0.701 Ign:7 http://security.debian.org/debian-security stretch/updates/main all Packages
#7 0.712 Err:5 http://security.debian.org/debian-security stretch/updates/main amd64 Packages
#7 0.712   404  Not Found
#7 0.722 Ign:7 http://security.debian.org/debian-security stretch/updates/main all Packages
#7 0.782 Ign:10 http://deb.debian.org/debian stretch/main amd64 Packages
#7 0.940 Ign:11 http://deb.debian.org/debian stretch-updates/main amd64 Packages
#7 0.950 Ign:12 http://deb.debian.org/debian stretch-updates/main all Packages
#7 0.961 Ign:9 http://deb.debian.org/debian stretch/main all Packages
#7 1.118 Ign:10 http://deb.debian.org/debian stretch/main amd64 Packages
#7 1.276 Ign:11 http://deb.debian.org/debian stretch-updates/main amd64 Packages
#7 1.287 Ign:12 http://deb.debian.org/debian stretch-updates/main all Packages
#7 1.297 Ign:9 http://deb.debian.org/debian stretch/main all Packages
#7 1.455 Ign:10 http://deb.debian.org/debian stretch/main amd64 Packages
#7 1.613 Ign:11 http://deb.debian.org/debian stretch-updates/main amd64 Packages
#7 1.623 Ign:12 http://deb.debian.org/debian stretch-updates/main all Packages
#7 1.634 Ign:9 http://deb.debian.org/debian stretch/main all Packages
#7 1.793 Ign:10 http://deb.debian.org/debian stretch/main amd64 Packages
#7 1.950 Ign:11 http://deb.debian.org/debian stretch-updates/main amd64 Packages
#7 1.961 Ign:12 http://deb.debian.org/debian stretch-updates/main all Packages
#7 1.971 Ign:9 http://deb.debian.org/debian stretch/main all Packages
#7 2.129 Ign:10 http://deb.debian.org/debian stretch/main amd64 Packages
#7 2.287 Ign:11 http://deb.debian.org/debian stretch-updates/main amd64 Packages
#7 2.297 Ign:12 http://deb.debian.org/debian stretch-updates/main all Packages
#7 2.308 Ign:9 http://deb.debian.org/debian stretch/main all Packages
#7 2.476 Err:10 http://deb.debian.org/debian stretch/main amd64 Packages
#7 2.476   404  Not Found
#7 2.635 Err:11 http://deb.debian.org/debian stretch-updates/main amd64 Packages
#7 2.635   404  Not Found
#7 2.644 Ign:12 http://deb.debian.org/debian stretch-updates/main all Packages
#7 2.648 Reading package lists...
#7 2.661 W: The repository 'http://security.debian.org/debian-security stretch/updates Release' does not have a Release file.
#7 2.661 W: The repository 'http://deb.debian.org/debian stretch Release' does not have a Release file.
#7 2.661 W: The repository 'http://deb.debian.org/debian stretch-updates Release' does not have a Release file.
#7 2.661 E: Failed to fetch http://security.debian.org/debian-security/dists/stretch/updates/main/binary-amd64/Packages  404  Not Found
#7 2.661 E: Failed to fetch http://deb.debian.org/debian/dists/stretch/main/binary-amd64/Packages  404  Not Found
#7 2.661 E: Failed to fetch http://deb.debian.org/debian/dists/stretch-updates/main/binary-amd64/Packages  404  Not Found
#7 2.661 E: Some index files failed to download. They have been ignored, or old ones used instead.
#7 ERROR: process "/bin/sh -c apt-get update && apt-get install -y     sqlite && rm -rf /var/lib/apt/lists/*" did not complete successfully: exit code: 100
------
 > [2/7] RUN apt-get update && apt-get install -y     sqlite && rm -rf /var/lib/apt/lists/*:
2.635   404  Not Found
2.644 Ign:12 http://deb.debian.org/debian stretch-updates/main all Packages
2.648 Reading package lists...
2.661 W: The repository 'http://security.debian.org/debian-security stretch/updates Release' does not have a Release file.
2.661 W: The repository 'http://deb.debian.org/debian stretch Release' does not have a Release file.
2.661 W: The repository 'http://deb.debian.org/debian stretch-updates Release' does not have a Release file.
2.661 E: Failed to fetch http://security.debian.org/debian-security/dists/stretch/updates/main/binary-amd64/Packages  404  Not Found
2.661 E: Failed to fetch http://deb.debian.org/debian/dists/stretch/main/binary-amd64/Packages  404  Not Found
2.661 E: Failed to fetch http://deb.debian.org/debian/dists/stretch-updates/main/binary-amd64/Packages  404  Not Found
2.661 E: Some index files failed to download. They have been ignored, or old ones used instead.
------
Dockerfile:6
--------------------
   5 |     # Install build-essential, sqlite in order
   6 | >>> RUN apt-get update && apt-get install -y \
   7 | >>>     sqlite \
   8 | >>> && rm -rf /var/lib/apt/lists/*
   9 |     
--------------------
ERROR: failed to solve: process "/bin/sh -c apt-get update && apt-get install -y     sqlite && rm -rf /var/lib/apt/lists/*" did not complete successfully: exit code: 100
Duration: 1:6.58