#0 building with "default" instance using docker driver

#1 [internal] load build definition from v1_Dockerfile
#1 transferring dockerfile: 737B done
#1 DONE 0.0s

#2 [internal] load metadata for docker.io/library/golang:1.20
#2 ...

#3 [internal] load metadata for docker.io/bitnami/minideb:stretch
#3 DONE 0.6s

#2 [internal] load metadata for docker.io/library/golang:1.20
#2 DONE 0.7s

#4 [internal] load .dockerignore
#4 transferring context: 2B done
#4 DONE 0.0s

#5 [internal] load build context
#5 DONE 0.0s

#6 [stage-1 1/3] FROM docker.io/bitnami/minideb:stretch@sha256:a6f24bce85d037d47cc552635b0f0a3623472bbcf16b33711fb0fe4e6a34480f
#6 resolve docker.io/bitnami/minideb:stretch@sha256:a6f24bce85d037d47cc552635b0f0a3623472bbcf16b33711fb0fe4e6a34480f 0.0s done
#6 sha256:a6f24bce85d037d47cc552635b0f0a3623472bbcf16b33711fb0fe4e6a34480f 741B / 741B done
#6 sha256:b0671f4930e13f9b839bc0c795727951b7ab1e0e5c46fcb3b639f8bdd9dd2b7f 528B / 528B done
#6 sha256:e398a222dbd61796b392b33bf534e8372bce2b552fcd97534f5a1203c69a231f 910B / 910B done
#6 sha256:0e9cbea7213538713bd6e034abe4f22cfe7a694d7e54ef4bacbc66431afe1fc1 0B / 22.15MB 0.1s
#6 sha256:0e9cbea7213538713bd6e034abe4f22cfe7a694d7e54ef4bacbc66431afe1fc1 2.10MB / 22.15MB 0.2s
#6 sha256:0e9cbea7213538713bd6e034abe4f22cfe7a694d7e54ef4bacbc66431afe1fc1 4.19MB / 22.15MB 0.3s
#6 ...

#5 [internal] load build context
#5 transferring context: 35.92MB 0.3s done
#5 DONE 0.4s

#6 [stage-1 1/3] FROM docker.io/bitnami/minideb:stretch@sha256:a6f24bce85d037d47cc552635b0f0a3623472bbcf16b33711fb0fe4e6a34480f
#6 sha256:0e9cbea7213538713bd6e034abe4f22cfe7a694d7e54ef4bacbc66431afe1fc1 8.39MB / 22.15MB 0.4s
#6 sha256:0e9cbea7213538713bd6e034abe4f22cfe7a694d7e54ef4bacbc66431afe1fc1 11.53MB / 22.15MB 0.5s
#6 sha256:0e9cbea7213538713bd6e034abe4f22cfe7a694d7e54ef4bacbc66431afe1fc1 15.73MB / 22.15MB 0.6s
#6 sha256:0e9cbea7213538713bd6e034abe4f22cfe7a694d7e54ef4bacbc66431afe1fc1 17.83MB / 22.15MB 0.7s
#6 sha256:0e9cbea7213538713bd6e034abe4f22cfe7a694d7e54ef4bacbc66431afe1fc1 22.15MB / 22.15MB 0.8s
#6 extracting sha256:0e9cbea7213538713bd6e034abe4f22cfe7a694d7e54ef4bacbc66431afe1fc1
#6 sha256:0e9cbea7213538713bd6e034abe4f22cfe7a694d7e54ef4bacbc66431afe1fc1 22.15MB / 22.15MB 0.8s done
#6 extracting sha256:0e9cbea7213538713bd6e034abe4f22cfe7a694d7e54ef4bacbc66431afe1fc1 1.9s done
#6 DONE 2.9s

#7 [stage-1 2/3] RUN install_packages ca-certificates
#7 0.437 W: The repository 'http://security.debian.org stretch/updates Release' does not have a Release file.
#7 0.437 W: The repository 'http://deb.debian.org/debian stretch Release' does not have a Release file.
#7 0.437 E: Failed to fetch http://security.debian.org/dists/stretch/updates/main/binary-amd64/Packages  404  Not Found [IP: 151.101.2.132 80]
#7 0.437 E: Failed to fetch http://deb.debian.org/debian/dists/stretch/main/binary-amd64/Packages  404  Not Found
#7 0.437 E: Some index files failed to download. They have been ignored, or old ones used instead.
#7 0.437 apt failed, retrying
#7 0.646 W: The repository 'http://deb.debian.org/debian stretch Release' does not have a Release file.
#7 0.646 W: The repository 'http://security.debian.org stretch/updates Release' does not have a Release file.
#7 0.646 E: Failed to fetch http://deb.debian.org/debian/dists/stretch/main/binary-amd64/Packages  404  Not Found
#7 0.646 E: Failed to fetch http://security.debian.org/dists/stretch/updates/main/binary-amd64/Packages  404  Not Found [IP: 151.101.130.132 80]
#7 0.646 E: Some index files failed to download. They have been ignored, or old ones used instead.
#7 0.647 apt failed, retrying
#7 0.841 W: The repository 'http://deb.debian.org/debian stretch Release' does not have a Release file.
#7 0.841 W: The repository 'http://security.debian.org stretch/updates Release' does not have a Release file.
#7 0.841 E: Failed to fetch http://deb.debian.org/debian/dists/stretch/main/binary-amd64/Packages  404  Not Found
#7 0.841 E: Failed to fetch http://security.debian.org/dists/stretch/updates/main/binary-amd64/Packages  404  Not Found [IP: 151.101.194.132 80]
#7 0.841 E: Some index files failed to download. They have been ignored, or old ones used instead.
#7 ERROR: process "/bin/sh -c install_packages ca-certificates" did not complete successfully: exit code: 100

#8 [builder 1/4] FROM docker.io/library/golang:1.20@sha256:8f9af7094d0cb27cc783c697ac5ba25efdc4da35f8526db21f7aebb0b0b4f18a
#8 resolve docker.io/library/golang:1.20@sha256:8f9af7094d0cb27cc783c697ac5ba25efdc4da35f8526db21f7aebb0b0b4f18a 0.0s done
#8 sha256:e08e8703b2fb5e50153f792f3192087d26970d262806b397049d61b9a14b3af5 24.05MB / 24.05MB 0.9s done
#8 sha256:8f9af7094d0cb27cc783c697ac5ba25efdc4da35f8526db21f7aebb0b0b4f18a 2.36kB / 2.36kB done
#8 sha256:c1a446d8f0c5658cc9af7b207a521995cf26bcfe1c9e6a4e148ba4eb8ed2e8b5 1.79kB / 1.79kB done
#8 sha256:d5beeac3653f7c94aeda867588172915ce848d8d49d4ca24d24245505949b64d 2.75kB / 2.75kB done
#8 sha256:6a299ae9cfd996c1149a699d36cdaa76fa332c8e9d66d6678fa9a231d9ead04c 49.58MB / 49.58MB 1.1s done
#8 sha256:68e92d11b04ec0fe48e60d59964704aca234084f87af5d1a068c49456b37fe3d 64.14MB / 64.14MB 2.8s
#8 sha256:4105062d1ee61f98bb0f7f6c0ac998caf55ff9a0e0fda9aa1fddbecc1f591687 92.37MB / 92.37MB 3.3s done
#8 extracting sha256:6a299ae9cfd996c1149a699d36cdaa76fa332c8e9d66d6678fa9a231d9ead04c 3.4s done
#8 sha256:870a28135dd085067b84c7b2af0529d02eab744a63d2834ad2780934573b2be6 100.45MB / 100.45MB 3.8s done
#8 sha256:ffe80ff754489bcce87b4c3580467de7a34764fc1ad5831f6eed096c78320a43 173B / 173B 2.9s done
#8 sha256:4f4fb700ef54461cfa02571ae0db9a0dc1e0cdb5577484a6d75e68dc38e8acc1 32B / 32B 3.3s done
#8 extracting sha256:e08e8703b2fb5e50153f792f3192087d26970d262806b397049d61b9a14b3af5 0.6s
------
 > [stage-1 2/3] RUN install_packages ca-certificates:
0.646 W: The repository 'http://security.debian.org stretch/updates Release' does not have a Release file.
0.646 E: Failed to fetch http://deb.debian.org/debian/dists/stretch/main/binary-amd64/Packages  404  Not Found
0.646 E: Failed to fetch http://security.debian.org/dists/stretch/updates/main/binary-amd64/Packages  404  Not Found [IP: 151.101.130.132 80]
0.646 E: Some index files failed to download. They have been ignored, or old ones used instead.
0.647 apt failed, retrying
0.841 W: The repository 'http://deb.debian.org/debian stretch Release' does not have a Release file.
0.841 W: The repository 'http://security.debian.org stretch/updates Release' does not have a Release file.
0.841 E: Failed to fetch http://deb.debian.org/debian/dists/stretch/main/binary-amd64/Packages  404  Not Found
0.841 E: Failed to fetch http://security.debian.org/dists/stretch/updates/main/binary-amd64/Packages  404  Not Found [IP: 151.101.194.132 80]
0.841 E: Some index files failed to download. They have been ignored, or old ones used instead.
------
v1_Dockerfile:16
--------------------
  14 |     
  15 |     FROM bitnami/minideb:stretch
  16 | >>> RUN install_packages ca-certificates
  17 |     
  18 |     COPY --from=builder /kubewatch /bin/kubewatch
--------------------
ERROR: failed to solve: process "/bin/sh -c install_packages ca-certificates" did not complete successfully: exit code: 100
Duration: 0:6.69