#0 building with "default" instance using docker driver

#1 [internal] load build definition from Dockerfile
#1 transferring dockerfile:
#1 transferring dockerfile: 419B done
#1 DONE 0.3s

#2 [internal] load .dockerignore
#2 transferring context: 2B done
#2 DONE 0.4s

#3 [internal] load metadata for docker.io/library/node:10-slim
#3 ...

#4 [auth] library/node:pull token for registry-1.docker.io
#4 DONE 0.0s

#3 [internal] load metadata for docker.io/library/node:10-slim
#3 DONE 1.5s

#5 [internal] load build context
#5 DONE 0.0s

#6 [1/8] FROM docker.io/library/node:10-slim@sha256:88932859e3d022d79161b99628c4c2c50e836437455e2d1b1a008d98367b10d6
#6 resolve docker.io/library/node:10-slim@sha256:88932859e3d022d79161b99628c4c2c50e836437455e2d1b1a008d98367b10d6 0.1s done
#6 ...

#5 [internal] load build context
#5 transferring context: 110.78kB done
#5 DONE 0.3s

#6 [1/8] FROM docker.io/library/node:10-slim@sha256:88932859e3d022d79161b99628c4c2c50e836437455e2d1b1a008d98367b10d6
#6 sha256:88932859e3d022d79161b99628c4c2c50e836437455e2d1b1a008d98367b10d6 776B / 776B done
#6 sha256:64c30c91d628d40eb8f772ee1477f78aff820e317e8afbc5160857ee804e4b70 1.37kB / 1.37kB done
#6 sha256:6fbcbbb5c6032ce4013d4c736ffe54e0764c36fa14315ae54cb51f244e813c52 7.09kB / 7.09kB done
#6 sha256:62deabe7a6db312ed773ccd640cd7cfbf51c22bf466886345684558f1036e358 1.05MB / 22.53MB 0.2s
#6 sha256:bc29352cb629712e7fbce7227a16b53308b541ef41e19122a04c15646756b176 0B / 21.91MB 0.2s
#6 sha256:62deabe7a6db312ed773ccd640cd7cfbf51c22bf466886345684558f1036e358 11.53MB / 22.53MB 0.4s
#6 sha256:f698164f6049bead44aeb7590e88d3df323011c20f0cedbff3d86f62e4c9f184 0B / 4.17kB 0.4s
#6 sha256:62deabe7a6db312ed773ccd640cd7cfbf51c22bf466886345684558f1036e358 19.92MB / 22.53MB 0.5s
#6 sha256:f698164f6049bead44aeb7590e88d3df323011c20f0cedbff3d86f62e4c9f184 4.17kB / 4.17kB 0.5s
#6 sha256:62deabe7a6db312ed773ccd640cd7cfbf51c22bf466886345684558f1036e358 22.53MB / 22.53MB 0.7s
#6 sha256:bc29352cb629712e7fbce7227a16b53308b541ef41e19122a04c15646756b176 5.24MB / 21.91MB 0.7s
#6 sha256:f698164f6049bead44aeb7590e88d3df323011c20f0cedbff3d86f62e4c9f184 4.17kB / 4.17kB 0.6s done
#6 sha256:85e84b4c858fae373ccdf48432de781210efb7fd75d9d801be9917577fe6ca09 0B / 2.93MB 0.7s
#6 sha256:bc29352cb629712e7fbce7227a16b53308b541ef41e19122a04c15646756b176 7.34MB / 21.91MB 0.8s
#6 sha256:bc29352cb629712e7fbce7227a16b53308b541ef41e19122a04c15646756b176 16.78MB / 21.91MB 1.0s
#6 sha256:85e84b4c858fae373ccdf48432de781210efb7fd75d9d801be9917577fe6ca09 2.93MB / 2.93MB 1.0s
#6 sha256:62deabe7a6db312ed773ccd640cd7cfbf51c22bf466886345684558f1036e358 22.53MB / 22.53MB 1.1s done
#6 sha256:bc29352cb629712e7fbce7227a16b53308b541ef41e19122a04c15646756b176 20.97MB / 21.91MB 1.1s
#6 extracting sha256:62deabe7a6db312ed773ccd640cd7cfbf51c22bf466886345684558f1036e358
#6 sha256:85e84b4c858fae373ccdf48432de781210efb7fd75d9d801be9917577fe6ca09 2.93MB / 2.93MB 1.2s done
#6 sha256:ac72e4359589952a2e38fbe10287d792cbb57f2ec3cd1eb730e9bab685ac9754 0B / 295B 1.3s
#6 sha256:ac72e4359589952a2e38fbe10287d792cbb57f2ec3cd1eb730e9bab685ac9754 295B / 295B 1.5s
#6 sha256:bc29352cb629712e7fbce7227a16b53308b541ef41e19122a04c15646756b176 21.91MB / 21.91MB 1.7s done
#6 sha256:ac72e4359589952a2e38fbe10287d792cbb57f2ec3cd1eb730e9bab685ac9754 295B / 295B 1.7s done
#6 extracting sha256:62deabe7a6db312ed773ccd640cd7cfbf51c22bf466886345684558f1036e358 1.5s done
#6 extracting sha256:f698164f6049bead44aeb7590e88d3df323011c20f0cedbff3d86f62e4c9f184
#6 extracting sha256:f698164f6049bead44aeb7590e88d3df323011c20f0cedbff3d86f62e4c9f184 0.1s done
#6 extracting sha256:bc29352cb629712e7fbce7227a16b53308b541ef41e19122a04c15646756b176
#6 extracting sha256:bc29352cb629712e7fbce7227a16b53308b541ef41e19122a04c15646756b176 1.7s done
#6 extracting sha256:85e84b4c858fae373ccdf48432de781210efb7fd75d9d801be9917577fe6ca09
#6 extracting sha256:85e84b4c858fae373ccdf48432de781210efb7fd75d9d801be9917577fe6ca09 0.3s done
#6 extracting sha256:ac72e4359589952a2e38fbe10287d792cbb57f2ec3cd1eb730e9bab685ac9754
#6 extracting sha256:ac72e4359589952a2e38fbe10287d792cbb57f2ec3cd1eb730e9bab685ac9754 done
#6 DONE 6.7s

#7 [2/8] RUN apt-get update  && apt-get dist-upgrade -y  && rm -rf /var/lib/apt/lists/*  && mkdir -p /app/data
#7 0.485 Ign:1 http://security.debian.org/debian-security stretch/updates InRelease
#7 0.488 Ign:2 http://security.debian.org/debian-security stretch/updates Release
#7 0.490 Ign:3 http://security.debian.org/debian-security stretch/updates/main amd64 Packages
#7 0.493 Ign:4 http://security.debian.org/debian-security stretch/updates/main all Packages
#7 0.495 Ign:3 http://security.debian.org/debian-security stretch/updates/main amd64 Packages
#7 0.498 Ign:4 http://security.debian.org/debian-security stretch/updates/main all Packages
#7 0.500 Ign:3 http://security.debian.org/debian-security stretch/updates/main amd64 Packages
#7 0.502 Ign:5 http://deb.debian.org/debian stretch InRelease
#7 0.503 Ign:4 http://security.debian.org/debian-security stretch/updates/main all Packages
#7 0.505 Ign:3 http://security.debian.org/debian-security stretch/updates/main amd64 Packages
#7 0.508 Ign:4 http://security.debian.org/debian-security stretch/updates/main all Packages
#7 0.509 Ign:3 http://security.debian.org/debian-security stretch/updates/main amd64 Packages
#7 0.511 Ign:4 http://security.debian.org/debian-security stretch/updates/main all Packages
#7 0.512 Ign:6 http://deb.debian.org/debian stretch-updates InRelease
#7 0.514 Err:3 http://security.debian.org/debian-security stretch/updates/main amd64 Packages
#7 0.514   404  Not Found [IP: 151.101.194.132 80]
#7 0.517 Ign:4 http://security.debian.org/debian-security stretch/updates/main all Packages
#7 0.522 Ign:7 http://deb.debian.org/debian stretch Release
#7 0.533 Ign:8 http://deb.debian.org/debian stretch-updates Release
#7 0.543 Ign:9 http://deb.debian.org/debian stretch/main all Packages
#7 0.554 Ign:10 http://deb.debian.org/debian stretch/main amd64 Packages
#7 0.564 Ign:11 http://deb.debian.org/debian stretch-updates/main amd64 Packages
#7 0.575 Ign:12 http://deb.debian.org/debian stretch-updates/main all Packages
#7 0.585 Ign:9 http://deb.debian.org/debian stretch/main all Packages
#7 0.596 Ign:10 http://deb.debian.org/debian stretch/main amd64 Packages
#7 0.607 Ign:11 http://deb.debian.org/debian stretch-updates/main amd64 Packages
#7 0.618 Ign:12 http://deb.debian.org/debian stretch-updates/main all Packages
#7 0.628 Ign:9 http://deb.debian.org/debian stretch/main all Packages
#7 0.640 Ign:10 http://deb.debian.org/debian stretch/main amd64 Packages
#7 0.650 Ign:11 http://deb.debian.org/debian stretch-updates/main amd64 Packages
#7 0.663 Ign:12 http://deb.debian.org/debian stretch-updates/main all Packages
#7 0.673 Ign:9 http://deb.debian.org/debian stretch/main all Packages
#7 0.684 Ign:10 http://deb.debian.org/debian stretch/main amd64 Packages
#7 0.695 Ign:11 http://deb.debian.org/debian stretch-updates/main amd64 Packages
#7 0.705 Ign:12 http://deb.debian.org/debian stretch-updates/main all Packages
#7 0.716 Ign:9 http://deb.debian.org/debian stretch/main all Packages
#7 0.726 Ign:10 http://deb.debian.org/debian stretch/main amd64 Packages
#7 0.737 Ign:11 http://deb.debian.org/debian stretch-updates/main amd64 Packages
#7 0.747 Ign:12 http://deb.debian.org/debian stretch-updates/main all Packages
#7 0.757 Ign:9 http://deb.debian.org/debian stretch/main all Packages
#7 0.778 Err:10 http://deb.debian.org/debian stretch/main amd64 Packages
#7 0.778   404  Not Found
#7 0.789 Err:11 http://deb.debian.org/debian stretch-updates/main amd64 Packages
#7 0.789   404  Not Found
#7 0.799 Ign:12 http://deb.debian.org/debian stretch-updates/main all Packages
#7 0.803 Reading package lists...
#7 0.812 W: The repository 'http://security.debian.org/debian-security stretch/updates Release' does not have a Release file.
#7 0.812 W: The repository 'http://deb.debian.org/debian stretch Release' does not have a Release file.
#7 0.812 W: The repository 'http://deb.debian.org/debian stretch-updates Release' does not have a Release file.
#7 0.812 E: Failed to fetch http://security.debian.org/debian-security/dists/stretch/updates/main/binary-amd64/Packages  404  Not Found [IP: 151.101.194.132 80]
#7 0.812 E: Failed to fetch http://deb.debian.org/debian/dists/stretch/main/binary-amd64/Packages  404  Not Found
#7 0.812 E: Failed to fetch http://deb.debian.org/debian/dists/stretch-updates/main/binary-amd64/Packages  404  Not Found
#7 0.812 E: Some index files failed to download. They have been ignored, or old ones used instead.
#7 ERROR: process "/bin/sh -c apt-get update  && apt-get dist-upgrade -y  && rm -rf /var/lib/apt/lists/*  && mkdir -p /app/data" did not complete successfully: exit code: 100
------
 > [2/8] RUN apt-get update  && apt-get dist-upgrade -y  && rm -rf /var/lib/apt/lists/*  && mkdir -p /app/data:
0.789   404  Not Found
0.799 Ign:12 http://deb.debian.org/debian stretch-updates/main all Packages
0.803 Reading package lists...
0.812 W: The repository 'http://security.debian.org/debian-security stretch/updates Release' does not have a Release file.
0.812 W: The repository 'http://deb.debian.org/debian stretch Release' does not have a Release file.
0.812 W: The repository 'http://deb.debian.org/debian stretch-updates Release' does not have a Release file.
0.812 E: Failed to fetch http://security.debian.org/debian-security/dists/stretch/updates/main/binary-amd64/Packages  404  Not Found [IP: 151.101.194.132 80]
0.812 E: Failed to fetch http://deb.debian.org/debian/dists/stretch/main/binary-amd64/Packages  404  Not Found
0.812 E: Failed to fetch http://deb.debian.org/debian/dists/stretch-updates/main/binary-amd64/Packages  404  Not Found
0.812 E: Some index files failed to download. They have been ignored, or old ones used instead.
------
Dockerfile:3
--------------------
   2 |     
   3 | >>> RUN apt-get update \
   4 | >>>  && apt-get dist-upgrade -y \
   5 | >>>  && rm -rf /var/lib/apt/lists/* \
   6 | >>>  && mkdir -p /app/data
   7 |     
--------------------
ERROR: failed to solve: process "/bin/sh -c apt-get update  && apt-get dist-upgrade -y  && rm -rf /var/lib/apt/lists/*  && mkdir -p /app/data" did not complete successfully: exit code: 100
Duration: 0:13.30