#0 building with "default" instance using docker driver

#1 [internal] load build definition from v1_Dockerfile
#1 transferring dockerfile: 1.40kB done
#1 DONE 0.0s

#2 [internal] load metadata for docker.io/library/php:7.0-fpm
#2 DONE 0.7s

#3 [internal] load .dockerignore
#3 transferring context: 2B done
#3 DONE 0.0s

#4 [internal] load build context
#4 transferring context: 3.78kB done
#4 DONE 0.0s

#5 [ 1/11] FROM docker.io/library/php:7.0-fpm@sha256:8e8644c0fd61424939fff072ca617469550bbb659158301a2dcadf334746a1c2
#5 resolve docker.io/library/php:7.0-fpm@sha256:8e8644c0fd61424939fff072ca617469550bbb659158301a2dcadf334746a1c2 0.0s done
#5 sha256:350207dcf1b7e69d73ee5e688ec3f1bb6576481773105b8635193dc7fe5010bb 0B / 67.44MB 0.1s
#5 sha256:b2acefa34619a2ea8bf03c3c147f15dfff83923acdf61298162d32626781fa56 2.41kB / 2.41kB done
#5 sha256:177e7ef0df6987e0c5738a1fb5aba98b6b6e7a5fef992e481977dbb5ba3f91be 0B / 22.49MB 0.1s
#5 sha256:9bf89f2eda244c750e106e9751aa6714e8002accc9ebc4efe784800ff424e2a8 0B / 225B 0.1s
#5 sha256:29e9a8718c7b68bf3cd9400d0009e4be425784511c2a36a727f53aa2ee84a617 11.01kB / 11.01kB done
#5 sha256:8e8644c0fd61424939fff072ca617469550bbb659158301a2dcadf334746a1c2 2.37kB / 2.37kB done
#5 sha256:177e7ef0df6987e0c5738a1fb5aba98b6b6e7a5fef992e481977dbb5ba3f91be 11.53MB / 22.49MB 0.3s
#5 sha256:9bf89f2eda244c750e106e9751aa6714e8002accc9ebc4efe784800ff424e2a8 225B / 225B 0.2s done
#5 sha256:a8a33d96b4e7acb10a1e637ccc316d5e823debfa5c64704b4935af982bd79926 0B / 183B 0.3s
#5 sha256:350207dcf1b7e69d73ee5e688ec3f1bb6576481773105b8635193dc7fe5010bb 8.39MB / 67.44MB 0.4s
#5 sha256:177e7ef0df6987e0c5738a1fb5aba98b6b6e7a5fef992e481977dbb5ba3f91be 16.78MB / 22.49MB 0.4s
#5 sha256:a8a33d96b4e7acb10a1e637ccc316d5e823debfa5c64704b4935af982bd79926 183B / 183B 0.3s done
#5 sha256:8069cdba34b57cf2698bf9085fca561f815d34e91a6192e9ee96bf525fcaf07f 0B / 12.36MB 0.4s
#5 sha256:350207dcf1b7e69d73ee5e688ec3f1bb6576481773105b8635193dc7fe5010bb 12.58MB / 67.44MB 0.5s
#5 sha256:177e7ef0df6987e0c5738a1fb5aba98b6b6e7a5fef992e481977dbb5ba3f91be 22.02MB / 22.49MB 0.5s
#5 extracting sha256:177e7ef0df6987e0c5738a1fb5aba98b6b6e7a5fef992e481977dbb5ba3f91be
#5 sha256:350207dcf1b7e69d73ee5e688ec3f1bb6576481773105b8635193dc7fe5010bb 31.46MB / 67.44MB 0.7s
#5 sha256:177e7ef0df6987e0c5738a1fb5aba98b6b6e7a5fef992e481977dbb5ba3f91be 22.49MB / 22.49MB 0.5s done
#5 sha256:25ae788babab2686772df6df80382e6f588cedd7da616ed65dda6a1c5f4902c1 500B / 500B 0.7s done
#5 sha256:1df95586682bf73e9a360188068a394c133b4bfbbdeea35649c5559ef67b7702 0B / 27.23MB 0.7s
#5 sha256:350207dcf1b7e69d73ee5e688ec3f1bb6576481773105b8635193dc7fe5010bb 39.85MB / 67.44MB 0.8s
#5 sha256:350207dcf1b7e69d73ee5e688ec3f1bb6576481773105b8635193dc7fe5010bb 45.09MB / 67.44MB 0.9s
#5 sha256:1df95586682bf73e9a360188068a394c133b4bfbbdeea35649c5559ef67b7702 5.24MB / 27.23MB 0.9s
#5 sha256:350207dcf1b7e69d73ee5e688ec3f1bb6576481773105b8635193dc7fe5010bb 49.28MB / 67.44MB 1.0s
#5 sha256:1df95586682bf73e9a360188068a394c133b4bfbbdeea35649c5559ef67b7702 10.49MB / 27.23MB 1.0s
#5 sha256:350207dcf1b7e69d73ee5e688ec3f1bb6576481773105b8635193dc7fe5010bb 54.53MB / 67.44MB 1.1s
#5 sha256:1df95586682bf73e9a360188068a394c133b4bfbbdeea35649c5559ef67b7702 15.73MB / 27.23MB 1.1s
#5 sha256:350207dcf1b7e69d73ee5e688ec3f1bb6576481773105b8635193dc7fe5010bb 60.82MB / 67.44MB 1.2s
#5 sha256:8069cdba34b57cf2698bf9085fca561f815d34e91a6192e9ee96bf525fcaf07f 1.05MB / 12.36MB 1.2s
#5 sha256:1df95586682bf73e9a360188068a394c133b4bfbbdeea35649c5559ef67b7702 20.97MB / 27.23MB 1.2s
#5 sha256:350207dcf1b7e69d73ee5e688ec3f1bb6576481773105b8635193dc7fe5010bb 66.06MB / 67.44MB 1.3s
#5 sha256:8069cdba34b57cf2698bf9085fca561f815d34e91a6192e9ee96bf525fcaf07f 2.10MB / 12.36MB 1.3s
#5 sha256:1df95586682bf73e9a360188068a394c133b4bfbbdeea35649c5559ef67b7702 25.17MB / 27.23MB 1.3s
#5 sha256:8069cdba34b57cf2698bf9085fca561f815d34e91a6192e9ee96bf525fcaf07f 7.34MB / 12.36MB 1.5s
#5 sha256:1df95586682bf73e9a360188068a394c133b4bfbbdeea35649c5559ef67b7702 27.23MB / 27.23MB 1.5s
#5 sha256:350207dcf1b7e69d73ee5e688ec3f1bb6576481773105b8635193dc7fe5010bb 67.44MB / 67.44MB 1.5s done
#5 sha256:8069cdba34b57cf2698bf9085fca561f815d34e91a6192e9ee96bf525fcaf07f 12.36MB / 12.36MB 1.6s
#5 sha256:1df95586682bf73e9a360188068a394c133b4bfbbdeea35649c5559ef67b7702 27.23MB / 27.23MB 1.6s done
#5 sha256:8069cdba34b57cf2698bf9085fca561f815d34e91a6192e9ee96bf525fcaf07f 12.36MB / 12.36MB 1.6s done
#5 sha256:b7221dc910cfe17a8201f0d7fcec62a1ecbb64cb15537e3d4c9af0ec7e063441 128B / 128B 1.7s done
#5 sha256:4c66f054f3223cfd1d428c5076dac954950cb3070c5c6756f8218767b88471bb 2.19kB / 2.19kB 1.8s done
#5 sha256:71b3dbdbc6f4757dce54e6bb2154f9a7b24b4111d1686e4cc9baea32f1d60c1a 7.76kB / 7.76kB 1.7s done
#5 extracting sha256:177e7ef0df6987e0c5738a1fb5aba98b6b6e7a5fef992e481977dbb5ba3f91be 1.7s done
#5 extracting sha256:9bf89f2eda244c750e106e9751aa6714e8002accc9ebc4efe784800ff424e2a8 done
#5 extracting sha256:350207dcf1b7e69d73ee5e688ec3f1bb6576481773105b8635193dc7fe5010bb
#5 extracting sha256:350207dcf1b7e69d73ee5e688ec3f1bb6576481773105b8635193dc7fe5010bb 3.5s done
#5 extracting sha256:a8a33d96b4e7acb10a1e637ccc316d5e823debfa5c64704b4935af982bd79926
#5 extracting sha256:a8a33d96b4e7acb10a1e637ccc316d5e823debfa5c64704b4935af982bd79926 done
#5 extracting sha256:8069cdba34b57cf2698bf9085fca561f815d34e91a6192e9ee96bf525fcaf07f 0.1s
#5 extracting sha256:8069cdba34b57cf2698bf9085fca561f815d34e91a6192e9ee96bf525fcaf07f 0.1s done
#5 extracting sha256:25ae788babab2686772df6df80382e6f588cedd7da616ed65dda6a1c5f4902c1 done
#5 extracting sha256:1df95586682bf73e9a360188068a394c133b4bfbbdeea35649c5559ef67b7702
#5 extracting sha256:1df95586682bf73e9a360188068a394c133b4bfbbdeea35649c5559ef67b7702 1.1s done
#5 extracting sha256:4c66f054f3223cfd1d428c5076dac954950cb3070c5c6756f8218767b88471bb done
#5 extracting sha256:b7221dc910cfe17a8201f0d7fcec62a1ecbb64cb15537e3d4c9af0ec7e063441 done
#5 extracting sha256:71b3dbdbc6f4757dce54e6bb2154f9a7b24b4111d1686e4cc9baea32f1d60c1a done
#5 DONE 7.7s

#6 [ 2/11] RUN mkdir /opt/php-pubsub
#6 DONE 2.1s

#7 [ 3/11] WORKDIR /opt/php-pubsub
#7 DONE 0.0s

#8 [ 4/11] RUN apt-get update     && DEBIAN_FRONTEND=noninteractive apt-get --no-install-recommends install -y         git         zlib1g-dev         unzip     && rm -r /var/lib/apt/lists/*
#8 0.230 Ign:1 http://security.debian.org/debian-security stretch/updates InRelease
#8 0.233 Ign:2 http://deb.debian.org/debian stretch InRelease
#8 0.239 Ign:3 http://security.debian.org/debian-security stretch/updates Release
#8 0.242 Ign:4 http://deb.debian.org/debian stretch-updates InRelease
#8 0.248 Ign:5 http://security.debian.org/debian-security stretch/updates/main amd64 Packages
#8 0.254 Ign:6 http://deb.debian.org/debian stretch Release
#8 0.258 Ign:7 http://security.debian.org/debian-security stretch/updates/main all Packages
#8 0.264 Ign:8 http://deb.debian.org/debian stretch-updates Release
#8 0.267 Ign:5 http://security.debian.org/debian-security stretch/updates/main amd64 Packages
#8 0.275 Ign:9 http://deb.debian.org/debian stretch/main amd64 Packages
#8 0.275 Ign:7 http://security.debian.org/debian-security stretch/updates/main all Packages
#8 0.283 Ign:5 http://security.debian.org/debian-security stretch/updates/main amd64 Packages
#8 0.283 Ign:10 http://deb.debian.org/debian stretch/main all Packages
#8 0.291 Ign:11 http://deb.debian.org/debian stretch-updates/main amd64 Packages
#8 0.292 Ign:7 http://security.debian.org/debian-security stretch/updates/main all Packages
#8 0.301 Ign:12 http://deb.debian.org/debian stretch-updates/main all Packages
#8 0.301 Ign:5 http://security.debian.org/debian-security stretch/updates/main amd64 Packages
#8 0.310 Ign:7 http://security.debian.org/debian-security stretch/updates/main all Packages
#8 0.311 Ign:9 http://deb.debian.org/debian stretch/main amd64 Packages
#8 0.319 Ign:5 http://security.debian.org/debian-security stretch/updates/main amd64 Packages
#8 0.319 Ign:10 http://deb.debian.org/debian stretch/main all Packages
#8 0.329 Ign:11 http://deb.debian.org/debian stretch-updates/main amd64 Packages
#8 0.329 Ign:7 http://security.debian.org/debian-security stretch/updates/main all Packages
#8 0.338 Ign:12 http://deb.debian.org/debian stretch-updates/main all Packages
#8 0.338 Err:5 http://security.debian.org/debian-security stretch/updates/main amd64 Packages
#8 0.338   404  Not Found [IP: 151.101.2.132 80]
#8 0.346 Ign:9 http://deb.debian.org/debian stretch/main amd64 Packages
#8 0.348 Ign:7 http://security.debian.org/debian-security stretch/updates/main all Packages
#8 0.354 Ign:10 http://deb.debian.org/debian stretch/main all Packages
#8 0.361 Ign:11 http://deb.debian.org/debian stretch-updates/main amd64 Packages
#8 0.372 Ign:12 http://deb.debian.org/debian stretch-updates/main all Packages
#8 0.380 Ign:9 http://deb.debian.org/debian stretch/main amd64 Packages
#8 0.390 Ign:10 http://deb.debian.org/debian stretch/main all Packages
#8 0.398 Ign:11 http://deb.debian.org/debian stretch-updates/main amd64 Packages
#8 0.405 Ign:12 http://deb.debian.org/debian stretch-updates/main all Packages
#8 0.414 Ign:9 http://deb.debian.org/debian stretch/main amd64 Packages
#8 0.422 Ign:10 http://deb.debian.org/debian stretch/main all Packages
#8 0.431 Ign:11 http://deb.debian.org/debian stretch-updates/main amd64 Packages
#8 0.440 Ign:12 http://deb.debian.org/debian stretch-updates/main all Packages
#8 0.454 Err:9 http://deb.debian.org/debian stretch/main amd64 Packages
#8 0.454   404  Not Found
#8 0.471 Ign:10 http://deb.debian.org/debian stretch/main all Packages
#8 0.480 Err:11 http://deb.debian.org/debian stretch-updates/main amd64 Packages
#8 0.480   404  Not Found
#8 0.488 Ign:12 http://deb.debian.org/debian stretch-updates/main all Packages
#8 0.492 Reading package lists...
#8 0.502 W: The repository 'http://security.debian.org/debian-security stretch/updates Release' does not have a Release file.
#8 0.502 W: The repository 'http://deb.debian.org/debian stretch Release' does not have a Release file.
#8 0.502 W: The repository 'http://deb.debian.org/debian stretch-updates Release' does not have a Release file.
#8 0.502 E: Failed to fetch http://security.debian.org/debian-security/dists/stretch/updates/main/binary-amd64/Packages  404  Not Found [IP: 151.101.2.132 80]
#8 0.502 E: Failed to fetch http://deb.debian.org/debian/dists/stretch/main/binary-amd64/Packages  404  Not Found
#8 0.502 E: Failed to fetch http://deb.debian.org/debian/dists/stretch-updates/main/binary-amd64/Packages  404  Not Found
#8 0.502 E: Some index files failed to download. They have been ignored, or old ones used instead.
#8 ERROR: process "/bin/sh -c apt-get update     && DEBIAN_FRONTEND=noninteractive apt-get --no-install-recommends install -y         git         zlib1g-dev         unzip     && rm -r /var/lib/apt/lists/*" did not complete successfully: exit code: 100
------
 > [ 4/11] RUN apt-get update     && DEBIAN_FRONTEND=noninteractive apt-get --no-install-recommends install -y         git         zlib1g-dev         unzip     && rm -r /var/lib/apt/lists/*:
0.480   404  Not Found
0.488 Ign:12 http://deb.debian.org/debian stretch-updates/main all Packages
0.492 Reading package lists...
0.502 W: The repository 'http://security.debian.org/debian-security stretch/updates Release' does not have a Release file.
0.502 W: The repository 'http://deb.debian.org/debian stretch Release' does not have a Release file.
0.502 W: The repository 'http://deb.debian.org/debian stretch-updates Release' does not have a Release file.
0.502 E: Failed to fetch http://security.debian.org/debian-security/dists/stretch/updates/main/binary-amd64/Packages  404  Not Found [IP: 151.101.2.132 80]
0.502 E: Failed to fetch http://deb.debian.org/debian/dists/stretch/main/binary-amd64/Packages  404  Not Found
0.502 E: Failed to fetch http://deb.debian.org/debian/dists/stretch-updates/main/binary-amd64/Packages  404  Not Found
0.502 E: Some index files failed to download. They have been ignored, or old ones used instead.
------
v1_Dockerfile:8
--------------------
   7 |     # Packages
   8 | >>> RUN apt-get update \
   9 | >>>     && DEBIAN_FRONTEND=noninteractive apt-get --no-install-recommends install -y \
  10 | >>>         git \
  11 | >>>         zlib1g-dev \
  12 | >>>         unzip \
  13 | >>>     && rm -r /var/lib/apt/lists/*
  14 |     
--------------------
ERROR: failed to solve: process "/bin/sh -c apt-get update     && DEBIAN_FRONTEND=noninteractive apt-get --no-install-recommends install -y         git         zlib1g-dev         unzip     && rm -r /var/lib/apt/lists/*" did not complete successfully: exit code: 100
Duration: 0:11.40