#0 building with "default" instance using docker driver

#1 [internal] load build definition from v1_Dockerfile
#1 transferring dockerfile: 1.01kB done
#1 DONE 0.0s

#2 [internal] load metadata for docker.io/phusion/baseimage:master
#2 ...

#3 [auth] phusion/baseimage:pull token for registry-1.docker.io
#3 DONE 0.0s

#2 [internal] load metadata for docker.io/phusion/baseimage:master
#2 ERROR: docker.io/phusion/baseimage:master: not found
------
 > [internal] load metadata for docker.io/phusion/baseimage:master:
------
v1_Dockerfile:2
--------------------
   1 |     # Builds a docker image for TP-Link´s  EAP Controller
   2 | >>> From phusion/baseimage:master
   3 |     MAINTAINER Mace Capri <macecapri@gmail.com>
   4 |     
--------------------
ERROR: failed to solve: phusion/baseimage:master: docker.io/phusion/baseimage:master: not found
Duration: 0:0.79