#0 building with "default" instance using docker driver

#1 [internal] load build definition from v1_Dockerfile
#1 transferring dockerfile: 560B done
#1 DONE 0.0s

#2 [auth] library/debian:pull token for registry-1.docker.io
#2 DONE 0.0s

#3 [internal] load metadata for docker.io/library/debian:stretch
#3 DONE 0.9s

#4 [internal] load .dockerignore
#4 transferring context: 2B done
#4 DONE 0.0s

#5 [1/2] FROM docker.io/library/debian:stretch@sha256:c5c5200ff1e9c73ffbf188b4a67eb1c91531b644856b4aefe86a58d2f0cb05be
#5 resolve docker.io/library/debian:stretch@sha256:c5c5200ff1e9c73ffbf188b4a67eb1c91531b644856b4aefe86a58d2f0cb05be 0.0s done
#5 sha256:c5c5200ff1e9c73ffbf188b4a67eb1c91531b644856b4aefe86a58d2f0cb05be 1.21kB / 1.21kB done
#5 sha256:16ee3e11da473f6565ef94a715f1a38b3079e0664913be78869c336a71cb6085 529B / 529B done
#5 sha256:662c05203bab4c59568d24689fa5c3955439360a35c483178598d226b9a5ad10 1.46kB / 1.46kB done
#5 sha256:8372a04f222be82bf67eb0010a59644b1e52f1246b3da9034edaa98f3d591cae 0B / 45.43MB 0.1s
#5 sha256:8372a04f222be82bf67eb0010a59644b1e52f1246b3da9034edaa98f3d591cae 11.53MB / 45.43MB 0.3s
#5 sha256:8372a04f222be82bf67eb0010a59644b1e52f1246b3da9034edaa98f3d591cae 28.31MB / 45.43MB 0.5s
#5 sha256:8372a04f222be82bf67eb0010a59644b1e52f1246b3da9034edaa98f3d591cae 45.43MB / 45.43MB 0.7s
#5 extracting sha256:8372a04f222be82bf67eb0010a59644b1e52f1246b3da9034edaa98f3d591cae
#5 sha256:8372a04f222be82bf67eb0010a59644b1e52f1246b3da9034edaa98f3d591cae 45.43MB / 45.43MB 0.8s done
#5 extracting sha256:8372a04f222be82bf67eb0010a59644b1e52f1246b3da9034edaa98f3d591cae 2.5s done
#5 DONE 3.5s

#6 [2/2] RUN apt-get update &&     apt-get install -y curl wget git ca-certificates &&     mkdir /app && cd /app &&     curl -s https://api.github.com/repos/ovh/noderig/releases/latest | grep browser_download_url | cut -d '"' -f 4 > files &&     while read f; do wget $f; done < files &&     chmod +x noderig &&     chown -R nobody:nogroup /app &&     rm -rf /var/lib/apt/lists/*
#6 0.226 Ign:1 http://deb.debian.org/debian stretch InRelease
#6 0.226 Ign:2 http://security.debian.org/debian-security stretch/updates InRelease
#6 0.235 Ign:3 http://deb.debian.org/debian stretch-updates InRelease
#6 0.236 Ign:4 http://security.debian.org/debian-security stretch/updates Release
#6 0.248 Ign:5 http://deb.debian.org/debian stretch Release
#6 0.248 Ign:6 http://security.debian.org/debian-security stretch/updates/main all Packages
#6 0.258 Ign:7 http://deb.debian.org/debian stretch-updates Release
#6 0.259 Ign:8 http://security.debian.org/debian-security stretch/updates/main amd64 Packages
#6 0.269 Ign:6 http://security.debian.org/debian-security stretch/updates/main all Packages
#6 0.269 Ign:9 http://deb.debian.org/debian stretch/main all Packages
#6 0.281 Ign:10 http://deb.debian.org/debian stretch/main amd64 Packages
#6 0.283 Ign:8 http://security.debian.org/debian-security stretch/updates/main amd64 Packages
#6 0.293 Ign:11 http://deb.debian.org/debian stretch-updates/main amd64 Packages
#6 0.293 Ign:6 http://security.debian.org/debian-security stretch/updates/main all Packages
#6 0.304 Ign:12 http://deb.debian.org/debian stretch-updates/main all Packages
#6 0.304 Ign:8 http://security.debian.org/debian-security stretch/updates/main amd64 Packages
#6 0.315 Ign:6 http://security.debian.org/debian-security stretch/updates/main all Packages
#6 0.315 Ign:9 http://deb.debian.org/debian stretch/main all Packages
#6 0.325 Ign:8 http://security.debian.org/debian-security stretch/updates/main amd64 Packages
#6 0.326 Ign:10 http://deb.debian.org/debian stretch/main amd64 Packages
#6 0.337 Ign:11 http://deb.debian.org/debian stretch-updates/main amd64 Packages
#6 0.337 Ign:6 http://security.debian.org/debian-security stretch/updates/main all Packages
#6 0.349 Ign:12 http://deb.debian.org/debian stretch-updates/main all Packages
#6 0.349 Ign:8 http://security.debian.org/debian-security stretch/updates/main amd64 Packages
#6 0.360 Ign:9 http://deb.debian.org/debian stretch/main all Packages
#6 0.360 Ign:6 http://security.debian.org/debian-security stretch/updates/main all Packages
#6 0.372 Ign:10 http://deb.debian.org/debian stretch/main amd64 Packages
#6 0.372 Err:8 http://security.debian.org/debian-security stretch/updates/main amd64 Packages
#6 0.372   404  Not Found [IP: 151.101.2.132 80]
#6 0.382 Ign:11 http://deb.debian.org/debian stretch-updates/main amd64 Packages
#6 0.393 Ign:12 http://deb.debian.org/debian stretch-updates/main all Packages
#6 0.404 Ign:9 http://deb.debian.org/debian stretch/main all Packages
#6 0.415 Ign:10 http://deb.debian.org/debian stretch/main amd64 Packages
#6 0.426 Ign:11 http://deb.debian.org/debian stretch-updates/main amd64 Packages
#6 0.438 Ign:12 http://deb.debian.org/debian stretch-updates/main all Packages
#6 0.449 Ign:9 http://deb.debian.org/debian stretch/main all Packages
#6 0.460 Ign:10 http://deb.debian.org/debian stretch/main amd64 Packages
#6 0.472 Ign:11 http://deb.debian.org/debian stretch-updates/main amd64 Packages
#6 0.482 Ign:12 http://deb.debian.org/debian stretch-updates/main all Packages
#6 0.494 Ign:9 http://deb.debian.org/debian stretch/main all Packages
#6 0.515 Err:10 http://deb.debian.org/debian stretch/main amd64 Packages
#6 0.515   404  Not Found
#6 0.526 Err:11 http://deb.debian.org/debian stretch-updates/main amd64 Packages
#6 0.526   404  Not Found
#6 0.538 Ign:12 http://deb.debian.org/debian stretch-updates/main all Packages
#6 0.543 Reading package lists...
#6 0.550 W: The repository 'http://security.debian.org/debian-security stretch/updates Release' does not have a Release file.
#6 0.550 W: The repository 'http://deb.debian.org/debian stretch Release' does not have a Release file.
#6 0.550 W: The repository 'http://deb.debian.org/debian stretch-updates Release' does not have a Release file.
#6 0.550 E: Failed to fetch http://security.debian.org/debian-security/dists/stretch/updates/main/binary-amd64/Packages  404  Not Found [IP: 151.101.2.132 80]
#6 0.550 E: Failed to fetch http://deb.debian.org/debian/dists/stretch/main/binary-amd64/Packages  404  Not Found
#6 0.550 E: Failed to fetch http://deb.debian.org/debian/dists/stretch-updates/main/binary-amd64/Packages  404  Not Found
#6 0.550 E: Some index files failed to download. They have been ignored, or old ones used instead.
#6 ERROR: process "/bin/sh -c apt-get update &&     apt-get install -y curl wget git ca-certificates &&     mkdir /app && cd /app &&     curl -s https://api.github.com/repos/ovh/noderig/releases/latest | grep browser_download_url | cut -d '\"' -f 4 > files &&     while read f; do wget $f; done < files &&     chmod +x noderig &&     chown -R nobody:nogroup /app &&     rm -rf /var/lib/apt/lists/*" did not complete successfully: exit code: 100
------
 > [2/2] RUN apt-get update &&     apt-get install -y curl wget git ca-certificates &&     mkdir /app && cd /app &&     curl -s https://api.github.com/repos/ovh/noderig/releases/latest | grep browser_download_url | cut -d '"' -f 4 > files &&     while read f; do wget $f; done < files &&     chmod +x noderig &&     chown -R nobody:nogroup /app &&     rm -rf /var/lib/apt/lists/*:
0.426 Ign:11 http://deb.debian.org/debian stretch-updates/main amd64 Packages
0.438 Ign:12 http://deb.debian.org/debian stretch-updates/main all Packages

0.550 W: The repository 'http://security.debian.org/debian-security stretch/updates Release' does not have a Release file.
0.550 W: The repository 'http://deb.debian.org/debian stretch Release' does not have a Release file.
0.550 W: The repository 'http://deb.debian.org/debian stretch-updates Release' does not have a Release file.
0.550 E: Failed to fetch http://security.debian.org/debian-security/dists/stretch/updates/main/binary-amd64/Packages  404  Not Found [IP: 151.101.2.132 80]
0.550 E: Failed to fetch http://deb.debian.org/debian/dists/stretch/main/binary-amd64/Packages  404  Not Found
0.550 E: Failed to fetch http://deb.debian.org/debian/dists/stretch-updates/main/binary-amd64/Packages  404  Not Found
0.550 E: Some index files failed to download. They have been ignored, or old ones used instead.
------
v1_Dockerfile:5
--------------------
   4 |     
   5 | >>> RUN apt-get update && \
   6 | >>>     apt-get install -y curl wget git ca-certificates && \
   7 | >>>     mkdir /app && cd /app && \
   8 | >>>     curl -s https://api.github.com/repos/ovh/noderig/releases/latest | grep browser_download_url | cut -d '"' -f 4 > files && \
   9 | >>>     while read f; do wget $f; done < files && \
  10 | >>>     chmod +x noderig && \
  11 | >>>     chown -R nobody:nogroup /app && \
  12 | >>>     rm -rf /var/lib/apt/lists/*
  13 |     
--------------------
ERROR: failed to solve: process "/bin/sh -c apt-get update &&     apt-get install -y curl wget git ca-certificates &&     mkdir /app && cd /app &&     curl -s https://api.github.com/repos/ovh/noderig/releases/latest | grep browser_download_url | cut -d '\"' -f 4 > files &&     while read f; do wget $f; done < files &&     chmod +x noderig &&     chown -R nobody:nogroup /app &&     rm -rf /var/lib/apt/lists/*" did not complete successfully: exit code: 100
Duration: 0:5.65