#0 building with "default" instance using docker driver

#1 [internal] load build definition from v1_Dockerfile
#1 transferring dockerfile: 605B done
#1 DONE 0.0s

#2 [auth] library/php:pull token for registry-1.docker.io
#2 DONE 0.0s

#3 [internal] load metadata for docker.io/library/php:7.0-apache
#3 DONE 0.9s

#4 [internal] load .dockerignore
#4 transferring context: 2B done
#4 DONE 0.0s

#5 [1/7] FROM docker.io/library/php:7.0-apache@sha256:1d34b2e491a02ba7a8d26478132015e197a5ffea37f0a93b42621d11cfe042cc
#5 resolve docker.io/library/php:7.0-apache@sha256:1d34b2e491a02ba7a8d26478132015e197a5ffea37f0a93b42621d11cfe042cc 0.0s done
#5 sha256:1d34b2e491a02ba7a8d26478132015e197a5ffea37f0a93b42621d11cfe042cc 2.37kB / 2.37kB done
#5 sha256:aa67a9c9814fb920a3aa01122b56010ddf1130710caf71a8871a0f1dbb4d78fd 12.45kB / 12.45kB done
#5 sha256:9bf89f2eda244c750e106e9751aa6714e8002accc9ebc4efe784800ff424e2a8 0B / 225B 0.1s
#5 sha256:b4e5b78afa2504589f3a9868535e2b099418c9de14711574b09691fc3e0f0054 3.04kB / 3.04kB done
#5 sha256:350207dcf1b7e69d73ee5e688ec3f1bb6576481773105b8635193dc7fe5010bb 0B / 67.44MB 0.1s
#5 sha256:177e7ef0df6987e0c5738a1fb5aba98b6b6e7a5fef992e481977dbb5ba3f91be 0B / 22.49MB 0.1s
#5 ...

#6 [internal] load build context
#6 transferring context: 23.10MB 0.2s done
#6 DONE 0.2s

#5 [1/7] FROM docker.io/library/php:7.0-apache@sha256:1d34b2e491a02ba7a8d26478132015e197a5ffea37f0a93b42621d11cfe042cc
#5 sha256:9bf89f2eda244c750e106e9751aa6714e8002accc9ebc4efe784800ff424e2a8 225B / 225B 0.2s done
#5 sha256:350207dcf1b7e69d73ee5e688ec3f1bb6576481773105b8635193dc7fe5010bb 4.19MB / 67.44MB 0.4s
#5 sha256:177e7ef0df6987e0c5738a1fb5aba98b6b6e7a5fef992e481977dbb5ba3f91be 14.68MB / 22.49MB 0.4s
#5 sha256:a8a33d96b4e7acb10a1e637ccc316d5e823debfa5c64704b4935af982bd79926 183B / 183B 0.4s done
#5 sha256:350207dcf1b7e69d73ee5e688ec3f1bb6576481773105b8635193dc7fe5010bb 9.44MB / 67.44MB 0.5s
#5 sha256:177e7ef0df6987e0c5738a1fb5aba98b6b6e7a5fef992e481977dbb5ba3f91be 19.92MB / 22.49MB 0.5s
#5 sha256:c0421d5b63d69a2ae480d7c5caa3d21f8105a682249c55f4923f655e73e2f492 0B / 17.13MB 0.5s
#5 sha256:350207dcf1b7e69d73ee5e688ec3f1bb6576481773105b8635193dc7fe5010bb 20.97MB / 67.44MB 0.7s
#5 sha256:177e7ef0df6987e0c5738a1fb5aba98b6b6e7a5fef992e481977dbb5ba3f91be 22.49MB / 22.49MB 0.6s done
#5 sha256:c0421d5b63d69a2ae480d7c5caa3d21f8105a682249c55f4923f655e73e2f492 7.34MB / 17.13MB 0.7s
#5 extracting sha256:177e7ef0df6987e0c5738a1fb5aba98b6b6e7a5fef992e481977dbb5ba3f91be
#5 sha256:f76e300fbe727910ee01d0011a0d011f7cffe00483aea448496dbe49029aa8ad 0B / 1.34kB 0.7s
#5 sha256:350207dcf1b7e69d73ee5e688ec3f1bb6576481773105b8635193dc7fe5010bb 25.17MB / 67.44MB 0.8s
#5 sha256:c0421d5b63d69a2ae480d7c5caa3d21f8105a682249c55f4923f655e73e2f492 11.53MB / 17.13MB 0.8s
#5 sha256:f76e300fbe727910ee01d0011a0d011f7cffe00483aea448496dbe49029aa8ad 1.34kB / 1.34kB 0.7s done
#5 sha256:af9ff1b9ce5b028cb1a7c3ad2bc442aacb9a8ddd46cb8a41485b947536e3f4f6 0B / 429B 0.8s
#5 sha256:350207dcf1b7e69d73ee5e688ec3f1bb6576481773105b8635193dc7fe5010bb 30.41MB / 67.44MB 0.9s
#5 sha256:c0421d5b63d69a2ae480d7c5caa3d21f8105a682249c55f4923f655e73e2f492 17.13MB / 17.13MB 0.9s
#5 sha256:350207dcf1b7e69d73ee5e688ec3f1bb6576481773105b8635193dc7fe5010bb 36.70MB / 67.44MB 1.0s
#5 sha256:c0421d5b63d69a2ae480d7c5caa3d21f8105a682249c55f4923f655e73e2f492 17.13MB / 17.13MB 0.9s done
#5 sha256:d9f072d61771f0bc903b453eca2aa1816ee9aaae195e7be586492a38619c45ce 0B / 483B 1.0s
#5 sha256:350207dcf1b7e69d73ee5e688ec3f1bb6576481773105b8635193dc7fe5010bb 46.14MB / 67.44MB 1.1s
#5 sha256:d9f072d61771f0bc903b453eca2aa1816ee9aaae195e7be586492a38619c45ce 483B / 483B 1.0s done
#5 sha256:37007e29219807979c0fc57591ff103c795c0c60438a29b6ca8c6ad79b70058e 0B / 12.38MB 1.1s
#5 sha256:350207dcf1b7e69d73ee5e688ec3f1bb6576481773105b8635193dc7fe5010bb 55.57MB / 67.44MB 1.2s
#5 sha256:af9ff1b9ce5b028cb1a7c3ad2bc442aacb9a8ddd46cb8a41485b947536e3f4f6 429B / 429B 1.1s done
#5 sha256:8ba923990f244d0ec64c6b247dc8bc9de707da22c6baca8750767ba674b33ff4 0B / 500B 1.2s
#5 sha256:350207dcf1b7e69d73ee5e688ec3f1bb6576481773105b8635193dc7fe5010bb 61.87MB / 67.44MB 1.3s
#5 sha256:37007e29219807979c0fc57591ff103c795c0c60438a29b6ca8c6ad79b70058e 6.29MB / 12.38MB 1.3s
#5 sha256:8ba923990f244d0ec64c6b247dc8bc9de707da22c6baca8750767ba674b33ff4 500B / 500B 1.2s done
#5 sha256:98af8902979aea4195030c6189edac2a470abcdd834648808b0f95bc90a1d0f0 0B / 13.90MB 1.3s
#5 sha256:350207dcf1b7e69d73ee5e688ec3f1bb6576481773105b8635193dc7fe5010bb 67.11MB / 67.44MB 1.4s
#5 sha256:37007e29219807979c0fc57591ff103c795c0c60438a29b6ca8c6ad79b70058e 10.49MB / 12.38MB 1.4s
#5 sha256:98af8902979aea4195030c6189edac2a470abcdd834648808b0f95bc90a1d0f0 1.05MB / 13.90MB 1.4s
#5 sha256:37007e29219807979c0fc57591ff103c795c0c60438a29b6ca8c6ad79b70058e 12.38MB / 12.38MB 1.6s
#5 sha256:98af8902979aea4195030c6189edac2a470abcdd834648808b0f95bc90a1d0f0 13.90MB / 13.90MB 1.6s
#5 sha256:350207dcf1b7e69d73ee5e688ec3f1bb6576481773105b8635193dc7fe5010bb 67.44MB / 67.44MB 1.6s done
#5 sha256:37007e29219807979c0fc57591ff103c795c0c60438a29b6ca8c6ad79b70058e 12.38MB / 12.38MB 1.7s done
#5 sha256:f1548c2cd3762f0550634038ffb2e4e15a342ff40861121b4236ddc58b768c54 0B / 2.19kB 1.7s
#5 sha256:98af8902979aea4195030c6189edac2a470abcdd834648808b0f95bc90a1d0f0 13.90MB / 13.90MB 1.7s done
#5 sha256:f1548c2cd3762f0550634038ffb2e4e15a342ff40861121b4236ddc58b768c54 2.19kB / 2.19kB 1.8s done
#5 sha256:e1062fd0605a7573b74b18dc834091cbb94662b46863858735775181fd01b55c 0B / 903B 1.8s
#5 sha256:e1062fd0605a7573b74b18dc834091cbb94662b46863858735775181fd01b55c 903B / 903B 1.9s done
#5 extracting sha256:177e7ef0df6987e0c5738a1fb5aba98b6b6e7a5fef992e481977dbb5ba3f91be 1.9s done
#5 extracting sha256:9bf89f2eda244c750e106e9751aa6714e8002accc9ebc4efe784800ff424e2a8 done
#5 extracting sha256:350207dcf1b7e69d73ee5e688ec3f1bb6576481773105b8635193dc7fe5010bb
#5 extracting sha256:350207dcf1b7e69d73ee5e688ec3f1bb6576481773105b8635193dc7fe5010bb 3.7s done
#5 extracting sha256:a8a33d96b4e7acb10a1e637ccc316d5e823debfa5c64704b4935af982bd79926
#5 extracting sha256:a8a33d96b4e7acb10a1e637ccc316d5e823debfa5c64704b4935af982bd79926 done
#5 extracting sha256:c0421d5b63d69a2ae480d7c5caa3d21f8105a682249c55f4923f655e73e2f492 0.1s
#5 extracting sha256:c0421d5b63d69a2ae480d7c5caa3d21f8105a682249c55f4923f655e73e2f492 0.7s done
#5 extracting sha256:f76e300fbe727910ee01d0011a0d011f7cffe00483aea448496dbe49029aa8ad
#5 extracting sha256:f76e300fbe727910ee01d0011a0d011f7cffe00483aea448496dbe49029aa8ad done
#5 extracting sha256:af9ff1b9ce5b028cb1a7c3ad2bc442aacb9a8ddd46cb8a41485b947536e3f4f6 done
#5 extracting sha256:d9f072d61771f0bc903b453eca2aa1816ee9aaae195e7be586492a38619c45ce done
#5 extracting sha256:37007e29219807979c0fc57591ff103c795c0c60438a29b6ca8c6ad79b70058e 0.1s
#5 extracting sha256:37007e29219807979c0fc57591ff103c795c0c60438a29b6ca8c6ad79b70058e 0.1s done
#5 extracting sha256:8ba923990f244d0ec64c6b247dc8bc9de707da22c6baca8750767ba674b33ff4 done
#5 extracting sha256:98af8902979aea4195030c6189edac2a470abcdd834648808b0f95bc90a1d0f0
#5 extracting sha256:98af8902979aea4195030c6189edac2a470abcdd834648808b0f95bc90a1d0f0 0.7s done
#5 extracting sha256:f1548c2cd3762f0550634038ffb2e4e15a342ff40861121b4236ddc58b768c54 done
#5 extracting sha256:e1062fd0605a7573b74b18dc834091cbb94662b46863858735775181fd01b55c
#5 extracting sha256:e1062fd0605a7573b74b18dc834091cbb94662b46863858735775181fd01b55c done
#5 DONE 8.7s

#7 [2/7] RUN apt-get update && apt-get -y --no-install-recommends install curl && rm -rf /var/lib/apt/lists/*; # install required packages
#7 0.209 Ign:1 http://deb.debian.org/debian stretch InRelease
#7 0.212 Ign:2 http://security.debian.org/debian-security stretch/updates InRelease
#7 0.221 Ign:3 http://deb.debian.org/debian stretch-updates InRelease
#7 0.222 Ign:4 http://security.debian.org/debian-security stretch/updates Release
#7 0.234 Ign:5 http://deb.debian.org/debian stretch Release
#7 0.234 Ign:6 http://security.debian.org/debian-security stretch/updates/main all Packages
#7 0.245 Ign:7 http://deb.debian.org/debian stretch-updates Release
#7 0.245 Ign:8 http://security.debian.org/debian-security stretch/updates/main amd64 Packages
#7 0.256 Ign:6 http://security.debian.org/debian-security stretch/updates/main all Packages
#7 0.258 Ign:9 http://deb.debian.org/debian stretch/main all Packages
#7 0.268 Ign:10 http://deb.debian.org/debian stretch/main amd64 Packages
#7 0.270 Ign:8 http://security.debian.org/debian-security stretch/updates/main amd64 Packages
#7 0.281 Ign:6 http://security.debian.org/debian-security stretch/updates/main all Packages
#7 0.292 Ign:8 http://security.debian.org/debian-security stretch/updates/main amd64 Packages
#7 0.302 Ign:6 http://security.debian.org/debian-security stretch/updates/main all Packages
#7 0.313 Ign:8 http://security.debian.org/debian-security stretch/updates/main amd64 Packages
#7 0.326 Ign:6 http://security.debian.org/debian-security stretch/updates/main all Packages
#7 0.337 Ign:8 http://security.debian.org/debian-security stretch/updates/main amd64 Packages
#7 0.348 Ign:6 http://security.debian.org/debian-security stretch/updates/main all Packages
#7 0.358 Err:8 http://security.debian.org/debian-security stretch/updates/main amd64 Packages
#7 0.358   404  Not Found [IP: 151.101.2.132 80]
#7 0.421 Ign:11 http://deb.debian.org/debian stretch-updates/main all Packages
#7 0.431 Ign:12 http://deb.debian.org/debian stretch-updates/main amd64 Packages
#7 0.442 Ign:9 http://deb.debian.org/debian stretch/main all Packages
#7 0.451 Ign:10 http://deb.debian.org/debian stretch/main amd64 Packages
#7 0.464 Ign:11 http://deb.debian.org/debian stretch-updates/main all Packages
#7 0.476 Ign:12 http://deb.debian.org/debian stretch-updates/main amd64 Packages
#7 0.485 Ign:9 http://deb.debian.org/debian stretch/main all Packages
#7 0.496 Ign:10 http://deb.debian.org/debian stretch/main amd64 Packages
#7 0.506 Ign:11 http://deb.debian.org/debian stretch-updates/main all Packages
#7 0.516 Ign:12 http://deb.debian.org/debian stretch-updates/main amd64 Packages
#7 0.527 Ign:9 http://deb.debian.org/debian stretch/main all Packages
#7 0.536 Ign:10 http://deb.debian.org/debian stretch/main amd64 Packages
#7 0.546 Ign:11 http://deb.debian.org/debian stretch-updates/main all Packages
#7 0.557 Ign:12 http://deb.debian.org/debian stretch-updates/main amd64 Packages
#7 0.569 Ign:9 http://deb.debian.org/debian stretch/main all Packages
#7 0.582 Ign:10 http://deb.debian.org/debian stretch/main amd64 Packages
#7 0.594 Ign:11 http://deb.debian.org/debian stretch-updates/main all Packages
#7 0.606 Ign:12 http://deb.debian.org/debian stretch-updates/main amd64 Packages
#7 0.615 Ign:9 http://deb.debian.org/debian stretch/main all Packages
#7 0.635 Err:10 http://deb.debian.org/debian stretch/main amd64 Packages
#7 0.635   404  Not Found
#7 0.647 Ign:11 http://deb.debian.org/debian stretch-updates/main all Packages
#7 0.657 Err:12 http://deb.debian.org/debian stretch-updates/main amd64 Packages
#7 0.657   404  Not Found
#7 0.661 Reading package lists...
#7 0.668 W: The repository 'http://security.debian.org/debian-security stretch/updates Release' does not have a Release file.
#7 0.668 W: The repository 'http://deb.debian.org/debian stretch Release' does not have a Release file.
#7 0.668 W: The repository 'http://deb.debian.org/debian stretch-updates Release' does not have a Release file.
#7 0.668 E: Failed to fetch http://security.debian.org/debian-security/dists/stretch/updates/main/binary-amd64/Packages  404  Not Found [IP: 151.101.2.132 80]
#7 0.668 E: Failed to fetch http://deb.debian.org/debian/dists/stretch/main/binary-amd64/Packages  404  Not Found
#7 0.668 E: Failed to fetch http://deb.debian.org/debian/dists/stretch-updates/main/binary-amd64/Packages  404  Not Found
#7 0.668 E: Some index files failed to download. They have been ignored, or old ones used instead.
#7 ERROR: process "/bin/sh -c apt-get update && apt-get -y --no-install-recommends install curl && rm -rf /var/lib/apt/lists/*; # install required packages" did not complete successfully: exit code: 100
------
 > [2/7] RUN apt-get update && apt-get -y --no-install-recommends install curl && rm -rf /var/lib/apt/lists/*; # install required packages:
0.657 Err:12 http://deb.debian.org/debian stretch-updates/main amd64 Packages
0.657   404  Not Found
0.661 Reading package lists...
0.668 W: The repository 'http://security.debian.org/debian-security stretch/updates Release' does not have a Release file.
0.668 W: The repository 'http://deb.debian.org/debian stretch Release' does not have a Release file.
0.668 W: The repository 'http://deb.debian.org/debian stretch-updates Release' does not have a Release file.
0.668 E: Failed to fetch http://security.debian.org/debian-security/dists/stretch/updates/main/binary-amd64/Packages  404  Not Found [IP: 151.101.2.132 80]
0.668 E: Failed to fetch http://deb.debian.org/debian/dists/stretch/main/binary-amd64/Packages  404  Not Found
0.668 E: Failed to fetch http://deb.debian.org/debian/dists/stretch-updates/main/binary-amd64/Packages  404  Not Found
0.668 E: Some index files failed to download. They have been ignored, or old ones used instead.
------
v1_Dockerfile:6
--------------------
   4 |     
   5 |     # update packages
   6 | >>> RUN apt-get update && apt-get -y --no-install-recommends install curl && rm -rf /var/lib/apt/lists/*; # install required packages
   7 |     
   8 |     
--------------------
ERROR: failed to solve: process "/bin/sh -c apt-get update && apt-get -y --no-install-recommends install curl && rm -rf /var/lib/apt/lists/*; # install required packages" did not complete successfully: exit code: 100
Duration: 0:12.79