#0 building with "default" instance using docker driver

#1 [internal] load .dockerignore
#1 ...

#2 [internal] load build definition from Dockerfile
#2 transferring dockerfile: 594B done
#2 DONE 0.3s

#1 [internal] load .dockerignore
#1 transferring context: 2B done
#1 DONE 0.4s

#3 [internal] load metadata for docker.io/library/node:carbon
#3 DONE 1.3s

#4 [1/7] FROM docker.io/library/node:carbon@sha256:a681bf74805b80d03eb21a6c0ef168a976108a287a74167ab593fc953aac34df
#4 resolve docker.io/library/node:carbon@sha256:a681bf74805b80d03eb21a6c0ef168a976108a287a74167ab593fc953aac34df
#4 resolve docker.io/library/node:carbon@sha256:a681bf74805b80d03eb21a6c0ef168a976108a287a74167ab593fc953aac34df 0.6s done
#4 sha256:ee25271e00572cb09d095f6b35880a284eac570c17452644bc67fd1d8dc7f9f7 2.21kB / 2.21kB done
#4 sha256:a681bf74805b80d03eb21a6c0ef168a976108a287a74167ab593fc953aac34df 1.42kB / 1.42kB done
#4 sha256:8eeadf3757f41ffbde6fbb4bbbe14f9f5b9ce33cc1aa88bb5c0b4d6e9467509d 7.76kB / 7.76kB done
#4 sha256:146bd6a886182fde06fbf747470b1c89814bc8ab1c96fdf1aef6107171959fe6 0B / 45.38MB 0.2s
#4 sha256:146bd6a886182fde06fbf747470b1c89814bc8ab1c96fdf1aef6107171959fe6 3.15MB / 45.38MB 0.3s
#4 sha256:146bd6a886182fde06fbf747470b1c89814bc8ab1c96fdf1aef6107171959fe6 9.44MB / 45.38MB 0.4s
#4 sha256:9935d0c62ace92b388be202275e222007d6cac10b9c1f2c1ea63af38c09ea7ab 0B / 10.80MB 0.4s
#4 sha256:146bd6a886182fde06fbf747470b1c89814bc8ab1c96fdf1aef6107171959fe6 16.78MB / 45.38MB 0.6s
#4 sha256:9935d0c62ace92b388be202275e222007d6cac10b9c1f2c1ea63af38c09ea7ab 2.10MB / 10.80MB 0.6s
#4 sha256:146bd6a886182fde06fbf747470b1c89814bc8ab1c96fdf1aef6107171959fe6 23.07MB / 45.38MB 0.7s
#4 sha256:9935d0c62ace92b388be202275e222007d6cac10b9c1f2c1ea63af38c09ea7ab 3.15MB / 10.80MB 0.7s
#4 sha256:db0efb86e80601b5bbdbb7c406426982c4202d339687c14c3941b364527e2249 0B / 4.34MB 0.7s
#4 ...

#5 [internal] load build context
#5 transferring context: 10.24MB 1.3s done
#5 DONE 1.6s

#4 [1/7] FROM docker.io/library/node:carbon@sha256:a681bf74805b80d03eb21a6c0ef168a976108a287a74167ab593fc953aac34df
#4 sha256:146bd6a886182fde06fbf747470b1c89814bc8ab1c96fdf1aef6107171959fe6 26.21MB / 45.38MB 0.8s
#4 sha256:9935d0c62ace92b388be202275e222007d6cac10b9c1f2c1ea63af38c09ea7ab 7.34MB / 10.80MB 0.8s
#4 sha256:146bd6a886182fde06fbf747470b1c89814bc8ab1c96fdf1aef6107171959fe6 32.51MB / 45.38MB 1.0s
#4 sha256:9935d0c62ace92b388be202275e222007d6cac10b9c1f2c1ea63af38c09ea7ab 10.80MB / 10.80MB 1.0s
#4 sha256:db0efb86e80601b5bbdbb7c406426982c4202d339687c14c3941b364527e2249 4.34MB / 4.34MB 1.0s
#4 sha256:146bd6a886182fde06fbf747470b1c89814bc8ab1c96fdf1aef6107171959fe6 35.65MB / 45.38MB 1.1s
#4 sha256:9935d0c62ace92b388be202275e222007d6cac10b9c1f2c1ea63af38c09ea7ab 10.80MB / 10.80MB 1.0s done
#4 sha256:146bd6a886182fde06fbf747470b1c89814bc8ab1c96fdf1aef6107171959fe6 45.38MB / 45.38MB 1.3s
#4 sha256:db0efb86e80601b5bbdbb7c406426982c4202d339687c14c3941b364527e2249 4.34MB / 4.34MB 1.2s done
#4 sha256:e705a4c4fd310b96bfb3d7928428e65f0d3f5bad0cd0bda1434aee1d89418468 2.10MB / 50.07MB 1.3s
#4 sha256:e705a4c4fd310b96bfb3d7928428e65f0d3f5bad0cd0bda1434aee1d89418468 7.34MB / 50.07MB 1.4s
#4 sha256:c877b722db6f4d4297c21f07162d21fa6ac6f51d03360f75e24cfa3bcaefe57d 0B / 214.84MB 1.4s
#4 sha256:e705a4c4fd310b96bfb3d7928428e65f0d3f5bad0cd0bda1434aee1d89418468 16.78MB / 50.07MB 1.6s
#4 sha256:e705a4c4fd310b96bfb3d7928428e65f0d3f5bad0cd0bda1434aee1d89418468 22.02MB / 50.07MB 1.7s
#4 sha256:e705a4c4fd310b96bfb3d7928428e65f0d3f5bad0cd0bda1434aee1d89418468 26.21MB / 50.07MB 1.8s
#4 sha256:e705a4c4fd310b96bfb3d7928428e65f0d3f5bad0cd0bda1434aee1d89418468 36.70MB / 50.07MB 2.0s
#4 sha256:c877b722db6f4d4297c21f07162d21fa6ac6f51d03360f75e24cfa3bcaefe57d 11.53MB / 214.84MB 2.0s
#4 sha256:e705a4c4fd310b96bfb3d7928428e65f0d3f5bad0cd0bda1434aee1d89418468 41.94MB / 50.07MB 2.1s
#4 sha256:146bd6a886182fde06fbf747470b1c89814bc8ab1c96fdf1aef6107171959fe6 45.38MB / 45.38MB 2.1s done
#4 sha256:e705a4c4fd310b96bfb3d7928428e65f0d3f5bad0cd0bda1434aee1d89418468 50.07MB / 50.07MB 2.3s
#4 sha256:645c20ec82147f2bdc182280ac02b60687cfac33c4231059051bbdcf60e31035 0B / 4.16kB 2.3s
#4 sha256:645c20ec82147f2bdc182280ac02b60687cfac33c4231059051bbdcf60e31035 4.16kB / 4.16kB 2.4s
#4 sha256:c877b722db6f4d4297c21f07162d21fa6ac6f51d03360f75e24cfa3bcaefe57d 24.12MB / 214.84MB 2.5s
#4 extracting sha256:146bd6a886182fde06fbf747470b1c89814bc8ab1c96fdf1aef6107171959fe6
#4 sha256:c877b722db6f4d4297c21f07162d21fa6ac6f51d03360f75e24cfa3bcaefe57d 35.65MB / 214.84MB 2.7s
#4 sha256:c877b722db6f4d4297c21f07162d21fa6ac6f51d03360f75e24cfa3bcaefe57d 50.33MB / 214.84MB 3.0s
#4 sha256:e705a4c4fd310b96bfb3d7928428e65f0d3f5bad0cd0bda1434aee1d89418468 50.07MB / 50.07MB 3.1s done
#4 sha256:645c20ec82147f2bdc182280ac02b60687cfac33c4231059051bbdcf60e31035 4.16kB / 4.16kB 3.2s done
#4 sha256:db8fbd9db2fe6382804432552a60f85b0e292cdb34b8a5c751c4a3061f68df29 0B / 19.40MB 3.2s
#4 sha256:c877b722db6f4d4297c21f07162d21fa6ac6f51d03360f75e24cfa3bcaefe57d 61.87MB / 214.84MB 3.3s
#4 sha256:db8fbd9db2fe6382804432552a60f85b0e292cdb34b8a5c751c4a3061f68df29 1.05MB / 19.40MB 3.3s
#4 sha256:1c151cd1b3eabced84742529489b3c8c344181b4cbcdcfccdb1f4a7c7d0239ec 0B / 1.40MB 3.3s
#4 sha256:db8fbd9db2fe6382804432552a60f85b0e292cdb34b8a5c751c4a3061f68df29 8.39MB / 19.40MB 3.5s
#4 sha256:1c151cd1b3eabced84742529489b3c8c344181b4cbcdcfccdb1f4a7c7d0239ec 1.40MB / 1.40MB 3.5s
#4 sha256:c877b722db6f4d4297c21f07162d21fa6ac6f51d03360f75e24cfa3bcaefe57d 73.40MB / 214.84MB 3.6s
#4 sha256:db8fbd9db2fe6382804432552a60f85b0e292cdb34b8a5c751c4a3061f68df29 10.49MB / 19.40MB 3.6s
#4 sha256:1c151cd1b3eabced84742529489b3c8c344181b4cbcdcfccdb1f4a7c7d0239ec 1.40MB / 1.40MB 3.5s done
#4 sha256:db8fbd9db2fe6382804432552a60f85b0e292cdb34b8a5c751c4a3061f68df29 15.73MB / 19.40MB 3.7s
#4 sha256:fbd993995f407f3681fc8399ae67c04bba8e15c7f754b1af8b37f50b35f4a11e 0B / 292B 3.7s
#4 sha256:db8fbd9db2fe6382804432552a60f85b0e292cdb34b8a5c751c4a3061f68df29 19.40MB / 19.40MB 3.8s
#4 sha256:fbd993995f407f3681fc8399ae67c04bba8e15c7f754b1af8b37f50b35f4a11e 292B / 292B 3.8s done
#4 sha256:c877b722db6f4d4297c21f07162d21fa6ac6f51d03360f75e24cfa3bcaefe57d 89.13MB / 214.84MB 4.0s
#4 sha256:c877b722db6f4d4297c21f07162d21fa6ac6f51d03360f75e24cfa3bcaefe57d 100.66MB / 214.84MB 4.3s
#4 sha256:db8fbd9db2fe6382804432552a60f85b0e292cdb34b8a5c751c4a3061f68df29 19.40MB / 19.40MB 4.1s done
#4 sha256:c877b722db6f4d4297c21f07162d21fa6ac6f51d03360f75e24cfa3bcaefe57d 112.20MB / 214.84MB 4.5s
#4 sha256:c877b722db6f4d4297c21f07162d21fa6ac6f51d03360f75e24cfa3bcaefe57d 126.88MB / 214.84MB 4.8s
#4 sha256:c877b722db6f4d4297c21f07162d21fa6ac6f51d03360f75e24cfa3bcaefe57d 140.51MB / 214.84MB 5.1s
#4 sha256:c877b722db6f4d4297c21f07162d21fa6ac6f51d03360f75e24cfa3bcaefe57d 154.14MB / 214.84MB 5.4s
#4 sha256:c877b722db6f4d4297c21f07162d21fa6ac6f51d03360f75e24cfa3bcaefe57d 165.68MB / 214.84MB 5.6s
#4 sha256:c877b722db6f4d4297c21f07162d21fa6ac6f51d03360f75e24cfa3bcaefe57d 177.21MB / 214.84MB 5.8s
#4 sha256:c877b722db6f4d4297c21f07162d21fa6ac6f51d03360f75e24cfa3bcaefe57d 190.84MB / 214.84MB 6.1s
#4 sha256:c877b722db6f4d4297c21f07162d21fa6ac6f51d03360f75e24cfa3bcaefe57d 205.52MB / 214.84MB 6.4s
#4 extracting sha256:146bd6a886182fde06fbf747470b1c89814bc8ab1c96fdf1aef6107171959fe6 5.2s
#4 extracting sha256:146bd6a886182fde06fbf747470b1c89814bc8ab1c96fdf1aef6107171959fe6 7.0s done
#4 sha256:c877b722db6f4d4297c21f07162d21fa6ac6f51d03360f75e24cfa3bcaefe57d 214.84MB / 214.84MB 9.9s done
#4 extracting sha256:9935d0c62ace92b388be202275e222007d6cac10b9c1f2c1ea63af38c09ea7ab 0.1s
#4 extracting sha256:9935d0c62ace92b388be202275e222007d6cac10b9c1f2c1ea63af38c09ea7ab 1.2s done
#4 extracting sha256:db0efb86e80601b5bbdbb7c406426982c4202d339687c14c3941b364527e2249
#4 extracting sha256:db0efb86e80601b5bbdbb7c406426982c4202d339687c14c3941b364527e2249 0.8s done
#4 extracting sha256:e705a4c4fd310b96bfb3d7928428e65f0d3f5bad0cd0bda1434aee1d89418468
#4 extracting sha256:e705a4c4fd310b96bfb3d7928428e65f0d3f5bad0cd0bda1434aee1d89418468 5.0s
#4 extracting sha256:e705a4c4fd310b96bfb3d7928428e65f0d3f5bad0cd0bda1434aee1d89418468 8.4s done
#4 extracting sha256:c877b722db6f4d4297c21f07162d21fa6ac6f51d03360f75e24cfa3bcaefe57d
#4 extracting sha256:c877b722db6f4d4297c21f07162d21fa6ac6f51d03360f75e24cfa3bcaefe57d 5.1s
#4 extracting sha256:c877b722db6f4d4297c21f07162d21fa6ac6f51d03360f75e24cfa3bcaefe57d 10.3s
#4 extracting sha256:c877b722db6f4d4297c21f07162d21fa6ac6f51d03360f75e24cfa3bcaefe57d 15.4s
#4 extracting sha256:c877b722db6f4d4297c21f07162d21fa6ac6f51d03360f75e24cfa3bcaefe57d 20.6s
#4 extracting sha256:c877b722db6f4d4297c21f07162d21fa6ac6f51d03360f75e24cfa3bcaefe57d 25.7s
#4 extracting sha256:c877b722db6f4d4297c21f07162d21fa6ac6f51d03360f75e24cfa3bcaefe57d 28.7s done
#4 extracting sha256:645c20ec82147f2bdc182280ac02b60687cfac33c4231059051bbdcf60e31035
#4 extracting sha256:645c20ec82147f2bdc182280ac02b60687cfac33c4231059051bbdcf60e31035 0.3s done
#4 extracting sha256:db8fbd9db2fe6382804432552a60f85b0e292cdb34b8a5c751c4a3061f68df29
#4 extracting sha256:db8fbd9db2fe6382804432552a60f85b0e292cdb34b8a5c751c4a3061f68df29 3.5s done
#4 extracting sha256:1c151cd1b3eabced84742529489b3c8c344181b4cbcdcfccdb1f4a7c7d0239ec
#4 extracting sha256:1c151cd1b3eabced84742529489b3c8c344181b4cbcdcfccdb1f4a7c7d0239ec 0.6s done
#4 extracting sha256:fbd993995f407f3681fc8399ae67c04bba8e15c7f754b1af8b37f50b35f4a11e
#4 extracting sha256:fbd993995f407f3681fc8399ae67c04bba8e15c7f754b1af8b37f50b35f4a11e 0.0s done
#4 DONE 75.4s

#6 [2/7] WORKDIR /usr/src/app
#6 DONE 5.3s

#7 [3/7] COPY src/package*.json ./
#7 DONE 0.4s

#8 [4/7] RUN apt-get update && apt-get install -y mysql-client default-libmysqlclient-dev mysql-common
#8 1.390 Ign:1 http://security.debian.org/debian-security stretch/updates InRelease
#8 1.402 Ign:2 http://security.debian.org/debian-security stretch/updates Release
#8 1.414 Ign:3 http://deb.debian.org/debian stretch InRelease
#8 1.426 Ign:4 http://deb.debian.org/debian stretch-updates InRelease
#8 1.438 Ign:5 http://deb.debian.org/debian stretch Release
#8 1.450 Ign:6 http://deb.debian.org/debian stretch-updates Release
#8 1.469 Ign:7 http://deb.debian.org/debian stretch/main all Packages
#8 1.572 Ign:8 http://security.debian.org/debian-security stretch/updates/main amd64 Packages
#8 1.584 Ign:9 http://security.debian.org/debian-security stretch/updates/main all Packages
#8 1.625 Ign:10 http://deb.debian.org/debian stretch/main amd64 Packages
#8 1.758 Ign:8 http://security.debian.org/debian-security stretch/updates/main amd64 Packages
#8 1.771 Ign:9 http://security.debian.org/debian-security stretch/updates/main all Packages
#8 1.788 Ign:11 http://deb.debian.org/debian stretch-updates/main amd64 Packages
#8 1.800 Ign:12 http://deb.debian.org/debian stretch-updates/main all Packages
#8 1.811 Ign:7 http://deb.debian.org/debian stretch/main all Packages
#8 1.944 Ign:8 http://security.debian.org/debian-security stretch/updates/main amd64 Packages
#8 1.962 Ign:9 http://security.debian.org/debian-security stretch/updates/main all Packages
#8 1.974 Ign:10 http://deb.debian.org/debian stretch/main amd64 Packages
#8 2.132 Ign:11 http://deb.debian.org/debian stretch-updates/main amd64 Packages
#8 2.136 Ign:8 http://security.debian.org/debian-security stretch/updates/main amd64 Packages
#8 2.148 Ign:12 http://deb.debian.org/debian stretch-updates/main all Packages
#8 2.150 Ign:9 http://security.debian.org/debian-security stretch/updates/main all Packages
#8 2.162 Ign:7 http://deb.debian.org/debian stretch/main all Packages
#8 2.324 Ign:10 http://deb.debian.org/debian stretch/main amd64 Packages
#8 2.324 Ign:8 http://security.debian.org/debian-security stretch/updates/main amd64 Packages
#8 2.348 Ign:9 http://security.debian.org/debian-security stretch/updates/main all Packages
#8 2.483 Ign:11 http://deb.debian.org/debian stretch-updates/main amd64 Packages
#8 2.494 Ign:12 http://deb.debian.org/debian stretch-updates/main all Packages
#8 2.510 Ign:7 http://deb.debian.org/debian stretch/main all Packages
#8 2.528 Err:8 http://security.debian.org/debian-security stretch/updates/main amd64 Packages
#8 2.528   404  Not Found
#8 2.550 Ign:9 http://security.debian.org/debian-security stretch/updates/main all Packages
#8 2.670 Ign:10 http://deb.debian.org/debian stretch/main amd64 Packages
#8 2.829 Ign:11 http://deb.debian.org/debian stretch-updates/main amd64 Packages
#8 2.845 Ign:12 http://deb.debian.org/debian stretch-updates/main all Packages
#8 2.861 Ign:7 http://deb.debian.org/debian stretch/main all Packages
#8 3.021 Ign:10 http://deb.debian.org/debian stretch/main amd64 Packages
#8 3.179 Ign:11 http://deb.debian.org/debian stretch-updates/main amd64 Packages
#8 3.195 Ign:12 http://deb.debian.org/debian stretch-updates/main all Packages
#8 3.211 Ign:7 http://deb.debian.org/debian stretch/main all Packages
#8 3.379 Err:10 http://deb.debian.org/debian stretch/main amd64 Packages
#8 3.379   404  Not Found
#8 3.559 Err:11 http://deb.debian.org/debian stretch-updates/main amd64 Packages
#8 3.559   404  Not Found
#8 3.573 Ign:12 http://deb.debian.org/debian stretch-updates/main all Packages
#8 3.589 Reading package lists...
#8 3.634 W: The repository 'http://security.debian.org/debian-security stretch/updates Release' does not have a Release file.
#8 3.634 W: The repository 'http://deb.debian.org/debian stretch Release' does not have a Release file.
#8 3.634 W: The repository 'http://deb.debian.org/debian stretch-updates Release' does not have a Release file.
#8 3.634 E: Failed to fetch http://security.debian.org/debian-security/dists/stretch/updates/main/binary-amd64/Packages  404  Not Found
#8 3.634 E: Failed to fetch http://deb.debian.org/debian/dists/stretch/main/binary-amd64/Packages  404  Not Found
#8 3.634 E: Failed to fetch http://deb.debian.org/debian/dists/stretch-updates/main/binary-amd64/Packages  404  Not Found
#8 3.634 E: Some index files failed to download. They have been ignored, or old ones used instead.
#8 ERROR: process "/bin/sh -c apt-get update && apt-get install -y mysql-client default-libmysqlclient-dev mysql-common" did not complete successfully: exit code: 100
------
 > [4/7] RUN apt-get update && apt-get install -y mysql-client default-libmysqlclient-dev mysql-common:
3.559   404  Not Found
3.573 Ign:12 http://deb.debian.org/debian stretch-updates/main all Packages
3.589 Reading package lists...
3.634 W: The repository 'http://security.debian.org/debian-security stretch/updates Release' does not have a Release file.
3.634 W: The repository 'http://deb.debian.org/debian stretch Release' does not have a Release file.
3.634 W: The repository 'http://deb.debian.org/debian stretch-updates Release' does not have a Release file.
3.634 E: Failed to fetch http://security.debian.org/debian-security/dists/stretch/updates/main/binary-amd64/Packages  404  Not Found
3.634 E: Failed to fetch http://deb.debian.org/debian/dists/stretch/main/binary-amd64/Packages  404  Not Found
3.634 E: Failed to fetch http://deb.debian.org/debian/dists/stretch-updates/main/binary-amd64/Packages  404  Not Found
3.634 E: Some index files failed to download. They have been ignored, or old ones used instead.
------
Dockerfile:11
--------------------
   9 |     COPY src/package*.json ./
  10 |     
  11 | >>> RUN apt-get update && apt-get install -y mysql-client default-libmysqlclient-dev mysql-common
  12 |     
  13 |     
--------------------
ERROR: failed to solve: process "/bin/sh -c apt-get update && apt-get install -y mysql-client default-libmysqlclient-dev mysql-common" did not complete successfully: exit code: 100
Duration: 1:28.32