#0 building with "default" instance using docker driver

#1 [internal] load .dockerignore
#1 transferring context:
#1 transferring context: 2B done
#1 ...

#2 [internal] load build definition from Dockerfile
#2 transferring dockerfile: 392B done
#2 DONE 0.6s

#1 [internal] load .dockerignore
#1 DONE 0.7s

#3 [auth] library/alpine:pull token for registry-1.docker.io
#3 DONE 0.0s

#4 [internal] load metadata for docker.io/library/alpine:latest
#4 DONE 1.4s

#5 [internal] load build context
#5 DONE 0.0s

#6 [1/7] FROM docker.io/library/alpine@sha256:0a4eaa0eecf5f8c050e5bba433f58c052be7587ee8af3e8b3910ef9ab5fbe9f5
#6 resolve docker.io/library/alpine@sha256:0a4eaa0eecf5f8c050e5bba433f58c052be7587ee8af3e8b3910ef9ab5fbe9f5
#6 resolve docker.io/library/alpine@sha256:0a4eaa0eecf5f8c050e5bba433f58c052be7587ee8af3e8b3910ef9ab5fbe9f5 0.2s done
#6 sha256:324bc02ae1231fd9255658c128086395d3fa0aedd5a41ab6b034fd649d1a9260 1.47kB / 1.47kB done
#6 sha256:0a4eaa0eecf5f8c050e5bba433f58c052be7587ee8af3e8b3910ef9ab5fbe9f5 1.85kB / 1.85kB done
#6 sha256:eddacbc7e24bf8799a4ed3cdcfa50d4b88a323695ad80f317b6629883b2c2a78 528B / 528B done
#6 sha256:c6a83fedfae6ed8a4f5f7cbb6a7b6f1c1ec3d86fea8cb9e5ba2e5e6673fde9f6 0B / 3.62MB 0.1s
#6 sha256:c6a83fedfae6ed8a4f5f7cbb6a7b6f1c1ec3d86fea8cb9e5ba2e5e6673fde9f6 3.62MB / 3.62MB 0.3s
#6 extracting sha256:c6a83fedfae6ed8a4f5f7cbb6a7b6f1c1ec3d86fea8cb9e5ba2e5e6673fde9f6
#6 sha256:c6a83fedfae6ed8a4f5f7cbb6a7b6f1c1ec3d86fea8cb9e5ba2e5e6673fde9f6 3.62MB / 3.62MB 0.4s done
#6 extracting sha256:c6a83fedfae6ed8a4f5f7cbb6a7b6f1c1ec3d86fea8cb9e5ba2e5e6673fde9f6 0.3s done
#6 ...

#5 [internal] load build context
#5 transferring context: 48.01MB 0.6s done
#5 DONE 1.1s

#6 [1/7] FROM docker.io/library/alpine@sha256:0a4eaa0eecf5f8c050e5bba433f58c052be7587ee8af3e8b3910ef9ab5fbe9f5
#6 DONE 1.7s

#7 [2/7] COPY ./ /app
#7 DONE 3.1s

#8 [3/7] WORKDIR /app
#8 DONE 0.4s

#9 [4/7] RUN apk update;     apk add --update     python3     python3-dev     py-pip     gcc     musl-dev     bash;
#9 0.788 fetch https://dl-cdn.alpinelinux.org/alpine/v3.20/main/x86_64/APKINDEX.tar.gz
#9 1.048 fetch https://dl-cdn.alpinelinux.org/alpine/v3.20/community/x86_64/APKINDEX.tar.gz
#9 1.563 v3.20.2-45-g194e307d75d [https://dl-cdn.alpinelinux.org/alpine/v3.20/main]
#9 1.563 v3.20.2-43-g4fdd3a681b2 [https://dl-cdn.alpinelinux.org/alpine/v3.20/community]
#9 1.563 OK: 24154 distinct packages available
#9 1.997 (1/39) Installing ncurses-terminfo-base (6.4_p20240420-r0)
#9 2.051 (2/39) Installing libncursesw (6.4_p20240420-r0)
#9 2.066 (3/39) Installing readline (8.2.10-r0)
#9 2.073 (4/39) Installing bash (5.2.26-r0)
#9 2.098 Executing bash-5.2.26-r0.post-install
#9 2.102 (5/39) Installing libgcc (13.2.1_git20240309-r0)
#9 2.106 (6/39) Installing jansson (2.14-r4)
#9 2.110 (7/39) Installing libstdc++ (13.2.1_git20240309-r0)
#9 2.143 (8/39) Installing zstd-libs (1.5.6-r0)
#9 2.167 (9/39) Installing binutils (2.42-r0)
#9 2.283 (10/39) Installing libgomp (13.2.1_git20240309-r0)
#9 2.290 (11/39) Installing libatomic (13.2.1_git20240309-r0)
#9 2.293 (12/39) Installing gmp (6.3.0-r1)
#9 2.302 (13/39) Installing isl26 (0.26-r1)
#9 2.327 (14/39) Installing mpfr4 (4.2.1-r0)
#9 2.338 (15/39) Installing mpc1 (1.3.1-r1)
#9 2.343 (16/39) Installing gcc (13.2.1_git20240309-r0)
#9 3.532 (17/39) Installing musl-dev (1.2.5-r0)
#9 3.647 (18/39) Installing libbz2 (1.0.8-r6)
#9 3.651 (19/39) Installing libexpat (2.6.2-r0)
#9 3.655 (20/39) Installing libffi (3.4.6-r0)
#9 3.657 (21/39) Installing gdbm (1.23-r1)
#9 3.661 (22/39) Installing xz-libs (5.6.1-r3)
#9 3.666 (23/39) Installing mpdecimal (4.0.0-r0)
#9 3.672 (24/39) Installing libpanelw (6.4_p20240420-r0)
#9 3.674 (25/39) Installing sqlite-libs (3.45.3-r1)
#9 3.695 (26/39) Installing python3 (3.12.3-r1)
#9 4.020 (27/39) Installing python3-pycache-pyc0 (3.12.3-r1)
#9 4.280 (28/39) Installing pyc (3.12.3-r1)
#9 4.282 (29/39) Installing py3-setuptools-pyc (69.5.1-r0)
#9 4.400 (30/39) Installing py3-pip-pyc (24.0-r2)
#9 4.636 (31/39) Installing py3-parsing (3.1.2-r1)
#9 4.645 (32/39) Installing py3-parsing-pyc (3.1.2-r1)
#9 4.663 (33/39) Installing py3-packaging-pyc (24.0-r1)
#9 4.669 (34/39) Installing python3-pyc (3.12.3-r1)
#9 4.671 (35/39) Installing py3-packaging (24.0-r1)
#9 4.688 (36/39) Installing py3-setuptools (69.5.1-r0)
#9 4.802 (37/39) Installing py3-pip (24.0-r2)
#9 5.012 (38/39) Installing pkgconf (2.2.0-r0)
#9 5.019 (39/39) Installing python3-dev (3.12.3-r1)
#9 5.822 Executing busybox-1.36.1-r29.trigger
#9 5.830 OK: 316 MiB in 53 packages
#9 DONE 12.9s

#10 [5/7] RUN pip3 install -r requirements.txt;
#10 2.589 error: externally-managed-environment
#10 2.589 
#10 2.589 × This environment is externally managed
#10 2.589 ╰─> 
#10 2.589     The system-wide python installation should be maintained using the system
#10 2.589     package manager (apk) only.
#10 2.589     
#10 2.589     If the package in question is not packaged already (and hence installable via
#10 2.589     "apk add py3-somepackage"), please consider installing it inside a virtual
#10 2.589     environment, e.g.:
#10 2.589     
#10 2.589     python3 -m venv /path/to/venv
#10 2.589     . /path/to/venv/bin/activate
#10 2.589     pip install mypackage
#10 2.589     
#10 2.589     To exit the virtual environment, run:
#10 2.589     
#10 2.589     deactivate
#10 2.589     
#10 2.589     The virtual environment is not deleted, and can be re-entered by re-sourcing
#10 2.589     the activate file.
#10 2.589     
#10 2.589     To automatically manage virtual environments, consider using pipx (from the
#10 2.589     pipx package).
#10 2.589 
#10 2.589 note: If you believe this is a mistake, please contact your Python installation or OS distribution provider. You can override this, at the risk of breaking your Python installation or OS, by passing --break-system-packages.
#10 2.589 hint: See PEP 668 for the detailed specification.
#10 ERROR: process "/bin/sh -c pip3 install -r requirements.txt;" did not complete successfully: exit code: 1
------
 > [5/7] RUN pip3 install -r requirements.txt;:
2.589     deactivate
2.589     
2.589     The virtual environment is not deleted, and can be re-entered by re-sourcing
2.589     the activate file.
2.589     
2.589     To automatically manage virtual environments, consider using pipx (from the
2.589     pipx package).
2.589 
2.589 note: If you believe this is a mistake, please contact your Python installation or OS distribution provider. You can override this, at the risk of breaking your Python installation or OS, by passing --break-system-packages.
2.589 hint: See PEP 668 for the detailed specification.
------
Dockerfile:14
--------------------
  12 |         bash;
  13 |     
  14 | >>> RUN pip3 install -r requirements.txt;
  15 |         
  16 |     RUN apk del python3-dev \
--------------------
ERROR: failed to solve: process "/bin/sh -c pip3 install -r requirements.txt;" did not complete successfully: exit code: 1
Duration: 0:25.06