#0 building with "default" instance using docker driver

#1 [internal] load .dockerignore
#1 ...

#2 [internal] load build definition from v1_Dockerfile
#2 transferring dockerfile: 799B done
#2 DONE 0.3s

#1 [internal] load .dockerignore
#1 transferring context: 2B done
#1 DONE 0.4s

#3 [internal] load metadata for docker.io/library/alpine:latest
#3 DONE 2.6s

#4 [1/4] FROM docker.io/library/alpine@sha256:0a4eaa0eecf5f8c050e5bba433f58c052be7587ee8af3e8b3910ef9ab5fbe9f5
#4 resolve docker.io/library/alpine@sha256:0a4eaa0eecf5f8c050e5bba433f58c052be7587ee8af3e8b3910ef9ab5fbe9f5
#4 resolve docker.io/library/alpine@sha256:0a4eaa0eecf5f8c050e5bba433f58c052be7587ee8af3e8b3910ef9ab5fbe9f5 0.2s done
#4 sha256:0a4eaa0eecf5f8c050e5bba433f58c052be7587ee8af3e8b3910ef9ab5fbe9f5 1.85kB / 1.85kB done
#4 sha256:eddacbc7e24bf8799a4ed3cdcfa50d4b88a323695ad80f317b6629883b2c2a78 528B / 528B done
#4 sha256:324bc02ae1231fd9255658c128086395d3fa0aedd5a41ab6b034fd649d1a9260 1.47kB / 1.47kB done
#4 sha256:c6a83fedfae6ed8a4f5f7cbb6a7b6f1c1ec3d86fea8cb9e5ba2e5e6673fde9f6 0B / 3.62MB 0.1s
#4 sha256:c6a83fedfae6ed8a4f5f7cbb6a7b6f1c1ec3d86fea8cb9e5ba2e5e6673fde9f6 3.62MB / 3.62MB 0.3s
#4 extracting sha256:c6a83fedfae6ed8a4f5f7cbb6a7b6f1c1ec3d86fea8cb9e5ba2e5e6673fde9f6
#4 sha256:c6a83fedfae6ed8a4f5f7cbb6a7b6f1c1ec3d86fea8cb9e5ba2e5e6673fde9f6 3.62MB / 3.62MB 0.3s done
#4 extracting sha256:c6a83fedfae6ed8a4f5f7cbb6a7b6f1c1ec3d86fea8cb9e5ba2e5e6673fde9f6 0.2s done
#4 DONE 1.1s

#5 [2/4] WORKDIR /tmp
#5 DONE 0.4s

#6 [3/4] RUN apk update     && apk add openjdk8     && apk add maven     && wget https://github.com/fonoster/astive/archive/refs/tags/v1.0.9.tar.gz     && tar xvf v1.0.9.tar.gz     && cd astive-1.0.9     && ./assembly     && cd dist     && tar xvf astive-server-1.0.9.tar.gz     && mkdir -p /opt/astive     && mv astive-server-1.0.9/* /opt/astive     && apk del maven     && apk del openjdk8     && apk add openjdk8-jre-base     && rm -rf /var/cache/apk/* /tmp/astive*
#6 0.566 fetch https://dl-cdn.alpinelinux.org/alpine/v3.20/main/x86_64/APKINDEX.tar.gz
#6 0.962 fetch https://dl-cdn.alpinelinux.org/alpine/v3.20/community/x86_64/APKINDEX.tar.gz
#6 1.497 v3.20.2-45-g194e307d75d [https://dl-cdn.alpinelinux.org/alpine/v3.20/main]
#6 1.497 v3.20.2-43-g4fdd3a681b2 [https://dl-cdn.alpinelinux.org/alpine/v3.20/community]
#6 1.497 OK: 24154 distinct packages available
#6 1.932 (1/49) Installing libexpat (2.6.2-r0)
#6 1.973 (2/49) Installing brotli-libs (1.1.0-r2)
#6 2.014 (3/49) Installing libbz2 (1.0.8-r6)
#6 2.023 (4/49) Installing libpng (1.6.43-r0)
#6 2.032 (5/49) Installing freetype (2.13.2-r0)
#6 2.047 (6/49) Installing fontconfig (2.15.0-r1)
#6 2.064 (7/49) Installing encodings (1.0.7-r1)
#6 2.087 (8/49) Installing libfontenc (1.1.8-r0)
#6 2.090 (9/49) Installing mkfontscale (1.2.2-r6)
#6 2.094 (10/49) Installing font-dejavu (2.37-r5)
#6 2.225 (11/49) Installing libxau (1.0.11-r4)
#6 2.228 (12/49) Installing libmd (1.1.0-r0)
#6 2.232 (13/49) Installing libbsd (0.12.2-r0)
#6 2.236 (14/49) Installing libxdmcp (1.1.5-r1)
#6 2.244 (15/49) Installing libxcb (1.16.1-r0)
#6 2.261 (16/49) Installing libx11 (1.8.9-r1)
#6 2.310 (17/49) Installing libxcomposite (0.4.6-r5)
#6 2.314 (18/49) Installing libxext (1.3.6-r2)
#6 2.318 (19/49) Installing libxi (1.8.1-r4)
#6 2.322 (20/49) Installing libxrender (0.9.11-r5)
#6 2.326 (21/49) Installing libxtst (1.2.4-r6)
#6 2.330 (22/49) Installing alsa-lib (1.2.11-r0)
#6 2.355 (23/49) Installing libgcc (13.2.1_git20240309-r0)
#6 2.360 (24/49) Installing giflib (5.2.2-r0)
#6 2.363 (25/49) Installing libjpeg-turbo (3.0.3-r0)
#6 2.373 (26/49) Installing libstdc++ (13.2.1_git20240309-r0)
#6 2.399 (27/49) Installing openjdk8-jre-lib (8.402.06-r0)
#6 3.137 (28/49) Installing java-common (0.5-r0)
#6 3.143 (29/49) Installing libffi (3.4.6-r0)
#6 3.146 (30/49) Installing libtasn1 (4.19.0-r2)
#6 3.154 (31/49) Installing p11-kit (0.25.3-r0)
#6 3.179 (32/49) Installing p11-kit-trust (0.25.3-r0)
#6 3.188 (33/49) Installing ca-certificates (20240705-r0)
#6 3.213 (34/49) Installing java-cacerts (1.0-r1)
#6 3.216 (35/49) Installing nspr (4.35-r4)
#6 3.341 (36/49) Installing sqlite-libs (3.45.3-r1)
#6 3.371 (37/49) Installing nss (3.101-r0)
#6 3.426 (38/49) Installing krb5-conf (1.0-r2)
#6 3.435 (39/49) Installing libcom_err (1.47.0-r5)
#6 3.440 (40/49) Installing keyutils-libs (1.6.3-r3)
#6 3.443 (41/49) Installing libverto (0.3.2-r2)
#6 3.448 (42/49) Installing krb5-libs (1.21.3-r0)
#6 3.478 (43/49) Installing lcms2 (2.16-r0)
#6 3.492 (44/49) Installing pcsc-lite-libs (2.2.3-r0)
#6 3.504 (45/49) Installing liblksctp (1.0.19-r5)
#6 3.508 (46/49) Installing openjdk8-jre-base (8.402.06-r0)
#6 3.685 (47/49) Installing openjdk8-jre (8.402.06-r0)
#6 3.699 (48/49) Installing openjdk8-jdk (8.402.06-r0)
#6 5.580 (49/49) Installing openjdk8 (8.402.06-r0)
#6 5.586 Executing busybox-1.36.1-r29.trigger
#6 5.592 Executing fontconfig-2.15.0-r1.trigger
#6 5.625 Executing mkfontscale-1.2.2-r6.trigger
#6 5.663 Executing java-common-0.5-r0.trigger
#6 5.667 Executing ca-certificates-20240705-r0.trigger
#6 5.818 OK: 123 MiB in 63 packages
#6 6.282 (1/1) Installing maven (3.9.6-r0)
#6 7.716 Executing busybox-1.36.1-r29.trigger
#6 7.722 OK: 133 MiB in 64 packages
#6 7.812 Connecting to github.com (140.82.112.3:443)
#6 8.167 wget: server returned error: HTTP/1.1 404 Not Found
#6 ERROR: process "/bin/sh -c apk update     && apk add openjdk8     && apk add maven     && wget https://github.com/fonoster/astive/archive/refs/tags/v$ASTIVE_VERSION.tar.gz     && tar xvf v$ASTIVE_VERSION.tar.gz     && cd astive-$ASTIVE_VERSION     && ./assembly     && cd dist     && tar xvf astive-server-$ASTIVE_VERSION.tar.gz     && mkdir -p $ASTIVE_HOME     && mv astive-server-$ASTIVE_VERSION/* /opt/astive     && apk del maven     && apk del openjdk8     && apk add openjdk8-jre-base     && rm -rf /var/cache/apk/* /tmp/astive*" did not complete successfully: exit code: 1
------
 > [3/4] RUN apk update     && apk add openjdk8     && apk add maven     && wget https://github.com/fonoster/astive/archive/refs/tags/v1.0.9.tar.gz     && tar xvf v1.0.9.tar.gz     && cd astive-1.0.9     && ./assembly     && cd dist     && tar xvf astive-server-1.0.9.tar.gz     && mkdir -p /opt/astive     && mv astive-server-1.0.9/* /opt/astive     && apk del maven     && apk del openjdk8     && apk add openjdk8-jre-base     && rm -rf /var/cache/apk/* /tmp/astive*:
5.592 Executing fontconfig-2.15.0-r1.trigger
5.625 Executing mkfontscale-1.2.2-r6.trigger
5.663 Executing java-common-0.5-r0.trigger
5.667 Executing ca-certificates-20240705-r0.trigger
5.818 OK: 123 MiB in 63 packages
6.282 (1/1) Installing maven (3.9.6-r0)
7.716 Executing busybox-1.36.1-r29.trigger
7.722 OK: 133 MiB in 64 packages
7.812 Connecting to github.com (140.82.112.3:443)
8.167 wget: server returned error: HTTP/1.1 404 Not Found
------
v1_Dockerfile:9
--------------------
   8 |     
   9 | >>> RUN apk update \
  10 | >>>     && apk add openjdk8 \
  11 | >>>     && apk add maven \
  12 | >>>     && wget https://github.com/fonoster/astive/archive/refs/tags/v$ASTIVE_VERSION.tar.gz \
  13 | >>>     && tar xvf v$ASTIVE_VERSION.tar.gz \
  14 | >>>     && cd astive-$ASTIVE_VERSION \
  15 | >>>     && ./assembly \
  16 | >>>     && cd dist \
  17 | >>>     && tar xvf astive-server-$ASTIVE_VERSION.tar.gz \
  18 | >>>     && mkdir -p $ASTIVE_HOME \
  19 | >>>     && mv astive-server-$ASTIVE_VERSION/* /opt/astive \
  20 | >>>     && apk del maven \
  21 | >>>     && apk del openjdk8 \
  22 | >>>     && apk add openjdk8-jre-base \
  23 | >>>     && rm -rf /var/cache/apk/* /tmp/astive*
  24 |     
--------------------
ERROR: failed to solve: process "/bin/sh -c apk update     && apk add openjdk8     && apk add maven     && wget https://github.com/fonoster/astive/archive/refs/tags/v$ASTIVE_VERSION.tar.gz     && tar xvf v$ASTIVE_VERSION.tar.gz     && cd astive-$ASTIVE_VERSION     && ./assembly     && cd dist     && tar xvf astive-server-$ASTIVE_VERSION.tar.gz     && mkdir -p $ASTIVE_HOME     && mv astive-server-$ASTIVE_VERSION/* /opt/astive     && apk del maven     && apk del openjdk8     && apk add openjdk8-jre-base     && rm -rf /var/cache/apk/* /tmp/astive*" did not complete successfully: exit code: 1
Duration: 0:15.87