#0 building with "default" instance using docker driver

#1 [internal] load build definition from v1_Dockerfile
#1 transferring dockerfile: 414B done
#1 DONE 0.0s

#2 [internal] load metadata for docker.io/circleci/ruby:2.3.8
#2 ...

#3 [auth] circleci/ruby:pull token for registry-1.docker.io
#3 DONE 0.0s

#2 [internal] load metadata for docker.io/circleci/ruby:2.3.8
#2 DONE 0.8s

#4 [internal] load .dockerignore
#4 transferring context: 2B done
#4 DONE 0.0s

#5 [internal] load build context
#5 transferring context: 880.17kB 0.0s done
#5 DONE 0.1s

#6 [1/8] FROM docker.io/circleci/ruby:2.3.8@sha256:ca526ec94ba8cc7bba209ef881cafc7d1bc8d6fad2fcda3d500bee3950e3a8a1
#6 resolve docker.io/circleci/ruby:2.3.8@sha256:ca526ec94ba8cc7bba209ef881cafc7d1bc8d6fad2fcda3d500bee3950e3a8a1 0.0s done
#6 sha256:d4b7902036fe0cefdfe9ccf0404fe13322ecbd552f132be73d3e840f95538838 0B / 10.78MB 0.2s
#6 sha256:ca526ec94ba8cc7bba209ef881cafc7d1bc8d6fad2fcda3d500bee3950e3a8a1 3.68kB / 3.68kB done
#6 sha256:35dabf129fa32cbcc90c32c6ab3be98be8d3a81b415f9e0d9f1fa3e01906fe87 12.29kB / 12.29kB done
#6 sha256:e79bb959ec00faf01da52437df4fad4537ec669f60455a38ad583ec2b8f00498 5.24MB / 45.34MB 0.2s
#6 sha256:1b2a72d4e03052566e99130108071fc4eca4942c62923e3e5cf19666a23088ef 0B / 4.34MB 0.2s
#6 sha256:e79bb959ec00faf01da52437df4fad4537ec669f60455a38ad583ec2b8f00498 12.58MB / 45.34MB 0.3s
#6 sha256:d4b7902036fe0cefdfe9ccf0404fe13322ecbd552f132be73d3e840f95538838 5.24MB / 10.78MB 0.4s
#6 sha256:e79bb959ec00faf01da52437df4fad4537ec669f60455a38ad583ec2b8f00498 16.78MB / 45.34MB 0.4s
#6 sha256:1b2a72d4e03052566e99130108071fc4eca4942c62923e3e5cf19666a23088ef 2.10MB / 4.34MB 0.4s
#6 sha256:d4b7902036fe0cefdfe9ccf0404fe13322ecbd552f132be73d3e840f95538838 10.49MB / 10.78MB 0.5s
#6 sha256:e79bb959ec00faf01da52437df4fad4537ec669f60455a38ad583ec2b8f00498 23.07MB / 45.34MB 0.5s
#6 sha256:1b2a72d4e03052566e99130108071fc4eca4942c62923e3e5cf19666a23088ef 4.34MB / 4.34MB 0.5s done
#6 sha256:d54db43011fd116b8cb6d9e49e268cee1fa6212f152b30cbfa7f3c4c684427c3 0B / 50.07MB 0.5s
#6 sha256:d4b7902036fe0cefdfe9ccf0404fe13322ecbd552f132be73d3e840f95538838 10.78MB / 10.78MB 0.5s done
#6 sha256:e79bb959ec00faf01da52437df4fad4537ec669f60455a38ad583ec2b8f00498 34.60MB / 45.34MB 0.7s
#6 sha256:d54db43011fd116b8cb6d9e49e268cee1fa6212f152b30cbfa7f3c4c684427c3 6.29MB / 50.07MB 0.7s
#6 sha256:69d473365bb390367b7a54a3e890ca28c4640a56dfe4f53a0036130c964a1e52 1.05MB / 215.05MB 0.7s
#6 sha256:e79bb959ec00faf01da52437df4fad4537ec669f60455a38ad583ec2b8f00498 38.80MB / 45.34MB 0.8s
#6 sha256:d54db43011fd116b8cb6d9e49e268cee1fa6212f152b30cbfa7f3c4c684427c3 9.44MB / 50.07MB 0.8s
#6 sha256:e79bb959ec00faf01da52437df4fad4537ec669f60455a38ad583ec2b8f00498 45.34MB / 45.34MB 1.0s
#6 sha256:d54db43011fd116b8cb6d9e49e268cee1fa6212f152b30cbfa7f3c4c684427c3 18.87MB / 50.07MB 1.0s
#6 sha256:69d473365bb390367b7a54a3e890ca28c4640a56dfe4f53a0036130c964a1e52 13.63MB / 215.05MB 1.0s
#6 sha256:d54db43011fd116b8cb6d9e49e268cee1fa6212f152b30cbfa7f3c4c684427c3 25.17MB / 50.07MB 1.1s
#6 extracting sha256:e79bb959ec00faf01da52437df4fad4537ec669f60455a38ad583ec2b8f00498
#6 sha256:e79bb959ec00faf01da52437df4fad4537ec669f60455a38ad583ec2b8f00498 45.34MB / 45.34MB 1.1s done
#6 sha256:d54db43011fd116b8cb6d9e49e268cee1fa6212f152b30cbfa7f3c4c684427c3 30.41MB / 50.07MB 1.2s
#6 sha256:69d473365bb390367b7a54a3e890ca28c4640a56dfe4f53a0036130c964a1e52 26.21MB / 215.05MB 1.2s
#6 sha256:84ed2a0dc034bbdc8a28dfb592e5176338052ada31aa748ce78170876a8a0a84 0B / 204B 1.2s
#6 sha256:d54db43011fd116b8cb6d9e49e268cee1fa6212f152b30cbfa7f3c4c684427c3 35.65MB / 50.07MB 1.3s
#6 sha256:84ed2a0dc034bbdc8a28dfb592e5176338052ada31aa748ce78170876a8a0a84 204B / 204B 1.2s done
#6 sha256:8952ca0665c56358d62b13871b6a1cb62be5ea173bfa53bfc3a21efa96ca10d8 0B / 33.62MB 1.3s
#6 sha256:d54db43011fd116b8cb6d9e49e268cee1fa6212f152b30cbfa7f3c4c684427c3 39.85MB / 50.07MB 1.4s
#6 sha256:8952ca0665c56358d62b13871b6a1cb62be5ea173bfa53bfc3a21efa96ca10d8 1.84MB / 33.62MB 1.4s
#6 sha256:d54db43011fd116b8cb6d9e49e268cee1fa6212f152b30cbfa7f3c4c684427c3 48.23MB / 50.07MB 1.6s
#6 sha256:69d473365bb390367b7a54a3e890ca28c4640a56dfe4f53a0036130c964a1e52 46.14MB / 215.05MB 1.6s
#6 sha256:8952ca0665c56358d62b13871b6a1cb62be5ea173bfa53bfc3a21efa96ca10d8 9.44MB / 33.62MB 1.6s
#6 sha256:8952ca0665c56358d62b13871b6a1cb62be5ea173bfa53bfc3a21efa96ca10d8 13.63MB / 33.62MB 1.7s
#6 sha256:8952ca0665c56358d62b13871b6a1cb62be5ea173bfa53bfc3a21efa96ca10d8 17.83MB / 33.62MB 1.8s
#6 sha256:d54db43011fd116b8cb6d9e49e268cee1fa6212f152b30cbfa7f3c4c684427c3 50.07MB / 50.07MB 1.8s done
#6 sha256:69d473365bb390367b7a54a3e890ca28c4640a56dfe4f53a0036130c964a1e52 59.77MB / 215.05MB 1.9s
#6 sha256:8952ca0665c56358d62b13871b6a1cb62be5ea173bfa53bfc3a21efa96ca10d8 24.12MB / 33.62MB 1.9s
#6 sha256:ef485f36c62492911d22d57cdb485fc295f58e37451fef4a7e8208ca56c36401 0B / 149B 1.9s
#6 sha256:8952ca0665c56358d62b13871b6a1cb62be5ea173bfa53bfc3a21efa96ca10d8 29.36MB / 33.62MB 2.0s
#6 sha256:ef485f36c62492911d22d57cdb485fc295f58e37451fef4a7e8208ca56c36401 149B / 149B 1.9s done
#6 sha256:26cc8eba53b7a76635b960e043460903fa88b54408142aa301e98eec2183eb6a 0B / 246B 2.0s
#6 sha256:69d473365bb390367b7a54a3e890ca28c4640a56dfe4f53a0036130c964a1e52 77.59MB / 215.05MB 2.2s
#6 sha256:8952ca0665c56358d62b13871b6a1cb62be5ea173bfa53bfc3a21efa96ca10d8 33.62MB / 33.62MB 2.2s done
#6 sha256:26cc8eba53b7a76635b960e043460903fa88b54408142aa301e98eec2183eb6a 246B / 246B 2.0s done
#6 sha256:073c46f6cad9a57b5e9caaf67fe3b18da4c450e33fb202826c41f6cee043760c 2.10MB / 72.70MB 2.2s
#6 sha256:85efde836ae7f0de1f1cf8ffa6db187ef9d557683d0cfd0eb93ad73fcbb2f201 0B / 154B 2.2s
#6 sha256:073c46f6cad9a57b5e9caaf67fe3b18da4c450e33fb202826c41f6cee043760c 8.39MB / 72.70MB 2.3s
#6 sha256:85efde836ae7f0de1f1cf8ffa6db187ef9d557683d0cfd0eb93ad73fcbb2f201 154B / 154B 2.3s done
#6 sha256:ef63b7ecf91683d06ca9a9ba362aeafebd8a5c970dc78c04902f02f28b80ec04 0B / 1.74MB 2.3s
#6 sha256:073c46f6cad9a57b5e9caaf67fe3b18da4c450e33fb202826c41f6cee043760c 13.63MB / 72.70MB 2.4s
#6 sha256:69d473365bb390367b7a54a3e890ca28c4640a56dfe4f53a0036130c964a1e52 93.32MB / 215.05MB 2.5s
#6 sha256:073c46f6cad9a57b5e9caaf67fe3b18da4c450e33fb202826c41f6cee043760c 19.92MB / 72.70MB 2.5s
#6 sha256:ef63b7ecf91683d06ca9a9ba362aeafebd8a5c970dc78c04902f02f28b80ec04 1.74MB / 1.74MB 2.5s done
#6 sha256:488f146b7bf37d2dc80d2f19e2ff8a80818d572178536bc0b5996c6b37d2a2c4 0B / 48.54MB 2.5s
#6 sha256:073c46f6cad9a57b5e9caaf67fe3b18da4c450e33fb202826c41f6cee043760c 26.21MB / 72.70MB 2.6s
#6 sha256:073c46f6cad9a57b5e9caaf67fe3b18da4c450e33fb202826c41f6cee043760c 30.41MB / 72.70MB 2.7s
#6 sha256:488f146b7bf37d2dc80d2f19e2ff8a80818d572178536bc0b5996c6b37d2a2c4 3.15MB / 48.54MB 2.7s
#6 sha256:69d473365bb390367b7a54a3e890ca28c4640a56dfe4f53a0036130c964a1e52 108.00MB / 215.05MB 2.8s
#6 sha256:073c46f6cad9a57b5e9caaf67fe3b18da4c450e33fb202826c41f6cee043760c 34.60MB / 72.70MB 2.8s
#6 sha256:488f146b7bf37d2dc80d2f19e2ff8a80818d572178536bc0b5996c6b37d2a2c4 6.29MB / 48.54MB 2.8s
#6 sha256:073c46f6cad9a57b5e9caaf67fe3b18da4c450e33fb202826c41f6cee043760c 38.80MB / 72.70MB 2.9s
#6 sha256:488f146b7bf37d2dc80d2f19e2ff8a80818d572178536bc0b5996c6b37d2a2c4 10.49MB / 48.54MB 2.9s
#6 sha256:073c46f6cad9a57b5e9caaf67fe3b18da4c450e33fb202826c41f6cee043760c 42.99MB / 72.70MB 3.0s
#6 sha256:488f146b7bf37d2dc80d2f19e2ff8a80818d572178536bc0b5996c6b37d2a2c4 14.68MB / 48.54MB 3.0s
#6 sha256:69d473365bb390367b7a54a3e890ca28c4640a56dfe4f53a0036130c964a1e52 119.54MB / 215.05MB 3.1s
#6 sha256:073c46f6cad9a57b5e9caaf67fe3b18da4c450e33fb202826c41f6cee043760c 47.19MB / 72.70MB 3.1s
#6 sha256:488f146b7bf37d2dc80d2f19e2ff8a80818d572178536bc0b5996c6b37d2a2c4 18.87MB / 48.54MB 3.1s
#6 sha256:488f146b7bf37d2dc80d2f19e2ff8a80818d572178536bc0b5996c6b37d2a2c4 23.07MB / 48.54MB 3.2s
#6 sha256:69d473365bb390367b7a54a3e890ca28c4640a56dfe4f53a0036130c964a1e52 132.12MB / 215.05MB 3.4s
#6 sha256:073c46f6cad9a57b5e9caaf67fe3b18da4c450e33fb202826c41f6cee043760c 58.72MB / 72.70MB 3.4s
#6 sha256:488f146b7bf37d2dc80d2f19e2ff8a80818d572178536bc0b5996c6b37d2a2c4 31.46MB / 48.54MB 3.4s
#6 sha256:073c46f6cad9a57b5e9caaf67fe3b18da4c450e33fb202826c41f6cee043760c 62.91MB / 72.70MB 3.5s
#6 sha256:488f146b7bf37d2dc80d2f19e2ff8a80818d572178536bc0b5996c6b37d2a2c4 34.60MB / 48.54MB 3.5s
#6 sha256:073c46f6cad9a57b5e9caaf67fe3b18da4c450e33fb202826c41f6cee043760c 68.16MB / 72.70MB 3.6s
#6 sha256:488f146b7bf37d2dc80d2f19e2ff8a80818d572178536bc0b5996c6b37d2a2c4 39.85MB / 48.54MB 3.6s
#6 sha256:69d473365bb390367b7a54a3e890ca28c4640a56dfe4f53a0036130c964a1e52 150.99MB / 215.05MB 3.8s
#6 sha256:073c46f6cad9a57b5e9caaf67fe3b18da4c450e33fb202826c41f6cee043760c 72.70MB / 72.70MB 3.8s
#6 sha256:488f146b7bf37d2dc80d2f19e2ff8a80818d572178536bc0b5996c6b37d2a2c4 48.54MB / 48.54MB 3.8s
#6 sha256:69d473365bb390367b7a54a3e890ca28c4640a56dfe4f53a0036130c964a1e52 168.82MB / 215.05MB 4.1s
#6 sha256:073c46f6cad9a57b5e9caaf67fe3b18da4c450e33fb202826c41f6cee043760c 72.70MB / 72.70MB 4.0s done
#6 sha256:d47bc59195533989b3f29ebf0370fd4f8bbe8cdd41a82ab015b4b6eb166a3c86 2.10MB / 15.99MB 4.1s
#6 extracting sha256:e79bb959ec00faf01da52437df4fad4537ec669f60455a38ad583ec2b8f00498 3.1s done
#6 sha256:488f146b7bf37d2dc80d2f19e2ff8a80818d572178536bc0b5996c6b37d2a2c4 48.54MB / 48.54MB 4.1s done
#6 sha256:d47bc59195533989b3f29ebf0370fd4f8bbe8cdd41a82ab015b4b6eb166a3c86 7.34MB / 15.99MB 4.2s
#6 sha256:9c9815174ce9831ace7fbafd9c5ae6c7d67b195c559dc60b1442662ced41f059 0B / 3.05MB 4.2s
#6 sha256:69d473365bb390367b7a54a3e890ca28c4640a56dfe4f53a0036130c964a1e52 180.36MB / 215.05MB 4.4s
#6 sha256:d47bc59195533989b3f29ebf0370fd4f8bbe8cdd41a82ab015b4b6eb166a3c86 15.99MB / 15.99MB 4.4s
#6 sha256:9c9815174ce9831ace7fbafd9c5ae6c7d67b195c559dc60b1442662ced41f059 3.05MB / 3.05MB 4.3s done
#6 extracting sha256:d4b7902036fe0cefdfe9ccf0404fe13322ecbd552f132be73d3e840f95538838
#6 sha256:d47bc59195533989b3f29ebf0370fd4f8bbe8cdd41a82ab015b4b6eb166a3c86 15.99MB / 15.99MB 4.4s done
#6 sha256:45888f7eaf56b33f0bd7a8ffc7cad4e4c2a9b273a3675f6d6da64df547a6fb90 0B / 5.23kB 4.5s
#6 sha256:69d473365bb390367b7a54a3e890ca28c4640a56dfe4f53a0036130c964a1e52 199.23MB / 215.05MB 4.6s
#6 sha256:45888f7eaf56b33f0bd7a8ffc7cad4e4c2a9b273a3675f6d6da64df547a6fb90 5.23kB / 5.23kB 4.5s done
#6 sha256:69d473365bb390367b7a54a3e890ca28c4640a56dfe4f53a0036130c964a1e52 215.05MB / 215.05MB 4.8s
#6 extracting sha256:d4b7902036fe0cefdfe9ccf0404fe13322ecbd552f132be73d3e840f95538838 0.5s done
#6 extracting sha256:1b2a72d4e03052566e99130108071fc4eca4942c62923e3e5cf19666a23088ef 0.1s
#6 extracting sha256:1b2a72d4e03052566e99130108071fc4eca4942c62923e3e5cf19666a23088ef 0.3s done
#6 extracting sha256:d54db43011fd116b8cb6d9e49e268cee1fa6212f152b30cbfa7f3c4c684427c3
#6 sha256:69d473365bb390367b7a54a3e890ca28c4640a56dfe4f53a0036130c964a1e52 215.05MB / 215.05MB 5.9s done
#6 extracting sha256:d54db43011fd116b8cb6d9e49e268cee1fa6212f152b30cbfa7f3c4c684427c3 3.0s done
#6 extracting sha256:69d473365bb390367b7a54a3e890ca28c4640a56dfe4f53a0036130c964a1e52
#6 extracting sha256:69d473365bb390367b7a54a3e890ca28c4640a56dfe4f53a0036130c964a1e52 5.0s
#6 extracting sha256:69d473365bb390367b7a54a3e890ca28c4640a56dfe4f53a0036130c964a1e52 10.1s
#6 extracting sha256:69d473365bb390367b7a54a3e890ca28c4640a56dfe4f53a0036130c964a1e52 10.1s done
#6 extracting sha256:84ed2a0dc034bbdc8a28dfb592e5176338052ada31aa748ce78170876a8a0a84
#6 extracting sha256:84ed2a0dc034bbdc8a28dfb592e5176338052ada31aa748ce78170876a8a0a84 done
#6 extracting sha256:8952ca0665c56358d62b13871b6a1cb62be5ea173bfa53bfc3a21efa96ca10d8 0.1s
#6 extracting sha256:8952ca0665c56358d62b13871b6a1cb62be5ea173bfa53bfc3a21efa96ca10d8 1.8s done
#6 extracting sha256:ef485f36c62492911d22d57cdb485fc295f58e37451fef4a7e8208ca56c36401 done
#6 extracting sha256:26cc8eba53b7a76635b960e043460903fa88b54408142aa301e98eec2183eb6a
#6 extracting sha256:26cc8eba53b7a76635b960e043460903fa88b54408142aa301e98eec2183eb6a done
#6 extracting sha256:073c46f6cad9a57b5e9caaf67fe3b18da4c450e33fb202826c41f6cee043760c 0.1s
#6 extracting sha256:073c46f6cad9a57b5e9caaf67fe3b18da4c450e33fb202826c41f6cee043760c 2.4s done
#6 extracting sha256:85efde836ae7f0de1f1cf8ffa6db187ef9d557683d0cfd0eb93ad73fcbb2f201
#6 extracting sha256:85efde836ae7f0de1f1cf8ffa6db187ef9d557683d0cfd0eb93ad73fcbb2f201 done
#6 extracting sha256:ef63b7ecf91683d06ca9a9ba362aeafebd8a5c970dc78c04902f02f28b80ec04 0.0s done
#6 extracting sha256:488f146b7bf37d2dc80d2f19e2ff8a80818d572178536bc0b5996c6b37d2a2c4
#6 extracting sha256:488f146b7bf37d2dc80d2f19e2ff8a80818d572178536bc0b5996c6b37d2a2c4 1.6s done
#6 extracting sha256:d47bc59195533989b3f29ebf0370fd4f8bbe8cdd41a82ab015b4b6eb166a3c86
#6 extracting sha256:d47bc59195533989b3f29ebf0370fd4f8bbe8cdd41a82ab015b4b6eb166a3c86 0.2s done
#6 extracting sha256:9c9815174ce9831ace7fbafd9c5ae6c7d67b195c559dc60b1442662ced41f059
#6 extracting sha256:9c9815174ce9831ace7fbafd9c5ae6c7d67b195c559dc60b1442662ced41f059 0.1s done
#6 extracting sha256:45888f7eaf56b33f0bd7a8ffc7cad4e4c2a9b273a3675f6d6da64df547a6fb90
#6 extracting sha256:45888f7eaf56b33f0bd7a8ffc7cad4e4c2a9b273a3675f6d6da64df547a6fb90 done
#6 DONE 26.1s

#7 [2/8] RUN apt-get update && apt-get install --no-install-recommends -y openalpr openalpr-daemon openalpr-utils libopenalpr-dev && rm -rf /var/lib/apt/lists/*;
#7 0.225 Ign:1 http://security.debian.org/debian-security stretch/updates InRelease
#7 0.226 Ign:2 http://deb.debian.org/debian stretch InRelease
#7 0.234 Ign:3 http://deb.debian.org/debian stretch-updates InRelease
#7 0.234 Err:4 http://security.debian.org/debian-security stretch/updates Release
#7 0.234   404  Not Found
#7 0.244 Err:5 http://deb.debian.org/debian stretch Release
#7 0.244   404  Not Found
#7 0.251 Err:6 http://deb.debian.org/debian stretch-updates Release
#7 0.251   404  Not Found
#7 0.256 Reading package lists...
#7 0.813 E: The repository 'http://security.debian.org/debian-security stretch/updates Release' does no longer have a Release file.
#7 0.813 E: The repository 'http://deb.debian.org/debian stretch Release' does no longer have a Release file.
#7 0.813 E: The repository 'http://deb.debian.org/debian stretch-updates Release' does no longer have a Release file.
#7 ERROR: process "/bin/sh -c apt-get update && apt-get install --no-install-recommends -y openalpr openalpr-daemon openalpr-utils libopenalpr-dev && rm -rf /var/lib/apt/lists/*;" did not complete successfully: exit code: 100
------
 > [2/8] RUN apt-get update && apt-get install --no-install-recommends -y openalpr openalpr-daemon openalpr-utils libopenalpr-dev && rm -rf /var/lib/apt/lists/*;:
0.225 Ign:1 http://security.debian.org/debian-security stretch/updates InRelease

0.813 E: The repository 'http://security.debian.org/debian-security stretch/updates Release' does no longer have a Release file.
0.813 E: The repository 'http://deb.debian.org/debian stretch Release' does no longer have a Release file.
0.813 E: The repository 'http://deb.debian.org/debian stretch-updates Release' does no longer have a Release file.
------
v1_Dockerfile:3
--------------------
   1 |     FROM circleci/ruby:2.3.8
   2 |     USER root
   3 | >>> RUN apt-get update && apt-get install --no-install-recommends -y openalpr openalpr-daemon openalpr-utils libopenalpr-dev && rm -rf /var/lib/apt/lists/*;
   4 |     RUN mkdir /alpr
   5 |     RUN chown -R circleci:circleci /alpr
--------------------
ERROR: failed to solve: process "/bin/sh -c apt-get update && apt-get install --no-install-recommends -y openalpr openalpr-daemon openalpr-utils libopenalpr-dev && rm -rf /var/lib/apt/lists/*;" did not complete successfully: exit code: 100
Duration: 0:37.83