#0 building with "default" instance using docker driver

#1 [internal] load .dockerignore
#1 transferring context:
#1 transferring context: 2B done
#1 DONE 0.4s

#2 [internal] load build definition from Dockerfile
#2 transferring dockerfile: 527B 0.0s done
#2 DONE 0.3s

#3 [auth] library/node:pull token for registry-1.docker.io
#3 DONE 0.0s

#4 [internal] load metadata for docker.io/library/node:10.14.1-slim
#4 DONE 1.5s

#5 [1/3] FROM docker.io/library/node:10.14.1-slim@sha256:d2586bbce80599b120842fa5e6c0940a7ad7d12af94dd46283731dc13cbb4ed7
#5 resolve docker.io/library/node:10.14.1-slim@sha256:d2586bbce80599b120842fa5e6c0940a7ad7d12af94dd46283731dc13cbb4ed7
#5 resolve docker.io/library/node:10.14.1-slim@sha256:d2586bbce80599b120842fa5e6c0940a7ad7d12af94dd46283731dc13cbb4ed7 0.2s done
#5 sha256:d2586bbce80599b120842fa5e6c0940a7ad7d12af94dd46283731dc13cbb4ed7 770B / 770B done
#5 sha256:06c11b2778596a624d72c653c4f15bb5b3e53e5e6dba081e52c8b3269dc24c60 1.16kB / 1.16kB done
#5 sha256:633960bc64245e458a7efaf4c3fe07b46eaf3cf9cbf62be35caf4d936dd1ecec 5.58kB / 5.58kB done
#5 sha256:a5a6f2f73cd8abbdc55d0df0d8834f7262713e87d6c8800ea3851f103025e0f0 0B / 22.49MB 0.1s
#5 sha256:6fd77ab8da06679825549b88b99b2e9277d0f548bcbe631450a3be48408c8256 0B / 4.15kB 0.1s
#5 sha256:ffe107dc91d7df4f79fb78af86751a4af69f0649af821f15cd69e9dc362ef6e0 0B / 29.50MB 0.2s
#5 sha256:a5a6f2f73cd8abbdc55d0df0d8834f7262713e87d6c8800ea3851f103025e0f0 5.24MB / 22.49MB 0.3s
#5 sha256:6fd77ab8da06679825549b88b99b2e9277d0f548bcbe631450a3be48408c8256 4.15kB / 4.15kB 0.3s
#5 sha256:a5a6f2f73cd8abbdc55d0df0d8834f7262713e87d6c8800ea3851f103025e0f0 10.49MB / 22.49MB 0.4s
#5 sha256:6fd77ab8da06679825549b88b99b2e9277d0f548bcbe631450a3be48408c8256 4.15kB / 4.15kB 0.4s done
#5 sha256:a5a6f2f73cd8abbdc55d0df0d8834f7262713e87d6c8800ea3851f103025e0f0 22.02MB / 22.49MB 0.6s
#5 sha256:ffe107dc91d7df4f79fb78af86751a4af69f0649af821f15cd69e9dc362ef6e0 4.19MB / 29.50MB 0.6s
#5 sha256:258a738d003a79d6e0baa4b7c089f8e03a2cdab60a2acf873bf3d9e95d6251c3 0B / 1.31MB 0.6s
#5 sha256:ffe107dc91d7df4f79fb78af86751a4af69f0649af821f15cd69e9dc362ef6e0 20.97MB / 29.50MB 0.9s
#5 sha256:258a738d003a79d6e0baa4b7c089f8e03a2cdab60a2acf873bf3d9e95d6251c3 1.31MB / 1.31MB 0.9s
#5 sha256:a5a6f2f73cd8abbdc55d0df0d8834f7262713e87d6c8800ea3851f103025e0f0 22.49MB / 22.49MB 1.0s done
#5 sha256:ffe107dc91d7df4f79fb78af86751a4af69f0649af821f15cd69e9dc362ef6e0 25.17MB / 29.50MB 1.0s
#5 sha256:ffe107dc91d7df4f79fb78af86751a4af69f0649af821f15cd69e9dc362ef6e0 29.50MB / 29.50MB 1.1s
#5 sha256:258a738d003a79d6e0baa4b7c089f8e03a2cdab60a2acf873bf3d9e95d6251c3 1.31MB / 1.31MB 1.1s done
#5 extracting sha256:a5a6f2f73cd8abbdc55d0df0d8834f7262713e87d6c8800ea3851f103025e0f0
#5 sha256:ffe107dc91d7df4f79fb78af86751a4af69f0649af821f15cd69e9dc362ef6e0 29.50MB / 29.50MB 1.6s done
#5 extracting sha256:a5a6f2f73cd8abbdc55d0df0d8834f7262713e87d6c8800ea3851f103025e0f0 5.3s
#5 extracting sha256:a5a6f2f73cd8abbdc55d0df0d8834f7262713e87d6c8800ea3851f103025e0f0 6.1s done
#5 extracting sha256:6fd77ab8da06679825549b88b99b2e9277d0f548bcbe631450a3be48408c8256
#5 extracting sha256:6fd77ab8da06679825549b88b99b2e9277d0f548bcbe631450a3be48408c8256 0.4s done
#5 extracting sha256:ffe107dc91d7df4f79fb78af86751a4af69f0649af821f15cd69e9dc362ef6e0
#5 extracting sha256:ffe107dc91d7df4f79fb78af86751a4af69f0649af821f15cd69e9dc362ef6e0 4.8s done
#5 extracting sha256:258a738d003a79d6e0baa4b7c089f8e03a2cdab60a2acf873bf3d9e95d6251c3
#5 extracting sha256:258a738d003a79d6e0baa4b7c089f8e03a2cdab60a2acf873bf3d9e95d6251c3 0.5s done
#5 DONE 15.2s

#6 [2/3] RUN ["dash", "-c", "    apt-get update  && apt-get install --no-install-recommends -y       git  && rm -rf /var/lib/apt/lists/* "]
#6 1.502 Ign:1 http://security.debian.org/debian-security stretch/updates InRelease
#6 1.517 Ign:2 http://deb.debian.org/debian stretch InRelease
#6 1.517 Ign:3 http://security.debian.org/debian-security stretch/updates Release
#6 1.517 Ign:4 http://deb.debian.org/debian stretch-updates InRelease
#6 1.543 Ign:5 http://deb.debian.org/debian stretch Release
#6 1.556 Ign:6 http://deb.debian.org/debian stretch-updates Release
#6 1.570 Ign:7 http://deb.debian.org/debian stretch/main all Packages
#6 1.669 Ign:8 http://security.debian.org/debian-security stretch/updates/main all Packages
#6 1.731 Ign:9 http://deb.debian.org/debian stretch/main amd64 Packages
#6 1.743 Ign:10 http://deb.debian.org/debian stretch-updates/main all Packages
#6 1.822 Ign:11 http://security.debian.org/debian-security stretch/updates/main amd64 Packages
#6 1.901 Ign:12 http://deb.debian.org/debian stretch-updates/main amd64 Packages
#6 1.912 Ign:7 http://deb.debian.org/debian stretch/main all Packages
#6 1.972 Ign:8 http://security.debian.org/debian-security stretch/updates/main all Packages
#6 2.072 Ign:9 http://deb.debian.org/debian stretch/main amd64 Packages
#6 2.083 Ign:10 http://deb.debian.org/debian stretch-updates/main all Packages
#6 2.124 Ign:11 http://security.debian.org/debian-security stretch/updates/main amd64 Packages
#6 2.241 Ign:12 http://deb.debian.org/debian stretch-updates/main amd64 Packages
#6 2.252 Ign:7 http://deb.debian.org/debian stretch/main all Packages
#6 2.283 Ign:8 http://security.debian.org/debian-security stretch/updates/main all Packages
#6 2.411 Ign:9 http://deb.debian.org/debian stretch/main amd64 Packages
#6 2.423 Ign:10 http://deb.debian.org/debian stretch-updates/main all Packages
#6 2.433 Ign:11 http://security.debian.org/debian-security stretch/updates/main amd64 Packages
#6 2.582 Ign:12 http://deb.debian.org/debian stretch-updates/main amd64 Packages
#6 2.584 Ign:8 http://security.debian.org/debian-security stretch/updates/main all Packages
#6 2.592 Ign:7 http://deb.debian.org/debian stretch/main all Packages
#6 2.741 Ign:11 http://security.debian.org/debian-security stretch/updates/main amd64 Packages
#6 2.753 Ign:9 http://deb.debian.org/debian stretch/main amd64 Packages
#6 2.764 Ign:10 http://deb.debian.org/debian stretch-updates/main all Packages
#6 2.893 Ign:8 http://security.debian.org/debian-security stretch/updates/main all Packages
#6 2.923 Ign:12 http://deb.debian.org/debian stretch-updates/main amd64 Packages
#6 2.934 Ign:7 http://deb.debian.org/debian stretch/main all Packages
#6 3.062 Ign:11 http://security.debian.org/debian-security stretch/updates/main amd64 Packages
#6 3.100 Ign:9 http://deb.debian.org/debian stretch/main amd64 Packages
#6 3.110 Ign:10 http://deb.debian.org/debian stretch-updates/main all Packages
#6 3.212 Ign:8 http://security.debian.org/debian-security stretch/updates/main all Packages
#6 3.275 Ign:12 http://deb.debian.org/debian stretch-updates/main amd64 Packages
#6 3.286 Ign:7 http://deb.debian.org/debian stretch/main all Packages
#6 3.366 Err:11 http://security.debian.org/debian-security stretch/updates/main amd64 Packages
#6 3.366   404  Not Found [IP: 151.101.130.132 80]
#6 3.453 Err:9 http://deb.debian.org/debian stretch/main amd64 Packages
#6 3.453   404  Not Found
#6 3.463 Ign:10 http://deb.debian.org/debian stretch-updates/main all Packages
#6 3.621 Err:12 http://deb.debian.org/debian stretch-updates/main amd64 Packages
#6 3.621   404  Not Found
#6 3.655 Reading package lists...
#6 3.698 W: The repository 'http://security.debian.org/debian-security stretch/updates Release' does not have a Release file.
#6 3.698 W: The repository 'http://deb.debian.org/debian stretch Release' does not have a Release file.
#6 3.698 W: The repository 'http://deb.debian.org/debian stretch-updates Release' does not have a Release file.
#6 3.698 E: Failed to fetch http://security.debian.org/debian-security/dists/stretch/updates/main/binary-amd64/Packages  404  Not Found [IP: 151.101.130.132 80]
#6 3.698 E: Failed to fetch http://deb.debian.org/debian/dists/stretch/main/binary-amd64/Packages  404  Not Found
#6 3.698 E: Failed to fetch http://deb.debian.org/debian/dists/stretch-updates/main/binary-amd64/Packages  404  Not Found
#6 3.698 E: Some index files failed to download. They have been ignored, or old ones used instead.
#6 ERROR: process "dash -c     apt-get update  && apt-get install --no-install-recommends -y       git  && rm -rf /var/lib/apt/lists/* " did not complete successfully: exit code: 100
------
 > [2/3] RUN ["dash", "-c", "    apt-get update  && apt-get install --no-install-recommends -y       git  && rm -rf /var/lib/apt/lists/* "]:
3.621 Err:12 http://deb.debian.org/debian stretch-updates/main amd64 Packages
3.621   404  Not Found
3.655 Reading package lists...
3.698 W: The repository 'http://security.debian.org/debian-security stretch/updates Release' does not have a Release file.
3.698 W: The repository 'http://deb.debian.org/debian stretch Release' does not have a Release file.
3.698 W: The repository 'http://deb.debian.org/debian stretch-updates Release' does not have a Release file.
3.698 E: Failed to fetch http://security.debian.org/debian-security/dists/stretch/updates/main/binary-amd64/Packages  404  Not Found [IP: 151.101.130.132 80]
3.698 E: Failed to fetch http://deb.debian.org/debian/dists/stretch/main/binary-amd64/Packages  404  Not Found
3.698 E: Failed to fetch http://deb.debian.org/debian/dists/stretch-updates/main/binary-amd64/Packages  404  Not Found
3.698 E: Some index files failed to download. They have been ignored, or old ones used instead.
------
Dockerfile:12
--------------------
  11 |     # Install dependencies
  12 | >>> RUN ["dash", "-c", "\
  13 | >>>     apt-get update \
  14 | >>>  && apt-get install --no-install-recommends -y \
  15 | >>>       git \
  16 | >>>  && rm -rf /var/lib/apt/lists/* \
  17 | >>> "]
  18 |     
--------------------
ERROR: failed to solve: process "dash -c     apt-get update  && apt-get install --no-install-recommends -y       git  && rm -rf /var/lib/apt/lists/* " did not complete successfully: exit code: 100
Duration: 0:27.90