#0 building with "default" instance using docker driver

#1 [internal] load build definition from v1_Dockerfile
#1 transferring dockerfile: 658B done
#1 DONE 0.0s

#2 [auth] library/ruby:pull token for registry-1.docker.io
#2 DONE 0.0s

#3 [internal] load metadata for docker.io/library/ruby:2.3.8
#3 DONE 0.9s

#4 [internal] load .dockerignore
#4 transferring context: 2B done
#4 DONE 0.0s

#5 [1/8] FROM docker.io/library/ruby:2.3.8@sha256:78cc821d95c48621e577b6b0d44c9d509f0f2a4e089b9fd0ca2ae86f274773a8
#5 resolve docker.io/library/ruby:2.3.8@sha256:78cc821d95c48621e577b6b0d44c9d509f0f2a4e089b9fd0ca2ae86f274773a8 0.0s done
#5 ...

#6 [internal] load build context
#6 transferring context: 3.84MB 0.1s done
#6 DONE 0.1s

#5 [1/8] FROM docker.io/library/ruby:2.3.8@sha256:78cc821d95c48621e577b6b0d44c9d509f0f2a4e089b9fd0ca2ae86f274773a8
#5 sha256:79c9f9a430a66c7e307573c8220d0a83a834fdcf4f5034a91730b7015742c75b 2.00kB / 2.00kB done
#5 sha256:e79bb959ec00faf01da52437df4fad4537ec669f60455a38ad583ec2b8f00498 0B / 45.34MB 0.2s
#5 sha256:78cc821d95c48621e577b6b0d44c9d509f0f2a4e089b9fd0ca2ae86f274773a8 2.37kB / 2.37kB done
#5 sha256:c0d23ebb3ed63af928b7c4a954de87a5d3c1fe98a2dfcb2a44e685a3e65c3c61 7.50kB / 7.50kB done
#5 sha256:d4b7902036fe0cefdfe9ccf0404fe13322ecbd552f132be73d3e840f95538838 0B / 10.78MB 0.2s
#5 sha256:1b2a72d4e03052566e99130108071fc4eca4942c62923e3e5cf19666a23088ef 0B / 4.34MB 0.2s
#5 sha256:e79bb959ec00faf01da52437df4fad4537ec669f60455a38ad583ec2b8f00498 3.15MB / 45.34MB 0.4s
#5 sha256:d4b7902036fe0cefdfe9ccf0404fe13322ecbd552f132be73d3e840f95538838 7.34MB / 10.78MB 0.4s
#5 sha256:1b2a72d4e03052566e99130108071fc4eca4942c62923e3e5cf19666a23088ef 1.05MB / 4.34MB 0.4s
#5 sha256:d4b7902036fe0cefdfe9ccf0404fe13322ecbd552f132be73d3e840f95538838 10.78MB / 10.78MB 0.5s done
#5 sha256:1b2a72d4e03052566e99130108071fc4eca4942c62923e3e5cf19666a23088ef 4.34MB / 4.34MB 0.5s
#5 sha256:e79bb959ec00faf01da52437df4fad4537ec669f60455a38ad583ec2b8f00498 9.44MB / 45.34MB 0.6s
#5 sha256:1b2a72d4e03052566e99130108071fc4eca4942c62923e3e5cf19666a23088ef 4.34MB / 4.34MB 0.5s done
#5 sha256:69d473365bb390367b7a54a3e890ca28c4640a56dfe4f53a0036130c964a1e52 0B / 215.05MB 0.6s
#5 sha256:d54db43011fd116b8cb6d9e49e268cee1fa6212f152b30cbfa7f3c4c684427c3 0B / 50.07MB 0.6s
#5 sha256:e79bb959ec00faf01da52437df4fad4537ec669f60455a38ad583ec2b8f00498 17.83MB / 45.34MB 0.8s
#5 sha256:d54db43011fd116b8cb6d9e49e268cee1fa6212f152b30cbfa7f3c4c684427c3 7.34MB / 50.07MB 0.8s
#5 sha256:e79bb959ec00faf01da52437df4fad4537ec669f60455a38ad583ec2b8f00498 27.26MB / 45.34MB 1.0s
#5 sha256:69d473365bb390367b7a54a3e890ca28c4640a56dfe4f53a0036130c964a1e52 12.58MB / 215.05MB 1.0s
#5 sha256:d54db43011fd116b8cb6d9e49e268cee1fa6212f152b30cbfa7f3c4c684427c3 14.68MB / 50.07MB 1.0s
#5 sha256:e79bb959ec00faf01da52437df4fad4537ec669f60455a38ad583ec2b8f00498 31.46MB / 45.34MB 1.1s
#5 sha256:d54db43011fd116b8cb6d9e49e268cee1fa6212f152b30cbfa7f3c4c684427c3 19.92MB / 50.07MB 1.1s
#5 sha256:e79bb959ec00faf01da52437df4fad4537ec669f60455a38ad583ec2b8f00498 41.94MB / 45.34MB 1.3s
#5 sha256:d54db43011fd116b8cb6d9e49e268cee1fa6212f152b30cbfa7f3c4c684427c3 27.26MB / 50.07MB 1.3s
#5 sha256:e79bb959ec00faf01da52437df4fad4537ec669f60455a38ad583ec2b8f00498 45.34MB / 45.34MB 1.4s
#5 sha256:69d473365bb390367b7a54a3e890ca28c4640a56dfe4f53a0036130c964a1e52 27.26MB / 215.05MB 1.4s
#5 sha256:d54db43011fd116b8cb6d9e49e268cee1fa6212f152b30cbfa7f3c4c684427c3 32.51MB / 50.07MB 1.4s
#5 sha256:d54db43011fd116b8cb6d9e49e268cee1fa6212f152b30cbfa7f3c4c684427c3 38.80MB / 50.07MB 1.5s
#5 extracting sha256:e79bb959ec00faf01da52437df4fad4537ec669f60455a38ad583ec2b8f00498
#5 sha256:e79bb959ec00faf01da52437df4fad4537ec669f60455a38ad583ec2b8f00498 45.34MB / 45.34MB 1.5s done
#5 sha256:d54db43011fd116b8cb6d9e49e268cee1fa6212f152b30cbfa7f3c4c684427c3 46.14MB / 50.07MB 1.6s
#5 sha256:84ed2a0dc034bbdc8a28dfb592e5176338052ada31aa748ce78170876a8a0a84 0B / 204B 1.6s
#5 sha256:69d473365bb390367b7a54a3e890ca28c4640a56dfe4f53a0036130c964a1e52 40.89MB / 215.05MB 1.7s
#5 sha256:d54db43011fd116b8cb6d9e49e268cee1fa6212f152b30cbfa7f3c4c684427c3 50.07MB / 50.07MB 1.7s
#5 sha256:84ed2a0dc034bbdc8a28dfb592e5176338052ada31aa748ce78170876a8a0a84 204B / 204B 1.6s done
#5 sha256:8952ca0665c56358d62b13871b6a1cb62be5ea173bfa53bfc3a21efa96ca10d8 0B / 33.62MB 1.7s
#5 sha256:d54db43011fd116b8cb6d9e49e268cee1fa6212f152b30cbfa7f3c4c684427c3 50.07MB / 50.07MB 1.8s done
#5 sha256:8952ca0665c56358d62b13871b6a1cb62be5ea173bfa53bfc3a21efa96ca10d8 3.15MB / 33.62MB 1.8s
#5 sha256:ef485f36c62492911d22d57cdb485fc295f58e37451fef4a7e8208ca56c36401 0B / 149B 1.8s
#5 sha256:69d473365bb390367b7a54a3e890ca28c4640a56dfe4f53a0036130c964a1e52 52.43MB / 215.05MB 1.9s
#5 sha256:8952ca0665c56358d62b13871b6a1cb62be5ea173bfa53bfc3a21efa96ca10d8 9.44MB / 33.62MB 1.9s
#5 sha256:ef485f36c62492911d22d57cdb485fc295f58e37451fef4a7e8208ca56c36401 149B / 149B 1.9s done
#5 sha256:8952ca0665c56358d62b13871b6a1cb62be5ea173bfa53bfc3a21efa96ca10d8 15.73MB / 33.62MB 2.0s
#5 sha256:69d473365bb390367b7a54a3e890ca28c4640a56dfe4f53a0036130c964a1e52 64.76MB / 215.05MB 2.1s
#5 sha256:8952ca0665c56358d62b13871b6a1cb62be5ea173bfa53bfc3a21efa96ca10d8 19.92MB / 33.62MB 2.1s
#5 sha256:8952ca0665c56358d62b13871b6a1cb62be5ea173bfa53bfc3a21efa96ca10d8 25.17MB / 33.62MB 2.2s
#5 sha256:69d473365bb390367b7a54a3e890ca28c4640a56dfe4f53a0036130c964a1e52 83.89MB / 215.05MB 2.4s
#5 sha256:8952ca0665c56358d62b13871b6a1cb62be5ea173bfa53bfc3a21efa96ca10d8 33.62MB / 33.62MB 2.4s
#5 sha256:69d473365bb390367b7a54a3e890ca28c4640a56dfe4f53a0036130c964a1e52 95.42MB / 215.05MB 2.5s
#5 sha256:8952ca0665c56358d62b13871b6a1cb62be5ea173bfa53bfc3a21efa96ca10d8 33.62MB / 33.62MB 2.4s done
#5 sha256:69d473365bb390367b7a54a3e890ca28c4640a56dfe4f53a0036130c964a1e52 106.95MB / 215.05MB 2.6s
#5 sha256:69d473365bb390367b7a54a3e890ca28c4640a56dfe4f53a0036130c964a1e52 125.83MB / 215.05MB 2.8s
#5 sha256:69d473365bb390367b7a54a3e890ca28c4640a56dfe4f53a0036130c964a1e52 143.65MB / 215.05MB 3.0s
#5 sha256:69d473365bb390367b7a54a3e890ca28c4640a56dfe4f53a0036130c964a1e52 163.58MB / 215.05MB 3.2s
#5 sha256:69d473365bb390367b7a54a3e890ca28c4640a56dfe4f53a0036130c964a1e52 182.45MB / 215.05MB 3.4s
#5 sha256:69d473365bb390367b7a54a3e890ca28c4640a56dfe4f53a0036130c964a1e52 205.52MB / 215.05MB 3.6s
#5 sha256:69d473365bb390367b7a54a3e890ca28c4640a56dfe4f53a0036130c964a1e52 215.05MB / 215.05MB 4.3s done
#5 extracting sha256:e79bb959ec00faf01da52437df4fad4537ec669f60455a38ad583ec2b8f00498 3.0s done
#5 extracting sha256:d4b7902036fe0cefdfe9ccf0404fe13322ecbd552f132be73d3e840f95538838 0.1s
#5 extracting sha256:d4b7902036fe0cefdfe9ccf0404fe13322ecbd552f132be73d3e840f95538838 0.6s done
#5 extracting sha256:1b2a72d4e03052566e99130108071fc4eca4942c62923e3e5cf19666a23088ef 0.1s
#5 extracting sha256:1b2a72d4e03052566e99130108071fc4eca4942c62923e3e5cf19666a23088ef 0.2s done
#5 extracting sha256:d54db43011fd116b8cb6d9e49e268cee1fa6212f152b30cbfa7f3c4c684427c3
#5 extracting sha256:d54db43011fd116b8cb6d9e49e268cee1fa6212f152b30cbfa7f3c4c684427c3 2.9s done
#5 extracting sha256:69d473365bb390367b7a54a3e890ca28c4640a56dfe4f53a0036130c964a1e52
#5 extracting sha256:69d473365bb390367b7a54a3e890ca28c4640a56dfe4f53a0036130c964a1e52 5.1s
#5 extracting sha256:69d473365bb390367b7a54a3e890ca28c4640a56dfe4f53a0036130c964a1e52 10.2s
#5 extracting sha256:69d473365bb390367b7a54a3e890ca28c4640a56dfe4f53a0036130c964a1e52 10.9s done
#5 extracting sha256:84ed2a0dc034bbdc8a28dfb592e5176338052ada31aa748ce78170876a8a0a84
#5 extracting sha256:84ed2a0dc034bbdc8a28dfb592e5176338052ada31aa748ce78170876a8a0a84 done
#5 extracting sha256:8952ca0665c56358d62b13871b6a1cb62be5ea173bfa53bfc3a21efa96ca10d8 0.1s
#5 extracting sha256:8952ca0665c56358d62b13871b6a1cb62be5ea173bfa53bfc3a21efa96ca10d8 2.0s done
#5 extracting sha256:ef485f36c62492911d22d57cdb485fc295f58e37451fef4a7e8208ca56c36401 done
#5 DONE 22.0s

#7 [2/8] RUN apt-get update &&   apt-get install --no-install-recommends -y qt5-default libqt5webkit5-dev gstreamer1.0-plugins-base                      gstreamer1.0-tools gstreamer1.0-x && rm -rf /var/lib/apt/lists/*;
#7 0.221 Ign:1 http://security.debian.org/debian-security stretch/updates InRelease
#7 0.224 Ign:2 http://deb.debian.org/debian stretch InRelease
#7 0.231 Ign:3 http://security.debian.org/debian-security stretch/updates Release
#7 0.234 Ign:4 http://deb.debian.org/debian stretch-updates InRelease
#7 0.244 Ign:5 http://security.debian.org/debian-security stretch/updates/main amd64 Packages
#7 0.246 Ign:6 http://deb.debian.org/debian stretch Release
#7 0.254 Ign:7 http://security.debian.org/debian-security stretch/updates/main all Packages
#7 0.258 Ign:8 http://deb.debian.org/debian stretch-updates Release
#7 0.266 Ign:5 http://security.debian.org/debian-security stretch/updates/main amd64 Packages
#7 0.269 Ign:9 http://deb.debian.org/debian stretch/main amd64 Packages
#7 0.278 Ign:7 http://security.debian.org/debian-security stretch/updates/main all Packages
#7 0.290 Ign:5 http://security.debian.org/debian-security stretch/updates/main amd64 Packages
#7 0.299 Ign:7 http://security.debian.org/debian-security stretch/updates/main all Packages
#7 0.311 Ign:5 http://security.debian.org/debian-security stretch/updates/main amd64 Packages
#7 0.321 Ign:7 http://security.debian.org/debian-security stretch/updates/main all Packages
#7 0.333 Ign:5 http://security.debian.org/debian-security stretch/updates/main amd64 Packages
#7 0.343 Ign:7 http://security.debian.org/debian-security stretch/updates/main all Packages
#7 0.353 Err:5 http://security.debian.org/debian-security stretch/updates/main amd64 Packages
#7 0.353   404  Not Found
#7 0.364 Ign:7 http://security.debian.org/debian-security stretch/updates/main all Packages
#7 0.420 Ign:10 http://deb.debian.org/debian stretch/main all Packages
#7 0.434 Ign:11 http://deb.debian.org/debian stretch-updates/main amd64 Packages
#7 0.446 Ign:12 http://deb.debian.org/debian stretch-updates/main all Packages
#7 0.458 Ign:9 http://deb.debian.org/debian stretch/main amd64 Packages
#7 0.608 Ign:10 http://deb.debian.org/debian stretch/main all Packages
#7 0.620 Ign:11 http://deb.debian.org/debian stretch-updates/main amd64 Packages
#7 0.775 Ign:12 http://deb.debian.org/debian stretch-updates/main all Packages
#7 0.790 Ign:9 http://deb.debian.org/debian stretch/main amd64 Packages
#7 0.941 Ign:10 http://deb.debian.org/debian stretch/main all Packages
#7 0.952 Ign:11 http://deb.debian.org/debian stretch-updates/main amd64 Packages
#7 1.107 Ign:12 http://deb.debian.org/debian stretch-updates/main all Packages
#7 1.119 Ign:9 http://deb.debian.org/debian stretch/main amd64 Packages
#7 1.274 Ign:10 http://deb.debian.org/debian stretch/main all Packages
#7 1.287 Ign:11 http://deb.debian.org/debian stretch-updates/main amd64 Packages
#7 1.437 Ign:12 http://deb.debian.org/debian stretch-updates/main all Packages
#7 1.449 Ign:9 http://deb.debian.org/debian stretch/main amd64 Packages
#7 1.597 Ign:10 http://deb.debian.org/debian stretch/main all Packages
#7 1.612 Ign:11 http://deb.debian.org/debian stretch-updates/main amd64 Packages
#7 1.766 Ign:12 http://deb.debian.org/debian stretch-updates/main all Packages
#7 1.778 Err:9 http://deb.debian.org/debian stretch/main amd64 Packages
#7 1.778   404  Not Found
#7 1.941 Ign:10 http://deb.debian.org/debian stretch/main all Packages
#7 1.951 Err:11 http://deb.debian.org/debian stretch-updates/main amd64 Packages
#7 1.951   404  Not Found
#7 2.102 Ign:12 http://deb.debian.org/debian stretch-updates/main all Packages
#7 2.105 Reading package lists...
#7 2.116 W: The repository 'http://security.debian.org/debian-security stretch/updates Release' does not have a Release file.
#7 2.116 W: The repository 'http://deb.debian.org/debian stretch Release' does not have a Release file.
#7 2.116 W: The repository 'http://deb.debian.org/debian stretch-updates Release' does not have a Release file.
#7 2.116 E: Failed to fetch http://security.debian.org/debian-security/dists/stretch/updates/main/binary-amd64/Packages  404  Not Found
#7 2.116 E: Failed to fetch http://deb.debian.org/debian/dists/stretch/main/binary-amd64/Packages  404  Not Found
#7 2.116 E: Failed to fetch http://deb.debian.org/debian/dists/stretch-updates/main/binary-amd64/Packages  404  Not Found
#7 2.116 E: Some index files failed to download. They have been ignored, or old ones used instead.
#7 ERROR: process "/bin/sh -c apt-get update &&   apt-get install --no-install-recommends -y qt5-default libqt5webkit5-dev gstreamer1.0-plugins-base                      gstreamer1.0-tools gstreamer1.0-x && rm -rf /var/lib/apt/lists/*;" did not complete successfully: exit code: 100
------
 > [2/8] RUN apt-get update &&   apt-get install --no-install-recommends -y qt5-default libqt5webkit5-dev gstreamer1.0-plugins-base                      gstreamer1.0-tools gstreamer1.0-x && rm -rf /var/lib/apt/lists/*;:
1.951   404  Not Found
2.102 Ign:12 http://deb.debian.org/debian stretch-updates/main all Packages
2.105 Reading package lists...
2.116 W: The repository 'http://security.debian.org/debian-security stretch/updates Release' does not have a Release file.
2.116 W: The repository 'http://deb.debian.org/debian stretch Release' does not have a Release file.
2.116 W: The repository 'http://deb.debian.org/debian stretch-updates Release' does not have a Release file.
2.116 E: Failed to fetch http://security.debian.org/debian-security/dists/stretch/updates/main/binary-amd64/Packages  404  Not Found
2.116 E: Failed to fetch http://deb.debian.org/debian/dists/stretch/main/binary-amd64/Packages  404  Not Found
2.116 E: Failed to fetch http://deb.debian.org/debian/dists/stretch-updates/main/binary-amd64/Packages  404  Not Found
2.116 E: Some index files failed to download. They have been ignored, or old ones used instead.
------
v1_Dockerfile:3
--------------------
   2 |     
   3 | >>> RUN apt-get update && \
   4 | >>>   apt-get install --no-install-recommends -y qt5-default libqt5webkit5-dev gstreamer1.0-plugins-base \
   5 | >>>                      gstreamer1.0-tools gstreamer1.0-x && rm -rf /var/lib/apt/lists/*;
   6 |     
--------------------
ERROR: failed to solve: process "/bin/sh -c apt-get update &&   apt-get install --no-install-recommends -y qt5-default libqt5webkit5-dev gstreamer1.0-plugins-base                      gstreamer1.0-tools gstreamer1.0-x && rm -rf /var/lib/apt/lists/*;" did not complete successfully: exit code: 100
Duration: 0:32.24