#0 building with "default" instance using docker driver

#1 [internal] load build definition from Dockerfile
#1 transferring dockerfile:
#1 transferring dockerfile: 319B done
#1 DONE 0.3s

#2 [internal] load .dockerignore
#2 transferring context: 2B done
#2 DONE 0.4s

#3 [auth] library/debian:pull token for registry-1.docker.io
#3 DONE 0.0s

#4 [internal] load metadata for docker.io/library/debian:latest
#4 DONE 1.5s

#5 [internal] load build context
#5 DONE 0.0s

#6 [1/8] FROM docker.io/library/debian@sha256:45f2e735295654f13e3be10da2a6892c708f71a71be845818f6058982761a6d3
#6 resolve docker.io/library/debian@sha256:45f2e735295654f13e3be10da2a6892c708f71a71be845818f6058982761a6d3
#6 resolve docker.io/library/debian@sha256:45f2e735295654f13e3be10da2a6892c708f71a71be845818f6058982761a6d3 0.2s done
#6 sha256:45f2e735295654f13e3be10da2a6892c708f71a71be845818f6058982761a6d3 1.85kB / 1.85kB done
#6 sha256:b1ae8b5bfaa9afa86b50c2a151a442d832c4449cf3731bddf8a728e5628ebb59 529B / 529B done
#6 sha256:2e5b8d3ef33ebde2b2a943fadb241a63de1535a007a7bd185e7037abfff99f63 1.46kB / 1.46kB done
#6 sha256:ca4e5d6727252f0dbc207fbf283cb95e278bf562bda42d35ce6c919583a110a0 0B / 49.55MB 0.1s
#6 ...

#5 [internal] load build context
#5 transferring context: 12.44MB 0.1s done
#5 DONE 0.3s

#6 [1/8] FROM docker.io/library/debian@sha256:45f2e735295654f13e3be10da2a6892c708f71a71be845818f6058982761a6d3
#6 sha256:ca4e5d6727252f0dbc207fbf283cb95e278bf562bda42d35ce6c919583a110a0 11.53MB / 49.55MB 0.3s
#6 sha256:ca4e5d6727252f0dbc207fbf283cb95e278bf562bda42d35ce6c919583a110a0 20.97MB / 49.55MB 0.4s
#6 sha256:ca4e5d6727252f0dbc207fbf283cb95e278bf562bda42d35ce6c919583a110a0 31.46MB / 49.55MB 0.5s
#6 sha256:ca4e5d6727252f0dbc207fbf283cb95e278bf562bda42d35ce6c919583a110a0 41.94MB / 49.55MB 0.6s
#6 sha256:ca4e5d6727252f0dbc207fbf283cb95e278bf562bda42d35ce6c919583a110a0 49.55MB / 49.55MB 0.7s
#6 sha256:ca4e5d6727252f0dbc207fbf283cb95e278bf562bda42d35ce6c919583a110a0 49.55MB / 49.55MB 1.4s done
#6 extracting sha256:ca4e5d6727252f0dbc207fbf283cb95e278bf562bda42d35ce6c919583a110a0 0.1s
#6 extracting sha256:ca4e5d6727252f0dbc207fbf283cb95e278bf562bda42d35ce6c919583a110a0 2.8s done
#6 DONE 5.1s

#7 [2/8] RUN apt-get -y update &&     apt-get -y install zip build-essential autoconf bison python vim git &&     apt-get clean
#7 0.495 Get:1 http://deb.debian.org/debian bookworm InRelease [151 kB]
#7 0.525 Get:2 http://deb.debian.org/debian bookworm-updates InRelease [55.4 kB]
#7 0.536 Get:3 http://deb.debian.org/debian-security bookworm-security InRelease [48.0 kB]
#7 0.606 Get:4 http://deb.debian.org/debian bookworm/main amd64 Packages [8788 kB]
#7 0.718 Get:5 http://deb.debian.org/debian bookworm-updates/main amd64 Packages [13.8 kB]
#7 0.729 Get:6 http://deb.debian.org/debian-security bookworm-security/main amd64 Packages [169 kB]
#7 2.024 Fetched 9225 kB in 2s (5951 kB/s)
#7 2.024 Reading package lists...
#7 3.140 Reading package lists...
#7 3.830 Building dependency tree...
#7 3.959 Reading state information...
#7 3.963 Package python is not available, but is referred to by another package.
#7 3.963 This may mean that the package is missing, has been obsoleted, or
#7 3.963 is only available from another source
#7 3.963 However the following packages replace it:
#7 3.963   python-is-python3 2to3
#7 3.963 
#7 3.968 E: Package 'python' has no installation candidate
#7 ERROR: process "/bin/sh -c apt-get -y update &&     apt-get -y install zip build-essential autoconf bison python vim git &&     apt-get clean" did not complete successfully: exit code: 100
------
 > [2/8] RUN apt-get -y update &&     apt-get -y install zip build-essential autoconf bison python vim git &&     apt-get clean:



3.963 Package python is not available, but is referred to by another package.
3.963 This may mean that the package is missing, has been obsoleted, or
3.963 is only available from another source
3.963 However the following packages replace it:
3.963   python-is-python3 2to3
3.963 
3.968 E: Package 'python' has no installation candidate
------
Dockerfile:2
--------------------
   1 |     FROM debian
   2 | >>> RUN apt-get -y update && \
   3 | >>>     apt-get -y install zip build-essential autoconf bison python vim git && \
   4 | >>>     apt-get clean
   5 |     WORKDIR /opt
--------------------
ERROR: failed to solve: process "/bin/sh -c apt-get -y update &&     apt-get -y install zip build-essential autoconf bison python vim git &&     apt-get clean" did not complete successfully: exit code: 100
Duration: 0:15.30