#0 building with "default" instance using docker driver

#1 [internal] load build definition from v1_Dockerfile
#1 transferring dockerfile: 404B done
#1 DONE 0.0s

#2 [auth] library/ruby:pull token for registry-1.docker.io
#2 DONE 0.0s

#3 [internal] load metadata for docker.io/library/ruby:2.6
#3 DONE 0.9s

#4 [internal] load .dockerignore
#4 transferring context: 2B done
#4 DONE 0.0s

#5 [internal] load build context
#5 transferring context: 172.81kB 0.0s done
#5 DONE 0.1s

#6 [1/6] FROM docker.io/library/ruby:2.6@sha256:a79c8ddb7f3d3748427e2d3a45dcae6d42f1d80d9ae3b98959b3a27b220bf434
#6 resolve docker.io/library/ruby:2.6@sha256:a79c8ddb7f3d3748427e2d3a45dcae6d42f1d80d9ae3b98959b3a27b220bf434 0.0s done
#6 sha256:967757d5652770cfa81b6cc7577d65e06d336173da116d1fb5b2d349d5d44127 0B / 5.16MB 0.2s
#6 sha256:a79c8ddb7f3d3748427e2d3a45dcae6d42f1d80d9ae3b98959b3a27b220bf434 1.86kB / 1.86kB done
#6 sha256:771a810704167e55da8a19970c5dfa6eb795dfee32547adffa29ea72703f7243 2.00kB / 2.00kB done
#6 sha256:6aefca2dc61dcbcd268b8a9861e552f9cdb69e57242faec64ac120d2355a9c1a 0B / 54.94MB 0.2s
#6 sha256:b71cca836fff8e4f14f8575e25a157f3e253bcd1a039432f4980728c846603f7 7.29kB / 7.29kB done
#6 sha256:c357e2c68cb3bf1e98dcb3eb6ceb16837253db71535921d6993c594588bffe04 0B / 10.87MB 0.2s
#6 sha256:967757d5652770cfa81b6cc7577d65e06d336173da116d1fb5b2d349d5d44127 2.10MB / 5.16MB 0.3s
#6 sha256:967757d5652770cfa81b6cc7577d65e06d336173da116d1fb5b2d349d5d44127 5.16MB / 5.16MB 0.4s done
#6 sha256:c357e2c68cb3bf1e98dcb3eb6ceb16837253db71535921d6993c594588bffe04 4.19MB / 10.87MB 0.4s
#6 sha256:c766e27afb21eddf9ab3e4349700ebe697c32a4c6ada6af4f08282277a291a28 0B / 54.58MB 0.4s
#6 sha256:6aefca2dc61dcbcd268b8a9861e552f9cdb69e57242faec64ac120d2355a9c1a 4.19MB / 54.94MB 0.6s
#6 sha256:c357e2c68cb3bf1e98dcb3eb6ceb16837253db71535921d6993c594588bffe04 10.87MB / 10.87MB 0.5s done
#6 sha256:c766e27afb21eddf9ab3e4349700ebe697c32a4c6ada6af4f08282277a291a28 8.39MB / 54.58MB 0.6s
#6 sha256:32a180f5cf85702e7680719c40c39c07972b1176355df5a621de9eb87ad07ce2 0B / 196.70MB 0.6s
#6 sha256:c766e27afb21eddf9ab3e4349700ebe697c32a4c6ada6af4f08282277a291a28 14.68MB / 54.58MB 0.7s
#6 sha256:6aefca2dc61dcbcd268b8a9861e552f9cdb69e57242faec64ac120d2355a9c1a 9.44MB / 54.94MB 0.8s
#6 sha256:c766e27afb21eddf9ab3e4349700ebe697c32a4c6ada6af4f08282277a291a28 18.87MB / 54.58MB 0.8s
#6 sha256:6aefca2dc61dcbcd268b8a9861e552f9cdb69e57242faec64ac120d2355a9c1a 14.68MB / 54.94MB 1.0s
#6 sha256:c766e27afb21eddf9ab3e4349700ebe697c32a4c6ada6af4f08282277a291a28 27.26MB / 54.58MB 1.0s
#6 sha256:32a180f5cf85702e7680719c40c39c07972b1176355df5a621de9eb87ad07ce2 16.78MB / 196.70MB 1.0s
#6 sha256:6aefca2dc61dcbcd268b8a9861e552f9cdb69e57242faec64ac120d2355a9c1a 22.02MB / 54.94MB 1.2s
#6 sha256:c766e27afb21eddf9ab3e4349700ebe697c32a4c6ada6af4f08282277a291a28 35.65MB / 54.58MB 1.2s
#6 sha256:6aefca2dc61dcbcd268b8a9861e552f9cdb69e57242faec64ac120d2355a9c1a 27.26MB / 54.94MB 1.3s
#6 sha256:c766e27afb21eddf9ab3e4349700ebe697c32a4c6ada6af4f08282277a291a28 38.80MB / 54.58MB 1.3s
#6 sha256:32a180f5cf85702e7680719c40c39c07972b1176355df5a621de9eb87ad07ce2 30.41MB / 196.70MB 1.3s
#6 sha256:6aefca2dc61dcbcd268b8a9861e552f9cdb69e57242faec64ac120d2355a9c1a 30.41MB / 54.94MB 1.4s
#6 sha256:c766e27afb21eddf9ab3e4349700ebe697c32a4c6ada6af4f08282277a291a28 44.04MB / 54.58MB 1.4s
#6 sha256:6aefca2dc61dcbcd268b8a9861e552f9cdb69e57242faec64ac120d2355a9c1a 37.75MB / 54.94MB 1.6s
#6 sha256:c766e27afb21eddf9ab3e4349700ebe697c32a4c6ada6af4f08282277a291a28 51.38MB / 54.58MB 1.6s
#6 sha256:32a180f5cf85702e7680719c40c39c07972b1176355df5a621de9eb87ad07ce2 42.99MB / 196.70MB 1.6s
#6 sha256:6aefca2dc61dcbcd268b8a9861e552f9cdb69e57242faec64ac120d2355a9c1a 48.23MB / 54.94MB 1.8s
#6 sha256:c766e27afb21eddf9ab3e4349700ebe697c32a4c6ada6af4f08282277a291a28 54.58MB / 54.58MB 1.8s done
#6 sha256:ac0f2cbcefb35e4530dc103f764c05af8ab6b8a9de164b36093fa9db8b375e35 0B / 200B 1.8s
#6 sha256:6aefca2dc61dcbcd268b8a9861e552f9cdb69e57242faec64ac120d2355a9c1a 53.48MB / 54.94MB 1.9s
#6 sha256:32a180f5cf85702e7680719c40c39c07972b1176355df5a621de9eb87ad07ce2 56.62MB / 196.70MB 1.9s
#6 sha256:ac0f2cbcefb35e4530dc103f764c05af8ab6b8a9de164b36093fa9db8b375e35 200B / 200B 1.9s
#6 sha256:ac0f2cbcefb35e4530dc103f764c05af8ab6b8a9de164b36093fa9db8b375e35 200B / 200B 1.9s done
#6 sha256:9c8a39a9be946d172ec9cb947630763435952f1e6477b60474636a975b4c8e8f 0B / 21.68MB 2.0s
#6 sha256:6aefca2dc61dcbcd268b8a9861e552f9cdb69e57242faec64ac120d2355a9c1a 54.94MB / 54.94MB 2.0s done
#6 sha256:32a180f5cf85702e7680719c40c39c07972b1176355df5a621de9eb87ad07ce2 78.64MB / 196.70MB 2.2s
#6 sha256:9c8a39a9be946d172ec9cb947630763435952f1e6477b60474636a975b4c8e8f 7.34MB / 21.68MB 2.2s
#6 extracting sha256:6aefca2dc61dcbcd268b8a9861e552f9cdb69e57242faec64ac120d2355a9c1a
#6 sha256:3fdd4263cfa33c03da28ce7a8157b2861fc47ac5e335e1f0e79f643d3dc073c9 175B / 175B 2.1s done
#6 sha256:9c8a39a9be946d172ec9cb947630763435952f1e6477b60474636a975b4c8e8f 11.53MB / 21.68MB 2.3s
#6 sha256:32a180f5cf85702e7680719c40c39c07972b1176355df5a621de9eb87ad07ce2 94.37MB / 196.70MB 2.4s
#6 sha256:9c8a39a9be946d172ec9cb947630763435952f1e6477b60474636a975b4c8e8f 14.68MB / 21.68MB 2.4s
#6 sha256:9c8a39a9be946d172ec9cb947630763435952f1e6477b60474636a975b4c8e8f 17.83MB / 21.68MB 2.5s
#6 sha256:32a180f5cf85702e7680719c40c39c07972b1176355df5a621de9eb87ad07ce2 109.05MB / 196.70MB 2.6s
#6 sha256:9c8a39a9be946d172ec9cb947630763435952f1e6477b60474636a975b4c8e8f 21.68MB / 21.68MB 2.6s
#6 sha256:9c8a39a9be946d172ec9cb947630763435952f1e6477b60474636a975b4c8e8f 21.68MB / 21.68MB 2.6s done
#6 sha256:32a180f5cf85702e7680719c40c39c07972b1176355df5a621de9eb87ad07ce2 128.97MB / 196.70MB 2.8s
#6 sha256:32a180f5cf85702e7680719c40c39c07972b1176355df5a621de9eb87ad07ce2 144.70MB / 196.70MB 3.0s
#6 sha256:32a180f5cf85702e7680719c40c39c07972b1176355df5a621de9eb87ad07ce2 160.43MB / 196.70MB 3.2s
#6 sha256:32a180f5cf85702e7680719c40c39c07972b1176355df5a621de9eb87ad07ce2 179.31MB / 196.70MB 3.4s
#6 sha256:32a180f5cf85702e7680719c40c39c07972b1176355df5a621de9eb87ad07ce2 189.79MB / 196.70MB 3.5s
#6 sha256:32a180f5cf85702e7680719c40c39c07972b1176355df5a621de9eb87ad07ce2 196.70MB / 196.70MB 4.1s done
#6 extracting sha256:6aefca2dc61dcbcd268b8a9861e552f9cdb69e57242faec64ac120d2355a9c1a 3.2s done
#6 extracting sha256:967757d5652770cfa81b6cc7577d65e06d336173da116d1fb5b2d349d5d44127 0.1s
#6 extracting sha256:967757d5652770cfa81b6cc7577d65e06d336173da116d1fb5b2d349d5d44127 0.3s done
#6 extracting sha256:c357e2c68cb3bf1e98dcb3eb6ceb16837253db71535921d6993c594588bffe04
#6 extracting sha256:c357e2c68cb3bf1e98dcb3eb6ceb16837253db71535921d6993c594588bffe04 0.3s done
#6 extracting sha256:c766e27afb21eddf9ab3e4349700ebe697c32a4c6ada6af4f08282277a291a28
#6 extracting sha256:c766e27afb21eddf9ab3e4349700ebe697c32a4c6ada6af4f08282277a291a28 2.9s done
#6 extracting sha256:32a180f5cf85702e7680719c40c39c07972b1176355df5a621de9eb87ad07ce2
#6 extracting sha256:32a180f5cf85702e7680719c40c39c07972b1176355df5a621de9eb87ad07ce2 5.0s
#6 extracting sha256:32a180f5cf85702e7680719c40c39c07972b1176355df5a621de9eb87ad07ce2 8.1s done
#6 extracting sha256:ac0f2cbcefb35e4530dc103f764c05af8ab6b8a9de164b36093fa9db8b375e35
#6 extracting sha256:ac0f2cbcefb35e4530dc103f764c05af8ab6b8a9de164b36093fa9db8b375e35 done
#6 extracting sha256:9c8a39a9be946d172ec9cb947630763435952f1e6477b60474636a975b4c8e8f 0.1s
#6 extracting sha256:9c8a39a9be946d172ec9cb947630763435952f1e6477b60474636a975b4c8e8f 0.8s done
#6 extracting sha256:3fdd4263cfa33c03da28ce7a8157b2861fc47ac5e335e1f0e79f643d3dc073c9 done
#6 DONE 18.5s

#7 [2/6] RUN gem install bundler
#7 20.16 ERROR:  Error installing bundler:
#7 20.16 	The last version of bundler (>= 0) to support your Ruby & RubyGems was 2.4.22. Try installing it with `gem install bundler -v 2.4.22`
#7 20.16 	bundler requires Ruby version >= 3.0.0. The current ruby version is 2.6.10.210.
#7 ERROR: process "/bin/sh -c gem install bundler" did not complete successfully: exit code: 1
------
 > [2/6] RUN gem install bundler:
20.16 ERROR:  Error installing bundler:
20.16 	The last version of bundler (>= 0) to support your Ruby & RubyGems was 2.4.22. Try installing it with `gem install bundler -v 2.4.22`
20.16 	bundler requires Ruby version >= 3.0.0. The current ruby version is 2.6.10.210.
------
v1_Dockerfile:6
--------------------
   4 |     LABEL maintainer="Dave Perrett <https://github.com/Dockerfile>"
   5 |     
   6 | >>> RUN gem install bundler
   7 |     
   8 |     # Prepare
--------------------
ERROR: failed to solve: process "/bin/sh -c gem install bundler" did not complete successfully: exit code: 1
Duration: 0:40.04