#0 building with "default" instance using docker driver

#1 [internal] load build definition from Dockerfile
#1 ...

#2 [internal] load .dockerignore
#2 transferring context: 2B done
#2 DONE 0.3s

#1 [internal] load build definition from Dockerfile
#1 transferring dockerfile: 629B done
#1 DONE 0.4s

#3 [internal] load metadata for docker.io/library/php:5.6-cli
#3 ...

#4 [auth] library/php:pull token for registry-1.docker.io
#4 DONE 0.0s

#3 [internal] load metadata for docker.io/library/php:5.6-cli
#3 DONE 1.6s

#5 [1/7] FROM docker.io/library/php:5.6-cli@sha256:6ce95208609dc66df163ab936c970b3b34cd901b85c747102c5999f08ade9143
#5 resolve docker.io/library/php:5.6-cli@sha256:6ce95208609dc66df163ab936c970b3b34cd901b85c747102c5999f08ade9143
#5 resolve docker.io/library/php:5.6-cli@sha256:6ce95208609dc66df163ab936c970b3b34cd901b85c747102c5999f08ade9143 0.2s done
#5 sha256:36c3c974e6ee402fdf62d52d3fb918ad97653661e10d9b59dac86b5f1fc52dd3 9.13kB / 9.13kB done
#5 sha256:6ce95208609dc66df163ab936c970b3b34cd901b85c747102c5999f08ade9143 2.06kB / 2.06kB done
#5 sha256:43a5c6708c8f9ed1d59a133730c18fdec2362f040d9daf3b1cffa830d10af1a8 1.99kB / 1.99kB done
#5 sha256:cf165947b5b75ef63a7872634239e795a3063179895699dc8e0726f1039946b3 0B / 229B 0.0s
#5 sha256:7bd37682846da479bcfb64459fa36e043d3380a77b401f6de5b862d00d8dcebf 0B / 67.44MB 0.2s
#5 sha256:cf165947b5b75ef63a7872634239e795a3063179895699dc8e0726f1039946b3 229B / 229B 0.2s done
#5 sha256:5e6ec7f28fb77f84f64b8c29fcb0a746260563f5858315e3e9fcc4aee2844840 0B / 22.50MB 0.3s
#5 sha256:7bd37682846da479bcfb64459fa36e043d3380a77b401f6de5b862d00d8dcebf 9.44MB / 67.44MB 0.5s
#5 sha256:5e6ec7f28fb77f84f64b8c29fcb0a746260563f5858315e3e9fcc4aee2844840 7.34MB / 22.50MB 0.5s
#5 sha256:99daf8e838e14fb73055ddac03535d506dbf36a5a01c37497ff001c0dbd68f3e 181B / 181B 0.4s done
#5 sha256:7bd37682846da479bcfb64459fa36e043d3380a77b401f6de5b862d00d8dcebf 13.63MB / 67.44MB 0.6s
#5 sha256:5e6ec7f28fb77f84f64b8c29fcb0a746260563f5858315e3e9fcc4aee2844840 20.97MB / 22.50MB 0.6s
#5 sha256:2c54247ac480946c05049203f5657656f9fff2a4b8baefc2e564ef584a6b95c1 0B / 12.80MB 0.6s
#5 sha256:5e6ec7f28fb77f84f64b8c29fcb0a746260563f5858315e3e9fcc4aee2844840 22.50MB / 22.50MB 0.8s
#5 sha256:2c54247ac480946c05049203f5657656f9fff2a4b8baefc2e564ef584a6b95c1 1.05MB / 12.80MB 0.8s
#5 sha256:7bd37682846da479bcfb64459fa36e043d3380a77b401f6de5b862d00d8dcebf 19.92MB / 67.44MB 0.9s
#5 sha256:2c54247ac480946c05049203f5657656f9fff2a4b8baefc2e564ef584a6b95c1 4.93MB / 12.80MB 0.9s
#5 sha256:7bd37682846da479bcfb64459fa36e043d3380a77b401f6de5b862d00d8dcebf 28.31MB / 67.44MB 1.0s
#5 sha256:2c54247ac480946c05049203f5657656f9fff2a4b8baefc2e564ef584a6b95c1 8.39MB / 12.80MB 1.0s
#5 sha256:7bd37682846da479bcfb64459fa36e043d3380a77b401f6de5b862d00d8dcebf 33.55MB / 67.44MB 1.1s
#5 sha256:2c54247ac480946c05049203f5657656f9fff2a4b8baefc2e564ef584a6b95c1 12.80MB / 12.80MB 1.1s
#5 extracting sha256:5e6ec7f28fb77f84f64b8c29fcb0a746260563f5858315e3e9fcc4aee2844840
#5 sha256:5e6ec7f28fb77f84f64b8c29fcb0a746260563f5858315e3e9fcc4aee2844840 22.50MB / 22.50MB 1.0s done
#5 sha256:7bd37682846da479bcfb64459fa36e043d3380a77b401f6de5b862d00d8dcebf 52.43MB / 67.44MB 1.3s
#5 sha256:2c54247ac480946c05049203f5657656f9fff2a4b8baefc2e564ef584a6b95c1 12.80MB / 12.80MB 1.3s done
#5 sha256:f3b1c2142f71b526eda33850b00693e83c27b54881175213ba6349289879ec8f 0B / 499B 1.3s
#5 sha256:7bd37682846da479bcfb64459fa36e043d3380a77b401f6de5b862d00d8dcebf 61.87MB / 67.44MB 1.4s
#5 sha256:02b89997b01202fa7113946b81bbcc25b22f186c118246adc0b702c49cdc69cd 0B / 22.98MB 1.4s
#5 sha256:7bd37682846da479bcfb64459fa36e043d3380a77b401f6de5b862d00d8dcebf 67.44MB / 67.44MB 1.5s
#5 sha256:f3b1c2142f71b526eda33850b00693e83c27b54881175213ba6349289879ec8f 499B / 499B 1.5s
#5 sha256:02b89997b01202fa7113946b81bbcc25b22f186c118246adc0b702c49cdc69cd 5.24MB / 22.98MB 1.7s
#5 sha256:02b89997b01202fa7113946b81bbcc25b22f186c118246adc0b702c49cdc69cd 10.49MB / 22.98MB 1.8s
#5 sha256:02b89997b01202fa7113946b81bbcc25b22f186c118246adc0b702c49cdc69cd 14.68MB / 22.98MB 1.9s
#5 sha256:02b89997b01202fa7113946b81bbcc25b22f186c118246adc0b702c49cdc69cd 19.92MB / 22.98MB 2.0s
#5 sha256:02b89997b01202fa7113946b81bbcc25b22f186c118246adc0b702c49cdc69cd 22.98MB / 22.98MB 2.1s
#5 sha256:7bd37682846da479bcfb64459fa36e043d3380a77b401f6de5b862d00d8dcebf 67.44MB / 67.44MB 2.5s done
#5 extracting sha256:5e6ec7f28fb77f84f64b8c29fcb0a746260563f5858315e3e9fcc4aee2844840 1.5s done
#5 sha256:f3b1c2142f71b526eda33850b00693e83c27b54881175213ba6349289879ec8f 499B / 499B 2.6s done
#5 sha256:02b89997b01202fa7113946b81bbcc25b22f186c118246adc0b702c49cdc69cd 22.98MB / 22.98MB 3.0s done
#5 extracting sha256:cf165947b5b75ef63a7872634239e795a3063179895699dc8e0726f1039946b3
#5 extracting sha256:cf165947b5b75ef63a7872634239e795a3063179895699dc8e0726f1039946b3 done
#5 sha256:723ecf6515b9f92cb67fad0e26d071b65c9512ce841725a59a61dd46dc511eaa 0B / 2.19kB 3.2s
#5 sha256:723ecf6515b9f92cb67fad0e26d071b65c9512ce841725a59a61dd46dc511eaa 2.19kB / 2.19kB 3.3s done
#5 extracting sha256:7bd37682846da479bcfb64459fa36e043d3380a77b401f6de5b862d00d8dcebf 0.1s
#5 extracting sha256:7bd37682846da479bcfb64459fa36e043d3380a77b401f6de5b862d00d8dcebf 4.4s done
#5 extracting sha256:99daf8e838e14fb73055ddac03535d506dbf36a5a01c37497ff001c0dbd68f3e
#5 extracting sha256:99daf8e838e14fb73055ddac03535d506dbf36a5a01c37497ff001c0dbd68f3e done
#5 extracting sha256:2c54247ac480946c05049203f5657656f9fff2a4b8baefc2e564ef584a6b95c1
#5 extracting sha256:2c54247ac480946c05049203f5657656f9fff2a4b8baefc2e564ef584a6b95c1 0.1s done
#5 extracting sha256:f3b1c2142f71b526eda33850b00693e83c27b54881175213ba6349289879ec8f
#5 extracting sha256:f3b1c2142f71b526eda33850b00693e83c27b54881175213ba6349289879ec8f done
#5 extracting sha256:02b89997b01202fa7113946b81bbcc25b22f186c118246adc0b702c49cdc69cd
#5 extracting sha256:02b89997b01202fa7113946b81bbcc25b22f186c118246adc0b702c49cdc69cd 1.3s done
#5 extracting sha256:723ecf6515b9f92cb67fad0e26d071b65c9512ce841725a59a61dd46dc511eaa
#5 extracting sha256:723ecf6515b9f92cb67fad0e26d071b65c9512ce841725a59a61dd46dc511eaa done
#5 DONE 12.2s

#6 [2/7] WORKDIR /home/authy-php
#6 DONE 6.5s

#7 [3/7] RUN  apt-get update   && apt-get install -y wget   && apt-get install -y unzip   && rm -rf /var/lib/apt/lists/*
#7 0.647 Ign:1 http://deb.debian.org/debian stretch InRelease
#7 0.656 Ign:2 http://deb.debian.org/debian stretch-updates InRelease
#7 0.666 Ign:3 http://deb.debian.org/debian stretch Release
#7 0.676 Ign:4 http://deb.debian.org/debian stretch-updates Release
#7 0.686 Ign:5 http://deb.debian.org/debian stretch/main all Packages
#7 0.842 Ign:6 http://deb.debian.org/debian stretch/main amd64 Packages
#7 0.852 Ign:7 http://deb.debian.org/debian stretch-updates/main all Packages
#7 0.927 Ign:8 http://security.debian.org/debian-security stretch/updates InRelease
#7 1.018 Ign:9 http://deb.debian.org/debian stretch-updates/main amd64 Packages
#7 1.027 Ign:5 http://deb.debian.org/debian stretch/main all Packages
#7 1.226 Ign:10 http://security.debian.org/debian-security stretch/updates Release
#7 1.351 Ign:6 http://deb.debian.org/debian stretch/main amd64 Packages
#7 1.361 Ign:7 http://deb.debian.org/debian stretch-updates/main all Packages
#7 1.530 Ign:11 http://security.debian.org/debian-security stretch/updates/main amd64 Packages
#7 1.638 Ign:9 http://deb.debian.org/debian stretch-updates/main amd64 Packages
#7 1.648 Ign:5 http://deb.debian.org/debian stretch/main all Packages
#7 1.682 Ign:12 http://security.debian.org/debian-security stretch/updates/main all Packages
#7 1.841 Ign:11 http://security.debian.org/debian-security stretch/updates/main amd64 Packages
#7 1.848 Ign:6 http://deb.debian.org/debian stretch/main amd64 Packages
#7 1.858 Ign:7 http://deb.debian.org/debian stretch-updates/main all Packages
#7 1.992 Ign:12 http://security.debian.org/debian-security stretch/updates/main all Packages
#7 2.084 Ign:9 http://deb.debian.org/debian stretch-updates/main amd64 Packages
#7 2.094 Ign:5 http://deb.debian.org/debian stretch/main all Packages
#7 2.292 Ign:11 http://security.debian.org/debian-security stretch/updates/main amd64 Packages
#7 2.445 Ign:12 http://security.debian.org/debian-security stretch/updates/main all Packages
#7 2.447 Ign:6 http://deb.debian.org/debian stretch/main amd64 Packages
#7 2.456 Ign:7 http://deb.debian.org/debian stretch-updates/main all Packages
#7 2.615 Ign:9 http://deb.debian.org/debian stretch-updates/main amd64 Packages
#7 2.625 Ign:5 http://deb.debian.org/debian stretch/main all Packages
#7 2.744 Ign:11 http://security.debian.org/debian-security stretch/updates/main amd64 Packages
#7 2.783 Ign:6 http://deb.debian.org/debian stretch/main amd64 Packages
#7 2.793 Ign:7 http://deb.debian.org/debian stretch-updates/main all Packages
#7 2.901 Ign:12 http://security.debian.org/debian-security stretch/updates/main all Packages
#7 3.061 Ign:9 http://deb.debian.org/debian stretch-updates/main amd64 Packages
#7 3.071 Ign:5 http://deb.debian.org/debian stretch/main all Packages
#7 3.202 Ign:11 http://security.debian.org/debian-security stretch/updates/main amd64 Packages
#7 3.257 Err:6 http://deb.debian.org/debian stretch/main amd64 Packages
#7 3.257   404  Not Found
#7 3.267 Ign:7 http://deb.debian.org/debian stretch-updates/main all Packages
#7 3.352 Ign:12 http://security.debian.org/debian-security stretch/updates/main all Packages
#7 3.458 Err:9 http://deb.debian.org/debian stretch-updates/main amd64 Packages
#7 3.458   404  Not Found
#7 3.653 Err:11 http://security.debian.org/debian-security stretch/updates/main amd64 Packages
#7 3.653   404  Not Found [IP: 151.101.194.132 80]
#7 3.810 Ign:12 http://security.debian.org/debian-security stretch/updates/main all Packages
#7 3.813 Reading package lists...
#7 3.823 W: The repository 'http://deb.debian.org/debian stretch Release' does not have a Release file.
#7 3.823 W: The repository 'http://deb.debian.org/debian stretch-updates Release' does not have a Release file.
#7 3.823 W: The repository 'http://security.debian.org/debian-security stretch/updates Release' does not have a Release file.
#7 3.823 E: Failed to fetch http://deb.debian.org/debian/dists/stretch/main/binary-amd64/Packages  404  Not Found
#7 3.823 E: Failed to fetch http://deb.debian.org/debian/dists/stretch-updates/main/binary-amd64/Packages  404  Not Found
#7 3.823 E: Failed to fetch http://security.debian.org/debian-security/dists/stretch/updates/main/binary-amd64/Packages  404  Not Found [IP: 151.101.194.132 80]
#7 3.823 E: Some index files failed to download. They have been ignored, or old ones used instead.
#7 ERROR: process "/bin/bash -c apt-get update   && apt-get install -y wget   && apt-get install -y unzip   && rm -rf /var/lib/apt/lists/*" did not complete successfully: exit code: 100
------
 > [3/7] RUN  apt-get update   && apt-get install -y wget   && apt-get install -y unzip   && rm -rf /var/lib/apt/lists/*:
3.653   404  Not Found [IP: 151.101.194.132 80]
3.810 Ign:12 http://security.debian.org/debian-security stretch/updates/main all Packages
3.813 Reading package lists...
3.823 W: The repository 'http://deb.debian.org/debian stretch Release' does not have a Release file.
3.823 W: The repository 'http://deb.debian.org/debian stretch-updates Release' does not have a Release file.
3.823 W: The repository 'http://security.debian.org/debian-security stretch/updates Release' does not have a Release file.
3.823 E: Failed to fetch http://deb.debian.org/debian/dists/stretch/main/binary-amd64/Packages  404  Not Found
3.823 E: Failed to fetch http://deb.debian.org/debian/dists/stretch-updates/main/binary-amd64/Packages  404  Not Found
3.823 E: Failed to fetch http://security.debian.org/debian-security/dists/stretch/updates/main/binary-amd64/Packages  404  Not Found [IP: 151.101.194.132 80]
3.823 E: Some index files failed to download. They have been ignored, or old ones used instead.
------
Dockerfile:6
--------------------
   5 |     
   6 | >>> RUN  apt-get update \
   7 | >>>   && apt-get install -y wget \
   8 | >>>   && apt-get install -y unzip \
   9 | >>>   && rm -rf /var/lib/apt/lists/*
  10 |     
--------------------
ERROR: failed to solve: process "/bin/bash -c apt-get update   && apt-get install -y wget   && apt-get install -y unzip   && rm -rf /var/lib/apt/lists/*" did not complete successfully: exit code: 100
Duration: 0:25.04