#0 building with "default" instance using docker driver

#1 [internal] load build definition from v1_Dockerfile
#1 transferring dockerfile: 814B done
#1 DONE 0.0s

#2 [internal] load metadata for docker.io/library/rust:1.37
#2 ...

#3 [auth] library/rust:pull token for registry-1.docker.io
#3 DONE 0.0s

#4 [internal] load metadata for docker.io/library/debian:stretch-slim
#4 DONE 0.6s

#2 [internal] load metadata for docker.io/library/rust:1.37
#2 DONE 1.2s

#5 [internal] load .dockerignore
#5 transferring context: 134B done
#5 DONE 0.0s

#6 [stage-1 1/4] FROM docker.io/library/debian:stretch-slim@sha256:abaa313c7e1dfe16069a1a42fa254014780f165d4fd084844602edbe29915e70
#6 resolve docker.io/library/debian:stretch-slim@sha256:abaa313c7e1dfe16069a1a42fa254014780f165d4fd084844602edbe29915e70 0.0s done
#6 ...

#7 [internal] load build context
#7 transferring context: 89.76kB done
#7 DONE 0.0s

#6 [stage-1 1/4] FROM docker.io/library/debian:stretch-slim@sha256:abaa313c7e1dfe16069a1a42fa254014780f165d4fd084844602edbe29915e70
#6 sha256:abaa313c7e1dfe16069a1a42fa254014780f165d4fd084844602edbe29915e70 1.21kB / 1.21kB done
#6 sha256:c5cd3ffceeb25b683bf5111ea89bf8049a177e00fb237235d48076a19cc80097 529B / 529B done
#6 sha256:0e23ec2ce5e621c0e8fa57a53c7781d59d57de8c139a8a351b7236530cd85ec2 1.46kB / 1.46kB done
#6 sha256:bff3e048017eab8adaed886bad4b3c5c81f7d952b65b056dca8d6dbc198222dd 0B / 22.57MB 1.9s
#6 sha256:bff3e048017eab8adaed886bad4b3c5c81f7d952b65b056dca8d6dbc198222dd 8.39MB / 22.57MB 2.2s
#6 sha256:bff3e048017eab8adaed886bad4b3c5c81f7d952b65b056dca8d6dbc198222dd 13.63MB / 22.57MB 2.3s
#6 sha256:bff3e048017eab8adaed886bad4b3c5c81f7d952b65b056dca8d6dbc198222dd 16.78MB / 22.57MB 2.4s
#6 sha256:bff3e048017eab8adaed886bad4b3c5c81f7d952b65b056dca8d6dbc198222dd 19.92MB / 22.57MB 2.5s
#6 sha256:bff3e048017eab8adaed886bad4b3c5c81f7d952b65b056dca8d6dbc198222dd 22.57MB / 22.57MB 2.6s
#6 extracting sha256:bff3e048017eab8adaed886bad4b3c5c81f7d952b65b056dca8d6dbc198222dd
#6 sha256:bff3e048017eab8adaed886bad4b3c5c81f7d952b65b056dca8d6dbc198222dd 22.57MB / 22.57MB 2.6s done
#6 extracting sha256:bff3e048017eab8adaed886bad4b3c5c81f7d952b65b056dca8d6dbc198222dd 2.0s done
#6 DONE 4.9s

#8 [stage-1 2/4] WORKDIR /usr/app
#8 DONE 4.2s

#9 [builder 1/9] FROM docker.io/library/rust:1.37@sha256:23ca363cf9f1c635965a3b443b10a2b6e50cc357484b63f937e5e53ee761ec3f
#9 resolve docker.io/library/rust:1.37@sha256:23ca363cf9f1c635965a3b443b10a2b6e50cc357484b63f937e5e53ee761ec3f 0.0s done
#9 sha256:ec61bb9ff3e4b9c3d235230aac1fae578aa4987bdc083d50318c8483e4c5a47a 1.59kB / 1.59kB done
#9 sha256:e0566c997dc9fd37fae329cfae21d87977619b8c9e42003bc543e26e2a608a54 6.37kB / 6.37kB done
#9 sha256:4a56a430b2bac33260d6449e162017e2b23076c6411a17b46db67f5b84dde2bd 50.38MB / 50.38MB 1.3s done
#9 sha256:23ca363cf9f1c635965a3b443b10a2b6e50cc357484b63f937e5e53ee761ec3f 988B / 988B done
#9 sha256:4b5cacb629f5c5323a32103e665756e5d50fe133b3db72d444f370566b713a6a 7.80MB / 7.80MB 0.6s done
#9 sha256:14408c8d4f9a59a5da8f4cc40650be9a8d0991fa1ce1b2fb2767f289a9cc410d 10.00MB / 10.00MB 0.6s done
#9 sha256:ea67eaa7dd42136287337f879ef20b4ee73baaa108d833d267ef99dd787cdcbf 51.77MB / 51.77MB 1.9s done
#9 sha256:4d134ac3fe4b8dd8136d9e7acbb2708ead2154185b27c09ae62ca099070cfb27 192.02MB / 192.02MB 4.8s
#9 sha256:c63222a351ecbe57fdfc34820d7fc1d9dd874e235aa0cc01aedf778bd96de018 255.64MB / 255.64MB 7.4s done
#9 extracting sha256:4a56a430b2bac33260d6449e162017e2b23076c6411a17b46db67f5b84dde2bd 3.6s done
#9 extracting sha256:4b5cacb629f5c5323a32103e665756e5d50fe133b3db72d444f370566b713a6a 0.4s done
#9 extracting sha256:14408c8d4f9a59a5da8f4cc40650be9a8d0991fa1ce1b2fb2767f289a9cc410d 0.4s done
#9 extracting sha256:ea67eaa7dd42136287337f879ef20b4ee73baaa108d833d267ef99dd787cdcbf 2.5s
#9 ...

#10 [stage-1 3/4] RUN apt-get update && apt-get install -y --no-install-recommends openssl ca-certificates && rm -rf /var/lib/apt/lists/*
#10 0.258 Ign:1 http://security.debian.org/debian-security stretch/updates InRelease
#10 0.260 Ign:2 http://deb.debian.org/debian stretch InRelease
#10 0.271 Ign:3 http://security.debian.org/debian-security stretch/updates Release
#10 0.284 Ign:4 http://security.debian.org/debian-security stretch/updates/main amd64 Packages
#10 0.289 Ign:5 http://deb.debian.org/debian stretch-updates InRelease
#10 0.296 Ign:6 http://security.debian.org/debian-security stretch/updates/main all Packages
#10 0.301 Ign:7 http://deb.debian.org/debian stretch Release
#10 0.310 Ign:4 http://security.debian.org/debian-security stretch/updates/main amd64 Packages
#10 0.314 Ign:8 http://deb.debian.org/debian stretch-updates Release
#10 0.321 Ign:6 http://security.debian.org/debian-security stretch/updates/main all Packages
#10 0.325 Ign:9 http://deb.debian.org/debian stretch/main all Packages
#10 0.336 Ign:4 http://security.debian.org/debian-security stretch/updates/main amd64 Packages
#10 0.337 Ign:10 http://deb.debian.org/debian stretch/main amd64 Packages
#10 0.347 Ign:6 http://security.debian.org/debian-security stretch/updates/main all Packages
#10 0.349 Ign:11 http://deb.debian.org/debian stretch-updates/main all Packages
#10 0.360 Ign:4 http://security.debian.org/debian-security stretch/updates/main amd64 Packages
#10 0.361 Ign:12 http://deb.debian.org/debian stretch-updates/main amd64 Packages
#10 0.374 Ign:9 http://deb.debian.org/debian stretch/main all Packages
#10 0.374 Ign:6 http://security.debian.org/debian-security stretch/updates/main all Packages
#10 0.381 Ign:10 http://deb.debian.org/debian stretch/main amd64 Packages
#10 0.385 Ign:4 http://security.debian.org/debian-security stretch/updates/main amd64 Packages
#10 0.393 Ign:11 http://deb.debian.org/debian stretch-updates/main all Packages
#10 0.398 Ign:6 http://security.debian.org/debian-security stretch/updates/main all Packages
#10 0.404 Ign:12 http://deb.debian.org/debian stretch-updates/main amd64 Packages
#10 0.411 Err:4 http://security.debian.org/debian-security stretch/updates/main amd64 Packages
#10 0.411   404  Not Found [IP: 151.101.2.132 80]
#10 0.415 Ign:9 http://deb.debian.org/debian stretch/main all Packages
#10 0.422 Ign:6 http://security.debian.org/debian-security stretch/updates/main all Packages
#10 0.426 Ign:10 http://deb.debian.org/debian stretch/main amd64 Packages
#10 0.438 Ign:11 http://deb.debian.org/debian stretch-updates/main all Packages
#10 0.450 Ign:12 http://deb.debian.org/debian stretch-updates/main amd64 Packages
#10 0.461 Ign:9 http://deb.debian.org/debian stretch/main all Packages
#10 0.474 Ign:10 http://deb.debian.org/debian stretch/main amd64 Packages
#10 0.485 Ign:11 http://deb.debian.org/debian stretch-updates/main all Packages
#10 0.497 Ign:12 http://deb.debian.org/debian stretch-updates/main amd64 Packages
#10 0.509 Ign:9 http://deb.debian.org/debian stretch/main all Packages
#10 0.522 Ign:10 http://deb.debian.org/debian stretch/main amd64 Packages
#10 0.531 Ign:11 http://deb.debian.org/debian stretch-updates/main all Packages
#10 0.542 Ign:12 http://deb.debian.org/debian stretch-updates/main amd64 Packages
#10 0.553 Ign:9 http://deb.debian.org/debian stretch/main all Packages
#10 0.574 Err:10 http://deb.debian.org/debian stretch/main amd64 Packages
#10 0.574   404  Not Found
#10 0.586 Ign:11 http://deb.debian.org/debian stretch-updates/main all Packages
#10 0.596 Err:12 http://deb.debian.org/debian stretch-updates/main amd64 Packages
#10 0.596   404  Not Found
#10 0.601 Reading package lists...
#10 0.608 W: The repository 'http://security.debian.org/debian-security stretch/updates Release' does not have a Release file.
#10 0.608 W: The repository 'http://deb.debian.org/debian stretch Release' does not have a Release file.
#10 0.608 W: The repository 'http://deb.debian.org/debian stretch-updates Release' does not have a Release file.
#10 0.608 E: Failed to fetch http://security.debian.org/debian-security/dists/stretch/updates/main/binary-amd64/Packages  404  Not Found [IP: 151.101.2.132 80]
#10 0.608 E: Failed to fetch http://deb.debian.org/debian/dists/stretch/main/binary-amd64/Packages  404  Not Found
#10 0.608 E: Failed to fetch http://deb.debian.org/debian/dists/stretch-updates/main/binary-amd64/Packages  404  Not Found
#10 0.608 E: Some index files failed to download. They have been ignored, or old ones used instead.
#10 ERROR: process "/bin/sh -c apt-get update && apt-get install -y --no-install-recommends openssl ca-certificates && rm -rf /var/lib/apt/lists/*" did not complete successfully: exit code: 100

#9 [builder 1/9] FROM docker.io/library/rust:1.37@sha256:23ca363cf9f1c635965a3b443b10a2b6e50cc357484b63f937e5e53ee761ec3f
#9 extracting sha256:ea67eaa7dd42136287337f879ef20b4ee73baaa108d833d267ef99dd787cdcbf 3.2s done
#9 CANCELED
------
 > [stage-1 3/4] RUN apt-get update && apt-get install -y --no-install-recommends openssl ca-certificates && rm -rf /var/lib/apt/lists/*:
0.596 Err:12 http://deb.debian.org/debian stretch-updates/main amd64 Packages
0.596   404  Not Found
0.601 Reading package lists...
0.608 W: The repository 'http://security.debian.org/debian-security stretch/updates Release' does not have a Release file.
0.608 W: The repository 'http://deb.debian.org/debian stretch Release' does not have a Release file.
0.608 W: The repository 'http://deb.debian.org/debian stretch-updates Release' does not have a Release file.
0.608 E: Failed to fetch http://security.debian.org/debian-security/dists/stretch/updates/main/binary-amd64/Packages  404  Not Found [IP: 151.101.2.132 80]
0.608 E: Failed to fetch http://deb.debian.org/debian/dists/stretch/main/binary-amd64/Packages  404  Not Found
0.608 E: Failed to fetch http://deb.debian.org/debian/dists/stretch-updates/main/binary-amd64/Packages  404  Not Found
0.608 E: Some index files failed to download. They have been ignored, or old ones used instead.
------
v1_Dockerfile:23
--------------------
  21 |     FROM debian:stretch-slim
  22 |     WORKDIR /usr/app
  23 | >>> RUN apt-get update && apt-get install -y --no-install-recommends openssl ca-certificates && rm -rf /var/lib/apt/lists/*
  24 |     COPY --from=builder /usr/src/buck/target/release/buck .
  25 |     CMD ["./buck"]
--------------------
ERROR: failed to solve: process "/bin/sh -c apt-get update && apt-get install -y --no-install-recommends openssl ca-certificates && rm -rf /var/lib/apt/lists/*" did not complete successfully: exit code: 100
Duration: 0:11.54