#0 building with "default" instance using docker driver

#1 [internal] load .dockerignore
#1 transferring context:
#1 transferring context: 64B done
#1 DONE 0.4s

#2 [internal] load build definition from Dockerfile
#2 transferring dockerfile: 1.00kB done
#2 DONE 0.5s

#3 [internal] load metadata for docker.io/library/node:14.10
#3 ...

#4 [auth] library/node:pull token for registry-1.docker.io
#4 DONE 0.0s

#3 [internal] load metadata for docker.io/library/node:14.10
#3 DONE 1.3s

#5 [ 1/14] FROM docker.io/library/node:14.10@sha256:21658666c0eabc9006b279e826e540d20e2c835507347d9c2f3f7dd5820ec9e3
#5 resolve docker.io/library/node:14.10@sha256:21658666c0eabc9006b279e826e540d20e2c835507347d9c2f3f7dd5820ec9e3 0.1s done
#5 sha256:173eeb895217dd83e2d2cfeec5f4fd946fdcdec0f1446c9a77b3050f2a10841d 7.80kB / 7.80kB done
#5 sha256:21658666c0eabc9006b279e826e540d20e2c835507347d9c2f3f7dd5820ec9e3 776B / 776B done
#5 sha256:3ab45e1f177ac393cd00e15a4de6138e22c1683e95c8b122c9ed224e51a0688c 2.21kB / 2.21kB done
#5 sha256:1b49aa113642e1d83773ca83de882e12c4981ed565d47b4c7da998855ad182e1 0B / 10.75MB 0.1s
#5 sha256:1b49aa113642e1d83773ca83de882e12c4981ed565d47b4c7da998855ad182e1 4.19MB / 10.75MB 1.3s
#5 ...

#6 [internal] load build context
#6 transferring context: 13.14MB 0.2s done
#6 DONE 1.5s

#5 [ 1/14] FROM docker.io/library/node:14.10@sha256:21658666c0eabc9006b279e826e540d20e2c835507347d9c2f3f7dd5820ec9e3
#5 sha256:1b49aa113642e1d83773ca83de882e12c4981ed565d47b4c7da998855ad182e1 10.55MB / 10.75MB 1.4s
#5 sha256:c159512f4cc2a5f8c64890a32b7766e2662b61241ef585cc28daf194bccaf1c1 0B / 4.34MB 1.4s
#5 sha256:c159512f4cc2a5f8c64890a32b7766e2662b61241ef585cc28daf194bccaf1c1 3.15MB / 4.34MB 1.6s
#5 sha256:4f250268ed6a0b777b9a3d9e0659754a8c97f28420f30cb78c184c3eead07d14 0B / 45.37MB 1.6s
#5 sha256:1b49aa113642e1d83773ca83de882e12c4981ed565d47b4c7da998855ad182e1 10.75MB / 10.75MB 1.6s done
#5 sha256:c159512f4cc2a5f8c64890a32b7766e2662b61241ef585cc28daf194bccaf1c1 4.34MB / 4.34MB 1.7s done
#5 sha256:4f250268ed6a0b777b9a3d9e0659754a8c97f28420f30cb78c184c3eead07d14 5.24MB / 45.37MB 1.8s
#5 sha256:4f250268ed6a0b777b9a3d9e0659754a8c97f28420f30cb78c184c3eead07d14 14.68MB / 45.37MB 2.0s
#5 sha256:8439168fd8dcb35b71c06211b4c23c02bd846e1d37f72cfe5638ada30c196556 0B / 50.11MB 2.0s
#5 sha256:55abbc6cc15820e59f3f9effd6987da17f809be3666d5db2c7ccb5795f8b35ed 0B / 214.25MB 2.0s
#5 sha256:4f250268ed6a0b777b9a3d9e0659754a8c97f28420f30cb78c184c3eead07d14 20.97MB / 45.37MB 2.1s
#5 sha256:8439168fd8dcb35b71c06211b4c23c02bd846e1d37f72cfe5638ada30c196556 3.15MB / 50.11MB 2.1s
#5 sha256:4f250268ed6a0b777b9a3d9e0659754a8c97f28420f30cb78c184c3eead07d14 31.46MB / 45.37MB 2.3s
#5 sha256:8439168fd8dcb35b71c06211b4c23c02bd846e1d37f72cfe5638ada30c196556 9.76MB / 50.11MB 2.3s
#5 sha256:4f250268ed6a0b777b9a3d9e0659754a8c97f28420f30cb78c184c3eead07d14 39.85MB / 45.37MB 2.5s
#5 sha256:8439168fd8dcb35b71c06211b4c23c02bd846e1d37f72cfe5638ada30c196556 22.02MB / 50.11MB 2.5s
#5 sha256:8439168fd8dcb35b71c06211b4c23c02bd846e1d37f72cfe5638ada30c196556 29.36MB / 50.11MB 2.6s
#5 sha256:4f250268ed6a0b777b9a3d9e0659754a8c97f28420f30cb78c184c3eead07d14 45.09MB / 45.37MB 2.7s
#5 sha256:8439168fd8dcb35b71c06211b4c23c02bd846e1d37f72cfe5638ada30c196556 33.55MB / 50.11MB 2.7s
#5 sha256:8439168fd8dcb35b71c06211b4c23c02bd846e1d37f72cfe5638ada30c196556 48.23MB / 50.11MB 2.9s
#5 sha256:55abbc6cc15820e59f3f9effd6987da17f809be3666d5db2c7ccb5795f8b35ed 11.53MB / 214.25MB 2.9s
#5 sha256:4f250268ed6a0b777b9a3d9e0659754a8c97f28420f30cb78c184c3eead07d14 45.37MB / 45.37MB 3.4s done
#5 sha256:55abbc6cc15820e59f3f9effd6987da17f809be3666d5db2c7ccb5795f8b35ed 30.41MB / 214.25MB 3.5s
#5 extracting sha256:4f250268ed6a0b777b9a3d9e0659754a8c97f28420f30cb78c184c3eead07d14
#5 sha256:55abbc6cc15820e59f3f9effd6987da17f809be3666d5db2c7ccb5795f8b35ed 41.94MB / 214.25MB 3.7s
#5 sha256:55abbc6cc15820e59f3f9effd6987da17f809be3666d5db2c7ccb5795f8b35ed 56.62MB / 214.25MB 3.9s
#5 sha256:55abbc6cc15820e59f3f9effd6987da17f809be3666d5db2c7ccb5795f8b35ed 68.16MB / 214.25MB 4.2s
#5 sha256:8439168fd8dcb35b71c06211b4c23c02bd846e1d37f72cfe5638ada30c196556 50.11MB / 50.11MB 4.2s done
#5 sha256:e5c5821cd8891e4cb78b57e971882385cf3d9541a6071c9ae64263c7ed8152b4 0B / 4.17kB 4.3s
#5 sha256:5a7679f70bad94e868000c0840ce23ccdb2be78382153ec435d81cf04e538d99 0B / 34.78MB 4.4s
#5 sha256:55abbc6cc15820e59f3f9effd6987da17f809be3666d5db2c7ccb5795f8b35ed 83.89MB / 214.25MB 4.5s
#5 sha256:5a7679f70bad94e868000c0840ce23ccdb2be78382153ec435d81cf04e538d99 1.82MB / 34.78MB 4.6s
#5 sha256:55abbc6cc15820e59f3f9effd6987da17f809be3666d5db2c7ccb5795f8b35ed 100.66MB / 214.25MB 4.8s
#5 sha256:e5c5821cd8891e4cb78b57e971882385cf3d9541a6071c9ae64263c7ed8152b4 4.17kB / 4.17kB 4.7s done
#5 sha256:5a7679f70bad94e868000c0840ce23ccdb2be78382153ec435d81cf04e538d99 10.49MB / 34.78MB 4.8s
#5 sha256:d827e86d1182c398f27f059e5b633e37c0322a681a5580a78b2d0b8faeb4cd6f 0B / 2.36MB 4.8s
#5 sha256:5a7679f70bad94e868000c0840ce23ccdb2be78382153ec435d81cf04e538d99 14.68MB / 34.78MB 4.9s
#5 sha256:5a7679f70bad94e868000c0840ce23ccdb2be78382153ec435d81cf04e538d99 19.92MB / 34.78MB 5.0s
#5 sha256:55abbc6cc15820e59f3f9effd6987da17f809be3666d5db2c7ccb5795f8b35ed 115.34MB / 214.25MB 5.1s
#5 sha256:5a7679f70bad94e868000c0840ce23ccdb2be78382153ec435d81cf04e538d99 25.17MB / 34.78MB 5.1s
#5 sha256:d827e86d1182c398f27f059e5b633e37c0322a681a5580a78b2d0b8faeb4cd6f 1.05MB / 2.36MB 5.1s
#5 sha256:5a7679f70bad94e868000c0840ce23ccdb2be78382153ec435d81cf04e538d99 29.36MB / 34.78MB 5.2s
#5 sha256:d827e86d1182c398f27f059e5b633e37c0322a681a5580a78b2d0b8faeb4cd6f 2.36MB / 2.36MB 5.2s
#5 sha256:55abbc6cc15820e59f3f9effd6987da17f809be3666d5db2c7ccb5795f8b35ed 127.93MB / 214.25MB 5.3s
#5 sha256:5a7679f70bad94e868000c0840ce23ccdb2be78382153ec435d81cf04e538d99 34.60MB / 34.78MB 5.3s
#5 sha256:d827e86d1182c398f27f059e5b633e37c0322a681a5580a78b2d0b8faeb4cd6f 2.36MB / 2.36MB 5.2s done
#5 sha256:2484b06a6da18d48677096db4aaabf60501190b805d886053fc639146c42dab0 0B / 293B 5.3s
#5 sha256:55abbc6cc15820e59f3f9effd6987da17f809be3666d5db2c7ccb5795f8b35ed 139.46MB / 214.25MB 5.5s
#5 sha256:2484b06a6da18d48677096db4aaabf60501190b805d886053fc639146c42dab0 293B / 293B 5.5s
#5 sha256:55abbc6cc15820e59f3f9effd6987da17f809be3666d5db2c7ccb5795f8b35ed 152.04MB / 214.25MB 5.7s
#5 sha256:5a7679f70bad94e868000c0840ce23ccdb2be78382153ec435d81cf04e538d99 34.78MB / 34.78MB 5.8s done
#5 sha256:2484b06a6da18d48677096db4aaabf60501190b805d886053fc639146c42dab0 293B / 293B 5.9s done
#5 sha256:55abbc6cc15820e59f3f9effd6987da17f809be3666d5db2c7ccb5795f8b35ed 165.68MB / 214.25MB 6.0s
#5 extracting sha256:4f250268ed6a0b777b9a3d9e0659754a8c97f28420f30cb78c184c3eead07d14 2.6s done
#5 sha256:55abbc6cc15820e59f3f9effd6987da17f809be3666d5db2c7ccb5795f8b35ed 177.21MB / 214.25MB 6.2s
#5 extracting sha256:1b49aa113642e1d83773ca83de882e12c4981ed565d47b4c7da998855ad182e1
#5 sha256:55abbc6cc15820e59f3f9effd6987da17f809be3666d5db2c7ccb5795f8b35ed 189.79MB / 214.25MB 6.5s
#5 sha256:55abbc6cc15820e59f3f9effd6987da17f809be3666d5db2c7ccb5795f8b35ed 202.38MB / 214.25MB 6.8s
#5 extracting sha256:1b49aa113642e1d83773ca83de882e12c4981ed565d47b4c7da998855ad182e1 0.5s done
#5 sha256:55abbc6cc15820e59f3f9effd6987da17f809be3666d5db2c7ccb5795f8b35ed 214.25MB / 214.25MB 7.1s
#5 extracting sha256:c159512f4cc2a5f8c64890a32b7766e2662b61241ef585cc28daf194bccaf1c1
#5 sha256:55abbc6cc15820e59f3f9effd6987da17f809be3666d5db2c7ccb5795f8b35ed 214.25MB / 214.25MB 10.2s done
#5 extracting sha256:c159512f4cc2a5f8c64890a32b7766e2662b61241ef585cc28daf194bccaf1c1 0.2s done
#5 extracting sha256:8439168fd8dcb35b71c06211b4c23c02bd846e1d37f72cfe5638ada30c196556
#5 extracting sha256:8439168fd8dcb35b71c06211b4c23c02bd846e1d37f72cfe5638ada30c196556 3.3s done
#5 extracting sha256:55abbc6cc15820e59f3f9effd6987da17f809be3666d5db2c7ccb5795f8b35ed
#5 extracting sha256:55abbc6cc15820e59f3f9effd6987da17f809be3666d5db2c7ccb5795f8b35ed 5.0s
#5 extracting sha256:55abbc6cc15820e59f3f9effd6987da17f809be3666d5db2c7ccb5795f8b35ed 11.3s
#5 extracting sha256:55abbc6cc15820e59f3f9effd6987da17f809be3666d5db2c7ccb5795f8b35ed 14.1s done
#5 extracting sha256:e5c5821cd8891e4cb78b57e971882385cf3d9541a6071c9ae64263c7ed8152b4
#5 extracting sha256:e5c5821cd8891e4cb78b57e971882385cf3d9541a6071c9ae64263c7ed8152b4 0.1s done
#5 extracting sha256:5a7679f70bad94e868000c0840ce23ccdb2be78382153ec435d81cf04e538d99
#5 extracting sha256:5a7679f70bad94e868000c0840ce23ccdb2be78382153ec435d81cf04e538d99 2.4s done
#5 extracting sha256:d827e86d1182c398f27f059e5b633e37c0322a681a5580a78b2d0b8faeb4cd6f
#5 extracting sha256:d827e86d1182c398f27f059e5b633e37c0322a681a5580a78b2d0b8faeb4cd6f 0.2s done
#5 extracting sha256:2484b06a6da18d48677096db4aaabf60501190b805d886053fc639146c42dab0
#5 extracting sha256:2484b06a6da18d48677096db4aaabf60501190b805d886053fc639146c42dab0 done
#5 DONE 34.4s

#7 [ 2/14] RUN apt-get update
#7 0.479 Ign:1 http://security.debian.org/debian-security stretch/updates InRelease
#7 0.489 Ign:2 http://security.debian.org/debian-security stretch/updates Release
#7 0.499 Ign:3 http://security.debian.org/debian-security stretch/updates/main all Packages
#7 0.509 Ign:4 http://security.debian.org/debian-security stretch/updates/main amd64 Packages
#7 0.509 Ign:5 http://deb.debian.org/debian stretch InRelease
#7 0.519 Ign:3 http://security.debian.org/debian-security stretch/updates/main all Packages
#7 0.520 Ign:6 http://deb.debian.org/debian stretch-updates InRelease
#7 0.529 Ign:4 http://security.debian.org/debian-security stretch/updates/main amd64 Packages
#7 0.530 Ign:7 http://deb.debian.org/debian stretch Release
#7 0.539 Ign:3 http://security.debian.org/debian-security stretch/updates/main all Packages
#7 0.541 Ign:8 http://deb.debian.org/debian stretch-updates Release
#7 0.549 Ign:4 http://security.debian.org/debian-security stretch/updates/main amd64 Packages
#7 0.559 Ign:3 http://security.debian.org/debian-security stretch/updates/main all Packages
#7 0.569 Ign:4 http://security.debian.org/debian-security stretch/updates/main amd64 Packages
#7 0.579 Ign:3 http://security.debian.org/debian-security stretch/updates/main all Packages
#7 0.588 Ign:4 http://security.debian.org/debian-security stretch/updates/main amd64 Packages
#7 0.598 Ign:3 http://security.debian.org/debian-security stretch/updates/main all Packages
#7 0.608 Err:4 http://security.debian.org/debian-security stretch/updates/main amd64 Packages
#7 0.608   404  Not Found
#7 0.698 Ign:9 http://deb.debian.org/debian stretch/main amd64 Packages
#7 0.855 Ign:10 http://deb.debian.org/debian stretch/main all Packages
#7 1.064 Ign:11 http://deb.debian.org/debian stretch-updates/main amd64 Packages
#7 1.221 Ign:12 http://deb.debian.org/debian stretch-updates/main all Packages
#7 1.388 Ign:9 http://deb.debian.org/debian stretch/main amd64 Packages
#7 1.546 Ign:10 http://deb.debian.org/debian stretch/main all Packages
#7 1.703 Ign:11 http://deb.debian.org/debian stretch-updates/main amd64 Packages
#7 1.861 Ign:12 http://deb.debian.org/debian stretch-updates/main all Packages
#7 2.019 Ign:9 http://deb.debian.org/debian stretch/main amd64 Packages
#7 2.176 Ign:10 http://deb.debian.org/debian stretch/main all Packages
#7 2.334 Ign:11 http://deb.debian.org/debian stretch-updates/main amd64 Packages
#7 2.491 Ign:12 http://deb.debian.org/debian stretch-updates/main all Packages
#7 2.650 Ign:9 http://deb.debian.org/debian stretch/main amd64 Packages
#7 2.807 Ign:10 http://deb.debian.org/debian stretch/main all Packages
#7 2.964 Ign:11 http://deb.debian.org/debian stretch-updates/main amd64 Packages
#7 3.122 Ign:12 http://deb.debian.org/debian stretch-updates/main all Packages
#7 3.280 Ign:9 http://deb.debian.org/debian stretch/main amd64 Packages
#7 3.436 Ign:10 http://deb.debian.org/debian stretch/main all Packages
#7 3.594 Ign:11 http://deb.debian.org/debian stretch-updates/main amd64 Packages
#7 3.752 Ign:12 http://deb.debian.org/debian stretch-updates/main all Packages
#7 3.909 Err:9 http://deb.debian.org/debian stretch/main amd64 Packages
#7 3.909   404  Not Found
#7 4.077 Ign:10 http://deb.debian.org/debian stretch/main all Packages
#7 4.237 Err:11 http://deb.debian.org/debian stretch-updates/main amd64 Packages
#7 4.237   404  Not Found
#7 4.395 Ign:12 http://deb.debian.org/debian stretch-updates/main all Packages
#7 4.399 Reading package lists...
#7 4.413 W: The repository 'http://security.debian.org/debian-security stretch/updates Release' does not have a Release file.
#7 4.413 W: The repository 'http://deb.debian.org/debian stretch Release' does not have a Release file.
#7 4.413 W: The repository 'http://deb.debian.org/debian stretch-updates Release' does not have a Release file.
#7 4.413 E: Failed to fetch http://security.debian.org/debian-security/dists/stretch/updates/main/binary-amd64/Packages  404  Not Found
#7 4.413 E: Failed to fetch http://deb.debian.org/debian/dists/stretch/main/binary-amd64/Packages  404  Not Found
#7 4.413 E: Failed to fetch http://deb.debian.org/debian/dists/stretch-updates/main/binary-amd64/Packages  404  Not Found
#7 4.414 E: Some index files failed to download. They have been ignored, or old ones used instead.
#7 ERROR: process "/bin/sh -c apt-get update" did not complete successfully: exit code: 100
------
 > [ 2/14] RUN apt-get update:
4.237   404  Not Found
4.395 Ign:12 http://deb.debian.org/debian stretch-updates/main all Packages
4.399 Reading package lists...
4.413 W: The repository 'http://security.debian.org/debian-security stretch/updates Release' does not have a Release file.
4.413 W: The repository 'http://deb.debian.org/debian stretch Release' does not have a Release file.
4.413 W: The repository 'http://deb.debian.org/debian stretch-updates Release' does not have a Release file.
4.413 E: Failed to fetch http://security.debian.org/debian-security/dists/stretch/updates/main/binary-amd64/Packages  404  Not Found
4.413 E: Failed to fetch http://deb.debian.org/debian/dists/stretch/main/binary-amd64/Packages  404  Not Found
4.413 E: Failed to fetch http://deb.debian.org/debian/dists/stretch-updates/main/binary-amd64/Packages  404  Not Found
4.414 E: Some index files failed to download. They have been ignored, or old ones used instead.
------
Dockerfile:4
--------------------
   2 |     LABEL maintainer="Ali Khalili hyperir@gmail.com"
   3 |     # Update aptitude with new repo
   4 | >>> RUN apt-get update
   5 |     # Install software
   6 |     RUN apt-get install -y git
--------------------
ERROR: failed to solve: process "/bin/sh -c apt-get update" did not complete successfully: exit code: 100
Duration: 1:6.36