#0 building with "default" instance using docker driver

#1 [internal] load build definition from v1_Dockerfile
#1 transferring dockerfile: 880B done
#1 DONE 0.0s

#2 [internal] load metadata for docker.io/library/nginx:1.14.0
#2 ...

#3 [auth] library/nginx:pull token for registry-1.docker.io
#3 DONE 0.0s

#2 [internal] load metadata for docker.io/library/nginx:1.14.0
#2 DONE 1.0s

#4 [internal] load .dockerignore
#4 transferring context: 2B done
#4 DONE 0.0s

#5 [1/7] FROM docker.io/library/nginx:1.14.0@sha256:8b600a4d029481cc5b459f1380b30ff6cb98e27544fc02370de836e397e34030
#5 resolve docker.io/library/nginx:1.14.0@sha256:8b600a4d029481cc5b459f1380b30ff6cb98e27544fc02370de836e397e34030 0.0s done
#5 ...

#6 [internal] load build context
#6 transferring context: 401B done
#6 DONE 0.0s

#5 [1/7] FROM docker.io/library/nginx:1.14.0@sha256:8b600a4d029481cc5b459f1380b30ff6cb98e27544fc02370de836e397e34030
#5 sha256:ecc98fc2f376d6560311b66d6958e4350a5a485ee07aa2d1235842d0bce440da 6.00kB / 6.00kB done
#5 sha256:f17d81b4b692f7e0d6c1176c86b81d9f2cb5ac5349703adca51c61debcfe413c 0B / 22.49MB 0.2s
#5 sha256:3df1ab0a17501475a551e081246db28a2a604cc986377d76506302100c9ce2ea 0B / 22.11MB 0.2s
#5 sha256:576b56a453df3802f5c6f0f83da37810e7bbf789bce9d9a15dbcd6ae16e69f80 0B / 203B 0.2s
#5 sha256:8b600a4d029481cc5b459f1380b30ff6cb98e27544fc02370de836e397e34030 2.03kB / 2.03kB done
#5 sha256:d43aa3719937f9df0502f8258f3034a21b720b5b9bbf01bbfdbd09871aac8930 948B / 948B done
#5 sha256:f17d81b4b692f7e0d6c1176c86b81d9f2cb5ac5349703adca51c61debcfe413c 2.10MB / 22.49MB 0.3s
#5 sha256:3df1ab0a17501475a551e081246db28a2a604cc986377d76506302100c9ce2ea 2.10MB / 22.11MB 0.3s
#5 sha256:f17d81b4b692f7e0d6c1176c86b81d9f2cb5ac5349703adca51c61debcfe413c 6.29MB / 22.49MB 0.4s
#5 sha256:3df1ab0a17501475a551e081246db28a2a604cc986377d76506302100c9ce2ea 9.44MB / 22.11MB 0.4s
#5 sha256:576b56a453df3802f5c6f0f83da37810e7bbf789bce9d9a15dbcd6ae16e69f80 203B / 203B 0.4s done
#5 sha256:f17d81b4b692f7e0d6c1176c86b81d9f2cb5ac5349703adca51c61debcfe413c 10.49MB / 22.49MB 0.5s
#5 sha256:3df1ab0a17501475a551e081246db28a2a604cc986377d76506302100c9ce2ea 15.73MB / 22.11MB 0.5s
#5 sha256:f17d81b4b692f7e0d6c1176c86b81d9f2cb5ac5349703adca51c61debcfe413c 22.49MB / 22.49MB 0.7s
#5 sha256:3df1ab0a17501475a551e081246db28a2a604cc986377d76506302100c9ce2ea 22.11MB / 22.11MB 0.6s done
#5 extracting sha256:f17d81b4b692f7e0d6c1176c86b81d9f2cb5ac5349703adca51c61debcfe413c
#5 sha256:f17d81b4b692f7e0d6c1176c86b81d9f2cb5ac5349703adca51c61debcfe413c 22.49MB / 22.49MB 0.8s done
#5 extracting sha256:f17d81b4b692f7e0d6c1176c86b81d9f2cb5ac5349703adca51c61debcfe413c 1.5s done
#5 extracting sha256:3df1ab0a17501475a551e081246db28a2a604cc986377d76506302100c9ce2ea
#5 extracting sha256:3df1ab0a17501475a551e081246db28a2a604cc986377d76506302100c9ce2ea 0.6s done
#5 extracting sha256:576b56a453df3802f5c6f0f83da37810e7bbf789bce9d9a15dbcd6ae16e69f80
#5 extracting sha256:576b56a453df3802f5c6f0f83da37810e7bbf789bce9d9a15dbcd6ae16e69f80 done
#5 DONE 3.2s

#7 [2/7] RUN DEBIAN_FRONTEND=noninteractive     apt-get update -qq &&     apt-get -y install wget runit unzip vim &&     rm -rf /var/lib/apt/lists/*
#7 0.527 W: The repository 'http://deb.debian.org/debian stretch Release' does not have a Release file.
#7 0.527 W: The repository 'http://security.debian.org/debian-security stretch/updates Release' does not have a Release file.
#7 0.527 W: The repository 'http://deb.debian.org/debian stretch-updates Release' does not have a Release file.
#7 0.527 E: Failed to fetch http://deb.debian.org/debian/dists/stretch/main/binary-amd64/Packages  404  Not Found
#7 0.527 E: Failed to fetch http://security.debian.org/debian-security/dists/stretch/updates/main/binary-amd64/Packages  404  Not Found [IP: 151.101.2.132 80]
#7 0.527 E: Failed to fetch http://deb.debian.org/debian/dists/stretch-updates/main/binary-amd64/Packages  404  Not Found
#7 0.527 E: Some index files failed to download. They have been ignored, or old ones used instead.
#7 ERROR: process "/bin/sh -c DEBIAN_FRONTEND=noninteractive     apt-get update -qq &&     apt-get -y install wget runit unzip vim &&     rm -rf /var/lib/apt/lists/*" did not complete successfully: exit code: 100
------
 > [2/7] RUN DEBIAN_FRONTEND=noninteractive     apt-get update -qq &&     apt-get -y install wget runit unzip vim &&     rm -rf /var/lib/apt/lists/*:
0.527 W: The repository 'http://deb.debian.org/debian stretch Release' does not have a Release file.
0.527 W: The repository 'http://security.debian.org/debian-security stretch/updates Release' does not have a Release file.
0.527 W: The repository 'http://deb.debian.org/debian stretch-updates Release' does not have a Release file.
0.527 E: Failed to fetch http://deb.debian.org/debian/dists/stretch/main/binary-amd64/Packages  404  Not Found
0.527 E: Failed to fetch http://security.debian.org/debian-security/dists/stretch/updates/main/binary-amd64/Packages  404  Not Found [IP: 151.101.2.132 80]
0.527 E: Failed to fetch http://deb.debian.org/debian/dists/stretch-updates/main/binary-amd64/Packages  404  Not Found
0.527 E: Some index files failed to download. They have been ignored, or old ones used instead.
------
v1_Dockerfile:7
--------------------
   6 |     
   7 | >>> RUN DEBIAN_FRONTEND=noninteractive \
   8 | >>>     apt-get update -qq && \
   9 | >>>     apt-get -y install wget runit unzip vim && \
  10 | >>>     rm -rf /var/lib/apt/lists/*
  11 |     
--------------------
ERROR: failed to solve: process "/bin/sh -c DEBIAN_FRONTEND=noninteractive     apt-get update -qq &&     apt-get -y install wget runit unzip vim &&     rm -rf /var/lib/apt/lists/*" did not complete successfully: exit code: 100
Duration: 0:5.54