#0 building with "default" instance using docker driver

#1 [internal] load build definition from v1_Dockerfile
#1 transferring dockerfile: 490B done
#1 DONE 0.0s

#2 [internal] load metadata for ghcr.io/hyperledger/solang-llvm:ci
#2 ...

#3 [auth] library/ubuntu:pull token for registry-1.docker.io
#3 DONE 0.0s

#4 [internal] load metadata for docker.io/library/ubuntu:20.04
#4 DONE 0.9s

#2 [internal] load metadata for ghcr.io/hyperledger/solang-llvm:ci
#2 DONE 0.9s

#5 [internal] load .dockerignore
#5 transferring context: 167B done
#5 DONE 0.0s

#6 [builder 1/7] FROM ghcr.io/hyperledger/solang-llvm:ci@sha256:d0c6b532e9d47135b3cb2b721a5b9164a3b5f0c11a9a5e533be1fbe9f61c0173
#6 resolve ghcr.io/hyperledger/solang-llvm:ci@sha256:d0c6b532e9d47135b3cb2b721a5b9164a3b5f0c11a9a5e533be1fbe9f61c0173 0.0s done
#6 sha256:d0c6b532e9d47135b3cb2b721a5b9164a3b5f0c11a9a5e533be1fbe9f61c0173 685B / 685B done
#6 sha256:1d770fa590300bb64b4817301c8bb408d7e4df0fe2ed01ea90cef19050d3d085 1.30kB / 1.30kB done
#6 sha256:42dd7dc2f161ae3481f6fb56ac7e4afb23e443dc070cb3424f3ede6a7055ca5b 3.54kB / 3.54kB done
#6 sha256:06d39c85623a79eb68b6cac39f4c4aba8834873ee5fc27be9d9d7655e6313c26 0B / 27.50MB 0.1s
#6 sha256:20246b0b67ca9f2612acc6553039d1710b4c3ec28786d3c5011ea1c5136f6656 0B / 157.92MB 0.1s
#6 sha256:06d39c85623a79eb68b6cac39f4c4aba8834873ee5fc27be9d9d7655e6313c26 2.10MB / 27.50MB 0.3s
#6 ...

#7 [internal] load build context
#7 transferring context: 27.22MB 0.4s done
#7 DONE 0.4s

#6 [builder 1/7] FROM ghcr.io/hyperledger/solang-llvm:ci@sha256:d0c6b532e9d47135b3cb2b721a5b9164a3b5f0c11a9a5e533be1fbe9f61c0173
#6 sha256:06d39c85623a79eb68b6cac39f4c4aba8834873ee5fc27be9d9d7655e6313c26 5.24MB / 27.50MB 0.6s
#6 sha256:8a5f3d7c17b28f972f40c07a77d43430624eb5e26f766c58d9f7b3d4c16452c7 0B / 158.44MB 0.6s
#6 sha256:06d39c85623a79eb68b6cac39f4c4aba8834873ee5fc27be9d9d7655e6313c26 9.44MB / 27.50MB 0.7s
#6 sha256:06d39c85623a79eb68b6cac39f4c4aba8834873ee5fc27be9d9d7655e6313c26 13.63MB / 27.50MB 0.8s
#6 sha256:06d39c85623a79eb68b6cac39f4c4aba8834873ee5fc27be9d9d7655e6313c26 16.78MB / 27.50MB 0.9s
#6 sha256:06d39c85623a79eb68b6cac39f4c4aba8834873ee5fc27be9d9d7655e6313c26 19.92MB / 27.50MB 1.0s
#6 sha256:8a5f3d7c17b28f972f40c07a77d43430624eb5e26f766c58d9f7b3d4c16452c7 9.44MB / 158.44MB 1.0s
#6 sha256:06d39c85623a79eb68b6cac39f4c4aba8834873ee5fc27be9d9d7655e6313c26 22.54MB / 27.50MB 1.1s
#6 sha256:20246b0b67ca9f2612acc6553039d1710b4c3ec28786d3c5011ea1c5136f6656 8.39MB / 157.92MB 1.1s
#6 sha256:06d39c85623a79eb68b6cac39f4c4aba8834873ee5fc27be9d9d7655e6313c26 25.17MB / 27.50MB 1.2s
#6 sha256:8a5f3d7c17b28f972f40c07a77d43430624eb5e26f766c58d9f7b3d4c16452c7 24.12MB / 158.44MB 1.2s
#6 sha256:06d39c85623a79eb68b6cac39f4c4aba8834873ee5fc27be9d9d7655e6313c26 27.50MB / 27.50MB 1.3s
#6 sha256:06d39c85623a79eb68b6cac39f4c4aba8834873ee5fc27be9d9d7655e6313c26 27.50MB / 27.50MB 1.3s done
#6 sha256:8a5f3d7c17b28f972f40c07a77d43430624eb5e26f766c58d9f7b3d4c16452c7 37.75MB / 158.44MB 1.4s
#6 sha256:2c1093ca6cea409cc6d2503ab8de095d4cc2418802bcdc64c4e8e7405c85cb26 0B / 570.75MB 1.4s
#6 extracting sha256:06d39c85623a79eb68b6cac39f4c4aba8834873ee5fc27be9d9d7655e6313c26
#6 sha256:8a5f3d7c17b28f972f40c07a77d43430624eb5e26f766c58d9f7b3d4c16452c7 58.72MB / 158.44MB 1.7s
#6 sha256:20246b0b67ca9f2612acc6553039d1710b4c3ec28786d3c5011ea1c5136f6656 17.83MB / 157.92MB 1.8s
#6 sha256:8a5f3d7c17b28f972f40c07a77d43430624eb5e26f766c58d9f7b3d4c16452c7 72.35MB / 158.44MB 1.9s
#6 sha256:8a5f3d7c17b28f972f40c07a77d43430624eb5e26f766c58d9f7b3d4c16452c7 84.93MB / 158.44MB 2.1s
#6 sha256:20246b0b67ca9f2612acc6553039d1710b4c3ec28786d3c5011ea1c5136f6656 29.36MB / 157.92MB 2.4s
#6 sha256:8a5f3d7c17b28f972f40c07a77d43430624eb5e26f766c58d9f7b3d4c16452c7 103.81MB / 158.44MB 2.4s
#6 ...

#8 [stage-1 1/2] FROM docker.io/library/ubuntu:20.04@sha256:0b897358ff6624825fb50d20ffb605ab0eaea77ced0adb8c6a4b756513dec6fc
#8 resolve docker.io/library/ubuntu:20.04@sha256:0b897358ff6624825fb50d20ffb605ab0eaea77ced0adb8c6a4b756513dec6fc 0.0s done
#8 sha256:0b897358ff6624825fb50d20ffb605ab0eaea77ced0adb8c6a4b756513dec6fc 1.13kB / 1.13kB done
#8 sha256:d86db849e59626d94f768c679aba441163c996caf7a3426f44924d0239ffe03f 424B / 424B done
#8 sha256:5f5250218d28ad6612bf653eced407165dd6475a4daf9210b299fed991e172e9 2.30kB / 2.30kB done
#8 sha256:9ea8908f47652b59b8055316d9c0e16b365e2b5cee15d3efcb79e2957e3e7cad 27.51MB / 27.51MB 0.5s done
#8 extracting sha256:9ea8908f47652b59b8055316d9c0e16b365e2b5cee15d3efcb79e2957e3e7cad 1.7s done
#8 DONE 2.5s

#6 [builder 1/7] FROM ghcr.io/hyperledger/solang-llvm:ci@sha256:d0c6b532e9d47135b3cb2b721a5b9164a3b5f0c11a9a5e533be1fbe9f61c0173
#6 sha256:8a5f3d7c17b28f972f40c07a77d43430624eb5e26f766c58d9f7b3d4c16452c7 117.44MB / 158.44MB 2.6s
#6 sha256:20246b0b67ca9f2612acc6553039d1710b4c3ec28786d3c5011ea1c5136f6656 38.80MB / 157.92MB 2.8s
#6 sha256:8a5f3d7c17b28f972f40c07a77d43430624eb5e26f766c58d9f7b3d4c16452c7 130.02MB / 158.44MB 2.8s
#6 sha256:2c1093ca6cea409cc6d2503ab8de095d4cc2418802bcdc64c4e8e7405c85cb26 29.36MB / 570.75MB 2.9s
#6 sha256:8a5f3d7c17b28f972f40c07a77d43430624eb5e26f766c58d9f7b3d4c16452c7 149.95MB / 158.44MB 3.1s
#6 extracting sha256:06d39c85623a79eb68b6cac39f4c4aba8834873ee5fc27be9d9d7655e6313c26 1.7s done
#6 sha256:20246b0b67ca9f2612acc6553039d1710b4c3ec28786d3c5011ea1c5136f6656 49.28MB / 157.92MB 3.2s
#6 sha256:8a5f3d7c17b28f972f40c07a77d43430624eb5e26f766c58d9f7b3d4c16452c7 158.44MB / 158.44MB 3.4s
#6 sha256:20246b0b67ca9f2612acc6553039d1710b4c3ec28786d3c5011ea1c5136f6656 61.87MB / 157.92MB 3.6s
#6 sha256:8a5f3d7c17b28f972f40c07a77d43430624eb5e26f766c58d9f7b3d4c16452c7 158.44MB / 158.44MB 3.6s done
#6 sha256:a881b475562db3adaacc3d5e7bd5dbb3e977e3ee697eed82ad552a6bd5bec550 0B / 310.68MB 3.7s
#6 sha256:20246b0b67ca9f2612acc6553039d1710b4c3ec28786d3c5011ea1c5136f6656 72.35MB / 157.92MB 3.9s
#6 sha256:2c1093ca6cea409cc6d2503ab8de095d4cc2418802bcdc64c4e8e7405c85cb26 63.96MB / 570.75MB 4.1s
#6 sha256:20246b0b67ca9f2612acc6553039d1710b4c3ec28786d3c5011ea1c5136f6656 87.03MB / 157.92MB 4.3s
#6 sha256:a881b475562db3adaacc3d5e7bd5dbb3e977e3ee697eed82ad552a6bd5bec550 20.97MB / 310.68MB 4.3s
#6 sha256:20246b0b67ca9f2612acc6553039d1710b4c3ec28786d3c5011ea1c5136f6656 98.57MB / 157.92MB 4.6s
#6 sha256:a881b475562db3adaacc3d5e7bd5dbb3e977e3ee697eed82ad552a6bd5bec550 41.94MB / 310.68MB 4.8s
#6 sha256:20246b0b67ca9f2612acc6553039d1710b4c3ec28786d3c5011ea1c5136f6656 111.15MB / 157.92MB 4.9s
#6 sha256:20246b0b67ca9f2612acc6553039d1710b4c3ec28786d3c5011ea1c5136f6656 119.54MB / 157.92MB 5.1s
#6 sha256:2c1093ca6cea409cc6d2503ab8de095d4cc2418802bcdc64c4e8e7405c85cb26 93.32MB / 570.75MB 5.1s
#6 sha256:20246b0b67ca9f2612acc6553039d1710b4c3ec28786d3c5011ea1c5136f6656 127.93MB / 157.92MB 5.3s
#6 sha256:a881b475562db3adaacc3d5e7bd5dbb3e977e3ee697eed82ad552a6bd5bec550 63.96MB / 310.68MB 5.3s
#6 sha256:20246b0b67ca9f2612acc6553039d1710b4c3ec28786d3c5011ea1c5136f6656 141.56MB / 157.92MB 5.6s
#6 sha256:20246b0b67ca9f2612acc6553039d1710b4c3ec28786d3c5011ea1c5136f6656 152.04MB / 157.92MB 5.8s
#6 sha256:a881b475562db3adaacc3d5e7bd5dbb3e977e3ee697eed82ad552a6bd5bec550 82.84MB / 310.68MB 5.8s
#6 sha256:2c1093ca6cea409cc6d2503ab8de095d4cc2418802bcdc64c4e8e7405c85cb26 127.93MB / 570.75MB 6.2s
#6 sha256:a881b475562db3adaacc3d5e7bd5dbb3e977e3ee697eed82ad552a6bd5bec550 100.66MB / 310.68MB 6.3s
#6 extracting sha256:20246b0b67ca9f2612acc6553039d1710b4c3ec28786d3c5011ea1c5136f6656
#6 sha256:20246b0b67ca9f2612acc6553039d1710b4c3ec28786d3c5011ea1c5136f6656 157.92MB / 157.92MB 6.3s done
#6 sha256:a881b475562db3adaacc3d5e7bd5dbb3e977e3ee697eed82ad552a6bd5bec550 122.68MB / 310.68MB 6.8s
#6 sha256:2c1093ca6cea409cc6d2503ab8de095d4cc2418802bcdc64c4e8e7405c85cb26 163.58MB / 570.75MB 7.1s
#6 sha256:a881b475562db3adaacc3d5e7bd5dbb3e977e3ee697eed82ad552a6bd5bec550 140.51MB / 310.68MB 7.2s
#6 sha256:a881b475562db3adaacc3d5e7bd5dbb3e977e3ee697eed82ad552a6bd5bec550 165.68MB / 310.68MB 7.7s
#6 sha256:2c1093ca6cea409cc6d2503ab8de095d4cc2418802bcdc64c4e8e7405c85cb26 196.08MB / 570.75MB 7.8s
#6 sha256:a881b475562db3adaacc3d5e7bd5dbb3e977e3ee697eed82ad552a6bd5bec550 190.84MB / 310.68MB 8.2s
#6 sha256:2c1093ca6cea409cc6d2503ab8de095d4cc2418802bcdc64c4e8e7405c85cb26 229.64MB / 570.75MB 8.5s
#6 sha256:a881b475562db3adaacc3d5e7bd5dbb3e977e3ee697eed82ad552a6bd5bec550 207.62MB / 310.68MB 8.5s
#6 sha256:a881b475562db3adaacc3d5e7bd5dbb3e977e3ee697eed82ad552a6bd5bec550 224.40MB / 310.68MB 8.8s
#6 sha256:2c1093ca6cea409cc6d2503ab8de095d4cc2418802bcdc64c4e8e7405c85cb26 261.10MB / 570.75MB 9.1s
#6 sha256:a881b475562db3adaacc3d5e7bd5dbb3e977e3ee697eed82ad552a6bd5bec550 242.22MB / 310.68MB 9.1s
#6 sha256:a881b475562db3adaacc3d5e7bd5dbb3e977e3ee697eed82ad552a6bd5bec550 261.10MB / 310.68MB 9.4s
#6 sha256:2c1093ca6cea409cc6d2503ab8de095d4cc2418802bcdc64c4e8e7405c85cb26 294.65MB / 570.75MB 9.7s
#6 sha256:a881b475562db3adaacc3d5e7bd5dbb3e977e3ee697eed82ad552a6bd5bec550 277.87MB / 310.68MB 9.7s
#6 sha256:a881b475562db3adaacc3d5e7bd5dbb3e977e3ee697eed82ad552a6bd5bec550 297.80MB / 310.68MB 10.1s
#6 sha256:2c1093ca6cea409cc6d2503ab8de095d4cc2418802bcdc64c4e8e7405c85cb26 330.30MB / 570.75MB 10.3s
#6 sha256:2c1093ca6cea409cc6d2503ab8de095d4cc2418802bcdc64c4e8e7405c85cb26 361.76MB / 570.75MB 10.8s
#6 sha256:2c1093ca6cea409cc6d2503ab8de095d4cc2418802bcdc64c4e8e7405c85cb26 393.22MB / 570.75MB 11.3s
#6 extracting sha256:20246b0b67ca9f2612acc6553039d1710b4c3ec28786d3c5011ea1c5136f6656 5.0s
#6 sha256:2c1093ca6cea409cc6d2503ab8de095d4cc2418802bcdc64c4e8e7405c85cb26 426.77MB / 570.75MB 11.8s
#6 sha256:a881b475562db3adaacc3d5e7bd5dbb3e977e3ee697eed82ad552a6bd5bec550 310.68MB / 310.68MB 11.7s done
#6 sha256:2c1093ca6cea409cc6d2503ab8de095d4cc2418802bcdc64c4e8e7405c85cb26 468.71MB / 570.75MB 12.4s
#6 sha256:2c1093ca6cea409cc6d2503ab8de095d4cc2418802bcdc64c4e8e7405c85cb26 504.37MB / 570.75MB 12.9s
#6 sha256:2c1093ca6cea409cc6d2503ab8de095d4cc2418802bcdc64c4e8e7405c85cb26 533.73MB / 570.75MB 13.3s
#6 sha256:2c1093ca6cea409cc6d2503ab8de095d4cc2418802bcdc64c4e8e7405c85cb26 563.09MB / 570.75MB 13.7s
#6 extracting sha256:20246b0b67ca9f2612acc6553039d1710b4c3ec28786d3c5011ea1c5136f6656 8.1s done
#6 extracting sha256:8a5f3d7c17b28f972f40c07a77d43430624eb5e26f766c58d9f7b3d4c16452c7
#6 sha256:2c1093ca6cea409cc6d2503ab8de095d4cc2418802bcdc64c4e8e7405c85cb26 570.75MB / 570.75MB 17.5s done
#6 extracting sha256:8a5f3d7c17b28f972f40c07a77d43430624eb5e26f766c58d9f7b3d4c16452c7 5.1s
#6 extracting sha256:8a5f3d7c17b28f972f40c07a77d43430624eb5e26f766c58d9f7b3d4c16452c7 5.6s done
#6 extracting sha256:2c1093ca6cea409cc6d2503ab8de095d4cc2418802bcdc64c4e8e7405c85cb26
#6 extracting sha256:2c1093ca6cea409cc6d2503ab8de095d4cc2418802bcdc64c4e8e7405c85cb26 5.1s
#6 extracting sha256:2c1093ca6cea409cc6d2503ab8de095d4cc2418802bcdc64c4e8e7405c85cb26 10.1s
#6 extracting sha256:2c1093ca6cea409cc6d2503ab8de095d4cc2418802bcdc64c4e8e7405c85cb26 15.2s
#6 extracting sha256:2c1093ca6cea409cc6d2503ab8de095d4cc2418802bcdc64c4e8e7405c85cb26 20.2s
#6 extracting sha256:2c1093ca6cea409cc6d2503ab8de095d4cc2418802bcdc64c4e8e7405c85cb26 22.2s done
#6 extracting sha256:a881b475562db3adaacc3d5e7bd5dbb3e977e3ee697eed82ad552a6bd5bec550 0.1s
#6 extracting sha256:a881b475562db3adaacc3d5e7bd5dbb3e977e3ee697eed82ad552a6bd5bec550 5.2s
#6 extracting sha256:a881b475562db3adaacc3d5e7bd5dbb3e977e3ee697eed82ad552a6bd5bec550 7.2s done
#6 DONE 50.1s

#9 [builder 2/7] COPY . src
#9 DONE 8.5s

#10 [builder 3/7] WORKDIR /src/stdlib/
#10 DONE 0.0s

#11 [builder 4/7] RUN make
#11 0.194 clang -c --target=sbf -march=bpfel+solana -emit-llvm -O3 -ffreestanding -fno-builtin -Wall -Wno-unused-function -Xclang -fexperimental-max-bitint-width=512 format.c -o bpf/format.bc
#11 0.371 clang -c --target=sbf -march=bpfel+solana -emit-llvm -O3 -ffreestanding -fno-builtin -Wall -Wno-unused-function -Xclang -fexperimental-max-bitint-width=512 ripemd160.c -o bpf/ripemd160.bc
#11 0.479 clang -c --target=sbf -march=bpfel+solana -emit-llvm -O3 -ffreestanding -fno-builtin -Wall -Wno-unused-function -Xclang -fexperimental-max-bitint-width=512 heap.c -o bpf/heap.bc
#11 DONE 0.5s

#12 [builder 5/7] RUN rustup default 1.64.0
#12 0.198 info: syncing channel updates for '1.64.0-x86_64-unknown-linux-gnu'
#12 0.669 info: latest update on 2022-09-22, rust version 1.64.0 (a55dd71d5 2022-09-19)
#12 0.669 info: downloading component 'cargo'
#12 1.121 info: downloading component 'rust-std'
#12 2.261 info: downloading component 'rustc'
#12 5.987 info: installing component 'cargo'
#12 6.629 info: installing component 'rust-std'
#12 9.194 info: installing component 'rustc'
#12 13.76 
#12 13.76 info: default toolchain set to '1.64.0-x86_64-unknown-linux-gnu'
#12 13.77   1.64.0-x86_64-unknown-linux-gnu installed - rustc 1.64.0 (a55dd71d5 2022-09-19)
#12 13.77 
#12 DONE 16.5s

#13 [builder 6/7] WORKDIR /src
#13 DONE 0.0s

#14 [builder 7/7] RUN cargo build --release
#14 0.370     Updating crates.io index
#14 163.5  Downloading crates ...
#14 163.6   Downloaded anstyle-parse v0.2.5
#14 163.6   Downloaded anstyle v1.0.8
#14 163.6   Downloaded anstream v0.6.15
#14 163.6   Downloaded anchor-syn v0.26.0
#14 163.6   Downloaded anstyle-query v1.1.1
#14 163.6   Downloaded byte-slice-cast v1.2.2
#14 163.6   Downloaded colorchoice v1.0.2
#14 163.6   Downloaded inkwell_internals v0.7.0
#14 163.6   Downloaded phf_shared v0.10.0
#14 163.6   Downloaded opaque-debug v0.3.1
#14 163.6   Downloaded equivalent v1.0.1
#14 163.7   Downloaded lalrpop-util v0.19.12
#14 163.7   Downloaded darling_macro v0.14.4
#14 163.7   Downloaded parse-display v0.8.2
#14 163.7   Downloaded constant_time_eq v0.1.5
#14 163.7   Downloaded base58 v0.2.0
#14 163.7   Downloaded crunchy v0.2.2
#14 163.7   Downloaded impl-trait-for-tuples v0.2.2
#14 163.7   Downloaded ident_case v1.0.1
#14 163.7   Downloaded futures-sink v0.3.30
#14 163.7   Downloaded block-buffer v0.9.0
#14 163.7   Downloaded precomputed-hash v0.1.1
#14 163.7   Downloaded clap_lex v0.7.2
#14 163.7   Downloaded digest v0.9.0
#14 163.7   Downloaded autocfg v1.3.0
#14 163.7   Downloaded scale-encode-derive v0.5.0
#14 163.7   Downloaded errno v0.3.9
#14 163.7   Downloaded bit-set v0.5.3
#14 163.7   Downloaded bitflags v1.3.2
#14 163.7   Downloaded new_debug_unreachable v1.0.6
#14 163.7   Downloaded phf_macros v0.11.2
#14 163.7   Downloaded form_urlencoded v1.2.1
#14 163.7   Downloaded heck v0.3.3
#14 163.7   Downloaded fixedbitset v0.4.2
#14 163.7   Downloaded lazy_static v1.5.0
#14 163.7   Downloaded ppv-lite86 v0.2.18
#14 163.7   Downloaded ink_storage v4.3.0
#14 163.7   Downloaded contract-metadata v1.5.1
#14 163.7   Downloaded num-integer v0.1.46
#14 163.7   Downloaded hex v0.4.3
#14 163.7   Downloaded rand_core v0.6.4
#14 163.7   Downloaded cpufeatures v0.2.12
#14 163.7   Downloaded humantime v2.1.0
#14 163.7   Downloaded ink_prelude v4.3.0
#14 163.7   Downloaded blake2-rfc v0.2.18
#14 163.7   Downloaded funty v2.0.0
#14 163.8   Downloaded scale-decode-derive v0.9.0
#14 163.8   Downloaded futures-macro v0.3.30
#14 163.8   Downloaded dirs-sys-next v0.1.2
#14 163.8   Downloaded dirs-next v2.0.0
#14 163.8   Downloaded ascii-canvas v3.0.0
#14 163.8   Downloaded nodrop v0.1.14
#14 163.8   Downloaded scale-encode v0.5.0
#14 163.8   Downloaded scopeguard v1.2.0
#14 163.8   Downloaded ripemd v0.1.3
#14 163.8   Downloaded parity-scale-codec-derive v3.6.12
#14 163.8   Downloaded tap v1.0.1
#14 163.8   Downloaded tower-lsp-macros v0.7.0
#14 163.8   Downloaded static_assertions v1.1.0
#14 163.8   Downloaded subtle v2.6.1
#14 163.8   Downloaded slab v0.4.9
#14 163.8   Downloaded structmeta v0.2.0
#14 163.8   Downloaded tiny-keccak v2.0.2
#14 163.8   Downloaded ink_allocator v4.3.0
#14 163.8   Downloaded radium v0.7.0
#14 163.8   Downloaded proc-macro-crate v3.1.0
#14 163.8   Downloaded arrayvec v0.7.4
#14 163.8   Downloaded phf v0.11.2
#14 163.8   Downloaded toml_datetime v0.6.8
#14 163.8   Downloaded ink_macro v4.3.0
#14 163.8   Downloaded ink v4.3.0
#14 163.8   Downloaded parse-display-derive v0.8.2
#14 163.8   Downloaded rand_chacha v0.3.1
#14 163.8   Downloaded scale-bits v0.4.0
#14 163.8   Downloaded httparse v1.9.4
#14 163.8   Downloaded pin-utils v0.1.0
#14 163.8   Downloaded futures-io v0.3.30
#14 163.8   Downloaded auto_impl v1.2.0
#14 163.8   Downloaded scale-decode v0.9.0
#14 163.9   Downloaded paste v1.0.15
#14 163.9   Downloaded futures-channel v0.3.30
#14 163.9   Downloaded derive_more v0.99.18
#14 163.9   Downloaded ena v0.14.3
#14 163.9   Downloaded strsim v0.11.1
#14 163.9   Downloaded tower-service v0.3.2
#14 163.9   Downloaded scale-info v2.11.3
#14 163.9   Downloaded lock_api v0.4.12
#14 163.9   Downloaded thiserror-impl v1.0.63
#14 163.9   Downloaded synstructure v0.13.1
#14 163.9   Downloaded string_cache v0.8.7
#14 163.9   Downloaded ink_codegen v4.3.0
#14 163.9   Downloaded pest_generator v2.7.11
#14 163.9   Downloaded codespan-reporting v0.11.1
#14 163.9   Downloaded ink_metadata v4.3.0
#14 163.9   Downloaded thiserror v1.0.63
#14 163.9   Downloaded pin-project-lite v0.2.14
#14 163.9   Downloaded tempfile v3.10.1
#14 163.9   Downloaded term v0.7.0
#14 163.9   Downloaded bytes v1.7.0
#14 163.9   Downloaded ink_env v4.3.0
#14 163.9   Downloaded tinyvec v1.8.0
#14 164.0   Downloaded pin-project-internal v1.1.5
#14 164.0   Downloaded parking_lot_core v0.9.10
#14 164.0   Downloaded ucd-trie v0.1.6
#14 164.0   Downloaded ink_ir v4.3.0
#14 164.0   Downloaded pest_derive v2.7.11
#14 164.0   Downloaded bitflags v2.6.0
#14 164.0   Downloaded num-rational v0.4.2
#14 164.0   Downloaded aho-corasick v1.1.3
#14 164.0   Downloaded quote v1.0.36
#14 164.0   Downloaded indexmap v2.3.0
#14 164.0   Downloaded ryu v1.0.18
#14 164.0   Downloaded pin-project v1.1.5
#14 164.0   Downloaded parking_lot v0.12.3
#14 164.0   Downloaded semver v1.0.23
#14 164.0   Downloaded handlebars v4.5.0
#14 164.0   Downloaded hashbrown v0.12.3
#14 164.1   Downloaded termcolor v1.4.1
#14 164.1   Downloaded smallvec v1.13.2
#14 164.1   Downloaded sha2 v0.10.8
#14 164.1   Downloaded cc v1.1.7
#14 164.1   Downloaded url v2.5.2
#14 164.1   Downloaded num-traits v0.2.19
#14 164.1   Downloaded once_cell v1.19.0
#14 164.1   Downloaded impl-serde v0.4.0
#14 164.1   Downloaded llvm-sys v150.2.0
#14 164.1   Downloaded serde_derive v1.0.204
#14 164.1   Downloaded darling_core v0.14.4
#14 164.1   Downloaded proc-macro2-diagnostics v0.9.1
#14 164.1   Downloaded rust-lapper v1.1.0
#14 164.1   Downloaded pest_meta v2.7.11
#14 164.1   Downloaded hashbrown v0.14.5
#14 164.1   Downloaded log v0.4.22
#14 164.1   Downloaded idna v0.5.0
#14 164.1   Downloaded yansi v0.5.1
#14 164.1   Downloaded winnow v0.5.40
#14 164.2   Downloaded tower-lsp v0.18.0
#14 164.2   Downloaded toml_edit v0.19.15
#14 164.2   Downloaded tokio-macros v2.4.0
#14 164.2   Downloaded tinyvec_macros v0.1.1
#14 164.2   Downloaded is_terminal_polyfill v1.70.1
#14 164.2   Downloaded is-terminal v0.4.12
#14 164.2   Downloaded wyz v0.5.1
#14 164.2   Downloaded unicode-normalization v0.1.23
#14 164.2   Downloaded tracing-attributes v0.1.27
#14 164.2   Downloaded tower-layer v0.3.2
#14 164.2   Downloaded unicode-xid v0.2.4
#14 164.2   Downloaded unicode-ident v1.0.12
#14 164.2   Downloaded version_check v0.9.5
#14 164.2   Downloaded zerocopy-derive v0.6.6
#14 164.2   Downloaded parity-wasm v0.45.0
#14 164.2   Downloaded xxhash-rust v0.8.12
#14 164.2   Downloaded utf8parse v0.2.2
#14 164.2   Downloaded secp256k1 v0.27.0
#14 164.2   Downloaded unicode-width v0.1.13
#14 164.3   Downloaded parity-scale-codec v3.6.12
#14 164.3   Downloaded serde v1.0.204
#14 164.3   Downloaded unicode-bidi v0.3.15
#14 164.3   Downloaded typenum v1.17.0
#14 164.3   Downloaded rand v0.8.5
#14 164.3   Downloaded tower v0.4.13
#14 164.3   Downloaded lsp-types v0.93.2
#14 164.3   Downloaded keccak v0.1.5
#14 164.3   Downloaded tokio v1.39.2
#14 164.4   Downloaded itertools v0.10.5
#14 164.4   Downloaded itoa v1.0.11
#14 164.4   Downloaded bitvec v1.0.1
#14 164.4   Downloaded memchr v2.7.4
#14 164.4   Downloaded clap_builder v4.5.13
#14 164.4   Downloaded futures-util v0.3.30
#14 164.4   Downloaded impl-serde v0.3.2
#14 164.4   Downloaded blake2 v0.10.6
#14 164.5   Downloaded proc-macro2 v1.0.86
#14 164.5   Downloaded diff v0.1.13
#14 164.5   Downloaded anyhow v1.0.86
#14 164.5   Downloaded futures v0.3.30
#14 164.5   Downloaded structmeta-derive v0.2.0
#14 164.5   Downloaded scale-info-derive v2.11.3
#14 164.5   Downloaded num-bigint v0.4.6
#14 164.5   Downloaded siphasher v0.3.11
#14 164.5   Downloaded clap_complete v4.5.12
#14 164.5   Downloaded indexmap v1.9.3
#14 164.5   Downloaded serde_repr v0.1.19
#14 164.5   Downloaded clap v4.5.13
#14 164.5   Downloaded zerocopy v0.6.6
#14 164.5   Downloaded arrayvec v0.4.12
#14 164.5   Downloaded darling v0.14.4
#14 164.5   Downloaded bit-vec v0.6.3
#14 164.5   Downloaded percent-encoding v2.3.1
#14 164.5   Downloaded dashmap v5.5.3
#14 164.5   Downloaded env_logger v0.10.2
#14 164.5   Downloaded ink_engine v4.3.0
#14 164.5   Downloaded getrandom v0.2.15
#14 164.5   Downloaded async-trait v0.1.81
#14 164.6   Downloaded block-buffer v0.10.4
#14 164.6   Downloaded sha2 v0.9.9
#14 164.6   Downloaded tracing v0.1.40
#14 164.6   Downloaded ink_storage_traits v4.3.0
#14 164.6   Downloaded tracing-core v0.1.32
#14 164.6   Downloaded strsim v0.10.0
#14 164.6   Downloaded phf_shared v0.11.2
#14 164.6   Downloaded ink_primitives v4.3.0
#14 164.6   Downloaded generic-array v0.14.7
#14 164.6   Downloaded either v1.13.0
#14 164.6   Downloaded fastrand v2.1.0
#14 164.6   Downloaded bs58 v0.3.1
#14 164.6   Downloaded arrayref v0.3.8
#14 164.6   Downloaded phf_generator v0.11.2
#14 164.6   Downloaded pest v2.7.11
#14 164.6   Downloaded heck v0.4.1
#14 164.6   Downloaded fnv v1.0.7
#14 164.6   Downloaded byteorder v1.5.0
#14 164.6   Downloaded proc-macro-crate v1.3.1
#14 164.6   Downloaded convert_case v0.6.0
#14 164.6   Downloaded futures-task v0.3.30
#14 164.6   Downloaded digest v0.10.7
#14 164.6   Downloaded toml_edit v0.21.1
#14 164.6   Downloaded tokio-util v0.7.11
#14 164.7   Downloaded lalrpop v0.19.12
#14 164.7   Downloaded array-init v2.1.0
#14 164.7   Downloaded cfg-if v1.0.0
#14 164.7   Downloaded crypto-common v0.1.6
#14 164.7   Downloaded serde_json v1.0.121
#14 164.7   Downloaded futures-core v0.3.30
#14 164.7   Downloaded unicode-segmentation v1.11.0
#14 164.7   Downloaded inkwell v0.1.1
#14 164.7   Downloaded syn v1.0.109
#14 164.7   Downloaded syn v2.0.72
#14 164.8   Downloaded regex v1.10.5
#14 164.8   Downloaded regex-syntax v0.6.29
#14 164.8   Downloaded regex-syntax v0.8.4
#14 164.8   Downloaded rustix v0.38.34
#14 164.8   Downloaded regex-syntax v0.7.5
#14 164.9   Downloaded regex-automata v0.4.7
#14 164.9   Downloaded libc v0.2.155
#14 164.9   Downloaded petgraph v0.6.5
#14 164.9   Downloaded sha3 v0.10.8
#14 165.0   Downloaded linux-raw-sys v0.4.14
#14 165.0   Downloaded secp256k1-sys v0.8.1
#14 165.2 error: package `regex-syntax v0.8.4` cannot be built because it requires rustc 1.65 or newer, while the currently active rustc version is 1.64.0
#14 ERROR: process "/bin/sh -c cargo build --release" did not complete successfully: exit code: 101
------
 > [builder 7/7] RUN cargo build --release:
164.8   Downloaded regex-syntax v0.8.4
164.8   Downloaded rustix v0.38.34
164.8   Downloaded regex-syntax v0.7.5
164.9   Downloaded regex-automata v0.4.7
164.9   Downloaded libc v0.2.155
164.9   Downloaded petgraph v0.6.5
164.9   Downloaded sha3 v0.10.8
165.0   Downloaded linux-raw-sys v0.4.14
165.0   Downloaded secp256k1-sys v0.8.1
165.2 error: package `regex-syntax v0.8.4` cannot be built because it requires rustc 1.65 or newer, while the currently active rustc version is 1.64.0
------
v1_Dockerfile:10
--------------------
   8 |     
   9 |     WORKDIR /src
  10 | >>> RUN cargo build --release
  11 |     
  12 |     FROM ubuntu:20.04
--------------------
ERROR: failed to solve: process "/bin/sh -c cargo build --release" did not complete successfully: exit code: 101
Duration: 4:3.12