#0 building with "default" instance using docker driver

#1 [internal] load build definition from v1_Dockerfile
#1 transferring dockerfile: 955B done
#1 DONE 0.0s

#2 [internal] load metadata for docker.io/library/node:10
#2 DONE 0.6s

#3 [internal] load .dockerignore
#3 transferring context: 2B done
#3 DONE 0.0s

#4 [internal] load build context
#4 transferring context: 127.56kB 0.0s done
#4 DONE 0.0s

#5 [1/7] FROM docker.io/library/node:10@sha256:59531d2835edd5161c8f9512f9e095b1836f7a1fcb0ab73e005ec46047384911
#5 resolve docker.io/library/node:10@sha256:59531d2835edd5161c8f9512f9e095b1836f7a1fcb0ab73e005ec46047384911 0.0s done
#5 sha256:59531d2835edd5161c8f9512f9e095b1836f7a1fcb0ab73e005ec46047384911 776B / 776B done
#5 sha256:686e0e859358f28bfe1641e1627549b9cd0ad74f222b953d74209213488c6858 2.21kB / 2.21kB done
#5 sha256:76b8ef87096fa726adbe8f073ef69bb5664bac19474c5cce4dd69e08a234903b 0B / 45.38MB 0.1s
#5 sha256:b53ce1fd2746e8d2037f1b0b91ddea0cc7411eb3e5949fe10c0320aca8f7392b 0B / 4.34MB 0.1s
#5 sha256:28dca6642db82aaecbed18101d9966f001e8de6691e1a1718c2927c124d81262 7.83kB / 7.83kB done
#5 sha256:2e2bafe8a0f40509cc10249087268e66a662e437f10e9598a09abb5687038a57 0B / 11.29MB 0.1s
#5 sha256:76b8ef87096fa726adbe8f073ef69bb5664bac19474c5cce4dd69e08a234903b 6.29MB / 45.38MB 0.2s
#5 sha256:76b8ef87096fa726adbe8f073ef69bb5664bac19474c5cce4dd69e08a234903b 13.63MB / 45.38MB 0.3s
#5 sha256:b53ce1fd2746e8d2037f1b0b91ddea0cc7411eb3e5949fe10c0320aca8f7392b 1.67MB / 4.34MB 0.3s
#5 sha256:76b8ef87096fa726adbe8f073ef69bb5664bac19474c5cce4dd69e08a234903b 27.26MB / 45.38MB 0.5s
#5 sha256:b53ce1fd2746e8d2037f1b0b91ddea0cc7411eb3e5949fe10c0320aca8f7392b 4.34MB / 4.34MB 0.4s done
#5 sha256:2e2bafe8a0f40509cc10249087268e66a662e437f10e9598a09abb5687038a57 2.10MB / 11.29MB 0.5s
#5 sha256:84a8c1bd5887cc4a89e1f286fed9ee31ce12dba9f6813cf14082ada3e9ab6f63 0B / 49.79MB 0.5s
#5 sha256:76b8ef87096fa726adbe8f073ef69bb5664bac19474c5cce4dd69e08a234903b 31.46MB / 45.38MB 0.6s
#5 sha256:2e2bafe8a0f40509cc10249087268e66a662e437f10e9598a09abb5687038a57 4.19MB / 11.29MB 0.6s
#5 sha256:84a8c1bd5887cc4a89e1f286fed9ee31ce12dba9f6813cf14082ada3e9ab6f63 4.19MB / 49.79MB 0.6s
#5 sha256:76b8ef87096fa726adbe8f073ef69bb5664bac19474c5cce4dd69e08a234903b 39.85MB / 45.38MB 0.8s
#5 sha256:2e2bafe8a0f40509cc10249087268e66a662e437f10e9598a09abb5687038a57 10.49MB / 11.29MB 0.8s
#5 sha256:84a8c1bd5887cc4a89e1f286fed9ee31ce12dba9f6813cf14082ada3e9ab6f63 15.73MB / 49.79MB 0.8s
#5 sha256:76b8ef87096fa726adbe8f073ef69bb5664bac19474c5cce4dd69e08a234903b 45.38MB / 45.38MB 0.9s
#5 sha256:84a8c1bd5887cc4a89e1f286fed9ee31ce12dba9f6813cf14082ada3e9ab6f63 22.02MB / 49.79MB 0.9s
#5 sha256:2e2bafe8a0f40509cc10249087268e66a662e437f10e9598a09abb5687038a57 11.29MB / 11.29MB 1.0s
#5 sha256:84a8c1bd5887cc4a89e1f286fed9ee31ce12dba9f6813cf14082ada3e9ab6f63 29.36MB / 49.79MB 1.0s
#5 extracting sha256:76b8ef87096fa726adbe8f073ef69bb5664bac19474c5cce4dd69e08a234903b
#5 sha256:76b8ef87096fa726adbe8f073ef69bb5664bac19474c5cce4dd69e08a234903b 45.38MB / 45.38MB 1.0s done
#5 sha256:2e2bafe8a0f40509cc10249087268e66a662e437f10e9598a09abb5687038a57 11.29MB / 11.29MB 1.0s done
#5 sha256:84a8c1bd5887cc4a89e1f286fed9ee31ce12dba9f6813cf14082ada3e9ab6f63 38.80MB / 49.79MB 1.1s
#5 sha256:7a803dc0b40fcd10faee3fb3ebb2d7aaa88500520e6295295f5163c4bb48548b 0B / 214.35MB 1.1s
#5 sha256:b800e94e7303e276b8fb4911a40bfe28f46180d997022c69bf1ee02fb7b86721 0B / 4.19kB 1.1s
#5 sha256:84a8c1bd5887cc4a89e1f286fed9ee31ce12dba9f6813cf14082ada3e9ab6f63 48.23MB / 49.79MB 1.2s
#5 sha256:b800e94e7303e276b8fb4911a40bfe28f46180d997022c69bf1ee02fb7b86721 4.19kB / 4.19kB 1.1s done
#5 sha256:0da9fbf60d485c74d153bfc7562f34533550e3dd8aa78f5e8c2476ed500e0e73 0B / 21.42MB 1.2s
#5 sha256:0da9fbf60d485c74d153bfc7562f34533550e3dd8aa78f5e8c2476ed500e0e73 2.10MB / 21.42MB 1.3s
#5 sha256:84a8c1bd5887cc4a89e1f286fed9ee31ce12dba9f6813cf14082ada3e9ab6f63 49.79MB / 49.79MB 1.3s done
#5 sha256:7a803dc0b40fcd10faee3fb3ebb2d7aaa88500520e6295295f5163c4bb48548b 12.58MB / 214.35MB 1.4s
#5 sha256:0da9fbf60d485c74d153bfc7562f34533550e3dd8aa78f5e8c2476ed500e0e73 6.29MB / 21.42MB 1.4s
#5 sha256:04dccde934cf0d6ab9d303fe73b36bc4ed84329d9d562049a69a5d38afb83f14 0B / 2.48MB 1.4s
#5 sha256:0da9fbf60d485c74d153bfc7562f34533550e3dd8aa78f5e8c2476ed500e0e73 10.49MB / 21.42MB 1.5s
#5 sha256:7a803dc0b40fcd10faee3fb3ebb2d7aaa88500520e6295295f5163c4bb48548b 28.31MB / 214.35MB 1.7s
#5 sha256:0da9fbf60d485c74d153bfc7562f34533550e3dd8aa78f5e8c2476ed500e0e73 21.42MB / 21.42MB 1.7s
#5 sha256:04dccde934cf0d6ab9d303fe73b36bc4ed84329d9d562049a69a5d38afb83f14 2.48MB / 2.48MB 1.5s done
#5 sha256:73269890f6fdf96184d0fdb0afe3cf697b0c8dbe1e7a077f0fab445d74372c78 294B / 294B 1.6s done
#5 sha256:0da9fbf60d485c74d153bfc7562f34533550e3dd8aa78f5e8c2476ed500e0e73 21.42MB / 21.42MB 1.7s done
#5 sha256:7a803dc0b40fcd10faee3fb3ebb2d7aaa88500520e6295295f5163c4bb48548b 56.62MB / 214.35MB 2.1s
#5 sha256:7a803dc0b40fcd10faee3fb3ebb2d7aaa88500520e6295295f5163c4bb48548b 75.50MB / 214.35MB 2.3s
#5 sha256:7a803dc0b40fcd10faee3fb3ebb2d7aaa88500520e6295295f5163c4bb48548b 92.27MB / 214.35MB 2.5s
#5 sha256:7a803dc0b40fcd10faee3fb3ebb2d7aaa88500520e6295295f5163c4bb48548b 120.78MB / 214.35MB 2.8s
#5 sha256:7a803dc0b40fcd10faee3fb3ebb2d7aaa88500520e6295295f5163c4bb48548b 140.51MB / 214.35MB 3.0s
#5 sha256:7a803dc0b40fcd10faee3fb3ebb2d7aaa88500520e6295295f5163c4bb48548b 159.38MB / 214.35MB 3.2s
#5 sha256:7a803dc0b40fcd10faee3fb3ebb2d7aaa88500520e6295295f5163c4bb48548b 185.60MB / 214.35MB 3.5s
#5 sha256:7a803dc0b40fcd10faee3fb3ebb2d7aaa88500520e6295295f5163c4bb48548b 205.52MB / 214.35MB 3.7s
#5 extracting sha256:76b8ef87096fa726adbe8f073ef69bb5664bac19474c5cce4dd69e08a234903b 3.1s done
#5 sha256:7a803dc0b40fcd10faee3fb3ebb2d7aaa88500520e6295295f5163c4bb48548b 214.35MB / 214.35MB 4.5s done
#5 extracting sha256:2e2bafe8a0f40509cc10249087268e66a662e437f10e9598a09abb5687038a57
#5 extracting sha256:2e2bafe8a0f40509cc10249087268e66a662e437f10e9598a09abb5687038a57 0.5s done
#5 extracting sha256:b53ce1fd2746e8d2037f1b0b91ddea0cc7411eb3e5949fe10c0320aca8f7392b 0.1s
#5 extracting sha256:b53ce1fd2746e8d2037f1b0b91ddea0cc7411eb3e5949fe10c0320aca8f7392b 0.1s done
#5 extracting sha256:84a8c1bd5887cc4a89e1f286fed9ee31ce12dba9f6813cf14082ada3e9ab6f63
#5 extracting sha256:84a8c1bd5887cc4a89e1f286fed9ee31ce12dba9f6813cf14082ada3e9ab6f63 3.3s done
#5 extracting sha256:7a803dc0b40fcd10faee3fb3ebb2d7aaa88500520e6295295f5163c4bb48548b
#5 extracting sha256:7a803dc0b40fcd10faee3fb3ebb2d7aaa88500520e6295295f5163c4bb48548b 5.0s
#5 extracting sha256:7a803dc0b40fcd10faee3fb3ebb2d7aaa88500520e6295295f5163c4bb48548b 10.1s
#5 extracting sha256:7a803dc0b40fcd10faee3fb3ebb2d7aaa88500520e6295295f5163c4bb48548b 11.3s done
#5 extracting sha256:b800e94e7303e276b8fb4911a40bfe28f46180d997022c69bf1ee02fb7b86721
#5 extracting sha256:b800e94e7303e276b8fb4911a40bfe28f46180d997022c69bf1ee02fb7b86721 done
#5 extracting sha256:0da9fbf60d485c74d153bfc7562f34533550e3dd8aa78f5e8c2476ed500e0e73 0.1s
#5 extracting sha256:0da9fbf60d485c74d153bfc7562f34533550e3dd8aa78f5e8c2476ed500e0e73 2.2s done
#5 extracting sha256:04dccde934cf0d6ab9d303fe73b36bc4ed84329d9d562049a69a5d38afb83f14
#5 extracting sha256:04dccde934cf0d6ab9d303fe73b36bc4ed84329d9d562049a69a5d38afb83f14 0.1s done
#5 extracting sha256:73269890f6fdf96184d0fdb0afe3cf697b0c8dbe1e7a077f0fab445d74372c78
#5 extracting sha256:73269890f6fdf96184d0fdb0afe3cf697b0c8dbe1e7a077f0fab445d74372c78 done
#5 DONE 23.1s

#6 [2/7] RUN apt-get update &&     apt-get install --no-install-recommends -yq gconf-service libasound2 libatk1.0-0 libc6 libcairo2 libcups2 libdbus-1-3     libexpat1 libfontconfig1 libgcc1 libgconf-2-4 libgdk-pixbuf2.0-0 libglib2.0-0 libgtk-3-0 libnspr4     libpango-1.0-0 libpangocairo-1.0-0 libstdc++6 libx11-6 libx11-xcb1 libxcb1 libxcomposite1     libxcursor1 libxdamage1 libxext6 libxfixes3 libxi6 libxrandr2 libxrender1 libxss1 libxtst6     ca-certificates fonts-liberation libappindicator1 libnss3 lsb-release xdg-utils wget && rm -rf /var/lib/apt/lists/*;
#6 0.230 Ign:1 http://deb.debian.org/debian stretch InRelease
#6 0.230 Ign:2 http://security.debian.org/debian-security stretch/updates InRelease
#6 0.238 Ign:3 http://deb.debian.org/debian stretch-updates InRelease
#6 0.240 Ign:4 http://security.debian.org/debian-security stretch/updates Release
#6 0.249 Ign:5 http://deb.debian.org/debian stretch Release
#6 0.252 Ign:6 http://security.debian.org/debian-security stretch/updates/main amd64 Packages
#6 0.259 Ign:7 http://deb.debian.org/debian stretch-updates Release
#6 0.262 Ign:8 http://security.debian.org/debian-security stretch/updates/main all Packages
#6 0.270 Ign:9 http://deb.debian.org/debian stretch/main all Packages
#6 0.274 Ign:6 http://security.debian.org/debian-security stretch/updates/main amd64 Packages
#6 0.277 Ign:10 http://deb.debian.org/debian stretch/main amd64 Packages
#6 0.286 Ign:11 http://deb.debian.org/debian stretch-updates/main amd64 Packages
#6 0.286 Ign:8 http://security.debian.org/debian-security stretch/updates/main all Packages
#6 0.296 Ign:12 http://deb.debian.org/debian stretch-updates/main all Packages
#6 0.296 Ign:6 http://security.debian.org/debian-security stretch/updates/main amd64 Packages
#6 0.304 Ign:9 http://deb.debian.org/debian stretch/main all Packages
#6 0.307 Ign:8 http://security.debian.org/debian-security stretch/updates/main all Packages
#6 0.319 Ign:6 http://security.debian.org/debian-security stretch/updates/main amd64 Packages
#6 0.328 Ign:8 http://security.debian.org/debian-security stretch/updates/main all Packages
#6 0.340 Ign:6 http://security.debian.org/debian-security stretch/updates/main amd64 Packages
#6 0.351 Ign:8 http://security.debian.org/debian-security stretch/updates/main all Packages
#6 0.361 Err:6 http://security.debian.org/debian-security stretch/updates/main amd64 Packages
#6 0.361   404  Not Found
#6 0.371 Ign:8 http://security.debian.org/debian-security stretch/updates/main all Packages
#6 0.452 Ign:10 http://deb.debian.org/debian stretch/main amd64 Packages
#6 0.461 Ign:11 http://deb.debian.org/debian stretch-updates/main amd64 Packages
#6 0.470 Ign:12 http://deb.debian.org/debian stretch-updates/main all Packages
#6 0.479 Ign:9 http://deb.debian.org/debian stretch/main all Packages
#6 0.487 Ign:10 http://deb.debian.org/debian stretch/main amd64 Packages
#6 0.495 Ign:11 http://deb.debian.org/debian stretch-updates/main amd64 Packages
#6 0.504 Ign:12 http://deb.debian.org/debian stretch-updates/main all Packages
#6 0.513 Ign:9 http://deb.debian.org/debian stretch/main all Packages
#6 0.660 Ign:10 http://deb.debian.org/debian stretch/main amd64 Packages
#6 0.669 Ign:11 http://deb.debian.org/debian stretch-updates/main amd64 Packages
#6 0.679 Ign:12 http://deb.debian.org/debian stretch-updates/main all Packages
#6 0.689 Ign:9 http://deb.debian.org/debian stretch/main all Packages
#6 0.840 Ign:10 http://deb.debian.org/debian stretch/main amd64 Packages
#6 0.848 Ign:11 http://deb.debian.org/debian stretch-updates/main amd64 Packages
#6 0.856 Ign:12 http://deb.debian.org/debian stretch-updates/main all Packages
#6 0.865 Ign:9 http://deb.debian.org/debian stretch/main all Packages
#6 0.882 Err:10 http://deb.debian.org/debian stretch/main amd64 Packages
#6 0.882   404  Not Found
#6 0.890 Err:11 http://deb.debian.org/debian stretch-updates/main amd64 Packages
#6 0.890   404  Not Found
#6 0.900 Ign:12 http://deb.debian.org/debian stretch-updates/main all Packages
#6 0.905 Reading package lists...
#6 0.916 W: The repository 'http://security.debian.org/debian-security stretch/updates Release' does not have a Release file.
#6 0.916 W: The repository 'http://deb.debian.org/debian stretch Release' does not have a Release file.
#6 0.916 W: The repository 'http://deb.debian.org/debian stretch-updates Release' does not have a Release file.
#6 0.916 E: Failed to fetch http://security.debian.org/debian-security/dists/stretch/updates/main/binary-amd64/Packages  404  Not Found
#6 0.916 E: Failed to fetch http://deb.debian.org/debian/dists/stretch/main/binary-amd64/Packages  404  Not Found
#6 0.916 E: Failed to fetch http://deb.debian.org/debian/dists/stretch-updates/main/binary-amd64/Packages  404  Not Found
#6 0.916 E: Some index files failed to download. They have been ignored, or old ones used instead.
#6 ERROR: process "/bin/sh -c apt-get update &&     apt-get install --no-install-recommends -yq gconf-service libasound2 libatk1.0-0 libc6 libcairo2 libcups2 libdbus-1-3     libexpat1 libfontconfig1 libgcc1 libgconf-2-4 libgdk-pixbuf2.0-0 libglib2.0-0 libgtk-3-0 libnspr4     libpango-1.0-0 libpangocairo-1.0-0 libstdc++6 libx11-6 libx11-xcb1 libxcb1 libxcomposite1     libxcursor1 libxdamage1 libxext6 libxfixes3 libxi6 libxrandr2 libxrender1 libxss1 libxtst6     ca-certificates fonts-liberation libappindicator1 libnss3 lsb-release xdg-utils wget && rm -rf /var/lib/apt/lists/*;" did not complete successfully: exit code: 100
------
 > [2/7] RUN apt-get update &&     apt-get install --no-install-recommends -yq gconf-service libasound2 libatk1.0-0 libc6 libcairo2 libcups2 libdbus-1-3     libexpat1 libfontconfig1 libgcc1 libgconf-2-4 libgdk-pixbuf2.0-0 libglib2.0-0 libgtk-3-0 libnspr4     libpango-1.0-0 libpangocairo-1.0-0 libstdc++6 libx11-6 libx11-xcb1 libxcb1 libxcomposite1     libxcursor1 libxdamage1 libxext6 libxfixes3 libxi6 libxrandr2 libxrender1 libxss1 libxtst6     ca-certificates fonts-liberation libappindicator1 libnss3 lsb-release xdg-utils wget && rm -rf /var/lib/apt/lists/*;:
0.890   404  Not Found
0.900 Ign:12 http://deb.debian.org/debian stretch-updates/main all Packages
0.905 Reading package lists...
0.916 W: The repository 'http://security.debian.org/debian-security stretch/updates Release' does not have a Release file.
0.916 W: The repository 'http://deb.debian.org/debian stretch Release' does not have a Release file.
0.916 W: The repository 'http://deb.debian.org/debian stretch-updates Release' does not have a Release file.
0.916 E: Failed to fetch http://security.debian.org/debian-security/dists/stretch/updates/main/binary-amd64/Packages  404  Not Found
0.916 E: Failed to fetch http://deb.debian.org/debian/dists/stretch/main/binary-amd64/Packages  404  Not Found
0.916 E: Failed to fetch http://deb.debian.org/debian/dists/stretch-updates/main/binary-amd64/Packages  404  Not Found
0.916 E: Some index files failed to download. They have been ignored, or old ones used instead.
------
v1_Dockerfile:4
--------------------
   3 |     # Adds required libs
   4 | >>> RUN apt-get update && \
   5 | >>>     apt-get install --no-install-recommends -yq gconf-service libasound2 libatk1.0-0 libc6 libcairo2 libcups2 libdbus-1-3 \
   6 | >>>     libexpat1 libfontconfig1 libgcc1 libgconf-2-4 libgdk-pixbuf2.0-0 libglib2.0-0 libgtk-3-0 libnspr4 \
   7 | >>>     libpango-1.0-0 libpangocairo-1.0-0 libstdc++6 libx11-6 libx11-xcb1 libxcb1 libxcomposite1 \
   8 | >>>     libxcursor1 libxdamage1 libxext6 libxfixes3 libxi6 libxrandr2 libxrender1 libxss1 libxtst6 \
   9 | >>>     ca-certificates fonts-liberation libappindicator1 libnss3 lsb-release xdg-utils wget && rm -rf /var/lib/apt/lists/*;
  10 |     
--------------------
ERROR: failed to solve: process "/bin/sh -c apt-get update &&     apt-get install --no-install-recommends -yq gconf-service libasound2 libatk1.0-0 libc6 libcairo2 libcups2 libdbus-1-3     libexpat1 libfontconfig1 libgcc1 libgconf-2-4 libgdk-pixbuf2.0-0 libglib2.0-0 libgtk-3-0 libnspr4     libpango-1.0-0 libpangocairo-1.0-0 libstdc++6 libx11-6 libx11-xcb1 libxcb1 libxcomposite1     libxcursor1 libxdamage1 libxext6 libxfixes3 libxi6 libxrandr2 libxrender1 libxss1 libxtst6     ca-certificates fonts-liberation libappindicator1 libnss3 lsb-release xdg-utils wget && rm -rf /var/lib/apt/lists/*;" did not complete successfully: exit code: 100
Duration: 0:31.71