#0 building with "default" instance using docker driver

#1 [internal] load .dockerignore
#1 ...

#2 [internal] load build definition from Dockerfile
#2 transferring dockerfile: 658B done
#2 DONE 0.3s

#1 [internal] load .dockerignore
#1 transferring context: 2B done
#1 DONE 0.4s

#3 [internal] load metadata for docker.io/library/golang:latest
#3 ...

#4 [auth] bitnami/minideb:pull token for registry-1.docker.io
#4 DONE 0.0s

#5 [auth] library/golang:pull token for registry-1.docker.io
#5 DONE 0.0s

#6 [internal] load metadata for docker.io/bitnami/minideb:stretch
#6 DONE 1.6s

#3 [internal] load metadata for docker.io/library/golang:latest
#3 DONE 1.8s

#7 [internal] load build context
#7 DONE 0.0s

#8 [builder 1/4] FROM docker.io/library/golang@sha256:86a3c48a61915a8c62c0e1d7594730399caa3feb73655dfe96c7bc17710e96cf
#8 resolve docker.io/library/golang@sha256:86a3c48a61915a8c62c0e1d7594730399caa3feb73655dfe96c7bc17710e96cf
#8 resolve docker.io/library/golang@sha256:86a3c48a61915a8c62c0e1d7594730399caa3feb73655dfe96c7bc17710e96cf 0.3s done
#8 sha256:86a3c48a61915a8c62c0e1d7594730399caa3feb73655dfe96c7bc17710e96cf 9.74kB / 9.74kB done
#8 sha256:a07daa84ec6c320c62f1fddb40b84698de004aac1c5ceb28243d674952d536f3 2.32kB / 2.32kB done
#8 sha256:a61b645b609b758e4c0a9c57efbba8ccc610abb4d96544cedd8411aa1c9e4b09 2.82kB / 2.82kB done
#8 sha256:ca4e5d6727252f0dbc207fbf283cb95e278bf562bda42d35ce6c919583a110a0 0B / 49.55MB 0.1s
#8 sha256:30b93c12a9c9326732b35d9e3ebe57148abe33f8fa6e25ab76867410b0ccf876 0B / 24.05MB 0.2s
#8 sha256:10d643a5fa823cd013a108b2076f4d2edf1b2a921f863b533e83ea5ed8d09bd4 0B / 64.14MB 0.2s
#8 sha256:ca4e5d6727252f0dbc207fbf283cb95e278bf562bda42d35ce6c919583a110a0 4.19MB / 49.55MB 0.4s
#8 ...

#7 [internal] load build context
#7 transferring context: 35.83MB 0.4s done
#7 DONE 0.7s

#8 [builder 1/4] FROM docker.io/library/golang@sha256:86a3c48a61915a8c62c0e1d7594730399caa3feb73655dfe96c7bc17710e96cf
#8 sha256:ca4e5d6727252f0dbc207fbf283cb95e278bf562bda42d35ce6c919583a110a0 7.34MB / 49.55MB 0.5s
#8 sha256:30b93c12a9c9326732b35d9e3ebe57148abe33f8fa6e25ab76867410b0ccf876 2.10MB / 24.05MB 0.5s
#8 sha256:ca4e5d6727252f0dbc207fbf283cb95e278bf562bda42d35ce6c919583a110a0 12.58MB / 49.55MB 0.7s
#8 sha256:30b93c12a9c9326732b35d9e3ebe57148abe33f8fa6e25ab76867410b0ccf876 5.24MB / 24.05MB 0.7s
#8 sha256:10d643a5fa823cd013a108b2076f4d2edf1b2a921f863b533e83ea5ed8d09bd4 6.29MB / 64.14MB 0.7s
#8 sha256:ca4e5d6727252f0dbc207fbf283cb95e278bf562bda42d35ce6c919583a110a0 15.73MB / 49.55MB 0.9s
#8 sha256:30b93c12a9c9326732b35d9e3ebe57148abe33f8fa6e25ab76867410b0ccf876 10.49MB / 24.05MB 0.9s
#8 sha256:10d643a5fa823cd013a108b2076f4d2edf1b2a921f863b533e83ea5ed8d09bd4 11.53MB / 64.14MB 0.9s
#8 sha256:30b93c12a9c9326732b35d9e3ebe57148abe33f8fa6e25ab76867410b0ccf876 15.73MB / 24.05MB 1.1s
#8 sha256:10d643a5fa823cd013a108b2076f4d2edf1b2a921f863b533e83ea5ed8d09bd4 16.78MB / 64.14MB 1.1s
#8 sha256:ca4e5d6727252f0dbc207fbf283cb95e278bf562bda42d35ce6c919583a110a0 20.97MB / 49.55MB 1.2s
#8 sha256:30b93c12a9c9326732b35d9e3ebe57148abe33f8fa6e25ab76867410b0ccf876 17.83MB / 24.05MB 1.2s
#8 sha256:30b93c12a9c9326732b35d9e3ebe57148abe33f8fa6e25ab76867410b0ccf876 20.97MB / 24.05MB 1.3s
#8 sha256:10d643a5fa823cd013a108b2076f4d2edf1b2a921f863b533e83ea5ed8d09bd4 22.42MB / 64.14MB 1.3s
#8 sha256:ca4e5d6727252f0dbc207fbf283cb95e278bf562bda42d35ce6c919583a110a0 25.17MB / 49.55MB 1.5s
#8 sha256:30b93c12a9c9326732b35d9e3ebe57148abe33f8fa6e25ab76867410b0ccf876 24.05MB / 24.05MB 1.5s
#8 sha256:10d643a5fa823cd013a108b2076f4d2edf1b2a921f863b533e83ea5ed8d09bd4 29.36MB / 64.14MB 1.5s
#8 sha256:10d643a5fa823cd013a108b2076f4d2edf1b2a921f863b533e83ea5ed8d09bd4 35.65MB / 64.14MB 1.6s
#8 sha256:ca4e5d6727252f0dbc207fbf283cb95e278bf562bda42d35ce6c919583a110a0 29.36MB / 49.55MB 1.8s
#8 sha256:10d643a5fa823cd013a108b2076f4d2edf1b2a921f863b533e83ea5ed8d09bd4 48.23MB / 64.14MB 1.8s
#8 sha256:ca4e5d6727252f0dbc207fbf283cb95e278bf562bda42d35ce6c919583a110a0 34.60MB / 49.55MB 1.9s
#8 sha256:30b93c12a9c9326732b35d9e3ebe57148abe33f8fa6e25ab76867410b0ccf876 24.05MB / 24.05MB 1.9s done
#8 sha256:10d643a5fa823cd013a108b2076f4d2edf1b2a921f863b533e83ea5ed8d09bd4 61.87MB / 64.14MB 1.9s
#8 sha256:5e53f8e7a11a56a5e15226ca5d9a2f740b0e5aa702ca2616748207531fee32ca 0B / 92.23MB 2.0s
#8 sha256:ca4e5d6727252f0dbc207fbf283cb95e278bf562bda42d35ce6c919583a110a0 38.80MB / 49.55MB 2.2s
#8 sha256:5e53f8e7a11a56a5e15226ca5d9a2f740b0e5aa702ca2616748207531fee32ca 10.49MB / 92.23MB 2.2s
#8 sha256:5e53f8e7a11a56a5e15226ca5d9a2f740b0e5aa702ca2616748207531fee32ca 24.12MB / 92.23MB 2.3s
#8 sha256:ca4e5d6727252f0dbc207fbf283cb95e278bf562bda42d35ce6c919583a110a0 42.26MB / 49.55MB 2.5s
#8 sha256:5e53f8e7a11a56a5e15226ca5d9a2f740b0e5aa702ca2616748207531fee32ca 40.89MB / 92.23MB 2.5s
#8 sha256:ca4e5d6727252f0dbc207fbf283cb95e278bf562bda42d35ce6c919583a110a0 46.14MB / 49.55MB 2.6s
#8 sha256:5e53f8e7a11a56a5e15226ca5d9a2f740b0e5aa702ca2616748207531fee32ca 52.43MB / 92.23MB 2.6s
#8 sha256:ca4e5d6727252f0dbc207fbf283cb95e278bf562bda42d35ce6c919583a110a0 49.55MB / 49.55MB 2.8s
#8 sha256:5e53f8e7a11a56a5e15226ca5d9a2f740b0e5aa702ca2616748207531fee32ca 70.25MB / 92.23MB 2.8s
#8 sha256:10d643a5fa823cd013a108b2076f4d2edf1b2a921f863b533e83ea5ed8d09bd4 64.14MB / 64.14MB 2.9s done
#8 sha256:5e53f8e7a11a56a5e15226ca5d9a2f740b0e5aa702ca2616748207531fee32ca 82.84MB / 92.23MB 3.0s
#8 sha256:5e53f8e7a11a56a5e15226ca5d9a2f740b0e5aa702ca2616748207531fee32ca 92.23MB / 92.23MB 3.1s
#8 sha256:ca4e5d6727252f0dbc207fbf283cb95e278bf562bda42d35ce6c919583a110a0 49.55MB / 49.55MB 3.8s done
#8 extracting sha256:ca4e5d6727252f0dbc207fbf283cb95e278bf562bda42d35ce6c919583a110a0
#8 sha256:32a2f51ff3dde07bfa1ce35b5597b2d97295e64a461d98e696feda7b25a6dc5f 0B / 69.35MB 3.9s
#8 sha256:ddb1467b736f6b84ad01493f98b050ed46efd37c54e4307fffc56ed028fdeab6 0B / 126B 3.9s
#8 sha256:ddb1467b736f6b84ad01493f98b050ed46efd37c54e4307fffc56ed028fdeab6 126B / 126B 4.0s
#8 sha256:32a2f51ff3dde07bfa1ce35b5597b2d97295e64a461d98e696feda7b25a6dc5f 9.44MB / 69.35MB 4.1s
#8 sha256:32a2f51ff3dde07bfa1ce35b5597b2d97295e64a461d98e696feda7b25a6dc5f 24.12MB / 69.35MB 4.3s
#8 sha256:32a2f51ff3dde07bfa1ce35b5597b2d97295e64a461d98e696feda7b25a6dc5f 32.05MB / 69.35MB 4.4s
#8 sha256:32a2f51ff3dde07bfa1ce35b5597b2d97295e64a461d98e696feda7b25a6dc5f 38.80MB / 69.35MB 4.5s
#8 sha256:32a2f51ff3dde07bfa1ce35b5597b2d97295e64a461d98e696feda7b25a6dc5f 51.38MB / 69.35MB 4.7s
#8 sha256:32a2f51ff3dde07bfa1ce35b5597b2d97295e64a461d98e696feda7b25a6dc5f 58.72MB / 69.35MB 4.8s
#8 sha256:32a2f51ff3dde07bfa1ce35b5597b2d97295e64a461d98e696feda7b25a6dc5f 65.01MB / 69.35MB 4.9s
#8 sha256:32a2f51ff3dde07bfa1ce35b5597b2d97295e64a461d98e696feda7b25a6dc5f 69.35MB / 69.35MB 5.0s
#8 sha256:5e53f8e7a11a56a5e15226ca5d9a2f740b0e5aa702ca2616748207531fee32ca 92.23MB / 92.23MB 5.3s done
#8 sha256:ddb1467b736f6b84ad01493f98b050ed46efd37c54e4307fffc56ed028fdeab6 126B / 126B 5.4s done
#8 sha256:32a2f51ff3dde07bfa1ce35b5597b2d97295e64a461d98e696feda7b25a6dc5f 69.35MB / 69.35MB 6.4s done
#8 sha256:4f4fb700ef54461cfa02571ae0db9a0dc1e0cdb5577484a6d75e68dc38e8acc1 32B / 32B 6.6s
#8 extracting sha256:ca4e5d6727252f0dbc207fbf283cb95e278bf562bda42d35ce6c919583a110a0 3.7s done
#8 sha256:4f4fb700ef54461cfa02571ae0db9a0dc1e0cdb5577484a6d75e68dc38e8acc1 32B / 32B 7.6s done
#8 extracting sha256:30b93c12a9c9326732b35d9e3ebe57148abe33f8fa6e25ab76867410b0ccf876
#8 extracting sha256:30b93c12a9c9326732b35d9e3ebe57148abe33f8fa6e25ab76867410b0ccf876 1.1s done
#8 ...

#9 [stage-1 1/3] FROM docker.io/bitnami/minideb:stretch@sha256:a6f24bce85d037d47cc552635b0f0a3623472bbcf16b33711fb0fe4e6a34480f
#9 resolve docker.io/bitnami/minideb:stretch@sha256:a6f24bce85d037d47cc552635b0f0a3623472bbcf16b33711fb0fe4e6a34480f 0.3s done
#9 sha256:a6f24bce85d037d47cc552635b0f0a3623472bbcf16b33711fb0fe4e6a34480f 741B / 741B done
#9 sha256:b0671f4930e13f9b839bc0c795727951b7ab1e0e5c46fcb3b639f8bdd9dd2b7f 528B / 528B done
#9 sha256:e398a222dbd61796b392b33bf534e8372bce2b552fcd97534f5a1203c69a231f 910B / 910B done
#9 sha256:0e9cbea7213538713bd6e034abe4f22cfe7a694d7e54ef4bacbc66431afe1fc1 22.15MB / 22.15MB 8.0s done
#9 extracting sha256:0e9cbea7213538713bd6e034abe4f22cfe7a694d7e54ef4bacbc66431afe1fc1 1.3s
#9 extracting sha256:0e9cbea7213538713bd6e034abe4f22cfe7a694d7e54ef4bacbc66431afe1fc1 2.9s done
#9 ...

#8 [builder 1/4] FROM docker.io/library/golang@sha256:86a3c48a61915a8c62c0e1d7594730399caa3feb73655dfe96c7bc17710e96cf
#8 extracting sha256:10d643a5fa823cd013a108b2076f4d2edf1b2a921f863b533e83ea5ed8d09bd4
#8 ...

#9 [stage-1 1/3] FROM docker.io/bitnami/minideb:stretch@sha256:a6f24bce85d037d47cc552635b0f0a3623472bbcf16b33711fb0fe4e6a34480f
#9 DONE 12.0s

#8 [builder 1/4] FROM docker.io/library/golang@sha256:86a3c48a61915a8c62c0e1d7594730399caa3feb73655dfe96c7bc17710e96cf
#8 extracting sha256:10d643a5fa823cd013a108b2076f4d2edf1b2a921f863b533e83ea5ed8d09bd4 4.0s done
#8 extracting sha256:5e53f8e7a11a56a5e15226ca5d9a2f740b0e5aa702ca2616748207531fee32ca
#8 extracting sha256:5e53f8e7a11a56a5e15226ca5d9a2f740b0e5aa702ca2616748207531fee32ca 5.1s
#8 extracting sha256:5e53f8e7a11a56a5e15226ca5d9a2f740b0e5aa702ca2616748207531fee32ca 5.2s done
#8 ...

#10 [stage-1 2/3] RUN install_packages ca-certificates
#10 4.426 W: The repository 'http://deb.debian.org/debian stretch Release' does not have a Release file.
#10 4.426 W: The repository 'http://security.debian.org stretch/updates Release' does not have a Release file.
#10 4.426 E: Failed to fetch http://deb.debian.org/debian/dists/stretch/main/binary-amd64/Packages  404  Not Found
#10 4.426 E: Failed to fetch http://security.debian.org/dists/stretch/updates/main/binary-amd64/Packages  404  Not Found [IP: 151.101.66.132 80]
#10 4.426 E: Some index files failed to download. They have been ignored, or old ones used instead.
#10 4.427 apt failed, retrying
#10 4.614 W: The repository 'http://security.debian.org stretch/updates Release' does not have a Release file.
#10 4.614 W: The repository 'http://deb.debian.org/debian stretch Release' does not have a Release file.
#10 4.614 E: Failed to fetch http://security.debian.org/dists/stretch/updates/main/binary-amd64/Packages  404  Not Found [IP: 151.101.66.132 80]
#10 4.614 E: Failed to fetch http://deb.debian.org/debian/dists/stretch/main/binary-amd64/Packages  404  Not Found
#10 4.614 E: Some index files failed to download. They have been ignored, or old ones used instead.
#10 4.614 apt failed, retrying
#10 4.801 W: The repository 'http://security.debian.org stretch/updates Release' does not have a Release file.
#10 4.801 W: The repository 'http://deb.debian.org/debian stretch Release' does not have a Release file.
#10 4.801 E: Failed to fetch http://security.debian.org/dists/stretch/updates/main/binary-amd64/Packages  404  Not Found [IP: 151.101.66.132 80]
#10 4.801 E: Failed to fetch http://deb.debian.org/debian/dists/stretch/main/binary-amd64/Packages  404  Not Found
#10 4.801 E: Some index files failed to download. They have been ignored, or old ones used instead.
#10 ERROR: process "/bin/sh -c install_packages ca-certificates" did not complete successfully: exit code: 100

#8 [builder 1/4] FROM docker.io/library/golang@sha256:86a3c48a61915a8c62c0e1d7594730399caa3feb73655dfe96c7bc17710e96cf
#8 CANCELED
------
 > [stage-1 2/3] RUN install_packages ca-certificates:
4.614 W: The repository 'http://deb.debian.org/debian stretch Release' does not have a Release file.
4.614 E: Failed to fetch http://security.debian.org/dists/stretch/updates/main/binary-amd64/Packages  404  Not Found [IP: 151.101.66.132 80]
4.614 E: Failed to fetch http://deb.debian.org/debian/dists/stretch/main/binary-amd64/Packages  404  Not Found
4.614 E: Some index files failed to download. They have been ignored, or old ones used instead.
4.614 apt failed, retrying
4.801 W: The repository 'http://security.debian.org stretch/updates Release' does not have a Release file.
4.801 W: The repository 'http://deb.debian.org/debian stretch Release' does not have a Release file.
4.801 E: Failed to fetch http://security.debian.org/dists/stretch/updates/main/binary-amd64/Packages  404  Not Found [IP: 151.101.66.132 80]
4.801 E: Failed to fetch http://deb.debian.org/debian/dists/stretch/main/binary-amd64/Packages  404  Not Found
4.801 E: Some index files failed to download. They have been ignored, or old ones used instead.
------
Dockerfile:15
--------------------
  13 |     
  14 |     FROM bitnami/minideb:stretch
  15 | >>> RUN install_packages ca-certificates
  16 |     
  17 |     COPY --from=builder /kubewatch /bin/kubewatch
--------------------
ERROR: failed to solve: process "/bin/sh -c install_packages ca-certificates" did not complete successfully: exit code: 100
Duration: 0:34.37