#0 building with "default" instance using docker driver

#1 [internal] load build definition from v1_Dockerfile
#1 transferring dockerfile: 752B done
#1 DONE 0.0s

#2 [internal] load metadata for docker.io/library/golang:latest
#2 DONE 0.5s

#3 [internal] load metadata for docker.io/bitnami/minideb:stretch
#3 DONE 0.7s

#4 [internal] load .dockerignore
#4 transferring context: 2B done
#4 DONE 0.0s

#5 [stage-1 1/3] FROM docker.io/bitnami/minideb:stretch@sha256:a6f24bce85d037d47cc552635b0f0a3623472bbcf16b33711fb0fe4e6a34480f
#5 resolve docker.io/bitnami/minideb:stretch@sha256:a6f24bce85d037d47cc552635b0f0a3623472bbcf16b33711fb0fe4e6a34480f 0.0s done
#5 sha256:a6f24bce85d037d47cc552635b0f0a3623472bbcf16b33711fb0fe4e6a34480f 741B / 741B done
#5 sha256:b0671f4930e13f9b839bc0c795727951b7ab1e0e5c46fcb3b639f8bdd9dd2b7f 528B / 528B done
#5 sha256:e398a222dbd61796b392b33bf534e8372bce2b552fcd97534f5a1203c69a231f 910B / 910B done
#5 ...

#6 [internal] load build context
#6 transferring context: 35.92MB 0.3s done
#6 DONE 0.3s

#7 [builder 1/4] FROM docker.io/library/golang:latest@sha256:86a3c48a61915a8c62c0e1d7594730399caa3feb73655dfe96c7bc17710e96cf
#7 resolve docker.io/library/golang:latest@sha256:86a3c48a61915a8c62c0e1d7594730399caa3feb73655dfe96c7bc17710e96cf 0.0s done
#7 sha256:86a3c48a61915a8c62c0e1d7594730399caa3feb73655dfe96c7bc17710e96cf 9.74kB / 9.74kB done
#7 sha256:a61b645b609b758e4c0a9c57efbba8ccc610abb4d96544cedd8411aa1c9e4b09 2.82kB / 2.82kB done
#7 sha256:30b93c12a9c9326732b35d9e3ebe57148abe33f8fa6e25ab76867410b0ccf876 2.10MB / 24.05MB 0.5s
#7 sha256:a07daa84ec6c320c62f1fddb40b84698de004aac1c5ceb28243d674952d536f3 2.32kB / 2.32kB done
#7 sha256:ca4e5d6727252f0dbc207fbf283cb95e278bf562bda42d35ce6c919583a110a0 7.34MB / 49.55MB 0.5s
#7 sha256:10d643a5fa823cd013a108b2076f4d2edf1b2a921f863b533e83ea5ed8d09bd4 19.92MB / 64.14MB 0.5s
#7 sha256:30b93c12a9c9326732b35d9e3ebe57148abe33f8fa6e25ab76867410b0ccf876 10.49MB / 24.05MB 0.7s
#7 sha256:ca4e5d6727252f0dbc207fbf283cb95e278bf562bda42d35ce6c919583a110a0 16.78MB / 49.55MB 0.7s
#7 sha256:30b93c12a9c9326732b35d9e3ebe57148abe33f8fa6e25ab76867410b0ccf876 13.63MB / 24.05MB 0.8s
#7 sha256:ca4e5d6727252f0dbc207fbf283cb95e278bf562bda42d35ce6c919583a110a0 20.97MB / 49.55MB 0.8s
#7 sha256:10d643a5fa823cd013a108b2076f4d2edf1b2a921f863b533e83ea5ed8d09bd4 24.12MB / 64.14MB 0.8s
#7 sha256:30b93c12a9c9326732b35d9e3ebe57148abe33f8fa6e25ab76867410b0ccf876 22.02MB / 24.05MB 1.0s
#7 sha256:ca4e5d6727252f0dbc207fbf283cb95e278bf562bda42d35ce6c919583a110a0 28.31MB / 49.55MB 1.0s
#7 sha256:10d643a5fa823cd013a108b2076f4d2edf1b2a921f863b533e83ea5ed8d09bd4 31.46MB / 64.14MB 1.0s
#7 sha256:30b93c12a9c9326732b35d9e3ebe57148abe33f8fa6e25ab76867410b0ccf876 24.05MB / 24.05MB 1.1s done
#7 sha256:ca4e5d6727252f0dbc207fbf283cb95e278bf562bda42d35ce6c919583a110a0 38.80MB / 49.55MB 1.2s
#7 sha256:10d643a5fa823cd013a108b2076f4d2edf1b2a921f863b533e83ea5ed8d09bd4 44.04MB / 64.14MB 1.2s
#7 sha256:5e53f8e7a11a56a5e15226ca5d9a2f740b0e5aa702ca2616748207531fee32ca 0B / 92.23MB 1.2s
#7 sha256:ca4e5d6727252f0dbc207fbf283cb95e278bf562bda42d35ce6c919583a110a0 42.99MB / 49.55MB 1.3s
#7 sha256:ca4e5d6727252f0dbc207fbf283cb95e278bf562bda42d35ce6c919583a110a0 47.19MB / 49.55MB 1.4s
#7 sha256:10d643a5fa823cd013a108b2076f4d2edf1b2a921f863b533e83ea5ed8d09bd4 50.33MB / 64.14MB 1.4s
#7 sha256:5e53f8e7a11a56a5e15226ca5d9a2f740b0e5aa702ca2616748207531fee32ca 6.29MB / 92.23MB 1.4s
#7 sha256:ca4e5d6727252f0dbc207fbf283cb95e278bf562bda42d35ce6c919583a110a0 49.55MB / 49.55MB 1.5s done
#7 sha256:10d643a5fa823cd013a108b2076f4d2edf1b2a921f863b533e83ea5ed8d09bd4 60.82MB / 64.14MB 1.6s
#7 sha256:5e53f8e7a11a56a5e15226ca5d9a2f740b0e5aa702ca2616748207531fee32ca 16.78MB / 92.23MB 1.6s
#7 sha256:32a2f51ff3dde07bfa1ce35b5597b2d97295e64a461d98e696feda7b25a6dc5f 0B / 69.35MB 1.6s
#7 sha256:10d643a5fa823cd013a108b2076f4d2edf1b2a921f863b533e83ea5ed8d09bd4 64.14MB / 64.14MB 1.7s
#7 sha256:5e53f8e7a11a56a5e15226ca5d9a2f740b0e5aa702ca2616748207531fee32ca 22.02MB / 92.23MB 1.7s
#7 extracting sha256:ca4e5d6727252f0dbc207fbf283cb95e278bf562bda42d35ce6c919583a110a0
#7 sha256:5e53f8e7a11a56a5e15226ca5d9a2f740b0e5aa702ca2616748207531fee32ca 27.26MB / 92.23MB 1.8s
#7 sha256:32a2f51ff3dde07bfa1ce35b5597b2d97295e64a461d98e696feda7b25a6dc5f 6.29MB / 69.35MB 1.8s
#7 sha256:10d643a5fa823cd013a108b2076f4d2edf1b2a921f863b533e83ea5ed8d09bd4 64.14MB / 64.14MB 1.8s done
#7 sha256:5e53f8e7a11a56a5e15226ca5d9a2f740b0e5aa702ca2616748207531fee32ca 37.75MB / 92.23MB 2.0s
#7 sha256:32a2f51ff3dde07bfa1ce35b5597b2d97295e64a461d98e696feda7b25a6dc5f 17.83MB / 69.35MB 2.0s
#7 sha256:ddb1467b736f6b84ad01493f98b050ed46efd37c54e4307fffc56ed028fdeab6 126B / 126B 1.9s done
#7 sha256:4f4fb700ef54461cfa02571ae0db9a0dc1e0cdb5577484a6d75e68dc38e8acc1 0B / 32B 2.0s
#7 sha256:5e53f8e7a11a56a5e15226ca5d9a2f740b0e5aa702ca2616748207531fee32ca 42.99MB / 92.23MB 2.1s
#7 sha256:32a2f51ff3dde07bfa1ce35b5597b2d97295e64a461d98e696feda7b25a6dc5f 24.12MB / 69.35MB 2.1s
#7 sha256:4f4fb700ef54461cfa02571ae0db9a0dc1e0cdb5577484a6d75e68dc38e8acc1 32B / 32B 2.0s done
#7 sha256:32a2f51ff3dde07bfa1ce35b5597b2d97295e64a461d98e696feda7b25a6dc5f 28.31MB / 69.35MB 2.2s
#7 sha256:5e53f8e7a11a56a5e15226ca5d9a2f740b0e5aa702ca2616748207531fee32ca 51.38MB / 92.23MB 2.3s
#7 sha256:32a2f51ff3dde07bfa1ce35b5597b2d97295e64a461d98e696feda7b25a6dc5f 36.70MB / 69.35MB 2.4s
#7 sha256:5e53f8e7a11a56a5e15226ca5d9a2f740b0e5aa702ca2616748207531fee32ca 59.77MB / 92.23MB 2.6s
#7 sha256:32a2f51ff3dde07bfa1ce35b5597b2d97295e64a461d98e696feda7b25a6dc5f 42.99MB / 69.35MB 2.6s
#7 sha256:5e53f8e7a11a56a5e15226ca5d9a2f740b0e5aa702ca2616748207531fee32ca 65.01MB / 92.23MB 2.7s
#7 sha256:32a2f51ff3dde07bfa1ce35b5597b2d97295e64a461d98e696feda7b25a6dc5f 48.23MB / 69.35MB 2.7s
#7 sha256:5e53f8e7a11a56a5e15226ca5d9a2f740b0e5aa702ca2616748207531fee32ca 70.25MB / 92.23MB 2.8s
#7 sha256:32a2f51ff3dde07bfa1ce35b5597b2d97295e64a461d98e696feda7b25a6dc5f 52.43MB / 69.35MB 2.8s
#7 sha256:5e53f8e7a11a56a5e15226ca5d9a2f740b0e5aa702ca2616748207531fee32ca 80.74MB / 92.23MB 3.0s
#7 sha256:32a2f51ff3dde07bfa1ce35b5597b2d97295e64a461d98e696feda7b25a6dc5f 60.82MB / 69.35MB 3.0s
#7 sha256:5e53f8e7a11a56a5e15226ca5d9a2f740b0e5aa702ca2616748207531fee32ca 87.03MB / 92.23MB 3.1s
#7 sha256:32a2f51ff3dde07bfa1ce35b5597b2d97295e64a461d98e696feda7b25a6dc5f 65.01MB / 69.35MB 3.1s
#7 sha256:5e53f8e7a11a56a5e15226ca5d9a2f740b0e5aa702ca2616748207531fee32ca 92.23MB / 92.23MB 3.2s
#7 sha256:32a2f51ff3dde07bfa1ce35b5597b2d97295e64a461d98e696feda7b25a6dc5f 69.35MB / 69.35MB 3.2s
#7 sha256:5e53f8e7a11a56a5e15226ca5d9a2f740b0e5aa702ca2616748207531fee32ca 92.23MB / 92.23MB 3.4s done
#7 sha256:32a2f51ff3dde07bfa1ce35b5597b2d97295e64a461d98e696feda7b25a6dc5f 69.35MB / 69.35MB 3.5s done
#7 ...

#5 [stage-1 1/3] FROM docker.io/bitnami/minideb:stretch@sha256:a6f24bce85d037d47cc552635b0f0a3623472bbcf16b33711fb0fe4e6a34480f
#5 sha256:0e9cbea7213538713bd6e034abe4f22cfe7a694d7e54ef4bacbc66431afe1fc1 22.15MB / 22.15MB 2.7s done
#5 extracting sha256:0e9cbea7213538713bd6e034abe4f22cfe7a694d7e54ef4bacbc66431afe1fc1 1.7s done
#5 DONE 4.6s

#7 [builder 1/4] FROM docker.io/library/golang:latest@sha256:86a3c48a61915a8c62c0e1d7594730399caa3feb73655dfe96c7bc17710e96cf
#7 extracting sha256:ca4e5d6727252f0dbc207fbf283cb95e278bf562bda42d35ce6c919583a110a0 3.2s done
#7 extracting sha256:30b93c12a9c9326732b35d9e3ebe57148abe33f8fa6e25ab76867410b0ccf876
#7 extracting sha256:30b93c12a9c9326732b35d9e3ebe57148abe33f8fa6e25ab76867410b0ccf876 0.9s done
#7 ...

#8 [stage-1 2/3] RUN install_packages ca-certificates
#8 0.390 W: The repository 'http://security.debian.org stretch/updates Release' does not have a Release file.
#8 0.390 W: The repository 'http://deb.debian.org/debian stretch Release' does not have a Release file.
#8 0.390 E: Failed to fetch http://security.debian.org/dists/stretch/updates/main/binary-amd64/Packages  404  Not Found [IP: 151.101.130.132 80]
#8 0.390 E: Failed to fetch http://deb.debian.org/debian/dists/stretch/main/binary-amd64/Packages  404  Not Found
#8 0.390 E: Some index files failed to download. They have been ignored, or old ones used instead.
#8 0.391 apt failed, retrying
#8 0.608 W: The repository 'http://security.debian.org stretch/updates Release' does not have a Release file.
#8 0.608 W: The repository 'http://deb.debian.org/debian stretch Release' does not have a Release file.
#8 0.608 E: Failed to fetch http://security.debian.org/dists/stretch/updates/main/binary-amd64/Packages  404  Not Found [IP: 151.101.2.132 80]
#8 0.608 E: Failed to fetch http://deb.debian.org/debian/dists/stretch/main/binary-amd64/Packages  404  Not Found
#8 0.608 E: Some index files failed to download. They have been ignored, or old ones used instead.
#8 0.610 apt failed, retrying
#8 0.793 W: The repository 'http://security.debian.org stretch/updates Release' does not have a Release file.
#8 0.793 W: The repository 'http://deb.debian.org/debian stretch Release' does not have a Release file.
#8 0.793 E: Failed to fetch http://security.debian.org/dists/stretch/updates/main/binary-amd64/Packages  404  Not Found [IP: 151.101.194.132 80]
#8 0.793 E: Failed to fetch http://deb.debian.org/debian/dists/stretch/main/binary-amd64/Packages  404  Not Found
#8 0.793 E: Some index files failed to download. They have been ignored, or old ones used instead.
#8 ERROR: process "/bin/sh -c install_packages ca-certificates" did not complete successfully: exit code: 100

#7 [builder 1/4] FROM docker.io/library/golang:latest@sha256:86a3c48a61915a8c62c0e1d7594730399caa3feb73655dfe96c7bc17710e96cf
#7 CANCELED
------
 > [stage-1 2/3] RUN install_packages ca-certificates:
0.608 W: The repository 'http://deb.debian.org/debian stretch Release' does not have a Release file.
0.608 E: Failed to fetch http://security.debian.org/dists/stretch/updates/main/binary-amd64/Packages  404  Not Found [IP: 151.101.2.132 80]
0.608 E: Failed to fetch http://deb.debian.org/debian/dists/stretch/main/binary-amd64/Packages  404  Not Found
0.608 E: Some index files failed to download. They have been ignored, or old ones used instead.
0.610 apt failed, retrying
0.793 W: The repository 'http://security.debian.org stretch/updates Release' does not have a Release file.
0.793 W: The repository 'http://deb.debian.org/debian stretch Release' does not have a Release file.
0.793 E: Failed to fetch http://security.debian.org/dists/stretch/updates/main/binary-amd64/Packages  404  Not Found [IP: 151.101.194.132 80]
0.793 E: Failed to fetch http://deb.debian.org/debian/dists/stretch/main/binary-amd64/Packages  404  Not Found
0.793 E: Some index files failed to download. They have been ignored, or old ones used instead.
------
v1_Dockerfile:15
--------------------
  13 |     
  14 |     FROM bitnami/minideb:stretch
  15 | >>> RUN install_packages ca-certificates
  16 |     
  17 |     COPY --from=builder /kubewatch /bin/kubewatch
--------------------
ERROR: failed to solve: process "/bin/sh -c install_packages ca-certificates" did not complete successfully: exit code: 100
Duration: 0:7.65