#0 building with "default" instance using docker driver

#1 [internal] load .dockerignore
#1 transferring context:
#1 transferring context: 2B done
#1 ...

#2 [internal] load build definition from v1_Dockerfile
#2 transferring dockerfile: 2.88kB done
#2 DONE 0.6s

#1 [internal] load .dockerignore
#1 DONE 0.7s

#3 [internal] load metadata for docker.io/library/alpine:3.15
#3 DONE 1.0s

#4 [internal] load build context
#4 DONE 0.0s

#5 [ 1/20] FROM docker.io/library/alpine:3.15@sha256:19b4bcc4f60e99dd5ebdca0cbce22c503bbcff197549d7e19dab4f22254dc864
#5 resolve docker.io/library/alpine:3.15@sha256:19b4bcc4f60e99dd5ebdca0cbce22c503bbcff197549d7e19dab4f22254dc864
#5 resolve docker.io/library/alpine:3.15@sha256:19b4bcc4f60e99dd5ebdca0cbce22c503bbcff197549d7e19dab4f22254dc864 0.2s done
#5 sha256:19b4bcc4f60e99dd5ebdca0cbce22c503bbcff197549d7e19dab4f22254dc864 1.64kB / 1.64kB done
#5 sha256:6a0657acfef760bd9e293361c9b558e98e7d740ed0dffca823d17098a4ffddf5 528B / 528B done
#5 sha256:32b91e3161c8fc2e3baf2732a594305ca5093c82ff4e0c9f6ebbd2a879468e1d 1.47kB / 1.47kB done
#5 sha256:d078792c4f9122259f14b539315bd92cbd9490ed73e08255a08689122b143108 0B / 2.83MB 0.1s
#5 ...

#4 [internal] load build context
#4 transferring context: 16.40kB done
#4 DONE 0.4s

#5 [ 1/20] FROM docker.io/library/alpine:3.15@sha256:19b4bcc4f60e99dd5ebdca0cbce22c503bbcff197549d7e19dab4f22254dc864
#5 sha256:d078792c4f9122259f14b539315bd92cbd9490ed73e08255a08689122b143108 2.83MB / 2.83MB 0.3s
#5 extracting sha256:d078792c4f9122259f14b539315bd92cbd9490ed73e08255a08689122b143108
#5 sha256:d078792c4f9122259f14b539315bd92cbd9490ed73e08255a08689122b143108 2.83MB / 2.83MB 0.4s done
#5 extracting sha256:d078792c4f9122259f14b539315bd92cbd9490ed73e08255a08689122b143108 0.2s done
#5 DONE 1.4s

#6 [ 2/20] RUN apk --no-cache add bash git nginx supervisor curl &&     apk --no-cache add php7 php7-fpm         php7-opcache php7-mysqli php7-json php7-openssl php7-curl php7-zlib php7-xml php7-xmlwriter         php7-phar php7-intl php7-dom php7-xmlreader php7-ctype php7-session php7-mbstring php7-gd         php7-pdo php7-pdo_mysql php7-pdo_sqlite php7-tokenizer &&     apk add --update libintl &&     apk add --virtual build_deps gettext &&      cp /usr/bin/envsubst /usr/local/bin/envsubst &&     rm -f /etc/nginx/conf.d/default.conf
#6 0.524 fetch https://dl-cdn.alpinelinux.org/alpine/v3.15/main/x86_64/APKINDEX.tar.gz
#6 0.745 fetch https://dl-cdn.alpinelinux.org/alpine/v3.15/community/x86_64/APKINDEX.tar.gz
#6 1.409 (1/30) Installing ncurses-terminfo-base (6.3_p20211120-r2)
#6 1.434 (2/30) Installing ncurses-libs (6.3_p20211120-r2)
#6 1.451 (3/30) Installing readline (8.1.1-r0)
#6 1.468 (4/30) Installing bash (5.1.16-r0)
#6 1.488 Executing bash-5.1.16-r0.post-install
#6 1.491 (5/30) Installing ca-certificates (20230506-r0)
#6 1.520 (6/30) Installing brotli-libs (1.0.9-r5)
#6 1.543 (7/30) Installing nghttp2-libs (1.46.0-r2)
#6 1.547 (8/30) Installing libcurl (8.5.0-r0)
#6 1.558 (9/30) Installing curl (8.5.0-r0)
#6 1.565 (10/30) Installing expat (2.5.0-r0)
#6 1.571 (11/30) Installing pcre2 (10.42-r0)
#6 1.582 (12/30) Installing git (2.34.8-r0)
#6 1.794 (13/30) Installing pcre (8.45-r1)
#6 1.802 (14/30) Installing nginx (1.20.2-r2)
#6 1.808 Executing nginx-1.20.2-r2.pre-install
#6 1.971 Executing nginx-1.20.2-r2.post-install
#6 1.974 (15/30) Installing libbz2 (1.0.8-r1)
#6 2.127 (16/30) Installing libffi (3.4.2-r1)
#6 2.295 (17/30) Installing gdbm (1.22-r0)
#6 2.457 (18/30) Installing xz-libs (5.2.5-r1)
#6 2.463 (19/30) Installing libgcc (10.3.1_git20211027-r0)
#6 2.488 (20/30) Installing libstdc++ (10.3.1_git20211027-r0)
#6 2.506 (21/30) Installing mpdecimal (2.5.1-r1)
#6 2.664 (22/30) Installing sqlite-libs (3.36.0-r0)
#6 2.680 (23/30) Installing python3 (3.9.18-r0)
#6 4.523 (24/30) Installing py3-ordered-set (4.0.2-r2)
#6 4.680 (25/30) Installing py3-appdirs (1.4.4-r2)
#6 4.842 (26/30) Installing py3-parsing (2.4.7-r2)
#6 4.999 (27/30) Installing py3-six (1.16.0-r0)
#6 5.165 (28/30) Installing py3-packaging (20.9-r1)
#6 5.342 (29/30) Installing py3-setuptools (52.0.0-r4)
#6 5.555 (30/30) Installing supervisor (4.2.2-r2)
#6 6.075 Executing busybox-1.34.1-r7.trigger
#6 6.080 Executing ca-certificates-20230506-r0.trigger
#6 6.120 OK: 81 MiB in 44 packages
#6 6.171 fetch https://dl-cdn.alpinelinux.org/alpine/v3.15/main/x86_64/APKINDEX.tar.gz
#6 6.251 fetch https://dl-cdn.alpinelinux.org/alpine/v3.15/community/x86_64/APKINDEX.tar.gz
#6 6.472 (1/44) Installing php7-common (7.4.33-r1)
#6 6.477 (2/44) Installing argon2-libs (20190702-r1)
#6 6.481 (3/44) Installing libedit (20210910.3.1-r0)
#6 6.487 (4/44) Installing libxml2 (2.9.14-r2)
#6 6.506 (5/44) Installing php7 (7.4.33-r1)
#6 6.724 (6/44) Installing php7-ctype (7.4.33-r1)
#6 7.309 (7/44) Installing php7-curl (7.4.33-r1)
#6 7.513 (8/44) Installing php7-dom (7.4.33-r1)
#6 7.519 (9/44) Installing php7-fpm (7.4.33-r1)
#6 7.842 (10/44) Installing libxau (1.0.9-r0)
#6 7.996 (11/44) Installing libmd (1.0.3-r0)
#6 8.155 (12/44) Installing libbsd (0.11.3-r1)
#6 8.615 (13/44) Installing libxdmcp (1.1.3-r0)
#6 8.767 (14/44) Installing libxcb (1.14-r2)
#6 8.933 (15/44) Installing libx11 (1.7.3.1-r1)
#6 9.890 (16/44) Installing libxext (1.3.4-r0)
#6 10.73 (17/44) Installing libice (1.0.10-r0)
#6 10.89 (18/44) Installing libuuid (2.37.4-r0)
#6 10.89 (19/44) Installing libsm (1.2.3-r0)
#6 10.90 (20/44) Installing libxt (1.2.1-r0)
#6 10.90 (21/44) Installing libxpm (3.5.15-r0)
#6 11.08 (22/44) Installing libpng (1.6.37-r1)
#6 11.08 (23/44) Installing freetype (2.11.1-r2)
#6 11.10 (24/44) Installing libjpeg-turbo (2.1.2-r0)
#6 11.11 (25/44) Installing libwebp (1.2.2-r2)
#6 11.57 (26/44) Installing php7-gd (7.4.33-r1)
#6 11.74 (27/44) Installing icu-libs (69.1-r1)
#6 12.05 (28/44) Installing php7-intl (7.4.33-r1)
#6 12.83 (29/44) Installing php7-json (7.4.33-r1)
#6 12.98 (30/44) Installing oniguruma (6.9.7.1-r0)
#6 13.13 (31/44) Installing php7-mbstring (7.4.33-r1)
#6 13.33 (32/44) Installing php7-openssl (7.4.33-r1)
#6 13.82 (33/44) Installing php7-mysqlnd (7.4.33-r1)
#6 14.13 (34/44) Installing php7-mysqli (7.4.33-r1)
#6 14.32 (35/44) Installing php7-opcache (7.4.33-r1)
#6 14.48 (36/44) Installing php7-pdo (7.4.33-r1)
#6 14.64 (37/44) Installing php7-pdo_mysql (7.4.33-r1)
#6 15.09 (38/44) Installing php7-pdo_sqlite (7.4.33-r1)
#6 15.24 (39/44) Installing php7-phar (7.4.33-r1)
#6 15.43 (40/44) Installing php7-session (7.4.33-r1)
#6 15.90 (41/44) Installing php7-tokenizer (7.4.33-r1)
#6 15.91 (42/44) Installing php7-xml (7.4.33-r1)
#6 16.07 (43/44) Installing php7-xmlreader (7.4.33-r1)
#6 16.08 (44/44) Installing php7-xmlwriter (7.4.33-r1)
#6 16.24 Executing busybox-1.34.1-r7.trigger
#6 16.25 OK: 144 MiB in 88 packages
#6 16.29 fetch https://dl-cdn.alpinelinux.org/alpine/v3.15/main/x86_64/APKINDEX.tar.gz
#6 16.52 fetch https://dl-cdn.alpinelinux.org/alpine/v3.15/community/x86_64/APKINDEX.tar.gz
#6 16.92 (1/1) Installing libintl (0.21-r0)
#6 17.07 OK: 144 MiB in 89 packages
#6 17.36 (1/5) Installing libgomp (10.3.1_git20211027-r0)
#6 17.40 (2/5) Installing libunistring (0.9.10-r1)
#6 17.57 (3/5) Installing gettext-libs (0.21-r0)
#6 17.58 (4/5) Installing gettext (0.21-r0)
#6 17.61 (5/5) Installing build_deps (20240731.222701)
#6 17.61 Executing busybox-1.34.1-r7.trigger
#6 17.62 OK: 148 MiB in 94 packages
#6 DONE 19.0s

#7 [ 3/20] COPY config/nginx.conf /etc/nginx/nginx.conf
#7 DONE 0.5s

#8 [ 4/20] COPY config/fpm-pool.conf /etc/php7/php-fpm.d/www.conf
#8 DONE 0.5s

#9 [ 5/20] COPY config/php.ini /etc/php7/conf.d/custom.ini
#9 DONE 0.4s

#10 [ 6/20] COPY config/supervisord.conf /etc/supervisor/conf.d/supervisord.conf
#10 DONE 0.4s

#11 [ 7/20] RUN ln -s php7 /usr/bin/php
#11 0.667 ln: /usr/bin/php: File exists
#11 ERROR: process "/bin/sh -c ln -s php7 /usr/bin/php" did not complete successfully: exit code: 1
------
 > [ 7/20] RUN ln -s php7 /usr/bin/php:
0.667 ln: /usr/bin/php: File exists
------
v1_Dockerfile:38
--------------------
  36 |     
  37 |     # Add symbolic link for php
  38 | >>> RUN ln -s php7 /usr/bin/php
  39 |     
  40 |     # Install composer
--------------------
ERROR: failed to solve: process "/bin/sh -c ln -s php7 /usr/bin/php" did not complete successfully: exit code: 1
Duration: 0:25.57