#0 building with "default" instance using docker driver

#1 [internal] load build definition from v1_Dockerfile
#1 ...

#2 [internal] load .dockerignore
#2 transferring context: 2B done
#2 DONE 0.3s

#1 [internal] load build definition from v1_Dockerfile
#1 transferring dockerfile: 779B done
#1 DONE 0.4s

#3 [internal] load metadata for docker.io/library/golang:1.11.4-alpine3.7
#3 DONE 1.5s

#4 [internal] load metadata for docker.io/library/alpine:3.9
#4 DONE 1.5s

#5 [internal] load build context
#5 DONE 0.0s

#6 [stage-1 1/5] FROM docker.io/library/alpine:3.9@sha256:414e0518bb9228d35e4cd5165567fb91d26c6a214e9c95899e1e056fcd349011
#6 resolve docker.io/library/alpine:3.9@sha256:414e0518bb9228d35e4cd5165567fb91d26c6a214e9c95899e1e056fcd349011
#6 resolve docker.io/library/alpine:3.9@sha256:414e0518bb9228d35e4cd5165567fb91d26c6a214e9c95899e1e056fcd349011 0.4s done
#6 sha256:414e0518bb9228d35e4cd5165567fb91d26c6a214e9c95899e1e056fcd349011 1.64kB / 1.64kB done
#6 sha256:65b3a80ebe7471beecbc090c5b2cdd0aafeaefa0715f8f12e40dc918a3a70e32 528B / 528B done
#6 sha256:78a2ce922f8665f5a227dc5cd9fda87221acba8a7a952b9665f99bc771a29963 1.51kB / 1.51kB done
#6 ...

#5 [internal] load build context
#5 transferring context: 79.47kB 0.0s done
#5 DONE 0.4s

#7 [build-env 1/6] FROM docker.io/library/golang:1.11.4-alpine3.7@sha256:93dde1ff1216cd118ae64d5774e008ddbf5df4651d272f5a7894e83862e8a00b
#7 resolve docker.io/library/golang:1.11.4-alpine3.7@sha256:93dde1ff1216cd118ae64d5774e008ddbf5df4651d272f5a7894e83862e8a00b 0.3s done
#7 sha256:85f4b38a3ff6da01e00b7d8bf2bf133807a1d8168432229d170c21a9c1133306 1.36kB / 1.36kB done
#7 sha256:93dde1ff1216cd118ae64d5774e008ddbf5df4651d272f5a7894e83862e8a00b 2.04kB / 2.04kB done
#7 sha256:0eea6b1e32f18569774a28c937f65f0082d9f6ba0b0a8e6dc04bd56cfad3d436 3.80kB / 3.80kB done
#7 sha256:407ea412d82cbc18a270f0ae17d5e528e620bcf4661229e757446f6e6443768b 2.11MB / 2.11MB 0.4s
#7 sha256:3441e0c2a082f780d65776aefed38beae40277df79962873ed19dd73cf2e1456 154B / 154B 0.4s
#7 sha256:7e5cffe44344cfc591249de0c7d4608b57771ca0484f5e611e063258a0da21fe 0B / 308.48kB 0.4s
#7 sha256:7e5cffe44344cfc591249de0c7d4608b57771ca0484f5e611e063258a0da21fe 308.48kB / 308.48kB 0.5s
#7 extracting sha256:407ea412d82cbc18a270f0ae17d5e528e620bcf4661229e757446f6e6443768b
#7 sha256:407ea412d82cbc18a270f0ae17d5e528e620bcf4661229e757446f6e6443768b 2.11MB / 2.11MB 0.5s done
#7 sha256:3441e0c2a082f780d65776aefed38beae40277df79962873ed19dd73cf2e1456 154B / 154B 0.6s done
#7 sha256:7e5cffe44344cfc591249de0c7d4608b57771ca0484f5e611e063258a0da21fe 308.48kB / 308.48kB 0.7s done
#7 extracting sha256:407ea412d82cbc18a270f0ae17d5e528e620bcf4661229e757446f6e6443768b 0.2s done
#7 sha256:00f0c82cef86c522e64595872a7a01024c8fef7eb8efb2b5a18de52865b002e3 0B / 110.08MB 0.8s
#7 sha256:235fc68d35f9b164e067fa056a5533c82b5de1561742f06d9ebf3637bf2664fe 0B / 125B 0.9s
#7 ...

#6 [stage-1 1/5] FROM docker.io/library/alpine:3.9@sha256:414e0518bb9228d35e4cd5165567fb91d26c6a214e9c95899e1e056fcd349011
#6 DONE 1.6s

#7 [build-env 1/6] FROM docker.io/library/golang:1.11.4-alpine3.7@sha256:93dde1ff1216cd118ae64d5774e008ddbf5df4651d272f5a7894e83862e8a00b
#7 sha256:00f0c82cef86c522e64595872a7a01024c8fef7eb8efb2b5a18de52865b002e3 9.44MB / 110.08MB 1.0s
#7 extracting sha256:7e5cffe44344cfc591249de0c7d4608b57771ca0484f5e611e063258a0da21fe
#7 sha256:00f0c82cef86c522e64595872a7a01024c8fef7eb8efb2b5a18de52865b002e3 18.87MB / 110.08MB 1.2s
#7 sha256:235fc68d35f9b164e067fa056a5533c82b5de1561742f06d9ebf3637bf2664fe 125B / 125B 1.1s done
#7 extracting sha256:7e5cffe44344cfc591249de0c7d4608b57771ca0484f5e611e063258a0da21fe 0.1s done
#7 sha256:00f0c82cef86c522e64595872a7a01024c8fef7eb8efb2b5a18de52865b002e3 31.46MB / 110.08MB 1.4s
#7 sha256:00f0c82cef86c522e64595872a7a01024c8fef7eb8efb2b5a18de52865b002e3 48.23MB / 110.08MB 1.5s
#7 extracting sha256:3441e0c2a082f780d65776aefed38beae40277df79962873ed19dd73cf2e1456 done
#7 sha256:00f0c82cef86c522e64595872a7a01024c8fef7eb8efb2b5a18de52865b002e3 57.67MB / 110.08MB 1.6s
#7 sha256:00f0c82cef86c522e64595872a7a01024c8fef7eb8efb2b5a18de52865b002e3 77.59MB / 110.08MB 1.8s
#7 sha256:00f0c82cef86c522e64595872a7a01024c8fef7eb8efb2b5a18de52865b002e3 85.98MB / 110.08MB 1.9s
#7 sha256:00f0c82cef86c522e64595872a7a01024c8fef7eb8efb2b5a18de52865b002e3 93.32MB / 110.08MB 2.0s
#7 sha256:00f0c82cef86c522e64595872a7a01024c8fef7eb8efb2b5a18de52865b002e3 99.61MB / 110.08MB 2.1s
#7 sha256:00f0c82cef86c522e64595872a7a01024c8fef7eb8efb2b5a18de52865b002e3 110.08MB / 110.08MB 2.3s
#7 sha256:00f0c82cef86c522e64595872a7a01024c8fef7eb8efb2b5a18de52865b002e3 110.08MB / 110.08MB 3.8s done
#7 extracting sha256:00f0c82cef86c522e64595872a7a01024c8fef7eb8efb2b5a18de52865b002e3
#7 ...

#8 [stage-1 2/5] RUN apk add shadow bash &&     useradd --create-home --shell /sbin/nologin cspparse &&     mkdir /cspparse &&     chown cspparse:cspparse /cspparse
#8 0.666 fetch http://dl-cdn.alpinelinux.org/alpine/v3.9/main/x86_64/APKINDEX.tar.gz
#8 0.907 fetch http://dl-cdn.alpinelinux.org/alpine/v3.9/community/x86_64/APKINDEX.tar.gz
#8 1.149 (1/7) Installing ncurses-terminfo-base (6.1_p20190105-r0)
#8 1.149 (2/7) Installing ncurses-terminfo (6.1_p20190105-r0)
#8 2.832 (3/7) Installing ncurses-libs (6.1_p20190105-r0)
#8 2.842 (4/7) Installing readline (7.0.003-r1)
#8 2.864 (5/7) Installing bash (4.4.19-r1)
#8 2.883 Executing bash-4.4.19-r1.post-install
#8 2.885 (6/7) Installing linux-pam (1.3.0-r0)
#8 2.916 (7/7) Installing shadow (4.5-r2)
#8 2.964 Executing busybox-1.29.3-r10.trigger
#8 2.970 OK: 17 MiB in 21 packages
#8 3.050 Creating mailbox file: No such file or directory
#8 DONE 4.1s

#7 [build-env 1/6] FROM docker.io/library/golang:1.11.4-alpine3.7@sha256:93dde1ff1216cd118ae64d5774e008ddbf5df4651d272f5a7894e83862e8a00b
#7 extracting sha256:00f0c82cef86c522e64595872a7a01024c8fef7eb8efb2b5a18de52865b002e3 5.1s
#7 extracting sha256:00f0c82cef86c522e64595872a7a01024c8fef7eb8efb2b5a18de52865b002e3 6.8s done
#7 extracting sha256:235fc68d35f9b164e067fa056a5533c82b5de1561742f06d9ebf3637bf2664fe
#7 extracting sha256:235fc68d35f9b164e067fa056a5533c82b5de1561742f06d9ebf3637bf2664fe done
#7 DONE 12.6s

#9 [build-env 2/6] RUN apk add --no-cache --upgrade git openssh-client ca-certificates
#9 0.436 fetch http://dl-cdn.alpinelinux.org/alpine/v3.7/main/x86_64/APKINDEX.tar.gz
#9 0.645 fetch http://dl-cdn.alpinelinux.org/alpine/v3.7/community/x86_64/APKINDEX.tar.gz
#9 0.848 (1/8) Upgrading ca-certificates (20171114-r0 -> 20190108-r0)
#9 0.875 (2/8) Installing libssh2 (1.9.0-r1)
#9 0.881 (3/8) Installing libcurl (7.61.1-r3)
#9 0.890 (4/8) Installing expat (2.2.8-r0)
#9 0.895 (5/8) Installing pcre2 (10.30-r0)
#9 0.917 (6/8) Installing git (2.15.4-r0)
#9 1.120 (7/8) Installing openssh-keygen (7.5_p1-r10)
#9 1.127 (8/8) Installing openssh-client (7.5_p1-r10)
#9 1.166 Executing busybox-1.27.2-r11.trigger
#9 1.171 Executing ca-certificates-20190108-r0.trigger
#9 1.209 OK: 22 MiB in 21 packages
#9 DONE 7.0s

#10 [build-env 3/6] RUN go get -u github.com/golang/dep/cmd/dep
#10 DONE 7.2s

#11 [build-env 4/6] WORKDIR /go/src/app
#11 DONE 0.4s

#12 [build-env 5/6] COPY . /go/src/app
#12 DONE 0.4s

#13 [build-env 6/6] RUN go get -u github.com/pkg/errors &&     go get -u github.com/PuerkitoBio/goquery &&     go build -o cspparse cspparse.go
#13 0.568 go: finding github.com/pkg/errors v0.9.1
#13 0.568 go: finding github.com/PuerkitoBio/goquery v1.5.1
#13 1.545 go: finding github.com/andybalholm/cascadia v1.1.0
#13 1.700 go: finding golang.org/x/net v0.0.0-20200202094626-16171245cfb2
#13 2.393 go: finding golang.org/x/net v0.0.0-20180218175443-cbe0f9307d01
#13 4.992 go: finding golang.org/x/sys v0.0.0-20190215142949-d0b11bdaac8a
#13 5.001 go: finding golang.org/x/crypto v0.0.0-20190308221718-c2843e01d9a2
#13 5.006 go: finding golang.org/x/text v0.3.0
#13 9.359 go: downloading github.com/pkg/errors v0.9.1
#13 9.837 go: finding github.com/PuerkitoBio/goquery v1.9.2
#13 10.33 go: finding github.com/andybalholm/cascadia v1.3.2
#13 10.49 go: finding golang.org/x/net v0.24.0
#13 10.56 go: finding golang.org/x/crypto v0.22.0
#13 10.57 go: finding golang.org/x/text v0.14.0
#13 10.57 go: finding golang.org/x/sys v0.19.0
#13 10.57 go: finding golang.org/x/term v0.19.0
#13 10.57 go: finding golang.org/x/net v0.21.0
#13 11.13 go: finding golang.org/x/net v0.27.0
#13 11.14 go: finding golang.org/x/term v0.17.0
#13 11.14 go: finding golang.org/x/sys v0.17.0
#13 11.14 go: finding golang.org/x/crypto v0.19.0
#13 11.15 go: finding golang.org/x/text v0.16.0
#13 11.15 go: finding golang.org/x/sys v0.22.0
#13 11.19 go: finding golang.org/x/term v0.22.0
#13 11.20 go: finding golang.org/x/crypto v0.25.0
#13 11.20 go: finding golang.org/x/net v0.9.0
#13 11.22 go: finding golang.org/x/term v0.7.0
#13 11.22 go: finding golang.org/x/sys v0.7.0
#13 11.23 go: finding golang.org/x/text v0.9.0
#13 11.81 go: finding golang.org/x/net v0.10.0
#13 11.82 go: finding golang.org/x/term v0.8.0
#13 11.82 go: finding golang.org/x/sys v0.8.0
#13 14.09 go: finding golang.org/x/sys v0.5.0
#13 14.16 go: finding golang.org/x/mod v0.8.0
#13 14.16 go: finding golang.org/x/tools v0.6.0
#13 15.60 go: finding golang.org/x/tools v0.21.1-0.20240508182429-e35e4ccd0d2d
#13 15.60 go: finding golang.org/x/mod v0.17.0
#13 15.67 go: finding golang.org/x/sync v0.7.0
#13 17.57 go: finding golang.org/x/mod v0.19.0
#13 17.57 go: finding golang.org/x/tools v0.1.12
#13 18.31 go: finding golang.org/x/tools v0.13.0
#13 27.95 go: finding golang.org/x/tools v0.23.0
#13 27.95 go: finding golang.org/x/sync v0.1.0
#13 27.95 go: finding golang.org/x/net v0.6.0
#13 27.96 go: finding github.com/yuin/goldmark v1.4.13
#13 27.96 go: finding golang.org/x/term v0.5.0
#13 27.96 go: finding golang.org/x/text v0.7.0
#13 27.97 go: finding golang.org/x/net v0.25.0
#13 27.97 go: finding golang.org/x/sys v0.20.0
#13 27.98 go: finding golang.org/x/text v0.15.0
#13 28.00 go: finding golang.org/x/net v0.0.0-20220722155237-a158d28d115b
#13 28.00 go: finding golang.org/x/crypto v0.23.0
#13 28.00 go: finding golang.org/x/term v0.20.0
#13 28.00 go: finding golang.org/x/sys v0.12.0
#13 28.00 go: finding golang.org/x/net v0.15.0
#13 28.00 go: finding golang.org/x/sync v0.0.0-20220722155255-886fb9371eb4
#13 28.01 go: finding golang.org/x/sys v0.0.0-20220520151302-bc2c85ada10a
#13 28.03 go: finding golang.org/x/mod v0.12.0
#13 28.03 go: finding golang.org/x/term v0.0.0-20210927222741-03fcf44c2211
#13 28.04 go: finding golang.org/x/telemetry v0.0.0-20240228155512-f48c80bd79b2
#13 28.85 go: finding golang.org/x/mod v0.6.0-dev.0.20220419223038-86c51ed26bb4
#13 29.13 go: finding github.com/yuin/goldmark v1.7.4
#13 29.75 go: finding golang.org/x/text v0.3.7
#13 29.81 go: finding golang.org/x/crypto v0.0.0-20210921155107-089bfa567519
#13 29.83 go: finding golang.org/x/sys v0.0.0-20220722155257-8c9f86f7a55f
#13 29.83 go: finding golang.org/x/text v0.3.3
#13 29.84 go: finding golang.org/x/telemetry latest
#13 29.84 go: finding golang.org/x/text v0.13.0
#13 29.97 go: finding golang.org/x/term v0.12.0
#13 30.11 go: finding golang.org/x/crypto v0.13.0
#13 30.11 go: finding golang.org/x/term v0.0.0-20201126162022-7de9c90e9dd1
#13 30.11 go: finding golang.org/x/sys v0.0.0-20210615035016-665e8c7367d1
#13 30.12 go: finding golang.org/x/mod v0.15.0
#13 30.13 go: finding github.com/google/go-cmp v0.6.0
#13 30.91 go: finding golang.org/x/tools v0.0.0-20191119224855-298f0cb1881e
#13 30.94 go: finding golang.org/x/sync v0.0.0-20190423024810-112230192c58
#13 30.95 go: finding golang.org/x/sync v0.6.0
#13 31.00 go: finding golang.org/x/sync v0.3.0
#13 31.02 go: finding golang.org/x/xerrors v0.0.0-20190717185122-a985d3407aa7
#13 31.03 go: finding golang.org/x/net v0.0.0-20190620200207-3b0461eec859
#13 31.03 go: finding golang.org/x/net v0.0.0-20210226172049-e18ecbb05110
#13 31.05 go: finding golang.org/x/sys v0.0.0-20201119102817-f84b799fce68
#13 31.05 go: finding golang.org/x/telemetry v0.0.0-20240521205824-bda55230c457
#13 32.39 go: finding golang.org/x/xerrors latest
#13 32.73 go: finding golang.org/x/tools v0.0.0-20180917221912-90fa682c2a6e
#13 34.03 go: downloading github.com/PuerkitoBio/goquery v1.9.2
#13 34.12 go: downloading github.com/andybalholm/cascadia v1.3.2
#13 34.12 go: downloading golang.org/x/net v0.27.0
#13 35.27 # golang.org/x/net/html/atom
#13 35.27 /go/pkg/mod/golang.org/x/net@v0.27.0/html/atom/gen.go:10:9: package main; expected atom
#13 35.27 /go/pkg/mod/golang.org/x/net@v0.27.0/html/atom/gen.go:13:2: can't find import: "bytes"
#13 35.41 # net
#13 35.41 exec: "gcc": executable file not found in $PATH
#13 ERROR: process "/bin/sh -c go get -u github.com/pkg/errors &&     go get -u github.com/PuerkitoBio/goquery &&     go build -o cspparse cspparse.go" did not complete successfully: exit code: 2
------
 > [build-env 6/6] RUN go get -u github.com/pkg/errors &&     go get -u github.com/PuerkitoBio/goquery &&     go build -o cspparse cspparse.go:
32.39 go: finding golang.org/x/xerrors latest
32.73 go: finding golang.org/x/tools v0.0.0-20180917221912-90fa682c2a6e
34.03 go: downloading github.com/PuerkitoBio/goquery v1.9.2
34.12 go: downloading github.com/andybalholm/cascadia v1.3.2
34.12 go: downloading golang.org/x/net v0.27.0
35.27 # golang.org/x/net/html/atom
35.27 /go/pkg/mod/golang.org/x/net@v0.27.0/html/atom/gen.go:10:9: package main; expected atom
35.27 /go/pkg/mod/golang.org/x/net@v0.27.0/html/atom/gen.go:13:2: can't find import: "bytes"
35.41 # net
35.41 exec: "gcc": executable file not found in $PATH
------
v1_Dockerfile:8
--------------------
   7 |     ENV GO111MODULE=on
   8 | >>> RUN go get -u github.com/pkg/errors && \
   9 | >>>     go get -u github.com/PuerkitoBio/goquery && \
  10 | >>>     go build -o cspparse cspparse.go
  11 |     
--------------------
ERROR: failed to solve: process "/bin/sh -c go get -u github.com/pkg/errors &&     go get -u github.com/PuerkitoBio/goquery &&     go build -o cspparse cspparse.go" did not complete successfully: exit code: 2
Duration: 1:6.35