#0 building with "default" instance using docker driver

#1 [internal] load build definition from v1_Dockerfile
#1 transferring dockerfile: 1.60kB done
#1 DONE 0.0s

#2 [internal] load metadata for docker.io/library/debian:stretch-slim
#2 DONE 0.6s

#3 [internal] load .dockerignore
#3 transferring context: 2B done
#3 DONE 0.0s

#4 [internal] load build context
#4 transferring context: 1.15kB done
#4 DONE 0.0s

#5 [1/8] FROM docker.io/library/debian:stretch-slim@sha256:abaa313c7e1dfe16069a1a42fa254014780f165d4fd084844602edbe29915e70
#5 resolve docker.io/library/debian:stretch-slim@sha256:abaa313c7e1dfe16069a1a42fa254014780f165d4fd084844602edbe29915e70 0.0s done
#5 sha256:abaa313c7e1dfe16069a1a42fa254014780f165d4fd084844602edbe29915e70 1.21kB / 1.21kB done
#5 sha256:c5cd3ffceeb25b683bf5111ea89bf8049a177e00fb237235d48076a19cc80097 529B / 529B done
#5 sha256:0e23ec2ce5e621c0e8fa57a53c7781d59d57de8c139a8a351b7236530cd85ec2 1.46kB / 1.46kB done
#5 sha256:bff3e048017eab8adaed886bad4b3c5c81f7d952b65b056dca8d6dbc198222dd 0B / 22.57MB 0.1s
#5 sha256:bff3e048017eab8adaed886bad4b3c5c81f7d952b65b056dca8d6dbc198222dd 13.63MB / 22.57MB 0.3s
#5 sha256:bff3e048017eab8adaed886bad4b3c5c81f7d952b65b056dca8d6dbc198222dd 22.57MB / 22.57MB 0.4s
#5 sha256:bff3e048017eab8adaed886bad4b3c5c81f7d952b65b056dca8d6dbc198222dd 22.57MB / 22.57MB 0.5s done
#5 extracting sha256:bff3e048017eab8adaed886bad4b3c5c81f7d952b65b056dca8d6dbc198222dd 0.1s
#5 extracting sha256:bff3e048017eab8adaed886bad4b3c5c81f7d952b65b056dca8d6dbc198222dd 1.8s done
#5 DONE 2.4s

#6 [2/8] RUN groupadd -r bitcoin && useradd -r --no-log-init -m -g bitcoin bitcoin
#6 DONE 0.5s

#7 [3/8] RUN set -ex     && apt-get update     && apt-get install -y -qq --no-install-recommends ca-certificates dirmngr gosu gpg wget procps     && rm -rf /var/lib/apt/lists/*
#7 0.189 + apt-get update
#7 0.232 Ign:1 http://security.debian.org/debian-security stretch/updates InRelease
#7 0.235 Ign:2 http://deb.debian.org/debian stretch InRelease
#7 0.245 Ign:3 http://security.debian.org/debian-security stretch/updates Release
#7 0.247 Ign:4 http://deb.debian.org/debian stretch-updates InRelease
#7 0.257 Ign:5 http://security.debian.org/debian-security stretch/updates/main all Packages
#7 0.262 Ign:6 http://deb.debian.org/debian stretch Release
#7 0.267 Ign:7 http://security.debian.org/debian-security stretch/updates/main amd64 Packages
#7 0.275 Ign:8 http://deb.debian.org/debian stretch-updates Release
#7 0.277 Ign:5 http://security.debian.org/debian-security stretch/updates/main all Packages
#7 0.287 Ign:9 http://deb.debian.org/debian stretch/main all Packages
#7 0.287 Ign:7 http://security.debian.org/debian-security stretch/updates/main amd64 Packages
#7 0.299 Ign:5 http://security.debian.org/debian-security stretch/updates/main all Packages
#7 0.299 Ign:10 http://deb.debian.org/debian stretch/main amd64 Packages
#7 0.310 Ign:7 http://security.debian.org/debian-security stretch/updates/main amd64 Packages
#7 0.312 Ign:11 http://deb.debian.org/debian stretch-updates/main amd64 Packages
#7 0.322 Ign:5 http://security.debian.org/debian-security stretch/updates/main all Packages
#7 0.324 Ign:12 http://deb.debian.org/debian stretch-updates/main all Packages
#7 0.333 Ign:7 http://security.debian.org/debian-security stretch/updates/main amd64 Packages
#7 0.336 Ign:9 http://deb.debian.org/debian stretch/main all Packages
#7 0.343 Ign:5 http://security.debian.org/debian-security stretch/updates/main all Packages
#7 0.348 Ign:10 http://deb.debian.org/debian stretch/main amd64 Packages
#7 0.354 Ign:7 http://security.debian.org/debian-security stretch/updates/main amd64 Packages
#7 0.363 Ign:11 http://deb.debian.org/debian stretch-updates/main amd64 Packages
#7 0.364 Ign:5 http://security.debian.org/debian-security stretch/updates/main all Packages
#7 0.375 Ign:12 http://deb.debian.org/debian stretch-updates/main all Packages
#7 0.375 Err:7 http://security.debian.org/debian-security stretch/updates/main amd64 Packages
#7 0.375   404  Not Found [IP: 151.101.130.132 80]
#7 0.391 Ign:9 http://deb.debian.org/debian stretch/main all Packages
#7 0.401 Ign:10 http://deb.debian.org/debian stretch/main amd64 Packages
#7 0.413 Ign:11 http://deb.debian.org/debian stretch-updates/main amd64 Packages
#7 0.426 Ign:12 http://deb.debian.org/debian stretch-updates/main all Packages
#7 0.437 Ign:9 http://deb.debian.org/debian stretch/main all Packages
#7 0.450 Ign:10 http://deb.debian.org/debian stretch/main amd64 Packages
#7 0.462 Ign:11 http://deb.debian.org/debian stretch-updates/main amd64 Packages
#7 0.476 Ign:12 http://deb.debian.org/debian stretch-updates/main all Packages
#7 0.486 Ign:9 http://deb.debian.org/debian stretch/main all Packages
#7 0.500 Ign:10 http://deb.debian.org/debian stretch/main amd64 Packages
#7 0.511 Ign:11 http://deb.debian.org/debian stretch-updates/main amd64 Packages
#7 0.525 Ign:12 http://deb.debian.org/debian stretch-updates/main all Packages
#7 0.536 Ign:9 http://deb.debian.org/debian stretch/main all Packages
#7 0.560 Err:10 http://deb.debian.org/debian stretch/main amd64 Packages
#7 0.560   404  Not Found
#7 0.573 Err:11 http://deb.debian.org/debian stretch-updates/main amd64 Packages
#7 0.573   404  Not Found
#7 0.586 Ign:12 http://deb.debian.org/debian stretch-updates/main all Packages
#7 0.590 Reading package lists...
#7 0.598 W: The repository 'http://security.debian.org/debian-security stretch/updates Release' does not have a Release file.
#7 0.598 W: The repository 'http://deb.debian.org/debian stretch Release' does not have a Release file.
#7 0.598 W: The repository 'http://deb.debian.org/debian stretch-updates Release' does not have a Release file.
#7 0.598 E: Failed to fetch http://security.debian.org/debian-security/dists/stretch/updates/main/binary-amd64/Packages  404  Not Found [IP: 151.101.130.132 80]
#7 0.598 E: Failed to fetch http://deb.debian.org/debian/dists/stretch/main/binary-amd64/Packages  404  Not Found
#7 0.598 E: Failed to fetch http://deb.debian.org/debian/dists/stretch-updates/main/binary-amd64/Packages  404  Not Found
#7 0.598 E: Some index files failed to download. They have been ignored, or old ones used instead.
#7 ERROR: process "/bin/sh -c set -ex     && apt-get update     && apt-get install -y -qq --no-install-recommends ca-certificates dirmngr gosu gpg wget procps     && rm -rf /var/lib/apt/lists/*" did not complete successfully: exit code: 100
------
 > [3/8] RUN set -ex     && apt-get update     && apt-get install -y -qq --no-install-recommends ca-certificates dirmngr gosu gpg wget procps     && rm -rf /var/lib/apt/lists/*:
0.573   404  Not Found
0.586 Ign:12 http://deb.debian.org/debian stretch-updates/main all Packages
0.590 Reading package lists...
0.598 W: The repository 'http://security.debian.org/debian-security stretch/updates Release' does not have a Release file.
0.598 W: The repository 'http://deb.debian.org/debian stretch Release' does not have a Release file.
0.598 W: The repository 'http://deb.debian.org/debian stretch-updates Release' does not have a Release file.
0.598 E: Failed to fetch http://security.debian.org/debian-security/dists/stretch/updates/main/binary-amd64/Packages  404  Not Found [IP: 151.101.130.132 80]
0.598 E: Failed to fetch http://deb.debian.org/debian/dists/stretch/main/binary-amd64/Packages  404  Not Found
0.598 E: Failed to fetch http://deb.debian.org/debian/dists/stretch-updates/main/binary-amd64/Packages  404  Not Found
0.598 E: Some index files failed to download. They have been ignored, or old ones used instead.
------
v1_Dockerfile:5
--------------------
   4 |     
   5 | >>> RUN set -ex \
   6 | >>>     && apt-get update \
   7 | >>>     && apt-get install -y -qq --no-install-recommends ca-certificates dirmngr gosu gpg wget procps \
   8 | >>>     && rm -rf /var/lib/apt/lists/*
   9 |     
--------------------
ERROR: failed to solve: process "/bin/sh -c set -ex     && apt-get update     && apt-get install -y -qq --no-install-recommends ca-certificates dirmngr gosu gpg wget procps     && rm -rf /var/lib/apt/lists/*" did not complete successfully: exit code: 100
Duration: 0:4.66