#0 building with "default" instance using docker driver

#1 [internal] load build definition from v1_Dockerfile
#1 transferring dockerfile:
#1 transferring dockerfile: 1.44kB done
#1 DONE 0.3s

#2 [internal] load .dockerignore
#2 transferring context: 2B done
#2 DONE 0.4s

#3 [internal] load metadata for docker.io/library/buildpack-deps:stretch-scm
#3 DONE 1.4s

#4 [1/6] FROM docker.io/library/buildpack-deps:stretch-scm@sha256:0b5ce805d045fe181f2e07afe6be3cef67b0e5485660da6fa45a4b763e44f1ff
#4 resolve docker.io/library/buildpack-deps:stretch-scm@sha256:0b5ce805d045fe181f2e07afe6be3cef67b0e5485660da6fa45a4b763e44f1ff
#4 resolve docker.io/library/buildpack-deps:stretch-scm@sha256:0b5ce805d045fe181f2e07afe6be3cef67b0e5485660da6fa45a4b763e44f1ff 0.3s done
#4 sha256:0b5ce805d045fe181f2e07afe6be3cef67b0e5485660da6fa45a4b763e44f1ff 1.22kB / 1.22kB done
#4 sha256:9a2c8551369d6262afc9a42248fb6cdc33db8b8121bcdd723e9051948bfd606e 1.16kB / 1.16kB done
#4 sha256:6f043cb9ce993d20a6d17ab94b49fe56670927ff2076224ce5529bb78579b405 2.62kB / 2.62kB done
#4 ...

#5 [internal] load build context
#5 transferring context: 11.50MB 0.1s done
#5 DONE 0.4s

#4 [1/6] FROM docker.io/library/buildpack-deps:stretch-scm@sha256:0b5ce805d045fe181f2e07afe6be3cef67b0e5485660da6fa45a4b763e44f1ff
#4 sha256:8372a04f222be82bf67eb0010a59644b1e52f1246b3da9034edaa98f3d591cae 0B / 45.43MB 0.1s
#4 sha256:8372a04f222be82bf67eb0010a59644b1e52f1246b3da9034edaa98f3d591cae 9.44MB / 45.43MB 0.3s
#4 sha256:a1728fee80d376293a9ef5fdcc0acd3f6398fc4159b12064ce4c1e66f67e7e9d 1.05MB / 11.30MB 0.3s
#4 sha256:e6cf50aa0a4b80b39d1bf4be232d404da0b1ad38cdd3bb1a017b727947b5f4bb 0B / 4.34MB 0.3s
#4 sha256:8372a04f222be82bf67eb0010a59644b1e52f1246b3da9034edaa98f3d591cae 14.68MB / 45.43MB 0.4s
#4 sha256:a1728fee80d376293a9ef5fdcc0acd3f6398fc4159b12064ce4c1e66f67e7e9d 5.24MB / 11.30MB 0.4s
#4 sha256:e6cf50aa0a4b80b39d1bf4be232d404da0b1ad38cdd3bb1a017b727947b5f4bb 1.05MB / 4.34MB 0.4s
#4 sha256:8372a04f222be82bf67eb0010a59644b1e52f1246b3da9034edaa98f3d591cae 19.92MB / 45.43MB 0.5s
#4 sha256:a1728fee80d376293a9ef5fdcc0acd3f6398fc4159b12064ce4c1e66f67e7e9d 9.44MB / 11.30MB 0.5s
#4 sha256:e6cf50aa0a4b80b39d1bf4be232d404da0b1ad38cdd3bb1a017b727947b5f4bb 4.34MB / 4.34MB 0.5s
#4 sha256:8372a04f222be82bf67eb0010a59644b1e52f1246b3da9034edaa98f3d591cae 33.55MB / 45.43MB 0.7s
#4 sha256:a1728fee80d376293a9ef5fdcc0acd3f6398fc4159b12064ce4c1e66f67e7e9d 11.30MB / 11.30MB 0.7s
#4 sha256:e6cf50aa0a4b80b39d1bf4be232d404da0b1ad38cdd3bb1a017b727947b5f4bb 4.34MB / 4.34MB 0.6s done
#4 sha256:8372a04f222be82bf67eb0010a59644b1e52f1246b3da9034edaa98f3d591cae 45.09MB / 45.43MB 0.8s
#4 sha256:a1728fee80d376293a9ef5fdcc0acd3f6398fc4159b12064ce4c1e66f67e7e9d 11.30MB / 11.30MB 0.8s done
#4 sha256:f576518faec8cbe1e4fdcc36cb9870736c6a0889e0c7db2bde641503f37b6d19 8.39MB / 49.77MB 1.1s
#4 sha256:f576518faec8cbe1e4fdcc36cb9870736c6a0889e0c7db2bde641503f37b6d19 20.97MB / 49.77MB 1.3s
#4 sha256:f576518faec8cbe1e4fdcc36cb9870736c6a0889e0c7db2bde641503f37b6d19 35.65MB / 49.77MB 1.4s
#4 sha256:f576518faec8cbe1e4fdcc36cb9870736c6a0889e0c7db2bde641503f37b6d19 49.73MB / 49.77MB 1.6s
#4 extracting sha256:8372a04f222be82bf67eb0010a59644b1e52f1246b3da9034edaa98f3d591cae
#4 sha256:8372a04f222be82bf67eb0010a59644b1e52f1246b3da9034edaa98f3d591cae 45.43MB / 45.43MB 1.6s done
#4 sha256:f576518faec8cbe1e4fdcc36cb9870736c6a0889e0c7db2bde641503f37b6d19 49.77MB / 49.77MB 2.4s done
#4 extracting sha256:8372a04f222be82bf67eb0010a59644b1e52f1246b3da9034edaa98f3d591cae 3.9s done
#4 extracting sha256:a1728fee80d376293a9ef5fdcc0acd3f6398fc4159b12064ce4c1e66f67e7e9d
#4 extracting sha256:a1728fee80d376293a9ef5fdcc0acd3f6398fc4159b12064ce4c1e66f67e7e9d 0.6s done
#4 extracting sha256:e6cf50aa0a4b80b39d1bf4be232d404da0b1ad38cdd3bb1a017b727947b5f4bb
#4 extracting sha256:e6cf50aa0a4b80b39d1bf4be232d404da0b1ad38cdd3bb1a017b727947b5f4bb 0.2s done
#4 extracting sha256:f576518faec8cbe1e4fdcc36cb9870736c6a0889e0c7db2bde641503f37b6d19
#4 extracting sha256:f576518faec8cbe1e4fdcc36cb9870736c6a0889e0c7db2bde641503f37b6d19 3.3s done
#4 DONE 11.7s

#6 [2/6] RUN apt-get update && apt-get -y --no-install-recommends install     ca-certificates     && rm -rf /var/cache/apt/*     && rm -rf /var/lib/apt/lists/*
#6 0.494 Ign:1 http://deb.debian.org/debian stretch InRelease
#6 0.494 Ign:2 http://security.debian.org/debian-security stretch/updates InRelease
#6 0.504 Ign:3 http://security.debian.org/debian-security stretch/updates Release
#6 0.504 Ign:4 http://deb.debian.org/debian stretch-updates InRelease
#6 0.514 Ign:5 http://security.debian.org/debian-security stretch/updates/main all Packages
#6 0.515 Ign:6 http://deb.debian.org/debian stretch Release
#6 0.524 Ign:7 http://security.debian.org/debian-security stretch/updates/main amd64 Packages
#6 0.526 Ign:8 http://deb.debian.org/debian stretch-updates Release
#6 0.534 Ign:5 http://security.debian.org/debian-security stretch/updates/main all Packages
#6 0.545 Ign:7 http://security.debian.org/debian-security stretch/updates/main amd64 Packages
#6 0.554 Ign:5 http://security.debian.org/debian-security stretch/updates/main all Packages
#6 0.564 Ign:7 http://security.debian.org/debian-security stretch/updates/main amd64 Packages
#6 0.574 Ign:5 http://security.debian.org/debian-security stretch/updates/main all Packages
#6 0.585 Ign:7 http://security.debian.org/debian-security stretch/updates/main amd64 Packages
#6 0.594 Ign:5 http://security.debian.org/debian-security stretch/updates/main all Packages
#6 0.605 Ign:7 http://security.debian.org/debian-security stretch/updates/main amd64 Packages
#6 0.615 Ign:5 http://security.debian.org/debian-security stretch/updates/main all Packages
#6 0.625 Err:7 http://security.debian.org/debian-security stretch/updates/main amd64 Packages
#6 0.625   404  Not Found
#6 0.684 Ign:9 http://deb.debian.org/debian stretch/main amd64 Packages
#6 0.694 Ign:10 http://deb.debian.org/debian stretch/main all Packages
#6 0.704 Ign:11 http://deb.debian.org/debian stretch-updates/main all Packages
#6 0.862 Ign:12 http://deb.debian.org/debian stretch-updates/main amd64 Packages
#6 1.020 Ign:9 http://deb.debian.org/debian stretch/main amd64 Packages
#6 1.030 Ign:10 http://deb.debian.org/debian stretch/main all Packages
#6 1.040 Ign:11 http://deb.debian.org/debian stretch-updates/main all Packages
#6 1.198 Ign:12 http://deb.debian.org/debian stretch-updates/main amd64 Packages
#6 1.356 Ign:9 http://deb.debian.org/debian stretch/main amd64 Packages
#6 1.366 Ign:10 http://deb.debian.org/debian stretch/main all Packages
#6 1.376 Ign:11 http://deb.debian.org/debian stretch-updates/main all Packages
#6 1.534 Ign:12 http://deb.debian.org/debian stretch-updates/main amd64 Packages
#6 1.692 Ign:9 http://deb.debian.org/debian stretch/main amd64 Packages
#6 1.703 Ign:10 http://deb.debian.org/debian stretch/main all Packages
#6 1.713 Ign:11 http://deb.debian.org/debian stretch-updates/main all Packages
#6 1.870 Ign:12 http://deb.debian.org/debian stretch-updates/main amd64 Packages
#6 2.028 Ign:9 http://deb.debian.org/debian stretch/main amd64 Packages
#6 2.039 Ign:10 http://deb.debian.org/debian stretch/main all Packages
#6 2.049 Ign:11 http://deb.debian.org/debian stretch-updates/main all Packages
#6 2.207 Ign:12 http://deb.debian.org/debian stretch-updates/main amd64 Packages
#6 2.365 Err:9 http://deb.debian.org/debian stretch/main amd64 Packages
#6 2.365   404  Not Found
#6 2.384 Ign:10 http://deb.debian.org/debian stretch/main all Packages
#6 2.394 Ign:11 http://deb.debian.org/debian stretch-updates/main all Packages
#6 2.552 Err:12 http://deb.debian.org/debian stretch-updates/main amd64 Packages
#6 2.552   404  Not Found
#6 2.555 Reading package lists...
#6 2.565 W: The repository 'http://security.debian.org/debian-security stretch/updates Release' does not have a Release file.
#6 2.565 W: The repository 'http://deb.debian.org/debian stretch Release' does not have a Release file.
#6 2.565 W: The repository 'http://deb.debian.org/debian stretch-updates Release' does not have a Release file.
#6 2.565 E: Failed to fetch http://security.debian.org/debian-security/dists/stretch/updates/main/binary-amd64/Packages  404  Not Found
#6 2.565 E: Failed to fetch http://deb.debian.org/debian/dists/stretch/main/binary-amd64/Packages  404  Not Found
#6 2.565 E: Failed to fetch http://deb.debian.org/debian/dists/stretch-updates/main/binary-amd64/Packages  404  Not Found
#6 2.565 E: Some index files failed to download. They have been ignored, or old ones used instead.
#6 ERROR: process "/bin/sh -c apt-get update && apt-get -y --no-install-recommends install     ca-certificates     && rm -rf /var/cache/apt/*     && rm -rf /var/lib/apt/lists/*" did not complete successfully: exit code: 100
------
 > [2/6] RUN apt-get update && apt-get -y --no-install-recommends install     ca-certificates     && rm -rf /var/cache/apt/*     && rm -rf /var/lib/apt/lists/*:
2.552 Err:12 http://deb.debian.org/debian stretch-updates/main amd64 Packages
2.552   404  Not Found
2.555 Reading package lists...
2.565 W: The repository 'http://security.debian.org/debian-security stretch/updates Release' does not have a Release file.
2.565 W: The repository 'http://deb.debian.org/debian stretch Release' does not have a Release file.
2.565 W: The repository 'http://deb.debian.org/debian stretch-updates Release' does not have a Release file.
2.565 E: Failed to fetch http://security.debian.org/debian-security/dists/stretch/updates/main/binary-amd64/Packages  404  Not Found
2.565 E: Failed to fetch http://deb.debian.org/debian/dists/stretch/main/binary-amd64/Packages  404  Not Found
2.565 E: Failed to fetch http://deb.debian.org/debian/dists/stretch-updates/main/binary-amd64/Packages  404  Not Found
2.565 E: Some index files failed to download. They have been ignored, or old ones used instead.
------
v1_Dockerfile:20
--------------------
  19 |     
  20 | >>> RUN apt-get update && apt-get -y --no-install-recommends install \
  21 | >>>     ca-certificates \
  22 | >>>     && rm -rf /var/cache/apt/* \
  23 | >>>     && rm -rf /var/lib/apt/lists/* 
  24 |     
--------------------
ERROR: failed to solve: process "/bin/sh -c apt-get update && apt-get -y --no-install-recommends install     ca-certificates     && rm -rf /var/cache/apt/*     && rm -rf /var/lib/apt/lists/*" did not complete successfully: exit code: 100
Duration: 0:23.85