#0 building with "default" instance using docker driver

#1 [internal] load build definition from v1_Dockerfile
#1 transferring dockerfile: 514B done
#1 DONE 0.0s

#2 [internal] load metadata for docker.io/library/alpine:latest
#2 DONE 0.6s

#3 [internal] load .dockerignore
#3 transferring context: 2B done
#3 DONE 0.0s

#4 [1/3] FROM docker.io/library/alpine:latest@sha256:0a4eaa0eecf5f8c050e5bba433f58c052be7587ee8af3e8b3910ef9ab5fbe9f5
#4 resolve docker.io/library/alpine:latest@sha256:0a4eaa0eecf5f8c050e5bba433f58c052be7587ee8af3e8b3910ef9ab5fbe9f5 0.0s done
#4 sha256:0a4eaa0eecf5f8c050e5bba433f58c052be7587ee8af3e8b3910ef9ab5fbe9f5 1.85kB / 1.85kB done
#4 sha256:eddacbc7e24bf8799a4ed3cdcfa50d4b88a323695ad80f317b6629883b2c2a78 528B / 528B done
#4 sha256:324bc02ae1231fd9255658c128086395d3fa0aedd5a41ab6b034fd649d1a9260 1.47kB / 1.47kB done
#4 sha256:c6a83fedfae6ed8a4f5f7cbb6a7b6f1c1ec3d86fea8cb9e5ba2e5e6673fde9f6 0B / 3.62MB 0.1s
#4 sha256:c6a83fedfae6ed8a4f5f7cbb6a7b6f1c1ec3d86fea8cb9e5ba2e5e6673fde9f6 3.62MB / 3.62MB 0.2s done
#4 extracting sha256:c6a83fedfae6ed8a4f5f7cbb6a7b6f1c1ec3d86fea8cb9e5ba2e5e6673fde9f6
#4 extracting sha256:c6a83fedfae6ed8a4f5f7cbb6a7b6f1c1ec3d86fea8cb9e5ba2e5e6673fde9f6 0.1s done
#4 DONE 0.4s

#5 [2/3] RUN apk --update add --no-cache python3 py3-pip openssl ca-certificates   && apk --update add --virtual build-dependencies python3-dev build-base wget git py3-lxml   && git clone https://github.com/UnkL4b/GitMiner.git   && cd GitMiner   && pip3 install -r requirements.txt   && apk del build-dependencies
#5 0.183 fetch https://dl-cdn.alpinelinux.org/alpine/v3.20/main/x86_64/APKINDEX.tar.gz
#5 0.292 fetch https://dl-cdn.alpinelinux.org/alpine/v3.20/community/x86_64/APKINDEX.tar.gz
#5 0.595 (1/27) Installing ca-certificates (20240705-r0)
#5 0.619 (2/27) Installing openssl (3.3.1-r3)
#5 0.634 (3/27) Installing libbz2 (1.0.8-r6)
#5 0.645 (4/27) Installing libexpat (2.6.2-r0)
#5 0.655 (5/27) Installing libffi (3.4.6-r0)
#5 0.664 (6/27) Installing gdbm (1.23-r1)
#5 0.674 (7/27) Installing xz-libs (5.6.1-r3)
#5 0.688 (8/27) Installing libgcc (13.2.1_git20240309-r0)
#5 0.697 (9/27) Installing libstdc++ (13.2.1_git20240309-r0)
#5 0.732 (10/27) Installing mpdecimal (4.0.0-r0)
#5 0.742 (11/27) Installing ncurses-terminfo-base (6.4_p20240420-r0)
#5 0.755 (12/27) Installing libncursesw (6.4_p20240420-r0)
#5 0.771 (13/27) Installing libpanelw (6.4_p20240420-r0)
#5 0.780 (14/27) Installing readline (8.2.10-r0)
#5 0.791 (15/27) Installing sqlite-libs (3.45.3-r1)
#5 0.824 (16/27) Installing python3 (3.12.3-r1)
#5 1.058 (17/27) Installing python3-pycache-pyc0 (3.12.3-r1)
#5 1.205 (18/27) Installing pyc (3.12.3-r1)
#5 1.213 (19/27) Installing py3-setuptools-pyc (69.5.1-r0)
#5 1.271 (20/27) Installing py3-pip-pyc (24.0-r2)
#5 1.376 (21/27) Installing py3-parsing (3.1.2-r1)
#5 1.390 (22/27) Installing py3-parsing-pyc (3.1.2-r1)
#5 1.405 (23/27) Installing py3-packaging-pyc (24.0-r1)
#5 1.416 (24/27) Installing python3-pyc (3.12.3-r1)
#5 1.425 (25/27) Installing py3-packaging (24.0-r1)
#5 1.435 (26/27) Installing py3-setuptools (69.5.1-r0)
#5 1.484 (27/27) Installing py3-pip (24.0-r2)
#5 1.601 Executing busybox-1.36.1-r29.trigger
#5 1.606 Executing ca-certificates-20240705-r0.trigger
#5 1.641 OK: 77 MiB in 41 packages
#5 1.718 fetch https://dl-cdn.alpinelinux.org/alpine/v3.20/main/x86_64/APKINDEX.tar.gz
#5 1.843 fetch https://dl-cdn.alpinelinux.org/alpine/v3.20/community/x86_64/APKINDEX.tar.gz
#5 2.186 (1/39) Installing pkgconf (2.2.0-r0)
#5 2.196 (2/39) Installing python3-dev (3.12.3-r1)
#5 2.879 (3/39) Installing jansson (2.14-r4)
#5 2.888 (4/39) Installing zstd-libs (1.5.6-r0)
#5 2.906 (5/39) Installing binutils (2.42-r0)
#5 2.997 (6/39) Installing libmagic (5.45-r1)
#5 3.032 (7/39) Installing file (5.45-r1)
#5 3.045 (8/39) Installing libgomp (13.2.1_git20240309-r0)
#5 3.057 (9/39) Installing libatomic (13.2.1_git20240309-r0)
#5 3.068 (10/39) Installing gmp (6.3.0-r1)
#5 3.082 (11/39) Installing isl26 (0.26-r1)
#5 3.109 (12/39) Installing mpfr4 (4.2.1-r0)
#5 3.127 (13/39) Installing mpc1 (1.3.1-r1)
#5 3.138 (14/39) Installing gcc (13.2.1_git20240309-r0)
#5 4.198 (15/39) Installing libstdc++-dev (13.2.1_git20240309-r0)
#5 4.364 (16/39) Installing musl-dev (1.2.5-r0)
#5 4.449 (17/39) Installing g++ (13.2.1_git20240309-r0)
#5 4.772 (18/39) Installing make (4.4.1-r2)
#5 4.785 (19/39) Installing fortify-headers (1.1-r3)
#5 4.794 (20/39) Installing patch (2.7.6-r10)
#5 4.808 (21/39) Installing build-base (0.5-r3)
#5 4.818 (22/39) Installing libunistring (1.2-r0)
#5 4.840 (23/39) Installing libidn2 (2.3.7-r0)
#5 4.850 (24/39) Installing pcre2 (10.43-r0)
#5 4.869 (25/39) Installing wget (1.24.5-r0)
#5 4.885 (26/39) Installing brotli-libs (1.1.0-r2)
#5 4.902 (27/39) Installing c-ares (1.28.1-r0)
#5 4.914 (28/39) Installing nghttp2-libs (1.62.1-r0)
#5 4.924 (29/39) Installing libpsl (0.21.5-r1)
#5 4.934 (30/39) Installing libcurl (8.9.0-r0)
#5 4.950 (31/39) Installing git (2.45.2-r0)
#5 5.035 (32/39) Installing git-init-template (2.45.2-r0)
#5 5.044 (33/39) Installing libgpg-error (1.49-r0)
#5 5.057 (34/39) Installing libgcrypt (1.10.3-r0)
#5 5.078 (35/39) Installing libxml2 (2.12.7-r0)
#5 5.098 (36/39) Installing libxslt (1.1.39-r1)
#5 5.113 (37/39) Installing py3-lxml (5.1.0-r0)
#5 5.159 (38/39) Installing py3-lxml-pyc (5.1.0-r0)
#5 5.174 (39/39) Installing build-dependencies (20240801.015045)
#5 5.174 Executing busybox-1.36.1-r29.trigger
#5 5.183 OK: 401 MiB in 80 packages
#5 5.251 Cloning into 'GitMiner'...
#5 7.022 error: externally-managed-environment
#5 7.022 
#5 7.022 × This environment is externally managed
#5 7.022 ╰─> 
#5 7.022     The system-wide python installation should be maintained using the system
#5 7.022     package manager (apk) only.
#5 7.022     
#5 7.022     If the package in question is not packaged already (and hence installable via
#5 7.022     "apk add py3-somepackage"), please consider installing it inside a virtual
#5 7.022     environment, e.g.:
#5 7.022     
#5 7.022     python3 -m venv /path/to/venv
#5 7.022     . /path/to/venv/bin/activate
#5 7.022     pip install mypackage
#5 7.022     
#5 7.022     To exit the virtual environment, run:
#5 7.022     
#5 7.022     deactivate
#5 7.022     
#5 7.022     The virtual environment is not deleted, and can be re-entered by re-sourcing
#5 7.022     the activate file.
#5 7.022     
#5 7.022     To automatically manage virtual environments, consider using pipx (from the
#5 7.022     pipx package).
#5 7.022 
#5 7.022 note: If you believe this is a mistake, please contact your Python installation or OS distribution provider. You can override this, at the risk of breaking your Python installation or OS, by passing --break-system-packages.
#5 7.022 hint: See PEP 668 for the detailed specification.
#5 ERROR: process "/bin/sh -c apk --update add --no-cache python3 py3-pip openssl ca-certificates   && apk --update add --virtual build-dependencies python3-dev build-base wget git py3-lxml   && git clone https://github.com/UnkL4b/GitMiner.git   && cd GitMiner   && pip3 install -r requirements.txt   && apk del build-dependencies" did not complete successfully: exit code: 1
------
 > [2/3] RUN apk --update add --no-cache python3 py3-pip openssl ca-certificates   && apk --update add --virtual build-dependencies python3-dev build-base wget git py3-lxml   && git clone https://github.com/UnkL4b/GitMiner.git   && cd GitMiner   && pip3 install -r requirements.txt   && apk del build-dependencies:
7.022     deactivate
7.022     
7.022     The virtual environment is not deleted, and can be re-entered by re-sourcing
7.022     the activate file.
7.022     
7.022     To automatically manage virtual environments, consider using pipx (from the
7.022     pipx package).
7.022 
7.022 note: If you believe this is a mistake, please contact your Python installation or OS distribution provider. You can override this, at the risk of breaking your Python installation or OS, by passing --break-system-packages.
7.022 hint: See PEP 668 for the detailed specification.
------
v1_Dockerfile:4
--------------------
   3 |     
   4 | >>> RUN apk --update add --no-cache python3 py3-pip openssl ca-certificates \
   5 | >>>   && apk --update add --virtual build-dependencies python3-dev build-base wget git py3-lxml \
   6 | >>>   && git clone https://github.com/UnkL4b/GitMiner.git \
   7 | >>>   && cd GitMiner \
   8 | >>>   && pip3 install -r requirements.txt \
   9 | >>>   && apk del build-dependencies
  10 |     
--------------------
ERROR: failed to solve: process "/bin/sh -c apk --update add --no-cache python3 py3-pip openssl ca-certificates   && apk --update add --virtual build-dependencies python3-dev build-base wget git py3-lxml   && git clone https://github.com/UnkL4b/GitMiner.git   && cd GitMiner   && pip3 install -r requirements.txt   && apk del build-dependencies" did not complete successfully: exit code: 1
Duration: 0:10.83