#0 building with "default" instance using docker driver

#1 [internal] load build definition from v3_Dockerfile
#1 ...

#2 [internal] load .dockerignore
#2 transferring context: 2B done
#2 DONE 0.4s

#1 [internal] load build definition from v3_Dockerfile
#1 transferring dockerfile: 717B done
#1 DONE 0.5s

#3 [internal] load metadata for docker.io/library/elixir:1.4.5
#3 DONE 1.2s

#4 [internal] load build context
#4 DONE 0.0s

#5 [ 1/12] FROM docker.io/library/elixir:1.4.5@sha256:8ede3a3af161625995c62221d2c9549d0e9dbee0e1fc9c710d23c5aa12901eb0
#5 resolve docker.io/library/elixir:1.4.5@sha256:8ede3a3af161625995c62221d2c9549d0e9dbee0e1fc9c710d23c5aa12901eb0
#5 resolve docker.io/library/elixir:1.4.5@sha256:8ede3a3af161625995c62221d2c9549d0e9dbee0e1fc9c710d23c5aa12901eb0 0.2s done
#5 sha256:8ede3a3af161625995c62221d2c9549d0e9dbee0e1fc9c710d23c5aa12901eb0 988B / 988B done
#5 sha256:2eeb60b190d601e099d60a755676f436d6ec2efef50c21859da10b2bb59314e7 2.22kB / 2.22kB done
#5 sha256:e9e0b42d090789ceffb59d5d61052e33c1a2ba42accff9663b7756c27fc9770d 8.52kB / 8.52kB done
#5 sha256:0400ac8f7460260a663e0e97c24d7dfd8a2c947736f0351752b45c53e26d6e02 2.10MB / 45.37MB 0.3s
#5 sha256:fa8559aa5ebb59d52475c0142459015fb9be267e1a497d8664f3fc8a35445173 0B / 10.75MB 0.3s
#5 sha256:0400ac8f7460260a663e0e97c24d7dfd8a2c947736f0351752b45c53e26d6e02 13.37MB / 45.37MB 0.5s
#5 sha256:fa8559aa5ebb59d52475c0142459015fb9be267e1a497d8664f3fc8a35445173 4.19MB / 10.75MB 0.5s
#5 sha256:da32bfbbc3bad880f731e2f37903c9e359e180a5e74a703293a9441260cf3551 0B / 4.34MB 0.5s
#5 sha256:0400ac8f7460260a663e0e97c24d7dfd8a2c947736f0351752b45c53e26d6e02 17.83MB / 45.37MB 0.6s
#5 sha256:fa8559aa5ebb59d52475c0142459015fb9be267e1a497d8664f3fc8a35445173 7.34MB / 10.75MB 0.6s
#5 sha256:da32bfbbc3bad880f731e2f37903c9e359e180a5e74a703293a9441260cf3551 3.15MB / 4.34MB 0.6s
#5 sha256:0400ac8f7460260a663e0e97c24d7dfd8a2c947736f0351752b45c53e26d6e02 22.02MB / 45.37MB 0.7s
#5 sha256:fa8559aa5ebb59d52475c0142459015fb9be267e1a497d8664f3fc8a35445173 10.49MB / 10.75MB 0.7s
#5 sha256:da32bfbbc3bad880f731e2f37903c9e359e180a5e74a703293a9441260cf3551 4.34MB / 4.34MB 0.7s
#5 ...

#4 [internal] load build context
#4 transferring context: 15.31MB 0.5s done
#4 DONE 0.9s

#5 [ 1/12] FROM docker.io/library/elixir:1.4.5@sha256:8ede3a3af161625995c62221d2c9549d0e9dbee0e1fc9c710d23c5aa12901eb0
#5 sha256:0400ac8f7460260a663e0e97c24d7dfd8a2c947736f0351752b45c53e26d6e02 25.17MB / 45.37MB 0.8s
#5 sha256:da32bfbbc3bad880f731e2f37903c9e359e180a5e74a703293a9441260cf3551 4.34MB / 4.34MB 0.8s done
#5 sha256:0400ac8f7460260a663e0e97c24d7dfd8a2c947736f0351752b45c53e26d6e02 28.31MB / 45.37MB 0.9s
#5 sha256:e1dc6725529d1d5ae67097d74db110cdfe3b60173dd4d9914c825ca6358ef8b5 0B / 50.11MB 0.9s
#5 sha256:0400ac8f7460260a663e0e97c24d7dfd8a2c947736f0351752b45c53e26d6e02 34.60MB / 45.37MB 1.1s
#5 sha256:fa8559aa5ebb59d52475c0142459015fb9be267e1a497d8664f3fc8a35445173 10.75MB / 10.75MB 1.0s done
#5 sha256:e1dc6725529d1d5ae67097d74db110cdfe3b60173dd4d9914c825ca6358ef8b5 4.19MB / 50.11MB 1.1s
#5 sha256:572866ab72a68759e23b071fbbdce6341137c9606936b4fff9846f74997bbaac 0B / 214.25MB 1.1s
#5 sha256:0400ac8f7460260a663e0e97c24d7dfd8a2c947736f0351752b45c53e26d6e02 41.94MB / 45.37MB 1.3s
#5 sha256:e1dc6725529d1d5ae67097d74db110cdfe3b60173dd4d9914c825ca6358ef8b5 12.58MB / 50.11MB 1.3s
#5 sha256:0400ac8f7460260a663e0e97c24d7dfd8a2c947736f0351752b45c53e26d6e02 45.09MB / 45.37MB 1.4s
#5 sha256:e1dc6725529d1d5ae67097d74db110cdfe3b60173dd4d9914c825ca6358ef8b5 16.78MB / 50.11MB 1.4s
#5 sha256:e1dc6725529d1d5ae67097d74db110cdfe3b60173dd4d9914c825ca6358ef8b5 22.02MB / 50.11MB 1.5s
#5 sha256:572866ab72a68759e23b071fbbdce6341137c9606936b4fff9846f74997bbaac 13.63MB / 214.25MB 1.5s
#5 sha256:e1dc6725529d1d5ae67097d74db110cdfe3b60173dd4d9914c825ca6358ef8b5 25.17MB / 50.11MB 1.6s
#5 sha256:e1dc6725529d1d5ae67097d74db110cdfe3b60173dd4d9914c825ca6358ef8b5 32.51MB / 50.11MB 1.8s
#5 sha256:572866ab72a68759e23b071fbbdce6341137c9606936b4fff9846f74997bbaac 28.31MB / 214.25MB 1.8s
#5 sha256:e1dc6725529d1d5ae67097d74db110cdfe3b60173dd4d9914c825ca6358ef8b5 35.65MB / 50.11MB 1.9s
#5 sha256:e1dc6725529d1d5ae67097d74db110cdfe3b60173dd4d9914c825ca6358ef8b5 38.80MB / 50.11MB 2.0s
#5 sha256:0400ac8f7460260a663e0e97c24d7dfd8a2c947736f0351752b45c53e26d6e02 45.37MB / 45.37MB 2.2s done
#5 sha256:e1dc6725529d1d5ae67097d74db110cdfe3b60173dd4d9914c825ca6358ef8b5 48.23MB / 50.11MB 2.2s
#5 sha256:572866ab72a68759e23b071fbbdce6341137c9606936b4fff9846f74997bbaac 47.19MB / 214.25MB 2.2s
#5 sha256:7de158c945f338f6c80480df6fafb5afec5258bb5b961599c90348d008a466a9 0B / 143.49MB 2.3s
#5 sha256:572866ab72a68759e23b071fbbdce6341137c9606936b4fff9846f74997bbaac 61.87MB / 214.25MB 2.5s
#5 extracting sha256:0400ac8f7460260a663e0e97c24d7dfd8a2c947736f0351752b45c53e26d6e02
#5 sha256:7de158c945f338f6c80480df6fafb5afec5258bb5b961599c90348d008a466a9 10.49MB / 143.49MB 2.7s
#5 sha256:572866ab72a68759e23b071fbbdce6341137c9606936b4fff9846f74997bbaac 73.40MB / 214.25MB 2.9s
#5 sha256:7de158c945f338f6c80480df6fafb5afec5258bb5b961599c90348d008a466a9 18.87MB / 143.49MB 3.0s
#5 sha256:e1dc6725529d1d5ae67097d74db110cdfe3b60173dd4d9914c825ca6358ef8b5 50.11MB / 50.11MB 3.1s done
#5 sha256:572866ab72a68759e23b071fbbdce6341137c9606936b4fff9846f74997bbaac 84.93MB / 214.25MB 3.3s
#5 sha256:a84fc0f3844390195b53b046708eb1ec3279a2d41b04b88109e4fcf7418bee01 0B / 199.22kB 3.3s
#5 sha256:a84fc0f3844390195b53b046708eb1ec3279a2d41b04b88109e4fcf7418bee01 199.22kB / 199.22kB 3.3s done
#5 sha256:7de158c945f338f6c80480df6fafb5afec5258bb5b961599c90348d008a466a9 26.21MB / 143.49MB 3.5s
#5 sha256:8b5b8225a4174e9f5cc64c767828ec1d1d8fc38b7362e6c5ecc72a74c4cea7e8 0B / 959.43kB 3.5s
#5 sha256:572866ab72a68759e23b071fbbdce6341137c9606936b4fff9846f74997bbaac 100.07MB / 214.25MB 3.8s
#5 sha256:7de158c945f338f6c80480df6fafb5afec5258bb5b961599c90348d008a466a9 39.31MB / 143.49MB 3.8s
#5 sha256:8b5b8225a4174e9f5cc64c767828ec1d1d8fc38b7362e6c5ecc72a74c4cea7e8 959.43kB / 959.43kB 3.8s
#5 sha256:8b5b8225a4174e9f5cc64c767828ec1d1d8fc38b7362e6c5ecc72a74c4cea7e8 959.43kB / 959.43kB 3.8s done
#5 sha256:0f40879e235c3b834191a0120f240480b7ab556a480f1b5d2f967423bf08f711 0B / 4.06MB 3.9s
#5 sha256:7de158c945f338f6c80480df6fafb5afec5258bb5b961599c90348d008a466a9 55.57MB / 143.49MB 4.1s
#5 sha256:0f40879e235c3b834191a0120f240480b7ab556a480f1b5d2f967423bf08f711 3.15MB / 4.06MB 4.1s
#5 sha256:572866ab72a68759e23b071fbbdce6341137c9606936b4fff9846f74997bbaac 112.20MB / 214.25MB 4.2s
#5 sha256:0f40879e235c3b834191a0120f240480b7ab556a480f1b5d2f967423bf08f711 4.06MB / 4.06MB 4.2s
#5 sha256:7de158c945f338f6c80480df6fafb5afec5258bb5b961599c90348d008a466a9 66.06MB / 143.49MB 4.3s
#5 sha256:0f40879e235c3b834191a0120f240480b7ab556a480f1b5d2f967423bf08f711 4.06MB / 4.06MB 4.2s done
#5 sha256:7de158c945f338f6c80480df6fafb5afec5258bb5b961599c90348d008a466a9 75.50MB / 143.49MB 4.6s
#5 sha256:572866ab72a68759e23b071fbbdce6341137c9606936b4fff9846f74997bbaac 123.73MB / 214.25MB 4.8s
#5 sha256:7de158c945f338f6c80480df6fafb5afec5258bb5b961599c90348d008a466a9 85.98MB / 143.49MB 4.9s
#5 sha256:7de158c945f338f6c80480df6fafb5afec5258bb5b961599c90348d008a466a9 97.52MB / 143.49MB 5.1s
#5 sha256:7de158c945f338f6c80480df6fafb5afec5258bb5b961599c90348d008a466a9 108.00MB / 143.49MB 5.3s
#5 sha256:572866ab72a68759e23b071fbbdce6341137c9606936b4fff9846f74997bbaac 137.36MB / 214.25MB 5.6s
#5 sha256:7de158c945f338f6c80480df6fafb5afec5258bb5b961599c90348d008a466a9 122.68MB / 143.49MB 5.6s
#5 sha256:7de158c945f338f6c80480df6fafb5afec5258bb5b961599c90348d008a466a9 133.17MB / 143.49MB 5.8s
#5 sha256:7de158c945f338f6c80480df6fafb5afec5258bb5b961599c90348d008a466a9 142.61MB / 143.49MB 6.0s
#5 sha256:572866ab72a68759e23b071fbbdce6341137c9606936b4fff9846f74997bbaac 155.19MB / 214.25MB 6.2s
#5 sha256:572866ab72a68759e23b071fbbdce6341137c9606936b4fff9846f74997bbaac 166.72MB / 214.25MB 6.6s
#5 sha256:572866ab72a68759e23b071fbbdce6341137c9606936b4fff9846f74997bbaac 184.55MB / 214.25MB 7.0s
#5 sha256:572866ab72a68759e23b071fbbdce6341137c9606936b4fff9846f74997bbaac 196.08MB / 214.25MB 7.2s
#5 sha256:572866ab72a68759e23b071fbbdce6341137c9606936b4fff9846f74997bbaac 213.91MB / 214.25MB 7.5s
#5 extracting sha256:0400ac8f7460260a663e0e97c24d7dfd8a2c947736f0351752b45c53e26d6e02 5.0s
#5 sha256:7de158c945f338f6c80480df6fafb5afec5258bb5b961599c90348d008a466a9 143.49MB / 143.49MB 8.2s done
#5 extracting sha256:0400ac8f7460260a663e0e97c24d7dfd8a2c947736f0351752b45c53e26d6e02 7.1s done
#5 sha256:572866ab72a68759e23b071fbbdce6341137c9606936b4fff9846f74997bbaac 214.25MB / 214.25MB 11.6s done
#5 extracting sha256:fa8559aa5ebb59d52475c0142459015fb9be267e1a497d8664f3fc8a35445173
#5 extracting sha256:fa8559aa5ebb59d52475c0142459015fb9be267e1a497d8664f3fc8a35445173 1.2s done
#5 extracting sha256:da32bfbbc3bad880f731e2f37903c9e359e180a5e74a703293a9441260cf3551
#5 extracting sha256:da32bfbbc3bad880f731e2f37903c9e359e180a5e74a703293a9441260cf3551 0.7s done
#5 extracting sha256:e1dc6725529d1d5ae67097d74db110cdfe3b60173dd4d9914c825ca6358ef8b5
#5 extracting sha256:e1dc6725529d1d5ae67097d74db110cdfe3b60173dd4d9914c825ca6358ef8b5 5.1s
#5 extracting sha256:e1dc6725529d1d5ae67097d74db110cdfe3b60173dd4d9914c825ca6358ef8b5 9.2s done
#5 extracting sha256:572866ab72a68759e23b071fbbdce6341137c9606936b4fff9846f74997bbaac
#5 extracting sha256:572866ab72a68759e23b071fbbdce6341137c9606936b4fff9846f74997bbaac 5.1s
#5 extracting sha256:572866ab72a68759e23b071fbbdce6341137c9606936b4fff9846f74997bbaac 10.1s
#5 extracting sha256:572866ab72a68759e23b071fbbdce6341137c9606936b4fff9846f74997bbaac 15.2s
#5 extracting sha256:572866ab72a68759e23b071fbbdce6341137c9606936b4fff9846f74997bbaac 20.3s
#5 extracting sha256:572866ab72a68759e23b071fbbdce6341137c9606936b4fff9846f74997bbaac 25.4s
#5 extracting sha256:572866ab72a68759e23b071fbbdce6341137c9606936b4fff9846f74997bbaac 30.5s
#5 extracting sha256:572866ab72a68759e23b071fbbdce6341137c9606936b4fff9846f74997bbaac 31.8s done
#5 extracting sha256:7de158c945f338f6c80480df6fafb5afec5258bb5b961599c90348d008a466a9
#5 extracting sha256:7de158c945f338f6c80480df6fafb5afec5258bb5b961599c90348d008a466a9 5.0s
#5 extracting sha256:7de158c945f338f6c80480df6fafb5afec5258bb5b961599c90348d008a466a9 10.1s
#5 extracting sha256:7de158c945f338f6c80480df6fafb5afec5258bb5b961599c90348d008a466a9 13.7s done
#5 extracting sha256:a84fc0f3844390195b53b046708eb1ec3279a2d41b04b88109e4fcf7418bee01
#5 extracting sha256:a84fc0f3844390195b53b046708eb1ec3279a2d41b04b88109e4fcf7418bee01 0.4s done
#5 extracting sha256:8b5b8225a4174e9f5cc64c767828ec1d1d8fc38b7362e6c5ecc72a74c4cea7e8
#5 extracting sha256:8b5b8225a4174e9f5cc64c767828ec1d1d8fc38b7362e6c5ecc72a74c4cea7e8 0.3s done
#5 extracting sha256:0f40879e235c3b834191a0120f240480b7ab556a480f1b5d2f967423bf08f711 0.1s
#5 extracting sha256:0f40879e235c3b834191a0120f240480b7ab556a480f1b5d2f967423bf08f711 0.5s done
#5 DONE 77.7s

#6 [ 2/12] RUN mix local.hex --force
#6 17.74 * creating root/.mix/archives/hex-1.0.1
#6 DONE 23.7s

#7 [ 3/12] RUN mix local.rebar --force
#7 11.07 * creating root/.mix/rebar
#7 11.47 * creating root/.mix/rebar3
#7 DONE 12.0s

#8 [ 4/12] RUN mix archive.install hex phx_new 1.5.9 --force
#8 15.90 Resolving Hex dependencies...
#8 16.03 Dependency resolution completed:
#8 16.03 New:
#8 16.03   phx_new 1.5.9
#8 16.11 * Getting phx_new (Hex package)
#8 17.95 ** (Mix) You're trying to run :phx_new on Elixir v1.4.5 but it has declared in its mix.exs file it supports only Elixir ~> 1.7
#8 ERROR: process "/bin/sh -c mix archive.install hex phx_new 1.5.9 --force" did not complete successfully: exit code: 1
------
 > [ 4/12] RUN mix archive.install hex phx_new 1.5.9 --force:
15.90 Resolving Hex dependencies...
16.03 Dependency resolution completed:
16.03 New:
16.03   phx_new 1.5.9
16.11 * Getting phx_new (Hex package)
17.95 ** (Mix) You're trying to run :phx_new on Elixir v1.4.5 but it has declared in its mix.exs file it supports only Elixir ~> 1.7
------
v3_Dockerfile:12
--------------------
  10 |     
  11 |     # Install the Phoenix framework itself
  12 | >>> RUN mix archive.install hex phx_new 1.5.9 --force
  13 |     
  14 |     # Install NodeJS 6.x and the NPM
--------------------
ERROR: failed to solve: process "/bin/sh -c mix archive.install hex phx_new 1.5.9 --force" did not complete successfully: exit code: 1
Duration: 2:14.91