#0 building with "default" instance using docker driver

#1 [internal] load build definition from v1_Dockerfile
#1 transferring dockerfile: 813B done
#1 DONE 0.0s

#2 [auth] library/node:pull token for registry-1.docker.io
#2 DONE 0.0s

#3 [internal] load metadata for docker.io/library/node:stretch
#3 DONE 0.9s

#4 [internal] load .dockerignore
#4 transferring context: 2B done
#4 DONE 0.0s

#5 [internal] load build context
#5 transferring context: 1.50MB 0.0s done
#5 DONE 0.1s

#6 [1/6] FROM docker.io/library/node:stretch@sha256:7e6d5d50f05891e89443f463365e4f60093de12fbbb72c85f6a5fd06533b7fc7
#6 resolve docker.io/library/node:stretch@sha256:7e6d5d50f05891e89443f463365e4f60093de12fbbb72c85f6a5fd06533b7fc7 0.0s done
#6 sha256:6c273336ed1d799eac9d579e5ffa403c97113ec07fc755ef0b7de5e496f88253 7.68kB / 7.68kB done
#6 sha256:7e6d5d50f05891e89443f463365e4f60093de12fbbb72c85f6a5fd06533b7fc7 776B / 776B done
#6 sha256:699b649e1b16dc6f5d132556990e119115da3295481a14940bee11b462e882a7 2.21kB / 2.21kB done
#6 sha256:f5196cdf25181bc7e4411865a2e002932b7b6b0ffce787c04c1bdeaf1f204f20 0B / 45.43MB 0.1s
#6 sha256:9bed1e86f01ee95c76d2c8b4385a47ae336e6d293afade9368469d99daa9369f 0B / 11.30MB 0.1s
#6 sha256:f44e4bdb3a6c1325cc4d40e585ed7a759127c0c87b0388ec0236b1698827d70d 0B / 4.34MB 0.1s
#6 sha256:f5196cdf25181bc7e4411865a2e002932b7b6b0ffce787c04c1bdeaf1f204f20 15.73MB / 45.43MB 0.3s
#6 sha256:f44e4bdb3a6c1325cc4d40e585ed7a759127c0c87b0388ec0236b1698827d70d 1.05MB / 4.34MB 0.3s
#6 sha256:f5196cdf25181bc7e4411865a2e002932b7b6b0ffce787c04c1bdeaf1f204f20 29.36MB / 45.43MB 0.5s
#6 sha256:9bed1e86f01ee95c76d2c8b4385a47ae336e6d293afade9368469d99daa9369f 3.15MB / 11.30MB 0.5s
#6 sha256:f44e4bdb3a6c1325cc4d40e585ed7a759127c0c87b0388ec0236b1698827d70d 4.34MB / 4.34MB 0.3s done
#6 sha256:2f75d131f4060950dd6cc1f580e2fa5504ece8d692113a9cdb0a866637b397d7 0B / 49.77MB 0.5s
#6 sha256:f5196cdf25181bc7e4411865a2e002932b7b6b0ffce787c04c1bdeaf1f204f20 32.51MB / 45.43MB 0.6s
#6 sha256:9bed1e86f01ee95c76d2c8b4385a47ae336e6d293afade9368469d99daa9369f 7.34MB / 11.30MB 0.6s
#6 sha256:2f75d131f4060950dd6cc1f580e2fa5504ece8d692113a9cdb0a866637b397d7 5.24MB / 49.77MB 0.6s
#6 sha256:f5196cdf25181bc7e4411865a2e002932b7b6b0ffce787c04c1bdeaf1f204f20 36.70MB / 45.43MB 0.7s
#6 sha256:9bed1e86f01ee95c76d2c8b4385a47ae336e6d293afade9368469d99daa9369f 9.44MB / 11.30MB 0.7s
#6 sha256:2f75d131f4060950dd6cc1f580e2fa5504ece8d692113a9cdb0a866637b397d7 9.44MB / 49.77MB 0.7s
#6 sha256:f5196cdf25181bc7e4411865a2e002932b7b6b0ffce787c04c1bdeaf1f204f20 41.94MB / 45.43MB 0.8s
#6 sha256:9bed1e86f01ee95c76d2c8b4385a47ae336e6d293afade9368469d99daa9369f 11.30MB / 11.30MB 0.7s done
#6 sha256:2f75d131f4060950dd6cc1f580e2fa5504ece8d692113a9cdb0a866637b397d7 15.73MB / 49.77MB 0.8s
#6 sha256:07dff4ad21ebdb3ce3e329699663b2f81af70152453025f6624584a39a8e22b6 0B / 214.48MB 0.8s
#6 sha256:f5196cdf25181bc7e4411865a2e002932b7b6b0ffce787c04c1bdeaf1f204f20 45.43MB / 45.43MB 0.9s
#6 sha256:2f75d131f4060950dd6cc1f580e2fa5504ece8d692113a9cdb0a866637b397d7 24.12MB / 49.77MB 0.9s
#6 extracting sha256:f5196cdf25181bc7e4411865a2e002932b7b6b0ffce787c04c1bdeaf1f204f20
#6 sha256:f5196cdf25181bc7e4411865a2e002932b7b6b0ffce787c04c1bdeaf1f204f20 45.43MB / 45.43MB 1.0s done
#6 sha256:2f75d131f4060950dd6cc1f580e2fa5504ece8d692113a9cdb0a866637b397d7 38.80MB / 49.77MB 1.1s
#6 sha256:e0ac4f13b766d321acc3b650d3d23b82828995711f6f247ff591722c00d04cec 4.19kB / 4.19kB 1.1s done
#6 sha256:2f75d131f4060950dd6cc1f580e2fa5504ece8d692113a9cdb0a866637b397d7 47.19MB / 49.77MB 1.2s
#6 sha256:07dff4ad21ebdb3ce3e329699663b2f81af70152453025f6624584a39a8e22b6 11.53MB / 214.48MB 1.2s
#6 sha256:d79e6cc64666637b93c6dc3e7b3deb04be1d80e8d7debac1eadeac46beb0b6c6 0B / 44.34MB 1.2s
#6 sha256:2f75d131f4060950dd6cc1f580e2fa5504ece8d692113a9cdb0a866637b397d7 49.77MB / 49.77MB 1.3s
#6 sha256:d79e6cc64666637b93c6dc3e7b3deb04be1d80e8d7debac1eadeac46beb0b6c6 5.24MB / 44.34MB 1.3s
#6 sha256:2f75d131f4060950dd6cc1f580e2fa5504ece8d692113a9cdb0a866637b397d7 49.77MB / 49.77MB 1.4s done
#6 sha256:d79e6cc64666637b93c6dc3e7b3deb04be1d80e8d7debac1eadeac46beb0b6c6 12.58MB / 44.34MB 1.4s
#6 sha256:2741cc433820e4291e5d2f17d7e0fa5add7e78e1dada6627f5628530cc79488c 0B / 2.32MB 1.4s
#6 sha256:07dff4ad21ebdb3ce3e329699663b2f81af70152453025f6624584a39a8e22b6 24.12MB / 214.48MB 1.5s
#6 sha256:d79e6cc64666637b93c6dc3e7b3deb04be1d80e8d7debac1eadeac46beb0b6c6 18.87MB / 44.34MB 1.5s
#6 sha256:d79e6cc64666637b93c6dc3e7b3deb04be1d80e8d7debac1eadeac46beb0b6c6 23.07MB / 44.34MB 1.6s
#6 sha256:2741cc433820e4291e5d2f17d7e0fa5add7e78e1dada6627f5628530cc79488c 2.32MB / 2.32MB 1.6s done
#6 sha256:e4004a871c21c7d22e0ae8e6289a03da8baeaa0b2eb53e5e7f40e568fb3e5bb6 0B / 462B 1.6s
#6 sha256:d79e6cc64666637b93c6dc3e7b3deb04be1d80e8d7debac1eadeac46beb0b6c6 30.41MB / 44.34MB 1.7s
#6 sha256:e4004a871c21c7d22e0ae8e6289a03da8baeaa0b2eb53e5e7f40e568fb3e5bb6 462B / 462B 1.7s done
#6 sha256:07dff4ad21ebdb3ce3e329699663b2f81af70152453025f6624584a39a8e22b6 38.80MB / 214.48MB 1.8s
#6 sha256:d79e6cc64666637b93c6dc3e7b3deb04be1d80e8d7debac1eadeac46beb0b6c6 35.65MB / 44.34MB 1.8s
#6 sha256:07dff4ad21ebdb3ce3e329699663b2f81af70152453025f6624584a39a8e22b6 50.33MB / 214.48MB 2.0s
#6 sha256:d79e6cc64666637b93c6dc3e7b3deb04be1d80e8d7debac1eadeac46beb0b6c6 44.34MB / 44.34MB 2.0s
#6 sha256:d79e6cc64666637b93c6dc3e7b3deb04be1d80e8d7debac1eadeac46beb0b6c6 44.34MB / 44.34MB 2.0s done
#6 sha256:07dff4ad21ebdb3ce3e329699663b2f81af70152453025f6624584a39a8e22b6 69.21MB / 214.48MB 2.2s
#6 sha256:07dff4ad21ebdb3ce3e329699663b2f81af70152453025f6624584a39a8e22b6 80.74MB / 214.48MB 2.3s
#6 sha256:07dff4ad21ebdb3ce3e329699663b2f81af70152453025f6624584a39a8e22b6 101.71MB / 214.48MB 2.5s
#6 sha256:07dff4ad21ebdb3ce3e329699663b2f81af70152453025f6624584a39a8e22b6 113.25MB / 214.48MB 2.6s
#6 sha256:07dff4ad21ebdb3ce3e329699663b2f81af70152453025f6624584a39a8e22b6 135.27MB / 214.48MB 2.8s
#6 sha256:07dff4ad21ebdb3ce3e329699663b2f81af70152453025f6624584a39a8e22b6 155.19MB / 214.48MB 3.0s
#6 sha256:07dff4ad21ebdb3ce3e329699663b2f81af70152453025f6624584a39a8e22b6 166.72MB / 214.48MB 3.1s
#6 sha256:07dff4ad21ebdb3ce3e329699663b2f81af70152453025f6624584a39a8e22b6 185.60MB / 214.48MB 3.3s
#6 sha256:07dff4ad21ebdb3ce3e329699663b2f81af70152453025f6624584a39a8e22b6 204.47MB / 214.48MB 3.5s
#6 extracting sha256:f5196cdf25181bc7e4411865a2e002932b7b6b0ffce787c04c1bdeaf1f204f20 3.1s done
#6 sha256:07dff4ad21ebdb3ce3e329699663b2f81af70152453025f6624584a39a8e22b6 214.48MB / 214.48MB 4.2s done
#6 extracting sha256:9bed1e86f01ee95c76d2c8b4385a47ae336e6d293afade9368469d99daa9369f
#6 extracting sha256:9bed1e86f01ee95c76d2c8b4385a47ae336e6d293afade9368469d99daa9369f 0.5s done
#6 extracting sha256:f44e4bdb3a6c1325cc4d40e585ed7a759127c0c87b0388ec0236b1698827d70d 0.1s
#6 extracting sha256:f44e4bdb3a6c1325cc4d40e585ed7a759127c0c87b0388ec0236b1698827d70d 0.1s done
#6 extracting sha256:2f75d131f4060950dd6cc1f580e2fa5504ece8d692113a9cdb0a866637b397d7
#6 extracting sha256:2f75d131f4060950dd6cc1f580e2fa5504ece8d692113a9cdb0a866637b397d7 3.3s done
#6 extracting sha256:07dff4ad21ebdb3ce3e329699663b2f81af70152453025f6624584a39a8e22b6
#6 extracting sha256:07dff4ad21ebdb3ce3e329699663b2f81af70152453025f6624584a39a8e22b6 5.0s
#6 extracting sha256:07dff4ad21ebdb3ce3e329699663b2f81af70152453025f6624584a39a8e22b6 10.1s
#6 extracting sha256:07dff4ad21ebdb3ce3e329699663b2f81af70152453025f6624584a39a8e22b6 11.1s done
#6 extracting sha256:e0ac4f13b766d321acc3b650d3d23b82828995711f6f247ff591722c00d04cec
#6 extracting sha256:e0ac4f13b766d321acc3b650d3d23b82828995711f6f247ff591722c00d04cec done
#6 extracting sha256:d79e6cc64666637b93c6dc3e7b3deb04be1d80e8d7debac1eadeac46beb0b6c6 0.1s
#6 extracting sha256:d79e6cc64666637b93c6dc3e7b3deb04be1d80e8d7debac1eadeac46beb0b6c6 3.1s done
#6 extracting sha256:2741cc433820e4291e5d2f17d7e0fa5add7e78e1dada6627f5628530cc79488c
#6 extracting sha256:2741cc433820e4291e5d2f17d7e0fa5add7e78e1dada6627f5628530cc79488c 0.1s done
#6 extracting sha256:e4004a871c21c7d22e0ae8e6289a03da8baeaa0b2eb53e5e7f40e568fb3e5bb6
#6 extracting sha256:e4004a871c21c7d22e0ae8e6289a03da8baeaa0b2eb53e5e7f40e568fb3e5bb6 done
#6 DONE 23.6s

#7 [2/6] WORKDIR /usr/app
#7 DONE 7.3s

#8 [3/6] RUN apt-get update && apt-get install --no-install-recommends -y     gconf-service libasound2 libatk1.0-0 libc6 libcairo2 libcups2 libdbus-1-3 libexpat1     libfontconfig1 libgcc1 libgconf-2-4 libgdk-pixbuf2.0-0 libglib2.0-0 libgtk-3-0 libnspr4 libpango-1.0-0     libpangocairo-1.0-0 libstdc++6 libx11-6 libx11-xcb1 libxcb1 libxcomposite1 libxcursor1 libxdamage1     libxext6 libxfixes3 libxi6 libxrandr2 libxrender1 libxss1 libxtst6 ca-certificates     fonts-liberation libappindicator1 libnss3 lsb-release xdg-utils wget && rm -rf /var/lib/apt/lists/*;
#8 0.237 Ign:1 http://security.debian.org/debian-security stretch/updates InRelease
#8 0.238 Ign:2 http://deb.debian.org/debian stretch InRelease
#8 0.247 Ign:3 http://security.debian.org/debian-security stretch/updates Release
#8 0.249 Ign:4 http://deb.debian.org/debian stretch-updates InRelease
#8 0.258 Ign:5 http://security.debian.org/debian-security stretch/updates/main all Packages
#8 0.261 Ign:6 http://deb.debian.org/debian stretch Release
#8 0.273 Ign:7 http://deb.debian.org/debian stretch-updates Release
#8 0.413 Ign:8 http://security.debian.org/debian-security stretch/updates/main amd64 Packages
#8 0.423 Ign:5 http://security.debian.org/debian-security stretch/updates/main all Packages
#8 0.425 Ign:9 http://deb.debian.org/debian stretch/main amd64 Packages
#8 0.436 Ign:10 http://deb.debian.org/debian stretch/main all Packages
#8 0.579 Ign:8 http://security.debian.org/debian-security stretch/updates/main amd64 Packages
#8 0.584 Ign:11 http://deb.debian.org/debian stretch-updates/main amd64 Packages
#8 0.590 Ign:5 http://security.debian.org/debian-security stretch/updates/main all Packages
#8 0.596 Ign:12 http://deb.debian.org/debian stretch-updates/main all Packages
#8 0.604 Ign:8 http://security.debian.org/debian-security stretch/updates/main amd64 Packages
#8 0.614 Ign:5 http://security.debian.org/debian-security stretch/updates/main all Packages
#8 0.625 Ign:8 http://security.debian.org/debian-security stretch/updates/main amd64 Packages
#8 0.636 Ign:5 http://security.debian.org/debian-security stretch/updates/main all Packages
#8 0.750 Ign:9 http://deb.debian.org/debian stretch/main amd64 Packages
#8 0.762 Ign:10 http://deb.debian.org/debian stretch/main all Packages
#8 0.795 Ign:8 http://security.debian.org/debian-security stretch/updates/main amd64 Packages
#8 0.807 Ign:5 http://security.debian.org/debian-security stretch/updates/main all Packages
#8 0.911 Ign:11 http://deb.debian.org/debian stretch-updates/main amd64 Packages
#8 0.924 Ign:12 http://deb.debian.org/debian stretch-updates/main all Packages
#8 0.966 Err:8 http://security.debian.org/debian-security stretch/updates/main amd64 Packages
#8 0.966   404  Not Found
#8 1.078 Ign:9 http://deb.debian.org/debian stretch/main amd64 Packages
#8 1.089 Ign:10 http://deb.debian.org/debian stretch/main all Packages
#8 1.099 Ign:11 http://deb.debian.org/debian stretch-updates/main amd64 Packages
#8 1.110 Ign:12 http://deb.debian.org/debian stretch-updates/main all Packages
#8 1.120 Ign:9 http://deb.debian.org/debian stretch/main amd64 Packages
#8 1.131 Ign:10 http://deb.debian.org/debian stretch/main all Packages
#8 1.143 Ign:11 http://deb.debian.org/debian stretch-updates/main amd64 Packages
#8 1.154 Ign:12 http://deb.debian.org/debian stretch-updates/main all Packages
#8 1.305 Ign:9 http://deb.debian.org/debian stretch/main amd64 Packages
#8 1.315 Ign:10 http://deb.debian.org/debian stretch/main all Packages
#8 1.326 Ign:11 http://deb.debian.org/debian stretch-updates/main amd64 Packages
#8 1.337 Ign:12 http://deb.debian.org/debian stretch-updates/main all Packages
#8 1.485 Err:9 http://deb.debian.org/debian stretch/main amd64 Packages
#8 1.485   404  Not Found
#8 1.503 Ign:10 http://deb.debian.org/debian stretch/main all Packages
#8 1.658 Err:11 http://deb.debian.org/debian stretch-updates/main amd64 Packages
#8 1.658   404  Not Found
#8 1.669 Ign:12 http://deb.debian.org/debian stretch-updates/main all Packages
#8 1.672 Reading package lists...
#8 1.685 W: The repository 'http://security.debian.org/debian-security stretch/updates Release' does not have a Release file.
#8 1.685 W: The repository 'http://deb.debian.org/debian stretch Release' does not have a Release file.
#8 1.685 W: The repository 'http://deb.debian.org/debian stretch-updates Release' does not have a Release file.
#8 1.685 E: Failed to fetch http://security.debian.org/debian-security/dists/stretch/updates/main/binary-amd64/Packages  404  Not Found
#8 1.685 E: Failed to fetch http://deb.debian.org/debian/dists/stretch/main/binary-amd64/Packages  404  Not Found
#8 1.685 E: Failed to fetch http://deb.debian.org/debian/dists/stretch-updates/main/binary-amd64/Packages  404  Not Found
#8 1.685 E: Some index files failed to download. They have been ignored, or old ones used instead.
#8 ERROR: process "/bin/sh -c apt-get update && apt-get install --no-install-recommends -y     gconf-service libasound2 libatk1.0-0 libc6 libcairo2 libcups2 libdbus-1-3 libexpat1     libfontconfig1 libgcc1 libgconf-2-4 libgdk-pixbuf2.0-0 libglib2.0-0 libgtk-3-0 libnspr4 libpango-1.0-0     libpangocairo-1.0-0 libstdc++6 libx11-6 libx11-xcb1 libxcb1 libxcomposite1 libxcursor1 libxdamage1     libxext6 libxfixes3 libxi6 libxrandr2 libxrender1 libxss1 libxtst6 ca-certificates     fonts-liberation libappindicator1 libnss3 lsb-release xdg-utils wget && rm -rf /var/lib/apt/lists/*;" did not complete successfully: exit code: 100
------
 > [3/6] RUN apt-get update && apt-get install --no-install-recommends -y     gconf-service libasound2 libatk1.0-0 libc6 libcairo2 libcups2 libdbus-1-3 libexpat1     libfontconfig1 libgcc1 libgconf-2-4 libgdk-pixbuf2.0-0 libglib2.0-0 libgtk-3-0 libnspr4 libpango-1.0-0     libpangocairo-1.0-0 libstdc++6 libx11-6 libx11-xcb1 libxcb1 libxcomposite1 libxcursor1 libxdamage1     libxext6 libxfixes3 libxi6 libxrandr2 libxrender1 libxss1 libxtst6 ca-certificates     fonts-liberation libappindicator1 libnss3 lsb-release xdg-utils wget && rm -rf /var/lib/apt/lists/*;:
1.658   404  Not Found
1.669 Ign:12 http://deb.debian.org/debian stretch-updates/main all Packages
1.672 Reading package lists...
1.685 W: The repository 'http://security.debian.org/debian-security stretch/updates Release' does not have a Release file.
1.685 W: The repository 'http://deb.debian.org/debian stretch Release' does not have a Release file.
1.685 W: The repository 'http://deb.debian.org/debian stretch-updates Release' does not have a Release file.
1.685 E: Failed to fetch http://security.debian.org/debian-security/dists/stretch/updates/main/binary-amd64/Packages  404  Not Found
1.685 E: Failed to fetch http://deb.debian.org/debian/dists/stretch/main/binary-amd64/Packages  404  Not Found
1.685 E: Failed to fetch http://deb.debian.org/debian/dists/stretch-updates/main/binary-amd64/Packages  404  Not Found
1.685 E: Some index files failed to download. They have been ignored, or old ones used instead.
------
v1_Dockerfile:5
--------------------
   4 |     
   5 | >>> RUN apt-get update && apt-get install --no-install-recommends -y \
   6 | >>>     gconf-service libasound2 libatk1.0-0 libc6 libcairo2 libcups2 libdbus-1-3 libexpat1 \
   7 | >>>     libfontconfig1 libgcc1 libgconf-2-4 libgdk-pixbuf2.0-0 libglib2.0-0 libgtk-3-0 libnspr4 libpango-1.0-0 \
   8 | >>>     libpangocairo-1.0-0 libstdc++6 libx11-6 libx11-xcb1 libxcb1 libxcomposite1 libxcursor1 libxdamage1 \
   9 | >>>     libxext6 libxfixes3 libxi6 libxrandr2 libxrender1 libxss1 libxtst6 ca-certificates \
  10 | >>>     fonts-liberation libappindicator1 libnss3 lsb-release xdg-utils wget && rm -rf /var/lib/apt/lists/*;
  11 |     
--------------------
ERROR: failed to solve: process "/bin/sh -c apt-get update && apt-get install --no-install-recommends -y     gconf-service libasound2 libatk1.0-0 libc6 libcairo2 libcups2 libdbus-1-3 libexpat1     libfontconfig1 libgcc1 libgconf-2-4 libgdk-pixbuf2.0-0 libglib2.0-0 libgtk-3-0 libnspr4 libpango-1.0-0     libpangocairo-1.0-0 libstdc++6 libx11-6 libx11-xcb1 libxcb1 libxcomposite1 libxcursor1 libxdamage1     libxext6 libxfixes3 libxi6 libxrandr2 libxrender1 libxss1 libxtst6 ca-certificates     fonts-liberation libappindicator1 libnss3 lsb-release xdg-utils wget && rm -rf /var/lib/apt/lists/*;" did not complete successfully: exit code: 100
Duration: 0:33.97