#0 building with "default" instance using docker driver

#1 [internal] load .dockerignore
#1 transferring context:
#1 transferring context: 68B done
#1 DONE 0.4s

#2 [internal] load build definition from Dockerfile
#2 transferring dockerfile: 1.24kB done
#2 DONE 0.3s

#3 [internal] load metadata for docker.io/library/php:7.0-apache
#3 ...

#4 [auth] library/php:pull token for registry-1.docker.io
#4 DONE 0.0s

#3 [internal] load metadata for docker.io/library/php:7.0-apache
#3 DONE 1.7s

#5 [internal] load build context
#5 DONE 0.0s

#6 [1/6] FROM docker.io/library/php:7.0-apache@sha256:1d34b2e491a02ba7a8d26478132015e197a5ffea37f0a93b42621d11cfe042cc
#6 resolve docker.io/library/php:7.0-apache@sha256:1d34b2e491a02ba7a8d26478132015e197a5ffea37f0a93b42621d11cfe042cc
#6 resolve docker.io/library/php:7.0-apache@sha256:1d34b2e491a02ba7a8d26478132015e197a5ffea37f0a93b42621d11cfe042cc 0.2s done
#6 sha256:b4e5b78afa2504589f3a9868535e2b099418c9de14711574b09691fc3e0f0054 3.04kB / 3.04kB done
#6 sha256:1d34b2e491a02ba7a8d26478132015e197a5ffea37f0a93b42621d11cfe042cc 2.37kB / 2.37kB done
#6 sha256:aa67a9c9814fb920a3aa01122b56010ddf1130710caf71a8871a0f1dbb4d78fd 12.45kB / 12.45kB done
#6 sha256:177e7ef0df6987e0c5738a1fb5aba98b6b6e7a5fef992e481977dbb5ba3f91be 0B / 22.49MB 0.1s
#6 sha256:177e7ef0df6987e0c5738a1fb5aba98b6b6e7a5fef992e481977dbb5ba3f91be 2.10MB / 22.49MB 0.2s
#6 sha256:9bf89f2eda244c750e106e9751aa6714e8002accc9ebc4efe784800ff424e2a8 0B / 225B 0.2s
#6 ...

#5 [internal] load build context
#5 transferring context: 1.22MB 0.1s done
#5 DONE 0.4s

#6 [1/6] FROM docker.io/library/php:7.0-apache@sha256:1d34b2e491a02ba7a8d26478132015e197a5ffea37f0a93b42621d11cfe042cc
#6 sha256:177e7ef0df6987e0c5738a1fb5aba98b6b6e7a5fef992e481977dbb5ba3f91be 7.34MB / 22.49MB 0.3s
#6 sha256:350207dcf1b7e69d73ee5e688ec3f1bb6576481773105b8635193dc7fe5010bb 0B / 67.44MB 0.3s
#6 sha256:177e7ef0df6987e0c5738a1fb5aba98b6b6e7a5fef992e481977dbb5ba3f91be 17.83MB / 22.49MB 0.5s
#6 sha256:9bf89f2eda244c750e106e9751aa6714e8002accc9ebc4efe784800ff424e2a8 225B / 225B 0.4s done
#6 sha256:350207dcf1b7e69d73ee5e688ec3f1bb6576481773105b8635193dc7fe5010bb 6.95MB / 67.44MB 0.5s
#6 sha256:a8a33d96b4e7acb10a1e637ccc316d5e823debfa5c64704b4935af982bd79926 0B / 183B 0.5s
#6 sha256:177e7ef0df6987e0c5738a1fb5aba98b6b6e7a5fef992e481977dbb5ba3f91be 22.49MB / 22.49MB 0.6s
#6 sha256:350207dcf1b7e69d73ee5e688ec3f1bb6576481773105b8635193dc7fe5010bb 11.53MB / 67.44MB 0.6s
#6 sha256:a8a33d96b4e7acb10a1e637ccc316d5e823debfa5c64704b4935af982bd79926 183B / 183B 0.6s
#6 sha256:350207dcf1b7e69d73ee5e688ec3f1bb6576481773105b8635193dc7fe5010bb 24.12MB / 67.44MB 0.8s
#6 sha256:a8a33d96b4e7acb10a1e637ccc316d5e823debfa5c64704b4935af982bd79926 183B / 183B 0.6s done
#6 sha256:350207dcf1b7e69d73ee5e688ec3f1bb6576481773105b8635193dc7fe5010bb 29.36MB / 67.44MB 0.9s
#6 sha256:350207dcf1b7e69d73ee5e688ec3f1bb6576481773105b8635193dc7fe5010bb 35.65MB / 67.44MB 1.0s
#6 sha256:177e7ef0df6987e0c5738a1fb5aba98b6b6e7a5fef992e481977dbb5ba3f91be 22.49MB / 22.49MB 1.0s done
#6 sha256:350207dcf1b7e69d73ee5e688ec3f1bb6576481773105b8635193dc7fe5010bb 47.19MB / 67.44MB 1.2s
#6 sha256:c0421d5b63d69a2ae480d7c5caa3d21f8105a682249c55f4923f655e73e2f492 0B / 17.13MB 1.2s
#6 sha256:f76e300fbe727910ee01d0011a0d011f7cffe00483aea448496dbe49029aa8ad 0B / 1.34kB 1.2s
#6 sha256:350207dcf1b7e69d73ee5e688ec3f1bb6576481773105b8635193dc7fe5010bb 52.43MB / 67.44MB 1.3s
#6 sha256:c0421d5b63d69a2ae480d7c5caa3d21f8105a682249c55f4923f655e73e2f492 4.19MB / 17.13MB 1.3s
#6 sha256:350207dcf1b7e69d73ee5e688ec3f1bb6576481773105b8635193dc7fe5010bb 57.67MB / 67.44MB 1.4s
#6 sha256:c0421d5b63d69a2ae480d7c5caa3d21f8105a682249c55f4923f655e73e2f492 10.49MB / 17.13MB 1.4s
#6 sha256:f76e300fbe727910ee01d0011a0d011f7cffe00483aea448496dbe49029aa8ad 1.34kB / 1.34kB 1.3s done
#6 extracting sha256:177e7ef0df6987e0c5738a1fb5aba98b6b6e7a5fef992e481977dbb5ba3f91be
#6 sha256:af9ff1b9ce5b028cb1a7c3ad2bc442aacb9a8ddd46cb8a41485b947536e3f4f6 0B / 429B 1.4s
#6 sha256:350207dcf1b7e69d73ee5e688ec3f1bb6576481773105b8635193dc7fe5010bb 67.44MB / 67.44MB 1.6s
#6 sha256:c0421d5b63d69a2ae480d7c5caa3d21f8105a682249c55f4923f655e73e2f492 17.13MB / 17.13MB 1.6s
#6 sha256:af9ff1b9ce5b028cb1a7c3ad2bc442aacb9a8ddd46cb8a41485b947536e3f4f6 429B / 429B 1.5s done
#6 sha256:d9f072d61771f0bc903b453eca2aa1816ee9aaae195e7be586492a38619c45ce 0B / 483B 1.7s
#6 sha256:d9f072d61771f0bc903b453eca2aa1816ee9aaae195e7be586492a38619c45ce 483B / 483B 1.8s
#6 sha256:c0421d5b63d69a2ae480d7c5caa3d21f8105a682249c55f4923f655e73e2f492 17.13MB / 17.13MB 2.1s done
#6 sha256:350207dcf1b7e69d73ee5e688ec3f1bb6576481773105b8635193dc7fe5010bb 67.44MB / 67.44MB 3.1s done
#6 sha256:d9f072d61771f0bc903b453eca2aa1816ee9aaae195e7be586492a38619c45ce 483B / 483B 3.1s done
#6 sha256:8ba923990f244d0ec64c6b247dc8bc9de707da22c6baca8750767ba674b33ff4 0B / 500B 3.2s
#6 sha256:98af8902979aea4195030c6189edac2a470abcdd834648808b0f95bc90a1d0f0 0B / 13.90MB 3.3s
#6 sha256:98af8902979aea4195030c6189edac2a470abcdd834648808b0f95bc90a1d0f0 1.05MB / 13.90MB 3.4s
#6 sha256:37007e29219807979c0fc57591ff103c795c0c60438a29b6ca8c6ad79b70058e 0B / 12.38MB 3.4s
#6 sha256:8ba923990f244d0ec64c6b247dc8bc9de707da22c6baca8750767ba674b33ff4 500B / 500B 3.4s done
#6 sha256:98af8902979aea4195030c6189edac2a470abcdd834648808b0f95bc90a1d0f0 6.09MB / 13.90MB 3.5s
#6 sha256:37007e29219807979c0fc57591ff103c795c0c60438a29b6ca8c6ad79b70058e 2.10MB / 12.38MB 3.5s
#6 sha256:f1548c2cd3762f0550634038ffb2e4e15a342ff40861121b4236ddc58b768c54 0B / 2.19kB 3.5s
#6 sha256:98af8902979aea4195030c6189edac2a470abcdd834648808b0f95bc90a1d0f0 8.39MB / 13.90MB 3.6s
#6 sha256:37007e29219807979c0fc57591ff103c795c0c60438a29b6ca8c6ad79b70058e 6.29MB / 12.38MB 3.6s
#6 sha256:98af8902979aea4195030c6189edac2a470abcdd834648808b0f95bc90a1d0f0 13.90MB / 13.90MB 3.8s
#6 sha256:37007e29219807979c0fc57591ff103c795c0c60438a29b6ca8c6ad79b70058e 12.38MB / 12.38MB 3.8s
#6 sha256:f1548c2cd3762f0550634038ffb2e4e15a342ff40861121b4236ddc58b768c54 2.19kB / 2.19kB 3.7s done
#6 sha256:e1062fd0605a7573b74b18dc834091cbb94662b46863858735775181fd01b55c 0B / 903B 3.8s
#6 sha256:e1062fd0605a7573b74b18dc834091cbb94662b46863858735775181fd01b55c 903B / 903B 3.9s
#6 sha256:98af8902979aea4195030c6189edac2a470abcdd834648808b0f95bc90a1d0f0 13.90MB / 13.90MB 4.1s done
#6 sha256:37007e29219807979c0fc57591ff103c795c0c60438a29b6ca8c6ad79b70058e 12.38MB / 12.38MB 4.3s done
#6 sha256:e1062fd0605a7573b74b18dc834091cbb94662b46863858735775181fd01b55c 903B / 903B 4.3s done
#6 extracting sha256:177e7ef0df6987e0c5738a1fb5aba98b6b6e7a5fef992e481977dbb5ba3f91be 3.6s done
#6 extracting sha256:9bf89f2eda244c750e106e9751aa6714e8002accc9ebc4efe784800ff424e2a8 done
#6 extracting sha256:350207dcf1b7e69d73ee5e688ec3f1bb6576481773105b8635193dc7fe5010bb
#6 extracting sha256:350207dcf1b7e69d73ee5e688ec3f1bb6576481773105b8635193dc7fe5010bb 6.0s
#6 extracting sha256:350207dcf1b7e69d73ee5e688ec3f1bb6576481773105b8635193dc7fe5010bb 11.1s
#6 extracting sha256:350207dcf1b7e69d73ee5e688ec3f1bb6576481773105b8635193dc7fe5010bb 12.8s done
#6 extracting sha256:a8a33d96b4e7acb10a1e637ccc316d5e823debfa5c64704b4935af982bd79926 done
#6 extracting sha256:c0421d5b63d69a2ae480d7c5caa3d21f8105a682249c55f4923f655e73e2f492
#6 extracting sha256:c0421d5b63d69a2ae480d7c5caa3d21f8105a682249c55f4923f655e73e2f492 2.3s done
#6 extracting sha256:f76e300fbe727910ee01d0011a0d011f7cffe00483aea448496dbe49029aa8ad done
#6 extracting sha256:af9ff1b9ce5b028cb1a7c3ad2bc442aacb9a8ddd46cb8a41485b947536e3f4f6
#6 extracting sha256:af9ff1b9ce5b028cb1a7c3ad2bc442aacb9a8ddd46cb8a41485b947536e3f4f6 done
#6 extracting sha256:d9f072d61771f0bc903b453eca2aa1816ee9aaae195e7be586492a38619c45ce done
#6 extracting sha256:37007e29219807979c0fc57591ff103c795c0c60438a29b6ca8c6ad79b70058e
#6 extracting sha256:37007e29219807979c0fc57591ff103c795c0c60438a29b6ca8c6ad79b70058e 0.4s done
#6 extracting sha256:8ba923990f244d0ec64c6b247dc8bc9de707da22c6baca8750767ba674b33ff4
#6 extracting sha256:8ba923990f244d0ec64c6b247dc8bc9de707da22c6baca8750767ba674b33ff4 done
#6 extracting sha256:98af8902979aea4195030c6189edac2a470abcdd834648808b0f95bc90a1d0f0
#6 extracting sha256:98af8902979aea4195030c6189edac2a470abcdd834648808b0f95bc90a1d0f0 2.4s done
#6 extracting sha256:f1548c2cd3762f0550634038ffb2e4e15a342ff40861121b4236ddc58b768c54
#6 extracting sha256:f1548c2cd3762f0550634038ffb2e4e15a342ff40861121b4236ddc58b768c54 done
#6 extracting sha256:e1062fd0605a7573b74b18dc834091cbb94662b46863858735775181fd01b55c 0.0s done
#6 DONE 40.0s

#7 [2/6] COPY ./ /var/www/
#7 DONE 2.7s

#8 [3/6] RUN curl -sL https://deb.nodesource.com/setup_4.x | bash -     && apt-get install -y nodejs build-essential git unzip zlib1g-dev     && docker-php-ext-install zip mbstring pdo pdo_mysql     && php -r "readfile('https://getcomposer.org/installer');" > composer-setup.php     && php composer-setup.php     && php -r "unlink('composer-setup.php');"     && mv composer.phar /usr/local/bin/composer
#8 1.624 
#8 1.624 ================================================================================
#8 1.624 ================================================================================
#8 1.624 
#8 1.624                               DEPRECATION WARNING                            
#8 1.624 
#8 1.624   Node.js 4.x LTS Argon is no longer actively supported!
#8 1.624 
#8 1.624   You will not receive security or critical stability updates for this version.
#8 1.624 
#8 1.624   You should migrate to a supported version of Node.js as soon as possible.
#8 1.624   Use the installation script that corresponds to the version of Node.js you
#8 1.624   wish to install. e.g.
#8 1.624 
#8 1.624    * https://deb.nodesource.com/setup_16.x — Node.js 16 "Gallium"
#8 1.624    * https://deb.nodesource.com/setup_18.x — Node.js 18 LTS "Hydrogen" (recommended)
#8 1.624    * https://deb.nodesource.com/setup_19.x — Node.js 19 "Nineteen"
#8 1.624    * https://deb.nodesource.com/setup_20.x — Node.js 20 "Iron" (current)
#8 1.624 
#8 1.624   Please see https://github.com/nodejs/Release for details about which
#8 1.624   version may be appropriate for you.
#8 1.624 
#8 1.624   The NodeSource Node.js distributions repository contains
#8 1.624   information both about supported versions of Node.js and supported Linux
#8 1.624   distributions. To learn more about usage, see the repository:
#8 1.624     https://github.com/nodesource/distributions
#8 1.624 
#8 1.624 ================================================================================
#8 1.624 ================================================================================
#8 1.624 
#8 1.624 Continuing in 20 seconds ...
#8 1.624 
#8 21.64 
#8 21.64 ================================================================================
#8 21.64 ▓▓▓▓▓▓▓▓▓▓▓▓▓▓▓▓▓▓▓▓▓▓▓▓▓▓▓▓▓▓▓▓▓▓▓▓▓▓▓▓▓▓▓▓▓▓▓▓▓▓▓▓▓▓▓▓▓▓▓▓▓▓▓▓▓▓▓▓▓▓▓▓▓▓▓▓▓▓▓▓
#8 21.64 ================================================================================
#8 21.64 
#8 21.64                            SCRIPT DEPRECATION WARNING                    
#8 21.64 
#8 21.64   
#8 21.64   This script, located at https://deb.nodesource.com/setup_X, used to
#8 21.64   install Node.js is deprecated now and will eventually be made inactive.
#8 21.64 
#8 21.64   Please visit the NodeSource distributions Github and follow the
#8 21.64   instructions to migrate your repo.
#8 21.64   https://github.com/nodesource/distributions
#8 21.64 
#8 21.64   The NodeSource Node.js Linux distributions GitHub repository contains
#8 21.64   information about which versions of Node.js and which Linux distributions
#8 21.64   are supported and how to install it.
#8 21.64   https://github.com/nodesource/distributions
#8 21.64 
#8 21.64 
#8 21.64                           SCRIPT DEPRECATION WARNING
#8 21.64 
#8 21.64 ================================================================================
#8 21.64 ▓▓▓▓▓▓▓▓▓▓▓▓▓▓▓▓▓▓▓▓▓▓▓▓▓▓▓▓▓▓▓▓▓▓▓▓▓▓▓▓▓▓▓▓▓▓▓▓▓▓▓▓▓▓▓▓▓▓▓▓▓▓▓▓▓▓▓▓▓▓▓▓▓▓▓▓▓▓▓▓
#8 21.64 ================================================================================
#8 21.64 
#8 21.64 TO AVOID THIS WAIT MIGRATE THE SCRIPT
#8 21.64 Continuing in 60 seconds (press Ctrl-C to abort) ...
#8 21.64 
#8 81.65 
#8 81.65 ## Installing the NodeSource Node.js 4.x LTS Argon repo...
#8 81.65 
#8 81.66 
#8 81.66 ## Populating apt-get cache...
#8 81.66 
#8 81.66 + apt-get update
#8 81.90 Ign:1 http://security.debian.org/debian-security stretch/updates InRelease
#8 81.90 Ign:2 http://security.debian.org/debian-security stretch/updates Release
#8 81.91 Ign:3 http://security.debian.org/debian-security stretch/updates/main all Packages
#8 81.91 Ign:4 http://security.debian.org/debian-security stretch/updates/main amd64 Packages
#8 81.92 Ign:3 http://security.debian.org/debian-security stretch/updates/main all Packages
#8 81.92 Ign:4 http://security.debian.org/debian-security stretch/updates/main amd64 Packages
#8 81.92 Ign:3 http://security.debian.org/debian-security stretch/updates/main all Packages
#8 81.93 Ign:4 http://security.debian.org/debian-security stretch/updates/main amd64 Packages
#8 81.93 Ign:3 http://security.debian.org/debian-security stretch/updates/main all Packages
#8 81.93 Ign:4 http://security.debian.org/debian-security stretch/updates/main amd64 Packages
#8 81.93 Ign:3 http://security.debian.org/debian-security stretch/updates/main all Packages
#8 81.94 Ign:4 http://security.debian.org/debian-security stretch/updates/main amd64 Packages
#8 81.94 Ign:3 http://security.debian.org/debian-security stretch/updates/main all Packages
#8 81.94 Err:4 http://security.debian.org/debian-security stretch/updates/main amd64 Packages
#8 81.95   404  Not Found [IP: 151.101.130.132 80]
#8 81.98 Ign:5 http://deb.debian.org/debian stretch InRelease
#8 82.14 Ign:6 http://deb.debian.org/debian stretch-updates InRelease
#8 82.30 Ign:7 http://deb.debian.org/debian stretch Release
#8 82.46 Ign:8 http://deb.debian.org/debian stretch-updates Release
#8 82.48 Ign:9 http://deb.debian.org/debian stretch/main all Packages
#8 82.49 Ign:10 http://deb.debian.org/debian stretch/main amd64 Packages
#8 82.51 Ign:11 http://deb.debian.org/debian stretch-updates/main amd64 Packages
#8 82.52 Ign:12 http://deb.debian.org/debian stretch-updates/main all Packages
#8 82.54 Ign:9 http://deb.debian.org/debian stretch/main all Packages
#8 82.56 Ign:10 http://deb.debian.org/debian stretch/main amd64 Packages
#8 82.57 Ign:11 http://deb.debian.org/debian stretch-updates/main amd64 Packages
#8 82.58 Ign:12 http://deb.debian.org/debian stretch-updates/main all Packages
#8 82.59 Ign:9 http://deb.debian.org/debian stretch/main all Packages
#8 82.60 Ign:10 http://deb.debian.org/debian stretch/main amd64 Packages
#8 82.62 Ign:11 http://deb.debian.org/debian stretch-updates/main amd64 Packages
#8 82.63 Ign:12 http://deb.debian.org/debian stretch-updates/main all Packages
#8 82.65 Ign:9 http://deb.debian.org/debian stretch/main all Packages
#8 82.66 Ign:10 http://deb.debian.org/debian stretch/main amd64 Packages
#8 82.68 Ign:11 http://deb.debian.org/debian stretch-updates/main amd64 Packages
#8 82.70 Ign:12 http://deb.debian.org/debian stretch-updates/main all Packages
#8 82.71 Ign:9 http://deb.debian.org/debian stretch/main all Packages
#8 82.73 Ign:10 http://deb.debian.org/debian stretch/main amd64 Packages
#8 82.74 Ign:11 http://deb.debian.org/debian stretch-updates/main amd64 Packages
#8 82.75 Ign:12 http://deb.debian.org/debian stretch-updates/main all Packages
#8 82.77 Ign:9 http://deb.debian.org/debian stretch/main all Packages
#8 82.79 Err:10 http://deb.debian.org/debian stretch/main amd64 Packages
#8 82.79   404  Not Found
#8 82.81 Err:11 http://deb.debian.org/debian stretch-updates/main amd64 Packages
#8 82.81   404  Not Found
#8 82.82 Ign:12 http://deb.debian.org/debian stretch-updates/main all Packages
#8 82.85 Reading package lists...
#8 82.90 Error executing command, exiting
#8 82.90 W: The repository 'http://security.debian.org/debian-security stretch/updates Release' does not have a Release file.
#8 82.90 W: The repository 'http://deb.debian.org/debian stretch Release' does not have a Release file.
#8 82.90 W: The repository 'http://deb.debian.org/debian stretch-updates Release' does not have a Release file.
#8 82.90 E: Failed to fetch http://security.debian.org/debian-security/dists/stretch/updates/main/binary-amd64/Packages  404  Not Found [IP: 151.101.130.132 80]
#8 82.90 E: Failed to fetch http://deb.debian.org/debian/dists/stretch/main/binary-amd64/Packages  404  Not Found
#8 82.90 E: Failed to fetch http://deb.debian.org/debian/dists/stretch-updates/main/binary-amd64/Packages  404  Not Found
#8 82.90 E: Some index files failed to download. They have been ignored, or old ones used instead.
#8 ERROR: process "/bin/sh -c curl -sL https://deb.nodesource.com/setup_4.x | bash -     && apt-get install -y nodejs build-essential git unzip zlib1g-dev     && docker-php-ext-install zip mbstring pdo pdo_mysql     && php -r \"readfile('https://getcomposer.org/installer');\" > composer-setup.php     && php composer-setup.php     && php -r \"unlink('composer-setup.php');\"     && mv composer.phar /usr/local/bin/composer" did not complete successfully: exit code: 1
------
 > [3/6] RUN curl -sL https://deb.nodesource.com/setup_4.x | bash -     && apt-get install -y nodejs build-essential git unzip zlib1g-dev     && docker-php-ext-install zip mbstring pdo pdo_mysql     && php -r "readfile('https://getcomposer.org/installer');" > composer-setup.php     && php composer-setup.php     && php -r "unlink('composer-setup.php');"     && mv composer.phar /usr/local/bin/composer:
82.82 Ign:12 http://deb.debian.org/debian stretch-updates/main all Packages
82.85 Reading package lists...
82.90 Error executing command, exiting
82.90 W: The repository 'http://security.debian.org/debian-security stretch/updates Release' does not have a Release file.
82.90 W: The repository 'http://deb.debian.org/debian stretch Release' does not have a Release file.
82.90 W: The repository 'http://deb.debian.org/debian stretch-updates Release' does not have a Release file.
82.90 E: Failed to fetch http://security.debian.org/debian-security/dists/stretch/updates/main/binary-amd64/Packages  404  Not Found [IP: 151.101.130.132 80]
82.90 E: Failed to fetch http://deb.debian.org/debian/dists/stretch/main/binary-amd64/Packages  404  Not Found
82.90 E: Failed to fetch http://deb.debian.org/debian/dists/stretch-updates/main/binary-amd64/Packages  404  Not Found
82.90 E: Some index files failed to download. They have been ignored, or old ones used instead.
------
Dockerfile:11
--------------------
  10 |     
  11 | >>> RUN curl -sL https://deb.nodesource.com/setup_4.x | bash - \
  12 | >>>     && apt-get install -y nodejs build-essential git unzip zlib1g-dev \
  13 | >>>     && docker-php-ext-install zip mbstring pdo pdo_mysql \
  14 | >>>     && php -r "readfile('https://getcomposer.org/installer');" > composer-setup.php \
  15 | >>>     && php composer-setup.php \
  16 | >>>     && php -r "unlink('composer-setup.php');" \
  17 | >>>     && mv composer.phar /usr/local/bin/composer
  18 |     
--------------------
ERROR: failed to solve: process "/bin/sh -c curl -sL https://deb.nodesource.com/setup_4.x | bash -     && apt-get install -y nodejs build-essential git unzip zlib1g-dev     && docker-php-ext-install zip mbstring pdo pdo_mysql     && php -r \"readfile('https://getcomposer.org/installer');\" > composer-setup.php     && php composer-setup.php     && php -r \"unlink('composer-setup.php');\"     && mv composer.phar /usr/local/bin/composer" did not complete successfully: exit code: 1
Duration: 2:9.36