#0 building with "default" instance using docker driver

#1 [internal] load .dockerignore
#1 transferring context:
#1 transferring context: 2B done
#1 DONE 0.4s

#2 [internal] load build definition from Dockerfile
#2 transferring dockerfile: 629B done
#2 DONE 0.4s

#3 [auth] library/node:pull token for registry-1.docker.io
#3 DONE 0.0s

#4 [internal] load metadata for docker.io/library/node:8-slim
#4 DONE 1.7s

#5 [1/3] FROM docker.io/library/node:8-slim@sha256:6f47d69e8deac79b425d3f5d49ee0f804dbfb07bfc0f8ee8688c1bff0fb50448
#5 resolve docker.io/library/node:8-slim@sha256:6f47d69e8deac79b425d3f5d49ee0f804dbfb07bfc0f8ee8688c1bff0fb50448
#5 resolve docker.io/library/node:8-slim@sha256:6f47d69e8deac79b425d3f5d49ee0f804dbfb07bfc0f8ee8688c1bff0fb50448 0.3s done
#5 sha256:6f47d69e8deac79b425d3f5d49ee0f804dbfb07bfc0f8ee8688c1bff0fb50448 1.42kB / 1.42kB done
#5 sha256:57250a2fbc27ae353a8b40e7832f4ee635afdf7f751f9468cc7a4bfffd5aff62 1.37kB / 1.37kB done
#5 sha256:d1d44f55de00914066f45ec4b5729b8ad731759b3faa31325ebdd8e1dacbdba6 6.05kB / 6.05kB done
#5 sha256:804555ee037604c40de144f9f8da0d826d38db82f15d74cded32790fe279a8f6 0B / 22.52MB 0.1s
#5 sha256:804555ee037604c40de144f9f8da0d826d38db82f15d74cded32790fe279a8f6 7.34MB / 22.52MB 0.3s
#5 sha256:2706bdf8025024895de9fff9e48694e4ec349bbdf066da327afbeb8ce6d9956f 4.14kB / 4.14kB 0.3s
#5 sha256:3093207c38c03ee297b9ae68f3c7e7a70fecdc74de1c790264931a9965d6f3b6 0B / 29.66MB 0.3s
#5 sha256:804555ee037604c40de144f9f8da0d826d38db82f15d74cded32790fe279a8f6 12.58MB / 22.52MB 0.4s
#5 sha256:2706bdf8025024895de9fff9e48694e4ec349bbdf066da327afbeb8ce6d9956f 4.14kB / 4.14kB 0.4s done
#5 sha256:3093207c38c03ee297b9ae68f3c7e7a70fecdc74de1c790264931a9965d6f3b6 4.19MB / 29.66MB 0.4s
#5 sha256:804555ee037604c40de144f9f8da0d826d38db82f15d74cded32790fe279a8f6 17.83MB / 22.52MB 0.5s
#5 sha256:3093207c38c03ee297b9ae68f3c7e7a70fecdc74de1c790264931a9965d6f3b6 9.44MB / 29.66MB 0.5s
#5 sha256:215a12a9bee2ad70b0b5aaed4dbf3833dbc0adc9f06e68f8585c51f2780f714d 0B / 1.40MB 0.5s
#5 sha256:804555ee037604c40de144f9f8da0d826d38db82f15d74cded32790fe279a8f6 22.52MB / 22.52MB 0.6s
#5 sha256:3093207c38c03ee297b9ae68f3c7e7a70fecdc74de1c790264931a9965d6f3b6 13.63MB / 29.66MB 0.6s
#5 sha256:215a12a9bee2ad70b0b5aaed4dbf3833dbc0adc9f06e68f8585c51f2780f714d 1.05MB / 1.40MB 0.6s
#5 sha256:3093207c38c03ee297b9ae68f3c7e7a70fecdc74de1c790264931a9965d6f3b6 19.92MB / 29.66MB 0.7s
#5 sha256:215a12a9bee2ad70b0b5aaed4dbf3833dbc0adc9f06e68f8585c51f2780f714d 1.40MB / 1.40MB 0.7s
#5 sha256:3093207c38c03ee297b9ae68f3c7e7a70fecdc74de1c790264931a9965d6f3b6 29.66MB / 29.66MB 0.9s
#5 sha256:804555ee037604c40de144f9f8da0d826d38db82f15d74cded32790fe279a8f6 22.52MB / 22.52MB 1.0s done
#5 sha256:215a12a9bee2ad70b0b5aaed4dbf3833dbc0adc9f06e68f8585c51f2780f714d 1.40MB / 1.40MB 1.0s done
#5 extracting sha256:804555ee037604c40de144f9f8da0d826d38db82f15d74cded32790fe279a8f6
#5 sha256:3093207c38c03ee297b9ae68f3c7e7a70fecdc74de1c790264931a9965d6f3b6 29.66MB / 29.66MB 1.6s done
#5 sha256:c93986df02bb9ec8c3f842bd9957c8c7a262616944115b7046665c0f04f4460e 0B / 294B 1.7s
#5 sha256:c93986df02bb9ec8c3f842bd9957c8c7a262616944115b7046665c0f04f4460e 294B / 294B 1.8s
#5 sha256:c93986df02bb9ec8c3f842bd9957c8c7a262616944115b7046665c0f04f4460e 294B / 294B 1.9s done
#5 extracting sha256:804555ee037604c40de144f9f8da0d826d38db82f15d74cded32790fe279a8f6 3.3s done
#5 extracting sha256:2706bdf8025024895de9fff9e48694e4ec349bbdf066da327afbeb8ce6d9956f
#5 extracting sha256:2706bdf8025024895de9fff9e48694e4ec349bbdf066da327afbeb8ce6d9956f 0.3s done
#5 extracting sha256:3093207c38c03ee297b9ae68f3c7e7a70fecdc74de1c790264931a9965d6f3b6
#5 extracting sha256:3093207c38c03ee297b9ae68f3c7e7a70fecdc74de1c790264931a9965d6f3b6 4.8s done
#5 extracting sha256:215a12a9bee2ad70b0b5aaed4dbf3833dbc0adc9f06e68f8585c51f2780f714d
#5 extracting sha256:215a12a9bee2ad70b0b5aaed4dbf3833dbc0adc9f06e68f8585c51f2780f714d 0.7s done
#5 extracting sha256:c93986df02bb9ec8c3f842bd9957c8c7a262616944115b7046665c0f04f4460e 0.0s done
#5 DONE 13.3s

#6 [2/3] RUN apt-get update   && apt-get install -y build-essential git make python   && mkdir -p /code/bcoin /data   && git clone https://github.com/bcoin-org/bcoin.git /code/bcoin   && cd /code/bcoin   && git checkout v1.0.0-beta.15   && npm install --production   && npm uninstall node-gyp   && apt-get remove -y build-essential make python git   && apt-get autoremove -y
#6 1.520 Ign:1 http://deb.debian.org/debian stretch InRelease
#6 1.520 Ign:2 http://security.debian.org/debian-security stretch/updates InRelease
#6 1.531 Ign:3 http://security.debian.org/debian-security stretch/updates Release
#6 1.542 Ign:4 http://deb.debian.org/debian stretch-updates InRelease
#6 1.542 Ign:5 http://security.debian.org/debian-security stretch/updates/main amd64 Packages
#6 1.564 Ign:6 http://deb.debian.org/debian stretch Release
#6 1.564 Ign:7 http://security.debian.org/debian-security stretch/updates/main all Packages
#6 1.578 Ign:5 http://security.debian.org/debian-security stretch/updates/main amd64 Packages
#6 1.585 Ign:8 http://deb.debian.org/debian stretch-updates Release
#6 1.588 Ign:7 http://security.debian.org/debian-security stretch/updates/main all Packages
#6 1.597 Ign:9 http://deb.debian.org/debian stretch/main all Packages
#6 1.600 Ign:5 http://security.debian.org/debian-security stretch/updates/main amd64 Packages
#6 1.613 Ign:10 http://deb.debian.org/debian stretch/main amd64 Packages
#6 1.613 Ign:7 http://security.debian.org/debian-security stretch/updates/main all Packages
#6 1.624 Ign:11 http://deb.debian.org/debian stretch-updates/main all Packages
#6 1.624 Ign:5 http://security.debian.org/debian-security stretch/updates/main amd64 Packages
#6 1.631 Ign:12 http://deb.debian.org/debian stretch-updates/main amd64 Packages
#6 1.642 Ign:7 http://security.debian.org/debian-security stretch/updates/main all Packages
#6 1.642 Ign:9 http://deb.debian.org/debian stretch/main all Packages
#6 1.653 Ign:5 http://security.debian.org/debian-security stretch/updates/main amd64 Packages
#6 1.653 Ign:10 http://deb.debian.org/debian stretch/main amd64 Packages
#6 1.669 Ign:11 http://deb.debian.org/debian stretch-updates/main all Packages
#6 1.675 Ign:7 http://security.debian.org/debian-security stretch/updates/main all Packages
#6 1.684 Ign:12 http://deb.debian.org/debian stretch-updates/main amd64 Packages
#6 1.687 Err:5 http://security.debian.org/debian-security stretch/updates/main amd64 Packages
#6 1.687   404  Not Found [IP: 151.101.2.132 80]
#6 1.697 Ign:7 http://security.debian.org/debian-security stretch/updates/main all Packages
#6 1.700 Ign:9 http://deb.debian.org/debian stretch/main all Packages
#6 1.714 Ign:10 http://deb.debian.org/debian stretch/main amd64 Packages
#6 1.729 Ign:11 http://deb.debian.org/debian stretch-updates/main all Packages
#6 1.739 Ign:12 http://deb.debian.org/debian stretch-updates/main amd64 Packages
#6 1.759 Ign:9 http://deb.debian.org/debian stretch/main all Packages
#6 1.770 Ign:10 http://deb.debian.org/debian stretch/main amd64 Packages
#6 1.796 Ign:11 http://deb.debian.org/debian stretch-updates/main all Packages
#6 1.806 Ign:12 http://deb.debian.org/debian stretch-updates/main amd64 Packages
#6 1.819 Ign:9 http://deb.debian.org/debian stretch/main all Packages
#6 1.832 Ign:10 http://deb.debian.org/debian stretch/main amd64 Packages
#6 1.845 Ign:11 http://deb.debian.org/debian stretch-updates/main all Packages
#6 1.857 Ign:12 http://deb.debian.org/debian stretch-updates/main amd64 Packages
#6 1.870 Ign:9 http://deb.debian.org/debian stretch/main all Packages
#6 1.890 Err:10 http://deb.debian.org/debian stretch/main amd64 Packages
#6 1.890   404  Not Found
#6 1.903 Ign:11 http://deb.debian.org/debian stretch-updates/main all Packages
#6 1.913 Err:12 http://deb.debian.org/debian stretch-updates/main amd64 Packages
#6 1.913   404  Not Found
#6 1.947 Reading package lists...
#6 2.010 W: The repository 'http://security.debian.org/debian-security stretch/updates Release' does not have a Release file.
#6 2.010 W: The repository 'http://deb.debian.org/debian stretch Release' does not have a Release file.
#6 2.010 W: The repository 'http://deb.debian.org/debian stretch-updates Release' does not have a Release file.
#6 2.010 E: Failed to fetch http://security.debian.org/debian-security/dists/stretch/updates/main/binary-amd64/Packages  404  Not Found [IP: 151.101.2.132 80]
#6 2.010 E: Failed to fetch http://deb.debian.org/debian/dists/stretch/main/binary-amd64/Packages  404  Not Found
#6 2.010 E: Failed to fetch http://deb.debian.org/debian/dists/stretch-updates/main/binary-amd64/Packages  404  Not Found
#6 2.010 E: Some index files failed to download. They have been ignored, or old ones used instead.
#6 ERROR: process "/bin/sh -c apt-get update   && apt-get install -y build-essential git make python   && mkdir -p $BCOIN_DIR /data   && git clone $BCOIN_REPO $BCOIN_DIR   && cd $BCOIN_DIR   && git checkout $BCOIN_VERSION   && npm install --production   && npm uninstall node-gyp   && apt-get remove -y build-essential make python git   && apt-get autoremove -y" did not complete successfully: exit code: 100
------
 > [2/3] RUN apt-get update   && apt-get install -y build-essential git make python   && mkdir -p /code/bcoin /data   && git clone https://github.com/bcoin-org/bcoin.git /code/bcoin   && cd /code/bcoin   && git checkout v1.0.0-beta.15   && npm install --production   && npm uninstall node-gyp   && apt-get remove -y build-essential make python git   && apt-get autoremove -y:
1.819 Ign:9 http://deb.debian.org/debian stretch/main all Packages
1.832 Ign:10 http://deb.debian.org/debian stretch/main amd64 Packages

2.010 W: The repository 'http://security.debian.org/debian-security stretch/updates Release' does not have a Release file.
2.010 W: The repository 'http://deb.debian.org/debian stretch Release' does not have a Release file.
2.010 W: The repository 'http://deb.debian.org/debian stretch-updates Release' does not have a Release file.
2.010 E: Failed to fetch http://security.debian.org/debian-security/dists/stretch/updates/main/binary-amd64/Packages  404  Not Found [IP: 151.101.2.132 80]
2.010 E: Failed to fetch http://deb.debian.org/debian/dists/stretch/main/binary-amd64/Packages  404  Not Found
2.010 E: Failed to fetch http://deb.debian.org/debian/dists/stretch-updates/main/binary-amd64/Packages  404  Not Found
2.010 E: Some index files failed to download. They have been ignored, or old ones used instead.
------
Dockerfile:8
--------------------
   7 |     
   8 | >>> RUN apt-get update \
   9 | >>>   && apt-get install -y build-essential git make python \
  10 | >>>   && mkdir -p $BCOIN_DIR /data \
  11 | >>>   && git clone $BCOIN_REPO $BCOIN_DIR \
  12 | >>>   && cd $BCOIN_DIR \
  13 | >>>   && git checkout $BCOIN_VERSION \
  14 | >>>   && npm install --production \
  15 | >>>   && npm uninstall node-gyp \
  16 | >>>   && apt-get remove -y build-essential make python git \
  17 | >>>   && apt-get autoremove -y
  18 |     
--------------------
ERROR: failed to solve: process "/bin/sh -c apt-get update   && apt-get install -y build-essential git make python   && mkdir -p $BCOIN_DIR /data   && git clone $BCOIN_REPO $BCOIN_DIR   && cd $BCOIN_DIR   && git checkout $BCOIN_VERSION   && npm install --production   && npm uninstall node-gyp   && apt-get remove -y build-essential make python git   && apt-get autoremove -y" did not complete successfully: exit code: 100
Duration: 0:24.66