#0 building with "default" instance using docker driver

#1 [internal] load build definition from v1_Dockerfile
#1 transferring dockerfile: 574B done
#1 DONE 0.0s

#2 [internal] load metadata for docker.io/library/node:10
#2 DONE 0.6s

#3 [internal] load .dockerignore
#3 transferring context: 256B done
#3 DONE 0.0s

#4 [1/3] FROM docker.io/library/node:10@sha256:59531d2835edd5161c8f9512f9e095b1836f7a1fcb0ab73e005ec46047384911
#4 resolve docker.io/library/node:10@sha256:59531d2835edd5161c8f9512f9e095b1836f7a1fcb0ab73e005ec46047384911 0.0s done
#4 sha256:b53ce1fd2746e8d2037f1b0b91ddea0cc7411eb3e5949fe10c0320aca8f7392b 0B / 4.34MB 0.1s
#4 sha256:59531d2835edd5161c8f9512f9e095b1836f7a1fcb0ab73e005ec46047384911 776B / 776B done
#4 sha256:686e0e859358f28bfe1641e1627549b9cd0ad74f222b953d74209213488c6858 2.21kB / 2.21kB done
#4 sha256:2e2bafe8a0f40509cc10249087268e66a662e437f10e9598a09abb5687038a57 0B / 11.29MB 0.1s
#4 sha256:28dca6642db82aaecbed18101d9966f001e8de6691e1a1718c2927c124d81262 7.83kB / 7.83kB done
#4 sha256:76b8ef87096fa726adbe8f073ef69bb5664bac19474c5cce4dd69e08a234903b 0B / 45.38MB 0.1s
#4 sha256:b53ce1fd2746e8d2037f1b0b91ddea0cc7411eb3e5949fe10c0320aca8f7392b 1.05MB / 4.34MB 0.4s
#4 sha256:2e2bafe8a0f40509cc10249087268e66a662e437f10e9598a09abb5687038a57 11.29MB / 11.29MB 0.4s
#4 sha256:b53ce1fd2746e8d2037f1b0b91ddea0cc7411eb3e5949fe10c0320aca8f7392b 4.34MB / 4.34MB 0.4s done
#4 sha256:2e2bafe8a0f40509cc10249087268e66a662e437f10e9598a09abb5687038a57 11.29MB / 11.29MB 0.4s done
#4 sha256:76b8ef87096fa726adbe8f073ef69bb5664bac19474c5cce4dd69e08a234903b 4.19MB / 45.38MB 0.6s
#4 sha256:7a803dc0b40fcd10faee3fb3ebb2d7aaa88500520e6295295f5163c4bb48548b 2.10MB / 214.35MB 0.6s
#4 sha256:84a8c1bd5887cc4a89e1f286fed9ee31ce12dba9f6813cf14082ada3e9ab6f63 2.10MB / 49.79MB 0.6s
#4 sha256:76b8ef87096fa726adbe8f073ef69bb5664bac19474c5cce4dd69e08a234903b 9.44MB / 45.38MB 0.8s
#4 sha256:84a8c1bd5887cc4a89e1f286fed9ee31ce12dba9f6813cf14082ada3e9ab6f63 10.49MB / 49.79MB 0.8s
#4 sha256:76b8ef87096fa726adbe8f073ef69bb5664bac19474c5cce4dd69e08a234903b 13.63MB / 45.38MB 0.9s
#4 sha256:7a803dc0b40fcd10faee3fb3ebb2d7aaa88500520e6295295f5163c4bb48548b 17.83MB / 214.35MB 0.9s
#4 sha256:76b8ef87096fa726adbe8f073ef69bb5664bac19474c5cce4dd69e08a234903b 16.78MB / 45.38MB 1.0s
#4 sha256:84a8c1bd5887cc4a89e1f286fed9ee31ce12dba9f6813cf14082ada3e9ab6f63 15.73MB / 49.79MB 1.0s
#4 sha256:76b8ef87096fa726adbe8f073ef69bb5664bac19474c5cce4dd69e08a234903b 19.92MB / 45.38MB 1.1s
#4 sha256:84a8c1bd5887cc4a89e1f286fed9ee31ce12dba9f6813cf14082ada3e9ab6f63 18.87MB / 49.79MB 1.1s
#4 sha256:76b8ef87096fa726adbe8f073ef69bb5664bac19474c5cce4dd69e08a234903b 27.26MB / 45.38MB 1.3s
#4 sha256:7a803dc0b40fcd10faee3fb3ebb2d7aaa88500520e6295295f5163c4bb48548b 36.70MB / 214.35MB 1.3s
#4 sha256:84a8c1bd5887cc4a89e1f286fed9ee31ce12dba9f6813cf14082ada3e9ab6f63 27.26MB / 49.79MB 1.3s
#4 sha256:76b8ef87096fa726adbe8f073ef69bb5664bac19474c5cce4dd69e08a234903b 30.49MB / 45.38MB 1.4s
#4 sha256:84a8c1bd5887cc4a89e1f286fed9ee31ce12dba9f6813cf14082ada3e9ab6f63 31.46MB / 49.79MB 1.4s
#4 sha256:76b8ef87096fa726adbe8f073ef69bb5664bac19474c5cce4dd69e08a234903b 36.70MB / 45.38MB 1.6s
#4 sha256:7a803dc0b40fcd10faee3fb3ebb2d7aaa88500520e6295295f5163c4bb48548b 50.33MB / 214.35MB 1.6s
#4 sha256:84a8c1bd5887cc4a89e1f286fed9ee31ce12dba9f6813cf14082ada3e9ab6f63 39.85MB / 49.79MB 1.6s
#4 sha256:76b8ef87096fa726adbe8f073ef69bb5664bac19474c5cce4dd69e08a234903b 40.89MB / 45.38MB 1.7s
#4 sha256:84a8c1bd5887cc4a89e1f286fed9ee31ce12dba9f6813cf14082ada3e9ab6f63 44.04MB / 49.79MB 1.7s
#4 sha256:76b8ef87096fa726adbe8f073ef69bb5664bac19474c5cce4dd69e08a234903b 45.38MB / 45.38MB 1.9s
#4 sha256:7a803dc0b40fcd10faee3fb3ebb2d7aaa88500520e6295295f5163c4bb48548b 68.16MB / 214.35MB 1.9s
#4 sha256:84a8c1bd5887cc4a89e1f286fed9ee31ce12dba9f6813cf14082ada3e9ab6f63 49.79MB / 49.79MB 1.9s
#4 sha256:76b8ef87096fa726adbe8f073ef69bb5664bac19474c5cce4dd69e08a234903b 45.38MB / 45.38MB 1.9s done
#4 sha256:7a803dc0b40fcd10faee3fb3ebb2d7aaa88500520e6295295f5163c4bb48548b 90.18MB / 214.35MB 2.1s
#4 sha256:84a8c1bd5887cc4a89e1f286fed9ee31ce12dba9f6813cf14082ada3e9ab6f63 49.79MB / 49.79MB 2.1s done
#4 extracting sha256:76b8ef87096fa726adbe8f073ef69bb5664bac19474c5cce4dd69e08a234903b
#4 sha256:b800e94e7303e276b8fb4911a40bfe28f46180d997022c69bf1ee02fb7b86721 0B / 4.19kB 2.1s
#4 sha256:0da9fbf60d485c74d153bfc7562f34533550e3dd8aa78f5e8c2476ed500e0e73 0B / 21.42MB 2.1s
#4 sha256:b800e94e7303e276b8fb4911a40bfe28f46180d997022c69bf1ee02fb7b86721 4.19kB / 4.19kB 2.2s done
#4 sha256:04dccde934cf0d6ab9d303fe73b36bc4ed84329d9d562049a69a5d38afb83f14 0B / 2.48MB 2.2s
#4 sha256:7a803dc0b40fcd10faee3fb3ebb2d7aaa88500520e6295295f5163c4bb48548b 104.86MB / 214.35MB 2.3s
#4 sha256:0da9fbf60d485c74d153bfc7562f34533550e3dd8aa78f5e8c2476ed500e0e73 4.19MB / 21.42MB 2.3s
#4 sha256:0da9fbf60d485c74d153bfc7562f34533550e3dd8aa78f5e8c2476ed500e0e73 9.44MB / 21.42MB 2.4s
#4 sha256:04dccde934cf0d6ab9d303fe73b36bc4ed84329d9d562049a69a5d38afb83f14 2.48MB / 2.48MB 2.4s
#4 sha256:7a803dc0b40fcd10faee3fb3ebb2d7aaa88500520e6295295f5163c4bb48548b 116.39MB / 214.35MB 2.5s
#4 sha256:0da9fbf60d485c74d153bfc7562f34533550e3dd8aa78f5e8c2476ed500e0e73 13.63MB / 21.42MB 2.5s
#4 sha256:04dccde934cf0d6ab9d303fe73b36bc4ed84329d9d562049a69a5d38afb83f14 2.48MB / 2.48MB 2.4s done
#4 sha256:73269890f6fdf96184d0fdb0afe3cf697b0c8dbe1e7a077f0fab445d74372c78 0B / 294B 2.5s
#4 sha256:0da9fbf60d485c74d153bfc7562f34533550e3dd8aa78f5e8c2476ed500e0e73 18.87MB / 21.42MB 2.6s
#4 sha256:73269890f6fdf96184d0fdb0afe3cf697b0c8dbe1e7a077f0fab445d74372c78 294B / 294B 2.5s done
#4 sha256:7a803dc0b40fcd10faee3fb3ebb2d7aaa88500520e6295295f5163c4bb48548b 140.51MB / 214.35MB 2.8s
#4 sha256:0da9fbf60d485c74d153bfc7562f34533550e3dd8aa78f5e8c2476ed500e0e73 21.42MB / 21.42MB 2.7s done
#4 sha256:7a803dc0b40fcd10faee3fb3ebb2d7aaa88500520e6295295f5163c4bb48548b 160.43MB / 214.35MB 3.0s
#4 sha256:7a803dc0b40fcd10faee3fb3ebb2d7aaa88500520e6295295f5163c4bb48548b 179.31MB / 214.35MB 3.2s
#4 sha256:7a803dc0b40fcd10faee3fb3ebb2d7aaa88500520e6295295f5163c4bb48548b 209.72MB / 214.35MB 3.5s
#4 sha256:7a803dc0b40fcd10faee3fb3ebb2d7aaa88500520e6295295f5163c4bb48548b 214.35MB / 214.35MB 4.2s done
#4 extracting sha256:76b8ef87096fa726adbe8f073ef69bb5664bac19474c5cce4dd69e08a234903b 3.1s done
#4 extracting sha256:2e2bafe8a0f40509cc10249087268e66a662e437f10e9598a09abb5687038a57 0.1s
#4 extracting sha256:2e2bafe8a0f40509cc10249087268e66a662e437f10e9598a09abb5687038a57 0.6s done
#4 extracting sha256:b53ce1fd2746e8d2037f1b0b91ddea0cc7411eb3e5949fe10c0320aca8f7392b 0.1s
#4 extracting sha256:b53ce1fd2746e8d2037f1b0b91ddea0cc7411eb3e5949fe10c0320aca8f7392b 0.1s done
#4 extracting sha256:84a8c1bd5887cc4a89e1f286fed9ee31ce12dba9f6813cf14082ada3e9ab6f63
#4 extracting sha256:84a8c1bd5887cc4a89e1f286fed9ee31ce12dba9f6813cf14082ada3e9ab6f63 3.2s done
#4 extracting sha256:7a803dc0b40fcd10faee3fb3ebb2d7aaa88500520e6295295f5163c4bb48548b
#4 extracting sha256:7a803dc0b40fcd10faee3fb3ebb2d7aaa88500520e6295295f5163c4bb48548b 5.0s
#4 extracting sha256:7a803dc0b40fcd10faee3fb3ebb2d7aaa88500520e6295295f5163c4bb48548b 10.1s
#4 extracting sha256:7a803dc0b40fcd10faee3fb3ebb2d7aaa88500520e6295295f5163c4bb48548b 11.0s done
#4 extracting sha256:b800e94e7303e276b8fb4911a40bfe28f46180d997022c69bf1ee02fb7b86721
#4 extracting sha256:b800e94e7303e276b8fb4911a40bfe28f46180d997022c69bf1ee02fb7b86721 done
#4 extracting sha256:0da9fbf60d485c74d153bfc7562f34533550e3dd8aa78f5e8c2476ed500e0e73 0.1s
#4 extracting sha256:0da9fbf60d485c74d153bfc7562f34533550e3dd8aa78f5e8c2476ed500e0e73 2.2s done
#4 extracting sha256:04dccde934cf0d6ab9d303fe73b36bc4ed84329d9d562049a69a5d38afb83f14
#4 extracting sha256:04dccde934cf0d6ab9d303fe73b36bc4ed84329d9d562049a69a5d38afb83f14 0.1s done
#4 extracting sha256:73269890f6fdf96184d0fdb0afe3cf697b0c8dbe1e7a077f0fab445d74372c78 done
#4 DONE 23.4s

#5 [2/3] RUN apt-get -y update &&   apt-get install -y --no-install-recommends     fakeroot     lintian     rpm     ruby     ruby-dev   &&   apt-get clean &&   rm -rf /var/lib/apt/lists/*
#5 0.226 Ign:1 http://deb.debian.org/debian stretch InRelease
#5 0.230 Ign:2 http://security.debian.org/debian-security stretch/updates InRelease
#5 0.237 Ign:3 http://deb.debian.org/debian stretch-updates InRelease
#5 0.241 Ign:4 http://security.debian.org/debian-security stretch/updates Release
#5 0.245 Ign:5 http://deb.debian.org/debian stretch Release
#5 0.256 Ign:6 http://deb.debian.org/debian stretch-updates Release
#5 0.256 Ign:7 http://security.debian.org/debian-security stretch/updates/main all Packages
#5 0.266 Ign:8 http://deb.debian.org/debian stretch/main amd64 Packages
#5 0.267 Ign:9 http://security.debian.org/debian-security stretch/updates/main amd64 Packages
#5 0.275 Ign:10 http://deb.debian.org/debian stretch/main all Packages
#5 0.280 Ign:7 http://security.debian.org/debian-security stretch/updates/main all Packages
#5 0.285 Ign:11 http://deb.debian.org/debian stretch-updates/main all Packages
#5 0.290 Ign:9 http://security.debian.org/debian-security stretch/updates/main amd64 Packages
#5 0.294 Ign:12 http://deb.debian.org/debian stretch-updates/main amd64 Packages
#5 0.302 Ign:7 http://security.debian.org/debian-security stretch/updates/main all Packages
#5 0.304 Ign:8 http://deb.debian.org/debian stretch/main amd64 Packages
#5 0.313 Ign:10 http://deb.debian.org/debian stretch/main all Packages
#5 0.313 Ign:9 http://security.debian.org/debian-security stretch/updates/main amd64 Packages
#5 0.323 Ign:11 http://deb.debian.org/debian stretch-updates/main all Packages
#5 0.325 Ign:7 http://security.debian.org/debian-security stretch/updates/main all Packages
#5 0.332 Ign:12 http://deb.debian.org/debian stretch-updates/main amd64 Packages
#5 0.337 Ign:9 http://security.debian.org/debian-security stretch/updates/main amd64 Packages
#5 0.343 Ign:8 http://deb.debian.org/debian stretch/main amd64 Packages
#5 0.348 Ign:7 http://security.debian.org/debian-security stretch/updates/main all Packages
#5 0.351 Ign:10 http://deb.debian.org/debian stretch/main all Packages
#5 0.360 Ign:9 http://security.debian.org/debian-security stretch/updates/main amd64 Packages
#5 0.364 Ign:11 http://deb.debian.org/debian stretch-updates/main all Packages
#5 0.373 Ign:7 http://security.debian.org/debian-security stretch/updates/main all Packages
#5 0.373 Ign:12 http://deb.debian.org/debian stretch-updates/main amd64 Packages
#5 0.382 Ign:8 http://deb.debian.org/debian stretch/main amd64 Packages
#5 0.385 Err:9 http://security.debian.org/debian-security stretch/updates/main amd64 Packages
#5 0.385   404  Not Found
#5 0.393 Ign:10 http://deb.debian.org/debian stretch/main all Packages
#5 0.402 Ign:11 http://deb.debian.org/debian stretch-updates/main all Packages
#5 0.411 Ign:12 http://deb.debian.org/debian stretch-updates/main amd64 Packages
#5 0.421 Ign:8 http://deb.debian.org/debian stretch/main amd64 Packages
#5 0.431 Ign:10 http://deb.debian.org/debian stretch/main all Packages
#5 0.441 Ign:11 http://deb.debian.org/debian stretch-updates/main all Packages
#5 0.450 Ign:12 http://deb.debian.org/debian stretch-updates/main amd64 Packages
#5 0.461 Err:8 http://deb.debian.org/debian stretch/main amd64 Packages
#5 0.461   404  Not Found
#5 0.481 Ign:10 http://deb.debian.org/debian stretch/main all Packages
#5 0.492 Ign:11 http://deb.debian.org/debian stretch-updates/main all Packages
#5 0.502 Err:12 http://deb.debian.org/debian stretch-updates/main amd64 Packages
#5 0.502   404  Not Found
#5 0.506 Reading package lists...
#5 0.516 W: The repository 'http://security.debian.org/debian-security stretch/updates Release' does not have a Release file.
#5 0.516 W: The repository 'http://deb.debian.org/debian stretch Release' does not have a Release file.
#5 0.516 W: The repository 'http://deb.debian.org/debian stretch-updates Release' does not have a Release file.
#5 0.516 E: Failed to fetch http://security.debian.org/debian-security/dists/stretch/updates/main/binary-amd64/Packages  404  Not Found
#5 0.516 E: Failed to fetch http://deb.debian.org/debian/dists/stretch/main/binary-amd64/Packages  404  Not Found
#5 0.516 E: Failed to fetch http://deb.debian.org/debian/dists/stretch-updates/main/binary-amd64/Packages  404  Not Found
#5 0.516 E: Some index files failed to download. They have been ignored, or old ones used instead.
#5 ERROR: process "/bin/sh -c apt-get -y update &&   apt-get install -y --no-install-recommends     fakeroot     lintian     rpm     ruby     ruby-dev   &&   apt-get clean &&   rm -rf /var/lib/apt/lists/*" did not complete successfully: exit code: 100
------
 > [2/3] RUN apt-get -y update &&   apt-get install -y --no-install-recommends     fakeroot     lintian     rpm     ruby     ruby-dev   &&   apt-get clean &&   rm -rf /var/lib/apt/lists/*:
0.502 Err:12 http://deb.debian.org/debian stretch-updates/main amd64 Packages
0.502   404  Not Found
0.506 Reading package lists...
0.516 W: The repository 'http://security.debian.org/debian-security stretch/updates Release' does not have a Release file.
0.516 W: The repository 'http://deb.debian.org/debian stretch Release' does not have a Release file.
0.516 W: The repository 'http://deb.debian.org/debian stretch-updates Release' does not have a Release file.
0.516 E: Failed to fetch http://security.debian.org/debian-security/dists/stretch/updates/main/binary-amd64/Packages  404  Not Found
0.516 E: Failed to fetch http://deb.debian.org/debian/dists/stretch/main/binary-amd64/Packages  404  Not Found
0.516 E: Failed to fetch http://deb.debian.org/debian/dists/stretch-updates/main/binary-amd64/Packages  404  Not Found
0.516 E: Some index files failed to download. They have been ignored, or old ones used instead.
------
v1_Dockerfile:8
--------------------
   7 |     # Debian packages
   8 | >>> RUN apt-get -y update && \
   9 | >>>   apt-get install -y --no-install-recommends \
  10 | >>>     fakeroot \
  11 | >>>     lintian \
  12 | >>>     rpm \
  13 | >>>     ruby \
  14 | >>>     ruby-dev \
  15 | >>>   && \
  16 | >>>   apt-get clean && \
  17 | >>>   rm -rf /var/lib/apt/lists/*
  18 |     
--------------------
ERROR: failed to solve: process "/bin/sh -c apt-get -y update &&   apt-get install -y --no-install-recommends     fakeroot     lintian     rpm     ruby     ruby-dev   &&   apt-get clean &&   rm -rf /var/lib/apt/lists/*" did not complete successfully: exit code: 100
Duration: 0:31.97