#0 building with "default" instance using docker driver

#1 [internal] load .dockerignore
#1 transferring context:
#1 ...

#2 [internal] load build definition from Dockerfile
#2 transferring dockerfile: 758B done
#2 DONE 0.5s

#1 [internal] load .dockerignore
#1 transferring context: 52B done
#1 DONE 0.6s

#3 [internal] load metadata for docker.io/library/gcc:latest
#3 ...

#4 [auth] library/gcc:pull token for registry-1.docker.io
#4 DONE 0.0s

#3 [internal] load metadata for docker.io/library/gcc:latest
#3 DONE 1.4s

#5 [internal] load build context
#5 DONE 0.0s

#6 [1/9] FROM docker.io/library/gcc@sha256:0c2e8daecc3dcbfdd46d037784fe7f05e5bf99ec7f512c8eb9ec1972844363c2
#6 resolve docker.io/library/gcc@sha256:0c2e8daecc3dcbfdd46d037784fe7f05e5bf99ec7f512c8eb9ec1972844363c2
#6 resolve docker.io/library/gcc@sha256:0c2e8daecc3dcbfdd46d037784fe7f05e5bf99ec7f512c8eb9ec1972844363c2 0.2s done
#6 sha256:0c2e8daecc3dcbfdd46d037784fe7f05e5bf99ec7f512c8eb9ec1972844363c2 7.64kB / 7.64kB done
#6 sha256:131ecb95c468006c9499d5b05af3e96b9449db36524e9d1f509330907ddd9bb9 2.49kB / 2.49kB done
#6 sha256:339722f412f60e6c1f0397272dbf359041ca6facae6f8982852e5c9ceb18ec72 7.30kB / 7.30kB done
#6 sha256:ca4e5d6727252f0dbc207fbf283cb95e278bf562bda42d35ce6c919583a110a0 0B / 49.55MB 0.3s
#6 sha256:10d643a5fa823cd013a108b2076f4d2edf1b2a921f863b533e83ea5ed8d09bd4 8.39MB / 64.14MB 0.3s
#6 ...

#5 [internal] load build context
#5 transferring context: 9.45MB 0.1s done
#5 DONE 0.6s

#6 [1/9] FROM docker.io/library/gcc@sha256:0c2e8daecc3dcbfdd46d037784fe7f05e5bf99ec7f512c8eb9ec1972844363c2
#6 sha256:10d643a5fa823cd013a108b2076f4d2edf1b2a921f863b533e83ea5ed8d09bd4 14.68MB / 64.14MB 0.4s
#6 sha256:30b93c12a9c9326732b35d9e3ebe57148abe33f8fa6e25ab76867410b0ccf876 0B / 24.05MB 0.4s
#6 sha256:ca4e5d6727252f0dbc207fbf283cb95e278bf562bda42d35ce6c919583a110a0 13.63MB / 49.55MB 0.6s
#6 sha256:10d643a5fa823cd013a108b2076f4d2edf1b2a921f863b533e83ea5ed8d09bd4 26.21MB / 64.14MB 0.6s
#6 sha256:ca4e5d6727252f0dbc207fbf283cb95e278bf562bda42d35ce6c919583a110a0 18.87MB / 49.55MB 0.8s
#6 sha256:10d643a5fa823cd013a108b2076f4d2edf1b2a921f863b533e83ea5ed8d09bd4 31.46MB / 64.14MB 0.8s
#6 sha256:30b93c12a9c9326732b35d9e3ebe57148abe33f8fa6e25ab76867410b0ccf876 12.58MB / 24.05MB 0.8s
#6 sha256:ca4e5d6727252f0dbc207fbf283cb95e278bf562bda42d35ce6c919583a110a0 24.12MB / 49.55MB 1.0s
#6 sha256:10d643a5fa823cd013a108b2076f4d2edf1b2a921f863b533e83ea5ed8d09bd4 37.75MB / 64.14MB 1.0s
#6 sha256:30b93c12a9c9326732b35d9e3ebe57148abe33f8fa6e25ab76867410b0ccf876 24.05MB / 24.05MB 1.0s
#6 sha256:ca4e5d6727252f0dbc207fbf283cb95e278bf562bda42d35ce6c919583a110a0 32.51MB / 49.55MB 1.2s
#6 sha256:10d643a5fa823cd013a108b2076f4d2edf1b2a921f863b533e83ea5ed8d09bd4 52.43MB / 64.14MB 1.2s
#6 sha256:ca4e5d6727252f0dbc207fbf283cb95e278bf562bda42d35ce6c919583a110a0 41.94MB / 49.55MB 1.4s
#6 sha256:10d643a5fa823cd013a108b2076f4d2edf1b2a921f863b533e83ea5ed8d09bd4 64.14MB / 64.14MB 1.4s
#6 sha256:30b93c12a9c9326732b35d9e3ebe57148abe33f8fa6e25ab76867410b0ccf876 24.05MB / 24.05MB 1.3s done
#6 sha256:ca4e5d6727252f0dbc207fbf283cb95e278bf562bda42d35ce6c919583a110a0 49.55MB / 49.55MB 1.6s
#6 sha256:d6dc1019d7935fe82827434da11bf96cf14e24979f8155e73b794286f10b7f05 0B / 211.24MB 1.6s
#6 sha256:d6dc1019d7935fe82827434da11bf96cf14e24979f8155e73b794286f10b7f05 17.83MB / 211.24MB 1.8s
#6 sha256:d6dc1019d7935fe82827434da11bf96cf14e24979f8155e73b794286f10b7f05 44.04MB / 211.24MB 2.1s
#6 sha256:d6dc1019d7935fe82827434da11bf96cf14e24979f8155e73b794286f10b7f05 60.82MB / 211.24MB 2.3s
#6 sha256:10d643a5fa823cd013a108b2076f4d2edf1b2a921f863b533e83ea5ed8d09bd4 64.14MB / 64.14MB 2.5s done
#6 sha256:d6dc1019d7935fe82827434da11bf96cf14e24979f8155e73b794286f10b7f05 90.18MB / 211.24MB 2.6s
#6 sha256:d6dc1019d7935fe82827434da11bf96cf14e24979f8155e73b794286f10b7f05 110.10MB / 211.24MB 2.8s
#6 sha256:d6dc1019d7935fe82827434da11bf96cf14e24979f8155e73b794286f10b7f05 125.83MB / 211.24MB 3.0s
#6 sha256:ca4e5d6727252f0dbc207fbf283cb95e278bf562bda42d35ce6c919583a110a0 49.55MB / 49.55MB 3.2s done
#6 sha256:d6dc1019d7935fe82827434da11bf96cf14e24979f8155e73b794286f10b7f05 140.51MB / 211.24MB 3.3s
#6 extracting sha256:ca4e5d6727252f0dbc207fbf283cb95e278bf562bda42d35ce6c919583a110a0 0.1s
#6 sha256:25c11196ad9a5ebd61cf4212a0f8e977ec1995b968e6cc1ab3aec7fbc1eedef0 0B / 2.81MB 3.4s
#6 sha256:d6dc1019d7935fe82827434da11bf96cf14e24979f8155e73b794286f10b7f05 163.58MB / 211.24MB 3.6s
#6 sha256:25c11196ad9a5ebd61cf4212a0f8e977ec1995b968e6cc1ab3aec7fbc1eedef0 2.81MB / 2.81MB 3.6s done
#6 sha256:d23d8ca7b6d7d05eb1ad6b7584c420233c94b33aa3060f83233989787aeb72c4 2.10MB / 157.57MB 3.6s
#6 sha256:48ab7501e5f8b792e005b208a121cd69ae58e3c89e68870d5b39d0e66cb7b74d 0B / 9.63kB 3.7s
#6 sha256:d23d8ca7b6d7d05eb1ad6b7584c420233c94b33aa3060f83233989787aeb72c4 15.73MB / 157.57MB 3.8s
#6 sha256:48ab7501e5f8b792e005b208a121cd69ae58e3c89e68870d5b39d0e66cb7b74d 9.63kB / 9.63kB 3.8s
#6 sha256:d6dc1019d7935fe82827434da11bf96cf14e24979f8155e73b794286f10b7f05 177.21MB / 211.24MB 3.9s
#6 sha256:48ab7501e5f8b792e005b208a121cd69ae58e3c89e68870d5b39d0e66cb7b74d 9.63kB / 9.63kB 3.8s done
#6 sha256:d23d8ca7b6d7d05eb1ad6b7584c420233c94b33aa3060f83233989787aeb72c4 27.26MB / 157.57MB 4.0s
#6 sha256:509e99dab89666a91bdeded4be7ccb89e17b4eb9245a64bf7435467bdc3951d4 0B / 1.79kB 4.0s
#6 sha256:509e99dab89666a91bdeded4be7ccb89e17b4eb9245a64bf7435467bdc3951d4 1.79kB / 1.79kB 4.0s done
#6 sha256:d6dc1019d7935fe82827434da11bf96cf14e24979f8155e73b794286f10b7f05 191.89MB / 211.24MB 4.2s
#6 sha256:d23d8ca7b6d7d05eb1ad6b7584c420233c94b33aa3060f83233989787aeb72c4 39.85MB / 157.57MB 4.2s
#6 sha256:d23d8ca7b6d7d05eb1ad6b7584c420233c94b33aa3060f83233989787aeb72c4 53.48MB / 157.57MB 4.4s
#6 sha256:d6dc1019d7935fe82827434da11bf96cf14e24979f8155e73b794286f10b7f05 206.57MB / 211.24MB 4.5s
#6 sha256:d23d8ca7b6d7d05eb1ad6b7584c420233c94b33aa3060f83233989787aeb72c4 67.11MB / 157.57MB 4.6s
#6 sha256:d23d8ca7b6d7d05eb1ad6b7584c420233c94b33aa3060f83233989787aeb72c4 76.55MB / 157.57MB 4.7s
#6 sha256:d23d8ca7b6d7d05eb1ad6b7584c420233c94b33aa3060f83233989787aeb72c4 93.32MB / 157.57MB 4.9s
#6 sha256:d23d8ca7b6d7d05eb1ad6b7584c420233c94b33aa3060f83233989787aeb72c4 102.76MB / 157.57MB 5.0s
#6 sha256:d23d8ca7b6d7d05eb1ad6b7584c420233c94b33aa3060f83233989787aeb72c4 113.25MB / 157.57MB 5.1s
#6 sha256:d23d8ca7b6d7d05eb1ad6b7584c420233c94b33aa3060f83233989787aeb72c4 124.78MB / 157.57MB 5.3s
#6 sha256:d23d8ca7b6d7d05eb1ad6b7584c420233c94b33aa3060f83233989787aeb72c4 139.46MB / 157.57MB 5.5s
#6 sha256:d23d8ca7b6d7d05eb1ad6b7584c420233c94b33aa3060f83233989787aeb72c4 153.09MB / 157.57MB 5.7s
#6 extracting sha256:ca4e5d6727252f0dbc207fbf283cb95e278bf562bda42d35ce6c919583a110a0 2.9s done
#6 sha256:d6dc1019d7935fe82827434da11bf96cf14e24979f8155e73b794286f10b7f05 211.24MB / 211.24MB 7.8s done
#6 sha256:d23d8ca7b6d7d05eb1ad6b7584c420233c94b33aa3060f83233989787aeb72c4 157.57MB / 157.57MB 10.3s done
#6 extracting sha256:30b93c12a9c9326732b35d9e3ebe57148abe33f8fa6e25ab76867410b0ccf876
#6 extracting sha256:30b93c12a9c9326732b35d9e3ebe57148abe33f8fa6e25ab76867410b0ccf876 1.0s done
#6 extracting sha256:10d643a5fa823cd013a108b2076f4d2edf1b2a921f863b533e83ea5ed8d09bd4
#6 extracting sha256:10d643a5fa823cd013a108b2076f4d2edf1b2a921f863b533e83ea5ed8d09bd4 3.9s done
#6 extracting sha256:d6dc1019d7935fe82827434da11bf96cf14e24979f8155e73b794286f10b7f05
#6 extracting sha256:d6dc1019d7935fe82827434da11bf96cf14e24979f8155e73b794286f10b7f05 5.1s
#6 extracting sha256:d6dc1019d7935fe82827434da11bf96cf14e24979f8155e73b794286f10b7f05 10.4s
#6 extracting sha256:d6dc1019d7935fe82827434da11bf96cf14e24979f8155e73b794286f10b7f05 12.5s done
#6 extracting sha256:25c11196ad9a5ebd61cf4212a0f8e977ec1995b968e6cc1ab3aec7fbc1eedef0
#6 extracting sha256:25c11196ad9a5ebd61cf4212a0f8e977ec1995b968e6cc1ab3aec7fbc1eedef0 0.2s done
#6 extracting sha256:d23d8ca7b6d7d05eb1ad6b7584c420233c94b33aa3060f83233989787aeb72c4
#6 extracting sha256:d23d8ca7b6d7d05eb1ad6b7584c420233c94b33aa3060f83233989787aeb72c4 5.1s
#6 extracting sha256:d23d8ca7b6d7d05eb1ad6b7584c420233c94b33aa3060f83233989787aeb72c4 9.1s done
#6 extracting sha256:48ab7501e5f8b792e005b208a121cd69ae58e3c89e68870d5b39d0e66cb7b74d
#6 extracting sha256:48ab7501e5f8b792e005b208a121cd69ae58e3c89e68870d5b39d0e66cb7b74d done
#6 extracting sha256:509e99dab89666a91bdeded4be7ccb89e17b4eb9245a64bf7435467bdc3951d4
#6 extracting sha256:509e99dab89666a91bdeded4be7ccb89e17b4eb9245a64bf7435467bdc3951d4 done
#6 DONE 43.1s

#7 [2/9] RUN curl -sSL https://rvm.io/mpapis.asc | gpg --import -
#7 0.521 gpg: directory '/root/.gnupg' created
#7 0.521 gpg: keybox '/root/.gnupg/pubring.kbx' created
#7 0.897 gpg: key 3804BB82D39DC0E3: 47 signatures not checked due to missing keys
#7 0.899 gpg: /root/.gnupg/trustdb.gpg: trustdb created
#7 0.900 gpg: key 3804BB82D39DC0E3: public key "Michal Papis (RVM signing) <mpapis@gmail.com>" imported
#7 0.905 gpg: Total number processed: 1
#7 0.905 gpg:               imported: 1
#7 0.905 gpg: no ultimately trusted keys found
#7 DONE 29.5s

#8 [3/9] RUN curl -sSL https://rvm.io/pkuczynski.asc | gpg --import -
#8 1.011 gpg: key 105BD0E739499BDB: public key "Piotr Kuczynski <piotr.kuczynski@gmail.com>" imported
#8 1.016 gpg: Total number processed: 1
#8 1.016 gpg:               imported: 1
#8 DONE 1.3s

#9 [4/9] RUN curl -L https://get.rvm.io | bash -s stable
#9 0.685   % Total    % Received % Xferd  Average Speed   Time    Time     Time  Current
#9 0.685                                  Dload  Upload   Total   Spent    Left  Speed
#9 0.685   0     0    0     0    0     0      0      0 --:--:-- --:--:-- --:--:--     0  0     0    0     0    0     0      0      0 --:--:-- --:--:-- --:--:--     0100   194  100   194    0     0    484      0 --:--:-- --:--:-- --:--:--   483
#9 1.131 100 24532  100 24532    0     0  54975      0 --:--:-- --:--:-- --:--:-- 54975
#9 1.469 Downloading https://github.com/rvm/rvm/archive/1.29.12.tar.gz
#9 2.301 Downloading https://github.com/rvm/rvm/releases/download/1.29.12/1.29.12.tar.gz.asc
#9 2.953 gpg: Signature made Fri Jan 15 18:46:22 2021 UTC
#9 2.953 gpg:                using RSA key 7D2BAF1CF37B13E2069D6956105BD0E739499BDB
#9 2.987 gpg: Good signature from "Piotr Kuczynski <piotr.kuczynski@gmail.com>" [unknown]
#9 2.987 gpg: WARNING: This key is not certified with a trusted signature!
#9 2.987 gpg:          There is no indication that the signature belongs to the owner.
#9 2.987 Primary key fingerprint: 7D2B AF1C F37B 13E2 069D  6956 105B D0E7 3949 9BDB
#9 2.988 GPG verified '/usr/local/rvm/archives/rvm-1.29.12.tgz'
#9 3.132 Creating group 'rvm'
#9 3.334 Installing RVM to /usr/local/rvm/
#9 5.499 Installation of RVM in /usr/local/rvm/ is almost complete:
#9 5.499 
#9 5.499   * First you need to add all users that will be using rvm to 'rvm' group,
#9 5.499     and logout - login again, anyone using rvm will be operating with `umask u=rwx,g=rwx,o=rx`.
#9 5.499 
#9 5.499   * To start using RVM you need to run `source /etc/profile.d/rvm.sh`
#9 5.499     in all your open shell windows, in rare cases you need to reopen all shell windows.
#9 5.560   * Please do NOT forget to add your users to the <code>rvm</code> group.
#9 5.560      The installer no longer auto-adds root or users to the rvm group. Admins must do this.
#9 5.560      Also, please note that group memberships are ONLY evaluated at login time.
#9 5.560      This means that users must log out then back in before group membership takes effect!
#9 5.571   * WARNING:  version This account is currently not available. detected - Zsh 4.3.12 / 5.0.0+ is recommended,
#9 5.571      with current one errors to be expected - bugs in shell code interpretation.
#9 5.578 <warn>Thanks for installing RVM 🙏</warn>
#9 5.578 Please consider donating to our open collective to help us maintain RVM.
#9 5.578 
#9 5.578 👉  Donate: <code>https://opencollective.com/rvm/donate</code>
#9 5.578 
#9 5.578 
#9 DONE 6.3s

#10 [5/9] RUN rvm install ruby-2.7.1
#10 1.547 Searching for binary rubies, this might take some time.
#10 4.455 No binary rubies available for: debian/12/x86_64/ruby-2.7.1.
#10 4.455 Continuing with compilation. Please read 'rvm help mount' to get more information on binary rubies.
#10 4.465 Checking requirements for debian.
#10 4.764 Installing requirements for debian.
#10 4.783 Updating system..
#10 7.075 Installing required packages: gawk, bison, sqlite3.....
#10 10.96 Requirements installation successful.
#10 11.05 Installing Ruby from source to: /usr/local/rvm/rubies/ruby-2.7.1, this may take a while depending on your cpu(s)...
#10 11.13 ruby-2.7.1 - #downloading ruby-2.7.1, this may take a while depending on your connection...
#10 11.23   % Total    % Received % Xferd  Average Speed   Time    Time     Time  Current
#10 11.23                                  Dload  Upload   Total   Spent    Left  Speed
#10 11.23   0     0    0     0    0     0      0      0 --:--:-- --:--:-- --:--:--     0  0     0    0     0    0     0      0      0 --:--:-- --:--:-- --:--:--     0100 14.0M  100 14.0M    0     0  23.7M      0 --:--:-- --:--:-- --:--:-- 23.7M
#10 11.95 ruby-2.7.1 - #extracting ruby-2.7.1 to /usr/local/rvm/src/ruby-2.7.1.....
#10 15.45 ruby-2.7.1 - #configuring.......................................................................
#10 65.54 ruby-2.7.1 - #post-configuration..
#10 65.55 ruby-2.7.1 - #compiling..........................................................................................................................................................................................................................................................................................................................................................................................................................................................................
#10 148.8 Error running '__rvm_make -j24',
#10 148.8 please read /usr/local/rvm/log/1722494712_ruby-2.7.1/make.log
#10 148.8 
#10 148.8 There has been an error while running make. Halting the installation.
#10 ERROR: process "/bin/sh -c rvm install ruby-2.7.1" did not complete successfully: exit code: 2
------
 > [5/9] RUN rvm install ruby-2.7.1:
10.96 Requirements installation successful.
11.05 Installing Ruby from source to: /usr/local/rvm/rubies/ruby-2.7.1, this may take a while depending on your cpu(s)...
11.13 ruby-2.7.1 - #downloading ruby-2.7.1, this may take a while depending on your connection...
.....
.......................................................................
..........................................................................................................................................................................................................................................................................................................................................................................................................................................................................
148.8 Error running '__rvm_make -j24',
148.8 please read /usr/local/rvm/log/1722494712_ruby-2.7.1/make.log
148.8 
148.8 There has been an error while running make. Halting the installation.
------
Dockerfile:7
--------------------
   5 |     RUN curl -L https://get.rvm.io | bash -s stable
   6 |     ENV PATH /usr/local/rvm/bin:/usr/local/sbin:/usr/local/bin:/usr/sbin:/usr/bin:/sbin:/bin
   7 | >>> RUN rvm install ruby-2.7.1
   8 |     COPY . /Lilly-Medchem-Rules
   9 |     WORKDIR /Lilly-Medchem-Rules
--------------------
ERROR: failed to solve: process "/bin/sh -c rvm install ruby-2.7.1" did not complete successfully: exit code: 2
Duration: 3:53.49