#0 building with "default" instance using docker driver

#1 [internal] load build definition from v1_Dockerfile
#1 transferring dockerfile:
#1 transferring dockerfile: 415B done
#1 DONE 0.3s

#2 [internal] load .dockerignore
#2 transferring context: 2B done
#2 DONE 0.4s

#3 [internal] load metadata for docker.io/library/debian:bullseye
#3 DONE 1.2s

#4 [1/2] FROM docker.io/library/debian:bullseye@sha256:7aef2e7d061743fdb57973dac3ddbceb0b0912746ca7e0ee7535016c38286561
#4 resolve docker.io/library/debian:bullseye@sha256:7aef2e7d061743fdb57973dac3ddbceb0b0912746ca7e0ee7535016c38286561
#4 resolve docker.io/library/debian:bullseye@sha256:7aef2e7d061743fdb57973dac3ddbceb0b0912746ca7e0ee7535016c38286561 0.2s done
#4 sha256:91a3af22c9b3512c42a130ebbe374c10082d45a3ce562164be41dcce0642cac8 1.46kB / 1.46kB done
#4 sha256:7aef2e7d061743fdb57973dac3ddbceb0b0912746ca7e0ee7535016c38286561 1.85kB / 1.85kB done
#4 sha256:907e428c7d1dd4e3a2458d22da8193e69878d3a23761d12ef9cd1a1238214798 529B / 529B done
#4 sha256:73226dab8db5240a2ddbdbe2fb1f0949a911563a62a3d5de3c8669ae708e88de 0B / 55.08MB 0.1s
#4 sha256:73226dab8db5240a2ddbdbe2fb1f0949a911563a62a3d5de3c8669ae708e88de 7.34MB / 55.08MB 0.3s
#4 sha256:73226dab8db5240a2ddbdbe2fb1f0949a911563a62a3d5de3c8669ae708e88de 13.63MB / 55.08MB 0.4s
#4 sha256:73226dab8db5240a2ddbdbe2fb1f0949a911563a62a3d5de3c8669ae708e88de 17.83MB / 55.08MB 0.7s
#4 sha256:73226dab8db5240a2ddbdbe2fb1f0949a911563a62a3d5de3c8669ae708e88de 26.21MB / 55.08MB 0.8s
#4 sha256:73226dab8db5240a2ddbdbe2fb1f0949a911563a62a3d5de3c8669ae708e88de 29.36MB / 55.08MB 0.9s
#4 sha256:73226dab8db5240a2ddbdbe2fb1f0949a911563a62a3d5de3c8669ae708e88de 39.85MB / 55.08MB 1.1s
#4 sha256:73226dab8db5240a2ddbdbe2fb1f0949a911563a62a3d5de3c8669ae708e88de 49.28MB / 55.08MB 1.4s
#4 sha256:73226dab8db5240a2ddbdbe2fb1f0949a911563a62a3d5de3c8669ae708e88de 55.08MB / 55.08MB 1.6s
#4 sha256:73226dab8db5240a2ddbdbe2fb1f0949a911563a62a3d5de3c8669ae708e88de 55.08MB / 55.08MB 2.4s done
#4 extracting sha256:73226dab8db5240a2ddbdbe2fb1f0949a911563a62a3d5de3c8669ae708e88de
#4 extracting sha256:73226dab8db5240a2ddbdbe2fb1f0949a911563a62a3d5de3c8669ae708e88de 3.0s done
#4 DONE 6.2s

#5 [2/2] RUN apt-get update &&   apt-get upgrade -y &&   apt-get clean -y &&   apt-get autoclean -y &&   apt-get autoremove -y &&   rm -rf /usr/share/locale/* &&   rm -rf /var/cache/debconf/*-old &&   rm -rf /var/lib/apt/lists/* &&   rm -rf /usr/share/doc/*
#5 0.467 Get:1 http://deb.debian.org/debian bullseye InRelease [116 kB]
#5 0.496 Get:2 http://deb.debian.org/debian-security bullseye-security InRelease [48.4 kB]
#5 0.508 Get:3 http://deb.debian.org/debian bullseye-updates InRelease [44.1 kB]
#5 0.618 Get:4 http://deb.debian.org/debian bullseye/main amd64 Packages [8067 kB]
#5 1.132 Get:5 http://deb.debian.org/debian-security bullseye-security/main amd64 Packages [280 kB]
#5 1.235 Get:6 http://deb.debian.org/debian bullseye-updates/main amd64 Packages [18.8 kB]
#5 1.985 Fetched 8574 kB in 2s (5569 kB/s)
#5 1.985 Reading package lists...
#5 2.621 Reading package lists...
#5 3.235 Building dependency tree...
#5 3.348 Reading state information...
#5 3.367 Calculating upgrade...
#5 3.520 0 upgraded, 0 newly installed, 0 to remove and 0 not upgraded.
#5 3.539 Reading package lists...
#5 4.152 Building dependency tree...
#5 4.286 Reading state information...
#5 4.312 Reading package lists...
#5 4.925 Building dependency tree...
#5 5.038 Reading state information...
#5 5.171 0 upgraded, 0 newly installed, 0 to remove and 0 not upgraded.
#5 DONE 9.0s

#6 exporting to image
#6 exporting layers
#6 exporting layers 0.3s done
#6 writing image sha256:dc28d86816c883ed95e8640a3a6ea54df33153c8b10e7802880c162bbb1d37c3 0.0s done
#6 naming to docker.io/library/image_name_v1_1 0.0s done
#6 DONE 0.3s
Duration: 0:17.72