#0 building with "default" instance using docker driver

#1 [internal] load .dockerignore
#1 transferring context: 175B 0.0s done
#1 DONE 0.4s

#2 [internal] load build definition from v1_Dockerfile
#2 transferring dockerfile: 174B done
#2 DONE 0.3s

#3 [internal] load metadata for docker.io/library/node:14
#3 DONE 1.1s

#4 [1/5] FROM docker.io/library/node:14@sha256:a158d3b9b4e3fa813fa6c8c590b8f0a860e015ad4e59bbce5744d2f6fd8461aa
#4 resolve docker.io/library/node:14@sha256:a158d3b9b4e3fa813fa6c8c590b8f0a860e015ad4e59bbce5744d2f6fd8461aa
#4 resolve docker.io/library/node:14@sha256:a158d3b9b4e3fa813fa6c8c590b8f0a860e015ad4e59bbce5744d2f6fd8461aa 0.3s done
#4 ...

#5 [internal] load build context
#5 transferring context: 557.77kB 0.1s done
#5 DONE 0.4s

#4 [1/5] FROM docker.io/library/node:14@sha256:a158d3b9b4e3fa813fa6c8c590b8f0a860e015ad4e59bbce5744d2f6fd8461aa
#4 sha256:a158d3b9b4e3fa813fa6c8c590b8f0a860e015ad4e59bbce5744d2f6fd8461aa 776B / 776B done
#4 sha256:2cafa3fbb0b6529ee4726b4f599ec27ee557ea3dea7019182323b3779959927f 2.21kB / 2.21kB done
#4 sha256:1d12470fa662a2a5cb50378dcdc8ea228c1735747db410bbefb8e2d9144b5452 7.51kB / 7.51kB done
#4 sha256:2ff1d7c41c74a25258bfa6f0b8adb0a727f84518f55f65ca845ebc747976c408 0B / 50.45MB 0.1s
#4 sha256:b253aeafeaa7e0671bb60008df01de101a38a045ff7bc656e3b0fbfc7c05cca5 0B / 7.86MB 0.2s
#4 sha256:3d2201bd995cccf12851a50820de03d34a17011dcbb9ac9fdf3a50c952cbb131 0B / 10.00MB 0.2s
#4 sha256:2ff1d7c41c74a25258bfa6f0b8adb0a727f84518f55f65ca845ebc747976c408 6.29MB / 50.45MB 0.3s
#4 sha256:2ff1d7c41c74a25258bfa6f0b8adb0a727f84518f55f65ca845ebc747976c408 18.87MB / 50.45MB 0.5s
#4 sha256:b253aeafeaa7e0671bb60008df01de101a38a045ff7bc656e3b0fbfc7c05cca5 7.86MB / 7.86MB 0.5s
#4 sha256:3d2201bd995cccf12851a50820de03d34a17011dcbb9ac9fdf3a50c952cbb131 2.10MB / 10.00MB 0.5s
#4 sha256:2ff1d7c41c74a25258bfa6f0b8adb0a727f84518f55f65ca845ebc747976c408 25.17MB / 50.45MB 0.6s
#4 sha256:3d2201bd995cccf12851a50820de03d34a17011dcbb9ac9fdf3a50c952cbb131 7.34MB / 10.00MB 0.6s
#4 sha256:2ff1d7c41c74a25258bfa6f0b8adb0a727f84518f55f65ca845ebc747976c408 36.70MB / 50.45MB 0.8s
#4 sha256:b253aeafeaa7e0671bb60008df01de101a38a045ff7bc656e3b0fbfc7c05cca5 7.86MB / 7.86MB 0.6s done
#4 sha256:3d2201bd995cccf12851a50820de03d34a17011dcbb9ac9fdf3a50c952cbb131 10.00MB / 10.00MB 0.8s
#4 sha256:1de76e268b103d05fa8960e0f77951ff54b912b63429c34f5d6adfd09f5f9ee2 0B / 51.88MB 0.8s
#4 sha256:2ff1d7c41c74a25258bfa6f0b8adb0a727f84518f55f65ca845ebc747976c408 41.94MB / 50.45MB 0.9s
#4 sha256:1de76e268b103d05fa8960e0f77951ff54b912b63429c34f5d6adfd09f5f9ee2 4.19MB / 51.88MB 0.9s
#4 sha256:2ff1d7c41c74a25258bfa6f0b8adb0a727f84518f55f65ca845ebc747976c408 48.23MB / 50.45MB 1.0s
#4 sha256:3d2201bd995cccf12851a50820de03d34a17011dcbb9ac9fdf3a50c952cbb131 10.00MB / 10.00MB 0.9s done
#4 sha256:1de76e268b103d05fa8960e0f77951ff54b912b63429c34f5d6adfd09f5f9ee2 9.44MB / 51.88MB 1.0s
#4 sha256:d9a8df5894511ce28a05e2925a75e8a4acbd0634c39ad734fdfba8e23d1b1569 0B / 191.85MB 1.0s
#4 sha256:1de76e268b103d05fa8960e0f77951ff54b912b63429c34f5d6adfd09f5f9ee2 22.02MB / 51.88MB 1.2s
#4 sha256:1de76e268b103d05fa8960e0f77951ff54b912b63429c34f5d6adfd09f5f9ee2 28.31MB / 51.88MB 1.3s
#4 sha256:d9a8df5894511ce28a05e2925a75e8a4acbd0634c39ad734fdfba8e23d1b1569 10.49MB / 191.85MB 1.3s
#4 sha256:1de76e268b103d05fa8960e0f77951ff54b912b63429c34f5d6adfd09f5f9ee2 34.60MB / 51.88MB 1.4s
#4 sha256:1de76e268b103d05fa8960e0f77951ff54b912b63429c34f5d6adfd09f5f9ee2 40.89MB / 51.88MB 1.5s
#4 sha256:d9a8df5894511ce28a05e2925a75e8a4acbd0634c39ad734fdfba8e23d1b1569 22.02MB / 191.85MB 1.5s
#4 sha256:1de76e268b103d05fa8960e0f77951ff54b912b63429c34f5d6adfd09f5f9ee2 51.38MB / 51.88MB 1.7s
#4 sha256:d9a8df5894511ce28a05e2925a75e8a4acbd0634c39ad734fdfba8e23d1b1569 33.55MB / 191.85MB 1.7s
#4 sha256:d9a8df5894511ce28a05e2925a75e8a4acbd0634c39ad734fdfba8e23d1b1569 49.28MB / 191.85MB 1.9s
#4 sha256:2ff1d7c41c74a25258bfa6f0b8adb0a727f84518f55f65ca845ebc747976c408 50.45MB / 50.45MB 2.0s done
#4 sha256:d9a8df5894511ce28a05e2925a75e8a4acbd0634c39ad734fdfba8e23d1b1569 60.82MB / 191.85MB 2.1s
#4 sha256:d9a8df5894511ce28a05e2925a75e8a4acbd0634c39ad734fdfba8e23d1b1569 72.35MB / 191.85MB 2.3s
#4 extracting sha256:2ff1d7c41c74a25258bfa6f0b8adb0a727f84518f55f65ca845ebc747976c408
#4 sha256:d9a8df5894511ce28a05e2925a75e8a4acbd0634c39ad734fdfba8e23d1b1569 89.13MB / 191.85MB 2.6s
#4 sha256:1de76e268b103d05fa8960e0f77951ff54b912b63429c34f5d6adfd09f5f9ee2 51.88MB / 51.88MB 2.8s done
#4 sha256:d9a8df5894511ce28a05e2925a75e8a4acbd0634c39ad734fdfba8e23d1b1569 101.60MB / 191.85MB 2.8s
#4 sha256:d9a8df5894511ce28a05e2925a75e8a4acbd0634c39ad734fdfba8e23d1b1569 113.25MB / 191.85MB 3.0s
#4 sha256:5f32ed3c3f278edda4fc571c880b5277355a29ae8f52b52cdf865f058378a590 2.10MB / 35.24MB 3.0s
#4 sha256:6f51ee005deac0d99898e41b8ce60ebf250ebe1a31a0b03f613aec6bbc9b83d8 0B / 4.19kB 3.0s
#4 sha256:5f32ed3c3f278edda4fc571c880b5277355a29ae8f52b52cdf865f058378a590 8.39MB / 35.24MB 3.1s
#4 sha256:6f51ee005deac0d99898e41b8ce60ebf250ebe1a31a0b03f613aec6bbc9b83d8 4.19kB / 4.19kB 3.1s done
#4 sha256:d9a8df5894511ce28a05e2925a75e8a4acbd0634c39ad734fdfba8e23d1b1569 123.73MB / 191.85MB 3.2s
#4 sha256:5f32ed3c3f278edda4fc571c880b5277355a29ae8f52b52cdf865f058378a590 13.63MB / 35.24MB 3.2s
#4 sha256:0c8cc2f24a4dcb64e602e086fc9446b0a541e8acd9ad72d2e90df3ba22f158b3 0B / 2.29MB 3.2s
#4 sha256:d9a8df5894511ce28a05e2925a75e8a4acbd0634c39ad734fdfba8e23d1b1569 134.22MB / 191.85MB 3.4s
#4 sha256:5f32ed3c3f278edda4fc571c880b5277355a29ae8f52b52cdf865f058378a590 25.17MB / 35.24MB 3.4s
#4 sha256:0c8cc2f24a4dcb64e602e086fc9446b0a541e8acd9ad72d2e90df3ba22f158b3 1.05MB / 2.29MB 3.3s
#4 sha256:d9a8df5894511ce28a05e2925a75e8a4acbd0634c39ad734fdfba8e23d1b1569 145.75MB / 191.85MB 3.6s
#4 sha256:5f32ed3c3f278edda4fc571c880b5277355a29ae8f52b52cdf865f058378a590 35.24MB / 35.24MB 3.6s
#4 sha256:0c8cc2f24a4dcb64e602e086fc9446b0a541e8acd9ad72d2e90df3ba22f158b3 2.29MB / 2.29MB 3.4s done
#4 sha256:0d27a8e861329007574c6766fba946d48e20d2c8e964e873de352603f22c4ceb 450B / 450B 3.6s
#4 sha256:0d27a8e861329007574c6766fba946d48e20d2c8e964e873de352603f22c4ceb 450B / 450B 3.6s done
#4 sha256:d9a8df5894511ce28a05e2925a75e8a4acbd0634c39ad734fdfba8e23d1b1569 163.58MB / 191.85MB 3.9s
#4 sha256:d9a8df5894511ce28a05e2925a75e8a4acbd0634c39ad734fdfba8e23d1b1569 180.36MB / 191.85MB 4.2s
#4 sha256:d9a8df5894511ce28a05e2925a75e8a4acbd0634c39ad734fdfba8e23d1b1569 190.84MB / 191.85MB 4.4s
#4 sha256:5f32ed3c3f278edda4fc571c880b5277355a29ae8f52b52cdf865f058378a590 35.24MB / 35.24MB 4.2s done
#4 extracting sha256:2ff1d7c41c74a25258bfa6f0b8adb0a727f84518f55f65ca845ebc747976c408 5.2s
#4 sha256:d9a8df5894511ce28a05e2925a75e8a4acbd0634c39ad734fdfba8e23d1b1569 191.85MB / 191.85MB 7.5s done
#4 extracting sha256:2ff1d7c41c74a25258bfa6f0b8adb0a727f84518f55f65ca845ebc747976c408 7.6s done
#4 extracting sha256:b253aeafeaa7e0671bb60008df01de101a38a045ff7bc656e3b0fbfc7c05cca5
#4 extracting sha256:b253aeafeaa7e0671bb60008df01de101a38a045ff7bc656e3b0fbfc7c05cca5 0.9s done
#4 extracting sha256:3d2201bd995cccf12851a50820de03d34a17011dcbb9ac9fdf3a50c952cbb131
#4 extracting sha256:3d2201bd995cccf12851a50820de03d34a17011dcbb9ac9fdf3a50c952cbb131 2.0s done
#4 extracting sha256:1de76e268b103d05fa8960e0f77951ff54b912b63429c34f5d6adfd09f5f9ee2
#4 extracting sha256:1de76e268b103d05fa8960e0f77951ff54b912b63429c34f5d6adfd09f5f9ee2 7.1s
#4 extracting sha256:1de76e268b103d05fa8960e0f77951ff54b912b63429c34f5d6adfd09f5f9ee2 10.7s done
#4 extracting sha256:d9a8df5894511ce28a05e2925a75e8a4acbd0634c39ad734fdfba8e23d1b1569
#4 extracting sha256:d9a8df5894511ce28a05e2925a75e8a4acbd0634c39ad734fdfba8e23d1b1569 5.0s
#4 extracting sha256:d9a8df5894511ce28a05e2925a75e8a4acbd0634c39ad734fdfba8e23d1b1569 10.0s
#4 extracting sha256:d9a8df5894511ce28a05e2925a75e8a4acbd0634c39ad734fdfba8e23d1b1569 15.2s
#4 extracting sha256:d9a8df5894511ce28a05e2925a75e8a4acbd0634c39ad734fdfba8e23d1b1569 20.4s
#4 extracting sha256:d9a8df5894511ce28a05e2925a75e8a4acbd0634c39ad734fdfba8e23d1b1569 25.5s
#4 extracting sha256:d9a8df5894511ce28a05e2925a75e8a4acbd0634c39ad734fdfba8e23d1b1569 30.7s done
#4 extracting sha256:6f51ee005deac0d99898e41b8ce60ebf250ebe1a31a0b03f613aec6bbc9b83d8
#4 extracting sha256:6f51ee005deac0d99898e41b8ce60ebf250ebe1a31a0b03f613aec6bbc9b83d8 0.2s done
#4 extracting sha256:5f32ed3c3f278edda4fc571c880b5277355a29ae8f52b52cdf865f058378a590
#4 extracting sha256:5f32ed3c3f278edda4fc571c880b5277355a29ae8f52b52cdf865f058378a590 5.0s
#4 extracting sha256:5f32ed3c3f278edda4fc571c880b5277355a29ae8f52b52cdf865f058378a590 5.9s done
#4 extracting sha256:0c8cc2f24a4dcb64e602e086fc9446b0a541e8acd9ad72d2e90df3ba22f158b3
#4 extracting sha256:0c8cc2f24a4dcb64e602e086fc9446b0a541e8acd9ad72d2e90df3ba22f158b3 0.5s done
#4 extracting sha256:0d27a8e861329007574c6766fba946d48e20d2c8e964e873de352603f22c4ceb
#4 extracting sha256:0d27a8e861329007574c6766fba946d48e20d2c8e964e873de352603f22c4ceb 0.0s done
#4 DONE 69.2s

#6 [2/5] WORKDIR /usr/src/app
#6 DONE 9.9s

#7 [3/5] COPY package*.json ./
#7 DONE 0.4s

#8 [4/5] RUN npm install
#8 66.66 
#8 66.66 > jsonpath@1.0.0 postinstall /usr/src/app/node_modules/jsonpath
#8 66.66 > node lib/aesprim.js > generated/aesprim-browser.js
#8 66.66 
#8 69.63 added 675 packages from 868 contributors and audited 678 packages in 64.898s
#8 70.87 found 165 vulnerabilities (7 low, 66 moderate, 71 high, 21 critical)
#8 70.87   run `npm audit fix` to fix them, or `npm audit` for details
#8 DONE 72.6s

#9 [5/5] COPY . .
#9 DONE 0.8s

#10 exporting to image
#10 exporting layers
#10 exporting layers 3.5s done
#10 writing image sha256:c8e898c8358030a681d3b8f06c1b8dc73ca00288be2bdcf9bdbdc21192cc3c2c 0.0s done
#10 naming to docker.io/library/image_name_v1_1 0.0s done
#10 DONE 3.5s
Duration: 2:39.40