#0 building with "default" instance using docker driver

#1 [internal] load build definition from v1_Dockerfile
#1 transferring dockerfile: 573B done
#1 DONE 0.0s

#2 [internal] load metadata for docker.io/library/golang:1.20-alpine
#2 DONE 0.5s

#3 [internal] load metadata for docker.io/library/alpine:3.17
#3 DONE 0.6s

#4 [internal] load .dockerignore
#4 transferring context: 107B done
#4 DONE 0.0s

#5 [stage-1 1/4] FROM docker.io/library/alpine:3.17@sha256:ef813b2faa3dd1a37f9ef6ca98347b72cd0f55e4ab29fb90946f1b853bf032d9
#5 resolve docker.io/library/alpine:3.17@sha256:ef813b2faa3dd1a37f9ef6ca98347b72cd0f55e4ab29fb90946f1b853bf032d9 0.0s done
#5 sha256:ef813b2faa3dd1a37f9ef6ca98347b72cd0f55e4ab29fb90946f1b853bf032d9 1.64kB / 1.64kB done
#5 sha256:cbbbf1a2c8591c11853400fe7db1ce5741016c9f5f034ab57ea0289f675bc249 528B / 528B done
#5 sha256:91dce2778e2dd8d10b7f0788e874976006127847e156f7f40d38694225f43321 1.47kB / 1.47kB done
#5 sha256:b99da37831f37d3f77de0ac7a864f9b69f1dbb4461e5ddfe5a3c2b7e2a3586c5 0B / 3.39MB 0.1s
#5 sha256:b99da37831f37d3f77de0ac7a864f9b69f1dbb4461e5ddfe5a3c2b7e2a3586c5 2.10MB / 3.39MB 0.2s
#5 sha256:b99da37831f37d3f77de0ac7a864f9b69f1dbb4461e5ddfe5a3c2b7e2a3586c5 3.39MB / 3.39MB 0.2s done
#5 extracting sha256:b99da37831f37d3f77de0ac7a864f9b69f1dbb4461e5ddfe5a3c2b7e2a3586c5
#5 extracting sha256:b99da37831f37d3f77de0ac7a864f9b69f1dbb4461e5ddfe5a3c2b7e2a3586c5 0.2s done
#5 DONE 0.6s

#6 [builder 1/5] FROM docker.io/library/golang:1.20-alpine@sha256:e47f121850f4e276b2b210c56df3fda9191278dd84a3a442bfe0b09934462a8f
#6 resolve docker.io/library/golang:1.20-alpine@sha256:e47f121850f4e276b2b210c56df3fda9191278dd84a3a442bfe0b09934462a8f 0.0s done
#6 sha256:e47f121850f4e276b2b210c56df3fda9191278dd84a3a442bfe0b09934462a8f 1.65kB / 1.65kB done
#6 sha256:008f5b5d4645836f4074cbd9f44c513ba7eb00bc3859f08bbfdba24fd4dae65d 1.36kB / 1.36kB done
#6 sha256:71719a2da3d19db6340a72b90f937507cbcfcbcaf1fb12835a214d6e8c16a650 1.98kB / 1.98kB done
#6 sha256:4abcf20661432fb2d719aaf90656f55c287f8ca915dc1c92ec14ff61e67fbaf8 3.41MB / 3.41MB 0.2s done
#6 sha256:e8e7baba97f57fa5df2e96f78c627013fec3c450d844769a62de7f40cc5bbed1 284.20kB / 284.20kB 0.2s done
#6 extracting sha256:4abcf20661432fb2d719aaf90656f55c287f8ca915dc1c92ec14ff61e67fbaf8 0.3s done
#6 sha256:027e8f7f47157b8e955bc20d9874e68eb427280f2b614af061d1f8011434f751 175B / 175B 0.4s done
#6 sha256:4f4fb700ef54461cfa02571ae0db9a0dc1e0cdb5577484a6d75e68dc38e8acc1 32B / 32B 0.4s done
#6 sha256:3bc7f8f202272c1476692180b407ca56cc50f79b8b1859dcd5d579586b5cebce 16.78MB / 101.16MB 0.6s
#6 extracting sha256:e8e7baba97f57fa5df2e96f78c627013fec3c450d844769a62de7f40cc5bbed1 0.1s done
#6 sha256:3bc7f8f202272c1476692180b407ca56cc50f79b8b1859dcd5d579586b5cebce 31.46MB / 101.16MB 0.8s
#6 sha256:3bc7f8f202272c1476692180b407ca56cc50f79b8b1859dcd5d579586b5cebce 41.94MB / 101.16MB 0.9s
#6 sha256:3bc7f8f202272c1476692180b407ca56cc50f79b8b1859dcd5d579586b5cebce 50.33MB / 101.16MB 1.0s
#6 sha256:3bc7f8f202272c1476692180b407ca56cc50f79b8b1859dcd5d579586b5cebce 58.72MB / 101.16MB 1.1s
#6 ...

#7 [internal] load build context
#7 transferring context: 83.74MB 1.1s done
#7 DONE 1.2s

#6 [builder 1/5] FROM docker.io/library/golang:1.20-alpine@sha256:e47f121850f4e276b2b210c56df3fda9191278dd84a3a442bfe0b09934462a8f
#6 sha256:3bc7f8f202272c1476692180b407ca56cc50f79b8b1859dcd5d579586b5cebce 68.16MB / 101.16MB 1.2s
#6 sha256:3bc7f8f202272c1476692180b407ca56cc50f79b8b1859dcd5d579586b5cebce 89.13MB / 101.16MB 1.4s
#6 sha256:3bc7f8f202272c1476692180b407ca56cc50f79b8b1859dcd5d579586b5cebce 101.16MB / 101.16MB 1.6s
#6 sha256:3bc7f8f202272c1476692180b407ca56cc50f79b8b1859dcd5d579586b5cebce 101.16MB / 101.16MB 1.8s done
#6 extracting sha256:3bc7f8f202272c1476692180b407ca56cc50f79b8b1859dcd5d579586b5cebce
#6 ...

#8 [stage-1 2/4] RUN apk add --no-cache ca-certificates=~20220614 &&     adduser -D -u 12345 -g 12345 k6
#8 0.267 fetch https://dl-cdn.alpinelinux.org/alpine/v3.17/main/x86_64/APKINDEX.tar.gz
#8 0.436 fetch https://dl-cdn.alpinelinux.org/alpine/v3.17/community/x86_64/APKINDEX.tar.gz
#8 0.690 ERROR: unable to select packages:
#8 0.693   ca-certificates-20240226-r0:
#8 0.693     breaks: world[ca-certificates~20220614]
#8 ERROR: process "/bin/sh -c apk add --no-cache ca-certificates=~20220614 &&     adduser -D -u 12345 -g 12345 k6" did not complete successfully: exit code: 1

#6 [builder 1/5] FROM docker.io/library/golang:1.20-alpine@sha256:e47f121850f4e276b2b210c56df3fda9191278dd84a3a442bfe0b09934462a8f
#6 CANCELED
------
 > [stage-1 2/4] RUN apk add --no-cache ca-certificates=~20220614 &&     adduser -D -u 12345 -g 12345 k6:
0.267 fetch https://dl-cdn.alpinelinux.org/alpine/v3.17/main/x86_64/APKINDEX.tar.gz
0.436 fetch https://dl-cdn.alpinelinux.org/alpine/v3.17/community/x86_64/APKINDEX.tar.gz
0.690 ERROR: unable to select packages:
0.693   ca-certificates-20240226-r0:
0.693     breaks: world[ca-certificates~20220614]
------
v1_Dockerfile:8
--------------------
   7 |     FROM alpine:3.17
   8 | >>> RUN apk add --no-cache ca-certificates=~20220614 && \
   9 | >>>     adduser -D -u 12345 -g 12345 k6
  10 |     COPY --from=builder /go/bin/k6 /usr/bin/k6
--------------------
ERROR: failed to solve: process "/bin/sh -c apk add --no-cache ca-certificates=~20220614 &&     adduser -D -u 12345 -g 12345 k6" did not complete successfully: exit code: 1
Duration: 0:3.09